
weighting by <swap_x> where x = 16
11 x 40 x 1 system
r   = 3  bondops changed per step 
n/N = 80  bond operators / site
its = 1000000  iterations/loop for 100000 loops

energy = -71976.99164
energy/site = -81.79203595
45.0158% accepted

energy = -1471.094314
energy/site = -1.671698084
43.7207% accepted

energy = -1424.266447
energy/site = -1.618484599
43.8876% accepted

energy = -22.97840331
energy/site = -0.02611182194
43.9212% accepted

energy = -1100.022757
energy/site = -1.250025861
43.9495% accepted

energy = -5.992765682
energy/site = -0.006809961002
43.7204% accepted

energy = -46.07724298
energy/site = -0.05236050338
43.8423% accepted

energy = -25.66775058
energy/site = -0.02916789839
43.887% accepted

energy = -1159.243332
energy/site = -1.317321968
43.7922% accepted

energy = -1831.558429
energy/site = -2.081316396
43.8528% accepted

energy = -20.00962562
energy/site = -0.02273821094
44.0494% accepted

energy = -1.68669704
energy/site = -0.001916701182
43.8308% accepted

energy = -472.3293798
energy/site = -0.5367379316
43.9203% accepted

energy = -14.6710962
energy/site = -0.01667170023
43.8338% accepted

energy = -10.11527612
energy/site = -0.01149463195
43.8524% accepted

energy = -0.1714433121
energy/site = -0.0001948219455
43.7928% accepted

energy = -0.09180207425
energy/site = -0.0001043205389
43.8029% accepted

energy = -8.267465009
energy/site = -0.009394846601
43.6964% accepted

energy = -0.5893284708
energy/site = -0.0006696914441
43.8666% accepted

energy = -41.11120165
energy/site = -0.04671727461
43.8225% accepted

energy = -0.9497460736
energy/site = -0.001079256902
43.7113% accepted

energy = -9.908553834
energy/site = -0.01125972027
43.7413% accepted

energy = -12.53034541
energy/site = -0.01423902888
43.8138% accepted

energy = -39.50873251
energy/site = -0.04489628695
43.981% accepted

energy = -0.7536488591
energy/site = -0.0008564191581
44.0382% accepted

energy = -409.4737928
energy/site = -0.4653111282
43.9923% accepted

energy = -2.153791019
energy/site = -0.002447489794
43.765% accepted

energy = -32.32032118
energy/site = -0.03672763771
43.8424% accepted

energy = -1.031653895
energy/site = -0.001172333971
43.9405% accepted

energy = -1.222606687
energy/site = -0.001389325781
44.0029% accepted

energy = -17.95108934
energy/site = -0.02039896516
43.8885% accepted

energy = -4.879752908
energy/site = -0.005545173759
43.9026% accepted

energy = -715.4530849
energy/site = -0.8130148692
43.9005% accepted

energy = -0.6083424324
energy/site = -0.0006912982186
43.8756% accepted

energy = -31.46924805
energy/site = -0.03576050914
43.8007% accepted

energy = -85.88175313
energy/site = -0.09759290129
44.0021% accepted

energy = -81.54834232
energy/site = -0.09266857082
43.9027% accepted

energy = -785.1820648
energy/site = -0.8922523464
43.9256% accepted

energy = -107.7573551
energy/site = -0.1224515398
43.8412% accepted

energy = -3.357467018
energy/site = -0.00381530343
43.7065% accepted

energy = -38.15232293
energy/site = -0.04335491242
43.9414% accepted

energy = -641.9215744
energy/site = -0.7294563345
43.7958% accepted

energy = -382.7583901
energy/site = -0.434952716
43.8861% accepted

energy = -0.2628949309
energy/site = -0.0002987442397
43.9144% accepted

energy = -13.68874676
energy/site = -0.01555539405
43.9137% accepted

energy = -928.4395982
energy/site = -1.055044998
43.7692% accepted

energy = -0.2530241436
energy/site = -0.0002875274359
43.7031% accepted

energy = -0.4490086007
energy/site = -0.0005102370463
43.892% accepted

energy = -255.2325193
energy/site = -0.2900369538
43.888% accepted

energy = -2709.244806
energy/site = -3.07868728
43.8376% accepted

energy = -1.358726931
energy/site = -0.001544007876
43.8493% accepted

energy = -2.110720774
energy/site = -0.002398546334
43.8204% accepted

energy = -95.7330747
energy/site = -0.1087875849
43.9346% accepted

energy = -11.00879974
energy/site = -0.0125099997
43.8192% accepted

energy = -19.78549697
energy/site = -0.02248351928
43.7781% accepted

energy = -4.020922992
energy/site = -0.004569230673
43.6851% accepted

energy = -10.78567786
energy/site = -0.01225645211
43.6983% accepted

energy = -6.368699461
energy/site = -0.007237158478
44.0011% accepted

energy = -72.11812353
energy/site = -0.08195241311
43.9357% accepted

energy = -43.2504279
energy/site = -0.04914821352
43.7888% accepted

energy = -568.2959777
energy/site = -0.6457908838
43.8246% accepted

energy = -3.733009235
energy/site = -0.004242055949
43.8504% accepted

energy = -1628.634858
energy/site = -1.85072143
43.9004% accepted

energy = -171.5283042
energy/site = -0.1949185275
43.9138% accepted

energy = -3.514078407
energy/site = -0.003993270917
43.9806% accepted

energy = -1052.460527
energy/site = -1.195977872
43.9385% accepted

energy = -5.779778297
energy/site = -0.006567929883
43.9512% accepted

energy = -0.814445115
energy/site = -0.0009255058125
43.8664% accepted

energy = -1.35540351
energy/site = -0.001540231262
43.9481% accepted

energy = -0.45133092
energy/site = -0.0005128760455
43.7665% accepted

energy = -3.799580257
energy/site = -0.004317704837
43.8528% accepted

energy = -0.529220583
energy/site = -0.0006013870261
43.9206% accepted

energy = -1.054114429
energy/site = -0.001197857306
43.8084% accepted

energy = -1.811257219
energy/site = -0.00205824684
44.0135% accepted

energy = -1783.686778
energy/site = -2.026916794
44.0153% accepted

energy = -155.0142063
energy/site = -0.1761525071
43.8661% accepted

energy = -99.38177081
energy/site = -0.1129338305
43.8283% accepted

energy = -2.886173278
energy/site = -0.003279742361
43.7611% accepted

energy = -84.63440846
energy/site = -0.09617546415
43.8672% accepted

energy = -239.5032088
energy/site = -0.2721627373
43.8315% accepted

energy = -29.66117558
energy/site = -0.03370588134
43.8388% accepted

energy = -1.738433762
energy/site = -0.001975492911
43.844% accepted

energy = -1.394944732
energy/site = -0.001585164468
43.9793% accepted

energy = -0.09385433589
energy/site = -0.0001066526544
44.0341% accepted

energy = -13.0899148
energy/site = -0.01487490318
43.7979% accepted

energy = -12.23201471
energy/site = -0.01390001671
44.0033% accepted

energy = -1.690731421
energy/site = -0.001921285706
43.994% accepted

energy = -56.20970706
energy/site = -0.06387466711
43.8805% accepted

energy = -453.5087709
energy/site = -0.515350876
43.9028% accepted

energy = -0.1186594775
energy/site = -0.0001348403153
43.8655% accepted

energy = -169.0476399
energy/site = -0.1920995908
43.8162% accepted

energy = -0.1665794845
energy/site = -0.0001892948688
43.685% accepted

energy = -13.60366115
energy/site = -0.01545870585
43.8553% accepted

energy = -35.53909163
energy/site = -0.04038533139
43.9422% accepted

energy = -2.43072144
energy/site = -0.002762183455
43.9359% accepted

energy = -28.64661283
energy/site = -0.03255296912
43.7981% accepted

energy = -517.0281291
energy/site = -0.5875319649
43.922% accepted

energy = -7.225051857
energy/site = -0.008210286201
43.9538% accepted

energy = -1.212107563
energy/site = -0.001377394958
43.9145% accepted

energy = -24.9062233
energy/site = -0.02830252648
43.7662% accepted

energy = -7.317215649
energy/site = -0.008315017783
43.8801% accepted

energy = -0.9735948597
energy/site = -0.001106357795
43.9178% accepted

energy = -7.222642662
energy/site = -0.00820754848
43.8908% accepted

energy = -5.008779059
energy/site = -0.005691794385
43.9279% accepted

energy = -0.09081806896
energy/site = -0.0001032023511
43.847% accepted

energy = -216.0402659
energy/site = -0.2455003022
43.7226% accepted

energy = -79.62489758
energy/site = -0.09048283816
43.6528% accepted

energy = -18.70340855
energy/site = -0.02125387335
43.8764% accepted

energy = -349.3004886
energy/site = -0.3969323735
43.8594% accepted

energy = -3.563136927
energy/site = -0.004049019235
43.7629% accepted

energy = -0.8612420833
energy/site = -0.0009786841856
44.0082% accepted

energy = -5.771106523
energy/site = -0.006558075594
43.8317% accepted

energy = -34.07343597
energy/site = -0.0387198136
44.0727% accepted

energy = -99.41357896
energy/site = -0.1129699761
43.7229% accepted

energy = -126.7125333
energy/site = -0.1439915151
43.804% accepted

energy = -2.077534052
energy/site = -0.00236083415
43.9069% accepted

energy = -9.105270713
energy/site = -0.01034689854
43.9489% accepted

energy = -4.095557706
energy/site = -0.004654042848
43.8515% accepted

energy = -53.69617582
energy/site = -0.06101838161
43.8358% accepted

energy = -37.45653686
energy/site = -0.04256424643
43.8934% accepted

energy = -9.246686754
energy/site = -0.01050759858
43.8435% accepted

energy = -139.8780382
energy/site = -0.1589523161
43.8341% accepted

energy = -1.412230295
energy/site = -0.001604807154
43.8523% accepted

energy = -3.745245805
energy/site = -0.004255961142
43.9315% accepted

energy = -1.18254234
energy/site = -0.001343798113
43.7251% accepted

energy = -17122.18523
energy/site = -19.45702867
43.8594% accepted

energy = -4.434527359
energy/site = -0.005039235635
43.8909% accepted

energy = -1.300401519
energy/site = -0.001477728999
43.751% accepted

energy = -7.280103161
energy/site = -0.008272844502
43.7541% accepted

energy = -5.31775877
energy/site = -0.006042907693
43.9118% accepted

energy = -13.66312437
energy/site = -0.01552627769
43.8957% accepted

energy = -9.291165231
energy/site = -0.01055814231
43.7351% accepted

energy = -2.715986251
energy/site = -0.003086348012
43.8509% accepted

energy = -1.946945636
energy/site = -0.002212438222
43.7745% accepted

energy = -0.4862975694
energy/site = -0.0005526108743
43.7369% accepted

energy = -3.982216445
energy/site = -0.00452524596
43.8937% accepted

energy = -4.486102548
energy/site = -0.005097843805
43.883% accepted

energy = -128.6551647
energy/site = -0.1461990508
43.749% accepted

energy = -4.533976914
energy/site = -0.005152246493
43.7567% accepted

energy = -20.17494782
energy/site = -0.02292607707
43.8363% accepted

energy = -6.665108147
energy/site = -0.007573986531
43.9756% accepted

energy = -0.8999422679
energy/site = -0.001022661668
43.7043% accepted

energy = -4.263747368
energy/site = -0.004845167464
43.8522% accepted

energy = -1.665921063
energy/site = -0.001893092117
43.9085% accepted

energy = -62.94985417
energy/site = -0.07153392519
43.7309% accepted

energy = -5.612628084
energy/site = -0.006377986459
43.8954% accepted

energy = -5.126251184
energy/site = -0.005825285436
43.7776% accepted

energy = -9.092846826
energy/site = -0.01033278048
43.8034% accepted

energy = -105.4464305
energy/site = -0.1198254892
43.7383% accepted

energy = -0.7371697149
energy/site = -0.0008376928578
43.7522% accepted

energy = -313.3739771
energy/site = -0.3561067921
43.7566% accepted

energy = -25.61577177
energy/site = -0.02910883155
43.8703% accepted

energy = -167.986646
energy/site = -0.1908939159
43.8893% accepted

energy = -1.536672832
energy/site = -0.001746219127
43.8759% accepted

energy = -4.54437207
energy/site = -0.00516405917
43.7201% accepted

energy = -11.16024971
energy/site = -0.01268210194
43.7793% accepted

energy = -0.1624074116
energy/site = -0.0001845538768
43.9743% accepted

energy = -2.018630248
energy/site = -0.002293898009
43.8651% accepted

energy = -17.79745453
energy/site = -0.02022438015
43.8019% accepted

energy = -5.826546111
energy/site = -0.006621075126
43.8526% accepted

energy = -54.51868082
energy/site = -0.06195304639
43.8695% accepted

energy = -0.3130123164
energy/site = -0.0003556958141
43.7483% accepted

energy = -41.80435956
energy/site = -0.04750495404
43.8855% accepted

energy = -7.045669075
energy/site = -0.00800644213
43.8874% accepted

energy = -12.44119058
energy/site = -0.01413771657
43.8375% accepted

energy = -106.1973812
energy/site = -0.1206788422
43.908% accepted

energy = -317.6706939
energy/site = -0.3609894248
43.7371% accepted

energy = -14.69627027
energy/site = -0.01670030712
43.8364% accepted

energy = -74.20216137
energy/site = -0.08432063792
43.8891% accepted

energy = -1738.698931
energy/site = -1.97579424
43.9881% accepted

energy = -0.6395816859
energy/site = -0.0007267973704
43.8605% accepted

energy = -44.92653254
energy/site = -0.05105287789
43.9772% accepted

energy = -0.1518931852
energy/site = -0.0001726058922
43.864% accepted

energy = -3.317105399
energy/site = -0.003769437953
43.6639% accepted

energy = -4921.302558
energy/site = -5.59238927
43.9022% accepted

energy = -1159.356215
energy/site = -1.317450245
43.9446% accepted

energy = -9.742234039
energy/site = -0.0110707205
44.095% accepted

energy = -2.316457107
energy/site = -0.002632337622
43.7723% accepted

energy = -21.6776863
energy/site = -0.02463373444
43.7666% accepted

energy = -4.851183759
energy/site = -0.005512708817
43.769% accepted

energy = -4.730941042
energy/site = -0.005376069366
43.7992% accepted

energy = -86.29739556
energy/site = -0.09806522223
43.805% accepted

energy = -1140.596161
energy/site = -1.296132001
43.8134% accepted

energy = -9697.238676
energy/site = -11.0195894
43.8245% accepted

energy = -201.8653255
energy/site = -0.2293924153
43.8934% accepted

energy = -22.13456012
energy/site = -0.02515290923
43.8803% accepted

energy = -0.2019167154
energy/site = -0.000229450813
43.7959% accepted

energy = -48.65869977
energy/site = -0.05529397701
43.8571% accepted

energy = -8.052678941
energy/site = -0.009150771524
43.8979% accepted

energy = -2.833303952
energy/site = -0.003219663582
43.7717% accepted

energy = -3.044646276
energy/site = -0.003459825313
43.8353% accepted

energy = -67.47893974
energy/site = -0.07668061334
43.9472% accepted

energy = -3.274816502
energy/site = -0.003721382389
43.8964% accepted

energy = -10861.0357
energy/site = -12.34208602
43.6761% accepted

energy = -467.0749289
energy/site = -0.5307669647
43.849% accepted

energy = -0.7452274894
energy/site = -0.0008468494198
43.9752% accepted

energy = -11.5029666
energy/site = -0.01307155295
43.858% accepted

energy = -5.519212161
energy/site = -0.006271832001
43.776% accepted

energy = -3.040760525
energy/site = -0.003455409687
43.904% accepted

energy = -5.08736874
energy/site = -0.00578110084
43.8546% accepted

energy = -5.475754725
energy/site = -0.006222448551
43.9046% accepted

energy = -241.6773164
energy/site = -0.2746333141
43.7999% accepted

energy = -3.769564713
energy/site = -0.004283596265
43.9165% accepted

energy = -4.821479465
energy/site = -0.005478953938
43.8941% accepted

energy = -6.019332371
energy/site = -0.006840150421
43.7865% accepted

energy = -1.520917738
energy/site = -0.001728315612
43.95% accepted

energy = -46.67715138
energy/site = -0.05304221748
43.6698% accepted

energy = -2.170946764
energy/site = -0.002466984959
43.8591% accepted

energy = -5.291569259
energy/site = -0.006013146885
43.9099% accepted

energy = -2984.721822
energy/site = -3.391729343
43.8502% accepted

energy = -0.3070896592
energy/site = -0.0003489655219
43.7686% accepted

energy = -209.2932339
energy/site = -0.2378332204
43.9802% accepted

energy = -65.57186959
energy/site = -0.07451348817
43.7333% accepted

energy = -237.8105367
energy/site = -0.2702392462
43.9394% accepted

energy = -6.402046716
energy/site = -0.007275053087
43.7821% accepted

energy = -2.814421146
energy/site = -0.003198205848
43.759% accepted

energy = -56.64316976
energy/site = -0.06436723837
43.8792% accepted

energy = -52.23726471
energy/site = -0.05936052809
43.9383% accepted

energy = -19.20017181
energy/site = -0.02181837706
43.8726% accepted

energy = -6.775049486
energy/site = -0.00769891987
43.9353% accepted

energy = -2.505188973
energy/site = -0.002846805651
43.9216% accepted

energy = -1.455184093
energy/site = -0.001653618287
43.9406% accepted

energy = -19.40580417
energy/site = -0.0220520502
44.0166% accepted

energy = -11.92415145
energy/site = -0.01355017211
43.9196% accepted

User defined signal 2

------------------------------------------------------------
Sender: LSF System <lsfadmin@wha672>
Subject: Job 3908584: <./torus16> Exited

Job <./torus16> was submitted from host <wha780> by user <akallin>.
Job was executed on host(s) <wha672>, in queue <serial>, as user <akallin>.
</home/akallin> was used as the home directory.
</work/akallin/TORUS/OBC/11leg/16> was used as the working directory.
Started at Sat Jun 26 17:02:15 2010
Results reported at Sat Jul  3 16:40:14 2010

Your job looked like:

------------------------------------------------------------
# LSBATCH: User input
./torus16
------------------------------------------------------------

TERM_RUNLIMIT: job killed after reaching LSF run time limit.
Exited with exit code 140.

Resource usage summary:

    CPU time   : 421109.00 sec.
    Max Memory :         6 MB
    Max Swap   :       122 MB

    Max Processes  :         4
    Max Threads    :         4

The output (if any) is above this job summary.


weighting by <swap_x> where x = 16
11 x 40 x 1 system
r   = 3  bondops changed per step 
n/N = 80  bond operators / site
its = 1000000  iterations/loop for 100000 loops

energy = -30.07484973
energy/site = -0.0341759656
43.8383% accepted

energy = -39.84161647
energy/site = -0.04527456417
43.8554% accepted

energy = -1.99705459
energy/site = -0.002269380216
43.9372% accepted

energy = -2.264491854
energy/site = -0.002573286198
43.771% accepted

energy = -70.55831424
energy/site = -0.08017990255
43.9687% accepted

energy = -249.5912967
energy/site = -0.2836264735
43.9612% accepted

energy = -16.08278375
energy/site = -0.01827589063
43.8577% accepted

energy = -0.8861580051
energy/site = -0.001006997733
43.938% accepted

energy = -1.309018379
energy/site = -0.001487520885
43.8816% accepted

energy = -31.04620798
energy/site = -0.03527978179
43.7859% accepted

energy = -37.78870859
energy/site = -0.04294171431
43.8517% accepted

energy = -8.933002681
energy/site = -0.01015113941
43.8098% accepted

energy = -96.34367874
energy/site = -0.1094814531
43.6658% accepted

energy = -5.646109471
energy/site = -0.00641603349
43.8512% accepted

energy = -0.1867301851
energy/site = -0.0002121933921
43.8638% accepted

energy = -2.909735121
energy/site = -0.003306517183
43.903% accepted

energy = -6.348678125
energy/site = -0.00721440696
43.7853% accepted

energy = -9.609941931
energy/site = -0.01092038856
43.7606% accepted

energy = -1.896073872
energy/site = -0.0021546294
43.8614% accepted

energy = -130.9053942
energy/site = -0.1487561297
43.7934% accepted

energy = -42.44483771
energy/site = -0.04823277013
43.8448% accepted

energy = -0.1971486239
energy/site = -0.0002240325272
43.6793% accepted

energy = -66.74438972
energy/site = -0.07584589741
43.7805% accepted

energy = -14.19387288
energy/site = -0.016129401
43.8076% accepted

energy = -1.723180359
energy/site = -0.001958159499
43.8761% accepted

energy = -0.6666587692
energy/site = -0.0007575667831
43.9226% accepted

energy = -1.101203651
energy/site = -0.001251367785
43.8893% accepted

energy = -4.651788137
energy/site = -0.005286122883
43.6858% accepted

energy = -32.11371705
energy/site = -0.03649286028
43.9315% accepted

energy = -1640.26386
energy/site = -1.863936204
43.7185% accepted

energy = -1066.145679
energy/site = -1.21152918
43.8764% accepted

energy = -0.7133781093
energy/site = -0.0008106569423
43.8841% accepted

energy = -22.43043134
energy/site = -0.02548912652
43.953% accepted

energy = -0.1122113512
energy/site = -0.0001275128991
43.8043% accepted

energy = -48.27824544
energy/site = -0.05486164255
43.9393% accepted

energy = -15.37688013
energy/site = -0.01747372742
43.8792% accepted

energy = -35.29702592
energy/site = -0.04011025673
43.8987% accepted

energy = -27.31618296
energy/site = -0.031041117
43.8641% accepted

energy = -2.140435633
energy/site = -0.002432313219
43.7656% accepted

energy = -0.2508319647
energy/site = -0.0002850363235
43.7986% accepted

energy = -0.4720041004
energy/site = -0.0005363682959
43.8595% accepted

energy = -63.05666819
energy/site = -0.07165530476
43.8707% accepted

energy = -22.18051432
energy/site = -0.02520512991
43.8808% accepted

energy = -30.06718431
energy/site = -0.0341672549
43.7839% accepted

energy = -27.35867922
energy/site = -0.03108940821
43.8407% accepted

energy = -1598.280469
energy/site = -1.816227806
43.8902% accepted

energy = -0.133352398
energy/site = -0.0001515368159
43.9393% accepted

energy = -2.279800205
energy/site = -0.002590682052
43.8791% accepted

energy = -7.854596942
energy/site = -0.008925678343
43.9084% accepted

energy = -1078.649188
energy/site = -1.225737714
43.9247% accepted

energy = -69.7966975
energy/site = -0.07931442898
43.8523% accepted

energy = -2.297240044
energy/site = -0.00261050005
43.9811% accepted

energy = -1.920163884
energy/site = -0.002182004414
43.8638% accepted

energy = -17.50294864
energy/site = -0.01988971436
43.8665% accepted

energy = -17.78932807
energy/site = -0.02021514553
43.8569% accepted

energy = -71.016078
energy/site = -0.08070008864
43.6947% accepted

energy = -6.703577539
energy/site = -0.007617701749
43.7921% accepted

energy = -118.8258432
energy/site = -0.1350293672
43.789% accepted

energy = -3.939625709
energy/site = -0.004476847397
43.7465% accepted

energy = -1.043581432
energy/site = -0.001185887991
43.9484% accepted

energy = -8.499956527
energy/site = -0.009659041508
43.6452% accepted

energy = -4.166222725
energy/site = -0.004734344006
43.9092% accepted

energy = -2.197591465
energy/site = -0.002497263028
44.0288% accepted

energy = -223.2455256
energy/site = -0.2536880973
43.7765% accepted

energy = -36.621753
energy/site = -0.04161562841
43.7578% accepted

energy = -6.168644549
energy/site = -0.007009823351
43.9663% accepted

energy = -3.473917486
energy/site = -0.003947633506
43.906% accepted

energy = -5.088242087
energy/site = -0.00578209328
44.0435% accepted

energy = -1.562047158
energy/site = -0.001775053589
43.999% accepted

energy = -0.6152139696
energy/site = -0.0006991067837
43.8365% accepted

energy = -0.1782049686
energy/site = -0.0002025056461
44.0615% accepted

energy = -30.34657716
energy/site = -0.03448474677
43.8948% accepted

energy = -6.544738852
energy/site = -0.007437203241
44.0011% accepted

energy = -1.456057844
energy/site = -0.001654611186
43.8969% accepted

energy = -0.9384675904
energy/site = -0.001066440444
43.8031% accepted

energy = -6.390864042
energy/site = -0.007262345503
43.8454% accepted

energy = -105.7609343
energy/site = -0.1201828799
43.905% accepted

energy = -0.1129887058
energy/site = -0.0001283962565
43.9941% accepted

energy = -21.15708199
energy/site = -0.02404213863
43.8209% accepted

energy = -106.6530957
energy/site = -0.1211966997
43.8366% accepted

energy = -0.8740830041
energy/site = -0.000993276141
43.8668% accepted

energy = -2.884890948
energy/site = -0.003278285168
43.9447% accepted

energy = -5378.089722
energy/site = -6.111465594
43.8917% accepted

energy = -72.95789807
energy/site = -0.08290670236
43.8186% accepted

energy = -1.441537889
energy/site = -0.001638111238
43.8918% accepted

energy = -3.690819373
energy/site = -0.004194112924
43.9155% accepted

energy = -59.07761053
energy/site = -0.06713364833
43.8834% accepted

energy = -78.62761362
energy/site = -0.08934956093
43.7948% accepted

energy = -9.36418603
energy/site = -0.01064112049
43.6815% accepted

energy = -1.198647938
energy/site = -0.00136209993
43.9365% accepted

energy = -3340.487658
energy/site = -3.796008702
43.8887% accepted

energy = -0.4163943974
energy/site = -0.0004731754516
43.9585% accepted

energy = -19.77343491
energy/site = -0.0224698124
43.7747% accepted

energy = -2831.338033
energy/site = -3.217429583
43.8872% accepted

energy = -2.524769707
energy/site = -0.002869056485
43.8661% accepted

energy = -6277.651028
energy/site = -7.13369435
43.8347% accepted

energy = -13.14184527
energy/site = -0.01493391508
43.8638% accepted

energy = -0.7081604749
energy/site = -0.0008047278124
43.7219% accepted

energy = -79.90065129
energy/site = -0.09079619464
43.8116% accepted

energy = -2.801735439
energy/site = -0.003183790271
43.9658% accepted

energy = -0.9944758702
energy/site = -0.001130086216
43.9926% accepted

energy = -3783.608319
energy/site = -4.299554908
43.8825% accepted

energy = -2.211099169
energy/site = -0.002512612692
43.9229% accepted

energy = -0.5318880521
energy/site = -0.000604418241
43.8051% accepted

energy = -0.7375033977
energy/site = -0.0008380720429
43.8% accepted

energy = -7.683402907
energy/site = -0.008731139667
43.8453% accepted

energy = -3.714797746
energy/site = -0.004221361075
43.867% accepted

energy = -0.1658302183
energy/site = -0.0001884434299
43.9195% accepted

energy = -1.353443914
energy/site = -0.001538004447
43.9625% accepted

energy = -124.0092322
energy/site = -0.140919582
43.8336% accepted

energy = -0.2238148393
energy/site = -0.0002543350447
43.8792% accepted

energy = -0.2837132053
energy/site = -0.0003224013697
43.8467% accepted

energy = -657.8435123
energy/site = -0.7475494458
44.0642% accepted

energy = -131.8226576
energy/site = -0.1497984745
43.7546% accepted

energy = -0.7870382776
energy/site = -0.0008943616791
43.8417% accepted

energy = -4.242935538
energy/site = -0.004821517657
43.8483% accepted

energy = -14.08211395
energy/site = -0.01600240221
43.9954% accepted

energy = -173.1701158
energy/site = -0.1967842225
43.6678% accepted

energy = -13.18102907
energy/site = -0.01497844212
43.8587% accepted

energy = -23.27637885
energy/site = -0.02645043052
43.9211% accepted

energy = -79.05209358
energy/site = -0.08983192452
43.9528% accepted

energy = -4.762815628
energy/site = -0.005412290486
43.7972% accepted

energy = -60.04509994
energy/site = -0.06823306811
43.8856% accepted

energy = -3.605764307
energy/site = -0.00409745944
43.8388% accepted

energy = -0.5517113393
energy/site = -0.0006269447038
44.0038% accepted

energy = -58.97775595
energy/site = -0.06702017721
43.9863% accepted

energy = -0.1985725664
energy/site = -0.0002256506436
43.7567% accepted

energy = -7.234821545
energy/site = -0.008221388119
43.8922% accepted

energy = -18.77596579
energy/site = -0.02133632476
43.7989% accepted

energy = -4.938008477
energy/site = -0.005611373269
43.8375% accepted

energy = -118.0843547
energy/site = -0.1341867667
43.7926% accepted

energy = -1.016566026
energy/site = -0.001155188666
43.8353% accepted

energy = -3114.828505
energy/site = -3.539577847
43.8465% accepted

energy = -0.05190221994
energy/site = -5.897979538e-05
43.784% accepted

energy = -331.9276418
energy/site = -0.377190502
43.8999% accepted

energy = -3.037049437
energy/site = -0.003451192542
43.8874% accepted

energy = -3070.712882
energy/site = -3.489446457
43.9221% accepted

energy = -5.696102182
energy/site = -0.006472843389
43.8623% accepted

energy = -13.90542152
energy/site = -0.01580161537
43.8494% accepted

energy = -84.29462768
energy/site = -0.09578934963
44.0019% accepted

energy = -6.760489823
energy/site = -0.007682374799
43.9066% accepted

energy = -6.710420238
energy/site = -0.007625477543
43.8466% accepted

energy = -3.946082533
energy/site = -0.004484184696
43.8055% accepted

energy = -646.9412635
energy/site = -0.7351605268
43.9758% accepted

energy = -14.99102783
energy/site = -0.0170352589
43.7269% accepted

energy = -0.6151194231
energy/site = -0.0006989993445
43.8275% accepted

energy = -2.573635403
energy/site = -0.002924585685
43.8209% accepted

energy = -11037.29007
energy/site = -12.54237508
43.7748% accepted

energy = -0.4499950419
energy/site = -0.0005113580022
43.7656% accepted

energy = -6.973205046
energy/site = -0.007924096643
43.9308% accepted

energy = -19.69547638
energy/site = -0.02238122315
43.9051% accepted

energy = -63.14333811
energy/site = -0.0717537933
43.9652% accepted

energy = -5.703564787
energy/site = -0.006481323621
43.8173% accepted

energy = -148.1766872
energy/site = -0.1683825991
43.7752% accepted

energy = -138.7917036
energy/site = -0.1577178449
43.7933% accepted

energy = -83.25127508
energy/site = -0.09460372168
43.83% accepted

energy = -1610.180223
energy/site = -1.829750253
43.7881% accepted

energy = -349.8193536
energy/site = -0.3975219927
43.9193% accepted

energy = -0.8744651731
energy/site = -0.000993710424
43.7765% accepted

energy = -0.5106761427
energy/site = -0.0005803137985
43.9036% accepted

energy = -27.55641258
energy/site = -0.0313141052
43.8848% accepted

energy = -3.613190889
energy/site = -0.004105898737
43.6776% accepted

energy = -35.79700744
energy/site = -0.04067841755
43.9972% accepted

energy = -0.7425149401
energy/site = -0.0008437669774
43.9556% accepted

energy = -3.318715868
energy/site = -0.003771268032
43.7883% accepted

energy = -23.21379609
energy/site = -0.02637931374
43.9504% accepted

energy = -17.00627854
energy/site = -0.01932531652
44.0143% accepted

energy = -19.6607587
energy/site = -0.02234177125
43.7654% accepted

energy = -0.5183707798
energy/site = -0.0005890577043
43.9057% accepted

energy = -1208.667829
energy/site = -1.373486169
43.9072% accepted

energy = -58.6452045
energy/site = -0.06664227784
43.8816% accepted

energy = -20.84522778
energy/site = -0.02368775885
43.7441% accepted

energy = -2.232130524
energy/site = -0.002536511959
43.7496% accepted

energy = -5.199257276
energy/site = -0.005908246905
43.8159% accepted

energy = -3.462286746
energy/site = -0.003934416757
43.7852% accepted

energy = -8.525700322
energy/site = -0.009688295821
43.873% accepted

energy = -175.0417721
energy/site = -0.1989111046
43.83% accepted

energy = -16.45640619
energy/site = -0.01870046158
43.8865% accepted

energy = -0.7723554119
energy/site = -0.0008776766045
43.8652% accepted

energy = -50.95995357
energy/site = -0.05790903815
43.8724% accepted

energy = -18.04018044
energy/site = -0.02050020505
43.9182% accepted

energy = -0.547373793
energy/site = -0.0006220156738
43.8456% accepted

energy = -18.2903606
energy/site = -0.02078450069
43.9712% accepted

energy = -20.7398928
energy/site = -0.02356806
43.7447% accepted

energy = -1.499592283
energy/site = -0.00170408214
43.9833% accepted

energy = -169.864195
energy/site = -0.1930274943
43.897% accepted

energy = -0.01207552967
energy/site = -1.37221928e-05
43.9738% accepted

energy = -371.0169381
energy/site = -0.4216101569
43.8085% accepted

energy = -4.66039131
energy/site = -0.005295899216
43.8483% accepted

energy = -5.169442936
energy/site = -0.005874366973
43.8008% accepted

energy = -18.49663769
energy/site = -0.02101890647
43.8907% accepted

energy = -0.1477776101
energy/site = -0.0001679291024
44.0151% accepted

energy = -227.4224856
energy/site = -0.2584346428
43.9715% accepted

energy = -22.47388945
energy/site = -0.02553851074
43.6882% accepted

energy = -0.08057698792
energy/site = -9.1564759e-05
43.8988% accepted

energy = -3.479714771
energy/site = -0.00395422133
43.8673% accepted

energy = -18.55084841
energy/site = -0.02108050956
43.955% accepted

energy = -1.118191136
energy/site = -0.001270671745
43.8844% accepted

energy = -1.964733381
energy/site = -0.00223265157
43.8948% accepted

energy = -3.714872352
energy/site = -0.004221445854
43.8442% accepted

energy = -5.887947647
energy/site = -0.006690849599
43.9267% accepted

energy = -1.36436807
energy/site = -0.001550418261
43.751% accepted

energy = -2.735137733
energy/site = -0.00310811106
43.8424% accepted

energy = -196.3664324
energy/site = -0.2231436732
43.8624% accepted

energy = -86.76125803
energy/site = -0.09859233867
43.7772% accepted

energy = -0.08514446044
energy/site = -9.675506868e-05
43.8% accepted

energy = -0.1388343543
energy/site = -0.0001577663117
43.8538% accepted

energy = -0.810482842
energy/site = -0.0009210032296
43.9091% accepted

energy = -107.8409277
energy/site = -0.1225465087
43.8071% accepted

energy = -13.53435955
energy/site = -0.01537995404
43.8954% accepted

energy = -3910.194885
energy/site = -4.443403278
43.8697% accepted

energy = -22.83283204
energy/site = -0.02594640005
43.8865% accepted

energy = -3.695244244
energy/site = -0.004199141187
43.8875% accepted

energy = -0.8809965936
energy/site = -0.001001132493
43.8148% accepted

energy = -2.864265957
energy/site = -0.003254847678
43.9633% accepted

energy = -8.31293061
energy/site = -0.009446512057
43.8804% accepted

energy = -710.1244376
energy/site = -0.8069595882
43.8217% accepted

energy = -16040.86595
energy/site = -18.22825677
43.789% accepted

energy = -14.21178898
energy/site = -0.01614976021
43.7699% accepted

energy = -62.87192589
energy/site = -0.07144537033
43.7051% accepted

energy = -1.654115613
energy/site = -0.001879676833
43.8821% accepted

energy = -72.64530453
energy/site = -0.08255148242
44.0041% accepted

energy = -13.05605459
energy/site = -0.01483642567
43.8345% accepted

energy = -22.87492102
energy/site = -0.02599422843
43.7845% accepted

energy = -29.74030418
energy/site = -0.03379580021
43.8656% accepted

energy = -32.83896253
energy/site = -0.03731700287
43.9526% accepted

energy = -9.940180709
energy/site = -0.0112956599
43.7624% accepted

energy = -0.1914770362
energy/site = -0.0002175875411
43.8458% accepted

energy = -3549.197935
energy/site = -4.033179471
43.7946% accepted

energy = -2.150438155
energy/site = -0.002443679721
43.8915% accepted

energy = -5.59790306
energy/site = -0.006361253477
43.9489% accepted

energy = -0.7421483475
energy/site = -0.0008433503949
43.8876% accepted

energy = -744.6898908
energy/site = -0.8462385122
43.7788% accepted

energy = -8.483492171
energy/site = -0.009640332013
43.8587% accepted

energy = -4.717702092
energy/site = -0.005361025104
43.9785% accepted

energy = -545.3453148
energy/site = -0.619710585
43.7793% accepted

energy = -9.97886463
energy/site = -0.0113396189
43.8597% accepted

energy = -163.1958582
energy/site = -0.1854498389
43.8763% accepted

energy = -1.010173665
energy/site = -0.001147924619
43.7946% accepted

energy = -1.19612417
energy/site = -0.001359232011
43.8502% accepted

energy = -2.417150101
energy/site = -0.002746761479
43.9216% accepted

energy = -15.27291144
energy/site = -0.01735558118
43.7806% accepted

energy = -0.8581954512
energy/site = -0.0009752221036
44.0463% accepted

energy = -77.58453017
energy/site = -0.08816423883
43.824% accepted

energy = -5.331963611
energy/site = -0.006059049558
43.8696% accepted

energy = -2.541624691
energy/site = -0.002888209877
43.9252% accepted

energy = -1.094437253
energy/site = -0.001243678697
43.7696% accepted

energy = -10.5583096
energy/site = -0.01199807909
43.6654% accepted

energy = -3.672103025
energy/site = -0.004172844346
43.8026% accepted

energy = -223.2338955
energy/site = -0.2536748813
43.7053% accepted

energy = -176.0371899
energy/site = -0.2000422613
43.9016% accepted

energy = -0.534728479
energy/site = -0.0006076459989
43.971% accepted

energy = -0.893545459
energy/site = -0.001015392567
43.7587% accepted

energy = -0.08748978122
energy/site = -9.942020593e-05
43.7574% accepted

energy = -23.81165325
energy/site = -0.02705869688
43.8462% accepted

energy = -0.4151687189
energy/site = -0.0004717826351
43.8939% accepted

energy = -0.4191266201
energy/site = -0.0004762802501
43.7963% accepted

energy = -42.14794753
energy/site = -0.04789539492
43.8857% accepted

energy = -1.640447529
energy/site = -0.001864144919
43.9166% accepted

energy = -16434.00912
energy/site = -18.67501037
43.9001% accepted

energy = -1.325252521
energy/site = -0.001505968774
43.8581% accepted

energy = -7.565537465
energy/site = -0.008597201665
44.0086% accepted

energy = -0.4996982331
energy/site = -0.0005678389012
43.9773% accepted

energy = -4.652949325
energy/site = -0.005287442415
43.8907% accepted

energy = -1.258578745
energy/site = -0.001430203119
43.777% accepted

energy = -6603.726296
energy/site = -7.504234427
43.91% accepted

energy = -0.384650492
energy/site = -0.0004371028318
43.8342% accepted

energy = -23.6888732
energy/site = -0.02691917409
43.948% accepted

energy = -64.76871397
energy/site = -0.07360081133
43.9702% accepted

energy = -4.425554382
energy/site = -0.00502903907
43.8358% accepted

energy = -23.20305839
energy/site = -0.0263671118
43.8964% accepted

energy = -17.84597882
energy/site = -0.02027952139
43.9477% accepted

energy = -2.667418266
energy/site = -0.00303115712
43.8652% accepted

energy = -7.823308546
energy/site = -0.008890123348
43.8247% accepted

energy = -0.2240308486
energy/site = -0.0002545805098
43.8459% accepted

energy = -4.101869455
energy/site = -0.00466121529
43.8273% accepted

energy = -0.3107149048
energy/site = -0.0003530851191
44.0064% accepted

energy = -0.5743456762
energy/site = -0.0006526655412
43.9775% accepted

energy = -0.4852577565
energy/site = -0.0005514292688
43.7996% accepted

energy = -46.00244734
energy/site = -0.05227550834
43.9714% accepted

energy = -1.879386988
energy/site = -0.002135667032
43.8806% accepted

energy = -2.5700997
energy/site = -0.002920567841
43.8333% accepted

energy = -1.156431275
energy/site = -0.001314126449
43.7971% accepted

energy = -6.898806339
energy/site = -0.007839552658
43.7758% accepted

energy = -27.35557132
energy/site = -0.0310858765
43.9873% accepted

energy = -18.83430552
energy/site = -0.0214026199
43.8813% accepted

energy = -2.267101117
energy/site = -0.002576251269
43.7824% accepted

energy = -144.2104181
energy/site = -0.1638754751
43.8786% accepted

energy = -5.91790056
energy/site = -0.006724887
43.7991% accepted

energy = -15.09035019
energy/site = -0.01714812521
43.9409% accepted

energy = -0.3721681163
energy/site = -0.000422918314
43.9525% accepted

energy = -187.210583
energy/site = -0.2127392989
43.8591% accepted

energy = -2.580873978
energy/site = -0.002932811339
43.972% accepted

energy = -719.9450222
energy/site = -0.8181193434
43.8644% accepted

energy = -0.04323554686
energy/site = -4.913130325e-05
43.8385% accepted

energy = -0.3045871176
energy/site = -0.0003461217246
43.7963% accepted

energy = -1.955735514
energy/site = -0.00222242672
43.8867% accepted

energy = -0.8072731525
energy/site = -0.0009173558552
43.8279% accepted

energy = -3.763174479
energy/site = -0.004276334635
43.8764% accepted

energy = -21.36423741
energy/site = -0.02427754251
43.8215% accepted

energy = -5.495902368
energy/site = -0.0062453436
43.8949% accepted

energy = -2.223231742
energy/site = -0.002526399707
43.8081% accepted

energy = -0.1029132983
energy/site = -0.0001169469299
43.8071% accepted

energy = -0.5339445732
energy/site = -0.0006067551968
43.8541% accepted

User defined signal 2

------------------------------------------------------------
Sender: LSF System <lsfadmin@wha101>
Subject: Job 5120788: <./torus16> Exited

Job <./torus16> was submitted from host <wha780> by user <akallin>.
Job was executed on host(s) <wha101>, in queue <serial>, as user <akallin>.
</home/akallin> was used as the home directory.
</work/akallin/TORUS/OBC/11leg/16> was used as the working directory.
Started at Wed Jul 21 18:05:29 2010
Results reported at Wed Jul 28 18:32:09 2010

Your job looked like:

------------------------------------------------------------
# LSBATCH: User input
./torus16
------------------------------------------------------------

TERM_RUNLIMIT: job killed after reaching LSF run time limit.
Exited with exit code 140.

Resource usage summary:

    CPU time   : 570257.00 sec.
    Max Memory :         6 MB
    Max Swap   :       122 MB

    Max Processes  :         4
    Max Threads    :         4

The output (if any) is above this job summary.


weighting by <swap_x> where x = 16
11 x 40 x 1 system
r   = 3  bondops changed per step 
n/N = 80  bond operators / site
its = 1000000  iterations/loop for 100000 loops

energy = -4.744478485
energy/site = -0.005391452823
43.8503% accepted

energy = -30.82966171
energy/site = -0.03503370648
43.6866% accepted

energy = -3.563171421
energy/site = -0.004049058433
43.9472% accepted

energy = -6.547783571
energy/site = -0.007440663148
43.6905% accepted

energy = -3.876703716
energy/site = -0.004405345132
43.8263% accepted

energy = -22.28578726
energy/site = -0.02532475825
43.9096% accepted

energy = -59.08413785
energy/site = -0.06714106574
43.8223% accepted

energy = -80.04785451
energy/site = -0.09096347103
43.8761% accepted

energy = -6.628499821
energy/site = -0.00753238616
43.8205% accepted

energy = -0.5440946601
energy/site = -0.0006182893864
43.7097% accepted

energy = -8.671819181
energy/site = -0.009854339978
43.7974% accepted

energy = -1.537114652
energy/site = -0.001746721196
43.7975% accepted

energy = -0.1223932177
energy/site = -0.000139083202
43.7596% accepted

energy = -0.08410941967
energy/site = -9.557888599e-05
43.8992% accepted

energy = -53.30735937
energy/site = -0.06057654474
43.8438% accepted

energy = -2.102069058
energy/site = -0.002388714838
43.9087% accepted

energy = -28.79031074
energy/site = -0.03271626221
43.7414% accepted

energy = -967.7576343
energy/site = -1.099724584
43.8682% accepted

energy = -14.69524465
energy/site = -0.01669914165
43.8222% accepted

energy = -6.375327357
energy/site = -0.007244690178
43.9615% accepted

energy = -2.680970424
energy/site = -0.0030465573
43.7406% accepted

energy = -2.512000702
energy/site = -0.002854546252
43.7138% accepted

energy = -3376.275268
energy/site = -3.836676441
43.8008% accepted

energy = -11.13915607
energy/site = -0.01265813189
43.7835% accepted

energy = -1.404340158
energy/site = -0.001595841088
44.018% accepted

energy = -5.576871275
energy/site = -0.006337353722
43.8397% accepted

energy = -19.50367098
energy/site = -0.02216326248
43.9846% accepted

energy = -4546.521874
energy/site = -5.16650213
43.8596% accepted

energy = -0.5214669173
energy/site = -0.0005925760424
43.9574% accepted

energy = -1.599750756
energy/site = -0.001817898587
43.927% accepted

energy = -35.52729234
energy/site = -0.04037192312
43.9516% accepted

energy = -1.67872104
energy/site = -0.001907637546
43.9031% accepted

energy = -2.916815361
energy/site = -0.00331456291
43.8059% accepted

energy = -177.3530308
energy/site = -0.201537535
43.7602% accepted

energy = -9.863379639
energy/site = -0.01120838595
43.8122% accepted

energy = -1.551243296
energy/site = -0.001762776473
43.7946% accepted

energy = -6.208938848
energy/site = -0.007055612327
43.8174% accepted

energy = -13.634518
energy/site = -0.01549377046
44.042% accepted

energy = -113.1177101
energy/site = -0.1285428524
43.7077% accepted

energy = -26.7207122
energy/site = -0.03036444568
43.8794% accepted

energy = -2.028079787
energy/site = -0.002304636122
43.806% accepted

energy = -0.3106013811
energy/site = -0.0003529561148
43.8063% accepted

energy = -13.25674593
energy/site = -0.01506448402
43.841% accepted

energy = -0.64014086
energy/site = -0.0007274327955
43.8998% accepted

energy = -3.83355826
energy/site = -0.004356316205
43.9269% accepted

energy = -18.07957963
energy/site = -0.02054497685
43.9015% accepted

energy = -2.221976854
energy/site = -0.002524973698
43.8058% accepted

energy = -1.31119244
energy/site = -0.001489991409
43.8063% accepted

energy = -150.686298
energy/site = -0.1712344295
43.9333% accepted

energy = -3.881536951
energy/site = -0.004410837444
43.953% accepted

energy = -291.9228361
energy/site = -0.3317304956
43.8153% accepted

energy = -66.731922
energy/site = -0.07583172955
43.8673% accepted

energy = -24.33199473
energy/site = -0.02764999401
43.8916% accepted

energy = -0.3987768074
energy/site = -0.000453155463
43.8671% accepted

energy = -10.13769759
energy/site = -0.01152011089
43.8244% accepted

energy = -0.3520918506
energy/site = -0.0004001043756
43.8108% accepted

energy = -0.02215226627
energy/site = -2.517302985e-05
43.9065% accepted

energy = -46.65663098
energy/site = -0.05301889884
43.7848% accepted

energy = -11.22822783
energy/site = -0.0127593498
43.9903% accepted

energy = -2.808133954
energy/site = -0.003191061311
43.9047% accepted

energy = -120.7797334
energy/site = -0.137249697
43.7553% accepted

energy = -124.8665357
energy/site = -0.1418937906
43.8371% accepted

energy = -1.154864246
energy/site = -0.001312345734
43.8848% accepted

energy = -19.87750445
energy/site = -0.02258807324
43.8425% accepted

energy = -3.8461954
energy/site = -0.004370676591
43.7952% accepted

energy = -112.3278334
energy/site = -0.1276452652
43.831% accepted

energy = -26.13165231
energy/site = -0.02969505944
43.9609% accepted

energy = -2.402200823
energy/site = -0.002729773662
43.7484% accepted

energy = -0.4351026093
energy/site = -0.0004944347833
43.9997% accepted

energy = -0.8428599186
energy/site = -0.000957795362
43.7891% accepted

energy = -0.2721785004
energy/site = -0.0003092937505
43.8322% accepted

energy = -7.391791414
energy/site = -0.00839976297
43.7755% accepted

energy = -655.0026736
energy/site = -0.74432122
44.0112% accepted

energy = -40.33341913
energy/site = -0.04583343083
43.9127% accepted

energy = -0.9558180391
energy/site = -0.001086156863
43.7061% accepted

energy = -16231.81016
energy/site = -18.44523882
43.847% accepted

energy = -0.9732313432
energy/site = -0.001105944708
43.7823% accepted

energy = -0.6838563259
energy/site = -0.0007771094613
43.9039% accepted

energy = -4.54548212
energy/site = -0.005165320591
43.8347% accepted

energy = -11.26915682
energy/site = -0.01280586002
43.8358% accepted

energy = -3.910075009
energy/site = -0.004443267056
43.7385% accepted

energy = -460.8919594
energy/site = -0.5237408629
43.9107% accepted

energy = -164.3134897
energy/site = -0.1867198747
43.9546% accepted

energy = -17.92984356
energy/site = -0.02037482223
43.9658% accepted

energy = -114.0476356
energy/site = -0.1295995859
43.944% accepted

energy = -0.1602474984
energy/site = -0.00018209943
43.9141% accepted

energy = -0.1202181321
energy/site = -0.0001366115138
43.8226% accepted

energy = -4682.034478
energy/site = -5.320493725
43.8314% accepted

energy = -2.792769884
energy/site = -0.003173602141
43.8453% accepted

energy = -14.35293491
energy/site = -0.01631015331
43.7793% accepted

energy = -0.5058450595
energy/site = -0.0005748239312
43.8391% accepted

energy = -70.67018646
energy/site = -0.08030703007
43.8261% accepted

energy = -2.943908141
energy/site = -0.00334535016
43.8164% accepted

energy = -23.3512613
energy/site = -0.0265355242
43.7484% accepted

energy = -4.682049865
energy/site = -0.00532051121
43.9579% accepted

energy = -33.18984018
energy/site = -0.03771572748
43.8478% accepted

energy = -0.0977496788
energy/site = -0.0001110791805
43.9641% accepted

energy = -5966.248645
energy/site = -6.779828005
43.8242% accepted

energy = -14.43611492
energy/site = -0.01640467604
43.8757% accepted

energy = -0.5860336118
energy/site = -0.0006659472861
43.9035% accepted

energy = -0.1077591769
energy/site = -0.0001224536101
44.0066% accepted

energy = -51.28025805
energy/site = -0.05827302051
43.816% accepted

energy = -2.208259076
energy/site = -0.002509385314
43.9719% accepted

energy = -17.44902814
energy/site = -0.01982844106
43.8888% accepted

energy = -45.72514444
energy/site = -0.05196039141
43.9191% accepted

energy = -31.23504913
energy/site = -0.03549437402
43.8689% accepted

energy = -0.8194723161
energy/site = -0.000931218541
43.7202% accepted

energy = -0.2633904756
energy/site = -0.0002993073586
43.8331% accepted

energy = -2.08844994
energy/site = -0.002373238568
43.9453% accepted

energy = -155.3229952
energy/site = -0.1765034036
43.9048% accepted

energy = -3.851966147
energy/site = -0.004377234258
43.807% accepted

energy = -16.70032366
energy/site = -0.01897764052
43.7376% accepted

energy = -2713.621828
energy/site = -3.083661168
43.899% accepted

energy = -27.45868588
energy/site = -0.03120305213
43.9338% accepted

energy = -1.992828983
energy/site = -0.002264578389
43.8296% accepted

energy = -74.88563304
energy/site = -0.08509731027
43.7698% accepted

energy = -0.5058325088
energy/site = -0.0005748096691
43.8518% accepted

energy = -9.678341059
energy/site = -0.01099811484
43.9028% accepted

energy = -11.90572107
energy/site = -0.01352922849
43.718% accepted

energy = -14.60913626
energy/site = -0.01660129121
43.7898% accepted

energy = -3.549079519
energy/site = -0.004033044907
43.9056% accepted

energy = -0.1196167553
energy/site = -0.0001359281311
43.8967% accepted

energy = -13.75015347
energy/site = -0.0156251744
43.8698% accepted

energy = -20.07709595
energy/site = -0.02281488177
43.8296% accepted

energy = -173.3181013
energy/site = -0.1969523879
43.8634% accepted

energy = -88.17097027
energy/site = -0.1001942844
44.1214% accepted

energy = -66.92902412
energy/site = -0.07605570923
43.8173% accepted

energy = -307.1699505
energy/site = -0.349056762
43.8425% accepted

energy = -2.415018275
energy/site = -0.002744338949
43.8279% accepted

energy = -15.82303841
energy/site = -0.01798072546
43.7392% accepted

energy = -16.14931749
energy/site = -0.01835149715
43.8732% accepted

energy = -9827.56211
energy/site = -11.16768422
43.8013% accepted

energy = -20.38642954
energy/site = -0.0231663972
43.6768% accepted

energy = -5.62166082
energy/site = -0.006388250931
43.7767% accepted

energy = -116.5278247
energy/site = -0.1324179826
44.0842% accepted

energy = -389.3787999
energy/site = -0.4424759089
43.936% accepted

energy = -1.810337703
energy/site = -0.002057201935
43.8949% accepted

energy = -0.2545956385
energy/site = -0.0002893132256
43.7853% accepted

energy = -2.093743844
energy/site = -0.002379254369
43.9513% accepted

energy = -12.3474159
energy/site = -0.01403115443
43.9421% accepted

energy = -3.015015626
energy/site = -0.003426154121
43.8438% accepted

energy = -12.10290804
energy/site = -0.01375330459
43.8727% accepted

energy = -4.769859227
energy/site = -0.005420294576
43.8496% accepted

energy = -1.85207576
energy/site = -0.002104631545
43.7945% accepted

energy = -10.9640445
energy/site = -0.01245914148
43.7272% accepted

energy = -5.657292574
energy/site = -0.006428741561
43.6558% accepted

energy = -0.1479894752
energy/site = -0.0001681698582
43.7904% accepted

energy = -1.94063363
energy/site = -0.002205265488
43.8798% accepted

energy = -1.645154279
energy/site = -0.001869493499
43.7514% accepted

energy = -4561.453124
energy/site = -5.183469459
43.8975% accepted

energy = -63.77059719
energy/site = -0.07246658772
43.8214% accepted

energy = -56.64624388
energy/site = -0.06437073168
43.9624% accepted

energy = -0.5368528448
energy/site = -0.0006100600509
43.8534% accepted

energy = -69.86508539
energy/site = -0.07939214249
43.7993% accepted

energy = -1095.42789
energy/site = -1.24480442
43.8239% accepted

energy = -0.4338247884
energy/site = -0.0004929827141
43.871% accepted

energy = -0.7193573233
energy/site = -0.0008174515037
43.7656% accepted

energy = -6.237790442
energy/site = -0.00708839823
43.8343% accepted

energy = -0.4126706066
energy/site = -0.0004689438712
43.9662% accepted

energy = -0.1665281062
energy/site = -0.0001892364844
43.8929% accepted

energy = -0.424779268
energy/site = -0.0004827037137
43.963% accepted

energy = -379.8959684
energy/site = -0.4316999641
43.8015% accepted

energy = -699.5169701
energy/site = -0.7949056479
43.9585% accepted

energy = -317.8876115
energy/site = -0.3612359221
43.7377% accepted

energy = -33.67652699
energy/site = -0.03826878067
43.8922% accepted

energy = -8.847802138
energy/site = -0.01005432061
43.8399% accepted

energy = -0.9943066591
energy/site = -0.001129893931
43.8281% accepted

energy = -1129.867883
energy/site = -1.283940776
43.7366% accepted

energy = -10.50970083
energy/site = -0.01194284185
43.8659% accepted

energy = -3.5308896
energy/site = -0.004012374546
43.9307% accepted

energy = -15.16938965
energy/site = -0.01723794278
43.7401% accepted

energy = -98.70188627
energy/site = -0.1121612344
43.8865% accepted

energy = -1.953525101
energy/site = -0.002219914888
43.7853% accepted

energy = -187.2908696
energy/site = -0.2128305336
43.717% accepted

energy = -401.7042157
energy/site = -0.4564820633
43.7994% accepted

energy = -0.3400871559
energy/site = -0.0003864626772
43.8532% accepted

energy = -6.994874184
energy/site = -0.007948720664
43.8519% accepted

energy = -3.286538144
energy/site = -0.003734702437
43.9629% accepted

energy = -110.4653707
energy/site = -0.1255288303
44.1595% accepted

energy = -0.5669914407
energy/site = -0.0006443084554
43.8518% accepted

energy = -1.081919245
energy/site = -0.001229453688
43.8955% accepted

energy = -22.34648958
energy/site = -0.02539373816
43.8758% accepted

energy = -1.638293785
energy/site = -0.001861697483
43.8403% accepted

energy = -1.558642616
energy/site = -0.001771184791
43.7045% accepted

energy = -129.5847129
energy/site = -0.1472553556
43.9712% accepted

energy = -895.377927
energy/site = -1.017474917
43.9357% accepted

energy = -7.856430469
energy/site = -0.008927761897
44.0552% accepted

energy = -2.408466462
energy/site = -0.002736893707
43.791% accepted

energy = -0.7121570906
energy/site = -0.0008092694212
43.8357% accepted

energy = -2.642361162
energy/site = -0.003002683139
43.856% accepted

energy = -2181.315421
energy/site = -2.478767524
43.8685% accepted

energy = -35.54056698
energy/site = -0.04038700793
43.8482% accepted

energy = -0.9106488072
energy/site = -0.00103482819
44.0738% accepted

energy = -3.970727701
energy/site = -0.00451219057
43.6237% accepted

energy = -220.9033908
energy/site = -0.2510265805
43.9768% accepted

energy = -95.01228915
energy/site = -0.1079685104
43.931% accepted

energy = -16.72242366
energy/site = -0.01900275416
43.9992% accepted

energy = -4188.537464
energy/site = -4.759701664
43.9218% accepted

energy = -10.46423326
energy/site = -0.01189117416
43.8588% accepted

energy = -0.1135286687
energy/site = -0.0001290098507
44.013% accepted

energy = -37.45319499
energy/site = -0.04256044885
43.7783% accepted

energy = -3.94679362
energy/site = -0.00448499275
43.835% accepted

energy = -6.081604692
energy/site = -0.006910914422
43.7951% accepted

energy = -0.09521459725
energy/site = -0.000108198406
43.7616% accepted

energy = -237.019738
energy/site = -0.2693406114
43.8908% accepted

energy = -26.65604681
energy/site = -0.03029096229
43.8752% accepted

energy = -8.538088448
energy/site = -0.009702373236
43.8878% accepted

energy = -1.915039059
energy/site = -0.002176180749
43.9619% accepted

energy = -565.2276318
energy/site = -0.642304127
43.8977% accepted

energy = -1.224759902
energy/site = -0.001391772616
43.8994% accepted

energy = -5.501746607
energy/site = -0.006251984781
43.7571% accepted

energy = -471.0851344
energy/site = -0.5353240164
43.8577% accepted

User defined signal 2

------------------------------------------------------------
Sender: LSF System <lsfadmin@wha44>
Subject: Job 5493614: <./torus16> Exited

Job <./torus16> was submitted from host <wha781> by user <akallin>.
Job was executed on host(s) <wha44>, in queue <serial>, as user <akallin>.
</home/akallin> was used as the home directory.
</work/akallin/TORUS/OBC/11leg/16> was used as the working directory.
Started at Wed Aug 11 14:43:33 2010
Results reported at Wed Aug 18 15:01:49 2010

Your job looked like:

------------------------------------------------------------
# LSBATCH: User input
./torus16
------------------------------------------------------------

TERM_RUNLIMIT: job killed after reaching LSF run time limit.
Exited with exit code 140.

Resource usage summary:

    CPU time   : 396501.00 sec.
    Max Memory :         6 MB
    Max Swap   :       122 MB

    Max Processes  :         4
    Max Threads    :         4

The output (if any) is above this job summary.


weighting by <swap_x> where x = 16
11 x 40 x 1 system
r   = 3  bondops changed per step 
n/N = 80  bond operators / site
its = 1000000  iterations/loop for 100000 loops

