
weighting by <swap_x> where x = 17
10 x 40 x 1 system
r   = 3  bondops changed per step 
n/N = 80  bond operators / site
its = 1000000  iterations/loop for 10000 loops

energy = -7185.767594
energy/site = -8.982209493
44.6634% accepted

energy = -986.7503499
energy/site = -1.233437937
43.7496% accepted

energy = -41.90682001
energy/site = -0.05238352502
43.7415% accepted

energy = -38.23539807
energy/site = -0.04779424758
43.7365% accepted

energy = -11.28689731
energy/site = -0.01410862163
43.7484% accepted

energy = -215.248492
energy/site = -0.269060615
43.7002% accepted

energy = -305.7931836
energy/site = -0.3822414795
43.771% accepted

energy = -297.8496242
energy/site = -0.3723120303
43.6258% accepted

energy = -542.8448065
energy/site = -0.6785560082
43.7735% accepted

energy = -14.09185716
energy/site = -0.01761482145
43.5721% accepted

energy = -545.8805172
energy/site = -0.6823506465
43.5892% accepted

energy = -9.441369704
energy/site = -0.01180171213
43.782% accepted

energy = -127.3865625
energy/site = -0.1592332032
43.7416% accepted

energy = -132.2228454
energy/site = -0.1652785567
43.5816% accepted

energy = -1030.568259
energy/site = -1.288210324
43.7519% accepted

energy = -706.0532859
energy/site = -0.8825666074
43.5496% accepted

energy = -106.5901245
energy/site = -0.1332376556
43.8389% accepted

energy = -233.1206482
energy/site = -0.2914008103
43.6332% accepted

energy = -144.8436355
energy/site = -0.1810545443
43.5886% accepted

energy = -377.7998917
energy/site = -0.4722498647
43.5852% accepted

energy = -13135.88714
energy/site = -16.41985893
43.6607% accepted

energy = -49.03810596
energy/site = -0.06129763245
43.6091% accepted

energy = -537.5394266
energy/site = -0.6719242833
43.6963% accepted

energy = -4.292169119
energy/site = -0.005365211399
43.8204% accepted

energy = -179.4985123
energy/site = -0.2243731404
43.6751% accepted

energy = -195.9068038
energy/site = -0.2448835047
43.7243% accepted

energy = -501.7272873
energy/site = -0.6271591092
43.8331% accepted

energy = -2353.025958
energy/site = -2.941282448
43.6022% accepted

energy = -1018.548923
energy/site = -1.273186153
43.8167% accepted

energy = -319.1828955
energy/site = -0.3989786194
43.7495% accepted

energy = -6.354406201
energy/site = -0.007943007751
43.7536% accepted

energy = -6.391969986
energy/site = -0.007989962482
43.774% accepted

energy = -972.7465489
energy/site = -1.215933186
43.6493% accepted

energy = -2457.827566
energy/site = -3.072284458
43.7067% accepted

energy = -215.4230111
energy/site = -0.2692787638
43.6668% accepted

energy = -17869.89161
energy/site = -22.33736451
43.5822% accepted

energy = -0.17110888
energy/site = -0.0002138860999
43.6269% accepted

energy = -6.250521093
energy/site = -0.007813151366
43.5715% accepted

energy = -262.8508767
energy/site = -0.3285635959
43.7797% accepted

energy = -259.5446247
energy/site = -0.3244307809
43.7449% accepted

energy = -486.6455779
energy/site = -0.6083069724
43.6747% accepted

energy = -1127.871906
energy/site = -1.409839882
43.6091% accepted

energy = -11.74160164
energy/site = -0.01467700205
43.6733% accepted

energy = -7.004475133
energy/site = -0.008755593917
43.7326% accepted

energy = -1606.150455
energy/site = -2.007688069
43.6651% accepted

energy = -0.7223024879
energy/site = -0.0009028781099
43.6644% accepted

energy = -45.83271999
energy/site = -0.05729089998
43.652% accepted

energy = -323.9986205
energy/site = -0.4049982756
43.6149% accepted

energy = -59.88299112
energy/site = -0.0748537389
43.6649% accepted

energy = -254.509684
energy/site = -0.318137105
43.6772% accepted

energy = -331.7212888
energy/site = -0.4146516109
43.7595% accepted

energy = -8.469057612
energy/site = -0.01058632202
43.7328% accepted

energy = -3583.834165
energy/site = -4.479792706
43.6037% accepted

energy = -80.39803152
energy/site = -0.1004975394
43.636% accepted

energy = -1148.425828
energy/site = -1.435532285
43.6698% accepted

energy = -8.771233002
energy/site = -0.01096404125
43.6862% accepted

energy = -10.51355827
energy/site = -0.01314194784
43.5871% accepted

energy = -6.236408312
energy/site = -0.00779551039
43.7446% accepted

energy = -83.82022783
energy/site = -0.1047752848
43.7966% accepted

energy = -316.0416647
energy/site = -0.3950520809
43.6436% accepted

energy = -97.72729112
energy/site = -0.1221591139
43.6544% accepted

energy = -22.3605715
energy/site = -0.02795071437
43.8256% accepted

energy = -59.90506037
energy/site = -0.07488132547
43.5745% accepted

energy = -51.60273076
energy/site = -0.06450341345
43.6832% accepted

energy = -4332.949586
energy/site = -5.416186982
43.5711% accepted

energy = -6.835254364
energy/site = -0.008544067955
43.7562% accepted

energy = -23.04031238
energy/site = -0.02880039047
43.6274% accepted

energy = -63.49256326
energy/site = -0.07936570407
43.9604% accepted

energy = -902.1428347
energy/site = -1.127678543
43.6341% accepted

energy = -5.708824566
energy/site = -0.007136030707
43.7342% accepted

energy = -8.537790603
energy/site = -0.01067223825
43.7528% accepted

energy = -139.1514232
energy/site = -0.173939279
43.6452% accepted

energy = -51.96602027
energy/site = -0.06495752534
43.6946% accepted

energy = -5.681629318
energy/site = -0.007102036647
43.6993% accepted

energy = -7.762605158
energy/site = -0.009703256447
43.7337% accepted

energy = -146.1976635
energy/site = -0.1827470794
43.7699% accepted

energy = -17100.63304
energy/site = -21.3757913
43.6836% accepted

energy = -65.26505546
energy/site = -0.08158131932
43.5409% accepted

energy = -11.92117522
energy/site = -0.01490146902
43.7566% accepted

energy = -1848.365293
energy/site = -2.310456616
43.6656% accepted

energy = -121.7135168
energy/site = -0.152141896
43.8397% accepted

energy = -33.68214087
energy/site = -0.04210267608
43.609% accepted

energy = -17.60070133
energy/site = -0.02200087667
43.7425% accepted

energy = -3042.474145
energy/site = -3.803092681
43.6711% accepted

energy = -30.13350567
energy/site = -0.03766688208
43.7231% accepted

energy = -9.291723439
energy/site = -0.0116146543
43.7625% accepted

energy = -6.254625024
energy/site = -0.00781828128
43.7944% accepted

energy = -47.35312412
energy/site = -0.05919140515
43.6058% accepted

energy = -170.9137533
energy/site = -0.2136421916
43.6679% accepted

energy = -156.0200465
energy/site = -0.1950250581
43.6907% accepted

energy = -27.12261659
energy/site = -0.03390327074
43.6177% accepted

energy = -17.160324
energy/site = -0.02145040499
43.7978% accepted

energy = -4.815934297
energy/site = -0.006019917872
43.7382% accepted

energy = -41.855061
energy/site = -0.05231882625
43.73% accepted

energy = -6.607582206
energy/site = -0.008259477757
43.6117% accepted

energy = -2.683866601
energy/site = -0.003354833251
43.5659% accepted

energy = -493268.5268
energy/site = -616.5856584
43.7262% accepted

energy = -87.7311545
energy/site = -0.1096639431
43.7815% accepted

energy = -3.955508736
energy/site = -0.00494438592
43.7114% accepted

energy = -39.16157078
energy/site = -0.04895196347
43.7955% accepted

energy = -11.74685227
energy/site = -0.01468356534
43.6706% accepted

energy = -44.55276392
energy/site = -0.0556909549
43.5451% accepted

energy = -11.31742434
energy/site = -0.01414678042
43.7946% accepted

energy = -2298.157012
energy/site = -2.872696265
43.6446% accepted

energy = -21.60425342
energy/site = -0.02700531677
43.6132% accepted

energy = -818932.453
energy/site = -1023.665566
43.7162% accepted

energy = -5567.003173
energy/site = -6.958753966
43.6553% accepted

energy = -91.58972875
energy/site = -0.1144871609
43.5363% accepted

energy = -1248.07252
energy/site = -1.56009065
43.7497% accepted

energy = -4.110339967
energy/site = -0.005137924959
43.5897% accepted

energy = -614.11887
energy/site = -0.7676485875
43.8019% accepted

energy = -1.933932004
energy/site = -0.002417415006
43.7093% accepted

energy = -84.0722566
energy/site = -0.1050903208
43.6042% accepted

energy = -1.342600501
energy/site = -0.001678250626
43.7376% accepted

energy = -95.73264873
energy/site = -0.1196658109
43.7508% accepted

energy = -1065.216141
energy/site = -1.331520176
43.6977% accepted

energy = -470.3553737
energy/site = -0.5879442171
43.6617% accepted

energy = -573.542732
energy/site = -0.716928415
43.7673% accepted

energy = -3107.81034
energy/site = -3.884762925
43.8459% accepted

energy = -41.62955025
energy/site = -0.05203693781
43.6928% accepted

energy = -42.89178363
energy/site = -0.05361472954
43.6867% accepted

energy = -73.2243358
energy/site = -0.09153041975
43.7852% accepted

energy = -803.0261821
energy/site = -1.003782728
43.6266% accepted

energy = -131.6270385
energy/site = -0.1645337982
43.6491% accepted

energy = -33.28141402
energy/site = -0.04160176753
43.7708% accepted

energy = -3650.162667
energy/site = -4.562703334
43.7189% accepted

energy = -2.706411431
energy/site = -0.003383014289
43.7085% accepted

energy = -23.35186418
energy/site = -0.02918983023
43.6373% accepted

energy = -249.7795778
energy/site = -0.3122244722
43.678% accepted

energy = -123.5628272
energy/site = -0.154453534
43.7957% accepted

energy = -14.83175054
energy/site = -0.01853968817
43.6072% accepted

energy = -28.01663403
energy/site = -0.03502079254
43.7239% accepted

energy = -6.187549636
energy/site = -0.007734437045
43.8252% accepted

energy = -2.028601641
energy/site = -0.002535752052
43.7806% accepted

energy = -2.705367967
energy/site = -0.003381709958
43.6613% accepted

energy = -41.7327667
energy/site = -0.05216595838
43.7753% accepted

energy = -172.9958165
energy/site = -0.2162447706
43.8379% accepted

energy = -10.5348571
energy/site = -0.01316857138
43.7832% accepted

energy = -103.5157614
energy/site = -0.1293947017
43.6138% accepted

energy = -38.11198825
energy/site = -0.04763998531
43.6252% accepted

energy = -2.865122593
energy/site = -0.003581403241
43.7408% accepted

energy = -90.34220749
energy/site = -0.1129277594
43.6193% accepted

energy = -135.0532601
energy/site = -0.1688165751
43.6899% accepted

energy = -30.32511342
energy/site = -0.03790639177
43.6572% accepted

energy = -787.2131969
energy/site = -0.9840164961
43.7181% accepted

energy = -97.17426957
energy/site = -0.121467837
43.7569% accepted

energy = -182.9658069
energy/site = -0.2287072586
43.7841% accepted

energy = -14.16013023
energy/site = -0.01770016279
43.6896% accepted

energy = -15.09555813
energy/site = -0.01886944766
43.7621% accepted

energy = -92.97910483
energy/site = -0.116223881
43.6723% accepted

energy = -34.32812952
energy/site = -0.0429101619
43.7072% accepted

energy = -701.0082551
energy/site = -0.8762603188
43.606% accepted

energy = -64.14602399
energy/site = -0.08018252999
43.8442% accepted

energy = -23470.5788
energy/site = -29.33822351
43.5773% accepted

energy = -913.9885323
energy/site = -1.142485665
43.678% accepted

energy = -839.0966792
energy/site = -1.048870849
43.684% accepted

energy = -15.30555788
energy/site = -0.01913194735
43.7887% accepted

energy = -3473.178773
energy/site = -4.341473466
43.6409% accepted

energy = -45.06050204
energy/site = -0.05632562755
43.589% accepted

energy = -99.97822705
energy/site = -0.1249727838
43.7294% accepted

energy = -10.76462228
energy/site = -0.01345577785
43.5844% accepted

energy = -2.12686331
energy/site = -0.002658579138
43.5848% accepted

energy = -86.46468784
energy/site = -0.1080808598
43.6694% accepted

energy = -1.820039093
energy/site = -0.002275048867
43.732% accepted

energy = -13.27025088
energy/site = -0.01658781361
43.5283% accepted

energy = -222.3790923
energy/site = -0.2779738654
43.7328% accepted

energy = -169.9220869
energy/site = -0.2124026086
43.6805% accepted

energy = -814.8017436
energy/site = -1.01850218
43.7475% accepted

energy = -89.16753662
energy/site = -0.1114594208
43.6882% accepted

energy = -3090.120589
energy/site = -3.862650736
43.6376% accepted

energy = -8.17752452
energy/site = -0.01022190565
43.5522% accepted

energy = -9.971523998
energy/site = -0.012464405
43.6791% accepted

energy = -1.367553433
energy/site = -0.001709441791
43.7898% accepted

energy = -778.8679992
energy/site = -0.973584999
43.8077% accepted

energy = -4522.099056
energy/site = -5.65262382
43.6674% accepted

energy = -59.57268403
energy/site = -0.07446585503
43.7513% accepted

energy = -12.28535587
energy/site = -0.01535669483
43.6579% accepted

energy = -174.5266353
energy/site = -0.2181582941
43.7767% accepted

energy = -65.90718189
energy/site = -0.08238397737
43.6072% accepted

energy = -30.674306
energy/site = -0.0383428825
43.6345% accepted

energy = -558.1361032
energy/site = -0.6976701291
43.6905% accepted

energy = -12.2005922
energy/site = -0.01525074025
43.7377% accepted

energy = -16.13688944
energy/site = -0.0201711118
43.5614% accepted

energy = -20.53757661
energy/site = -0.02567197076
43.61% accepted

energy = -76.79678306
energy/site = -0.09599597883
43.6414% accepted

energy = -143.3625229
energy/site = -0.1792031537
43.4162% accepted

energy = -29.76117955
energy/site = -0.03720147444
43.7226% accepted

energy = -61.59151356
energy/site = -0.07698939194
43.7003% accepted

energy = -16.07081932
energy/site = -0.02008852414
43.7072% accepted

energy = -4.879899606
energy/site = -0.006099874507
43.6805% accepted

energy = -491.0049852
energy/site = -0.6137562315
43.582% accepted

energy = -302.5915452
energy/site = -0.3782394315
43.6163% accepted

energy = -276.6364731
energy/site = -0.3457955914
43.685% accepted

energy = -60.45897329
energy/site = -0.07557371661
43.6025% accepted

energy = -29.42681467
energy/site = -0.03678351833
43.5726% accepted

energy = -2.726422022
energy/site = -0.003408027528
43.7282% accepted

energy = -1483.677033
energy/site = -1.854596292
43.5565% accepted

energy = -6.392443044
energy/site = -0.007990553805
43.6493% accepted

energy = -969.7411682
energy/site = -1.21217646
43.7677% accepted

energy = -144.2241433
energy/site = -0.1802801791
43.8515% accepted

energy = -242.1874346
energy/site = -0.3027342932
43.6131% accepted

energy = -13.59625674
energy/site = -0.01699532092
43.7367% accepted

energy = -689.8660059
energy/site = -0.8623325073
43.6855% accepted

energy = -808.255564
energy/site = -1.010319455
43.8247% accepted

energy = -93.63327373
energy/site = -0.1170415922
43.7595% accepted

energy = -60.50236381
energy/site = -0.07562795476
43.6458% accepted

energy = -20.64054425
energy/site = -0.02580068031
43.6405% accepted

energy = -15.23213493
energy/site = -0.01904016867
43.592% accepted

energy = -16.57924327
energy/site = -0.02072405409
43.5771% accepted

energy = -294.1650316
energy/site = -0.3677062895
43.6879% accepted

energy = -69.79035534
energy/site = -0.08723794418
43.5498% accepted

energy = -11.52862938
energy/site = -0.01441078673
43.7566% accepted

energy = -32.44763461
energy/site = -0.04055954327
43.6945% accepted

energy = -64.56235322
energy/site = -0.08070294152
43.7679% accepted

energy = -147.7942471
energy/site = -0.1847428089
43.7221% accepted

energy = -842.6936546
energy/site = -1.053367068
43.5707% accepted

energy = -8955.313983
energy/site = -11.19414248
43.7311% accepted

energy = -43195.67709
energy/site = -53.99459636
43.7432% accepted

energy = -10437.58932
energy/site = -13.04698665
43.6618% accepted

energy = -101.4669647
energy/site = -0.1268337058
43.6087% accepted

energy = -5.614879552
energy/site = -0.00701859944
43.7042% accepted

energy = -5.721936398
energy/site = -0.007152420498
43.5751% accepted

energy = -747.7431513
energy/site = -0.9346789391
43.794% accepted

energy = -453.3192972
energy/site = -0.5666491216
43.7887% accepted

energy = -32.27275886
energy/site = -0.04034094858
43.6002% accepted

energy = -787.1692002
energy/site = -0.9839615003
43.7422% accepted

energy = -226.0596596
energy/site = -0.2825745745
43.7585% accepted

energy = -14.20180063
energy/site = -0.01775225078
43.8433% accepted

energy = -1684.115373
energy/site = -2.105144216
43.7249% accepted

energy = -29.0916408
energy/site = -0.036364551
43.7159% accepted

energy = -46.7486295
energy/site = -0.05843578687
43.7544% accepted

energy = -32.81247531
energy/site = -0.04101559413
43.728% accepted

energy = -20.10984774
energy/site = -0.02513730967
43.7978% accepted

energy = -23.85353145
energy/site = -0.02981691432
43.7491% accepted

energy = -12.02800286
energy/site = -0.01503500358
43.6016% accepted

energy = -310.7426543
energy/site = -0.3884283179
43.7431% accepted

energy = -5305.693434
energy/site = -6.632116792
43.7114% accepted

energy = -63.89521035
energy/site = -0.07986901293
43.7063% accepted

energy = -58.48750211
energy/site = -0.07310937764
43.6854% accepted

energy = -796.2609505
energy/site = -0.9953261881
43.7735% accepted

energy = -2661.992496
energy/site = -3.32749062
43.7589% accepted

energy = -4574.14748
energy/site = -5.71768435
43.7469% accepted

energy = -34.11424345
energy/site = -0.04264280431
43.5645% accepted

energy = -6864.593353
energy/site = -8.580741691
43.6576% accepted

energy = -13.67204624
energy/site = -0.0170900578
43.651% accepted

energy = -228.3527586
energy/site = -0.2854409482
43.6571% accepted

energy = -7.194149203
energy/site = -0.008992686504
43.6505% accepted

energy = -43.90282687
energy/site = -0.05487853359
43.5187% accepted

energy = -44.67659297
energy/site = -0.05584574121
43.5709% accepted

energy = -260.8642688
energy/site = -0.3260803359
43.8004% accepted

energy = -103.8856169
energy/site = -0.1298570212
43.724% accepted

energy = -237.7030773
energy/site = -0.2971288466
43.6506% accepted

energy = -1944.378677
energy/site = -2.430473346
43.6887% accepted

energy = -99.86624509
energy/site = -0.1248328064
43.6284% accepted

energy = -36.44184865
energy/site = -0.04555231081
43.8033% accepted

energy = -74.93292137
energy/site = -0.09366615171
43.6796% accepted

energy = -93.88911441
energy/site = -0.117361393
43.8401% accepted

energy = -94.83895277
energy/site = -0.118548691
43.6767% accepted

energy = -217.3771302
energy/site = -0.2717214127
43.5995% accepted

energy = -187.6443877
energy/site = -0.2345554846
43.7506% accepted

energy = -37.31011941
energy/site = -0.04663764926
43.718% accepted

energy = -14.46556656
energy/site = -0.01808195819
43.7565% accepted

energy = -106.4848878
energy/site = -0.1331061097
43.3773% accepted

energy = -14.89693112
energy/site = -0.0186211639
43.6854% accepted

energy = -6.919034417
energy/site = -0.008648793021
43.6477% accepted

energy = -653.8112166
energy/site = -0.8172640207
43.6832% accepted

energy = -1032.695286
energy/site = -1.290869107
43.6987% accepted

energy = -29.29900825
energy/site = -0.03662376031
43.7096% accepted

energy = -1.080444185
energy/site = -0.001350555231
43.5161% accepted

energy = -28.22181265
energy/site = -0.03527726582
43.8162% accepted

energy = -4.517734802
energy/site = -0.005647168502
43.6757% accepted

energy = -22.69909222
energy/site = -0.02837386528
43.6279% accepted

energy = -559.2009975
energy/site = -0.6990012468
43.661% accepted

energy = -133.7460537
energy/site = -0.1671825672
43.6243% accepted

energy = -616.3541046
energy/site = -0.7704426307
43.8367% accepted

energy = -13.36315973
energy/site = -0.01670394967
43.8182% accepted

energy = -127.5646616
energy/site = -0.159455827
43.6306% accepted

energy = -76.04960091
energy/site = -0.09506200113
43.8178% accepted

energy = -110.2821505
energy/site = -0.1378526881
43.675% accepted

energy = -45.24525894
energy/site = -0.05655657367
43.7136% accepted

energy = -8.501119495
energy/site = -0.01062639937
43.813% accepted

energy = -28.69305184
energy/site = -0.0358663148
43.6123% accepted

energy = -40.35581872
energy/site = -0.0504447734
43.641% accepted

energy = -311.8572607
energy/site = -0.3898215759
43.5498% accepted

energy = -532.2657603
energy/site = -0.6653322003
43.5551% accepted

energy = -13.53486847
energy/site = -0.01691858558
43.7559% accepted

energy = -5.031706678
energy/site = -0.006289633348
43.6381% accepted

energy = -180.4910933
energy/site = -0.2256138666
43.6209% accepted

energy = -2.034730749
energy/site = -0.002543413436
43.5733% accepted

energy = -118.9829499
energy/site = -0.1487286874
43.5046% accepted

energy = -197.4977367
energy/site = -0.2468721709
43.8149% accepted

energy = -25.69709178
energy/site = -0.03212136473
43.6327% accepted

energy = -30.42404404
energy/site = -0.03803005505
43.8668% accepted

energy = -67.22327883
energy/site = -0.08402909854
43.8005% accepted

energy = -470.8118851
energy/site = -0.5885148563
43.7718% accepted

energy = -40.62446278
energy/site = -0.05078057847
43.7186% accepted

energy = -60.55567578
energy/site = -0.07569459472
43.5901% accepted

energy = -33.68447598
energy/site = -0.04210559498
43.706% accepted

energy = -103485.3861
energy/site = -129.3567326
43.7194% accepted

energy = -2031.40102
energy/site = -2.539251275
43.7537% accepted

energy = -118.4861653
energy/site = -0.1481077066
43.8541% accepted

energy = -104.3424888
energy/site = -0.130428111
43.571% accepted

energy = -48.49474251
energy/site = -0.06061842814
43.83% accepted

energy = -135.894077
energy/site = -0.1698675963
43.7714% accepted

energy = -7.389942673
energy/site = -0.009237428341
43.7043% accepted

energy = -3.223970301
energy/site = -0.004029962876
43.6622% accepted

energy = -3774.918894
energy/site = -4.718648618
43.6145% accepted

energy = -5.365448238
energy/site = -0.006706810298
43.5028% accepted

energy = -226.8834103
energy/site = -0.2836042629
43.6439% accepted

energy = -17.15880073
energy/site = -0.02144850091
43.5853% accepted

energy = -29.84457327
energy/site = -0.03730571659
43.7707% accepted

energy = -559.1968844
energy/site = -0.6989961055
43.7061% accepted

energy = -4.169076046
energy/site = -0.005211345057
43.8293% accepted

energy = -118.6243893
energy/site = -0.1482804866
43.6346% accepted

energy = -3158.129971
energy/site = -3.947662464
43.7011% accepted

energy = -29.39804861
energy/site = -0.03674756076
43.6337% accepted

energy = -99.71365134
energy/site = -0.1246420642
43.6671% accepted

energy = -808.7579968
energy/site = -1.010947496
43.6462% accepted

energy = -405.4085618
energy/site = -0.5067607022
43.7194% accepted

energy = -64.57805543
energy/site = -0.08072256928
43.5732% accepted

energy = -3722.351479
energy/site = -4.652939349
43.6473% accepted

energy = -868.9718624
energy/site = -1.086214828
43.7297% accepted

energy = -38.11712001
energy/site = -0.04764640001
43.7466% accepted

energy = -26.34424118
energy/site = -0.03293030148
43.8222% accepted

energy = -99.20819634
energy/site = -0.1240102454
43.6476% accepted

energy = -126.3686081
energy/site = -0.1579607602
43.8141% accepted

energy = -1806.914185
energy/site = -2.258642732
43.7136% accepted

energy = -294.3411809
energy/site = -0.3679264761
43.7453% accepted

energy = -122.3656954
energy/site = -0.1529571193
43.7079% accepted

energy = -18.84831546
energy/site = -0.02356039433
43.5746% accepted

energy = -2734.189014
energy/site = -3.417736268
43.7085% accepted

energy = -21.78120877
energy/site = -0.02722651096
43.6759% accepted


------------------------------------------------------------
Sender: LSF System <lsfadmin@wha682>
Subject: Job 3220379: <./torus17> Exited

Job <./torus17> was submitted from host <wha781> by user <akallin>.
Job was executed on host(s) <wha682>, in queue <serial>, as user <akallin>.
</home/akallin> was used as the home directory.
</work/akallin/TORUS/10leg/17> was used as the working directory.
Started at Thu May 27 08:59:54 2010
Results reported at Thu Jun  3 10:01:47 2010

Your job looked like:

------------------------------------------------------------
# LSBATCH: User input
./torus17
------------------------------------------------------------

TERM_RUNLIMIT: job killed after reaching LSF run time limit.
Exited with signal termination: Killed.

Resource usage summary:

    CPU time   : 579532.00 sec.
    Max Memory :         6 MB
    Max Swap   :       131 MB

    Max Processes  :         4
    Max Threads    :         4

The output (if any) is above this job summary.

