
weighting by <swap_x> where x = 14
9 x 36 x 1 system
r   = 3  bondops changed per step 
n/N = 80  bond operators / site
its = 1000000  iterations/loop for 10000 loops

energy = -8150.717947
energy/site = -12.57826844
44.9399% accepted

energy = -1166.941634
energy/site = -1.800835855
44.2577% accepted

energy = -654.0679821
energy/site = -1.00936417
44.2345% accepted

energy = -10.04785167
energy/site = -0.01550594394
44.2742% accepted

energy = -741.7153112
energy/site = -1.144622394
44.1068% accepted

energy = -107.7667376
energy/site = -0.1663066938
44.125% accepted

energy = -67.16533753
energy/site = -0.1036502122
44.3222% accepted

energy = -159.1759555
energy/site = -0.2456419066
44.2201% accepted

energy = -101.0184793
energy/site = -0.1558927149
44.3084% accepted

energy = -86.49756648
energy/site = -0.1334838989
44.2347% accepted

energy = -64.48675521
energy/site = -0.09951659754
44.2945% accepted

energy = -40.92630171
energy/site = -0.06315787301
44.1049% accepted

energy = -545.1481554
energy/site = -0.8412780176
44.1905% accepted

energy = -154.7113912
energy/site = -0.2387521469
44.1222% accepted

energy = -103.3460614
energy/site = -0.1594846627
44.3298% accepted

energy = -292.4409785
energy/site = -0.4512978064
44.2688% accepted

energy = -196522.5036
energy/site = -303.2754685
44.0737% accepted

energy = -2503.325831
energy/site = -3.863157147
44.4399% accepted

energy = -19.7144347
energy/site = -0.03042351034
44.2595% accepted

energy = -183.4840821
energy/site = -0.2831544477
44.3494% accepted

energy = -326.1908918
energy/site = -0.5033810059
44.1557% accepted

energy = -720.3773527
energy/site = -1.111693446
44.3046% accepted

energy = -492.2144848
energy/site = -0.7595902543
44.1727% accepted

energy = -154.733981
energy/site = -0.2387870077
44.0797% accepted

energy = -63.10107901
energy/site = -0.09737820835
44.2559% accepted

energy = -83.19597176
energy/site = -0.1283888453
44.3941% accepted

energy = -6516.287239
energy/site = -10.05599883
44.2208% accepted

energy = -124.8779055
energy/site = -0.1927128171
44.3728% accepted

energy = -1104.217329
energy/site = -1.704039087
44.2534% accepted

energy = -89.94238735
energy/site = -0.1387999805
44.3332% accepted

energy = -1639.806442
energy/site = -2.530565497
44.2226% accepted

energy = -169.2293979
energy/site = -0.2611564783
44.3559% accepted

energy = -1371.582995
energy/site = -2.116640425
44.1407% accepted

energy = -214.4281933
energy/site = -0.3309077057
44.2917% accepted

energy = -298.0046556
energy/site = -0.4598837278
44.2029% accepted

energy = -66.3080288
energy/site = -0.1023272049
44.0819% accepted

energy = -647.7964438
energy/site = -0.9996858701
44.3987% accepted

energy = -207.8572975
energy/site = -0.3207674344
44.2696% accepted

energy = -43.74992994
energy/site = -0.06751532399
44.2283% accepted

energy = -1685.077928
energy/site = -2.600428902
44.3325% accepted

energy = -115.4501372
energy/site = -0.1781637919
44.2519% accepted

energy = -96.13760429
energy/site = -0.1483605004
44.2732% accepted

energy = -411.6510869
energy/site = -0.635264023
44.378% accepted

energy = -873.7084337
energy/site = -1.348315484
44.2675% accepted

energy = -619.5347971
energy/site = -0.9560722178
44.1658% accepted

energy = -4513.120978
energy/site = -6.964692868
44.182% accepted

energy = -177.3529932
energy/site = -0.2736928908
44.2213% accepted

energy = -36.93190377
energy/site = -0.05699367866
44.2665% accepted

energy = -45.55728686
energy/site = -0.07030445503
44.0351% accepted

energy = -240.214598
energy/site = -0.3707015401
44.0143% accepted

energy = -6132.935474
energy/site = -9.464406595
44.3944% accepted

energy = -88.01026098
energy/site = -0.135818304
44.2265% accepted

energy = -129.4226294
energy/site = -0.1997262799
44.3009% accepted

energy = -202.7599063
energy/site = -0.31290109
44.3471% accepted

energy = -2828.714066
energy/site = -4.365299484
44.1497% accepted

energy = -14544.25977
energy/site = -22.44484533
44.1512% accepted

energy = -10.30007587
energy/site = -0.01589517881
44.2903% accepted

energy = -407.9324849
energy/site = -0.6295254397
44.2632% accepted

energy = -168.9048221
energy/site = -0.2606555896
44.174% accepted

energy = -4383.612812
energy/site = -6.764834586
44.0809% accepted

energy = -552.2438147
energy/site = -0.8522281091
44.2673% accepted

energy = -132.0565412
energy/site = -0.2037909587
44.0948% accepted

energy = -244.0111987
energy/site = -0.3765604918
44.2158% accepted

energy = -247.2656977
energy/site = -0.3815828669
44.1028% accepted

energy = -690.1480344
energy/site = -1.065043263
44.2383% accepted

energy = -98.88083961
energy/site = -0.1525938883
44.316% accepted

energy = -491.8548309
energy/site = -0.7590352329
44.2617% accepted

energy = -274.0011287
energy/site = -0.4228412481
44.3586% accepted

energy = -1353.973644
energy/site = -2.0894655
44.2558% accepted

energy = -1592.142154
energy/site = -2.457009497
44.343% accepted

energy = -174.8806136
energy/site = -0.2698774902
44.1271% accepted

energy = -592.7807823
energy/site = -0.9147851578
44.2061% accepted

energy = -21.88616963
energy/site = -0.03377495314
44.3722% accepted

energy = -400.0947859
energy/site = -0.6174302251
44.2195% accepted

energy = -172.9179609
energy/site = -0.2668487051
44.1699% accepted

energy = -528.038453
energy/site = -0.8148741558
44.3631% accepted

energy = -293.7391237
energy/site = -0.4533011168
44.2733% accepted

energy = -88.92885106
energy/site = -0.1372358813
44.1362% accepted

energy = -1547.993106
energy/site = -2.38887825
44.1892% accepted

energy = -497.8155771
energy/site = -0.7682339153
44.3418% accepted

energy = -345.8076955
energy/site = -0.5336538511
44.1679% accepted

energy = -23.37694173
energy/site = -0.03607552736
44.1851% accepted

energy = -164.0712221
energy/site = -0.2531963304
44.3121% accepted

energy = -480.1831125
energy/site = -0.7410233217
44.1445% accepted

energy = -8.552529946
energy/site = -0.01319834868
44.1962% accepted

energy = -6.788533364
energy/site = -0.01047613173
44.1362% accepted

energy = -123.468637
energy/site = -0.1905380201
44.2602% accepted

energy = -14.24264249
energy/site = -0.02197938655
44.1844% accepted

energy = -458.8155774
energy/site = -0.7080487305
44.2079% accepted

energy = -236.5299926
energy/site = -0.3650154206
44.1876% accepted

energy = -57.60800552
energy/site = -0.08890124308
44.2736% accepted

energy = -2118.886761
energy/site = -3.269886977
44.1264% accepted

energy = -442.9202867
energy/site = -0.6835189609
44.21% accepted

energy = -30.4587816
energy/site = -0.04700429259
44.2311% accepted

energy = -2170.162511
energy/site = -3.34901622
44.1452% accepted

energy = -230.0697421
energy/site = -0.3550458982
44.2383% accepted

energy = -1154.023546
energy/site = -1.780900534
44.2273% accepted

energy = -33.50731322
energy/site = -0.05170881669
44.2387% accepted

energy = -504.1905729
energy/site = -0.7780718718
44.1749% accepted

energy = -450.5762445
energy/site = -0.6953337106
44.2154% accepted

energy = -97.0654846
energy/site = -0.1497924145
44.3629% accepted

energy = -235.3811884
energy/site = -0.3632425747
44.3109% accepted

energy = -669.7913032
energy/site = -1.033628554
44.1837% accepted

energy = -94.16807661
energy/site = -0.1453211059
44.2643% accepted

energy = -236.0970856
energy/site = -0.3643473543
44.1182% accepted

energy = -3296.151419
energy/site = -5.086653424
44.0705% accepted

energy = -97.57619444
energy/site = -0.150580547
44.2764% accepted

energy = -690.7670047
energy/site = -1.065998464
44.2737% accepted

energy = -69.63191705
energy/site = -0.1074566621
44.389% accepted

energy = -172.6586357
energy/site = -0.2664485118
44.432% accepted

energy = -32.46498016
energy/site = -0.05010027802
44.267% accepted

energy = -73.84660024
energy/site = -0.1139608028
44.3772% accepted

energy = -56281.5165
energy/site = -86.85419212
44.2667% accepted

energy = -41.53266029
energy/site = -0.06409361156
44.1492% accepted

energy = -153.3166245
energy/site = -0.2365997292
44.1783% accepted

energy = -7981.743527
energy/site = -12.31750544
44.2854% accepted

energy = -32.65851285
energy/site = -0.05039893958
44.2843% accepted

energy = -1070.426945
energy/site = -1.651893433
44.2728% accepted

energy = -6053.723782
energy/site = -9.34216633
44.3237% accepted

energy = -5421.826656
energy/site = -8.367016444
44.1333% accepted

energy = -1504.242753
energy/site = -2.321362273
44.2024% accepted

energy = -197.2906753
energy/site = -0.3044609187
44.1366% accepted

energy = -102.7953533
energy/site = -0.1586348044
44.469% accepted

energy = -18.20234466
energy/site = -0.02809003806
44.2097% accepted

energy = -384.8979633
energy/site = -0.5939783384
44.2665% accepted

energy = -57.51402873
energy/site = -0.08875621717
44.2708% accepted

energy = -6273.500088
energy/site = -9.681327297
44.3829% accepted

