
weighting by <swap_x> where x = 1
8 x 32 x 1 system
r   = 3  bondops changed per step 
n/N = 80  bond operators / site
its = 1000000  iterations/loop for 10000 loops

energy = -1886.914672
energy/site = -3.685380219
44.375% accepted

energy = -750.6076292
energy/site = -1.466030526
43.7833% accepted

energy = -1555.202887
energy/site = -3.037505639
43.7429% accepted

energy = -792.7240529
energy/site = -1.548289166
43.8761% accepted

energy = -2301.142654
energy/site = -4.494419246
43.705% accepted

energy = -813.2714494
energy/site = -1.5884208
43.6211% accepted

energy = -1086.061867
energy/site = -2.121214584
43.8247% accepted

energy = -1055.76155
energy/site = -2.062034276
43.6145% accepted

energy = -1455.295422
energy/site = -2.842373871
43.6354% accepted

energy = -1382.269153
energy/site = -2.69974444
43.7721% accepted

energy = -867.01557
energy/site = -1.693389785
43.5646% accepted

energy = -663.5113963
energy/site = -1.295920696
43.8675% accepted

energy = -1610.337231
energy/site = -3.145189904
43.6732% accepted

energy = -875.5062077
energy/site = -1.709973062
43.653% accepted

energy = -1799.543282
energy/site = -3.514732973
43.7151% accepted

energy = -1363.064395
energy/site = -2.662235147
43.6378% accepted

energy = -1930.280404
energy/site = -3.770078914
43.6777% accepted

energy = -931.5379275
energy/site = -1.819410015
43.6263% accepted

energy = -2141.11217
energy/site = -4.181859708
43.8769% accepted

energy = -1212.773774
energy/site = -2.368698777
43.775% accepted

energy = -904.3297517
energy/site = -1.766269046
43.8014% accepted

energy = -1314.586055
energy/site = -2.56755089
43.5775% accepted

energy = -1249.313029
energy/site = -2.44006451
43.7915% accepted

energy = -1755.931285
energy/site = -3.429553291
43.6559% accepted

energy = -1828.058979
energy/site = -3.570427694
43.6462% accepted

energy = -1087.677004
energy/site = -2.124369149
43.6201% accepted

energy = -1798.546485
energy/site = -3.512786104
43.716% accepted

energy = -1170.498914
energy/site = -2.286130691
43.9098% accepted

energy = -1719.028923
energy/site = -3.357478365
43.675% accepted

energy = -710.9388148
energy/site = -1.388552373
43.6851% accepted

energy = -1325.524737
energy/site = -2.588915502
43.8044% accepted

energy = -1861.481939
energy/site = -3.635706911
43.8023% accepted

energy = -1461.355354
energy/site = -2.854209676
43.668% accepted

energy = -1338.970193
energy/site = -2.615176159
43.7276% accepted

energy = -1000.203631
energy/site = -1.953522717
43.8051% accepted

energy = -1272.614301
energy/site = -2.485574806
43.5813% accepted

energy = -933.2768304
energy/site = -1.822806309
43.7084% accepted

energy = -1355.681524
energy/site = -2.647815477
43.5088% accepted

energy = -1243.639248
energy/site = -2.428982905
43.5632% accepted

energy = -1499.196248
energy/site = -2.928117671
43.6004% accepted

energy = -2038.691868
energy/site = -3.981820054
43.7849% accepted

energy = -1088.411104
energy/site = -2.125802937
43.7975% accepted

energy = -1778.905519
energy/site = -3.474424842
43.6595% accepted

energy = -2040.370019
energy/site = -3.985097693
43.6821% accepted

energy = -1156.545423
energy/site = -2.25887778
43.7631% accepted

energy = -1060.665038
energy/site = -2.071611403
43.7708% accepted

energy = -1170.700428
energy/site = -2.286524274
43.5887% accepted

energy = -1449.38906
energy/site = -2.830838008
43.6224% accepted

energy = -1542.771134
energy/site = -3.013224871
43.7836% accepted

energy = -1097.672598
energy/site = -2.143891794
43.5434% accepted

energy = -1367.639578
energy/site = -2.67117105
43.6414% accepted

energy = -1077.13601
energy/site = -2.10378127
43.7537% accepted

energy = -967.4415881
energy/site = -1.889534352
43.7404% accepted

energy = -1156.994203
energy/site = -2.259754302
43.7481% accepted

energy = -1937.433417
energy/site = -3.784049642
43.6756% accepted

energy = -2210.910351
energy/site = -4.318184279
43.7728% accepted

energy = -1317.421418
energy/site = -2.573088706
43.6679% accepted

energy = -1460.835788
energy/site = -2.853194898
43.7286% accepted

energy = -1137.923046
energy/site = -2.222505949
43.6197% accepted

energy = -1062.297051
energy/site = -2.074798928
43.5555% accepted

energy = -1746.719817
energy/site = -3.411562142
43.7033% accepted

energy = -1249.965433
energy/site = -2.441338736
43.7776% accepted

energy = -2156.896644
energy/site = -4.212688758
43.6007% accepted

energy = -2006.922537
energy/site = -3.919770579
43.7293% accepted

energy = -1513.357895
energy/site = -2.955777139
43.613% accepted

energy = -980.4552023
energy/site = -1.914951567
43.648% accepted

energy = -2190.203546
energy/site = -4.277741301
43.736% accepted

energy = -2398.796414
energy/site = -4.685149247
43.6593% accepted

energy = -1532.161132
energy/site = -2.992502211
43.6742% accepted

energy = -854.2539549
energy/site = -1.668464756
43.643% accepted

energy = -937.9768016
energy/site = -1.831985941
43.86% accepted

energy = -1224.873058
energy/site = -2.392330191
43.7451% accepted

energy = -1019.179887
energy/site = -1.990585717
43.7803% accepted

energy = -1328.561957
energy/site = -2.594847572
43.8151% accepted

energy = -2080.829192
energy/site = -4.064119516
43.7104% accepted

energy = -1128.769956
energy/site = -2.20462882
43.6848% accepted

energy = -1449.512519
energy/site = -2.831079139
43.6421% accepted

energy = -1575.65169
energy/site = -3.077444706
43.8485% accepted

energy = -808.935067
energy/site = -1.579951303
43.6349% accepted

energy = -758.3892469
energy/site = -1.481228998
43.6212% accepted

energy = -1394.977854
energy/site = -2.724566121
43.8224% accepted

energy = -988.0596996
energy/site = -1.929804101
43.6861% accepted

energy = -1646.193014
energy/site = -3.215220731
43.7201% accepted

energy = -1498.62701
energy/site = -2.927005879
43.5857% accepted

energy = -1426.751388
energy/site = -2.786623804
43.8341% accepted

energy = -1132.213334
energy/site = -2.211354168
43.77% accepted

energy = -1780.213386
energy/site = -3.47697927
43.7224% accepted

energy = -1713.615429
energy/site = -3.346905135
43.8116% accepted

energy = -1297.54794
energy/site = -2.53427332
43.8204% accepted

energy = -960.2877725
energy/site = -1.875562056
43.8936% accepted

energy = -1408.245209
energy/site = -2.750478924
43.5968% accepted

energy = -1569.720043
energy/site = -3.065859459
43.891% accepted

energy = -1102.077012
energy/site = -2.152494165
43.8688% accepted

energy = -2066.462352
energy/site = -4.036059282
43.3812% accepted

energy = -1415.847339
energy/site = -2.765326835
43.717% accepted

energy = -1159.661371
energy/site = -2.264963616
43.5913% accepted

energy = -1644.388322
energy/site = -3.211695941
43.7017% accepted

energy = -1519.411016
energy/site = -2.967599641
43.7878% accepted

energy = -1334.415582
energy/site = -2.606280434
43.7699% accepted

energy = -798.7338574
energy/site = -1.560027065
43.5723% accepted

energy = -1329.054251
energy/site = -2.595809084
43.7162% accepted

energy = -1031.704226
energy/site = -2.015047316
43.7307% accepted

energy = -1095.943969
energy/site = -2.140515565
43.5935% accepted

energy = -947.6647746
energy/site = -1.850907763
43.6652% accepted

energy = -1219.866316
energy/site = -2.382551399
43.8559% accepted

energy = -870.4901993
energy/site = -1.70017617
43.8017% accepted

energy = -1361.826747
energy/site = -2.659817865
43.5333% accepted

energy = -1280.036362
energy/site = -2.50007102
43.7851% accepted

energy = -1489.510331
energy/site = -2.909199866
43.7577% accepted

energy = -1686.237272
energy/site = -3.293432172
43.6565% accepted

energy = -1680.467459
energy/site = -3.282163007
43.9395% accepted

energy = -1637.949202
energy/site = -3.199119536
43.7769% accepted

energy = -958.2393631
energy/site = -1.871561256
43.5372% accepted

energy = -1177.651043
energy/site = -2.300099694
43.761% accepted

energy = -1839.996851
energy/site = -3.59374385
43.7973% accepted

energy = -2105.598504
energy/site = -4.112497078
43.7353% accepted

energy = -931.4902609
energy/site = -1.819316916
43.6039% accepted

energy = -919.7975565
energy/site = -1.796479602
43.6699% accepted

energy = -1158.254464
energy/site = -2.262215749
43.6211% accepted

energy = -1305.375375
energy/site = -2.549561279
43.8634% accepted

energy = -1263.495286
energy/site = -2.467764231
43.8052% accepted

energy = -1139.042141
energy/site = -2.224691681
43.8708% accepted

energy = -1718.43849
energy/site = -3.356325175
43.7047% accepted

energy = -1052.167945
energy/site = -2.055015518
43.7256% accepted

energy = -1576.477786
energy/site = -3.079058175
43.5604% accepted

energy = -1410.626774
energy/site = -2.755130418
43.6191% accepted

energy = -1445.535072
energy/site = -2.823310687
43.6803% accepted

energy = -1176.330191
energy/site = -2.297519905
43.7131% accepted

energy = -1278.910441
energy/site = -2.497871955
43.869% accepted

energy = -1690.819122
energy/site = -3.302381098
43.8797% accepted

energy = -1317.703418
energy/site = -2.573639488
43.8788% accepted

energy = -1262.199893
energy/site = -2.465234167
43.7119% accepted

energy = -923.0471175
energy/site = -1.802826401
43.724% accepted

energy = -1078.40758
energy/site = -2.106264805
43.8436% accepted

energy = -1212.221681
energy/site = -2.36762047
43.7676% accepted

energy = -1497.280854
energy/site = -2.924376669
43.7101% accepted

energy = -1078.938032
energy/site = -2.107300844
43.7655% accepted

energy = -819.6293582
energy/site = -1.60083859
43.7105% accepted

energy = -910.853574
energy/site = -1.779010887
43.8002% accepted

energy = -1348.92279
energy/site = -2.634614824
43.6835% accepted

energy = -1286.454203
energy/site = -2.512605866
43.6876% accepted

energy = -1225.782208
energy/site = -2.394105876
43.7743% accepted

energy = -1006.245691
energy/site = -1.965323616
43.8536% accepted

energy = -1803.627283
energy/site = -3.522709537
43.6148% accepted

energy = -1715.54872
energy/site = -3.350681094
43.9107% accepted

energy = -1512.718455
energy/site = -2.954528233
43.7686% accepted

energy = -991.5108341
energy/site = -1.936544598
43.7616% accepted

energy = -1703.731574
energy/site = -3.32760073
43.7439% accepted

energy = -1218.464536
energy/site = -2.379813547
43.7845% accepted

energy = -1774.823987
energy/site = -3.4664531
43.8852% accepted

energy = -941.2496258
energy/site = -1.838378175
43.6126% accepted

energy = -1624.659268
energy/site = -3.173162632
43.7128% accepted

energy = -976.9228586
energy/site = -1.908052458
43.6401% accepted

energy = -1253.549418
energy/site = -2.448338708
43.7688% accepted

energy = -978.5476171
energy/site = -1.911225815
43.8962% accepted

energy = -1128.339552
energy/site = -2.203788187
43.6816% accepted

energy = -2475.721242
energy/site = -4.835393051
43.636% accepted

energy = -1544.117513
energy/site = -3.015854517
43.6401% accepted

energy = -1255.734418
energy/site = -2.452606285
43.6221% accepted

energy = -1120.451126
energy/site = -2.188381105
43.6382% accepted

energy = -1953.766338
energy/site = -3.815949879
43.4642% accepted

energy = -1999.794201
energy/site = -3.905848048
43.6945% accepted

energy = -1289.536695
energy/site = -2.518626357
43.7954% accepted

energy = -1381.700358
energy/site = -2.698633513
43.6811% accepted

energy = -1510.170047
energy/site = -2.949550874
43.7245% accepted

energy = -1283.019531
energy/site = -2.505897522
43.7135% accepted

energy = -1999.937902
energy/site = -3.906128715
43.7123% accepted

energy = -1448.899238
energy/site = -2.829881325
43.8024% accepted

energy = -858.7491823
energy/site = -1.677244497
43.8194% accepted

energy = -956.8647565
energy/site = -1.868876477
43.6909% accepted

energy = -1294.896692
energy/site = -2.529095101
43.64% accepted

energy = -871.1013927
energy/site = -1.701369908
43.6591% accepted

energy = -1913.725423
energy/site = -3.737744967
43.8195% accepted

energy = -1493.119995
energy/site = -2.916249991
43.718% accepted

energy = -1022.272312
energy/site = -1.996625609
43.5985% accepted

energy = -1382.445222
energy/site = -2.700088323
43.7256% accepted

energy = -1427.077203
energy/site = -2.787260162
43.7272% accepted

energy = -939.2496447
energy/site = -1.834471962
43.7689% accepted

energy = -1787.464881
energy/site = -3.491142345
43.802% accepted

energy = -2025.37203
energy/site = -3.955804747
43.5846% accepted

energy = -2376.574644
energy/site = -4.641747352
43.653% accepted

energy = -1265.336683
energy/site = -2.471360708
43.7167% accepted

energy = -936.2416936
energy/site = -1.828597058
43.7327% accepted

energy = -2252.038774
energy/site = -4.398513231
43.7721% accepted

energy = -965.4004449
energy/site = -1.885547744
43.6357% accepted

energy = -842.2038623
energy/site = -1.644929419
43.5922% accepted

energy = -956.1876905
energy/site = -1.867554083
43.7286% accepted

energy = -1335.973446
energy/site = -2.609323136
43.7206% accepted

energy = -765.6612997
energy/site = -1.495432226
43.6265% accepted

energy = -1890.334179
energy/site = -3.692058943
43.7632% accepted

energy = -703.4513189
energy/site = -1.373928357
43.7162% accepted

energy = -1722.571293
energy/site = -3.364397057
43.6118% accepted

energy = -1150.311633
energy/site = -2.246702408
43.6433% accepted

energy = -1399.619173
energy/site = -2.733631198
43.6372% accepted

energy = -1139.699928
energy/site = -2.225976423
43.7137% accepted

energy = -1018.135226
energy/site = -1.988545363
43.6281% accepted

energy = -2223.12697
energy/site = -4.342044864
43.6969% accepted

energy = -1242.483846
energy/site = -2.426726262
43.7963% accepted

energy = -1310.850546
energy/site = -2.560254973
43.8571% accepted

energy = -872.3605306
energy/site = -1.703829161
43.6475% accepted

energy = -1242.710971
energy/site = -2.427169865
43.6416% accepted

energy = -1187.208831
energy/site = -2.318767247
43.7819% accepted

energy = -1779.23134
energy/site = -3.475061212
43.7735% accepted

energy = -1309.369928
energy/site = -2.557363141
43.7873% accepted

energy = -1665.679776
energy/site = -3.253280813
43.7937% accepted

energy = -1219.464458
energy/site = -2.38176652
43.6301% accepted

energy = -1267.009241
energy/site = -2.474627424
43.6856% accepted

energy = -1647.971829
energy/site = -3.218694978
43.6611% accepted

energy = -3272.030728
energy/site = -6.390685015
43.8701% accepted

energy = -1118.339941
energy/site = -2.184257698
43.6003% accepted

energy = -914.4079367
energy/site = -1.785953001
43.8167% accepted

energy = -2109.104891
energy/site = -4.119345489
43.8591% accepted

energy = -1457.347516
energy/site = -2.846381866
43.6631% accepted

energy = -874.5850946
energy/site = -1.708174013
43.8172% accepted

energy = -1420.904517
energy/site = -2.775204135
43.7183% accepted

energy = -850.9896399
energy/site = -1.66208914
43.6494% accepted

energy = -1128.574677
energy/site = -2.204247416
43.6454% accepted

energy = -1293.236049
energy/site = -2.525851658
43.7163% accepted

energy = -976.6610119
energy/site = -1.907541039
43.7485% accepted

energy = -834.24317
energy/site = -1.629381191
43.7723% accepted

energy = -978.6120164
energy/site = -1.911351595
43.618% accepted

energy = -940.7208681
energy/site = -1.837345445
43.68% accepted

energy = -1387.510837
energy/site = -2.709982104
43.5911% accepted

energy = -1351.194083
energy/site = -2.639050943
43.7212% accepted

energy = -1510.110525
energy/site = -2.949434619
43.8431% accepted

energy = -1592.711988
energy/site = -3.110765602
43.864% accepted

energy = -1802.968311
energy/site = -3.521422483
43.7418% accepted

energy = -1009.046133
energy/site = -1.970793229
43.6331% accepted

energy = -1259.374037
energy/site = -2.459714915
43.7386% accepted

energy = -1765.781969
energy/site = -3.448792908
43.7512% accepted

energy = -946.8471905
energy/site = -1.849310919
43.6622% accepted

energy = -1049.267836
energy/site = -2.049351242
43.4043% accepted

energy = -1075.765703
energy/site = -2.101104889
43.6913% accepted

energy = -1529.616209
energy/site = -2.987531658
43.7731% accepted

energy = -992.1350496
energy/site = -1.937763769
43.6508% accepted

energy = -1165.114192
energy/site = -2.275613656
43.7857% accepted

energy = -1574.608937
energy/site = -3.07540808
43.6707% accepted

energy = -1189.531622
energy/site = -2.32330395
43.8144% accepted

energy = -771.8539921
energy/site = -1.507527328
43.6273% accepted

energy = -1126.308645
energy/site = -2.199821573
43.6859% accepted

energy = -1269.648689
energy/site = -2.479782597
43.5487% accepted

energy = -1111.333511
energy/site = -2.170573264
43.6773% accepted

energy = -1707.229595
energy/site = -3.334432803
43.6398% accepted

energy = -1704.254732
energy/site = -3.328622524
43.8063% accepted

energy = -1232.011424
energy/site = -2.406272312
43.6914% accepted

energy = -932.489301
energy/site = -1.821268166
43.6401% accepted

energy = -770.4387317
energy/site = -1.504763148
43.7668% accepted

energy = -1909.684701
energy/site = -3.729852932
43.7248% accepted

energy = -969.0163772
energy/site = -1.892610112
43.7226% accepted

energy = -1053.425211
energy/site = -2.057471114
43.6946% accepted

energy = -1589.84489
energy/site = -3.105165801
43.7268% accepted

energy = -1080.602998
energy/site = -2.110552731
43.8289% accepted

energy = -1735.626209
energy/site = -3.389894939
43.7203% accepted

energy = -1493.417119
energy/site = -2.91683031
43.659% accepted

energy = -1248.322993
energy/site = -2.438130846
43.5501% accepted

energy = -2541.785827
energy/site = -4.964425443
43.7415% accepted

energy = -1663.890261
energy/site = -3.249785666
43.7526% accepted

energy = -1560.647874
energy/site = -3.048140379
43.7096% accepted

energy = -1363.988883
energy/site = -2.664040786
43.703% accepted

energy = -807.4868043
energy/site = -1.577122665
43.928% accepted

energy = -1589.106154
energy/site = -3.103722957
43.8764% accepted

energy = -665.0760831
energy/site = -1.298976725
43.7452% accepted

energy = -1115.740148
energy/site = -2.179179977
43.7142% accepted

energy = -1365.668331
energy/site = -2.667320958
43.7528% accepted

energy = -1536.176756
energy/site = -3.000345227
43.7407% accepted

energy = -793.131991
energy/site = -1.54908592
43.9074% accepted

energy = -1114.405723
energy/site = -2.176573677
43.6656% accepted

energy = -957.2194684
energy/site = -1.869569274
43.6366% accepted

energy = -1082.354485
energy/site = -2.113973603
43.7419% accepted

energy = -799.7052801
energy/site = -1.561924375
43.8751% accepted

energy = -977.0375693
energy/site = -1.908276503
43.8233% accepted

energy = -1030.908833
energy/site = -2.013493814
43.8563% accepted

energy = -1691.629417
energy/site = -3.303963705
43.6032% accepted

energy = -2525.607666
energy/site = -4.932827472
43.6922% accepted

energy = -1508.417314
energy/site = -2.946127566
43.6519% accepted

energy = -1077.734324
energy/site = -2.104949851
43.8511% accepted

energy = -1541.935733
energy/site = -3.011593229
43.6161% accepted

energy = -1241.790784
energy/site = -2.425372625
43.6589% accepted

energy = -948.1384709
energy/site = -1.851832951
43.494% accepted

energy = -949.4332656
energy/site = -1.854361847
43.7958% accepted

energy = -1243.184892
energy/site = -2.428095493
43.794% accepted

energy = -858.3560467
energy/site = -1.676476654
43.5795% accepted

energy = -1095.898823
energy/site = -2.140427389
43.8149% accepted

energy = -1581.1986
energy/site = -3.088278515
43.7512% accepted

energy = -1893.75936
energy/site = -3.69874875
43.7926% accepted

energy = -777.5903042
energy/site = -1.518731063
43.8046% accepted

energy = -1187.662947
energy/site = -2.319654194
43.5512% accepted

energy = -1565.497087
energy/site = -3.057611499
43.7754% accepted

energy = -1046.72401
energy/site = -2.044382831
43.7702% accepted

energy = -844.7304081
energy/site = -1.649864078
43.7245% accepted

energy = -1314.312373
energy/site = -2.567016353
43.6053% accepted

energy = -2183.403213
energy/site = -4.264459401
43.7153% accepted

energy = -857.2594387
energy/site = -1.674334841
43.8134% accepted

energy = -2045.331574
energy/site = -3.99478823
43.7173% accepted

energy = -1074.220629
energy/site = -2.098087167
43.6784% accepted

energy = -1421.900259
energy/site = -2.777148943
43.7414% accepted

energy = -883.6662756
energy/site = -1.725910694
43.6216% accepted

energy = -1193.984158
energy/site = -2.332000309
43.5254% accepted

energy = -1329.92121
energy/site = -2.597502364
43.7288% accepted

energy = -1602.457844
energy/site = -3.129800476
43.8104% accepted

energy = -1859.200016
energy/site = -3.631250031
43.6712% accepted

energy = -1595.015047
energy/site = -3.115263764
43.6263% accepted

energy = -1736.406771
energy/site = -3.391419474
43.6324% accepted

energy = -1456.550776
energy/site = -2.844825734
43.6992% accepted

energy = -1651.246318
energy/site = -3.225090465
43.5937% accepted

energy = -1393.782368
energy/site = -2.722231187
43.6308% accepted

energy = -1247.865063
energy/site = -2.43723645
43.564% accepted

energy = -1001.860303
energy/site = -1.956758404
43.6961% accepted

energy = -912.7222517
energy/site = -1.782660648
43.6871% accepted

energy = -764.6570225
energy/site = -1.493470747
43.7628% accepted

energy = -1374.954646
energy/site = -2.685458293
43.7302% accepted

energy = -1719.501875
energy/site = -3.358402099
43.7252% accepted

energy = -1123.043164
energy/site = -2.19344368
43.7754% accepted

energy = -1025.060821
energy/site = -2.002071916
43.8086% accepted

energy = -1184.835177
energy/site = -2.314131206
43.6861% accepted

energy = -1434.632251
energy/site = -2.802016114
43.5787% accepted

energy = -1533.592939
energy/site = -2.99529871
43.799% accepted

energy = -1435.787993
energy/site = -2.804273423
43.7581% accepted

energy = -902.6071819
energy/site = -1.762904652
43.6201% accepted

energy = -1143.803072
energy/site = -2.233990374
43.6024% accepted

energy = -1283.393638
energy/site = -2.5066282
43.7777% accepted

energy = -1309.929615
energy/site = -2.55845628
43.6079% accepted

energy = -2603.657822
energy/site = -5.085269184
43.7371% accepted

energy = -1027.473316
energy/site = -2.006783821
43.608% accepted

energy = -1017.049201
energy/site = -1.986424221
43.5876% accepted

energy = -1568.325073
energy/site = -3.063134907
43.7299% accepted

energy = -889.3987029
energy/site = -1.737106842
43.6953% accepted

energy = -1647.917307
energy/site = -3.218588491
43.5969% accepted

energy = -1474.744089
energy/site = -2.880359549
43.7601% accepted

energy = -876.7894834
energy/site = -1.71247946
43.7379% accepted

energy = -1266.913088
energy/site = -2.474439624
43.6077% accepted

energy = -1454.758974
energy/site = -2.841326121
43.7583% accepted

energy = -1202.804238
energy/site = -2.349227027
43.839% accepted

energy = -1522.78964
energy/site = -2.974198515
43.9159% accepted

energy = -1466.365704
energy/site = -2.863995516
43.6094% accepted

energy = -2735.326289
energy/site = -5.342434158
43.8157% accepted

energy = -690.5689867
energy/site = -1.348767552
43.6425% accepted

energy = -1804.96389
energy/site = -3.525320097
43.6489% accepted

energy = -1094.724904
energy/site = -2.138134579
43.819% accepted

energy = -2142.658595
energy/site = -4.184880069
43.7193% accepted

energy = -1338.61127
energy/site = -2.614475137
43.6217% accepted

energy = -1489.656289
energy/site = -2.90948494
43.6281% accepted

energy = -1482.515588
energy/site = -2.895538257
43.6433% accepted

energy = -1301.527643
energy/site = -2.542046177
43.791% accepted

energy = -1060.551384
energy/site = -2.071389421
43.7807% accepted

energy = -1358.362153
energy/site = -2.65305108
43.78% accepted

energy = -1068.175464
energy/site = -2.086280203
43.6041% accepted

energy = -1347.370718
energy/site = -2.631583433
43.8837% accepted

energy = -968.8452922
energy/site = -1.892275961
43.7305% accepted

energy = -691.2353865
energy/site = -1.350069114
43.7206% accepted

energy = -1052.921344
energy/site = -2.056487
43.756% accepted

energy = -939.0324841
energy/site = -1.83404782
43.7898% accepted

energy = -1636.189516
energy/site = -3.195682649
43.6407% accepted

energy = -1126.14562
energy/site = -2.199503165
43.7095% accepted

energy = -972.7549366
energy/site = -1.899911986
43.6058% accepted

energy = -2458.680553
energy/site = -4.802110455
43.6738% accepted

energy = -1117.038978
energy/site = -2.181716754
43.8023% accepted

energy = -966.2602164
energy/site = -1.887226985
43.6608% accepted

energy = -1031.490173
energy/site = -2.014629244
43.8299% accepted

energy = -1059.822342
energy/site = -2.069965512
43.9212% accepted

energy = -1051.76387
energy/site = -2.054226308
43.6586% accepted

energy = -1440.904267
energy/site = -2.814266146
43.6376% accepted

energy = -1509.444139
energy/site = -2.948133083
43.733% accepted

energy = -1191.122189
energy/site = -2.326410526
43.6338% accepted

energy = -1286.526669
energy/site = -2.5127474
43.6236% accepted

energy = -1024.576009
energy/site = -2.001125017
43.8204% accepted

energy = -1655.952994
energy/site = -3.234283191
43.6958% accepted

energy = -1813.97184
energy/site = -3.542913751
43.5833% accepted

energy = -1669.941776
energy/site = -3.26160503
43.7143% accepted

energy = -1086.483675
energy/site = -2.122038427
43.6922% accepted

energy = -1655.589496
energy/site = -3.233573234
43.6559% accepted

energy = -1376.155174
energy/site = -2.687803074
43.764% accepted

energy = -1094.625048
energy/site = -2.137939548
43.7511% accepted

energy = -943.6081369
energy/site = -1.842984642
43.7773% accepted

energy = -1024.322953
energy/site = -2.000630768
43.885% accepted

energy = -1388.128637
energy/site = -2.711188745
43.8304% accepted

energy = -1210.237077
energy/site = -2.363744292
43.6673% accepted

energy = -1035.250448
energy/site = -2.021973532
43.871% accepted

energy = -1512.897684
energy/site = -2.954878289
43.6692% accepted

energy = -1242.585432
energy/site = -2.426924671
43.7285% accepted

energy = -1643.565718
energy/site = -3.210089293
43.6932% accepted

energy = -1226.985061
energy/site = -2.396455198
43.6118% accepted

energy = -1377.729227
energy/site = -2.690877396
43.6585% accepted

energy = -1168.469422
energy/site = -2.28216684
43.6064% accepted

energy = -1688.197764
energy/site = -3.297261257
43.6919% accepted

energy = -3226.635483
energy/site = -6.302022428
43.7185% accepted

energy = -1148.40014
energy/site = -2.242969023
43.7435% accepted

energy = -1723.237877
energy/site = -3.365698979
43.6381% accepted

energy = -1302.59821
energy/site = -2.544137128
43.6704% accepted

energy = -1025.019419
energy/site = -2.001991053
43.7658% accepted

energy = -1478.566615
energy/site = -2.88782542
43.7003% accepted

energy = -1462.515798
energy/site = -2.856476168
43.8044% accepted

energy = -1346.598434
energy/site = -2.630075066
43.504% accepted

energy = -1233.628496
energy/site = -2.409430656
43.7073% accepted

energy = -1354.682934
energy/site = -2.645865105
43.5442% accepted

energy = -1225.528196
energy/site = -2.393609759
43.5889% accepted

energy = -855.0977894
energy/site = -1.67011287
43.5875% accepted

energy = -1524.751239
energy/site = -2.978029764
43.6292% accepted

energy = -1491.418658
energy/site = -2.912927066
43.7109% accepted

energy = -746.8471115
energy/site = -1.458685765
43.8718% accepted

energy = -1075.935518
energy/site = -2.101436559
43.9602% accepted

energy = -1085.981324
energy/site = -2.121057274
43.664% accepted

energy = -880.9500252
energy/site = -1.720605518
43.6327% accepted

energy = -898.1600797
energy/site = -1.754218906
43.7177% accepted

energy = -1703.122787
energy/site = -3.326411693
43.7084% accepted

energy = -1378.819383
energy/site = -2.693006607
43.6207% accepted

energy = -1764.280794
energy/site = -3.445860927
43.7358% accepted

energy = -1185.45559
energy/site = -2.315342948
43.6566% accepted

energy = -1206.072415
energy/site = -2.355610186
43.6295% accepted

energy = -1453.240965
energy/site = -2.83836126
43.569% accepted

energy = -1081.788883
energy/site = -2.112868912
43.6335% accepted

energy = -1157.741186
energy/site = -2.261213253
43.6665% accepted

energy = -1079.852253
energy/site = -2.109086432
43.7408% accepted

energy = -1232.832669
energy/site = -2.407876306
43.6961% accepted

energy = -991.4540734
energy/site = -1.936433737
43.7456% accepted

energy = -864.3649796
energy/site = -1.688212851
43.5427% accepted

energy = -1886.96654
energy/site = -3.685481523
43.5684% accepted

energy = -1123.198148
energy/site = -2.193746383
43.6659% accepted

energy = -1396.564695
energy/site = -2.727665421
43.8175% accepted

energy = -1711.382515
energy/site = -3.342543974
43.6367% accepted

energy = -1057.440094
energy/site = -2.065312683
43.6217% accepted

energy = -858.5169077
energy/site = -1.676790835
43.7432% accepted

energy = -1563.710856
energy/site = -3.054122766
43.6751% accepted

energy = -952.329801
energy/site = -1.860019143
43.7548% accepted

energy = -2369.06955
energy/site = -4.627088966
43.7871% accepted

energy = -1502.464987
energy/site = -2.934501927
43.5781% accepted

energy = -1269.778577
energy/site = -2.480036283
43.7869% accepted

energy = -1860.220839
energy/site = -3.633243826
43.7275% accepted

energy = -1619.838211
energy/site = -3.163746505
43.711% accepted

energy = -1227.990369
energy/site = -2.398418689
43.7425% accepted

energy = -955.9876382
energy/site = -1.867163356
43.7845% accepted

energy = -2251.403063
energy/site = -4.397271608
43.777% accepted

energy = -1235.1921
energy/site = -2.412484571
43.7747% accepted

energy = -890.3634857
energy/site = -1.738991183
43.7864% accepted

energy = -1596.40381
energy/site = -3.117976191
43.6878% accepted

energy = -1219.716108
energy/site = -2.382258024
43.6643% accepted

energy = -1688.165733
energy/site = -3.297198697
43.8508% accepted

energy = -1126.993495
energy/site = -2.20115917
43.8364% accepted

energy = -1045.729068
energy/site = -2.042439586
43.7075% accepted

energy = -1819.593874
energy/site = -3.553894285
43.7203% accepted

energy = -1837.043058
energy/site = -3.587974722
43.7106% accepted

energy = -1964.438602
energy/site = -3.836794144
43.775% accepted

energy = -1081.886816
energy/site = -2.113060188
43.7773% accepted

energy = -1013.229042
energy/site = -1.978962972
43.6157% accepted

energy = -1482.293409
energy/site = -2.895104315
43.759% accepted

energy = -2416.098125
energy/site = -4.71894165
43.742% accepted

energy = -1790.446279
energy/site = -3.496965388
43.7696% accepted

energy = -1350.841253
energy/site = -2.638361822
43.6758% accepted

energy = -1049.850265
energy/site = -2.050488799
43.6757% accepted

energy = -511.167934
energy/site = -0.9983748711
43.6627% accepted

energy = -1926.21406
energy/site = -3.762136835
43.5606% accepted

energy = -1320.815678
energy/site = -2.579718121
43.5131% accepted

energy = -2479.127739
energy/site = -4.842046365
43.632% accepted

energy = -893.0146994
energy/site = -1.744169335
43.7935% accepted

energy = -1569.345236
energy/site = -3.065127415
43.6584% accepted

energy = -1091.365066
energy/site = -2.131572395
43.7959% accepted

energy = -1229.268324
energy/site = -2.400914696
43.6901% accepted

energy = -1904.759987
energy/site = -3.720234349
43.7093% accepted

energy = -1041.433228
energy/site = -2.034049273
43.7233% accepted

energy = -1944.121085
energy/site = -3.797111495
43.5993% accepted

energy = -2482.967708
energy/site = -4.849546304
43.7188% accepted

energy = -1334.140216
energy/site = -2.605742609
43.7956% accepted

energy = -999.3679058
energy/site = -1.951890441
43.6856% accepted

energy = -1422.307833
energy/site = -2.777944986
43.8233% accepted

energy = -967.7397208
energy/site = -1.890116642
43.6579% accepted

energy = -1828.765148
energy/site = -3.57180693
43.8657% accepted

energy = -920.9432979
energy/site = -1.798717379
43.5404% accepted

energy = -1198.077262
energy/site = -2.339994653
43.694% accepted

energy = -983.8991708
energy/site = -1.921678068
43.7146% accepted

energy = -1581.161718
energy/site = -3.08820648
43.5946% accepted

energy = -1160.335291
energy/site = -2.266279865
43.772% accepted

energy = -852.7506303
energy/site = -1.665528575
43.692% accepted

energy = -1028.146632
energy/site = -2.008098891
43.6742% accepted

energy = -1187.113579
energy/site = -2.318581208
43.6605% accepted

energy = -1066.897255
energy/site = -2.083783702
43.6959% accepted

energy = -882.0392896
energy/site = -1.722732987
43.6688% accepted

energy = -1505.016272
energy/site = -2.939484907
43.6511% accepted

energy = -1205.834284
energy/site = -2.355145086
43.66% accepted

energy = -1553.267838
energy/site = -3.033726246
43.7943% accepted

energy = -1339.913696
energy/site = -2.617018937
43.5368% accepted

energy = -1560.915817
energy/site = -3.048663705
43.7142% accepted

energy = -1176.218805
energy/site = -2.297302353
43.7996% accepted

energy = -1425.6656
energy/site = -2.784503125
43.6818% accepted

energy = -943.0329834
energy/site = -1.841861296
43.6859% accepted

energy = -1824.303582
energy/site = -3.563092934
43.6691% accepted

energy = -1466.439831
energy/site = -2.864140295
43.6972% accepted

energy = -939.952639
energy/site = -1.835844998
43.7322% accepted

energy = -875.2914141
energy/site = -1.709553543
43.7166% accepted

energy = -1209.565541
energy/site = -2.362432697
43.7042% accepted

energy = -1877.940969
energy/site = -3.667853455
43.8622% accepted

energy = -1873.692096
energy/site = -3.659554875
43.7336% accepted

energy = -1456.944308
energy/site = -2.845594351
43.7271% accepted

energy = -1931.480007
energy/site = -3.772421889
43.7232% accepted

energy = -1420.589379
energy/site = -2.77458863
43.6515% accepted

energy = -1840.404798
energy/site = -3.59454062
43.6823% accepted

energy = -1552.141968
energy/site = -3.03152728
43.7852% accepted

energy = -1185.074246
energy/site = -2.314598137
43.6549% accepted

energy = -1555.764941
energy/site = -3.0386034
43.7965% accepted

energy = -1986.764556
energy/site = -3.880399523
43.6135% accepted

energy = -1351.248957
energy/site = -2.63915812
43.669% accepted

energy = -1307.924426
energy/site = -2.554539895
43.688% accepted

energy = -994.5244069
energy/site = -1.942430482
43.6767% accepted

energy = -2216.176222
energy/site = -4.328469184
43.6197% accepted

energy = -1296.907971
energy/site = -2.533023381
43.8019% accepted

energy = -1557.021033
energy/site = -3.041056706
43.6803% accepted

energy = -1574.700556
energy/site = -3.075587023
43.6319% accepted

energy = -709.5317142
energy/site = -1.385804129
43.6249% accepted

energy = -1532.460707
energy/site = -2.993087318
43.5838% accepted

energy = -1183.749303
energy/site = -2.312010357
43.6552% accepted

energy = -1434.197348
energy/site = -2.801166695
43.7301% accepted

energy = -955.1149217
energy/site = -1.865458832
43.565% accepted

energy = -3272.496748
energy/site = -6.391595211
43.5802% accepted

energy = -1218.97372
energy/site = -2.380808046
43.6637% accepted

energy = -780.3133977
energy/site = -1.524049605
43.8069% accepted

energy = -930.4460334
energy/site = -1.817277409
43.6739% accepted

energy = -929.4797392
energy/site = -1.815390116
43.6141% accepted

energy = -1110.936668
energy/site = -2.16979818
43.7469% accepted

energy = -1009.245311
energy/site = -1.971182248
43.5793% accepted

energy = -1552.021374
energy/site = -3.031291747
43.7167% accepted

energy = -1243.26811
energy/site = -2.428258028
43.8226% accepted

energy = -1289.084585
energy/site = -2.51774333
43.596% accepted

energy = -1066.575751
energy/site = -2.083155764
43.7897% accepted

energy = -1464.384651
energy/site = -2.860126271
43.6375% accepted

energy = -1378.793697
energy/site = -2.692956439
43.761% accepted

energy = -1638.367912
energy/site = -3.199937327
43.7099% accepted

energy = -1730.105221
energy/site = -3.379111759
43.6515% accepted

energy = -1586.743484
energy/site = -3.099108366
43.8753% accepted

energy = -817.5945448
energy/site = -1.596864345
43.8123% accepted

energy = -1574.438586
energy/site = -3.075075364
43.6479% accepted

