
weighting by <swap_x> where x = 5
9 x 36 x 1 system
r   = 3  bondops changed per step 
n/N = 80  bond operators / site
its = 1000000  iterations/loop for 10000 loops

energy = -6063.443848
energy/site = -9.357166432
45.0842% accepted

energy = -1387.959497
energy/site = -2.141912804
44.2264% accepted

energy = -604.9072691
energy/site = -0.9334988721
44.1908% accepted

energy = -794.9314815
energy/site = -1.226746113
44.1963% accepted

energy = -2172.601748
energy/site = -3.352780476
44.1173% accepted

energy = -2850.068141
energy/site = -4.398253304
44.1416% accepted

energy = -3868.307944
energy/site = -5.969611024
44.2583% accepted

energy = -807.0206133
energy/site = -1.245402181
44.2845% accepted

energy = -332.8906422
energy/site = -0.5137201268
44.3656% accepted

energy = -1687.226867
energy/site = -2.603745165
44.2814% accepted

energy = -608.5259002
energy/site = -0.9390831794
44.2074% accepted

energy = -3062.551128
energy/site = -4.726159148
44.3766% accepted

energy = -1876.602548
energy/site = -2.895991586
44.331% accepted

energy = -1895.666242
energy/site = -2.925410867
44.0442% accepted

energy = -2009.688021
energy/site = -3.101370403
44.3613% accepted

energy = -1551.577015
energy/site = -2.394408974
44.211% accepted

energy = -1671.03864
energy/site = -2.578763333
44.1683% accepted

energy = -4892.597946
energy/site = -7.550305473
44.272% accepted

energy = -1270.275705
energy/site = -1.960302014
44.1721% accepted

energy = -2337.507328
energy/site = -3.607264395
44.3428% accepted

energy = -2429.575678
energy/site = -3.749345182
44.264% accepted

energy = -4393.790778
energy/site = -6.780541325
44.3548% accepted

energy = -6296.475388
energy/site = -9.716783006
44.1023% accepted

energy = -318.9374721
energy/site = -0.492187457
44.2599% accepted

energy = -1671.342652
energy/site = -2.579232487
44.3516% accepted

energy = -9283.284361
energy/site = -14.32605611
44.2996% accepted

energy = -4065.524738
energy/site = -6.273957929
44.2925% accepted

energy = -1887.018749
energy/site = -2.91206597
44.3337% accepted

energy = -4686.397434
energy/site = -7.232094806
44.4088% accepted

energy = -2529.01623
energy/site = -3.902802824
44.2348% accepted

energy = -1534.431805
energy/site = -2.367950317
44.1767% accepted

energy = -1951.03906
energy/site = -3.010862747
44.333% accepted

energy = -1704.488193
energy/site = -2.630383014
44.2422% accepted

energy = -2001.129506
energy/site = -3.088162818
44.3528% accepted

energy = -11003.2553
energy/site = -16.98033225
44.2284% accepted

energy = -2280.856765
energy/site = -3.519840687
44.3081% accepted

energy = -2395.665891
energy/site = -3.697015264
44.3462% accepted

energy = -1102.894471
energy/site = -1.701997641
44.2036% accepted

energy = -1269.400188
energy/site = -1.958950907
44.1426% accepted

