
64 x 54 x 1 system
r   = 3  bondops changed per step 
n/N = 15  bond operators / site
its = 100000  iterations/loop for 1000 loops

C(L/2,L/2) = 0.17589
energy = -2436.737617
energy/site = -0.7050745421
50.838% accepted

C(L/2,L/2) = 0.21555
energy = -2367.940365
energy/site = -0.6851679297
45.268% accepted

C(L/2,L/2) = 0.0973725
energy = -2321.114415
energy/site = -0.6716187543
44.377% accepted

C(L/2,L/2) = 0.08172
energy = -2300.411738
energy/site = -0.6656283963
43.951% accepted

C(L/2,L/2) = 0.1168275
energy = -2314.8987
energy/site = -0.6698202257
44.084% accepted

C(L/2,L/2) = 0.1896225
energy = -2306.296905
energy/site = -0.6673312804
44.241% accepted

C(L/2,L/2) = 0.1487175
energy = -2286.409148
energy/site = -0.6615767209
43.981% accepted

C(L/2,L/2) = 0.1501275
energy = -2304.253672
energy/site = -0.6667400673
43.892% accepted

C(L/2,L/2) = 0.1405425
energy = -2300.92659
energy/site = -0.6657773698
43.928% accepted

C(L/2,L/2) = 0.0336825
energy = -2326.465148
energy/site = -0.6731669987
43.815% accepted

C(L/2,L/2) = 0.098145
energy = -2303.905725
energy/site = -0.666639388
43.849% accepted

C(L/2,L/2) = 0.1966275
energy = -2305.373753
energy/site = -0.6670641645
44.254% accepted

C(L/2,L/2) = 0.180825
energy = -2325.593948
energy/site = -0.6729149154
44.452% accepted

C(L/2,L/2) = 0.21942
energy = -2365.84158
energy/site = -0.6845606424
44.087% accepted

C(L/2,L/2) = 0.1800825
energy = -2298.48798
energy/site = -0.6650717535
43.948% accepted

C(L/2,L/2) = 0.085785
energy = -2294.691915
energy/site = -0.663973355
44.083% accepted

C(L/2,L/2) = 0.148875
energy = -2302.22829
energy/site = -0.6661540191
44.053% accepted

C(L/2,L/2) = 0.0648375
energy = -2308.35078
energy/site = -0.6679255729
43.974% accepted

C(L/2,L/2) = 0.0095925
energy = -2293.994378
energy/site = -0.6637715213
43.955% accepted

C(L/2,L/2) = 0.1042425
energy = -2290.683623
energy/site = -0.6628135482
44.414% accepted

C(L/2,L/2) = 0.1563825
energy = -2307.545047
energy/site = -0.6676924327
43.796% accepted

C(L/2,L/2) = 0.1917
energy = -2345.12337
energy/site = -0.6785657899
43.89% accepted

C(L/2,L/2) = 0.1277175
energy = -2301.538492
energy/site = -0.6659544249
43.887% accepted

C(L/2,L/2) = 0.1197225
energy = -2274.888818
energy/site = -0.6582432921
43.686% accepted

C(L/2,L/2) = 0.1572975
energy = -2317.604145
energy/site = -0.6706030512
43.847% accepted

C(L/2,L/2) = 0.13824
energy = -2292.678037
energy/site = -0.6633906359
43.239% accepted

C(L/2,L/2) = 0.0837375
energy = -2326.88856
energy/site = -0.6732895139
43.853% accepted

C(L/2,L/2) = 0.1403775
energy = -2301.433875
energy/site = -0.6659241536
44.235% accepted

C(L/2,L/2) = 0.00342
energy = -2294.375295
energy/site = -0.6638817405
43.934% accepted

C(L/2,L/2) = 0.078675
energy = -2270.502322
energy/site = -0.6569740516
43.778% accepted

C(L/2,L/2) = 0.08349
energy = -2307.250095
energy/site = -0.6676070877
44.025% accepted

C(L/2,L/2) = 0.051975
energy = -2330.265847
energy/site = -0.6742667383
44.096% accepted

C(L/2,L/2) = 0.0878175
energy = -2322.337838
energy/site = -0.6719727539
43.639% accepted

C(L/2,L/2) = 0.1935675
energy = -2299.266863
energy/site = -0.6652971246
43.925% accepted

C(L/2,L/2) = 0.3016275
energy = -2309.994308
energy/site = -0.6684011306
44.357% accepted

C(L/2,L/2) = 0.128775
energy = -2308.560525
energy/site = -0.667986263
44.062% accepted

C(L/2,L/2) = 0.165405
energy = -2303.734702
energy/site = -0.6665899023
43.914% accepted

C(L/2,L/2) = 0.1892775
energy = -2311.657508
energy/site = -0.6688823806
43.897% accepted

C(L/2,L/2) = 0.1033125
energy = -2301.36648
energy/site = -0.6659046528
44.175% accepted

C(L/2,L/2) = 0.146265
energy = -2350.889205
energy/site = -0.680234145
43.924% accepted

C(L/2,L/2) = 0.050235
energy = -2345.82216
energy/site = -0.6787679861
44.249% accepted

C(L/2,L/2) = 0.11796
energy = -2310.714083
energy/site = -0.6686093989
44.092% accepted

C(L/2,L/2) = 0.0990075
energy = -2338.638345
energy/site = -0.6766893359
44.263% accepted

C(L/2,L/2) = 0.1707825
energy = -2329.884608
energy/site = -0.6741564258
44.435% accepted

C(L/2,L/2) = 0.0768075
energy = -2307.18399
energy/site = -0.6675879601
44.214% accepted

C(L/2,L/2) = 0.0168375
energy = -2334.36168
energy/site = -0.675451875
43.852% accepted

C(L/2,L/2) = 0
energy = -2305.182232
energy/site = -0.6670087478
43.512% accepted

C(L/2,L/2) = 0.132885
energy = -2278.616707
energy/site = -0.659321964
43.805% accepted

C(L/2,L/2) = 0.18423
energy = -2295.964275
energy/site = -0.6643415148
44.04% accepted

C(L/2,L/2) = 0.16164
energy = -2313.081953
energy/site = -0.6692945464
43.938% accepted

C(L/2,L/2) = 0.1030575
energy = -2290.255837
energy/site = -0.6626897678
43.838% accepted

C(L/2,L/2) = 0
energy = -2307.56613
energy/site = -0.667698533
43.21% accepted

C(L/2,L/2) = 0.1500075
energy = -2327.201527
energy/site = -0.6733800716
44.056% accepted

C(L/2,L/2) = 0.18132
energy = -2332.482863
energy/site = -0.6749082357
44.134% accepted

C(L/2,L/2) = 0.1626825
energy = -2325.305153
energy/site = -0.672831352
43.951% accepted

C(L/2,L/2) = 0.0371625
energy = -2328.938115
energy/site = -0.6738825564
44.094% accepted

C(L/2,L/2) = 0.2162025
energy = -2364.055223
energy/site = -0.6840437565
44.201% accepted

C(L/2,L/2) = 0.17052
energy = -2287.6143
energy/site = -0.661925434
43.642% accepted

C(L/2,L/2) = 0.1078575
energy = -2310.777683
energy/site = -0.6686278016
43.779% accepted

C(L/2,L/2) = 0.0023175
energy = -2311.773023
energy/site = -0.6689158051
44.162% accepted

C(L/2,L/2) = 0.021765
energy = -2349.049222
energy/site = -0.6797017426
44.339% accepted

C(L/2,L/2) = 0.0933525
energy = -2284.57812
energy/site = -0.6610469097
44.19% accepted

C(L/2,L/2) = 0.1692375
energy = -2315.62875
energy/site = -0.670031467
44.054% accepted

C(L/2,L/2) = 0.15816
energy = -2320.323563
energy/site = -0.6713899197
44.173% accepted

C(L/2,L/2) = 0.09414
energy = -2294.827747
energy/site = -0.6640126584
43.789% accepted

C(L/2,L/2) = 0.0864225
energy = -2322.452287
energy/site = -0.6720058702
43.752% accepted

C(L/2,L/2) = 0.1974075
energy = -2347.800892
energy/site = -0.679340536
44.234% accepted

C(L/2,L/2) = 0.03651
energy = -2338.79697
energy/site = -0.6767352344
43.808% accepted

C(L/2,L/2) = 0.0215625
energy = -2328.610358
energy/site = -0.6737877192
43.79% accepted

C(L/2,L/2) = 0.133515
energy = -2339.663782
energy/site = -0.6769860482
44.095% accepted

C(L/2,L/2) = 0.1569075
energy = -2281.956233
energy/site = -0.6602882617
44.154% accepted

C(L/2,L/2) = 0.146865
energy = -2296.638952
energy/site = -0.6645367339
44.075% accepted

C(L/2,L/2) = 0.0380775
energy = -2288.361915
energy/site = -0.6621417578
44.056% accepted

C(L/2,L/2) = 0.02325
energy = -2311.844925
energy/site = -0.6689366102
44.584% accepted

C(L/2,L/2) = 0.03246
energy = -2332.422068
energy/site = -0.6748906445
44.227% accepted

C(L/2,L/2) = 0.1356225
energy = -2345.335695
energy/site = -0.6786272266
44.599% accepted

C(L/2,L/2) = 0.1204425
energy = -2336.196713
energy/site = -0.6759828451
44.108% accepted

C(L/2,L/2) = 0.00294
energy = -2343.409042
energy/site = -0.6780697461
43.816% accepted

C(L/2,L/2) = 0
energy = -2305.292955
energy/site = -0.6670407856
43.998% accepted

C(L/2,L/2) = 0.2034225
energy = -2328.566265
energy/site = -0.6737749609
44.196% accepted

C(L/2,L/2) = 0.2061825
energy = -2316.94707
energy/site = -0.6704129253
44.022% accepted

C(L/2,L/2) = 0.2276325
energy = -2365.180882
energy/site = -0.6843694683
44.077% accepted

C(L/2,L/2) = 0.2259675
energy = -2321.196105
energy/site = -0.6716423915
43.977% accepted

C(L/2,L/2) = 0.1026675
energy = -2331.30867
energy/site = -0.6745684809
43.917% accepted

C(L/2,L/2) = 0.09138
energy = -2326.095262
energy/site = -0.6730599718
44.262% accepted

C(L/2,L/2) = 0.0411075
energy = -2338.4238
energy/site = -0.6766272569
43.924% accepted

C(L/2,L/2) = 0.1697775
energy = -2282.525558
energy/site = -0.660452997
44.441% accepted

C(L/2,L/2) = 0
energy = -2328.739477
energy/site = -0.6738250803
44.283% accepted

C(L/2,L/2) = 0.1235625
energy = -2325.1974
energy/site = -0.6728001736
43.933% accepted

C(L/2,L/2) = 0.051495
energy = -2265.735547
energy/site = -0.6555947765
43.721% accepted

C(L/2,L/2) = 0.039915
energy = -2313.741577
energy/site = -0.6694854102
44.119% accepted

C(L/2,L/2) = 0.1007475
energy = -2297.258708
energy/site = -0.6647160612
44.645% accepted

C(L/2,L/2) = 0.154275
energy = -2318.273805
energy/site = -0.6707968186
43.807% accepted

C(L/2,L/2) = 0.09717
energy = -2326.651245
energy/site = -0.6732208464
43.986% accepted

C(L/2,L/2) = 0.11403
energy = -2319.771795
energy/site = -0.6712302648
43.952% accepted

C(L/2,L/2) = 0.1303725
energy = -2321.103855
energy/site = -0.6716156988
44.031% accepted

C(L/2,L/2) = 0.2407275
energy = -2337.924105
energy/site = -0.6764826693
43.799% accepted

C(L/2,L/2) = 0.192195
energy = -2329.6869
energy/site = -0.6740992188
44.148% accepted

C(L/2,L/2) = 0.1089375
energy = -2319.853643
energy/site = -0.6712539475
44.145% accepted

C(L/2,L/2) = 0.035115
energy = -2333.906467
energy/site = -0.6753201584
43.822% accepted

C(L/2,L/2) = 0.0653625
energy = -2284.973318
energy/site = -0.6611612609
43.581% accepted

C(L/2,L/2) = 0.0801
energy = -2321.929837
energy/site = -0.6718546984
44.319% accepted

C(L/2,L/2) = 0.1379475
energy = -2336.608335
energy/site = -0.6761019488
43.915% accepted

C(L/2,L/2) = 0.05163
energy = -2305.480335
energy/site = -0.6670950043
43.997% accepted

C(L/2,L/2) = 0.122505
energy = -2307.312008
energy/site = -0.6676250022
43.929% accepted

C(L/2,L/2) = 0.07842
energy = -2320.382138
energy/site = -0.6714068685
44.059% accepted

C(L/2,L/2) = 0.13575
energy = -2303.66253
energy/site = -0.6665690191
44.052% accepted

C(L/2,L/2) = 0.19131
energy = -2283.16911
energy/site = -0.6606392101
44.232% accepted

C(L/2,L/2) = 0.17565
energy = -2291.305807
energy/site = -0.6629935786
43.981% accepted

C(L/2,L/2) = 0.2311125
energy = -2301.70884
energy/site = -0.6660037153
44.027% accepted

C(L/2,L/2) = 0.16449
energy = -2299.640873
energy/site = -0.6654053451
44.354% accepted

C(L/2,L/2) = 0.0050775
energy = -2298.758783
energy/site = -0.6651501107
44.293% accepted

C(L/2,L/2) = 0.0864075
energy = -2292.930803
energy/site = -0.6634637739
44.074% accepted

C(L/2,L/2) = 0.2048175
energy = -2317.897635
energy/site = -0.6706879731
43.729% accepted

C(L/2,L/2) = 0.2041125
energy = -2299.341458
energy/site = -0.6653187088
43.831% accepted

C(L/2,L/2) = 0.141345
energy = -2319.561607
energy/site = -0.6711694466
43.888% accepted

C(L/2,L/2) = 0.07578
energy = -2314.751445
energy/site = -0.6697776172
43.532% accepted

C(L/2,L/2) = 0.146895
energy = -2269.610437
energy/site = -0.6567159831
43.797% accepted

C(L/2,L/2) = 0.1053825
energy = -2319.507825
energy/site = -0.6711538845
44.312% accepted

C(L/2,L/2) = 0.1416375
energy = -2336.377515
energy/site = -0.6760351606
43.934% accepted

C(L/2,L/2) = 0.15003
energy = -2320.439902
energy/site = -0.6714235829
43.964% accepted

C(L/2,L/2) = 0.074925
energy = -2269.616895
energy/site = -0.6567178516
44.031% accepted

C(L/2,L/2) = 0.0691275
energy = -2322.921383
energy/site = -0.6721416037
44.021% accepted

C(L/2,L/2) = 0.108375
energy = -2343.538665
energy/site = -0.6781072526
44.337% accepted

C(L/2,L/2) = 0.1140375
energy = -2321.556668
energy/site = -0.6717467209
44.055% accepted

C(L/2,L/2) = 0.089115
energy = -2286.83754
energy/site = -0.6617006771
43.739% accepted

C(L/2,L/2) = 0.18876
energy = -2318.584035
energy/site = -0.6708865842
44.308% accepted

C(L/2,L/2) = 0.2052225
energy = -2275.267478
energy/site = -0.6583528581
44.189% accepted

C(L/2,L/2) = 0.23403
energy = -2304.2268
energy/site = -0.6667322917
43.879% accepted

C(L/2,L/2) = 0.1778175
energy = -2323.110262
energy/site = -0.6721962565
43.721% accepted

C(L/2,L/2) = 0.06165
energy = -2306.843452
energy/site = -0.6674894249
43.344% accepted

C(L/2,L/2) = 0.0946275
energy = -2333.524792
energy/site = -0.6752097201
43.909% accepted

C(L/2,L/2) = 0
energy = -2306.71806
energy/site = -0.6674531424
43.684% accepted

C(L/2,L/2) = 0.1810425
energy = -2341.642133
energy/site = -0.6775584874
43.534% accepted

C(L/2,L/2) = 0.20109
energy = -2304.348608
energy/site = -0.6667675369
43.636% accepted

C(L/2,L/2) = 0.1562175
energy = -2309.246775
energy/site = -0.6681848307
43.98% accepted

C(L/2,L/2) = 0.03678
energy = -2307.292845
energy/site = -0.6676194575
44.189% accepted

C(L/2,L/2) = 0.00735
energy = -2292.355523
energy/site = -0.6632973155
43.602% accepted

C(L/2,L/2) = 0.088935
energy = -2319.552398
energy/site = -0.6711667817
44.128% accepted

C(L/2,L/2) = 0.1151025
energy = -2296.84488
energy/site = -0.6645963194
43.673% accepted

C(L/2,L/2) = 0.22992
energy = -2290.938015
energy/site = -0.6628871571
44.045% accepted

C(L/2,L/2) = 0.1645875
energy = -2347.634663
energy/site = -0.6792924371
44.389% accepted

C(L/2,L/2) = 0.1529625
energy = -2350.297185
energy/site = -0.6800628429
44.259% accepted

C(L/2,L/2) = 0.1302
energy = -2337.156083
energy/site = -0.6762604405
44.037% accepted

C(L/2,L/2) = 0.13644
energy = -2340.192503
energy/site = -0.6771390343
44.387% accepted

C(L/2,L/2) = 0.0641925
energy = -2321.0709
energy/site = -0.6716061632
44.112% accepted

C(L/2,L/2) = 0.1556025
energy = -2283.530108
energy/site = -0.6607436654
44.32% accepted

C(L/2,L/2) = 0.1521225
energy = -2294.076577
energy/site = -0.663795306
43.976% accepted

C(L/2,L/2) = 0.164565
energy = -2329.502415
energy/site = -0.6740458377
43.919% accepted

C(L/2,L/2) = 0.14622
energy = -2339.92626
energy/site = -0.6770619965
43.964% accepted

C(L/2,L/2) = 0.1155
energy = -2355.316133
energy/site = -0.6815150846
44.18% accepted

C(L/2,L/2) = 0.0608175
energy = -2349.794865
energy/site = -0.6799174957
44.333% accepted

C(L/2,L/2) = 0.00198
energy = -2323.80123
energy/site = -0.6723961892
44.502% accepted

C(L/2,L/2) = 0.144
energy = -2327.680058
energy/site = -0.6735185352
44.177% accepted

C(L/2,L/2) = 0.2252175
energy = -2351.144377
energy/site = -0.6803079796
44.007% accepted

C(L/2,L/2) = 0.030555
energy = -2310.791078
energy/site = -0.6686316775
44.108% accepted

C(L/2,L/2) = 0.077115
energy = -2349.503145
energy/site = -0.6798330859
44.503% accepted

C(L/2,L/2) = 0.0006975
energy = -2330.320403
energy/site = -0.6742825239
43.996% accepted

C(L/2,L/2) = 0.0391875
energy = -2327.48565
energy/site = -0.673462283
43.836% accepted

C(L/2,L/2) = 0.1868925
energy = -2330.958428
energy/site = -0.6744671376
44.095% accepted

C(L/2,L/2) = 0.1883625
energy = -2308.902285
energy/site = -0.6680851519
44.077% accepted

C(L/2,L/2) = 0.170925
energy = -2343.289875
energy/site = -0.6780352648
44.278% accepted

C(L/2,L/2) = 0.07827
energy = -2339.494628
energy/site = -0.6769371029
43.604% accepted

C(L/2,L/2) = 0.0168075
energy = -2374.981508
energy/site = -0.6872052973
43.643% accepted

C(L/2,L/2) = 0.1799475
energy = -2342.299147
energy/site = -0.6777485959
43.974% accepted

C(L/2,L/2) = 0.1823175
energy = -2309.465782
energy/site = -0.668248201
44.212% accepted

C(L/2,L/2) = 0.17868
energy = -2320.06236
energy/site = -0.6713143403
44.066% accepted

C(L/2,L/2) = 0.1674675
energy = -2303.52234
energy/site = -0.6665284549
44.151% accepted

C(L/2,L/2) = 0.00459
energy = -2285.9901
energy/site = -0.6614554687
43.845% accepted

C(L/2,L/2) = 0.04248
energy = -2308.65936
energy/site = -0.6680148611
44.031% accepted

C(L/2,L/2) = 0
energy = -2329.48269
energy/site = -0.6740401302
44.315% accepted

C(L/2,L/2) = 0.08733
energy = -2345.811218
energy/site = -0.6787648199
43.912% accepted

C(L/2,L/2) = 0.0796425
energy = -2311.259152
energy/site = -0.6687671159
43.623% accepted

C(L/2,L/2) = 0.06597
energy = -2280.925192
energy/site = -0.6599899284
44.051% accepted

C(L/2,L/2) = 0.157635
energy = -2303.148675
energy/site = -0.6664203342
43.817% accepted

C(L/2,L/2) = 0.1754475
energy = -2294.393843
energy/site = -0.6638871072
43.793% accepted

C(L/2,L/2) = 0.2150925
energy = -2318.989088
energy/site = -0.6710037869
44.312% accepted

C(L/2,L/2) = 0.2117925
energy = -2309.497455
energy/site = -0.6682573655
43.906% accepted

C(L/2,L/2) = 0.1844175
energy = -2295.595627
energy/site = -0.6642348459
44.277% accepted

C(L/2,L/2) = 0.20235
energy = -2329.860323
energy/site = -0.6741493989
44.14% accepted

C(L/2,L/2) = 0.0490425
energy = -2318.301908
energy/site = -0.6708049501
43.96% accepted

C(L/2,L/2) = 0.12417
energy = -2334.57204
energy/site = -0.6755127431
44.233% accepted

C(L/2,L/2) = 0.196065
energy = -2311.195357
energy/site = -0.6687486567
43.956% accepted

C(L/2,L/2) = 0.197025
energy = -2331.470287
energy/site = -0.6746152452
43.96% accepted

C(L/2,L/2) = 0.059475
energy = -2309.276482
energy/site = -0.6681934266
43.992% accepted

C(L/2,L/2) = 0.1134975
energy = -2310.765682
energy/site = -0.6686243294
43.854% accepted

C(L/2,L/2) = 0.300165
energy = -2331.3927
energy/site = -0.6745927951
44.044% accepted

C(L/2,L/2) = 0.150495
energy = -2303.954032
energy/site = -0.6666533659
43.566% accepted

C(L/2,L/2) = 0.08052
energy = -2334.059115
energy/site = -0.6753643273
44.27% accepted

C(L/2,L/2) = 0
energy = -2325.935693
energy/site = -0.6730137999
43.865% accepted

C(L/2,L/2) = 0
energy = -2307.305048
energy/site = -0.6676229883
44.035% accepted

C(L/2,L/2) = 0.0170625
energy = -2338.892565
energy/site = -0.676762895
44.057% accepted

C(L/2,L/2) = 0.13176
energy = -2339.383702
energy/site = -0.6769050065
43.898% accepted

C(L/2,L/2) = 0.1823175
energy = -2337.757222
energy/site = -0.6764343815
43.894% accepted

C(L/2,L/2) = 0.0998625
energy = -2305.527982
energy/site = -0.6671087912
43.674% accepted

C(L/2,L/2) = 0.0281475
energy = -2311.356225
energy/site = -0.668795204
44.159% accepted

C(L/2,L/2) = 0
energy = -2310.9102
energy/site = -0.6686661458
43.987% accepted

C(L/2,L/2) = 0.124935
energy = -2339.203957
energy/site = -0.676852997
43.86% accepted

C(L/2,L/2) = 0.1499475
energy = -2327.970495
energy/site = -0.6736025738
44.31% accepted

C(L/2,L/2) = 0.142125
energy = -2313.592035
energy/site = -0.6694421398
44.026% accepted

C(L/2,L/2) = 0.1068525
energy = -2292.000742
energy/site = -0.6631946593
44.272% accepted

C(L/2,L/2) = 0.18792
energy = -2315.54835
energy/site = -0.6700082031
43.896% accepted

C(L/2,L/2) = 0.0339
energy = -2343.27678
energy/site = -0.6780314757
44.135% accepted

C(L/2,L/2) = 0.0576375
energy = -2372.354618
energy/site = -0.6864452018
43.969% accepted

C(L/2,L/2) = 0.06735
energy = -2344.532925
energy/site = -0.6783949436
44.213% accepted

C(L/2,L/2) = 0.06873
energy = -2299.837635
energy/site = -0.6654622786
44.188% accepted

C(L/2,L/2) = 0.2077275
energy = -2294.105272
energy/site = -0.6638036089
43.907% accepted

C(L/2,L/2) = 0
energy = -2304.174158
energy/site = -0.6667170595
44.005% accepted

C(L/2,L/2) = 0.079905
energy = -2303.736945
energy/site = -0.6665905512
43.822% accepted

C(L/2,L/2) = 0.127785
energy = -2323.78869
energy/site = -0.6723925608
44.152% accepted

C(L/2,L/2) = 0.070005
energy = -2299.83723
energy/site = -0.6654621615
43.767% accepted

C(L/2,L/2) = 0
energy = -2318.367442
energy/site = -0.6708239128
43.977% accepted

C(L/2,L/2) = 0.0050325
energy = -2275.345972
energy/site = -0.6583755707
43.839% accepted

C(L/2,L/2) = 0.0156375
energy = -2318.157488
energy/site = -0.6707631619
44.33% accepted

C(L/2,L/2) = 0.0625575
energy = -2330.269598
energy/site = -0.6742678234
44.308% accepted

C(L/2,L/2) = 0.12336
energy = -2290.73256
energy/site = -0.6628277083
43.997% accepted

C(L/2,L/2) = 0.139485
energy = -2313.382163
energy/site = -0.6693814128
44.054% accepted

C(L/2,L/2) = 0.1780425
energy = -2326.555612
energy/site = -0.6731931749
44.023% accepted

C(L/2,L/2) = 0
energy = -2347.495447
energy/site = -0.6792521549
43.929% accepted

C(L/2,L/2) = 0.1223625
energy = -2346.774353
energy/site = -0.6790435048
44.171% accepted

C(L/2,L/2) = 0.063975
energy = -2297.541488
energy/site = -0.6647978841
43.847% accepted

C(L/2,L/2) = 0.1732125
energy = -2299.037377
energy/site = -0.6652307227
43.952% accepted

C(L/2,L/2) = 0.1499325
energy = -2285.06034
energy/site = -0.661186441
43.884% accepted

C(L/2,L/2) = 0.04938
energy = -2290.410217
energy/site = -0.6627344379
43.809% accepted

C(L/2,L/2) = 0.1764525
energy = -2330.569695
energy/site = -0.6743546571
43.956% accepted

C(L/2,L/2) = 0.0492675
energy = -2310.176295
energy/site = -0.6684537891
43.648% accepted

C(L/2,L/2) = 0
energy = -2296.75074
energy/site = -0.6645690799
44.175% accepted

C(L/2,L/2) = 0.06297
energy = -2297.83143
energy/site = -0.6648817795
43.828% accepted

C(L/2,L/2) = 0.17202
energy = -2316.50433
energy/site = -0.6702848177
43.847% accepted

C(L/2,L/2) = 0.0650625
energy = -2307.286222
energy/site = -0.6676175412
44.052% accepted

C(L/2,L/2) = 0.051135
energy = -2365.208468
energy/site = -0.6843774501
43.941% accepted

C(L/2,L/2) = 0.1502325
energy = -2283.315143
energy/site = -0.6606814648
44.172% accepted

C(L/2,L/2) = 0.19869
energy = -2280.4383
energy/site = -0.6598490451
43.85% accepted

C(L/2,L/2) = 0.03984
energy = -2307.262912
energy/site = -0.6676107964
44.131% accepted

C(L/2,L/2) = 0.06537
energy = -2310.24993
energy/site = -0.6684750955
43.745% accepted

C(L/2,L/2) = 0.1734075
energy = -2293.311585
energy/site = -0.663573954
44.358% accepted

C(L/2,L/2) = 0.1099425
energy = -2276.357655
energy/site = -0.658668303
44.384% accepted

C(L/2,L/2) = 0.0643875
energy = -2309.35299
energy/site = -0.6682155642
43.843% accepted

C(L/2,L/2) = 0.1299975
energy = -2290.49466
energy/site = -0.6627588715
43.839% accepted

C(L/2,L/2) = 0.08607
energy = -2298.237045
energy/site = -0.664999145
43.985% accepted

C(L/2,L/2) = 0.05259
energy = -2347.188982
energy/site = -0.6791634787
44.502% accepted

C(L/2,L/2) = 0.107745
energy = -2316.074062
energy/site = -0.670160319
44.127% accepted

C(L/2,L/2) = 0.0349575
energy = -2307.763965
energy/site = -0.6677557769
43.891% accepted

C(L/2,L/2) = 0.033555
energy = -2306.176065
energy/site = -0.6672963151
44.083% accepted

C(L/2,L/2) = 0.07329
energy = -2305.243132
energy/site = -0.6670263694
44.05% accepted

C(L/2,L/2) = 0.1581225
energy = -2324.327685
energy/site = -0.67254852
44.176% accepted

C(L/2,L/2) = 0.1719225
energy = -2306.495768
energy/site = -0.6673888216
43.725% accepted

C(L/2,L/2) = 0.2684925
energy = -2314.129057
energy/site = -0.6695975282
44.013% accepted

C(L/2,L/2) = 0.1082175
energy = -2306.788312
energy/site = -0.6674734701
43.999% accepted

C(L/2,L/2) = 0.0334725
energy = -2301.841627
energy/site = -0.6660421376
43.936% accepted

C(L/2,L/2) = 0.05532
energy = -2324.537032
energy/site = -0.6726090951
44.22% accepted

C(L/2,L/2) = 0.05994
energy = -2325.019515
energy/site = -0.6727487023
43.629% accepted

C(L/2,L/2) = 0.157065
energy = -2322.358635
energy/site = -0.6719787717
43.802% accepted

C(L/2,L/2) = 0.067755
energy = -2301.536325
energy/site = -0.6659537977
43.659% accepted

C(L/2,L/2) = 0.1116975
energy = -2363.733367
energy/site = -0.6839506272
44.394% accepted

C(L/2,L/2) = 0.0807075
energy = -2330.502495
energy/site = -0.6743352127
44.327% accepted

C(L/2,L/2) = 0.0795075
energy = -2316.686122
energy/site = -0.6703374197
43.801% accepted

C(L/2,L/2) = 0.045885
energy = -2303.815395
energy/site = -0.6666132509
43.935% accepted

C(L/2,L/2) = 0.1364625
energy = -2333.464448
energy/site = -0.6751922591
44.091% accepted

C(L/2,L/2) = 0.06138
energy = -2315.489805
energy/site = -0.669991263
43.628% accepted

C(L/2,L/2) = 0.0829575
energy = -2305.029068
energy/site = -0.6669644293
43.597% accepted

C(L/2,L/2) = 0.1375275
energy = -2299.045672
energy/site = -0.6652331228
43.935% accepted

C(L/2,L/2) = 0.0236475
energy = -2300.516887
energy/site = -0.6656588216
44.118% accepted

C(L/2,L/2) = 0
energy = -2286.198008
energy/site = -0.6615156272
43.788% accepted

C(L/2,L/2) = 0.1449525
energy = -2297.368005
energy/site = -0.6647476866
44.059% accepted

C(L/2,L/2) = 0.0577275
energy = -2335.512435
energy/site = -0.6757848481
44.278% accepted

C(L/2,L/2) = 0.12585
energy = -2352.482895
energy/site = -0.6806952821
44.076% accepted

C(L/2,L/2) = 0.19908
energy = -2321.89779
energy/site = -0.6718454253
44.184% accepted

C(L/2,L/2) = 0.100485
energy = -2319.150668
energy/site = -0.6710505404
44.141% accepted

C(L/2,L/2) = 0.0653025
energy = -2350.098983
energy/site = -0.6800054926
44.272% accepted

C(L/2,L/2) = 0.0578775
energy = -2321.219782
energy/site = -0.6716492426
43.962% accepted

C(L/2,L/2) = 0.0434625
energy = -2329.878802
energy/site = -0.6741547461
44.243% accepted

C(L/2,L/2) = 0.096855
energy = -2311.625318
energy/site = -0.6688730664
44.36% accepted

C(L/2,L/2) = 0.21276
energy = -2318.011028
energy/site = -0.6707207834
44.375% accepted

C(L/2,L/2) = 0.1896525
energy = -2303.674792
energy/site = -0.6665725673
43.883% accepted

C(L/2,L/2) = 0.19041
energy = -2335.71831
energy/site = -0.6758444184
43.947% accepted

C(L/2,L/2) = 0.115155
energy = -2282.697637
energy/site = -0.6605027886
44.162% accepted

C(L/2,L/2) = 0.1843575
energy = -2337.690352
energy/site = -0.6764150326
44.319% accepted

C(L/2,L/2) = 0.0752925
energy = -2331.373155
energy/site = -0.6745871398
44.25% accepted

C(L/2,L/2) = 0.0642225
energy = -2300.573542
energy/site = -0.6656752148
44.143% accepted

C(L/2,L/2) = 0.174075
energy = -2311.77933
energy/site = -0.6689176302
43.792% accepted

C(L/2,L/2) = 0
energy = -2305.833105
energy/site = -0.667197079
44.132% accepted

C(L/2,L/2) = 0.113655
energy = -2312.913277
energy/site = -0.66924574
44.071% accepted

C(L/2,L/2) = 0.0518475
energy = -2347.34436
energy/site = -0.6792084375
44.018% accepted

C(L/2,L/2) = 0.199515
energy = -2315.715135
energy/site = -0.6700564627
44.163% accepted

C(L/2,L/2) = 0.084555
energy = -2334.342825
energy/site = -0.6754464193
44.091% accepted

C(L/2,L/2) = 0.1269825
energy = -2339.550345
energy/site = -0.6769532248
44.161% accepted

C(L/2,L/2) = 0.2499675
energy = -2321.120917
energy/site = -0.6716206359
44.381% accepted

C(L/2,L/2) = 0.15399
energy = -2325.328388
energy/site = -0.6728380751
43.954% accepted

C(L/2,L/2) = 0.081525
energy = -2331.804848
energy/site = -0.6747120508
43.869% accepted

C(L/2,L/2) = 0.020775
energy = -2327.994465
energy/site = -0.6736095095
44.36% accepted

C(L/2,L/2) = 0.11184
energy = -2309.90043
energy/site = -0.668373967
44.033% accepted

C(L/2,L/2) = 0.161025
energy = -2317.314368
energy/site = -0.6705192036
43.968% accepted

C(L/2,L/2) = 0.0790725
energy = -2295.883935
energy/site = -0.6643182682
44.084% accepted

C(L/2,L/2) = 0.110775
energy = -2295.411765
energy/site = -0.664181645
43.574% accepted

C(L/2,L/2) = 0.1759575
energy = -2287.830998
energy/site = -0.6619881359
44.168% accepted

C(L/2,L/2) = 0.1053525
energy = -2330.071928
energy/site = -0.6742106272
44.232% accepted

C(L/2,L/2) = 0.16602
energy = -2319.170828
energy/site = -0.6710563737
44.078% accepted

C(L/2,L/2) = 0.123645
energy = -2305.208925
energy/site = -0.6670164714
44.353% accepted

C(L/2,L/2) = 0.184515
energy = -2302.224975
energy/site = -0.6661530599
44.126% accepted

C(L/2,L/2) = 0.10218
energy = -2302.830045
energy/site = -0.666328138
43.829% accepted

C(L/2,L/2) = 0.0638625
energy = -2341.10064
energy/site = -0.6774018056
43.837% accepted

C(L/2,L/2) = 0.272745
energy = -2299.492102
energy/site = -0.6653622982
43.923% accepted

C(L/2,L/2) = 0.1990725
energy = -2309.189212
energy/site = -0.6681681749
43.522% accepted

C(L/2,L/2) = 0.1537425
energy = -2309.108183
energy/site = -0.6681447287
43.859% accepted

C(L/2,L/2) = 0.019875
energy = -2382.377768
energy/site = -0.6893454188
44.047% accepted

C(L/2,L/2) = 0.0786975
energy = -2332.066583
energy/site = -0.6747877843
43.745% accepted

C(L/2,L/2) = 0.1011975
energy = -2325.280575
energy/site = -0.6728242405
43.725% accepted

C(L/2,L/2) = 0.2267625
energy = -2307.00069
energy/site = -0.6675349219
44.191% accepted

C(L/2,L/2) = 0.028515
energy = -2304.506955
energy/site = -0.666813355
43.769% accepted

C(L/2,L/2) = 0.04176
energy = -2333.56302
energy/site = -0.6752207813
43.832% accepted

C(L/2,L/2) = 0.14958
energy = -2283.662003
energy/site = -0.6607818294
43.772% accepted

C(L/2,L/2) = 0.00345
energy = -2301.762367
energy/site = -0.6660192036
43.969% accepted

C(L/2,L/2) = 0
energy = -2318.66886
energy/site = -0.6709111285
43.886% accepted

C(L/2,L/2) = 0.072795
energy = -2340.780195
energy/site = -0.6773090842
44.284% accepted

C(L/2,L/2) = 0.1908225
energy = -2330.506012
energy/site = -0.6743362305
43.688% accepted

C(L/2,L/2) = 0.128025
energy = -2283.874815
energy/site = -0.6608434071
43.876% accepted

C(L/2,L/2) = 0.193125
energy = -2305.161195
energy/site = -0.6670026606
44.037% accepted

C(L/2,L/2) = 0.193815
energy = -2350.09647
energy/site = -0.6800047656
43.935% accepted

C(L/2,L/2) = 0.0904875
energy = -2329.177793
energy/site = -0.6739519076
43.98% accepted

C(L/2,L/2) = 0.11826
energy = -2304.380633
energy/site = -0.6667768034
44% accepted

C(L/2,L/2) = 0.1990725
energy = -2292.73002
energy/site = -0.6634056771
43.97% accepted

C(L/2,L/2) = 0.0878625
energy = -2302.41507
energy/site = -0.6662080642
43.904% accepted

C(L/2,L/2) = 0.191895
energy = -2303.694937
energy/site = -0.6665783963
44.486% accepted

C(L/2,L/2) = 0.1692075
energy = -2331.682028
energy/site = -0.6746765126
43.652% accepted

C(L/2,L/2) = 0.1193775
energy = -2328.895042
energy/site = -0.6738700933
43.388% accepted

C(L/2,L/2) = 0.1872075
energy = -2306.448877
energy/site = -0.6673752539
43.752% accepted

C(L/2,L/2) = 0.151335
energy = -2343.429075
energy/site = -0.6780755425
43.908% accepted

C(L/2,L/2) = 0.134805
energy = -2307.73647
energy/site = -0.6677478212
43.83% accepted

C(L/2,L/2) = 0.17175
energy = -2329.652865
energy/site = -0.6740893707
44.297% accepted

C(L/2,L/2) = 0.2342925
energy = -2331.270465
energy/site = -0.6745574262
43.875% accepted

C(L/2,L/2) = 0.1553475
energy = -2283.77256
energy/site = -0.6608138194
44.304% accepted

C(L/2,L/2) = 0.0245775
energy = -2341.241318
energy/site = -0.6774425109
44.262% accepted

C(L/2,L/2) = 0.02856
energy = -2348.372737
energy/site = -0.6795060004
44.085% accepted

C(L/2,L/2) = 0.064455
energy = -2361.432495
energy/site = -0.6832848655
43.609% accepted

C(L/2,L/2) = 0.0522225
energy = -2341.796235
energy/site = -0.6776030773
43.946% accepted

C(L/2,L/2) = 0.1460925
energy = -2300.642723
energy/site = -0.6656952322
43.465% accepted

C(L/2,L/2) = 0.212955
energy = -2313.634477
energy/site = -0.6694544206
44.075% accepted

C(L/2,L/2) = 0.0043275
energy = -2318.166743
energy/site = -0.6707658398
43.757% accepted

C(L/2,L/2) = 0.2187525
energy = -2317.673708
energy/site = -0.6706231793
43.694% accepted

C(L/2,L/2) = 0.003135
energy = -2325.97107
energy/site = -0.6730240365
44.07% accepted

C(L/2,L/2) = 0.0516975
energy = -2283.759757
energy/site = -0.660810115
44.356% accepted

C(L/2,L/2) = 0.1784625
energy = -2301.838732
energy/site = -0.6660412999
44.255% accepted

C(L/2,L/2) = 0.1632675
energy = -2277.387157
energy/site = -0.6589661914
43.634% accepted

C(L/2,L/2) = 0.1081725
energy = -2266.88052
energy/site = -0.6559260764
43.785% accepted

C(L/2,L/2) = 0.073065
energy = -2284.196542
energy/site = -0.6609364996
44.414% accepted

C(L/2,L/2) = 0.1558275
energy = -2296.75785
energy/site = -0.6645711372
44.223% accepted

C(L/2,L/2) = 0.168495
energy = -2307.987277
energy/site = -0.6678203928
43.734% accepted

C(L/2,L/2) = 0.1937325
energy = -2314.874115
energy/site = -0.669813112
43.918% accepted

C(L/2,L/2) = 0.1106925
energy = -2359.22763
energy/site = -0.6826468837
43.835% accepted

C(L/2,L/2) = 0
energy = -2333.7948
energy/site = -0.6752878472
44.223% accepted

C(L/2,L/2) = 0.0455175
energy = -2323.16478
energy/site = -0.6722120313
43.966% accepted

C(L/2,L/2) = 0.0583275
energy = -2271.169005
energy/site = -0.6571669575
44.102% accepted

C(L/2,L/2) = 0.13179
energy = -2307.083198
energy/site = -0.6675587956
43.902% accepted

C(L/2,L/2) = 0.1211175
energy = -2310.29403
energy/site = -0.6684878559
43.934% accepted

C(L/2,L/2) = 0.1147275
energy = -2303.300587
energy/site = -0.6664642904
43.652% accepted

C(L/2,L/2) = 0.0604875
energy = -2292.80826
energy/site = -0.663428316
43.799% accepted

C(L/2,L/2) = 0.21021
energy = -2271.610552
energy/site = -0.6572947201
43.843% accepted

C(L/2,L/2) = 0.1383825
energy = -2293.357777
energy/site = -0.6635873199
43.965% accepted

C(L/2,L/2) = 0.1720425
energy = -2317.742708
energy/site = -0.6706431445
43.575% accepted

C(L/2,L/2) = 0.2253225
energy = -2294.89725
energy/site = -0.6640327691
44.329% accepted

C(L/2,L/2) = 0.2099475
energy = -2307.769328
energy/site = -0.6677573286
43.74% accepted

C(L/2,L/2) = 0.21822
energy = -2345.847098
energy/site = -0.6787752018
44.393% accepted

C(L/2,L/2) = 0.113235
energy = -2308.400257
energy/site = -0.6679398893
44.324% accepted

C(L/2,L/2) = 0.0601125
energy = -2332.266788
energy/site = -0.674845714
44.46% accepted

C(L/2,L/2) = 0.1429725
energy = -2286.70674
energy/site = -0.6616628299
44.214% accepted

C(L/2,L/2) = 0.0063525
energy = -2303.200028
energy/site = -0.6664351931
44.38% accepted

C(L/2,L/2) = 0.11697
energy = -2322.951323
energy/site = -0.6721502669
44.217% accepted

C(L/2,L/2) = 0.07266
energy = -2301.446415
energy/site = -0.6659277821
44.18% accepted

C(L/2,L/2) = 0.159165
energy = -2306.29527
energy/site = -0.6673308073
44.002% accepted

C(L/2,L/2) = 0.18699
energy = -2298.461565
energy/site = -0.6650641102
43.699% accepted

C(L/2,L/2) = 0.1394325
energy = -2299.821562
energy/site = -0.665457628
44.233% accepted

C(L/2,L/2) = 0.1689225
energy = -2315.948122
energy/site = -0.670123878
43.785% accepted

C(L/2,L/2) = 0.1418025
energy = -2327.019945
energy/site = -0.6733275304
43.711% accepted

C(L/2,L/2) = 0.09399
energy = -2309.72541
energy/site = -0.6683233247
44.04% accepted

C(L/2,L/2) = 0.0950625
energy = -2319.91833
energy/site = -0.6712726649
44.054% accepted

C(L/2,L/2) = 0.20505
energy = -2296.662435
energy/site = -0.6645435286
44.1% accepted

C(L/2,L/2) = 0.2029125
energy = -2297.424217
energy/site = -0.6647639518
43.647% accepted

C(L/2,L/2) = 0.23346
energy = -2317.29291
energy/site = -0.6705129948
44.112% accepted

C(L/2,L/2) = 0.1789725
energy = -2314.343122
energy/site = -0.6696594683
44.572% accepted

C(L/2,L/2) = 0.189435
energy = -2295.35823
energy/site = -0.6641661545
43.77% accepted

C(L/2,L/2) = 0.1207275
energy = -2345.066572
energy/site = -0.6785493555
43.727% accepted

C(L/2,L/2) = 0.18657
energy = -2319.91104
energy/site = -0.6712705556
43.822% accepted

C(L/2,L/2) = 0.1154325
energy = -2324.378888
energy/site = -0.6725633355
43.535% accepted

C(L/2,L/2) = 0.1128375
energy = -2334.07329
energy/site = -0.6753684288
43.96% accepted

C(L/2,L/2) = 0.1443975
energy = -2335.41858
energy/site = -0.675757691
43.93% accepted

C(L/2,L/2) = 0.0955425
energy = -2311.430408
energy/site = -0.6688166688
44.109% accepted

C(L/2,L/2) = 0.0841725
energy = -2312.324962
energy/site = -0.66907551
43.863% accepted

C(L/2,L/2) = 0.08493
energy = -2315.086162
energy/site = -0.6698744683
43.818% accepted

C(L/2,L/2) = 0.09093
energy = -2334.46725
energy/site = -0.6754824219
43.943% accepted

C(L/2,L/2) = 0.18741
energy = -2317.809008
energy/site = -0.6706623286
44.177% accepted

C(L/2,L/2) = 0.242085
energy = -2326.615793
energy/site = -0.6732105881
43.809% accepted

C(L/2,L/2) = 0.0062175
energy = -2283.295845
energy/site = -0.6606758811
43.999% accepted

C(L/2,L/2) = 0.0391275
energy = -2297.48403
energy/site = -0.6647812587
44.172% accepted

C(L/2,L/2) = 0.1632675
energy = -2363.905335
energy/site = -0.6840003863
43.769% accepted

C(L/2,L/2) = 0.07062
energy = -2352.084563
energy/site = -0.6805800239
43.734% accepted

C(L/2,L/2) = 0.273405
energy = -2297.55333
energy/site = -0.6648013108
43.992% accepted

C(L/2,L/2) = 0.13119
energy = -2291.004885
energy/site = -0.6629065061
44.022% accepted

C(L/2,L/2) = 0.0661275
energy = -2326.190595
energy/site = -0.6730875564
44.125% accepted

C(L/2,L/2) = 0.10896
energy = -2303.81325
energy/site = -0.6666126302
44.363% accepted

C(L/2,L/2) = 0.1950225
energy = -2309.31696
energy/site = -0.6682051389
44.259% accepted

C(L/2,L/2) = 0.094605
energy = -2322.319695
energy/site = -0.6719675043
44.064% accepted

C(L/2,L/2) = 0.0531
energy = -2308.109647
energy/site = -0.6678558008
44.178% accepted

C(L/2,L/2) = 0.08328
energy = -2339.338335
energy/site = -0.6768918793
43.478% accepted

C(L/2,L/2) = 0.17058
energy = -2325.428798
energy/site = -0.6728671289
43.794% accepted

C(L/2,L/2) = 0.1656675
energy = -2346.365407
energy/site = -0.6789251758
44.088% accepted

C(L/2,L/2) = 0.064245
energy = -2309.096505
energy/site = -0.6681413498
43.324% accepted

C(L/2,L/2) = 0.10539
energy = -2296.796115
energy/site = -0.6645822092
44.192% accepted

C(L/2,L/2) = 0.129915
energy = -2326.37781
energy/site = -0.6731417274
43.722% accepted

C(L/2,L/2) = 0.051105
energy = -2300.825543
energy/site = -0.6657481315
43.866% accepted

C(L/2,L/2) = 0
energy = -2295.774645
energy/site = -0.664286645
44.066% accepted

C(L/2,L/2) = 0
energy = -2314.606995
energy/site = -0.6697358203
43.562% accepted

C(L/2,L/2) = 0.00945
energy = -2336.751615
energy/site = -0.6761434071
44.045% accepted

C(L/2,L/2) = 0.15516
energy = -2337.03024
energy/site = -0.6762240278
43.905% accepted

C(L/2,L/2) = 0.167985
energy = -2291.17848
energy/site = -0.6629567361
43.816% accepted

C(L/2,L/2) = 0.1489575
energy = -2324.282872
energy/site = -0.6725355534
44.171% accepted

C(L/2,L/2) = 0.028185
energy = -2308.613993
energy/site = -0.6680017339
43.797% accepted

C(L/2,L/2) = 0
energy = -2284.436595
energy/site = -0.6610059592
43.924% accepted

C(L/2,L/2) = 0
energy = -2287.305465
energy/site = -0.661836072
44.126% accepted

C(L/2,L/2) = 0.130485
energy = -2294.783355
energy/site = -0.6639998134
44.32% accepted

C(L/2,L/2) = 0.21921
energy = -2280.613965
energy/site = -0.6598998741
44.074% accepted

C(L/2,L/2) = 0.0384375
energy = -2305.727685
energy/site = -0.6671665755
44.441% accepted

C(L/2,L/2) = 0.0409125
energy = -2346.767903
energy/site = -0.6790416385
44.147% accepted

C(L/2,L/2) = 0.1513875
energy = -2356.589707
energy/site = -0.6818835959
44.253% accepted

C(L/2,L/2) = 0.184395
energy = -2293.009875
energy/site = -0.6634866536
43.921% accepted

C(L/2,L/2) = 0.179355
energy = -2286.76725
energy/site = -0.6616803385
43.869% accepted

C(L/2,L/2) = 0.1397025
energy = -2312.090745
energy/site = -0.6690077387
43.954% accepted

C(L/2,L/2) = 0.11343
energy = -2327.013615
energy/site = -0.6733256988
44.253% accepted

C(L/2,L/2) = 0.1558125
energy = -2324.931225
energy/site = -0.6727231554
44.544% accepted

C(L/2,L/2) = 0.1773
energy = -2346.611827
energy/site = -0.6789964779
44.209% accepted

C(L/2,L/2) = 0.088935
energy = -2318.152402
energy/site = -0.6707616905
44.353% accepted

C(L/2,L/2) = 0.2782725
energy = -2288.98437
energy/site = -0.6623218663
43.838% accepted

C(L/2,L/2) = 0.122595
energy = -2335.055745
energy/site = -0.675652704
43.849% accepted

C(L/2,L/2) = 0.1388625
energy = -2342.802015
energy/site = -0.6778941016
44.343% accepted

C(L/2,L/2) = 0.2123775
energy = -2308.24251
energy/site = -0.6678942448
43.774% accepted

C(L/2,L/2) = 0.15093
energy = -2318.444557
energy/site = -0.6708462261
43.757% accepted

C(L/2,L/2) = 0.1406325
energy = -2328.290737
energy/site = -0.6736952365
44.548% accepted

C(L/2,L/2) = 0.1455975
energy = -2308.739625
energy/site = -0.6680380859
43.571% accepted

C(L/2,L/2) = 0.0089625
energy = -2304.231517
energy/site = -0.6667336567
43.997% accepted

C(L/2,L/2) = 0.1875675
energy = -2312.895435
energy/site = -0.6692405773
43.723% accepted

C(L/2,L/2) = 0.1529175
energy = -2291.117468
energy/site = -0.662939082
43.764% accepted

C(L/2,L/2) = 0.1756425
energy = -2319.165577
energy/site = -0.6710548546
44.107% accepted

C(L/2,L/2) = 0.1642725
energy = -2281.580603
energy/site = -0.6601795725
44.002% accepted

C(L/2,L/2) = 0.1888275
energy = -2295.837382
energy/site = -0.6643047982
43.454% accepted

C(L/2,L/2) = 0.1683375
energy = -2301.824242
energy/site = -0.6660371072
44.047% accepted

C(L/2,L/2) = 0.217065
energy = -2314.43943
energy/site = -0.6696873351
43.847% accepted

C(L/2,L/2) = 0.1980375
energy = -2324.31117
energy/site = -0.6725437413
43.416% accepted

C(L/2,L/2) = 0.1595925
energy = -2339.727908
energy/site = -0.6770046029
44.176% accepted

C(L/2,L/2) = 0.0949425
energy = -2342.906603
energy/site = -0.6779243641
43.921% accepted

C(L/2,L/2) = 0.1298025
energy = -2330.76993
energy/site = -0.6744125955
43.991% accepted

C(L/2,L/2) = 0.1027425
energy = -2325.129922
energy/site = -0.6727806489
43.591% accepted

C(L/2,L/2) = 0.1815675
energy = -2315.079907
energy/site = -0.6698726584
44.218% accepted

C(L/2,L/2) = 0.0453225
energy = -2349.296063
energy/site = -0.6797731662
43.95% accepted

C(L/2,L/2) = 0.1016025
energy = -2295.79191
energy/site = -0.6642916406
44.253% accepted

C(L/2,L/2) = 0.210165
energy = -2289.127035
energy/site = -0.6623631467
44.22% accepted

C(L/2,L/2) = 0.2355
energy = -2309.545463
energy/site = -0.6682712565
44.005% accepted

C(L/2,L/2) = 0.0686925
energy = -2276.612025
energy/site = -0.6587419054
43.497% accepted

C(L/2,L/2) = 0.0682725
energy = -2293.341908
energy/site = -0.6635827279
43.838% accepted

C(L/2,L/2) = 0.2238225
energy = -2285.928533
energy/site = -0.6614376541
43.791% accepted

C(L/2,L/2) = 0.22674
energy = -2291.316517
energy/site = -0.6629966775
44.086% accepted

C(L/2,L/2) = 0.1493025
energy = -2280.078263
energy/site = -0.6597448676
43.775% accepted

C(L/2,L/2) = 0.0129825
energy = -2280.194205
energy/site = -0.6597784158
43.682% accepted

C(L/2,L/2) = 0.127605
energy = -2288.450078
energy/site = -0.6621672678
44.126% accepted

C(L/2,L/2) = 0.1246875
energy = -2317.831672
energy/site = -0.6706688867
44.145% accepted

C(L/2,L/2) = 0.01902
energy = -2342.70267
energy/site = -0.6778653559
43.782% accepted

C(L/2,L/2) = 0
energy = -2318.532967
energy/site = -0.6708718077
43.563% accepted

C(L/2,L/2) = 0.10608
energy = -2321.07684
energy/site = -0.6716078819
44.155% accepted

C(L/2,L/2) = 0.15903
energy = -2332.673535
energy/site = -0.6749634071
44.39% accepted

C(L/2,L/2) = 0.160665
energy = -2355.08247
energy/site = -0.681447474
44.483% accepted

C(L/2,L/2) = 0.0954825
energy = -2288.357243
energy/site = -0.6621404058
44.408% accepted

C(L/2,L/2) = 0.169575
energy = -2308.485727
energy/site = -0.6679646202
43.886% accepted

C(L/2,L/2) = 0.0713925
energy = -2324.444257
energy/site = -0.6725822504
44.136% accepted

C(L/2,L/2) = 0.10206
energy = -2318.470208
energy/site = -0.670853648
43.832% accepted

C(L/2,L/2) = 0.1678125
energy = -2308.612507
energy/site = -0.6680013043
44.041% accepted

C(L/2,L/2) = 0.0417675
energy = -2311.211333
energy/site = -0.6687532791
43.692% accepted

C(L/2,L/2) = 0.0864825
energy = -2300.529788
energy/site = -0.6656625543
43.776% accepted

C(L/2,L/2) = 0.170025
energy = -2303.69265
energy/site = -0.6665777344
44.076% accepted

C(L/2,L/2) = 0.145425
energy = -2339.431837
energy/site = -0.6769189345
44.809% accepted

C(L/2,L/2) = 0.132285
energy = -2287.049685
energy/site = -0.6617620616
44.425% accepted

C(L/2,L/2) = 0.2163825
energy = -2300.800935
energy/site = -0.6657410113
44.307% accepted

C(L/2,L/2) = 0.0895275
energy = -2298.4281
energy/site = -0.6650544271
43.905% accepted

C(L/2,L/2) = 0.0375375
energy = -2363.545808
energy/site = -0.6838963563
44.011% accepted

C(L/2,L/2) = 0.0009225
energy = -2328.597337
energy/site = -0.6737839518
43.903% accepted

C(L/2,L/2) = 0.016245
energy = -2296.909402
energy/site = -0.6646149891
43.75% accepted

C(L/2,L/2) = 0.0122775
energy = -2288.56128
energy/site = -0.6621994444
43.959% accepted

C(L/2,L/2) = 0.1544775
energy = -2265.17175
energy/site = -0.6554316406
43.762% accepted

C(L/2,L/2) = 0.024915
energy = -2294.367668
energy/site = -0.6638795334
44.084% accepted

C(L/2,L/2) = 0.1940775
energy = -2347.256362
energy/site = -0.6791829753
44.011% accepted

C(L/2,L/2) = 0.16086
energy = -2337.996892
energy/site = -0.6765037305
43.865% accepted

C(L/2,L/2) = 0.192165
energy = -2366.471692
energy/site = -0.6847429666
44.019% accepted

C(L/2,L/2) = 0.1368375
energy = -2307.816765
energy/site = -0.6677710547
43.971% accepted

C(L/2,L/2) = 0.105285
energy = -2323.064228
energy/site = -0.6721829362
43.825% accepted

C(L/2,L/2) = 0.2565675
energy = -2315.841465
energy/site = -0.6700930165
43.868% accepted

C(L/2,L/2) = 0.12735
energy = -2300.08536
energy/site = -0.6655339583
43.973% accepted

C(L/2,L/2) = 0.1534425
energy = -2318.699018
energy/site = -0.6709198546
43.995% accepted

C(L/2,L/2) = 0.2478825
energy = -2339.113478
energy/site = -0.6768268164
43.628% accepted

C(L/2,L/2) = 0.2187825
energy = -2368.610325
energy/site = -0.6853617839
43.905% accepted

C(L/2,L/2) = 0.0333
energy = -2321.562952
energy/site = -0.6717485395
43.646% accepted

C(L/2,L/2) = 0.1681425
energy = -2322.26394
energy/site = -0.6719513715
44.326% accepted

C(L/2,L/2) = 0.06978
energy = -2316.586447
energy/site = -0.6703085786
44.184% accepted

C(L/2,L/2) = 0.10191
energy = -2285.772495
energy/site = -0.6613925043
44.061% accepted

C(L/2,L/2) = 0.177015
energy = -2275.096748
energy/site = -0.658303457
43.88% accepted

C(L/2,L/2) = 0.1404375
energy = -2310.859583
energy/site = -0.6686514996
44.009% accepted

C(L/2,L/2) = 0.0018975
energy = -2326.02624
energy/site = -0.67304
44.142% accepted

C(L/2,L/2) = 0.0282525
energy = -2315.962237
energy/site = -0.6701279622
44.29% accepted

C(L/2,L/2) = 0.0248475
energy = -2283.61419
energy/site = -0.6607679948
43.997% accepted

C(L/2,L/2) = 0.19278
energy = -2326.68471
energy/site = -0.6732305295
44.416% accepted

C(L/2,L/2) = 0.2300325
energy = -2350.97166
energy/site = -0.6802580035
44.296% accepted

C(L/2,L/2) = 0.0438
energy = -2346.0804
energy/site = -0.6788427083
43.657% accepted

C(L/2,L/2) = 0.1379925
energy = -2308.526385
energy/site = -0.6679763845
44.269% accepted

C(L/2,L/2) = 0.16122
energy = -2313.199103
energy/site = -0.669328444
43.871% accepted

C(L/2,L/2) = 0.145005
energy = -2292.591533
energy/site = -0.6633656055
43.604% accepted

C(L/2,L/2) = 0
energy = -2304.272685
energy/site = -0.6667455686
43.506% accepted

C(L/2,L/2) = 0.1372725
energy = -2317.729838
energy/site = -0.6706394206
44.278% accepted

C(L/2,L/2) = 0.1221675
energy = -2324.840962
energy/site = -0.6726970378
44.044% accepted

C(L/2,L/2) = 0.10749
energy = -2279.798115
energy/site = -0.6596638064
43.952% accepted

C(L/2,L/2) = 0.1831875
energy = -2273.479905
energy/site = -0.6578356207
43.669% accepted

C(L/2,L/2) = 0.0642975
energy = -2286.872212
energy/site = -0.6617107096
43.737% accepted

C(L/2,L/2) = 0.159435
energy = -2321.726295
energy/site = -0.671795803
43.381% accepted

C(L/2,L/2) = 0.1321425
energy = -2305.101338
energy/site = -0.6669853407
43.687% accepted

C(L/2,L/2) = 0.0883575
energy = -2304.203048
energy/site = -0.6667254188
43.788% accepted

C(L/2,L/2) = 0.0914475
energy = -2306.912903
energy/site = -0.6675095204
44.318% accepted

C(L/2,L/2) = 0.135195
energy = -2340.217665
energy/site = -0.6771463151
44.329% accepted

C(L/2,L/2) = 0.001275
energy = -2346.928013
energy/site = -0.6790879666
44.462% accepted

C(L/2,L/2) = 0.2097
energy = -2271.013087
energy/site = -0.6571218424
43.885% accepted

C(L/2,L/2) = 0.204345
energy = -2285.219092
energy/site = -0.6612323763
43.998% accepted

C(L/2,L/2) = 0.098175
energy = -2331.20613
energy/site = -0.6745388108
43.627% accepted

C(L/2,L/2) = 0.054345
energy = -2324.76051
energy/site = -0.6726737587
44.054% accepted

C(L/2,L/2) = 0.1440825
energy = -2312.344283
energy/site = -0.6690811003
43.922% accepted

C(L/2,L/2) = 0
energy = -2365.104458
energy/site = -0.6843473546
43.913% accepted

C(L/2,L/2) = 0.0723225
energy = -2330.633453
energy/site = -0.6743731055
44.069% accepted

C(L/2,L/2) = 0.043185
energy = -2301.993353
energy/site = -0.6660860395
44.134% accepted

C(L/2,L/2) = 0.0972375
energy = -2331.849668
energy/site = -0.6747250195
44.161% accepted

C(L/2,L/2) = 0.099435
energy = -2285.121068
energy/site = -0.6612040126
44.249% accepted

C(L/2,L/2) = 0.0444225
energy = -2324.09154
energy/site = -0.672480191
43.984% accepted

C(L/2,L/2) = 0.2014425
energy = -2346.99072
energy/site = -0.6791061111
44.265% accepted

C(L/2,L/2) = 0.117135
energy = -2292.623198
energy/site = -0.6633747678
44.017% accepted

C(L/2,L/2) = 0.1206975
energy = -2286.86145
energy/site = -0.6617075955
44.148% accepted

C(L/2,L/2) = 0.126495
energy = -2312.42352
energy/site = -0.6691040278
44.463% accepted

C(L/2,L/2) = 0.0755175
energy = -2297.565128
energy/site = -0.6648047244
43.923% accepted

C(L/2,L/2) = 0.071055
energy = -2344.05831
energy/site = -0.6782576128
43.867% accepted

C(L/2,L/2) = 0.07938
energy = -2321.364495
energy/site = -0.6716911155
43.889% accepted

C(L/2,L/2) = 0.1460175
energy = -2305.929585
energy/site = -0.6672249957
44.054% accepted

C(L/2,L/2) = 0.18243
energy = -2347.500255
energy/site = -0.679253546
44.139% accepted

C(L/2,L/2) = 0.02226
energy = -2343.218295
energy/site = -0.678014553
43.945% accepted

C(L/2,L/2) = 0.0572625
energy = -2314.637752
energy/site = -0.6697447201
43.957% accepted

C(L/2,L/2) = 0.11295
energy = -2351.689583
energy/site = -0.6804657357
43.891% accepted

C(L/2,L/2) = 0.20595
energy = -2282.358683
energy/site = -0.6604047114
43.631% accepted

C(L/2,L/2) = 0.188175
energy = -2312.399678
energy/site = -0.6690971289
44.108% accepted

C(L/2,L/2) = 0.0451725
energy = -2295.99678
energy/site = -0.6643509201
43.884% accepted

C(L/2,L/2) = 0.0635925
energy = -2319.496178
energy/site = -0.6711505143
43.865% accepted

C(L/2,L/2) = 0.06087
energy = -2318.360857
energy/site = -0.6708220074
44.064% accepted

C(L/2,L/2) = 0.10527
energy = -2315.80707
energy/site = -0.6700830642
43.736% accepted

C(L/2,L/2) = 0.0517425
energy = -2299.527442
energy/site = -0.6653725239
44.105% accepted

C(L/2,L/2) = 0.1189275
energy = -2297.511202
energy/site = -0.6647891211
43.687% accepted

C(L/2,L/2) = 0.0212475
energy = -2299.150793
energy/site = -0.6652635395
43.67% accepted

C(L/2,L/2) = 0.081735
energy = -2318.316563
energy/site = -0.6708091905
43.568% accepted

C(L/2,L/2) = 0.2261175
energy = -2320.201095
energy/site = -0.6713544835
44.254% accepted

C(L/2,L/2) = 0
energy = -2336.98254
energy/site = -0.6762102257
44.325% accepted

C(L/2,L/2) = 0.1405275
energy = -2317.060237
energy/site = -0.6704456706
43.781% accepted

C(L/2,L/2) = 0.13212
energy = -2306.487892
energy/site = -0.667386543
44.039% accepted

C(L/2,L/2) = 0.20703
energy = -2319.092085
energy/site = -0.6710335894
44.069% accepted

C(L/2,L/2) = 0.0682125
energy = -2310.196905
energy/site = -0.6684597526
43.731% accepted

C(L/2,L/2) = 0.1224525
energy = -2300.09925
energy/site = -0.6655379774
43.707% accepted

C(L/2,L/2) = 0.023715
energy = -2346.07728
energy/site = -0.6788418056
43.748% accepted

C(L/2,L/2) = 0.21873
energy = -2334.967762
energy/site = -0.6756272461
44.005% accepted

C(L/2,L/2) = 0.183255
energy = -2342.5728
energy/site = -0.6778277778
43.707% accepted

C(L/2,L/2) = 0.182265
energy = -2320.03218
energy/site = -0.6713056076
43.931% accepted

C(L/2,L/2) = 0.1315875
energy = -2333.57223
energy/site = -0.6752234462
44.436% accepted

C(L/2,L/2) = 0.113085
energy = -2362.252222
energy/site = -0.6835220551
43.985% accepted

C(L/2,L/2) = 0.16245
energy = -2302.176862
energy/site = -0.6661391385
44.262% accepted

C(L/2,L/2) = 0.16596
energy = -2306.306362
energy/site = -0.6673340169
44.507% accepted

C(L/2,L/2) = 0.11307
energy = -2303.424105
energy/site = -0.6665000304
43.655% accepted

C(L/2,L/2) = 0.013275
energy = -2296.770675
energy/site = -0.6645748481
43.796% accepted

C(L/2,L/2) = 0.154245
energy = -2320.44135
energy/site = -0.6714240017
44.062% accepted

C(L/2,L/2) = 0.0277125
energy = -2329.937752
energy/site = -0.6741718034
43.648% accepted

C(L/2,L/2) = 0.0485475
energy = -2303.41071
energy/site = -0.6664961545
44.099% accepted

C(L/2,L/2) = 0.0198825
energy = -2322.434055
energy/site = -0.6720005946
44.197% accepted

C(L/2,L/2) = 0.1895625
energy = -2329.460573
energy/site = -0.6740337305
44.23% accepted

C(L/2,L/2) = 0.1317225
energy = -2281.991452
energy/site = -0.6602984527
43.761% accepted

C(L/2,L/2) = 0.0894375
energy = -2272.71804
energy/site = -0.6576151736
43.665% accepted

C(L/2,L/2) = 0.132405
energy = -2300.062658
energy/site = -0.6655273893
43.979% accepted

C(L/2,L/2) = 0.00708
energy = -2292.610958
energy/site = -0.6633712261
44.246% accepted

C(L/2,L/2) = 0.014595
energy = -2300.79522
energy/site = -0.6657393576
44.015% accepted

C(L/2,L/2) = 0.1431
energy = -2311.687777
energy/site = -0.6688911393
44.111% accepted

C(L/2,L/2) = 0.0458775
energy = -2312.440245
energy/site = -0.6691088672
43.674% accepted

C(L/2,L/2) = 0.16131
energy = -2324.488245
energy/site = -0.6725949783
43.585% accepted

C(L/2,L/2) = 0.1946325
energy = -2317.50759
energy/site = -0.6705751128
43.902% accepted

C(L/2,L/2) = 0.2192475
energy = -2348.080005
energy/site = -0.6794212977
44.073% accepted

C(L/2,L/2) = 0.0815475
energy = -2305.776548
energy/site = -0.667180714
44.275% accepted

C(L/2,L/2) = 0.0524175
energy = -2326.038855
energy/site = -0.6730436502
43.665% accepted

C(L/2,L/2) = 0.1888125
energy = -2306.084888
energy/site = -0.6672699327
43.889% accepted

C(L/2,L/2) = 0.187815
energy = -2309.598998
energy/site = -0.668286747
44.254% accepted

C(L/2,L/2) = 0.002685
energy = -2343.366105
energy/site = -0.678057322
43.374% accepted

C(L/2,L/2) = 0.0296025
energy = -2302.600342
energy/site = -0.6662616732
43.858% accepted

C(L/2,L/2) = 0.1029675
energy = -2325.688973
energy/site = -0.672942411
44.198% accepted

C(L/2,L/2) = 0.1268925
energy = -2300.209162
energy/site = -0.6655697808
43.629% accepted

C(L/2,L/2) = 0.0083175
energy = -2332.481557
energy/site = -0.6749078581
44.095% accepted

C(L/2,L/2) = 0.1532325
energy = -2335.80654
energy/site = -0.6758699479
43.844% accepted

C(L/2,L/2) = 0.1873125
energy = -2319.741593
energy/site = -0.6712215256
44.107% accepted

C(L/2,L/2) = 0.097815
energy = -2285.784825
energy/site = -0.661396072
43.894% accepted

C(L/2,L/2) = 0.075195
energy = -2314.094602
energy/site = -0.6695875586
43.626% accepted

C(L/2,L/2) = 0.1474275
energy = -2303.17083
energy/site = -0.6664267448
44.049% accepted

C(L/2,L/2) = 0.1083675
energy = -2361.804668
energy/site = -0.6833925543
43.947% accepted

C(L/2,L/2) = 0.1667325
energy = -2282.051557
energy/site = -0.6603158442
43.925% accepted

C(L/2,L/2) = 0.12132
energy = -2268.363067
energy/site = -0.6563550543
43.833% accepted

C(L/2,L/2) = 0.0214875
energy = -2311.919715
energy/site = -0.6689582509
44.588% accepted

C(L/2,L/2) = 0.02145
energy = -2327.223795
energy/site = -0.6733865148
44.311% accepted

C(L/2,L/2) = 0.08772
energy = -2299.915485
energy/site = -0.6654848047
44.144% accepted

C(L/2,L/2) = 0.100605
energy = -2292.207473
energy/site = -0.663254477
44.13% accepted

C(L/2,L/2) = 0.1969125
energy = -2322.47898
energy/site = -0.6720135937
43.995% accepted

C(L/2,L/2) = 0.13698
energy = -2276.999947
energy/site = -0.6588541515
43.613% accepted

C(L/2,L/2) = 0.1034625
energy = -2279.2764
energy/site = -0.6595128472
44.051% accepted

C(L/2,L/2) = 0.14022
energy = -2312.26509
energy/site = -0.6690581858
43.824% accepted

C(L/2,L/2) = 0.1611375
energy = -2328.143445
energy/site = -0.6736526172
43.695% accepted

C(L/2,L/2) = 0.16308
energy = -2329.576628
energy/site = -0.6740673112
44.045% accepted

C(L/2,L/2) = 0.046905
energy = -2295.372075
energy/site = -0.6641701606
43.519% accepted

C(L/2,L/2) = 0.08538
energy = -2313.083422
energy/site = -0.6692949718
43.592% accepted

C(L/2,L/2) = 0.119655
energy = -2336.22057
energy/site = -0.6759897483
43.679% accepted

C(L/2,L/2) = 0.0791775
energy = -2295.57435
energy/site = -0.6642286892
44.044% accepted

C(L/2,L/2) = 0.0399525
energy = -2298.10242
energy/site = -0.664960191
44.43% accepted

C(L/2,L/2) = 0.2135025
energy = -2307.45165
energy/site = -0.667665408
43.946% accepted

C(L/2,L/2) = 0.1845525
energy = -2296.116367
energy/site = -0.664385523
43.924% accepted

C(L/2,L/2) = 0.13101
energy = -2287.454618
energy/site = -0.6618792296
44.079% accepted

C(L/2,L/2) = 0.064845
energy = -2304.955748
energy/site = -0.666943214
44.03% accepted

C(L/2,L/2) = 0.098085
energy = -2317.99596
energy/site = -0.6707164236
43.946% accepted

C(L/2,L/2) = 0.1413375
energy = -2329.410735
energy/site = -0.6740193099
44.065% accepted

C(L/2,L/2) = 0.05508
energy = -2293.728675
energy/site = -0.6636946398
44.146% accepted

C(L/2,L/2) = 0.1485075
energy = -2291.101898
energy/site = -0.6629345768
44.43% accepted

C(L/2,L/2) = 0.2154
energy = -2326.90074
energy/site = -0.6732930382
44.045% accepted

C(L/2,L/2) = 0.223635
energy = -2316.316522
energy/site = -0.6702304753
44.167% accepted

C(L/2,L/2) = 0.163515
energy = -2317.701045
energy/site = -0.6706310894
44.104% accepted

C(L/2,L/2) = 0.08721
energy = -2330.456573
energy/site = -0.6743219249
44.462% accepted

C(L/2,L/2) = 0.0086775
energy = -2305.724273
energy/site = -0.6671655881
43.894% accepted

C(L/2,L/2) = 0.139245
energy = -2302.300755
energy/site = -0.666174987
44.516% accepted

C(L/2,L/2) = 0.21831
energy = -2340.925493
energy/site = -0.6773511263
44.512% accepted

C(L/2,L/2) = 0.10593
energy = -2332.148932
energy/site = -0.6748116124
44.296% accepted

C(L/2,L/2) = 0.0673275
energy = -2327.788448
energy/site = -0.673549898
44.205% accepted

C(L/2,L/2) = 0.0639525
energy = -2318.999145
energy/site = -0.671006697
43.742% accepted

C(L/2,L/2) = 0.0960675
energy = -2324.74866
energy/site = -0.6726703299
43.806% accepted

C(L/2,L/2) = 0.03324
energy = -2313.80316
energy/site = -0.6695032292
44.218% accepted

C(L/2,L/2) = 0.096675
energy = -2309.353312
energy/site = -0.6682156576
43.824% accepted

C(L/2,L/2) = 0.0984075
energy = -2317.064078
energy/site = -0.6704467817
43.936% accepted

C(L/2,L/2) = 0.1649175
energy = -2309.97981
energy/site = -0.6683969358
44.112% accepted

C(L/2,L/2) = 0.09099
energy = -2309.050313
energy/site = -0.6681279839
44.088% accepted

C(L/2,L/2) = 0.13383
energy = -2305.341037
energy/site = -0.6670546984
43.743% accepted

C(L/2,L/2) = 0.081885
energy = -2291.679668
energy/site = -0.6631017556
44.255% accepted

C(L/2,L/2) = 0.1712775
energy = -2300.274112
energy/site = -0.6655885742
44.119% accepted

C(L/2,L/2) = 0.09375
energy = -2336.523855
energy/site = -0.6760775043
44.009% accepted

C(L/2,L/2) = 0.01845
energy = -2336.450063
energy/site = -0.6760561523
43.984% accepted

C(L/2,L/2) = 0.1492875
energy = -2333.839373
energy/site = -0.6753007444
44.114% accepted

C(L/2,L/2) = 0.24138
energy = -2314.349895
energy/site = -0.669661428
43.964% accepted

C(L/2,L/2) = 0.0703125
energy = -2285.23926
energy/site = -0.6612382118
44.215% accepted

C(L/2,L/2) = 0.176385
energy = -2322.26121
energy/site = -0.6719505816
44.112% accepted

C(L/2,L/2) = 0.1946325
energy = -2345.000295
energy/site = -0.678530178
44.381% accepted

C(L/2,L/2) = 0.1856325
energy = -2313.456787
energy/site = -0.6694030056
43.995% accepted

C(L/2,L/2) = 0.01107
energy = -2304.244132
energy/site = -0.6667373069
43.768% accepted

C(L/2,L/2) = 0.023145
energy = -2282.749043
energy/site = -0.6605176628
43.716% accepted

C(L/2,L/2) = 0.159345
energy = -2292.11427
energy/site = -0.6632275087
44.134% accepted

C(L/2,L/2) = 0.11823
energy = -2355.940942
energy/site = -0.6816958746
44.151% accepted

C(L/2,L/2) = 0.0762975
energy = -2337.850507
energy/site = -0.6764613737
44.209% accepted

C(L/2,L/2) = 0.039525
energy = -2311.858598
energy/site = -0.6689405664
43.781% accepted

C(L/2,L/2) = 0.0186375
energy = -2309.98371
energy/site = -0.6683980642
44.142% accepted

C(L/2,L/2) = 0.09783
energy = -2332.624702
energy/site = -0.6749492773
44.395% accepted

C(L/2,L/2) = 0.059205
energy = -2297.09022
energy/site = -0.664667309
43.991% accepted

C(L/2,L/2) = 0
energy = -2278.071188
energy/site = -0.6591641168
44.434% accepted

C(L/2,L/2) = 0
energy = -2306.822265
energy/site = -0.6674832943
43.914% accepted

C(L/2,L/2) = 0.0691425
energy = -2309.46051
energy/site = -0.6682466753
43.866% accepted

C(L/2,L/2) = 0.118935
energy = -2304.49029
energy/site = -0.666808533
43.693% accepted

C(L/2,L/2) = 0.2375325
energy = -2326.80432
energy/site = -0.6732651389
44.029% accepted

C(L/2,L/2) = 0.14007
energy = -2352.111397
energy/site = -0.6805877886
44.132% accepted

C(L/2,L/2) = 0.14895
energy = -2341.950375
energy/site = -0.677647678
43.913% accepted

C(L/2,L/2) = 0.111285
energy = -2344.113653
energy/site = -0.6782736263
44.158% accepted

C(L/2,L/2) = 0.0305175
energy = -2328.565312
energy/site = -0.6737746853
44.14% accepted

C(L/2,L/2) = 0.1550025
energy = -2340.669765
energy/site = -0.6772771311
44.296% accepted

C(L/2,L/2) = 0.085215
energy = -2332.519185
energy/site = -0.6749187457
43.687% accepted

C(L/2,L/2) = 0.10299
energy = -2293.339928
energy/site = -0.6635821549
43.9% accepted

C(L/2,L/2) = 0.0931425
energy = -2323.900297
energy/site = -0.6724248546
44.192% accepted

C(L/2,L/2) = 0.074415
energy = -2383.821428
energy/site = -0.6897631445
44.359% accepted

C(L/2,L/2) = 0.2379375
energy = -2301.88095
energy/site = -0.6660535156
44.017% accepted

C(L/2,L/2) = 0.09303
energy = -2316.29733
energy/site = -0.6702249219
44.042% accepted

C(L/2,L/2) = 0.05592
energy = -2291.280075
energy/site = -0.6629861328
44.044% accepted

C(L/2,L/2) = 0.150555
energy = -2336.238998
energy/site = -0.6759950803
44.227% accepted

C(L/2,L/2) = 0.09753
energy = -2300.15868
energy/site = -0.6655551736
44.264% accepted

C(L/2,L/2) = 0.08808
energy = -2298.582795
energy/site = -0.6650991884
44.113% accepted

C(L/2,L/2) = 0.21207
energy = -2302.105305
energy/site = -0.6661184332
44.372% accepted

C(L/2,L/2) = 0.0408675
energy = -2298.3405
energy/site = -0.6650290799
44.31% accepted

C(L/2,L/2) = 0.06699
energy = -2341.13382
energy/site = -0.6774114063
43.754% accepted

C(L/2,L/2) = 0.214665
energy = -2282.989305
energy/site = -0.6605871832
44.067% accepted

C(L/2,L/2) = 0.21306
energy = -2327.414273
energy/site = -0.6734416298
44.323% accepted

C(L/2,L/2) = 0.0993825
energy = -2292.478657
energy/site = -0.6633329449
43.996% accepted

C(L/2,L/2) = 0.19932
energy = -2293.811723
energy/site = -0.6637186697
43.99% accepted

C(L/2,L/2) = 0.150705
energy = -2301.630435
energy/site = -0.6659810286
43.954% accepted

C(L/2,L/2) = 0.0185325
energy = -2282.980905
energy/site = -0.6605847526
43.566% accepted

C(L/2,L/2) = 0.1009575
energy = -2301.74193
energy/site = -0.6660132899
44.068% accepted

C(L/2,L/2) = 0.140385
energy = -2338.476975
energy/site = -0.6766426432
43.872% accepted

C(L/2,L/2) = 0.1182675
energy = -2310.770092
energy/site = -0.6686256055
44.469% accepted

C(L/2,L/2) = 0.182085
energy = -2349.048473
energy/site = -0.6797015256
43.878% accepted

C(L/2,L/2) = 0.1190175
energy = -2349.988552
energy/site = -0.6799735395
44.054% accepted

C(L/2,L/2) = 0.0477975
energy = -2308.921267
energy/site = -0.6680906445
43.961% accepted

C(L/2,L/2) = 0.1670175
energy = -2313.21966
energy/site = -0.6693343924
44.186% accepted

C(L/2,L/2) = 0.1772025
energy = -2314.031025
energy/site = -0.6695691623
43.987% accepted

C(L/2,L/2) = 0.075
energy = -2313.794535
energy/site = -0.6695007335
44.082% accepted

C(L/2,L/2) = 0.190755
energy = -2299.852447
energy/site = -0.6654665647
44.044% accepted

C(L/2,L/2) = 0.1905825
energy = -2304.567487
energy/site = -0.6668308702
43.611% accepted

C(L/2,L/2) = 0.0396825
energy = -2277.866325
energy/site = -0.6591048394
43.769% accepted

C(L/2,L/2) = 0.1457475
energy = -2324.144633
energy/site = -0.6724955534
43.671% accepted

C(L/2,L/2) = 0.1497075
energy = -2348.196713
energy/site = -0.6794550673
44.223% accepted

C(L/2,L/2) = 0.04089
energy = -2294.930145
energy/site = -0.6640422873
44.11% accepted

C(L/2,L/2) = 0.0099
energy = -2293.436032
energy/site = -0.6636099631
43.838% accepted

C(L/2,L/2) = 0.15993
energy = -2285.054288
energy/site = -0.6611846897
44.133% accepted

C(L/2,L/2) = 0.0451275
energy = -2302.195455
energy/site = -0.6661445182
44.388% accepted

C(L/2,L/2) = 0.054915
energy = -2329.487558
energy/site = -0.6740415386
44.197% accepted


------------------------------------------------------------
Sender: LSF System <lsfadmin@wha739>
Subject: Job 8865317: <./dubproj54L64> Exited

Job <./dubproj54L64> was submitted from host <wha780> by user <akallin>.
Job was executed on host(s) <wha739>, in queue <serial>, as user <akallin>.
</home/akallin> was used as the home directory.
</work/akallin/sharcruns/dub_proj/bondlength/54L64> was used as the working directory.
Started at Wed Nov 18 18:58:36 2009
Results reported at Thu Nov 19 18:09:27 2009

Your job looked like:

------------------------------------------------------------
# LSBATCH: User input
./dubproj54L64
------------------------------------------------------------

TERM_OWNER: job killed by owner.
Exited with signal termination: Alarm clock.

Resource usage summary:

    CPU time   :  82960.34 sec.
    Max Memory :        52 MB
    Max Swap   :       173 MB

    Max Processes  :         4
    Max Threads    :         4

The output (if any) is above this job summary.

