
weighting by <swap_x> where x = 13
7 x 28 x 1 system
r   = 3  bondops changed per step 
n/N = 80  bond operators / site
its = 1000000  iterations/loop for 10000 loops

energy = -200.3605829
energy/site = -0.5111239359
44.8231% accepted

energy = -1419.119437
energy/site = -3.620202645
44.3263% accepted

energy = -57.28557452
energy/site = -0.1461366697
44.5144% accepted

energy = -3527.265264
energy/site = -8.998125672
44.356% accepted

energy = -84.60009419
energy/site = -0.2158165668
44.5007% accepted

energy = -123.5736673
energy/site = -0.3152389472
44.3147% accepted

energy = -445.648689
energy/site = -1.136858901
44.3517% accepted

energy = -73.68591986
energy/site = -0.1879742854
44.45% accepted

energy = -78.37363005
energy/site = -0.1999327297
44.4389% accepted

energy = -373.0269337
energy/site = -0.9515993205
44.3141% accepted

energy = -572.0034467
energy/site = -1.459192466
44.3735% accepted

energy = -23.78810278
energy/site = -0.06068393567
44.3788% accepted

energy = -227.0373769
energy/site = -0.5791769819
44.3643% accepted

energy = -22.55833137
energy/site = -0.05754676371
44.5319% accepted

energy = -137.0031777
energy/site = -0.3494979022
44.3806% accepted

energy = -103.7694775
energy/site = -0.2647180549
44.3361% accepted

energy = -413.4421981
energy/site = -1.054699485
44.2606% accepted

energy = -2763.527434
energy/site = -7.049814883
44.4464% accepted

energy = -177.0969353
energy/site = -0.4517778962
44.2971% accepted

energy = -527.349559
energy/site = -1.345279487
44.3255% accepted

energy = -645.1792555
energy/site = -1.645865448
44.35% accepted

energy = -64.05522863
energy/site = -0.1634061955
44.3017% accepted

energy = -3184.945769
energy/site = -8.124861656
44.3108% accepted

energy = -3966.845786
energy/site = -10.11950456
44.3679% accepted

energy = -381.5133044
energy/site = -0.9732482255
44.457% accepted

energy = -1657.267409
energy/site = -4.227722981
44.3656% accepted

energy = -878.6735657
energy/site = -2.241514198
44.5501% accepted

energy = -140.6604598
energy/site = -0.3588277036
44.4073% accepted

energy = -160.2525701
energy/site = -0.4088075767
44.293% accepted

energy = -149.6491327
energy/site = -0.3817579915
44.3809% accepted

energy = -1517.080216
energy/site = -3.870102593
44.4995% accepted

energy = -5841.675398
energy/site = -14.90223316
44.259% accepted

energy = -117.9927375
energy/site = -0.3010018813
44.3849% accepted

energy = -214.8174414
energy/site = -0.5480036772
44.3615% accepted

energy = -79.83952755
energy/site = -0.2036722642
44.3381% accepted

energy = -34.84772724
energy/site = -0.08889726336
44.5128% accepted

energy = -352.861121
energy/site = -0.900155921
44.3801% accepted

energy = -252.132402
energy/site = -0.6431949031
44.4466% accepted

energy = -149.9196769
energy/site = -0.3824481553
44.2402% accepted

energy = -62.75724114
energy/site = -0.1600950029
44.2678% accepted

energy = -1519.134138
energy/site = -3.875342188
44.3197% accepted

energy = -310.2302487
energy/site = -0.7914036956
44.3917% accepted

energy = -99.00530046
energy/site = -0.252564542
44.4561% accepted

energy = -966.1416153
energy/site = -2.464646978
44.2576% accepted

energy = -159.206108
energy/site = -0.4061380307
44.2585% accepted

energy = -302.6047133
energy/site = -0.7719507991
44.3728% accepted

energy = -791.297817
energy/site = -2.01861688
44.4064% accepted

energy = -361.9180188
energy/site = -0.9232602521
44.4568% accepted

energy = -297.6735446
energy/site = -0.7593712872
44.5058% accepted

energy = -137.0908094
energy/site = -0.3497214526
44.3987% accepted

energy = -317.7698063
energy/site = -0.8106372609
44.3598% accepted

energy = -169.9911846
energy/site = -0.433650981
44.455% accepted

energy = -223.2984053
energy/site = -0.5696387891
44.3478% accepted

energy = -263.4757532
energy/site = -0.6721320235
44.3589% accepted

energy = -1238.708875
energy/site = -3.15997162
44.3436% accepted

energy = -1462.809894
energy/site = -3.731657894
44.2225% accepted

energy = -749.0979643
energy/site = -1.910964195
44.4135% accepted

energy = -242.4479156
energy/site = -0.6184895807
44.3426% accepted

energy = -336.3791548
energy/site = -0.8581100887
44.372% accepted

energy = -384.9462801
energy/site = -0.9820058167
44.4642% accepted

energy = -760.1224248
energy/site = -1.939087818
44.2884% accepted

energy = -391.8475891
energy/site = -0.9996111967
44.2837% accepted

energy = -214.215998
energy/site = -0.5464693828
44.3459% accepted

energy = -324.8280394
energy/site = -0.8286429575
44.2497% accepted

energy = -504.1827474
energy/site = -1.286180478
44.4605% accepted

energy = -996.0721457
energy/site = -2.541000372
44.3441% accepted

energy = -652.8633178
energy/site = -1.665467647
44.3662% accepted

energy = -235.6365259
energy/site = -0.6011135866
44.3678% accepted

energy = -411.6395136
energy/site = -1.0501008
44.3522% accepted

energy = -505.348457
energy/site = -1.289154227
44.5385% accepted

energy = -116.1193496
energy/site = -0.2962228306
44.3727% accepted

energy = -1202.284631
energy/site = -3.067052631
44.286% accepted

energy = -800.0345464
energy/site = -2.040904455
44.4853% accepted

energy = -82.30941443
energy/site = -0.209972996
44.4053% accepted

energy = -251.7719131
energy/site = -0.6422752885
44.3326% accepted

energy = -423.5572685
energy/site = -1.080503236
44.3759% accepted

energy = -883.3337633
energy/site = -2.253402458
44.4208% accepted

energy = -319.7854897
energy/site = -0.8157793104
44.5176% accepted

energy = -2291.385056
energy/site = -5.845370042
44.3683% accepted

energy = -490.2354705
energy/site = -1.25060069
44.3929% accepted

energy = -79.2382324
energy/site = -0.202138348
44.4633% accepted

energy = -267.306883
energy/site = -0.6819053138
44.4033% accepted

energy = -211.1159282
energy/site = -0.5385610413
44.484% accepted

energy = -345.0194948
energy/site = -0.8801517725
44.367% accepted

energy = -151.3353715
energy/site = -0.3860596211
44.4336% accepted

energy = -211.3859359
energy/site = -0.5392498365
44.4167% accepted

energy = -973.3751996
energy/site = -2.483099999
44.4452% accepted

energy = -265.8234352
energy/site = -0.6781210082
44.2901% accepted

energy = -120.9525951
energy/site = -0.3085525386
44.3385% accepted

energy = -584.533785
energy/site = -1.491157615
44.2555% accepted

energy = -14310.59701
energy/site = -36.50662502
44.3284% accepted

energy = -25339.47682
energy/site = -64.64152249
44.2594% accepted

energy = -184.7423189
energy/site = -0.4712814259
44.3487% accepted

energy = -101.309283
energy/site = -0.2584420485
44.3404% accepted

energy = -536.4370336
energy/site = -1.36846182
44.3864% accepted

energy = -59.29290247
energy/site = -0.1512574043
44.2923% accepted

energy = -73.25451927
energy/site = -0.1868737737
44.3495% accepted

energy = -761.7368399
energy/site = -1.943206224
44.1908% accepted

energy = -538.2271301
energy/site = -1.373028393
44.4648% accepted

energy = -1033.127014
energy/site = -2.635528096
44.651% accepted

energy = -2019.97962
energy/site = -5.153009235
44.2553% accepted

energy = -338.8099851
energy/site = -0.8643111864
44.2825% accepted

energy = -127.372334
energy/site = -0.3249294234
44.3046% accepted

energy = -316.0075742
energy/site = -0.8061417709
44.2898% accepted

energy = -540.9023235
energy/site = -1.379852866
44.3681% accepted

energy = -263.0760186
energy/site = -0.6711122923
44.408% accepted

energy = -737.7650061
energy/site = -1.882053587
44.2632% accepted

energy = -153.4728017
energy/site = -0.3915122493
44.4786% accepted

energy = -72.02337076
energy/site = -0.1837330887
44.4726% accepted

energy = -170.2642424
energy/site = -0.4343475571
44.3599% accepted

energy = -744.7708439
energy/site = -1.899925622
44.4464% accepted

energy = -1508.346454
energy/site = -3.847822586
44.3642% accepted

energy = -536.3583121
energy/site = -1.368261
44.4961% accepted

energy = -358.6272824
energy/site = -0.9148655162
44.4542% accepted

energy = -484.1550571
energy/site = -1.235089431
44.3229% accepted

energy = -307.8309518
energy/site = -0.7852830402
44.2614% accepted

energy = -282.7369994
energy/site = -0.7212678555
44.4869% accepted

energy = -395.3118925
energy/site = -1.008448705
44.5483% accepted

energy = -173.7794164
energy/site = -0.4433148377
44.3855% accepted

energy = -1077.355254
energy/site = -2.748355241
44.3338% accepted

energy = -371.0672711
energy/site = -0.9466001815
44.3969% accepted

energy = -50.20168149
energy/site = -0.128065514
44.3117% accepted

energy = -219.6995299
energy/site = -0.5604579844
44.3321% accepted

energy = -184.1992648
energy/site = -0.4698960837
44.4687% accepted

energy = -30.06808964
energy/site = -0.0767043103
44.5693% accepted

energy = -581.4352213
energy/site = -1.483253115
44.2736% accepted

energy = -396.4143094
energy/site = -1.011260993
44.3852% accepted

energy = -6227.624077
energy/site = -15.88679612
44.4121% accepted

energy = -375.373349
energy/site = -0.957585074
44.3977% accepted

energy = -105.0016002
energy/site = -0.267861225
44.3324% accepted

energy = -1106.727874
energy/site = -2.823285392
44.3648% accepted

energy = -444.2316442
energy/site = -1.13324399
44.3611% accepted

energy = -321.0739186
energy/site = -0.8190661189
44.2503% accepted

energy = -346.0785019
energy/site = -0.8828533211
44.4919% accepted

energy = -223.2379783
energy/site = -0.5694846385
44.441% accepted

energy = -60.20106376
energy/site = -0.1535741422
44.4004% accepted

energy = -117.1552278
energy/site = -0.2988653771
44.3391% accepted

energy = -137.4710245
energy/site = -0.3506913891
44.2698% accepted

energy = -204.6741815
energy/site = -0.5221280141
44.3811% accepted

energy = -175.42254
energy/site = -0.4475064796
44.2252% accepted

energy = -2743319.912
energy/site = -6998.265082
44.3486% accepted

energy = -385.8831591
energy/site = -0.984395814
44.3696% accepted

energy = -299.4408014
energy/site = -0.7638795954
44.4447% accepted

energy = -289.3495595
energy/site = -0.7381366315
44.3927% accepted

energy = -7071.079976
energy/site = -18.03846933
44.3119% accepted

energy = -1593.064028
energy/site = -4.063938846
44.2609% accepted

energy = -218.6880061
energy/site = -0.5578775665
44.3617% accepted

energy = -292.6499935
energy/site = -0.7465561058
44.386% accepted

energy = -209.9663384
energy/site = -0.5356284144
44.2931% accepted

energy = -141.9300596
energy/site = -0.3620664786
44.3384% accepted

energy = -194.9534458
energy/site = -0.497330219
44.3062% accepted

energy = -599.3948177
energy/site = -1.529068412
44.4207% accepted

energy = -761.2094994
energy/site = -1.941860968
44.4444% accepted

energy = -2118.308201
energy/site = -5.403847451
44.3055% accepted

energy = -158.8861594
energy/site = -0.4053218353
44.5219% accepted

energy = -678.3120388
energy/site = -1.730387854
44.3045% accepted

energy = -81.336956
energy/site = -0.2074922347
44.4166% accepted

energy = -130.0398873
energy/site = -0.3317344065
44.5099% accepted

energy = -3753.267287
energy/site = -9.574661447
44.3135% accepted

energy = -692.8636522
energy/site = -1.767509317
44.4209% accepted

energy = -985.0705968
energy/site = -2.512935196
44.3304% accepted

energy = -1107.213798
energy/site = -2.824524996
44.3841% accepted

energy = -917.8174741
energy/site = -2.341371107
44.4571% accepted

energy = -1238.882817
energy/site = -3.160415349
44.4408% accepted

energy = -266.3898167
energy/site = -0.679565859
44.2917% accepted

energy = -565.3574343
energy/site = -1.442238353
44.335% accepted

energy = -1585.003739
energy/site = -4.043376885
44.4761% accepted

energy = -18447.90305
energy/site = -47.06097716
44.4353% accepted

energy = -404.8225413
energy/site = -1.032710565
44.4276% accepted

energy = -220.9420863
energy/site = -0.5636277712
44.4341% accepted

energy = -3001.119949
energy/site = -7.655918237
44.4191% accepted

energy = -12786.13062
energy/site = -32.61768015
44.3847% accepted

energy = -1012.78277
energy/site = -2.583629514
44.4058% accepted

energy = -111.5238107
energy/site = -0.2844995171
44.3491% accepted

energy = -117.9392469
energy/site = -0.3008654258
44.2544% accepted

energy = -541.7039092
energy/site = -1.381897728
44.4684% accepted

energy = -488.6037691
energy/site = -1.246438187
44.2738% accepted

energy = -593.1144684
energy/site = -1.513047113
44.5205% accepted

energy = -270.441834
energy/site = -0.6899026376
44.4407% accepted

energy = -469.4657828
energy/site = -1.197616793
44.3304% accepted

energy = -314.4904804
energy/site = -0.8022716336
44.3714% accepted

energy = -299.9249187
energy/site = -0.7651145886
44.4718% accepted

energy = -3139.207664
energy/site = -8.008182816
44.5217% accepted

energy = -54.11613634
energy/site = -0.1380513682
44.3023% accepted

energy = -318.5361049
energy/site = -0.8125921043
44.4826% accepted

energy = -2174.354281
energy/site = -5.546822145
44.5016% accepted

energy = -362.6216938
energy/site = -0.9250553413
44.4555% accepted

energy = -471.4116046
energy/site = -1.202580624
44.3486% accepted

energy = -2718.801363
energy/site = -6.935717762
44.2767% accepted

energy = -317.0332057
energy/site = -0.8087581778
44.3363% accepted

energy = -654.5158299
energy/site = -1.669683239
44.0918% accepted

energy = -324.0096055
energy/site = -0.826555116
44.3605% accepted

energy = -638.7209492
energy/site = -1.629390177
44.5086% accepted

energy = -584.9559354
energy/site = -1.492234529
44.2901% accepted

energy = -489.2337793
energy/site = -1.248045355
44.4086% accepted

energy = -3808.23174
energy/site = -9.714876889
44.2514% accepted

energy = -266.7479331
energy/site = -0.6804794211
44.4807% accepted

energy = -312.4069954
energy/site = -0.7969566209
44.4035% accepted

energy = -277.59042
energy/site = -0.7081388265
44.2814% accepted

energy = -444.3754317
energy/site = -1.133610795
44.3261% accepted

energy = -77.97820165
energy/site = -0.1989239838
44.2608% accepted

energy = -615.7112723
energy/site = -1.570692021
44.4116% accepted

energy = -425.1851405
energy/site = -1.084655971
44.4995% accepted

energy = -15517.44108
energy/site = -39.58530887
44.4997% accepted

energy = -421.5143855
energy/site = -1.0752918
44.3237% accepted

energy = -376.9406636
energy/site = -0.9615833254
44.3764% accepted

energy = -1951.269639
energy/site = -4.977728671
44.279% accepted

energy = -332.2256842
energy/site = -0.8475145006
44.552% accepted

energy = -190.1511269
energy/site = -0.4850794054
44.3915% accepted

energy = -318.9026094
energy/site = -0.8135270649
44.4751% accepted

energy = -172.9230049
energy/site = -0.4411301145
44.411% accepted

energy = -231.8056779
energy/site = -0.5913410151
44.4277% accepted

energy = -49.78848512
energy/site = -0.1270114416
44.3615% accepted

energy = -128.5022428
energy/site = -0.3278118438
44.3468% accepted

energy = -3198.367104
energy/site = -8.159099755
44.3474% accepted

energy = -804.3793342
energy/site = -2.051988097
44.3207% accepted

energy = -2757.066737
energy/site = -7.033333512
44.3882% accepted

energy = -655.7410171
energy/site = -1.672808717
44.3973% accepted

energy = -206.9312091
energy/site = -0.5278857376
44.3179% accepted

energy = -2912.680258
energy/site = -7.430306781
44.2786% accepted

energy = -627.7719283
energy/site = -1.601459001
44.384% accepted

energy = -165.5786455
energy/site = -0.4223945038
44.452% accepted

energy = -134.7008809
energy/site = -0.3436246962
44.3419% accepted

energy = -212.8355483
energy/site = -0.5429478272
44.3295% accepted

energy = -249.7943879
energy/site = -0.6372305813
44.2984% accepted

energy = -3463.792364
energy/site = -8.836205011
44.3612% accepted

energy = -345.5790843
energy/site = -0.8815792968
44.3511% accepted

energy = -1975.90801
energy/site = -5.040581657
44.2489% accepted

energy = -115.7095827
energy/site = -0.295177507
44.3199% accepted

energy = -517.5182303
energy/site = -1.320199567
44.4367% accepted

energy = -922.6437246
energy/site = -2.353682971
44.32% accepted

energy = -244.0498691
energy/site = -0.6225761966
44.2899% accepted

energy = -25.78798816
energy/site = -0.06578568407
44.381% accepted

energy = -127.8699667
energy/site = -0.3261988946
44.3494% accepted

energy = -883.4816363
energy/site = -2.253779685
44.3998% accepted

energy = -1071.737814
energy/site = -2.734025035
44.4468% accepted

energy = -187.1229537
energy/site = -0.4773544737
44.2274% accepted

energy = -208.2376135
energy/site = -0.5312184019
44.4641% accepted

energy = -194.1527195
energy/site = -0.4952875498
44.4003% accepted

energy = -1639.773924
energy/site = -4.183096746
44.3102% accepted

energy = -202.6881395
energy/site = -0.5170615804
44.4015% accepted

energy = -1599.602507
energy/site = -4.080618639
44.2162% accepted

energy = -290.4928167
energy/site = -0.7410531039
44.4784% accepted

energy = -212.0725994
energy/site = -0.5410015292
44.2678% accepted

energy = -246.9539194
energy/site = -0.6299844881
44.412% accepted

energy = -118.0470746
energy/site = -0.3011404964
44.4144% accepted

energy = -251.9183012
energy/site = -0.6426487275
44.2943% accepted

energy = -2398.316567
energy/site = -6.118154508
44.2875% accepted

energy = -343.1537428
energy/site = -0.8753922011
44.497% accepted

energy = -50.32352289
energy/site = -0.1283763339
44.3416% accepted

energy = -69.49914337
energy/site = -0.1772937331
44.2138% accepted

energy = -543.4515193
energy/site = -1.386355917
44.4638% accepted

energy = -35.59138441
energy/site = -0.09079434799
44.3412% accepted

energy = -168.19761
energy/site = -0.4290755357
44.3761% accepted

energy = -74.66663036
energy/site = -0.1904760978
44.4253% accepted

energy = -872.308934
energy/site = -2.225277893
44.4797% accepted

energy = -45.37020036
energy/site = -0.115740307
44.3664% accepted

energy = -1088.772279
energy/site = -2.777480303
44.4001% accepted

energy = -263.7468834
energy/site = -0.6728236822
44.5617% accepted

energy = -164.3765406
energy/site = -0.4193279098
44.4483% accepted

energy = -2304.721379
energy/site = -5.879391274
44.4922% accepted

energy = -3029.985449
energy/site = -7.729554716
44.3599% accepted

energy = -17.48758035
energy/site = -0.04461117436
44.4491% accepted

energy = -3512.55232
energy/site = -8.960592652
44.2906% accepted

energy = -218.6427574
energy/site = -0.5577621362
44.302% accepted

energy = -125.728987
energy/site = -0.3207372118
44.3826% accepted

energy = -103.9547835
energy/site = -0.2651907741
44.4569% accepted

energy = -464.5927656
energy/site = -1.185185627
44.2846% accepted

energy = -195.7197186
energy/site = -0.4992849964
44.4065% accepted

energy = -783.0927953
energy/site = -1.997685702
44.397% accepted

energy = -344.5889267
energy/site = -0.8790533845
44.4576% accepted

energy = -113.6381699
energy/site = -0.2898932906
44.4997% accepted

energy = -424.3838278
energy/site = -1.082611806
44.4158% accepted

energy = -552.2289391
energy/site = -1.408747294
44.3783% accepted

energy = -186.5268448
energy/site = -0.4758337876
44.4395% accepted

energy = -1746.937751
energy/site = -4.456473853
44.4306% accepted

energy = -1392.277738
energy/site = -3.551728923
44.4372% accepted

energy = -52.96661928
energy/site = -0.1351189267
44.3283% accepted

energy = -632.8849042
energy/site = -1.614502307
44.2461% accepted

energy = -2124.558547
energy/site = -5.419792213
44.4726% accepted

energy = -11010.35121
energy/site = -28.08763063
44.4447% accepted

energy = -180.4442229
energy/site = -0.460316895
44.4638% accepted

energy = -515.2438636
energy/site = -1.314397611
44.3459% accepted

energy = -111.31868
energy/site = -0.2839762244
44.338% accepted

energy = -234.7149848
energy/site = -0.5987627162
44.3925% accepted

energy = -798.6919439
energy/site = -2.037479449
44.3791% accepted

energy = -810.3530746
energy/site = -2.067227231
44.4114% accepted

energy = -172.925913
energy/site = -0.4411375332
44.4001% accepted

energy = -1152.383061
energy/site = -2.939752707
44.3509% accepted

energy = -105.0136535
energy/site = -0.2678919732
44.3575% accepted

energy = -229.7173611
energy/site = -0.5860136763
44.5077% accepted

energy = -171.0159539
energy/site = -0.4362651885
44.5301% accepted

energy = -786.3270483
energy/site = -2.005936348
44.3775% accepted

energy = -531.9030918
energy/site = -1.356895642
44.4598% accepted

energy = -309.7648228
energy/site = -0.7902163846
44.478% accepted

energy = -363.0583389
energy/site = -0.9261692319
44.3369% accepted

energy = -3209.870503
energy/site = -8.18844516
44.355% accepted

energy = -124.0408672
energy/site = -0.3164307836
44.3477% accepted

energy = -255.0855608
energy/site = -0.6507284714
44.484% accepted

energy = -1763.110344
energy/site = -4.497730468
44.3244% accepted

energy = -500.0453885
energy/site = -1.275625991
44.4067% accepted

energy = -936.8420353
energy/site = -2.389903151
44.264% accepted

energy = -177.3071212
energy/site = -0.4523140846
44.3109% accepted

energy = -1200.291407
energy/site = -3.061967875
44.3071% accepted

energy = -409.4916763
energy/site = -1.044621623
44.4188% accepted

energy = -430.4263612
energy/site = -1.098026432
44.4362% accepted

energy = -2374.129581
energy/site = -6.056453012
44.3667% accepted

energy = -279.3693764
energy/site = -0.7126769806
44.3213% accepted

energy = -842.1452502
energy/site = -2.14832972
44.5036% accepted

energy = -889.076334
energy/site = -2.268051872
44.3693% accepted

energy = -231.6546137
energy/site = -0.5909556472
44.4486% accepted

energy = -51.45614772
energy/site = -0.131265683
44.3999% accepted

energy = -340.5151718
energy/site = -0.8686611525
44.3834% accepted

energy = -111.6274878
energy/site = -0.2847639995
44.3441% accepted

energy = -441.522109
energy/site = -1.126331911
44.3696% accepted

energy = -311.003044
energy/site = -0.7933751123
44.4432% accepted

energy = -91.84843577
energy/site = -0.2343072341
44.3953% accepted

energy = -399.1142179
energy/site = -1.018148515
44.4185% accepted

energy = -167.0018924
energy/site = -0.4260252358
44.3401% accepted

energy = -396.0703114
energy/site = -1.010383448
44.4686% accepted

energy = -341.0360141
energy/site = -0.869989832
44.3491% accepted

energy = -700.0704132
energy/site = -1.785893911
44.3132% accepted

energy = -311.4111276
energy/site = -0.7944161418
44.4611% accepted

energy = -1901.824781
energy/site = -4.851593829
44.4635% accepted

energy = -816.4733199
energy/site = -2.082840102
44.4856% accepted

energy = -2236.179583
energy/site = -5.704539752
44.5103% accepted

energy = -211.0815222
energy/site = -0.5384732708
44.4275% accepted

energy = -262.9281741
energy/site = -0.670735138
44.3764% accepted

energy = -414.8327321
energy/site = -1.058246766
44.4783% accepted

energy = -138.1915786
energy/site = -0.3525295371
44.3175% accepted

energy = -108.0847233
energy/site = -0.2757263349
44.4206% accepted

energy = -192.6253624
energy/site = -0.4913912307
44.4807% accepted

energy = -340.0378141
energy/site = -0.8674434034
44.3988% accepted

energy = -165.790953
energy/site = -0.4229361045
44.3313% accepted

energy = -688.8114736
energy/site = -1.757172127
44.2797% accepted

energy = -1016.780561
energy/site = -2.593827962
44.3759% accepted

energy = -709.8748324
energy/site = -1.810905185
44.3879% accepted

energy = -4138.009916
energy/site = -10.55614775
44.3947% accepted

energy = -542.3293902
energy/site = -1.383493342
44.3782% accepted

energy = -105.0505342
energy/site = -0.2679860566
44.5869% accepted

energy = -239.9780177
energy/site = -0.6121888206
44.3228% accepted

energy = -105.5424722
energy/site = -0.2692410004
44.2959% accepted

energy = -128.6747176
energy/site = -0.3282518306
44.3233% accepted

energy = -810.4810694
energy/site = -2.067553748
44.3331% accepted

energy = -282.1094491
energy/site = -0.719666962
44.3063% accepted

energy = -273.3760547
energy/site = -0.6973878946
44.4406% accepted

energy = -375.82663
energy/site = -0.9587414031
44.5578% accepted

energy = -225.940591
energy/site = -0.5763790586
44.3771% accepted

energy = -168.5612836
energy/site = -0.4300032744
44.488% accepted

energy = -232.4551507
energy/site = -0.5929978334
44.3893% accepted

energy = -202.387625
energy/site = -0.5162949617
44.4533% accepted

energy = -71.73013842
energy/site = -0.182985047
44.299% accepted

energy = -120.9006589
energy/site = -0.3084200482
44.3713% accepted

energy = -169.7934651
energy/site = -0.4331465947
44.2771% accepted

energy = -1268.867241
energy/site = -3.236906226
44.4104% accepted

energy = -214.7704158
energy/site = -0.5478837137
44.2611% accepted

energy = -220.5651389
energy/site = -0.5626661707
44.5052% accepted

energy = -153.2269204
energy/site = -0.3908850009
44.2931% accepted

energy = -1365.185453
energy/site = -3.48261595
44.3343% accepted

energy = -145.2013955
energy/site = -0.3704117232
44.3841% accepted

energy = -229.7153718
energy/site = -0.5860086014
44.2803% accepted

energy = -1326.467565
energy/site = -3.383845828
44.405% accepted

energy = -161.8615936
energy/site = -0.4129122285
44.4319% accepted

energy = -77.18500402
energy/site = -0.1969005205
44.1581% accepted

energy = -401.2887944
energy/site = -1.023695904
44.3921% accepted

energy = -507.2839287
energy/site = -1.294091655
44.2581% accepted

energy = -2591.907658
energy/site = -6.612009331
44.3543% accepted

energy = -778.428889
energy/site = -1.985787982
44.3575% accepted

energy = -228.5097958
energy/site = -0.5829331524
44.3115% accepted

energy = -1136.068039
energy/site = -2.898132753
44.4898% accepted

energy = -412.0031664
energy/site = -1.051028486
44.387% accepted

energy = -88.15712254
energy/site = -0.2248906187
44.4016% accepted

energy = -461.4892017
energy/site = -1.177268372
44.3592% accepted

energy = -465.36271
energy/site = -1.18714977
44.5663% accepted

energy = -1533.609592
energy/site = -3.912269368
44.3732% accepted

energy = -1293.173312
energy/site = -3.298911511
44.3959% accepted

energy = -2206.19094
energy/site = -5.628038113
44.4709% accepted

energy = -73.7663886
energy/site = -0.1881795628
44.3586% accepted

energy = -323.8440929
energy/site = -0.82613289
44.3552% accepted

energy = -496.7117432
energy/site = -1.267121794
44.3093% accepted

energy = -237.927174
energy/site = -0.6069570767
44.3988% accepted

energy = -175.0718196
energy/site = -0.4466117848
44.3922% accepted

energy = -93.70799824
energy/site = -0.2390510159
44.4699% accepted

energy = -875.3876297
energy/site = -2.233131708
44.3116% accepted

energy = -697.7422602
energy/site = -1.779954745
44.381% accepted

energy = -223.9926861
energy/site = -0.5714099136
44.3485% accepted

energy = -156.8960999
energy/site = -0.4002451529
44.3746% accepted

energy = -216.1155987
energy/site = -0.5513153027
44.2464% accepted

energy = -107.6061727
energy/site = -0.2745055426
44.6085% accepted

energy = -1434.719937
energy/site = -3.659999838
44.3325% accepted

energy = -803.0285579
energy/site = -2.04854224
44.3227% accepted

energy = -773.8190417
energy/site = -1.974028168
44.4036% accepted

energy = -1246.230445
energy/site = -3.179159299
44.3886% accepted

energy = -248.0953098
energy/site = -0.6328961984
44.4153% accepted

energy = -13861.51705
energy/site = -35.36101289
44.1923% accepted

energy = -308.55574
energy/site = -0.7871319897
44.4157% accepted

energy = -383.3144895
energy/site = -0.9778430855
44.2987% accepted

energy = -265.1722527
energy/site = -0.6764598283
44.362% accepted

energy = -73.07029223
energy/site = -0.1864038067
44.4938% accepted

energy = -101.3679649
energy/site = -0.2585917472
44.3604% accepted

energy = -4038.939565
energy/site = -10.30341726
44.3296% accepted

energy = -3441.992306
energy/site = -8.780592618
44.4312% accepted

energy = -1049.991675
energy/site = -2.678550191
44.2103% accepted

energy = -814.475072
energy/site = -2.077742531
44.3954% accepted

energy = -6067.481803
energy/site = -15.4782699
44.2487% accepted

energy = -82.86788459
energy/site = -0.2113976648
44.3385% accepted

energy = -405.4889029
energy/site = -1.034410467
44.4029% accepted

energy = -2910.117185
energy/site = -7.423768329
44.6074% accepted

energy = -79.02497182
energy/site = -0.2015943159
44.3224% accepted

energy = -508.5073793
energy/site = -1.297212702
44.3893% accepted

energy = -523.4630154
energy/site = -1.335364835
44.3584% accepted

energy = -271.330313
energy/site = -0.6921691658
44.3113% accepted

energy = -3026.980225
energy/site = -7.721888328
44.3991% accepted

energy = -337.667768
energy/site = -0.8613973673
44.3636% accepted

energy = -260.2143546
energy/site = -0.663812129
44.369% accepted

energy = -2443.497413
energy/site = -6.233411767
44.1913% accepted

energy = -394.9143799
energy/site = -1.007434643
44.2468% accepted

energy = -3370.228392
energy/site = -8.597521408
44.4612% accepted

energy = -683.137357
energy/site = -1.742697339
44.3792% accepted

energy = -104.0864161
energy/site = -0.2655265717
44.3684% accepted

energy = -324.2291556
energy/site = -0.8271151929
44.4109% accepted

energy = -2192.073173
energy/site = -5.592023399
44.3883% accepted

energy = -1021.572664
energy/site = -2.606052715
44.3897% accepted

energy = -75.84273836
energy/site = -0.1934763734
44.4192% accepted

energy = -87.68414851
energy/site = -0.2236840523
44.4053% accepted

energy = -99.87817914
energy/site = -0.2547912733
44.3161% accepted

energy = -818.7848521
energy/site = -2.088736868
44.4063% accepted

energy = -459.6068181
energy/site = -1.172466373
44.4204% accepted

energy = -149.9029509
energy/site = -0.382405487
44.4179% accepted

energy = -341.9931404
energy/site = -0.8724314807
44.2548% accepted

energy = -1337.032251
energy/site = -3.410796559
44.2943% accepted

energy = -829.4342528
energy/site = -2.115903706
44.3559% accepted

energy = -6920.275288
energy/site = -17.65376349
44.2486% accepted

energy = -421.2977692
energy/site = -1.074739207
44.3401% accepted

energy = -576.4307384
energy/site = -1.470486578
44.3262% accepted

energy = -217.8605843
energy/site = -0.5557667966
44.2501% accepted

energy = -83.95932059
energy/site = -0.2141819403
44.2679% accepted

energy = -20.43544506
energy/site = -0.05213123739
44.4414% accepted

energy = -353.5183142
energy/site = -0.9018324341
44.2806% accepted

energy = -332.1824224
energy/site = -0.8474041387
44.392% accepted

energy = -105.77939
energy/site = -0.2698453827
44.2715% accepted

energy = -5286.463094
energy/site = -13.48587524
44.3329% accepted

energy = -402.3051847
energy/site = -1.026288736
44.3237% accepted

energy = -325.2498958
energy/site = -0.8297191219
44.4418% accepted

energy = -1373.289361
energy/site = -3.503289187
44.5517% accepted

energy = -149.0866402
energy/site = -0.3803230616
44.3043% accepted

energy = -195.7998692
energy/site = -0.4994894623
44.3857% accepted

energy = -115.1834767
energy/site = -0.2938353997
44.3416% accepted

energy = -418.0482934
energy/site = -1.066449728
44.4762% accepted

energy = -392.3776347
energy/site = -1.000963354
44.2906% accepted

energy = -3120.189635
energy/site = -7.959667437
44.3888% accepted

energy = -213.6289339
energy/site = -0.5449717702
44.434% accepted

energy = -1040.211459
energy/site = -2.65360066
44.4138% accepted

energy = -519.3537655
energy/site = -1.324882055
44.4157% accepted

energy = -596.460197
energy/site = -1.521582135
44.2736% accepted

energy = -133.6213122
energy/site = -0.3408706943
44.3752% accepted

energy = -369.9237015
energy/site = -0.9436829119
44.3479% accepted

energy = -1013.448235
energy/site = -2.585327131
44.2982% accepted

energy = -391.943774
energy/site = -0.9998565664
44.4% accepted

energy = -166.0469442
energy/site = -0.4235891435
44.4966% accepted

energy = -511.9688802
energy/site = -1.306043062
44.4231% accepted

energy = -46.66375208
energy/site = -0.1190401839
44.2699% accepted

energy = -730.6145364
energy/site = -1.863812593
44.4244% accepted

energy = -694.9048687
energy/site = -1.772716502
44.2879% accepted

energy = -145.7886832
energy/site = -0.3719099061
44.6144% accepted

energy = -491.3141154
energy/site = -1.253352335
44.3408% accepted

energy = -500.6466571
energy/site = -1.27715984
44.4593% accepted

energy = -574.6489371
energy/site = -1.465941166
44.3925% accepted

energy = -560.3569734
energy/site = -1.429482075
44.491% accepted

energy = -1107.645626
energy/site = -2.825626598
44.227% accepted

energy = -743.66751
energy/site = -1.897110995
44.4533% accepted

energy = -216.7167191
energy/site = -0.5528487731
44.3913% accepted

energy = -387.5761404
energy/site = -0.988714644
44.398% accepted

energy = -564.0272789
energy/site = -1.438845099
44.3357% accepted

energy = -310.4255215
energy/site = -0.7919018406
44.3722% accepted

energy = -175.8715142
energy/site = -0.4486518219
44.3811% accepted

energy = -267.2268155
energy/site = -0.68170106
44.4111% accepted

energy = -292.3108511
energy/site = -0.7456909466
44.3701% accepted

energy = -756.8315004
energy/site = -1.930692603
44.3287% accepted

energy = -3285.884012
energy/site = -8.382357174
44.3618% accepted

energy = -2950.487295
energy/site = -7.526753304
44.3552% accepted

energy = -849.2444407
energy/site = -2.1664399
44.3954% accepted

energy = -351.1870412
energy/site = -0.8958853093
44.3153% accepted

energy = -534.2090247
energy/site = -1.362778124
44.2871% accepted

energy = -311.7501685
energy/site = -0.795281042
44.6157% accepted

energy = -91.67698435
energy/site = -0.233869858
44.2524% accepted

energy = -468.0391807
energy/site = -1.193977502
44.3133% accepted

energy = -903.7502264
energy/site = -2.305485271
44.3188% accepted

energy = -338.6767889
energy/site = -0.8639714003
44.2751% accepted

energy = -308.7618184
energy/site = -0.7876577
44.5031% accepted

energy = -1581.287985
energy/site = -4.03389792
44.2339% accepted

energy = -582.3984436
energy/site = -1.485710315
44.4022% accepted

energy = -131.1669758
energy/site = -0.334609632
44.3285% accepted

energy = -2870.683948
energy/site = -7.323173336
44.2888% accepted

energy = -6471.502564
energy/site = -16.50893511
44.4446% accepted

energy = -485.5593792
energy/site = -1.238671886
44.3503% accepted

energy = -171.8675268
energy/site = -0.4384375684
44.3842% accepted

energy = -221.7862486
energy/site = -0.5657812465
44.3223% accepted

energy = -8333.127562
energy/site = -21.25797848
44.4109% accepted

energy = -272.3377254
energy/site = -0.6947390954
44.3323% accepted

energy = -430.6118405
energy/site = -1.098499593
44.3852% accepted

energy = -1104.11935
energy/site = -2.816630994
44.4246% accepted

energy = -279.3371576
energy/site = -0.7125947899
44.4919% accepted

energy = -732.468663
energy/site = -1.868542508
44.3936% accepted

energy = -1168.528863
energy/site = -2.980940977
44.2901% accepted

energy = -114.3963427
energy/site = -0.2918274048
44.3376% accepted

energy = -167.7899695
energy/site = -0.4280356364
44.3214% accepted

energy = -238.8646376
energy/site = -0.6093485652
44.5009% accepted

energy = -1310.730761
energy/site = -3.343700922
44.2929% accepted

energy = -2576.199504
energy/site = -6.57193751
44.4441% accepted

energy = -219.0123249
energy/site = -0.5587049104
44.4481% accepted

energy = -288.9041908
energy/site = -0.7370004868
44.3471% accepted

energy = -925.0939324
energy/site = -2.359933501
44.4373% accepted

energy = -8181.040369
energy/site = -20.87000094
44.4509% accepted

energy = -181.821226
energy/site = -0.4638296581
44.4087% accepted

energy = -304.9541047
energy/site = -0.7779441447
44.4013% accepted

energy = -106.6831204
energy/site = -0.2721508173
44.4701% accepted

energy = -1259.284939
energy/site = -3.21246158
44.3367% accepted

energy = -1015.427887
energy/site = -2.590377262
44.2899% accepted

energy = -732.5974432
energy/site = -1.868871029
44.317% accepted

energy = -284.3730994
energy/site = -0.72544158
44.397% accepted

energy = -14057.22915
energy/site = -35.86027844
44.4023% accepted

energy = -652.8907599
energy/site = -1.665537653
44.4273% accepted

energy = -396.0602851
energy/site = -1.01035787
44.1884% accepted

energy = -110.3539682
energy/site = -0.2815152249
44.4168% accepted

energy = -508.3039808
energy/site = -1.296693828
44.2462% accepted

energy = -300.7250783
energy/site = -0.7671558121
44.373% accepted

energy = -120.547399
energy/site = -0.307518875
44.3923% accepted

energy = -1052.529938
energy/site = -2.685025352
44.299% accepted

energy = -101.660697
energy/site = -0.2593385127
44.3358% accepted

energy = -78.12895302
energy/site = -0.1993085536
44.4443% accepted

energy = -1470.688159
energy/site = -3.751755507
44.3248% accepted

energy = -750.2566248
energy/site = -1.913919961
44.5253% accepted

energy = -434.401579
energy/site = -1.108167293
44.5455% accepted

energy = -3672.153049
energy/site = -9.367737369
44.4538% accepted

energy = -1974.404795
energy/site = -5.036746925
44.4902% accepted

energy = -275.4571205
energy/site = -0.702696736
44.4951% accepted

energy = -1228.042191
energy/site = -3.13276069
44.4952% accepted

energy = -92.72107687
energy/site = -0.2365333594
44.3482% accepted

energy = -644.038249
energy/site = -1.642954717
44.3527% accepted

energy = -1955.972678
energy/site = -4.989726218
44.4669% accepted

energy = -262.0180008
energy/site = -0.6684132674
44.4057% accepted

energy = -423.5077455
energy/site = -1.080376902
44.4091% accepted

energy = -35.75973665
energy/site = -0.09122381798
44.2639% accepted

energy = -454.898908
energy/site = -1.160456398
44.3569% accepted

energy = -605.8192579
energy/site = -1.545457291
44.3302% accepted

energy = -185.5547976
energy/site = -0.4733540756
44.3511% accepted

energy = -49.08133834
energy/site = -0.1252074958
44.3206% accepted

energy = -177.164873
energy/site = -0.4519512066
44.3832% accepted

energy = -80.33213566
energy/site = -0.2049289175
44.328% accepted

energy = -161.6009341
energy/site = -0.4122472808
44.3052% accepted

energy = -1036.685521
energy/site = -2.644605922
44.5129% accepted

energy = -43.52283586
energy/site = -0.1110276425
44.4302% accepted

energy = -727.7884779
energy/site = -1.85660326
44.2425% accepted

energy = -618.2600679
energy/site = -1.577194051
44.3359% accepted

energy = -152.935478
energy/site = -0.3901415255
44.3965% accepted

energy = -73.04962419
energy/site = -0.1863510821
44.5215% accepted

energy = -1251.279242
energy/site = -3.192038883
44.4331% accepted

energy = -182.0890852
energy/site = -0.4645129725
44.5076% accepted

energy = -123.069055
energy/site = -0.3139516709
44.4201% accepted

energy = -1340.324364
energy/site = -3.419194805
44.4722% accepted

energy = -269.9203128
energy/site = -0.6885722265
44.3226% accepted

energy = -2839.854904
energy/site = -7.244527815
44.4504% accepted

energy = -1165.41462
energy/site = -2.972996478
44.319% accepted

energy = -320.0962602
energy/site = -0.8165720925
44.3304% accepted

energy = -5261.041039
energy/site = -13.42102306
44.2966% accepted

energy = -477.5033536
energy/site = -1.2181208
44.3304% accepted

energy = -282.8322114
energy/site = -0.7215107435
44.3531% accepted

energy = -564.9525342
energy/site = -1.441205444
44.3884% accepted

energy = -1712.168952
energy/site = -4.367777938
44.4388% accepted

energy = -307.2688995
energy/site = -0.7838492334
44.3885% accepted

energy = -265.8288245
energy/site = -0.6781347563
44.2964% accepted

energy = -611.5361553
energy/site = -1.560041213
44.4279% accepted

energy = -386.4270009
energy/site = -0.9857831656
44.3584% accepted

energy = -107.8854191
energy/site = -0.2752179058
44.4447% accepted

energy = -140.6003147
energy/site = -0.3586742722
44.3348% accepted

energy = -371.1430445
energy/site = -0.9467934808
44.3768% accepted

energy = -194.3730653
energy/site = -0.4958496563
44.2799% accepted

energy = -52.99178025
energy/site = -0.1351831129
44.3541% accepted

energy = -654.5269413
energy/site = -1.669711585
44.3053% accepted

energy = -216.958689
energy/site = -0.5534660434
44.3388% accepted

energy = -1158.259314
energy/site = -2.954743148
44.4943% accepted

energy = -144.7639508
energy/site = -0.3692957928
44.3923% accepted

energy = -617.3886372
energy/site = -1.574971013
44.279% accepted

energy = -2895.040867
energy/site = -7.385308334
44.5625% accepted

energy = -431.0241626
energy/site = -1.099551435
44.3774% accepted

energy = -298.5717134
energy/site = -0.7616625341
44.2958% accepted

energy = -1960.909488
energy/site = -5.002320123
44.2581% accepted

energy = -448.9083223
energy/site = -1.145174292
44.2529% accepted

energy = -107.7859861
energy/site = -0.2749642502
44.4848% accepted

energy = -2932.365329
energy/site = -7.480523799
44.4344% accepted

energy = -791.6406817
energy/site = -2.019491535
44.2141% accepted

energy = -36.0058632
energy/site = -0.09185169183
44.2919% accepted

energy = -443.0079
energy/site = -1.130122194
44.3044% accepted

energy = -7274.456288
energy/site = -18.55728645
44.2924% accepted

energy = -291.9772789
energy/site = -0.7448399972
44.4859% accepted

energy = -84.40816312
energy/site = -0.2153269467
44.4153% accepted

energy = -1064.919539
energy/site = -2.716631478
44.3679% accepted

energy = -52.50939294
energy/site = -0.133952533
44.4927% accepted

energy = -128.4157961
energy/site = -0.3275913166
44.4283% accepted

energy = -2328.183894
energy/site = -5.939244628
44.3165% accepted

energy = -130.3598561
energy/site = -0.3325506534
44.3862% accepted

energy = -2647.884039
energy/site = -6.754806223
44.3581% accepted

energy = -139.1955349
energy/site = -0.3550906502
44.3204% accepted

energy = -735.8132603
energy/site = -1.877074644
44.3112% accepted

energy = -1170.276444
energy/site = -2.985399091
44.3738% accepted

energy = -474.1276532
energy/site = -1.209509319
44.2103% accepted

energy = -304.375414
energy/site = -0.7764678928
44.5053% accepted

energy = -3328.325927
energy/site = -8.490627365
44.4437% accepted

energy = -154.6001095
energy/site = -0.3943880343
44.3204% accepted

energy = -1861.703154
energy/site = -4.74924274
44.5281% accepted

energy = -545.5403306
energy/site = -1.391684517
44.376% accepted

energy = -3965.65062
energy/site = -10.11645566
44.3348% accepted

energy = -43.34677095
energy/site = -0.1105784973
44.3663% accepted

energy = -503.6332184
energy/site = -1.284778618
44.3307% accepted

energy = -280.2164866
energy/site = -0.7148379761
44.4169% accepted

energy = -18290.6521
energy/site = -46.65982679
44.4472% accepted

energy = -908.3999887
energy/site = -2.31734691
44.1954% accepted

energy = -505.8584562
energy/site = -1.290455245
44.4705% accepted

energy = -539.7204456
energy/site = -1.376837871
44.4461% accepted

energy = -389.1613773
energy/site = -0.9927586157
44.3328% accepted

energy = -185.545307
energy/site = -0.4733298649
44.1237% accepted

energy = -170.4339804
energy/site = -0.4347805622
44.3555% accepted

energy = -330.7222306
energy/site = -0.8436791596
44.3442% accepted

energy = -235.627101
energy/site = -0.6010895434
44.3961% accepted

energy = -3541.650561
energy/site = -9.03482286
44.4063% accepted

energy = -71.14251896
energy/site = -0.1814860177
44.3196% accepted

energy = -37.78115878
energy/site = -0.0963805071
44.4483% accepted

energy = -177.4399959
energy/site = -0.4526530507
44.4691% accepted

energy = -304.9176425
energy/site = -0.7778511287
44.3236% accepted

energy = -813.2418484
energy/site = -2.074596552
44.4418% accepted

energy = -202.3968159
energy/site = -0.5163184079
44.3856% accepted

energy = -387.1647937
energy/site = -0.9876652901
44.4652% accepted

energy = -772.3523213
energy/site = -1.970286534
44.3403% accepted

energy = -204.4616793
energy/site = -0.5215859165
44.2837% accepted

energy = -337.3462907
energy/site = -0.8605772722
44.3522% accepted

energy = -196.8262419
energy/site = -0.5021077599
44.44% accepted

energy = -396.1473159
energy/site = -1.010579887
44.3107% accepted

energy = -778.842519
energy/site = -1.986843161
44.2371% accepted

energy = -139.1325236
energy/site = -0.354929907
44.4631% accepted

energy = -350.4960382
energy/site = -0.8941225463
44.3494% accepted

energy = -147.9676044
energy/site = -0.3774683785
44.287% accepted

energy = -239.1551835
energy/site = -0.6100897539
44.2967% accepted

energy = -395.5521623
energy/site = -1.009061638
44.3916% accepted

energy = -251.9194538
energy/site = -0.642651668
44.3531% accepted

energy = -1423.334743
energy/site = -3.630955976
44.4154% accepted

energy = -658.8582051
energy/site = -1.680760727
44.3712% accepted

energy = -915.9116796
energy/site = -2.336509387
44.1839% accepted

energy = -3336.988991
energy/site = -8.512727019
44.3019% accepted

energy = -1079.007664
energy/site = -2.752570573
44.562% accepted

energy = -139.5344751
energy/site = -0.3559552935
44.4512% accepted

energy = -909.9583991
energy/site = -2.321322447
44.4393% accepted

energy = -1246.046707
energy/site = -3.17869058
44.3155% accepted

energy = -1074.569061
energy/site = -2.741247604
44.2098% accepted

energy = -224.3354339
energy/site = -0.5722842701
44.2953% accepted

energy = -2109.430487
energy/site = -5.381200221
44.4541% accepted

energy = -233.1561518
energy/site = -0.5947861015
44.4294% accepted

energy = -544.1769666
energy/site = -1.388206547
44.3664% accepted

energy = -411.2772172
energy/site = -1.049176574
44.3033% accepted

energy = -297.0675905
energy/site = -0.7578254858
44.3394% accepted

energy = -400.1209296
energy/site = -1.020716657
44.3861% accepted

energy = -1343.411392
energy/site = -3.427069878
44.2309% accepted

energy = -139.1965662
energy/site = -0.355093281
44.3936% accepted

energy = -299.5809826
energy/site = -0.7642372005
44.3556% accepted

energy = -68.73864949
energy/site = -0.1753536977
44.4095% accepted

energy = -407.2150235
energy/site = -1.038813835
44.4153% accepted

energy = -5892.517433
energy/site = -15.03193223
44.452% accepted

energy = -65.71874453
energy/site = -0.1676498585
44.319% accepted

energy = -112.0198436
energy/site = -0.2857649072
44.3392% accepted

energy = -31.24622871
energy/site = -0.07970976711
44.3757% accepted

energy = -381.0483412
energy/site = -0.9720620949
44.4222% accepted

energy = -951.6559902
energy/site = -2.427693853
44.5907% accepted

energy = -130.906234
energy/site = -0.3339444745
44.3547% accepted

energy = -5380.768499
energy/site = -13.72645025
44.4022% accepted

energy = -442.3558375
energy/site = -1.128458769
44.2508% accepted

energy = -259.0445219
energy/site = -0.6608278619
44.3681% accepted

energy = -1065.952788
energy/site = -2.719267317
44.3083% accepted

energy = -2238.036913
energy/site = -5.709277839
44.5129% accepted

energy = -71.58223413
energy/site = -0.1826077401
44.5082% accepted

energy = -110.3576981
energy/site = -0.28152474
44.3668% accepted

energy = -5206.531819
energy/site = -13.28196892
44.3694% accepted

energy = -1729.01838
energy/site = -4.410761175
44.4203% accepted

energy = -243.3790604
energy/site = -0.62086495
44.3696% accepted

energy = -328.1682875
energy/site = -0.8371639986
44.3899% accepted

energy = -277.8337404
energy/site = -0.7087595419
44.3499% accepted

energy = -174.0130971
energy/site = -0.443910962
44.4244% accepted

energy = -192.0100932
energy/site = -0.4898216662
44.3448% accepted

energy = -99.84233872
energy/site = -0.2546998437
44.4365% accepted

energy = -98.54424315
energy/site = -0.2513883754
44.404% accepted

energy = -679.0268163
energy/site = -1.732211266
44.2662% accepted

energy = -239.947761
energy/site = -0.6121116353
44.3108% accepted

energy = -130.6988421
energy/site = -0.3334154134
44.2517% accepted

energy = -772.2446179
energy/site = -1.97001178
44.3208% accepted

energy = -343.1233396
energy/site = -0.8753146419
44.4738% accepted

energy = -92.63400451
energy/site = -0.236311236
44.4486% accepted

energy = -1023.560197
energy/site = -2.611122953
44.3353% accepted

energy = -1026.458113
energy/site = -2.618515594
44.4376% accepted

energy = -342.1070686
energy/site = -0.8727221139
44.344% accepted

energy = -1039.174129
energy/site = -2.65095441
44.3972% accepted

energy = -430.2601066
energy/site = -1.097602313
44.529% accepted

energy = -560.4120824
energy/site = -1.429622659
44.4592% accepted

energy = -274.9242891
energy/site = -0.7013374723
44.3798% accepted

energy = -413.3436044
energy/site = -1.054447971
44.5062% accepted

energy = -862.5740634
energy/site = -2.200444039
44.3211% accepted

energy = -249.2032915
energy/site = -0.6357226823
44.5639% accepted

energy = -719.6069202
energy/site = -1.835731939
44.3921% accepted

energy = -803.0259065
energy/site = -2.048535476
44.2488% accepted

energy = -484.8608395
energy/site = -1.236889897
44.5689% accepted

energy = -223.1291215
energy/site = -0.5692069425
44.2945% accepted

energy = -1065.086211
energy/site = -2.71705666
44.428% accepted

energy = -438.5833968
energy/site = -1.118835196
44.338% accepted

energy = -141.8562002
energy/site = -0.3618780618
44.4048% accepted

energy = -231.1180606
energy/site = -0.5895868894
44.2487% accepted

energy = -322.1000909
energy/site = -0.8216839053
44.3786% accepted

energy = -846.5019887
energy/site = -2.159443849
44.3399% accepted

