
weighting by <swap_x> where x = 4
5 x 20 x 1 system
r   = 3  bondops changed per step 
n/N = 80  bond operators / site
its = 1000000  iterations/loop for 10000 loops

energy = -299.4618795
energy/site = -1.497309397
44.9381% accepted

energy = -310.9867314
energy/site = -1.554933657
44.5619% accepted

energy = -223.5104885
energy/site = -1.117552442
44.64% accepted

energy = -307.8116164
energy/site = -1.539058082
44.7198% accepted

energy = -329.8576969
energy/site = -1.649288485
44.6283% accepted

energy = -457.5703865
energy/site = -2.287851932
44.5286% accepted

energy = -579.074108
energy/site = -2.89537054
44.7009% accepted

energy = -471.4879226
energy/site = -2.357439613
44.5801% accepted

energy = -361.2654854
energy/site = -1.806327427
44.8318% accepted

energy = -206.7149375
energy/site = -1.033574687
44.5798% accepted

energy = -721.8665265
energy/site = -3.609332633
44.7499% accepted

energy = -428.0586205
energy/site = -2.140293103
44.644% accepted

energy = -545.9400432
energy/site = -2.729700216
44.6947% accepted

energy = -389.5532503
energy/site = -1.947766252
44.4925% accepted

energy = -342.172096
energy/site = -1.71086048
44.7697% accepted

energy = -249.1045731
energy/site = -1.245522866
44.6134% accepted

energy = -400.9992854
energy/site = -2.004996427
44.6261% accepted

energy = -393.3863281
energy/site = -1.966931641
44.6177% accepted

energy = -393.4958618
energy/site = -1.967479309
44.7547% accepted

energy = -681.8888103
energy/site = -3.409444052
44.7714% accepted

energy = -640.6885288
energy/site = -3.203442644
44.6879% accepted

energy = -321.2973667
energy/site = -1.606486833
44.8252% accepted

energy = -653.8691258
energy/site = -3.269345629
44.6122% accepted

energy = -585.1088728
energy/site = -2.925544364
44.6343% accepted

energy = -393.9117546
energy/site = -1.969558773
44.659% accepted

energy = -259.163718
energy/site = -1.29581859
44.6514% accepted

energy = -559.600027
energy/site = -2.798000135
44.6496% accepted

energy = -445.8449292
energy/site = -2.229224646
44.6155% accepted

energy = -384.9352959
energy/site = -1.924676479
44.687% accepted

energy = -567.5033887
energy/site = -2.837516943
44.7085% accepted

energy = -313.1154031
energy/site = -1.565577016
44.6364% accepted

energy = -481.5130096
energy/site = -2.407565048
44.6073% accepted

energy = -422.0313232
energy/site = -2.110156616
44.6256% accepted

energy = -327.7407066
energy/site = -1.638703533
44.6783% accepted

energy = -312.700136
energy/site = -1.56350068
44.6988% accepted

energy = -498.449701
energy/site = -2.492248505
44.6283% accepted

energy = -313.5993923
energy/site = -1.567996962
44.8716% accepted

energy = -602.5799703
energy/site = -3.012899851
44.5895% accepted

energy = -383.1297606
energy/site = -1.915648803
44.5506% accepted

energy = -481.6746649
energy/site = -2.408373324
44.7479% accepted

energy = -425.1403118
energy/site = -2.125701559
44.7205% accepted

energy = -537.2748208
energy/site = -2.686374104
44.7154% accepted

energy = -334.2814246
energy/site = -1.671407123
44.7025% accepted

energy = -394.0262231
energy/site = -1.970131116
44.6319% accepted

energy = -309.8777652
energy/site = -1.549388826
44.6435% accepted

energy = -296.9802216
energy/site = -1.484901108
44.5575% accepted

energy = -385.745533
energy/site = -1.928727665
44.5956% accepted

energy = -431.123825
energy/site = -2.155619125
44.5711% accepted

energy = -230.8619762
energy/site = -1.154309881
44.7468% accepted

energy = -412.9792408
energy/site = -2.064896204
44.5627% accepted

energy = -454.816552
energy/site = -2.27408276
44.6066% accepted

energy = -423.882418
energy/site = -2.11941209
44.4845% accepted

energy = -407.0738591
energy/site = -2.035369295
44.4945% accepted

energy = -297.8050034
energy/site = -1.489025017
44.6464% accepted

energy = -458.6641423
energy/site = -2.293320712
44.6344% accepted

energy = -318.6338771
energy/site = -1.593169386
44.4721% accepted

energy = -357.2711531
energy/site = -1.786355765
44.6221% accepted

energy = -385.2769713
energy/site = -1.926384856
44.5395% accepted

energy = -464.6825756
energy/site = -2.323412878
44.7131% accepted

energy = -394.2503362
energy/site = -1.971251681
44.6187% accepted

energy = -535.8415857
energy/site = -2.679207929
44.6835% accepted

energy = -176.8214336
energy/site = -0.884107168
44.6287% accepted

energy = -580.9192351
energy/site = -2.904596176
44.5493% accepted

energy = -595.8810299
energy/site = -2.97940515
44.5099% accepted

energy = -346.149595
energy/site = -1.730747975
44.6019% accepted

energy = -228.3935037
energy/site = -1.141967519
44.6789% accepted

energy = -320.4425974
energy/site = -1.602212987
44.8059% accepted

energy = -263.7214232
energy/site = -1.318607116
44.7775% accepted

energy = -256.4633822
energy/site = -1.282316911
44.6763% accepted

energy = -414.074986
energy/site = -2.07037493
44.6516% accepted

energy = -379.0052967
energy/site = -1.895026483
44.6199% accepted

energy = -329.9701853
energy/site = -1.649850927
44.6056% accepted

energy = -555.7919022
energy/site = -2.778959511
44.5803% accepted

energy = -303.5540587
energy/site = -1.517770294
44.5015% accepted

energy = -478.6159097
energy/site = -2.393079549
44.7556% accepted

energy = -357.2774657
energy/site = -1.786387329
44.7234% accepted

energy = -258.9155776
energy/site = -1.294577888
44.5804% accepted

energy = -309.048221
energy/site = -1.545241105
44.6696% accepted

energy = -348.5067929
energy/site = -1.742533964
44.6283% accepted

energy = -335.9231884
energy/site = -1.679615942
44.7052% accepted

energy = -354.971193
energy/site = -1.774855965
44.6189% accepted

energy = -453.6741142
energy/site = -2.268370571
44.79% accepted

energy = -363.4083885
energy/site = -1.817041942
44.7406% accepted

energy = -448.8013749
energy/site = -2.244006874
44.568% accepted

energy = -300.6640637
energy/site = -1.503320319
44.651% accepted

energy = -307.4485723
energy/site = -1.537242862
44.6808% accepted

energy = -438.5164752
energy/site = -2.192582376
44.6504% accepted

energy = -466.1101582
energy/site = -2.330550791
44.4292% accepted

energy = -375.8145445
energy/site = -1.879072722
44.5323% accepted

energy = -341.2788964
energy/site = -1.706394482
44.759% accepted

energy = -426.1988563
energy/site = -2.130994282
44.6172% accepted

energy = -276.1183737
energy/site = -1.380591868
44.5958% accepted

energy = -277.5730343
energy/site = -1.387865172
44.6366% accepted

energy = -304.2488907
energy/site = -1.521244454
44.701% accepted

energy = -336.8573535
energy/site = -1.684286768
44.6416% accepted

energy = -477.929202
energy/site = -2.38964601
44.7047% accepted

energy = -447.9427592
energy/site = -2.239713796
44.6571% accepted

energy = -576.669783
energy/site = -2.883348915
44.6362% accepted

energy = -436.9706918
energy/site = -2.184853459
44.6226% accepted

energy = -622.0095913
energy/site = -3.110047956
44.5922% accepted

energy = -301.5498951
energy/site = -1.507749476
44.6034% accepted

energy = -320.8264264
energy/site = -1.604132132
44.6441% accepted

energy = -686.5199527
energy/site = -3.432599764
44.7363% accepted

energy = -263.7565766
energy/site = -1.318782883
44.7284% accepted

energy = -846.6624412
energy/site = -4.233312206
44.7525% accepted

energy = -269.6317666
energy/site = -1.348158833
44.6146% accepted

energy = -529.7499268
energy/site = -2.648749634
44.581% accepted

energy = -390.3862008
energy/site = -1.951931004
44.6399% accepted

energy = -514.6301086
energy/site = -2.573150543
44.7686% accepted

energy = -705.5550321
energy/site = -3.52777516
44.7416% accepted

energy = -272.5908666
energy/site = -1.362954333
44.6376% accepted

energy = -412.338312
energy/site = -2.06169156
44.7503% accepted

energy = -258.8071789
energy/site = -1.294035894
44.6608% accepted

energy = -280.2772333
energy/site = -1.401386166
44.6819% accepted

energy = -390.3205028
energy/site = -1.951602514
44.5746% accepted

energy = -649.7854919
energy/site = -3.248927459
44.8425% accepted

energy = -251.6634536
energy/site = -1.258317268
44.5924% accepted

energy = -456.4266255
energy/site = -2.282133128
44.6705% accepted

energy = -367.4734813
energy/site = -1.837367407
44.796% accepted

energy = -356.2412191
energy/site = -1.781206095
44.722% accepted

energy = -419.2859179
energy/site = -2.096429589
44.6667% accepted

energy = -375.1500812
energy/site = -1.875750406
44.669% accepted

energy = -478.9213469
energy/site = -2.394606734
44.6682% accepted

energy = -453.3761849
energy/site = -2.266880925
44.6744% accepted

energy = -344.5179799
energy/site = -1.722589899
44.57% accepted

energy = -303.3957614
energy/site = -1.516978807
44.6152% accepted

energy = -437.1881461
energy/site = -2.18594073
44.688% accepted

energy = -445.7264206
energy/site = -2.228632103
44.4943% accepted

energy = -291.7856634
energy/site = -1.458928317
44.7195% accepted

energy = -373.9134807
energy/site = -1.869567403
44.6228% accepted

energy = -978.8730763
energy/site = -4.894365381
44.6342% accepted

energy = -367.1785049
energy/site = -1.835892525
44.7249% accepted

energy = -219.1123267
energy/site = -1.095561634
44.5037% accepted

energy = -402.3623093
energy/site = -2.011811546
44.6972% accepted

energy = -507.9389594
energy/site = -2.539694797
44.6081% accepted

energy = -453.5561717
energy/site = -2.267780858
44.5207% accepted

energy = -365.9219298
energy/site = -1.829609649
44.5705% accepted

energy = -424.567865
energy/site = -2.122839325
44.5605% accepted

energy = -264.3157065
energy/site = -1.321578533
44.6934% accepted

energy = -361.729811
energy/site = -1.808649055
44.6085% accepted

energy = -274.4321523
energy/site = -1.372160762
44.6243% accepted

