
weighting by <swap_x> where x = 3
3 x 12 x 1 system
r   = 3  bondops changed per step 
n/N = 80  bond operators / site
its = 1000000  iterations/loop for 10000 loops

energy = -89.54326607
energy/site = -1.243656473
45.6871% accepted

energy = -96.45288592
energy/site = -1.339623416
45.7491% accepted

energy = -91.86662131
energy/site = -1.275925296
45.753% accepted

energy = -95.82294831
energy/site = -1.330874282
45.7209% accepted

energy = -95.71939625
energy/site = -1.329436059
45.7535% accepted

energy = -90.84677027
energy/site = -1.261760698
45.8026% accepted

energy = -99.40731347
energy/site = -1.380657132
45.9142% accepted

energy = -76.07142517
energy/site = -1.056547572
45.7831% accepted

energy = -94.73143624
energy/site = -1.315714392
45.7351% accepted

energy = -90.0095029
energy/site = -1.250131985
45.752% accepted

energy = -97.66543771
energy/site = -1.356464413
45.5433% accepted

energy = -98.35284708
energy/site = -1.366011765
45.7039% accepted

energy = -84.89898306
energy/site = -1.179152542
45.8694% accepted

energy = -90.18435492
energy/site = -1.252560485
45.6811% accepted

energy = -109.0844082
energy/site = -1.515061225
45.6244% accepted

energy = -94.4281383
energy/site = -1.311501921
45.708% accepted

energy = -102.4843937
energy/site = -1.423394357
45.8497% accepted

energy = -87.18301945
energy/site = -1.21087527
45.5791% accepted

energy = -83.78907126
energy/site = -1.163737101
45.7778% accepted

energy = -105.2918203
energy/site = -1.462386393
45.7787% accepted

energy = -79.93131634
energy/site = -1.110157171
45.675% accepted

energy = -84.14272488
energy/site = -1.168648957
45.6854% accepted

energy = -75.24979705
energy/site = -1.04513607
45.8561% accepted

energy = -87.12231786
energy/site = -1.210032193
45.7536% accepted

energy = -86.05556145
energy/site = -1.195216131
45.7481% accepted

energy = -70.45479
energy/site = -0.97853875
45.7766% accepted

energy = -81.45321493
energy/site = -1.131294652
45.8515% accepted

energy = -89.90628385
energy/site = -1.248698387
45.5548% accepted

energy = -114.1776673
energy/site = -1.585800935
45.6729% accepted

energy = -81.10720074
energy/site = -1.126488899
45.8212% accepted

energy = -101.3846658
energy/site = -1.408120358
45.7711% accepted

energy = -82.71099595
energy/site = -1.148763833
45.7819% accepted

energy = -73.3644478
energy/site = -1.018950664
45.662% accepted

energy = -94.91930062
energy/site = -1.31832362
45.8329% accepted

energy = -117.3654124
energy/site = -1.630075172
45.7325% accepted

energy = -99.77244523
energy/site = -1.385728406
45.8291% accepted

energy = -108.6680632
energy/site = -1.509278655
45.553% accepted

energy = -92.7613993
energy/site = -1.288352768
45.7606% accepted

energy = -85.55912374
energy/site = -1.188321163
45.7922% accepted

energy = -98.03705851
energy/site = -1.361625813
45.7354% accepted

energy = -97.82317255
energy/site = -1.358655174
45.7375% accepted

energy = -95.45152582
energy/site = -1.325715636
45.5953% accepted

energy = -98.33107909
energy/site = -1.365709432
45.8098% accepted

energy = -111.643047
energy/site = -1.550597874
45.7663% accepted

energy = -93.41015694
energy/site = -1.297363291
45.8375% accepted

energy = -84.62485572
energy/site = -1.175345218
45.6878% accepted

energy = -105.9359494
energy/site = -1.47133263
45.5609% accepted

energy = -91.06859198
energy/site = -1.264841555
45.8299% accepted

energy = -90.89446781
energy/site = -1.262423164
45.8151% accepted

energy = -111.0642132
energy/site = -1.542558516
45.7802% accepted

energy = -106.6141394
energy/site = -1.480751936
45.852% accepted

energy = -99.06036159
energy/site = -1.375838355
45.6777% accepted

energy = -100.0844941
energy/site = -1.390062417
45.5352% accepted

energy = -80.67560861
energy/site = -1.120494564
45.7713% accepted

energy = -106.9030655
energy/site = -1.484764798
45.6431% accepted

energy = -94.46118804
energy/site = -1.311960945
45.7618% accepted

energy = -89.13684023
energy/site = -1.23801167
45.7204% accepted

energy = -88.0345422
energy/site = -1.222701975
45.7341% accepted

energy = -75.97365448
energy/site = -1.055189646
45.6797% accepted

energy = -92.44476807
energy/site = -1.283955112
45.6857% accepted

energy = -98.00657797
energy/site = -1.361202472
45.872% accepted

energy = -75.14464734
energy/site = -1.043675658
45.6939% accepted

energy = -93.86225938
energy/site = -1.303642491
45.8715% accepted

energy = -106.8363063
energy/site = -1.483837588
45.6616% accepted

energy = -94.82817748
energy/site = -1.317058021
45.632% accepted

energy = -86.65917144
energy/site = -1.203599603
45.8152% accepted

energy = -82.24655125
energy/site = -1.142313212
45.7659% accepted

energy = -84.57078952
energy/site = -1.174594299
45.6736% accepted

energy = -92.27334573
energy/site = -1.281574246
45.7572% accepted

energy = -95.42794892
energy/site = -1.325388179
45.5497% accepted

energy = -85.12632249
energy/site = -1.182310035
45.5972% accepted

energy = -112.1961782
energy/site = -1.558280252
45.4854% accepted

energy = -90.44656029
energy/site = -1.256202226
45.7468% accepted

energy = -85.72223604
energy/site = -1.190586612
45.7546% accepted

energy = -75.6983752
energy/site = -1.051366322
45.7365% accepted

energy = -89.9529443
energy/site = -1.249346449
45.6499% accepted

energy = -115.1187047
energy/site = -1.598870899
45.698% accepted

energy = -91.00747418
energy/site = -1.263992697
45.6118% accepted

energy = -75.79514759
energy/site = -1.052710383
45.6831% accepted

energy = -108.768832
energy/site = -1.510678223
45.7778% accepted

energy = -109.0176882
energy/site = -1.514134559
45.6733% accepted

energy = -107.2650035
energy/site = -1.489791715
45.6873% accepted

energy = -86.63473701
energy/site = -1.203260236
45.6116% accepted

energy = -90.22368614
energy/site = -1.253106752
45.5221% accepted

energy = -88.56020498
energy/site = -1.230002847
45.7236% accepted

energy = -110.9630762
energy/site = -1.541153836
45.7373% accepted

energy = -98.16752085
energy/site = -1.36343779
45.7271% accepted

energy = -85.5913314
energy/site = -1.188768492
45.5966% accepted

energy = -106.1793192
energy/site = -1.474712766
45.8051% accepted

energy = -85.44512652
energy/site = -1.186737868
45.4804% accepted

energy = -91.20631017
energy/site = -1.266754308
45.6823% accepted

energy = -112.0294771
energy/site = -1.555964959
45.7539% accepted

energy = -92.13581064
energy/site = -1.279664037
45.6634% accepted

energy = -90.57843647
energy/site = -1.25803384
45.6091% accepted

energy = -92.88967683
energy/site = -1.2901344
45.7239% accepted

energy = -107.712255
energy/site = -1.496003541
45.8293% accepted

energy = -92.67178612
energy/site = -1.287108141
45.742% accepted

energy = -80.82614084
energy/site = -1.122585289
45.5133% accepted

energy = -91.01197518
energy/site = -1.264055211
45.707% accepted

energy = -87.39599395
energy/site = -1.213833249
45.7754% accepted

energy = -105.4058293
energy/site = -1.463969851
45.6902% accepted

energy = -97.60105291
energy/site = -1.355570179
45.7861% accepted

energy = -109.2775983
energy/site = -1.517744421
45.7839% accepted

energy = -90.52835421
energy/site = -1.257338253
45.7758% accepted

energy = -89.66711231
energy/site = -1.24537656
45.6691% accepted

energy = -100.1004563
energy/site = -1.390284115
45.8698% accepted

energy = -102.3887915
energy/site = -1.422066549
45.6604% accepted

energy = -91.22891946
energy/site = -1.267068326
45.7086% accepted

energy = -89.39268557
energy/site = -1.241565077
45.6072% accepted

energy = -88.52194915
energy/site = -1.229471516
45.6533% accepted

energy = -89.7702094
energy/site = -1.246808464
45.7915% accepted

energy = -90.72475126
energy/site = -1.26006599
45.7848% accepted

energy = -103.5462533
energy/site = -1.438142406
45.6661% accepted

energy = -117.8499294
energy/site = -1.636804575
45.6864% accepted

energy = -103.8948343
energy/site = -1.44298381
45.7196% accepted

energy = -91.7313818
energy/site = -1.274046969
45.7504% accepted

energy = -86.80075701
energy/site = -1.20556607
45.6496% accepted

energy = -84.15723709
energy/site = -1.168850515
45.8286% accepted

energy = -118.7943103
energy/site = -1.649920976
45.8015% accepted

energy = -87.52963928
energy/site = -1.215689434
45.7348% accepted

energy = -103.9664757
energy/site = -1.443978829
45.5546% accepted

energy = -91.20734572
energy/site = -1.266768691
45.7256% accepted

energy = -84.87911202
energy/site = -1.178876556
45.7029% accepted

energy = -93.39182269
energy/site = -1.297108648
45.7056% accepted

energy = -104.2963405
energy/site = -1.448560285
45.7685% accepted

energy = -82.45823919
energy/site = -1.145253322
45.8136% accepted

energy = -80.95191473
energy/site = -1.124332149
45.6981% accepted

energy = -92.45721966
energy/site = -1.284128051
45.6721% accepted

energy = -79.04834687
energy/site = -1.097893706
45.7135% accepted

energy = -87.23059305
energy/site = -1.211536015
45.6829% accepted

energy = -110.2936055
energy/site = -1.531855632
45.6633% accepted

energy = -96.50768267
energy/site = -1.340384482
45.7434% accepted

energy = -79.03875943
energy/site = -1.097760548
45.7568% accepted

energy = -89.84023546
energy/site = -1.247781048
45.6641% accepted

energy = -92.60443417
energy/site = -1.286172697
45.7838% accepted

energy = -87.87898763
energy/site = -1.220541495
45.7913% accepted

energy = -89.13455604
energy/site = -1.237979945
45.7616% accepted

energy = -96.82848719
energy/site = -1.3448401
45.8342% accepted

energy = -100.8588082
energy/site = -1.40081678
45.6881% accepted

energy = -91.79875686
energy/site = -1.274982734
45.8091% accepted

energy = -99.72756012
energy/site = -1.385105002
45.58% accepted

energy = -104.9768207
energy/site = -1.458011399
45.7719% accepted

energy = -82.90145122
energy/site = -1.151409045
45.7719% accepted

energy = -87.62248476
energy/site = -1.216978955
45.7956% accepted

energy = -96.18787025
energy/site = -1.335942642
45.5905% accepted

energy = -87.67946755
energy/site = -1.217770383
45.6486% accepted

energy = -108.8094736
energy/site = -1.511242688
45.7418% accepted

energy = -97.33254314
energy/site = -1.351840877
45.6737% accepted

energy = -91.91403827
energy/site = -1.276583865
45.7517% accepted

energy = -77.10840802
energy/site = -1.070950111
45.7558% accepted

energy = -88.68845817
energy/site = -1.231784141
45.7208% accepted

energy = -107.3966081
energy/site = -1.491619556
45.607% accepted

energy = -104.4241917
energy/site = -1.450335996
45.6617% accepted

energy = -95.69560526
energy/site = -1.329105629
45.5588% accepted

energy = -78.15390245
energy/site = -1.085470867
45.5263% accepted

energy = -80.07686448
energy/site = -1.112178673
45.6481% accepted

energy = -88.55070052
energy/site = -1.22987084
45.7663% accepted

energy = -92.73726315
energy/site = -1.288017544
45.8166% accepted

energy = -93.85672021
energy/site = -1.303565558
45.6329% accepted

energy = -81.17629459
energy/site = -1.127448536
45.8267% accepted

energy = -103.0515195
energy/site = -1.431271104
45.6649% accepted

energy = -105.9632746
energy/site = -1.471712147
45.7895% accepted

energy = -110.8011162
energy/site = -1.538904392
45.7068% accepted

energy = -83.14409242
energy/site = -1.154779061
45.8556% accepted

energy = -91.40314353
energy/site = -1.269488105
45.7726% accepted

energy = -90.60422471
energy/site = -1.25839201
45.7229% accepted

energy = -95.53066791
energy/site = -1.326814832
45.8361% accepted

energy = -93.56642264
energy/site = -1.299533648
45.6598% accepted

energy = -108.3909389
energy/site = -1.505429707
45.8623% accepted

energy = -86.32835506
energy/site = -1.199004931
45.941% accepted

energy = -86.83089928
energy/site = -1.205984712
45.6617% accepted

energy = -90.09205652
energy/site = -1.251278563
45.6524% accepted

energy = -110.1628959
energy/site = -1.530040221
45.7808% accepted

energy = -99.14061198
energy/site = -1.376952944
45.7458% accepted

energy = -72.50438405
energy/site = -1.007005334
45.7366% accepted

energy = -102.0506169
energy/site = -1.417369679
45.7325% accepted

energy = -88.70348989
energy/site = -1.231992915
45.8096% accepted

energy = -89.58642138
energy/site = -1.244255853
45.8338% accepted

energy = -76.77734832
energy/site = -1.06635206
45.7501% accepted

energy = -93.5112668
energy/site = -1.298767594
45.6818% accepted

energy = -99.43688247
energy/site = -1.381067812
45.7024% accepted

energy = -83.7313148
energy/site = -1.162934928
45.8399% accepted

energy = -69.96939526
energy/site = -0.9717971563
45.6713% accepted

energy = -138.9684306
energy/site = -1.930117092
45.696% accepted

energy = -80.31922724
energy/site = -1.115544823
45.688% accepted

energy = -116.6220997
energy/site = -1.619751385
45.6723% accepted

energy = -72.14244307
energy/site = -1.001978376
45.6982% accepted

energy = -88.00987184
energy/site = -1.222359331
45.6617% accepted

energy = -103.3351766
energy/site = -1.435210785
45.7775% accepted

energy = -92.27170369
energy/site = -1.28155144
45.8272% accepted

energy = -94.38069502
energy/site = -1.310842986
45.7359% accepted

energy = -88.42437087
energy/site = -1.228116262
45.7254% accepted

energy = -96.13297421
energy/site = -1.335180197
45.569% accepted

energy = -92.61880483
energy/site = -1.286372289
45.5069% accepted

energy = -83.06770733
energy/site = -1.153718157
45.5471% accepted

energy = -122.5585032
energy/site = -1.702201433
45.6687% accepted

energy = -86.82634175
energy/site = -1.205921413
45.7148% accepted

energy = -103.803444
energy/site = -1.4417145
45.6827% accepted

energy = -97.71974918
energy/site = -1.357218739
45.7421% accepted

energy = -76.16360568
energy/site = -1.057827857
45.7166% accepted

energy = -84.6958848
energy/site = -1.176331733
45.689% accepted

energy = -95.64602954
energy/site = -1.328417077
45.7623% accepted

energy = -113.7427097
energy/site = -1.579759857
45.6933% accepted

energy = -107.8521508
energy/site = -1.497946539
45.6921% accepted

energy = -108.2542859
energy/site = -1.503531749
45.9137% accepted

energy = -110.0706097
energy/site = -1.528758467
45.7128% accepted

energy = -87.42230503
energy/site = -1.214198681
45.6429% accepted

energy = -98.60148688
energy/site = -1.369465096
45.8853% accepted

energy = -97.94846605
energy/site = -1.360395362
45.6579% accepted

energy = -93.84470874
energy/site = -1.303398733
45.6833% accepted

energy = -97.00403895
energy/site = -1.347278319
45.6865% accepted

energy = -98.4393208
energy/site = -1.367212789
45.6744% accepted

energy = -93.54649791
energy/site = -1.299256915
45.6398% accepted

energy = -85.02136946
energy/site = -1.180852354
45.728% accepted

energy = -87.24453139
energy/site = -1.211729603
45.6523% accepted

energy = -99.09760454
energy/site = -1.376355619
45.5439% accepted

energy = -100.9114367
energy/site = -1.401547732
45.7561% accepted

energy = -77.33568384
energy/site = -1.07410672
45.7197% accepted

energy = -99.30712465
energy/site = -1.37926562
45.7441% accepted

energy = -115.1694152
energy/site = -1.599575211
45.7424% accepted

energy = -108.8044932
energy/site = -1.511173517
45.7422% accepted

energy = -100.6614392
energy/site = -1.398075544
45.6764% accepted

energy = -89.24811202
energy/site = -1.239557111
45.7267% accepted

energy = -90.10679164
energy/site = -1.251483217
45.6145% accepted

energy = -93.26653567
energy/site = -1.295368551
45.6285% accepted

energy = -82.50798309
energy/site = -1.14594421
45.5187% accepted

energy = -80.83338478
energy/site = -1.1226859
45.6362% accepted

energy = -108.05474
energy/site = -1.500760278
45.774% accepted

energy = -86.65927845
energy/site = -1.20360109
45.7841% accepted

energy = -88.1170929
energy/site = -1.223848512
45.7523% accepted

energy = -99.01780564
energy/site = -1.375247301
45.6056% accepted

energy = -86.98538101
energy/site = -1.208130292
45.5856% accepted

energy = -111.7363886
energy/site = -1.551894286
45.7297% accepted

energy = -86.89207754
energy/site = -1.20683441
45.6748% accepted

energy = -90.73004801
energy/site = -1.260139556
45.7584% accepted

energy = -88.04898755
energy/site = -1.222902605
45.7073% accepted

energy = -110.9055517
energy/site = -1.540354885
45.6918% accepted

energy = -105.0369035
energy/site = -1.458845882
45.7678% accepted

energy = -89.20281229
energy/site = -1.238927948
45.6497% accepted

energy = -88.19927938
energy/site = -1.224989991
45.7534% accepted

energy = -101.340282
energy/site = -1.407503916
45.8486% accepted

energy = -108.9410052
energy/site = -1.513069517
45.7423% accepted

energy = -86.35238278
energy/site = -1.19933865
45.7549% accepted

energy = -106.4386271
energy/site = -1.478314265
45.4555% accepted

energy = -85.22474992
energy/site = -1.183677082
45.6822% accepted

energy = -99.37661415
energy/site = -1.380230752
45.5978% accepted

energy = -84.2535814
energy/site = -1.170188631
45.8153% accepted

energy = -93.23072717
energy/site = -1.294871211
45.7084% accepted

energy = -80.54739313
energy/site = -1.118713793
45.6721% accepted

energy = -88.15559826
energy/site = -1.224383309
45.8616% accepted

energy = -106.4247124
energy/site = -1.478121005
45.8387% accepted

energy = -102.5993581
energy/site = -1.424991085
45.7124% accepted

energy = -85.39785681
energy/site = -1.186081345
45.6617% accepted

energy = -94.79536094
energy/site = -1.316602235
45.6957% accepted

energy = -102.0136323
energy/site = -1.416856004
45.6671% accepted

energy = -91.379878
energy/site = -1.269164972
45.7012% accepted

energy = -75.7060197
energy/site = -1.051472496
45.4495% accepted

energy = -110.8334882
energy/site = -1.539354002
45.7793% accepted

energy = -98.24232179
energy/site = -1.364476692
45.7554% accepted

energy = -120.4722902
energy/site = -1.673226253
45.6545% accepted

energy = -88.11551869
energy/site = -1.223826648
45.7623% accepted

energy = -109.5172843
energy/site = -1.521073394
45.7743% accepted

energy = -87.0586613
energy/site = -1.209148074
45.6775% accepted

energy = -99.03796063
energy/site = -1.375527231
45.7612% accepted

energy = -85.4479187
energy/site = -1.186776649
45.6112% accepted

energy = -95.73383843
energy/site = -1.329636645
45.7184% accepted

energy = -96.12603756
energy/site = -1.335083855
45.5875% accepted

energy = -97.53512984
energy/site = -1.354654581
45.7335% accepted

energy = -101.5254646
energy/site = -1.410075897
45.6334% accepted

energy = -86.30453602
energy/site = -1.198674111
45.8434% accepted

energy = -80.5120405
energy/site = -1.118222785
45.7688% accepted

energy = -98.47282896
energy/site = -1.36767818
45.5996% accepted

energy = -112.0298063
energy/site = -1.555969532
45.7086% accepted

energy = -87.83757922
energy/site = -1.219966378
45.6373% accepted

energy = -117.307026
energy/site = -1.629264249
45.6227% accepted

energy = -81.48374683
energy/site = -1.131718706
45.6452% accepted

energy = -89.6803935
energy/site = -1.245561021
45.8206% accepted

energy = -86.56143942
energy/site = -1.202242214
45.7674% accepted

energy = -104.5050348
energy/site = -1.451458817
45.7176% accepted

energy = -81.39927594
energy/site = -1.130545499
45.7933% accepted

energy = -92.95261001
energy/site = -1.291008472
45.7246% accepted

energy = -101.7051992
energy/site = -1.412572212
45.6437% accepted

energy = -91.0268486
energy/site = -1.264261786
45.7692% accepted

energy = -80.9224584
energy/site = -1.123923033
45.6916% accepted

energy = -98.55387738
energy/site = -1.368803852
45.6163% accepted

energy = -92.32431644
energy/site = -1.282282173
45.7795% accepted

energy = -94.8829715
energy/site = -1.317819049
45.8206% accepted

energy = -88.08530838
energy/site = -1.223407061
45.7169% accepted

energy = -90.52454572
energy/site = -1.257285357
45.6641% accepted

energy = -106.5656787
energy/site = -1.480078871
45.7254% accepted

energy = -93.05631243
energy/site = -1.292448784
45.6104% accepted

energy = -117.4697966
energy/site = -1.631524952
45.7474% accepted

energy = -109.255821
energy/site = -1.517441958
45.8568% accepted

energy = -91.87769341
energy/site = -1.276079075
45.7698% accepted

energy = -87.49344371
energy/site = -1.215186718
45.7224% accepted

energy = -94.51138953
energy/site = -1.312658188
45.8277% accepted

energy = -97.08189038
energy/site = -1.348359589
45.552% accepted

energy = -100.6400618
energy/site = -1.397778636
45.6518% accepted

energy = -98.0414328
energy/site = -1.361686567
45.7529% accepted

energy = -101.5274672
energy/site = -1.41010371
45.757% accepted

energy = -92.06590222
energy/site = -1.278693086
45.6729% accepted

energy = -80.83302624
energy/site = -1.12268092
45.7472% accepted

energy = -92.61629598
energy/site = -1.286337444
45.8371% accepted

energy = -83.7930547
energy/site = -1.163792426
45.6762% accepted

energy = -86.32367203
energy/site = -1.198939889
45.6349% accepted

energy = -82.56330671
energy/site = -1.146712593
45.8103% accepted

energy = -88.17871505
energy/site = -1.224704376
45.6577% accepted

energy = -72.57451417
energy/site = -1.007979363
45.6473% accepted

energy = -97.80854853
energy/site = -1.358452063
45.7374% accepted

energy = -90.24310139
energy/site = -1.253376408
45.5701% accepted

energy = -112.152379
energy/site = -1.557671931
45.7791% accepted

energy = -100.7209968
energy/site = -1.398902733
45.7658% accepted

energy = -82.90195333
energy/site = -1.151416018
45.682% accepted

energy = -89.71756509
energy/site = -1.246077293
45.5705% accepted

energy = -95.35006623
energy/site = -1.324306475
45.6364% accepted

energy = -73.13132048
energy/site = -1.015712784
45.6934% accepted

energy = -97.26374072
energy/site = -1.350885288
45.6436% accepted

energy = -95.05479364
energy/site = -1.320205467
45.7472% accepted

energy = -83.21286889
energy/site = -1.15573429
45.6873% accepted

energy = -87.55878123
energy/site = -1.216094184
45.6554% accepted

energy = -88.0696017
energy/site = -1.223188912
45.7262% accepted

energy = -82.58410661
energy/site = -1.147001481
45.7094% accepted

energy = -75.90020262
energy/site = -1.054169481
45.7259% accepted

energy = -69.94086357
energy/site = -0.9714008829
45.7433% accepted

energy = -81.27639172
energy/site = -1.128838774
45.765% accepted

energy = -82.1117361
energy/site = -1.140440779
45.7384% accepted

energy = -96.50304313
energy/site = -1.340320043
45.7738% accepted

energy = -78.08923178
energy/site = -1.084572664
45.666% accepted

energy = -91.18423373
energy/site = -1.266447691
45.7384% accepted

energy = -81.79095277
energy/site = -1.135985455
45.7832% accepted

energy = -93.50792482
energy/site = -1.298721178
45.7908% accepted

energy = -82.26702786
energy/site = -1.142597609
45.8581% accepted

energy = -103.4109524
energy/site = -1.436263228
45.8431% accepted

energy = -80.01892065
energy/site = -1.111373898
45.7463% accepted

energy = -86.12122409
energy/site = -1.196128112
45.7662% accepted

energy = -78.71061809
energy/site = -1.093203029
45.624% accepted

energy = -88.01122646
energy/site = -1.222378145
45.7646% accepted

energy = -82.96434565
energy/site = -1.152282578
45.7477% accepted

energy = -84.21628066
energy/site = -1.169670565
45.6672% accepted

energy = -94.06744177
energy/site = -1.306492247
45.6721% accepted

energy = -98.8844477
energy/site = -1.373395107
45.7435% accepted

energy = -98.7775737
energy/site = -1.371910746
45.792% accepted

energy = -93.22094684
energy/site = -1.294735373
45.8202% accepted

energy = -97.49327306
energy/site = -1.354073237
45.8014% accepted

energy = -95.79974272
energy/site = -1.330551982
45.643% accepted

energy = -80.67018962
energy/site = -1.1204193
45.7365% accepted

energy = -84.366149
energy/site = -1.171752069
45.7295% accepted

energy = -81.85507136
energy/site = -1.136875991
45.7848% accepted

energy = -101.781514
energy/site = -1.413632139
45.6928% accepted

energy = -95.16718328
energy/site = -1.321766434
45.7133% accepted

energy = -79.56218745
energy/site = -1.105030381
45.6506% accepted

energy = -96.17335845
energy/site = -1.33574109
45.5904% accepted

energy = -77.03829412
energy/site = -1.069976307
45.6577% accepted

energy = -93.59380554
energy/site = -1.299913966
45.6985% accepted

energy = -102.4029556
energy/site = -1.422263272
45.7318% accepted

energy = -82.71261108
energy/site = -1.148786265
45.7222% accepted

energy = -117.6220881
energy/site = -1.633640112
45.9278% accepted

energy = -94.34055547
energy/site = -1.310285493
45.8879% accepted

energy = -92.15588371
energy/site = -1.279942829
45.7187% accepted

energy = -106.1026728
energy/site = -1.473648233
45.647% accepted

energy = -93.98868393
energy/site = -1.305398388
45.7086% accepted

energy = -81.60607152
energy/site = -1.13341766
45.7624% accepted

energy = -92.76727913
energy/site = -1.288434432
45.6433% accepted

energy = -83.1648538
energy/site = -1.155067414
45.6748% accepted

energy = -98.44781973
energy/site = -1.36733083
45.5562% accepted

energy = -91.55987061
energy/site = -1.27166487
45.8568% accepted

energy = -81.13171672
energy/site = -1.126829399
45.7539% accepted

energy = -91.09706523
energy/site = -1.265237017
45.7703% accepted

energy = -105.7170396
energy/site = -1.468292216
45.7391% accepted

energy = -93.39383534
energy/site = -1.297136602
45.7465% accepted

energy = -109.773786
energy/site = -1.524635916
45.668% accepted

energy = -116.6512518
energy/site = -1.620156275
45.6932% accepted

energy = -87.89611661
energy/site = -1.220779397
45.7811% accepted

energy = -89.89535407
energy/site = -1.248546584
45.8047% accepted

energy = -100.0626489
energy/site = -1.389759012
45.7566% accepted

energy = -90.03449921
energy/site = -1.250479156
45.6728% accepted

energy = -90.49191548
energy/site = -1.256832159
45.7808% accepted

energy = -81.97137839
energy/site = -1.138491367
45.6868% accepted

energy = -83.39679574
energy/site = -1.15828883
45.6396% accepted

energy = -85.24024666
energy/site = -1.183892315
45.7368% accepted

energy = -89.89421882
energy/site = -1.248530817
45.6381% accepted

energy = -78.12026257
energy/site = -1.085003647
45.7904% accepted

energy = -83.10981387
energy/site = -1.15430297
45.5117% accepted

energy = -124.7344509
energy/site = -1.732422929
45.762% accepted

energy = -90.16162012
energy/site = -1.252244724
45.793% accepted

energy = -97.6364753
energy/site = -1.356062157
45.596% accepted

energy = -99.0054717
energy/site = -1.375075996
45.8464% accepted

energy = -113.761046
energy/site = -1.580014528
45.5734% accepted

energy = -105.8553178
energy/site = -1.470212748
45.6478% accepted

energy = -89.65431024
energy/site = -1.245198753
45.7652% accepted

energy = -103.0556775
energy/site = -1.431328855
45.5314% accepted

energy = -99.01256859
energy/site = -1.375174564
45.6602% accepted

energy = -87.69212445
energy/site = -1.217946173
45.6837% accepted

energy = -88.95147577
energy/site = -1.235437163
45.7544% accepted

energy = -92.63712788
energy/site = -1.286626776
45.6766% accepted

energy = -96.28926532
energy/site = -1.337350907
45.6687% accepted

energy = -79.12369336
energy/site = -1.098940186
45.8439% accepted

energy = -125.201871
energy/site = -1.738914875
45.7596% accepted

energy = -77.48045336
energy/site = -1.076117408
45.8063% accepted

energy = -74.7271629
energy/site = -1.037877262
45.678% accepted

energy = -88.1489643
energy/site = -1.224291171
45.6912% accepted

energy = -107.2166574
energy/site = -1.489120241
45.814% accepted

energy = -93.4026539
energy/site = -1.297259082
45.6622% accepted

energy = -78.55767973
energy/site = -1.091078885
45.5706% accepted

energy = -121.1001626
energy/site = -1.681946702
45.6102% accepted

energy = -122.1373535
energy/site = -1.696352132
45.7277% accepted

energy = -88.39660004
energy/site = -1.227730556
45.7429% accepted

energy = -79.12053476
energy/site = -1.098896316
45.5924% accepted

energy = -81.56831451
energy/site = -1.132893257
45.7998% accepted

energy = -101.3932276
energy/site = -1.408239273
45.5299% accepted

energy = -91.44174324
energy/site = -1.270024212
45.6177% accepted

energy = -87.29590909
energy/site = -1.212443182
45.913% accepted

energy = -105.3535976
energy/site = -1.463244411
45.8377% accepted

energy = -97.73832963
energy/site = -1.3574768
45.7416% accepted

energy = -96.6086143
energy/site = -1.34178631
45.7005% accepted

energy = -94.15473629
energy/site = -1.307704671
45.6996% accepted

energy = -99.34553469
energy/site = -1.379799093
45.762% accepted

energy = -104.3888523
energy/site = -1.449845171
45.8878% accepted

energy = -91.92308369
energy/site = -1.276709496
45.6651% accepted

energy = -94.72944656
energy/site = -1.315686758
45.7712% accepted

energy = -100.194875
energy/site = -1.391595486
45.7973% accepted

energy = -80.01179899
energy/site = -1.111274986
45.6503% accepted

energy = -83.56514666
energy/site = -1.160627037
45.7991% accepted

energy = -107.800045
energy/site = -1.497222848
45.5533% accepted

energy = -88.10920757
energy/site = -1.223738994
45.632% accepted

