
weighting by <swap_x> where x = 15
9 x 36 x 1 system
r   = 3  bondops changed per step 
n/N = 80  bond operators / site
its = 1000000  iterations/loop for 10000 loops

energy = -11252.17666
energy/site = -17.36447015
45.144% accepted

energy = -29.50523474
energy/site = -0.04553276966
44.105% accepted

energy = -25.09537033
energy/site = -0.03872742335
44.3434% accepted

energy = -3.411608472
energy/site = -0.005264827889
44.1334% accepted

energy = -1964.033124
energy/site = -3.030915315
44.2413% accepted

energy = -190.561599
energy/site = -0.2940765417
44.1783% accepted

energy = -43.60671179
energy/site = -0.06729430831
44.2817% accepted

energy = -85.38445554
energy/site = -0.1317661351
44.3072% accepted

energy = -73.46709498
energy/site = -0.1133751466
44.2791% accepted

energy = -551.1779594
energy/site = -0.8505832706
44.28% accepted

energy = -173.0301104
energy/site = -0.2670217753
44.2224% accepted

energy = -204.9621097
energy/site = -0.316299552
44.2668% accepted

energy = -226.1505922
energy/site = -0.3489978275
44.2156% accepted

energy = -78.70808401
energy/site = -0.1214630926
44.1093% accepted

energy = -17572.42906
energy/site = -27.11794608
44.2708% accepted

energy = -318.8847387
energy/site = -0.4921060782
44.2114% accepted

energy = -153.4310836
energy/site = -0.2367763636
44.2225% accepted

energy = -198.0252731
energy/site = -0.3055945573
44.1244% accepted

energy = -119.06755
energy/site = -0.1837462192
44.2371% accepted

energy = -340.3727066
energy/site = -0.5252665226
44.3856% accepted

energy = -91.99731718
energy/site = -0.1419711685
44.2586% accepted

energy = -99.86540738
energy/site = -0.154113283
44.347% accepted

energy = -663.361947
energy/site = -1.023706708
44.1083% accepted

energy = -338.3845091
energy/site = -0.5221983165
44.2382% accepted

energy = -1199.989342
energy/site = -1.851835405
44.3032% accepted

energy = -82.15165079
energy/site = -0.1267772389
44.2343% accepted

energy = -823.7110329
energy/site = -1.271159001
44.1567% accepted

energy = -830.5719678
energy/site = -1.281746864
44.1171% accepted

energy = -39.9071646
energy/site = -0.06158513055
44.2769% accepted

energy = -33.29651938
energy/site = -0.05138351757
44.4152% accepted

energy = -231.4022489
energy/site = -0.357102236
44.23% accepted

energy = -191.1764934
energy/site = -0.2950254528
44.2235% accepted

energy = -116.5806356
energy/site = -0.1799083883
44.1788% accepted

energy = -25.02251587
energy/site = -0.03861499363
44.1638% accepted

energy = -5400.099555
energy/site = -8.333486968
44.1818% accepted

energy = -260.5350555
energy/site = -0.4020602709
44.1255% accepted

energy = -946.9082122
energy/site = -1.461278105
44.4227% accepted

energy = -153.1245982
energy/site = -0.2363033923
44.22% accepted

energy = -105.4111782
energy/site = -0.1626715712
44.0719% accepted

energy = -1536.045024
energy/site = -2.370439851
44.3418% accepted

energy = -1881.398066
energy/site = -2.903392077
44.2004% accepted

energy = -4.251983643
energy/site = -0.006561703153
44.2072% accepted

energy = -46262.64846
energy/site = -71.39297602
44.3161% accepted

energy = -1659.478536
energy/site = -2.560923667
44.322% accepted

energy = -57.26465924
energy/site = -0.08837138772
44.3% accepted

energy = -388.093066
energy/site = -0.5989090524
44.2408% accepted

energy = -941.1067529
energy/site = -1.452325236
44.2029% accepted

energy = -5088.782117
energy/site = -7.853058822
44.2067% accepted

energy = -6839.39469
energy/site = -10.55462144
44.2414% accepted

energy = -142.9092395
energy/site = -0.2205389498
44.1522% accepted

energy = -88.05610532
energy/site = -0.1358890514
44.2442% accepted

energy = -319.2567295
energy/site = -0.492680138
44.0989% accepted

energy = -243.9939958
energy/site = -0.3765339441
44.2427% accepted

energy = -93.83254403
energy/site = -0.1448033087
44.1942% accepted

energy = -638.5389545
energy/site = -0.9853996212
44.3057% accepted

energy = -23.38709794
energy/site = -0.03609120052
44.3671% accepted

energy = -392.5856639
energy/site = -0.6058420739
44.255% accepted

energy = -772.7435441
energy/site = -1.192505469
44.2112% accepted

energy = -557.1963131
energy/site = -0.8598708535
44.2958% accepted

energy = -24.18315214
energy/site = -0.03731967923
44.2624% accepted

energy = -800.3143885
energy/site = -1.235053069
44.2549% accepted

energy = -116.6762513
energy/site = -0.1800559434
44.23% accepted

energy = -123.5502802
energy/site = -0.1906640126
44.2007% accepted

energy = -777.4889267
energy/site = -1.199828591
44.267% accepted

energy = -177.8359608
energy/site = -0.2744382111
44.1115% accepted

energy = -104.8133272
energy/site = -0.1617489617
44.3078% accepted

energy = -9.559210007
energy/site = -0.01475186729
44.345% accepted

energy = -15.37433769
energy/site = -0.02372582976
44.359% accepted

energy = -155.7819912
energy/site = -0.2404043074
44.2478% accepted

energy = -468.5827173
energy/site = -0.7231214773
44.408% accepted

energy = -103.117951
energy/site = -0.1591326404
44.346% accepted

energy = -29.13782434
energy/site = -0.0449657783
44.2095% accepted

energy = -98.67308543
energy/site = -0.15227328
44.1664% accepted

energy = -225.6959975
energy/site = -0.3482962924
44.1263% accepted

energy = -59.8634921
energy/site = -0.09238193226
44.2186% accepted

energy = -269.3682087
energy/site = -0.4156916801
44.2879% accepted

energy = -204.452084
energy/site = -0.3155124754
44.3625% accepted

energy = -4641.955952
energy/site = -7.163512271
44.3474% accepted

energy = -56.41815073
energy/site = -0.08706504743
44.2082% accepted

energy = -165.5457805
energy/site = -0.2554718835
44.2553% accepted

energy = -1233.753757
energy/site = -1.903940982
44.187% accepted

energy = -2048.864476
energy/site = -3.161827895
44.2515% accepted

energy = -181.9756609
energy/site = -0.2808266371
44.3119% accepted

energy = -179.7974875
energy/site = -0.2774652584
44.3695% accepted

energy = -2574.415318
energy/site = -3.972863144
44.1711% accepted

energy = -201.9502203
energy/site = -0.3116515745
44.2403% accepted

energy = -35.74765574
energy/site = -0.05516613541
44.1635% accepted

energy = -17.43987377
energy/site = -0.02691338545
44.2408% accepted

energy = -109.7064587
energy/site = -0.1693000907
44.2511% accepted

energy = -384.94912
energy/site = -0.594057284
44.2266% accepted

energy = -243.1725262
energy/site = -0.3752662442
44.2816% accepted

energy = -154.6814147
energy/site = -0.2387058869
44.1379% accepted

energy = -653.3774154
energy/site = -1.008298481
44.2138% accepted

energy = -168.5105416
energy/site = -0.2600471322
44.2291% accepted

energy = -295.5423371
energy/site = -0.4560838536
44.2893% accepted

energy = -81.10452104
energy/site = -0.1251612979
44.3316% accepted

energy = -181.2615222
energy/site = -0.2797245714
44.4065% accepted

energy = -458.9178253
energy/site = -0.7082065205
44.1519% accepted

energy = -655.6971317
energy/site = -1.01187829
44.459% accepted

energy = -1437.891292
energy/site = -2.218968043
44.2608% accepted

energy = -30.90524094
energy/site = -0.04769327306
44.2737% accepted

energy = -3204.297137
energy/site = -4.944902989
44.3725% accepted

energy = -47.80878173
energy/site = -0.07377898415
44.4562% accepted

energy = -139.0987761
energy/site = -0.2146586051
44.3628% accepted

energy = -235.1157411
energy/site = -0.3628329339
44.2995% accepted

energy = -197994.3898
energy/site = -305.5468978
44.1814% accepted

energy = -21.64163216
energy/site = -0.0333975805
44.3168% accepted

energy = -963.2801508
energy/site = -1.486543443
44.1504% accepted

energy = -74.42928287
energy/site = -0.1148600044
44.317% accepted

energy = -400.6535056
energy/site = -0.6182924469
44.3443% accepted

energy = -61.25583757
energy/site = -0.09453061354
44.2454% accepted

energy = -91.6652685
energy/site = -0.1414587477
44.4508% accepted

energy = -973.4194311
energy/site = -1.50219048
44.2681% accepted

energy = -42.62710841
energy/site = -0.06578257471
44.1104% accepted

energy = -97.17920119
energy/site = -0.1499679031
44.4258% accepted

energy = -332.3811181
energy/site = -0.5129338243
44.3252% accepted

energy = -41.26425243
energy/site = -0.0636794019
44.2082% accepted

energy = -127.1791006
energy/site = -0.1962640441
44.3675% accepted

energy = -2060.044421
energy/site = -3.179080897
44.1992% accepted

energy = -38.39556244
energy/site = -0.05925241117
44.3355% accepted

energy = -279.7492722
energy/site = -0.4317118398
44.2539% accepted

energy = -140.1887703
energy/site = -0.2163406949
44.1505% accepted

energy = -460.2173227
energy/site = -0.7102119178
44.2855% accepted

energy = -41.9606257
energy/site = -0.06475405201
44.3454% accepted

energy = -137.3294281
energy/site = -0.2119281298
44.2688% accepted

energy = -171.768064
energy/site = -0.2650741729
44.2712% accepted

