
weighting by <swap_x> where x = 9
9 x 36 x 1 system
r   = 3  bondops changed per step 
n/N = 80  bond operators / site
its = 1000000  iterations/loop for 10000 loops

energy = -10733.94291
energy/site = -16.56472672
44.9164% accepted

energy = -315.0259944
energy/site = -0.486151226
44.1575% accepted

energy = -2810.334233
energy/site = -4.336935545
44.1201% accepted

energy = -77.80939996
energy/site = -0.1200762345
44.2908% accepted

energy = -995.4618818
energy/site = -1.536206608
44.235% accepted

energy = -218.8703411
energy/site = -0.337762872
44.1987% accepted

energy = -1469.141793
energy/site = -2.267194126
44.2782% accepted

energy = -299.1143461
energy/site = -0.4615962131
44.3554% accepted

energy = -1707.403448
energy/site = -2.634881864
44.3431% accepted

energy = -221.4203745
energy/site = -0.3416981088
44.0869% accepted

energy = -455.1821427
energy/site = -0.7024415782
44.3135% accepted

energy = -131.7119003
energy/site = -0.2032591055
44.1852% accepted

energy = -478.1525102
energy/site = -0.7378896762
44.3308% accepted

energy = -486.7925071
energy/site = -0.7512230047
44.2443% accepted

energy = -399.658212
energy/site = -0.6167565
44.2576% accepted

energy = -1280.137045
energy/site = -1.975520131
44.1591% accepted

energy = -280.8412383
energy/site = -0.4333969727
44.2122% accepted

energy = -183.060844
energy/site = -0.2825013025
44.3429% accepted

energy = -483.2551087
energy/site = -0.7457640567
44.3341% accepted

energy = -926.6901578
energy/site = -1.430077404
44.2571% accepted

energy = -424.3464643
energy/site = -0.6548556547
44.2226% accepted

energy = -1409.572108
energy/site = -2.175265598
44.3118% accepted

energy = -431.1183285
energy/site = -0.6653060624
44.2183% accepted

energy = -1401.913404
energy/site = -2.163446611
44.1461% accepted

energy = -344.0060989
energy/site = -0.5308736094
44.3234% accepted

energy = -364.7554531
energy/site = -0.5628942178
44.1789% accepted

energy = -1051.199002
energy/site = -1.622220682
44.326% accepted

energy = -2040.966286
energy/site = -3.14963933
44.423% accepted

energy = -478.4265288
energy/site = -0.7383125445
44.3588% accepted

energy = -202.0933488
energy/site = -0.3118724519
44.3796% accepted

energy = -1605.481131
energy/site = -2.477594339
44.2365% accepted

energy = -1334.598872
energy/site = -2.059566161
44.3583% accepted

energy = -1418.915835
energy/site = -2.18968493
44.284% accepted

energy = -2011.497194
energy/site = -3.104162336
44.3157% accepted

energy = -11127.98088
energy/site = -17.17281
44.1636% accepted

energy = -741.7759921
energy/site = -1.144716037
44.3068% accepted

energy = -25021.23462
energy/site = -38.61301639
44.3963% accepted

energy = -1331.820619
energy/site = -2.055278733
44.3542% accepted

energy = -646.7927421
energy/site = -0.9981369477
44.1689% accepted

energy = -8386.168633
energy/site = -12.94161826
44.2934% accepted

energy = -1219.878283
energy/site = -1.882528215
44.1213% accepted

energy = -2040.025601
energy/site = -3.148187656
44.1685% accepted

energy = -2769.817285
energy/site = -4.27440939
44.2748% accepted

energy = -2098.622899
energy/site = -3.238615585
44.2759% accepted

energy = -569.6362204
energy/site = -0.8790682414
44.2648% accepted

energy = -478.4229696
energy/site = -0.7383070518
44.2413% accepted

energy = -565.1994262
energy/site = -0.8722213367
44.2086% accepted

energy = -986.5840534
energy/site = -1.522506255
44.1715% accepted

energy = -1131.300165
energy/site = -1.745833588
44.1974% accepted

energy = -117.0405211
energy/site = -0.1806180882
44.1317% accepted

energy = -41.24337729
energy/site = -0.06364718718
44.2553% accepted

energy = -1664.747129
energy/site = -2.569054211
44.1926% accepted

energy = -23828.26325
energy/site = -36.77201119
44.0782% accepted

energy = -870.0900293
energy/site = -1.342731527
44.3206% accepted

energy = -1630.328899
energy/site = -2.515939659
44.2764% accepted

energy = -1745.127288
energy/site = -2.693097667
44.2056% accepted

energy = -595.0275498
energy/site = -0.9182523917
44.2203% accepted

energy = -1456.206496
energy/site = -2.247232247
44.2831% accepted

energy = -3786.752864
energy/site = -5.84375442
44.2535% accepted

energy = -1099.711249
energy/site = -1.69708526
44.1254% accepted

energy = -2383.728355
energy/site = -3.678593141
44.2722% accepted

energy = -4546.630038
energy/site = -7.01640438
44.2558% accepted

energy = -1058.982027
energy/site = -1.634231523
44.1987% accepted

energy = -4916.628205
energy/site = -7.587389205
44.2472% accepted

energy = -229.8246422
energy/site = -0.3546676578
44.3222% accepted

energy = -237.9002822
energy/site = -0.3671300651
44.3501% accepted

energy = -75.76367604
energy/site = -0.1169192531
44.2701% accepted

energy = -230.1732844
energy/site = -0.3552056857
44.2849% accepted

energy = -828.2185522
energy/site = -1.27811505
44.3244% accepted

energy = -637.1533592
energy/site = -0.9832613569
44.3482% accepted

energy = -246.0813361
energy/site = -0.3797551483
44.1983% accepted

energy = -1095.107571
energy/site = -1.68998082
44.309% accepted

energy = -77.44394028
energy/site = -0.1195122535
44.2605% accepted

energy = -1092.39439
energy/site = -1.685793812
44.068% accepted

energy = -9880.46891
energy/site = -15.24763721
44.295% accepted

energy = -166.0043644
energy/site = -0.2561795746
44.4092% accepted

energy = -1179.934449
energy/site = -1.820886495
44.2876% accepted

energy = -268.5783457
energy/site = -0.4144727557
44.1831% accepted

energy = -167.7516566
energy/site = -0.2588760133
44.2515% accepted

energy = -496.5013232
energy/site = -0.7662057456
44.2346% accepted

energy = -197.8894376
energy/site = -0.3053849346
44.2145% accepted

energy = -1524.587785
energy/site = -2.352758927
44.4284% accepted

energy = -413.1650315
energy/site = -0.6376003572
44.3222% accepted

energy = -524.540802
energy/site = -0.8094765463
44.1175% accepted

energy = -524.1080453
energy/site = -0.8088087119
44.1096% accepted

energy = -509.9873766
energy/site = -0.7870175565
44.2452% accepted

energy = -839.9756161
energy/site = -1.296258667
44.2434% accepted

energy = -31207.72809
energy/site = -48.16007421
44.1446% accepted

energy = -3069.748827
energy/site = -4.737266708
44.2013% accepted

energy = -18794.62542
energy/site = -29.00405157
44.4532% accepted

energy = -2215.044648
energy/site = -3.418278778
44.2695% accepted

energy = -6112.335848
energy/site = -9.432617049
44.1906% accepted

energy = -107.7526269
energy/site = -0.166284918
44.2479% accepted

energy = -50.52970024
energy/site = -0.07797793246
44.2533% accepted

energy = -410.546083
energy/site = -0.63355877
44.1322% accepted

energy = -617.0722633
energy/site = -0.9522720113
44.253% accepted

energy = -81.7622136
energy/site = -0.1261762556
44.2235% accepted

energy = -442.2670419
energy/site = -0.6825108671
44.1566% accepted

energy = -392.6639381
energy/site = -0.6059628675
44.2629% accepted

energy = -9914.240517
energy/site = -15.29975389
44.2099% accepted

energy = -2825.005096
energy/site = -4.359575765
44.3454% accepted

energy = -3656.967379
energy/site = -5.643468177
44.2133% accepted

energy = -292.3322225
energy/site = -0.4511299729
44.2192% accepted

energy = -107.5832174
energy/site = -0.1660234837
44.256% accepted

energy = -916.0331286
energy/site = -1.413631371
44.2946% accepted

energy = -344.2468852
energy/site = -0.5312451933
44.1558% accepted

energy = -2058.873658
energy/site = -3.177274164
44.2312% accepted

energy = -1843.76007
energy/site = -2.84530875
44.1941% accepted

energy = -198.8660102
energy/site = -0.3068919911
44.4425% accepted

energy = -218.6639757
energy/site = -0.3374444069
44.4458% accepted

energy = -246.5955672
energy/site = -0.3805487149
44.258% accepted

energy = -2626.972861
energy/site = -4.053970464
44.2534% accepted

energy = -3864.85916
energy/site = -5.964288827
44.2523% accepted

energy = -1607.337416
energy/site = -2.480458975
44.0822% accepted

energy = -301.5230595
energy/site = -0.4653133634
44.3099% accepted

energy = -2209.171766
energy/site = -3.409215688
44.2046% accepted

energy = -797.3460175
energy/site = -1.230472249
44.1442% accepted

energy = -200.7887167
energy/site = -0.3098591306
44.316% accepted

energy = -384.9350412
energy/site = -0.5940355574
44.2972% accepted

energy = -1215.354316
energy/site = -1.875546784
44.1592% accepted

energy = -26610.3789
energy/site = -41.06539954
44.2562% accepted

energy = -236.1246587
energy/site = -0.3643899055
44.1467% accepted

energy = -4704.457809
energy/site = -7.259965755
44.308% accepted

energy = -687.7764012
energy/site = -1.061383335
44.2807% accepted

energy = -368.5549252
energy/site = -0.5687576007
44.2808% accepted

energy = -808.7044306
energy/site = -1.248000664
44.2613% accepted

energy = -337.1060165
energy/site = -0.5202253341
44.2419% accepted

energy = -1251.790586
energy/site = -1.931775596
44.2231% accepted

energy = -217.3321517
energy/site = -0.3353891229
44.2024% accepted

energy = -3644.696675
energy/site = -5.624531906
44.204% accepted

energy = -608.8335364
energy/site = -0.9395579265
43.9878% accepted

energy = -365.2492531
energy/site = -0.5636562547
44.2685% accepted

energy = -352.6568852
energy/site = -0.5442235883
44.2356% accepted

energy = -203.8070953
energy/site = -0.3145171224
44.2526% accepted

energy = -2655.351293
energy/site = -4.097764342
44.2074% accepted

energy = -1433.522258
energy/site = -2.212225707
44.2889% accepted

energy = -131.971248
energy/site = -0.2036593334
44.118% accepted

energy = -8338.375632
energy/site = -12.86786363
44.1863% accepted

energy = -6836.142995
energy/site = -10.54960339
44.4119% accepted

energy = -2509.573365
energy/site = -3.872798403
44.1543% accepted

energy = -7832.981964
energy/site = -12.08793513
44.3066% accepted

energy = -4459.099226
energy/site = -6.881325966
44.3121% accepted

energy = -253.2372268
energy/site = -0.3907981894
44.2718% accepted

energy = -1411.748528
energy/site = -2.178624272
44.2161% accepted

energy = -126.8724041
energy/site = -0.195790747
44.2316% accepted

energy = -254.886942
energy/site = -0.3933440463
44.2335% accepted

energy = -6571.516046
energy/site = -10.14122847
44.3436% accepted

energy = -647.6350006
energy/site = -0.9994367294
44.1412% accepted

energy = -611099.8543
energy/site = -943.0553308
44.2424% accepted

energy = -414.3020948
energy/site = -0.6393550845
44.3742% accepted

energy = -2311.879043
energy/site = -3.567714572
44.2101% accepted

energy = -1243.948973
energy/site = -1.919674341
44.3598% accepted

energy = -56.86301224
energy/site = -0.0877515621
44.3262% accepted

energy = -11577.34622
energy/site = -17.86627503
44.1631% accepted

energy = -121.7751843
energy/site = -0.1879246672
44.1756% accepted

energy = -574.0203722
energy/site = -0.8858339077
44.2614% accepted

energy = -489.8100025
energy/site = -0.7558796334
44.2986% accepted

energy = -271.657512
energy/site = -0.4192245556
44.256% accepted

energy = -323.3755001
energy/site = -0.4990362656
44.3883% accepted

energy = -357.2128023
energy/site = -0.5512543246
44.3183% accepted

energy = -383.4238349
energy/site = -0.5917034488
44.2976% accepted

energy = -59.12364856
energy/site = -0.0912401984
44.2895% accepted

energy = -217.5026123
energy/site = -0.3356521794
44.2436% accepted

energy = -102.232857
energy/site = -0.1577667547
44.2358% accepted

energy = -1154.09082
energy/site = -1.781004352
44.3791% accepted

energy = -455.8382189
energy/site = -0.7034540415
44.3674% accepted

energy = -399.7666975
energy/site = -0.6169239158
44.3113% accepted

energy = -500.2963186
energy/site = -0.7720622201
44.3071% accepted

energy = -436.5200812
energy/site = -0.6736421007
44.286% accepted

energy = -854.7660549
energy/site = -1.319083418
44.4164% accepted

energy = -123.4382871
energy/site = -0.1904911839
44.1102% accepted

energy = -544.064049
energy/site = -0.8396050139
44.4164% accepted

energy = -35286.05965
energy/site = -54.45379575
44.1426% accepted

energy = -5434.163017
energy/site = -8.386054038
44.121% accepted

energy = -1249.899706
energy/site = -1.92885757
44.1073% accepted

energy = -573.8099137
energy/site = -0.885509126
44.4281% accepted

energy = -850.1178801
energy/site = -1.311910309
44.2877% accepted

energy = -635.4827155
energy/site = -0.9806832029
44.1914% accepted

energy = -4272.622724
energy/site = -6.593553586
44.3439% accepted

energy = -162.0071021
energy/site = -0.25001096
44.0213% accepted

energy = -1901.433946
energy/site = -2.934311645
44.2812% accepted

energy = -1577.077061
energy/site = -2.433760897
44.2462% accepted

energy = -5257.713064
energy/site = -8.113754728
44.306% accepted

energy = -1088.770967
energy/site = -1.68020211
44.2478% accepted

energy = -1664.113704
energy/site = -2.568076703
44.1815% accepted

energy = -411.2070332
energy/site = -0.6345787549
44.3748% accepted

energy = -702.3576612
energy/site = -1.08388528
44.0744% accepted

energy = -1817.366891
energy/site = -2.804578535
44.266% accepted

energy = -1846.239672
energy/site = -2.849135296
44.1661% accepted

energy = -680.8961819
energy/site = -1.050765713
44.201% accepted

energy = -371.7073341
energy/site = -0.5736224292
44.195% accepted

energy = -6642.406916
energy/site = -10.25062796
44.2723% accepted

energy = -1137.558786
energy/site = -1.755491953
44.1876% accepted

energy = -1513.192313
energy/site = -2.335173322
44.3081% accepted

energy = -500.117377
energy/site = -0.7717860757
44.3089% accepted

energy = -693.4486239
energy/site = -1.070136765
44.3252% accepted

energy = -444.3691849
energy/site = -0.6857549149
44.2982% accepted

energy = -1580.662251
energy/site = -2.439293597
44.1528% accepted

energy = -195.5600381
energy/site = -0.3017901823
44.2705% accepted

energy = -273.572471
energy/site = -0.4221797392
44.3095% accepted

energy = -5302.846583
energy/site = -8.183405221
44.4112% accepted

energy = -8704.769026
energy/site = -13.43328553
44.4191% accepted

energy = -572.301844
energy/site = -0.883181858
44.0835% accepted

energy = -688.6927527
energy/site = -1.062797458
44.3356% accepted

energy = -30.67348897
energy/site = -0.04733563113
44.3344% accepted

energy = -900.1976248
energy/site = -1.389193865
44.4659% accepted

energy = -217.7742392
energy/site = -0.3360713569
44.2973% accepted

energy = -384.2979311
energy/site = -0.5930523628
44.3136% accepted

energy = -450.8512308
energy/site = -0.6957580722
44.378% accepted

energy = -1168.115541
energy/site = -1.802647441
44.194% accepted

energy = -2310.181596
energy/site = -3.565095055
44.2085% accepted

energy = -1134.800688
energy/site = -1.751235629
44.3668% accepted

energy = -516.9764257
energy/site = -0.797803126
44.3466% accepted

energy = -524.50054
energy/site = -0.8094144135
44.423% accepted

energy = -41.4538056
energy/site = -0.06397192223
44.289% accepted

energy = -1480.282413
energy/site = -2.28438644
44.3454% accepted

energy = -78168.58427
energy/site = -120.6305313
44.2815% accepted

energy = -499.232707
energy/site = -0.7704208441
44.2262% accepted

energy = -2825.320636
energy/site = -4.360062711
44.1654% accepted

energy = -686.8497153
energy/site = -1.059953264
44.1241% accepted

energy = -302.2089296
energy/site = -0.4663718049
44.4561% accepted

energy = -886.8980666
energy/site = -1.368669856
44.1989% accepted

energy = -2340.846702
energy/site = -3.612417749
44.175% accepted

energy = -373.8568289
energy/site = -0.5769395507
44.1061% accepted

energy = -842.7641542
energy/site = -1.300561966
44.3067% accepted

energy = -819.6831168
energy/site = -1.264943082
44.3221% accepted

energy = -404.7631843
energy/site = -0.6246345437
44.3232% accepted

energy = -2269.412128
energy/site = -3.50217921
44.2583% accepted

energy = -986.8518998
energy/site = -1.522919598
44.2901% accepted

energy = -1474.097799
energy/site = -2.274842282
44.4787% accepted

energy = -237.3465763
energy/site = -0.3662755807
44.2713% accepted

energy = -177.1567278
energy/site = -0.273390012
44.2179% accepted

energy = -805.0733861
energy/site = -1.242397201
44.3819% accepted

energy = -4141.038428
energy/site = -6.390491401
44.1367% accepted

energy = -726.4781732
energy/site = -1.121108292
44.312% accepted

energy = -603.3053525
energy/site = -0.9310267786
44.488% accepted

energy = -1082.798787
energy/site = -1.670985783
44.2337% accepted

energy = -493.4215457
energy/site = -0.7614530026
44.2639% accepted

energy = -3276.890637
energy/site = -5.056929995
44.1542% accepted

energy = -1082.607955
energy/site = -1.670691288
44.2746% accepted

energy = -210.6591669
energy/site = -0.325091307
44.3439% accepted

energy = -2476.735055
energy/site = -3.822121998
44.1594% accepted

energy = -2135.020586
energy/site = -3.294784855
44.2575% accepted

energy = -1220.861944
energy/site = -1.88404621
44.2063% accepted

energy = -10762.64993
energy/site = -16.60902767
44.272% accepted

energy = -258.1076936
energy/site = -0.3983143419
44.3271% accepted

energy = -2843.005614
energy/site = -4.387354343
44.4289% accepted

energy = -8597.433776
energy/site = -13.26764472
44.2317% accepted

energy = -706.7514734
energy/site = -1.090665854
44.3262% accepted

energy = -1967.864516
energy/site = -3.036827957
44.2534% accepted

energy = -1291.826173
energy/site = -1.993558909
44.3368% accepted

energy = -400.9749164
energy/site = -0.6187884512
44.1754% accepted

energy = -3583.982606
energy/site = -5.530837355
44.2311% accepted

energy = -819.83006
energy/site = -1.265169846
44.2273% accepted

energy = -1847.335858
energy/site = -2.850826942
44.4205% accepted

energy = -636.4242291
energy/site = -0.982136156
44.2733% accepted

energy = -99.8763667
energy/site = -0.1541301955
44.3449% accepted

energy = -127.7454464
energy/site = -0.1971380346
44.3288% accepted

energy = -5811.958308
energy/site = -8.969071462
44.3009% accepted

energy = -458.252249
energy/site = -0.7071793966
44.3587% accepted

energy = -683.1623127
energy/site = -1.054262828
44.2745% accepted

energy = -428.0940655
energy/site = -0.66063899
44.1785% accepted

energy = -2276.366682
energy/site = -3.512911547
44.1614% accepted

energy = -2579.02661
energy/site = -3.979979337
44.2391% accepted

energy = -456.5128303
energy/site = -0.7044951084
44.3049% accepted

energy = -4363.793962
energy/site = -6.734249941
44.3247% accepted

energy = -29645.34943
energy/site = -45.74899603
44.2818% accepted

energy = -1023.178955
energy/site = -1.578979869
44.2408% accepted

energy = -1519.046938
energy/site = -2.344208238
44.1724% accepted

energy = -264.7219346
energy/site = -0.4085215041
44.3261% accepted

energy = -370342.5138
energy/site = -571.516225
44.3937% accepted

energy = -1047.381544
energy/site = -1.616329543
44.3227% accepted

energy = -5772.540785
energy/site = -8.908241952
44.1459% accepted

energy = -767.679197
energy/site = -1.184690119
44.2388% accepted

energy = -7387.018434
energy/site = -11.39971981
44.2152% accepted

energy = -981.3596449
energy/site = -1.514443897
44.1957% accepted

energy = -1913.055278
energy/site = -2.952245799
44.3095% accepted

energy = -931.7012553
energy/site = -1.437810579
44.182% accepted

energy = -847.0007059
energy/site = -1.307099855
44.1989% accepted

energy = -207.8334712
energy/site = -0.3207306654
44.1319% accepted

energy = -148.8155738
energy/site = -0.2296536633
44.1773% accepted

energy = -100.3992447
energy/site = -0.154937106
44.2997% accepted

energy = -1758.489604
energy/site = -2.713718524
44.2943% accepted

energy = -13766.47292
energy/site = -21.24455698
44.4071% accepted

energy = -1777.569651
energy/site = -2.743163042
44.288% accepted

energy = -2991.71946
energy/site = -4.616851018
44.2948% accepted

energy = -1109.509648
energy/site = -1.712206247
44.2533% accepted

energy = -3618.721543
energy/site = -5.584446826
44.3062% accepted

energy = -1636.500496
energy/site = -2.525463729
44.219% accepted

energy = -1007.375553
energy/site = -1.554591903
44.3015% accepted

energy = -6169.264001
energy/site = -9.520469137
44.2539% accepted

energy = -297.2942157
energy/site = -0.4587873698
44.1611% accepted

energy = -3293.84965
energy/site = -5.083101312
44.3245% accepted

energy = -681.4993773
energy/site = -1.05169657
44.2543% accepted

energy = -1340.951987
energy/site = -2.06937035
44.2165% accepted

energy = -735.0780697
energy/site = -1.134379737
44.2572% accepted

energy = -9699.139991
energy/site = -14.96780863
44.3187% accepted

energy = -419.7915148
energy/site = -0.6478264118
44.1277% accepted

energy = -2196.513345
energy/site = -3.389681089
44.1331% accepted

energy = -12509.24733
energy/site = -19.30439402
44.284% accepted

energy = -651.4467757
energy/site = -1.005319098
44.2237% accepted

energy = -1817.695714
energy/site = -2.805085978
44.0994% accepted

energy = -2596.608884
energy/site = -4.007112475
44.0767% accepted

energy = -82.9469137
energy/site = -0.1280044965
44.4495% accepted

energy = -2849.451573
energy/site = -4.397301811
44.3116% accepted

energy = -795.3466794
energy/site = -1.227386851
44.3393% accepted

energy = -18119.38307
energy/site = -27.9620109
44.2489% accepted

energy = -1044.09486
energy/site = -1.611257501
44.1862% accepted

energy = -121.7610767
energy/site = -0.1879028962
44.0864% accepted

energy = -821.3399837
energy/site = -1.267499975
44.1662% accepted

energy = -13088.01942
energy/site = -20.19756083
44.3514% accepted

energy = -126.5191858
energy/site = -0.1952456571
44.2148% accepted

energy = -752.8631573
energy/site = -1.16182586
44.2738% accepted

energy = -2422.051905
energy/site = -3.737734421
44.1824% accepted

energy = -2124.333963
energy/site = -3.278293153
44.3361% accepted

energy = -452.2775538
energy/site = -0.697959188
44.0642% accepted

energy = -2281.425601
energy/site = -3.52071852
44.254% accepted

energy = -435.9872935
energy/site = -0.6728198974
44.1726% accepted

energy = -3101.585501
energy/site = -4.786397378
44.4221% accepted

energy = -1229.08263
energy/site = -1.896732454
44.1457% accepted

energy = -90.11629167
energy/site = -0.1390683513
44.1694% accepted

energy = -6106.239214
energy/site = -9.423208664
44.3273% accepted

energy = -552.9750354
energy/site = -0.8533565361
44.3043% accepted

energy = -6404.402577
energy/site = -9.88333731
44.5091% accepted

energy = -413.3212107
energy/site = -0.6378413746
44.3189% accepted

energy = -1218.780502
energy/site = -1.880834108
44.2863% accepted

energy = -309.3861505
energy/site = -0.4774477632
44.2249% accepted

energy = -95.9937947
energy/site = -0.1481385721
44.3428% accepted

energy = -757.7344673
energy/site = -1.169343314
44.2686% accepted

energy = -2569.320283
energy/site = -3.965000437
44.3624% accepted

energy = -2602.586138
energy/site = -4.016336632
44.2183% accepted

energy = -2669.32429
energy/site = -4.119327607
44.2573% accepted

energy = -497.8537296
energy/site = -0.7682927927
44.1436% accepted

energy = -25911.12364
energy/site = -39.98630191
44.4388% accepted

energy = -1257.89913
energy/site = -1.94120236
44.2183% accepted

energy = -1273.30055
energy/site = -1.964969984
44.4113% accepted

energy = -8861.415294
energy/site = -13.6750236
44.2654% accepted

energy = -383.3471105
energy/site = -0.5915850471
44.1987% accepted

energy = -104.5682454
energy/site = -0.161370749
44.0965% accepted

energy = -596.2040644
energy/site = -0.9200680006
44.3281% accepted

energy = -3157.528569
energy/site = -4.872729273
44.276% accepted

energy = -457.6257162
energy/site = -0.706212525
44.3492% accepted

energy = -1516.010728
energy/site = -2.339522728
44.2189% accepted

energy = -155342.0641
energy/site = -239.7254075
44.2519% accepted

energy = -523.0112339
energy/site = -0.8071161017
44.2692% accepted

energy = -197.9383428
energy/site = -0.3054604056
44.2567% accepted

energy = -178.4458683
energy/site = -0.2753794264
44.1774% accepted

energy = -3516.599029
energy/site = -5.426850353
44.2482% accepted

energy = -276.1604209
energy/site = -0.4261734891
44.2619% accepted

energy = -1838.580978
energy/site = -2.837316324
44.1498% accepted

energy = -789.8531749
energy/site = -1.218909221
44.2463% accepted

energy = -4480.025734
energy/site = -6.91361996
44.2703% accepted

energy = -209.5492808
energy/site = -0.3233785198
44.1629% accepted

energy = -1067.918727
energy/site = -1.648022727
44.1316% accepted

energy = -175.2088561
energy/site = -0.2703840372
44.327% accepted

energy = -14822.01497
energy/site = -22.87347989
44.221% accepted

energy = -1518.984393
energy/site = -2.344111717
44.2626% accepted

energy = -364.1260603
energy/site = -0.5619229325
44.2368% accepted

energy = -736.0342815
energy/site = -1.135855373
44.082% accepted

energy = -5301.627835
energy/site = -8.181524437
44.2682% accepted

energy = -3915.146615
energy/site = -6.041892924
44.3486% accepted

energy = -595.580084
energy/site = -0.919105068
44.3453% accepted

energy = -380.7681189
energy/site = -0.5876051218
44.289% accepted

energy = -427.8775219
energy/site = -0.6603048177
44.2901% accepted

energy = -214.6317621
energy/site = -0.3312218551
44.1306% accepted

energy = -1869.022176
energy/site = -2.884293482
44.2273% accepted

energy = -1824.933554
energy/site = -2.816255485
44.3786% accepted

energy = -1263.08676
energy/site = -1.949207963
44.1912% accepted

energy = -270.0122933
energy/site = -0.4166856378
44.2102% accepted

energy = -1208.006111
energy/site = -1.864206961
44.0979% accepted

energy = -5987.656765
energy/site = -9.240211057
44.3597% accepted

energy = -239.1870769
energy/site = -0.3691158594
44.2707% accepted

energy = -5697.296724
energy/site = -8.792124574
44.2268% accepted

energy = -22240.05882
energy/site = -34.32107842
44.2786% accepted

energy = -2353.742039
energy/site = -3.632317962
44.1559% accepted

energy = -114.4455963
energy/site = -0.1766135745
44.1734% accepted

energy = -2574.376086
energy/site = -3.972802602
44.3506% accepted

energy = -960.3582732
energy/site = -1.482034372
44.2369% accepted

energy = -7501.578326
energy/site = -11.57650976
44.2155% accepted

energy = -416.1259341
energy/site = -0.6421696513
44.3487% accepted

energy = -3471.825682
energy/site = -5.357755682
44.2773% accepted

energy = -2940.685874
energy/site = -4.538095485
44.2369% accepted

energy = -1032.264779
energy/site = -1.593001202
44.1348% accepted

energy = -48.24003486
energy/site = -0.07444449824
44.1075% accepted

energy = -553.58458
energy/site = -0.8542971914
44.3907% accepted

energy = -2755.152868
energy/site = -4.251779118
44.3397% accepted

energy = -4087.299995
energy/site = -6.30756172
44.2564% accepted

energy = -578.1511663
energy/site = -0.89220859
44.2944% accepted

energy = -2157.511729
energy/site = -3.32949341
44.249% accepted

energy = -1212.327332
energy/site = -1.870875513
44.1976% accepted

energy = -4815.68312
energy/site = -7.431609753
44.2469% accepted

energy = -6544.039075
energy/site = -10.09882573
44.274% accepted

energy = -8411.61347
energy/site = -12.98088498
44.2417% accepted

energy = -705.6747627
energy/site = -1.089004263
44.2909% accepted

energy = -9131.229716
energy/site = -14.09140388
44.2615% accepted

energy = -1023.524971
energy/site = -1.579513844
44.0971% accepted

energy = -25246.12614
energy/site = -38.9600712
44.266% accepted

energy = -1140.531278
energy/site = -1.760079133
44.2883% accepted

energy = -1563.696831
energy/site = -2.413112393
44.1288% accepted

energy = -130.0975244
energy/site = -0.2007677846
44.2632% accepted

energy = -30845.57505
energy/site = -47.60119607
44.2659% accepted

energy = -479.0584219
energy/site = -0.7392876881
44.1871% accepted

energy = -4070.307299
energy/site = -6.281338424
44.3379% accepted

energy = -1062.007173
energy/site = -1.638899959
44.214% accepted

energy = -1184.317327
energy/site = -1.827650196
44.1726% accepted

energy = -15822.48482
energy/site = -24.41741484
44.1774% accepted

energy = -701.055622
energy/site = -1.08187596
44.1971% accepted

energy = -461.091548
energy/site = -0.7115610308
44.2562% accepted

