
weighting by <swap_x> where x = 11
11 x 40 x 1 system
r   = 3  bondops changed per step 
n/N = 80  bond operators / site
its = 1000000  iterations/loop for 100000 loops

energy = -20.90459001
energy/site = -0.02375521592
44.8288% accepted

energy = -92.7441829
energy/site = -0.1053911169
43.797% accepted

energy = -1.923460097
energy/site = -0.00218575011
43.8785% accepted

energy = -117.88395
energy/site = -0.1339590341
43.7879% accepted

energy = -258.8675217
energy/site = -0.2941676383
43.9226% accepted

energy = -56.57942443
energy/site = -0.06429480049
43.7873% accepted

energy = -2.691220513
energy/site = -0.003058205128
43.9147% accepted

energy = -2.08130099
energy/site = -0.002365114762
43.8066% accepted

energy = -52.64533881
energy/site = -0.05982424864
43.6984% accepted

energy = -207.3875177
energy/site = -0.2356676337
43.8441% accepted

energy = -2.1099671
energy/site = -0.002397689887
44.008% accepted

energy = -208.3877446
energy/site = -0.2368042552
43.8389% accepted

energy = -17206.4108
energy/site = -19.55273954
43.9151% accepted

energy = -587.0037706
energy/site = -0.6670497393
43.9953% accepted

energy = -972.7920634
energy/site = -1.105445527
43.8386% accepted

energy = -59.91761645
energy/site = -0.06808820051
43.8548% accepted

energy = -2.878653933
energy/site = -0.003271197652
43.8028% accepted

energy = -37.12710648
energy/site = -0.04218989373
43.7884% accepted

energy = -651.2760744
energy/site = -0.7400864482
43.9327% accepted

energy = -206.6941243
energy/site = -0.2348796868
43.9531% accepted

energy = -448.3361722
energy/site = -0.5094729229
43.808% accepted

energy = -3626.979994
energy/site = -4.121568175
43.8848% accepted

energy = -135.5033314
energy/site = -0.1539810584
43.7358% accepted

energy = -51.33144561
energy/site = -0.0583311882
43.8473% accepted

energy = -32.92900792
energy/site = -0.03741932718
43.8282% accepted

energy = -701.3904431
energy/site = -0.7970345945
43.8487% accepted

energy = -4.773618353
energy/site = -0.00542456631
43.8693% accepted

energy = -27.61101532
energy/site = -0.03137615377
43.9149% accepted

energy = -2267.705638
energy/site = -2.576938225
43.8771% accepted

energy = -6.175816365
energy/site = -0.007017973143
43.7524% accepted

energy = -31.76864401
energy/site = -0.03610073183
43.9271% accepted

energy = -10.91895311
energy/site = -0.01240790126
43.8434% accepted

energy = -414.6922301
energy/site = -0.4712411706
43.871% accepted

energy = -69.37607596
energy/site = -0.07883644995
43.851% accepted

energy = -10.56555987
energy/site = -0.01200631804
43.8614% accepted

energy = -83.34020646
energy/site = -0.09470478007
43.8805% accepted

energy = -457.6038697
energy/site = -0.5200043974
43.7735% accepted

energy = -13.18566902
energy/site = -0.0149837148
43.8453% accepted

energy = -86.49796273
energy/site = -0.09829313946
43.8992% accepted

energy = -678.7260386
energy/site = -0.7712795893
43.6702% accepted

energy = -814.7929557
energy/site = -0.925901086
43.9407% accepted

energy = -111.3549244
energy/site = -0.1265396868
43.8378% accepted

energy = -6.040078419
energy/site = -0.006863725476
43.992% accepted

energy = -3472.093786
energy/site = -3.94556112
43.9162% accepted

energy = -21.35504636
energy/site = -0.02426709814
43.917% accepted

energy = -1095.680043
energy/site = -1.245090958
43.8235% accepted

energy = -236.5888915
energy/site = -0.2688510131
43.7451% accepted

energy = -11.54761756
energy/site = -0.01312229268
43.9296% accepted

energy = -266.3304204
energy/site = -0.302648205
43.8581% accepted

energy = -842.3265058
energy/site = -0.9571892112
43.8183% accepted

energy = -209.3252137
energy/site = -0.2378695611
43.9305% accepted

energy = -68.69435985
energy/site = -0.07806177256
43.8236% accepted

energy = -1.514577701
energy/site = -0.001721111024
43.8279% accepted

energy = -56.39297688
energy/site = -0.06408292828
43.8776% accepted

energy = -146.6862521
energy/site = -0.1666889229
43.7507% accepted

energy = -402.9199726
energy/site = -0.4578636052
43.7511% accepted

energy = -85.19902276
energy/site = -0.09681707132
43.8574% accepted

energy = -89.74122353
energy/site = -0.1019786631
43.909% accepted

energy = -65.1865949
energy/site = -0.07407567603
43.8783% accepted

energy = -33338.94287
energy/site = -37.88516235
43.6796% accepted

energy = -23.64932095
energy/site = -0.02687422835
43.8874% accepted

energy = -46.00535667
energy/site = -0.0522788144
43.9113% accepted

energy = -1607.788382
energy/site = -1.827032253
44.0829% accepted

energy = -105.7947775
energy/site = -0.1202213381
43.8785% accepted

energy = -566.2138113
energy/site = -0.6434247855
43.9725% accepted

energy = -10.67036649
energy/site = -0.01212541646
43.8625% accepted

energy = -449.687415
energy/site = -0.5110084261
43.7553% accepted

energy = -114.5217178
energy/site = -0.1301383157
43.7649% accepted

energy = -5018.428836
energy/site = -5.70276004
43.8577% accepted

energy = -58.40066755
energy/site = -0.06636439494
43.8739% accepted

energy = -58.84627205
energy/site = -0.0668707637
43.8505% accepted

energy = -316.5419223
energy/site = -0.3597067298
43.8323% accepted

energy = -100.5376035
energy/site = -0.1142472767
43.8308% accepted

energy = -14.9320477
energy/site = -0.01696823602
44.0219% accepted

energy = -136.2456568
energy/site = -0.1548246101
43.758% accepted

energy = -246.8638368
energy/site = -0.2805270873
43.8664% accepted

energy = -172.8210911
energy/site = -0.1963876035
43.8513% accepted

energy = -445.1704136
energy/site = -0.5058754699
43.8603% accepted

energy = -72.70113672
energy/site = -0.08261492809
43.8752% accepted

energy = -602.6545457
energy/site = -0.6848347111
43.856% accepted

energy = -59.36255573
energy/site = -0.06745744969
43.8754% accepted

energy = -238.2497943
energy/site = -0.2707384026
43.9289% accepted

energy = -17.82167914
energy/site = -0.02025190811
43.8157% accepted

energy = -49.51890161
energy/site = -0.05627147911
43.9257% accepted

energy = -317.0130947
energy/site = -0.3602421531
43.9819% accepted

energy = -330.8271097
energy/site = -0.3759398974
43.8988% accepted

energy = -232.5934353
energy/site = -0.2643107219
43.903% accepted

energy = -480.1031269
energy/site = -0.5455717351
43.7907% accepted

energy = -805.8308616
energy/site = -0.9157168882
43.936% accepted

energy = -17.01226394
energy/site = -0.01933211812
43.8436% accepted

energy = -321.1150999
energy/site = -0.3649035226
43.8733% accepted

energy = -20.97732536
energy/site = -0.02383786973
43.9769% accepted

energy = -103.9700074
energy/site = -0.1181477357
43.8638% accepted

energy = -812.4690174
energy/site = -0.923260247
43.9642% accepted

energy = -19.57600775
energy/site = -0.02224546335
44.0063% accepted

energy = -348.1919328
energy/site = -0.3956726509
43.7473% accepted

energy = -21.21145258
energy/site = -0.02410392339
43.8768% accepted

energy = -4405.344231
energy/site = -5.00607299
43.8974% accepted

energy = -130423.1946
energy/site = -148.2081757
43.9649% accepted

energy = -1600.516052
energy/site = -1.818768241
43.7901% accepted

energy = -1109.468759
energy/site = -1.260759954
43.8937% accepted

energy = -54.04927427
energy/site = -0.06141962986
43.8856% accepted

energy = -29.39790809
energy/site = -0.03340671374
43.8093% accepted

energy = -65.28832171
energy/site = -0.07419127467
43.7207% accepted

energy = -3047.993744
energy/site = -3.463629255
43.7815% accepted

energy = -556.9366186
energy/site = -0.6328825211
43.792% accepted

energy = -71.7602882
energy/site = -0.08154578205
43.9225% accepted

energy = -200.6560385
energy/site = -0.2280182256
43.7508% accepted

energy = -131.1087604
energy/site = -0.1489872277
43.892% accepted

energy = -10.91426971
energy/site = -0.01240257922
43.7211% accepted

energy = -47.08629952
energy/site = -0.05350715854
43.8803% accepted

energy = -545.5087888
energy/site = -0.6198963509
43.8819% accepted

energy = -54.36600554
energy/site = -0.06177955175
43.808% accepted

energy = -67.13947448
energy/site = -0.07629485736
43.743% accepted

energy = -670.1740045
energy/site = -0.7615613688
43.8262% accepted

energy = -358.1466294
energy/site = -0.4069848062
43.7525% accepted

energy = -35.65358953
energy/site = -0.04051544265
43.9761% accepted

energy = -1.297024064
energy/site = -0.001473890982
43.9787% accepted

energy = -33.64873943
energy/site = -0.0382372039
43.9027% accepted

energy = -61.44641586
energy/site = -0.06982547257
44.0751% accepted

energy = -33.62371289
energy/site = -0.03820876465
43.8714% accepted

energy = -124.6236284
energy/site = -0.1416177596
43.8268% accepted

energy = -18.88676532
energy/site = -0.02146223332
43.8022% accepted

energy = -44.49446367
energy/site = -0.05056189053
44.0004% accepted

energy = -259.9204339
energy/site = -0.2953641294
43.8813% accepted

energy = -19.81165144
energy/site = -0.02251324028
43.7579% accepted

energy = -10.20924689
energy/site = -0.01160141692
44.0131% accepted

energy = -105.8049397
energy/site = -0.1202328861
43.856% accepted

energy = -120.9596894
energy/site = -0.1374541925
43.8175% accepted

energy = -198.4339712
energy/site = -0.2254931491
44.0202% accepted

energy = -40.28047689
energy/site = -0.0457732692
43.8181% accepted

energy = -0.7471789431
energy/site = -0.0008490669808
43.6773% accepted

energy = -205.7729679
energy/site = -0.233832918
43.8902% accepted

energy = -195.9560613
energy/site = -0.2226773424
43.815% accepted

energy = -61.65000375
energy/site = -0.07005682244
43.7638% accepted

energy = -125.3420369
energy/site = -0.1424341328
43.8888% accepted

energy = -45.6525946
energy/site = -0.05187794841
43.9379% accepted

energy = -9.564103967
energy/site = -0.01086829996
43.9342% accepted

energy = -2265.370718
energy/site = -2.574284906
43.9254% accepted

energy = -71.78955654
energy/site = -0.08157904153
43.8072% accepted

energy = -126.887764
energy/site = -0.1441906409
43.9835% accepted

energy = -23.74424015
energy/site = -0.02698209108
43.7681% accepted

energy = -1367.498689
energy/site = -1.553975783
44.0258% accepted

energy = -264.7209981
energy/site = -0.300819316
43.7301% accepted

energy = -66.23003732
energy/site = -0.07526140604
43.74% accepted

energy = -1045.544645
energy/site = -1.188118914
44.0323% accepted

energy = -141.4507032
energy/site = -0.1607394355
43.7971% accepted

energy = -51.14529188
energy/site = -0.05811964986
43.8401% accepted

energy = -81.57006736
energy/site = -0.09269325836
43.8329% accepted

energy = -129.8865828
energy/site = -0.1475983895
43.8295% accepted

energy = -17.79172034
energy/site = -0.02021786402
43.8539% accepted

energy = -53.76716314
energy/site = -0.06109904902
43.7776% accepted

energy = -56.91887351
energy/site = -0.06468053808
43.8912% accepted

energy = -21.53733185
energy/site = -0.02447424074
43.8631% accepted

energy = -23.57197952
energy/site = -0.02678634036
43.991% accepted

energy = -166.7390793
energy/site = -0.1894762265
43.8365% accepted

energy = -16.97948394
energy/site = -0.01929486811
43.9698% accepted

energy = -9.504290269
energy/site = -0.01080032985
43.8946% accepted

energy = -320.677893
energy/site = -0.3644066966
43.8252% accepted

energy = -35.8175588
energy/site = -0.04070177136
43.8347% accepted

energy = -659.3002278
energy/site = -0.7492048043
43.9766% accepted

energy = -36.28201558
energy/site = -0.04122956315
44.0322% accepted

energy = -29.94962851
energy/site = -0.03403366876
43.9135% accepted

energy = -2687.539945
energy/site = -3.054022665
43.8556% accepted

energy = -74.73534133
energy/site = -0.08492652423
43.8213% accepted

energy = -3.79290321
energy/site = -0.004310117284
43.773% accepted

energy = -385.7961149
energy/site = -0.4384046761
43.7361% accepted

energy = -98.60096161
energy/site = -0.1120465473
43.8321% accepted

energy = -42.57631861
energy/site = -0.04838218024
43.8672% accepted

energy = -39.95225681
energy/site = -0.04540029182
43.9062% accepted

energy = -558.9347989
energy/site = -0.6351531806
43.8365% accepted

energy = -364.4950695
energy/site = -0.4141989426
43.9585% accepted

energy = -104.2592204
energy/site = -0.1184763868
44.0257% accepted

energy = -106.3121331
energy/site = -0.1208092422
43.8245% accepted

energy = -3703.978643
energy/site = -4.209066639
44.0007% accepted

energy = -38.81900168
energy/site = -0.04411250191
43.8785% accepted

energy = -64.76655346
energy/site = -0.07359835621
43.9592% accepted

energy = -11855.14771
energy/site = -13.47175877
43.7948% accepted

energy = -40.97135822
energy/site = -0.04655836161
43.8028% accepted

energy = -172.549421
energy/site = -0.1960788875
43.7911% accepted

energy = -1334.145341
energy/site = -1.516074251
43.9202% accepted

energy = -171.1163085
energy/site = -0.1944503505
43.8038% accepted

energy = -12.43159709
energy/site = -0.01412681488
43.8718% accepted

energy = -2.545081375
energy/site = -0.002892137926
43.8323% accepted

energy = -55.0366572
energy/site = -0.06254165591
43.9483% accepted

energy = -12.94517628
energy/site = -0.01471042759
43.965% accepted

energy = -11.58916384
energy/site = -0.01316950436
43.9923% accepted

energy = -468.5946174
energy/site = -0.5324938835
43.8754% accepted

energy = -30.50175363
energy/site = -0.03466108367
43.794% accepted

energy = -587.0344829
energy/site = -0.6670846397
43.736% accepted

energy = -87.65810553
energy/site = -0.09961148355
43.8084% accepted

energy = -62.77690837
energy/site = -0.07133739587
43.7833% accepted

energy = -394.7311149
energy/site = -0.4485580851
43.9063% accepted

energy = -4.051183772
energy/site = -0.004603617923
43.7364% accepted

energy = -25.84659917
energy/site = -0.02937113542
43.8344% accepted

energy = -17.24719638
energy/site = -0.0195990868
43.9136% accepted

energy = -14.99295577
energy/site = -0.01703744974
43.9315% accepted

energy = -55.58115054
energy/site = -0.06316039834
43.6382% accepted

energy = -88832.07434
energy/site = -100.945539
43.8486% accepted

energy = -23.47675521
energy/site = -0.02667813092
43.8032% accepted

energy = -284.5589409
energy/site = -0.3233624328
43.8628% accepted

energy = -1.978808281
energy/site = -0.002248645773
43.6697% accepted

energy = -68.46803438
energy/site = -0.07780458453
43.8625% accepted

energy = -43.28477725
energy/site = -0.04918724687
43.9724% accepted

energy = -17.33042016
energy/site = -0.01969365927
43.9351% accepted

energy = -24.49294833
energy/site = -0.02783289583
43.9748% accepted

energy = -354.8653287
energy/site = -0.4032560554
43.8357% accepted

energy = -1560.366279
energy/site = -1.773143499
43.8017% accepted

energy = -56987.81508
energy/site = -64.75888077
43.9553% accepted

energy = -3072.678303
energy/site = -3.49167989
44.0152% accepted

energy = -143.7783111
energy/site = -0.1633844444
43.8371% accepted

energy = -758.5340974
energy/site = -0.8619705652
43.9306% accepted

energy = -39.92635149
energy/site = -0.04537085397
43.8622% accepted

energy = -6381.557424
energy/site = -7.2517698
43.8978% accepted

energy = -21.10996589
energy/site = -0.02398859761
43.8956% accepted

energy = -31.9628069
energy/site = -0.03632137148
43.8223% accepted

energy = -2.315978111
energy/site = -0.002631793308
43.8818% accepted

energy = -184.9874355
energy/site = -0.2102129949
43.7941% accepted

energy = -78.54456695
energy/site = -0.08925518972
43.997% accepted

energy = -58.3871245
energy/site = -0.06634900511
43.8776% accepted

energy = -190.8706925
energy/site = -0.2168985142
43.9204% accepted

User defined signal 2

------------------------------------------------------------
Sender: LSF System <lsfadmin@wha673>
Subject: Job 3908579: <./torus11> Exited

Job <./torus11> was submitted from host <wha780> by user <akallin>.
Job was executed on host(s) <wha673>, in queue <serial>, as user <akallin>.
</home/akallin> was used as the home directory.
</work/akallin/TORUS/OBC/11leg/11> was used as the working directory.
Started at Sat Jun 26 17:02:15 2010
Results reported at Sat Jul  3 16:39:44 2010

Your job looked like:

------------------------------------------------------------
# LSBATCH: User input
./torus11
------------------------------------------------------------

TERM_RUNLIMIT: job killed after reaching LSF run time limit.
Exited with exit code 140.

Resource usage summary:

    CPU time   : 414466.00 sec.
    Max Memory :         6 MB
    Max Swap   :       122 MB

    Max Processes  :         4
    Max Threads    :         4

The output (if any) is above this job summary.


weighting by <swap_x> where x = 11
11 x 40 x 1 system
r   = 3  bondops changed per step 
n/N = 80  bond operators / site
its = 1000000  iterations/loop for 100000 loops

energy = -220.261826
energy/site = -0.2502975296
43.8822% accepted

energy = -29.69084724
energy/site = -0.03373959914
43.9104% accepted

energy = -32.28861019
energy/site = -0.03669160248
44.1354% accepted

energy = -40.96134023
energy/site = -0.04654697753
43.9131% accepted

energy = -236.2065458
energy/site = -0.2684165293
43.8436% accepted

energy = -48.373412
energy/site = -0.05496978636
43.7848% accepted

energy = -281.6728368
energy/site = -0.3200827691
43.8241% accepted

energy = -40.44644293
energy/site = -0.04596186697
43.8673% accepted

energy = -319.4370714
energy/site = -0.362996672
43.8325% accepted

energy = -28.5951565
energy/site = -0.03249449602
43.633% accepted

energy = -926.7164198
energy/site = -1.053086841
43.8208% accepted

energy = -232.8503125
energy/site = -0.2646026278
43.825% accepted

energy = -7.094656784
energy/site = -0.008062109982
43.7666% accepted

energy = -16.259742
energy/site = -0.01847697954
43.8015% accepted

energy = -16.66577032
energy/site = -0.01893837536
43.7764% accepted

energy = -94.53917107
energy/site = -0.1074308762
43.923% accepted

energy = -134.3071016
energy/site = -0.1526217063
43.8102% accepted

energy = -56.37542081
energy/site = -0.0640629782
43.8224% accepted

energy = -15.46554266
energy/site = -0.01757448029
43.7737% accepted

energy = -35.77204097
energy/site = -0.04065004655
43.8924% accepted

energy = -102.1952342
energy/site = -0.116130948
43.8928% accepted

energy = -51.26419926
energy/site = -0.05825477189
43.5954% accepted

energy = -60.7593302
energy/site = -0.06904469341
43.7505% accepted

energy = -134.6771847
energy/site = -0.1530422553
43.8724% accepted

energy = -98.54603497
energy/site = -0.1119841307
43.8966% accepted

energy = -110.8224863
energy/site = -0.1259346435
43.8152% accepted

energy = -35.89675632
energy/site = -0.04079176855
43.889% accepted

energy = -60.41984448
energy/site = -0.06865891418
43.8127% accepted

energy = -61.8782659
energy/site = -0.07031621125
43.8955% accepted

energy = -179.0497192
energy/site = -0.20346559
44.0494% accepted

energy = -292.8994921
energy/site = -0.332840332
44.0197% accepted

energy = -2044.62734
energy/site = -2.323440159
43.8737% accepted

energy = -732.2839042
energy/site = -0.8321408003
43.9515% accepted

energy = -187.0285289
energy/site = -0.2125324192
43.7976% accepted

energy = -42.9187213
energy/site = -0.04877127421
43.9123% accepted

energy = -3.258227581
energy/site = -0.003702531342
43.8634% accepted

energy = -14.82342502
energy/site = -0.01684480116
43.7003% accepted

energy = -70.80839304
energy/site = -0.080464083
43.8912% accepted

energy = -895.4054375
energy/site = -1.017506179
43.7793% accepted

energy = -223.7357507
energy/site = -0.2542451713
43.8745% accepted

energy = -47.04585323
energy/site = -0.05346119685
43.9413% accepted

energy = -194.0875872
energy/site = -0.2205540763
43.9722% accepted

energy = -192.8032391
energy/site = -0.2190945898
43.9362% accepted

energy = -840.5834593
energy/site = -0.9552084764
43.8073% accepted

energy = -728.9692001
energy/site = -0.8283740911
43.7684% accepted

energy = -61.57207603
energy/site = -0.06996826822
43.7973% accepted

energy = -7243.069838
energy/site = -8.230761179
43.9386% accepted

energy = -970.2125504
energy/site = -1.102514262
43.7667% accepted

energy = -934.1582052
energy/site = -1.061543415
43.7982% accepted

energy = -590.5324695
energy/site = -0.6710596245
43.9401% accepted

energy = -8.417466178
energy/site = -0.009565302475
43.9394% accepted

energy = -9.779437998
energy/site = -0.01111299773
43.9096% accepted

energy = -2.6847577
energy/site = -0.003050861023
43.7684% accepted

energy = -297.4395901
energy/site = -0.3379995342
43.9893% accepted

energy = -43.03847705
energy/site = -0.04890736028
43.9781% accepted

energy = -27.96994135
energy/site = -0.03178402426
43.7256% accepted

energy = -5.592043439
energy/site = -0.006354594817
43.8691% accepted

energy = -8.484964656
energy/site = -0.009642005291
43.8049% accepted

energy = -4.042552012
energy/site = -0.004593809105
43.7899% accepted

energy = -604.8391229
energy/site = -0.6873171851
43.9454% accepted

energy = -10.4896138
energy/site = -0.01192001568
43.8351% accepted

energy = -895.7197187
energy/site = -1.017863317
43.9233% accepted

energy = -1057.394617
energy/site = -1.201584792
43.9236% accepted

energy = -8.473045527
energy/site = -0.009628460826
43.7201% accepted

energy = -56.35862902
energy/site = -0.06404389662
43.7463% accepted

energy = -39.00520674
energy/site = -0.04432409857
43.7634% accepted

energy = -6.315333628
energy/site = -0.007176515486
43.7326% accepted

energy = -30.43692998
energy/site = -0.03458742043
44.0391% accepted

energy = -12.0864676
energy/site = -0.01373462227
43.8711% accepted

energy = -10.98713036
energy/site = -0.01248537541
43.7992% accepted

energy = -59.37668237
energy/site = -0.0674735027
43.9116% accepted

energy = -1.987208245
energy/site = -0.002258191187
43.9501% accepted

energy = -31.6461288
energy/site = -0.03596151
43.9182% accepted

energy = -22.75984229
energy/site = -0.02586345714
43.8348% accepted

energy = -10.90815971
energy/site = -0.01239563603
43.8396% accepted

energy = -681.9694955
energy/site = -0.7749653358
44.0132% accepted

energy = -156.3094829
energy/site = -0.1776244124
43.8155% accepted

energy = -12.87271739
energy/site = -0.01462808795
43.8548% accepted

energy = -18.22089975
energy/site = -0.02070556789
43.7816% accepted

energy = -390.064727
energy/site = -0.4432553716
43.7278% accepted

energy = -65.6159934
energy/site = -0.07456362886
43.8788% accepted

energy = -1053.194314
energy/site = -1.196811721
43.9772% accepted

energy = -1359.294922
energy/site = -1.544653321
43.8886% accepted

energy = -147.9571199
energy/site = -0.1681330908
43.9179% accepted

energy = -414.3804223
energy/site = -0.4708868436
43.9028% accepted

energy = -21.25107847
energy/site = -0.0241489528
43.941% accepted

energy = -232.0565557
energy/site = -0.2637006315
43.8749% accepted

energy = -58.3102753
energy/site = -0.06626167647
43.8006% accepted

energy = -23.15510268
energy/site = -0.02631261668
43.7254% accepted

energy = -9.303748082
energy/site = -0.010572441
43.8302% accepted

energy = -308.4611921
energy/site = -0.3505240819
43.9012% accepted

energy = -29837.09531
energy/site = -33.90579012
43.7984% accepted

energy = -346.6286454
energy/site = -0.3938961879
43.8382% accepted

energy = -8.292988471
energy/site = -0.009423850535
43.8184% accepted

energy = -211.1615979
energy/site = -0.2399563613
43.9073% accepted

energy = -80.73213866
energy/site = -0.09174106666
43.8238% accepted

energy = -4853.259681
energy/site = -5.515067819
43.8918% accepted

energy = -46.52101239
energy/site = -0.05286478681
43.6888% accepted

energy = -91.55325259
energy/site = -0.104037787
43.8586% accepted

energy = -168.2808875
energy/site = -0.1912282813
43.9593% accepted

energy = -3603.660441
energy/site = -4.095068683
43.8305% accepted

energy = -137.4900097
energy/site = -0.1562386473
43.9687% accepted

energy = -10.92256108
energy/site = -0.01241200123
43.844% accepted

energy = -64.65121206
energy/site = -0.07346728643
43.9413% accepted

energy = -4.432516428
energy/site = -0.005036950486
43.7464% accepted

energy = -326.5067429
energy/site = -0.3710303896
43.8697% accepted

energy = -16.84518264
energy/site = -0.019142253
43.9008% accepted

energy = -5.053281346
energy/site = -0.005742365166
43.9092% accepted

energy = -11.45360021
energy/site = -0.01301545478
43.8354% accepted

energy = -1695.904404
energy/site = -1.927164095
43.9076% accepted

energy = -28.52557692
energy/site = -0.03241542832
43.8267% accepted

energy = -25.21893074
energy/site = -0.02865787584
43.8383% accepted

energy = -7250.653326
energy/site = -8.239378779
43.8672% accepted

energy = -101.7619611
energy/site = -0.1156385921
43.8602% accepted

energy = -72.33164638
energy/site = -0.0821950527
44.006% accepted

energy = -456.1857945
energy/site = -0.5183929483
43.8726% accepted

energy = -32.92001962
energy/site = -0.03740911321
43.8698% accepted

energy = -178.2583069
energy/site = -0.2025662578
43.8779% accepted

energy = -16.53717084
energy/site = -0.01879223959
43.9249% accepted

energy = -729.085771
energy/site = -0.8285065579
43.8796% accepted

energy = -64.33942416
energy/site = -0.073112982
43.7577% accepted

energy = -304.2481133
energy/site = -0.3457364924
43.8881% accepted

energy = -68.21270471
energy/site = -0.07751443717
43.8385% accepted

energy = -136.8869617
energy/site = -0.1555533656
43.8789% accepted

energy = -1007.362271
energy/site = -1.144729853
43.8768% accepted

energy = -24.87637123
energy/site = -0.02826860367
43.9644% accepted

energy = -81.00862023
energy/site = -0.09205525026
43.7882% accepted

energy = -86.38058235
energy/site = -0.09815975267
43.8421% accepted

energy = -58.78753853
energy/site = -0.06680402106
43.9179% accepted

energy = -1182.186163
energy/site = -1.343393367
43.8356% accepted

energy = -881.0832729
energy/site = -1.001230992
43.7426% accepted

energy = -32.33908524
energy/site = -0.03674896049
43.7776% accepted

energy = -223.6679772
energy/site = -0.2541681559
43.7211% accepted

energy = -195.3989605
energy/site = -0.2220442732
43.9821% accepted

energy = -56.4005751
energy/site = -0.06409156261
43.9226% accepted

energy = -836.2795478
energy/site = -0.950317668
43.8852% accepted

energy = -251.4472273
energy/site = -0.2857354855
43.9685% accepted

energy = -143.8229473
energy/site = -0.1634351673
43.7889% accepted

energy = -14.55168676
energy/site = -0.01653600768
43.8828% accepted

energy = -11.04824644
energy/site = -0.0125548255
43.8204% accepted

energy = -143.5412523
energy/site = -0.1631150595
43.7609% accepted

energy = -2.379971035
energy/site = -0.00270451254
43.8376% accepted

energy = -3408.511978
energy/site = -3.873309066
43.8834% accepted

energy = -11.74947523
energy/site = -0.0133516764
43.9279% accepted

energy = -11.28551363
energy/site = -0.01282444731
43.8639% accepted

energy = -115.856636
energy/site = -0.1316552681
43.802% accepted

energy = -135.2629676
energy/site = -0.1537079177
43.7914% accepted

energy = -2.807903446
energy/site = -0.00319079937
43.8995% accepted

energy = -24.61496315
energy/site = -0.02797154903
44.0095% accepted

energy = -622.668151
energy/site = -0.7075774443
43.7944% accepted

energy = -245.4076966
energy/site = -0.2788723825
43.8177% accepted

energy = -272.6698793
energy/site = -0.3098521356
43.839% accepted

energy = -4.686047862
energy/site = -0.005325054388
43.8906% accepted

energy = -1.173479374
energy/site = -0.001333499289
43.8189% accepted

energy = -438.8041264
energy/site = -0.4986410527
43.9335% accepted

energy = -152.5677027
energy/site = -0.1733723894
43.8041% accepted

energy = -30.05230259
energy/site = -0.03415034385
43.8738% accepted

energy = -17.5383829
energy/site = -0.01992998056
43.7848% accepted

energy = -36.44200643
energy/site = -0.04141137095
43.8984% accepted

energy = -419.3063463
energy/site = -0.4764844844
44.003% accepted

energy = -18.34734844
energy/site = -0.02084925959
43.9904% accepted

energy = -351.2577748
energy/site = -0.3991565622
43.9492% accepted

energy = -146.7871083
energy/site = -0.1668035321
43.797% accepted

energy = -1063.495319
energy/site = -1.208517408
43.8889% accepted

energy = -0.3895775356
energy/site = -0.000442701745
43.945% accepted

energy = -273.6613904
energy/site = -0.3109788527
43.8044% accepted

energy = -32.96830418
energy/site = -0.03746398203
43.9916% accepted

energy = -26752.42045
energy/site = -30.40047778
43.8215% accepted

energy = -180.9827034
energy/site = -0.2056621629
43.8969% accepted

energy = -386.8953331
energy/site = -0.4396537876
43.7427% accepted

energy = -4.116153628
energy/site = -0.004677447305
43.8906% accepted

energy = -5875.262187
energy/site = -6.676434304
44.0177% accepted

energy = -329.2971419
energy/site = -0.3742012976
43.7802% accepted

energy = -5.627500929
energy/site = -0.006394887419
43.8296% accepted

energy = -1148.62697
energy/site = -1.30525792
43.8633% accepted

energy = -149.8042185
energy/site = -0.1702320665
43.8661% accepted

energy = -6.523042412
energy/site = -0.007412548196
43.7096% accepted

energy = -7.930646604
energy/site = -0.009012098413
43.9095% accepted

energy = -35.88624694
energy/site = -0.04077982607
43.9287% accepted

energy = -204.5354462
energy/site = -0.2324266435
43.9583% accepted

energy = -14.68173397
energy/site = -0.0166837886
43.9073% accepted

energy = -55.10518239
energy/site = -0.06261952544
43.9478% accepted

energy = -299.8019859
energy/site = -0.3406840749
43.9039% accepted

energy = -91.04684327
energy/site = -0.1034623219
43.8535% accepted

energy = -174.852659
energy/site = -0.1986962034
44.0483% accepted

energy = -30.89233986
energy/site = -0.03510493166
43.7112% accepted

energy = -48.40118276
energy/site = -0.05500134404
44.0793% accepted

User defined signal 2

------------------------------------------------------------
Sender: LSF System <lsfadmin@wha247>
Subject: Job 5120778: <./torus11> Exited

Job <./torus11> was submitted from host <wha780> by user <akallin>.
Job was executed on host(s) <wha247>, in queue <serial>, as user <akallin>.
</home/akallin> was used as the home directory.
</work/akallin/TORUS/OBC/11leg/11> was used as the working directory.
Started at Wed Jul 21 18:01:18 2010
Results reported at Wed Jul 28 18:27:55 2010

Your job looked like:

------------------------------------------------------------
# LSBATCH: User input
./torus11
------------------------------------------------------------

TERM_RUNLIMIT: job killed after reaching LSF run time limit.
Exited with exit code 140.

Resource usage summary:

    CPU time   : 352502.00 sec.
    Max Memory :         6 MB
    Max Swap   :       122 MB

    Max Processes  :         4
    Max Threads    :         4

The output (if any) is above this job summary.


weighting by <swap_x> where x = 11
11 x 40 x 1 system
r   = 3  bondops changed per step 
n/N = 80  bond operators / site
its = 1000000  iterations/loop for 100000 loops

energy = -147.0521345
energy/site = -0.1671046983
43.8713% accepted

energy = -2370.6335
energy/site = -2.693901704
43.7059% accepted

energy = -40.26500693
energy/site = -0.04575568969
44.0512% accepted

energy = -434.2093523
energy/site = -0.4934197185
43.8171% accepted

energy = -13.22841195
energy/site = -0.01503228631
43.846% accepted

energy = -2.54954838
energy/site = -0.002897214068
43.7368% accepted

energy = -42.18881538
energy/site = -0.04794183566
43.9359% accepted

energy = -133.4487938
energy/site = -0.1516463566
43.8988% accepted

energy = -797.3115904
energy/site = -0.9060358982
43.8802% accepted

energy = -431.6979718
energy/site = -0.4905658771
43.6935% accepted

energy = -163.2298806
energy/site = -0.1854885007
43.8577% accepted

energy = -8.851598316
energy/site = -0.01005863445
43.9222% accepted

energy = -296.8593044
energy/site = -0.3373401186
43.7506% accepted

energy = -4092.76962
energy/site = -4.650874568
43.8733% accepted

energy = -20.53099251
energy/site = -0.02333067331
43.8423% accepted

energy = -951.6788359
energy/site = -1.081453223
43.9724% accepted

energy = -126.1828718
energy/site = -0.143389627
43.8949% accepted

energy = -48.20249612
energy/site = -0.05477556377
43.8928% accepted

energy = -13.31576436
energy/site = -0.01513155041
43.8919% accepted

energy = -2.569697219
energy/site = -0.002920110477
43.8541% accepted

energy = -11.50879325
energy/site = -0.01307817415
43.8763% accepted

energy = -2.94046801
energy/site = -0.00334144092
43.7499% accepted

energy = -1126.737389
energy/site = -1.280383397
43.7623% accepted

energy = -165.7215216
energy/site = -0.1883199109
43.8675% accepted

energy = -201.8162116
energy/site = -0.2293366041
43.9089% accepted

energy = -12340.27128
energy/site = -14.02303554
43.835% accepted

energy = -7.274503593
energy/site = -0.008266481355
43.9077% accepted

energy = -53.80020195
energy/site = -0.06113659312
43.8471% accepted

energy = -33.57161817
energy/site = -0.0381495661
43.9025% accepted

energy = -120.5207702
energy/site = -0.1369554207
43.8236% accepted

energy = -31.2654582
energy/site = -0.03552892977
43.9818% accepted

energy = -10.08759265
energy/site = -0.01146317346
43.8567% accepted

energy = -637.4613563
energy/site = -0.7243879048
43.8527% accepted

energy = -152.9109821
energy/site = -0.1737624797
43.8643% accepted

energy = -7286.790764
energy/site = -8.28044405
44.0497% accepted

energy = -6.982348462
energy/site = -0.007934486889
43.9708% accepted

energy = -11.61831299
energy/site = -0.0132026284
43.843% accepted

energy = -350.9629418
energy/site = -0.3988215248
43.9189% accepted

energy = -28.40452796
energy/site = -0.03227787268
43.89% accepted

energy = -241.1975253
energy/site = -0.2740880969
43.903% accepted

energy = -16.8965976
energy/site = -0.01920067909
43.9951% accepted

energy = -3249.149055
energy/site = -3.692214835
43.8575% accepted

energy = -11.13104924
energy/site = -0.01264891959
43.841% accepted

energy = -73.97206972
energy/site = -0.08405917013
43.7515% accepted

energy = -15.76457938
energy/site = -0.01791429475
43.957% accepted

energy = -202.2889205
energy/site = -0.2298737733
43.7418% accepted

energy = -77.26958712
energy/site = -0.087806349
43.8144% accepted

energy = -131.4330764
energy/site = -0.1493557686
43.7148% accepted

energy = -79.83374488
energy/site = -0.09072016464
43.99% accepted

energy = -774.1500686
energy/site = -0.879715987
43.8207% accepted

energy = -2708.143129
energy/site = -3.077435374
43.8484% accepted

energy = -639.9390892
energy/site = -0.7272035104
43.8625% accepted

energy = -52.77594688
energy/site = -0.05997266691
43.8761% accepted

energy = -498.6334531
energy/site = -0.566628924
43.8705% accepted

energy = -165.4577805
energy/site = -0.1880202051
43.8576% accepted

energy = -364.3678405
energy/site = -0.4140543643
43.7719% accepted

energy = -323.4393757
energy/site = -0.3675447451
43.8094% accepted

energy = -24.93170509
energy/site = -0.02833148306
43.7817% accepted

energy = -52.20860958
energy/site = -0.05932796543
43.8457% accepted

energy = -229.8018433
energy/site = -0.2611384583
43.8988% accepted

energy = -419.8180203
energy/site = -0.4770659321
43.9001% accepted

energy = -447.6533153
energy/site = -0.5086969492
43.8175% accepted

energy = -2233.514052
energy/site = -2.53808415
43.9638% accepted

energy = -5.689352046
energy/site = -0.00646517278
43.9343% accepted

energy = -107.9160189
energy/site = -0.1226318397
43.8718% accepted

energy = -172.432965
energy/site = -0.1959465511
43.8167% accepted

energy = -126.7946942
energy/site = -0.1440848798
43.8117% accepted

energy = -10.43741796
energy/site = -0.01186070223
43.9151% accepted

energy = -568.0110042
energy/site = -0.6454670502
43.9157% accepted

energy = -37.4194145
energy/site = -0.04252206194
43.8257% accepted

energy = -61.31937529
energy/site = -0.06968110828
43.9144% accepted

energy = -1.335627232
energy/site = -0.001517758218
43.8417% accepted

energy = -27.41877613
energy/site = -0.03115770015
43.9642% accepted

energy = -209.3538989
energy/site = -0.2379021578
43.8082% accepted

energy = -15.90691142
energy/site = -0.01807603571
43.6564% accepted

energy = -15.21407936
energy/site = -0.01728872655
43.8402% accepted

energy = -47.1764106
energy/site = -0.0536095575
43.8064% accepted

energy = -654.2959884
energy/site = -0.7435181686
43.8663% accepted

energy = -14.44559135
energy/site = -0.01641544472
43.8455% accepted

energy = -67.69772566
energy/site = -0.07692923371
44.0217% accepted

energy = -5.905575975
energy/site = -0.006710881789
43.7057% accepted

energy = -40.20391812
energy/site = -0.04568627059
43.845% accepted

energy = -65.1864477
energy/site = -0.07407550875
43.8578% accepted

energy = -30.99927598
energy/site = -0.03522644998
43.9116% accepted

energy = -154.5311904
energy/site = -0.1756036255
43.8538% accepted

energy = -31.97301195
energy/site = -0.03633296813
43.8587% accepted

energy = -132.3697519
energy/site = -0.1504201726
43.8609% accepted

energy = -91.53827437
energy/site = -0.1040207663
43.8577% accepted

energy = -299.2150575
energy/site = -0.3400171108
43.6736% accepted

energy = -102.2562972
energy/site = -0.1162003377
43.8121% accepted

energy = -124.3648721
energy/site = -0.1413237183
43.8528% accepted

energy = -11.86008702
energy/site = -0.01347737161
43.8084% accepted

energy = -299.6960316
energy/site = -0.3405636723
43.7527% accepted

energy = -335.8269607
energy/site = -0.3816215462
43.9456% accepted

energy = -170.565313
energy/site = -0.1938242194
43.9061% accepted

energy = -362.4263717
energy/site = -0.4118481497
43.8537% accepted

energy = -107.1378893
energy/site = -0.1217476015
43.7263% accepted

energy = -113.6545236
energy/site = -0.1291528677
43.6524% accepted

energy = -1222.723895
energy/site = -1.389458972
43.9683% accepted

energy = -18.16331584
energy/site = -0.02064013164
43.8641% accepted

energy = -925.275518
energy/site = -1.051449452
43.9032% accepted

energy = -66779.50076
energy/site = -75.88579632
43.9332% accepted

energy = -7.789672118
energy/site = -0.008851900134
43.8612% accepted

energy = -25.89097177
energy/site = -0.02942155883
43.7756% accepted

energy = -34.21088864
energy/site = -0.03887600982
43.8142% accepted

energy = -14.80232231
energy/site = -0.01682082081
43.8971% accepted

energy = -173.8353887
energy/site = -0.1975402145
43.8676% accepted

energy = -835.2947409
energy/site = -0.9491985692
43.7796% accepted

energy = -7224.823453
energy/site = -8.210026651
43.9542% accepted

energy = -135.2996291
energy/site = -0.1537495785
43.9247% accepted

energy = -131.0859787
energy/site = -0.1489613394
43.89% accepted

energy = -482.9605691
energy/site = -0.5488188285
43.8893% accepted

energy = -114.8666333
energy/site = -0.1305302651
43.7707% accepted

energy = -53.69577679
energy/site = -0.06101792818
43.9392% accepted

energy = -15.91062735
energy/site = -0.01808025835
43.9065% accepted

energy = -70.94252177
energy/site = -0.08061650202
43.8312% accepted

energy = -355.5227619
energy/site = -0.4040031386
43.8873% accepted

energy = -931.0953934
energy/site = -1.058062947
43.9086% accepted

energy = -15.39090111
energy/site = -0.01748966035
43.6921% accepted

energy = -281.5134747
energy/site = -0.3199016758
43.7752% accepted

energy = -48.16069013
energy/site = -0.05472805697
43.871% accepted

energy = -196.549417
energy/site = -0.2233516102
43.88% accepted

energy = -300.2324923
energy/site = -0.3411732867
43.9758% accepted

energy = -884.4881442
energy/site = -1.005100164
43.8205% accepted

energy = -39.62952225
energy/site = -0.04503354801
43.9181% accepted

energy = -24.36497035
energy/site = -0.02768746631
43.8966% accepted

energy = -3258.083927
energy/site = -3.702368098
43.8401% accepted

energy = -419.3970716
energy/site = -0.4765875813
43.9259% accepted

energy = -105.0655423
energy/site = -0.1193926617
44.0573% accepted

energy = -53.1673152
energy/site = -0.06041740363
43.6551% accepted

energy = -42.76742138
energy/site = -0.04859934248
43.7915% accepted

energy = -247.02174
energy/site = -0.2807065227
43.7504% accepted

energy = -2699.199026
energy/site = -3.067271621
43.5973% accepted

energy = -27.35701541
energy/site = -0.03108751751
43.8302% accepted

energy = -424.1209973
energy/site = -0.4819556787
43.8662% accepted

energy = -536.8252901
energy/site = -0.6100287388
43.8748% accepted

energy = -156.4759805
energy/site = -0.1778136143
43.8132% accepted

energy = -41.09408663
energy/site = -0.04669782572
43.8299% accepted

energy = -26.3258446
energy/site = -0.0299157325
43.844% accepted

energy = -26.08065622
energy/site = -0.02963710934
43.9119% accepted

energy = -599.3177408
energy/site = -0.6810428873
43.9157% accepted

energy = -31.25689318
energy/site = -0.0355191968
43.7323% accepted

energy = -82.89543844
energy/site = -0.09419936186
43.8642% accepted

energy = -107.3289719
energy/site = -0.1219647408
43.9808% accepted

energy = -762.0188586
energy/site = -0.8659305212
43.8369% accepted

energy = -401.4433769
energy/site = -0.4561856556
43.8754% accepted

energy = -268.9705964
energy/site = -0.3056484051
43.8552% accepted

energy = -427.3108637
energy/site = -0.4855805269
43.8553% accepted

energy = -40.4443756
energy/site = -0.04595951773
43.9395% accepted

energy = -23506.10133
energy/site = -26.71147879
43.8331% accepted

energy = -27.51929196
energy/site = -0.03127192268
43.8511% accepted

energy = -202.2146217
energy/site = -0.2297893428
43.8317% accepted

energy = -22100.50551
energy/site = -25.1142108
43.886% accepted

energy = -145.1859307
energy/site = -0.1649840121
43.7613% accepted

energy = -63.64837278
energy/site = -0.07232769634
43.9065% accepted

energy = -34.28784731
energy/site = -0.03896346285
43.7297% accepted

energy = -5.177061096
energy/site = -0.005883023972
43.9017% accepted

energy = -181.6935136
energy/site = -0.2064699018
43.9762% accepted

energy = -765.1835277
energy/site = -0.869526736
43.8617% accepted

energy = -13.85844524
energy/site = -0.01574823323
43.8771% accepted

energy = -14.26820981
energy/site = -0.01621387478
44.1174% accepted

energy = -3.320987787
energy/site = -0.003773849758
43.9436% accepted

energy = -277.5462562
energy/site = -0.3153934729
43.7274% accepted

energy = -530.7824562
energy/site = -0.6031618821
43.8499% accepted

energy = -177.3194594
energy/site = -0.2014993857
43.8491% accepted

energy = -25.41028797
energy/site = -0.02887532724
43.9053% accepted

energy = -35.44176484
energy/site = -0.04027473277
43.9986% accepted

energy = -1183.270814
energy/site = -1.344625925
43.8913% accepted

energy = -19.68195807
energy/site = -0.02236586145
43.8824% accepted

energy = -96.57016578
energy/site = -0.1097388248
43.7667% accepted

energy = -13.81559889
energy/site = -0.01569954419
43.8386% accepted

energy = -666.1169746
energy/site = -0.7569511075
43.8125% accepted

energy = -76.21127511
energy/site = -0.08660372171
43.8339% accepted

energy = -10.1293345
energy/site = -0.01151060739
43.8334% accepted

energy = -40.42530164
energy/site = -0.04593784278
43.843% accepted

energy = -38.1088739
energy/site = -0.04330553852
43.8325% accepted

energy = -67.29969693
energy/site = -0.07647692833
43.8428% accepted

energy = -22.08103774
energy/site = -0.02509208835
43.8263% accepted

energy = -11.77259577
energy/site = -0.01337794974
43.8837% accepted

energy = -48.19659366
energy/site = -0.05476885644
43.8042% accepted

energy = -548.2145867
energy/site = -0.6229711213
43.8156% accepted

energy = -58.53876528
energy/site = -0.06652132418
43.875% accepted

energy = -167.0599637
energy/site = -0.1898408679
44.0071% accepted

energy = -25.80204266
energy/site = -0.02932050302
43.928% accepted

energy = -1484.705831
energy/site = -1.687165717
44.0523% accepted

energy = -15.59641311
energy/site = -0.01772319672
43.8016% accepted

energy = -9.654311778
energy/site = -0.01097080884
44.0095% accepted

energy = -854.2837617
energy/site = -0.970777002
43.7233% accepted

energy = -4659.445958
energy/site = -5.294824952
43.9134% accepted

energy = -76.79915546
energy/site = -0.08727176757
43.8257% accepted

energy = -21.85429058
energy/site = -0.02483442111
43.7282% accepted

energy = -26.77057538
energy/site = -0.03042110838
43.9146% accepted

energy = -647.711763
energy/site = -0.7360360943
43.8992% accepted

energy = -3423.943615
energy/site = -3.890845017
43.6772% accepted

energy = -255.6817068
energy/site = -0.2905473941
43.9718% accepted

energy = -440.2323222
energy/site = -0.5002640025
43.756% accepted

energy = -23.38022723
energy/site = -0.02656844003
44.0293% accepted

energy = -48.52545634
energy/site = -0.05514256402
43.9214% accepted

energy = -2364.134974
energy/site = -2.686517015
43.8154% accepted

energy = -3.766082483
energy/site = -0.004279639185
43.894% accepted

energy = -59.9863749
energy/site = -0.06816633512
43.9499% accepted

energy = -46.60093624
energy/site = -0.05295560936
43.8024% accepted

energy = -21636.18753
energy/site = -24.58657674
43.8637% accepted

energy = -48.17804093
energy/site = -0.05474777378
43.9804% accepted

energy = -643.8575744
energy/site = -0.7316563345
43.8667% accepted

energy = -27.51407707
energy/site = -0.03126599667
43.9491% accepted

energy = -9.417752115
energy/site = -0.01070199104
43.9212% accepted

energy = -49.45359569
energy/site = -0.05619726783
43.9174% accepted

energy = -501.2069401
energy/site = -0.5695533411
43.8698% accepted

energy = -27.51901809
energy/site = -0.03127161147
43.9789% accepted

energy = -58.48351398
energy/site = -0.06645853861
43.8988% accepted

energy = -127.9694316
energy/site = -0.1454198086
43.857% accepted

User defined signal 2

------------------------------------------------------------
Sender: LSF System <lsfadmin@wha726>
Subject: Job 5493601: <./torus11> Exited

Job <./torus11> was submitted from host <wha781> by user <akallin>.
Job was executed on host(s) <wha726>, in queue <serial>, as user <akallin>.
</home/akallin> was used as the home directory.
</work/akallin/TORUS/OBC/11leg/11> was used as the working directory.
Started at Wed Aug 11 14:43:24 2010
Results reported at Wed Aug 18 15:01:50 2010

Your job looked like:

------------------------------------------------------------
# LSBATCH: User input
./torus11
------------------------------------------------------------

TERM_RUNLIMIT: job killed after reaching LSF run time limit.
Exited with exit code 140.

Resource usage summary:

    CPU time   : 395947.00 sec.
    Max Memory :         6 MB
    Max Swap   :       122 MB

    Max Processes  :         4
    Max Threads    :         4

The output (if any) is above this job summary.


weighting by <swap_x> where x = 11
11 x 40 x 1 system
r   = 3  bondops changed per step 
n/N = 80  bond operators / site
its = 1000000  iterations/loop for 100000 loops

