
weighting by <swap_x> where x = 3
6 x 24 x 1 system
r   = 3  bondops changed per step 
n/N = 80  bond operators / site
its = 1000000  iterations/loop for 10000 loops

energy = -981.3971596
energy/site = -3.407629026
44.1307% accepted

energy = -734.6470343
energy/site = -2.550857758
43.8341% accepted

energy = -349.5426095
energy/site = -1.213689616
43.8299% accepted

energy = -513.8896779
energy/site = -1.784339159
43.8639% accepted

energy = -1736.280271
energy/site = -6.028750942
43.8335% accepted

energy = -708.7655442
energy/site = -2.460991473
43.7543% accepted

energy = -501.825864
energy/site = -1.742450917
43.9575% accepted

energy = -687.5413312
energy/site = -2.387296289
43.8331% accepted

energy = -526.8007526
energy/site = -1.82916928
43.7016% accepted

energy = -430.9708236
energy/site = -1.496426471
43.8393% accepted

energy = -869.465559
energy/site = -3.018977636
43.7823% accepted

energy = -1118.950294
energy/site = -3.885244077
43.7682% accepted

energy = -562.9616406
energy/site = -1.954727919
43.7998% accepted

energy = -746.1073939
energy/site = -2.590650673
43.6194% accepted

energy = -603.4786707
energy/site = -2.095412051
43.8719% accepted

energy = -807.9376215
energy/site = -2.805338964
43.6765% accepted

energy = -963.9232625
energy/site = -3.346955772
43.8057% accepted

energy = -625.9306561
energy/site = -2.173370334
43.8168% accepted

energy = -727.1865904
energy/site = -2.524953439
43.8056% accepted

energy = -530.2611778
energy/site = -1.841184645
43.8623% accepted

energy = -463.4819864
energy/site = -1.609312453
43.8789% accepted

energy = -449.9213921
energy/site = -1.562227056
43.7133% accepted

energy = -623.0996228
energy/site = -2.163540357
43.9095% accepted

energy = -714.7928733
energy/site = -2.481919699
43.7182% accepted

energy = -389.748478
energy/site = -1.353293326
43.7534% accepted

energy = -220.9004119
energy/site = -0.7670153189
43.7029% accepted

energy = -748.8157093
energy/site = -2.600054546
43.6751% accepted

energy = -694.8188163
energy/site = -2.412565335
43.8027% accepted

energy = -682.2579682
energy/site = -2.368951279
43.7419% accepted

energy = -510.9204555
energy/site = -1.774029359
43.6708% accepted

energy = -494.79319
energy/site = -1.71803191
43.5889% accepted

energy = -502.8417505
energy/site = -1.7459783
43.5728% accepted

energy = -990.0567892
energy/site = -3.437697185
43.7109% accepted

energy = -277.5542153
energy/site = -0.9637299144
43.5618% accepted

energy = -706.3563405
energy/site = -2.452626182
43.8061% accepted

energy = -338.772686
energy/site = -1.176294049
43.9325% accepted

energy = -692.6727143
energy/site = -2.405113591
43.6828% accepted

energy = -669.1372734
energy/site = -2.32339331
43.667% accepted

energy = -530.9417921
energy/site = -1.843547889
43.7119% accepted

energy = -593.4429184
energy/site = -2.060565689
43.8564% accepted

energy = -703.6158579
energy/site = -2.443110618
43.8282% accepted

energy = -412.657219
energy/site = -1.432837566
43.9116% accepted

energy = -844.2673403
energy/site = -2.93148382
43.6388% accepted

energy = -842.7873053
energy/site = -2.92634481
43.652% accepted

energy = -439.3118075
energy/site = -1.525388221
43.7042% accepted

energy = -761.936702
energy/site = -2.645613549
43.855% accepted

energy = -585.3538644
energy/site = -2.032478696
43.8269% accepted

energy = -472.7596086
energy/site = -1.641526419
43.591% accepted

energy = -644.8806803
energy/site = -2.239169029
43.862% accepted

energy = -525.5451522
energy/site = -1.824809556
43.7889% accepted

energy = -251.8700189
energy/site = -0.8745486769
43.6158% accepted

energy = -1098.218507
energy/site = -3.813258703
43.7013% accepted

energy = -393.3422323
energy/site = -1.36577164
43.79% accepted

energy = -1169.745405
energy/site = -4.06161599
43.885% accepted

energy = -380.7170314
energy/site = -1.321934137
43.9214% accepted

energy = -531.2447104
energy/site = -1.844599689
43.7165% accepted

energy = -575.4587909
energy/site = -1.998120802
43.6458% accepted

energy = -611.6106114
energy/site = -2.123647956
43.7753% accepted

energy = -429.080399
energy/site = -1.489862497
43.6258% accepted

energy = -451.1806136
energy/site = -1.566599353
43.6283% accepted

energy = -273.7669627
energy/site = -0.9505797316
43.7968% accepted

energy = -1679.071675
energy/site = -5.830109984
43.8346% accepted

energy = -1256.228601
energy/site = -4.361904863
43.7666% accepted

energy = -530.5504917
energy/site = -1.842189207
43.8784% accepted

energy = -767.6240817
energy/site = -2.665361395
43.7498% accepted

energy = -384.9010729
energy/site = -1.336462059
43.794% accepted

energy = -487.1838633
energy/site = -1.691610636
43.7522% accepted

energy = -745.4228803
energy/site = -2.58827389
43.8978% accepted

energy = -623.1752209
energy/site = -2.16380285
43.8228% accepted

energy = -513.3357269
energy/site = -1.782415718
43.8051% accepted

energy = -416.5047941
energy/site = -1.446197202
43.7824% accepted

energy = -1037.377106
energy/site = -3.60200384
43.8043% accepted

energy = -495.1719263
energy/site = -1.719346966
43.8412% accepted

energy = -392.6646721
energy/site = -1.363419
43.748% accepted

energy = -645.4954956
energy/site = -2.241303804
43.6629% accepted

energy = -404.2998263
energy/site = -1.403818841
43.7094% accepted

energy = -502.5756696
energy/site = -1.745054408
43.6433% accepted

energy = -648.060635
energy/site = -2.250210538
43.806% accepted

energy = -858.2675604
energy/site = -2.980095696
43.7409% accepted

energy = -779.4289329
energy/site = -2.706350462
43.5686% accepted

energy = -426.5514572
energy/site = -1.481081449
43.9252% accepted

energy = -578.0421757
energy/site = -2.007090888
43.8637% accepted

energy = -465.7213333
energy/site = -1.617087963
43.8246% accepted

energy = -595.0999127
energy/site = -2.066319141
43.7043% accepted

energy = -602.0614045
energy/site = -2.090490988
43.8712% accepted

energy = -992.8676868
energy/site = -3.447457246
43.7232% accepted

energy = -547.8947204
energy/site = -1.902412224
43.6279% accepted

energy = -451.0631523
energy/site = -1.566191501
43.9325% accepted

energy = -552.0825583
energy/site = -1.916953328
43.7674% accepted

energy = -1179.576065
energy/site = -4.095750225
43.8437% accepted

energy = -2052.633217
energy/site = -7.127198669
43.6934% accepted

energy = -1203.518215
energy/site = -4.17888269
43.9937% accepted

energy = -595.9329587
energy/site = -2.069211662
43.866% accepted

energy = -606.3423961
energy/site = -2.105355542
43.6845% accepted

energy = -382.1657293
energy/site = -1.326964338
43.6846% accepted

energy = -883.8636779
energy/site = -3.068971104
43.8882% accepted

energy = -748.4055169
energy/site = -2.598630267
43.8639% accepted

energy = -539.5125359
energy/site = -1.873307416
43.7965% accepted

energy = -786.1854878
energy/site = -2.729810721
43.8089% accepted

energy = -677.5241936
energy/site = -2.352514561
43.6192% accepted

energy = -878.7290633
energy/site = -3.051142581
43.7153% accepted

energy = -613.1986302
energy/site = -2.129161911
43.7739% accepted

energy = -397.5789321
energy/site = -1.380482403
43.8121% accepted

energy = -387.2563877
energy/site = -1.344640235
43.8177% accepted

energy = -528.7278992
energy/site = -1.835860761
43.8933% accepted

energy = -660.185758
energy/site = -2.29231166
43.8361% accepted

energy = -506.4035669
energy/site = -1.758345719
43.6053% accepted

energy = -1180.718683
energy/site = -4.09971765
43.882% accepted

energy = -291.4290974
energy/site = -1.011906588
43.6147% accepted

energy = -1082.4668
energy/site = -3.758565277
43.6771% accepted

energy = -914.5433535
energy/site = -3.175497755
43.9811% accepted

energy = -415.1078505
energy/site = -1.441346703
43.8203% accepted

energy = -599.8799166
energy/site = -2.082916377
43.7907% accepted

energy = -729.8406731
energy/site = -2.534169004
43.7357% accepted

energy = -403.0800737
energy/site = -1.399583589
43.7689% accepted

energy = -921.5476561
energy/site = -3.19981825
43.8356% accepted

energy = -836.525446
energy/site = -2.904602243
43.7535% accepted

energy = -755.8544728
energy/site = -2.624494697
43.835% accepted

energy = -455.2938131
energy/site = -1.580881296
43.7166% accepted

energy = -420.0999016
energy/site = -1.458680214
43.9622% accepted

energy = -895.3548673
energy/site = -3.108871067
43.8555% accepted

energy = -369.1259644
energy/site = -1.281687376
43.825% accepted

energy = -691.1926186
energy/site = -2.39997437
43.829% accepted

energy = -342.6133153
energy/site = -1.189629567
43.6659% accepted

energy = -395.7206362
energy/site = -1.374029987
43.7278% accepted

energy = -619.2573169
energy/site = -2.150199017
43.6715% accepted

energy = -910.2966317
energy/site = -3.160752193
43.8364% accepted

energy = -601.1203882
energy/site = -2.08722357
43.8288% accepted

energy = -530.2242639
energy/site = -1.841056472
43.8728% accepted

energy = -1308.859251
energy/site = -4.544650179
43.8223% accepted

energy = -621.3075993
energy/site = -2.157318053
43.7075% accepted

energy = -933.2939872
energy/site = -3.240604122
43.8106% accepted

energy = -310.8764157
energy/site = -1.079431999
43.8742% accepted

energy = -332.4154334
energy/site = -1.154220255
43.7193% accepted

energy = -778.4193998
energy/site = -2.702845138
43.6764% accepted

energy = -512.5314987
energy/site = -1.779623259
43.7365% accepted

energy = -414.8629058
energy/site = -1.440496201
43.9869% accepted

energy = -851.6771309
energy/site = -2.95721226
43.8691% accepted

energy = -677.1313132
energy/site = -2.351150393
43.8221% accepted

energy = -297.5615231
energy/site = -1.033199733
43.7278% accepted

energy = -343.9946623
energy/site = -1.194425911
43.7439% accepted

energy = -805.4838006
energy/site = -2.796818752
43.8456% accepted

energy = -840.0609177
energy/site = -2.916878187
43.8477% accepted

energy = -588.170806
energy/site = -2.042259743
43.7817% accepted

energy = -622.473022
energy/site = -2.16136466
43.6853% accepted

energy = -613.7832034
energy/site = -2.131191678
43.7307% accepted

energy = -470.242557
energy/site = -1.632786656
43.8131% accepted

energy = -414.0757789
energy/site = -1.437763121
43.8424% accepted

energy = -411.5458475
energy/site = -1.428978637
43.7458% accepted

energy = -439.3981226
energy/site = -1.525687926
43.8829% accepted

energy = -922.6370163
energy/site = -3.203600751
43.6332% accepted

energy = -751.0014846
energy/site = -2.607644044
43.7685% accepted

energy = -329.514941
energy/site = -1.144149101
43.8974% accepted

energy = -555.5560769
energy/site = -1.929014156
43.8888% accepted

energy = -632.8497788
energy/site = -2.197395065
43.8723% accepted

energy = -475.5566612
energy/site = -1.651238407
43.7019% accepted

energy = -741.8431512
energy/site = -2.575844275
43.5802% accepted

energy = -414.5541105
energy/site = -1.439423995
43.718% accepted

energy = -944.6424078
energy/site = -3.28000836
43.7772% accepted

energy = -720.4972816
energy/site = -2.501726672
43.8082% accepted

energy = -609.5762901
energy/site = -2.116584341
43.5977% accepted

energy = -630.1320734
energy/site = -2.187958588
43.7787% accepted

energy = -610.8337584
energy/site = -2.12095055
43.7386% accepted

energy = -652.1829134
energy/site = -2.264524005
43.7774% accepted

energy = -446.8192949
energy/site = -1.551455885
43.9471% accepted

energy = -352.0492876
energy/site = -1.22239336
43.8592% accepted

energy = -719.9395004
energy/site = -2.499789932
43.9295% accepted

energy = -1117.615034
energy/site = -3.880607755
43.9869% accepted

energy = -533.6154131
energy/site = -1.852831296
43.9332% accepted

energy = -729.294555
energy/site = -2.53227276
43.8071% accepted

energy = -884.2709215
energy/site = -3.070385144
43.6867% accepted

energy = -1354.150384
energy/site = -4.701911054
43.8254% accepted

energy = -1733.204601
energy/site = -6.01807153
43.8958% accepted

energy = -547.068292
energy/site = -1.89954268
43.8229% accepted

energy = -511.1272116
energy/site = -1.774747263
43.7742% accepted

energy = -605.1824293
energy/site = -2.10132788
43.7683% accepted

energy = -405.0992096
energy/site = -1.406594478
43.7127% accepted

energy = -470.3559118
energy/site = -1.633180249
43.8381% accepted

energy = -371.4801536
energy/site = -1.289861645
43.9684% accepted

energy = -446.945031
energy/site = -1.551892469
43.7799% accepted

energy = -460.5385072
energy/site = -1.599092039
43.8026% accepted

energy = -554.3886372
energy/site = -1.924960546
43.8418% accepted

energy = -520.6471167
energy/site = -1.807802488
43.794% accepted

energy = -547.8965493
energy/site = -1.902418574
43.6704% accepted

energy = -437.2942229
energy/site = -1.518382719
43.6564% accepted

energy = -762.9327535
energy/site = -2.649072061
43.8325% accepted

energy = -469.4692516
energy/site = -1.630101568
43.6433% accepted

energy = -590.4458748
energy/site = -2.050159288
43.8212% accepted

energy = -670.9040881
energy/site = -2.329528084
43.7823% accepted

energy = -706.7761989
energy/site = -2.454084024
43.9802% accepted

energy = -572.5933855
energy/site = -1.988171478
43.7763% accepted

energy = -367.133157
energy/site = -1.274767906
43.7086% accepted

energy = -496.6498864
energy/site = -1.724478772
43.7058% accepted

energy = -815.1774096
energy/site = -2.830477117
43.945% accepted

energy = -432.1133582
energy/site = -1.500393605
43.82% accepted

energy = -685.1760103
energy/site = -2.379083369
43.8416% accepted

energy = -489.3793263
energy/site = -1.699233772
43.6261% accepted

energy = -658.1731581
energy/site = -2.285323466
43.8177% accepted

energy = -483.6936148
energy/site = -1.679491718
43.8323% accepted

energy = -352.6260193
energy/site = -1.2243959
43.5604% accepted

energy = -900.2998798
energy/site = -3.126041249
43.7575% accepted

energy = -701.8408919
energy/site = -2.436947541
43.6631% accepted

energy = -356.7109143
energy/site = -1.238579564
43.8593% accepted

energy = -932.0576415
energy/site = -3.236311255
43.7913% accepted

energy = -398.1298175
energy/site = -1.3823952
43.8202% accepted

energy = -367.5391586
energy/site = -1.276177634
43.6468% accepted

energy = -583.1289951
energy/site = -2.024753455
43.8498% accepted

energy = -707.8106609
energy/site = -2.457675906
43.7806% accepted

energy = -699.4247628
energy/site = -2.428558204
44.0831% accepted

energy = -604.9895085
energy/site = -2.100658016
43.6471% accepted

energy = -623.6489454
energy/site = -2.165447727
43.8231% accepted

energy = -588.2136984
energy/site = -2.042408675
43.7667% accepted

energy = -537.9773593
energy/site = -1.867976942
43.6081% accepted

energy = -1020.247426
energy/site = -3.542525783
43.8691% accepted

energy = -1094.936455
energy/site = -3.801862691
43.6862% accepted

energy = -923.3206721
energy/site = -3.205974556
43.8712% accepted

energy = -536.3526297
energy/site = -1.86233552
43.7728% accepted

energy = -1091.900105
energy/site = -3.791319811
43.7721% accepted

energy = -1304.698422
energy/site = -4.530202853
43.9359% accepted

energy = -1259.991579
energy/site = -4.374970759
43.8907% accepted

energy = -931.9942302
energy/site = -3.236091077
43.7782% accepted

energy = -707.2634372
energy/site = -2.455775824
43.7094% accepted

energy = -604.7826179
energy/site = -2.099939645
43.6749% accepted

energy = -352.4283257
energy/site = -1.223709464
43.7187% accepted

energy = -365.3028802
energy/site = -1.268412778
43.8829% accepted

energy = -601.4159211
energy/site = -2.088249726
43.952% accepted

energy = -627.721729
energy/site = -2.179589337
43.9449% accepted

energy = -1050.117893
energy/site = -3.646242683
43.7542% accepted

energy = -618.2197847
energy/site = -2.146596475
43.7882% accepted

energy = -251.4087692
energy/site = -0.8729471153
43.7263% accepted

energy = -463.6361154
energy/site = -1.609847623
43.9012% accepted

energy = -357.1142662
energy/site = -1.239980091
43.7384% accepted

energy = -591.348097
energy/site = -2.053292004
43.87% accepted

energy = -278.5097217
energy/site = -0.9670476448
43.6092% accepted

energy = -661.225762
energy/site = -2.295922785
43.8975% accepted

energy = -1191.276739
energy/site = -4.136377565
43.7908% accepted

energy = -468.0141194
energy/site = -1.625049026
43.7347% accepted

energy = -679.400452
energy/site = -2.359029347
43.8064% accepted

energy = -518.9901146
energy/site = -1.802049009
43.9066% accepted

energy = -547.2447522
energy/site = -1.900155389
43.7298% accepted

energy = -625.0636739
energy/site = -2.170359979
43.6672% accepted

energy = -584.209558
energy/site = -2.02850541
43.7237% accepted

energy = -486.2237568
energy/site = -1.688276933
43.7852% accepted

energy = -685.1837086
energy/site = -2.379110099
43.8173% accepted

energy = -733.4302757
energy/site = -2.546632902
43.7362% accepted

energy = -445.4535784
energy/site = -1.546713814
43.6399% accepted

energy = -1067.194195
energy/site = -3.7055354
43.7983% accepted

energy = -661.8109951
energy/site = -2.297954844
43.69% accepted

energy = -550.738391
energy/site = -1.91228608
43.8186% accepted

energy = -486.0682269
energy/site = -1.687736899
43.7013% accepted

energy = -653.8986895
energy/site = -2.270481561
43.7698% accepted

energy = -471.7295978
energy/site = -1.637949992
43.8496% accepted

energy = -502.393872
energy/site = -1.744423167
43.8749% accepted

energy = -949.2911025
energy/site = -3.296149662
43.7292% accepted

energy = -770.5756215
energy/site = -2.675609797
43.7232% accepted

energy = -1326.781446
energy/site = -4.606880019
43.766% accepted

energy = -960.9520353
energy/site = -3.336639012
43.8254% accepted

energy = -2753.988294
energy/site = -9.562459356
43.7238% accepted

energy = -1332.205798
energy/site = -4.625714578
43.6172% accepted

energy = -398.2829185
energy/site = -1.3829268
43.6981% accepted

energy = -313.6652844
energy/site = -1.089115571
43.8095% accepted

energy = -629.1844084
energy/site = -2.184668085
43.8009% accepted

energy = -447.9180126
energy/site = -1.555270877
43.6522% accepted

energy = -1241.032925
energy/site = -4.3091421
43.8946% accepted

energy = -477.2437062
energy/site = -1.657096202
43.8572% accepted

energy = -623.3670153
energy/site = -2.164468803
43.8895% accepted

energy = -367.8488387
energy/site = -1.277252912
43.72% accepted

energy = -453.6106314
energy/site = -1.575036915
43.7499% accepted

energy = -1928.958956
energy/site = -6.697774153
43.7344% accepted

energy = -718.5791462
energy/site = -2.49506648
43.9134% accepted

energy = -1133.75877
energy/site = -3.936662398
43.9674% accepted

energy = -929.4326357
energy/site = -3.227196652
43.7772% accepted

energy = -733.1353404
energy/site = -2.545608821
43.746% accepted

energy = -840.7974692
energy/site = -2.919435657
43.8002% accepted

energy = -383.3343189
energy/site = -1.33102194
43.7285% accepted

energy = -355.5289074
energy/site = -1.234475373
43.8372% accepted

energy = -535.92461
energy/site = -1.86084934
43.6801% accepted

energy = -548.2168181
energy/site = -1.903530619
43.6979% accepted

energy = -1155.057088
energy/site = -4.010614889
43.6864% accepted

energy = -773.5841861
energy/site = -2.686056202
43.848% accepted

energy = -2267.437413
energy/site = -7.873046573
43.7289% accepted

energy = -697.7647992
energy/site = -2.422794442
43.7612% accepted

energy = -683.6790464
energy/site = -2.373885578
43.8871% accepted

energy = -624.4101415
energy/site = -2.168090769
43.8447% accepted

energy = -686.2378147
energy/site = -2.38277019
43.8755% accepted

energy = -555.1270302
energy/site = -1.927524411
43.8091% accepted

energy = -680.6671699
energy/site = -2.363427673
43.722% accepted

energy = -519.7356519
energy/site = -1.80463768
43.7299% accepted

energy = -787.8886485
energy/site = -2.735724474
43.8431% accepted

energy = -1037.401571
energy/site = -3.602088787
43.8122% accepted

energy = -879.1331702
energy/site = -3.05254573
43.6443% accepted

energy = -950.1002135
energy/site = -3.298959075
43.704% accepted

energy = -669.696007
energy/site = -2.325333358
43.8828% accepted

energy = -498.4414243
energy/site = -1.73069939
43.8331% accepted

energy = -362.5360695
energy/site = -1.258805797
43.5702% accepted

energy = -357.204236
energy/site = -1.240292486
43.801% accepted

energy = -788.9710883
energy/site = -2.739482945
43.8405% accepted

energy = -514.5141617
energy/site = -1.786507506
43.8% accepted

energy = -402.5927065
energy/site = -1.397891342
43.704% accepted

energy = -596.9652663
energy/site = -2.072796063
43.8594% accepted

energy = -442.5833219
energy/site = -1.536747646
43.7313% accepted

energy = -457.3933155
energy/site = -1.588171234
43.7451% accepted

energy = -420.7546462
energy/site = -1.460953633
43.5773% accepted

energy = -1320.299129
energy/site = -4.584371976
43.6674% accepted

energy = -709.8463402
energy/site = -2.464744237
43.7207% accepted

energy = -485.9879502
energy/site = -1.68745816
43.8183% accepted

energy = -555.3040566
energy/site = -1.928139086
43.8704% accepted

energy = -541.3485151
energy/site = -1.879682344
43.7161% accepted

energy = -612.502047
energy/site = -2.126743219
43.7851% accepted

energy = -522.0433145
energy/site = -1.812650398
43.8334% accepted

energy = -680.5957776
energy/site = -2.363179783
43.6789% accepted

energy = -269.9337338
energy/site = -0.937269909
43.7343% accepted

energy = -574.1279212
energy/site = -1.993499726
43.7921% accepted

energy = -460.6582585
energy/site = -1.599507842
43.7915% accepted

energy = -728.3967991
energy/site = -2.529155552
43.6891% accepted

energy = -531.0751041
energy/site = -1.844010778
43.7875% accepted

energy = -646.7624782
energy/site = -2.245703049
43.7768% accepted

energy = -1371.506544
energy/site = -4.762175499
44.0043% accepted

energy = -603.2301957
energy/site = -2.094549291
43.7805% accepted

energy = -486.2339168
energy/site = -1.688312211
43.8566% accepted

energy = -582.1511245
energy/site = -2.021358071
43.8312% accepted

energy = -870.845191
energy/site = -3.023768024
43.6879% accepted

energy = -632.6529705
energy/site = -2.196711703
43.734% accepted

energy = -765.9619409
energy/site = -2.659590072
43.7774% accepted

energy = -575.6449238
energy/site = -1.998767097
43.8848% accepted

energy = -552.1053342
energy/site = -1.91703241
43.701% accepted

energy = -958.4424297
energy/site = -3.327925103
43.7339% accepted

energy = -1015.476902
energy/site = -3.525961465
43.6903% accepted

energy = -557.447073
energy/site = -1.935580114
43.813% accepted

energy = -406.0518373
energy/site = -1.409902213
43.7654% accepted

energy = -626.9341228
energy/site = -2.176854593
43.7389% accepted

energy = -674.6586287
energy/site = -2.342564683
43.8993% accepted

energy = -1063.940343
energy/site = -3.694237301
43.9344% accepted

energy = -414.9432423
energy/site = -1.440775147
43.9532% accepted

energy = -540.1397354
energy/site = -1.875485192
43.8356% accepted

energy = -1124.155968
energy/site = -3.903319333
43.7113% accepted

energy = -741.2710321
energy/site = -2.57385775
43.6324% accepted

energy = -372.125165
energy/site = -1.292101267
43.9691% accepted

energy = -707.5559382
energy/site = -2.456791452
43.7104% accepted

energy = -407.4889403
energy/site = -1.414892154
43.7503% accepted

energy = -1128.682435
energy/site = -3.919036232
43.7592% accepted

energy = -1232.58448
energy/site = -4.279807221
43.8196% accepted

energy = -501.7397781
energy/site = -1.742152007
43.8658% accepted

energy = -749.3555959
energy/site = -2.601929153
43.7129% accepted

energy = -525.2095729
energy/site = -1.82364435
43.8023% accepted

energy = -586.296581
energy/site = -2.035752017
43.854% accepted

energy = -1306.311808
energy/site = -4.535804889
43.8332% accepted

energy = -703.1808651
energy/site = -2.441600226
43.8951% accepted

energy = -924.2792625
energy/site = -3.209302995
43.7634% accepted

energy = -916.1453749
energy/site = -3.18106033
43.6892% accepted

energy = -635.025713
energy/site = -2.204950392
43.5728% accepted

energy = -337.8356288
energy/site = -1.173040378
43.8556% accepted

energy = -494.1227879
energy/site = -1.715704125
43.7471% accepted

energy = -661.824232
energy/site = -2.298000806
43.7733% accepted

energy = -779.2099085
energy/site = -2.70558996
43.6348% accepted

energy = -425.5338011
energy/site = -1.477547921
43.8019% accepted

energy = -558.1671702
energy/site = -1.938080452
43.9256% accepted

energy = -932.2112327
energy/site = -3.236844558
43.8807% accepted

energy = -621.7402616
energy/site = -2.158820353
43.8453% accepted

energy = -927.8673693
energy/site = -3.221761699
43.8562% accepted

energy = -434.5017902
energy/site = -1.508686771
43.6456% accepted

energy = -431.045833
energy/site = -1.49668692
43.7855% accepted

energy = -558.7179106
energy/site = -1.939992745
43.7433% accepted

energy = -444.8186303
energy/site = -1.544509133
43.8534% accepted

energy = -842.4755009
energy/site = -2.925262156
43.7101% accepted

energy = -502.4269709
energy/site = -1.744538093
43.8077% accepted

energy = -1104.852705
energy/site = -3.836294114
43.6991% accepted

energy = -758.3957735
energy/site = -2.633318658
43.7776% accepted

energy = -480.997442
energy/site = -1.670130007
43.8776% accepted

energy = -941.7944398
energy/site = -3.270119583
43.7436% accepted

energy = -999.6601582
energy/site = -3.471042216
43.8527% accepted

energy = -696.2729981
energy/site = -2.417614577
43.6644% accepted

energy = -438.7222625
energy/site = -1.523341189
43.6788% accepted

energy = -1002.066335
energy/site = -3.479396998
43.8421% accepted

energy = -949.7314179
energy/site = -3.297678535
43.9272% accepted

energy = -336.2751081
energy/site = -1.167621903
43.7311% accepted

energy = -597.5267923
energy/site = -2.074745807
43.803% accepted

energy = -270.5399589
energy/site = -0.9393748573
43.902% accepted

energy = -545.1221084
energy/site = -1.892785098
43.7637% accepted

energy = -803.1917161
energy/site = -2.788860125
43.7299% accepted

energy = -521.9997827
energy/site = -1.812499246
43.9794% accepted

energy = -1145.212845
energy/site = -3.97643349
43.7397% accepted

energy = -823.794541
energy/site = -2.860397712
43.6842% accepted

energy = -558.4011932
energy/site = -1.938893032
43.5996% accepted

energy = -475.9887322
energy/site = -1.652738653
43.7823% accepted

energy = -333.0096513
energy/site = -1.156283511
43.7549% accepted

energy = -1403.238019
energy/site = -4.872354232
43.7572% accepted

energy = -501.3765859
energy/site = -1.740890923
43.9133% accepted

energy = -861.613496
energy/site = -2.991713528
43.6902% accepted

energy = -709.2315228
energy/site = -2.462609454
43.7174% accepted

energy = -686.4341278
energy/site = -2.383451833
43.782% accepted

energy = -585.9520365
energy/site = -2.034555682
43.79% accepted

energy = -562.8226243
energy/site = -1.954245223
43.7274% accepted

energy = -674.7199848
energy/site = -2.342777725
43.7463% accepted

energy = -497.2487607
energy/site = -1.726558197
43.8198% accepted

energy = -636.9850492
energy/site = -2.211753643
43.7159% accepted

energy = -924.4065043
energy/site = -3.209744806
43.7698% accepted

energy = -634.8567937
energy/site = -2.204363867
43.8404% accepted

energy = -389.5095342
energy/site = -1.35246366
43.8573% accepted

energy = -962.9173555
energy/site = -3.34346304
43.9305% accepted

energy = -367.4938871
energy/site = -1.276020441
43.8595% accepted

energy = -693.2490368
energy/site = -2.407114711
43.6704% accepted

energy = -928.9741278
energy/site = -3.22560461
43.6904% accepted

energy = -716.9064886
energy/site = -2.489258641
43.7243% accepted

energy = -992.3744503
energy/site = -3.445744619
43.8544% accepted

energy = -679.9328071
energy/site = -2.360877802
43.8471% accepted

energy = -1095.155419
energy/site = -3.802622981
43.8759% accepted

energy = -559.5518352
energy/site = -1.942888317
43.6779% accepted

energy = -486.7930265
energy/site = -1.690253564
43.8856% accepted

energy = -1067.95139
energy/site = -3.708164549
43.8457% accepted

energy = -800.4860363
energy/site = -2.779465404
43.8526% accepted

energy = -582.2085434
energy/site = -2.021557442
43.7275% accepted

energy = -385.6881956
energy/site = -1.339195124
43.7569% accepted

energy = -874.5042574
energy/site = -3.036473116
43.8242% accepted

energy = -317.8922957
energy/site = -1.103792693
43.8567% accepted

energy = -596.8984674
energy/site = -2.072564123
43.6352% accepted

energy = -500.4600283
energy/site = -1.737708432
43.8033% accepted

energy = -1058.277886
energy/site = -3.674575993
43.7553% accepted

energy = -560.9292469
energy/site = -1.947670996
43.9008% accepted

energy = -714.9784995
energy/site = -2.482564234
43.8145% accepted

energy = -501.2933115
energy/site = -1.740601776
43.8763% accepted

energy = -422.6412875
energy/site = -1.467504471
43.9145% accepted

energy = -847.3692332
energy/site = -2.942254282
43.7603% accepted

energy = -558.7250201
energy/site = -1.940017431
43.8158% accepted

energy = -1076.109583
energy/site = -3.736491609
43.8573% accepted

energy = -608.7768767
energy/site = -2.1138086
43.6698% accepted

energy = -543.3288227
energy/site = -1.886558412
43.6706% accepted

energy = -794.6764699
energy/site = -2.759293298
43.861% accepted

energy = -567.9326605
energy/site = -1.971988405
43.6465% accepted

energy = -510.2856764
energy/site = -1.771825265
43.8262% accepted

energy = -707.1289132
energy/site = -2.455308726
43.8033% accepted

energy = -579.4116464
energy/site = -2.011845995
43.8798% accepted

energy = -792.7030938
energy/site = -2.752441298
43.7828% accepted

energy = -532.5784121
energy/site = -1.849230598
43.7858% accepted

energy = -686.3533335
energy/site = -2.383171297
43.7055% accepted

energy = -287.7231282
energy/site = -0.9990386397
43.6969% accepted

energy = -577.7122875
energy/site = -2.005945443
43.9013% accepted

energy = -1292.523169
energy/site = -4.487927669
43.8839% accepted

energy = -1062.353359
energy/site = -3.688726939
43.7141% accepted

energy = -1274.759429
energy/site = -4.426248016
43.7697% accepted

energy = -985.3037286
energy/site = -3.421193502
43.6548% accepted

energy = -633.7246465
energy/site = -2.2004328
43.9264% accepted

energy = -738.6653728
energy/site = -2.564810322
43.8103% accepted

energy = -306.0299205
energy/site = -1.062603891
43.8366% accepted

energy = -454.9739996
energy/site = -1.579770832
43.806% accepted

energy = -427.012845
energy/site = -1.482683489
43.6931% accepted

energy = -704.2588872
energy/site = -2.445343359
43.689% accepted

energy = -945.2163056
energy/site = -3.282001061
43.7344% accepted

energy = -567.3549718
energy/site = -1.969982541
43.7613% accepted

energy = -531.0787666
energy/site = -1.844023495
43.698% accepted

energy = -658.8517846
energy/site = -2.287679808
43.7466% accepted

energy = -747.5370669
energy/site = -2.595614816
43.6212% accepted

energy = -573.7974839
energy/site = -1.992352375
43.6354% accepted

energy = -333.0462633
energy/site = -1.156410636
43.8658% accepted

energy = -813.5144467
energy/site = -2.82470294
43.7477% accepted

energy = -669.2556836
energy/site = -2.323804457
43.7746% accepted

energy = -823.3323923
energy/site = -2.858793029
43.8415% accepted

energy = -384.1870137
energy/site = -1.333982686
43.7176% accepted

energy = -607.2156443
energy/site = -2.108387654
43.8874% accepted

energy = -711.5729993
energy/site = -2.470739581
43.756% accepted

energy = -415.3533578
energy/site = -1.442199159
43.7687% accepted

energy = -528.9784175
energy/site = -1.836730616
43.8234% accepted

energy = -518.7327472
energy/site = -1.801155372
43.8365% accepted

energy = -439.6044641
energy/site = -1.526404389
43.8679% accepted

energy = -728.5834879
energy/site = -2.529803777
43.7221% accepted

energy = -501.9925254
energy/site = -1.743029602
43.7902% accepted

energy = -1596.027307
energy/site = -5.541761483
43.6918% accepted

energy = -510.9709154
energy/site = -1.774204567
43.6158% accepted

energy = -544.2644029
energy/site = -1.889806955
43.8768% accepted

energy = -695.7920028
energy/site = -2.415944454
43.7323% accepted

energy = -608.0341214
energy/site = -2.111229588
43.99% accepted

energy = -444.2821701
energy/site = -1.542646424
43.6999% accepted

energy = -388.6748607
energy/site = -1.349565489
43.8061% accepted

energy = -573.6370951
energy/site = -1.991795469
43.8291% accepted

energy = -400.0878085
energy/site = -1.38919378
43.8067% accepted

energy = -401.6391471
energy/site = -1.394580372
43.7159% accepted

energy = -1824.279229
energy/site = -6.33430288
43.7461% accepted

energy = -390.5919857
energy/site = -1.356222173
43.798% accepted

energy = -597.1959614
energy/site = -2.073597088
43.7726% accepted

energy = -726.248896
energy/site = -2.521697555
43.7769% accepted

energy = -316.7461073
energy/site = -1.099812872
43.8085% accepted

energy = -1125.097681
energy/site = -3.906589171
43.8217% accepted

energy = -735.1119501
energy/site = -2.552472049
43.7713% accepted

energy = -457.9632186
energy/site = -1.590150065
43.8119% accepted

energy = -669.6872985
energy/site = -2.32530312
43.78% accepted

energy = -585.8937821
energy/site = -2.03435341
43.7106% accepted

energy = -482.2760339
energy/site = -1.674569562
43.7304% accepted

energy = -607.6455554
energy/site = -2.109880401
43.8464% accepted

energy = -870.2174175
energy/site = -3.021588255
43.805% accepted

energy = -777.0013471
energy/site = -2.697921344
43.7696% accepted

energy = -497.0549676
energy/site = -1.725885304
43.8427% accepted

energy = -966.9695005
energy/site = -3.357532988
43.8925% accepted

energy = -384.7718158
energy/site = -1.336013249
43.8578% accepted

energy = -511.5693949
energy/site = -1.776282621
43.6717% accepted

energy = -729.3987688
energy/site = -2.532634614
43.7527% accepted

energy = -255.1303822
energy/site = -0.8858693827
43.8392% accepted

energy = -678.1587157
energy/site = -2.354717763
43.7438% accepted

energy = -1115.937176
energy/site = -3.874781862
43.8291% accepted

energy = -533.8852568
energy/site = -1.853768253
43.714% accepted

energy = -700.6462075
energy/site = -2.432799332
43.9011% accepted

energy = -670.608654
energy/site = -2.328502271
43.7462% accepted

energy = -416.9874341
energy/site = -1.447873035
43.8564% accepted

energy = -1462.825636
energy/site = -5.07925568
43.8869% accepted

energy = -586.7529571
energy/site = -2.037336656
43.7936% accepted

energy = -565.6994711
energy/site = -1.964234274
43.7881% accepted

energy = -934.6149911
energy/site = -3.245190941
43.7258% accepted

energy = -1264.565103
energy/site = -4.390851051
43.8374% accepted

energy = -363.993433
energy/site = -1.263866087
43.6909% accepted

energy = -510.7150772
energy/site = -1.77331624
43.7282% accepted

energy = -358.0943467
energy/site = -1.243383148
43.8057% accepted

energy = -492.0545802
energy/site = -1.708522848
43.6987% accepted

energy = -807.9287916
energy/site = -2.805308304
43.6418% accepted

energy = -414.609695
energy/site = -1.439616996
43.8692% accepted

energy = -682.5226126
energy/site = -2.369870183
43.8566% accepted

energy = -331.8488179
energy/site = -1.15225284
43.7024% accepted

energy = -656.3390358
energy/site = -2.278954985
43.8199% accepted

energy = -661.6460411
energy/site = -2.297382087
43.7889% accepted

energy = -597.990954
energy/site = -2.076357479
43.7997% accepted

energy = -550.6184607
energy/site = -1.911869655
43.8394% accepted

energy = -613.0930664
energy/site = -2.12879537
43.8707% accepted

energy = -612.5966795
energy/site = -2.127071804
43.7834% accepted

energy = -901.3112474
energy/site = -3.129552942
43.9027% accepted

energy = -858.6986132
energy/site = -2.981592407
43.7787% accepted

energy = -335.3395993
energy/site = -1.164373609
43.7825% accepted

energy = -616.9618093
energy/site = -2.142228505
43.857% accepted

energy = -759.9644885
energy/site = -2.638765585
43.6108% accepted

energy = -669.4379035
energy/site = -2.324437165
43.8412% accepted

energy = -420.4600616
energy/site = -1.459930769
43.6895% accepted

energy = -399.7298912
energy/site = -1.387951011
43.8369% accepted

energy = -348.7006268
energy/site = -1.210766065
43.9616% accepted

energy = -1541.667647
energy/site = -5.353012663
43.7496% accepted

energy = -896.7475228
energy/site = -3.113706676
43.7647% accepted

energy = -585.8474759
energy/site = -2.034192625
43.8366% accepted

energy = -792.1760908
energy/site = -2.750611426
43.7376% accepted

energy = -476.7801122
energy/site = -1.655486501
43.7033% accepted

energy = -242.7650596
energy/site = -0.8429342346
43.9449% accepted

energy = -717.5738397
energy/site = -2.491575832
43.8662% accepted

energy = -674.3588559
energy/site = -2.341523805
43.7236% accepted

energy = -453.5749024
energy/site = -1.574912855
43.8457% accepted

energy = -823.3257528
energy/site = -2.858769975
43.7254% accepted

energy = -654.7110498
energy/site = -2.273302256
43.5756% accepted

energy = -544.2595973
energy/site = -1.889790268
43.7641% accepted

energy = -528.4305467
energy/site = -1.834828287
43.8367% accepted

energy = -624.3957045
energy/site = -2.168040641
43.927% accepted

energy = -765.087616
energy/site = -2.656554222
43.8272% accepted

energy = -925.3188173
energy/site = -3.21291256
43.7834% accepted

energy = -678.6564139
energy/site = -2.356445882
43.7683% accepted

energy = -589.0758894
energy/site = -2.045402394
44.0022% accepted

energy = -474.5155001
energy/site = -1.647623264
43.8531% accepted

energy = -438.4139084
energy/site = -1.522270515
43.7563% accepted

energy = -812.8580195
energy/site = -2.822423679
43.7023% accepted

energy = -695.7902715
energy/site = -2.415938443
43.6669% accepted

energy = -798.0782009
energy/site = -2.771104864
43.5834% accepted

energy = -692.6734202
energy/site = -2.405116042
43.8279% accepted

energy = -1159.518395
energy/site = -4.02610554
43.665% accepted

energy = -844.4503645
energy/site = -2.932119321
43.7827% accepted

energy = -1106.717721
energy/site = -3.842769864
43.7191% accepted

energy = -1588.146385
energy/site = -5.514397169
43.7569% accepted

energy = -551.0679062
energy/site = -1.91343023
43.6211% accepted

energy = -452.3608205
energy/site = -1.570697293
43.7817% accepted

energy = -424.7285062
energy/site = -1.474751758
43.6923% accepted

energy = -544.4031129
energy/site = -1.890288587
43.8358% accepted

energy = -777.0475598
energy/site = -2.698081805
43.796% accepted

energy = -676.820238
energy/site = -2.350070271
43.8942% accepted

energy = -633.0042381
energy/site = -2.197931382
43.7973% accepted

energy = -722.304101
energy/site = -2.508000351
43.8468% accepted

energy = -417.493975
energy/site = -1.449631858
43.7961% accepted

energy = -1053.097815
energy/site = -3.656589634
43.7824% accepted

energy = -1294.46668
energy/site = -4.494675972
43.7648% accepted

energy = -1034.461408
energy/site = -3.59187989
43.8174% accepted

energy = -476.0908795
energy/site = -1.653093332
43.8434% accepted

energy = -664.6930152
energy/site = -2.307961858
43.8673% accepted

energy = -452.796075
energy/site = -1.572208594
43.6834% accepted

energy = -1090.748909
energy/site = -3.787322601
43.8082% accepted

energy = -779.3460968
energy/site = -2.706062836
43.7029% accepted

energy = -497.6588963
energy/site = -1.727982279
43.7261% accepted

energy = -360.0412737
energy/site = -1.250143311
43.7245% accepted

energy = -585.16186
energy/site = -2.031812014
43.8462% accepted

energy = -911.0252369
energy/site = -3.163282073
44.0072% accepted

energy = -661.2227127
energy/site = -2.295912197
43.8539% accepted

energy = -374.7243646
energy/site = -1.301126266
43.6509% accepted

energy = -574.548901
energy/site = -1.994961462
43.856% accepted

energy = -532.585015
energy/site = -1.849253524
43.6167% accepted

energy = -446.5576196
energy/site = -1.55054729
43.7605% accepted

energy = -505.8810603
energy/site = -1.756531459
43.7614% accepted

energy = -627.7049095
energy/site = -2.179530936
43.6568% accepted

energy = -845.5374113
energy/site = -2.935893789
43.7506% accepted

energy = -875.2743293
energy/site = -3.039146977
43.851% accepted

energy = -1491.489478
energy/site = -5.178782909
43.9215% accepted

energy = -894.7874444
energy/site = -3.106900849
43.7371% accepted

energy = -481.5442711
energy/site = -1.672028719
43.8441% accepted

energy = -1193.158455
energy/site = -4.142911303
43.7593% accepted

energy = -501.3515753
energy/site = -1.740804081
43.7665% accepted

energy = -594.5646774
energy/site = -2.064460685
43.7428% accepted

energy = -601.9428531
energy/site = -2.090079351
43.7624% accepted

energy = -428.1223611
energy/site = -1.486535976
43.7687% accepted

energy = -565.9584768
energy/site = -1.9651336
43.8447% accepted

energy = -549.5592399
energy/site = -1.908191805
43.7535% accepted

energy = -914.2355351
energy/site = -3.174428941
43.7121% accepted

energy = -544.2000287
energy/site = -1.889583433
43.7372% accepted

energy = -656.8373473
energy/site = -2.280685234
43.7774% accepted

energy = -454.3954128
energy/site = -1.57776185
43.7334% accepted

energy = -389.6587818
energy/site = -1.352981881
43.9271% accepted

energy = -339.9194544
energy/site = -1.180275883
43.9213% accepted

energy = -301.8825157
energy/site = -1.048203179
43.6514% accepted

energy = -770.2289974
energy/site = -2.674406241
43.7224% accepted

energy = -561.8351657
energy/site = -1.950816547
43.7729% accepted

energy = -495.4898293
energy/site = -1.720450796
43.6439% accepted

energy = -591.7398693
energy/site = -2.054652324
43.9013% accepted

energy = -529.6294386
energy/site = -1.838991106
43.7951% accepted

energy = -1037.713977
energy/site = -3.60317353
43.9292% accepted

energy = -995.712983
energy/site = -3.457336747
43.7925% accepted

energy = -930.9356572
energy/site = -3.232415476
43.7716% accepted

energy = -822.3841321
energy/site = -2.855500459
43.6091% accepted

energy = -471.090528
energy/site = -1.635731
43.8725% accepted

energy = -469.5835664
energy/site = -1.630498494
43.7315% accepted

energy = -791.6283013
energy/site = -2.748709379
43.5592% accepted

energy = -984.5798703
energy/site = -3.418680105
43.8955% accepted

energy = -616.3349413
energy/site = -2.14005188
43.7534% accepted

energy = -1191.627648
energy/site = -4.137595999
43.7846% accepted

energy = -476.7613881
energy/site = -1.655421486
43.6697% accepted

energy = -622.3993473
energy/site = -2.161108845
43.7204% accepted

energy = -705.4747111
energy/site = -2.449564969
43.8191% accepted

energy = -616.8316388
energy/site = -2.141776523
43.7371% accepted

energy = -942.1693982
energy/site = -3.271421521
43.8436% accepted

energy = -371.9808982
energy/site = -1.291600341
43.7704% accepted

energy = -706.1542411
energy/site = -2.451924448
43.7225% accepted

energy = -462.5029744
energy/site = -1.605913106
43.9377% accepted

energy = -882.8946238
energy/site = -3.065606333
43.8311% accepted

energy = -1480.998427
energy/site = -5.142355649
43.9059% accepted

energy = -788.9857949
energy/site = -2.73953401
43.8199% accepted

energy = -448.3654352
energy/site = -1.556824428
43.721% accepted

energy = -738.8379356
energy/site = -2.565409498
43.767% accepted

energy = -626.1284171
energy/site = -2.174057004
43.8165% accepted

energy = -750.6697263
energy/site = -2.606492105
44.0213% accepted

energy = -608.8230534
energy/site = -2.113968935
43.8461% accepted

energy = -823.8526686
energy/site = -2.860599544
43.7646% accepted

energy = -823.1456756
energy/site = -2.858144707
43.9144% accepted

energy = -750.8418426
energy/site = -2.607089731
43.8746% accepted

energy = -880.812882
energy/site = -3.058378063
43.7477% accepted

energy = -543.9370546
energy/site = -1.888670328
43.7815% accepted

energy = -808.3600971
energy/site = -2.806805893
43.7967% accepted

energy = -409.3676788
energy/site = -1.421415551
43.7932% accepted

energy = -687.2470503
energy/site = -2.38627448
43.8077% accepted

energy = -459.4201843
energy/site = -1.595208973
43.8035% accepted

energy = -294.2128216
energy/site = -1.021572297
43.79% accepted

energy = -447.6214103
energy/site = -1.554241008
43.7741% accepted

energy = -274.4589828
energy/site = -0.9529825793
43.8458% accepted

energy = -421.3887905
energy/site = -1.463155523
43.896% accepted

energy = -741.6549264
energy/site = -2.575190717
43.8014% accepted

energy = -500.4943764
energy/site = -1.737827696
43.7883% accepted

energy = -600.7771089
energy/site = -2.086031628
43.8302% accepted

energy = -798.0599095
energy/site = -2.771041352
43.8808% accepted

energy = -493.0698398
energy/site = -1.712048055
43.7331% accepted

energy = -916.7624658
energy/site = -3.183203006
43.6892% accepted

energy = -395.1993711
energy/site = -1.372220039
43.7413% accepted

energy = -660.4325002
energy/site = -2.293168403
43.7994% accepted

energy = -668.6879881
energy/site = -2.321833292
43.7534% accepted

energy = -1348.881733
energy/site = -4.683617129
43.6878% accepted

energy = -639.9719156
energy/site = -2.222124707
43.7467% accepted

energy = -324.4177314
energy/site = -1.126450456
43.8629% accepted

energy = -2490.475771
energy/site = -8.647485315
43.7235% accepted

energy = -614.6112218
energy/site = -2.134066742
43.7282% accepted

energy = -411.6569393
energy/site = -1.429364373
43.6416% accepted

energy = -501.6101628
energy/site = -1.741701954
43.7925% accepted

energy = -512.3181859
energy/site = -1.77888259
43.7842% accepted

energy = -343.1632921
energy/site = -1.191539209
43.6563% accepted

energy = -578.960409
energy/site = -2.010279198
43.783% accepted

energy = -371.8303211
energy/site = -1.291077504
43.7205% accepted

energy = -687.175401
energy/site = -2.386025698
43.7788% accepted

energy = -631.0022933
energy/site = -2.190980185
43.711% accepted

energy = -546.1877116
energy/site = -1.89648511
43.9175% accepted

energy = -372.2365212
energy/site = -1.292487921
43.7836% accepted

energy = -658.6018612
energy/site = -2.286812018
43.7071% accepted

energy = -496.620135
energy/site = -1.724375469
43.8484% accepted

energy = -544.5049949
energy/site = -1.890642343
43.8634% accepted

energy = -524.9246481
energy/site = -1.822655028
43.8346% accepted

energy = -762.3858984
energy/site = -2.647173258
43.7841% accepted

energy = -944.7687811
energy/site = -3.280447157
43.8516% accepted

energy = -1171.379816
energy/site = -4.067291027
43.6777% accepted

energy = -528.0047162
energy/site = -1.833349709
43.8303% accepted

energy = -660.836
energy/site = -2.294569445
43.8244% accepted

energy = -698.4597148
energy/site = -2.425207343
43.7811% accepted

energy = -696.0740493
energy/site = -2.416923782
43.7818% accepted

energy = -756.2656598
energy/site = -2.62592243
43.7063% accepted

energy = -449.3420491
energy/site = -1.560215448
43.9062% accepted

energy = -553.1972895
energy/site = -1.920823922
43.7794% accepted

energy = -402.4065419
energy/site = -1.397244937
43.728% accepted

energy = -1773.272005
energy/site = -6.157194463
43.825% accepted

energy = -560.3836632
energy/site = -1.945776608
43.7413% accepted

energy = -461.9647896
energy/site = -1.604044408
43.6476% accepted

energy = -480.2461349
energy/site = -1.667521302
43.7614% accepted

energy = -366.2715097
energy/site = -1.271776075
43.6401% accepted

energy = -482.704202
energy/site = -1.676056257
43.8146% accepted

energy = -434.5800503
energy/site = -1.508958508
43.8907% accepted

energy = -1411.624148
energy/site = -4.901472738
43.8493% accepted

energy = -427.5434576
energy/site = -1.484525894
43.9944% accepted

energy = -572.9211883
energy/site = -1.989309682
43.7801% accepted

energy = -482.0257662
energy/site = -1.673700577
43.7925% accepted

energy = -526.3718768
energy/site = -1.827680128
43.7309% accepted

energy = -360.7550102
energy/site = -1.252621563
43.7738% accepted

energy = -1154.254207
energy/site = -4.007827108
43.9944% accepted

energy = -647.8505702
energy/site = -2.249481147
43.9222% accepted

energy = -1386.632931
energy/site = -4.814697676
43.7802% accepted

energy = -1100.134695
energy/site = -3.819912136
43.9723% accepted

energy = -225.8434166
energy/site = -0.7841785299
43.8573% accepted

energy = -731.6118717
energy/site = -2.540318999
43.8601% accepted

energy = -543.9720284
energy/site = -1.888791765
43.6874% accepted

energy = -507.8814038
energy/site = -1.763477097
43.7006% accepted

energy = -512.7471733
energy/site = -1.780372129
43.7083% accepted

energy = -677.149052
energy/site = -2.351211986
43.8703% accepted

energy = -655.5190149
energy/site = -2.276107691
43.7179% accepted

energy = -579.2636632
energy/site = -2.011332164
43.8632% accepted

energy = -495.9662698
energy/site = -1.722105104
43.6779% accepted

energy = -501.1590538
energy/site = -1.740135603
43.7103% accepted

energy = -446.0171437
energy/site = -1.548670638
43.8037% accepted

energy = -502.0799619
energy/site = -1.743333201
43.6607% accepted

energy = -629.3643234
energy/site = -2.18529279
43.8564% accepted

energy = -1007.067243
energy/site = -3.496761261
43.8916% accepted

energy = -647.3028694
energy/site = -2.247579408
43.6555% accepted

energy = -597.3830566
energy/site = -2.074246724
43.7321% accepted

energy = -580.3251059
energy/site = -2.015017729
43.8013% accepted

energy = -399.2813382
energy/site = -1.386393535
43.766% accepted

energy = -612.6754704
energy/site = -2.127345383
43.7695% accepted

energy = -570.8902273
energy/site = -1.982257734
43.652% accepted

energy = -723.7833858
energy/site = -2.513136756
43.8917% accepted

energy = -538.3323984
energy/site = -1.869209717
43.8095% accepted

energy = -357.324114
energy/site = -1.240708729
43.6994% accepted

energy = -1087.86818
energy/site = -3.777320068
43.8282% accepted

energy = -556.5103894
energy/site = -1.932327741
43.744% accepted

energy = -387.9679417
energy/site = -1.347110909
43.761% accepted

energy = -1783.539495
energy/site = -6.192845469
43.7931% accepted

energy = -573.4053202
energy/site = -1.990990695
43.7469% accepted

energy = -1496.419922
energy/site = -5.195902508
43.7318% accepted

energy = -921.8981428
energy/site = -3.201035218
43.7202% accepted

energy = -446.1477733
energy/site = -1.549124213
43.7095% accepted

energy = -358.9780141
energy/site = -1.246451438
43.9063% accepted

energy = -481.2105266
energy/site = -1.670869884
43.8168% accepted

energy = -668.3464928
energy/site = -2.320647544
43.8895% accepted

energy = -990.1053016
energy/site = -3.437865631
43.8889% accepted

energy = -932.2019194
energy/site = -3.23681222
43.6791% accepted

energy = -751.920132
energy/site = -2.610833792
43.5811% accepted

energy = -661.7895245
energy/site = -2.297880293
43.7018% accepted

energy = -1019.39704
energy/site = -3.539573056
43.7506% accepted

energy = -1418.909992
energy/site = -4.926770806
44.0257% accepted

energy = -400.1264998
energy/site = -1.389328124
43.7741% accepted

energy = -863.9148603
energy/site = -2.999704376
43.7358% accepted

energy = -468.6302609
energy/site = -1.627188406
43.8763% accepted

energy = -274.9445201
energy/site = -0.9546684727
43.7619% accepted

energy = -1007.780123
energy/site = -3.499236537
43.7201% accepted

energy = -530.9970146
energy/site = -1.843739634
43.8156% accepted

energy = -546.8338227
energy/site = -1.898728551
43.8841% accepted

energy = -724.0721322
energy/site = -2.514139348
43.8833% accepted

energy = -642.5528238
energy/site = -2.231086194
43.7518% accepted

energy = -671.1929157
energy/site = -2.330530957
43.8501% accepted

energy = -444.8769448
energy/site = -1.544711614
43.7546% accepted

energy = -309.7425017
energy/site = -1.075494797
43.6619% accepted

energy = -324.3433842
energy/site = -1.126192306
43.7552% accepted

energy = -503.3309497
energy/site = -1.747676909
43.7288% accepted

energy = -397.8521891
energy/site = -1.381431212
43.781% accepted

energy = -551.8523845
energy/site = -1.916154113
43.8118% accepted

energy = -404.3144352
energy/site = -1.403869567
43.7844% accepted

energy = -520.801419
energy/site = -1.80833826
43.7453% accepted

energy = -814.2543637
energy/site = -2.827272096
43.6767% accepted

energy = -436.3440502
energy/site = -1.515083508
43.8005% accepted

energy = -447.6996883
energy/site = -1.554512807
43.8139% accepted

energy = -675.828096
energy/site = -2.346625333
43.8769% accepted

energy = -941.9994375
energy/site = -3.27083138
43.8731% accepted

energy = -847.6416811
energy/site = -2.943200282
43.8126% accepted

energy = -715.5605696
energy/site = -2.484585311
43.7523% accepted

energy = -395.7636416
energy/site = -1.374179311
43.7856% accepted

energy = -785.22192
energy/site = -2.726465
43.6558% accepted

energy = -693.1850675
energy/site = -2.406892595
43.8904% accepted

energy = -360.5178635
energy/site = -1.251798137
43.8144% accepted

energy = -564.3275211
energy/site = -1.959470559
43.7884% accepted

energy = -247.222772
energy/site = -0.8584124028
43.7716% accepted

energy = -681.20202
energy/site = -2.365284792
43.6476% accepted

energy = -582.9049857
energy/site = -2.023975645
43.757% accepted

energy = -860.3738649
energy/site = -2.987409253
43.6488% accepted

energy = -353.0061331
energy/site = -1.22571574
43.7132% accepted

energy = -496.6452184
energy/site = -1.724462564
43.8791% accepted

energy = -844.3334138
energy/site = -2.931713242
43.7336% accepted

energy = -308.1733011
energy/site = -1.070046184
43.8004% accepted

energy = -401.6359855
energy/site = -1.394569394
43.7468% accepted

energy = -507.0288139
energy/site = -1.760516715
43.9788% accepted

energy = -721.8075904
energy/site = -2.506276356
43.7729% accepted

energy = -494.6931458
energy/site = -1.717684534
43.6188% accepted

energy = -792.8932766
energy/site = -2.753101655
43.7952% accepted

energy = -497.0421911
energy/site = -1.725840941
43.9202% accepted

energy = -448.3644811
energy/site = -1.556821115
43.8127% accepted

energy = -553.7812803
energy/site = -1.922851668
43.8587% accepted

energy = -750.2571209
energy/site = -2.605059448
43.8821% accepted

