
weighting by <swap_x> where x = 9
5 x 20 x 1 system
r   = 3  bondops changed per step 
n/N = 80  bond operators / site
its = 1000000  iterations/loop for 10000 loops

energy = -426.8557458
energy/site = -2.134278729
44.9414% accepted

energy = -279.8509347
energy/site = -1.399254673
44.5884% accepted

energy = -415.0964366
energy/site = -2.075482183
44.6651% accepted

energy = -479.60127
energy/site = -2.39800635
44.6357% accepted

energy = -300.0414337
energy/site = -1.500207169
44.7053% accepted

energy = -491.7461228
energy/site = -2.458730614
44.6373% accepted

energy = -231.9823818
energy/site = -1.159911909
44.7465% accepted

energy = -6408.312281
energy/site = -32.04156141
44.6229% accepted

energy = -156.7393998
energy/site = -0.7836969992
44.7772% accepted

energy = -112.4895093
energy/site = -0.5624475467
44.6495% accepted

energy = -330.7778315
energy/site = -1.653889157
44.6441% accepted

energy = -151.704875
energy/site = -0.7585243749
44.688% accepted

energy = -547.508006
energy/site = -2.73754003
44.6027% accepted

energy = -320.2387726
energy/site = -1.601193863
44.512% accepted

energy = -1740.583228
energy/site = -8.702916139
44.6531% accepted

energy = -278.820991
energy/site = -1.394104955
44.6757% accepted

energy = -132.2114208
energy/site = -0.6610571038
44.6648% accepted

energy = -254.167186
energy/site = -1.27083593
44.7251% accepted

energy = -252.1000575
energy/site = -1.260500287
44.695% accepted

energy = -553.8387029
energy/site = -2.769193514
44.9161% accepted

energy = -466.1371694
energy/site = -2.330685847
44.5907% accepted

energy = -246.1481379
energy/site = -1.23074069
44.8617% accepted

energy = -305.5849513
energy/site = -1.527924757
44.7523% accepted

energy = -250.3504251
energy/site = -1.251752125
44.5822% accepted

energy = -317.1994193
energy/site = -1.585997096
44.8067% accepted

energy = -740.2430884
energy/site = -3.701215442
44.5056% accepted

energy = -327.2684538
energy/site = -1.636342269
44.6745% accepted

energy = -460.081838
energy/site = -2.30040919
44.6459% accepted

energy = -469.7323849
energy/site = -2.348661925
44.7329% accepted

energy = -400.0621035
energy/site = -2.000310518
44.6496% accepted

energy = -680.0293195
energy/site = -3.400146597
44.6321% accepted

energy = -283.0287131
energy/site = -1.415143565
44.799% accepted

energy = -210.2903685
energy/site = -1.051451842
44.5831% accepted

energy = -449.2440384
energy/site = -2.246220192
44.6756% accepted

energy = -329.2067487
energy/site = -1.646033744
44.6545% accepted

energy = -294.7985712
energy/site = -1.473992856
44.5805% accepted

energy = -3596.559522
energy/site = -17.98279761
44.7704% accepted

energy = -348.9861233
energy/site = -1.744930617
44.7439% accepted

energy = -309.822947
energy/site = -1.549114735
44.5099% accepted

energy = -191.03081
energy/site = -0.9551540501
44.6703% accepted

energy = -219.2835218
energy/site = -1.096417609
44.5272% accepted

energy = -634.7376606
energy/site = -3.173688303
44.6496% accepted

energy = -745.5407669
energy/site = -3.727703835
44.7417% accepted

energy = -197.7225828
energy/site = -0.9886129138
44.6412% accepted

energy = -268.3847981
energy/site = -1.341923991
44.6923% accepted

energy = -908.5084411
energy/site = -4.542542205
44.4906% accepted

energy = -169.2675849
energy/site = -0.8463379246
44.6313% accepted

energy = -280.6631914
energy/site = -1.403315957
44.6782% accepted

energy = -725.0240795
energy/site = -3.625120398
44.6807% accepted

energy = -221.2273425
energy/site = -1.106136713
44.6761% accepted

energy = -199.0279198
energy/site = -0.9951395989
44.6043% accepted

energy = -358.6917174
energy/site = -1.793458587
44.5631% accepted

energy = -350.2943126
energy/site = -1.751471563
44.5811% accepted

energy = -350.6871352
energy/site = -1.753435676
44.4672% accepted

energy = -444.1248219
energy/site = -2.22062411
44.5755% accepted

energy = -249.5548817
energy/site = -1.247774409
44.6099% accepted

energy = -384.4707501
energy/site = -1.92235375
44.6813% accepted

energy = -621.3871981
energy/site = -3.10693599
44.775% accepted

energy = -486.4446361
energy/site = -2.432223181
44.7134% accepted

energy = -291.6474663
energy/site = -1.458237331
44.4765% accepted

energy = -308.6572826
energy/site = -1.543286413
44.6154% accepted

energy = -585.0354657
energy/site = -2.925177328
44.6857% accepted

energy = -250.4587707
energy/site = -1.252293853
44.6119% accepted

energy = -633.0902104
energy/site = -3.165451052
44.6622% accepted

energy = -293.1014091
energy/site = -1.465507046
44.7367% accepted

energy = -413.7526057
energy/site = -2.068763028
44.797% accepted

energy = -409.8857648
energy/site = -2.049428824
44.6581% accepted

energy = -208.6677054
energy/site = -1.043338527
44.7803% accepted

energy = -272.3320925
energy/site = -1.361660463
44.7022% accepted

energy = -593.3816061
energy/site = -2.96690803
44.5679% accepted

energy = -394.3735716
energy/site = -1.971867858
44.6328% accepted

energy = -440.1651143
energy/site = -2.200825571
44.5958% accepted

energy = -649.199717
energy/site = -3.245998585
44.6993% accepted

energy = -517.7372302
energy/site = -2.588686151
44.6344% accepted

energy = -392.3363445
energy/site = -1.961681722
44.5839% accepted

energy = -284.2370143
energy/site = -1.421185072
44.6679% accepted

energy = -697.8305968
energy/site = -3.489152984
44.6468% accepted

energy = -174.5069865
energy/site = -0.8725349323
44.5517% accepted

energy = -307.5610569
energy/site = -1.537805285
44.5751% accepted

energy = -570.1412207
energy/site = -2.850706104
44.6256% accepted

energy = -5417.913631
energy/site = -27.08956816
44.5437% accepted

energy = -477.2441058
energy/site = -2.386220529
44.6737% accepted

energy = -631.2431859
energy/site = -3.15621593
44.7216% accepted

energy = -310.2631007
energy/site = -1.551315503
44.5335% accepted

energy = -386.6407507
energy/site = -1.933203753
44.6341% accepted

energy = -369.7798212
energy/site = -1.848899106
44.6073% accepted

energy = -225.2779414
energy/site = -1.126389707
44.4448% accepted

energy = -325.825264
energy/site = -1.62912632
44.5057% accepted

energy = -394.008782
energy/site = -1.97004391
44.5488% accepted

energy = -269.0691579
energy/site = -1.345345789
44.6432% accepted

energy = -337.6873449
energy/site = -1.688436725
44.6904% accepted

energy = -274.442403
energy/site = -1.372212015
44.5349% accepted

energy = -449.1294595
energy/site = -2.245647297
44.5381% accepted

energy = -219.4568304
energy/site = -1.097284152
44.6146% accepted

energy = -310.6641033
energy/site = -1.553320517
44.613% accepted

energy = -519.9097475
energy/site = -2.599548737
44.6349% accepted

energy = -339.7242291
energy/site = -1.698621146
44.6338% accepted

energy = -210.0164862
energy/site = -1.050082431
44.6071% accepted

energy = -592.5207494
energy/site = -2.962603747
44.7103% accepted

energy = -142.2397191
energy/site = -0.7111985954
44.5856% accepted

energy = -261.4311269
energy/site = -1.307155635
44.6186% accepted

energy = -334.1714764
energy/site = -1.670857382
44.7311% accepted

energy = -438.5055969
energy/site = -2.192527985
44.6712% accepted

energy = -760.2491753
energy/site = -3.801245877
44.7529% accepted

energy = -192.6396412
energy/site = -0.9631982062
44.7825% accepted

energy = -397.6832326
energy/site = -1.988416163
44.7029% accepted

energy = -785.4819502
energy/site = -3.927409751
44.6296% accepted

energy = -594.9838839
energy/site = -2.974919419
44.5576% accepted

energy = -425.555335
energy/site = -2.127776675
44.6699% accepted

energy = -357.1047177
energy/site = -1.785523588
44.8093% accepted

energy = -262.2448887
energy/site = -1.311224443
44.7325% accepted

energy = -244.2453685
energy/site = -1.221226842
44.6283% accepted

energy = -208.4380168
energy/site = -1.042190084
44.6983% accepted

energy = -961.1709348
energy/site = -4.805854674
44.5554% accepted

energy = -389.7888337
energy/site = -1.948944168
44.5814% accepted

energy = -293.6539496
energy/site = -1.468269748
44.7162% accepted

energy = -190.0258148
energy/site = -0.9501290741
44.5331% accepted

energy = -277.1286497
energy/site = -1.385643248
44.6609% accepted

energy = -308.307192
energy/site = -1.54153596
44.5705% accepted

energy = -523.3089321
energy/site = -2.616544661
44.7121% accepted

energy = -213.2618082
energy/site = -1.066309041
44.6121% accepted

energy = -224.1825543
energy/site = -1.120912772
44.575% accepted

energy = -445.2789369
energy/site = -2.226394685
44.7813% accepted

energy = -559.5027289
energy/site = -2.797513645
44.6967% accepted

energy = -304.8963035
energy/site = -1.524481518
44.6432% accepted

energy = -177.8801321
energy/site = -0.8894006605
44.7009% accepted

energy = -280.7817271
energy/site = -1.403908636
44.6391% accepted

energy = -312.0009962
energy/site = -1.560004981
44.5521% accepted

energy = -532.5927066
energy/site = -2.662963533
44.6357% accepted

energy = -253.9215008
energy/site = -1.269607504
44.7825% accepted

energy = -484.9508807
energy/site = -2.424754404
44.7666% accepted

energy = -204.9020649
energy/site = -1.024510324
44.674% accepted

energy = -996.8661856
energy/site = -4.984330928
44.4349% accepted

energy = -379.581765
energy/site = -1.897908825
44.5244% accepted

energy = -238.6933267
energy/site = -1.193466634
44.5589% accepted

energy = -1447.331683
energy/site = -7.236658413
44.5374% accepted

energy = -177.6330916
energy/site = -0.8881654582
44.5599% accepted

energy = -227.1839237
energy/site = -1.135919619
44.5902% accepted

energy = -432.7486994
energy/site = -2.163743497
44.7059% accepted

energy = -176.5996828
energy/site = -0.8829984138
44.5241% accepted

