
weighting by <swap_x> where x = 8
5 x 20 x 1 system
r   = 3  bondops changed per step 
n/N = 80  bond operators / site
its = 1000000  iterations/loop for 10000 loops

energy = -995.0851397
energy/site = -4.975425699
45.0163% accepted

energy = -525.6644736
energy/site = -2.628322368
44.6024% accepted

energy = -627.6288865
energy/site = -3.138144432
44.6361% accepted

energy = -1523.360167
energy/site = -7.616800835
44.6117% accepted

energy = -354.2124382
energy/site = -1.771062191
44.6228% accepted

energy = -225.2437374
energy/site = -1.126218687
44.5201% accepted

energy = -470.2625551
energy/site = -2.351312776
44.7541% accepted

energy = -315.7591801
energy/site = -1.578795901
44.6101% accepted

energy = -215.5566661
energy/site = -1.07778333
44.7403% accepted

energy = -1075.346832
energy/site = -5.376734161
44.571% accepted

energy = -357.551668
energy/site = -1.78775834
44.7692% accepted

energy = -2216.841193
energy/site = -11.08420597
44.6842% accepted

energy = -409.9804674
energy/site = -2.049902337
44.6513% accepted

energy = -391.6748542
energy/site = -1.958374271
44.4843% accepted

energy = -331.227847
energy/site = -1.656139235
44.6014% accepted

energy = -277.7087203
energy/site = -1.388543601
44.6626% accepted

energy = -346.8336959
energy/site = -1.734168479
44.6233% accepted

energy = -247.4409592
energy/site = -1.237204796
44.7192% accepted

energy = -309.4825405
energy/site = -1.547412703
44.5921% accepted

energy = -1104.55723
energy/site = -5.522786151
44.6848% accepted

energy = -569.3398404
energy/site = -2.846699202
44.7167% accepted

energy = -1754.17856
energy/site = -8.770892802
44.7227% accepted

energy = -435.4868507
energy/site = -2.177434254
44.6082% accepted

energy = -1072.284869
energy/site = -5.361424347
44.5166% accepted

energy = -291.2631077
energy/site = -1.456315538
44.6752% accepted

energy = -262.8138356
energy/site = -1.314069178
44.7765% accepted

energy = -336.5417585
energy/site = -1.682708793
44.6786% accepted

energy = -275.7937972
energy/site = -1.378968986
44.7535% accepted

energy = -638.7487292
energy/site = -3.193743646
44.7666% accepted

energy = -1427.38809
energy/site = -7.13694045
44.6469% accepted

energy = -942.4815343
energy/site = -4.712407671
44.5189% accepted

energy = -285.9280697
energy/site = -1.429640348
44.6675% accepted

energy = -453.7127648
energy/site = -2.268563824
44.6382% accepted

energy = -324.6271286
energy/site = -1.623135643
44.6132% accepted

energy = -347.3686391
energy/site = -1.736843195
44.7858% accepted

energy = -395.3827366
energy/site = -1.976913683
44.6172% accepted

energy = -294.4158819
energy/site = -1.47207941
44.8015% accepted

energy = -339.1495195
energy/site = -1.695747597
44.7435% accepted

energy = -208.5024895
energy/site = -1.042512448
44.5931% accepted

energy = -328.3856615
energy/site = -1.641928307
44.8344% accepted

energy = -430.4056681
energy/site = -2.152028341
44.6781% accepted

energy = -300.7097956
energy/site = -1.503548978
44.5498% accepted

energy = -503.8042925
energy/site = -2.519021463
44.7895% accepted

energy = -549.6017307
energy/site = -2.748008654
44.64% accepted

energy = -414.8390296
energy/site = -2.074195148
44.639% accepted

energy = -391.2696934
energy/site = -1.956348467
44.5753% accepted

energy = -1241.493077
energy/site = -6.207465386
44.6078% accepted

energy = -193.7964985
energy/site = -0.9689824923
44.563% accepted

energy = -213.9590397
energy/site = -1.069795198
44.5138% accepted

energy = -240.884733
energy/site = -1.204423665
44.6281% accepted

energy = -472.7361407
energy/site = -2.363680704
44.6314% accepted

energy = -477.9989923
energy/site = -2.389994961
44.6323% accepted

energy = -440.2056584
energy/site = -2.201028292
44.3962% accepted

energy = -471.3689577
energy/site = -2.356844789
44.685% accepted

energy = -255.6289646
energy/site = -1.278144823
44.6377% accepted

energy = -402.4347213
energy/site = -2.012173606
44.6282% accepted

energy = -190.0096349
energy/site = -0.9500481744
44.7488% accepted

energy = -185.6628985
energy/site = -0.9283144927
44.8214% accepted

energy = -437.6517752
energy/site = -2.188258876
44.637% accepted

energy = -297.9801284
energy/site = -1.489900642
44.4597% accepted

energy = -244.9173709
energy/site = -1.224586854
44.7688% accepted

energy = -335.7457021
energy/site = -1.67872851
44.609% accepted

energy = -223.6688864
energy/site = -1.118344432
44.5235% accepted

energy = -449.5649427
energy/site = -2.247824714
44.6693% accepted

energy = -1140.098223
energy/site = -5.700491116
44.7393% accepted

energy = -197.5680045
energy/site = -0.9878400223
44.644% accepted

energy = -489.038066
energy/site = -2.44519033
44.7094% accepted

energy = -346.3243134
energy/site = -1.731621567
44.7824% accepted

energy = -329.5819994
energy/site = -1.647909997
44.5459% accepted

energy = -543.5848297
energy/site = -2.717924149
44.705% accepted

energy = -362.2486825
energy/site = -1.811243412
44.5968% accepted

energy = -839.0809784
energy/site = -4.195404892
44.6197% accepted

energy = -399.7845187
energy/site = -1.998922594
44.5857% accepted

energy = -307.7328144
energy/site = -1.538664072
44.5892% accepted

energy = -284.0864385
energy/site = -1.420432192
44.7115% accepted

energy = -211.6470959
energy/site = -1.058235479
44.7491% accepted

energy = -530.562705
energy/site = -2.652813525
44.5802% accepted

energy = -242.8971897
energy/site = -1.214485949
44.6515% accepted

energy = -676.8165897
energy/site = -3.384082949
44.681% accepted

energy = -254.3014668
energy/site = -1.271507334
44.5792% accepted

energy = -241.4439891
energy/site = -1.207219945
44.4845% accepted

energy = -461.5474837
energy/site = -2.307737418
44.6696% accepted

energy = -388.619182
energy/site = -1.94309591
44.7589% accepted

energy = -283.9709958
energy/site = -1.419854979
44.5281% accepted

energy = -217.844836
energy/site = -1.08922418
44.6384% accepted

energy = -698.1569408
energy/site = -3.490784704
44.6281% accepted

energy = -499.1499528
energy/site = -2.495749764
44.5208% accepted

energy = -165.9622262
energy/site = -0.8298111308
44.558% accepted

energy = -925.0122758
energy/site = -4.625061379
44.5189% accepted

energy = -262.9914748
energy/site = -1.314957374
44.7671% accepted

energy = -288.9936799
energy/site = -1.444968399
44.6102% accepted

energy = -384.9814396
energy/site = -1.924907198
44.5075% accepted

energy = -517.1566123
energy/site = -2.585783061
44.5541% accepted

energy = -164.4691689
energy/site = -0.8223458447
44.525% accepted

energy = -191.8684334
energy/site = -0.9593421668
44.6406% accepted

energy = -319.8819689
energy/site = -1.599409844
44.6482% accepted

energy = -481.3901066
energy/site = -2.406950533
44.6766% accepted

energy = -546.7925385
energy/site = -2.733962692
44.4898% accepted

energy = -317.8006737
energy/site = -1.589003368
44.629% accepted

energy = -438.853509
energy/site = -2.194267545
44.5685% accepted

energy = -699.4296253
energy/site = -3.497148126
44.7267% accepted

energy = -177.4277561
energy/site = -0.8871387803
44.6527% accepted

energy = -1171.656606
energy/site = -5.858283031
44.6238% accepted

energy = -356.8065694
energy/site = -1.784032847
44.7315% accepted

energy = -690.3799367
energy/site = -3.451899684
44.747% accepted

energy = -199.5327989
energy/site = -0.9976639946
44.492% accepted

energy = -392.8874507
energy/site = -1.964437253
44.645% accepted

energy = -691.9103746
energy/site = -3.459551873
44.6038% accepted

energy = -245.8778308
energy/site = -1.229389154
44.718% accepted

energy = -1565.20307
energy/site = -7.82601535
44.7994% accepted

energy = -379.2827122
energy/site = -1.896413561
44.779% accepted

energy = -240.2863006
energy/site = -1.201431503
44.6417% accepted

energy = -956.6794202
energy/site = -4.783397101
44.6912% accepted

energy = -426.46643
energy/site = -2.13233215
44.7204% accepted

energy = -403.0076524
energy/site = -2.015038262
44.5941% accepted

energy = -563.4085537
energy/site = -2.817042768
44.723% accepted

energy = -2044.037096
energy/site = -10.22018548
44.5875% accepted

energy = -308.1792472
energy/site = -1.540896236
44.675% accepted

energy = -408.0380654
energy/site = -2.040190327
44.6813% accepted

energy = -1013.436345
energy/site = -5.067181724
44.6738% accepted

energy = -546.4484282
energy/site = -2.732242141
44.6667% accepted

energy = -213.8315178
energy/site = -1.069157589
44.7527% accepted

energy = -234.8854784
energy/site = -1.174427392
44.7425% accepted

energy = -224.7422096
energy/site = -1.123711048
44.66% accepted

energy = -1347.095635
energy/site = -6.735478177
44.6217% accepted

energy = -536.4952917
energy/site = -2.682476458
44.7444% accepted

energy = -220.7637783
energy/site = -1.103818891
44.6751% accepted

energy = -193.211669
energy/site = -0.9660583452
44.5804% accepted

energy = -496.0728399
energy/site = -2.4803642
44.5891% accepted

energy = -146.4666769
energy/site = -0.7323333846
44.5758% accepted

energy = -527.1864247
energy/site = -2.635932124
44.6076% accepted

energy = -1290.717549
energy/site = -6.453587743
44.6364% accepted

energy = -317.709422
energy/site = -1.58854711
44.4436% accepted

energy = -614.0007138
energy/site = -3.070003569
44.5616% accepted

energy = -375.2050186
energy/site = -1.876025093
44.5489% accepted

energy = -415.5565647
energy/site = -2.077782823
44.6199% accepted

energy = -208.6400622
energy/site = -1.043200311
44.5887% accepted

energy = -266.8590078
energy/site = -1.334295039
44.7529% accepted

energy = -450.9827743
energy/site = -2.254913871
44.616% accepted

energy = -85.55560998
energy/site = -0.4277780499
44.5218% accepted

energy = -129.7082922
energy/site = -0.6485414609
44.6591% accepted

energy = -194.7505075
energy/site = -0.9737525376
44.7733% accepted

energy = -205.0133495
energy/site = -1.025066747
44.6869% accepted

energy = -455.584336
energy/site = -2.27792168
44.7513% accepted

energy = -570.0188832
energy/site = -2.850094416
44.5782% accepted

energy = -729.2147413
energy/site = -3.646073706
44.7038% accepted

energy = -270.367059
energy/site = -1.351835295
44.6142% accepted

energy = -224.9733246
energy/site = -1.124866623
44.6624% accepted

energy = -771.2439834
energy/site = -3.856219917
44.7198% accepted

energy = -310.7798473
energy/site = -1.553899236
44.7765% accepted

energy = -336.3944693
energy/site = -1.681972347
44.7661% accepted

energy = -332.0426751
energy/site = -1.660213376
44.4758% accepted

energy = -249.5914555
energy/site = -1.247957278
44.5624% accepted

energy = -234.8678558
energy/site = -1.174339279
44.5454% accepted

energy = -391.8302768
energy/site = -1.959151384
44.8131% accepted

energy = -439.5057176
energy/site = -2.197528588
44.6982% accepted

energy = -455.1302533
energy/site = -2.275651267
44.5912% accepted

energy = -360.5577643
energy/site = -1.802788821
44.6206% accepted

energy = -628.7903245
energy/site = -3.143951623
44.7333% accepted

energy = -500.9770092
energy/site = -2.504885046
44.5912% accepted

energy = -222.2680567
energy/site = -1.111340283
44.6676% accepted

energy = -440.687485
energy/site = -2.203437425
44.6227% accepted

energy = -503.7126646
energy/site = -2.518563323
44.6395% accepted

energy = -673.988901
energy/site = -3.369944505
44.6382% accepted

energy = -611.7979841
energy/site = -3.05898992
44.5498% accepted

energy = -646.2930749
energy/site = -3.231465375
44.8674% accepted

energy = -466.5804183
energy/site = -2.332902091
44.7792% accepted

energy = -334.2410293
energy/site = -1.671205146
44.6535% accepted

energy = -545.4077069
energy/site = -2.727038534
44.5995% accepted

energy = -257.9421988
energy/site = -1.289710994
44.9273% accepted

energy = -267.5579703
energy/site = -1.337789851
44.6543% accepted

energy = -696.8097611
energy/site = -3.484048806
44.8454% accepted

energy = -581.3880845
energy/site = -2.906940422
44.5406% accepted

energy = -694.5281245
energy/site = -3.472640622
44.7087% accepted

energy = -396.3288137
energy/site = -1.981644068
44.6719% accepted

energy = -386.7950405
energy/site = -1.933975203
44.8284% accepted

energy = -716.6441461
energy/site = -3.583220731
44.6479% accepted

energy = -369.3437677
energy/site = -1.846718839
44.7191% accepted

energy = -347.0496603
energy/site = -1.735248302
44.7223% accepted

energy = -814.0296406
energy/site = -4.070148203
44.4166% accepted

energy = -489.3515039
energy/site = -2.446757519
44.79% accepted

energy = -384.9282002
energy/site = -1.924641001
44.6053% accepted

energy = -223.9323041
energy/site = -1.11966152
44.8143% accepted

energy = -395.7796618
energy/site = -1.978898309
44.6588% accepted

energy = -104.5512494
energy/site = -0.522756247
44.5875% accepted

energy = -316.017358
energy/site = -1.58008679
44.8068% accepted

energy = -385.0597765
energy/site = -1.925298883
44.6393% accepted

energy = -295.4712371
energy/site = -1.477356185
44.5918% accepted

energy = -245.9591585
energy/site = -1.229795792
44.6801% accepted

energy = -346.973177
energy/site = -1.734865885
44.6782% accepted

energy = -883.2476034
energy/site = -4.416238017
44.6734% accepted

energy = -344.5092461
energy/site = -1.72254623
44.6171% accepted

energy = -468.3152107
energy/site = -2.341576053
44.6905% accepted

energy = -658.238624
energy/site = -3.29119312
44.7719% accepted

energy = -900.3025116
energy/site = -4.501512558
44.6129% accepted

energy = -387.5031414
energy/site = -1.937515707
44.6222% accepted

energy = -329.2394071
energy/site = -1.646197035
44.5971% accepted

energy = -279.9403918
energy/site = -1.399701959
44.6497% accepted

energy = -685.8332702
energy/site = -3.429166351
44.5973% accepted

energy = -213.8619639
energy/site = -1.069309819
44.6951% accepted

energy = -305.238144
energy/site = -1.52619072
44.6699% accepted

energy = -546.4084989
energy/site = -2.732042495
44.6808% accepted

energy = -257.1809526
energy/site = -1.285904763
44.6131% accepted

energy = -282.3211216
energy/site = -1.411605608
44.6107% accepted

energy = -210.6327242
energy/site = -1.053163621
44.6846% accepted

energy = -260.6400459
energy/site = -1.30320023
44.7218% accepted

energy = -224.9906825
energy/site = -1.124953412
44.7984% accepted

energy = -490.0730398
energy/site = -2.450365199
44.5261% accepted

energy = -383.7871921
energy/site = -1.91893596
44.7374% accepted

energy = -469.805784
energy/site = -2.34902892
44.5673% accepted

energy = -1219.619847
energy/site = -6.098099235
44.6067% accepted

energy = -794.8423449
energy/site = -3.974211724
44.7514% accepted

energy = -338.0812382
energy/site = -1.690406191
44.6264% accepted

energy = -803.9516703
energy/site = -4.019758351
44.7248% accepted

energy = -339.8282072
energy/site = -1.699141036
44.6658% accepted

energy = -324.4377058
energy/site = -1.622188529
44.7268% accepted

energy = -535.8881056
energy/site = -2.679440528
44.6205% accepted

energy = -815.7015427
energy/site = -4.078507713
44.5406% accepted

energy = -912.1828948
energy/site = -4.560914474
44.6723% accepted

energy = -239.642199
energy/site = -1.198210995
44.7501% accepted

energy = -528.1802486
energy/site = -2.640901243
44.7085% accepted

energy = -271.0940396
energy/site = -1.355470198
44.6281% accepted

energy = -288.4406292
energy/site = -1.442203146
44.6183% accepted

energy = -227.9569707
energy/site = -1.139784853
44.4832% accepted

energy = -219.7756519
energy/site = -1.09887826
44.7459% accepted

energy = -686.7873137
energy/site = -3.433936569
44.6025% accepted

energy = -176.849973
energy/site = -0.8842498651
44.4952% accepted

energy = -182.8860385
energy/site = -0.9144301927
44.7644% accepted

energy = -235.7834344
energy/site = -1.178917172
44.568% accepted

energy = -245.5699383
energy/site = -1.227849692
44.6445% accepted

energy = -460.1984287
energy/site = -2.300992143
44.4789% accepted

energy = -413.1733303
energy/site = -2.065866652
44.6751% accepted

energy = -175.6981627
energy/site = -0.8784908137
44.6815% accepted

energy = -300.3554473
energy/site = -1.501777236
44.5824% accepted

energy = -133.9954093
energy/site = -0.6699770467
44.7434% accepted

energy = -236.1622062
energy/site = -1.180811031
44.7813% accepted

energy = -397.6537403
energy/site = -1.988268702
44.4927% accepted

energy = -335.1760111
energy/site = -1.675880056
44.5979% accepted

energy = -571.8737945
energy/site = -2.859368973
44.5883% accepted

energy = -920.3061671
energy/site = -4.601530835
44.6873% accepted

energy = -359.3684825
energy/site = -1.796842412
44.5437% accepted

energy = -282.4955012
energy/site = -1.412477506
44.4149% accepted

energy = -468.8614399
energy/site = -2.344307199
44.6556% accepted

energy = -962.9402571
energy/site = -4.814701285
44.647% accepted

energy = -428.7679629
energy/site = -2.143839814
44.6313% accepted

energy = -608.4861574
energy/site = -3.042430787
44.6547% accepted

energy = -367.9677135
energy/site = -1.839838567
44.5999% accepted

energy = -315.5190832
energy/site = -1.577595416
44.6119% accepted

energy = -476.7190621
energy/site = -2.38359531
44.5823% accepted

energy = -854.0633845
energy/site = -4.270316922
44.6227% accepted

energy = -258.223857
energy/site = -1.291119285
44.5575% accepted

energy = -274.5959957
energy/site = -1.372979979
44.6681% accepted

energy = -284.0726998
energy/site = -1.420363499
44.6633% accepted

energy = -224.06955
energy/site = -1.12034775
44.554% accepted

energy = -526.7500064
energy/site = -2.633750032
44.8803% accepted

energy = -1443.832651
energy/site = -7.219163255
44.8451% accepted

energy = -949.008887
energy/site = -4.745044435
44.7354% accepted

energy = -221.5563194
energy/site = -1.107781597
44.7435% accepted

energy = -184.8487309
energy/site = -0.9242436547
44.6276% accepted

energy = -293.9867469
energy/site = -1.469933734
44.5227% accepted

energy = -543.6776232
energy/site = -2.718388116
44.8697% accepted

energy = -218.7154614
energy/site = -1.093577307
44.69% accepted

energy = -689.6031879
energy/site = -3.448015939
44.6004% accepted

energy = -377.1986114
energy/site = -1.885993057
44.6589% accepted

energy = -747.0557443
energy/site = -3.735278722
44.6866% accepted

energy = -212.7735531
energy/site = -1.063867766
44.6649% accepted

energy = -286.1740279
energy/site = -1.43087014
44.7932% accepted

energy = -291.6192075
energy/site = -1.458096037
44.6876% accepted

energy = -265.2240359
energy/site = -1.326120179
44.6742% accepted

energy = -290.1733444
energy/site = -1.450866722
44.6411% accepted

energy = -390.8026142
energy/site = -1.954013071
44.6283% accepted

energy = -466.4308166
energy/site = -2.332154083
44.7214% accepted

energy = -590.5499781
energy/site = -2.95274989
44.6389% accepted

energy = -489.7834436
energy/site = -2.448917218
44.6908% accepted

energy = -478.4605427
energy/site = -2.392302713
44.6112% accepted

energy = -178.7123339
energy/site = -0.8935616694
44.7336% accepted

energy = -284.7812044
energy/site = -1.423906022
44.6981% accepted

energy = -277.1369331
energy/site = -1.385684666
44.5959% accepted

energy = -583.3050208
energy/site = -2.916525104
44.6538% accepted

energy = -170.7457144
energy/site = -0.853728572
44.7403% accepted

energy = -494.0354259
energy/site = -2.47017713
44.603% accepted

energy = -307.6355386
energy/site = -1.538177693
44.5298% accepted

energy = -325.9429228
energy/site = -1.629714614
44.7046% accepted

energy = -605.5659227
energy/site = -3.027829613
44.6812% accepted

energy = -272.1051731
energy/site = -1.360525866
44.8084% accepted

energy = -386.7961299
energy/site = -1.933980649
44.7198% accepted

energy = -616.5129055
energy/site = -3.082564528
44.6383% accepted

energy = -324.9092121
energy/site = -1.62454606
44.7468% accepted

energy = -284.6506036
energy/site = -1.423253018
44.6213% accepted

energy = -1185.499489
energy/site = -5.927497445
44.8873% accepted

energy = -241.1796806
energy/site = -1.205898403
44.709% accepted

energy = -989.7874402
energy/site = -4.948937201
44.6373% accepted

energy = -755.7501952
energy/site = -3.778750976
44.7518% accepted

energy = -389.5597925
energy/site = -1.947798963
44.6742% accepted

energy = -195.8705449
energy/site = -0.9793527243
44.7559% accepted

energy = -265.1527402
energy/site = -1.325763701
44.5535% accepted

energy = -499.7477685
energy/site = -2.498738843
44.6036% accepted

energy = -421.3043325
energy/site = -2.106521662
44.5509% accepted

energy = -519.1952719
energy/site = -2.59597636
44.5643% accepted

energy = -239.0151415
energy/site = -1.195075708
44.7394% accepted

energy = -955.2566094
energy/site = -4.776283047
44.7838% accepted

energy = -186.4475819
energy/site = -0.9322379093
44.6427% accepted

energy = -295.9463285
energy/site = -1.479731643
44.5782% accepted

energy = -339.8186543
energy/site = -1.699093271
44.6765% accepted

energy = -255.3406905
energy/site = -1.276703452
44.6992% accepted

energy = -252.2632696
energy/site = -1.261316348
44.6738% accepted

energy = -229.5610982
energy/site = -1.147805491
44.6647% accepted

energy = -267.1094459
energy/site = -1.33554723
44.5754% accepted

energy = -293.4662691
energy/site = -1.467331345
44.5095% accepted

energy = -352.8382113
energy/site = -1.764191056
44.6165% accepted

energy = -165.6482497
energy/site = -0.8282412483
44.5398% accepted

energy = -788.0807302
energy/site = -3.940403651
44.7358% accepted

