
weighting by <swap_x> where x = 12
10 x 40 x 1 system
r   = 3  bondops changed per step 
n/N = 80  bond operators / site
its = 1000000  iterations/loop for 10000 loops

energy = -4935.67964
energy/site = -6.169599549
44.5517% accepted

energy = -306.7557279
energy/site = -0.3834446599
43.8043% accepted

energy = -4432.535977
energy/site = -5.540669972
43.6614% accepted

energy = -38.63739288
energy/site = -0.0482967411
43.7526% accepted

energy = -151.2278918
energy/site = -0.1890348647
43.8029% accepted

energy = -681.4950344
energy/site = -0.851868793
43.7578% accepted

energy = -17189.24962
energy/site = -21.48656203
43.7399% accepted

energy = -4708.754337
energy/site = -5.885942922
43.6033% accepted

energy = -1366.69499
energy/site = -1.708368737
43.7658% accepted

energy = -920.6205257
energy/site = -1.150775657
43.7319% accepted

energy = -223.1810517
energy/site = -0.2789763146
43.5725% accepted

energy = -15336.82686
energy/site = -19.17103357
43.7987% accepted

energy = -401.5115705
energy/site = -0.5018894632
43.7481% accepted

energy = -65.16751363
energy/site = -0.08145939204
43.6307% accepted

energy = -390.9648341
energy/site = -0.4887060426
43.6096% accepted

energy = -89.79469779
energy/site = -0.1122433722
43.6502% accepted

energy = -104.5383955
energy/site = -0.1306729944
43.7354% accepted

energy = -199.136915
energy/site = -0.2489211438
43.6959% accepted

energy = -148.493815
energy/site = -0.1856172687
43.6471% accepted

energy = -147.6245055
energy/site = -0.1845306319
43.6959% accepted

energy = -1619.400461
energy/site = -2.024250576
43.7362% accepted

energy = -12.66186521
energy/site = -0.01582733151
43.5827% accepted

energy = -28.91344197
energy/site = -0.03614180247
43.6431% accepted

energy = -1512.875763
energy/site = -1.891094704
43.6946% accepted

energy = -65.01262636
energy/site = -0.08126578295
43.6884% accepted

energy = -228.3172791
energy/site = -0.2853965988
43.6484% accepted

energy = -2099.433857
energy/site = -2.624292322
43.5894% accepted

energy = -188.6817983
energy/site = -0.2358522479
43.3963% accepted

energy = -72.65590968
energy/site = -0.0908198871
43.7537% accepted

energy = -567.3035117
energy/site = -0.7091293897
43.6029% accepted

energy = -4453.515281
energy/site = -5.566894102
43.7214% accepted

energy = -163.8342849
energy/site = -0.2047928562
43.8192% accepted

energy = -3373.873643
energy/site = -4.217342053
43.7748% accepted

energy = -142.9794802
energy/site = -0.1787243503
43.551% accepted

energy = -1158.40172
energy/site = -1.44800215
43.722% accepted

energy = -62.42602927
energy/site = -0.07803253659
43.6219% accepted

energy = -108.4444566
energy/site = -0.1355555707
43.6216% accepted

energy = -14.19042152
energy/site = -0.0177380269
43.6476% accepted

energy = -121.6242402
energy/site = -0.1520303003
43.7321% accepted

energy = -567.9215473
energy/site = -0.7099019341
43.7358% accepted

energy = -1612.044148
energy/site = -2.015055185
43.6795% accepted

energy = -311.8844883
energy/site = -0.3898556104
43.699% accepted

energy = -1030.066455
energy/site = -1.287583068
43.739% accepted

energy = -1154.260476
energy/site = -1.442825595
43.8037% accepted

energy = -110.1021958
energy/site = -0.1376277447
43.7444% accepted

energy = -475.2031096
energy/site = -0.594003887
43.6181% accepted

energy = -115.2337673
energy/site = -0.1440422092
43.6083% accepted

energy = -258.0870932
energy/site = -0.3226088665
43.7593% accepted

energy = -188.5821356
energy/site = -0.2357276695
43.6544% accepted

energy = -354.5122892
energy/site = -0.4431403614
43.766% accepted

energy = -694.7258053
energy/site = -0.8684072566
43.8569% accepted

energy = -1599.434284
energy/site = -1.999292855
43.5457% accepted

energy = -1523.524951
energy/site = -1.904406188
43.5081% accepted

energy = -99.41570059
energy/site = -0.1242696257
43.7333% accepted

energy = -237.3135298
energy/site = -0.2966419122
43.6396% accepted

energy = -42.94127864
energy/site = -0.0536765983
43.7978% accepted

energy = -955.2638052
energy/site = -1.194079757
43.5744% accepted

energy = -13.90425941
energy/site = -0.01738032427
43.6519% accepted

energy = -22.5691478
energy/site = -0.02821143475
43.7112% accepted

energy = -278.217442
energy/site = -0.3477718026
43.651% accepted

energy = -34.2035951
energy/site = -0.04275449387
43.7474% accepted

energy = -354.6446576
energy/site = -0.443305822
43.67% accepted

energy = -213.7745002
energy/site = -0.2672181252
43.4241% accepted

energy = -411.5977753
energy/site = -0.5144972191
43.5296% accepted

energy = -81.80838203
energy/site = -0.1022604775
43.7157% accepted

energy = -83.20053221
energy/site = -0.1040006653
43.598% accepted

energy = -676.6534192
energy/site = -0.8458167739
43.7325% accepted

energy = -149.1156922
energy/site = -0.1863946152
43.7364% accepted

energy = -367.2124643
energy/site = -0.4590155804
43.6344% accepted

energy = -3265.869684
energy/site = -4.082337105
43.5971% accepted

energy = -928.7550002
energy/site = -1.16094375
43.5941% accepted

energy = -604.117085
energy/site = -0.7551463563
43.5777% accepted

energy = -486.1632368
energy/site = -0.607704046
43.7536% accepted

energy = -45.83888755
energy/site = -0.05729860944
43.6676% accepted

energy = -100.6731647
energy/site = -0.1258414559
43.6251% accepted

energy = -441.5472129
energy/site = -0.5519340161
43.6458% accepted

energy = -316.7128309
energy/site = -0.3958910386
43.6303% accepted

energy = -203.5553218
energy/site = -0.2544441523
43.7173% accepted

energy = -2013.634657
energy/site = -2.517043322
43.6731% accepted

energy = -19583.63266
energy/site = -24.47954083
43.7151% accepted

energy = -162.6153075
energy/site = -0.2032691344
43.7189% accepted

energy = -188.3206943
energy/site = -0.2354008679
43.7512% accepted

energy = -3480.755928
energy/site = -4.35094491
43.6225% accepted

energy = -819.9157101
energy/site = -1.024894638
43.6095% accepted

energy = -150.1450564
energy/site = -0.1876813205
43.649% accepted

energy = -1073.174355
energy/site = -1.341467944
43.9271% accepted

energy = -121.3673657
energy/site = -0.1517092072
43.6867% accepted

energy = -412.8137048
energy/site = -0.516017131
43.6276% accepted

energy = -39.41440047
energy/site = -0.04926800059
43.7924% accepted

energy = -64.24688543
energy/site = -0.08030860679
43.6385% accepted

energy = -575.6412774
energy/site = -0.7195515968
43.6437% accepted

energy = -360.6986832
energy/site = -0.450873354
43.7753% accepted

energy = -54.39701483
energy/site = -0.06799626854
43.7175% accepted

energy = -8660.189209
energy/site = -10.82523651
43.7546% accepted

energy = -889.5961214
energy/site = -1.111995152
43.6437% accepted

energy = -380.3306372
energy/site = -0.4754132965
43.5551% accepted

energy = -938.0560372
energy/site = -1.172570046
43.6791% accepted

energy = -684.7178895
energy/site = -0.8558973619
43.5823% accepted

energy = -169.9713691
energy/site = -0.2124642114
43.657% accepted

energy = -26.0648473
energy/site = -0.03258105913
43.7227% accepted

energy = -1095.038278
energy/site = -1.368797848
43.5618% accepted

energy = -426.5375891
energy/site = -0.5331719863
43.7584% accepted

energy = -363.4856255
energy/site = -0.4543570318
43.7506% accepted

energy = -192.5715806
energy/site = -0.2407144758
43.837% accepted

energy = -215.9288668
energy/site = -0.2699110835
43.7531% accepted

energy = -24.31615681
energy/site = -0.03039519601
43.7816% accepted

energy = -552.8978473
energy/site = -0.6911223092
43.5712% accepted

energy = -141.7400576
energy/site = -0.177175072
43.6934% accepted

energy = -435.9268964
energy/site = -0.5449086204
43.6589% accepted

energy = -150.354759
energy/site = -0.1879434487
43.6897% accepted

energy = -1241.846578
energy/site = -1.552308223
43.6988% accepted

energy = -1660.573162
energy/site = -2.075716452
43.8191% accepted

energy = -675.6017055
energy/site = -0.8445021319
43.5938% accepted

energy = -36.43653611
energy/site = -0.04554567014
43.6479% accepted

energy = -687.9084381
energy/site = -0.8598855476
43.675% accepted

energy = -158.1492496
energy/site = -0.197686562
43.697% accepted

energy = -182.5015991
energy/site = -0.2281269989
43.6722% accepted

energy = -23020.49382
energy/site = -28.77561727
43.7627% accepted

energy = -309.3674102
energy/site = -0.3867092627
43.7704% accepted

energy = -2562.485768
energy/site = -3.20310721
43.8239% accepted

energy = -230.5664827
energy/site = -0.2882081034
43.6691% accepted

energy = -945.8441469
energy/site = -1.182305184
43.8451% accepted

energy = -281.0852482
energy/site = -0.3513565602
43.7123% accepted

energy = -231.9191669
energy/site = -0.2898989586
43.7006% accepted

energy = -81.87902694
energy/site = -0.1023487837
43.6302% accepted

energy = -1292.773477
energy/site = -1.615966847
43.8176% accepted

energy = -185.9103816
energy/site = -0.232387977
43.8259% accepted

energy = -493.7985904
energy/site = -0.6172482379
43.6017% accepted

energy = -186.7313793
energy/site = -0.2334142241
43.6885% accepted

energy = -242.9949862
energy/site = -0.3037437328
43.803% accepted

energy = -209.2521248
energy/site = -0.261565156
43.6842% accepted

energy = -88.54458335
energy/site = -0.1106807292
43.7371% accepted

energy = -78.08160057
energy/site = -0.09760200071
43.6362% accepted

energy = -2465.199208
energy/site = -3.08149901
43.6051% accepted

energy = -1536.028906
energy/site = -1.920036133
43.6381% accepted

energy = -154.0478177
energy/site = -0.1925597721
43.6973% accepted

energy = -464.6781966
energy/site = -0.5808477458
43.7365% accepted

energy = -209.3430217
energy/site = -0.2616787771
43.9088% accepted

energy = -1568.082279
energy/site = -1.960102849
43.7075% accepted

energy = -1271.479534
energy/site = -1.589349418
43.5441% accepted

energy = -589.9328736
energy/site = -0.7374160921
43.7535% accepted

energy = -430.9745222
energy/site = -0.5387181528
43.6427% accepted

energy = -191433.261
energy/site = -239.2915763
43.7074% accepted

energy = -582.5612011
energy/site = -0.7282015013
43.7534% accepted

energy = -49.21068816
energy/site = -0.06151336019
43.6081% accepted

energy = -105.4246063
energy/site = -0.1317807578
43.6864% accepted

energy = -3028.190802
energy/site = -3.785238503
43.6754% accepted

energy = -262890.0092
energy/site = -328.6125115
43.6396% accepted

energy = -93.91299887
energy/site = -0.1173912486
43.8354% accepted

energy = -6773.391954
energy/site = -8.466739942
43.7723% accepted

energy = -1122.216094
energy/site = -1.402770117
43.7337% accepted

energy = -129.0547906
energy/site = -0.1613184882
43.5235% accepted

energy = -47.93682005
energy/site = -0.05992102506
43.7259% accepted

energy = -2127.133808
energy/site = -2.65891726
43.5068% accepted

energy = -253.408592
energy/site = -0.31676074
43.64% accepted

energy = -348.8428101
energy/site = -0.4360535127
43.5871% accepted

energy = -16.4458057
energy/site = -0.02055725712
43.7323% accepted

energy = -120.742276
energy/site = -0.150927845
43.7337% accepted

energy = -261.9171085
energy/site = -0.3273963857
43.7683% accepted

energy = -1120.846215
energy/site = -1.401057769
43.5933% accepted

energy = -159.9918403
energy/site = -0.1999898004
43.4727% accepted

energy = -685.4054251
energy/site = -0.8567567814
43.6171% accepted

energy = -4143.223156
energy/site = -5.179028944
43.7797% accepted

energy = -2046.404914
energy/site = -2.558006143
43.7464% accepted

energy = -684.4101844
energy/site = -0.8555127305
43.6001% accepted

energy = -329.3334752
energy/site = -0.411666844
43.7083% accepted

energy = -138.5542502
energy/site = -0.1731928128
43.7627% accepted

energy = -165.3479075
energy/site = -0.2066848843
43.6905% accepted

energy = -10.37133576
energy/site = -0.0129641697
43.612% accepted

energy = -13.49865931
energy/site = -0.01687332414
43.7124% accepted

energy = -755.8611839
energy/site = -0.9448264799
43.4582% accepted

energy = -367.3986994
energy/site = -0.4592483742
43.7638% accepted

energy = -5018.22968
energy/site = -6.2727871
43.6538% accepted

energy = -45238.81179
energy/site = -56.54851474
43.7378% accepted

energy = -693.9450906
energy/site = -0.8674313632
43.6725% accepted

energy = -111.8755293
energy/site = -0.1398444117
43.6781% accepted

energy = -1346.921208
energy/site = -1.68365151
43.7012% accepted

energy = -50.38115275
energy/site = -0.06297644094
43.729% accepted

energy = -38.43063738
energy/site = -0.04803829673
43.6096% accepted

energy = -54.87580994
energy/site = -0.06859476243
43.7659% accepted

energy = -283.0274666
energy/site = -0.3537843332
43.7218% accepted

energy = -20.07128106
energy/site = -0.02508910133
43.7213% accepted

energy = -742.2902864
energy/site = -0.927862858
43.5975% accepted

energy = -2160.466255
energy/site = -2.700582819
43.6971% accepted

energy = -333.845132
energy/site = -0.417306415
43.5948% accepted

energy = -604.5369246
energy/site = -0.7556711558
43.6967% accepted

energy = -13.29537056
energy/site = -0.0166192132
43.7921% accepted

energy = -217.4055355
energy/site = -0.2717569194
43.63% accepted

energy = -307.6998062
energy/site = -0.3846247578
43.794% accepted

energy = -591.3525634
energy/site = -0.7391907042
43.7398% accepted

energy = -488.8596578
energy/site = -0.6110745723
43.6228% accepted

energy = -2495.062868
energy/site = -3.118828585
43.6011% accepted

energy = -9592.725635
energy/site = -11.99090704
43.7542% accepted

energy = -390.0464724
energy/site = -0.4875580905
43.7172% accepted

energy = -114772.0159
energy/site = -143.4650199
43.5497% accepted

energy = -733.6395865
energy/site = -0.9170494831
43.7624% accepted

energy = -212.957995
energy/site = -0.2661974937
43.6259% accepted

energy = -1132.195785
energy/site = -1.415244732
43.5685% accepted

energy = -816.3286276
energy/site = -1.020410784
43.7607% accepted

energy = -179.7862991
energy/site = -0.2247328739
43.7099% accepted

energy = -46.05845379
energy/site = -0.05757306724
43.6773% accepted

energy = -1499.035965
energy/site = -1.873794957
43.6507% accepted

energy = -1158.298208
energy/site = -1.447872759
43.7393% accepted

energy = -66837.97859
energy/site = -83.54747324
43.7177% accepted

energy = -327.8662107
energy/site = -0.4098327634
43.7491% accepted

energy = -651.9700737
energy/site = -0.8149625921
43.7232% accepted

energy = -1606.108713
energy/site = -2.007635891
43.7202% accepted

energy = -7867.188177
energy/site = -9.833985221
43.8223% accepted

energy = -724.1783092
energy/site = -0.9052228865
43.58% accepted

energy = -11.68388239
energy/site = -0.01460485299
43.893% accepted

energy = -1579.059675
energy/site = -1.973824594
43.7556% accepted

energy = -3327.415566
energy/site = -4.159269457
43.5503% accepted

energy = -8933.233379
energy/site = -11.16654172
43.6344% accepted

energy = -216.7021037
energy/site = -0.2708776297
43.7321% accepted

energy = -19.50815388
energy/site = -0.02438519235
43.837% accepted

energy = -7162.658254
energy/site = -8.953322818
43.5624% accepted

energy = -32.71554586
energy/site = -0.04089443233
43.5803% accepted

energy = -1225.410535
energy/site = -1.531763169
43.6735% accepted

energy = -1387.587948
energy/site = -1.734484935
43.7306% accepted

energy = -651.23696
energy/site = -0.8140461999
43.6051% accepted

energy = -2476.120367
energy/site = -3.095150458
43.768% accepted

energy = -288.5679172
energy/site = -0.3607098965
43.5996% accepted

energy = -231.057687
energy/site = -0.2888221087
43.8168% accepted

energy = -484.0420287
energy/site = -0.6050525358
43.7295% accepted

energy = -378.1804308
energy/site = -0.4727255385
43.6211% accepted

energy = -455.4930598
energy/site = -0.5693663247
43.7049% accepted

energy = -1178.808827
energy/site = -1.473511033
43.5931% accepted

energy = -611.4863686
energy/site = -0.7643579608
43.785% accepted

energy = -78.60556937
energy/site = -0.09825696171
43.6666% accepted

energy = -46.17896834
energy/site = -0.05772371042
43.7643% accepted

energy = -51.38423841
energy/site = -0.06423029801
43.7869% accepted

energy = -16610.4881
energy/site = -20.76311013
43.57% accepted

energy = -107.8813742
energy/site = -0.1348517177
43.6625% accepted

energy = -2687.64193
energy/site = -3.359552412
43.7804% accepted

energy = -109.879881
energy/site = -0.1373498513
43.6364% accepted

energy = -83.63777341
energy/site = -0.1045472168
43.71% accepted

energy = -557.917663
energy/site = -0.6973970787
43.771% accepted

energy = -705.5921008
energy/site = -0.881990126
43.6025% accepted

energy = -298.0276789
energy/site = -0.3725345987
43.7232% accepted

energy = -1068.937627
energy/site = -1.336172033
43.7525% accepted

energy = -906.9020423
energy/site = -1.133627553
43.7366% accepted

energy = -85.11022631
energy/site = -0.1063877829
43.6668% accepted

energy = -205.8758573
energy/site = -0.2573448216
43.7102% accepted

energy = -92.35723073
energy/site = -0.1154465384
43.5983% accepted

energy = -190.1581317
energy/site = -0.2376976646
43.6143% accepted

energy = -1647.74582
energy/site = -2.059682275
43.7167% accepted

energy = -479.6039395
energy/site = -0.5995049244
43.7094% accepted

energy = -644.5909447
energy/site = -0.8057386809
43.6235% accepted

energy = -3523.234372
energy/site = -4.404042966
43.6929% accepted

energy = -81.38523986
energy/site = -0.1017315498
43.6817% accepted

energy = -488.9900225
energy/site = -0.6112375281
43.8191% accepted

energy = -644.4867805
energy/site = -0.8056084757
43.6878% accepted

energy = -9178.227512
energy/site = -11.47278439
43.6887% accepted

energy = -55.89089117
energy/site = -0.06986361397
43.6111% accepted

energy = -1294.356505
energy/site = -1.617945631
43.7349% accepted

energy = -289.0367158
energy/site = -0.3612958948
43.7037% accepted

energy = -28.58847729
energy/site = -0.03573559661
43.453% accepted

energy = -171.5993464
energy/site = -0.214499183
43.7639% accepted

energy = -572.8033523
energy/site = -0.7160041904
43.719% accepted

energy = -123.3195465
energy/site = -0.1541494331
43.6375% accepted

energy = -296.5444581
energy/site = -0.3706805726
43.607% accepted

energy = -1771.442841
energy/site = -2.214303551
43.7147% accepted

energy = -478.4685035
energy/site = -0.5980856294
43.7563% accepted

energy = -87.36771354
energy/site = -0.1092096419
43.7599% accepted

energy = -98.77431087
energy/site = -0.1234678886
43.4895% accepted

energy = -51.86116871
energy/site = -0.06482646089
43.735% accepted

energy = -67.52387029
energy/site = -0.08440483786
43.7262% accepted

energy = -67.44979689
energy/site = -0.08431224611
43.6762% accepted

energy = -276.4783664
energy/site = -0.345597958
43.7863% accepted

energy = -2022.974574
energy/site = -2.528718218
43.6648% accepted

energy = -303.7764952
energy/site = -0.3797206191
43.5883% accepted

energy = -717.8378933
energy/site = -0.8972973666
43.4986% accepted

User defined signal 2

------------------------------------------------------------
Sender: LSF System <lsfadmin@wha437>
Subject: Job 3220366: <./torus12> Exited

Job <./torus12> was submitted from host <wha781> by user <akallin>.
Job was executed on host(s) <wha437>, in queue <serial>, as user <akallin>.
</home/akallin> was used as the home directory.
</work/akallin/TORUS/10leg/12> was used as the working directory.
Started at Thu May 27 08:59:44 2010
Results reported at Thu Jun  3 09:30:18 2010

Your job looked like:

------------------------------------------------------------
# LSBATCH: User input
./torus12
------------------------------------------------------------

TERM_RUNLIMIT: job killed after reaching LSF run time limit.
Exited with signal termination: Killed.

Resource usage summary:

    CPU time   : 470996.00 sec.
    Max Memory :         6 MB
    Max Swap   :       131 MB

    Max Processes  :         4
    Max Threads    :         4

The output (if any) is above this job summary.

