
weighting by <swap_x> where x = 7
7 x 28 x 1 system
r   = 3  bondops changed per step 
n/N = 80  bond operators / site
its = 1000000  iterations/loop for 10000 loops

energy = -281.5180572
energy/site = -0.7181583092
44.8481% accepted

energy = -245.7339448
energy/site = -0.6268723081
44.4455% accepted

energy = -852.4021622
energy/site = -2.174495312
44.4765% accepted

energy = -604.8087778
energy/site = -1.542879535
44.3093% accepted

energy = -983.3465276
energy/site = -2.50853706
44.4514% accepted

energy = -752.4588681
energy/site = -1.919537929
44.2013% accepted

energy = -4448.811145
energy/site = -11.34900802
44.4485% accepted

energy = -1917.709041
energy/site = -4.8921149
44.367% accepted

energy = -840.3337386
energy/site = -2.143708517
44.3302% accepted

energy = -1232.47697
energy/site = -3.144073904
44.2381% accepted

energy = -7093.142407
energy/site = -18.09475104
44.4386% accepted

energy = -1262.655222
energy/site = -3.221059239
44.5384% accepted

energy = -244.3674203
energy/site = -0.6233862764
44.392% accepted

energy = -1887.276859
energy/site = -4.814481784
44.4723% accepted

energy = -325.30714
energy/site = -0.829865153
44.3146% accepted

energy = -376.3803229
energy/site = -0.960153885
44.4798% accepted

energy = -44056.08535
energy/site = -112.3879728
44.2956% accepted

energy = -652.7264932
energy/site = -1.665118605
44.4371% accepted

energy = -673.5888465
energy/site = -1.718338894
44.3712% accepted

energy = -389.3420928
energy/site = -0.9932196244
44.4413% accepted

energy = -285.3419101
energy/site = -0.7279130359
44.2087% accepted

energy = -687.1193321
energy/site = -1.752855439
44.2939% accepted

energy = -425.3798852
energy/site = -1.085152768
44.302% accepted

energy = -644.344282
energy/site = -1.643735413
44.4462% accepted

energy = -1840.573543
energy/site = -4.695340671
44.363% accepted

energy = -452.7152878
energy/site = -1.154885938
44.3302% accepted

energy = -732.5840115
energy/site = -1.868836764
44.5228% accepted

energy = -1029.049803
energy/site = -2.625127049
44.3764% accepted

energy = -637.9428757
energy/site = -1.627405295
44.3739% accepted

energy = -793.5796076
energy/site = -2.024437774
44.4825% accepted

energy = -3292.47861
energy/site = -8.399180127
44.3824% accepted

energy = -811.3528959
energy/site = -2.069777796
44.329% accepted

energy = -637.5806569
energy/site = -1.626481268
44.3283% accepted

energy = -554.3282474
energy/site = -1.414102672
44.3367% accepted

energy = -822.7880607
energy/site = -2.098949134
44.5026% accepted

energy = -1537.879121
energy/site = -3.923161024
44.3721% accepted

energy = -568.0505171
energy/site = -1.449108462
44.1907% accepted

energy = -426.4314308
energy/site = -1.087835283
44.454% accepted

energy = -342.3809627
energy/site = -0.8734208232
44.3976% accepted

energy = -3960.204608
energy/site = -10.10256278
44.3126% accepted

energy = -5888.375158
energy/site = -15.0213652
44.3621% accepted

energy = -1711.218097
energy/site = -4.36535229
44.5196% accepted

energy = -1176.375408
energy/site = -3.000957674
44.3906% accepted

energy = -749.0120884
energy/site = -1.910745123
44.3614% accepted

energy = -1158.300858
energy/site = -2.954849127
44.4007% accepted

energy = -2316.539917
energy/site = -5.909540604
44.363% accepted

energy = -3515.69475
energy/site = -8.968609056
44.4097% accepted

energy = -1103.533487
energy/site = -2.815136448
44.5166% accepted

energy = -778.6580578
energy/site = -1.986372596
44.4785% accepted

energy = -492.1663385
energy/site = -1.255526374
44.3659% accepted

energy = -1348.911557
energy/site = -3.441100912
44.2378% accepted

energy = -1171.82572
energy/site = -2.989351326
44.4933% accepted

energy = -1156.376319
energy/site = -2.94993959
44.2622% accepted

energy = -856.2176456
energy/site = -2.184228688
44.4568% accepted

energy = -2006.295556
energy/site = -5.118100908
44.4341% accepted

energy = -1422.435373
energy/site = -3.628661665
44.3808% accepted

energy = -1267.399154
energy/site = -3.233161108
44.3036% accepted

energy = -1348.781675
energy/site = -3.440769579
44.4127% accepted

energy = -530.8828929
energy/site = -1.354293094
44.3859% accepted

energy = -370.1882874
energy/site = -0.9443578759
44.3831% accepted

energy = -972.3663689
energy/site = -2.480526451
44.487% accepted

energy = -1274.475033
energy/site = -3.25121182
44.3066% accepted

energy = -426.4093839
energy/site = -1.087779041
44.3123% accepted

energy = -1699.942097
energy/site = -4.336586983
44.3842% accepted

energy = -311.4057156
energy/site = -0.7944023357
44.2318% accepted

energy = -594.0466716
energy/site = -1.515425183
44.3809% accepted

energy = -221.514006
energy/site = -0.5650867501
44.2959% accepted

energy = -426.411354
energy/site = -1.087784066
44.4338% accepted

energy = -688.820465
energy/site = -1.757195064
44.2794% accepted

energy = -357.5820472
energy/site = -0.9121990999
44.3329% accepted

energy = -770.371165
energy/site = -1.965232564
44.4742% accepted

energy = -1024.367696
energy/site = -2.613182897
44.4075% accepted

energy = -1727.055488
energy/site = -4.405753796
44.407% accepted

energy = -1198.299679
energy/site = -3.056886936
44.4611% accepted

energy = -990.4539954
energy/site = -2.526668356
44.2605% accepted

energy = -1430.113921
energy/site = -3.648249799
44.4226% accepted

energy = -1633.976116
energy/site = -4.168306418
44.3231% accepted

energy = -595.6306485
energy/site = -1.51946594
44.4888% accepted

energy = -224.6406409
energy/site = -0.5730628594
44.2746% accepted

energy = -17483.86687
energy/site = -44.60170121
44.3165% accepted

energy = -1425.504187
energy/site = -3.636490272
44.3151% accepted

energy = -992.9151952
energy/site = -2.532946926
44.4369% accepted

energy = -895.407658
energy/site = -2.284203209
44.3504% accepted

energy = -1381.124647
energy/site = -3.52327716
44.352% accepted

energy = -504.8329794
energy/site = -1.287839233
44.4604% accepted

energy = -250.4265485
energy/site = -0.6388432359
44.3758% accepted

energy = -1722.200743
energy/site = -4.393369242
44.3438% accepted

energy = -610.0752891
energy/site = -1.556314513
44.3835% accepted

energy = -610.7833604
energy/site = -1.558120817
44.2102% accepted

energy = -846.6304667
energy/site = -2.159771599
44.3541% accepted

energy = -1673.35926
energy/site = -4.268773622
44.3829% accepted

energy = -5472.281197
energy/site = -13.95990101
44.4705% accepted

energy = -421.9255212
energy/site = -1.076340615
44.2494% accepted

energy = -441.1159944
energy/site = -1.125295904
44.2777% accepted

energy = -909.5478966
energy/site = -2.320275246
44.3646% accepted

energy = -601.3030242
energy/site = -1.533936286
44.4569% accepted

energy = -347.8604968
energy/site = -0.8873992265
44.3627% accepted

energy = -829.374352
energy/site = -2.115750898
44.1796% accepted

energy = -510.8167695
energy/site = -1.303104004
44.2667% accepted

energy = -1272.596652
energy/site = -3.246420031
44.3004% accepted

energy = -3674.967533
energy/site = -9.374917177
44.399% accepted

energy = -956.8012987
energy/site = -2.44081964
44.4123% accepted

energy = -949.1005693
energy/site = -2.421174922
44.3812% accepted

energy = -436.8578039
energy/site = -1.114433173
44.245% accepted

energy = -731.7363106
energy/site = -1.866674262
44.3126% accepted

energy = -468.9208425
energy/site = -1.196226639
44.4322% accepted

energy = -604.015478
energy/site = -1.540855811
44.2686% accepted

energy = -379.512795
energy/site = -0.9681448853
44.4065% accepted

energy = -1550.710188
energy/site = -3.955893337
44.2766% accepted

energy = -704.5133153
energy/site = -1.797227845
44.4333% accepted

energy = -835.520571
energy/site = -2.131430028
44.3897% accepted

energy = -664.6507109
energy/site = -1.695537528
44.4387% accepted

energy = -368.8699563
energy/site = -0.9409947866
44.3903% accepted

energy = -735.9942499
energy/site = -1.877536352
44.2673% accepted

energy = -3476.809057
energy/site = -8.86941086
44.4075% accepted

energy = -5291.126867
energy/site = -13.49777262
44.0981% accepted

energy = -11767.80824
energy/site = -30.01991899
44.5116% accepted

energy = -435.7892245
energy/site = -1.111707205
44.643% accepted

energy = -1242.230512
energy/site = -3.168955387
44.2651% accepted

energy = -1106.136308
energy/site = -2.821776296
44.2876% accepted

energy = -2205.821009
energy/site = -5.627094412
44.294% accepted

energy = -1408.795707
energy/site = -3.5938666
44.2856% accepted

energy = -1245.046432
energy/site = -3.176138856
44.3746% accepted

energy = -1129.851008
energy/site = -2.882272981
44.325% accepted

energy = -1226.864877
energy/site = -3.129757339
44.3789% accepted

energy = -573.6443407
energy/site = -1.46337842
44.4769% accepted

energy = -1523.500641
energy/site = -3.886481227
44.2814% accepted

energy = -552.5253797
energy/site = -1.40950352
44.3784% accepted

energy = -595.1952015
energy/site = -1.518355106
44.3362% accepted

energy = -1057.076333
energy/site = -2.696623299
44.2413% accepted

energy = -342.9239731
energy/site = -0.8748060537
44.4679% accepted

energy = -2844.173101
energy/site = -7.255543625
44.3789% accepted

energy = -1453.256658
energy/site = -3.707287394
44.3102% accepted

energy = -1342.016337
energy/site = -3.423511064
44.3132% accepted

energy = -1122.592717
energy/site = -2.86375693
44.3635% accepted

energy = -2007.730664
energy/site = -5.121761898
44.3403% accepted

energy = -797.4871992
energy/site = -2.03440612
44.3703% accepted

energy = -798.6682773
energy/site = -2.037419075
44.1844% accepted

energy = -752.43106
energy/site = -1.91946699
44.3795% accepted

energy = -827.0048768
energy/site = -2.109706318
44.4142% accepted

energy = -731.8933558
energy/site = -1.867074887
44.3875% accepted

energy = -802.4882201
energy/site = -2.047163827
44.3801% accepted

energy = -422.9523456
energy/site = -1.078960065
44.3512% accepted

energy = -1282.652011
energy/site = -3.272071457
44.4029% accepted

energy = -1946.500915
energy/site = -4.965563559
44.3843% accepted

energy = -1702.317264
energy/site = -4.342646082
44.2736% accepted

energy = -931.2037847
energy/site = -2.375519859
44.2113% accepted

energy = -7101.572559
energy/site = -18.11625653
44.4143% accepted

energy = -1525.72189
energy/site = -3.892147679
44.3951% accepted

energy = -1012.696289
energy/site = -2.583408901
44.2558% accepted

energy = -4618.692527
energy/site = -11.7823789
44.4557% accepted

energy = -335.2732419
energy/site = -0.8552888824
44.4694% accepted

energy = -3310.664413
energy/site = -8.445572483
44.2742% accepted

energy = -1583.002302
energy/site = -4.038271179
44.2317% accepted

energy = -723.5940411
energy/site = -1.845903166
44.4627% accepted

energy = -1257.931931
energy/site = -3.209010027
44.3023% accepted

energy = -548.0895631
energy/site = -1.398187661
44.4819% accepted

energy = -259.8986449
energy/site = -0.6630067471
44.5223% accepted

energy = -1714.298444
energy/site = -4.373210316
44.347% accepted

energy = -689.1194904
energy/site = -1.757957884
44.5277% accepted

energy = -1615.429143
energy/site = -4.120992713
44.4845% accepted

energy = -714.713858
energy/site = -1.823249638
44.3065% accepted

energy = -1025.678127
energy/site = -2.616525834
44.3601% accepted

energy = -1065.598167
energy/site = -2.718362672
44.5162% accepted

energy = -886.7348323
energy/site = -2.262078654
44.4437% accepted

energy = -879.3806319
energy/site = -2.243317939
44.4259% accepted

energy = -715.516418
energy/site = -1.825296985
44.526% accepted

energy = -426.7162537
energy/site = -1.088561872
44.4265% accepted

energy = -770.4671938
energy/site = -1.965477535
44.4689% accepted

energy = -763.6740808
energy/site = -1.948148165
44.5092% accepted

energy = -995.479974
energy/site = -2.53948973
44.2578% accepted

energy = -239.2881348
energy/site = -0.6104289153
44.375% accepted

energy = -262.8719033
energy/site = -0.67059159
44.356% accepted

energy = -1887.874834
energy/site = -4.816007231
44.4743% accepted

energy = -1296.238152
energy/site = -3.306729981
44.2734% accepted

energy = -425.9154199
energy/site = -1.086518928
44.4314% accepted

energy = -1499.581258
energy/site = -3.825462392
44.277% accepted

energy = -9747.541209
energy/site = -24.86617655
44.3999% accepted

energy = -1474.422592
energy/site = -3.761282122
44.4417% accepted

energy = -2466.729211
energy/site = -6.292676559
44.4346% accepted

energy = -460.8543942
energy/site = -1.175648965
44.4341% accepted

energy = -1863.072176
energy/site = -4.752735143
44.4396% accepted

energy = -863.7369367
energy/site = -2.203410553
44.6025% accepted

energy = -549.0663084
energy/site = -1.400679358
44.2015% accepted

energy = -1663.337586
energy/site = -4.243208127
44.5349% accepted

energy = -289.009589
energy/site = -0.7372693598
44.3129% accepted

energy = -802.2913593
energy/site = -2.046661631
44.5309% accepted

energy = -147.4743452
energy/site = -0.3762100643
44.4136% accepted

energy = -1934.192458
energy/site = -4.934164433
44.3039% accepted

energy = -1406.495156
energy/site = -3.587997846
44.4068% accepted

energy = -635.4286071
energy/site = -1.620991345
44.4072% accepted

energy = -447.9658546
energy/site = -1.142770037
44.3022% accepted

energy = -1057.190714
energy/site = -2.696915087
44.4284% accepted

energy = -880.9851769
energy/site = -2.247411166
44.3283% accepted

energy = -2195.634346
energy/site = -5.601108025
44.421% accepted

energy = -642.7707112
energy/site = -1.639721202
44.2443% accepted

energy = -789.2987802
energy/site = -2.013517296
44.5194% accepted

energy = -1123.80167
energy/site = -2.866840994
44.4556% accepted

energy = -769.4705606
energy/site = -1.962935103
44.2561% accepted

energy = -2429.96975
energy/site = -6.198902424
44.3297% accepted

energy = -525.4771042
energy/site = -1.340502817
44.284% accepted

energy = -440.5151461
energy/site = -1.123763128
44.4233% accepted

energy = -554.1900244
energy/site = -1.413750062
44.339% accepted

energy = -961.8414028
energy/site = -2.453677048
44.4404% accepted

energy = -1254.206445
energy/site = -3.199506237
44.2928% accepted

energy = -139.7977808
energy/site = -0.3566269918
44.3856% accepted

energy = -499.31895
energy/site = -1.273772832
44.3884% accepted

energy = -181.0292564
energy/site = -0.4618093275
44.4572% accepted

energy = -457.6017218
energy/site = -1.167351331
44.4434% accepted

energy = -545.6081506
energy/site = -1.391857527
44.4327% accepted

energy = -3837.037561
energy/site = -9.788361125
44.2563% accepted

energy = -656.4593197
energy/site = -1.674641122
44.3641% accepted

energy = -3817.475502
energy/site = -9.738457913
44.4458% accepted

energy = -1548.992014
energy/site = -3.951510239
44.2449% accepted

energy = -3887.544057
energy/site = -9.917204226
44.4713% accepted

energy = -961.8869533
energy/site = -2.453793248
44.3515% accepted

energy = -549.5091244
energy/site = -1.401808991
44.3237% accepted

energy = -352.8628582
energy/site = -0.9001603524
44.3363% accepted

energy = -1601.998409
energy/site = -4.086730634
44.1989% accepted

energy = -1137.533548
energy/site = -2.901871297
44.3184% accepted

energy = -1535.747677
energy/site = -3.917723665
44.3783% accepted

energy = -900.0553941
energy/site = -2.296059679
44.3784% accepted

energy = -315.9825327
energy/site = -0.8060778896
44.3215% accepted

energy = -500.2562154
energy/site = -1.276163815
44.4725% accepted

energy = -2762.933127
energy/site = -7.048298792
44.3345% accepted

energy = -719.2207527
energy/site = -1.834746818
44.492% accepted

energy = -1271.853646
energy/site = -3.244524608
44.2866% accepted

energy = -341.8145464
energy/site = -0.8719758837
44.4053% accepted

energy = -781.6107803
energy/site = -1.993905052
44.2812% accepted

energy = -417.5858653
energy/site = -1.065270065
44.2971% accepted

energy = -1662.002313
energy/site = -4.239801818
44.2999% accepted

energy = -4133.723352
energy/site = -10.54521263
44.4246% accepted

energy = -1672.857283
energy/site = -4.267493068
44.4231% accepted

energy = -723.2778538
energy/site = -1.845096566
44.3654% accepted

energy = -1486.906857
energy/site = -3.793129736
44.4301% accepted

energy = -740.6496716
energy/site = -1.889412428
44.4599% accepted

energy = -425.9049063
energy/site = -1.086492108
44.449% accepted

energy = -291.9274872
energy/site = -0.7447129775
44.2898% accepted

energy = -799.5921763
energy/site = -2.03977596
44.3116% accepted

energy = -461.579233
energy/site = -1.177498043
44.3903% accepted

energy = -439.2769361
energy/site = -1.120604429
44.4054% accepted

energy = -2139.259135
energy/site = -5.457293713
44.338% accepted

energy = -468.5169264
energy/site = -1.195196241
44.4372% accepted

energy = -1516.456184
energy/site = -3.868510674
44.3349% accepted

energy = -1224.799743
energy/site = -3.124489141
44.4848% accepted

energy = -715.5720556
energy/site = -1.825438917
44.5058% accepted

energy = -1465.908444
energy/site = -3.739562356
44.2947% accepted

energy = -813.4971766
energy/site = -2.0752479
44.3355% accepted

energy = -942.5714457
energy/site = -2.404518994
44.4759% accepted

energy = -599.102464
energy/site = -1.528322612
44.3824% accepted

energy = -324.4321264
energy/site = -0.8276329754
44.3356% accepted

energy = -528.1429836
energy/site = -1.34730353
44.3722% accepted

energy = -710.4401543
energy/site = -1.812347333
44.3124% accepted

energy = -1512.812575
energy/site = -3.859215753
44.4374% accepted

energy = -555.826289
energy/site = -1.417924207
44.5112% accepted

energy = -505.678327
energy/site = -1.289995732
44.4455% accepted

energy = -204.1949585
energy/site = -0.5209055065
44.3989% accepted

energy = -331.5386411
energy/site = -0.8457618394
44.4222% accepted

energy = -757.2141997
energy/site = -1.931668877
44.4206% accepted

energy = -1810.653245
energy/site = -4.619013381
44.4409% accepted

energy = -776.6409841
energy/site = -1.981227
44.3743% accepted

energy = -917.6325911
energy/site = -2.340899467
44.4863% accepted

energy = -1080.234647
energy/site = -2.75570063
44.2681% accepted

energy = -485.1032162
energy/site = -1.237508205
44.4744% accepted

energy = -737.0566384
energy/site = -1.880246526
44.5253% accepted

energy = -1067.364485
energy/site = -2.722868583
44.4354% accepted

energy = -2437.58768
energy/site = -6.218335917
44.4009% accepted

energy = -507.9670224
energy/site = -1.295834241
44.3141% accepted

energy = -1060.697518
energy/site = -2.705861015
44.4508% accepted

energy = -315.9967592
energy/site = -0.8061141815
44.2713% accepted

energy = -706.3443579
energy/site = -1.801898872
44.3569% accepted

energy = -2958.550843
energy/site = -7.547323578
44.4005% accepted

energy = -595.0177181
energy/site = -1.517902342
44.1567% accepted

energy = -7705.096766
energy/site = -19.6558591
44.39% accepted

energy = -1235.102986
energy/site = -3.150772924
44.459% accepted

energy = -480.2741026
energy/site = -1.225189037
44.3214% accepted

energy = -178.3916636
energy/site = -0.4550807745
44.3495% accepted

energy = -908.1590867
energy/site = -2.316732364
44.4904% accepted

energy = -389.2106206
energy/site = -0.9928842363
44.3766% accepted

energy = -683.9330435
energy/site = -1.744727152
44.3216% accepted

energy = -311.1098199
energy/site = -0.7936474998
44.3741% accepted

energy = -1603.82506
energy/site = -4.091390459
44.5059% accepted

energy = -1100.506398
energy/site = -2.807414282
44.3388% accepted

energy = -518.0932875
energy/site = -1.32166655
44.3102% accepted

energy = -708.251123
energy/site = -1.806763069
44.4317% accepted

energy = -1566.086051
energy/site = -3.995117477
44.3433% accepted

energy = -723.6389853
energy/site = -1.84601782
44.4613% accepted

energy = -2750.915059
energy/site = -7.017640456
44.2699% accepted

energy = -1611.180845
energy/site = -4.110155217
44.377% accepted

energy = -1487.744206
energy/site = -3.795265831
44.3181% accepted

energy = -419.377019
energy/site = -1.069839334
44.4989% accepted

energy = -619.7063915
energy/site = -1.580883652
44.3382% accepted

energy = -1819.708786
energy/site = -4.64211425
44.3421% accepted

energy = -790.7690545
energy/site = -2.017267996
44.4246% accepted

energy = -1874.717193
energy/site = -4.78244182
44.3388% accepted

energy = -356.5439384
energy/site = -0.9095508632
44.3683% accepted

energy = -939.8062232
energy/site = -2.397464855
44.4196% accepted

energy = -1012.244182
energy/site = -2.582255566
44.4655% accepted

energy = -1958.19516
energy/site = -4.995395816
44.2726% accepted

energy = -1818.970013
energy/site = -4.640229625
44.4245% accepted

energy = -4848.580861
energy/site = -12.36882873
44.4278% accepted

energy = -1470.420202
energy/site = -3.751071943
44.2293% accepted

energy = -860.0467013
energy/site = -2.193996687
44.4327% accepted

energy = -1512.979784
energy/site = -3.859642307
44.26% accepted

energy = -1283.70301
energy/site = -3.274752576
44.4244% accepted

energy = -804.0696387
energy/site = -2.051198058
44.2809% accepted

energy = -731.881441
energy/site = -1.867044492
44.2229% accepted

energy = -919.7143227
energy/site = -2.346210007
44.3633% accepted

energy = -479.1189709
energy/site = -1.222242273
44.3733% accepted

energy = -1247.700669
energy/site = -3.182909869
44.3903% accepted

energy = -114.6931317
energy/site = -0.2925845196
44.4523% accepted

energy = -649.3364311
energy/site = -1.656470488
44.5058% accepted

energy = -524.6993043
energy/site = -1.338518634
44.4569% accepted

energy = -1037.758255
energy/site = -2.647342488
44.3175% accepted

energy = -303.6451827
energy/site = -0.774605058
44.3526% accepted

energy = -1107.632156
energy/site = -2.825592234
44.4759% accepted

energy = -316.2654617
energy/site = -0.8067996471
44.4245% accepted

energy = -1181.467151
energy/site = -3.013946814
44.3229% accepted

energy = -555.9348969
energy/site = -1.418201268
44.2046% accepted

energy = -956.975687
energy/site = -2.441264508
44.2836% accepted

energy = -1035.163657
energy/site = -2.640723614
44.3338% accepted

energy = -440.6606519
energy/site = -1.124134316
44.3995% accepted

energy = -1545.324995
energy/site = -3.9421556
44.5065% accepted

energy = -759.0732849
energy/site = -1.936411441
44.3934% accepted

energy = -1235.842527
energy/site = -3.152659509
44.3617% accepted

energy = -539.5930042
energy/site = -1.376512766
44.4835% accepted

energy = -2443.63875
energy/site = -6.233772321
44.45% accepted

energy = -932.1302972
energy/site = -2.377883411
44.5688% accepted

energy = -2256.379642
energy/site = -5.756070516
44.4989% accepted

energy = -1705.923522
energy/site = -4.351845719
44.3151% accepted

energy = -593.3481667
energy/site = -1.513643282
44.4299% accepted

energy = -1547.619339
energy/site = -3.948008519
44.4531% accepted

energy = -734.0422751
energy/site = -1.872556824
44.4288% accepted

energy = -378.5189802
energy/site = -0.9656096434
44.427% accepted

energy = -1668.437604
energy/site = -4.256218378
44.2306% accepted

energy = -812.8900174
energy/site = -2.073699024
44.2367% accepted

energy = -3511.253619
energy/site = -8.95727964
44.4154% accepted

energy = -1850.4765
energy/site = -4.720603316
44.3902% accepted

energy = -2967.375536
energy/site = -7.569835551
44.4265% accepted

energy = -4046.000657
energy/site = -10.32143025
44.3468% accepted

energy = -732.2888546
energy/site = -1.868083813
44.2201% accepted

energy = -335.1637706
energy/site = -0.8550096188
44.2537% accepted

energy = -254.5838184
energy/site = -0.6494485164
44.3392% accepted

energy = -2410.728649
energy/site = -6.149817982
44.366% accepted

energy = -505.8764965
energy/site = -1.290501267
44.4567% accepted

energy = -895.9627365
energy/site = -2.285619226
44.4841% accepted

energy = -1164.562009
energy/site = -2.970821452
44.4502% accepted

energy = -682.0948279
energy/site = -1.740037826
44.3083% accepted

energy = -833.9210201
energy/site = -2.127349541
44.36% accepted

energy = -2493.812287
energy/site = -6.361766039
44.3484% accepted

energy = -3579.113708
energy/site = -9.130392113
44.3076% accepted

energy = -341.3328389
energy/site = -0.8707470379
44.2815% accepted

energy = -1428.614038
energy/site = -3.644423565
44.2373% accepted

energy = -1669.444097
energy/site = -4.258785961
44.4011% accepted

energy = -810.7963031
energy/site = -2.068357916
44.4433% accepted

energy = -648.8441417
energy/site = -1.655214647
44.4146% accepted

energy = -571.4431554
energy/site = -1.457763151
44.5666% accepted

energy = -1984.512081
energy/site = -5.062530818
44.4324% accepted

energy = -797.1873044
energy/site = -2.033641083
44.3054% accepted

energy = -899.6502593
energy/site = -2.295026172
44.343% accepted

energy = -4357.806068
energy/site = -11.11685221
44.4337% accepted

energy = -1614.97546
energy/site = -4.119835358
44.3434% accepted

energy = -5899.656983
energy/site = -15.05014537
44.3259% accepted

energy = -1886.065767
energy/site = -4.811392264
44.3697% accepted

energy = -1932.779982
energy/site = -4.930561177
44.3216% accepted

energy = -364.0753829
energy/site = -0.9287637319
44.1804% accepted

energy = -2308.390361
energy/site = -5.888750921
44.3076% accepted

energy = -500.4319172
energy/site = -1.276612034
44.4525% accepted

energy = -914.6192338
energy/site = -2.333212331
44.3935% accepted

energy = -936.147046
energy/site = -2.388130219
44.2791% accepted

energy = -1092.896562
energy/site = -2.788001434
44.293% accepted

energy = -573.2790511
energy/site = -1.462446559
44.3174% accepted

energy = -901.0288931
energy/site = -2.298543095
44.3582% accepted

energy = -97.84740452
energy/site = -0.2496107258
44.3415% accepted

energy = -386.7145041
energy/site = -0.986516592
44.4021% accepted

energy = -1167.961467
energy/site = -2.979493538
44.391% accepted

energy = -1093.548836
energy/site = -2.789665399
44.5986% accepted

energy = -822.8548387
energy/site = -2.099119486
44.2873% accepted

energy = -2782.087928
energy/site = -7.097163081
44.3005% accepted

energy = -1019.417103
energy/site = -2.600553835
44.2486% accepted

energy = -708.1596745
energy/site = -1.806529782
44.3523% accepted

energy = -1316.47878
energy/site = -3.358364236
44.3726% accepted

energy = -230.66915
energy/site = -0.5884417092
44.4892% accepted

energy = -913.9559404
energy/site = -2.331520256
44.3876% accepted

energy = -2881.869731
energy/site = -7.351708498
44.3189% accepted

energy = -1136.745432
energy/site = -2.899860796
44.3183% accepted

energy = -261.7588483
energy/site = -0.6677521641
44.3239% accepted

energy = -824.4632015
energy/site = -2.103222453
44.4057% accepted

energy = -4532.56587
energy/site = -11.56266804
44.4381% accepted

energy = -902.8267586
energy/site = -2.303129486
44.4117% accepted

energy = -4239.993935
energy/site = -10.81631106
44.3338% accepted

energy = -5985.632691
energy/site = -15.26947115
44.3868% accepted

energy = -7148.802156
energy/site = -18.23674019
44.3586% accepted

energy = -555.688783
energy/site = -1.417573426
44.2982% accepted

energy = -680.8107743
energy/site = -1.736762179
44.2592% accepted

energy = -653.6497463
energy/site = -1.667473843
44.4129% accepted

energy = -459.5945152
energy/site = -1.172434988
44.338% accepted

energy = -371.2135325
energy/site = -0.9469732973
44.4272% accepted

energy = -3245.364684
energy/site = -8.27899154
44.4623% accepted

energy = -3019.505838
energy/site = -7.702821014
44.3292% accepted

energy = -368.855204
energy/site = -0.940957153
44.1755% accepted

energy = -3412.258235
energy/site = -8.704740395
44.1699% accepted

energy = -1033.942027
energy/site = -2.637607212
44.269% accepted

energy = -462.652876
energy/site = -1.180236929
44.4548% accepted

energy = -1177.21009
energy/site = -3.003086965
44.2995% accepted

energy = -973.8547482
energy/site = -2.484323337
44.3412% accepted

energy = -1367.032897
energy/site = -3.48732882
44.3296% accepted

energy = -346.2264092
energy/site = -0.8832306358
44.4045% accepted

energy = -1016.508314
energy/site = -2.593133455
44.357% accepted

energy = -3765.701601
energy/site = -9.606381636
44.4167% accepted

energy = -516.5697992
energy/site = -1.3177801
44.267% accepted

energy = -493.7527433
energy/site = -1.259573325
44.3694% accepted

energy = -1849.207506
energy/site = -4.717366087
44.3364% accepted

energy = -1539.526343
energy/site = -3.92736312
44.3849% accepted

energy = -942.6211664
energy/site = -2.404645833
44.329% accepted

energy = -1471.103906
energy/site = -3.752816087
44.1485% accepted

energy = -1846.030419
energy/site = -4.709261274
44.3467% accepted

energy = -1780.936233
energy/site = -4.543204677
44.434% accepted

energy = -479.2689033
energy/site = -1.222624753
44.2967% accepted

energy = -519.9709972
energy/site = -1.326456625
44.2791% accepted

energy = -4691.398038
energy/site = -11.96785214
44.3749% accepted

energy = -807.3654798
energy/site = -2.059605816
44.2636% accepted

energy = -1138.244216
energy/site = -2.903684224
44.438% accepted

energy = -1366.381637
energy/site = -3.485667442
44.4125% accepted

energy = -477.2571679
energy/site = -1.217492775
44.3279% accepted

energy = -18377.04751
energy/site = -46.88022324
44.347% accepted

energy = -515.347744
energy/site = -1.314662612
44.3601% accepted

energy = -1577.11975
energy/site = -4.023264669
44.4747% accepted

energy = -1229.78308
energy/site = -3.137201734
44.3941% accepted

energy = -486.9914806
energy/site = -1.242325206
44.2551% accepted

energy = -342.4898272
energy/site = -0.8736985389
44.2637% accepted

energy = -1195.21209
energy/site = -3.049010435
44.4336% accepted

energy = -756.7813446
energy/site = -1.930564655
44.3724% accepted

energy = -526.8991894
energy/site = -1.344130585
44.383% accepted

energy = -1216.114798
energy/site = -3.10233367
44.4275% accepted

energy = -769.7870161
energy/site = -1.963742388
44.2598% accepted

energy = -872.5039788
energy/site = -2.225775456
44.3916% accepted

energy = -1318.285168
energy/site = -3.362972367
44.3804% accepted

energy = -921.012566
energy/site = -2.349521852
44.4485% accepted

energy = -2298.819369
energy/site = -5.864335126
44.3822% accepted

energy = -896.5266623
energy/site = -2.287057812
44.4746% accepted

energy = -1805.725919
energy/site = -4.60644367
44.3219% accepted

energy = -1252.301558
energy/site = -3.194646831
44.2464% accepted

energy = -3982.361668
energy/site = -10.15908589
44.3227% accepted

energy = -967.8714664
energy/site = -2.469059863
44.4562% accepted

energy = -979.2520884
energy/site = -2.498092062
44.2985% accepted

energy = -964.8446131
energy/site = -2.461338299
44.4043% accepted

energy = -1318.749395
energy/site = -3.36415662
44.4307% accepted

energy = -417.6308008
energy/site = -1.065384696
44.423% accepted

energy = -1210.835435
energy/site = -3.088865906
44.352% accepted

energy = -107.8136895
energy/site = -0.2750349223
44.4309% accepted

energy = -269.9183901
energy/site = -0.6885673216
44.4884% accepted

energy = -3017.027403
energy/site = -7.696498478
44.4394% accepted

energy = -1638.850908
energy/site = -4.180742112
44.3846% accepted

energy = -2068.753717
energy/site = -5.277432952
44.3924% accepted

energy = -386.4806327
energy/site = -0.9859199814
44.2513% accepted

energy = -234.6285323
energy/site = -0.5985421743
44.1348% accepted

energy = -1967.474694
energy/site = -5.019068096
44.3105% accepted

energy = -1243.739102
energy/site = -3.172803831
44.3152% accepted

energy = -431.4476021
energy/site = -1.100631638
44.3963% accepted

energy = -297.2938561
energy/site = -0.7584026942
44.3914% accepted

energy = -1969.304715
energy/site = -5.023736517
44.3619% accepted

energy = -1614.521571
energy/site = -4.118677477
44.4167% accepted

energy = -526.4737241
energy/site = -1.343045215
44.39% accepted

energy = -1237.866104
energy/site = -3.157821695
44.4373% accepted

energy = -1177.762016
energy/site = -3.004494939
44.4523% accepted

energy = -975.0741659
energy/site = -2.487434097
44.3812% accepted

energy = -532.4583115
energy/site = -1.358312019
44.3293% accepted

energy = -602.396193
energy/site = -1.536724982
44.455% accepted

energy = -833.5890474
energy/site = -2.126502672
44.3746% accepted

energy = -526.5812158
energy/site = -1.343319428
44.5574% accepted

energy = -1206.738319
energy/site = -3.078414079
44.4877% accepted

energy = -2505.179556
energy/site = -6.390764174
44.3993% accepted

energy = -3671.359546
energy/site = -9.365713129
44.4248% accepted

energy = -1703.840712
energy/site = -4.34653243
44.2442% accepted

energy = -611.8953352
energy/site = -1.560957488
44.3356% accepted

energy = -662.4854877
energy/site = -1.690013999
44.4326% accepted

energy = -1205.039681
energy/site = -3.074080818
44.4636% accepted

energy = -626.0693204
energy/site = -1.597115613
44.4864% accepted

energy = -2223.213342
energy/site = -5.671462607
44.2706% accepted

energy = -2051.958642
energy/site = -5.234588373
44.3218% accepted

energy = -778.9542135
energy/site = -1.987128096
44.2767% accepted

energy = -1763.445187
energy/site = -4.498584662
44.2431% accepted

energy = -137.1205476
energy/site = -0.3497973153
44.1677% accepted

energy = -1247.955706
energy/site = -3.183560476
44.491% accepted

energy = -298.9801623
energy/site = -0.7627044958
44.4243% accepted

energy = -1068.16436
energy/site = -2.724909082
44.4102% accepted

energy = -806.540043
energy/site = -2.05750011
44.345% accepted

energy = -327.4353397
energy/site = -0.8352942339
44.4012% accepted

energy = -318.3730299
energy/site = -0.8121760966
44.3955% accepted

energy = -2318.57288
energy/site = -5.914726734
44.2875% accepted

energy = -1773.45122
energy/site = -4.524110256
44.4747% accepted

energy = -1162.035301
energy/site = -2.964375767
44.4243% accepted

energy = -1908.34672
energy/site = -4.868231428
44.2032% accepted

energy = -3611.425759
energy/site = -9.212820814
44.3773% accepted

energy = -980.3692046
energy/site = -2.500941848
44.3527% accepted

energy = -5521.648148
energy/site = -14.08583711
44.6103% accepted

energy = -3950.572
energy/site = -10.0779898
44.3841% accepted

energy = -269.2433967
energy/site = -0.6868453998
44.239% accepted

energy = -1055.912102
energy/site = -2.693653321
44.3349% accepted

energy = -1088.238477
energy/site = -2.776118564
44.2725% accepted

energy = -1149.296244
energy/site = -2.931878172
44.445% accepted

energy = -624.3079729
energy/site = -1.59262238
44.4613% accepted

energy = -738.8644431
energy/site = -1.884858273
44.353% accepted

energy = -566.4471694
energy/site = -1.445018289
44.3971% accepted

energy = -1413.397194
energy/site = -3.605605087
44.2956% accepted

energy = -547.5756775
energy/site = -1.396876728
44.2808% accepted

energy = -1434.074948
energy/site = -3.65835446
44.3799% accepted

energy = -1021.965249
energy/site = -2.607054205
44.4773% accepted

energy = -1075.703593
energy/site = -2.744141819
44.2572% accepted

energy = -1333.408223
energy/site = -3.40155159
44.2906% accepted

energy = -420.5115614
energy/site = -1.072733575
44.3511% accepted

energy = -771.3805553
energy/site = -1.967807539
44.5121% accepted

energy = -827.6605012
energy/site = -2.11137883
44.3565% accepted

energy = -2191.769972
energy/site = -5.591249928
44.2652% accepted

energy = -872.9768921
energy/site = -2.226981868
44.4128% accepted

energy = -898.2052554
energy/site = -2.291339937
44.1863% accepted

energy = -945.5664608
energy/site = -2.412159339
44.3815% accepted

energy = -587.1344165
energy/site = -1.497791879
44.4718% accepted

energy = -1143.355669
energy/site = -2.916723647
44.3732% accepted

energy = -284.843223
energy/site = -0.7266408749
44.3016% accepted

energy = -588.8725965
energy/site = -1.502226011
44.4601% accepted

energy = -13380.22154
energy/site = -34.13321822
44.4572% accepted

energy = -1050.206887
energy/site = -2.679099202
44.5168% accepted

energy = -1475.472243
energy/site = -3.763959804
44.1611% accepted

energy = -457.9029619
energy/site = -1.168119801
44.2072% accepted

energy = -4017.331975
energy/site = -10.24829586
44.4143% accepted

energy = -1022.520974
energy/site = -2.608471872
44.447% accepted

energy = -2756.771932
energy/site = -7.032581459
44.2865% accepted

energy = -280.9501623
energy/site = -0.7167095977
44.5% accepted

energy = -529.9326089
energy/site = -1.3518689
44.4058% accepted

energy = -381.0688047
energy/site = -0.9721142977
44.3571% accepted

energy = -1099.706617
energy/site = -2.805374023
44.4873% accepted

energy = -1317.298241
energy/site = -3.360454696
44.3227% accepted

energy = -465.4196843
energy/site = -1.187295113
44.4219% accepted

energy = -216.9402582
energy/site = -0.5534190259
44.3292% accepted

energy = -1013.636661
energy/site = -2.585807808
44.5251% accepted

energy = -848.7459379
energy/site = -2.165168209
44.3978% accepted

energy = -4186.367317
energy/site = -10.67950846
44.3102% accepted

energy = -1728.440082
energy/site = -4.409285924
44.4307% accepted

energy = -1339.859494
energy/site = -3.418008913
44.3518% accepted

energy = -289.829598
energy/site = -0.7393612193
44.4274% accepted

energy = -777.8674748
energy/site = -1.984355803
44.4319% accepted

energy = -1017.743171
energy/site = -2.596283599
44.3297% accepted

energy = -2180.411591
energy/site = -5.562274466
44.4861% accepted

energy = -2002.82224
energy/site = -5.109240407
44.1957% accepted

energy = -752.4718853
energy/site = -1.919571136
44.4514% accepted

energy = -2080.358513
energy/site = -5.307037024
44.3255% accepted

energy = -413.3275152
energy/site = -1.054406927
44.4502% accepted

energy = -445.5231582
energy/site = -1.136538669
44.4006% accepted

energy = -723.3814166
energy/site = -1.845360757
44.385% accepted

energy = -1236.069429
energy/site = -3.15323834
44.3613% accepted

energy = -2178.023753
energy/site = -5.556183043
44.4483% accepted

energy = -287.3373036
energy/site = -0.7330033256
44.3774% accepted

energy = -1374.67317
energy/site = -3.506819311
44.3032% accepted

energy = -1125.790107
energy/site = -2.871913537
44.4631% accepted

energy = -562.047084
energy/site = -1.433793582
44.3623% accepted

energy = -518.3457746
energy/site = -1.322310649
44.4419% accepted

energy = -913.2595157
energy/site = -2.329743662
44.3889% accepted

energy = -7878.902739
energy/site = -20.09924168
44.2237% accepted

energy = -493.2675121
energy/site = -1.25833549
44.4137% accepted

energy = -1148.685256
energy/site = -2.930319531
44.3028% accepted

energy = -2531.923718
energy/site = -6.458989078
44.2759% accepted

energy = -2734.904306
energy/site = -6.976796698
44.3655% accepted

energy = -1020.002795
energy/site = -2.602047947
44.4502% accepted

energy = -811.8190907
energy/site = -2.070967068
44.3961% accepted

energy = -236.3950437
energy/site = -0.6030485808
44.3878% accepted

energy = -4460.036167
energy/site = -11.37764328
44.2844% accepted

energy = -2168.161127
energy/site = -5.531023283
44.3334% accepted

energy = -1396.191055
energy/site = -3.561711875
44.4953% accepted

energy = -956.6356793
energy/site = -2.440397141
44.4221% accepted

energy = -837.225268
energy/site = -2.135778745
44.5028% accepted

energy = -808.5785019
energy/site = -2.06270026
44.3548% accepted

energy = -546.4915617
energy/site = -1.394111127
44.4207% accepted

energy = -335.5659693
energy/site = -0.856035636
44.3836% accepted

energy = -607.4118757
energy/site = -1.549520091
44.4205% accepted

energy = -1010.365957
energy/site = -2.577464176
44.4269% accepted

energy = -1039.572878
energy/site = -2.651971627
44.3257% accepted

energy = -1119.051342
energy/site = -2.85472281
44.2799% accepted

energy = -457.0987234
energy/site = -1.166068172
44.3311% accepted

energy = -548.1852516
energy/site = -1.398431764
44.2922% accepted

energy = -1417.685678
energy/site = -3.616545098
44.4311% accepted

energy = -728.1497367
energy/site = -1.857524839
44.3379% accepted

energy = -1620.463339
energy/site = -4.133835049
44.4487% accepted

energy = -711.901152
energy/site = -1.816074367
44.4329% accepted

energy = -418.4462792
energy/site = -1.067464998
44.2994% accepted

energy = -1141.483403
energy/site = -2.911947456
44.2842% accepted

energy = -453.3403185
energy/site = -1.156480404
44.5289% accepted

energy = -1066.809245
energy/site = -2.721452156
44.2505% accepted

energy = -707.0874233
energy/site = -1.803794447
44.3948% accepted

energy = -571.4725329
energy/site = -1.457838094
44.3069% accepted

energy = -355.9474162
energy/site = -0.908029123
44.3812% accepted

energy = -381.8354702
energy/site = -0.9740700771
44.3701% accepted

energy = -553.7622441
energy/site = -1.412658786
44.3781% accepted

energy = -449.8874593
energy/site = -1.14767209
44.4128% accepted

energy = -367.4344981
energy/site = -0.9373329033
44.3712% accepted

energy = -826.1957891
energy/site = -2.107642319
44.384% accepted

energy = -629.9074621
energy/site = -1.606906791
44.2146% accepted

energy = -792.4078402
energy/site = -2.021448572
44.4037% accepted

energy = -720.0649402
energy/site = -1.836900358
44.5561% accepted

energy = -2028.576411
energy/site = -5.174939824
44.2491% accepted

energy = -495.3661649
energy/site = -1.263689196
44.2812% accepted

energy = -475.2173173
energy/site = -1.212289075
44.3531% accepted

energy = -1982.045362
energy/site = -5.056238168
44.3704% accepted

energy = -608.3739582
energy/site = -1.551974383
44.5118% accepted

energy = -3058.014067
energy/site = -7.801056293
44.3109% accepted

energy = -1278.948636
energy/site = -3.262624071
44.3949% accepted

energy = -870.9027464
energy/site = -2.22169068
44.4932% accepted

energy = -804.0959526
energy/site = -2.051265185
44.3359% accepted

energy = -1898.410393
energy/site = -4.842883655
44.2871% accepted

energy = -16536.16455
energy/site = -42.18409325
44.4309% accepted

energy = -4833.781205
energy/site = -12.3310745
44.3198% accepted

energy = -984.749393
energy/site = -2.512115799
44.2563% accepted

energy = -942.9515597
energy/site = -2.405488673
44.3748% accepted

energy = -1372.152496
energy/site = -3.50038902
44.4442% accepted

energy = -492.9244337
energy/site = -1.25746029
44.4004% accepted

energy = -773.5933709
energy/site = -1.973452477
44.4254% accepted

energy = -1156.466069
energy/site = -2.950168543
44.3687% accepted

energy = -965.9552754
energy/site = -2.464171621
44.4506% accepted

energy = -1036.735749
energy/site = -2.644734053
44.3337% accepted

energy = -334.2704656
energy/site = -0.8527307796
44.4199% accepted

energy = -655.691438
energy/site = -1.67268224
44.4356% accepted

energy = -501.9126492
energy/site = -1.280389411
44.2716% accepted

energy = -691.7101287
energy/site = -1.764566655
44.4048% accepted

energy = -189.2873341
energy/site = -0.4828758522
44.3372% accepted

energy = -2757.915961
energy/site = -7.035499899
44.3485% accepted

energy = -5736.522177
energy/site = -14.63398515
44.2399% accepted

energy = -1936.316347
energy/site = -4.939582519
44.3058% accepted

energy = -909.7064726
energy/site = -2.320679777
44.3407% accepted

energy = -339.3500226
energy/site = -0.8656888332
44.2971% accepted

energy = -1517.28738
energy/site = -3.870631073
44.4084% accepted

energy = -5360.437708
energy/site = -13.67458599
44.2366% accepted

energy = -704.0909241
energy/site = -1.796150317
44.317% accepted

energy = -482.1512334
energy/site = -1.229977636
44.5466% accepted

energy = -853.2126688
energy/site = -2.176562931
44.2012% accepted

energy = -912.630619
energy/site = -2.328139334
44.3622% accepted

energy = -529.2244284
energy/site = -1.350062317
44.2932% accepted

energy = -796.0505233
energy/site = -2.030741131
44.4491% accepted

energy = -672.9818923
energy/site = -1.716790542
44.3163% accepted

energy = -430.6285804
energy/site = -1.098542297
44.3365% accepted

energy = -6221.107334
energy/site = -15.87017177
44.3219% accepted

energy = -3379.359747
energy/site = -8.620815681
44.4099% accepted

energy = -955.4497769
energy/site = -2.43737188
44.2954% accepted

energy = -987.4535311
energy/site = -2.51901411
44.5595% accepted

energy = -777.0641581
energy/site = -1.982306526
44.4203% accepted

energy = -1262.595084
energy/site = -3.220905826
44.3091% accepted

energy = -2496.7447
energy/site = -6.369246683
44.372% accepted

energy = -511.6336217
energy/site = -1.305187811
44.3329% accepted

energy = -1737.149969
energy/site = -4.431505024
44.3167% accepted

energy = -291.8057345
energy/site = -0.7444023838
44.4096% accepted

energy = -1299.302713
energy/site = -3.314547738
44.4182% accepted

energy = -680.8101727
energy/site = -1.736760645
44.4084% accepted

energy = -640.5616091
energy/site = -1.634085737
44.3591% accepted

energy = -996.7227594
energy/site = -2.5426601
44.2987% accepted

energy = -593.4746815
energy/site = -1.513966024
44.4281% accepted

energy = -1018.397187
energy/site = -2.597952007
44.3463% accepted

energy = -1019.727848
energy/site = -2.601346551
44.48% accepted

