
64 x 53 x 1 system
r   = 3  bondops changed per step 
n/N = 15  bond operators / site
its = 100000  iterations/loop for 1000 loops

C(L/2,L/2) = 0.19239
energy = -2630.485642
energy/site = -0.7754969465
51.18% accepted

C(L/2,L/2) = 0.1316925
energy = -2478.135802
energy/site = -0.7305824889
44.842% accepted

C(L/2,L/2) = 0.125115
energy = -2485.448678
energy/site = -0.7327384073
44.428% accepted

C(L/2,L/2) = 0.263175
energy = -2500.516185
energy/site = -0.7371804791
44.289% accepted

C(L/2,L/2) = 0.1710825
energy = -2455.604377
energy/site = -0.7239399698
44.246% accepted

C(L/2,L/2) = 0.032655
energy = -2462.308942
energy/site = -0.7259165514
44.238% accepted

C(L/2,L/2) = 0.04395
energy = -2417.354355
energy/site = -0.7126634301
43.868% accepted

C(L/2,L/2) = 0.023565
energy = -2487.9795
energy/site = -0.7334845224
44.125% accepted

C(L/2,L/2) = 0.2134425
energy = -2466.700642
energy/site = -0.7272112743
44.312% accepted

C(L/2,L/2) = 0.1978275
energy = -2441.655548
energy/site = -0.7198276968
44.112% accepted

C(L/2,L/2) = 0.178545
energy = -2418.686198
energy/site = -0.7130560724
43.734% accepted

C(L/2,L/2) = 0.0901725
energy = -2468.615423
energy/site = -0.7277757731
44.02% accepted

C(L/2,L/2) = 0.10638
energy = -2394.662685
energy/site = -0.7059736689
44.273% accepted

C(L/2,L/2) = 0.150285
energy = -2459.022375
energy/site = -0.7249476341
43.772% accepted

C(L/2,L/2) = 0.24471
energy = -2455.185135
energy/site = -0.7238163723
44.01% accepted

C(L/2,L/2) = 0.02925
energy = -2458.940475
energy/site = -0.7249234891
44.536% accepted

C(L/2,L/2) = 0.1884225
energy = -2423.19054
energy/site = -0.7143840035
43.767% accepted

C(L/2,L/2) = 0.181275
energy = -2445.073913
energy/site = -0.7208354695
44.548% accepted

C(L/2,L/2) = 0.05127
energy = -2461.52895
energy/site = -0.7256866008
44.204% accepted

C(L/2,L/2) = 0.14289
energy = -2435.208735
energy/site = -0.7179271035
44.097% accepted

C(L/2,L/2) = 0.02895
energy = -2469.214178
energy/site = -0.7279522929
44.03% accepted

C(L/2,L/2) = 0
energy = -2434.077105
energy/site = -0.7175934861
43.901% accepted

C(L/2,L/2) = 0.2539125
energy = -2410.666575
energy/site = -0.7106917969
43.691% accepted

C(L/2,L/2) = 0.2509725
energy = -2455.67088
energy/site = -0.7239595755
44.196% accepted

C(L/2,L/2) = 0.027915
energy = -2464.860668
energy/site = -0.7266688289
44.079% accepted

C(L/2,L/2) = 0
energy = -2448.019657
energy/site = -0.7217039085
44.181% accepted

C(L/2,L/2) = 0.1734375
energy = -2468.515057
energy/site = -0.7277461844
44.389% accepted

C(L/2,L/2) = 0.24897
energy = -2458.62639
energy/site = -0.7248308933
44.069% accepted

C(L/2,L/2) = 0.1025775
energy = -2468.163037
energy/site = -0.7276424049
44.085% accepted

C(L/2,L/2) = 0
energy = -2508.954352
energy/site = -0.7396681464
44.49% accepted

C(L/2,L/2) = 0.0813825
energy = -2450.086155
energy/site = -0.7223131353
44.151% accepted

C(L/2,L/2) = 0.1702275
energy = -2407.404652
energy/site = -0.7097301452
44.091% accepted

C(L/2,L/2) = 0.1089075
energy = -2468.134073
energy/site = -0.7276338657
43.811% accepted

C(L/2,L/2) = 0.212115
energy = -2477.615572
energy/site = -0.7304291193
44.33% accepted

C(L/2,L/2) = 0.051075
energy = -2445.216112
energy/site = -0.7208773917
44.511% accepted

C(L/2,L/2) = 0.2553375
energy = -2427.441855
energy/site = -0.7156373393
44.293% accepted

C(L/2,L/2) = 0.124665
energy = -2478.527715
energy/site = -0.7306980292
44.202% accepted

C(L/2,L/2) = 0
energy = -2446.663628
energy/site = -0.7213041355
44.258% accepted

C(L/2,L/2) = 0.0264975
energy = -2450.395515
energy/site = -0.7224043381
44.091% accepted

C(L/2,L/2) = 0.0813
energy = -2422.071142
energy/site = -0.7140539925
44.185% accepted

C(L/2,L/2) = 0.030885
energy = -2467.438883
energy/site = -0.7274289158
44.614% accepted

C(L/2,L/2) = 0.07623
energy = -2478.31629
energy/site = -0.7306356987
44.25% accepted

C(L/2,L/2) = 0.275385
energy = -2430.718028
energy/site = -0.7166031921
43.991% accepted

C(L/2,L/2) = 0.03459
energy = -2476.694902
energy/site = -0.7301576953
44.335% accepted

C(L/2,L/2) = 0.1061025
energy = -2458.066012
energy/site = -0.7246656876
44.144% accepted

C(L/2,L/2) = 0.13605
energy = -2446.357402
energy/site = -0.7212138569
44.344% accepted

C(L/2,L/2) = 0.0049275
energy = -2483.656582
energy/site = -0.7322100774
44.148% accepted

C(L/2,L/2) = 0.024975
energy = -2483.637765
energy/site = -0.7322045298
44.654% accepted

C(L/2,L/2) = 0.1685025
energy = -2433.540757
energy/site = -0.7174353648
44.371% accepted

C(L/2,L/2) = 0
energy = -2450.003738
energy/site = -0.7222888377
44.485% accepted

C(L/2,L/2) = 0.034185
energy = -2437.955423
energy/site = -0.718736858
43.796% accepted

C(L/2,L/2) = 0.1904775
energy = -2431.367227
energy/site = -0.7167945836
43.837% accepted

C(L/2,L/2) = 0.1416525
energy = -2461.784985
energy/site = -0.7257620828
43.747% accepted

C(L/2,L/2) = 0.23244
energy = -2462.272777
energy/site = -0.7259058896
44.619% accepted

C(L/2,L/2) = 0.19572
energy = -2404.603417
energy/site = -0.7089043094
44.143% accepted

C(L/2,L/2) = 0.1597275
energy = -2438.972032
energy/site = -0.7190365662
44.622% accepted

C(L/2,L/2) = 0.28986
energy = -2395.701623
energy/site = -0.7062799595
44.203% accepted

C(L/2,L/2) = 0.1088775
energy = -2470.836682
energy/site = -0.7284306257
44.383% accepted

C(L/2,L/2) = 0.0794325
energy = -2445.739883
energy/site = -0.721031805
44.037% accepted

C(L/2,L/2) = 0.2617875
energy = -2450.786602
energy/site = -0.7225196352
43.943% accepted

C(L/2,L/2) = 0.1242
energy = -2452.096312
energy/site = -0.7229057525
44.495% accepted

C(L/2,L/2) = 0.3795075
energy = -2459.028877
energy/site = -0.7249495511
44.368% accepted

C(L/2,L/2) = 0.2606925
energy = -2445.894885
energy/site = -0.7210775015
44.328% accepted

C(L/2,L/2) = 0.29976
energy = -2456.462918
energy/site = -0.7241930771
44.102% accepted

C(L/2,L/2) = 0.139725
energy = -2457.240555
energy/site = -0.7244223334
44.322% accepted

C(L/2,L/2) = 0.309585
energy = -2473.703617
energy/site = -0.7292758306
44.227% accepted

C(L/2,L/2) = 0.274185
energy = -2426.227597
energy/site = -0.7152793625
44.203% accepted

C(L/2,L/2) = 0.2782575
energy = -2440.94661
energy/site = -0.719618694
44.429% accepted

C(L/2,L/2) = 0.140385
energy = -2454.263715
energy/site = -0.7235447273
44.294% accepted

C(L/2,L/2) = 0.0543525
energy = -2442.223042
energy/site = -0.7199950007
44% accepted

C(L/2,L/2) = 0.284145
energy = -2462.267153
energy/site = -0.7259042313
44.251% accepted

C(L/2,L/2) = 0.212055
energy = -2458.356735
energy/site = -0.7247513959
44.733% accepted

C(L/2,L/2) = 0.030165
energy = -2462.760862
energy/site = -0.7260497826
44.315% accepted

C(L/2,L/2) = 0.1907175
energy = -2429.08983
energy/site = -0.716123181
43.786% accepted

C(L/2,L/2) = 0.04767
energy = -2449.82301
energy/site = -0.7222355572
44.105% accepted

C(L/2,L/2) = 0.15072
energy = -2446.70811
energy/site = -0.7213172494
44.327% accepted

C(L/2,L/2) = 0.0236925
energy = -2468.438108
energy/site = -0.7277234987
44.496% accepted

C(L/2,L/2) = 0.15564
energy = -2482.237942
energy/site = -0.7317918463
44.531% accepted

C(L/2,L/2) = 0.1902825
energy = -2449.80333
energy/site = -0.7222297553
44.075% accepted

C(L/2,L/2) = 0.03495
energy = -2460.596902
energy/site = -0.7254118227
44.376% accepted

C(L/2,L/2) = 0.1806375
energy = -2461.583115
energy/site = -0.7257025693
44.185% accepted

C(L/2,L/2) = 0.1747725
energy = -2466.800453
energy/site = -0.7272406994
44.491% accepted

C(L/2,L/2) = 0.05166
energy = -2434.458202
energy/site = -0.717705838
44.149% accepted

C(L/2,L/2) = 0.1219875
energy = -2440.622963
energy/site = -0.719523279
44.083% accepted

C(L/2,L/2) = 0.1695225
energy = -2426.006535
energy/site = -0.7152141907
43.799% accepted

C(L/2,L/2) = 0.0786675
energy = -2490.68757
energy/site = -0.7342828921
44.262% accepted

C(L/2,L/2) = 0.17835
energy = -2444.17602
energy/site = -0.7205707606
44.005% accepted

C(L/2,L/2) = 0.1630425
energy = -2446.202708
energy/site = -0.721168251
43.991% accepted

C(L/2,L/2) = 0.3012075
energy = -2463.48237
energy/site = -0.7262624912
44.225% accepted

C(L/2,L/2) = 0.2252475
energy = -2449.028715
energy/site = -0.72200139
43.818% accepted

C(L/2,L/2) = 0.011235
energy = -2462.877158
energy/site = -0.7260840677
43.987% accepted

C(L/2,L/2) = 0.2792775
energy = -2447.50395
energy/site = -0.7215518721
44.263% accepted

C(L/2,L/2) = 0.1780725
energy = -2449.226797
energy/site = -0.722059787
44.309% accepted

C(L/2,L/2) = 0.18399
energy = -2474.696483
energy/site = -0.7295685385
44.278% accepted

C(L/2,L/2) = 0.1905375
energy = -2491.187002
energy/site = -0.7344301305
44.263% accepted

C(L/2,L/2) = 0.14496
energy = -2438.432993
energy/site = -0.7188776511
44.46% accepted

C(L/2,L/2) = 0.3119625
energy = -2447.652158
energy/site = -0.7215955653
44.43% accepted

C(L/2,L/2) = 0.2416725
energy = -2445.394095
energy/site = -0.7209298629
44.142% accepted

C(L/2,L/2) = 0.132075
energy = -2481.098228
energy/site = -0.7314558454
44.056% accepted

C(L/2,L/2) = 0.167145
energy = -2495.96625
energy/site = -0.7358391067
44.151% accepted

C(L/2,L/2) = 0.1031175
energy = -2475.202087
energy/site = -0.7297175966
44.578% accepted

C(L/2,L/2) = 0.0372975
energy = -2454.574327
energy/site = -0.7236362994
44.496% accepted

C(L/2,L/2) = 0.048345
energy = -2398.237492
energy/site = -0.7070275626
44.188% accepted

C(L/2,L/2) = 0.25167
energy = -2427.089707
energy/site = -0.7155335223
44.031% accepted

C(L/2,L/2) = 0.17715
energy = -2429.206005
energy/site = -0.7161574307
43.963% accepted

C(L/2,L/2) = 0.2011875
energy = -2440.184295
energy/site = -0.7193939549
44.095% accepted

C(L/2,L/2) = 0.0428025
energy = -2459.364263
energy/site = -0.7250484264
44.023% accepted

C(L/2,L/2) = 0.267945
energy = -2402.08878
energy/site = -0.7081629658
43.837% accepted

C(L/2,L/2) = 0.169035
energy = -2444.939978
energy/site = -0.7207959839
44.012% accepted

C(L/2,L/2) = 0.1741275
energy = -2471.075333
energy/site = -0.7285009825
44.2% accepted

C(L/2,L/2) = 0.2143275
energy = -2432.85012
energy/site = -0.7172317571
44.109% accepted

C(L/2,L/2) = 0.3259425
energy = -2426.914207
energy/site = -0.7154817829
44.408% accepted

C(L/2,L/2) = 0.1544925
energy = -2438.336415
energy/site = -0.718849179
43.978% accepted

C(L/2,L/2) = 0.2339025
energy = -2466.251978
energy/site = -0.7270790028
44.055% accepted

C(L/2,L/2) = 0.3739125
energy = -2476.581465
energy/site = -0.7301242527
44.442% accepted

C(L/2,L/2) = 0.258915
energy = -2431.981447
energy/site = -0.7169756626
44.231% accepted

C(L/2,L/2) = 0.21729
energy = -2477.754772
energy/site = -0.730470157
43.986% accepted

C(L/2,L/2) = 0.185595
energy = -2454.94347
energy/site = -0.7237451268
44.342% accepted

C(L/2,L/2) = 0.1263525
energy = -2454.402457
energy/site = -0.7235856302
44.116% accepted

C(L/2,L/2) = 0.18849
energy = -2449.98099
energy/site = -0.7222821315
44.337% accepted

C(L/2,L/2) = 0.2616675
energy = -2449.084717
energy/site = -0.7220179002
44.311% accepted

C(L/2,L/2) = 0.2321775
energy = -2472.086265
energy/site = -0.7287990168
44.7% accepted

C(L/2,L/2) = 0.07002
energy = -2475.698557
energy/site = -0.7298639615
44.271% accepted

C(L/2,L/2) = 0.048915
energy = -2450.771565
energy/site = -0.7225152019
43.968% accepted

C(L/2,L/2) = 0
energy = -2484.49995
energy/site = -0.7324587117
44.251% accepted

C(L/2,L/2) = 0.0009075
energy = -2425.791367
energy/site = -0.7151507569
44.083% accepted

C(L/2,L/2) = 0.1870275
energy = -2432.327955
energy/site = -0.7170778169
43.708% accepted

C(L/2,L/2) = 0.2269125
energy = -2429.04837
energy/site = -0.7161109581
44.012% accepted

C(L/2,L/2) = 0.28932
energy = -2441.409938
energy/site = -0.7197552882
44.498% accepted

C(L/2,L/2) = 0.02562
energy = -2480.263043
energy/site = -0.7312096234
44.097% accepted

C(L/2,L/2) = 0.24258
energy = -2483.090198
energy/site = -0.7320431007
44.449% accepted

C(L/2,L/2) = 0.0949875
energy = -2443.077285
energy/site = -0.7202468411
44.206% accepted

C(L/2,L/2) = 0.1639425
energy = -2461.006725
energy/site = -0.725532643
44.123% accepted

C(L/2,L/2) = 0.18333
energy = -2467.71306
energy/site = -0.7275097465
44.312% accepted

C(L/2,L/2) = 0.280845
energy = -2465.738925
energy/site = -0.7269277491
44.249% accepted

C(L/2,L/2) = 0.2217675
energy = -2483.615955
energy/site = -0.7321980999
44.029% accepted

C(L/2,L/2) = 0.256575
energy = -2458.732448
energy/site = -0.7248621602
44.271% accepted

C(L/2,L/2) = 0.1590675
energy = -2433.114577
energy/site = -0.7173097221
43.91% accepted

C(L/2,L/2) = 0.3248625
energy = -2478.000323
energy/site = -0.7305425479
44.214% accepted

C(L/2,L/2) = 0.189075
energy = -2454.4758
energy/site = -0.7236072524
44.016% accepted

C(L/2,L/2) = 0.1053675
energy = -2479.796355
energy/site = -0.7310720386
43.859% accepted

C(L/2,L/2) = 0.2516325
energy = -2436.88302
energy/site = -0.7184207017
44.093% accepted

C(L/2,L/2) = 0.1815825
energy = -2429.22438
energy/site = -0.7161628479
44.062% accepted

C(L/2,L/2) = 0.0160875
energy = -2463.350467
energy/site = -0.7262236048
44.654% accepted

C(L/2,L/2) = 0.1590075
energy = -2446.575232
energy/site = -0.7212780756
44.342% accepted

C(L/2,L/2) = 0.14343
energy = -2414.280855
energy/site = -0.7117573275
43.913% accepted

C(L/2,L/2) = 0.288375
energy = -2398.501665
energy/site = -0.7071054437
44.044% accepted

C(L/2,L/2) = 0.0206925
energy = -2454.28713
energy/site = -0.7235516303
44.25% accepted

C(L/2,L/2) = 0
energy = -2483.80074
energy/site = -0.7322525767
44.297% accepted

C(L/2,L/2) = 0
energy = -2480.602568
energy/site = -0.7313097192
44.39% accepted

C(L/2,L/2) = 0.14967
energy = -2443.18371
energy/site = -0.7202782164
44.102% accepted

C(L/2,L/2) = 0.1911675
energy = -2440.993208
energy/site = -0.7196324315
43.921% accepted

C(L/2,L/2) = 0.11943
energy = -2484.529327
energy/site = -0.7324673725
43.931% accepted

C(L/2,L/2) = 0.1332225
energy = -2452.24188
energy/site = -0.7229486675
44.479% accepted

C(L/2,L/2) = 0.0608175
energy = -2402.384085
energy/site = -0.7082500251
43.832% accepted

C(L/2,L/2) = 0.249975
energy = -2446.04187
energy/site = -0.7211208343
43.945% accepted

C(L/2,L/2) = 0.16305
energy = -2463.81306
energy/site = -0.7263599823
44.053% accepted

C(L/2,L/2) = 0.14556
energy = -2455.365285
energy/site = -0.7238694826
44.613% accepted

C(L/2,L/2) = 0.2533125
energy = -2443.210777
energy/site = -0.7202861962
44.466% accepted

C(L/2,L/2) = 0.1247475
energy = -2439.986122
energy/site = -0.7193355314
44.041% accepted

C(L/2,L/2) = 0.31758
energy = -2468.84127
energy/site = -0.7278423555
43.94% accepted

C(L/2,L/2) = 0.168585
energy = -2484.752722
energy/site = -0.7325332319
44.294% accepted

C(L/2,L/2) = 0
energy = -2468.64645
energy/site = -0.7277849204
44.595% accepted

C(L/2,L/2) = 0.2554875
energy = -2475.936352
energy/site = -0.7299340662
44.205% accepted

C(L/2,L/2) = 0.165375
energy = -2470.940422
energy/site = -0.7284612095
44.26% accepted

C(L/2,L/2) = 0.3264675
energy = -2471.418308
energy/site = -0.7286020954
44.007% accepted

C(L/2,L/2) = 0.2290575
energy = -2413.085265
energy/site = -0.7114048541
43.777% accepted

C(L/2,L/2) = 0.2613525
energy = -2418.975165
energy/site = -0.7131412633
43.754% accepted

C(L/2,L/2) = 0.05601
energy = -2433.601185
energy/site = -0.7174531795
44.316% accepted

C(L/2,L/2) = 0.2505225
energy = -2437.530038
energy/site = -0.7186114497
44.268% accepted

C(L/2,L/2) = 0.14658
energy = -2442.10476
energy/site = -0.7199601297
43.835% accepted

C(L/2,L/2) = 0.02418
energy = -2419.659465
energy/site = -0.7133430027
44.14% accepted

C(L/2,L/2) = 0
energy = -2435.39934
energy/site = -0.717983296
44.281% accepted

C(L/2,L/2) = 0.13995
energy = -2456.691262
energy/site = -0.7242603958
43.506% accepted

C(L/2,L/2) = 0.047655
energy = -2445.686962
energy/site = -0.7210162036
44.364% accepted

C(L/2,L/2) = 0.0484725
energy = -2436.159465
energy/site = -0.7182073894
44.228% accepted

C(L/2,L/2) = 0.13578
energy = -2407.30869
energy/site = -0.7097018544
44.768% accepted

C(L/2,L/2) = 0.1866975
energy = -2466.386603
energy/site = -0.7271186918
44.176% accepted

C(L/2,L/2) = 0.2186475
energy = -2446.467292
energy/site = -0.7212462537
43.933% accepted

C(L/2,L/2) = 0.33177
energy = -2439.719542
energy/site = -0.7192569406
44.081% accepted

C(L/2,L/2) = 0.0673125
energy = -2464.014525
energy/site = -0.7264193765
44.417% accepted

C(L/2,L/2) = 0.1112925
energy = -2461.47096
energy/site = -0.7256695047
44.446% accepted

C(L/2,L/2) = 0.1107375
energy = -2481.265057
energy/site = -0.7315050287
44.346% accepted

C(L/2,L/2) = 0.128565
energy = -2476.8225
energy/site = -0.7301953125
44.815% accepted

C(L/2,L/2) = 0.1365825
energy = -2433.599407
energy/site = -0.7174526555
43.74% accepted

C(L/2,L/2) = 0.34242
energy = -2449.744785
energy/site = -0.7222124956
44.3% accepted

C(L/2,L/2) = 0.227625
energy = -2448.358102
energy/site = -0.7218036859
44.079% accepted

C(L/2,L/2) = 0.125205
energy = -2455.805423
energy/site = -0.7239992401
44.393% accepted

C(L/2,L/2) = 0.0299625
energy = -2389.562557
energy/site = -0.7044700936
43.868% accepted

C(L/2,L/2) = 0.163875
energy = -2402.70171
energy/site = -0.7083436645
43.826% accepted

C(L/2,L/2) = 0.126855
energy = -2448.851273
energy/site = -0.721949078
44.323% accepted

C(L/2,L/2) = 0.0380025
energy = -2415.050543
energy/site = -0.7119842401
44.591% accepted

C(L/2,L/2) = 0
energy = -2426.459783
energy/site = -0.7153478132
44.083% accepted

C(L/2,L/2) = 0.0289275
energy = -2450.691967
energy/site = -0.7224917357
44.431% accepted

C(L/2,L/2) = 0.124995
energy = -2469.882352
energy/site = -0.7281492784
43.936% accepted

C(L/2,L/2) = 0.00591
energy = -2481.12438
energy/site = -0.7314635554
44.036% accepted

C(L/2,L/2) = 0.1985175
energy = -2423.969437
energy/site = -0.7146136313
44.084% accepted

C(L/2,L/2) = 0.1397175
energy = -2412.948803
energy/site = -0.7113646234
44.244% accepted

C(L/2,L/2) = 0.223635
energy = -2480.999835
energy/site = -0.7314268381
44.478% accepted

C(L/2,L/2) = 0.1384275
energy = -2460.885142
energy/site = -0.7254967991
44.062% accepted

C(L/2,L/2) = 0.1014225
energy = -2442.38412
energy/site = -0.7200424882
43.795% accepted

C(L/2,L/2) = 0.148365
energy = -2484.418785
energy/site = -0.7324347833
44.008% accepted

C(L/2,L/2) = 0.1941075
energy = -2447.826307
energy/site = -0.7216469067
44.925% accepted

C(L/2,L/2) = 0.2457825
energy = -2443.287427
energy/site = -0.7203087935
44.496% accepted

C(L/2,L/2) = 0.00453
energy = -2463.207975
energy/site = -0.7261815964
44.065% accepted

C(L/2,L/2) = 0.0745575
energy = -2426.622397
energy/site = -0.715395754
44.185% accepted

C(L/2,L/2) = 0
energy = -2425.92372
energy/site = -0.7151897759
44.253% accepted

C(L/2,L/2) = 0.1889175
energy = -2402.035838
energy/site = -0.7081473578
44.065% accepted

C(L/2,L/2) = 0.0454725
energy = -2395.629112
energy/site = -0.7062585827
43.999% accepted

C(L/2,L/2) = 0.281025
energy = -2439.000885
energy/site = -0.7190450722
44.083% accepted

C(L/2,L/2) = 0.027795
energy = -2458.702508
energy/site = -0.7248533336
44.341% accepted

C(L/2,L/2) = 0.1572
energy = -2464.813942
energy/site = -0.7266550538
44.424% accepted

C(L/2,L/2) = 0.3328725
energy = -2448.088837
energy/site = -0.7217243035
44.197% accepted

C(L/2,L/2) = 0.2459775
energy = -2455.792928
energy/site = -0.7239955565
43.981% accepted

C(L/2,L/2) = 0.2423475
energy = -2485.003418
energy/site = -0.7326071396
44.018% accepted

C(L/2,L/2) = 0.17094
energy = -2461.49121
energy/site = -0.7256754746
43.546% accepted

C(L/2,L/2) = 0.1464225
energy = -2464.981598
energy/site = -0.7267044804
44.38% accepted

C(L/2,L/2) = 0.33084
energy = -2424.737363
energy/site = -0.7148400243
44.172% accepted

C(L/2,L/2) = 0.184695
energy = -2461.43595
energy/site = -0.7256591834
44.427% accepted

C(L/2,L/2) = 0.0678975
energy = -2444.577607
energy/site = -0.7206891532
44.107% accepted

C(L/2,L/2) = 0.0230175
energy = -2437.691153
energy/site = -0.7186589483
44.415% accepted

C(L/2,L/2) = 0.260595
energy = -2435.58249
energy/site = -0.7180372907
44.58% accepted

C(L/2,L/2) = 0.10956
energy = -2518.475318
energy/site = -0.7424750346
43.926% accepted

C(L/2,L/2) = 0
energy = -2460.406867
energy/site = -0.7253557982
44.381% accepted

C(L/2,L/2) = 0.2256675
energy = -2389.13439
energy/site = -0.704343865
43.979% accepted

C(L/2,L/2) = 0.3168975
energy = -2437.396133
energy/site = -0.718571973
44.309% accepted

C(L/2,L/2) = 0.2214075
energy = -2455.253505
energy/site = -0.7238365286
44.059% accepted

C(L/2,L/2) = 0.2731725
energy = -2458.021012
energy/site = -0.7246524211
43.946% accepted

C(L/2,L/2) = 0.267315
energy = -2439.848483
energy/site = -0.7192949536
44.004% accepted

C(L/2,L/2) = 0.1219425
energy = -2444.282385
energy/site = -0.7206021182
44.348% accepted

C(L/2,L/2) = 0.198315
energy = -2494.906312
energy/site = -0.7355266251
44.364% accepted

C(L/2,L/2) = 0.2663925
energy = -2424.74688
energy/site = -0.7148428302
43.926% accepted

C(L/2,L/2) = 0.12687
energy = -2439.133748
energy/site = -0.7190842416
44.034% accepted

C(L/2,L/2) = 0.018735
energy = -2432.350118
energy/site = -0.7170843507
44.03% accepted

C(L/2,L/2) = 0.112905
energy = -2446.125397
energy/site = -0.7211454592
44.332% accepted

C(L/2,L/2) = 0.01752
energy = -2437.2702
energy/site = -0.7185348467
44.453% accepted

C(L/2,L/2) = 0.22014
energy = -2436.735023
energy/site = -0.7183770703
44.655% accepted

C(L/2,L/2) = 0.25827
energy = -2490.854572
energy/site = -0.7343321263
44.266% accepted

C(L/2,L/2) = 0.25965
energy = -2471.663138
energy/site = -0.728674274
44.296% accepted

C(L/2,L/2) = 0.313455
energy = -2432.698155
energy/site = -0.7171869561
44.351% accepted

C(L/2,L/2) = 0.26913
energy = -2481.126473
energy/site = -0.7314641723
44.194% accepted

C(L/2,L/2) = 0.027585
energy = -2429.283405
energy/site = -0.7161802491
44.202% accepted

C(L/2,L/2) = 0.196635
energy = -2379.705818
energy/site = -0.7015642151
44.08% accepted

C(L/2,L/2) = 0.154455
energy = -2409.218745
energy/site = -0.7102649602
43.656% accepted

C(L/2,L/2) = 0.0651525
energy = -2435.10168
energy/site = -0.7178955425
43.851% accepted

C(L/2,L/2) = 0.248505
energy = -2418.871852
energy/site = -0.7131108056
43.877% accepted

C(L/2,L/2) = 0.2145
energy = -2448.508432
energy/site = -0.7218480049
44.238% accepted

C(L/2,L/2) = 0.2439525
energy = -2420.487892
energy/site = -0.7135872325
44.16% accepted

C(L/2,L/2) = 0.24921
energy = -2437.409587
energy/site = -0.7185759397
44.188% accepted

C(L/2,L/2) = 0.1103775
energy = -2439.011085
energy/site = -0.7190480793
44.116% accepted

C(L/2,L/2) = 0.2129325
energy = -2453.527178
energy/site = -0.7233275877
44.663% accepted

C(L/2,L/2) = 0.1343925
energy = -2445.979875
energy/site = -0.7211025575
43.857% accepted

C(L/2,L/2) = 0
energy = -2451.232672
energy/site = -0.7226511417
43.854% accepted

C(L/2,L/2) = 0.02499
energy = -2411.407958
energy/site = -0.7109103648
44.009% accepted

C(L/2,L/2) = 0.2463075
energy = -2415.518595
energy/site = -0.7121222273
44.437% accepted

C(L/2,L/2) = 0.309675
energy = -2501.32962
energy/site = -0.7374202889
44.427% accepted

C(L/2,L/2) = 0.14466
energy = -2443.79778
energy/site = -0.7204592512
44.454% accepted

C(L/2,L/2) = 0.22233
energy = -2453.47821
energy/site = -0.7233131515
44.371% accepted

C(L/2,L/2) = 0.20658
energy = -2427.165922
energy/site = -0.7155559913
44.066% accepted

C(L/2,L/2) = 0.066855
energy = -2468.786002
energy/site = -0.7278260621
44.353% accepted

C(L/2,L/2) = 0.0865725
energy = -2461.310812
energy/site = -0.7256222914
44.147% accepted

C(L/2,L/2) = 0.141
energy = -2437.002983
energy/site = -0.718456068
43.801% accepted

C(L/2,L/2) = 0.2324175
energy = -2432.722238
energy/site = -0.7171940559
44.223% accepted

C(L/2,L/2) = 0.27021
energy = -2458.462327
energy/site = -0.7247825258
44.189% accepted

C(L/2,L/2) = 0.1347075
energy = -2437.590262
energy/site = -0.7186292047
44.685% accepted

C(L/2,L/2) = 0.0752625
energy = -2444.782988
energy/site = -0.7207497015
44.044% accepted

C(L/2,L/2) = 0
energy = -2452.773015
energy/site = -0.7231052521
44.372% accepted

C(L/2,L/2) = 0.0372225
energy = -2441.271135
energy/site = -0.7197143676
44.317% accepted

C(L/2,L/2) = 0.2039625
energy = -2481.901853
energy/site = -0.7316927631
44.602% accepted

C(L/2,L/2) = 0.1213575
energy = -2441.40903
energy/site = -0.7197550206
43.824% accepted

C(L/2,L/2) = 0.0792
energy = -2431.660148
energy/site = -0.7168809397
44.433% accepted

C(L/2,L/2) = 0.1454775
energy = -2474.61903
energy/site = -0.7295457046
44.338% accepted

C(L/2,L/2) = 0.3068025
energy = -2478.056707
energy/site = -0.7305591708
44.444% accepted

C(L/2,L/2) = 0.171615
energy = -2434.565355
energy/site = -0.7177374278
43.949% accepted

C(L/2,L/2) = 0.243405
energy = -2462.711565
energy/site = -0.7260352491
44.179% accepted

C(L/2,L/2) = 0.2522325
energy = -2440.838108
energy/site = -0.7195867062
44.311% accepted

C(L/2,L/2) = 0.1279575
energy = -2436.840352
energy/site = -0.7184081228
44.357% accepted

C(L/2,L/2) = 0.2103975
energy = -2438.217068
energy/site = -0.718813994
44.147% accepted

C(L/2,L/2) = 0.07365
energy = -2426.661585
energy/site = -0.7154073069
44.392% accepted

C(L/2,L/2) = 0.2520675
energy = -2429.441865
energy/site = -0.7162269649
44.041% accepted

C(L/2,L/2) = 0.184215
energy = -2428.975208
energy/site = -0.716089389
44.451% accepted

C(L/2,L/2) = 0.17742
energy = -2457.41031
energy/site = -0.7244723791
44.08% accepted

C(L/2,L/2) = 0.1687575
energy = -2417.930963
energy/site = -0.7128334205
43.87% accepted

C(L/2,L/2) = 0.1352325
energy = -2467.517017
energy/site = -0.7274519509
44.503% accepted

C(L/2,L/2) = 0.1038375
energy = -2419.921493
energy/site = -0.7134202513
43.895% accepted

C(L/2,L/2) = 0.31065
energy = -2438.23365
energy/site = -0.7188188827
44.512% accepted

C(L/2,L/2) = 0.24546
energy = -2459.895105
energy/site = -0.7252049248
43.986% accepted

C(L/2,L/2) = 0.2572725
energy = -2452.278952
energy/site = -0.7229595968
44.345% accepted

C(L/2,L/2) = 0.06465
energy = -2449.978327
energy/site = -0.7222813466
44.596% accepted

C(L/2,L/2) = 0.26418
energy = -2440.39902
energy/site = -0.7194572583
44.256% accepted

C(L/2,L/2) = 0.263145
energy = -2454.7992
energy/site = -0.7237025943
43.929% accepted

C(L/2,L/2) = 0.327495
energy = -2442.934987
energy/site = -0.7202048902
44.568% accepted

C(L/2,L/2) = 0.145605
energy = -2456.740012
energy/site = -0.7242747678
44.207% accepted

C(L/2,L/2) = 0.238875
energy = -2471.694788
energy/site = -0.7286836048
44.036% accepted

C(L/2,L/2) = 0.2774625
energy = -2500.735207
energy/site = -0.7372450494
44.747% accepted

C(L/2,L/2) = 0.2448975
energy = -2470.454273
energy/site = -0.7283178869
44.494% accepted

C(L/2,L/2) = 0.1911375
energy = -2452.06104
energy/site = -0.7228953538
44.619% accepted

C(L/2,L/2) = 0.090405
energy = -2454.9201
energy/site = -0.723738237
44.302% accepted

C(L/2,L/2) = 0.23736
energy = -2446.586888
energy/site = -0.7212815116
44.543% accepted

C(L/2,L/2) = 0.301125
energy = -2408.488928
energy/site = -0.7100498017
44% accepted

C(L/2,L/2) = 0.1673325
energy = -2452.30089
energy/site = -0.7229660643
44.145% accepted

C(L/2,L/2) = 0.1458975
energy = -2463.910522
energy/site = -0.7263887154
44.564% accepted

C(L/2,L/2) = 0.1076625
energy = -2422.11621
energy/site = -0.7140672789
43.909% accepted

C(L/2,L/2) = 0.1655175
energy = -2448.070613
energy/site = -0.7217189306
44.088% accepted

C(L/2,L/2) = 0.1734675
energy = -2449.080472
energy/site = -0.7220166487
43.914% accepted

C(L/2,L/2) = 0.242865
energy = -2388.256335
energy/site = -0.7040850044
44.074% accepted

C(L/2,L/2) = 0.0511125
energy = -2442.480907
energy/site = -0.7200710223
44.213% accepted

C(L/2,L/2) = 0.0818475
energy = -2418.939165
energy/site = -0.7131306501
44.184% accepted

C(L/2,L/2) = 0.25488
energy = -2455.213695
energy/site = -0.7238247922
44.184% accepted

C(L/2,L/2) = 0.133125
energy = -2442.046087
energy/site = -0.7199428324
44.1% accepted

C(L/2,L/2) = 0
energy = -2443.371608
energy/site = -0.7203336107
44.295% accepted

C(L/2,L/2) = 0.1147875
energy = -2464.1379
energy/site = -0.7264557488
44.216% accepted

C(L/2,L/2) = 0.21738
energy = -2459.12727
energy/site = -0.7249785584
44.183% accepted

C(L/2,L/2) = 0.259395
energy = -2423.463337
energy/site = -0.7144644273
44.213% accepted

C(L/2,L/2) = 0.215745
energy = -2376.501488
energy/site = -0.7006195423
44.333% accepted

C(L/2,L/2) = 0.165675
energy = -2430.910598
energy/site = -0.7166599639
44.406% accepted

C(L/2,L/2) = 0.0572625
energy = -2467.759582
energy/site = -0.7275234618
44.48% accepted

C(L/2,L/2) = 0.264375
energy = -2428.23396
energy/site = -0.7158708608
43.985% accepted

C(L/2,L/2) = 0.18921
energy = -2479.7049
energy/site = -0.7310450767
44.433% accepted

C(L/2,L/2) = 0.275775
energy = -2468.455298
energy/site = -0.7277285665
44.2% accepted

C(L/2,L/2) = 0.17988
energy = -2420.921047
energy/site = -0.7137149315
44.315% accepted

C(L/2,L/2) = 0.24225
energy = -2461.6953
energy/site = -0.7257356427
44.531% accepted

C(L/2,L/2) = 0.2934675
energy = -2449.991805
energy/site = -0.7222853199
44.495% accepted

C(L/2,L/2) = 0.194895
energy = -2412.414675
energy/site = -0.7112071565
43.983% accepted

C(L/2,L/2) = 0.14238
energy = -2445.970785
energy/site = -0.7210998777
44.204% accepted

C(L/2,L/2) = 0.091575
energy = -2497.442408
energy/site = -0.7362742947
44.392% accepted

C(L/2,L/2) = 0.080025
energy = -2444.384475
energy/site = -0.7206322155
44.4% accepted

C(L/2,L/2) = 0.275085
energy = -2467.853175
energy/site = -0.727551054
44.324% accepted

C(L/2,L/2) = 0.211875
energy = -2447.507865
energy/site = -0.7215530262
44.117% accepted

C(L/2,L/2) = 0.218235
energy = -2420.150047
energy/site = -0.7134876319
43.807% accepted

C(L/2,L/2) = 0.216825
energy = -2444.59932
energy/site = -0.7206955542
44.598% accepted

C(L/2,L/2) = 0.3232725
energy = -2443.91733
energy/site = -0.7204944959
44.035% accepted

C(L/2,L/2) = 0.3536025
energy = -2473.548945
energy/site = -0.7292302314
44.204% accepted

C(L/2,L/2) = 0.3501825
energy = -2466.700313
energy/site = -0.727211177
44.28% accepted

C(L/2,L/2) = 0.33045
energy = -2467.065622
energy/site = -0.7273188746
44.283% accepted

C(L/2,L/2) = 0.2819925
energy = -2473.554788
energy/site = -0.7292319539
44.2% accepted

C(L/2,L/2) = 0.231105
energy = -2445.981038
energy/site = -0.7211029002
43.62% accepted

C(L/2,L/2) = 0.19332
energy = -2408.62824
energy/site = -0.7100908726
43.945% accepted

C(L/2,L/2) = 0.2175
energy = -2414.559195
energy/site = -0.7118393853
43.448% accepted

C(L/2,L/2) = 0.0864075
energy = -2475.51399
energy/site = -0.7298095489
44.154% accepted

C(L/2,L/2) = 0.277755
energy = -2484.664958
energy/site = -0.7325073578
44.444% accepted

C(L/2,L/2) = 0.1539825
energy = -2470.43712
energy/site = -0.7283128302
43.814% accepted

C(L/2,L/2) = 0.012195
energy = -2435.58402
energy/site = -0.7180377417
44.631% accepted

C(L/2,L/2) = 0.0388275
energy = -2440.790213
energy/site = -0.7195725862
44.151% accepted

C(L/2,L/2) = 0.037365
energy = -2419.582455
energy/site = -0.7133202992
44.665% accepted

C(L/2,L/2) = 0
energy = -2467.614623
energy/site = -0.727480726
44.105% accepted

C(L/2,L/2) = 0.0563025
energy = -2480.933527
energy/site = -0.7314072899
44.497% accepted

C(L/2,L/2) = 0.09177
energy = -2458.904378
energy/site = -0.7249128471
44.166% accepted

C(L/2,L/2) = 0.123225
energy = -2444.12757
energy/site = -0.720556477
44.282% accepted

C(L/2,L/2) = 0.2315025
energy = -2436.37047
energy/site = -0.7182695961
44.531% accepted

C(L/2,L/2) = 0.323055
energy = -2427.392355
energy/site = -0.7156227462
44.208% accepted

C(L/2,L/2) = 0.1205625
energy = -2449.689728
energy/site = -0.722196264
44.589% accepted

C(L/2,L/2) = 0.2085975
energy = -2486.050403
energy/site = -0.7329158026
44.388% accepted

C(L/2,L/2) = 0.23244
energy = -2450.74062
energy/site = -0.722506079
43.96% accepted

C(L/2,L/2) = 0.014985
energy = -2452.41153
energy/site = -0.7229986822
44.517% accepted

C(L/2,L/2) = 0.1266525
energy = -2426.712045
energy/site = -0.7154221831
44.436% accepted

C(L/2,L/2) = 0.314235
energy = -2429.501025
energy/site = -0.716244406
44.69% accepted

C(L/2,L/2) = 0.23844
energy = -2480.837213
energy/site = -0.7313788952
44.338% accepted

C(L/2,L/2) = 0.2313525
energy = -2430.789315
energy/site = -0.7166242084
43.708% accepted

C(L/2,L/2) = 0.1395
energy = -2461.972207
energy/site = -0.7258172782
44.359% accepted

C(L/2,L/2) = 0.0383925
energy = -2469.536115
energy/site = -0.7280472037
44.199% accepted

C(L/2,L/2) = 0.110205
energy = -2469.967335
energy/site = -0.7281743323
44.373% accepted

C(L/2,L/2) = 0.21537
energy = -2403.719475
energy/site = -0.7086437131
43.979% accepted

C(L/2,L/2) = 0.23532
energy = -2398.479667
energy/site = -0.7070989586
44.05% accepted

C(L/2,L/2) = 0.3084
energy = -2486.308365
energy/site = -0.7329918529
44.33% accepted

C(L/2,L/2) = 0.2356425
energy = -2434.497337
energy/site = -0.7177173754
44.03% accepted

C(L/2,L/2) = 0.19503
energy = -2450.907982
energy/site = -0.7225554194
44.14% accepted

C(L/2,L/2) = 0.06819
energy = -2420.840865
energy/site = -0.7136912927
44.254% accepted

C(L/2,L/2) = 0.2105175
energy = -2449.723155
energy/site = -0.7222061188
43.99% accepted

C(L/2,L/2) = 0.2028525
energy = -2470.3275
energy/site = -0.728280513
44.116% accepted

C(L/2,L/2) = 0.0408075
energy = -2401.497795
energy/site = -0.7079887367
44.006% accepted

C(L/2,L/2) = 0.1710975
energy = -2438.92248
energy/site = -0.7190219575
44.151% accepted

C(L/2,L/2) = 0.091665
energy = -2450.88732
energy/site = -0.7225493278
44.034% accepted

C(L/2,L/2) = 0.2285475
energy = -2453.648393
energy/site = -0.7233633233
44.302% accepted

C(L/2,L/2) = 0.1305675
energy = -2422.970407
energy/site = -0.714319106
44.33% accepted

C(L/2,L/2) = 0.341925
energy = -2429.849528
energy/site = -0.7163471484
44.295% accepted

C(L/2,L/2) = 0.256605
energy = -2433.02634
energy/site = -0.7172837087
44.216% accepted

C(L/2,L/2) = 0.162405
energy = -2442.874658
energy/site = -0.7201871042
44.159% accepted

C(L/2,L/2) = 0.067035
energy = -2441.995522
energy/site = -0.7199279253
44.233% accepted

C(L/2,L/2) = 0.2205525
energy = -2467.76667
energy/site = -0.7275255513
44.409% accepted

C(L/2,L/2) = 0.2833725
energy = -2464.436662
energy/site = -0.7265438274
44.191% accepted

C(L/2,L/2) = 0.06216
energy = -2456.060655
energy/site = -0.7240744856
43.968% accepted

C(L/2,L/2) = 0.219615
energy = -2456.366843
energy/site = -0.7241647531
43.938% accepted

C(L/2,L/2) = 0.065745
energy = -2453.39262
energy/site = -0.7232879186
44.386% accepted

C(L/2,L/2) = 0.2134575
energy = -2443.881495
energy/site = -0.7204839313
44.036% accepted

C(L/2,L/2) = 0.043245
energy = -2436.757777
energy/site = -0.7183837787
44.061% accepted

C(L/2,L/2) = 0.10167
energy = -2420.211262
energy/site = -0.7135056788
44.34% accepted

C(L/2,L/2) = 0.12078
energy = -2418.955627
energy/site = -0.7131355034
44.242% accepted

C(L/2,L/2) = 0.11577
energy = -2439.008467
energy/site = -0.7190473076
44.253% accepted

C(L/2,L/2) = 0.0632925
energy = -2462.870985
energy/site = -0.7260822479
43.969% accepted

C(L/2,L/2) = 0
energy = -2436.718545
energy/site = -0.7183722126
44.223% accepted

C(L/2,L/2) = 0.0272175
energy = -2405.184697
energy/site = -0.7090756773
44.52% accepted

C(L/2,L/2) = 0.00501
energy = -2426.376458
energy/site = -0.7153232481
44.165% accepted

C(L/2,L/2) = 0.150225
energy = -2451.561555
energy/site = -0.7227480999
44.162% accepted

C(L/2,L/2) = 0.0775875
energy = -2461.977345
energy/site = -0.7258187927
44.04% accepted

C(L/2,L/2) = 0
energy = -2471.841173
energy/site = -0.7287267608
44.07% accepted

C(L/2,L/2) = 0
energy = -2454.00153
energy/site = -0.7234674322
43.96% accepted

C(L/2,L/2) = 0.1811775
energy = -2426.082443
energy/site = -0.7152365691
43.998% accepted

C(L/2,L/2) = 0.21015
energy = -2445.188933
energy/site = -0.7208693787
44.069% accepted

C(L/2,L/2) = 0.20898
energy = -2436.24987
energy/site = -0.7182340419
44.355% accepted

C(L/2,L/2) = 0.161445
energy = -2433.910508
energy/site = -0.7175443713
44.119% accepted

C(L/2,L/2) = 0.2266275
energy = -2423.341013
energy/site = -0.7144283645
43.866% accepted

C(L/2,L/2) = 0.1721025
energy = -2430.678533
energy/site = -0.7165915485
44.165% accepted

C(L/2,L/2) = 0.1289775
energy = -2441.876175
energy/site = -0.7198927403
44.118% accepted

C(L/2,L/2) = 0.3129975
energy = -2441.61945
energy/site = -0.7198170548
44.309% accepted

C(L/2,L/2) = 0.2186775
energy = -2475.95133
energy/site = -0.7299384817
44.266% accepted

C(L/2,L/2) = 0.017265
energy = -2474.161747
energy/site = -0.7294108925
44.223% accepted

C(L/2,L/2) = 0
energy = -2442.769927
energy/site = -0.7201562286
44.371% accepted

C(L/2,L/2) = 0
energy = -2481.621292
energy/site = -0.7316100509
44.293% accepted

C(L/2,L/2) = 0.1574475
energy = -2468.244967
energy/site = -0.7276665588
43.994% accepted

C(L/2,L/2) = 0.32154
energy = -2455.428315
energy/site = -0.7238880646
44.56% accepted

C(L/2,L/2) = 0.1942425
energy = -2442.876412
energy/site = -0.7201876216
44.199% accepted

C(L/2,L/2) = 0.227925
energy = -2462.615625
energy/site = -0.7260069649
44.464% accepted

C(L/2,L/2) = 0.045765
energy = -2470.142063
energy/site = -0.7282258439
44.415% accepted

C(L/2,L/2) = 0.2433075
energy = -2483.53038
energy/site = -0.7321728715
44.343% accepted

C(L/2,L/2) = 0.1668
energy = -2433.501
energy/site = -0.7174236439
43.684% accepted

C(L/2,L/2) = 0.12132
energy = -2429.059335
energy/site = -0.7161141907
44.117% accepted

C(L/2,L/2) = 0.2107875
energy = -2412.83658
energy/site = -0.7113315389
43.954% accepted

C(L/2,L/2) = 0.2593275
energy = -2414.410545
energy/site = -0.7117955616
43.947% accepted

C(L/2,L/2) = 0.05757
energy = -2432.616683
energy/site = -0.7171629371
44.068% accepted

C(L/2,L/2) = 0.2183775
energy = -2396.87973
energy/site = -0.7066272789
43.825% accepted

C(L/2,L/2) = 0.31059
energy = -2453.367188
energy/site = -0.7232804208
44.13% accepted

C(L/2,L/2) = 0.271965
energy = -2431.00032
energy/site = -0.7166864151
44.294% accepted

C(L/2,L/2) = 0.2677125
energy = -2451.936218
energy/site = -0.7228585547
43.777% accepted

C(L/2,L/2) = 0.1769325
energy = -2440.738755
energy/site = -0.719557416
44.332% accepted

C(L/2,L/2) = 0.16953
energy = -2452.021005
energy/site = -0.722883551
44.352% accepted

C(L/2,L/2) = 0.2726625
energy = -2453.440095
energy/site = -0.7233019148
44.171% accepted

C(L/2,L/2) = 0.288345
energy = -2453.323537
energy/site = -0.7232675523
44.116% accepted

C(L/2,L/2) = 0.0437925
energy = -2453.874975
energy/site = -0.7234301223
43.938% accepted

C(L/2,L/2) = 0.02022
energy = -2435.5125
energy/site = -0.7180166568
44.041% accepted

C(L/2,L/2) = 0.1824375
energy = -2413.909837
energy/site = -0.7116479474
44.232% accepted

C(L/2,L/2) = 0.32088
energy = -2431.00683
energy/site = -0.7166883343
44.195% accepted

C(L/2,L/2) = 0.253125
energy = -2432.553188
energy/site = -0.717144218
44.175% accepted

C(L/2,L/2) = 0.2567475
energy = -2394.17175
energy/site = -0.7058289357
43.878% accepted

C(L/2,L/2) = 0.13272
energy = -2406.56064
energy/site = -0.7094813208
44.193% accepted

C(L/2,L/2) = 0.111135
energy = -2462.486355
energy/site = -0.7259688547
44.404% accepted

C(L/2,L/2) = 0.113985
energy = -2441.45349
energy/site = -0.7197681279
43.985% accepted

C(L/2,L/2) = 0.197595
energy = -2439.979725
energy/site = -0.7193336453
44.537% accepted

C(L/2,L/2) = 0.0573675
energy = -2459.5236
energy/site = -0.7250954009
44.403% accepted

C(L/2,L/2) = 0.2385975
energy = -2427.276
energy/site = -0.7155884434
44.27% accepted

C(L/2,L/2) = 0.1720875
energy = -2409.790905
energy/site = -0.7104336394
44.364% accepted

C(L/2,L/2) = 0.1355475
energy = -2421.388155
energy/site = -0.71385264
44.313% accepted

C(L/2,L/2) = 0.01845
energy = -2426.67054
energy/site = -0.7154099469
44.606% accepted

C(L/2,L/2) = 0.09204
energy = -2485.036605
energy/site = -0.7326169236
44.257% accepted

C(L/2,L/2) = 0.092085
energy = -2451.730777
energy/site = -0.7227979886
44.166% accepted

C(L/2,L/2) = 0
energy = -2409.313988
energy/site = -0.7102930388
44.138% accepted

C(L/2,L/2) = 0.0521325
energy = -2424.971475
energy/site = -0.7149090433
44.252% accepted

C(L/2,L/2) = 0.2947425
energy = -2404.573853
energy/site = -0.7088955933
43.737% accepted

C(L/2,L/2) = 0.20559
energy = -2422.692937
energy/site = -0.7142373047
44.351% accepted

C(L/2,L/2) = 0.205125
energy = -2441.28801
energy/site = -0.7197193426
43.998% accepted

C(L/2,L/2) = 0.1321425
energy = -2467.35786
energy/site = -0.7274050295
44.179% accepted

C(L/2,L/2) = 0
energy = -2427.159938
energy/site = -0.7155542269
44.058% accepted

C(L/2,L/2) = 0.0312975
energy = -2449.187025
energy/site = -0.7220480616
43.848% accepted

C(L/2,L/2) = 0.05679
energy = -2424.548932
energy/site = -0.714784473
43.763% accepted

C(L/2,L/2) = 0.1350525
energy = -2469.352215
energy/site = -0.7279929879
44.333% accepted

C(L/2,L/2) = 0.2141325
energy = -2420.448075
energy/site = -0.7135754938
44.226% accepted

C(L/2,L/2) = 0.0817125
energy = -2453.756902
energy/site = -0.7233953132
44.126% accepted

C(L/2,L/2) = 0.1914975
energy = -2442.989782
energy/site = -0.7202210444
44.452% accepted

C(L/2,L/2) = 0.235185
energy = -2448.68196
energy/site = -0.7218991627
44.071% accepted

C(L/2,L/2) = 0.2915625
energy = -2419.747357
energy/site = -0.7133689144
44.317% accepted

C(L/2,L/2) = 0.240315
energy = -2466.008273
energy/site = -0.7270071558
44.313% accepted

C(L/2,L/2) = 0.160545
energy = -2440.648657
energy/site = -0.7195308542
43.867% accepted

C(L/2,L/2) = 0.1362225
energy = -2473.313483
energy/site = -0.7291608144
43.971% accepted

C(L/2,L/2) = 0.2643825
energy = -2455.907055
energy/site = -0.7240292025
43.98% accepted

C(L/2,L/2) = 0.363915
energy = -2429.43096
energy/site = -0.71622375
44.092% accepted

C(L/2,L/2) = 0.0074925
energy = -2404.387185
energy/site = -0.7088405616
44.013% accepted

C(L/2,L/2) = 0.01404
energy = -2464.13124
energy/site = -0.7264537854
44.181% accepted

C(L/2,L/2) = 0.00255
energy = -2478.15705
energy/site = -0.7305887529
44.24% accepted

C(L/2,L/2) = 0.202845
energy = -2476.770097
energy/site = -0.7301798636
44.086% accepted

C(L/2,L/2) = 0.0288075
energy = -2421.534622
energy/site = -0.7138958203
44.182% accepted

C(L/2,L/2) = 0.2907075
energy = -2502.55803
energy/site = -0.7377824381
44.328% accepted

C(L/2,L/2) = 0.064395
energy = -2487.822495
energy/site = -0.7334382356
45.051% accepted

C(L/2,L/2) = 0.1757625
energy = -2500.210845
energy/site = -0.7370904614
44.181% accepted

C(L/2,L/2) = 0.163335
energy = -2446.901258
energy/site = -0.7213741915
44.004% accepted

C(L/2,L/2) = 0.2895825
energy = -2425.695293
energy/site = -0.7151224329
44.415% accepted

C(L/2,L/2) = 0.2101575
energy = -2445.58353
energy/site = -0.7209857105
44.312% accepted

C(L/2,L/2) = 0.0694575
energy = -2463.003833
energy/site = -0.7261214129
44.198% accepted

C(L/2,L/2) = 0.1552275
energy = -2475.224198
energy/site = -0.7297241148
43.962% accepted

C(L/2,L/2) = 0.1244325
energy = -2470.415715
energy/site = -0.7283065198
44.003% accepted

C(L/2,L/2) = 0.1480275
energy = -2463.09525
energy/site = -0.7261483638
43.991% accepted

C(L/2,L/2) = 0.185895
energy = -2448.590108
energy/site = -0.7218720836
44.348% accepted

C(L/2,L/2) = 0.22491
energy = -2483.258025
energy/site = -0.7320925781
44.426% accepted

C(L/2,L/2) = 0.2222475
energy = -2437.095188
energy/site = -0.718483251
44.022% accepted

C(L/2,L/2) = 0.1527975
energy = -2460.100763
energy/site = -0.725265555
43.947% accepted

C(L/2,L/2) = 0.1851675
energy = -2396.24949
energy/site = -0.706441477
44.223% accepted

C(L/2,L/2) = 0.1371375
energy = -2473.99725
energy/site = -0.7293623968
43.883% accepted

C(L/2,L/2) = 0.0269175
energy = -2438.688053
energy/site = -0.7189528457
44.171% accepted

C(L/2,L/2) = 0.06633
energy = -2437.802205
energy/site = -0.7186916878
44.155% accepted

C(L/2,L/2) = 0.2299575
energy = -2456.393843
energy/site = -0.724172713
44.064% accepted

C(L/2,L/2) = 0.1516575
energy = -2416.7418
energy/site = -0.712482842
44.108% accepted

C(L/2,L/2) = 0.1241175
energy = -2441.69742
energy/site = -0.7198400413
44.342% accepted

C(L/2,L/2) = 0.391455
energy = -2455.175468
energy/site = -0.7238135223
44.133% accepted

C(L/2,L/2) = 0.24486
energy = -2451.814012
energy/site = -0.7228225273
44.278% accepted

C(L/2,L/2) = 0.082245
energy = -2427.033292
energy/site = -0.7155168905
44.22% accepted

C(L/2,L/2) = 0.0809625
energy = -2454.285337
energy/site = -0.7235511019
44.298% accepted

C(L/2,L/2) = 0.27951
energy = -2508.671415
energy/site = -0.7395847332
44.453% accepted

C(L/2,L/2) = 0.2849625
energy = -2468.337428
energy/site = -0.7276938171
44.243% accepted

C(L/2,L/2) = 0.23715
energy = -2480.148398
energy/site = -0.7311758247
43.799% accepted

C(L/2,L/2) = 0.0844125
energy = -2458.883243
energy/site = -0.7249066163
44.129% accepted

C(L/2,L/2) = 0.050805
energy = -2435.694255
energy/site = -0.7180702403
44.042% accepted

C(L/2,L/2) = 0
energy = -2466.971055
energy/site = -0.727290995
43.963% accepted

C(L/2,L/2) = 0.03027
energy = -2445.171563
energy/site = -0.7208642578
44.508% accepted

C(L/2,L/2) = 0.15822
energy = -2430.838395
energy/site = -0.7166386778
43.868% accepted

C(L/2,L/2) = 0.021345
energy = -2456.476253
energy/site = -0.7241970084
43.954% accepted

C(L/2,L/2) = 0.1136175
energy = -2449.79352
energy/site = -0.7222268632
44.079% accepted

C(L/2,L/2) = 0.276405
energy = -2440.821525
energy/site = -0.7195818175
44.174% accepted

C(L/2,L/2) = 0.24498
energy = -2431.293645
energy/site = -0.7167728906
44.179% accepted

C(L/2,L/2) = 0.3343425
energy = -2423.455853
energy/site = -0.7144622207
44.395% accepted

C(L/2,L/2) = 0.26562
energy = -2470.207035
energy/site = -0.7282449985
44.37% accepted

C(L/2,L/2) = 0.2802375
energy = -2417.49765
energy/site = -0.7127056751
44.406% accepted

C(L/2,L/2) = 0.2510175
energy = -2427.5088
energy/site = -0.7156570755
44.208% accepted

C(L/2,L/2) = 0.2764875
energy = -2464.45572
energy/site = -0.7265494458
44.171% accepted

C(L/2,L/2) = 0.232515
energy = -2429.017148
energy/site = -0.7161017534
44.006% accepted

C(L/2,L/2) = 0.151845
energy = -2446.940707
energy/site = -0.7213858218
44.256% accepted

C(L/2,L/2) = 0.143535
energy = -2402.44608
energy/site = -0.7082683019
44.472% accepted

C(L/2,L/2) = 0.1570425
energy = -2453.83629
energy/site = -0.7234187176
44.445% accepted

C(L/2,L/2) = 0.179565
energy = -2435.072325
energy/site = -0.7178868883
44.299% accepted

C(L/2,L/2) = 0.0686325
energy = -2393.97714
energy/site = -0.7057715625
43.743% accepted

C(L/2,L/2) = 0.3065625
energy = -2416.836015
energy/site = -0.7125106176
44.091% accepted

C(L/2,L/2) = 0.02238
energy = -2433.120922
energy/site = -0.7173115927
44.4% accepted

C(L/2,L/2) = 0
energy = -2447.456543
energy/site = -0.7215378958
44.244% accepted

C(L/2,L/2) = 0
energy = -2477.433367
energy/site = -0.7303754032
43.649% accepted

C(L/2,L/2) = 0.214245
energy = -2455.884825
energy/site = -0.7240226489
44.122% accepted

C(L/2,L/2) = 0.19206
energy = -2422.333898
energy/site = -0.7141314556
44.487% accepted

C(L/2,L/2) = 0
energy = -2448.133035
energy/site = -0.7217373334
44.539% accepted

C(L/2,L/2) = 0.25272
energy = -2447.690498
energy/site = -0.7216068684
44.539% accepted

C(L/2,L/2) = 0.22908
energy = -2470.740525
energy/site = -0.7284022774
44.185% accepted

C(L/2,L/2) = 0.0841425
energy = -2448.315765
energy/site = -0.7217912043
44.296% accepted

C(L/2,L/2) = 0.0263625
energy = -2437.93899
energy/site = -0.7187320136
44.313% accepted

C(L/2,L/2) = 0.0154875
energy = -2436.507758
energy/site = -0.71831007
44.339% accepted

C(L/2,L/2) = 0.10833
energy = -2519.781675
energy/site = -0.7428601636
44.503% accepted

C(L/2,L/2) = 0.1720425
energy = -2516.95527
energy/site = -0.7420269074
44.428% accepted

C(L/2,L/2) = 0.1286925
energy = -2465.872508
energy/site = -0.7269671307
43.962% accepted

C(L/2,L/2) = 0.14298
energy = -2445.654345
energy/site = -0.7210065876
43.854% accepted

C(L/2,L/2) = 0.0073125
energy = -2462.72229
energy/site = -0.726038411
44.323% accepted

C(L/2,L/2) = 0
energy = -2469.087847
energy/site = -0.7279150494
44.723% accepted

C(L/2,L/2) = 0.06741
energy = -2433.51804
energy/site = -0.7174286675
44.726% accepted

C(L/2,L/2) = 0.099525
energy = -2448.950693
energy/site = -0.7219783881
44.214% accepted

C(L/2,L/2) = 0.0890475
energy = -2450.746628
energy/site = -0.7225078501
44.325% accepted

C(L/2,L/2) = 0.1112175
energy = -2514.639997
energy/site = -0.7413443389
44.27% accepted

C(L/2,L/2) = 0.0880725
energy = -2483.04111
energy/site = -0.7320286291
44.294% accepted

C(L/2,L/2) = 0
energy = -2465.266733
energy/site = -0.7267885414
44.24% accepted

C(L/2,L/2) = 0.1129125
energy = -2453.585895
energy/site = -0.7233448983
43.764% accepted

C(L/2,L/2) = 0.140445
energy = -2446.232647
energy/site = -0.7211770777
43.969% accepted

C(L/2,L/2) = 0.1962675
energy = -2449.345478
energy/site = -0.7220947752
44.472% accepted

C(L/2,L/2) = 0.1214025
energy = -2436.370965
energy/site = -0.718269742
44.205% accepted

C(L/2,L/2) = 0.271575
energy = -2461.312432
energy/site = -0.725622769
43.938% accepted

C(L/2,L/2) = 0.181695
energy = -2446.467683
energy/site = -0.7212463687
44.187% accepted

C(L/2,L/2) = 0.2802375
energy = -2474.2596
energy/site = -0.7294397406
44.296% accepted

C(L/2,L/2) = 0.146445
energy = -2433.061747
energy/site = -0.7172941473
44.008% accepted

C(L/2,L/2) = 0.1425675
energy = -2419.821248
energy/site = -0.713390698
44.415% accepted

C(L/2,L/2) = 0.3281625
energy = -2408.873325
energy/site = -0.7101631265
43.786% accepted

C(L/2,L/2) = 0.0791175
energy = -2413.834965
energy/site = -0.7116258741
43.907% accepted

C(L/2,L/2) = 0.0954225
energy = -2398.722135
energy/site = -0.7071704407
43.615% accepted

C(L/2,L/2) = 0.2494875
energy = -2411.46204
energy/site = -0.710926309
44.009% accepted

C(L/2,L/2) = 0.09246
energy = -2423.636535
energy/site = -0.7145154879
44.075% accepted

C(L/2,L/2) = 0.08094
energy = -2466.094635
energy/site = -0.7270326165
44.453% accepted

C(L/2,L/2) = 0.279195
energy = -2444.257305
energy/site = -0.7205947244
43.821% accepted

C(L/2,L/2) = 0.1130175
energy = -2464.298693
energy/site = -0.7265031523
44.374% accepted

C(L/2,L/2) = 0.16962
energy = -2403.764115
energy/site = -0.7086568735
43.994% accepted

C(L/2,L/2) = 0.0652275
energy = -2443.593127
energy/site = -0.7203989173
44.09% accepted

C(L/2,L/2) = 0.1693275
energy = -2436.712515
energy/site = -0.7183704348
44.411% accepted

C(L/2,L/2) = 0.105135
energy = -2454.925905
energy/site = -0.7237399484
44.521% accepted

C(L/2,L/2) = 0.146115
energy = -2488.762357
energy/site = -0.7337153177
44.227% accepted

C(L/2,L/2) = 0.2495025
energy = -2492.969527
energy/site = -0.734955639
44.256% accepted

C(L/2,L/2) = 0.07605
energy = -2454.200963
energy/site = -0.7235262272
44.671% accepted

C(L/2,L/2) = 0
energy = -2487.84936
energy/site = -0.7334461557
44.225% accepted

C(L/2,L/2) = 0.101535
energy = -2437.464443
energy/site = -0.7185921116
44.483% accepted

C(L/2,L/2) = 0.0088275
energy = -2435.74278
energy/site = -0.718084546
44.338% accepted

C(L/2,L/2) = 0.20619
energy = -2428.939298
energy/site = -0.7160788023
44.463% accepted

C(L/2,L/2) = 0.2519475
energy = -2409.209497
energy/site = -0.7102622339
43.902% accepted

C(L/2,L/2) = 0.217395
energy = -2424.614925
energy/site = -0.7148039284
44.28% accepted

C(L/2,L/2) = 0.194235
energy = -2429.92845
energy/site = -0.7163704157
44.189% accepted

C(L/2,L/2) = 0.2201925
energy = -2446.03521
energy/site = -0.7211188709
43.969% accepted

C(L/2,L/2) = 0.2196975
energy = -2431.544017
energy/site = -0.7168467033
44.704% accepted

C(L/2,L/2) = 0.0254325
energy = -2455.280302
energy/site = -0.7238444288
44.077% accepted

C(L/2,L/2) = 0.101805
energy = -2460.874462
energy/site = -0.7254936505
44.106% accepted

C(L/2,L/2) = 0.055635
energy = -2437.084342
energy/site = -0.7184800538
44.42% accepted

C(L/2,L/2) = 0
energy = -2452.993777
energy/site = -0.7231703353
43.954% accepted

C(L/2,L/2) = 0
energy = -2456.29596
energy/site = -0.7241438561
44.151% accepted

C(L/2,L/2) = 0.1303575
energy = -2458.41192
energy/site = -0.7247676651
44.049% accepted

C(L/2,L/2) = 0.2001675
energy = -2491.921755
energy/site = -0.7346467438
44.165% accepted

C(L/2,L/2) = 0.192855
energy = -2472.27402
energy/site = -0.7288543691
44.272% accepted

C(L/2,L/2) = 0.21036
energy = -2469.04845
energy/site = -0.7279034346
44.059% accepted

C(L/2,L/2) = 0.21276
energy = -2443.245255
energy/site = -0.7202963606
43.842% accepted

C(L/2,L/2) = 0.124965
energy = -2408.810835
energy/site = -0.7101447037
44.29% accepted

C(L/2,L/2) = 0.103935
energy = -2450.89566
energy/site = -0.7225517866
44.321% accepted

C(L/2,L/2) = 0.10887
energy = -2467.166407
energy/site = -0.7273485871
44.544% accepted

C(L/2,L/2) = 0.247245
energy = -2452.959735
energy/site = -0.7231602992
43.862% accepted

C(L/2,L/2) = 0.27306
energy = -2420.552813
energy/site = -0.7136063716
44.03% accepted

C(L/2,L/2) = 0.25014
energy = -2422.39443
energy/site = -0.7141493013
43.944% accepted

C(L/2,L/2) = 0.109365
energy = -2483.585475
energy/site = -0.7321891141
44.245% accepted

C(L/2,L/2) = 0.110265
energy = -2487.787575
energy/site = -0.7334279407
43.749% accepted

C(L/2,L/2) = 0.08496
energy = -2476.122675
energy/site = -0.7299889962
44.302% accepted

C(L/2,L/2) = 0.3473625
energy = -2437.053495
energy/site = -0.7184709596
43.962% accepted

C(L/2,L/2) = 0.1669875
energy = -2492.0091
energy/site = -0.7346724941
43.992% accepted

C(L/2,L/2) = 0.0122175
energy = -2488.683083
energy/site = -0.7336919465
44.162% accepted

C(L/2,L/2) = 0.1554825
energy = -2466.194167
energy/site = -0.7270619598
44.127% accepted

C(L/2,L/2) = 0.2045325
energy = -2448.46914
energy/site = -0.721836421
44.063% accepted

C(L/2,L/2) = 0.1420425
energy = -2436.8538
energy/site = -0.7184120873
43.977% accepted

C(L/2,L/2) = 0
energy = -2441.514877
energy/site = -0.7197862257
44.478% accepted

C(L/2,L/2) = 0.14199
energy = -2435.939445
energy/site = -0.7181425251
44.112% accepted

C(L/2,L/2) = 0.2585325
energy = -2448.952995
energy/site = -0.7219790669
44.023% accepted

C(L/2,L/2) = 0.1736625
energy = -2467.349572
energy/site = -0.7274025862
44.342% accepted

C(L/2,L/2) = 0.25161
energy = -2456.475202
energy/site = -0.7241966989
43.927% accepted

C(L/2,L/2) = 0.18984
energy = -2457.792428
energy/site = -0.7245850317
44.208% accepted

C(L/2,L/2) = 0
energy = -2436.679935
energy/site = -0.7183608299
44.478% accepted

C(L/2,L/2) = 0.0213525
energy = -2471.94483
energy/site = -0.7287573202
44.416% accepted

C(L/2,L/2) = 0.0545175
energy = -2463.73428
energy/site = -0.7263367571
44.446% accepted

C(L/2,L/2) = 0.2739225
energy = -2469.904905
energy/site = -0.7281559272
44.143% accepted

C(L/2,L/2) = 0
energy = -2477.46909
energy/site = -0.7303859346
44.459% accepted

C(L/2,L/2) = 0.083235
energy = -2450.795692
energy/site = -0.722522315
44.132% accepted

C(L/2,L/2) = 0.033795
energy = -2483.561453
energy/site = -0.732182032
44.437% accepted

C(L/2,L/2) = 0.015435
energy = -2450.838105
energy/site = -0.7225348187
43.818% accepted

C(L/2,L/2) = 0.2288625
energy = -2434.814333
energy/site = -0.7178108292
44.09% accepted

C(L/2,L/2) = 0.00147
energy = -2417.487292
energy/site = -0.7127026216
44.237% accepted

C(L/2,L/2) = 0
energy = -2442.742642
energy/site = -0.7201481847
43.764% accepted

C(L/2,L/2) = 0.0953325
energy = -2471.074297
energy/site = -0.7285006773
44.164% accepted

C(L/2,L/2) = 0.24423
energy = -2517.01572
energy/site = -0.7420447288
44.155% accepted

C(L/2,L/2) = 0.2295675
energy = -2455.567575
energy/site = -0.72392912
43.926% accepted

C(L/2,L/2) = 0.1791
energy = -2472.7767
energy/site = -0.7290025649
44.298% accepted

C(L/2,L/2) = 0.1516425
energy = -2438.065605
energy/site = -0.7187693411
44.151% accepted

C(L/2,L/2) = 0.10671
energy = -2452.579185
energy/site = -0.7230481088
44.26% accepted

C(L/2,L/2) = 0.0087975
energy = -2450.811367
energy/site = -0.7225269362
44.265% accepted

C(L/2,L/2) = 0.1380525
energy = -2444.395553
energy/site = -0.7206354813
44.46% accepted

C(L/2,L/2) = 0.095505
energy = -2456.560275
energy/site = -0.7242217792
44.394% accepted

C(L/2,L/2) = 0.1727175
energy = -2417.125995
energy/site = -0.712596107
44.466% accepted

C(L/2,L/2) = 0.2094075
energy = -2455.862033
energy/site = -0.7240159294
44.069% accepted

C(L/2,L/2) = 0.1352625
energy = -2443.17489
energy/site = -0.7202756162
44.077% accepted

C(L/2,L/2) = 0.2087325
energy = -2476.501148
energy/site = -0.7301005741
44.302% accepted

C(L/2,L/2) = 0
energy = -2407.340475
energy/site = -0.7097112249
44.085% accepted

C(L/2,L/2) = 0.0880575
energy = -2411.027138
energy/site = -0.7107980948
44.553% accepted

C(L/2,L/2) = 0.1231875
energy = -2459.978393
energy/site = -0.7252294789
44.38% accepted

C(L/2,L/2) = 0.2789625
energy = -2417.511443
energy/site = -0.7127097413
44.165% accepted

C(L/2,L/2) = 0.300105
energy = -2418.034027
energy/site = -0.7128638053
44.137% accepted

C(L/2,L/2) = 0.1945125
energy = -2475.757883
energy/site = -0.7298814512
44.286% accepted

C(L/2,L/2) = 0.2039625
energy = -2474.705325
energy/site = -0.7295711453
44.03% accepted

C(L/2,L/2) = 0.30156
energy = -2483.62296
energy/site = -0.7322001651
44.068% accepted

C(L/2,L/2) = 0.07764
energy = -2443.207005
energy/site = -0.720285084
43.992% accepted

C(L/2,L/2) = 0.10365
energy = -2410.333013
energy/site = -0.7105934589
44.214% accepted

C(L/2,L/2) = 0.033285
energy = -2417.889622
energy/site = -0.712821233
44.232% accepted

C(L/2,L/2) = 0
energy = -2452.217077
energy/site = -0.7229413554
44.159% accepted

C(L/2,L/2) = 0.1486725
energy = -2433.19449
energy/site = -0.7173332812
43.813% accepted

C(L/2,L/2) = 0.1006275
energy = -2463.46305
energy/site = -0.7262567954
43.933% accepted

C(L/2,L/2) = 0.14538
energy = -2476.947653
energy/site = -0.7302322089
44.296% accepted

C(L/2,L/2) = 0.31308
energy = -2448.046763
energy/site = -0.7217118993
44.366% accepted

C(L/2,L/2) = 0.1762125
energy = -2450.961908
energy/site = -0.7225713171
43.87% accepted

C(L/2,L/2) = 0.1907925
energy = -2450.594235
energy/site = -0.7224629231
44.1% accepted

C(L/2,L/2) = 0.1899
energy = -2445.6786
energy/site = -0.7210137382
44.038% accepted

C(L/2,L/2) = 0.3155475
energy = -2439.082605
energy/site = -0.7190691642
44.411% accepted

C(L/2,L/2) = 0.2214675
energy = -2404.205715
energy/site = -0.7087870622
43.785% accepted

C(L/2,L/2) = 0.3350775
energy = -2452.179615
energy/site = -0.722930311
43.798% accepted

C(L/2,L/2) = 0.22515
energy = -2465.060213
energy/site = -0.726727657
44.205% accepted

C(L/2,L/2) = 0.26868
energy = -2419.828155
energy/site = -0.7133927344
43.679% accepted

C(L/2,L/2) = 0.19857
energy = -2458.251337
energy/site = -0.7247203236
44.27% accepted

C(L/2,L/2) = 0.24003
energy = -2457.7239
energy/site = -0.724564829
44.37% accepted

C(L/2,L/2) = 0.2854425
energy = -2429.595945
energy/site = -0.7162723894
44.205% accepted

C(L/2,L/2) = 0.1761675
energy = -2445.488205
energy/site = -0.7209576076
44.059% accepted

C(L/2,L/2) = 0
energy = -2446.853745
energy/site = -0.7213601843
44.587% accepted

C(L/2,L/2) = 0.041715
energy = -2403.598785
energy/site = -0.7086081324
43.64% accepted

C(L/2,L/2) = 0.198075
energy = -2437.518105
energy/site = -0.7186079319
44.301% accepted

C(L/2,L/2) = 0.307965
energy = -2463.235958
energy/site = -0.726189846
43.727% accepted

C(L/2,L/2) = 0.125025
energy = -2463.904013
energy/site = -0.7263867961
43.992% accepted

C(L/2,L/2) = 0.12099
energy = -2406.785775
energy/site = -0.7095476931
44.399% accepted

C(L/2,L/2) = 0.0818625
energy = -2454.422985
energy/site = -0.7235916819
44.361% accepted

C(L/2,L/2) = 0.2039175
energy = -2465.681062
energy/site = -0.7269106906
44.53% accepted

C(L/2,L/2) = 0.21792
energy = -2468.747528
energy/site = -0.7278147192
43.914% accepted

C(L/2,L/2) = 0.20208
energy = -2459.560687
energy/site = -0.7251063348
44.447% accepted

C(L/2,L/2) = 0.142575
energy = -2431.737045
energy/site = -0.71690361
44.499% accepted

C(L/2,L/2) = 0.097215
energy = -2396.598682
energy/site = -0.7065444229
44.326% accepted

C(L/2,L/2) = 0.2001375
energy = -2467.256272
energy/site = -0.7273750803
43.946% accepted

C(L/2,L/2) = 0.2926275
energy = -2425.603852
energy/site = -0.7150954754
43.918% accepted

C(L/2,L/2) = 0.0914175
energy = -2460.357112
energy/site = -0.7253411299
43.832% accepted

C(L/2,L/2) = 0.0130425
energy = -2418.420097
energy/site = -0.7129776231
44.165% accepted

C(L/2,L/2) = 0.2074125
energy = -2444.478262
energy/site = -0.7206598651
44.174% accepted

C(L/2,L/2) = 0.1195575
energy = -2423.861917
energy/site = -0.7145819332
44.329% accepted

C(L/2,L/2) = 0.04881
energy = -2448.308205
energy/site = -0.7217889755
44.33% accepted

C(L/2,L/2) = 0.0078375
energy = -2487.845873
energy/site = -0.7334451275
44.089% accepted

C(L/2,L/2) = 0.1321725
energy = -2433.999188
energy/site = -0.7175705152
43.973% accepted

C(L/2,L/2) = 0.0770625
energy = -2482.209877
energy/site = -0.7317835724
44.223% accepted

C(L/2,L/2) = 0.06465
energy = -2472.892133
energy/site = -0.7290365957
44.331% accepted

C(L/2,L/2) = 0
energy = -2470.404382
energy/site = -0.7283031788
44.335% accepted

C(L/2,L/2) = 0.13722
energy = -2397.764003
energy/site = -0.7068879724
43.873% accepted

C(L/2,L/2) = 0.130305
energy = -2461.353187
energy/site = -0.7256347841
44.245% accepted

C(L/2,L/2) = 0.102045
energy = -2442.491295
energy/site = -0.7200740846
44.137% accepted

C(L/2,L/2) = 0.0744675
energy = -2420.020485
energy/site = -0.7134494354
44.43% accepted

C(L/2,L/2) = 0.0431025
energy = -2423.637802
energy/site = -0.7145158616
44.267% accepted

C(L/2,L/2) = 0
energy = -2426.516347
energy/site = -0.7153644892
44.114% accepted

C(L/2,L/2) = 0.051615
energy = -2408.1843
energy/site = -0.7099599941
44.029% accepted

C(L/2,L/2) = 0.2706675
energy = -2434.46979
energy/site = -0.7177092541
43.853% accepted

C(L/2,L/2) = 0.1845375
energy = -2491.579087
energy/site = -0.7345457216
43.948% accepted

C(L/2,L/2) = 0.041805
energy = -2427.590903
energy/site = -0.7156812802
44.231% accepted

C(L/2,L/2) = 0.20754
energy = -2460.42633
energy/site = -0.725361536
44.142% accepted

C(L/2,L/2) = 0
energy = -2454.7776
energy/site = -0.7236962264
44.017% accepted

C(L/2,L/2) = 0.183
energy = -2394.16191
energy/site = -0.7058260348
44.181% accepted

C(L/2,L/2) = 0.047595
energy = -2456.228505
energy/site = -0.7241239696
44.683% accepted

C(L/2,L/2) = 0.1436325
energy = -2483.22114
energy/site = -0.732081704
44.037% accepted

C(L/2,L/2) = 0.3213075
energy = -2450.769345
energy/site = -0.7225145475
44.592% accepted

C(L/2,L/2) = 0.1266
energy = -2456.337
energy/site = -0.7241559552
44.582% accepted

C(L/2,L/2) = 0.153435
energy = -2450.191065
energy/site = -0.722344064
43.934% accepted

C(L/2,L/2) = 0.0761025
energy = -2479.32315
energy/site = -0.7309325324
44.468% accepted

C(L/2,L/2) = 0.0651525
energy = -2471.1339
energy/site = -0.7285182488
44.361% accepted

C(L/2,L/2) = 0.155835
energy = -2455.795103
energy/site = -0.7239961977
44.074% accepted

C(L/2,L/2) = 0.193845
energy = -2462.373817
energy/site = -0.7259356773
44.212% accepted

C(L/2,L/2) = 0.166365
energy = -2419.956097
energy/site = -0.7134304533
44.418% accepted

C(L/2,L/2) = 0.095925
energy = -2424.657262
energy/site = -0.7148164099
43.886% accepted

C(L/2,L/2) = 0.0490575
energy = -2492.08374
energy/site = -0.7346944988
44.133% accepted

C(L/2,L/2) = 0.2528925
energy = -2485.210755
energy/site = -0.732668265
44.618% accepted

C(L/2,L/2) = 0.1878525
energy = -2448.103657
energy/site = -0.7217286726
44.575% accepted

C(L/2,L/2) = 0.130065
energy = -2453.45661
energy/site = -0.7233067836
44.127% accepted

C(L/2,L/2) = 0.22851
energy = -2492.360407
energy/site = -0.7347760635
44.377% accepted

C(L/2,L/2) = 0.098145
energy = -2472.443078
energy/site = -0.7289042092
44.152% accepted

C(L/2,L/2) = 0.0129825
energy = -2448.724605
energy/site = -0.721911735
43.948% accepted

C(L/2,L/2) = 0.0931425
energy = -2448.354023
energy/site = -0.721802483
44.189% accepted

C(L/2,L/2) = 0.1301925
energy = -2455.103685
energy/site = -0.72379236
44.144% accepted

C(L/2,L/2) = 0.3184875
energy = -2467.341548
energy/site = -0.7274002204
44.506% accepted

C(L/2,L/2) = 0.281625
energy = -2465.118173
energy/site = -0.7267447443
44.164% accepted

C(L/2,L/2) = 0.145275
energy = -2455.74147
energy/site = -0.7239803862
44.148% accepted

C(L/2,L/2) = 0.1601475
energy = -2459.429993
energy/site = -0.7250678044
44.243% accepted

C(L/2,L/2) = 0.1008225
energy = -2449.66491
energy/site = -0.7221889475
44.507% accepted

C(L/2,L/2) = 0.233895
energy = -2475.655575
energy/site = -0.7298512898
44.22% accepted

C(L/2,L/2) = 0.28863
energy = -2476.130918
energy/site = -0.7299914261
44.205% accepted

C(L/2,L/2) = 0.212295
energy = -2424.034973
energy/site = -0.7146329518
43.745% accepted

C(L/2,L/2) = 0.313245
energy = -2433.237562
energy/site = -0.7173459795
43.647% accepted

C(L/2,L/2) = 0.168345
energy = -2441.440733
energy/site = -0.7197643669
44.001% accepted

C(L/2,L/2) = 0.1394775
energy = -2450.186392
energy/site = -0.7223426865
43.933% accepted

C(L/2,L/2) = 0.200025
energy = -2417.887552
energy/site = -0.7128206228
43.965% accepted

C(L/2,L/2) = 0.24297
energy = -2497.82784
energy/site = -0.7363879245
44.101% accepted

C(L/2,L/2) = 0.2109
energy = -2469.45003
energy/site = -0.7280218249
44.415% accepted

C(L/2,L/2) = 0.175455
energy = -2469.119677
energy/site = -0.7279244332
43.607% accepted

C(L/2,L/2) = 0.03999
energy = -2442.503625
energy/site = -0.7200777196
44.138% accepted

C(L/2,L/2) = 0.0586425
energy = -2490.274913
energy/site = -0.734161236
44.577% accepted

C(L/2,L/2) = 0.2191875
energy = -2481.180247
energy/site = -0.7314800258
44.332% accepted

C(L/2,L/2) = 0.1248525
energy = -2489.339827
energy/site = -0.7338855624
44.169% accepted

C(L/2,L/2) = 0.2267175
energy = -2456.869268
energy/site = -0.7243128737
44.107% accepted

C(L/2,L/2) = 0.29886
energy = -2442.23055
energy/site = -0.719997214
44.303% accepted

C(L/2,L/2) = 0.29427
energy = -2458.318853
energy/site = -0.7247402277
44.288% accepted

C(L/2,L/2) = 0.1560825
energy = -2440.217962
energy/site = -0.7194038805
44.026% accepted

C(L/2,L/2) = 0.0216975
energy = -2430.282113
energy/site = -0.7164746794
44.295% accepted

C(L/2,L/2) = 0.0618975
energy = -2440.974517
energy/site = -0.7196269214
44.185% accepted

C(L/2,L/2) = 0.0950775
energy = -2413.40277
energy/site = -0.7114984581
44.314% accepted

C(L/2,L/2) = 0.128475
energy = -2477.793435
energy/site = -0.7304815551
44.535% accepted

C(L/2,L/2) = 0.1800375
energy = -2446.41591
energy/site = -0.7212311055
44.092% accepted

C(L/2,L/2) = 0.3020625
energy = -2410.498808
energy/site = -0.7106423371
43.999% accepted

C(L/2,L/2) = 0.2049675
energy = -2472.436005
energy/site = -0.7289021241
43.777% accepted

C(L/2,L/2) = 0.1795275
energy = -2439.065722
energy/site = -0.7190641871
44.339% accepted


------------------------------------------------------------
Sender: LSF System <lsfadmin@wha267>
Subject: Job 8865314: <./dubproj53L64> Exited

Job <./dubproj53L64> was submitted from host <wha780> by user <akallin>.
Job was executed on host(s) <wha267>, in queue <serial>, as user <akallin>.
</home/akallin> was used as the home directory.
</work/akallin/sharcruns/dub_proj/bondlength/53L64> was used as the working directory.
Started at Wed Nov 18 18:58:22 2009
Results reported at Thu Nov 19 18:09:24 2009

Your job looked like:

------------------------------------------------------------
# LSBATCH: User input
./dubproj53L64
------------------------------------------------------------

TERM_OWNER: job killed by owner.
Exited with signal termination: Alarm clock.

Resource usage summary:

    CPU time   :  83332.12 sec.
    Max Memory :        50 MB
    Max Swap   :       172 MB

    Max Processes  :         4
    Max Threads    :         4

The output (if any) is above this job summary.

