
weighting by <swap_x> where x = 14
8 x 32 x 1 system
r   = 3  bondops changed per step 
n/N = 80  bond operators / site
its = 1000000  iterations/loop for 10000 loops

energy = -2593.495016
energy/site = -5.065419953
44.3779% accepted

energy = -15784.21457
energy/site = -30.82854407
43.7649% accepted

energy = -155.5235519
energy/site = -0.3037569373
43.674% accepted

energy = -2561.057245
energy/site = -5.002064932
43.8778% accepted

energy = -362.2100228
energy/site = -0.7074414507
43.6708% accepted

energy = -1653.747301
energy/site = -3.229975198
43.6491% accepted

energy = -2868.828783
energy/site = -5.603181217
43.7871% accepted

energy = -56.6446457
energy/site = -0.1106340736
43.7714% accepted

energy = -3996.476411
energy/site = -7.805617989
43.6784% accepted

energy = -377.89743
energy/site = -0.7380809181
43.8906% accepted

energy = -722.5271571
energy/site = -1.411185854
43.7388% accepted

energy = -666.7871048
energy/site = -1.302318564
43.9121% accepted

energy = -542.2857617
energy/site = -1.059151878
43.6255% accepted

energy = -130.7977947
energy/site = -0.2554644427
43.6371% accepted

energy = -12.61644032
energy/site = -0.02464148499
43.6898% accepted

energy = -3188.320314
energy/site = -6.227188113
43.8202% accepted

energy = -136.0612604
energy/site = -0.2657446492
43.6215% accepted

energy = -312451.3468
energy/site = -610.2565367
43.8048% accepted

energy = -2507.413503
energy/site = -4.897291999
43.7631% accepted

energy = -41.33892625
energy/site = -0.08074009034
43.828% accepted

energy = -38.76007349
energy/site = -0.07570326854
43.6749% accepted

energy = -686.082269
energy/site = -1.340004432
43.7824% accepted

energy = -141.6945114
energy/site = -0.2767470926
43.6725% accepted

energy = -103.9544833
energy/site = -0.2030361001
43.5434% accepted

energy = -134.2369195
energy/site = -0.2621814834
43.7065% accepted

energy = -136.7845317
energy/site = -0.2671572885
43.6633% accepted

energy = -292.9239406
energy/site = -0.5721170715
43.6102% accepted

energy = -1469.599328
energy/site = -2.870311188
43.7023% accepted

energy = -15433.8883
energy/site = -30.14431309
43.7374% accepted

energy = -401.0875796
energy/site = -0.783374179
43.561% accepted

energy = -67.828188
energy/site = -0.1324769297
43.7608% accepted

energy = -405.6149534
energy/site = -0.7922167059
43.7503% accepted

energy = -302.6535611
energy/site = -0.5911202365
43.6085% accepted

energy = -550.591392
energy/site = -1.075373813
43.5948% accepted

energy = -2456.859847
energy/site = -4.798554388
43.6701% accepted

energy = -151.3072151
energy/site = -0.2955219045
43.8045% accepted

energy = -144.6888149
energy/site = -0.2825953416
43.675% accepted

energy = -874.6262198
energy/site = -1.708254336
43.5466% accepted

energy = -146.1714378
energy/site = -0.2854910896
43.7722% accepted

energy = -139.7437216
energy/site = -0.2729369562
43.7058% accepted

energy = -34.90076659
energy/site = -0.06816555975
43.8347% accepted

energy = -1139.039787
energy/site = -2.224687083
43.888% accepted

energy = -692.0335286
energy/site = -1.351627986
43.6806% accepted

energy = -3854.16552
energy/site = -7.52766703
43.7284% accepted

energy = -229.3895664
energy/site = -0.4480264969
43.7492% accepted

energy = -64.10655483
energy/site = -0.1252081149
43.6973% accepted

energy = -5144.307622
energy/site = -10.04747582
43.6729% accepted

energy = -545.9818173
energy/site = -1.066370737
43.7659% accepted

energy = -121.670001
energy/site = -0.2376367206
43.7804% accepted

energy = -211.4449401
energy/site = -0.4129783986
43.5431% accepted

energy = -94.41285137
energy/site = -0.1844001003
43.5692% accepted

energy = -73.17156841
energy/site = -0.1429132195
43.8338% accepted

energy = -443.0830721
energy/site = -0.8653966252
43.7913% accepted

energy = -257.0497806
energy/site = -0.5020503527
43.5246% accepted

energy = -314.3141278
energy/site = -0.613894781
43.7679% accepted

energy = -1485.797753
energy/site = -2.901948737
43.779% accepted

energy = -839.0447426
energy/site = -1.638759263
43.7141% accepted

energy = -213.2094281
energy/site = -0.4164246642
43.7377% accepted

energy = -5071.663058
energy/site = -9.905591911
43.7257% accepted

energy = -729.5096138
energy/site = -1.424823464
43.5853% accepted

energy = -645.5775054
energy/site = -1.260893565
43.6797% accepted

energy = -164.7185396
energy/site = -0.3217158977
43.6634% accepted

energy = -352.7221689
energy/site = -0.6889104861
43.7578% accepted

energy = -129.732768
energy/site = -0.2533843125
43.5606% accepted

energy = -545.1945221
energy/site = -1.064833051
43.7037% accepted

energy = -43.75855519
energy/site = -0.0854659281
43.5817% accepted

energy = -2753.579282
energy/site = -5.378084536
43.7238% accepted

energy = -16603.72913
energy/site = -32.42915846
43.7311% accepted

energy = -39.37730968
energy/site = -0.07690880797
43.7895% accepted

energy = -1065.439558
energy/site = -2.080936636
43.7434% accepted

energy = -527.0825907
energy/site = -1.029458185
43.7832% accepted

energy = -271.4674611
energy/site = -0.530209885
43.6209% accepted

energy = -1263.671302
energy/site = -2.468108012
43.7718% accepted

energy = -425.1101134
energy/site = -0.8302931903
43.7803% accepted

energy = -41.97777155
energy/site = -0.08198783507
43.6356% accepted

energy = -80.17993906
energy/site = -0.1566014435
43.7347% accepted

energy = -64.77564025
energy/site = -0.1265149224
43.6292% accepted

energy = -530.381193
energy/site = -1.035900768
43.8301% accepted

energy = -174.498542
energy/site = -0.3408174649
43.6541% accepted

energy = -18.14403508
energy/site = -0.03543756851
43.7352% accepted

energy = -132.3760578
energy/site = -0.2585469879
43.8036% accepted

energy = -451.1851462
energy/site = -0.8812209886
43.7198% accepted

energy = -1381.629266
energy/site = -2.69849466
43.7633% accepted

energy = -317.2462711
energy/site = -0.6196216232
43.5793% accepted

energy = -35.28707722
energy/site = -0.06892007269
43.8569% accepted

energy = -1474.440937
energy/site = -2.879767455
43.5758% accepted

energy = -5012.88842
energy/site = -9.790797694
43.6979% accepted

energy = -9627.577664
energy/site = -18.80386263
43.7015% accepted

energy = -2749.732318
energy/site = -5.370570934
43.7896% accepted

energy = -239.0607901
energy/site = -0.4669156056
43.7671% accepted

energy = -560.0065101
energy/site = -1.093762715
43.6391% accepted

energy = -194.9246242
energy/site = -0.3807121566
43.7863% accepted

energy = -346.9892411
energy/site = -0.6777133615
43.7216% accepted

energy = -92.15948819
energy/site = -0.1799990004
43.6716% accepted

energy = -124.6490183
energy/site = -0.2434551139
43.6077% accepted

energy = -59.13086685
energy/site = -0.1154899743
43.7555% accepted

energy = -1700.640206
energy/site = -3.321562902
43.7284% accepted

energy = -78.9350223
energy/site = -0.1541699654
43.8315% accepted

energy = -687.782043
energy/site = -1.343324303
43.6409% accepted

energy = -49.71431943
energy/site = -0.09709828013
43.8525% accepted

energy = -44.14106364
energy/site = -0.08621301493
43.7296% accepted

energy = -2256.860895
energy/site = -4.407931435
43.7205% accepted

energy = -21.14652335
energy/site = -0.04130180342
43.7346% accepted

energy = -356.2168751
energy/site = -0.6957360842
43.7258% accepted

energy = -261.5916543
energy/site = -0.5109211999
43.8553% accepted

energy = -7617.444386
energy/site = -14.87782107
43.8345% accepted

energy = -395.3450378
energy/site = -0.7721582769
43.7011% accepted

energy = -1362.494372
energy/site = -2.661121821
43.6357% accepted

energy = -57.60730024
energy/site = -0.1125142583
43.6169% accepted

energy = -97.19713884
energy/site = -0.1898381618
43.6873% accepted

energy = -1019.905613
energy/site = -1.99200315
43.7166% accepted

energy = -26.21443151
energy/site = -0.05120006153
43.7211% accepted

energy = -11356.53055
energy/site = -22.18072374
43.6618% accepted

energy = -64.68677531
energy/site = -0.126341358
43.7946% accepted

energy = -60.04800102
energy/site = -0.117281252
43.7327% accepted

energy = -374.6000577
energy/site = -0.7316407377
43.7084% accepted

energy = -10.01163152
energy/site = -0.01955396782
43.799% accepted

energy = -2088.776341
energy/site = -4.079641292
43.6795% accepted

energy = -76.81324011
energy/site = -0.1500258596
43.6965% accepted

energy = -1744.059535
energy/site = -3.406366279
43.6418% accepted

energy = -20.18633596
energy/site = -0.03942643741
43.7543% accepted

energy = -378.7911644
energy/site = -0.7398264929
43.884% accepted

energy = -34.95654739
energy/site = -0.06827450661
43.7309% accepted

energy = -3014.400363
energy/site = -5.887500708
43.7399% accepted

energy = -1335.5999
energy/site = -2.608593555
43.4763% accepted

energy = -527.6416282
energy/site = -1.030550055
43.6975% accepted

energy = -40.69939778
energy/site = -0.07949101128
43.78% accepted

energy = -323.4645234
energy/site = -0.6317666473
43.6992% accepted

energy = -1189.325571
energy/site = -2.322901505
43.8326% accepted

energy = -372.8730469
energy/site = -0.7282676696
43.7889% accepted

energy = -144.2755932
energy/site = -0.281788268
43.7252% accepted

energy = -303.7500469
energy/site = -0.5932618103
43.6907% accepted

energy = -285.5063207
energy/site = -0.5576295327
43.8644% accepted

energy = -1747.902878
energy/site = -3.413872808
43.6471% accepted

energy = -453.2864943
energy/site = -0.8853251842
43.673% accepted

energy = -290.966247
energy/site = -0.5682934512
43.6879% accepted

energy = -114.9617625
energy/site = -0.2245346924
43.7794% accepted

energy = -108.2159911
energy/site = -0.2113593575
43.6174% accepted

energy = -339.3281118
energy/site = -0.6627502184
43.7585% accepted

energy = -39.07227307
energy/site = -0.07631303335
43.617% accepted

energy = -281.053381
energy/site = -0.5489323847
43.7027% accepted

energy = -79.28362078
energy/site = -0.1548508218
43.7905% accepted

energy = -914.046801
energy/site = -1.785247658
43.7957% accepted

energy = -163.4017612
energy/site = -0.3191440648
43.672% accepted

energy = -5150.545465
energy/site = -10.05965911
43.6781% accepted

energy = -2685.626064
energy/site = -5.245363406
43.6127% accepted

energy = -134.1743126
energy/site = -0.2620592043
43.7436% accepted

energy = -153.6180471
energy/site = -0.3000352483
43.782% accepted

energy = -2025.837302
energy/site = -3.95671348
43.6296% accepted

energy = -207.9885951
energy/site = -0.4062277247
43.7843% accepted

energy = -615.209363
energy/site = -1.201580787
43.6282% accepted

energy = -615.9914387
energy/site = -1.203108279
43.68% accepted

energy = -55.71728947
energy/site = -0.108822831
43.6638% accepted

energy = -695.6802541
energy/site = -1.358750496
43.7475% accepted

energy = -207.3020957
energy/site = -0.4048869056
43.7098% accepted

energy = -523.0014895
energy/site = -1.021487284
43.7183% accepted

energy = -397.8337797
energy/site = -0.777019101
43.6202% accepted

energy = -890.4469074
energy/site = -1.739154116
43.8442% accepted

energy = -595.2787335
energy/site = -1.162653776
43.6862% accepted

energy = -91.9319494
energy/site = -0.1795545887
43.6392% accepted

energy = -674.0133087
energy/site = -1.316432243
43.5606% accepted

energy = -2681.774673
energy/site = -5.237841158
43.8263% accepted

energy = -277.4758254
energy/site = -0.5419449715
43.7063% accepted

energy = -45.22894575
energy/site = -0.08833778467
43.5868% accepted

energy = -982.7749097
energy/site = -1.919482245
43.8064% accepted

energy = -3442.276429
energy/site = -6.72319615
43.5844% accepted

energy = -87.9599653
energy/site = -0.1717968072
43.6654% accepted

energy = -219.9051022
energy/site = -0.4295021527
43.8098% accepted

energy = -3094.74229
energy/site = -6.044418535
43.8744% accepted

energy = -50.94925827
energy/site = -0.09951027005
43.6601% accepted

energy = -70.76618469
energy/site = -0.1382152045
43.5501% accepted

energy = -919.1197909
energy/site = -1.795155842
43.6724% accepted

energy = -112.2733826
energy/site = -0.2192839504
43.8555% accepted

energy = -3505.247277
energy/site = -6.846186089
43.7102% accepted

energy = -6583.471455
energy/site = -12.85834268
43.7157% accepted

energy = -376.8677288
energy/site = -0.7360697828
43.6693% accepted

energy = -1480.633448
energy/site = -2.891862204
43.6743% accepted

energy = -308.141983
energy/site = -0.6018398105
43.7433% accepted

energy = -299.101273
energy/site = -0.5841821738
43.6837% accepted

energy = -1751.455561
energy/site = -3.420811643
43.8138% accepted

energy = -839.5564779
energy/site = -1.639758746
43.8042% accepted

energy = -110.6521841
energy/site = -0.2161175472
43.7657% accepted

energy = -60.79383153
energy/site = -0.1187379522
43.7975% accepted

energy = -107.6747958
energy/site = -0.2103023355
43.7115% accepted

energy = -88.72918813
energy/site = -0.1732991956
43.7418% accepted

energy = -43.46281293
energy/site = -0.0848883065
43.7505% accepted

energy = -89.52020613
energy/site = -0.1748441526
43.5831% accepted

energy = -102.6353023
energy/site = -0.2004595747
43.8508% accepted

energy = -88.93391997
energy/site = -0.1736990624
43.5887% accepted

energy = -117.3049917
energy/site = -0.229111312
43.7409% accepted

energy = -253.4569715
energy/site = -0.4950331475
43.5432% accepted

energy = -10.54323942
energy/site = -0.0205922645
43.7404% accepted

energy = -401.1844144
energy/site = -0.7835633093
43.6684% accepted

energy = -132.2773315
energy/site = -0.2583541632
43.8929% accepted

energy = -1927.77057
energy/site = -3.765176894
43.6798% accepted

energy = -605.9995865
energy/site = -1.183592942
43.6739% accepted

energy = -50.23684165
energy/site = -0.09811883134
43.6746% accepted

energy = -1241.680599
energy/site = -2.42515742
43.7536% accepted

energy = -3395.090041
energy/site = -6.631035237
43.7615% accepted

energy = -163.9992661
energy/site = -0.3203110667
43.9064% accepted

energy = -359.0262389
energy/site = -0.7012231229
43.7433% accepted

energy = -40.76015621
energy/site = -0.07960968009
43.7265% accepted

energy = -4340.010031
energy/site = -8.476582093
43.702% accepted

energy = -4.134936711
energy/site = -0.008076048263
43.6189% accepted

energy = -743.042386
energy/site = -1.45125466
43.827% accepted

energy = -144.4305986
energy/site = -0.282091013
43.6428% accepted

energy = -79.91800823
energy/site = -0.1560898598
43.6574% accepted

energy = -2589.386635
energy/site = -5.057395771
43.5561% accepted

energy = -81.60366362
energy/site = -0.1593821555
43.7623% accepted

energy = -1173.714435
energy/site = -2.292411007
43.6574% accepted

energy = -407.2861117
energy/site = -0.7954806868
43.8261% accepted

energy = -226.9806837
energy/site = -0.4433216478
43.7416% accepted

energy = -376.517724
energy/site = -0.7353861796
43.6551% accepted

energy = -357.1750734
energy/site = -0.6976075652
43.774% accepted

energy = -7010.107947
energy/site = -13.69161708
43.5715% accepted

energy = -186.1250517
energy/site = -0.3635254917
43.7008% accepted

energy = -443.5118023
energy/site = -0.8662339888
43.7081% accepted

energy = -103.7834955
energy/site = -0.2027021397
43.667% accepted

energy = -40.49245432
energy/site = -0.07908682485
43.7734% accepted

energy = -465.3402357
energy/site = -0.9088676479
43.786% accepted

energy = -168.0890813
energy/site = -0.3282989869
43.6555% accepted

energy = -96.7096065
energy/site = -0.1888859502
43.5969% accepted

energy = -94.84604422
energy/site = -0.1852461801
43.5604% accepted

energy = -9057.936994
energy/site = -17.69128319
43.5814% accepted

energy = -184.6283438
energy/site = -0.360602234
43.8174% accepted

energy = -74.69491017
energy/site = -0.1458884964
43.7736% accepted

energy = -872.1728773
energy/site = -1.703462651
43.7578% accepted

energy = -666.2123112
energy/site = -1.30119592
43.8119% accepted

energy = -617.6889047
energy/site = -1.206423642
43.7751% accepted

energy = -1594.587478
energy/site = -3.114428668
43.8545% accepted

energy = -4049.679047
energy/site = -7.909529388
43.6471% accepted

energy = -360.9062224
energy/site = -0.7048949657
43.6822% accepted

energy = -338.8833904
energy/site = -0.6618816219
43.8245% accepted

energy = -122.788983
energy/site = -0.2398222324
43.6999% accepted

energy = -34.32531737
energy/site = -0.06704163548
43.6599% accepted

energy = -263.0403508
energy/site = -0.5137506852
43.7967% accepted

energy = -474.9580248
energy/site = -0.9276523922
43.7097% accepted

energy = -143.7365241
energy/site = -0.2807353986
43.7555% accepted

energy = -42.9670374
energy/site = -0.08391999492
43.777% accepted

energy = -147.1576909
energy/site = -0.2874173651
43.7296% accepted

energy = -1449.398151
energy/site = -2.830855764
43.7784% accepted

energy = -840.9106948
energy/site = -1.642403701
43.7845% accepted

energy = -1456.677448
energy/site = -2.845073141
43.6329% accepted

energy = -57.90515491
energy/site = -0.1130960057
43.5924% accepted

energy = -18544.34382
energy/site = -36.21942152
43.7716% accepted

energy = -262.802553
energy/site = -0.5132862364
43.6806% accepted

energy = -178.986562
energy/site = -0.349583129
43.7924% accepted

energy = -657.8388571
energy/site = -1.284841518
43.7432% accepted

energy = -545.3308418
energy/site = -1.0650993
43.9202% accepted

energy = -144.7277039
energy/site = -0.2826712966
43.6733% accepted

energy = -76.85727782
energy/site = -0.1501118707
43.6903% accepted

energy = -182.3601
energy/site = -0.3561720702
43.8338% accepted

energy = -157.5150555
energy/site = -0.3076465927
43.6704% accepted

energy = -132.0904531
energy/site = -0.2579891662
43.668% accepted

energy = -574.7496758
energy/site = -1.122557961
43.6739% accepted

energy = -97.51823125
energy/site = -0.1904652954
43.7211% accepted

energy = -81.72453226
energy/site = -0.1596182271
43.8554% accepted

energy = -80.83358992
energy/site = -0.1578781053
43.633% accepted

energy = -1151.521389
energy/site = -2.249065212
43.571% accepted

energy = -770.2498573
energy/site = -1.504394252
43.7092% accepted

energy = -549.0025534
energy/site = -1.072270612
43.8483% accepted

energy = -868.8865558
energy/site = -1.697044054
43.7439% accepted

energy = -432.8926246
energy/site = -0.8454934075
43.7305% accepted

energy = -411.9778428
energy/site = -0.8046442242
43.7939% accepted

energy = -8743.449107
energy/site = -17.07704904
43.755% accepted

energy = -203.4471714
energy/site = -0.3973577567
43.7707% accepted

energy = -330.9792059
energy/site = -0.6464437615
43.8068% accepted

energy = -14945.5599
energy/site = -29.19054668
43.6862% accepted

energy = -418.7342654
energy/site = -0.8178403622
43.6942% accepted

energy = -1568.125174
energy/site = -3.06274448
43.8243% accepted

energy = -3021.550814
energy/site = -5.901466433
43.7507% accepted

energy = -2814.493785
energy/site = -5.497058173
43.7325% accepted

energy = -6103.387549
energy/site = -11.92067881
43.7783% accepted

energy = -8898.116862
energy/site = -17.3791345
43.6143% accepted

energy = -743.1233385
energy/site = -1.451412771
43.7123% accepted

energy = -132.3637391
energy/site = -0.258522928
43.7985% accepted

energy = -38.02930087
energy/site = -0.07427597826
43.6585% accepted

energy = -74.73097623
energy/site = -0.145958938
43.6416% accepted

energy = -185.650826
energy/site = -0.3625992695
43.5931% accepted

energy = -34.30432932
energy/site = -0.06700064321
43.7689% accepted

energy = -256.1843577
energy/site = -0.5003600736
43.684% accepted

energy = -729.1369755
energy/site = -1.424095655
43.6125% accepted

energy = -175.4026001
energy/site = -0.3425832034
43.768% accepted

energy = -202.8108412
energy/site = -0.3961149241
43.6635% accepted

energy = -158.9307168
energy/site = -0.3104115562
43.7058% accepted

energy = -19947.43582
energy/site = -38.95983559
43.825% accepted

energy = -1673.501902
energy/site = -3.268558402
43.6261% accepted

energy = -306.2386771
energy/site = -0.5981224162
43.8018% accepted

energy = -1176.50885
energy/site = -2.297868848
43.7949% accepted

energy = -31.56383006
energy/site = -0.06164810558
43.8371% accepted

energy = -121.8628802
energy/site = -0.238013438
43.5105% accepted

energy = -124.7623054
energy/site = -0.2436763778
43.7401% accepted

energy = -103.9013412
energy/site = -0.202932307
43.7482% accepted

energy = -282.5809206
energy/site = -0.5519158606
43.4963% accepted

energy = -2081.01046
energy/site = -4.064473554
43.6675% accepted

energy = -12.36392896
energy/site = -0.02414829875
43.6876% accepted

energy = -600.2444581
energy/site = -1.172352457
43.792% accepted

energy = -47.42703065
energy/site = -0.09263091924
43.7145% accepted

energy = -339.207069
energy/site = -0.6625138067
43.6845% accepted

energy = -594.2337888
energy/site = -1.160612869
43.7144% accepted

energy = -371.2048093
energy/site = -0.7250093932
43.869% accepted

energy = -426.8284568
energy/site = -0.8336493297
43.7007% accepted

energy = -232.1630973
energy/site = -0.4534435494
43.552% accepted

energy = -1420.876711
energy/site = -2.775149826
43.6724% accepted

energy = -227.3848307
energy/site = -0.4441109975
43.5927% accepted

energy = -94.83744971
energy/site = -0.185229394
43.5784% accepted

energy = -212.8551981
energy/site = -0.4157328087
43.7363% accepted

energy = -148.6361315
energy/site = -0.2903049443
43.7322% accepted

energy = -2657.229754
energy/site = -5.189901863
43.6327% accepted

energy = -69.9527684
energy/site = -0.1366265008
43.7907% accepted

energy = -303.1900558
energy/site = -0.5921680777
43.7304% accepted

energy = -243.0937862
energy/site = -0.4747925511
43.7554% accepted

energy = -141.0659537
energy/site = -0.2755194407
43.8604% accepted

energy = -146.4070344
energy/site = -0.2859512391
43.7692% accepted

energy = -25.91576031
energy/site = -0.05061671935
43.6163% accepted

energy = -484.2006162
energy/site = -0.9457043285
43.7189% accepted

energy = -652.8751892
energy/site = -1.275146854
43.8142% accepted

energy = -96.64570497
energy/site = -0.1887611425
43.7991% accepted

energy = -798.6450701
energy/site = -1.559853653
43.6669% accepted

energy = -121.6013986
energy/site = -0.2375027316
43.6268% accepted

energy = -4102.543865
energy/site = -8.012780986
43.683% accepted

energy = -1829.909117
energy/site = -3.574041244
43.6544% accepted

energy = -371.268351
energy/site = -0.7251334981
43.623% accepted

energy = -15.94532759
energy/site = -0.03114321794
43.6823% accepted

energy = -820.3274392
energy/site = -1.60220203
43.6424% accepted

energy = -82.7851968
energy/site = -0.1616898375
43.6882% accepted

energy = -76.12345378
energy/site = -0.1486786207
43.7452% accepted

energy = -1567.13222
energy/site = -3.060805117
43.5825% accepted

energy = -287.3565227
energy/site = -0.5612432083
43.8069% accepted

energy = -126.1464802
energy/site = -0.2463798441
43.7827% accepted

energy = -41.24815017
energy/site = -0.0805627933
43.6237% accepted

energy = -50.48195925
energy/site = -0.09859757665
43.6121% accepted

energy = -1234.805127
energy/site = -2.411728763
43.7106% accepted

energy = -129.1749103
energy/site = -0.2522947466
43.8028% accepted

energy = -488.0867131
energy/site = -0.9532943616
43.7216% accepted

energy = -762.3458896
energy/site = -1.488956816
43.7429% accepted

energy = -1413.526524
energy/site = -2.760793992
43.7499% accepted

energy = -101.8865691
energy/site = -0.1989972052
43.7512% accepted

energy = -313.1671879
energy/site = -0.6116546639
43.7076% accepted

energy = -225.1974262
energy/site = -0.4398387231
43.7058% accepted

energy = -2460.159108
energy/site = -4.804998258
43.7169% accepted

energy = -861.0107856
energy/site = -1.681661691
43.8104% accepted

energy = -1308.555068
energy/site = -2.555771617
43.7715% accepted

energy = -186.4974472
energy/site = -0.3642528266
43.6853% accepted

energy = -3997.462311
energy/site = -7.807543577
43.7163% accepted

energy = -168.8902611
energy/site = -0.3298637911
43.8005% accepted

energy = -187.1734505
energy/site = -0.3655731456
43.6792% accepted

energy = -21.6594632
energy/site = -0.04230363906
43.5929% accepted

energy = -250.9899867
energy/site = -0.4902148178
43.7425% accepted

energy = -166.2634387
energy/site = -0.3247332788
43.741% accepted

energy = -1851.309057
energy/site = -3.615838003
43.7572% accepted

energy = -1329.669667
energy/site = -2.597011068
43.626% accepted

energy = -17697.64285
energy/site = -34.56570868
43.6912% accepted

energy = -384.9852082
energy/site = -0.7519242347
43.8687% accepted

energy = -105.8274254
energy/site = -0.2066941903
43.5998% accepted

energy = -7529.731952
energy/site = -14.70650772
43.6797% accepted

energy = -313.6773081
energy/site = -0.6126509924
43.7291% accepted

energy = -4653.060966
energy/site = -9.088009699
43.7541% accepted

energy = -1133.204323
energy/site = -2.213289692
43.6684% accepted

energy = -74.24799334
energy/site = -0.145015612
43.6944% accepted

energy = -302.8738088
energy/site = -0.5915504078
43.4428% accepted

energy = -192.5080516
energy/site = -0.3759922883
43.6414% accepted

energy = -84.18421034
energy/site = -0.1644222858
43.7641% accepted

energy = -4294.788659
energy/site = -8.388259099
43.7976% accepted

energy = -693.8304312
energy/site = -1.355137561
43.6383% accepted

energy = -1245.223083
energy/site = -2.432076333
43.6789% accepted

energy = -34.61442968
energy/site = -0.06760630797
43.6805% accepted

energy = -99.55971146
energy/site = -0.1944525614
43.7342% accepted

energy = -94.24640558
energy/site = -0.1840750109
43.7843% accepted

energy = -77.94145793
energy/site = -0.15222941
43.75% accepted

energy = -60.46804775
energy/site = -0.1181016558
43.6147% accepted

energy = -217.8907816
energy/site = -0.4255679328
43.6312% accepted

energy = -925.4586982
energy/site = -1.80753652
43.6403% accepted

energy = -37.68618492
energy/site = -0.07360582992
43.722% accepted

energy = -67.11122027
energy/site = -0.1310766021
43.6757% accepted

energy = -5857.213438
energy/site = -11.43987
43.8493% accepted

energy = -663.1889297
energy/site = -1.295290878
43.658% accepted

energy = -344.0447484
energy/site = -0.6719623991
43.8898% accepted

energy = -314.7348807
energy/site = -0.6147165638
43.6278% accepted

energy = -297.3510998
energy/site = -0.5807638669
43.7593% accepted

energy = -373.6786064
energy/site = -0.7298410282
43.7667% accepted

energy = -18144.27317
energy/site = -35.43803354
43.6357% accepted

energy = -11496.24469
energy/site = -22.45360291
43.5849% accepted

energy = -166.9532178
energy/site = -0.3260805035
43.6577% accepted

energy = -519.6620955
energy/site = -1.01496503
43.8243% accepted

energy = -19.98994526
energy/site = -0.03904286183
43.9164% accepted

energy = -110.6527729
energy/site = -0.2161186971
43.6197% accepted

energy = -16.15533887
energy/site = -0.03155339623
43.6091% accepted

energy = -1517.497177
energy/site = -2.963861674
43.8252% accepted

energy = -35.16663407
energy/site = -0.06868483217
43.6462% accepted

energy = -168.8509604
energy/site = -0.329787032
43.7679% accepted

energy = -90.74319304
energy/site = -0.1772327989
43.8635% accepted

energy = -53.62198935
energy/site = -0.104730448
43.6041% accepted

energy = -1540.85991
energy/site = -3.009492011
43.8028% accepted

energy = -196.2054749
energy/site = -0.3832138182
43.7141% accepted

energy = -1899.136535
energy/site = -3.709251045
43.6234% accepted

energy = -24.34447906
energy/site = -0.04754781067
43.5948% accepted

energy = -1414.934998
energy/site = -2.763544919
43.7429% accepted

energy = -2082.164107
energy/site = -4.066726771
43.6788% accepted

energy = -177.5214933
energy/site = -0.3467216667
43.7554% accepted

energy = -2093.09439
energy/site = -4.088074981
43.8005% accepted

energy = -113.6547471
energy/site = -0.2219819279
43.7654% accepted

energy = -105.7165397
energy/site = -0.2064776165
43.5369% accepted

energy = -239.9697102
energy/site = -0.4686908403
43.7762% accepted

energy = -304.9854551
energy/site = -0.5956747169
43.6972% accepted

energy = -76.47724578
energy/site = -0.1493696207
43.7516% accepted

energy = -4549.14666
energy/site = -8.88505207
43.8797% accepted

energy = -85.69111171
energy/site = -0.1673654526
43.5875% accepted

energy = -154.379913
energy/site = -0.3015232676
43.6815% accepted

energy = -1103.777624
energy/site = -2.155815672
43.8055% accepted

energy = -28.94592947
energy/site = -0.05653501849
43.4824% accepted

energy = -953.1454229
energy/site = -1.861612154
43.7302% accepted

energy = -64.70294767
energy/site = -0.1263729447
43.6894% accepted

energy = -1015.754711
energy/site = -1.983895921
43.5108% accepted

energy = -172.5211925
energy/site = -0.3369554541
43.8901% accepted

energy = -137.9194492
energy/site = -0.2693739242
43.6055% accepted

energy = -63.22155303
energy/site = -0.1234795958
43.6444% accepted

energy = -395.2892519
energy/site = -0.77204932
43.6082% accepted

energy = -59.40342691
energy/site = -0.1160223182
43.7394% accepted

energy = -73.37405704
energy/site = -0.1433087051
43.5792% accepted

energy = -167.5888286
energy/site = -0.3273219309
43.6867% accepted

energy = -846.5212539
energy/site = -1.653361824
43.7412% accepted

energy = -380.8196174
energy/site = -0.7437883152
43.8348% accepted

energy = -454.6033514
energy/site = -0.8878971706
43.7634% accepted

energy = -56.13739588
energy/site = -0.1096433513
43.846% accepted

energy = -234.0585022
energy/site = -0.4571455122
43.6721% accepted

energy = -395.0954453
energy/site = -0.7716707915
43.5928% accepted

energy = -261.9014852
energy/site = -0.5115263383
43.6522% accepted

energy = -370.1254793
energy/site = -0.7229013267
43.6466% accepted

energy = -156.157544
energy/site = -0.3049952032
43.6759% accepted

energy = -140.2113162
energy/site = -0.2738502269
43.8487% accepted

energy = -540.2874157
energy/site = -1.055248859
43.7116% accepted

energy = -285.3252432
energy/site = -0.5572758657
43.8035% accepted

energy = -313.0977545
energy/site = -0.6115190517
43.7483% accepted

energy = -3050.842005
energy/site = -5.95867579
43.7402% accepted

energy = -19.93481863
energy/site = -0.03893519264
43.4912% accepted

energy = -1009.321828
energy/site = -1.971331695
43.7394% accepted

energy = -20499.59167
energy/site = -40.03826497
43.7795% accepted

energy = -38.57570115
energy/site = -0.0753431663
43.7317% accepted

energy = -229.579237
energy/site = -0.4483969473
43.6103% accepted

energy = -153.7530039
energy/site = -0.3002988357
43.7975% accepted

energy = -504.7270901
energy/site = -0.9857950978
43.824% accepted

energy = -1395.278567
energy/site = -2.725153452
43.8226% accepted

energy = -248.2211626
energy/site = -0.4848069581
43.8285% accepted

energy = -146.6325502
energy/site = -0.2863916996
43.7611% accepted

energy = -547.1358478
energy/site = -1.068624703
43.8102% accepted

energy = -3397.832651
energy/site = -6.636391897
43.6328% accepted

energy = -132.2184502
energy/site = -0.2582391605
43.6679% accepted

energy = -213.323889
energy/site = -0.4166482207
43.6185% accepted

energy = -6644.12802
energy/site = -12.97681254
43.7077% accepted

energy = -87.76746621
energy/site = -0.1714208324
43.6742% accepted

energy = -2804.806742
energy/site = -5.478138167
43.6104% accepted

energy = -2824.38086
energy/site = -5.516368868
43.6119% accepted

energy = -125.1594513
energy/site = -0.2444520534
43.5473% accepted

energy = -37.68596743
energy/site = -0.07360540513
43.6545% accepted

energy = -15.9184332
energy/site = -0.03109068985
43.7763% accepted

energy = -53.07760363
energy/site = -0.1036671946
43.6931% accepted

energy = -315.6017361
energy/site = -0.6164096409
43.7886% accepted

energy = -15.02742216
energy/site = -0.0293504339
43.7814% accepted

energy = -523.6503055
energy/site = -1.022754503
43.7294% accepted

energy = -17.04241875
energy/site = -0.03328597413
43.7101% accepted

energy = -578.3897412
energy/site = -1.129667463
43.7606% accepted

energy = -312.5814611
energy/site = -0.6105106663
43.6327% accepted

energy = -736.0700571
energy/site = -1.43763683
43.7745% accepted

energy = -4316.214372
energy/site = -8.430106195
43.7578% accepted

energy = -624.3844171
energy/site = -1.219500815
43.9657% accepted

energy = -2163.618996
energy/site = -4.225818352
43.5952% accepted

energy = -264.2755781
energy/site = -0.5161632385
43.7138% accepted

energy = -535.2148745
energy/site = -1.045341552
43.7496% accepted

energy = -2407.731279
energy/site = -4.702600154
43.7121% accepted

energy = -1090.178753
energy/site = -2.129255376
43.9004% accepted

energy = -19712.70953
energy/site = -38.50138579
43.5921% accepted

energy = -116.601482
energy/site = -0.2277372695
43.7274% accepted

energy = -106.2100224
energy/site = -0.2074414499
43.7374% accepted

energy = -16.78544023
energy/site = -0.03278406294
43.836% accepted

energy = -222.472842
energy/site = -0.4345172695
43.6621% accepted

energy = -558.8785527
energy/site = -1.091559673
43.8311% accepted

energy = -282.8836941
energy/site = -0.552507215
43.6175% accepted

energy = -2197.999095
energy/site = -4.292966982
43.7304% accepted

energy = -459.9443416
energy/site = -0.8983287922
43.6061% accepted

