
weighting by <swap_x> where x = 1
3 x 12 x 1 system
r   = 3  bondops changed per step 
n/N = 80  bond operators / site
its = 1000000  iterations/loop for 10000 loops

energy = -78.65742694
energy/site = -1.092464263
45.754% accepted

energy = -73.75984725
energy/site = -1.024442323
45.7701% accepted

energy = -82.47761081
energy/site = -1.145522372
45.7181% accepted

energy = -72.9239835
energy/site = -1.012833104
45.7511% accepted

energy = -76.95263119
energy/site = -1.068786544
45.6729% accepted

energy = -77.87447906
energy/site = -1.081589987
45.6344% accepted

energy = -73.61927794
energy/site = -1.022489971
45.7466% accepted

energy = -81.21328537
energy/site = -1.127962297
45.6289% accepted

energy = -75.8914305
energy/site = -1.054047646
45.6105% accepted

energy = -80.45216231
energy/site = -1.117391143
45.6292% accepted

energy = -75.72283031
energy/site = -1.051705977
45.6752% accepted

energy = -79.623558
energy/site = -1.10588275
45.7767% accepted

energy = -80.298741
energy/site = -1.115260292
45.7953% accepted

energy = -77.68444256
energy/site = -1.078950591
45.6128% accepted

energy = -79.42995694
energy/site = -1.103193846
45.671% accepted

energy = -84.14884275
energy/site = -1.168733927
45.6833% accepted

energy = -75.84018562
energy/site = -1.053335911
45.6627% accepted

energy = -76.88914144
energy/site = -1.067904742
45.7332% accepted

energy = -81.47940844
energy/site = -1.131658451
45.6855% accepted

energy = -71.25117619
energy/site = -0.9895996693
45.7702% accepted

energy = -77.31303506
energy/site = -1.073792154
45.6526% accepted

energy = -75.55075106
energy/site = -1.049315987
45.6011% accepted

energy = -79.05130162
energy/site = -1.097934745
45.6778% accepted

energy = -80.35731694
energy/site = -1.116073846
45.7116% accepted

energy = -75.1484295
energy/site = -1.043728188
45.7657% accepted

energy = -68.90294325
energy/site = -0.9569853229
45.7837% accepted

energy = -83.43233756
energy/site = -1.158782466
45.7385% accepted

energy = -81.34512525
energy/site = -1.129793406
45.6368% accepted

energy = -71.87562863
energy/site = -0.9982726198
45.8609% accepted

energy = -72.70952044
energy/site = -1.009854451
45.7843% accepted

energy = -68.09683069
energy/site = -0.9457893151
45.8504% accepted

energy = -79.38218137
energy/site = -1.102530297
45.6576% accepted

energy = -68.39821762
energy/site = -0.9499752448
45.7529% accepted

energy = -76.10171325
energy/site = -1.05696824
45.8503% accepted

energy = -76.5994395
energy/site = -1.063881104
45.7105% accepted

energy = -78.40321781
energy/site = -1.088933581
45.586% accepted

energy = -73.42996106
energy/site = -1.01986057
45.6418% accepted

energy = -77.47575187
energy/site = -1.076052109
45.4543% accepted

energy = -80.82766463
energy/site = -1.122606453
45.6805% accepted

energy = -73.57385962
energy/site = -1.021859161
45.7527% accepted

energy = -79.57891106
energy/site = -1.105262654
45.8075% accepted

energy = -80.70284025
energy/site = -1.120872781
45.6772% accepted

energy = -81.23860237
energy/site = -1.128313922
45.6961% accepted

energy = -75.84591169
energy/site = -1.05341544
45.7703% accepted

energy = -76.41964031
energy/site = -1.061383893
45.7008% accepted

energy = -74.315934
energy/site = -1.03216575
45.7835% accepted

energy = -78.44380556
energy/site = -1.089497299
45.6406% accepted

energy = -69.81252844
energy/site = -0.9696184505
45.6785% accepted

energy = -71.16275063
energy/site = -0.9883715365
45.7791% accepted

energy = -75.37714537
energy/site = -1.046904797
45.7077% accepted

energy = -80.13705506
energy/site = -1.113014654
45.7296% accepted

energy = -91.36246575
energy/site = -1.268923135
45.7714% accepted

energy = -80.98528388
energy/site = -1.124795609
45.622% accepted

energy = -77.93317481
energy/site = -1.082405206
45.5919% accepted

energy = -82.11841069
energy/site = -1.140533482
45.6444% accepted

energy = -79.96444725
energy/site = -1.110617323
45.7977% accepted

energy = -81.08982581
energy/site = -1.126247581
45.6515% accepted

energy = -82.47115631
energy/site = -1.145432727
45.5239% accepted

energy = -78.60464213
energy/site = -1.091731141
45.7845% accepted

energy = -72.55919981
energy/site = -1.007766664
45.6776% accepted

energy = -73.69049156
energy/site = -1.023479049
45.9631% accepted

energy = -78.09387075
energy/site = -1.084637094
45.7996% accepted

energy = -77.14229137
energy/site = -1.071420714
45.6422% accepted

energy = -79.15429669
energy/site = -1.099365232
45.6172% accepted

energy = -80.64873356
energy/site = -1.120121299
45.6649% accepted

energy = -67.44090638
energy/site = -0.9366792552
45.6822% accepted

energy = -77.84506181
energy/site = -1.081181414
45.5836% accepted

energy = -80.28103706
energy/site = -1.115014404
45.7764% accepted

energy = -79.91656144
energy/site = -1.109952242
45.625% accepted

energy = -76.72954481
energy/site = -1.065688122
45.4567% accepted

energy = -69.94499531
energy/site = -0.9714582682
45.7026% accepted

energy = -80.3038995
energy/site = -1.115331937
45.6608% accepted

energy = -75.35964525
energy/site = -1.04666174
45.6897% accepted

energy = -68.47465913
energy/site = -0.9510369323
45.7088% accepted

energy = -70.29475594
energy/site = -0.9763160547
45.7374% accepted

energy = -78.45677006
energy/site = -1.089677362
45.603% accepted

energy = -73.12624706
energy/site = -1.01564232
45.5926% accepted

energy = -81.631041
energy/site = -1.133764458
45.6302% accepted

energy = -78.00073913
energy/site = -1.083343599
45.7245% accepted

energy = -73.51526981
energy/site = -1.021045414
45.6681% accepted

energy = -77.19125231
energy/site = -1.072100727
45.7315% accepted

energy = -73.81714294
energy/site = -1.025238096
45.6872% accepted

energy = -73.29500194
energy/site = -1.017986138
45.6982% accepted

energy = -75.34871362
energy/site = -1.046509911
45.5683% accepted

energy = -76.63494638
energy/site = -1.064374255
45.7025% accepted

energy = -72.13071713
energy/site = -1.001815516
45.733% accepted

energy = -76.52540944
energy/site = -1.062852909
45.6666% accepted

energy = -76.34850806
energy/site = -1.060395945
45.6426% accepted

energy = -73.70176575
energy/site = -1.023635635
45.6743% accepted

energy = -79.86502875
energy/site = -1.10923651
45.6634% accepted

energy = -70.60147931
energy/site = -0.9805761016
45.7743% accepted

energy = -75.62352094
energy/site = -1.05032668
45.6958% accepted

energy = -78.93163613
energy/site = -1.096272724
45.6249% accepted

energy = -82.25455162
energy/site = -1.142424328
45.6155% accepted

energy = -79.43948475
energy/site = -1.103326177
45.7228% accepted

energy = -74.28415538
energy/site = -1.03172438
45.7857% accepted

energy = -84.49646119
energy/site = -1.173561961
45.7474% accepted

energy = -76.13184169
energy/site = -1.05738669
45.6516% accepted

energy = -74.38539956
energy/site = -1.033130549
45.6281% accepted

energy = -75.64338581
energy/site = -1.050602581
45.6714% accepted

energy = -73.0345935
energy/site = -1.014369354
45.7057% accepted

energy = -75.76666294
energy/site = -1.052314763
45.783% accepted

energy = -85.30593019
energy/site = -1.184804586
45.8591% accepted

energy = -82.9409475
energy/site = -1.151957604
45.6201% accepted

energy = -81.64183031
energy/site = -1.13391431
45.7689% accepted

energy = -83.1524085
energy/site = -1.154894563
45.8008% accepted

energy = -75.6954045
energy/site = -1.051325063
45.6713% accepted

energy = -76.545651
energy/site = -1.063134042
45.7814% accepted

energy = -84.31734038
energy/site = -1.171074172
45.6046% accepted

energy = -73.65610462
energy/site = -1.023001453
45.7396% accepted

energy = -81.21904369
energy/site = -1.128042273
45.6685% accepted

energy = -71.77253175
energy/site = -0.9968407188
45.7234% accepted

energy = -75.25640888
energy/site = -1.045227901
45.733% accepted

energy = -84.400356
energy/site = -1.172227167
45.668% accepted

energy = -69.64291669
energy/site = -0.9672627318
45.7652% accepted

energy = -77.34843825
energy/site = -1.074283865
45.7358% accepted

energy = -72.35790675
energy/site = -1.004970927
45.6965% accepted

energy = -79.09582369
energy/site = -1.098553107
45.7058% accepted

energy = -84.9819585
energy/site = -1.180304979
45.7984% accepted

energy = -69.57001931
energy/site = -0.9662502682
45.7066% accepted

energy = -77.46239644
energy/site = -1.075866617
45.6903% accepted

energy = -78.62403956
energy/site = -1.092000549
45.6462% accepted

energy = -77.16442125
energy/site = -1.071728073
45.7394% accepted

energy = -72.73602919
energy/site = -1.010222628
45.6449% accepted

energy = -78.45427519
energy/site = -1.089642711
45.7594% accepted

energy = -78.09759994
energy/site = -1.084688888
45.7979% accepted

energy = -73.77031162
energy/site = -1.024587661
45.6186% accepted

energy = -80.03699869
energy/site = -1.111624982
45.7025% accepted

energy = -78.00777956
energy/site = -1.083441383
45.6165% accepted

energy = -77.330484
energy/site = -1.0740345
45.7135% accepted

energy = -80.88135919
energy/site = -1.123352211
45.7036% accepted

energy = -79.88064694
energy/site = -1.10945343
45.7631% accepted

energy = -78.74839181
energy/site = -1.093727664
45.6489% accepted

energy = -80.68986637
energy/site = -1.120692589
45.7496% accepted

energy = -77.20606969
energy/site = -1.072306523
45.6997% accepted

energy = -86.50169906
energy/site = -1.201412487
45.7109% accepted

energy = -76.14499725
energy/site = -1.057569406
45.7521% accepted

energy = -79.89030413
energy/site = -1.109587557
45.941% accepted

energy = -78.94365131
energy/site = -1.096439602
45.6138% accepted

energy = -77.27773763
energy/site = -1.073301911
45.7098% accepted

energy = -79.40642719
energy/site = -1.102867044
45.7513% accepted

energy = -77.95598869
energy/site = -1.082722065
45.791% accepted

energy = -82.6908795
energy/site = -1.148484437
45.6986% accepted

energy = -82.20647475
energy/site = -1.141756594
45.7647% accepted

energy = -77.06541412
energy/site = -1.070352974
45.8236% accepted

energy = -74.81383369
energy/site = -1.039081023
45.7185% accepted

energy = -73.24236769
energy/site = -1.017255107
45.6529% accepted

energy = -71.91928538
energy/site = -0.9988789635
45.6361% accepted

energy = -73.65063544
energy/site = -1.022925492
45.7531% accepted

energy = -80.1541365
energy/site = -1.113251896
45.6367% accepted

energy = -83.20476562
energy/site = -1.155621745
45.6349% accepted

energy = -76.67807756
energy/site = -1.064973299
45.5646% accepted

energy = -79.56893663
energy/site = -1.10512412
45.8551% accepted

energy = -83.70828506
energy/site = -1.16261507
45.4879% accepted

energy = -76.65181031
energy/site = -1.064608477
45.6865% accepted

energy = -80.56224412
energy/site = -1.118920057
45.6306% accepted

energy = -78.458109
energy/site = -1.089695958
45.6803% accepted

energy = -79.0890135
energy/site = -1.098458521
45.6887% accepted

energy = -84.10711763
energy/site = -1.168154411
45.688% accepted

energy = -83.95780144
energy/site = -1.166080576
45.6983% accepted

energy = -73.91103488
energy/site = -1.026542151
45.6283% accepted

energy = -76.6224315
energy/site = -1.064200438
45.7353% accepted

energy = -74.24700169
energy/site = -1.031208357
45.7992% accepted

energy = -68.60376506
energy/site = -0.9528300703
45.7691% accepted

energy = -79.20278775
energy/site = -1.100038719
45.6963% accepted

energy = -73.72985231
energy/site = -1.024025727
45.5983% accepted

energy = -74.09674312
energy/site = -1.029121432
45.8932% accepted

energy = -69.01550494
energy/site = -0.9585486797
45.7287% accepted

energy = -83.25503569
energy/site = -1.15631994
45.6723% accepted

energy = -75.29778188
energy/site = -1.045802526
45.7315% accepted

energy = -76.39810181
energy/site = -1.061084747
45.5905% accepted

energy = -79.64058337
energy/site = -1.106119214
45.6062% accepted

energy = -72.42350794
energy/site = -1.005882055
45.771% accepted

energy = -80.50567837
energy/site = -1.118134422
45.7001% accepted

energy = -77.21995556
energy/site = -1.072499383
45.8539% accepted

energy = -77.22244256
energy/site = -1.072533924
45.7854% accepted

energy = -79.35434587
energy/site = -1.102143693
45.6081% accepted

energy = -78.53267287
energy/site = -1.090731568
45.6826% accepted

energy = -76.42312669
energy/site = -1.061432315
45.7903% accepted

energy = -81.80816625
energy/site = -1.136224531
45.8422% accepted

energy = -78.7020285
energy/site = -1.093083729
45.7668% accepted

energy = -71.75373206
energy/site = -0.996579612
45.8321% accepted

energy = -71.90194725
energy/site = -0.9986381563
45.7826% accepted

energy = -67.26333187
energy/site = -0.9342129427
45.624% accepted

energy = -75.03567563
energy/site = -1.042162161
45.707% accepted

energy = -77.72581125
energy/site = -1.079525156
45.7792% accepted

energy = -75.32526431
energy/site = -1.046184227
45.7027% accepted

energy = -87.56612306
energy/site = -1.216196154
45.6296% accepted

energy = -80.16395175
energy/site = -1.113388219
45.7092% accepted

energy = -75.13753369
energy/site = -1.043576857
45.8547% accepted

energy = -78.478644
energy/site = -1.089981167
45.8488% accepted

energy = -73.612809
energy/site = -1.022400125
45.5647% accepted

energy = -72.47484056
energy/site = -1.006595008
45.5907% accepted

energy = -72.30816225
energy/site = -1.004280031
45.6903% accepted

energy = -77.94759019
energy/site = -1.082605419
45.6514% accepted

energy = -76.03129425
energy/site = -1.055990198
45.8063% accepted

energy = -74.87712675
energy/site = -1.039960094
45.7063% accepted

energy = -80.94058444
energy/site = -1.124174784
45.5594% accepted

energy = -79.48749187
energy/site = -1.103992943
45.7639% accepted

energy = -76.42438556
energy/site = -1.061449799
45.721% accepted

energy = -76.85185969
energy/site = -1.06738694
45.6837% accepted

energy = -80.80343738
energy/site = -1.122269964
45.6339% accepted

energy = -80.94523819
energy/site = -1.124239419
45.7752% accepted

energy = -84.87226575
energy/site = -1.178781469
45.7922% accepted

energy = -77.24274262
energy/site = -1.07281587
45.8091% accepted

energy = -84.01788131
energy/site = -1.166915018
45.836% accepted

energy = -74.44220194
energy/site = -1.033919471
45.6886% accepted

energy = -69.3287205
energy/site = -0.9628988958
45.7116% accepted

energy = -77.98468856
energy/site = -1.083120674
45.6345% accepted

energy = -81.08832994
energy/site = -1.126226805
45.8811% accepted

energy = -73.24346569
energy/site = -1.017270357
45.7088% accepted

energy = -77.90657681
energy/site = -1.082035789
45.7781% accepted

energy = -74.66938219
energy/site = -1.037074753
45.7622% accepted

energy = -72.07861931
energy/site = -1.001091935
45.7% accepted

energy = -80.57740013
energy/site = -1.119130557
45.875% accepted

energy = -79.13585813
energy/site = -1.099109141
45.6056% accepted

energy = -81.03472481
energy/site = -1.125482289
45.7565% accepted

energy = -68.25966169
energy/site = -0.9480508568
45.6306% accepted

energy = -77.65121606
energy/site = -1.078489112
45.7182% accepted

energy = -85.789956
energy/site = -1.191527167
45.6005% accepted

energy = -75.00697219
energy/site = -1.041763503
45.7511% accepted

energy = -79.00072125
energy/site = -1.09723224
45.7115% accepted

energy = -72.08907263
energy/site = -1.00123712
45.7458% accepted

energy = -75.84926963
energy/site = -1.053462078
45.7654% accepted

energy = -74.76108937
energy/site = -1.038348464
45.7938% accepted

energy = -81.23352619
energy/site = -1.128243419
45.7214% accepted

energy = -80.62336725
energy/site = -1.11976899
45.7084% accepted

energy = -79.93374731
energy/site = -1.110190935
45.7322% accepted

energy = -67.87487363
energy/site = -0.9427065781
45.7635% accepted

energy = -77.56927406
energy/site = -1.077351029
45.658% accepted

energy = -77.96359406
energy/site = -1.082827695
45.7198% accepted

energy = -80.31666412
energy/site = -1.115509224
45.5453% accepted

energy = -79.79594981
energy/site = -1.108277081
45.7009% accepted

energy = -76.19775487
energy/site = -1.058302151
45.7675% accepted

energy = -77.01378525
energy/site = -1.069635906
45.7362% accepted

energy = -71.17081819
energy/site = -0.9884835859
45.7879% accepted

energy = -74.36701519
energy/site = -1.032875211
45.7094% accepted

energy = -74.38829494
energy/site = -1.033170763
45.6681% accepted

energy = -76.52503256
energy/site = -1.062847674
45.7915% accepted

energy = -77.08183762
energy/site = -1.070581078
45.7708% accepted

energy = -77.21216606
energy/site = -1.072391195
45.6889% accepted

energy = -73.39577606
energy/site = -1.019385779
45.8705% accepted

energy = -79.03501312
energy/site = -1.097708516
45.6042% accepted

energy = -77.88625425
energy/site = -1.081753531
45.5891% accepted

energy = -73.56782287
energy/site = -1.021775318
45.5565% accepted

energy = -71.08733494
energy/site = -0.9873240964
45.6212% accepted

energy = -84.16635206
energy/site = -1.168977112
45.8532% accepted

energy = -70.102632
energy/site = -0.9736476667
45.6968% accepted

energy = -80.11647919
energy/site = -1.112728878
45.6505% accepted

energy = -81.70209844
energy/site = -1.134751367
45.7072% accepted

energy = -80.33530931
energy/site = -1.115768185
45.7366% accepted

energy = -74.17379588
energy/site = -1.030191609
45.6635% accepted

energy = -71.68983375
energy/site = -0.9956921354
45.843% accepted

energy = -82.24230656
energy/site = -1.142254258
45.7714% accepted

energy = -74.83334512
energy/site = -1.039352016
45.8653% accepted

energy = -80.62634231
energy/site = -1.11981031
45.6259% accepted

energy = -83.92567463
energy/site = -1.16563437
45.8489% accepted

energy = -72.96927281
energy/site = -1.013462122
45.7795% accepted

energy = -73.8791385
energy/site = -1.026099146
45.7215% accepted

energy = -79.30236544
energy/site = -1.101421742
45.6997% accepted

energy = -69.92574187
energy/site = -0.9711908594
45.7376% accepted

energy = -76.02593812
energy/site = -1.055915807
45.676% accepted

energy = -79.32065925
energy/site = -1.101675823
45.7329% accepted

energy = -70.51088719
energy/site = -0.9793178776
45.7529% accepted

energy = -75.82321238
energy/site = -1.053100172
45.6495% accepted

energy = -84.83117981
energy/site = -1.178210831
45.7143% accepted

energy = -81.33371494
energy/site = -1.12963493
45.6275% accepted

energy = -73.36476937
energy/site = -1.01895513
45.7492% accepted

energy = -79.62648919
energy/site = -1.105923461
45.695% accepted

energy = -72.07666781
energy/site = -1.001064831
45.8117% accepted

energy = -80.47179694
energy/site = -1.117663846
45.6475% accepted

energy = -78.38811487
energy/site = -1.088723818
45.6838% accepted

energy = -78.06295425
energy/site = -1.084207698
45.7167% accepted

energy = -85.53252037
energy/site = -1.187951672
45.7276% accepted

energy = -80.29896188
energy/site = -1.115263359
45.7631% accepted

energy = -81.15175088
energy/site = -1.127107651
45.6551% accepted

energy = -70.97832675
energy/site = -0.9858100938
45.9128% accepted

energy = -71.18626275
energy/site = -0.9886980937
45.5836% accepted

energy = -85.65791963
energy/site = -1.189693328
45.8225% accepted

energy = -72.02137331
energy/site = -1.000296852
45.7843% accepted

energy = -72.57294975
energy/site = -1.007957635
45.7486% accepted

energy = -73.30723856
energy/site = -1.018156091
45.6675% accepted

energy = -76.28250244
energy/site = -1.059479201
45.7297% accepted

energy = -77.13596456
energy/site = -1.071332841
45.6452% accepted

energy = -76.98706575
energy/site = -1.069264802
45.5751% accepted

energy = -74.28411413
energy/site = -1.031723807
45.7655% accepted

energy = -74.45003419
energy/site = -1.034028253
45.7686% accepted

energy = -84.8296245
energy/site = -1.178189229
45.7614% accepted

energy = -75.52805138
energy/site = -1.049000714
45.7129% accepted

energy = -77.24665256
energy/site = -1.072870174
45.7259% accepted

energy = -75.88050656
energy/site = -1.053895924
45.7353% accepted

energy = -80.197056
energy/site = -1.113848
45.5931% accepted

energy = -69.42903488
energy/site = -0.964292151
45.7588% accepted

energy = -71.04321713
energy/site = -0.986711349
45.6064% accepted

energy = -73.99157681
energy/site = -1.027660789
45.8381% accepted

energy = -73.81855444
energy/site = -1.025257701
45.722% accepted

energy = -76.7571075
energy/site = -1.066070938
45.6638% accepted

energy = -80.00503144
energy/site = -1.111180992
45.8111% accepted

energy = -78.38720006
energy/site = -1.088711112
45.6469% accepted

energy = -77.14519369
energy/site = -1.071461023
45.7035% accepted

energy = -67.89519956
energy/site = -0.9429888828
45.7694% accepted

energy = -75.59738306
energy/site = -1.049963654
45.6712% accepted

energy = -76.75273575
energy/site = -1.066010219
45.7069% accepted

energy = -74.85705638
energy/site = -1.039681339
45.5166% accepted

energy = -82.40495063
energy/site = -1.144513203
45.7044% accepted

energy = -76.48976344
energy/site = -1.062357826
45.7319% accepted

energy = -75.81944794
energy/site = -1.053047888
45.6301% accepted

energy = -70.58368238
energy/site = -0.9803289219
45.6622% accepted

energy = -71.78385113
energy/site = -0.9969979323
45.6821% accepted

energy = -73.54061531
energy/site = -1.021397435
45.5101% accepted

energy = -82.26346031
energy/site = -1.14254806
45.8642% accepted

energy = -68.33025562
energy/site = -0.9490313281
45.6797% accepted

energy = -71.68804856
energy/site = -0.9956673411
45.8283% accepted

energy = -67.46228119
energy/site = -0.9369761276
45.7589% accepted

energy = -91.96279894
energy/site = -1.277261096
45.5639% accepted

energy = -85.805616
energy/site = -1.191744667
45.6426% accepted

energy = -76.42676962
energy/site = -1.061482911
45.6016% accepted

energy = -77.95370719
energy/site = -1.082690378
45.6801% accepted

energy = -81.55371806
energy/site = -1.132690529
45.7851% accepted

energy = -82.58002894
energy/site = -1.146944846
45.6277% accepted

energy = -69.76055156
energy/site = -0.9688965495
45.6201% accepted

energy = -77.74353375
energy/site = -1.079771302
45.8022% accepted

energy = -72.6040215
energy/site = -1.008389188
45.6876% accepted

energy = -68.49154425
energy/site = -0.9512714479
45.6489% accepted

energy = -68.97886519
energy/site = -0.9580397943
45.6331% accepted

energy = -76.82126531
energy/site = -1.066962018
45.8415% accepted

energy = -76.85866613
energy/site = -1.067481474
45.8691% accepted

energy = -77.89662225
energy/site = -1.081897531
45.6184% accepted

energy = -74.58135225
energy/site = -1.035852115
45.7803% accepted

energy = -77.02754869
energy/site = -1.069827065
45.7613% accepted

energy = -80.13728756
energy/site = -1.113017883
45.8707% accepted

energy = -71.99014275
energy/site = -0.9998630938
45.8271% accepted

energy = -76.29279787
energy/site = -1.059622193
45.8023% accepted

energy = -75.34110544
energy/site = -1.046404242
45.7827% accepted

energy = -72.05245294
energy/site = -1.000728513
45.7969% accepted

energy = -86.13312225
energy/site = -1.196293365
45.6202% accepted

energy = -79.5924345
energy/site = -1.105450479
45.7846% accepted

energy = -76.20635831
energy/site = -1.058421643
45.7238% accepted

energy = -77.35005975
energy/site = -1.074306385
45.6981% accepted

energy = -82.19357194
energy/site = -1.141577388
45.7236% accepted

energy = -77.990916
energy/site = -1.083207167
45.8249% accepted

energy = -89.35895212
energy/site = -1.241096557
45.7083% accepted

energy = -79.35497288
energy/site = -1.102152401
45.7271% accepted

energy = -75.03640969
energy/site = -1.042172357
45.7354% accepted

energy = -71.06667244
energy/site = -0.9870371172
45.7556% accepted

energy = -84.84833175
energy/site = -1.178449052
45.8722% accepted

energy = -71.16658106
energy/site = -0.988424737
45.7857% accepted

energy = -79.08506156
energy/site = -1.098403633
45.7364% accepted

energy = -73.07314725
energy/site = -1.014904823
45.7433% accepted

energy = -81.03907162
energy/site = -1.125542661
45.6849% accepted

energy = -78.70005937
energy/site = -1.09305638
45.6433% accepted

energy = -79.40804381
energy/site = -1.102889497
45.6592% accepted

energy = -81.728664
energy/site = -1.135120333
45.6037% accepted

energy = -77.74171931
energy/site = -1.079746102
45.7148% accepted

energy = -76.87738181
energy/site = -1.067741414
45.627% accepted

energy = -75.0543915
energy/site = -1.042422104
45.7536% accepted

energy = -80.91146194
energy/site = -1.123770305
45.8427% accepted

energy = -78.56744062
energy/site = -1.091214453
45.869% accepted

energy = -82.29300956
energy/site = -1.142958466
45.6344% accepted

energy = -78.21293606
energy/site = -1.086290779
45.7527% accepted

energy = -76.11564525
energy/site = -1.05716174
45.596% accepted

energy = -78.00251906
energy/site = -1.08336832
45.7739% accepted

energy = -83.36346525
energy/site = -1.157825906
45.6267% accepted

energy = -73.80560063
energy/site = -1.025077786
45.6385% accepted

energy = -84.37534912
energy/site = -1.171879849
45.5758% accepted

energy = -77.607318
energy/site = -1.077879417
45.7725% accepted

energy = -79.18173225
energy/site = -1.099746281
45.6932% accepted

energy = -87.46820456
energy/site = -1.214836174
45.7291% accepted

energy = -76.29316612
energy/site = -1.059627307
45.6485% accepted

energy = -77.86908937
energy/site = -1.08151513
45.6182% accepted

energy = -81.38249606
energy/site = -1.130312445
45.9217% accepted

energy = -77.54935331
energy/site = -1.077074352
45.7625% accepted

energy = -78.78435731
energy/site = -1.094227185
45.6372% accepted

energy = -85.72767638
energy/site = -1.190662172
45.618% accepted

energy = -75.01182
energy/site = -1.041830833
45.7603% accepted

energy = -79.42591537
energy/site = -1.103137714
45.8108% accepted

energy = -72.28028475
energy/site = -1.003892844
45.9917% accepted

energy = -76.59517575
energy/site = -1.063821885
45.6455% accepted

energy = -70.57573312
energy/site = -0.9802185156
45.7374% accepted

energy = -72.53757488
energy/site = -1.007466318
45.6881% accepted

energy = -88.19224837
energy/site = -1.224892339
45.8028% accepted

energy = -85.21079831
energy/site = -1.18348331
45.7109% accepted

energy = -83.33396438
energy/site = -1.157416172
45.7199% accepted

energy = -76.63480631
energy/site = -1.06437231
45.6243% accepted

energy = -79.59808425
energy/site = -1.105528948
45.8834% accepted

energy = -71.19882319
energy/site = -0.9888725443
45.7482% accepted

energy = -78.03555056
energy/site = -1.083827091
45.8583% accepted

energy = -88.00496625
energy/site = -1.222291198
45.6756% accepted

energy = -77.050776
energy/site = -1.070149667
45.6227% accepted

energy = -72.27441094
energy/site = -1.003811263
45.8186% accepted

energy = -79.67789756
energy/site = -1.106637466
45.7862% accepted

energy = -77.08296
energy/site = -1.070596667
45.6395% accepted

energy = -79.77117056
energy/site = -1.107932924
45.6058% accepted

energy = -73.404726
energy/site = -1.019510083
45.745% accepted

energy = -68.989149
energy/site = -0.958182625
45.7559% accepted

energy = -84.90431531
energy/site = -1.179226602
45.6482% accepted

energy = -77.65026281
energy/site = -1.078475872
45.6621% accepted

energy = -79.16072269
energy/site = -1.099454482
45.713% accepted

energy = -79.11048112
energy/site = -1.098756682
45.6696% accepted

energy = -80.04515044
energy/site = -1.111738201
45.7304% accepted

energy = -78.47554669
energy/site = -1.089938148
45.7092% accepted

energy = -71.86941863
energy/site = -0.9981863698
45.7496% accepted

energy = -70.46485875
energy/site = -0.9786785938
45.5354% accepted

energy = -73.94805637
energy/site = -1.027056339
45.4967% accepted

energy = -72.47500875
energy/site = -1.006597344
45.8688% accepted

energy = -69.2404935
energy/site = -0.9616735208
45.7215% accepted

energy = -82.29326944
energy/site = -1.142962076
45.8741% accepted

energy = -84.953571
energy/site = -1.179910708
45.6782% accepted

energy = -77.30441137
energy/site = -1.07367238
45.6771% accepted

energy = -84.22751213
energy/site = -1.169826557
45.6764% accepted

energy = -77.85052763
energy/site = -1.081257328
45.5266% accepted

energy = -71.77940756
energy/site = -0.9969362161
45.7999% accepted

energy = -72.45454406
energy/site = -1.006313112
45.6143% accepted

energy = -73.21067681
energy/site = -1.016814956
45.7605% accepted

energy = -80.79227662
energy/site = -1.122114953
45.6386% accepted

energy = -77.67872906
energy/site = -1.078871237
45.7152% accepted

energy = -77.07894788
energy/site = -1.070540943
45.8005% accepted

energy = -83.81796337
energy/site = -1.16413838
45.7463% accepted

energy = -74.02552444
energy/site = -1.028132284
45.724% accepted

energy = -79.39182619
energy/site = -1.102664253
45.7321% accepted

energy = -74.33464725
energy/site = -1.032425656
45.667% accepted

energy = -74.90542744
energy/site = -1.040353159
45.654% accepted

energy = -72.34099031
energy/site = -1.004735977
45.7676% accepted

energy = -74.49798019
energy/site = -1.034694169
45.6461% accepted

