
weighting by <swap_x> where x = 11
9 x 36 x 1 system
r   = 3  bondops changed per step 
n/N = 80  bond operators / site
its = 1000000  iterations/loop for 10000 loops

energy = -23086.4682
energy/site = -35.62726574
45.0418% accepted

energy = -1314.313631
energy/site = -2.028261777
44.237% accepted

energy = -257.2235914
energy/site = -0.3969499867
44.2297% accepted

energy = -834.6685933
energy/site = -1.288068817
44.2495% accepted

energy = -3829.685813
energy/site = -5.91000897
44.2325% accepted

energy = -2714.38039
energy/site = -4.188858627
44.2611% accepted

energy = -811.944538
energy/site = -1.25300083
44.2047% accepted

energy = -1168.238219
energy/site = -1.802836758
44.2761% accepted

energy = -183.7137402
energy/site = -0.2835088583
44.2976% accepted

energy = -833.7196348
energy/site = -1.286604375
44.1902% accepted

energy = -155.0536631
energy/site = -0.2392803442
44.2572% accepted

energy = -190.300069
energy/site = -0.2936729461
44.3112% accepted

energy = -163.9578413
energy/site = -0.2530213601
44.3161% accepted

energy = -1640.98922
energy/site = -2.532390771
44.1498% accepted

energy = -297.4022898
energy/site = -0.4589541509
44.472% accepted

energy = -2736.508887
energy/site = -4.223007542
44.2143% accepted

energy = -11838.20356
energy/site = -18.26883265
44.1905% accepted

energy = -1656.86405
energy/site = -2.556888966
44.1386% accepted

energy = -273.7783475
energy/site = -0.4224974498
44.1606% accepted

energy = -276.3089799
energy/site = -0.4264027467
44.2627% accepted

energy = -612.8858632
energy/site = -0.9458115173
44.2165% accepted

energy = -596.4723792
energy/site = -0.9204820667
44.2763% accepted

energy = -69.38442256
energy/site = -0.1070747262
44.2062% accepted

energy = -587.4002507
energy/site = -0.9064818684
44.2243% accepted

energy = -2140.91233
energy/site = -3.303877052
44.3053% accepted

energy = -469.9489888
energy/site = -0.7252299211
44.1636% accepted

energy = -394.2001564
energy/site = -0.6083335747
44.2427% accepted

energy = -360.0102086
energy/site = -0.5555713096
44.2299% accepted

energy = -208.2221144
energy/site = -0.3213304235
44.2444% accepted

energy = -3819.689237
energy/site = -5.894582156
44.3301% accepted

energy = -4594.141305
energy/site = -7.089724237
44.1423% accepted

energy = -991.007356
energy/site = -1.529332339
44.3046% accepted

energy = -1367.457505
energy/site = -2.110273927
44.1312% accepted

energy = -860.0167569
energy/site = -1.327186353
44.2257% accepted

energy = -629.0412397
energy/site = -0.9707426538
44.2588% accepted

energy = -993.7141834
energy/site = -1.533509542
44.2854% accepted

energy = -366.6546996
energy/site = -0.5658251536
44.4587% accepted

energy = -968.1389947
energy/site = -1.494041659
44.2316% accepted

energy = -117.9641717
energy/site = -0.1820434748
44.1156% accepted

energy = -424.423205
energy/site = -0.6549740818
44.2304% accepted

energy = -7990.155736
energy/site = -12.33048725
44.1251% accepted

energy = -57.57970996
energy/site = -0.08885757709
44.2056% accepted

energy = -1592.109723
energy/site = -2.456959449
44.3442% accepted

energy = -43.15427485
energy/site = -0.06659610316
44.2293% accepted

energy = -5720.026495
energy/site = -8.827201381
44.1498% accepted

energy = -381.4451792
energy/site = -0.5886499678
44.2806% accepted

energy = -70.26018052
energy/site = -0.1084262045
44.3649% accepted

energy = -472.2104107
energy/site = -0.7287197696
44.1382% accepted

energy = -4168.211882
energy/site = -6.432425743
44.2156% accepted

energy = -987.8540228
energy/site = -1.524466085
44.2265% accepted

energy = -1374.950689
energy/site = -2.121837483
44.1598% accepted

energy = -309.9130911
energy/site = -0.4782609431
44.1612% accepted

energy = -11976.34438
energy/site = -18.48201294
44.0091% accepted

energy = -3742.825783
energy/site = -5.775965714
44.3414% accepted

energy = -311.370299
energy/site = -0.4805097207
44.2046% accepted

energy = -1217.125766
energy/site = -1.878280502
44.2295% accepted

energy = -471.3900919
energy/site = -0.7274538455
44.2752% accepted

energy = -180.9412962
energy/site = -0.2792303954
44.2565% accepted

energy = -46.83588559
energy/site = -0.07227760121
44.3013% accepted

energy = -655.7491798
energy/site = -1.011958611
44.2729% accepted

energy = -2580.090636
energy/site = -3.981621352
44.2789% accepted

energy = -16.31719496
energy/site = -0.02518085642
44.1351% accepted

energy = -224.6081843
energy/site = -0.3466175683
44.2096% accepted

energy = -1781.204974
energy/site = -2.748773108
44.3603% accepted

energy = -736.6063903
energy/site = -1.136738257
44.2833% accepted

energy = -1652.984045
energy/site = -2.550901304
44.2727% accepted

energy = -271.7112023
energy/site = -0.419307411
44.322% accepted

energy = -773.35678
energy/site = -1.193451821
44.2261% accepted

energy = -174.5459643
energy/site = -0.269361056
44.2464% accepted

energy = -612.1675655
energy/site = -0.9447030332
44.1532% accepted

energy = -79.08938039
energy/site = -0.1220515129
44.1546% accepted

energy = -2247.996667
energy/site = -3.46913066
44.3862% accepted

energy = -711.2650957
energy/site = -1.097631321
44.3496% accepted

energy = -1747.680091
energy/site = -2.697037178
44.1374% accepted

energy = -2232.859694
energy/site = -3.445771133
44.3954% accepted

energy = -4365.355297
energy/site = -6.736659409
44.2793% accepted

energy = -4008.440576
energy/site = -6.185865087
44.3029% accepted

energy = -260.0363179
energy/site = -0.4012906141
44.2426% accepted

energy = -115334.8169
energy/site = -177.9858285
44.3701% accepted

energy = -257.5787698
energy/site = -0.3974981015
44.2096% accepted

energy = -5251.389844
energy/site = -8.103996672
44.1455% accepted

energy = -62.73087739
energy/site = -0.09680690955
44.17% accepted

energy = -1594.706439
energy/site = -2.460966727
44.1834% accepted

energy = -146.8824347
energy/site = -0.2266704238
44.107% accepted

energy = -708.5179407
energy/site = -1.093391884
44.2898% accepted

energy = -1503.232658
energy/site = -2.319803485
44.153% accepted

energy = -17886.78709
energy/site = -27.60306649
44.2765% accepted

energy = -688.8597133
energy/site = -1.063055113
44.1819% accepted

energy = -212.2090904
energy/site = -0.3274831642
44.2817% accepted

energy = -331.6322575
energy/site = -0.5117781751
44.3816% accepted

energy = -87.95997126
energy/site = -0.1357406964
44.2893% accepted

energy = -473.5388207
energy/site = -0.730769785
44.2569% accepted

energy = -389.8746659
energy/site = -0.6016584351
44.2228% accepted

energy = -644.7931806
energy/site = -0.9950512046
44.206% accepted

energy = -251.5604961
energy/site = -0.3882106421
44.2% accepted

energy = -1430.349929
energy/site = -2.207330137
44.2987% accepted

energy = -5626.634281
energy/site = -8.683077594
44.2551% accepted

energy = -1670.079376
energy/site = -2.577282988
44.1697% accepted

energy = -164.8766674
energy/site = -0.2544393016
44.2138% accepted

energy = -282.1936379
energy/site = -0.435484009
44.2221% accepted

energy = -416.6513222
energy/site = -0.6429804356
44.2185% accepted

energy = -86.62820765
energy/site = -0.1336855056
44.2336% accepted

energy = -5358.040423
energy/site = -8.2685809
44.2932% accepted

energy = -1145.528489
energy/site = -1.767790878
44.3692% accepted

energy = -604.817581
energy/site = -0.9333604644
44.3477% accepted

energy = -272.9698211
energy/site = -0.4212497238
44.2561% accepted

energy = -286.1838417
energy/site = -0.441641731
44.2246% accepted

energy = -2955.581169
energy/site = -4.561082051
44.3693% accepted

energy = -41878.54261
energy/site = -64.62738057
44.2488% accepted

energy = -183.2554545
energy/site = -0.2828016273
44.3231% accepted

energy = -830.8431377
energy/site = -1.282165336
44.2847% accepted

energy = -9.339198698
energy/site = -0.01441234367
44.2415% accepted

energy = -418.497628
energy/site = -0.6458296728
44.3192% accepted

energy = -2971.075602
energy/site = -4.584993213
44.1988% accepted

energy = -1242.678467
energy/site = -1.917713684
44.1034% accepted

energy = -397.845619
energy/site = -0.6139592885
44.1272% accepted

energy = -9808.560554
energy/site = -15.13666752
44.264% accepted

energy = -69.30835523
energy/site = -0.1069573383
44.1675% accepted

energy = -184.8754497
energy/site = -0.2853016198
44.1406% accepted

energy = -5315.629454
energy/site = -8.203131873
44.2393% accepted

energy = -163.5061269
energy/site = -0.2523242699
44.3308% accepted

energy = -5549.175456
energy/site = -8.563542371
44.2909% accepted

energy = -680.1448806
energy/site = -1.049606297
44.3842% accepted

energy = -169.150092
energy/site = -0.2610340926
44.2653% accepted

energy = -110.1123158
energy/site = -0.1699264132
44.1757% accepted

energy = -47.03072845
energy/site = -0.07257828464
44.3718% accepted

energy = -572.5809028
energy/site = -0.8836125044
44.2743% accepted

energy = -290.2016583
energy/site = -0.4478420653
44.1535% accepted

energy = -75.92510065
energy/site = -0.1171683652
44.2548% accepted

energy = -369.1342463
energy/site = -0.5696516147
44.2624% accepted

energy = -107.6575598
energy/site = -0.1661382096
44.3236% accepted

energy = -2579.12136
energy/site = -3.980125555
44.2622% accepted

energy = -2092.244663
energy/site = -3.228772628
44.2226% accepted

energy = -1540.528733
energy/site = -2.377359156
44.2625% accepted

energy = -125.1639965
energy/site = -0.1931543156
44.1842% accepted

energy = -1813.41867
energy/site = -2.798485602
44.2322% accepted

energy = -2222.27864
energy/site = -3.429442346
44.192% accepted

energy = -1057.892287
energy/site = -1.632549826
44.2328% accepted

energy = -27.5143964
energy/site = -0.04246048828
44.197% accepted

energy = -439.0513479
energy/site = -0.6775483764
44.1707% accepted

energy = -3609.672613
energy/site = -5.570482428
44.1848% accepted

energy = -1088.744687
energy/site = -1.680161554
44.231% accepted

energy = -494.7742774
energy/site = -0.7635405515
44.2133% accepted

energy = -1122.392247
energy/site = -1.732086801
44.2807% accepted

energy = -839.1023877
energy/site = -1.294911092
44.0862% accepted

energy = -846.7794906
energy/site = -1.306758473
44.1614% accepted

energy = -820.6982118
energy/site = -1.266509586
44.2631% accepted

energy = -486.2605328
energy/site = -0.7504020568
44.1933% accepted

energy = -417.7246868
energy/site = -0.6446368623
44.3476% accepted

energy = -118.9854296
energy/site = -0.1836194901
44.3609% accepted

energy = -747.2801678
energy/site = -1.153210136
44.2611% accepted

energy = -127.8669726
energy/site = -0.1973255751
44.1836% accepted

energy = -1405.863345
energy/site = -2.169542199
44.2488% accepted

energy = -177.6264948
energy/site = -0.2741149611
44.1669% accepted

energy = -611.9800924
energy/site = -0.9444137228
44.3017% accepted

energy = -927.8055686
energy/site = -1.431798717
44.1347% accepted

energy = -220.8852495
energy/site = -0.3408722986
44.2644% accepted

energy = -430.9158386
energy/site = -0.6649935781
44.2414% accepted

energy = -413.3966962
energy/site = -0.6379578645
44.4271% accepted

energy = -1024.592283
energy/site = -1.58116093
44.2064% accepted

energy = -1211.613997
energy/site = -1.869774686
44.3084% accepted

energy = -773.8709157
energy/site = -1.19424524
44.3356% accepted

energy = -744.2533476
energy/site = -1.148539117
44.2033% accepted

energy = -769.3370372
energy/site = -1.187248514
44.1839% accepted

energy = -386.1453511
energy/site = -0.5959033196
44.3436% accepted

energy = -434.8118111
energy/site = -0.6710058814
44.4188% accepted

energy = -507.305001
energy/site = -0.7828780879
44.182% accepted

energy = -2071.579128
energy/site = -3.19688137
44.3715% accepted

energy = -194.8154808
energy/site = -0.300641174
44.2918% accepted

energy = -476.9772417
energy/site = -0.7360759902
44.3994% accepted

energy = -200.7911681
energy/site = -0.3098629137
44.3298% accepted

energy = -2697.506673
energy/site = -4.162818941
44.4442% accepted

energy = -4921.56563
energy/site = -7.595008688
44.2962% accepted

energy = -466.8984743
energy/site = -0.7205223369
44.1843% accepted

energy = -771.5178563
energy/site = -1.190613976
44.1953% accepted

energy = -78.0042309
energy/site = -0.1203768995
44.2972% accepted

energy = -127.1758486
energy/site = -0.1962590256
44.3507% accepted

energy = -110.8499111
energy/site = -0.1710646777
44.0999% accepted

energy = -3472.126538
energy/site = -5.358219966
44.2833% accepted

energy = -800.3280251
energy/site = -1.235074113
44.07% accepted

energy = -2506.560126
energy/site = -3.868148343
44.1156% accepted

energy = -346.7946551
energy/site = -0.5351769369
44.252% accepted

energy = -1968.575127
energy/site = -3.037924579
44.2572% accepted

energy = -287.5089626
energy/site = -0.4436866708
44.2558% accepted

energy = -215.8795517
energy/site = -0.3331474563
44.129% accepted

energy = -68.0345613
energy/site = -0.104991607
44.3665% accepted

energy = -606.4806948
energy/site = -0.9359269982
44.2619% accepted

energy = -973.6107991
energy/site = -1.502485801
44.3392% accepted

energy = -319.3139241
energy/site = -0.4927684014
44.3027% accepted

energy = -785.6641574
energy/site = -1.212444687
44.2919% accepted

energy = -59.91194538
energy/site = -0.09245670583
44.3712% accepted

energy = -535.7327186
energy/site = -0.8267480225
44.16% accepted

energy = -1135.338997
energy/site = -1.752066353
44.2976% accepted

energy = -210.1951728
energy/site = -0.3243752666
44.3213% accepted

energy = -421.9447607
energy/site = -0.6511493221
44.1544% accepted

energy = -254.7253172
energy/site = -0.3930946253
44.4011% accepted

energy = -101.5370209
energy/site = -0.1566929335
44.1572% accepted

energy = -2664.185519
energy/site = -4.111397406
44.2154% accepted

energy = -15029.20298
energy/site = -23.19321448
44.1958% accepted

energy = -789.3695496
energy/site = -1.218162885
44.1019% accepted

energy = -3318.242092
energy/site = -5.120743969
44.3092% accepted

energy = -1530.277993
energy/site = -2.361540113
44.2036% accepted

energy = -2603.525093
energy/site = -4.017785638
44.1536% accepted

energy = -4517.602775
energy/site = -6.97160922
44.2569% accepted

energy = -7423.810834
energy/site = -11.4564982
44.2106% accepted

energy = -201.6191871
energy/site = -0.3111407208
44.2137% accepted

energy = -191.1023095
energy/site = -0.2949109714
44.2973% accepted

energy = -352.2771766
energy/site = -0.5436376181
44.2797% accepted

energy = -3872.430023
energy/site = -5.975972257
44.2825% accepted

energy = -497.6745452
energy/site = -0.7680162735
44.2095% accepted

energy = -732.1581093
energy/site = -1.129873625
44.3069% accepted

energy = -488.1288194
energy/site = -0.7532852151
44.3938% accepted

energy = -2514.049688
energy/site = -3.879706309
44.3447% accepted

energy = -192.6978286
energy/site = -0.2973731922
44.4214% accepted

energy = -190.3631508
energy/site = -0.2937702945
44.2769% accepted

energy = -2272.560405
energy/site = -3.507037662
44.3353% accepted

energy = -577.3832825
energy/site = -0.8910235841
44.3351% accepted

energy = -6169.070273
energy/site = -9.520170174
44.2631% accepted

energy = -1887.634635
energy/site = -2.913016413
44.0957% accepted

energy = -235.8331574
energy/site = -0.3639400577
44.2272% accepted

energy = -594.4318365
energy/site = -0.9173330811
44.4014% accepted

energy = -577.961357
energy/site = -0.8919156744
44.308% accepted

energy = -6648.834393
energy/site = -10.2605469
44.2527% accepted

energy = -63.08798484
energy/site = -0.0973580013
44.0956% accepted

energy = -2116.153825
energy/site = -3.265669483
44.2133% accepted

energy = -4249.420228
energy/site = -6.557747265
44.2179% accepted

energy = -1202.76126
energy/site = -1.856113056
44.1649% accepted

energy = -14188.35836
energy/site = -21.89561475
44.369% accepted

energy = -87.29865252
energy/site = -0.1347201428
44.0622% accepted

energy = -375.7577539
energy/site = -0.579873077
44.3465% accepted

energy = -29.07675617
energy/site = -0.0448715373
44.1093% accepted

energy = -40.73667784
energy/site = -0.06286524358
44.1107% accepted

energy = -66.24521314
energy/site = -0.1022302672
44.1748% accepted

energy = -102.3848358
energy/site = -0.1580012899
44.2891% accepted

energy = -397.5524659
energy/site = -0.6135068918
44.3766% accepted

energy = -225.9775718
energy/site = -0.3487308207
44.2892% accepted

energy = -82827.64609
energy/site = -127.8204415
44.2674% accepted

energy = -73417.66258
energy/site = -113.298862
44.1037% accepted

energy = -1846.23566
energy/site = -2.849129105
44.1544% accepted

energy = -470.5447885
energy/site = -0.726149365
44.3348% accepted

energy = -126.3817206
energy/site = -0.1950335195
44.1232% accepted

energy = -84.35471556
energy/site = -0.1301770302
44.197% accepted

energy = -187.3145925
energy/site = -0.2890657292
44.239% accepted

energy = -7278.786642
energy/site = -11.23269544
44.1069% accepted

energy = -1224.495629
energy/site = -1.889653748
44.2143% accepted

energy = -80.29071639
energy/site = -0.1239054265
44.226% accepted

energy = -12.54451822
energy/site = -0.01935882442
44.2092% accepted

energy = -8973.822268
energy/site = -13.84849115
44.0853% accepted

energy = -605.8860786
energy/site = -0.9350093805
44.311% accepted

energy = -355.5117512
energy/site = -0.5486292457
44.0914% accepted

energy = -168.9628499
energy/site = -0.2607451388
44.2535% accepted

energy = -327.1946881
energy/site = -0.5049300742
44.2067% accepted

energy = -2668.63011
energy/site = -4.118256343
44.1944% accepted

energy = -844.8047925
energy/site = -1.3037111
44.159% accepted

energy = -175.3631846
energy/site = -0.2706221984
44.3115% accepted

energy = -4200.016222
energy/site = -6.481506515
44.2794% accepted

energy = -2298.694734
energy/site = -3.547368417
44.2274% accepted

energy = -2388.54734
energy/site = -3.686029846
44.2154% accepted

energy = -286.1454655
energy/site = -0.4415825085
44.3342% accepted

energy = -69.55118214
energy/site = -0.1073320712
44.2537% accepted

energy = -165.6753855
energy/site = -0.2556718911
44.2898% accepted

energy = -232.1520056
energy/site = -0.3582592679
44.2153% accepted

energy = -1670.280912
energy/site = -2.577593999
44.2999% accepted

energy = -707.0501581
energy/site = -1.091126787
44.2749% accepted

energy = -264.0738559
energy/site = -0.4075213826
44.2452% accepted

energy = -140.0417721
energy/site = -0.2161138458
44.265% accepted

energy = -111.8611659
energy/site = -0.172625256
44.2005% accepted

energy = -24368.37423
energy/site = -37.60551579
44.1636% accepted

energy = -433.3648156
energy/site = -0.6687728636
44.1677% accepted

energy = -582.4641456
energy/site = -0.8988644222
44.2379% accepted

energy = -836366.9154
energy/site = -1290.689684
44.3194% accepted

energy = -924.0068826
energy/site = -1.425936547
44.1488% accepted

energy = -1659.647713
energy/site = -2.561184743
44.1887% accepted

energy = -3106.24847
energy/site = -4.793593317
44.2192% accepted

energy = -150.748186
energy/site = -0.2326360895
44.3679% accepted

energy = -521.3062475
energy/site = -0.8044849498
44.1615% accepted

energy = -76.22047868
energy/site = -0.1176241955
44.3094% accepted

energy = -13339.27567
energy/site = -20.58530195
44.196% accepted

energy = -53.70994647
energy/site = -0.08288571986
44.3395% accepted

energy = -444.5148358
energy/site = -0.6859796849
44.2122% accepted

energy = -489.4774256
energy/site = -0.7553663975
44.214% accepted

energy = -740.1932102
energy/site = -1.142273473
44.2519% accepted

energy = -733.7118782
energy/site = -1.132271417
44.4089% accepted

energy = -3895.383186
energy/site = -6.011393805
44.4541% accepted

energy = -332.2330964
energy/site = -0.5127053957
44.327% accepted

energy = -1337.691909
energy/site = -2.064339366
44.3143% accepted

energy = -682.818835
energy/site = -1.05373277
44.246% accepted

energy = -52.61523366
energy/site = -0.08119634824
44.1973% accepted

energy = -219.1176581
energy/site = -0.3381445342
44.2383% accepted

energy = -1171.91371
energy/site = -1.808508812
44.3135% accepted

energy = -1689.301285
energy/site = -2.606946428
44.2813% accepted

energy = -146.0715876
energy/site = -0.2254191166
44.2155% accepted

energy = -1396.596393
energy/site = -2.155241347
44.2336% accepted

energy = -1282.268046
energy/site = -1.978808712
44.2884% accepted

energy = -15591.6089
energy/site = -24.06112484
44.221% accepted

energy = -136.104814
energy/site = -0.2100382932
44.2072% accepted

energy = -952.6382138
energy/site = -1.4701207
44.2976% accepted

energy = -324.480134
energy/site = -0.5007409476
44.2308% accepted

energy = -425.8710743
energy/site = -0.657208448
44.2782% accepted

energy = -202.2311315
energy/site = -0.3120850795
44.1111% accepted

energy = -265715.156
energy/site = -410.0542531
44.3621% accepted

energy = -194.2882912
energy/site = -0.2998276099
44.341% accepted

energy = -2656.503311
energy/site = -4.099542147
44.3007% accepted

energy = -90.09599578
energy/site = -0.1390370305
44.1912% accepted

energy = -2841.125648
energy/site = -4.384453161
44.2991% accepted

energy = -1187.733725
energy/site = -1.832922416
44.464% accepted

energy = -209.5928684
energy/site = -0.3234457846
44.3387% accepted

energy = -737.0994915
energy/site = -1.137499215
44.1932% accepted

energy = -1500.311518
energy/site = -2.315295553
44.1609% accepted

energy = -467.8787594
energy/site = -0.7220351226
44.1443% accepted

energy = -626.5368535
energy/site = -0.9668778603
44.363% accepted

energy = -1349.269102
energy/site = -2.082205405
44.3174% accepted

energy = -6552.089102
energy/site = -10.11124861
44.3744% accepted

energy = -270.7290319
energy/site = -0.4177917159
44.3492% accepted

energy = -1335.852965
energy/site = -2.06150149
44.2393% accepted

energy = -329.7908776
energy/site = -0.5089365395
44.2524% accepted

energy = -733.6768066
energy/site = -1.132217294
44.1437% accepted

energy = -3445.942269
energy/site = -5.317812143
44.2728% accepted

energy = -731.9952296
energy/site = -1.129622268
44.2035% accepted

energy = -122.7649571
energy/site = -0.1894520943
44.2546% accepted

energy = -1306.236194
energy/site = -2.015796595
44.2842% accepted

energy = -86.47537306
energy/site = -0.1334496498
44.2249% accepted

energy = -319.3559747
energy/site = -0.4928332942
44.293% accepted

energy = -146.8365047
energy/site = -0.2265995442
44.4789% accepted

energy = -5710.479869
energy/site = -8.812468934
44.2824% accepted

energy = -377.9497339
energy/site = -0.5832557623
44.3991% accepted

energy = -2671.962967
energy/site = -4.12339964
44.179% accepted

energy = -89.25188864
energy/site = -0.137734396
44.2443% accepted

energy = -94.93906586
energy/site = -0.1465109041
44.3231% accepted

energy = -107.9234628
energy/site = -0.1665485537
44.4353% accepted

energy = -190.8796345
energy/site = -0.2945673372
44.3115% accepted

energy = -7355.652738
energy/site = -11.35131595
44.1685% accepted

energy = -344.7105245
energy/site = -0.531960686
44.2905% accepted

energy = -24.3421244
energy/site = -0.03756500678
44.4314% accepted

energy = -28002.79459
energy/site = -43.21418918
44.241% accepted

energy = -59.95383496
energy/site = -0.09252135025
44.2695% accepted

energy = -292.1314666
energy/site = -0.4508201644
44.1998% accepted

energy = -367.1497895
energy/site = -0.5665891813
44.164% accepted

energy = -182.9077613
energy/site = -0.2822650638
44.2631% accepted

energy = -42.23970049
energy/site = -0.06518472298
44.2972% accepted

energy = -96.65938403
energy/site = -0.1491657161
44.1196% accepted

energy = -716.9570487
energy/site = -1.106415199
44.3129% accepted

energy = -159.7901232
energy/site = -0.2465896964
44.2967% accepted

energy = -2925.983366
energy/site = -4.515406428
44.2714% accepted

energy = -410.3057283
energy/site = -0.6331878524
44.3567% accepted

energy = -766.5855638
energy/site = -1.183002413
44.4296% accepted

energy = -432.4705951
energy/site = -0.6673928937
44.0591% accepted

energy = -509.2578136
energy/site = -0.7858916876
44.094% accepted

energy = -361.3710718
energy/site = -0.5576714071
44.3773% accepted

energy = -148.223486
energy/site = -0.2287399476
44.1759% accepted

energy = -178.991009
energy/site = -0.2762206929
44.3265% accepted

energy = -349.0335901
energy/site = -0.5386320835
44.4299% accepted

energy = -6754.769015
energy/site = -10.42402626
44.1775% accepted

energy = -333.7262158
energy/site = -0.5150095923
44.2326% accepted

energy = -436.993429
energy/site = -0.6743725757
44.3903% accepted

energy = -965.2787603
energy/site = -1.489627717
44.3073% accepted

energy = -956.5174495
energy/site = -1.476107175
44.2744% accepted

energy = -510.8210951
energy/site = -0.7883041591
44.1559% accepted

energy = -400.3164293
energy/site = -0.6177722674
44.2201% accepted

energy = -10.84137391
energy/site = -0.01673051529
44.2596% accepted

energy = -416.2861136
energy/site = -0.642416842
44.3551% accepted

energy = -212.1642372
energy/site = -0.3274139464
44.2771% accepted

energy = -1366.691127
energy/site = -2.109091245
44.238% accepted

energy = -1159.865656
energy/site = -1.789916136
44.1628% accepted

energy = -1182.311258
energy/site = -1.824554411
44.318% accepted

energy = -1662.799438
energy/site = -2.566048516
44.3342% accepted

energy = -1817.91674
energy/site = -2.805427067
44.3183% accepted

energy = -3940.402935
energy/site = -6.080868727
44.3005% accepted

energy = -241.4271147
energy/site = -0.3725727078
44.2484% accepted

energy = -1515.203099
energy/site = -2.338276388
44.1712% accepted

energy = -1531.615561
energy/site = -2.36360426
44.2261% accepted

energy = -238.7268278
energy/site = -0.3684055985
44.3422% accepted

energy = -538.8019894
energy/site = -0.8314845515
44.2031% accepted

energy = -224.3583344
energy/site = -0.3462319976
44.1455% accepted

energy = -72.0042008
energy/site = -0.1111175938
44.3704% accepted

energy = -4305.23886
energy/site = -6.64388713
44.2149% accepted

energy = -617.0807362
energy/site = -0.9522850867
44.3509% accepted

energy = -1125.840913
energy/site = -1.737408816
44.2794% accepted

energy = -351.2629737
energy/site = -0.5420724903
44.1295% accepted

energy = -607.4388943
energy/site = -0.9374057011
44.2621% accepted

energy = -748.7014316
energy/site = -1.155403444
44.2556% accepted

energy = -493.6085612
energy/site = -0.7617416068
44.1939% accepted

energy = -217.9975143
energy/site = -0.3364159171
44.0501% accepted

energy = -333.522247
energy/site = -0.5146948256
44.173% accepted

energy = -1140.867561
energy/site = -1.760598089
44.4412% accepted

energy = -292.608623
energy/site = -0.4515565169
44.2001% accepted

energy = -2308.725234
energy/site = -3.562847583
44.2485% accepted

energy = -418.4758211
energy/site = -0.6457960202
44.2723% accepted

energy = -355.8146648
energy/site = -0.549096705
44.1749% accepted

energy = -120.7572463
energy/site = -0.1863537752
44.1915% accepted

energy = -7959.176928
energy/site = -12.28268044
44.1703% accepted

energy = -362.2673749
energy/site = -0.5590545909
44.2412% accepted

energy = -92.541646
energy/site = -0.1428111821
44.2745% accepted

energy = -637.7407353
energy/site = -0.9841678014
44.2321% accepted

energy = -53.48037617
energy/site = -0.0825314447
44.232% accepted

energy = -442.9146253
energy/site = -0.6835102242
44.0677% accepted

energy = -211.0621303
energy/site = -0.325713164
44.1889% accepted

energy = -2575.478812
energy/site = -3.97450434
44.333% accepted

energy = -2830.848679
energy/site = -4.36859364
44.28% accepted

energy = -784.4110777
energy/site = -1.210510922
44.3368% accepted

energy = -369.2798209
energy/site = -0.5698762668
44.3388% accepted

energy = -41.31717345
energy/site = -0.06376107014
44.2311% accepted

energy = -170.4210346
energy/site = -0.2629954237
44.2897% accepted

energy = -23729.71532
energy/site = -36.61993104
44.2812% accepted

energy = -575.8904931
energy/site = -0.8887198968
43.9938% accepted

energy = -155.0565601
energy/site = -0.2392848149
44.2105% accepted

energy = -1702.611324
energy/site = -2.627486611
44.2908% accepted

energy = -651.407528
energy/site = -1.005258531
44.2432% accepted

energy = -5818.792542
energy/site = -8.97961812
44.4077% accepted

