
14:54:35.678 INFO: The hostname is bro42
14:54:35.678 INFO: The SVN version is 2545M
14:54:35.680 INFO: Defaulted weights 1
14:54:35.680 INFO: ---------------------------------------------
14:54:35.680 INFO: Setting final target to 0 with weights 1
14:54:35.680 INFO: ---------------------------------------------
14:54:35.680 INFO: Setting a symmetry 
14:54:35.681 INFO: Defaulted weights 1
14:54:35.681 INFO: ---------------------------------------------
14:54:35.681 INFO: Setting final target to 0 with weights 1
14:54:35.682 INFO: Constructing block lr
14:54:35.682 INFO: Constructing block rl
14:54:35.682 INFO: H[1] adding BlockHamiltonians.
14:54:35.682 INFO: H[2] adding BlockHamiltonians.
14:54:35.682 INFO: H[3] adding BlockHamiltonians.
14:54:35.682 INFO: H[4] adding BlockHamiltonians.
14:54:35.682 INFO: H[5] adding BlockHamiltonians.
14:54:35.682 INFO: H[6] adding BlockHamiltonians.
14:54:35.682 INFO: H[7] adding BlockHamiltonians.
14:54:35.682 INFO: H[8] adding BlockHamiltonians.
14:54:35.682 INFO: H[9] adding BlockHamiltonians.
14:54:35.682 INFO: H[10] adding BlockHamiltonians.
14:54:35.682 INFO: H[11] adding BlockHamiltonians.
14:54:35.682 INFO: H[12] adding BlockHamiltonians.
14:54:35.682 INFO: H[13] adding BlockHamiltonians.
14:54:35.682 CHAIN: SpinOneHalf SpinOneHalf SpinOneHalf SpinOneHalf SpinOneHalf SpinOneHalf SpinOneHalf SpinOneHalf SpinOneHalf SpinOneHalf SpinOneHalf SpinOneHalf SpinOneHalf SpinOneHalf SpinOneHalf SpinOneHalf 
14:54:35.682 INFO: System::ctor: the mode is fromScratch
14:54:35.683 INFO: ---------------------------------------------
14:54:35.683 INFO: Hamiltonian::addTerm:(Bond): 1*J_0*S_z[4*i]*S_z[4*i+1]:
14:54:35.684 INFO: H[1]+=Param*S_z[0]*S_z[1], as Bond LeftSite-LeftBlock.
14:54:35.684 INFO: H[0]+=Param*S_z[0]*S_z[1], as Bond Site-Site.
14:54:35.684 INFO: H[3]+=Param*S_z[4]*S_z[5], as Bond RightSite-RightBlock.
14:54:35.684 INFO: H[4]+=Param*S_z[4]*S_z[5], as Bond Site-Site.
14:54:35.684 INFO: H[5]+=Param*S_z[4]*S_z[5], as Bond LeftSite-LeftBlock.
14:54:35.684 INFO: H[7]+=Param*S_z[8]*S_z[9], as Bond RightSite-RightBlock.
14:54:35.684 INFO: H[8]+=Param*S_z[8]*S_z[9], as Bond Site-Site.
14:54:35.684 INFO: H[9]+=Param*S_z[8]*S_z[9], as Bond LeftSite-LeftBlock.
14:54:35.684 INFO: H[11]+=Param*S_z[12]*S_z[13], as Bond RightSite-RightBlock.
14:54:35.684 INFO: H[12]+=Param*S_z[12]*S_z[13], as Bond Site-Site.
14:54:35.684 INFO: H[13]+=Param*S_z[12]*S_z[13], as Bond LeftSite-LeftBlock.
14:54:35.685 INFO: ---------------------------------------------
14:54:35.685 INFO: Hamiltonian::addTerm:(Bond): 0.5*J_0*S_m[4*i]*S_m_dag[4*i+1]:
14:54:35.685 INFO: H[1]+=Param*S_m[0]*S_m_dag[1], as Bond LeftSite-LeftBlock.
14:54:35.685 INFO: H[0]+=Param*S_m[0]*S_m_dag[1], as Bond Site-Site.
14:54:35.685 INFO: H[3]+=Param*S_m[4]*S_m_dag[5], as Bond RightSite-RightBlock.
14:54:35.685 INFO: H[4]+=Param*S_m[4]*S_m_dag[5], as Bond Site-Site.
14:54:35.686 INFO: H[5]+=Param*S_m[4]*S_m_dag[5], as Bond LeftSite-LeftBlock.
14:54:35.686 INFO: H[7]+=Param*S_m[8]*S_m_dag[9], as Bond RightSite-RightBlock.
14:54:35.686 INFO: H[8]+=Param*S_m[8]*S_m_dag[9], as Bond Site-Site.
14:54:35.686 INFO: H[9]+=Param*S_m[8]*S_m_dag[9], as Bond LeftSite-LeftBlock.
14:54:35.686 INFO: H[11]+=Param*S_m[12]*S_m_dag[13], as Bond RightSite-RightBlock.
14:54:35.686 INFO: H[12]+=Param*S_m[12]*S_m_dag[13], as Bond Site-Site.
14:54:35.686 INFO: H[13]+=Param*S_m[12]*S_m_dag[13], as Bond LeftSite-LeftBlock.
14:54:35.686 INFO: ---------------------------------------------
14:54:35.686 INFO: Hamiltonian::addTerm:(Bond): 0.5*J_0*S_m_dag[4*i]*S_m[4*i+1]:
14:54:35.686 INFO: H[1]+=Param*S_m_dag[0]*S_m[1], as Bond LeftSite-LeftBlock.
14:54:35.686 INFO: H[0]+=Param*S_m_dag[0]*S_m[1], as Bond Site-Site.
14:54:35.686 INFO: H[3]+=Param*S_m_dag[4]*S_m[5], as Bond RightSite-RightBlock.
14:54:35.686 INFO: H[4]+=Param*S_m_dag[4]*S_m[5], as Bond Site-Site.
14:54:35.686 INFO: H[5]+=Param*S_m_dag[4]*S_m[5], as Bond LeftSite-LeftBlock.
14:54:35.686 INFO: H[7]+=Param*S_m_dag[8]*S_m[9], as Bond RightSite-RightBlock.
14:54:35.686 INFO: H[8]+=Param*S_m_dag[8]*S_m[9], as Bond Site-Site.
14:54:35.686 INFO: H[9]+=Param*S_m_dag[8]*S_m[9], as Bond LeftSite-LeftBlock.
14:54:35.686 INFO: H[11]+=Param*S_m_dag[12]*S_m[13], as Bond RightSite-RightBlock.
14:54:35.686 INFO: H[12]+=Param*S_m_dag[12]*S_m[13], as Bond Site-Site.
14:54:35.686 INFO: H[13]+=Param*S_m_dag[12]*S_m[13], as Bond LeftSite-LeftBlock.
14:54:35.686 INFO: ---------------------------------------------
14:54:35.686 INFO: Hamiltonian::addTerm:(Bond): 1*J_1*S_z[4*i+1]*S_z[4*i+2]:
14:54:35.686 INFO: H[1]+=Param*S_z[1]*S_z[2], as Bond Site-Site.
14:54:35.686 INFO: H[2]+=Param*S_z[1]*S_z[2], as Bond LeftSite-LeftBlock.
14:54:35.686 INFO: H[4]+=Param*S_z[5]*S_z[6], as Bond RightSite-RightBlock.
14:54:35.686 INFO: H[5]+=Param*S_z[5]*S_z[6], as Bond Site-Site.
14:54:35.686 INFO: H[6]+=Param*S_z[5]*S_z[6], as Bond LeftSite-LeftBlock.
14:54:35.686 INFO: H[8]+=Param*S_z[9]*S_z[10], as Bond RightSite-RightBlock.
14:54:35.686 INFO: H[9]+=Param*S_z[9]*S_z[10], as Bond Site-Site.
14:54:35.686 INFO: H[10]+=Param*S_z[9]*S_z[10], as Bond LeftSite-LeftBlock.
14:54:35.686 INFO: H[12]+=Param*S_z[13]*S_z[14], as Bond RightSite-RightBlock.
14:54:35.687 INFO: H[13]+=Param*S_z[13]*S_z[14], as Bond Site-Site.
14:54:35.687 INFO: ---------------------------------------------
14:54:35.687 INFO: Hamiltonian::addTerm:(Bond): 0.5*J_1*S_m[4*i+1]*S_m_dag[4*i+2]:
14:54:35.687 INFO: H[1]+=Param*S_m[1]*S_m_dag[2], as Bond Site-Site.
14:54:35.687 INFO: H[2]+=Param*S_m[1]*S_m_dag[2], as Bond LeftSite-LeftBlock.
14:54:35.687 INFO: H[4]+=Param*S_m[5]*S_m_dag[6], as Bond RightSite-RightBlock.
14:54:35.687 INFO: H[5]+=Param*S_m[5]*S_m_dag[6], as Bond Site-Site.
14:54:35.687 INFO: H[6]+=Param*S_m[5]*S_m_dag[6], as Bond LeftSite-LeftBlock.
14:54:35.687 INFO: H[8]+=Param*S_m[9]*S_m_dag[10], as Bond RightSite-RightBlock.
14:54:35.687 INFO: H[9]+=Param*S_m[9]*S_m_dag[10], as Bond Site-Site.
14:54:35.687 INFO: H[10]+=Param*S_m[9]*S_m_dag[10], as Bond LeftSite-LeftBlock.
14:54:35.687 INFO: H[12]+=Param*S_m[13]*S_m_dag[14], as Bond RightSite-RightBlock.
14:54:35.687 INFO: H[13]+=Param*S_m[13]*S_m_dag[14], as Bond Site-Site.
14:54:35.687 INFO: ---------------------------------------------
14:54:35.687 INFO: Hamiltonian::addTerm:(Bond): 0.5*J_1*S_m_dag[4*i+1]*S_m[4*i+2]:
14:54:35.687 INFO: H[1]+=Param*S_m_dag[1]*S_m[2], as Bond Site-Site.
14:54:35.687 INFO: H[2]+=Param*S_m_dag[1]*S_m[2], as Bond LeftSite-LeftBlock.
14:54:35.687 INFO: H[4]+=Param*S_m_dag[5]*S_m[6], as Bond RightSite-RightBlock.
14:54:35.687 INFO: H[5]+=Param*S_m_dag[5]*S_m[6], as Bond Site-Site.
14:54:35.687 INFO: H[6]+=Param*S_m_dag[5]*S_m[6], as Bond LeftSite-LeftBlock.
14:54:35.687 INFO: H[8]+=Param*S_m_dag[9]*S_m[10], as Bond RightSite-RightBlock.
14:54:35.687 INFO: H[9]+=Param*S_m_dag[9]*S_m[10], as Bond Site-Site.
14:54:35.687 INFO: H[10]+=Param*S_m_dag[9]*S_m[10], as Bond LeftSite-LeftBlock.
14:54:35.687 INFO: H[12]+=Param*S_m_dag[13]*S_m[14], as Bond RightSite-RightBlock.
14:54:35.687 INFO: H[13]+=Param*S_m_dag[13]*S_m[14], as Bond Site-Site.
14:54:35.687 INFO: ---------------------------------------------
14:54:35.687 INFO: Hamiltonian::addTerm:(Bond): 1*J_2*S_z[4*i+2]*S_z[4*i+3]:
14:54:35.687 INFO: H[1]+=Param*S_z[2]*S_z[3], as Bond RightSite-RightBlock.
14:54:35.687 INFO: H[2]+=Param*S_z[2]*S_z[3], as Bond Site-Site.
14:54:35.687 INFO: H[3]+=Param*S_z[2]*S_z[3], as Bond LeftSite-LeftBlock.
14:54:35.687 INFO: H[5]+=Param*S_z[6]*S_z[7], as Bond RightSite-RightBlock.
14:54:35.687 INFO: H[6]+=Param*S_z[6]*S_z[7], as Bond Site-Site.
14:54:35.687 INFO: H[7]+=Param*S_z[6]*S_z[7], as Bond LeftSite-LeftBlock.
14:54:35.688 INFO: H[9]+=Param*S_z[10]*S_z[11], as Bond RightSite-RightBlock.
14:54:35.688 INFO: H[10]+=Param*S_z[10]*S_z[11], as Bond Site-Site.
14:54:35.688 INFO: H[11]+=Param*S_z[10]*S_z[11], as Bond LeftSite-LeftBlock.
14:54:35.688 INFO: H[13]+=Param*S_z[14]*S_z[15], as Bond RightSite-RightBlock.
14:54:35.688 INFO: H[14]+=Param*S_z[14]*S_z[15], as Bond Site-Site.
14:54:35.688 INFO: ---------------------------------------------
14:54:35.688 INFO: Hamiltonian::addTerm:(Bond): 0.5*J_2*S_m[4*i+2]*S_m_dag[4*i+3]:
14:54:35.688 INFO: H[1]+=Param*S_m[2]*S_m_dag[3], as Bond RightSite-RightBlock.
14:54:35.688 INFO: H[2]+=Param*S_m[2]*S_m_dag[3], as Bond Site-Site.
14:54:35.688 INFO: H[3]+=Param*S_m[2]*S_m_dag[3], as Bond LeftSite-LeftBlock.
14:54:35.688 INFO: H[5]+=Param*S_m[6]*S_m_dag[7], as Bond RightSite-RightBlock.
14:54:35.688 INFO: H[6]+=Param*S_m[6]*S_m_dag[7], as Bond Site-Site.
14:54:35.688 INFO: H[7]+=Param*S_m[6]*S_m_dag[7], as Bond LeftSite-LeftBlock.
14:54:35.688 INFO: H[9]+=Param*S_m[10]*S_m_dag[11], as Bond RightSite-RightBlock.
14:54:35.688 INFO: H[10]+=Param*S_m[10]*S_m_dag[11], as Bond Site-Site.
14:54:35.688 INFO: H[11]+=Param*S_m[10]*S_m_dag[11], as Bond LeftSite-LeftBlock.
14:54:35.688 INFO: H[13]+=Param*S_m[14]*S_m_dag[15], as Bond RightSite-RightBlock.
14:54:35.688 INFO: H[14]+=Param*S_m[14]*S_m_dag[15], as Bond Site-Site.
14:54:35.688 INFO: ---------------------------------------------
14:54:35.688 INFO: Hamiltonian::addTerm:(Bond): 0.5*J_2*S_m_dag[4*i+2]*S_m[4*i+3]:
14:54:35.688 INFO: H[1]+=Param*S_m_dag[2]*S_m[3], as Bond RightSite-RightBlock.
14:54:35.688 INFO: H[2]+=Param*S_m_dag[2]*S_m[3], as Bond Site-Site.
14:54:35.688 INFO: H[3]+=Param*S_m_dag[2]*S_m[3], as Bond LeftSite-LeftBlock.
14:54:35.688 INFO: H[5]+=Param*S_m_dag[6]*S_m[7], as Bond RightSite-RightBlock.
14:54:35.688 INFO: H[6]+=Param*S_m_dag[6]*S_m[7], as Bond Site-Site.
14:54:35.688 INFO: H[7]+=Param*S_m_dag[6]*S_m[7], as Bond LeftSite-LeftBlock.
14:54:35.688 INFO: H[9]+=Param*S_m_dag[10]*S_m[11], as Bond RightSite-RightBlock.
14:54:35.688 INFO: H[10]+=Param*S_m_dag[10]*S_m[11], as Bond Site-Site.
14:54:35.688 INFO: H[11]+=Param*S_m_dag[10]*S_m[11], as Bond LeftSite-LeftBlock.
14:54:35.688 INFO: H[13]+=Param*S_m_dag[14]*S_m[15], as Bond RightSite-RightBlock.
14:54:35.688 INFO: H[14]+=Param*S_m_dag[14]*S_m[15], as Bond Site-Site.
14:54:35.688 INFO: ---------------------------------------------
14:54:35.688 INFO: Hamiltonian::addTerm:(Bond): 1*J_3*S_z[4*i]*S_z[4*i+3]:
14:54:35.688 INFO: H[1]+=Param*S_z[0]*S_z[3], as Bond LeftBlock-RightBlock.
14:54:35.689 INFO: H[2]+=Param*S_z[0]*S_z[3], as Bond LeftBlock-RightSite.
14:54:35.689 INFO: H[3]+=Param*S_z[0]*S_z[3], as Bond LeftSite-LeftBlock.
14:54:35.689 INFO: H[3]+=Param*S_z[4]*S_z[7], as Bond RightSite-RightBlock.
14:54:35.689 INFO: H[4]+=Param*S_z[4]*S_z[7], as Bond LeftSite-RightBlock.
14:54:35.689 INFO: H[5]+=Param*S_z[4]*S_z[7], as Bond LeftBlock-RightBlock.
14:54:35.689 INFO: H[6]+=Param*S_z[4]*S_z[7], as Bond LeftBlock-RightSite.
14:54:35.689 INFO: H[7]+=Param*S_z[4]*S_z[7], as Bond LeftSite-LeftBlock.
14:54:35.689 INFO: H[7]+=Param*S_z[8]*S_z[11], as Bond RightSite-RightBlock.
14:54:35.689 INFO: H[8]+=Param*S_z[8]*S_z[11], as Bond LeftSite-RightBlock.
14:54:35.689 INFO: H[9]+=Param*S_z[8]*S_z[11], as Bond LeftBlock-RightBlock.
14:54:35.689 INFO: H[10]+=Param*S_z[8]*S_z[11], as Bond LeftBlock-RightSite.
14:54:35.689 INFO: H[11]+=Param*S_z[8]*S_z[11], as Bond LeftSite-LeftBlock.
14:54:35.689 INFO: H[11]+=Param*S_z[12]*S_z[15], as Bond RightSite-RightBlock.
14:54:35.689 INFO: H[12]+=Param*S_z[12]*S_z[15], as Bond LeftSite-RightBlock.
14:54:35.689 INFO: H[13]+=Param*S_z[12]*S_z[15], as Bond LeftBlock-RightBlock.
14:54:35.689 INFO: ---------------------------------------------
14:54:35.689 INFO: Hamiltonian::addTerm:(Bond): 0.5*J_3*S_m[4*i]*S_m_dag[4*i+3]:
14:54:35.689 INFO: H[1]+=Param*S_m[0]*S_m_dag[3], as Bond LeftBlock-RightBlock.
14:54:35.689 INFO: H[2]+=Param*S_m[0]*S_m_dag[3], as Bond LeftBlock-RightSite.
14:54:35.689 INFO: H[3]+=Param*S_m[0]*S_m_dag[3], as Bond LeftSite-LeftBlock.
14:54:35.689 INFO: H[3]+=Param*S_m[4]*S_m_dag[7], as Bond RightSite-RightBlock.
14:54:35.689 INFO: H[4]+=Param*S_m[4]*S_m_dag[7], as Bond LeftSite-RightBlock.
14:54:35.689 INFO: H[5]+=Param*S_m[4]*S_m_dag[7], as Bond LeftBlock-RightBlock.
14:54:35.689 INFO: H[6]+=Param*S_m[4]*S_m_dag[7], as Bond LeftBlock-RightSite.
14:54:35.689 INFO: H[7]+=Param*S_m[4]*S_m_dag[7], as Bond LeftSite-LeftBlock.
14:54:35.689 INFO: H[7]+=Param*S_m[8]*S_m_dag[11], as Bond RightSite-RightBlock.
14:54:35.690 INFO: H[8]+=Param*S_m[8]*S_m_dag[11], as Bond LeftSite-RightBlock.
14:54:35.690 INFO: H[9]+=Param*S_m[8]*S_m_dag[11], as Bond LeftBlock-RightBlock.
14:54:35.690 INFO: H[10]+=Param*S_m[8]*S_m_dag[11], as Bond LeftBlock-RightSite.
14:54:35.690 INFO: H[11]+=Param*S_m[8]*S_m_dag[11], as Bond LeftSite-LeftBlock.
14:54:35.690 INFO: H[11]+=Param*S_m[12]*S_m_dag[15], as Bond RightSite-RightBlock.
14:54:35.690 INFO: H[12]+=Param*S_m[12]*S_m_dag[15], as Bond LeftSite-RightBlock.
14:54:35.690 INFO: H[13]+=Param*S_m[12]*S_m_dag[15], as Bond LeftBlock-RightBlock.
14:54:35.690 INFO: ---------------------------------------------
14:54:35.690 INFO: Hamiltonian::addTerm:(Bond): 0.5*J_3*S_m_dag[4*i]*S_m[4*i+3]:
14:54:35.690 INFO: H[1]+=Param*S_m_dag[0]*S_m[3], as Bond LeftBlock-RightBlock.
14:54:35.690 INFO: H[2]+=Param*S_m_dag[0]*S_m[3], as Bond LeftBlock-RightSite.
14:54:35.690 INFO: H[3]+=Param*S_m_dag[0]*S_m[3], as Bond LeftSite-LeftBlock.
14:54:35.690 INFO: H[3]+=Param*S_m_dag[4]*S_m[7], as Bond RightSite-RightBlock.
14:54:35.690 INFO: H[4]+=Param*S_m_dag[4]*S_m[7], as Bond LeftSite-RightBlock.
14:54:35.690 INFO: H[5]+=Param*S_m_dag[4]*S_m[7], as Bond LeftBlock-RightBlock.
14:54:35.690 INFO: H[6]+=Param*S_m_dag[4]*S_m[7], as Bond LeftBlock-RightSite.
14:54:35.690 INFO: H[7]+=Param*S_m_dag[4]*S_m[7], as Bond LeftSite-LeftBlock.
14:54:35.690 INFO: H[7]+=Param*S_m_dag[8]*S_m[11], as Bond RightSite-RightBlock.
14:54:35.690 INFO: H[8]+=Param*S_m_dag[8]*S_m[11], as Bond LeftSite-RightBlock.
14:54:35.690 INFO: H[9]+=Param*S_m_dag[8]*S_m[11], as Bond LeftBlock-RightBlock.
14:54:35.690 INFO: H[10]+=Param*S_m_dag[8]*S_m[11], as Bond LeftBlock-RightSite.
14:54:35.690 INFO: H[11]+=Param*S_m_dag[8]*S_m[11], as Bond LeftSite-LeftBlock.
14:54:35.690 INFO: H[11]+=Param*S_m_dag[12]*S_m[15], as Bond RightSite-RightBlock.
14:54:35.690 INFO: H[12]+=Param*S_m_dag[12]*S_m[15], as Bond LeftSite-RightBlock.
14:54:35.690 INFO: H[13]+=Param*S_m_dag[12]*S_m[15], as Bond LeftBlock-RightBlock.
14:54:35.690 INFO: ---------------------------------------------
14:54:35.690 INFO: Hamiltonian::addTerm:(Bond): 1*J_4*S_z[4*i+3]*S_z[4*i+1]:
14:54:35.690 INFO: H[2]+=Param*S_z[3]*S_z[4], as Bond RightSite-RightBlock.
14:54:35.691 INFO: H[3]+=Param*S_z[3]*S_z[4], as Bond Site-Site.
14:54:35.691 INFO: H[4]+=Param*S_z[3]*S_z[4], as Bond LeftSite-LeftBlock.
14:54:35.691 INFO: H[6]+=Param*S_z[7]*S_z[8], as Bond RightSite-RightBlock.
14:54:35.691 INFO: H[7]+=Param*S_z[7]*S_z[8], as Bond Site-Site.
14:54:35.691 INFO: H[8]+=Param*S_z[7]*S_z[8], as Bond LeftSite-LeftBlock.
14:54:35.691 INFO: H[10]+=Param*S_z[11]*S_z[12], as Bond RightSite-RightBlock.
14:54:35.691 INFO: H[11]+=Param*S_z[11]*S_z[12], as Bond Site-Site.
14:54:35.691 INFO: H[12]+=Param*S_z[11]*S_z[12], as Bond LeftSite-LeftBlock.
14:54:35.691 INFO: ---------------------------------------------
14:54:35.691 INFO: Hamiltonian::addTerm:(Bond): 0.5*J_4*S_m[4*i+3]*S_m_dag[4*i+1]:
14:54:35.691 INFO: H[2]+=Param*S_m[3]*S_m_dag[4], as Bond RightSite-RightBlock.
14:54:35.691 INFO: H[3]+=Param*S_m[3]*S_m_dag[4], as Bond Site-Site.
14:54:35.691 INFO: H[4]+=Param*S_m[3]*S_m_dag[4], as Bond LeftSite-LeftBlock.
14:54:35.691 INFO: H[6]+=Param*S_m[7]*S_m_dag[8], as Bond RightSite-RightBlock.
14:54:35.691 INFO: H[7]+=Param*S_m[7]*S_m_dag[8], as Bond Site-Site.
14:54:35.691 INFO: H[8]+=Param*S_m[7]*S_m_dag[8], as Bond LeftSite-LeftBlock.
14:54:35.691 INFO: H[10]+=Param*S_m[11]*S_m_dag[12], as Bond RightSite-RightBlock.
14:54:35.691 INFO: H[11]+=Param*S_m[11]*S_m_dag[12], as Bond Site-Site.
14:54:35.691 INFO: H[12]+=Param*S_m[11]*S_m_dag[12], as Bond LeftSite-LeftBlock.
14:54:35.691 INFO: ---------------------------------------------
14:54:35.691 INFO: Hamiltonian::addTerm:(Bond): 0.5*J_4*S_m_dag[4*i+3]*S_m[4*i+1]:
14:54:35.691 INFO: H[2]+=Param*S_m_dag[3]*S_m[4], as Bond RightSite-RightBlock.
14:54:35.691 INFO: H[3]+=Param*S_m_dag[3]*S_m[4], as Bond Site-Site.
14:54:35.691 INFO: H[4]+=Param*S_m_dag[3]*S_m[4], as Bond LeftSite-LeftBlock.
14:54:35.691 INFO: H[6]+=Param*S_m_dag[7]*S_m[8], as Bond RightSite-RightBlock.
14:54:35.691 INFO: H[7]+=Param*S_m_dag[7]*S_m[8], as Bond Site-Site.
14:54:35.691 INFO: H[8]+=Param*S_m_dag[7]*S_m[8], as Bond LeftSite-LeftBlock.
14:54:35.691 INFO: H[10]+=Param*S_m_dag[11]*S_m[12], as Bond RightSite-RightBlock.
14:54:35.691 INFO: H[11]+=Param*S_m_dag[11]*S_m[12], as Bond Site-Site.
14:54:35.691 INFO: H[12]+=Param*S_m_dag[11]*S_m[12], as Bond LeftSite-LeftBlock.
14:54:35.691 INFO: ---------------------------------------------
14:54:35.691 INFO: Hamiltonian::addTerm:(Bond): 1*J_5*S_z[4*i+2]*S_z[4*i+1+1]:
14:54:35.692 INFO: H[1]+=Param*S_z[2]*S_z[5], as Bond RightSite-RightBlock.
14:54:35.692 INFO: H[2]+=Param*S_z[2]*S_z[5], as Bond LeftSite-RightBlock.
14:54:35.692 INFO: H[3]+=Param*S_z[2]*S_z[5], as Bond LeftBlock-RightBlock.
14:54:35.692 INFO: H[4]+=Param*S_z[2]*S_z[5], as Bond LeftBlock-RightSite.
14:54:35.692 INFO: H[5]+=Param*S_z[2]*S_z[5], as Bond LeftSite-LeftBlock.
14:54:35.692 INFO: H[5]+=Param*S_z[6]*S_z[9], as Bond RightSite-RightBlock.
14:54:35.692 INFO: H[6]+=Param*S_z[6]*S_z[9], as Bond LeftSite-RightBlock.
14:54:35.692 INFO: H[7]+=Param*S_z[6]*S_z[9], as Bond LeftBlock-RightBlock.
14:54:35.692 INFO: H[8]+=Param*S_z[6]*S_z[9], as Bond LeftBlock-RightSite.
14:54:35.692 INFO: H[9]+=Param*S_z[6]*S_z[9], as Bond LeftSite-LeftBlock.
14:54:35.692 INFO: H[9]+=Param*S_z[10]*S_z[13], as Bond RightSite-RightBlock.
14:54:35.692 INFO: H[10]+=Param*S_z[10]*S_z[13], as Bond LeftSite-RightBlock.
14:54:35.692 INFO: H[11]+=Param*S_z[10]*S_z[13], as Bond LeftBlock-RightBlock.
14:54:35.692 INFO: H[12]+=Param*S_z[10]*S_z[13], as Bond LeftBlock-RightSite.
14:54:35.692 INFO: H[13]+=Param*S_z[10]*S_z[13], as Bond LeftSite-LeftBlock.
14:54:35.692 INFO: ---------------------------------------------
14:54:35.692 INFO: Hamiltonian::addTerm:(Bond): 0.5*J_5*S_m[4*i+2]*S_m_dag[4*i+1+1]:
14:54:35.692 INFO: H[1]+=Param*S_m[2]*S_m_dag[5], as Bond RightSite-RightBlock.
14:54:35.692 INFO: H[2]+=Param*S_m[2]*S_m_dag[5], as Bond LeftSite-RightBlock.
14:54:35.692 INFO: H[3]+=Param*S_m[2]*S_m_dag[5], as Bond LeftBlock-RightBlock.
14:54:35.692 INFO: H[4]+=Param*S_m[2]*S_m_dag[5], as Bond LeftBlock-RightSite.
14:54:35.692 INFO: H[5]+=Param*S_m[2]*S_m_dag[5], as Bond LeftSite-LeftBlock.
14:54:35.692 INFO: H[5]+=Param*S_m[6]*S_m_dag[9], as Bond RightSite-RightBlock.
14:54:35.692 INFO: H[6]+=Param*S_m[6]*S_m_dag[9], as Bond LeftSite-RightBlock.
14:54:35.692 INFO: H[7]+=Param*S_m[6]*S_m_dag[9], as Bond LeftBlock-RightBlock.
14:54:35.692 INFO: H[8]+=Param*S_m[6]*S_m_dag[9], as Bond LeftBlock-RightSite.
14:54:35.692 INFO: H[9]+=Param*S_m[6]*S_m_dag[9], as Bond LeftSite-LeftBlock.
14:54:35.693 INFO: H[9]+=Param*S_m[10]*S_m_dag[13], as Bond RightSite-RightBlock.
14:54:35.693 INFO: H[10]+=Param*S_m[10]*S_m_dag[13], as Bond LeftSite-RightBlock.
14:54:35.693 INFO: H[11]+=Param*S_m[10]*S_m_dag[13], as Bond LeftBlock-RightBlock.
14:54:35.693 INFO: H[12]+=Param*S_m[10]*S_m_dag[13], as Bond LeftBlock-RightSite.
14:54:35.693 INFO: H[13]+=Param*S_m[10]*S_m_dag[13], as Bond LeftSite-LeftBlock.
14:54:35.693 INFO: ---------------------------------------------
14:54:35.693 INFO: Hamiltonian::addTerm:(Bond): 0.5*J_5*S_m_dag[4*i+2]*S_m[4*i+1+1]:
14:54:35.693 INFO: H[1]+=Param*S_m_dag[2]*S_m[5], as Bond RightSite-RightBlock.
14:54:35.693 INFO: H[2]+=Param*S_m_dag[2]*S_m[5], as Bond LeftSite-RightBlock.
14:54:35.693 INFO: H[3]+=Param*S_m_dag[2]*S_m[5], as Bond LeftBlock-RightBlock.
14:54:35.693 INFO: H[4]+=Param*S_m_dag[2]*S_m[5], as Bond LeftBlock-RightSite.
14:54:35.693 INFO: H[5]+=Param*S_m_dag[2]*S_m[5], as Bond LeftSite-LeftBlock.
14:54:35.693 INFO: H[5]+=Param*S_m_dag[6]*S_m[9], as Bond RightSite-RightBlock.
14:54:35.693 INFO: H[6]+=Param*S_m_dag[6]*S_m[9], as Bond LeftSite-RightBlock.
14:54:35.693 INFO: H[7]+=Param*S_m_dag[6]*S_m[9], as Bond LeftBlock-RightBlock.
14:54:35.693 INFO: H[8]+=Param*S_m_dag[6]*S_m[9], as Bond LeftBlock-RightSite.
14:54:35.693 INFO: H[9]+=Param*S_m_dag[6]*S_m[9], as Bond LeftSite-LeftBlock.
14:54:35.693 INFO: H[9]+=Param*S_m_dag[10]*S_m[13], as Bond RightSite-RightBlock.
14:54:35.693 INFO: H[10]+=Param*S_m_dag[10]*S_m[13], as Bond LeftSite-RightBlock.
14:54:35.693 INFO: H[11]+=Param*S_m_dag[10]*S_m[13], as Bond LeftBlock-RightBlock.
14:54:35.693 INFO: H[12]+=Param*S_m_dag[10]*S_m[13], as Bond LeftBlock-RightSite.
14:54:35.693 INFO: H[13]+=Param*S_m_dag[10]*S_m[13], as Bond LeftSite-LeftBlock.
14:54:35.694 INFO: ---------------------------------------------
14:54:35.694 INFO: Start of the infinite algorithm
14:54:35.694 INFO: ---------------------------------------------
14:54:35.694 INFO: New step growing the system
14:54:35.694 INFO: Left Site @ 1, right Site @ 2
14:54:35.694 INFO: Target: 0
14:54:35.704 INFO: Last Lanczos iteration 4
14:54:35.705 ENERGIES: 1 -2
14:54:35.715 ENTROPY: 1 0.836988216785836
14:54:35.715 RENYI: 1 0.538996500732688
14:54:35.715 INFO: Keeping 4 states in DM.
14:54:35.715 INFO: Discarded weight=1.2490009027033e-16
14:54:35.719 INFO: ---------------------------------------------
14:54:35.719 INFO: New step growing the system
14:54:35.719 INFO: Left Site @ 2, right Site @ 3
14:54:35.719 INFO: Target: 1
14:54:35.727 INFO: Last Lanczos iteration 8
14:54:35.728 ENERGIES: 2 -2.20160596295578
14:54:35.728 ENTROPY: 2 0.569831270691814
14:54:35.728 RENYI: 2 0.435416382305651
14:54:35.728 INFO: Keeping 7 states in DM.
14:54:35.729 INFO: Discarded weight=-1.90761322194396e-16
14:54:35.732 INFO: ---------------------------------------------
14:54:35.732 INFO: New step growing the system
14:54:35.732 INFO: Left Site @ 3, right Site @ 4
14:54:35.732 INFO: Target: 0
14:54:35.743 INFO: Last Lanczos iteration 9
14:54:35.744 ENERGIES: 3 -3.11885595690129
14:54:35.745 ENTROPY: 3 0.670993715650834
14:54:35.745 RENYI: 3 0.382839985385456
14:54:35.745 INFO: Keeping 13 states in DM.
14:54:35.745 INFO: Discarded weight=-1.16226472890446e-16
14:54:35.748 INFO: ---------------------------------------------
14:54:35.748 INFO: New step growing the system
14:54:35.748 INFO: Left Site @ 4, right Site @ 5
14:54:35.748 INFO: Target: 1
14:54:35.760 INFO: Last Lanczos iteration 12
14:54:35.761 ENERGIES: 4 -3.34369041339616
14:54:35.762 ENTROPY: 4 0.553354752898778
14:54:35.762 RENYI: 4 0.395761990026968
14:54:35.762 INFO: Keeping 23 states in DM.
14:54:35.762 INFO: Discarded weight=-5.79844874335657e-17
14:54:35.765 INFO: ---------------------------------------------
14:54:35.765 INFO: New step growing the system
14:54:35.765 INFO: Left Site @ 5, right Site @ 6
14:54:35.765 INFO: Target: 0
14:54:35.782 INFO: Last Lanczos iteration 13
14:54:35.784 ENERGIES: 5 -4.27654504564602
14:54:35.784 ENTROPY: 5 0.729973408455554
14:54:35.784 RENYI: 5 0.434907077329186
14:54:35.784 INFO: Keeping 42 states in DM.
14:54:35.784 INFO: Discarded weight=-3.71019489138697e-16
14:54:35.788 INFO: ---------------------------------------------
14:54:35.788 INFO: New step growing the system
14:54:35.788 INFO: Left Site @ 6, right Site @ 7
14:54:35.788 INFO: Target: 1
14:54:35.805 INFO: Last Lanczos iteration 13
14:54:35.807 ENERGIES: 6 -4.49762653312026
14:54:35.807 ENTROPY: 6 0.561718730770858
14:54:35.807 RENYI: 6 0.404553471644157
14:54:35.807 INFO: Keeping 75 states in DM.
14:54:35.807 INFO: Discarded weight=-1.84769644568346e-16
14:54:35.814 INFO: ---------------------------------------------
14:54:35.814 INFO: New step growing the system
14:54:35.814 INFO: Left Site @ 7, right Site @ 8
14:54:35.814 INFO: Target: 0
14:54:35.844 INFO: Last Lanczos iteration 16
14:54:35.846 ENERGIES: 7 -5.42255034892163
14:54:35.848 ENTROPY: 7 0.713498618981096
14:54:35.848 RENYI: 7 0.420061639445396
14:54:35.848 INFO: Keeping 136 states in DM.
14:54:35.848 INFO: Discarded weight=1.84696434612447e-17
14:54:35.863 INFO: ---------------------------------------------
14:54:35.863 INFO: New step growing the system
14:54:35.863 INFO: Left Site @ 8, right Site @ 9
14:54:35.863 INFO: Target: 1
14:54:35.895 INFO: Last Lanczos iteration 15
14:54:35.898 ENERGIES: 8 -5.64577749812323
14:54:35.904 ENTROPY: 8 0.56155254404753
14:54:35.904 RENYI: 8 0.401189331198365
14:54:35.904 INFO: Keeping 146 states in DM.
14:54:35.904 INFO: Discarded weight=-4.44062277679616e-16
14:54:35.923 INFO: ---------------------------------------------
14:54:35.923 INFO: New step growing the system
14:54:35.923 INFO: Left Site @ 9, right Site @ 10
14:54:35.923 INFO: Target: 0
14:54:35.957 INFO: Last Lanczos iteration 13
14:54:35.960 ENERGIES: 9 -6.52183083904133
14:54:35.966 ENTROPY: 9 0.664113734010646
14:54:35.966 RENYI: 9 0.377620088482751
14:54:35.966 INFO: Keeping 146 states in DM.
14:54:35.966 INFO: Discarded weight=-9.45289207387956e-16
14:54:35.990 INFO: ---------------------------------------------
14:54:35.990 INFO: New step growing the system
14:54:35.990 INFO: Left Site @ 10, right Site @ 11
14:54:35.990 INFO: Target: 1
14:54:36.022 INFO: Last Lanczos iteration 14
14:54:36.024 ENERGIES: 10 -6.76134810834068
14:54:36.031 ENTROPY: 10 0.527262878658323
14:54:36.031 RENYI: 10 0.374651340086112
14:54:36.031 INFO: Keeping 146 states in DM.
14:54:36.031 INFO: Discarded weight=8.18235654225162e-17
14:54:36.052 INFO: ---------------------------------------------
14:54:36.052 INFO: New step growing the system
14:54:36.052 INFO: Left Site @ 11, right Site @ 12
14:54:36.052 INFO: Target: 0
14:54:36.083 INFO: Last Lanczos iteration 12
14:54:36.085 ENERGIES: 11 -7.62469623624982
14:54:36.091 ENTROPY: 11 0.65666690402184
14:54:36.091 RENYI: 11 0.37080637556421
14:54:36.091 INFO: Keeping 146 states in DM.
14:54:36.091 INFO: Discarded weight=1.48828405251663e-16
14:54:36.115 INFO: ---------------------------------------------
14:54:36.115 INFO: New step growing the system
14:54:36.115 INFO: Left Site @ 12, right Site @ 13
14:54:36.115 INFO: Target: 1
14:54:36.148 INFO: Last Lanczos iteration 14
14:54:36.150 ENERGIES: 12 -7.87293334000057
14:54:36.157 ENTROPY: 12 0.511242226387434
14:54:36.157 RENYI: 12 0.358832348679627
14:54:36.157 INFO: Keeping 146 states in DM.
14:54:36.157 INFO: Discarded weight=4.25357547483318e-17
14:54:36.178 INFO: ---------------------------------------------
14:54:36.178 INFO: New step growing the system
14:54:36.178 INFO: Left Site @ 13, right Site @ 14
14:54:36.178 INFO: Target: 0
14:54:36.213 INFO: Last Lanczos iteration 14
14:54:36.215 ENERGIES: 13 -8.76954808840365
14:54:36.215 INFO: ---------------------------------------------
14:54:36.216 INFO: End of the infinite algorithm
14:54:36.216 INFO: ---------------------------------------------
14:54:36.216 INFO: Beginning of the half-sweep to the rl for sweep 0
14:54:36.217 INFO: ---------------------------------------------
14:54:36.217 INFO: New step sweeping the system
14:54:36.217 INFO: Left Site @ 13, right Site @ 14
14:54:36.227 INFO: Last Lanczos iteration 3
14:54:36.228 ENERGIES: 13 -8.76954818743745
14:54:36.228 INFO: Overlap with guess= 0.999999982537787
14:54:36.228 ENTROPY: 13 0.711420001226057
14:54:36.228 RENYI: 13 0.418295160549915
14:54:36.228 INFO: Keeping 4 states in DM.
14:54:36.228 INFO: Discarded weight=6.24500451351651e-17
14:54:36.233 INFO: ---------------------------------------------
14:54:36.233 INFO: New step sweeping the system
14:54:36.233 INFO: Left Site @ 12, right Site @ 13
14:54:36.282 INFO: Last Lanczos iteration 11
14:54:36.285 ENERGIES: 12 -8.78867470744265
14:54:36.285 INFO: Overlap with guess= 0.997115362602836
14:54:36.285 ENTROPY: 12 0.784292775000789
14:54:36.285 RENYI: 12 0.717384213509084
14:54:36.285 INFO: Keeping 8 states in DM.
14:54:36.285 INFO: Discarded weight=5.50774703622636e-17
14:54:36.291 INFO: ---------------------------------------------
14:54:36.291 INFO: New step sweeping the system
14:54:36.291 INFO: Left Site @ 11, right Site @ 12
14:54:36.347 INFO: Last Lanczos iteration 8
14:54:36.354 ENERGIES: 11 -8.78962005999262
14:54:36.354 INFO: Overlap with guess= 0.999858278983612
14:54:36.354 ENTROPY: 11 0.526755280587278
14:54:36.354 RENYI: 11 0.268009607275251
14:54:36.354 INFO: Keeping 15 states in DM.
14:54:36.354 INFO: Discarded weight=2.04611754386925e-16
14:54:36.393 INFO: ---------------------------------------------
14:54:36.393 INFO: New step sweeping the system
14:54:36.393 INFO: Left Site @ 10, right Site @ 11
14:54:36.506 INFO: Last Lanczos iteration 13
14:54:36.513 ENERGIES: 10 -8.83756792499611
14:54:36.513 INFO: Overlap with guess= 0.991379323225695
14:54:36.513 ENTROPY: 10 0.782851914694327
14:54:36.513 RENYI: 10 0.717973603231465
14:54:36.513 INFO: Keeping 29 states in DM.
14:54:36.513 INFO: Discarded weight=-3.38486989397232e-16
14:54:36.519 INFO: ---------------------------------------------
14:54:36.519 INFO: New step sweeping the system
14:54:36.519 INFO: Left Site @ 9, right Site @ 10
14:54:36.664 INFO: Last Lanczos iteration 10
14:54:36.673 ENERGIES: 9 -8.83931686156713
14:54:36.673 INFO: Overlap with guess= 0.999725078411442
14:54:36.673 ENTROPY: 9 0.579721300254138
14:54:36.673 RENYI: 9 0.306260424623249
14:54:36.673 INFO: Keeping 54 states in DM.
14:54:36.673 INFO: Discarded weight=2.76499016097539e-16
14:54:36.682 INFO: ---------------------------------------------
14:54:36.682 INFO: New step sweeping the system
14:54:36.682 INFO: Left Site @ 8, right Site @ 9
14:54:36.986 INFO: Last Lanczos iteration 17
14:54:37.008 ENERGIES: 8 -8.89133879109372
14:54:37.008 INFO: Overlap with guess= 0.987219405110376
14:54:37.009 ENTROPY: 8 0.812782007928952
14:54:37.009 RENYI: 8 0.733153326705093
14:54:37.009 INFO: Keeping 103 states in DM.
14:54:37.009 INFO: Discarded weight=2.63067249783249e-16
14:54:37.021 INFO: ---------------------------------------------
14:54:37.021 INFO: New step sweeping the system
14:54:37.021 INFO: Left Site @ 7, right Site @ 8
14:54:37.174 INFO: Last Lanczos iteration 7
14:54:37.186 ENERGIES: 7 -8.89144413151159
14:54:37.186 INFO: Overlap with guess= 0.99998869396621
14:54:37.188 ENTROPY: 7 0.619619409837318
14:54:37.188 RENYI: 7 0.333520100750093
14:54:37.188 INFO: Keeping 146 states in DM.
14:54:37.188 INFO: Discarded weight=1.45671612115205e-15
14:54:37.209 INFO: ---------------------------------------------
14:54:37.209 INFO: New step sweeping the system
14:54:37.209 INFO: Left Site @ 6, right Site @ 7
14:54:37.406 INFO: Last Lanczos iteration 13
14:54:37.443 ENERGIES: 6 -8.89864998690619
14:54:37.443 INFO: Overlap with guess= 0.998796275100518
14:54:37.448 ENTROPY: 6 0.813670063136973
14:54:37.448 RENYI: 6 0.73351763996856
14:54:37.448 INFO: Keeping 146 states in DM.
14:54:37.448 INFO: Discarded weight=4.02895307218258e-16
14:54:37.472 INFO: ---------------------------------------------
14:54:37.472 INFO: New step sweeping the system
14:54:37.472 INFO: Left Site @ 5, right Site @ 6
14:54:37.549 INFO: Last Lanczos iteration 7
14:54:37.555 ENERGIES: 5 -8.89873980717474
14:54:37.555 INFO: Overlap with guess= 0.99999046792328
14:54:37.559 ENTROPY: 5 0.637668891264252
14:54:37.559 RENYI: 5 0.348934545498871
14:54:37.559 INFO: Keeping 146 states in DM.
14:54:37.560 INFO: Discarded weight=-1.67096800460975e-16
14:54:37.584 INFO: ---------------------------------------------
14:54:37.584 INFO: New step sweeping the system
14:54:37.584 INFO: Left Site @ 4, right Site @ 5
14:54:37.654 INFO: Last Lanczos iteration 12
14:54:37.659 ENERGIES: 4 -8.90518541932911
14:54:37.659 INFO: Overlap with guess= 0.998969459219773
14:54:37.664 ENTROPY: 4 0.805460296004449
14:54:37.664 RENYI: 4 0.730235221643245
14:54:37.664 INFO: Keeping 146 states in DM.
14:54:37.664 INFO: Discarded weight=1.33006409218611e-16
14:54:37.685 INFO: ---------------------------------------------
14:54:37.685 INFO: New step sweeping the system
14:54:37.685 INFO: Left Site @ 3, right Site @ 4
14:54:37.714 INFO: Last Lanczos iteration 6
14:54:37.717 ENERGIES: 3 -8.90528859778063
14:54:37.717 INFO: Overlap with guess= 0.999989583902544
14:54:37.722 ENTROPY: 3 0.583794610991265
14:54:37.722 RENYI: 3 0.305170253078916
14:54:37.722 INFO: Keeping 146 states in DM.
14:54:37.722 INFO: Discarded weight=-6.14964562297823e-16
14:54:37.745 INFO: ---------------------------------------------
14:54:37.745 INFO: New step sweeping the system
14:54:37.745 INFO: Left Site @ 2, right Site @ 3
14:54:37.777 INFO: Last Lanczos iteration 11
14:54:37.780 ENERGIES: 2 -8.91489021620163
14:54:37.780 INFO: Overlap with guess= 0.998285602580417
14:54:37.785 ENTROPY: 2 0.824254546920824
14:54:37.785 RENYI: 2 0.738122289635436
14:54:37.785 INFO: Keeping 146 states in DM.
14:54:37.785 INFO: Discarded weight=-6.56167313898371e-17
14:54:37.804 INFO: ---------------------------------------------
14:54:37.804 INFO: New step sweeping the system
14:54:37.804 INFO: Left Site @ 1, right Site @ 2
14:54:37.810 INFO: Last Lanczos iteration 2
14:54:37.811 ENERGIES: 1 -8.91489021710448
14:54:37.811 INFO: Overlap with guess= 0.999999999844967
14:54:37.811 INFO: ---------------------------------------------
14:54:37.811 INFO: End of the half-sweep to the rl
14:54:37.811 INFO: ---------------------------------------------
14:54:37.811 INFO: Beginning of the half-sweep to the lr for sweep 0
14:54:37.812 INFO: ---------------------------------------------
14:54:37.812 INFO: New step sweeping the system
14:54:37.812 INFO: Left Site @ 1, right Site @ 2
14:54:37.818 INFO: Last Lanczos iteration 2
14:54:37.819 ENERGIES: 1 -8.91489021718369
14:54:37.819 INFO: Overlap with guess= 0.999999999985209
14:54:37.819 ENTROPY: 1 0.729740864573154
14:54:37.819 RENYI: 1 0.434405420663307
14:54:37.819 INFO: Keeping 4 states in DM.
14:54:37.819 INFO: Discarded weight=2.35922392732846e-16
14:54:37.825 INFO: ---------------------------------------------
14:54:37.825 INFO: New step sweeping the system
14:54:37.825 INFO: Left Site @ 2, right Site @ 3
14:54:37.833 INFO: Last Lanczos iteration 2
14:54:37.835 ENERGIES: 2 -8.91489021753717
14:54:37.835 INFO: Overlap with guess= 0.999999999960765
14:54:37.835 ENTROPY: 2 0.824253698405943
14:54:37.835 RENYI: 2 0.738121881164754
14:54:37.835 INFO: Keeping 8 states in DM.
14:54:37.835 INFO: Discarded weight=-1.0321604682062e-16
14:54:37.840 INFO: ---------------------------------------------
14:54:37.840 INFO: New step sweeping the system
14:54:37.840 INFO: Left Site @ 3, right Site @ 4
14:54:37.879 INFO: Last Lanczos iteration 7
14:54:37.882 ENERGIES: 3 -8.91507719273747
14:54:37.882 INFO: Overlap with guess= 0.999976988674592
14:54:37.882 ENTROPY: 3 0.602498438964544
14:54:37.882 RENYI: 3 0.317991090758399
14:54:37.882 INFO: Keeping 16 states in DM.
14:54:37.882 INFO: Discarded weight=-7.95482522084404e-16
14:54:37.889 INFO: ---------------------------------------------
14:54:37.889 INFO: New step sweeping the system
14:54:37.889 INFO: Left Site @ 4, right Site @ 5
14:54:37.927 INFO: Last Lanczos iteration 5
14:54:37.931 ENERGIES: 4 -8.91508495006674
14:54:37.931 INFO: Overlap with guess= 0.999999094515605
14:54:37.931 ENTROPY: 4 0.813891921417252
14:54:37.931 RENYI: 4 0.733475233748249
14:54:37.931 INFO: Keeping 31 states in DM.
14:54:37.931 INFO: Discarded weight=-2.30535607295443e-16
14:54:37.937 INFO: ---------------------------------------------
14:54:37.937 INFO: New step sweeping the system
14:54:37.937 INFO: Left Site @ 5, right Site @ 6
14:54:38.033 INFO: Last Lanczos iteration 7
14:54:38.040 ENERGIES: 5 -8.91518559437235
14:54:38.040 INFO: Overlap with guess= 0.999988636654456
14:54:38.040 ENTROPY: 5 0.651365311686917
14:54:38.040 RENYI: 5 0.358463712553691
14:54:38.040 INFO: Keeping 61 states in DM.
14:54:38.040 INFO: Discarded weight=-5.32515466924833e-16
14:54:38.048 INFO: ---------------------------------------------
14:54:38.048 INFO: New step sweeping the system
14:54:38.048 INFO: Left Site @ 6, right Site @ 7
14:54:38.117 INFO: Last Lanczos iteration 3
14:54:38.125 ENERGIES: 6 -8.91518612488924
14:54:38.125 INFO: Overlap with guess= 0.999999956763704
14:54:38.126 ENTROPY: 6 0.820582581133543
14:54:38.126 RENYI: 6 0.736203258781402
14:54:38.126 INFO: Keeping 117 states in DM.
14:54:38.126 INFO: Discarded weight=1.21435368569281e-16
14:54:38.139 INFO: ---------------------------------------------
14:54:38.139 INFO: New step sweeping the system
14:54:38.139 INFO: Left Site @ 7, right Site @ 8
14:54:38.349 INFO: Last Lanczos iteration 7
14:54:38.365 ENERGIES: 7 -8.91528414729067
14:54:38.365 INFO: Overlap with guess= 0.999989507161816
14:54:38.367 ENTROPY: 7 0.635990561022021
14:54:38.367 RENYI: 7 0.344765639362294
14:54:38.367 INFO: Keeping 228 states in DM.
14:54:38.367 INFO: Discarded weight=-3.19328388612104e-16
14:54:38.395 INFO: ---------------------------------------------
14:54:38.395 INFO: New step sweeping the system
14:54:38.395 INFO: Left Site @ 8, right Site @ 9
14:54:38.492 INFO: Last Lanczos iteration 3
14:54:38.501 ENERGIES: 8 -8.91528464925304
14:54:38.501 INFO: Overlap with guess= 0.999999959245566
14:54:38.510 ENTROPY: 8 0.820694896074287
14:54:38.510 RENYI: 8 0.736246965246322
14:54:38.510 INFO: Keeping 268 states in DM.
14:54:38.510 INFO: Discarded weight=-9.07325201566846e-16
14:54:38.552 INFO: ---------------------------------------------
14:54:38.552 INFO: New step sweeping the system
14:54:38.552 INFO: Left Site @ 9, right Site @ 10
14:54:38.717 INFO: Last Lanczos iteration 7
14:54:38.730 ENERGIES: 9 -8.91536918845944
14:54:38.730 INFO: Overlap with guess= 0.999991083489033
14:54:38.744 ENTROPY: 9 0.651529135525935
14:54:38.744 RENYI: 9 0.358563532519072
14:54:38.745 INFO: Keeping 268 states in DM.
14:54:38.745 INFO: Discarded weight=-4.55175104915932e-16
14:54:38.800 INFO: ---------------------------------------------
14:54:38.800 INFO: New step sweeping the system
14:54:38.800 INFO: Left Site @ 10, right Site @ 11
14:54:38.846 INFO: Last Lanczos iteration 3
14:54:38.850 ENERGIES: 10 -8.91536967098374
14:54:38.850 INFO: Overlap with guess= 0.999999962372464
14:54:38.864 ENTROPY: 10 0.814198220610288
14:54:38.864 RENYI: 10 0.733591234148308
14:54:38.864 INFO: Keeping 268 states in DM.
14:54:38.864 INFO: Discarded weight=-3.25930765560028e-16
14:54:38.910 INFO: ---------------------------------------------
14:54:38.910 INFO: New step sweeping the system
14:54:38.910 INFO: Left Site @ 11, right Site @ 12
14:54:38.980 INFO: Last Lanczos iteration 6
14:54:38.986 ENERGIES: 11 -8.91546900480526
14:54:38.986 INFO: Overlap with guess= 0.999990016074423
14:54:39.002 ENTROPY: 11 0.603172986191418
14:54:39.002 RENYI: 11 0.318413998150863
14:54:39.002 INFO: Keeping 268 states in DM.
14:54:39.002 INFO: Discarded weight=-8.79829934898137e-16
14:54:39.065 INFO: ---------------------------------------------
14:54:39.065 INFO: New step sweeping the system
14:54:39.066 INFO: Left Site @ 12, right Site @ 13
14:54:39.083 INFO: Last Lanczos iteration 2
14:54:39.086 ENERGIES: 12 -8.91546900528278
14:54:39.086 INFO: Overlap with guess= 0.999999999927761
14:54:39.102 ENTROPY: 12 0.82525406292241
14:54:39.102 RENYI: 12 0.738527400757724
14:54:39.102 INFO: Keeping 268 states in DM.
14:54:39.102 INFO: Discarded weight=1.29448400100655e-16
14:54:39.148 INFO: ---------------------------------------------
14:54:39.148 INFO: New step sweeping the system
14:54:39.148 INFO: Left Site @ 13, right Site @ 14
14:54:39.159 INFO: Last Lanczos iteration 2
14:54:39.160 ENERGIES: 13 -8.91546900530427
14:54:39.160 INFO: Overlap with guess= 0.999999999996749
14:54:39.160 INFO: ---------------------------------------------
14:54:39.160 INFO: End of the half-sweep to the lr
14:54:39.160 INFO: ---------------------------------------------
14:54:39.160 INFO: Beginning of the half-sweep to the rl for sweep 1
14:54:39.161 INFO: ---------------------------------------------
14:54:39.161 INFO: New step sweeping the system
14:54:39.161 INFO: Left Site @ 13, right Site @ 14
14:54:39.172 INFO: Last Lanczos iteration 2
14:54:39.173 ENERGIES: 13 -8.91546900530602
14:54:39.173 INFO: Overlap with guess= 0.999999999999751
14:54:39.173 ENTROPY: 13 0.7304500893051
14:54:39.173 RENYI: 13 0.43505304615047
14:54:39.173 INFO: Keeping 4 states in DM.
14:54:39.173 INFO: Discarded weight=-6.93889390390723e-17
14:54:39.178 INFO: ---------------------------------------------
14:54:39.179 INFO: New step sweeping the system
14:54:39.179 INFO: Left Site @ 12, right Site @ 13
14:54:39.196 INFO: Last Lanczos iteration 2
14:54:39.198 ENERGIES: 12 -8.91546900532516
14:54:39.198 INFO: Overlap with guess= 0.999999999997055
14:54:39.198 ENTROPY: 12 0.825253426100802
14:54:39.198 RENYI: 12 0.738527136539648
14:54:39.198 INFO: Keeping 8 states in DM.
14:54:39.198 INFO: Discarded weight=-1.46150452851046e-16
14:54:39.204 INFO: ---------------------------------------------
14:54:39.204 INFO: New step sweeping the system
14:54:39.204 INFO: Left Site @ 11, right Site @ 12
14:54:39.234 INFO: Last Lanczos iteration 2
14:54:39.236 ENERGIES: 11 -8.91546900558229
14:54:39.236 INFO: Overlap with guess= 0.999999999977059
14:54:39.237 ENTROPY: 11 0.603166865883496
14:54:39.237 RENYI: 11 0.318409493863383
14:54:39.237 INFO: Keeping 16 states in DM.
14:54:39.237 INFO: Discarded weight=-2.76664677495778e-16
14:54:39.242 INFO: ---------------------------------------------
14:54:39.242 INFO: New step sweeping the system
14:54:39.242 INFO: Left Site @ 10, right Site @ 11
14:54:39.293 INFO: Last Lanczos iteration 3
14:54:39.297 ENERGIES: 10 -8.91546962899802
14:54:39.297 INFO: Overlap with guess= 0.999999950590384
14:54:39.298 ENTROPY: 10 0.814638306094215
14:54:39.298 RENYI: 10 0.733755538208483
14:54:39.298 INFO: Keeping 32 states in DM.
14:54:39.298 INFO: Discarded weight=-1.58042438088472e-16
14:54:39.304 INFO: ---------------------------------------------
14:54:39.304 INFO: New step sweeping the system
14:54:39.304 INFO: Left Site @ 9, right Site @ 10
14:54:39.373 INFO: Last Lanczos iteration 2
14:54:39.379 ENERGIES: 9 -8.91546963172554
14:54:39.379 INFO: Overlap with guess= 0.999999999778415
14:54:39.379 ENTROPY: 9 0.651969918439617
14:54:39.380 RENYI: 9 0.358877769827626
14:54:39.380 INFO: Keeping 63 states in DM.
14:54:39.380 INFO: Discarded weight=-1.05299213070438e-15
14:54:39.389 INFO: ---------------------------------------------
14:54:39.389 INFO: New step sweeping the system
14:54:39.389 INFO: Left Site @ 8, right Site @ 9
14:54:39.498 INFO: Last Lanczos iteration 3
14:54:39.508 ENERGIES: 8 -8.91547013941945
14:54:39.508 INFO: Overlap with guess= 0.9999999587327
14:54:39.509 ENTROPY: 8 0.821268994317944
14:54:39.509 RENYI: 8 0.736463121497894
14:54:39.509 INFO: Keeping 125 states in DM.
14:54:39.509 INFO: Discarded weight=-1.06905788718659e-15
14:54:39.522 INFO: ---------------------------------------------
14:54:39.522 INFO: New step sweeping the system
14:54:39.522 INFO: Left Site @ 7, right Site @ 8
14:54:39.611 INFO: Last Lanczos iteration 2
14:54:39.626 ENERGIES: 7 -8.91547013991554
14:54:39.626 INFO: Overlap with guess= 0.999999999950577
14:54:39.629 ENTROPY: 7 0.63649404922691
14:54:39.629 RENYI: 7 0.345094058367293
14:54:39.629 INFO: Keeping 244 states in DM.
14:54:39.629 INFO: Discarded weight=-1.22092028812892e-15
14:54:39.665 INFO: ---------------------------------------------
14:54:39.665 INFO: New step sweeping the system
14:54:39.665 INFO: Left Site @ 6, right Site @ 7
14:54:39.765 INFO: Last Lanczos iteration 3
14:54:39.775 ENERGIES: 6 -8.91547064039348
14:54:39.775 INFO: Overlap with guess= 0.999999959301039
14:54:39.784 ENTROPY: 6 0.821271146515848
14:54:39.784 RENYI: 6 0.736463915068222
14:54:39.785 INFO: Keeping 390 states in DM.
14:54:39.785 INFO: Discarded weight=-9.97965021084394e-16
14:54:39.844 INFO: ---------------------------------------------
14:54:39.844 INFO: New step sweeping the system
14:54:39.844 INFO: Left Site @ 5, right Site @ 6
14:54:39.920 INFO: Last Lanczos iteration 2
14:54:39.935 ENERGIES: 5 -8.91547064081504
14:54:39.935 INFO: Overlap with guess= 0.999999999961155
14:54:39.964 ENTROPY: 5 0.651976088688382
14:54:39.964 RENYI: 5 0.358881506533473
14:54:39.965 INFO: Keeping 390 states in DM.
14:54:39.965 INFO: Discarded weight=-1.55136761244162e-15
14:54:40.066 INFO: ---------------------------------------------
14:54:40.066 INFO: New step sweeping the system
14:54:40.066 INFO: Left Site @ 4, right Site @ 5
14:54:40.116 INFO: Last Lanczos iteration 3
14:54:40.122 ENERGIES: 4 -8.91547112278443
14:54:40.122 INFO: Overlap with guess= 0.999999962364328
14:54:40.156 ENTROPY: 4 0.814644746126948
14:54:40.156 RENYI: 4 0.733757785195382
14:54:40.157 INFO: Keeping 390 states in DM.
14:54:40.157 INFO: Discarded weight=-5.22774263714683e-16
14:54:40.240 INFO: ---------------------------------------------
14:54:40.240 INFO: New step sweeping the system
14:54:40.240 INFO: Left Site @ 3, right Site @ 4
14:54:40.267 INFO: Last Lanczos iteration 2
14:54:40.270 ENERGIES: 3 -8.91547112294584
14:54:40.270 INFO: Overlap with guess= 0.999999999969636
14:54:40.307 ENTROPY: 3 0.603179434307296
14:54:40.307 RENYI: 3 0.318415187216939
14:54:40.307 INFO: Keeping 390 states in DM.
14:54:40.307 INFO: Discarded weight=-1.26045218368786e-15
14:54:40.409 INFO: ---------------------------------------------
14:54:40.409 INFO: New step sweeping the system
14:54:40.409 INFO: Left Site @ 2, right Site @ 3
14:54:40.422 INFO: Last Lanczos iteration 2
14:54:40.429 ENERGIES: 2 -8.91547112295341
14:54:40.429 INFO: Overlap with guess= 0.999999999998989
14:54:40.467 ENTROPY: 2 0.825259027254929
14:54:40.467 RENYI: 2 0.738529417118857
14:54:40.467 INFO: Keeping 390 states in DM.
14:54:40.467 INFO: Discarded weight=-4.8691761793075e-16
14:54:40.556 INFO: ---------------------------------------------
14:54:40.556 INFO: New step sweeping the system
14:54:40.556 INFO: Left Site @ 1, right Site @ 2
14:54:40.565 INFO: Last Lanczos iteration 2
14:54:40.566 ENERGIES: 1 -8.91547112295395
14:54:40.566 INFO: Overlap with guess= 0.999999999999903
14:54:40.566 INFO: ---------------------------------------------
14:54:40.566 INFO: End of the half-sweep to the rl
14:54:40.566 INFO: ---------------------------------------------
14:54:40.566 INFO: Beginning of the half-sweep to the lr for sweep 1
14:54:40.568 INFO: ---------------------------------------------
14:54:40.568 INFO: New step sweeping the system
14:54:40.568 INFO: Left Site @ 1, right Site @ 2
14:54:40.576 INFO: Last Lanczos iteration 2
14:54:40.578 ENERGIES: 1 -8.91547112295398
14:54:40.578 INFO: Overlap with guess= 0.999999999999997
14:54:40.578 ENTROPY: 1 0.730453831867411
14:54:40.578 RENYI: 1 0.435056468853884
14:54:40.578 INFO: Keeping 4 states in DM.
14:54:40.578 INFO: Discarded weight=-3.46944695195361e-16
14:54:40.584 INFO: ---------------------------------------------
14:54:40.584 INFO: New step sweeping the system
14:54:40.584 INFO: Left Site @ 2, right Site @ 3
14:54:40.598 INFO: Last Lanczos iteration 2
14:54:40.600 ENERGIES: 2 -8.91547112295433
14:54:40.600 INFO: Overlap with guess= 0.999999999999964
14:54:40.600 ENTROPY: 2 0.825259132255912
14:54:40.600 RENYI: 2 0.738529460097923
14:54:40.600 INFO: Keeping 8 states in DM.
14:54:40.600 INFO: Discarded weight=-3.92047505570758e-16
14:54:40.606 INFO: ---------------------------------------------
14:54:40.606 INFO: New step sweeping the system
14:54:40.606 INFO: Left Site @ 3, right Site @ 4
14:54:40.633 INFO: Last Lanczos iteration 2
14:54:40.636 ENERGIES: 3 -8.91547112295744
14:54:40.636 INFO: Overlap with guess= 0.999999999999715
14:54:40.636 ENTROPY: 3 0.603180207161432
14:54:40.636 RENYI: 3 0.318415696011039
14:54:40.636 INFO: Keeping 16 states in DM.
14:54:40.636 INFO: Discarded weight=-6.68878201524198e-16
14:54:40.643 INFO: ---------------------------------------------
14:54:40.643 INFO: New step sweeping the system
14:54:40.643 INFO: Left Site @ 4, right Site @ 5
14:54:40.680 INFO: Last Lanczos iteration 2
14:54:40.685 ENERGIES: 4 -8.91547112298401
14:54:40.685 INFO: Overlap with guess= 0.999999999996998
14:54:40.685 ENTROPY: 4 0.814647064338796
14:54:40.685 RENYI: 4 0.733758599366294
14:54:40.685 INFO: Keeping 32 states in DM.
14:54:40.685 INFO: Discarded weight=-7.58243552356426e-16
14:54:40.694 INFO: ---------------------------------------------
14:54:40.694 INFO: New step sweeping the system
14:54:40.694 INFO: Left Site @ 5, right Site @ 6
14:54:40.772 INFO: Last Lanczos iteration 2
14:54:40.779 ENERGIES: 5 -8.91547112319597
14:54:40.779 INFO: Overlap with guess= 0.999999999987612
14:54:40.780 ENTROPY: 5 0.651983684252136
14:54:40.780 RENYI: 5 0.358884936736729
14:54:40.780 INFO: Keeping 64 states in DM.
14:54:40.780 INFO: Discarded weight=-2.18712890114045e-16
14:54:40.790 INFO: ---------------------------------------------
14:54:40.790 INFO: New step sweeping the system
14:54:40.790 INFO: Left Site @ 6, right Site @ 7
14:54:40.867 INFO: Last Lanczos iteration 2
14:54:40.876 ENERGIES: 6 -8.91547112320189
14:54:40.876 INFO: Overlap with guess= 0.999999999999585
14:54:40.877 ENTROPY: 6 0.821277164490373
14:54:40.877 RENYI: 6 0.736465992610077
14:54:40.877 INFO: Keeping 127 states in DM.
14:54:40.877 INFO: Discarded weight=-1.28749507334426e-15
14:54:40.890 INFO: ---------------------------------------------
14:54:40.890 INFO: New step sweeping the system
14:54:40.890 INFO: Left Site @ 7, right Site @ 8
14:54:40.984 INFO: Last Lanczos iteration 2
14:54:41.000 ENERGIES: 7 -8.91547112338105
14:54:41.000 INFO: Overlap with guess= 0.999999999989488
14:54:41.003 ENTROPY: 7 0.63650569407256
14:54:41.003 RENYI: 7 0.345099735826127
14:54:41.003 INFO: Keeping 253 states in DM.
14:54:41.003 INFO: Discarded weight=-1.62158066057107e-16
14:54:41.034 INFO: ---------------------------------------------
14:54:41.034 INFO: New step sweeping the system
14:54:41.034 INFO: Left Site @ 8, right Site @ 9
14:54:41.119 INFO: Last Lanczos iteration 2
14:54:41.128 ENERGIES: 8 -8.91547112338139
14:54:41.128 INFO: Overlap with guess= 0.999999999999964
14:54:41.137 ENTROPY: 8 0.821277211367088
14:54:41.137 RENYI: 8 0.736466008973743
14:54:41.138 INFO: Keeping 499 states in DM.
14:54:41.138 INFO: Discarded weight=-6.76351273404438e-16
14:54:41.215 INFO: ---------------------------------------------
14:54:41.215 INFO: New step sweeping the system
14:54:41.215 INFO: Left Site @ 9, right Site @ 10
14:54:41.334 INFO: Last Lanczos iteration 2
14:54:41.342 ENERGIES: 9 -8.91547112355561
14:54:41.342 INFO: Overlap with guess= 0.999999999990168
14:54:41.397 ENTROPY: 9 0.651983742477809
14:54:41.397 RENYI: 9 0.358884961279378
14:54:41.398 INFO: Keeping 512 states in DM.
14:54:41.398 INFO: Discarded weight=-8.7102133643865e-16
14:54:41.555 INFO: ---------------------------------------------
14:54:41.555 INFO: New step sweeping the system
14:54:41.555 INFO: Left Site @ 10, right Site @ 11
14:54:41.619 INFO: Last Lanczos iteration 2
14:54:41.625 ENERGIES: 10 -8.91547112355573
14:54:41.625 INFO: Overlap with guess= 0.99999999999999
14:54:41.689 ENTROPY: 10 0.814647124147628
14:54:41.689 RENYI: 10 0.733758618129751
14:54:41.690 INFO: Keeping 512 states in DM.
14:54:41.690 INFO: Discarded weight=-7.705967143213e-16
14:54:41.822 INFO: ---------------------------------------------
14:54:41.822 INFO: New step sweeping the system
14:54:41.822 INFO: Left Site @ 11, right Site @ 12
14:54:41.873 INFO: Last Lanczos iteration 2
14:54:41.876 ENERGIES: 11 -8.91547112355573
14:54:41.876 INFO: Overlap with guess= 0.999999999999999
14:54:41.936 ENTROPY: 11 0.603180284596506
14:54:41.936 RENYI: 11 0.318415733032187
14:54:41.937 INFO: Keeping 512 states in DM.
14:54:41.937 INFO: Discarded weight=-9.04184271157618e-16
14:54:42.104 INFO: ---------------------------------------------
14:54:42.104 INFO: New step sweeping the system
14:54:42.104 INFO: Left Site @ 12, right Site @ 13
14:54:42.135 INFO: Last Lanczos iteration 2
14:54:42.138 ENERGIES: 12 -8.91547112355573
14:54:42.138 INFO: Overlap with guess= 1
14:54:42.206 ENTROPY: 12 0.825259173998163
14:54:42.206 RENYI: 12 0.73852947735003
14:54:42.207 INFO: Keeping 512 states in DM.
14:54:42.207 INFO: Discarded weight=-1.68199866000787e-15
14:54:42.368 INFO: ---------------------------------------------
14:54:42.368 INFO: New step sweeping the system
14:54:42.368 INFO: Left Site @ 13, right Site @ 14
14:54:42.386 INFO: Last Lanczos iteration 2
14:54:42.388 ENERGIES: 13 -8.91547112355573
14:54:42.388 INFO: Overlap with guess= 1
14:54:42.388 INFO: ---------------------------------------------
14:54:42.388 INFO: End of the half-sweep to the lr
14:54:42.389 INFO: ---------------------------------------------
14:54:42.389 INFO: Beginning of the half-sweep to the rl for sweep 2
14:54:42.391 INFO: ---------------------------------------------
14:54:42.391 INFO: New step sweeping the system
14:54:42.391 INFO: Left Site @ 13, right Site @ 14
14:54:42.409 INFO: Last Lanczos iteration 2
14:54:42.411 ENERGIES: 13 -8.91547112355573
14:54:42.411 INFO: Overlap with guess= 1
14:54:42.411 ENTROPY: 13 0.730453859572872
14:54:42.411 RENYI: 13 0.435056494191754
14:54:42.411 INFO: Keeping 4 states in DM.
14:54:42.411 INFO: Discarded weight=-2.4980018054066e-16
14:54:42.418 INFO: ---------------------------------------------
14:54:42.418 INFO: New step sweeping the system
14:54:42.418 INFO: Left Site @ 12, right Site @ 13
14:54:42.447 INFO: Last Lanczos iteration 2
14:54:42.449 ENERGIES: 12 -8.91547112355572
14:54:42.449 INFO: Overlap with guess= 1
14:54:42.449 ENTROPY: 12 0.825259174232481
14:54:42.449 RENYI: 12 0.738529477446153
14:54:42.449 INFO: Keeping 8 states in DM.
14:54:42.449 INFO: Discarded weight=-4.6750797677575e-16
14:54:42.459 INFO: ---------------------------------------------
14:54:42.459 INFO: New step sweeping the system
14:54:42.459 INFO: Left Site @ 11, right Site @ 12
14:54:42.510 INFO: Last Lanczos iteration 2
14:54:42.513 ENERGIES: 11 -8.91547112355573
14:54:42.513 INFO: Overlap with guess= 1
14:54:42.513 ENTROPY: 11 0.603180286556787
14:54:42.513 RENYI: 11 0.318415734308268
14:54:42.513 INFO: Keeping 16 states in DM.
14:54:42.514 INFO: Discarded weight=1.10913882245267e-16
14:54:42.522 INFO: ---------------------------------------------
14:54:42.522 INFO: New step sweeping the system
14:54:42.522 INFO: Left Site @ 10, right Site @ 11
14:54:42.587 INFO: Last Lanczos iteration 2
14:54:42.592 ENERGIES: 10 -8.91547112355573
14:54:42.592 INFO: Overlap with guess= 1
14:54:42.593 ENTROPY: 10 0.814647138671187
14:54:42.593 RENYI: 10 0.733758623511741
14:54:42.593 INFO: Keeping 32 states in DM.
14:54:42.593 INFO: Discarded weight=-2.36909768451548e-16
14:54:42.603 INFO: ---------------------------------------------
14:54:42.603 INFO: New step sweeping the system
14:54:42.603 INFO: Left Site @ 9, right Site @ 10
14:54:42.722 INFO: Last Lanczos iteration 2
14:54:42.731 ENERGIES: 9 -8.91547112355575
14:54:42.731 INFO: Overlap with guess= 0.999999999999999
14:54:42.732 ENTROPY: 9 0.651983789144166
14:54:42.732 RENYI: 9 0.358884991174965
14:54:42.732 INFO: Keeping 64 states in DM.
14:54:42.732 INFO: Discarded weight=1.62192887413114e-16
14:54:42.744 INFO: ---------------------------------------------
14:54:42.744 INFO: New step sweeping the system
14:54:42.744 INFO: Left Site @ 8, right Site @ 9
14:54:42.831 INFO: Last Lanczos iteration 2
14:54:42.840 ENERGIES: 8 -8.91547112355578
14:54:42.840 INFO: Overlap with guess= 0.999999999999998
14:54:42.842 ENTROPY: 8 0.82127725568974
14:54:42.842 RENYI: 8 0.736466024957553
14:54:42.842 INFO: Keeping 128 states in DM.
14:54:42.842 INFO: Discarded weight=-3.60804153663109e-16
14:54:42.856 INFO: ---------------------------------------------
14:54:42.856 INFO: New step sweeping the system
14:54:42.856 INFO: Left Site @ 7, right Site @ 8
14:54:42.952 INFO: Last Lanczos iteration 2
14:54:42.964 ENERGIES: 7 -8.91547112355578
14:54:42.964 INFO: Overlap with guess= 1
14:54:42.967 ENTROPY: 7 0.636505805898804
14:54:42.967 RENYI: 7 0.345099801092342
14:54:42.967 INFO: Keeping 255 states in DM.
14:54:42.967 INFO: Discarded weight=-1.68644596205393e-17
14:54:43.003 INFO: ---------------------------------------------
14:54:43.003 INFO: New step sweeping the system
14:54:43.003 INFO: Left Site @ 6, right Site @ 7
14:54:43.083 INFO: Last Lanczos iteration 2
14:54:43.092 ENERGIES: 6 -8.91547112355583
14:54:43.092 INFO: Overlap with guess= 0.999999999999998
14:54:43.101 ENTROPY: 6 0.821277256276718
14:54:43.101 RENYI: 6 0.73646602516133
14:54:43.102 INFO: Keeping 509 states in DM.
14:54:43.102 INFO: Discarded weight=-5.60859088237774e-16
14:54:43.211 INFO: ---------------------------------------------
14:54:43.211 INFO: New step sweeping the system
14:54:43.211 INFO: Left Site @ 5, right Site @ 6
14:54:43.309 INFO: Last Lanczos iteration 2
14:54:43.318 ENERGIES: 5 -8.91547112355583
14:54:43.318 INFO: Overlap with guess= 1
14:54:43.370 ENTROPY: 5 0.651983789733843
14:54:43.370 RENYI: 5 0.358884991456135
14:54:43.371 INFO: Keeping 634 states in DM.
14:54:43.371 INFO: Discarded weight=-2.37088027544111e-16
14:54:43.568 INFO: ---------------------------------------------
14:54:43.568 INFO: New step sweeping the system
14:54:43.568 INFO: Left Site @ 4, right Site @ 5
14:54:43.624 INFO: Last Lanczos iteration 2
14:54:43.630 ENERGIES: 4 -8.91547112355582
14:54:43.631 INFO: Overlap with guess= 1
14:54:43.726 ENTROPY: 4 0.814647139267042
14:54:43.726 RENYI: 4 0.733758623719009
14:54:43.727 INFO: Keeping 634 states in DM.
14:54:43.727 INFO: Discarded weight=-2.54458917744737e-16
14:54:43.929 INFO: ---------------------------------------------
14:54:43.929 INFO: New step sweeping the system
14:54:43.929 INFO: Left Site @ 3, right Site @ 4
14:54:43.968 INFO: Last Lanczos iteration 2
14:54:43.972 ENERGIES: 3 -8.91547112355583
14:54:43.972 INFO: Overlap with guess= 1
14:54:44.068 ENTROPY: 3 0.603180287198195
14:54:44.068 RENYI: 3 0.318415734669694
14:54:44.069 INFO: Keeping 634 states in DM.
14:54:44.069 INFO: Discarded weight=-2.05261989251711e-16
14:54:44.344 INFO: ---------------------------------------------
14:54:44.344 INFO: New step sweeping the system
14:54:44.344 INFO: Left Site @ 2, right Site @ 3
14:54:44.364 INFO: Last Lanczos iteration 2
14:54:44.367 ENERGIES: 2 -8.91547112355582
14:54:44.367 INFO: Overlap with guess= 1
14:54:44.481 ENTROPY: 2 0.825259174536538
14:54:44.481 RENYI: 2 0.73852947757091
14:54:44.482 INFO: Keeping 634 states in DM.
14:54:44.482 INFO: Discarded weight=-1.18219549712648e-15
14:54:44.723 INFO: ---------------------------------------------
14:54:44.723 INFO: New step sweeping the system
14:54:44.723 INFO: Left Site @ 1, right Site @ 2
14:54:44.737 INFO: Last Lanczos iteration 2
14:54:44.740 ENERGIES: 1 -8.91547112355582
14:54:44.740 INFO: Overlap with guess= 1
14:54:44.740 INFO: ---------------------------------------------
14:54:44.740 INFO: End of the half-sweep to the rl
14:54:44.740 INFO: ---------------------------------------------
14:54:44.740 INFO: Beginning of the half-sweep to the lr for sweep 2
14:54:44.743 INFO: ---------------------------------------------
14:54:44.743 INFO: New step sweeping the system
14:54:44.743 INFO: Left Site @ 1, right Site @ 2
14:54:44.757 INFO: Last Lanczos iteration 2
14:54:44.759 ENERGIES: 1 -8.91547112355582
14:54:44.759 INFO: Overlap with guess= 1
14:54:44.759 ENTROPY: 1 0.730453859693284
14:54:44.759 RENYI: 1 0.435056494301877
14:54:44.759 INFO: Keeping 4 states in DM.
14:54:44.759 INFO: Discarded weight=1.38777878078145e-16
14:54:44.767 INFO: ---------------------------------------------
14:54:44.767 INFO: New step sweeping the system
14:54:44.767 INFO: Left Site @ 2, right Site @ 3
14:54:44.788 INFO: Last Lanczos iteration 2
14:54:44.790 ENERGIES: 2 -8.91547112355582
14:54:44.790 INFO: Overlap with guess= 1
14:54:44.790 ENTROPY: 2 0.825259174536557
14:54:44.790 RENYI: 2 0.738529477570919
14:54:44.790 INFO: Keeping 8 states in DM.
14:54:44.791 INFO: Discarded weight=-2.15105711021124e-16
14:54:44.799 INFO: ---------------------------------------------
14:54:44.799 INFO: New step sweeping the system
14:54:44.799 INFO: Left Site @ 3, right Site @ 4
14:54:44.839 INFO: Last Lanczos iteration 2
14:54:44.843 ENERGIES: 3 -8.91547112355583
14:54:44.843 INFO: Overlap with guess= 1
14:54:44.843 ENTROPY: 3 0.603180287197514
14:54:44.843 RENYI: 3 0.318415734668807
14:54:44.843 INFO: Keeping 16 states in DM.
14:54:44.843 INFO: Discarded weight=3.20432563946302e-16
14:54:44.853 INFO: ---------------------------------------------
14:54:44.853 INFO: New step sweeping the system
14:54:44.854 INFO: Left Site @ 4, right Site @ 5
14:54:44.910 INFO: Last Lanczos iteration 2
14:54:44.915 ENERGIES: 4 -8.91547112355582
14:54:44.915 INFO: Overlap with guess= 1
14:54:44.916 ENTROPY: 4 0.814647139270885
14:54:44.916 RENYI: 4 0.733758623720394
14:54:44.916 INFO: Keeping 32 states in DM.
14:54:44.916 INFO: Discarded weight=3.54737795356795e-17
14:54:44.926 INFO: ---------------------------------------------
14:54:44.926 INFO: New step sweeping the system
14:54:44.926 INFO: Left Site @ 5, right Site @ 6
14:54:45.024 INFO: Last Lanczos iteration 2
14:54:45.033 ENERGIES: 5 -8.91547112355583
14:54:45.033 INFO: Overlap with guess= 1
14:54:45.034 ENTROPY: 5 0.651983789997941
14:54:45.034 RENYI: 5 0.358884991631373
14:54:45.034 INFO: Keeping 64 states in DM.
14:54:45.034 INFO: Discarded weight=-2.34576036060384e-16
14:54:45.045 INFO: ---------------------------------------------
14:54:45.045 INFO: New step sweeping the system
14:54:45.045 INFO: Left Site @ 6, right Site @ 7
14:54:45.125 INFO: Last Lanczos iteration 2
14:54:45.134 ENERGIES: 6 -8.91547112355583
14:54:45.134 INFO: Overlap with guess= 1
14:54:45.135 ENTROPY: 6 0.821277256577
14:54:45.135 RENYI: 6 0.736466025275262
14:54:45.135 INFO: Keeping 128 states in DM.
14:54:45.135 INFO: Discarded weight=-8.0136327265656e-16
14:54:45.151 INFO: ---------------------------------------------
14:54:45.151 INFO: New step sweeping the system
14:54:45.151 INFO: Left Site @ 7, right Site @ 8
14:54:45.248 INFO: Last Lanczos iteration 2
14:54:45.257 ENERGIES: 7 -8.91547112355582
14:54:45.257 INFO: Overlap with guess= 1
14:54:45.260 ENTROPY: 7 0.63650580644746
14:54:45.260 RENYI: 7 0.345099801430196
14:54:45.260 INFO: Keeping 256 states in DM.
14:54:45.260 INFO: Discarded weight=4.76717564681984e-16
14:54:45.291 INFO: ---------------------------------------------
14:54:45.291 INFO: New step sweeping the system
14:54:45.291 INFO: Left Site @ 8, right Site @ 9
14:54:45.380 INFO: Last Lanczos iteration 2
14:54:45.389 ENERGIES: 8 -8.91547112355583
14:54:45.389 INFO: Overlap with guess= 1
14:54:45.398 ENTROPY: 8 0.821277256578103
14:54:45.398 RENYI: 8 0.736466025275663
14:54:45.399 INFO: Keeping 510 states in DM.
14:54:45.399 INFO: Discarded weight=-2.12369262184031e-16
14:54:45.478 INFO: ---------------------------------------------
14:54:45.478 INFO: New step sweeping the system
14:54:45.478 INFO: Left Site @ 9, right Site @ 10
14:54:45.598 INFO: Last Lanczos iteration 2
14:54:45.608 ENERGIES: 9 -8.91547112355582
14:54:45.608 INFO: Overlap with guess= 1
14:54:45.666 ENTROPY: 9 0.651983789999056
14:54:45.666 RENYI: 9 0.358884991631932
14:54:45.667 INFO: Keeping 756 states in DM.
14:54:45.667 INFO: Discarded weight=-2.62972034191982e-16
14:54:45.915 INFO: ---------------------------------------------
14:54:45.915 INFO: New step sweeping the system
14:54:45.915 INFO: Left Site @ 10, right Site @ 11
14:54:46.011 INFO: Last Lanczos iteration 2
14:54:46.018 ENERGIES: 10 -8.91547112355582
14:54:46.018 INFO: Overlap with guess= 1
14:54:46.193 ENTROPY: 10 0.814647139271902
14:54:46.193 RENYI: 10 0.733758623720775
14:54:46.194 INFO: Keeping 756 states in DM.
14:54:46.194 INFO: Discarded weight=-3.04954874965157e-16
14:54:46.565 INFO: ---------------------------------------------
14:54:46.565 INFO: New step sweeping the system
14:54:46.565 INFO: Left Site @ 11, right Site @ 12
14:54:46.644 INFO: Last Lanczos iteration 2
14:54:46.649 ENERGIES: 11 -8.91547112355582
14:54:46.649 INFO: Overlap with guess= 1
14:54:46.830 ENTROPY: 11 0.603180287198554
14:54:46.830 RENYI: 11 0.318415734669472
14:54:46.831 INFO: Keeping 756 states in DM.
14:54:46.831 INFO: Discarded weight=-7.19288078338747e-16
14:54:47.218 INFO: ---------------------------------------------
14:54:47.218 INFO: New step sweeping the system
14:54:47.218 INFO: Left Site @ 12, right Site @ 13
14:54:47.263 INFO: Last Lanczos iteration 2
14:54:47.266 ENERGIES: 12 -8.91547112355583
14:54:47.267 INFO: Overlap with guess= 1
14:54:47.508 ENTROPY: 12 0.825259174536972
14:54:47.508 RENYI: 12 0.73852947757109
14:54:47.509 INFO: Keeping 756 states in DM.
14:54:47.509 INFO: Discarded weight=-5.89053382281511e-16
14:54:47.884 INFO: ---------------------------------------------
14:54:47.884 INFO: New step sweeping the system
14:54:47.884 INFO: Left Site @ 13, right Site @ 14
14:54:47.918 INFO: Last Lanczos iteration 2
14:54:47.920 ENERGIES: 13 -8.91547112355582
14:54:47.920 INFO: Overlap with guess= 1
14:54:47.920 INFO: ---------------------------------------------
14:54:47.920 INFO: End of the half-sweep to the lr
14:54:47.920 INFO: ---------------------------------------------
14:54:47.920 INFO: Beginning of the half-sweep to the rl for sweep 3
14:54:47.925 INFO: ---------------------------------------------
14:54:47.925 INFO: New step sweeping the system
14:54:47.925 INFO: Left Site @ 13, right Site @ 14
14:54:47.959 INFO: Last Lanczos iteration 2
14:54:47.962 ENERGIES: 13 -8.91547112355583
14:54:47.962 INFO: Overlap with guess= 1
14:54:47.962 ENTROPY: 13 0.730453859693357
14:54:47.962 RENYI: 13 0.435056494301942
14:54:47.962 INFO: Keeping 4 states in DM.
14:54:47.962 INFO: Discarded weight=-8.32667268468867e-17
14:54:47.973 INFO: ---------------------------------------------
14:54:47.973 INFO: New step sweeping the system
14:54:47.973 INFO: Left Site @ 12, right Site @ 13
14:54:48.018 INFO: Last Lanczos iteration 2
14:54:48.022 ENERGIES: 12 -8.91547112355582
14:54:48.022 INFO: Overlap with guess= 1
14:54:48.022 ENTROPY: 12 0.825259174536972
14:54:48.022 RENYI: 12 0.73852947757109
14:54:48.022 INFO: Keeping 8 states in DM.
14:54:48.022 INFO: Discarded weight=-6.24500451351651e-17
14:54:48.033 INFO: ---------------------------------------------
14:54:48.033 INFO: New step sweeping the system
14:54:48.033 INFO: Left Site @ 11, right Site @ 12
14:54:48.108 INFO: Last Lanczos iteration 2
14:54:48.113 ENERGIES: 11 -8.91547112355583
14:54:48.113 INFO: Overlap with guess= 1
14:54:48.113 ENTROPY: 11 0.603180287198555
14:54:48.113 RENYI: 11 0.318415734669474
14:54:48.113 INFO: Keeping 16 states in DM.
14:54:48.113 INFO: Discarded weight=3.60382025870604e-16
14:54:48.125 INFO: ---------------------------------------------
14:54:48.125 INFO: New step sweeping the system
14:54:48.125 INFO: Left Site @ 10, right Site @ 11
14:54:48.221 INFO: Last Lanczos iteration 2
14:54:48.228 ENERGIES: 10 -8.91547112355582
14:54:48.228 INFO: Overlap with guess= 1
14:54:48.229 ENTROPY: 10 0.814647139271909
14:54:48.229 RENYI: 10 0.733758623720777
14:54:48.229 INFO: Keeping 32 states in DM.
14:54:48.229 INFO: Discarded weight=-3.75910932355523e-16
14:54:48.240 INFO: ---------------------------------------------
14:54:48.240 INFO: New step sweeping the system
14:54:48.240 INFO: Left Site @ 9, right Site @ 10
14:54:48.361 INFO: Last Lanczos iteration 2
14:54:48.370 ENERGIES: 9 -8.91547112355582
14:54:48.370 INFO: Overlap with guess= 1
14:54:48.371 ENTROPY: 9 0.651983789999109
14:54:48.371 RENYI: 9 0.358884991631977
14:54:48.371 INFO: Keeping 64 states in DM.
14:54:48.371 INFO: Discarded weight=7.875563354125e-17
14:54:48.382 INFO: ---------------------------------------------
14:54:48.382 INFO: New step sweeping the system
14:54:48.382 INFO: Left Site @ 8, right Site @ 9
14:54:48.471 INFO: Last Lanczos iteration 2
14:54:48.480 ENERGIES: 8 -8.91547112355582
14:54:48.480 INFO: Overlap with guess= 1
14:54:48.481 ENTROPY: 8 0.821277256578259
14:54:48.481 RENYI: 8 0.736466025275727
14:54:48.482 INFO: Keeping 128 states in DM.
14:54:48.482 INFO: Discarded weight=-6.51733160034246e-16
14:54:48.496 INFO: ---------------------------------------------
14:54:48.496 INFO: New step sweeping the system
14:54:48.496 INFO: Left Site @ 7, right Site @ 8
14:54:48.594 INFO: Last Lanczos iteration 2
14:54:48.603 ENERGIES: 7 -8.91547112355581
14:54:48.603 INFO: Overlap with guess= 1
14:54:48.605 ENTROPY: 7 0.636505806449591
14:54:48.606 RENYI: 7 0.345099801431515
14:54:48.606 INFO: Keeping 256 states in DM.
14:54:48.606 INFO: Discarded weight=7.9715246084752e-17
14:54:48.637 INFO: ---------------------------------------------
14:54:48.637 INFO: New step sweeping the system
14:54:48.637 INFO: Left Site @ 6, right Site @ 7
14:54:48.718 INFO: Last Lanczos iteration 2
14:54:48.726 ENERGIES: 6 -8.91547112355582
14:54:48.726 INFO: Overlap with guess= 1
14:54:48.736 ENTROPY: 6 0.821277256578257
14:54:48.736 RENYI: 6 0.736466025275727
14:54:48.736 INFO: Keeping 510 states in DM.
14:54:48.736 INFO: Discarded weight=-3.72680735563757e-16
14:54:48.816 INFO: ---------------------------------------------
14:54:48.816 INFO: New step sweeping the system
14:54:48.816 INFO: Left Site @ 5, right Site @ 6
14:54:48.913 INFO: Last Lanczos iteration 2
14:54:48.922 ENERGIES: 5 -8.91547112355582
14:54:48.923 INFO: Overlap with guess= 1
14:54:48.977 ENTROPY: 5 0.651983789999119
14:54:48.977 RENYI: 5 0.358884991631977
14:54:48.978 INFO: Keeping 878 states in DM.
14:54:48.978 INFO: Discarded weight=-7.57216591042261e-16
14:54:49.304 INFO: ---------------------------------------------
14:54:49.304 INFO: New step sweeping the system
14:54:49.304 INFO: Left Site @ 4, right Site @ 5
14:54:49.398 INFO: Last Lanczos iteration 2
14:54:49.406 ENERGIES: 4 -8.91547112355582
14:54:49.406 INFO: Overlap with guess= 1
14:54:49.753 ENTROPY: 4 0.814647139271919
14:54:49.753 RENYI: 4 0.733758623720778
14:54:49.754 INFO: Keeping 878 states in DM.
14:54:49.754 INFO: Discarded weight=-1.0890639801564e-15
14:54:50.206 INFO: ---------------------------------------------
14:54:50.206 INFO: New step sweeping the system
14:54:50.206 INFO: Left Site @ 3, right Site @ 4
14:54:50.272 INFO: Last Lanczos iteration 2
14:54:50.277 ENERGIES: 3 -8.91547112355582
14:54:50.277 INFO: Overlap with guess= 1
14:54:50.553 ENTROPY: 3 0.603180287198555
14:54:50.553 RENYI: 3 0.318415734669473
14:54:50.554 INFO: Keeping 878 states in DM.
14:54:50.554 INFO: Discarded weight=-8.25996723460096e-16
14:54:51.057 INFO: ---------------------------------------------
14:54:51.057 INFO: New step sweeping the system
14:54:51.057 INFO: Left Site @ 2, right Site @ 3
14:54:51.088 INFO: Last Lanczos iteration 2
14:54:51.091 ENERGIES: 2 -8.91547112355583
14:54:51.091 INFO: Overlap with guess= 1
14:54:51.397 ENTROPY: 2 0.82525917453698
14:54:51.397 RENYI: 2 0.73852947757109
14:54:51.399 INFO: Keeping 878 states in DM.
14:54:51.399 INFO: Discarded weight=-1.25712347789381e-15
14:54:51.884 INFO: ---------------------------------------------
14:54:51.884 INFO: New step sweeping the system
14:54:51.884 INFO: Left Site @ 1, right Site @ 2
14:54:51.908 INFO: Last Lanczos iteration 2
14:54:51.910 ENERGIES: 1 -8.91547112355583
14:54:51.910 INFO: Overlap with guess= 1
14:54:51.910 INFO: ---------------------------------------------
14:54:51.910 INFO: End of the half-sweep to the rl
14:54:51.910 INFO: ---------------------------------------------
14:54:51.911 INFO: Beginning of the half-sweep to the lr for sweep 3
14:54:51.917 INFO: ---------------------------------------------
14:54:51.917 INFO: New step sweeping the system
14:54:51.917 INFO: Left Site @ 1, right Site @ 2
14:54:51.941 INFO: Last Lanczos iteration 2
14:54:51.943 ENERGIES: 1 -8.91547112355583
14:54:51.944 INFO: Overlap with guess= 1
14:54:51.944 ENTROPY: 1 0.730453859693358
14:54:51.944 RENYI: 1 0.435056494301944
14:54:51.944 INFO: Keeping 4 states in DM.
14:54:51.944 INFO: Discarded weight=-8.32667268468867e-17
14:54:51.955 INFO: ---------------------------------------------
14:54:51.955 INFO: New step sweeping the system
14:54:51.955 INFO: Left Site @ 2, right Site @ 3
14:54:51.986 INFO: Last Lanczos iteration 2
14:54:51.989 ENERGIES: 2 -8.91547112355583
14:54:51.989 INFO: Overlap with guess= 1
14:54:51.989 ENTROPY: 2 0.825259174536972
14:54:51.989 RENYI: 2 0.73852947757109
14:54:51.989 INFO: Keeping 8 states in DM.
14:54:51.989 INFO: Discarded weight=2.20743562318049e-16
14:54:52.002 INFO: ---------------------------------------------
14:54:52.002 INFO: New step sweeping the system
14:54:52.002 INFO: Left Site @ 3, right Site @ 4
14:54:52.060 INFO: Last Lanczos iteration 2
14:54:52.065 ENERGIES: 3 -8.91547112355582
14:54:52.065 INFO: Overlap with guess= 1
14:54:52.065 ENTROPY: 3 0.603180287198554
14:54:52.065 RENYI: 3 0.318415734669473
14:54:52.065 INFO: Keeping 16 states in DM.
14:54:52.065 INFO: Discarded weight=-1.1210989276679e-16
14:54:52.079 INFO: ---------------------------------------------
14:54:52.079 INFO: New step sweeping the system
14:54:52.079 INFO: Left Site @ 4, right Site @ 5
14:54:52.169 INFO: Last Lanczos iteration 2
14:54:52.184 ENERGIES: 4 -8.91547112355582
14:54:52.184 INFO: Overlap with guess= 1
14:54:52.185 ENTROPY: 4 0.814647139271909
14:54:52.185 RENYI: 4 0.733758623720777
14:54:52.185 INFO: Keeping 32 states in DM.
14:54:52.185 INFO: Discarded weight=-2.42365110618119e-17
14:54:52.203 INFO: ---------------------------------------------
14:54:52.203 INFO: New step sweeping the system
14:54:52.203 INFO: Left Site @ 5, right Site @ 6
14:54:52.304 INFO: Last Lanczos iteration 2
14:54:52.312 ENERGIES: 5 -8.91547112355582
14:54:52.312 INFO: Overlap with guess= 1
14:54:52.313 ENTROPY: 5 0.651983789999112
14:54:52.313 RENYI: 5 0.358884991631979
14:54:52.313 INFO: Keeping 64 states in DM.
14:54:52.313 INFO: Discarded weight=-9.49104669849962e-17
14:54:52.324 INFO: ---------------------------------------------
14:54:52.324 INFO: New step sweeping the system
14:54:52.324 INFO: Left Site @ 6, right Site @ 7
14:54:52.404 INFO: Last Lanczos iteration 2
14:54:52.413 ENERGIES: 6 -8.91547112355583
14:54:52.413 INFO: Overlap with guess= 1
14:54:52.415 ENTROPY: 6 0.821277256578258
14:54:52.415 RENYI: 6 0.736466025275727
14:54:52.415 INFO: Keeping 128 states in DM.
14:54:52.415 INFO: Discarded weight=-7.26058590345081e-16
14:54:52.451 INFO: ---------------------------------------------
14:54:52.451 INFO: New step sweeping the system
14:54:52.451 INFO: Left Site @ 7, right Site @ 8
14:54:52.563 INFO: Last Lanczos iteration 2
14:54:52.581 ENERGIES: 7 -8.91547112355581
14:54:52.581 INFO: Overlap with guess= 1
14:54:52.583 ENTROPY: 7 0.636505806449591
14:54:52.583 RENYI: 7 0.345099801431515
14:54:52.584 INFO: Keeping 256 states in DM.
14:54:52.584 INFO: Discarded weight=1.73356096868714e-16
14:54:52.614 INFO: ---------------------------------------------
14:54:52.614 INFO: New step sweeping the system
14:54:52.614 INFO: Left Site @ 8, right Site @ 9
14:54:52.703 INFO: Last Lanczos iteration 2
14:54:52.717 ENERGIES: 8 -8.91547112355582
14:54:52.717 INFO: Overlap with guess= 1
14:54:52.726 ENTROPY: 8 0.821277256578258
14:54:52.726 RENYI: 8 0.736466025275727
14:54:52.727 INFO: Keeping 510 states in DM.
14:54:52.727 INFO: Discarded weight=-8.16215361048598e-16
14:54:52.806 INFO: ---------------------------------------------
14:54:52.806 INFO: New step sweeping the system
14:54:52.806 INFO: Left Site @ 9, right Site @ 10
14:54:52.933 INFO: Last Lanczos iteration 2
14:54:52.942 ENERGIES: 9 -8.91547112355583
14:54:52.942 INFO: Overlap with guess= 1
14:54:52.997 ENTROPY: 9 0.651983789999111
14:54:52.997 RENYI: 9 0.358884991631978
14:54:52.998 INFO: Keeping 1000 states in DM.
14:54:52.998 INFO: Discarded weight=-6.11403402338349e-16
14:54:53.348 INFO: ---------------------------------------------
14:54:53.348 INFO: New step sweeping the system
14:54:53.348 INFO: Left Site @ 10, right Site @ 11
14:54:53.482 INFO: Last Lanczos iteration 2
14:54:53.491 ENERGIES: 10 -8.91547112355582
14:54:53.491 INFO: Overlap with guess= 1
14:54:54.009 ENTROPY: 10 0.814647139271909
14:54:54.009 RENYI: 10 0.733758623720777
14:54:54.010 INFO: Keeping 1000 states in DM.
14:54:54.010 INFO: Discarded weight=-6.20983713453807e-16
14:54:54.564 INFO: ---------------------------------------------
14:54:54.564 INFO: New step sweeping the system
14:54:54.564 INFO: Left Site @ 11, right Site @ 12
14:54:54.671 INFO: Last Lanczos iteration 2
14:54:54.676 ENERGIES: 11 -8.91547112355582
14:54:54.676 INFO: Overlap with guess= 1
14:54:55.152 ENTROPY: 11 0.603180287198554
14:54:55.152 RENYI: 11 0.318415734669472
14:54:55.154 INFO: Keeping 1000 states in DM.
14:54:55.154 INFO: Discarded weight=-1.06719964447053e-15
14:54:55.856 INFO: ---------------------------------------------
14:54:55.856 INFO: New step sweeping the system
14:54:55.856 INFO: Left Site @ 12, right Site @ 13
14:54:55.915 INFO: Last Lanczos iteration 2
14:54:55.919 ENERGIES: 12 -8.91547112355583
14:54:55.919 INFO: Overlap with guess= 1
14:54:56.408 ENTROPY: 12 0.825259174536982
14:54:56.408 RENYI: 12 0.738529477571088
14:54:56.410 INFO: Keeping 1000 states in DM.
14:54:56.410 INFO: Discarded weight=-1.43265005377899e-15
14:54:57.052 INFO: ---------------------------------------------
14:54:57.052 INFO: New step sweeping the system
14:54:57.052 INFO: Left Site @ 13, right Site @ 14
14:54:57.109 INFO: Last Lanczos iteration 2
14:54:57.118 ENERGIES: 13 -8.91547112355583
14:54:57.118 INFO: Overlap with guess= 1
14:54:57.118 INFO: ---------------------------------------------
14:54:57.118 INFO: End of the half-sweep to the lr
14:54:57.118 INFO: Setting final precision to 3.21429632089942e-17
14:54:57.118 INFO: ---------------------------------------------
14:54:57.118 INFO: Beginning of the half-sweep to the rl for sweep 4
14:54:57.126 INFO: ---------------------------------------------
14:54:57.126 INFO: New step sweeping the system
14:54:57.126 INFO: Left Site @ 13, right Site @ 14
14:54:57.173 INFO: Last Lanczos iteration 2
14:54:57.176 ENERGIES: 13 -8.91547112355583
14:54:57.176 INFO: Overlap with guess= 1
14:54:57.176 ENTROPY: 13 0.730453859693357
14:54:57.176 RENYI: 13 0.435056494301943
14:54:57.176 INFO: Keeping 4 states in DM.
14:54:57.176 INFO: Discarded weight=-2.77555756156289e-16
14:54:57.192 INFO: ---------------------------------------------
14:54:57.192 INFO: New step sweeping the system
14:54:57.192 INFO: Left Site @ 12, right Site @ 13
14:54:57.255 INFO: Last Lanczos iteration 2
14:54:57.259 ENERGIES: 12 -8.91547112355583
14:54:57.259 INFO: Overlap with guess= 1
14:54:57.259 ENTROPY: 12 0.825259174536971
14:54:57.259 RENYI: 12 0.73852947757109
14:54:57.259 INFO: Keeping 8 states in DM.
14:54:57.259 INFO: Discarded weight=-7.54604712049911e-17
14:54:57.274 INFO: ---------------------------------------------
14:54:57.274 INFO: New step sweeping the system
14:54:57.274 INFO: Left Site @ 11, right Site @ 12
14:54:57.380 INFO: Last Lanczos iteration 2
14:54:57.386 ENERGIES: 11 -8.91547112355583
14:54:57.386 INFO: Overlap with guess= 1
14:54:57.386 ENTROPY: 11 0.603180287198553
14:54:57.386 RENYI: 11 0.318415734669472
14:54:57.386 INFO: Keeping 16 states in DM.
14:54:57.386 INFO: Discarded weight=-9.54368962330365e-17
14:54:57.403 INFO: ---------------------------------------------
14:54:57.403 INFO: New step sweeping the system
14:54:57.403 INFO: Left Site @ 10, right Site @ 11
14:54:57.537 INFO: Last Lanczos iteration 2
14:54:57.546 ENERGIES: 10 -8.91547112355582
14:54:57.546 INFO: Overlap with guess= 1
14:54:57.546 ENTROPY: 10 0.814647139271909
14:54:57.546 RENYI: 10 0.733758623720778
14:54:57.546 INFO: Keeping 32 states in DM.
14:54:57.546 INFO: Discarded weight=5.17088732705925e-17
14:54:57.558 INFO: ---------------------------------------------
14:54:57.558 INFO: New step sweeping the system
14:54:57.558 INFO: Left Site @ 9, right Site @ 10
14:54:57.681 INFO: Last Lanczos iteration 2
14:54:57.690 ENERGIES: 9 -8.91547112355583
14:54:57.690 INFO: Overlap with guess= 1
14:54:57.691 ENTROPY: 9 0.651983789999111
14:54:57.691 RENYI: 9 0.358884991631979
14:54:57.691 INFO: Keeping 64 states in DM.
14:54:57.691 INFO: Discarded weight=1.19595701091844e-16
14:54:57.703 INFO: ---------------------------------------------
14:54:57.703 INFO: New step sweeping the system
14:54:57.703 INFO: Left Site @ 8, right Site @ 9
14:54:57.791 INFO: Last Lanczos iteration 2
14:54:57.800 ENERGIES: 8 -8.91547112355583
14:54:57.800 INFO: Overlap with guess= 1
14:54:57.801 ENTROPY: 8 0.821277256578259
14:54:57.801 RENYI: 8 0.736466025275727
14:54:57.801 INFO: Keeping 128 states in DM.
14:54:57.801 INFO: Discarded weight=-6.76160774538021e-16
14:54:57.816 INFO: ---------------------------------------------
14:54:57.816 INFO: New step sweeping the system
14:54:57.816 INFO: Left Site @ 7, right Site @ 8
14:54:57.913 INFO: Last Lanczos iteration 2
14:54:57.922 ENERGIES: 7 -8.91547112355582
14:54:57.922 INFO: Overlap with guess= 1
14:54:57.924 ENTROPY: 7 0.636505806449591
14:54:57.924 RENYI: 7 0.345099801431515
14:54:57.925 INFO: Keeping 256 states in DM.
14:54:57.925 INFO: Discarded weight=1.10889749886896e-16
14:54:57.957 INFO: ---------------------------------------------
14:54:57.957 INFO: New step sweeping the system
14:54:57.957 INFO: Left Site @ 6, right Site @ 7
14:54:58.037 INFO: Last Lanczos iteration 2
14:54:58.046 ENERGIES: 6 -8.91547112355582
14:54:58.046 INFO: Overlap with guess= 1
14:54:58.055 ENTROPY: 6 0.821277256578258
14:54:58.055 RENYI: 6 0.736466025275727
14:54:58.055 INFO: Keeping 510 states in DM.
14:54:58.055 INFO: Discarded weight=-4.19043203762688e-16
14:54:58.165 INFO: ---------------------------------------------
14:54:58.165 INFO: New step sweeping the system
14:54:58.165 INFO: Left Site @ 5, right Site @ 6
14:54:58.261 INFO: Last Lanczos iteration 2
14:54:58.270 ENERGIES: 5 -8.91547112355583
14:54:58.270 INFO: Overlap with guess= 1
14:54:58.324 ENTROPY: 5 0.651983789999111
14:54:58.324 RENYI: 5 0.358884991631977
14:54:58.325 INFO: Keeping 1000 states in DM.
14:54:58.325 INFO: Discarded weight=-6.76893190649346e-16
14:54:58.676 INFO: ---------------------------------------------
14:54:58.676 INFO: New step sweeping the system
14:54:58.676 INFO: Left Site @ 4, right Site @ 5
14:54:58.773 INFO: Last Lanczos iteration 2
14:54:58.782 ENERGIES: 4 -8.91547112355583
14:54:58.782 INFO: Overlap with guess= 1
14:54:59.306 ENTROPY: 4 0.814647139271908
14:54:59.306 RENYI: 4 0.733758623720776
14:54:59.308 INFO: Keeping 1000 states in DM.
14:54:59.308 INFO: Discarded weight=-1.01312250716693e-15
14:54:59.846 INFO: ---------------------------------------------
14:54:59.846 INFO: New step sweeping the system
14:54:59.846 INFO: Left Site @ 3, right Site @ 4
14:54:59.916 INFO: Last Lanczos iteration 2
14:54:59.921 ENERGIES: 3 -8.91547112355583
14:54:59.921 INFO: Overlap with guess= 1
14:55:00.371 ENTROPY: 3 0.603180287198563
14:55:00.371 RENYI: 3 0.318415734669472
14:55:00.372 INFO: Keeping 1000 states in DM.
14:55:00.372 INFO: Discarded weight=-7.8842407379707e-16
14:55:01.086 INFO: ---------------------------------------------
14:55:01.086 INFO: New step sweeping the system
14:55:01.086 INFO: Left Site @ 2, right Site @ 3
14:55:01.124 INFO: Last Lanczos iteration 2
14:55:01.127 ENERGIES: 2 -8.91547112355583
14:55:01.127 INFO: Overlap with guess= 1
14:55:01.728 ENTROPY: 2 0.825259174536971
14:55:01.728 RENYI: 2 0.738529477571089
14:55:01.729 INFO: Keeping 1000 states in DM.
14:55:01.729 INFO: Discarded weight=-1.04912140217026e-15
14:55:02.443 INFO: ---------------------------------------------
14:55:02.443 INFO: New step sweeping the system
14:55:02.443 INFO: Left Site @ 1, right Site @ 2
14:55:02.475 INFO: Last Lanczos iteration 2
14:55:02.478 ENERGIES: 1 -8.91547112355583
14:55:02.478 INFO: Overlap with guess= 1
14:55:02.478 INFO: ---------------------------------------------
14:55:02.478 INFO: End of the half-sweep to the rl
14:55:02.478 INFO: ---------------------------------------------
14:55:02.478 INFO: Beginning of the half-sweep to the lr for sweep 4
14:55:02.486 INFO: ---------------------------------------------
14:55:02.486 INFO: New step sweeping the system
14:55:02.486 INFO: Left Site @ 1, right Site @ 2
14:55:02.519 INFO: Last Lanczos iteration 2
14:55:02.522 ENERGIES: 1 -8.91547112355583
14:55:02.522 INFO: Overlap with guess= 1
14:55:02.522 ENTROPY: 1 0.730453859693358
14:55:02.522 RENYI: 1 0.435056494301944
14:55:02.522 INFO: Keeping 4 states in DM.
14:55:02.522 INFO: Discarded weight=-2.91433543964104e-16
14:55:02.537 INFO: ---------------------------------------------
14:55:02.537 INFO: New step sweeping the system
14:55:02.537 INFO: Left Site @ 2, right Site @ 3
14:55:02.576 INFO: Last Lanczos iteration 2
14:55:02.579 ENERGIES: 2 -8.91547112355583
14:55:02.579 INFO: Overlap with guess= 1
14:55:02.580 ENTROPY: 2 0.825259174536971
14:55:02.580 RENYI: 2 0.738529477571089
14:55:02.580 INFO: Keeping 8 states in DM.
14:55:02.580 INFO: Discarded weight=-2.27248775352962e-16
14:55:02.594 INFO: ---------------------------------------------
14:55:02.594 INFO: New step sweeping the system
14:55:02.594 INFO: Left Site @ 3, right Site @ 4
14:55:02.665 INFO: Last Lanczos iteration 2
14:55:02.672 ENERGIES: 3 -8.91547112355583
14:55:02.672 INFO: Overlap with guess= 1
14:55:02.672 ENTROPY: 3 0.603180287198555
14:55:02.672 RENYI: 3 0.318415734669473
14:55:02.672 INFO: Keeping 16 states in DM.
14:55:02.672 INFO: Discarded weight=-1.89413507665007e-16
14:55:02.689 INFO: ---------------------------------------------
14:55:02.689 INFO: New step sweeping the system
14:55:02.689 INFO: Left Site @ 4, right Site @ 5
14:55:02.787 INFO: Last Lanczos iteration 2
14:55:02.795 ENERGIES: 4 -8.91547112355583
14:55:02.795 INFO: Overlap with guess= 1
14:55:02.796 ENTROPY: 4 0.814647139271908
14:55:02.796 RENYI: 4 0.733758623720777
14:55:02.796 INFO: Keeping 32 states in DM.
14:55:02.796 INFO: Discarded weight=-2.69220859311078e-16
14:55:02.808 INFO: ---------------------------------------------
14:55:02.808 INFO: New step sweeping the system
14:55:02.808 INFO: Left Site @ 5, right Site @ 6
14:55:02.906 INFO: Last Lanczos iteration 2
14:55:02.915 ENERGIES: 5 -8.91547112355582
14:55:02.915 INFO: Overlap with guess= 1
14:55:02.916 ENTROPY: 5 0.651983789999109
14:55:02.916 RENYI: 5 0.358884991631976
14:55:02.916 INFO: Keeping 64 states in DM.
14:55:02.916 INFO: Discarded weight=-5.24288651895181e-16
14:55:02.926 INFO: ---------------------------------------------
14:55:02.926 INFO: New step sweeping the system
14:55:02.926 INFO: Left Site @ 6, right Site @ 7
14:55:03.007 INFO: Last Lanczos iteration 2
14:55:03.016 ENERGIES: 6 -8.91547112355583
14:55:03.016 INFO: Overlap with guess= 1
14:55:03.017 ENTROPY: 6 0.821277256578259
14:55:03.017 RENYI: 6 0.736466025275727
14:55:03.017 INFO: Keeping 128 states in DM.
14:55:03.017 INFO: Discarded weight=-6.79143200921112e-16
14:55:03.031 INFO: ---------------------------------------------
14:55:03.031 INFO: New step sweeping the system
14:55:03.031 INFO: Left Site @ 7, right Site @ 8
14:55:03.129 INFO: Last Lanczos iteration 2
14:55:03.142 ENERGIES: 7 -8.91547112355582
14:55:03.142 INFO: Overlap with guess= 1
14:55:03.149 INFO: ---------------------------------------------
14:55:03.149 INFO: End of the half-sweep to the lr
14:55:03.152 INFO: ---------------------------------------------
14:55:03.152 WARNING: Discarded weight > stdDev !
14:55:03.152 INFO: Energy stats using the 10 central sites
14:55:03.152 INFO: Ground state energy=-8.91547112355583
14:55:03.152 INFO: Relative errors=-9.20215353804701e-31 (stat.) +-6.79143200921112e-16 (trunc.) +3.6053017012268e-18 (prec.)
14:55:03.152 INFO: Absolute error=6.05496691308742e-15
14:55:03.152 INFO: ---------------------------------------------