
weighting by <swap_x> where x = 17
11 x 40 x 1 system
r   = 3  bondops changed per step 
n/N = 80  bond operators / site
its = 1000000  iterations/loop for 100000 loops

energy = -109.2859902
energy/site = -0.1241886252
44.8762% accepted

energy = -2678.329174
energy/site = -3.04355588
43.8937% accepted

energy = -6.046458623
energy/site = -0.006870975707
43.7852% accepted

energy = -0.4081980323
energy/site = -0.0004638614004
43.8528% accepted

energy = -1.265024384
energy/site = -0.001437527709
43.7221% accepted

energy = -3.496974092
energy/site = -0.003973834196
43.8114% accepted

energy = -9.759450793
energy/site = -0.01109028499
43.8833% accepted

energy = -4.274146874
energy/site = -0.004856985084
43.8931% accepted

energy = -270.7342597
energy/site = -0.3076525679
43.8847% accepted

energy = -9.835849051
energy/site = -0.01117710119
43.8233% accepted

energy = -4.475312703
energy/site = -0.005085582617
44.0135% accepted

energy = -1.406878633
energy/site = -0.00159872572
43.7286% accepted

energy = -0.7246251812
energy/site = -0.000823437706
43.8142% accepted

energy = -22.38862315
energy/site = -0.02544161722
43.7779% accepted

energy = -44.81309583
energy/site = -0.05092397253
43.8145% accepted

energy = -174.2073258
energy/site = -0.1979628702
43.7716% accepted

energy = -0.9232395777
energy/site = -0.001049135884
43.9324% accepted

energy = -55.52230631
energy/site = -0.0630935299
43.8365% accepted

energy = -44.85057694
energy/site = -0.05096656471
43.8175% accepted

energy = -124.6457778
energy/site = -0.1416429293
43.8259% accepted

energy = -1.696965462
energy/site = -0.001928369844
43.7638% accepted

energy = -342.2579135
energy/site = -0.3889294471
43.8904% accepted

energy = -0.8435180934
energy/site = -0.0009585432879
43.7619% accepted

energy = -9.250892273
energy/site = -0.01051237758
43.976% accepted

energy = -0.06306597658
energy/site = -7.166588248e-05
43.7752% accepted

energy = -38.02658462
energy/site = -0.04321202798
43.904% accepted

energy = -0.6098973195
energy/site = -0.0006930651357
43.7956% accepted

energy = -7.823924032
energy/site = -0.008890822763
43.8726% accepted

energy = -66.14584425
energy/site = -0.0751657321
43.9601% accepted

energy = -382.93261
energy/site = -0.4351506932
43.8564% accepted

energy = -4.15005972
energy/site = -0.004715976954
43.837% accepted

energy = -676.670006
energy/site = -0.7689431886
43.826% accepted

energy = -2.805797123
energy/site = -0.003188405821
43.8636% accepted

energy = -158.0755553
energy/site = -0.1796313128
43.7809% accepted

energy = -145.4929642
energy/site = -0.1653329139
43.7218% accepted

energy = -19.23738798
energy/site = -0.02186066816
43.8547% accepted

energy = -0.733511346
energy/site = -0.0008335356205
43.8007% accepted

energy = -14.99992928
energy/site = -0.01704537418
43.7075% accepted

energy = -18.89044482
energy/site = -0.02146641457
44.0097% accepted

energy = -9.1920081
energy/site = -0.01044546375
43.677% accepted

energy = -44.92119274
energy/site = -0.05104680994
43.7374% accepted

energy = -2.140824987
energy/site = -0.002432755667
43.8948% accepted

energy = -1.868296568
energy/site = -0.002123064282
43.9664% accepted

energy = -8.110732085
energy/site = -0.009216741006
43.7933% accepted

energy = -5.551749571
energy/site = -0.006308806331
43.8309% accepted

energy = -2.107375332
energy/site = -0.002394744696
43.8491% accepted

energy = -1.673785488
energy/site = -0.001902028964
43.7435% accepted

energy = -7.613819167
energy/site = -0.008652067235
43.8238% accepted

energy = -2.540029469
energy/site = -0.002886397123
43.8559% accepted

energy = -2.831079016
energy/site = -0.003217135246
43.8895% accepted

energy = -0.1342684378
energy/site = -0.0001525777703
43.8606% accepted

energy = -0.04518826291
energy/site = -5.135029876e-05
43.8799% accepted

energy = -0.5307588707
energy/site = -0.0006031350804
43.8899% accepted

energy = -37.26731211
energy/site = -0.0423492183
43.8238% accepted

energy = -7.01841985
energy/site = -0.007975477102
43.8687% accepted

energy = -0.2319019905
energy/site = -0.0002635249892
43.6644% accepted

energy = -50.39602236
energy/site = -0.05726820723
43.8006% accepted

energy = -2529.611309
energy/site = -2.874558306
43.9095% accepted

energy = -0.08178737328
energy/site = -9.294019691e-05
43.8347% accepted

energy = -4.685307979
energy/site = -0.005324213612
43.6603% accepted

energy = -1.657421181
energy/site = -0.00188343316
43.8216% accepted

energy = -4.414756965
energy/site = -0.005016769278
43.665% accepted

energy = -10.20270768
energy/site = -0.011593986
43.8755% accepted

energy = -76491.88943
energy/site = -86.92260162
43.9816% accepted

energy = -0.07861557022
energy/site = -8.933587526e-05
44.1194% accepted

energy = -256.2161521
energy/site = -0.2911547183
43.8812% accepted

energy = -0.08815325756
energy/site = -0.0001001741563
43.7631% accepted

energy = -0.1842013071
energy/site = -0.0002093196671
43.9029% accepted

energy = -0.9127744947
energy/site = -0.001037243744
43.9468% accepted

energy = -0.3980325712
energy/site = -0.00045230974
43.7711% accepted

energy = -0.156623655
energy/site = -0.0001779814261
43.7926% accepted

energy = -0.3091568227
energy/site = -0.0003513145712
43.8239% accepted

energy = -4.765406767
energy/site = -0.005415234962
43.8438% accepted

energy = -3.696665471
energy/site = -0.004200756217
43.9357% accepted

energy = -2.295296775
energy/site = -0.002608291789
43.9068% accepted

energy = -0.584247717
energy/site = -0.0006639178602
43.8742% accepted

energy = -172.9106999
energy/site = -0.1964894317
43.7487% accepted

energy = -0.6560198265
energy/site = -0.0007454770756
43.6288% accepted

energy = -4.950804042
energy/site = -0.005625913684
43.9728% accepted

energy = -9821.413943
energy/site = -11.16069766
43.9037% accepted

energy = -0.11165169
energy/site = -0.0001268769204
43.8476% accepted

energy = -2.938083911
energy/site = -0.003338731717
43.9186% accepted

energy = -2514.67453
energy/site = -2.857584693
43.7657% accepted

energy = -1.781634147
energy/site = -0.002024584258
43.9394% accepted

energy = -4.878929804
energy/site = -0.005544238414
43.8336% accepted

energy = -0.5279786772
energy/site = -0.0005999757695
43.8547% accepted

energy = -322.7714513
energy/site = -0.3667857401
43.8889% accepted

energy = -788.0566686
energy/site = -0.8955189416
44.0677% accepted

energy = -152.0353747
energy/site = -0.1727674712
43.9172% accepted

energy = -17.55873939
energy/site = -0.01995311294
43.7934% accepted

energy = -9.505178267
energy/site = -0.01080133894
43.8838% accepted

energy = -17.5488567
energy/site = -0.01994188262
43.8725% accepted

energy = -0.2217676382
energy/site = -0.0002520086797
43.888% accepted

energy = -4.330763705
energy/site = -0.004921322392
44.0035% accepted

energy = -8.200472043
energy/site = -0.009318718231
43.8899% accepted

energy = -2.666748897
energy/site = -0.003030396474
43.6523% accepted

energy = -3.872506903
energy/site = -0.004400576026
43.8087% accepted

energy = -1.361822437
energy/site = -0.001547525497
43.8936% accepted

energy = -118.0286469
energy/site = -0.1341234624
43.8042% accepted

energy = -7.474183512
energy/site = -0.008493390355
43.8355% accepted

energy = -122.8385901
energy/site = -0.1395893069
43.9111% accepted

energy = -2.599134702
energy/site = -0.002953562162
43.8185% accepted

energy = -19.5836486
energy/site = -0.02225414614
43.7164% accepted

energy = -70.45445875
energy/site = -0.08006188494
43.9787% accepted

energy = -5.603873087
energy/site = -0.006368037599
43.9188% accepted

energy = -3019.303428
energy/site = -3.431026623
43.864% accepted

energy = -3.276444323
energy/site = -0.003723232186
43.7621% accepted

energy = -0.3061530472
energy/site = -0.00034790119
43.713% accepted

energy = -1.163843977
energy/site = -0.001322549974
43.9367% accepted

energy = -0.5376364709
energy/site = -0.0006109505351
43.8149% accepted

energy = -31.4829244
energy/site = -0.03577605046
43.9012% accepted

energy = -74.01986063
energy/site = -0.08411347799
43.7828% accepted

energy = -12.08560881
energy/site = -0.01373364638
43.8114% accepted

energy = -22.82513071
energy/site = -0.02593764854
43.8067% accepted

energy = -0.5145603616
energy/site = -0.0005847276836
43.8449% accepted

energy = -40.62415867
energy/site = -0.04616381667
43.9572% accepted

energy = -0.5387358128
energy/site = -0.0006121997872
43.9379% accepted

energy = -18.27436232
energy/site = -0.02076632082
43.8061% accepted

energy = -30.85499331
energy/site = -0.0350624924
43.9517% accepted

energy = -16.30042796
energy/site = -0.01852321359
43.8364% accepted

energy = -24.03906979
energy/site = -0.02731712476
43.9688% accepted

energy = -19.84462383
energy/site = -0.0225507089
43.8411% accepted

energy = -0.7483599261
energy/site = -0.0008504090069
43.8177% accepted

energy = -874.047446
energy/site = -0.9932357341
43.83% accepted

energy = -16.03004509
energy/site = -0.01821596033
43.7999% accepted

energy = -2.819645101
energy/site = -0.00320414216
43.9063% accepted

energy = -25.61988089
energy/site = -0.02911350101
43.9453% accepted

energy = -10.6051039
energy/site = -0.01205125443
43.7984% accepted

energy = -1.586625278
energy/site = -0.001802983271
43.9137% accepted

energy = -0.838323174
energy/site = -0.0009526399705
43.8956% accepted

energy = -180.9880323
energy/site = -0.2056682186
44.0239% accepted

energy = -15.60332857
energy/site = -0.0177310552
43.8744% accepted

energy = -171.3409774
energy/site = -0.1947056562
43.9165% accepted

energy = -6.638716119
energy/site = -0.00754399559
43.8925% accepted

energy = -5.053037148
energy/site = -0.005742087668
43.6888% accepted

energy = -188.9288936
energy/site = -0.2146919245
43.7543% accepted

energy = -1.295840556
energy/site = -0.001472546086
44.0127% accepted

energy = -2.840847668
energy/site = -0.003228235987
43.8369% accepted

energy = -0.9029178343
energy/site = -0.001026042994
43.9708% accepted

energy = -3.64286684
energy/site = -0.004139621409
43.8573% accepted

energy = -12.66163369
energy/site = -0.0143882201
43.9416% accepted

energy = -6.142575394
energy/site = -0.006980199312
43.7701% accepted

energy = -0.4078911844
energy/site = -0.0004635127095
43.8258% accepted

energy = -11.90559498
energy/site = -0.01352908521
43.7065% accepted

energy = -6.892125684
energy/site = -0.007831961005
43.8302% accepted

energy = -0.6489890496
energy/site = -0.0007374875563
43.9015% accepted

energy = -0.04635997544
energy/site = -5.268179028e-05
43.8116% accepted

energy = -46.17817618
energy/site = -0.05247520021
43.8661% accepted

energy = -7.331606981
energy/site = -0.008331371569
43.7975% accepted

energy = -0.3506461854
energy/site = -0.0003984615743
43.9933% accepted

energy = -0.7485685573
energy/site = -0.0008506460878
43.8815% accepted

energy = -16.93989722
energy/site = -0.0192498832
43.8343% accepted

energy = -0.9621948552
energy/site = -0.001093403244
43.8721% accepted

energy = -0.1856679734
energy/site = -0.0002109863334
43.9037% accepted

energy = -22.90325182
energy/site = -0.02602642252
43.8583% accepted

energy = -0.7204547497
energy/site = -0.0008186985792
43.8259% accepted

energy = -19.45780759
energy/site = -0.02211114499
43.9807% accepted

energy = -4.93396431
energy/site = -0.005606777625
43.8898% accepted

energy = -41.9996075
energy/site = -0.04772682671
43.7942% accepted

energy = -20.0693887
energy/site = -0.02280612353
43.8971% accepted

energy = -14.13411975
energy/site = -0.01606149971
43.9853% accepted

energy = -14.06987875
energy/site = -0.01598849858
43.9046% accepted

energy = -0.3734781168
energy/site = -0.0004244069509
43.8396% accepted

energy = -398.5633071
energy/site = -0.452912849
43.8586% accepted

energy = -1.350567993
energy/site = -0.001534736356
43.9378% accepted

energy = -10.32344247
energy/site = -0.01173118462
43.7335% accepted

energy = -664.0344355
energy/site = -0.7545845858
43.8299% accepted

energy = -12.67003393
energy/site = -0.01439776583
43.8868% accepted

energy = -3074.531947
energy/site = -3.493786303
43.945% accepted

energy = -0.5072919032
energy/site = -0.0005764680718
43.8286% accepted

energy = -5.029572189
energy/site = -0.005715422942
43.8793% accepted

energy = -3.114129903
energy/site = -0.00353878398
43.9213% accepted

energy = -11148.13793
energy/site = -12.66833855
43.8619% accepted

energy = -5.918399065
energy/site = -0.006725453483
43.9079% accepted

energy = -19.44546086
energy/site = -0.02209711462
43.838% accepted

energy = -96.54407439
energy/site = -0.1097091754
43.8216% accepted

energy = -0.4366403119
energy/site = -0.0004961821726
43.969% accepted

energy = -6.794659832
energy/site = -0.007721204355
43.9408% accepted

energy = -1.075449538
energy/site = -0.001222101747
43.8118% accepted

energy = -0.3307167764
energy/site = -0.0003758145186
43.7898% accepted

energy = -0.4817959453
energy/site = -0.0005474953924
43.6798% accepted

energy = -8.10755938
energy/site = -0.00921313566
43.7166% accepted

energy = -0.05476469788
energy/site = -6.223261122e-05
43.8914% accepted

energy = -3.310011481
energy/site = -0.003761376683
43.841% accepted

energy = -283.4044562
energy/site = -0.3220505184
43.7762% accepted

energy = -3.806452771
energy/site = -0.004325514513
43.9212% accepted

energy = -1.099803102
energy/site = -0.001249776252
43.8468% accepted

energy = -425.8148999
energy/site = -0.4838805681
43.9017% accepted

energy = -99.61450254
energy/site = -0.1131982983
43.8021% accepted

energy = -5.652488585
energy/site = -0.006423282482
43.7054% accepted

energy = -7.419204209
energy/site = -0.008430913874
43.7493% accepted

energy = -0.4747951259
energy/site = -0.0005395399158
43.939% accepted

energy = -1.098352767
energy/site = -0.001248128145
43.928% accepted

energy = -2.724818214
energy/site = -0.003096384334
43.8932% accepted

energy = -59.41539959
energy/site = -0.06751749953
43.9054% accepted

energy = -53.42331118
energy/site = -0.06070830816
43.9244% accepted

energy = -2.470891422
energy/site = -0.002807831162
43.8721% accepted

energy = -22.9906908
energy/site = -0.026125785
43.805% accepted

energy = -1.361177378
energy/site = -0.001546792475
43.8659% accepted

energy = -18.83455355
energy/site = -0.02140290176
43.8714% accepted

energy = -2.500274618
energy/site = -0.002841221157
43.9731% accepted

energy = -0.02950014923
energy/site = -3.352289685e-05
43.7702% accepted

energy = -365.7809355
energy/site = -0.4156601539
43.9749% accepted

energy = -0.2451363872
energy/site = -0.0002785640763
43.9944% accepted

energy = -4.001834848
energy/site = -0.004547539601
43.9152% accepted

energy = -1.397602051
energy/site = -0.001588184149
43.8591% accepted

energy = -1.800964551
energy/site = -0.002046550626
43.8776% accepted

energy = -4.873324738
energy/site = -0.005537869021
43.9865% accepted

energy = -174.7547881
energy/site = -0.1985849865
44.0231% accepted

energy = -35.99688773
energy/site = -0.04090555424
43.8674% accepted

energy = -14.53398295
energy/site = -0.01651588972
43.7059% accepted

energy = -12.31444181
energy/site = -0.01399368388
43.8377% accepted

energy = -759.9843859
energy/site = -0.8636186204
43.8241% accepted

energy = -1.218611527
energy/site = -0.001384785826
43.8852% accepted

energy = -0.03947147281
energy/site = -4.485394637e-05
43.855% accepted

energy = -898.1182911
energy/site = -1.020588967
43.9281% accepted

energy = -27.03649617
energy/site = -0.0307232911
43.8902% accepted

energy = -0.4266849679
energy/site = -0.0004848692817
43.7596% accepted

energy = -1.297152513
energy/site = -0.001474036947
43.9088% accepted

energy = -7404.825739
energy/site = -8.414574703
43.9381% accepted

energy = -0.2347824391
energy/site = -0.0002667982263
43.9745% accepted

energy = -0.9734122942
energy/site = -0.001106150334
43.832% accepted

energy = -0.02889498841
energy/site = -3.28352141e-05
43.8823% accepted

energy = -2360.049227
energy/site = -2.681874121
43.9367% accepted

energy = -0.2992680656
energy/site = -0.0003400773473
43.9039% accepted

User defined signal 2

------------------------------------------------------------
Sender: LSF System <lsfadmin@wha671>
Subject: Job 3908585: <./torus17> Exited

Job <./torus17> was submitted from host <wha780> by user <akallin>.
Job was executed on host(s) <wha671>, in queue <serial>, as user <akallin>.
</home/akallin> was used as the home directory.
</work/akallin/TORUS/OBC/11leg/17> was used as the working directory.
Started at Sat Jun 26 17:02:21 2010
Results reported at Sat Jul  3 16:40:20 2010

Your job looked like:

------------------------------------------------------------
# LSBATCH: User input
./torus17
------------------------------------------------------------

TERM_RUNLIMIT: job killed after reaching LSF run time limit.
Exited with exit code 140.

Resource usage summary:

    CPU time   : 413335.00 sec.
    Max Memory :         6 MB
    Max Swap   :       122 MB

    Max Processes  :         4
    Max Threads    :         4

The output (if any) is above this job summary.


weighting by <swap_x> where x = 17
11 x 40 x 1 system
r   = 3  bondops changed per step 
n/N = 80  bond operators / site
its = 1000000  iterations/loop for 100000 loops

energy = -197.836294
energy/site = -0.2248139705
43.8978% accepted

energy = -2.983982313
energy/site = -0.003390888992
43.7859% accepted

energy = -16.59910621
energy/site = -0.0188626207
43.9606% accepted

energy = -1.105586223
energy/site = -0.00125634798
43.8317% accepted

energy = -1.127026469
energy/site = -0.001280711896
43.9542% accepted

energy = -2.109994726
energy/site = -0.002397721279
43.9007% accepted

energy = -2.813082738
energy/site = -0.00319668493
43.8356% accepted

energy = -1.730033936
energy/site = -0.001965947654
43.8464% accepted

energy = -1.504068541
energy/site = -0.001709168796
43.846% accepted

energy = -0.1455399697
energy/site = -0.0001653863292
43.7416% accepted

energy = -673.4186931
energy/site = -0.7652485149
43.9595% accepted

energy = -70.68809523
energy/site = -0.08032738095
43.9393% accepted

energy = -6.793769645
energy/site = -0.007720192778
43.7892% accepted

energy = -0.2878322945
energy/site = -0.0003270821529
43.9936% accepted

energy = -0.6050097618
energy/site = -0.000687511093
43.8145% accepted

energy = -7.777999641
energy/site = -0.008838635956
44.0292% accepted

energy = -0.5415276563
energy/site = -0.0006153723367
43.9023% accepted

energy = -0.1278708559
energy/site = -0.0001453077908
43.9214% accepted

energy = -1.801524282
energy/site = -0.002047186684
43.8069% accepted

energy = -3.661647268
energy/site = -0.004160962805
43.8917% accepted

energy = -23.9574531
energy/site = -0.02722437852
43.7684% accepted

energy = -0.2915977812
energy/site = -0.000331361115
43.856% accepted

energy = -7.931518875
energy/site = -0.009013089631
43.7883% accepted

energy = -0.5469082838
energy/site = -0.0006214866862
43.8555% accepted

energy = -45.94701035
energy/site = -0.05221251177
43.9213% accepted

energy = -2.89649459
energy/site = -0.003291471125
43.7889% accepted

energy = -477.6995087
energy/site = -0.5428403508
43.9026% accepted

energy = -1.020038404
energy/site = -0.00115913455
43.7498% accepted

energy = -7.670909983
energy/site = -0.008716943162
44.0122% accepted

energy = -37.78512163
energy/site = -0.04293763821
43.9645% accepted

energy = -16.28092988
energy/site = -0.01850105668
43.9173% accepted

energy = -0.7698665274
energy/site = -0.0008748483265
43.8452% accepted

energy = -2.382294074
energy/site = -0.002707152357
44.0075% accepted

energy = -183.7508073
energy/site = -0.2088077356
43.636% accepted

energy = -0.5985855186
energy/site = -0.0006802108166
43.9167% accepted

energy = -731.5367468
energy/site = -0.8312917578
43.8377% accepted

energy = -0.08507942346
energy/site = -9.668116302e-05
43.8197% accepted

energy = -110.0043423
energy/site = -0.1250049344
43.9025% accepted

energy = -2.720939905
energy/site = -0.003091977165
43.8198% accepted

energy = -5.410335897
energy/site = -0.006148108973
43.9362% accepted

energy = -2.872178073
energy/site = -0.00326383872
43.8512% accepted

energy = -0.2088086541
energy/site = -0.0002372825615
43.7447% accepted

energy = -99.37122366
energy/site = -0.1129218451
43.9108% accepted

energy = -62.54565636
energy/site = -0.0710746095
43.8583% accepted

energy = -0.7553966994
energy/site = -0.0008584053402
43.8507% accepted

energy = -7.148851066
energy/site = -0.008123694393
43.7951% accepted

energy = -176.6260088
energy/site = -0.2007113736
43.7961% accepted

energy = -14.87125827
energy/site = -0.01689915713
43.8084% accepted

energy = -83.92337628
energy/site = -0.09536747304
43.8244% accepted

energy = -3.860934801
energy/site = -0.00438742591
43.7786% accepted

energy = -7.478527601
energy/site = -0.008498326819
43.9718% accepted

energy = -7.815676978
energy/site = -0.008881451111
43.9255% accepted

energy = -1.112423032
energy/site = -0.001264117082
43.7877% accepted

energy = -54.23477687
energy/site = -0.06163042826
44.008% accepted

energy = -0.5601106715
energy/site = -0.0006364893994
43.865% accepted

energy = -627.1122276
energy/site = -0.7126275314
43.9056% accepted

energy = -6.586194056
energy/site = -0.007484311427
43.7084% accepted

energy = -1.479307761
energy/site = -0.001681031546
43.8752% accepted

energy = -84.3506723
energy/site = -0.09585303671
43.8337% accepted

energy = -1915.387663
energy/site = -2.17657689
44.0638% accepted

energy = -35.38818282
energy/site = -0.04021384411
43.722% accepted

energy = -966.4198179
energy/site = -1.098204339
43.9052% accepted

energy = -15.18314587
energy/site = -0.01725357485
43.8976% accepted

energy = -8.561458487
energy/site = -0.009728930099
43.8404% accepted

energy = -3.16320598
energy/site = -0.003594552251
43.7528% accepted

energy = -1.245605085
energy/site = -0.001415460324
43.875% accepted

energy = -1078.773254
energy/site = -1.225878697
43.675% accepted

energy = -2.371363052
energy/site = -0.002694730741
43.823% accepted

energy = -83.92751824
energy/site = -0.09537217981
43.9338% accepted

energy = -0.6241280291
energy/site = -0.0007092363967
43.7576% accepted

energy = -5.05608503
energy/site = -0.00574555117
43.9027% accepted

energy = -159.0691847
energy/site = -0.1807604371
43.8046% accepted

energy = -130.2131474
energy/site = -0.1479694857
43.9467% accepted

energy = -3.121700852
energy/site = -0.003547387331
43.859% accepted

energy = -0.7446379853
energy/site = -0.0008461795287
43.7552% accepted

energy = -0.8240310658
energy/site = -0.0009363989384
43.871% accepted

energy = -5.064394041
energy/site = -0.005754993228
43.8294% accepted

energy = -3.643842015
energy/site = -0.004140729562
43.9487% accepted

energy = -129.0850103
energy/site = -0.1466875117
43.6312% accepted

energy = -87.19134387
energy/site = -0.09908107258
43.7504% accepted

energy = -18.98726643
energy/site = -0.02157643913
43.8936% accepted

energy = -2.475267638
energy/site = -0.002812804134
43.9643% accepted

energy = -2.631615742
energy/site = -0.002990472434
43.8924% accepted

energy = -13.50596611
energy/site = -0.01534768876
43.8165% accepted

energy = -18.72110288
energy/site = -0.02127398055
43.796% accepted

energy = -2.611619726
energy/site = -0.002967749688
43.8475% accepted

energy = -0.01309945147
energy/site = -1.48857403e-05
43.9757% accepted

energy = -1.260189266
energy/site = -0.001432033257
43.8965% accepted

energy = -27.29631076
energy/site = -0.03101853496
43.7631% accepted

energy = -0.1359586767
energy/site = -0.0001544984962
43.824% accepted

energy = -6.267304382
energy/site = -0.007121936798
43.7236% accepted

energy = -0.5858231162
energy/site = -0.0006657080866
43.9616% accepted

energy = -4.480286364
energy/site = -0.005091234505
43.9482% accepted

energy = -0.1007339447
energy/site = -0.0001144703917
43.702% accepted

energy = -21.41246717
energy/site = -0.02433234906
43.7719% accepted

energy = -35.87713426
energy/site = -0.04076947075
43.8244% accepted

energy = -0.2267554585
energy/site = -0.0002576766574
43.9686% accepted

energy = -18.05077025
energy/site = -0.02051223892
43.6788% accepted

energy = -1.641292368
energy/site = -0.001865104964
43.8266% accepted

energy = -7.00626289
energy/site = -0.007961662375
43.827% accepted

energy = -2.646156845
energy/site = -0.003006996415
43.7727% accepted

energy = -1.354934502
energy/site = -0.001539698297
43.8741% accepted

energy = -11.16750964
energy/site = -0.01269035186
43.897% accepted

energy = -0.6940490741
energy/site = -0.0007886921296
43.8908% accepted

energy = -1.847665667
energy/site = -0.002099620077
43.8297% accepted

energy = -3.490992425
energy/site = -0.003967036846
44.001% accepted

energy = -19.24743316
energy/site = -0.02187208314
43.8792% accepted

energy = -0.2076907003
energy/site = -0.0002360121594
43.7404% accepted

energy = -0.1223321688
energy/site = -0.0001390138282
43.9322% accepted

energy = -0.19183254
energy/site = -0.0002179915227
43.9544% accepted

energy = -10.52311916
energy/site = -0.01195808996
43.8523% accepted

energy = -24.72812488
energy/site = -0.0281001419
43.8055% accepted

energy = -0.2085201537
energy/site = -0.0002369547202
43.7835% accepted

energy = -5353.637388
energy/site = -6.08367885
43.8619% accepted

energy = -3.800958456
energy/site = -0.004319270972
43.9552% accepted

energy = -0.4887066282
energy/site = -0.0005553484411
43.7883% accepted

energy = -77.67506944
energy/site = -0.08826712437
43.7727% accepted

energy = -7.540608437
energy/site = -0.008568873224
43.8714% accepted

energy = -0.1389741674
energy/site = -0.0001579251902
43.8111% accepted

energy = -50.32811261
energy/site = -0.05719103705
43.8154% accepted

energy = -29.96196778
energy/site = -0.03404769066
43.8275% accepted

energy = -0.6060848048
energy/site = -0.0006887327327
43.9322% accepted

energy = -2.801894439
energy/site = -0.003183970954
43.8808% accepted

energy = -6.994344109
energy/site = -0.007948118306
43.8829% accepted

energy = -72.93089198
energy/site = -0.08287601361
43.9086% accepted

energy = -0.7352724438
energy/site = -0.0008355368679
43.9057% accepted

energy = -0.3904142015
energy/site = -0.0004436525017
43.842% accepted

energy = -0.6785514027
energy/site = -0.0007710811394
43.9124% accepted

energy = -5.183210382
energy/site = -0.005890011798
43.816% accepted

energy = -25.38647981
energy/site = -0.02884827251
43.6724% accepted

energy = -2460.73306
energy/site = -2.796287568
43.9631% accepted

energy = -3.258153045
energy/site = -0.003702446643
43.8724% accepted

energy = -31.97041906
energy/site = -0.03633002166
43.5982% accepted

energy = -33.58263025
energy/site = -0.03816207983
43.6496% accepted

energy = -1.988695682
energy/site = -0.002259881457
44.0277% accepted

energy = -3806.842283
energy/site = -4.325957139
43.9303% accepted

energy = -1.49203575
energy/site = -0.001695495171
43.8051% accepted

energy = -0.8208234571
energy/site = -0.0009327539285
43.7707% accepted

energy = -15.58255934
energy/site = -0.01770745379
43.9274% accepted

energy = -69.22977177
energy/site = -0.07867019519
43.8195% accepted

energy = -0.448639445
energy/site = -0.0005098175511
43.9357% accepted

energy = -0.3220526237
energy/site = -0.0003659688906
43.8099% accepted

energy = -0.5745158746
energy/site = -0.0006528589484
43.9492% accepted

energy = -1.421331971
energy/site = -0.001615149966
43.8818% accepted

energy = -0.2053108668
energy/site = -0.0002333078032
43.8273% accepted

energy = -6.31026317
energy/site = -0.007170753602
43.8312% accepted

energy = -20.06075652
energy/site = -0.02279631422
43.8449% accepted

energy = -2.072646067
energy/site = -0.002355279621
43.9236% accepted

energy = -4.333103167
energy/site = -0.004923980872
43.9187% accepted

energy = -254.7015593
energy/site = -0.2894335901
43.8014% accepted

energy = -1.94514441
energy/site = -0.002210391375
43.882% accepted

energy = -3797.820231
energy/site = -4.315704808
43.9587% accepted

energy = -0.1466118918
energy/site = -0.0001666044225
43.7621% accepted

energy = -0.5544130277
energy/site = -0.0006300148042
43.8286% accepted

energy = -51.48511598
energy/site = -0.05850581362
43.8802% accepted

energy = -0.8373438237
energy/site = -0.0009515270724
43.845% accepted

energy = -41.59323617
energy/site = -0.0472650411
43.801% accepted

energy = -1.906193177
energy/site = -0.002166128611
43.8434% accepted

energy = -0.01049481724
energy/site = -1.192592869e-05
43.7987% accepted

energy = -35.71879606
energy/site = -0.04058954097
43.831% accepted

energy = -66.91167212
energy/site = -0.07603599105
43.6958% accepted

energy = -3.015935986
energy/site = -0.003427199985
43.9958% accepted

energy = -2.305362355
energy/site = -0.002619729949
43.9554% accepted

energy = -1.117490639
energy/site = -0.001269875726
43.8359% accepted

energy = -2.311839623
energy/site = -0.00262709048
43.9478% accepted

energy = -2.819300031
energy/site = -0.003203750036
43.8029% accepted

energy = -3.623139605
energy/site = -0.004117204096
43.9176% accepted

energy = -21.76122303
energy/site = -0.02472866253
43.7692% accepted

energy = -80.39006606
energy/site = -0.0913523478
43.9587% accepted

energy = -29.18701525
energy/site = -0.03316706278
43.7572% accepted

energy = -1.716606516
energy/site = -0.001950689222
43.876% accepted

energy = -1.127852932
energy/site = -0.001281651059
43.8202% accepted

energy = -31.42297909
energy/site = -0.03570793079
43.7817% accepted

energy = -7.579765014
energy/site = -0.008613369334
43.7308% accepted

energy = -2429.576356
energy/site = -2.760882223
43.8115% accepted

energy = -303.0661432
energy/site = -0.3443933445
43.7254% accepted

energy = -3843.889891
energy/site = -4.368056694
43.6461% accepted

energy = -2.800903167
energy/site = -0.003182844507
43.8864% accepted

energy = -1120.198152
energy/site = -1.272952445
43.8232% accepted

energy = -6.822723132
energy/site = -0.007753094468
43.8825% accepted

energy = -0.2356091237
energy/site = -0.0002677376405
43.855% accepted

energy = -1.436591271
energy/site = -0.001632490081
43.9947% accepted

energy = -291.884822
energy/site = -0.3316872977
43.8717% accepted

energy = -1.4375949
energy/site = -0.001633630568
43.7901% accepted

energy = -1.291563089
energy/site = -0.001467685329
43.943% accepted

energy = -1.018106615
energy/site = -0.001156939335
43.7061% accepted

energy = -0.6671671052
energy/site = -0.0007581444377
43.997% accepted

energy = -0.3304099362
energy/site = -0.0003754658366
43.7505% accepted

energy = -4.068299128
energy/site = -0.004623067191
43.875% accepted

energy = -0.0859461125
energy/site = -9.766603693e-05
43.8678% accepted

energy = -1.99196578
energy/site = -0.002263597477
43.8609% accepted

energy = -6397.423725
energy/site = -7.269799688
43.752% accepted

energy = -25.43144409
energy/site = -0.02889936828
44.0238% accepted

energy = -15.37693183
energy/site = -0.01747378617
43.7736% accepted

energy = -45.81621099
energy/site = -0.05206387613
43.9037% accepted

energy = -13.26411805
energy/site = -0.01507286142
43.8543% accepted

energy = -93.40855235
energy/site = -0.1061460822
43.9632% accepted

energy = -6.399606564
energy/site = -0.007272280187
43.9677% accepted

energy = -6.322662084
energy/site = -0.007184843277
43.8542% accepted

energy = -0.2367329191
energy/site = -0.0002690146808
43.9588% accepted

energy = -21.92032805
energy/site = -0.02490946369
43.793% accepted

energy = -1.158802711
energy/site = -0.001316821263
43.676% accepted

energy = -450.5218193
energy/site = -0.5119566129
43.8482% accepted

energy = -18.3579873
energy/site = -0.02086134921
43.948% accepted

energy = -47.32205725
energy/site = -0.05377506506
43.8403% accepted

energy = -2.378615382
energy/site = -0.002702972025
43.9003% accepted

energy = -1.449231861
energy/site = -0.001646854387
43.8604% accepted

energy = -0.7636303555
energy/site = -0.0008677617676
43.8343% accepted

energy = -0.1940447853
energy/site = -0.0002205054378
43.8349% accepted

energy = -0.1451179886
energy/site = -0.0001649068052
43.8345% accepted

energy = -2.859308366
energy/site = -0.003249214053
43.7953% accepted

energy = -0.2929967319
energy/site = -0.0003329508317
43.947% accepted

energy = -1.385222195
energy/site = -0.001574116131
43.7758% accepted

energy = -4.931930444
energy/site = -0.005604466414
43.8239% accepted

energy = -0.05425570743
energy/site = -6.165421298e-05
43.7412% accepted

energy = -1.14174009
energy/site = -0.001297431921
43.7526% accepted

energy = -31.18865028
energy/site = -0.03544164804
43.7202% accepted

energy = -6.678654482
energy/site = -0.007589380093
43.7052% accepted

energy = -26.12628998
energy/site = -0.02968896588
43.7162% accepted

energy = -1.210255504
energy/site = -0.001375290346
43.7748% accepted

energy = -0.1680449709
energy/site = -0.0001909601941
43.8398% accepted

energy = -2.775704939
energy/site = -0.003154210158
43.9656% accepted

energy = -0.1977523648
energy/site = -0.0002247185964
43.8175% accepted

energy = -8.904396408
energy/site = -0.01011863228
43.881% accepted

energy = -73.46446138
energy/site = -0.08348234248
43.7337% accepted

energy = -1.609742521
energy/site = -0.001829252865
44.0556% accepted

energy = -4.06319492
energy/site = -0.004617266955
43.8661% accepted

energy = -0.8733344949
energy/site = -0.0009924255623
43.9393% accepted

energy = -64.28332372
energy/site = -0.07304923151
43.7232% accepted

energy = -0.1619190274
energy/site = -0.0001839988947
43.8267% accepted

energy = -27.78509974
energy/site = -0.03157397698
43.9548% accepted

energy = -3.932311843
energy/site = -0.004468536186
43.9193% accepted

energy = -149.3774954
energy/site = -0.1697471539
43.8146% accepted

energy = -0.4718679253
energy/site = -0.0005362135515
43.7904% accepted

energy = -423.7499943
energy/site = -0.4815340844
43.941% accepted

energy = -53.98833198
energy/site = -0.06135037725
43.7943% accepted

energy = -0.5699571149
energy/site = -0.0006476785397
43.7868% accepted

energy = -215.8065249
energy/site = -0.2452346874
43.8624% accepted

energy = -0.1325681474
energy/site = -0.000150645622
43.9095% accepted

energy = -0.254725346
energy/site = -0.0002894606205
43.9101% accepted

energy = -84.12754212
energy/site = -0.09559947969
43.8217% accepted

energy = -35.53044687
energy/site = -0.0403755078
43.7344% accepted

energy = -851.6146551
energy/site = -0.9677439262
43.9635% accepted

energy = -1.288549815
energy/site = -0.001464261153
43.8973% accepted

energy = -2.653798742
energy/site = -0.003015680389
43.9577% accepted

energy = -3.33984627
energy/site = -0.003795279852
43.8757% accepted

energy = -26.6387626
energy/site = -0.03027132114
43.9925% accepted

energy = -2.055466434
energy/site = -0.002335757312
43.7372% accepted

energy = -17.63489507
energy/site = -0.02003965348
43.8429% accepted

energy = -4289.99645
energy/site = -4.874995966
43.8125% accepted

energy = -0.289386422
energy/site = -0.0003288482068
43.9147% accepted

energy = -3.027365362
energy/site = -0.003440187911
43.8548% accepted

energy = -0.3175608567
energy/site = -0.0003608646099
43.9126% accepted

energy = -0.9063244204
energy/site = -0.001029914114
43.7373% accepted

energy = -1.274509848
energy/site = -0.001448306645
43.8693% accepted

energy = -5.778618363
energy/site = -0.006566611776
43.8258% accepted

energy = -1.959277334
energy/site = -0.002226451516
43.9128% accepted

energy = -80.52623825
energy/site = -0.09150708892
43.8868% accepted

energy = -6.535505149
energy/site = -0.007426710397
43.9583% accepted

energy = -5.399574089
energy/site = -0.006135879647
43.9721% accepted

energy = -0.7591032564
energy/site = -0.0008626173368
43.7752% accepted

energy = -23.91653434
energy/site = -0.02717787993
43.9285% accepted

energy = -44.14109015
energy/site = -0.05016032971
43.8846% accepted

energy = -2120.59662
energy/site = -2.409768887
43.9628% accepted

energy = -0.02033673381
energy/site = -2.310992478e-05
43.8968% accepted

energy = -1227.111077
energy/site = -1.394444406
44.0249% accepted

energy = -4.891912562
energy/site = -0.005558991547
43.8621% accepted

energy = -530.5756782
energy/site = -0.6029269071
43.7744% accepted

energy = -207.8348829
energy/site = -0.2361760034
43.976% accepted

energy = -1.788464038
energy/site = -0.002032345497
43.8323% accepted

energy = -9.097559028
energy/site = -0.01033813526
43.8439% accepted

energy = -0.935254938
energy/site = -0.001062789702
43.9372% accepted

energy = -27.10598894
energy/site = -0.03080226016
43.9018% accepted

energy = -13.02788725
energy/site = -0.01480441733
43.9629% accepted

energy = -19.55838474
energy/site = -0.0222254372
43.9481% accepted

energy = -0.2034352631
energy/site = -0.0002311764353
43.8372% accepted

energy = -6.242217496
energy/site = -0.007093428973
43.9942% accepted

energy = -0.191121139
energy/site = -0.0002171831125
43.8853% accepted

energy = -0.103913743
energy/site = -0.0001180837989
43.7693% accepted

energy = -1.083590568
energy/site = -0.001231352919
43.8483% accepted

energy = -348.6851769
energy/site = -0.3962331555
43.9437% accepted

energy = -0.32255477
energy/site = -0.0003665395114
43.9024% accepted

energy = -4.354383885
energy/site = -0.004948163506
43.723% accepted

energy = -1.922105541
energy/site = -0.002184210843
43.889% accepted

energy = -26.55639827
energy/site = -0.03017772531
44.0776% accepted

energy = -2.794106273
energy/site = -0.003175120765
43.8658% accepted

energy = -12.96337855
energy/site = -0.01473111199
43.861% accepted

energy = -3.169385411
energy/site = -0.003601574331
43.909% accepted

energy = -1.30986265
energy/site = -0.001488480285
43.9064% accepted

energy = -15.62831498
energy/site = -0.01775944884
43.7777% accepted

energy = -1.171733383
energy/site = -0.001331515208
43.8782% accepted

energy = -22.52614503
energy/site = -0.02559789208
43.8596% accepted

energy = -1.341231405
energy/site = -0.001524126597
43.8886% accepted

energy = -8.694967019
energy/site = -0.00988064434
43.9202% accepted

energy = -11.07368078
energy/site = -0.01258372815
43.8059% accepted

energy = -1313.44662
energy/site = -1.492552977
43.8864% accepted

energy = -118.6934376
energy/site = -0.1348789064
43.8258% accepted

energy = -26.95288738
energy/site = -0.03062828111
43.9365% accepted

energy = -4.39927156
energy/site = -0.004999172228
43.8678% accepted

energy = -3.507418421
energy/site = -0.003985702751
43.8986% accepted

energy = -6.541537951
energy/site = -0.007433565853
43.7839% accepted

energy = -20.77804744
energy/site = -0.02361141755
43.8889% accepted

energy = -7.904721624
energy/site = -0.008982638209
43.845% accepted

energy = -1.002452394
energy/site = -0.001139150447
43.8299% accepted

energy = -328.1535151
energy/site = -0.3729017217
43.8553% accepted

energy = -2.685055581
energy/site = -0.003051199524
43.8448% accepted

User defined signal 2

------------------------------------------------------------
Sender: LSF System <lsfadmin@wha671>
Subject: Job 5120790: <./torus17> Exited

Job <./torus17> was submitted from host <wha780> by user <akallin>.
Job was executed on host(s) <wha671>, in queue <serial>, as user <akallin>.
</home/akallin> was used as the home directory.
</work/akallin/TORUS/OBC/11leg/17> was used as the working directory.
Started at Wed Jul 21 18:05:29 2010
Results reported at Wed Jul 28 18:32:06 2010

Your job looked like:

------------------------------------------------------------
# LSBATCH: User input
./torus17
------------------------------------------------------------

TERM_RUNLIMIT: job killed after reaching LSF run time limit.
Exited with exit code 140.

Resource usage summary:

    CPU time   : 583811.00 sec.
    Max Memory :         6 MB
    Max Swap   :       124 MB

    Max Processes  :         4
    Max Threads    :         4

The output (if any) is above this job summary.


weighting by <swap_x> where x = 17
11 x 40 x 1 system
r   = 3  bondops changed per step 
n/N = 80  bond operators / site
its = 1000000  iterations/loop for 100000 loops

energy = -354638.8384
energy/site = -402.99868
43.8412% accepted

energy = -0.6560121852
energy/site = -0.0007454683922
43.7761% accepted

energy = -722.5987925
energy/site = -0.8211349914
43.7513% accepted

energy = -1.282510773
energy/site = -0.001457398606
43.8917% accepted

energy = -0.08765290381
energy/site = -9.960557251e-05
43.9914% accepted

energy = -409.4283594
energy/site = -0.4652594993
43.7207% accepted

energy = -3885.191377
energy/site = -4.414990202
43.8431% accepted

energy = -8.104135058
energy/site = -0.009209244384
43.8616% accepted

energy = -2.016715276
energy/site = -0.002291721905
43.8553% accepted

energy = -13419.38334
energy/site = -15.24929925
43.8348% accepted

energy = -21.79575825
energy/site = -0.0247679071
43.8639% accepted

energy = -0.2894127059
energy/site = -0.0003288780749
43.9826% accepted

energy = -3.109549377
energy/site = -0.003533578838
43.8836% accepted

energy = -1.080721225
energy/site = -0.001228092301
43.8997% accepted

energy = -0.07100941453
energy/site = -8.069251651e-05
43.7613% accepted

energy = -36.72536965
energy/site = -0.04173337461
43.9192% accepted

energy = -322.2893324
energy/site = -0.3662378777
43.9155% accepted

energy = -24.21051902
energy/site = -0.02751195343
43.8534% accepted

energy = -2.953825274
energy/site = -0.00335661963
43.795% accepted

energy = -1195.970239
energy/site = -1.35905709
43.8121% accepted

energy = -12.90908548
energy/site = -0.01466941532
43.8744% accepted

energy = -7.863237838
energy/site = -0.008935497544
43.867% accepted

energy = -1259.580193
energy/site = -1.431341129
43.9557% accepted

energy = -139.3308482
energy/site = -0.1583305093
43.7465% accepted

energy = -4.16199554
energy/site = -0.004729540386
43.9014% accepted

energy = -13.86981156
energy/site = -0.0157611495
43.8201% accepted

energy = -8.882528991
energy/site = -0.01009378294
43.9611% accepted

energy = -1.820540742
energy/site = -0.002068796298
43.8922% accepted

energy = -461.7061215
energy/site = -0.5246660471
43.9372% accepted

energy = -37.75722084
energy/site = -0.04290593277
43.9594% accepted

energy = -5.747754932
energy/site = -0.006531539696
43.7842% accepted

energy = -4.4026041
energy/site = -0.005002959205
43.9803% accepted

energy = -2.504527504
energy/site = -0.002846053982
43.92% accepted

energy = -0.01763747169
energy/site = -2.004258147e-05
43.752% accepted

energy = -1.567283482
energy/site = -0.001781003957
44.058% accepted

energy = -4.276319883
energy/site = -0.004859454413
43.9009% accepted

energy = -11.34451967
energy/site = -0.01289149962
43.6515% accepted

energy = -1.471294036
energy/site = -0.00167192504
43.9301% accepted

energy = -0.4023120935
energy/site = -0.0004571728335
43.9034% accepted

energy = -5.55017202
energy/site = -0.00630701366
43.8989% accepted

energy = -0.4011386211
energy/site = -0.0004558393422
43.9603% accepted

energy = -7.167029806
energy/site = -0.008144352052
43.792% accepted

energy = -328.6182325
energy/site = -0.3734298096
43.9605% accepted

energy = -784.1303325
energy/site = -0.891057196
43.7978% accepted

energy = -8.378128749
energy/site = -0.009520600851
43.8262% accepted

energy = -5.892845677
energy/site = -0.006696415542
43.8649% accepted

energy = -7.56691894
energy/site = -0.008598771523
43.7797% accepted

energy = -0.2477154639
energy/site = -0.0002814948454
43.9027% accepted

energy = -3.76679442
energy/site = -0.004280448204
43.925% accepted

energy = -8.159312891
energy/site = -0.009271946467
43.832% accepted

energy = -16.56704917
energy/site = -0.01882619224
43.9614% accepted

energy = -70.98023519
energy/site = -0.08065935817
43.9482% accepted

energy = -0.6854728495
energy/site = -0.0007789464199
43.8383% accepted

energy = -4.32141551
energy/site = -0.004910699444
43.8998% accepted

energy = -2.318204166
energy/site = -0.002634322915
43.8452% accepted

energy = -2.051189932
energy/site = -0.00233089765
43.731% accepted

energy = -0.3458730143
energy/site = -0.0003930375162
43.8539% accepted

energy = -0.8668039505
energy/site = -0.0009850044892
43.8692% accepted

energy = -2.718347666
energy/site = -0.003089031438
43.853% accepted

energy = -72.83601807
energy/site = -0.08276820236
43.8915% accepted

energy = -67.6520864
energy/site = -0.07687737091
43.8324% accepted

energy = -26.60740167
energy/site = -0.03023568371
43.8813% accepted

energy = -0.1976981823
energy/site = -0.0002246570254
43.8746% accepted

energy = -110.8938807
energy/site = -0.1260157735
43.7656% accepted

energy = -13036.28074
energy/site = -14.81395539
43.7079% accepted

energy = -5.481469773
energy/site = -0.006228942924
43.7908% accepted

energy = -3.348579864
energy/site = -0.003805204391
43.8608% accepted

energy = -19.77161514
energy/site = -0.02246774447
43.9793% accepted

energy = -2.335322928
energy/site = -0.002653776055
43.8148% accepted

energy = -1.22049474
energy/site = -0.001386925841
43.8786% accepted

energy = -0.1740954092
energy/site = -0.0001978356922
43.9207% accepted

energy = -0.3832582371
energy/site = -0.000435520724
43.9422% accepted

energy = -4.913891503
energy/site = -0.005583967617
43.8795% accepted

energy = -2.910235209
energy/site = -0.003307085465
43.8963% accepted

energy = -498.0840312
energy/site = -0.5660045809
43.8765% accepted

energy = -0.5444579736
energy/site = -0.0006187022428
43.8004% accepted

energy = -0.7450999776
energy/site = -0.00084670452
43.8726% accepted

energy = -2.448717876
energy/site = -0.00278263395
43.884% accepted

energy = -21569.94495
energy/site = -24.51130108
43.6887% accepted

energy = -9.573231004
energy/site = -0.01087867159
43.7551% accepted

energy = -8.266608699
energy/site = -0.009393873521
43.7227% accepted

energy = -9.953559246
energy/site = -0.01131086278
43.8208% accepted

energy = -7.145526817
energy/site = -0.008119916837
43.8978% accepted

energy = -2.345846684
energy/site = -0.002665734868
43.8796% accepted

energy = -0.8338788899
energy/site = -0.0009475896477
43.9539% accepted

energy = -0.7534833197
energy/site = -0.0008562310451
43.893% accepted

energy = -18.28578883
energy/site = -0.02077930549
43.8053% accepted

energy = -0.9290255079
energy/site = -0.001055710804
43.8786% accepted

energy = -7.141537436
energy/site = -0.00811538345
43.5976% accepted

energy = -6.427032015
energy/site = -0.007303445472
43.9072% accepted

energy = -53.7314749
energy/site = -0.06105849421
43.8627% accepted

energy = -9.318412548
energy/site = -0.01058910517
43.889% accepted

energy = -3.116890601
energy/site = -0.003541921138
43.8369% accepted

energy = -0.1041339953
energy/site = -0.0001183340855
43.8627% accepted

energy = -16.54915509
energy/site = -0.01880585805
43.7887% accepted

energy = -783.7848995
energy/site = -0.8906646586
43.8466% accepted

energy = -3.383967576
energy/site = -0.0038454177
43.8308% accepted

energy = -6.042723568
energy/site = -0.006866731327
43.8089% accepted

energy = -108.6895249
energy/site = -0.1235108237
43.8179% accepted

energy = -0.4065214953
energy/site = -0.0004619562447
43.7839% accepted

energy = -1.420502557
energy/site = -0.001614207451
43.8866% accepted

energy = -6.962588884
energy/site = -0.007912032823
43.9628% accepted

energy = -3.648557315
energy/site = -0.004146087858
43.8829% accepted

energy = -1.843032935
energy/site = -0.002094355608
43.7035% accepted

energy = -2.479601478
energy/site = -0.002817728953
43.8458% accepted

energy = -0.3808396996
energy/site = -0.0004327723859
43.9838% accepted

energy = -1.483433882
energy/site = -0.001685720321
43.8809% accepted

energy = -1.60328254
energy/site = -0.001821911978
43.8327% accepted

energy = -65.05371773
energy/site = -0.07392467923
43.9624% accepted

energy = -73.21565829
energy/site = -0.08319961169
43.9246% accepted

energy = -11.73594931
energy/site = -0.01333630603
43.837% accepted

energy = -7.575069822
energy/site = -0.008608033889
43.8258% accepted

energy = -43.5415789
energy/site = -0.04947906693
43.7987% accepted

energy = -0.1101120226
energy/site = -0.0001251272984
43.7746% accepted

energy = -314.638603
energy/site = -0.3575438671
43.8786% accepted

energy = -0.1272453559
energy/site = -0.0001445969954
43.8076% accepted

energy = -7.524467163
energy/site = -0.008550530867
43.8124% accepted

energy = -5.008987711
energy/site = -0.00569203149
43.8906% accepted

energy = -0.2201116349
energy/site = -0.0002501268578
43.8629% accepted

energy = -18.92330654
energy/site = -0.02150375744
43.8924% accepted

energy = -0.8482953998
energy/site = -0.0009639720453
43.8465% accepted

energy = -0.09123760687
energy/site = -0.0001036790987
43.8457% accepted

energy = -0.9770261352
energy/site = -0.001110256972
43.6845% accepted

energy = -0.6562939516
energy/site = -0.0007457885813
43.797% accepted

energy = -0.4420934151
energy/site = -0.0005023788808
43.9601% accepted

energy = -16.23332814
energy/site = -0.01844696379
43.9564% accepted

energy = -3723.41552
energy/site = -4.231154
43.871% accepted

energy = -122997.8075
energy/site = -139.7702357
43.7695% accepted

energy = -6.124959316
energy/site = -0.006960181041
43.9051% accepted

energy = -20.09111122
energy/site = -0.0228308082
43.7604% accepted

energy = -4.627182032
energy/site = -0.0052581614
43.8538% accepted

energy = -15.72438855
energy/site = -0.01786862335
43.9002% accepted

energy = -1.24949972
energy/site = -0.001419886046
43.7592% accepted

energy = -0.3968092119
energy/site = -0.000450919559
43.6885% accepted

energy = -3.533170063
energy/site = -0.004014965981
43.8128% accepted

energy = -17.87303851
energy/site = -0.02031027104
43.8405% accepted

energy = -48.00593554
energy/site = -0.05455219948
43.8533% accepted

energy = -140.1068824
energy/site = -0.1592123663
43.8039% accepted

energy = -0.03944227451
energy/site = -4.482076649e-05
43.9079% accepted

energy = -0.05210814051
energy/site = -5.921379604e-05
43.8125% accepted

energy = -47.45011972
energy/site = -0.05392059059
43.8454% accepted

energy = -20.46431135
energy/site = -0.02325489926
43.7996% accepted

energy = -75.48633778
energy/site = -0.0857799293
43.7518% accepted

energy = -0.7679372333
energy/site = -0.0008726559469
43.8928% accepted

energy = -0.3407888283
energy/site = -0.0003872600322
43.8871% accepted

energy = -6.767444762
energy/site = -0.007690278138
43.9223% accepted

energy = -36.33160725
energy/site = -0.04128591733
43.79% accepted

energy = -1.152681829
energy/site = -0.001309865714
43.8833% accepted

energy = -696.5309477
energy/site = -0.7915124406
43.8867% accepted

energy = -190.0929937
energy/site = -0.2160147656
43.8451% accepted

energy = -0.3090116863
energy/site = -0.0003511496435
43.7808% accepted

energy = -2.073722826
energy/site = -0.002356503211
43.9699% accepted

energy = -2.718792127
energy/site = -0.003089536508
43.7813% accepted

energy = -0.3390511139
energy/site = -0.0003852853567
43.9066% accepted

energy = -0.04486051373
energy/site = -5.097785651e-05
44.0568% accepted

energy = -3.076803564
energy/site = -0.003496367686
43.8054% accepted

energy = -12.78851613
energy/site = -0.0145324047
43.8397% accepted

energy = -57.97766856
energy/site = -0.06588371427
43.812% accepted

energy = -1260.479622
energy/site = -1.432363206
43.8504% accepted

energy = -0.007865807152
energy/site = -8.938417219e-06
44.0428% accepted

energy = -14.89682043
energy/site = -0.01692820503
43.8937% accepted

energy = -0.1135369682
energy/site = -0.0001290192821
43.8789% accepted

energy = -181.2234163
energy/site = -0.2059357004
43.9552% accepted

energy = -0.04569968058
energy/site = -5.193145521e-05
43.888% accepted

energy = -0.4035825342
energy/site = -0.0004586165162
43.799% accepted

energy = -0.1522914023
energy/site = -0.0001730584117
43.8645% accepted

energy = -2.576270081
energy/site = -0.002927579637
43.7717% accepted

energy = -1.601750371
energy/site = -0.001820170876
43.8222% accepted

energy = -4.347452069
energy/site = -0.004940286442
44.0007% accepted

energy = -1217.734162
energy/site = -1.38378882
43.757% accepted

energy = -2.940536605
energy/site = -0.003341518869
43.8319% accepted

energy = -19.40284414
energy/site = -0.02204868653
43.8484% accepted

energy = -44.84693279
energy/site = -0.05096242362
43.7906% accepted

energy = -10.10971953
energy/site = -0.01148831764
43.8046% accepted

energy = -23.51782274
energy/site = -0.02672479856
43.844% accepted

energy = -1.741313221
energy/site = -0.001978765024
43.9424% accepted

energy = -7.385626636
energy/site = -0.008392757541
43.7899% accepted

energy = -0.4784151233
energy/site = -0.0005436535492
43.9944% accepted

energy = -0.2162684163
energy/site = -0.000245759564
43.7962% accepted

energy = -28.53835452
energy/site = -0.03242994832
43.8655% accepted

energy = -0.6259786432
energy/site = -0.0007113393672
43.8335% accepted

energy = -73.71758483
energy/site = -0.08376998276
43.8682% accepted

energy = -134.8520046
energy/site = -0.1532409143
44.0276% accepted

energy = -21.60942991
energy/site = -0.02455617035
43.8445% accepted

energy = -42.11747987
energy/site = -0.04786077258
43.9555% accepted

energy = -3.298730259
energy/site = -0.003748557112
43.8686% accepted

energy = -0.4392448934
energy/site = -0.0004991419243
43.8942% accepted

energy = -5.500461837
energy/site = -0.006250524815
43.7004% accepted

energy = -14.43378574
energy/site = -0.01640202925
43.8158% accepted

energy = -3.246102365
energy/site = -0.003688752688
43.8352% accepted

energy = -11.86112101
energy/site = -0.0134785466
43.8394% accepted

energy = -2.392919058
energy/site = -0.002719226203
43.7985% accepted

energy = -65.14434754
energy/site = -0.07402766766
44.0197% accepted

energy = -22.06794448
energy/site = -0.02507720964
43.6056% accepted

energy = -19.54863466
energy/site = -0.02221435757
43.8976% accepted

energy = -0.3461484153
energy/site = -0.0003933504719
43.8549% accepted

energy = -1.1984633
energy/site = -0.001361890114
43.9765% accepted

energy = -442.1772733
energy/site = -0.5024741743
43.869% accepted

energy = -0.7956851415
energy/site = -0.0009041876608
43.8089% accepted

energy = -1.673094801
energy/site = -0.001901244092
43.969% accepted

energy = -3074.731104
energy/site = -3.494012618
43.8926% accepted

energy = -44.42693559
energy/site = -0.05048515408
43.8363% accepted

energy = -7.826354483
energy/site = -0.00889358464
43.8957% accepted

energy = -24.19664362
energy/site = -0.02749618593
43.9228% accepted

energy = -24.92977276
energy/site = -0.02832928723
43.7986% accepted

energy = -0.4924146381
energy/site = -0.0005595620887
43.9602% accepted

energy = -0.315840942
energy/site = -0.0003589101614
43.8042% accepted

energy = -21.68210415
energy/site = -0.02463875471
43.8333% accepted

energy = -195.2270188
energy/site = -0.221848885
43.9405% accepted

energy = -403.7790295
energy/site = -0.4588398063
43.9684% accepted

energy = -0.2851087388
energy/site = -0.0003239872032
43.8687% accepted

energy = -55.95254877
energy/site = -0.06358244179
43.9561% accepted

User defined signal 2

------------------------------------------------------------
Sender: LSF System <lsfadmin@wha44>
Subject: Job 5493617: <./torus17> Exited

Job <./torus17> was submitted from host <wha781> by user <akallin>.
Job was executed on host(s) <wha44>, in queue <serial>, as user <akallin>.
</home/akallin> was used as the home directory.
</work/akallin/TORUS/OBC/11leg/17> was used as the working directory.
Started at Wed Aug 11 14:43:33 2010
Results reported at Wed Aug 18 15:01:36 2010

Your job looked like:

------------------------------------------------------------
# LSBATCH: User input
./torus17
------------------------------------------------------------

TERM_RUNLIMIT: job killed after reaching LSF run time limit.
Exited with exit code 140.

Resource usage summary:

    CPU time   : 396348.00 sec.
    Max Memory :         6 MB
    Max Swap   :       122 MB

    Max Processes  :         4
    Max Threads    :         4

The output (if any) is above this job summary.


weighting by <swap_x> where x = 17
11 x 40 x 1 system
r   = 3  bondops changed per step 
n/N = 80  bond operators / site
its = 1000000  iterations/loop for 100000 loops

