
weighting by <swap_x> where x = 9
10 x 40 x 1 system
r   = 3  bondops changed per step 
n/N = 80  bond operators / site
its = 1000000  iterations/loop for 10000 loops

energy = -1529.727135
energy/site = -1.912158919
44.4736% accepted

energy = -640.1481923
energy/site = -0.8001852404
43.7702% accepted

energy = -616.4592659
energy/site = -0.7705740824
43.6225% accepted

energy = -314.2405265
energy/site = -0.3928006581
43.704% accepted

energy = -760.124665
energy/site = -0.9501558312
43.8135% accepted

energy = -4334.393664
energy/site = -5.41799208
43.7312% accepted

energy = -674.6816615
energy/site = -0.8433520769
43.8146% accepted

energy = -1121.956498
energy/site = -1.402445623
43.6784% accepted

energy = -538.130299
energy/site = -0.6726628738
43.5911% accepted

energy = -2860.658294
energy/site = -3.575822867
43.5093% accepted

energy = -2250.2416
energy/site = -2.812802
43.6497% accepted

energy = -8703.095727
energy/site = -10.87886966
43.8269% accepted

energy = -10058.28686
energy/site = -12.57285858
43.5883% accepted

energy = -1209.343748
energy/site = -1.511679685
43.5281% accepted

energy = -161.8258952
energy/site = -0.2022823689
43.5757% accepted

energy = -4801.486062
energy/site = -6.001857578
43.5881% accepted

energy = -585.1650403
energy/site = -0.7314563003
43.7567% accepted

energy = -204.3171353
energy/site = -0.2553964192
43.7191% accepted

energy = -524.9423944
energy/site = -0.6561779929
43.6819% accepted

energy = -11799.04484
energy/site = -14.74880605
43.5713% accepted

energy = -38043.56559
energy/site = -47.55445699
43.6293% accepted

energy = -19.89525152
energy/site = -0.0248690644
43.5356% accepted

energy = -37.07718591
energy/site = -0.04634648239
43.7016% accepted

energy = -1103.246588
energy/site = -1.379058235
43.9019% accepted

energy = -237.2733768
energy/site = -0.2965917211
43.574% accepted

energy = -2735.559425
energy/site = -3.419449281
43.5768% accepted

energy = -10231.00778
energy/site = -12.78875973
43.7866% accepted

energy = -12075.53777
energy/site = -15.09442221
43.5823% accepted

energy = -847.7238434
energy/site = -1.059654804
43.848% accepted

energy = -68.47808359
energy/site = -0.08559760449
43.8522% accepted

energy = -901.7005221
energy/site = -1.127125653
43.833% accepted

energy = -553.2790427
energy/site = -0.6915988034
43.626% accepted

energy = -101.9860639
energy/site = -0.1274825799
43.7439% accepted

energy = -444.866506
energy/site = -0.5560831325
43.7256% accepted

energy = -501.4322918
energy/site = -0.6267903648
43.6678% accepted

energy = -1420.773524
energy/site = -1.775966905
43.6433% accepted

energy = -544.7402432
energy/site = -0.6809253041
43.6705% accepted

energy = -9949.467936
energy/site = -12.43683492
43.5747% accepted

energy = -1755.02694
energy/site = -2.193783675
43.73% accepted

energy = -513.4277037
energy/site = -0.6417846296
43.7103% accepted

energy = -792.5395047
energy/site = -0.9906743808
43.7074% accepted

energy = -3561.555973
energy/site = -4.451944966
43.5856% accepted

energy = -696.3896256
energy/site = -0.870487032
43.7153% accepted

energy = -967.1069861
energy/site = -1.208883733
43.7174% accepted

energy = -390.3795349
energy/site = -0.4879744187
43.6579% accepted

energy = -5680.819219
energy/site = -7.101024024
43.6495% accepted

energy = -466.9660768
energy/site = -0.583707596
43.6291% accepted

energy = -1840.7131
energy/site = -2.300891375
43.7519% accepted

energy = -573.7065111
energy/site = -0.7171331388
43.7017% accepted

energy = -3534.875162
energy/site = -4.418593952
43.6467% accepted

energy = -824.1467456
energy/site = -1.030183432
43.6971% accepted

energy = -2070.255685
energy/site = -2.587819606
43.6694% accepted

energy = -794.1259795
energy/site = -0.9926574744
43.5936% accepted

energy = -697.7733377
energy/site = -0.8722166721
43.7185% accepted

energy = -615.0597994
energy/site = -0.7688247493
43.6154% accepted

energy = -1835.522896
energy/site = -2.29440362
43.7343% accepted

energy = -9644.592916
energy/site = -12.05574114
43.6619% accepted

energy = -882.207199
energy/site = -1.102758999
43.6792% accepted

energy = -118.0334933
energy/site = -0.1475418666
43.673% accepted

energy = -766.0132399
energy/site = -0.9575165499
43.7575% accepted

energy = -742.1846574
energy/site = -0.9277308218
43.5875% accepted

energy = -650.8409783
energy/site = -0.8135512229
43.7108% accepted

energy = -1718.898126
energy/site = -2.148622658
43.5429% accepted

energy = -645.6288398
energy/site = -0.8070360498
43.646% accepted

energy = -11939.44485
energy/site = -14.92430606
43.6655% accepted

energy = -360.7331171
energy/site = -0.4509163964
43.7114% accepted

energy = -755.7273258
energy/site = -0.9446591573
43.6693% accepted

energy = -3114.545032
energy/site = -3.89318129
43.8103% accepted

energy = -1191.504923
energy/site = -1.489381154
43.5677% accepted

energy = -560.1089532
energy/site = -0.7001361915
43.5566% accepted

energy = -514.0650698
energy/site = -0.6425813373
43.8743% accepted

energy = -912.3356329
energy/site = -1.140419541
43.5845% accepted

energy = -18379.91575
energy/site = -22.97489468
43.7082% accepted

energy = -1833.936018
energy/site = -2.292420023
43.6803% accepted

energy = -5344.13087
energy/site = -6.680163587
43.8124% accepted

energy = -601.650161
energy/site = -0.7520627013
43.6353% accepted

energy = -2941.574031
energy/site = -3.676967539
43.6309% accepted

energy = -1061.421731
energy/site = -1.326777164
43.7377% accepted

energy = -997.7262798
energy/site = -1.24715785
43.6537% accepted

energy = -129.4786158
energy/site = -0.1618482697
43.8034% accepted

energy = -356.7521401
energy/site = -0.4459401751
43.6934% accepted

energy = -768.2052349
energy/site = -0.9602565437
43.7571% accepted

energy = -154.3938216
energy/site = -0.192992277
43.7655% accepted

energy = -21960.0209
energy/site = -27.45002612
43.6722% accepted

energy = -5032.960144
energy/site = -6.29120018
43.5237% accepted

energy = -5810.717584
energy/site = -7.263396981
43.8472% accepted

energy = -358.8269823
energy/site = -0.4485337279
43.599% accepted

energy = -1713.362117
energy/site = -2.141702647
43.4415% accepted

energy = -341.486747
energy/site = -0.4268584338
43.8118% accepted

energy = -2202.41233
energy/site = -2.753015412
43.6306% accepted

energy = -1158.845841
energy/site = -1.448557301
43.6896% accepted

energy = -3098.433966
energy/site = -3.873042458
43.6443% accepted

energy = -2149.294182
energy/site = -2.686617727
43.7925% accepted

energy = -2316.679487
energy/site = -2.895849358
43.758% accepted

energy = -74.60530827
energy/site = -0.09325663534
43.7683% accepted

energy = -27581.35049
energy/site = -34.47668812
43.6794% accepted

energy = -8144.833667
energy/site = -10.18104208
43.7165% accepted

energy = -399.296763
energy/site = -0.4991209537
43.6811% accepted

energy = -21404.87612
energy/site = -26.75609515
43.7203% accepted

energy = -2484.769249
energy/site = -3.105961561
43.7796% accepted

energy = -475.7600466
energy/site = -0.5947000582
43.6467% accepted

energy = -1180.801926
energy/site = -1.476002407
43.6028% accepted

energy = -7350.515502
energy/site = -9.188144377
43.966% accepted

energy = -1450.681177
energy/site = -1.813351471
43.8301% accepted

energy = -657.494957
energy/site = -0.8218686963
43.6842% accepted

energy = -5117.899356
energy/site = -6.397374195
43.7375% accepted

energy = -808.6784998
energy/site = -1.010848125
43.5853% accepted

energy = -852.7156891
energy/site = -1.065894611
43.6037% accepted

energy = -407.4243516
energy/site = -0.5092804394
43.5342% accepted

energy = -2970.920624
energy/site = -3.71365078
43.4955% accepted

energy = -1627.484085
energy/site = -2.034355106
43.8406% accepted

energy = -129.7003514
energy/site = -0.1621254392
43.8321% accepted

energy = -396.0846647
energy/site = -0.4951058309
43.611% accepted

energy = -574.0357715
energy/site = -0.7175447144
43.6771% accepted

energy = -3024.645177
energy/site = -3.780806471
43.7354% accepted

energy = -162.8592741
energy/site = -0.2035740926
43.7358% accepted

energy = -358.173037
energy/site = -0.4477162962
43.7532% accepted

energy = -25441.62812
energy/site = -31.80203515
43.7005% accepted

energy = -71.98302831
energy/site = -0.08997878538
43.8409% accepted

energy = -1300.411346
energy/site = -1.625514183
43.6774% accepted

energy = -5027.598078
energy/site = -6.284497598
43.6504% accepted

energy = -1498.370787
energy/site = -1.872963483
43.7155% accepted

energy = -10215.93289
energy/site = -12.76991612
43.6631% accepted

energy = -20.83968567
energy/site = -0.02604960708
43.597% accepted

energy = -1628.534938
energy/site = -2.035668672
43.6871% accepted

energy = -735.8752674
energy/site = -0.9198440842
43.6615% accepted

energy = -598.1124254
energy/site = -0.7476405318
43.6704% accepted

energy = -202.4554389
energy/site = -0.2530692987
43.6556% accepted

energy = -838.077254
energy/site = -1.047596567
43.6296% accepted

energy = -221.7326853
energy/site = -0.2771658567
43.6131% accepted

energy = -3096.575654
energy/site = -3.870719568
43.6155% accepted

energy = -133.6501533
energy/site = -0.1670626916
43.7246% accepted

energy = -149.8087217
energy/site = -0.1872609021
43.77% accepted

energy = -307.7519803
energy/site = -0.3846899754
43.7552% accepted

energy = -302.2734368
energy/site = -0.377841796
43.71% accepted

energy = -13211.52903
energy/site = -16.51441129
43.7571% accepted

energy = -1042.817119
energy/site = -1.303521398
43.6273% accepted

energy = -487.6972411
energy/site = -0.6096215514
43.7951% accepted

energy = -22317.4437
energy/site = -27.89680463
43.6819% accepted

energy = -281.5748268
energy/site = -0.3519685336
43.6296% accepted

energy = -266.2541599
energy/site = -0.3328176999
43.7857% accepted

energy = -5572.850241
energy/site = -6.966062801
43.6983% accepted

energy = -842.1137747
energy/site = -1.052642218
43.7699% accepted

energy = -270.9112543
energy/site = -0.3386390678
43.6264% accepted

energy = -11413.36431
energy/site = -14.26670538
43.686% accepted

energy = -1693.543708
energy/site = -2.116929635
43.7144% accepted

energy = -4082.878556
energy/site = -5.103598195
43.7208% accepted

energy = -1267.315436
energy/site = -1.584144295
43.8205% accepted

energy = -788.1691202
energy/site = -0.9852114002
43.7749% accepted

energy = -176.9676115
energy/site = -0.2212095144
43.7376% accepted

energy = -1959.025007
energy/site = -2.448781259
43.7165% accepted

energy = -642.3616445
energy/site = -0.8029520557
43.6316% accepted

energy = -959.3166838
energy/site = -1.199145855
43.7651% accepted

energy = -130.8120158
energy/site = -0.1635150198
43.5963% accepted

energy = -3986.372908
energy/site = -4.982966135
43.7132% accepted

energy = -264.6478983
energy/site = -0.3308098728
43.5995% accepted

energy = -407.9224258
energy/site = -0.5099030322
43.6646% accepted

energy = -827.2231258
energy/site = -1.034028907
43.7415% accepted

energy = -1731.384522
energy/site = -2.164230653
43.715% accepted

energy = -273.3470526
energy/site = -0.3416838157
43.8007% accepted

energy = -4610.399772
energy/site = -5.762999715
43.6675% accepted

energy = -15982.43381
energy/site = -19.97804227
43.5986% accepted

energy = -557.1267743
energy/site = -0.6964084678
43.7828% accepted

energy = -1374.536413
energy/site = -1.718170516
43.7292% accepted

energy = -447.5157105
energy/site = -0.5593946381
43.6203% accepted

energy = -546.4185995
energy/site = -0.6830232494
43.8176% accepted

energy = -28356.38341
energy/site = -35.44547926
43.6893% accepted

energy = -968.6965585
energy/site = -1.210870698
43.7693% accepted

energy = -1301.432262
energy/site = -1.626790328
43.7283% accepted

energy = -2647.467941
energy/site = -3.309334926
43.8978% accepted

energy = -2544.433352
energy/site = -3.18054169
43.7647% accepted

energy = -372.3600989
energy/site = -0.4654501237
43.7344% accepted

energy = -1730.164014
energy/site = -2.162705018
43.6861% accepted

energy = -428.4368293
energy/site = -0.5355460367
43.643% accepted

energy = -333767.2416
energy/site = -417.209052
43.6494% accepted

energy = -702.172271
energy/site = -0.8777153387
43.8184% accepted

energy = -30817.88554
energy/site = -38.52235693
43.7026% accepted

energy = -3845.949541
energy/site = -4.807436926
43.6735% accepted

energy = -1141.753777
energy/site = -1.427192221
43.6859% accepted

energy = -6967.351512
energy/site = -8.70918939
43.5944% accepted

energy = -213.8076716
energy/site = -0.2672595895
43.7739% accepted

energy = -11195.29445
energy/site = -13.99411806
43.7285% accepted

energy = -323.5144897
energy/site = -0.4043931121
43.6733% accepted

energy = -738.0012184
energy/site = -0.9225015229
43.7049% accepted

energy = -13392.21222
energy/site = -16.74026528
43.7012% accepted

energy = -1106.855251
energy/site = -1.383569063
43.6511% accepted

energy = -1955.414723
energy/site = -2.444268404
43.6176% accepted

energy = -2837.940605
energy/site = -3.547425756
43.5108% accepted

energy = -1531.701164
energy/site = -1.914626455
43.6295% accepted

energy = -11978.50554
energy/site = -14.97313193
43.7628% accepted

energy = -488.0014693
energy/site = -0.6100018367
43.5722% accepted

energy = -5322.148933
energy/site = -6.652686167
43.5666% accepted

energy = -130540.9065
energy/site = -163.1761332
43.751% accepted

energy = -667.6513274
energy/site = -0.8345641592
43.4879% accepted

energy = -3092.959038
energy/site = -3.866198797
43.6252% accepted

energy = -622.3488876
energy/site = -0.7779361095
43.8409% accepted

energy = -114279.2439
energy/site = -142.8490549
43.64% accepted

energy = -18649.82883
energy/site = -23.31228604
43.6129% accepted

energy = -1413.46699
energy/site = -1.766833738
43.8039% accepted

energy = -103.6988328
energy/site = -0.129623541
43.698% accepted

energy = -1646.322843
energy/site = -2.057903554
43.5561% accepted

energy = -4494.740252
energy/site = -5.618425316
43.7576% accepted

energy = -2146.735706
energy/site = -2.683419632
43.6001% accepted

energy = -10032.1275
energy/site = -12.54015937
43.6669% accepted

energy = -6583.725728
energy/site = -8.229657159
43.7174% accepted

energy = -282.6775838
energy/site = -0.3533469797
43.6588% accepted

energy = -17999.20338
energy/site = -22.49900422
43.7629% accepted

energy = -4362.53026
energy/site = -5.453162825
43.7173% accepted

energy = -1866.42607
energy/site = -2.333032587
43.5516% accepted

energy = -156.9714037
energy/site = -0.1962142546
43.5656% accepted

energy = -260.5371029
energy/site = -0.3256713786
43.7067% accepted

energy = -1888.40676
energy/site = -2.36050845
43.6498% accepted

energy = -3215.399105
energy/site = -4.019248881
43.7325% accepted

energy = -857.4700032
energy/site = -1.071837504
43.7824% accepted

energy = -141.9725996
energy/site = -0.1774657495
43.7701% accepted

energy = -1752.651902
energy/site = -2.190814877
43.7383% accepted

energy = -3307.508638
energy/site = -4.134385797
43.8709% accepted

energy = -4211.966249
energy/site = -5.264957811
43.598% accepted

energy = -1071.590193
energy/site = -1.339487741
43.7557% accepted

energy = -354.5379151
energy/site = -0.4431723938
43.5573% accepted

energy = -715.2682112
energy/site = -0.894085264
43.7374% accepted

energy = -1230.631133
energy/site = -1.538288916
43.6816% accepted

energy = -273.8020868
energy/site = -0.3422526085
43.7819% accepted

energy = -99464.00589
energy/site = -124.3300074
43.6976% accepted

energy = -4677.386605
energy/site = -5.846733256
43.5884% accepted

energy = -383.6521662
energy/site = -0.4795652077
43.6806% accepted

energy = -946.7058476
energy/site = -1.183382309
43.6452% accepted

energy = -621.7670694
energy/site = -0.7772088368
43.6499% accepted

energy = -211.1750178
energy/site = -0.2639687723
43.6408% accepted

energy = -935.4535434
energy/site = -1.169316929
43.56% accepted

energy = -856.2603735
energy/site = -1.070325467
43.6692% accepted

energy = -2150.315284
energy/site = -2.687894105
43.7012% accepted

energy = -1608.111944
energy/site = -2.01013993
43.68% accepted

energy = -155.3047542
energy/site = -0.1941309427
43.6268% accepted

energy = -795.9759201
energy/site = -0.9949699001
43.6398% accepted

energy = -2420.517768
energy/site = -3.02564721
43.5542% accepted

energy = -11920.66553
energy/site = -14.90083192
43.7144% accepted

energy = -3794.447801
energy/site = -4.743059751
43.4662% accepted

energy = -400.4120098
energy/site = -0.5005150123
43.8231% accepted

energy = -2857.564655
energy/site = -3.571955818
43.6206% accepted

energy = -11109.61306
energy/site = -13.88701633
43.7177% accepted

energy = -753.5952133
energy/site = -0.9419940167
43.7553% accepted

energy = -2033.328927
energy/site = -2.541661159
43.6276% accepted

energy = -1550.462622
energy/site = -1.938078278
43.6437% accepted

energy = -384.302414
energy/site = -0.4803780176
43.6864% accepted

energy = -2008.497033
energy/site = -2.510621291
43.5539% accepted

energy = -139.301925
energy/site = -0.1741274063
43.5886% accepted

energy = -6107.63871
energy/site = -7.634548388
43.6061% accepted

energy = -755.5180886
energy/site = -0.9443976107
43.4241% accepted

energy = -4818.055637
energy/site = -6.022569546
43.6957% accepted

energy = -3140.270751
energy/site = -3.925338439
43.8934% accepted

energy = -432.0605974
energy/site = -0.5400757468
43.661% accepted

energy = -287.4221738
energy/site = -0.3592777172
43.6776% accepted

energy = -490.8033961
energy/site = -0.6135042451
43.6734% accepted

energy = -127.6739494
energy/site = -0.1595924367
43.672% accepted

energy = -1954.022339
energy/site = -2.442527923
43.6425% accepted

energy = -868.5677061
energy/site = -1.085709633
43.7492% accepted

energy = -2178.412127
energy/site = -2.723015159
43.8276% accepted

energy = -10266.45187
energy/site = -12.83306483
43.7533% accepted

energy = -239.7319376
energy/site = -0.299664922
43.7317% accepted

energy = -1370.245907
energy/site = -1.712807383
43.7887% accepted

energy = -214.1820589
energy/site = -0.2677275736
43.6421% accepted

energy = -399.0869098
energy/site = -0.4988586373
43.6305% accepted

energy = -7024.856114
energy/site = -8.781070143
43.6555% accepted

energy = -1797.07983
energy/site = -2.246349787
43.6935% accepted

energy = -2862.784251
energy/site = -3.578480314
43.6471% accepted

energy = -2030.644367
energy/site = -2.538305459
43.7307% accepted

energy = -472.7546309
energy/site = -0.5909432887
43.5906% accepted

energy = -337.6518925
energy/site = -0.4220648657
43.5272% accepted

energy = -436.4263394
energy/site = -0.5455329242
43.756% accepted

energy = -6842.870939
energy/site = -8.553588674
43.6868% accepted

energy = -57.18558568
energy/site = -0.07148198211
43.5952% accepted

energy = -737.1466627
energy/site = -0.9214333284
43.6346% accepted

energy = -227.6659671
energy/site = -0.2845824588
43.7234% accepted

energy = -337.7444426
energy/site = -0.4221805533
43.7957% accepted

energy = -4924.028392
energy/site = -6.155035489
43.6% accepted

energy = -476.9254503
energy/site = -0.5961568128
43.6941% accepted

energy = -3309.177773
energy/site = -4.136472216
43.6809% accepted

energy = -260.3329269
energy/site = -0.3254161586
43.7716% accepted

energy = -14195.63868
energy/site = -17.74454835
43.643% accepted

energy = -4573.518299
energy/site = -5.716897874
43.5891% accepted

energy = -2142.577713
energy/site = -2.678222141
43.4847% accepted

energy = -1063.584213
energy/site = -1.329480266
43.6186% accepted

energy = -568.6048614
energy/site = -0.7107560768
43.6873% accepted

energy = -10077.32057
energy/site = -12.59665071
43.5768% accepted

energy = -9341.209334
energy/site = -11.67651167
43.7839% accepted

energy = -195.6170691
energy/site = -0.2445213364
43.7337% accepted

energy = -621.325406
energy/site = -0.7766567575
43.729% accepted

energy = -13630.68828
energy/site = -17.03836035
43.6009% accepted

energy = -296.2187795
energy/site = -0.3702734744
43.7011% accepted

energy = -1159.522261
energy/site = -1.449402826
43.666% accepted

energy = -217.9983592
energy/site = -0.272497949
43.6472% accepted

energy = -326.9294799
energy/site = -0.4086618499
43.7823% accepted

energy = -17879.97856
energy/site = -22.3499732
43.654% accepted

energy = -675.1147622
energy/site = -0.8438934528
43.5619% accepted

energy = -324.7539194
energy/site = -0.4059423993
43.6643% accepted

energy = -2491.722669
energy/site = -3.114653336
43.5581% accepted

energy = -21376.20691
energy/site = -26.72025864
43.669% accepted

energy = -4235.186521
energy/site = -5.293983152
43.7033% accepted

energy = -177.403007
energy/site = -0.2217537587
43.6998% accepted

energy = -2154.973
energy/site = -2.69371625
43.7913% accepted

energy = -3875.532135
energy/site = -4.844415169
43.6576% accepted

energy = -1493.00337
energy/site = -1.866254212
43.7779% accepted

energy = -755.2688079
energy/site = -0.9440860099
43.6112% accepted

energy = -4878.855309
energy/site = -6.098569136
43.5878% accepted

energy = -499.2182404
energy/site = -0.6240228005
43.7194% accepted

energy = -2348.206165
energy/site = -2.935257706
43.6796% accepted

energy = -664.5586771
energy/site = -0.8306983463
43.8101% accepted

energy = -208.843781
energy/site = -0.2610547262
43.7219% accepted

energy = -2385.121332
energy/site = -2.981401665
43.5211% accepted

energy = -1196.636204
energy/site = -1.495795256
43.7202% accepted

energy = -1720.704114
energy/site = -2.150880142
43.6881% accepted

energy = -1121.816464
energy/site = -1.40227058
43.5973% accepted

energy = -3736.68312
energy/site = -4.6708539
43.6928% accepted

energy = -1687.181049
energy/site = -2.108976311
43.6594% accepted

energy = -43.85158253
energy/site = -0.05481447816
43.7115% accepted

energy = -779.7130125
energy/site = -0.9746412656
43.6614% accepted

energy = -39.4432996
energy/site = -0.0493041245
43.6887% accepted

energy = -495.0254568
energy/site = -0.618781821
43.7888% accepted

energy = -2657.270362
energy/site = -3.321587952
43.6717% accepted

energy = -1364.417826
energy/site = -1.705522282
43.6336% accepted

energy = -2089.498666
energy/site = -2.611873332
43.6939% accepted

energy = -9957.787687
energy/site = -12.44723461
43.6988% accepted

energy = -661.1833703
energy/site = -0.8264792128
43.8276% accepted

energy = -1798.14251
energy/site = -2.247678138
43.7877% accepted

energy = -956.8696567
energy/site = -1.196087071
43.7962% accepted

energy = -25064.55091
energy/site = -31.33068863
43.9248% accepted

energy = -1204.15854
energy/site = -1.505198174
43.7391% accepted

energy = -1851.5431
energy/site = -2.314428875
43.6838% accepted

energy = -2508.471458
energy/site = -3.135589322
43.6323% accepted

energy = -2023.675794
energy/site = -2.529594743
43.8034% accepted

energy = -3962.165594
energy/site = -4.952706993
43.7917% accepted

energy = -123.3643951
energy/site = -0.1542054938
43.821% accepted

energy = -352.6940721
energy/site = -0.4408675901
43.7798% accepted

energy = -148.123045
energy/site = -0.1851538063
43.8218% accepted


------------------------------------------------------------
Sender: LSF System <lsfadmin@wha710>
Subject: Job 3220359: <./torus09> Exited

Job <./torus09> was submitted from host <wha781> by user <akallin>.
Job was executed on host(s) <wha710>, in queue <serial>, as user <akallin>.
</home/akallin> was used as the home directory.
</work/akallin/TORUS/10leg/09> was used as the working directory.
Started at Thu May 27 08:59:38 2010
Results reported at Thu Jun  3 10:01:41 2010

Your job looked like:

------------------------------------------------------------
# LSBATCH: User input
./torus09
------------------------------------------------------------

TERM_RUNLIMIT: job killed after reaching LSF run time limit.
Exited with signal termination: Killed.

Resource usage summary:

    CPU time   : 581187.00 sec.
    Max Memory :         7 MB
    Max Swap   :       131 MB

    Max Processes  :         4
    Max Threads    :         4

The output (if any) is above this job summary.

