
weighting by <swap_x> where x = 17
9 x 36 x 1 system
r   = 3  bondops changed per step 
n/N = 80  bond operators / site
its = 1000000  iterations/loop for 10000 loops

energy = -6826.733868
energy/site = -10.53508313
45.0042% accepted

energy = -26.71076401
energy/site = -0.04122031483
44.1063% accepted

energy = -22.49808188
energy/site = -0.03471926216
44.1378% accepted

energy = -1438.439656
energy/site = -2.219814283
44.3289% accepted

energy = -77.91869778
energy/site = -0.120244904
44.1788% accepted

energy = -15.45754456
energy/site = -0.02385423542
44.1373% accepted

energy = -1943.406846
energy/site = -2.999084638
44.253% accepted

energy = -131.0727639
energy/site = -0.2022727838
44.2609% accepted

energy = -361.5034139
energy/site = -0.5578756387
44.3113% accepted

energy = -60.19337332
energy/site = -0.09289100822
44.2185% accepted

energy = -101.5037809
energy/site = -0.1566416372
44.2074% accepted

energy = -791.0503991
energy/site = -1.220756789
44.1511% accepted

energy = -418.1367025
energy/site = -0.645272689
44.3484% accepted

energy = -834.2052611
energy/site = -1.287353798
44.1974% accepted

energy = -817.4065007
energy/site = -1.261429785
44.1977% accepted

energy = -272.4424074
energy/site = -0.4204358139
44.2234% accepted

energy = -863.7492408
energy/site = -1.332946359
44.2365% accepted

energy = -2.993147778
energy/site = -0.004619055213
44.1698% accepted

energy = -63.02026024
energy/site = -0.09725348803
44.2818% accepted

energy = -8.352719718
energy/site = -0.01288999957
44.3177% accepted

energy = -48.47325351
energy/site = -0.07480440356
44.3637% accepted

energy = -109.0942038
energy/site = -0.1683552528
44.3806% accepted

energy = -49.3203847
energy/site = -0.07611170478
44.1931% accepted

energy = -23.78601472
energy/site = -0.03670681284
44.2161% accepted

energy = -3.184257726
energy/site = -0.004913977973
44.2726% accepted

energy = -810.346106
energy/site = -1.250534114
44.1527% accepted

energy = -105360.3614
energy/site = -162.5931502
44.3256% accepted

energy = -114.9407875
energy/site = -0.1773777585
44.2959% accepted

energy = -108.6187517
energy/site = -0.1676215304
44.2806% accepted

energy = -8.245539656
energy/site = -0.01272459823
44.4488% accepted

energy = -58.49405236
energy/site = -0.09026859931
44.3062% accepted

energy = -177.5592437
energy/site = -0.2740111785
44.1637% accepted

energy = -32.13253893
energy/site = -0.04958725144
44.1499% accepted

energy = -264.380339
energy/site = -0.4079943503
44.3738% accepted

energy = -160.7586737
energy/site = -0.248084373
44.2997% accepted

energy = -140.6682365
energy/site = -0.2170806119
44.2144% accepted

energy = -177.3257033
energy/site = -0.2736507766
44.3791% accepted

energy = -34.96535866
energy/site = -0.05395888682
44.349% accepted

energy = -107.922089
energy/site = -0.1665464337
44.1498% accepted

energy = -351.8771338
energy/site = -0.5430202683
44.3957% accepted

energy = -19.18050259
energy/site = -0.02959954103
44.1514% accepted

energy = -19.46113584
energy/site = -0.03003261703
44.1884% accepted

energy = -32.49887107
energy/site = -0.05015257881
44.4143% accepted

energy = -336.9642876
energy/site = -0.5200066166
44.2309% accepted

energy = -40.8115656
energy/site = -0.06298081111
44.148% accepted

energy = -503.5751501
energy/site = -0.7771221452
44.2015% accepted

energy = -1444.703573
energy/site = -2.229480823
44.2938% accepted

energy = -129.8752908
energy/site = -0.2004248315
44.1225% accepted

energy = -1137.116263
energy/site = -1.754809048
44.1871% accepted

energy = -3115.453163
energy/site = -4.807798091
44.1659% accepted

energy = -24.55107716
energy/site = -0.03788746476
44.1333% accepted

energy = -42.53614477
energy/site = -0.06564219873
44.0795% accepted

energy = -439.76944
energy/site = -0.6786565432
44.1415% accepted

energy = -1299.289406
energy/site = -2.005076245
44.2916% accepted

energy = -23.74247209
energy/site = -0.03663961743
44.305% accepted

energy = -987.4087486
energy/site = -1.523778933
44.2691% accepted

energy = -313.6720456
energy/site = -0.4840617988
44.3317% accepted

energy = -4628.754617
energy/site = -7.143139841
44.3857% accepted

energy = -9.126884834
energy/site = -0.01408469882
44.1857% accepted

energy = -2.554306828
energy/site = -0.003941831525
44.1741% accepted

energy = -94.3101295
energy/site = -0.1455403233
44.2973% accepted

energy = -161.6439632
energy/site = -0.2494505605
44.2627% accepted

energy = -50.9634492
energy/site = -0.07864729814
44.2156% accepted

energy = -79.25016538
energy/site = -0.1222996379
44.2516% accepted

energy = -273.9544459
energy/site = -0.4227692067
44.2398% accepted

energy = -38.35203365
energy/site = -0.05918523711
44.4716% accepted

energy = -60.93501988
energy/site = -0.09403552451
44.088% accepted

energy = -688.329213
energy/site = -1.06223644
44.4032% accepted

energy = -845751.931
energy/site = -1305.172733
44.2085% accepted

energy = -25432.15853
energy/site = -39.24715822
44.2063% accepted

energy = -23.57028033
energy/site = -0.03637388939
44.2428% accepted

energy = -36.75489926
energy/site = -0.05672052355
44.1846% accepted

energy = -90.93510936
energy/site = -0.1403319589
44.3374% accepted

energy = -17.41140087
energy/site = -0.02686944578
44.0781% accepted

energy = -448.1622515
energy/site = -0.6916084128
44.2286% accepted

energy = -33.51303036
energy/site = -0.05171763944
44.1909% accepted

energy = -370.8518654
energy/site = -0.5723022614
44.3247% accepted

energy = -324.4519916
energy/site = -0.5006975179
44.3325% accepted

energy = -47.92165537
energy/site = -0.07395317187
44.2501% accepted

energy = -2938.963076
energy/site = -4.535436846
44.3109% accepted

energy = -686.2970972
energy/site = -1.059100459
44.3314% accepted

energy = -28.70295821
energy/site = -0.0442946886
44.4002% accepted

energy = -162.0832381
energy/site = -0.2501284538
44.2663% accepted

energy = -5901.003041
energy/site = -9.106486175
44.1895% accepted

energy = -84.01804376
energy/site = -0.1296574749
44.1829% accepted

energy = -67.71869904
energy/site = -0.1045041652
44.2595% accepted

energy = -169.2852146
energy/site = -0.2612426151
44.0764% accepted

energy = -26.36711401
energy/site = -0.04068999076
44.1734% accepted

energy = -1446.628682
energy/site = -2.23245167
44.1892% accepted

energy = -574.6831818
energy/site = -0.886856762
44.2809% accepted

energy = -869.6520762
energy/site = -1.342055673
44.2634% accepted

energy = -181.517781
energy/site = -0.2801200325
44.2828% accepted

energy = -121.9694165
energy/site = -0.1882244082
44.214% accepted

energy = -96.65690773
energy/site = -0.1491618946
44.1845% accepted

energy = -54.38774016
energy/site = -0.08393169778
44.1854% accepted

energy = -27.49250411
energy/site = -0.04242670388
44.261% accepted

energy = -2516.314319
energy/site = -3.883201109
44.2269% accepted

energy = -65.96404921
energy/site = -0.1017963722
44.1441% accepted

energy = -497.698597
energy/site = -0.7680533904
44.2514% accepted

energy = -206.8804439
energy/site = -0.3192599443
44.2732% accepted

energy = -19.75733568
energy/site = -0.03048971555
44.4203% accepted

energy = -2367.706568
energy/site = -3.65386816
44.3857% accepted

energy = -29.62239371
energy/site = -0.04571357054
44.2562% accepted

energy = -60.17403768
energy/site = -0.09286116926
44.2585% accepted

energy = -215.2613348
energy/site = -0.3321934178
44.3689% accepted

energy = -5.134658698
energy/site = -0.007923856016
44.3035% accepted

energy = -128.5010116
energy/site = -0.1983040302
44.2299% accepted

energy = -189.3453128
energy/site = -0.2921995568
44.1755% accepted

energy = -255.0560949
energy/site = -0.3936050847
44.3743% accepted

energy = -46.81702022
energy/site = -0.07224848799
44.3459% accepted

energy = -40.06948547
energy/site = -0.06183562572
44.2315% accepted

energy = -133.4973631
energy/site = -0.2060144493
44.3604% accepted

energy = -62.83607659
energy/site = -0.09696925399
44.2235% accepted

energy = -29.42790865
energy/site = -0.04541343927
44.2636% accepted

energy = -266.9336687
energy/site = -0.4119346739
44.2388% accepted

energy = -37255.68204
energy/site = -57.49333648
44.2187% accepted

energy = -4.670987656
energy/site = -0.007208314283
44.1727% accepted

energy = -103.8089823
energy/site = -0.1601990467
44.388% accepted

energy = -328.9460663
energy/site = -0.5076328184
44.2183% accepted

energy = -36.31838704
energy/site = -0.05604689359
44.2946% accepted

energy = -8.111991018
energy/site = -0.01251850466
44.1949% accepted

energy = -267.1215565
energy/site = -0.4122246242
44.2166% accepted

energy = -28.7815616
energy/site = -0.04441599013
44.3444% accepted

energy = -122.8459354
energy/site = -0.1895770609
44.1789% accepted

energy = -4.205262645
energy/site = -0.006489602848
44.193% accepted

energy = -343.5869705
energy/site = -0.5302268063
44.3673% accepted

energy = -11.57531124
energy/site = -0.01786313463
44.2942% accepted

