
weighting by <swap_x> where x = 11
10 x 40 x 1 system
r   = 3  bondops changed per step 
n/N = 80  bond operators / site
its = 1000000  iterations/loop for 10000 loops

energy = -2538.011474
energy/site = -3.172514343
44.6836% accepted

energy = -61.46239791
energy/site = -0.07682799739
43.8405% accepted

energy = -550.0932812
energy/site = -0.6876166016
43.8393% accepted

energy = -150.1835543
energy/site = -0.1877294428
43.7239% accepted

energy = -103.434497
energy/site = -0.1292931212
43.8248% accepted

energy = -2510.182055
energy/site = -3.137727569
43.6286% accepted

energy = -239.158745
energy/site = -0.2989484313
43.798% accepted

energy = -757.5718256
energy/site = -0.946964782
43.7052% accepted

energy = -29084.07544
energy/site = -36.3550943
43.6596% accepted

energy = -667.9158044
energy/site = -0.8348947554
43.5758% accepted

energy = -851.6490647
energy/site = -1.064561331
43.7667% accepted

energy = -1396.105864
energy/site = -1.74513233
43.7719% accepted

energy = -215.2506177
energy/site = -0.2690632721
43.6009% accepted

energy = -2889.340958
energy/site = -3.611676198
43.4929% accepted

energy = -8330.027038
energy/site = -10.4125338
43.5621% accepted

energy = -2437.287745
energy/site = -3.046609681
43.6331% accepted

energy = -45.92611806
energy/site = -0.05740764758
43.7583% accepted

energy = -322.0551265
energy/site = -0.4025689081
43.7888% accepted

energy = -190.4734178
energy/site = -0.2380917723
43.593% accepted

energy = -62.70341554
energy/site = -0.07837926943
43.7022% accepted

energy = -3042.852747
energy/site = -3.803565934
43.6015% accepted

energy = -71.28997499
energy/site = -0.08911246874
43.7432% accepted

energy = -113.2806235
energy/site = -0.1416007794
43.7883% accepted

energy = -4737.469112
energy/site = -5.92183639
43.7521% accepted

energy = -2604.904847
energy/site = -3.256131058
43.672% accepted

energy = -53.89822379
energy/site = -0.06737277974
43.7245% accepted

energy = -7422.638106
energy/site = -9.278297632
43.838% accepted

energy = -1609.845276
energy/site = -2.012306595
43.594% accepted

energy = -4142.382887
energy/site = -5.177978609
43.6655% accepted

energy = -14.135697
energy/site = -0.01766962125
43.6392% accepted

energy = -80788.45812
energy/site = -100.9855727
43.7305% accepted

energy = -2389.661042
energy/site = -2.987076303
43.7382% accepted

energy = -679.6209702
energy/site = -0.8495262128
43.6665% accepted

energy = -758.1303483
energy/site = -0.9476629354
43.5851% accepted

energy = -8827.40936
energy/site = -11.0342617
43.7409% accepted

energy = -789.0055669
energy/site = -0.9862569587
43.7938% accepted

energy = -108.9709831
energy/site = -0.1362137289
43.5254% accepted

energy = -103.908695
energy/site = -0.1298858688
43.6208% accepted

energy = -107.1183002
energy/site = -0.1338978752
43.6659% accepted

energy = -864.0860054
energy/site = -1.080107507
43.6293% accepted

energy = -16196.71229
energy/site = -20.24589036
43.7668% accepted

energy = -1040.216984
energy/site = -1.30027123
43.6142% accepted

energy = -539.0675067
energy/site = -0.6738343834
43.79% accepted

energy = -137.5993216
energy/site = -0.171999152
43.8053% accepted

energy = -1486.04356
energy/site = -1.85755445
43.869% accepted

energy = -1509.025686
energy/site = -1.886282108
43.7274% accepted

energy = -830.5076371
energy/site = -1.038134546
43.5969% accepted

energy = -170.390687
energy/site = -0.2129883587
43.7442% accepted

energy = -948.2410192
energy/site = -1.185301274
43.6462% accepted

energy = -187.373544
energy/site = -0.23421693
43.6456% accepted

energy = -451.0823119
energy/site = -0.5638528899
43.7002% accepted

energy = -144.4676383
energy/site = -0.1805845479
43.6855% accepted

energy = -93.63682938
energy/site = -0.1170460367
43.5638% accepted

energy = -1285.991725
energy/site = -1.607489656
43.6037% accepted

energy = -284.2511056
energy/site = -0.355313882
43.5921% accepted

energy = -8740.020447
energy/site = -10.92502556
43.6343% accepted

energy = -44.3280202
energy/site = -0.05541002526
43.7121% accepted

energy = -757.9952985
energy/site = -0.9474941231
43.7168% accepted

energy = -3403.357633
energy/site = -4.254197041
43.856% accepted

energy = -449.3767314
energy/site = -0.5617209143
43.717% accepted

energy = -584.5539559
energy/site = -0.7306924449
43.7953% accepted

energy = -1575.083153
energy/site = -1.968853941
43.7503% accepted

energy = -5204.144044
energy/site = -6.505180055
43.5738% accepted

energy = -14316.88118
energy/site = -17.89610147
43.5956% accepted

energy = -12460.58471
energy/site = -15.57573089
43.8031% accepted

energy = -247.0774178
energy/site = -0.3088467722
43.703% accepted

energy = -4483.904842
energy/site = -5.604881053
43.7003% accepted

energy = -1238.161636
energy/site = -1.547702045
43.9163% accepted

energy = -21.4488293
energy/site = -0.02681103662
43.7712% accepted

energy = -492.3503184
energy/site = -0.615437898
43.6719% accepted

energy = -189.4622429
energy/site = -0.2368278036
43.5972% accepted

energy = -374.3071549
energy/site = -0.4678839436
43.6661% accepted

energy = -414.0486864
energy/site = -0.517560858
43.7983% accepted

energy = -371.5131537
energy/site = -0.4643914422
43.7476% accepted

energy = -234.3037717
energy/site = -0.2928797147
43.8339% accepted

energy = -41.12945468
energy/site = -0.05141181835
43.5946% accepted

energy = -310.402135
energy/site = -0.3880026688
43.6318% accepted

energy = -89.79041741
energy/site = -0.1122380218
43.7153% accepted

energy = -50.25515675
energy/site = -0.06281894594
43.6559% accepted

energy = -3926.09925
energy/site = -4.907624062
43.6784% accepted

energy = -452.8831081
energy/site = -0.5661038852
43.7478% accepted

energy = -786.7424223
energy/site = -0.9834280279
43.7059% accepted

energy = -651.2812252
energy/site = -0.8141015314
43.5148% accepted

energy = -7258.114297
energy/site = -9.072642872
43.6001% accepted

energy = -701.7659664
energy/site = -0.877207458
43.6632% accepted

energy = -1700.740814
energy/site = -2.125926017
43.834% accepted

energy = -1847.283678
energy/site = -2.309104597
43.6826% accepted

energy = -58.19374856
energy/site = -0.0727421857
43.5462% accepted

energy = -583.140873
energy/site = -0.7289260913
43.8206% accepted

energy = -603.6926328
energy/site = -0.7546157911
43.6375% accepted

energy = -120.4433921
energy/site = -0.1505542402
43.7081% accepted

energy = -437.3271423
energy/site = -0.5466589279
43.688% accepted

energy = -918.558907
energy/site = -1.148198634
43.6827% accepted

energy = -394.3348615
energy/site = -0.4929185769
43.7031% accepted

energy = -69.32321641
energy/site = -0.08665402051
43.7101% accepted

energy = -646.9220322
energy/site = -0.8086525402
43.7096% accepted

energy = -702.9310033
energy/site = -0.8786637542
43.7108% accepted

energy = -26224.75236
energy/site = -32.78094044
43.5073% accepted

