
weighting by <swap_x> where x = 13
8 x 32 x 1 system
r   = 3  bondops changed per step 
n/N = 80  bond operators / site
its = 1000000  iterations/loop for 10000 loops

energy = -3100.451409
energy/site = -6.055569159
44.4242% accepted

energy = -509.7809765
energy/site = -0.9956659697
43.8217% accepted

energy = -3534.292781
energy/site = -6.902915588
43.853% accepted

energy = -832.1290943
energy/site = -1.625252137
43.751% accepted

energy = -100.1690755
energy/site = -0.1956427257
43.7125% accepted

energy = -309.1276965
energy/site = -0.6037650322
43.7164% accepted

energy = -242.7158599
energy/site = -0.4740544139
43.7089% accepted

energy = -2807.83597
energy/site = -5.484054628
43.7281% accepted

energy = -525.7361578
energy/site = -1.026828433
43.7261% accepted

energy = -377.7065878
energy/site = -0.7377081792
43.638% accepted

energy = -393.4766848
energy/site = -0.76850915
43.7368% accepted

energy = -1895.883429
energy/site = -3.702897322
43.762% accepted

energy = -9230.822275
energy/site = -18.02894976
43.6752% accepted

energy = -25.52414104
energy/site = -0.04985183797
43.7026% accepted

energy = -12.3877449
energy/site = -0.02419481426
43.735% accepted

energy = -991.2314574
energy/site = -1.93599894
43.7052% accepted

energy = -69.33062548
energy/site = -0.1354113779
43.6226% accepted

energy = -520.7925595
energy/site = -1.017172968
43.6525% accepted

energy = -1530.581933
energy/site = -2.989417838
43.8552% accepted

energy = -132.7627836
energy/site = -0.2593023118
43.6459% accepted

energy = -274.4205366
energy/site = -0.5359776106
43.683% accepted

energy = -1817.721873
energy/site = -3.550238034
43.9083% accepted

energy = -66.15146063
energy/site = -0.1292020715
43.7818% accepted

energy = -113.0345431
energy/site = -0.2207705919
43.5023% accepted

energy = -894.7977282
energy/site = -1.747651813
43.7318% accepted

energy = -860.3792958
energy/site = -1.680428312
43.7587% accepted

energy = -318.8640678
energy/site = -0.6227813825
43.5624% accepted

energy = -608.2030966
energy/site = -1.187896673
43.7238% accepted

energy = -242.8688
energy/site = -0.4743531251
43.7586% accepted

energy = -8797.620299
energy/site = -17.18285215
43.7038% accepted

energy = -1002.19971
energy/site = -1.957421309
43.6514% accepted

energy = -1275.464668
energy/site = -2.49114193
43.7513% accepted

energy = -2864.376188
energy/site = -5.594484742
43.6941% accepted

energy = -92.73576251
energy/site = -0.1811245361
43.7763% accepted

energy = -17380.44308
energy/site = -33.9461779
43.7872% accepted

energy = -133.9931507
energy/site = -0.2617053724
43.8482% accepted

energy = -103.1258406
energy/site = -0.2014176573
43.7872% accepted

energy = -1224.980303
energy/site = -2.392539654
43.5733% accepted

energy = -218.2553533
energy/site = -0.4262799869
43.6706% accepted

energy = -693.6037177
energy/site = -1.354694761
43.7714% accepted

energy = -720.9660475
energy/site = -1.408136812
43.7252% accepted

energy = -8247.522462
energy/site = -16.10844231
43.881% accepted

energy = -1551.964105
energy/site = -3.031179892
43.5805% accepted

energy = -450.0991987
energy/site = -0.8790999975
43.6154% accepted

energy = -44.48115444
energy/site = -0.08687725477
43.8518% accepted

energy = -365.9494004
energy/site = -0.7147449227
43.6861% accepted

energy = -327.3380052
energy/site = -0.6393320413
43.5522% accepted

energy = -126.9628323
energy/site = -0.2479742818
43.6955% accepted

energy = -840.348378
energy/site = -1.641305426
43.7108% accepted

energy = -116.1310167
energy/site = -0.2268183921
43.6591% accepted

energy = -81.07892961
energy/site = -0.1583572844
43.5504% accepted

energy = -86.76224216
energy/site = -0.1694575042
43.6066% accepted

energy = -1941.862133
energy/site = -3.792699479
43.7228% accepted

energy = -58.08553127
energy/site = -0.1134483033
43.7552% accepted

energy = -274.6168598
energy/site = -0.5363610544
43.7486% accepted

energy = -343.9095235
energy/site = -0.6716982881
43.6162% accepted

energy = -118.6518687
energy/site = -0.2317419311
43.5251% accepted

energy = -286.6754801
energy/site = -0.5599130471
43.6234% accepted

energy = -1497.20632
energy/site = -2.924231094
43.5938% accepted

energy = -319.7797997
energy/site = -0.6245699213
43.6855% accepted

energy = -129.795271
energy/site = -0.2535063887
43.6076% accepted

energy = -1091.70346
energy/site = -2.13223332
43.6744% accepted

energy = -90.64111864
energy/site = -0.1770334348
43.6332% accepted

energy = -649.5722936
energy/site = -1.268695886
43.7209% accepted

energy = -326.5756904
energy/site = -0.6378431453
43.7209% accepted

energy = -1478.343733
energy/site = -2.887390103
43.6833% accepted

energy = -311.1609104
energy/site = -0.6077361532
43.8496% accepted

energy = -437.7691518
energy/site = -0.8550178745
43.8322% accepted

energy = -88.31433538
energy/site = -0.1724889363
43.7852% accepted

energy = -45.22867356
energy/site = -0.08833725304
43.6037% accepted

energy = -319.5668469
energy/site = -0.6241539978
43.7412% accepted

energy = -245.7656577
energy/site = -0.4800110502
43.7452% accepted

energy = -402.0467496
energy/site = -0.7852475577
43.7658% accepted

energy = -177.6592745
energy/site = -0.3469907706
43.6685% accepted

energy = -768.5799644
energy/site = -1.501132743
43.6905% accepted

energy = -657.7333797
energy/site = -1.284635507
43.7246% accepted

energy = -7646.252497
energy/site = -14.93408691
43.584% accepted

energy = -478.7369524
energy/site = -0.9350331102
43.6983% accepted

energy = -401.4954098
energy/site = -0.7841707223
43.7151% accepted

energy = -1947.717961
energy/site = -3.804136642
43.7241% accepted

energy = -821.583659
energy/site = -1.604655584
43.7388% accepted

energy = -30017.63696
energy/site = -58.62819718
43.5644% accepted

energy = -4911.568091
energy/site = -9.592906428
43.721% accepted

energy = -163.4804546
energy/site = -0.3192977629
43.5239% accepted

energy = -232.478113
energy/site = -0.4540588145
43.7599% accepted

energy = -5128.81191
energy/site = -10.01721076
43.7529% accepted

energy = -2748.907157
energy/site = -5.368959291
43.7403% accepted

energy = -171.7594939
energy/site = -0.3354677616
43.7776% accepted

energy = -320.4576155
energy/site = -0.6258937803
43.6514% accepted

energy = -734.931209
energy/site = -1.435412518
43.8628% accepted

energy = -160.6243575
energy/site = -0.3137194482
43.6719% accepted

energy = -508.641067
energy/site = -0.9934395839
43.7515% accepted

energy = -1306.793414
energy/site = -2.552330887
43.7005% accepted

energy = -755.1724401
energy/site = -1.474946172
43.641% accepted

energy = -352.1219103
energy/site = -0.687738106
43.6793% accepted

energy = -1270.410484
energy/site = -2.481270477
43.7479% accepted

energy = -72.11391219
energy/site = -0.1408474848
43.7551% accepted

energy = -381.6932183
energy/site = -0.7454945671
43.6327% accepted

energy = -393.2907027
energy/site = -0.7681459038
43.5422% accepted

energy = -108.065838
energy/site = -0.2110660898
43.6826% accepted

energy = -389.5550487
energy/site = -0.7608497045
43.6071% accepted

energy = -760.0934581
energy/site = -1.484557535
43.7146% accepted

energy = -49.94170102
energy/site = -0.09754238481
43.5872% accepted

energy = -1781.11736
energy/site = -3.478744843
43.8145% accepted

energy = -121.7042466
energy/site = -0.2377036067
43.7669% accepted

energy = -738.7735644
energy/site = -1.442917118
43.604% accepted

energy = -5368.610771
energy/site = -10.48556791
43.7447% accepted

energy = -396.8512011
energy/site = -0.7751000021
43.8755% accepted

energy = -163.737195
energy/site = -0.319799209
43.6601% accepted

energy = -4105.740446
energy/site = -8.019024309
43.7014% accepted

energy = -100.8064089
energy/site = -0.1968875174
43.8514% accepted

energy = -37.28150644
energy/site = -0.07281544227
43.8081% accepted

energy = -172.4436113
energy/site = -0.3368039283
43.7208% accepted

energy = -641.3328455
energy/site = -1.252603214
43.7188% accepted

energy = -103.3767308
energy/site = -0.2019076773
43.7257% accepted

energy = -917.8286895
energy/site = -1.792634159
43.8569% accepted

energy = -120.4924972
energy/site = -0.2353369085
43.6791% accepted

energy = -237.4149
energy/site = -0.4637009767
43.7128% accepted

energy = -343.5630914
energy/site = -0.6710216628
43.59% accepted

energy = -168.7832636
energy/site = -0.3296548117
43.7128% accepted

energy = -40.73447542
energy/site = -0.0795595223
43.7858% accepted

energy = -262.260891
energy/site = -0.5122283027
43.7945% accepted

energy = -284.2146539
energy/site = -0.555106746
43.8202% accepted

energy = -96.21668729
energy/site = -0.1879232174
43.7839% accepted

energy = -80.88565515
energy/site = -0.1579797952
43.6322% accepted

energy = -30.38731227
energy/site = -0.05935021928
43.491% accepted

energy = -68357.05824
energy/site = -133.5098794
43.7714% accepted

energy = -1503.159714
energy/site = -2.935858816
43.8187% accepted

energy = -163.9257865
energy/site = -0.3201675517
43.8202% accepted

energy = -1015.083975
energy/site = -1.982585888
43.7644% accepted

energy = -252.663299
energy/site = -0.4934830058
43.661% accepted

energy = -1532.95309
energy/site = -2.994049003
43.7929% accepted

energy = -1307029.351
energy/site = -2552.791701
43.8157% accepted

energy = -189.4660316
energy/site = -0.370050843
43.6125% accepted

energy = -22.69190806
energy/site = -0.04432013293
43.5128% accepted

energy = -325.7200862
energy/site = -0.6361720433
43.6377% accepted

energy = -917.2032992
energy/site = -1.791412694
43.6414% accepted

energy = -1653.933467
energy/site = -3.230338802
43.6961% accepted

energy = -544.6223163
energy/site = -1.063715462
43.8164% accepted

energy = -2345.562095
energy/site = -4.581175966
43.6735% accepted

energy = -209.9773324
energy/site = -0.4101119773
43.6372% accepted

energy = -1114.132998
energy/site = -2.176041012
43.8503% accepted

energy = -3377.932673
energy/site = -6.597524753
43.8052% accepted

energy = -394.1428433
energy/site = -0.7698102409
43.7181% accepted

energy = -1175.036511
energy/site = -2.294993185
43.6617% accepted

energy = -3290.879097
energy/site = -6.427498236
43.7293% accepted

energy = -1409.134485
energy/site = -2.75221579
43.8017% accepted

energy = -355.796871
energy/site = -0.6949157637
43.7468% accepted

energy = -872.1106426
energy/site = -1.703341099
43.647% accepted

energy = -1243.868148
energy/site = -2.429429976
43.8083% accepted

energy = -1123.329556
energy/site = -2.19400304
43.427% accepted

energy = -141.3374522
energy/site = -0.2760497112
43.7057% accepted

energy = -129.250308
energy/site = -0.2524420078
43.6256% accepted

energy = -958.4275726
energy/site = -1.871928853
43.6984% accepted

energy = -67.21351886
energy/site = -0.131276404
43.7092% accepted

energy = -1008.813676
energy/site = -1.970339211
43.5705% accepted

energy = -25.27418884
energy/site = -0.04936365008
43.6028% accepted

energy = -752.6507668
energy/site = -1.470021029
43.6977% accepted

energy = -37.96579388
energy/site = -0.07415194118
43.6502% accepted

energy = -1159.980094
energy/site = -2.265586121
43.7547% accepted

energy = -161.500682
energy/site = -0.3154310195
43.6739% accepted

energy = -207.2820397
energy/site = -0.4048477338
43.8625% accepted

energy = -508.5312418
energy/site = -0.9932250816
43.7229% accepted

energy = -751.2828071
energy/site = -1.467349233
43.7066% accepted

energy = -412.3970192
energy/site = -0.8054629282
43.7737% accepted

energy = -171.2981912
energy/site = -0.3345667797
43.6544% accepted

energy = -160.0183117
energy/site = -0.312535765
43.7175% accepted

energy = -1344.019689
energy/site = -2.625038454
43.8928% accepted

energy = -186.6128035
energy/site = -0.3644781318
43.7206% accepted

energy = -621.7965792
energy/site = -1.214446444
43.7287% accepted

energy = -71.29566315
energy/site = -0.1392493421
43.6878% accepted

energy = -1399.715664
energy/site = -2.733819657
43.7601% accepted

energy = -56.24425424
energy/site = -0.1098520591
43.7285% accepted

energy = -102.097108
energy/site = -0.1994084141
43.6844% accepted

energy = -346.6485031
energy/site = -0.6770478575
43.7733% accepted

energy = -83.08310164
energy/site = -0.1622716829
43.6815% accepted

energy = -2841.044103
energy/site = -5.548914263
43.7156% accepted

energy = -799.0086328
energy/site = -1.560563736
43.6843% accepted

energy = -1044.359611
energy/site = -2.039764865
43.7396% accepted

energy = -17.37717643
energy/site = -0.03393979772
43.6861% accepted

energy = -584.1365691
energy/site = -1.140891737
43.6809% accepted

energy = -1555.005656
energy/site = -3.037120423
43.6768% accepted

energy = -538.2863305
energy/site = -1.051340489
43.7099% accepted

energy = -178.8628836
energy/site = -0.3493415695
43.7558% accepted

energy = -30.21528828
energy/site = -0.05901423493
43.7874% accepted

energy = -1037.349895
energy/site = -2.026074014
43.748% accepted

energy = -1638.869063
energy/site = -3.200916139
43.7098% accepted

energy = -753.700085
energy/site = -1.472070478
43.8925% accepted

energy = -3518.917015
energy/site = -6.872884794
43.6289% accepted

energy = -320.5899259
energy/site = -0.626152199
43.9421% accepted

energy = -2381.701668
energy/site = -4.65176107
43.674% accepted

energy = -1667.481908
energy/site = -3.256800601
43.4863% accepted

energy = -514.4271994
energy/site = -1.004740624
43.6926% accepted

energy = -7135.891281
energy/site = -13.93728766
43.8982% accepted

energy = -152.1509955
energy/site = -0.297169913
43.7705% accepted

energy = -83.53633376
energy/site = -0.1631569019
43.6591% accepted

energy = -46.93872119
energy/site = -0.09167718982
43.7677% accepted

energy = -1334.447874
energy/site = -2.606343504
43.773% accepted

energy = -367.6034839
energy/site = -0.7179755544
43.8206% accepted

energy = -40.96105528
energy/site = -0.0800020611
43.7295% accepted

energy = -106.8497938
energy/site = -0.2086910036
43.7196% accepted

energy = -702.2513439
energy/site = -1.371584656
43.7913% accepted

energy = -60.72344116
energy/site = -0.118600471
43.7604% accepted

energy = -459.6391025
energy/site = -0.8977326222
43.7799% accepted

energy = -821.5562197
energy/site = -1.604601992
43.6716% accepted

energy = -38.21159419
energy/site = -0.0746320199
43.7088% accepted

energy = -52.43586636
energy/site = -0.1024138015
43.6851% accepted

energy = -917.2905984
energy/site = -1.7915832
43.5663% accepted

energy = -10092.48131
energy/site = -19.71187755
43.7578% accepted

energy = -1175.663961
energy/site = -2.296218674
43.6707% accepted

energy = -23.33166969
energy/site = -0.04556966735
43.5274% accepted

energy = -3831.821174
energy/site = -7.484025731
43.7881% accepted

energy = -44.83787195
energy/site = -0.08757396865
43.6385% accepted

energy = -81.31909963
energy/site = -0.1588263665
43.819% accepted

energy = -83.58706137
energy/site = -0.1632559792
43.6471% accepted

energy = -233.767394
energy/site = -0.4565769415
43.7464% accepted

energy = -2292.156966
energy/site = -4.476869075
43.6788% accepted

energy = -3614.656473
energy/site = -7.059875924
43.7922% accepted

energy = -91.07221393
energy/site = -0.1778754178
43.7005% accepted

energy = -13.46088063
energy/site = -0.02629078248
43.7748% accepted

energy = -476.911719
energy/site = -0.9314682011
43.6881% accepted

energy = -598.7133193
energy/site = -1.169361952
43.6856% accepted

energy = -45979.81905
energy/site = -89.80433409
43.66% accepted

energy = -1522.17876
energy/site = -2.973005392
43.6603% accepted

energy = -1862.867793
energy/site = -3.638413658
43.7659% accepted

energy = -200.4396164
energy/site = -0.3914836258
43.7498% accepted

energy = -124.8950062
energy/site = -0.243935559
43.7484% accepted

energy = -264.7245468
energy/site = -0.5170401304
43.8012% accepted

energy = -54.03499352
energy/site = -0.1055370967
43.7537% accepted

energy = -4931.827587
energy/site = -9.632475757
43.7014% accepted

energy = -1719.542033
energy/site = -3.358480532
43.5834% accepted

energy = -135.3648437
energy/site = -0.2643844603
43.5806% accepted

energy = -150.0794789
energy/site = -0.2931239822
43.5694% accepted

energy = -2580.561233
energy/site = -5.040158657
43.6492% accepted

energy = -421.5242409
energy/site = -0.8232895329
43.7646% accepted

energy = -994.7171336
energy/site = -1.942806902
43.8507% accepted

energy = -324.5836974
energy/site = -0.6339525341
43.7054% accepted

energy = -1573.962293
energy/site = -3.074145104
43.7937% accepted

energy = -578.5766708
energy/site = -1.13003256
43.852% accepted

energy = -2767.123125
energy/site = -5.404537354
43.7519% accepted

energy = -116.1537766
energy/site = -0.2268628449
43.6752% accepted

energy = -795.3348421
energy/site = -1.553388363
43.8849% accepted

energy = -17.36799317
energy/site = -0.03392186165
43.7241% accepted

energy = -1046.265653
energy/site = -2.043487604
43.7274% accepted

energy = -404.8159691
energy/site = -0.7906561897
43.7266% accepted

energy = -53.74451919
energy/site = -0.104969764
43.7309% accepted

energy = -106.3256141
energy/site = -0.2076672151
43.8227% accepted

energy = -57.87907527
energy/site = -0.1130450689
43.5702% accepted

energy = -32.89115266
energy/site = -0.06424053254
43.8233% accepted

energy = -2361.570777
energy/site = -4.612442924
43.6915% accepted

energy = -325.0195906
energy/site = -0.6348038878
43.8097% accepted

energy = -73231.49014
energy/site = -143.0302542
43.9031% accepted

energy = -13886.98407
energy/site = -27.12301576
43.7365% accepted

energy = -274.4258736
energy/site = -0.5359880343
43.7856% accepted

energy = -28689.67156
energy/site = -56.03451477
43.6998% accepted

energy = -1363.350612
energy/site = -2.662794165
43.7321% accepted

energy = -254.1733231
energy/site = -0.4964322717
43.6524% accepted

energy = -646.3579603
energy/site = -1.262417891
43.7314% accepted

energy = -170.2925494
energy/site = -0.3326026355
43.5516% accepted

energy = -272.1914335
energy/site = -0.5316238936
43.8647% accepted

energy = -114.515384
energy/site = -0.2236628594
43.8156% accepted

energy = -623.5994979
energy/site = -1.217967769
43.7342% accepted

energy = -208.863685
energy/site = -0.4079368848
43.7082% accepted

energy = -843.4497398
energy/site = -1.647362773
43.8171% accepted

energy = -135.347671
energy/site = -0.2643509199
43.8417% accepted

energy = -144.6722926
energy/site = -0.2825630715
43.6072% accepted

energy = -322.7391387
energy/site = -0.6303498802
43.6956% accepted

energy = -96.69109164
energy/site = -0.1888497884
43.5783% accepted

energy = -36.94481712
energy/site = -0.07215784594
43.711% accepted

energy = -2718.603774
energy/site = -5.309772996
43.7353% accepted

energy = -3671.629707
energy/site = -7.171151771
43.6501% accepted

energy = -174.3682133
energy/site = -0.3405629165
43.6875% accepted

energy = -103.4082095
energy/site = -0.2019691592
43.6672% accepted

energy = -86.73160836
energy/site = -0.1693976726
43.6534% accepted

energy = -126.1114226
energy/site = -0.2463113723
43.6737% accepted

energy = -1933.877826
energy/site = -3.777105128
43.7517% accepted

energy = -31458.54613
energy/site = -61.44247291
43.6611% accepted

energy = -818.048926
energy/site = -1.597751809
43.6561% accepted

energy = -47.43299429
energy/site = -0.09264256697
43.7153% accepted

energy = -898.0814062
energy/site = -1.754065246
43.8533% accepted

energy = -2689.312436
energy/site = -5.252563351
43.7912% accepted

energy = -4584.258691
energy/site = -8.953630256
43.5669% accepted

energy = -121.7430168
energy/site = -0.2377793296
43.7125% accepted

energy = -24.57417239
energy/site = -0.04799643045
43.7028% accepted

energy = -300.4501598
energy/site = -0.5868167184
43.8281% accepted

energy = -1174.443147
energy/site = -2.293834271
43.845% accepted

energy = -240.9687131
energy/site = -0.4706420177
43.764% accepted

energy = -267.6194104
energy/site = -0.522694161
43.6254% accepted

energy = -2494.633126
energy/site = -4.872330324
43.857% accepted

energy = -527.4146274
energy/site = -1.030106694
43.8246% accepted

energy = -507.6842043
energy/site = -0.9915707115
43.7431% accepted

energy = -89.03047511
energy/site = -0.1738876467
43.8712% accepted

energy = -178.5371827
energy/site = -0.348705435
43.7633% accepted

energy = -5623.617403
energy/site = -10.98362774
43.7391% accepted

energy = -223.4063278
energy/site = -0.436340484
43.7039% accepted

energy = -3975.444411
energy/site = -7.764539866
43.8492% accepted

energy = -572.3356746
energy/site = -1.117843114
43.7559% accepted

energy = -45.82283725
energy/site = -0.089497729
43.7535% accepted

energy = -20979.12142
energy/site = -40.97484653
43.833% accepted

energy = -323.1566731
energy/site = -0.6311653771
43.6312% accepted

energy = -315.3675752
energy/site = -0.6159522952
43.7597% accepted

energy = -382.7810927
energy/site = -0.7476193218
43.791% accepted

energy = -2003.667814
energy/site = -3.913413699
43.5469% accepted

energy = -31.51294455
energy/site = -0.06154871982
43.7941% accepted

energy = -1270.425677
energy/site = -2.48130015
43.6893% accepted

energy = -404.9180442
energy/site = -0.7908555551
43.6885% accepted

energy = -2225.205562
energy/site = -4.346104614
43.7285% accepted

energy = -354.5520829
energy/site = -0.692484537
43.7309% accepted

energy = -71.93678576
energy/site = -0.1405015347
43.5898% accepted

energy = -566.0765417
energy/site = -1.105618246
43.6091% accepted

energy = -372.6472493
energy/site = -0.7278266587
43.7047% accepted

energy = -255.6273488
energy/site = -0.4992721657
43.812% accepted

energy = -171.7549372
energy/site = -0.3354588617
43.9033% accepted

energy = -124.8471426
energy/site = -0.2438420755
43.6159% accepted

energy = -168.86059
energy/site = -0.3298058398
43.7149% accepted

energy = -1789.758042
energy/site = -3.495621176
43.7337% accepted

energy = -86.75916356
energy/site = -0.1694514913
43.717% accepted

energy = -137.2344546
energy/site = -0.2680360441
43.8553% accepted

energy = -115.560835
energy/site = -0.2257047558
43.542% accepted

energy = -4542.954826
energy/site = -8.872958645
43.7403% accepted

energy = -176.4564975
energy/site = -0.3446415967
43.6839% accepted

energy = -2195.463015
energy/site = -4.2880137
43.6379% accepted

energy = -490.9876618
energy/site = -0.9589602769
43.7761% accepted

energy = -486.5680317
energy/site = -0.950328187
43.7645% accepted

energy = -86.51559392
energy/site = -0.1689757694
43.7852% accepted

energy = -644.5200119
energy/site = -1.258828148
43.7714% accepted

energy = -535.8836248
energy/site = -1.046647705
43.7792% accepted

energy = -215.5675263
energy/site = -0.4210303247
43.6822% accepted

energy = -110.0941649
energy/site = -0.2150276659
43.7521% accepted

energy = -904.2741588
energy/site = -1.766160466
43.6523% accepted

energy = -296.90846
energy/site = -0.579899336
43.6688% accepted

energy = -13130.2076
energy/site = -25.64493671
43.6422% accepted

energy = -55.06237204
energy/site = -0.1075436954
43.7066% accepted

energy = -1319.181188
energy/site = -2.576525757
43.9226% accepted

energy = -576.9748841
energy/site = -1.12690407
43.589% accepted

energy = -1107.525037
energy/site = -2.163134837
43.5866% accepted

energy = -1368.802243
energy/site = -2.67344188
43.7713% accepted

energy = -1418.224659
energy/site = -2.769970037
43.8751% accepted

energy = -245.1749981
energy/site = -0.4788574182
43.8062% accepted

energy = -6943.163227
energy/site = -13.56086568
43.674% accepted

energy = -1978.21494
energy/site = -3.863701054
43.7866% accepted

energy = -2312.633139
energy/site = -4.516861599
43.8396% accepted

energy = -7823.000494
energy/site = -15.27929784
43.7707% accepted

energy = -328.2199973
energy/site = -0.6410546822
43.7682% accepted

energy = -163.9589399
energy/site = -0.3202323046
43.7829% accepted

energy = -887.4194459
energy/site = -1.733241105
43.7139% accepted

energy = -542.1643144
energy/site = -1.058914676
43.8904% accepted

energy = -10971.49775
energy/site = -21.42870653
43.7506% accepted

energy = -23.23472434
energy/site = -0.04538032097
43.7509% accepted

energy = -525.5435128
energy/site = -1.026452173
43.7044% accepted

energy = -497.2683685
energy/site = -0.9712272823
43.5913% accepted

energy = -144.844612
energy/site = -0.2828996328
43.7201% accepted

energy = -94.16062327
energy/site = -0.1839074673
43.6208% accepted

energy = -258.4559749
energy/site = -0.5047968259
43.8034% accepted

energy = -430.8810272
energy/site = -0.8415645063
43.5519% accepted

energy = -68.1743833
energy/site = -0.1331530924
43.7058% accepted

energy = -626.7487438
energy/site = -1.22411864
43.7055% accepted

energy = -689.7676724
energy/site = -1.347202485
43.6686% accepted

energy = -55.63763187
energy/site = -0.1086672497
43.8801% accepted

energy = -586.6774766
energy/site = -1.145854447
43.8338% accepted

energy = -761.4212039
energy/site = -1.487150789
43.632% accepted

energy = -107.0201011
energy/site = -0.2090236349
43.8007% accepted

energy = -1467.30008
energy/site = -2.86582047
43.7928% accepted

energy = -155.5762036
energy/site = -0.3038597727
43.6025% accepted

energy = -1371.411593
energy/site = -2.678538267
43.7103% accepted

energy = -588.1013083
energy/site = -1.148635368
43.6966% accepted

energy = -317.2830497
energy/site = -0.6196934564
43.705% accepted

energy = -107.3926415
energy/site = -0.209751253
43.7759% accepted

energy = -1048.115909
energy/site = -2.047101384
43.7172% accepted

energy = -98.02540832
energy/site = -0.1914558756
43.7588% accepted

energy = -2106.617331
energy/site = -4.114486974
43.8471% accepted

energy = -311.2959387
energy/site = -0.6079998804
43.7611% accepted

energy = -872.9752668
energy/site = -1.705029818
43.6552% accepted

energy = -308.9437403
energy/site = -0.6034057428
43.8692% accepted

energy = -32.35238267
energy/site = -0.0631882474
43.8938% accepted

energy = -3667.1012
energy/site = -7.162307031
43.7824% accepted

energy = -4421.611185
energy/site = -8.635959345
43.6298% accepted

energy = -226.4422385
energy/site = -0.4422699971
43.8718% accepted

energy = -1402.118808
energy/site = -2.738513296
43.6656% accepted

energy = -95.40247795
energy/site = -0.1863329647
43.7433% accepted

energy = -7.786676224
energy/site = -0.015208352
43.7868% accepted

energy = -428.4439978
energy/site = -0.8368046832
43.7366% accepted

energy = -225.7591065
energy/site = -0.4409357549
43.7377% accepted

energy = -72.38467284
energy/site = -0.1413763141
43.7535% accepted

energy = -45.78446324
energy/site = -0.08942277976
43.7299% accepted

energy = -751.6631111
energy/site = -1.468092014
43.812% accepted

energy = -158.0702784
energy/site = -0.3087310124
43.6688% accepted

energy = -193.5804288
energy/site = -0.378086775
43.7053% accepted

energy = -257.2226922
energy/site = -0.5023880708
43.7435% accepted

energy = -198.5024158
energy/site = -0.3877000308
43.557% accepted

energy = -20492.51397
energy/site = -40.02444135
43.7328% accepted

energy = -35.12771051
energy/site = -0.0686088096
43.7272% accepted

energy = -772.2024534
energy/site = -1.508207917
43.6622% accepted

energy = -298.1713868
energy/site = -0.5823659898
43.7829% accepted

energy = -286.0934325
energy/site = -0.5587762354
43.6262% accepted

energy = -159.8268069
energy/site = -0.3121617323
43.5409% accepted

energy = -858.14334
energy/site = -1.676061211
43.6938% accepted

energy = -476.9361813
energy/site = -0.931515979
43.7337% accepted

energy = -829.4363384
energy/site = -1.619992848
43.7106% accepted

energy = -98.96787535
energy/site = -0.1932966316
43.7327% accepted

energy = -2154.241019
energy/site = -4.207501989
43.8463% accepted

energy = -209.483414
energy/site = -0.409147293
43.6346% accepted

energy = -262.0145352
energy/site = -0.5117471391
43.7018% accepted

energy = -266.3127459
energy/site = -0.5201420819
43.556% accepted

energy = -1157.567329
energy/site = -2.260873689
43.6389% accepted

energy = -2744.881179
energy/site = -5.361096052
43.7725% accepted

energy = -190.603933
energy/site = -0.3722733066
43.8624% accepted

energy = -216.1606563
energy/site = -0.4221887818
43.7835% accepted

energy = -429.8565978
energy/site = -0.8395636676
43.7768% accepted

energy = -968.3827679
energy/site = -1.891372594
43.7064% accepted

energy = -161.6251033
energy/site = -0.3156740299
43.6156% accepted

energy = -154.7421523
energy/site = -0.3022307663
43.8567% accepted

energy = -325.7347686
energy/site = -0.63620072
43.7069% accepted

energy = -2476.355131
energy/site = -4.836631115
43.4599% accepted

energy = -1536.403677
energy/site = -3.000788431
44.0088% accepted

energy = -58.25393008
energy/site = -0.1137772072
43.6662% accepted

energy = -2302.885042
energy/site = -4.497822347
43.5938% accepted

energy = -66.25522137
energy/site = -0.1294047292
43.6403% accepted

energy = -111.918423
energy/site = -0.21859067
43.648% accepted

energy = -2909.336306
energy/site = -5.682297474
43.682% accepted

energy = -184.304217
energy/site = -0.3599691737
43.6839% accepted

energy = -173.6151425
energy/site = -0.3390920753
43.7597% accepted

energy = -156.6071674
energy/site = -0.3058733739
43.5379% accepted

energy = -131.5322507
energy/site = -0.2568989271
43.8906% accepted

energy = -206.0240676
energy/site = -0.402390757
43.7005% accepted

energy = -1527.898864
energy/site = -2.984177468
43.5495% accepted

energy = -293.2292973
energy/site = -0.5727134712
43.6737% accepted

energy = -731.4973192
energy/site = -1.428705702
43.7632% accepted

energy = -1319.045449
energy/site = -2.576260643
43.656% accepted

energy = -229.9217306
energy/site = -0.4490658801
43.8022% accepted

energy = -202.0680946
energy/site = -0.3946642473
43.8401% accepted

energy = -62.92545496
energy/site = -0.1229012792
43.7712% accepted

energy = -409.7332265
energy/site = -0.8002602081
43.8088% accepted

energy = -1523.1095
energy/site = -2.974823242
43.7718% accepted

energy = -77.68031064
energy/site = -0.1517193567
43.6842% accepted

energy = -556.063988
energy/site = -1.086062476
43.7011% accepted

energy = -180.2577227
energy/site = -0.3520658647
43.6838% accepted

energy = -675.2971502
energy/site = -1.318939746
43.6487% accepted

energy = -222.5916042
energy/site = -0.434749227
43.7779% accepted

energy = -57779.49
energy/site = -112.8505664
43.6814% accepted

energy = -146.0821482
energy/site = -0.2853166958
43.649% accepted

energy = -357.9167223
energy/site = -0.6990560983
43.7478% accepted

energy = -151.9628738
energy/site = -0.2968024879
43.7088% accepted

energy = -2898.23781
energy/site = -5.660620722
43.6923% accepted

energy = -70.54477628
energy/site = -0.1377827662
43.6963% accepted

energy = -120.7532374
energy/site = -0.2358461668
43.6072% accepted

energy = -121.101952
energy/site = -0.23652725
43.574% accepted

energy = -307.7982466
energy/site = -0.6011684504
43.7566% accepted

energy = -202.4063398
energy/site = -0.3953248824
43.7284% accepted

energy = -131.4239844
energy/site = -0.2566874695
43.6097% accepted

energy = -459.1078586
energy/site = -0.8966950362
43.7424% accepted

energy = -246.2741511
energy/site = -0.4810042014
43.5875% accepted

energy = -414.4298318
energy/site = -0.8094332653
43.532% accepted

energy = -42.97541945
energy/site = -0.08393636611
43.7775% accepted

energy = -9770.001936
energy/site = -19.08203503
43.6601% accepted

energy = -176.5274846
energy/site = -0.3447802434
43.7119% accepted

energy = -177.9108348
energy/site = -0.3474820992
43.8957% accepted

energy = -218.8659647
energy/site = -0.4274725873
43.7732% accepted

energy = -429.8829301
energy/site = -0.8396150978
43.7328% accepted

energy = -15.67551768
energy/site = -0.03061624548
43.6545% accepted

energy = -366.9305646
energy/site = -0.7166612589
43.7525% accepted

energy = -1136.134704
energy/site = -2.219013093
43.8056% accepted

energy = -1860.905479
energy/site = -3.634581014
43.6852% accepted

energy = -5375.925531
energy/site = -10.49985455
43.7338% accepted

energy = -201.9045325
energy/site = -0.3943447901
43.6742% accepted

energy = -141.7142316
energy/site = -0.2767856085
43.7349% accepted

energy = -410.4447935
energy/site = -0.8016499873
43.6069% accepted

energy = -1052.591634
energy/site = -2.055843034
43.7048% accepted

energy = -43.33745445
energy/site = -0.08464346572
43.6844% accepted

energy = -4633.498592
energy/site = -9.049801937
43.6578% accepted

energy = -468.5103612
energy/site = -0.9150592992
43.7654% accepted

energy = -1344.089616
energy/site = -2.625175031
43.6866% accepted

energy = -1483.452427
energy/site = -2.897368021
43.6879% accepted

energy = -128.3904529
energy/site = -0.2507626033
43.7372% accepted

energy = -114.1027712
energy/site = -0.2228569749
43.6002% accepted

energy = -2304.902127
energy/site = -4.501761966
43.6761% accepted

energy = -1250.124655
energy/site = -2.441649716
43.7485% accepted

energy = -452.0302814
energy/site = -0.8828716433
43.6775% accepted

energy = -292.0513715
energy/site = -0.5704128349
43.7437% accepted

energy = -1623.774268
energy/site = -3.171434117
43.7363% accepted

energy = -14320.01557
energy/site = -27.96878041
43.7458% accepted

energy = -981.9722926
energy/site = -1.917914634
43.8559% accepted

energy = -66.11677682
energy/site = -0.1291343297
43.6781% accepted

energy = -202.9073531
energy/site = -0.3963034241
43.8464% accepted

energy = -1575.386549
energy/site = -3.076926854
43.6734% accepted

energy = -214.0393282
energy/site = -0.418045563
43.7865% accepted

energy = -459.4099122
energy/site = -0.8972849848
43.63% accepted

energy = -1147.382412
energy/site = -2.240981274
43.8187% accepted

energy = -1185.977374
energy/site = -2.316362059
43.8325% accepted

energy = -457.3089854
energy/site = -0.8931816121
43.8691% accepted

energy = -2808.97303
energy/site = -5.48627545
43.7267% accepted

energy = -1603.949178
energy/site = -3.132713238
43.8418% accepted

energy = -1384.958139
energy/site = -2.704996366
43.7912% accepted

energy = -5231.747363
energy/site = -10.21825657
43.6801% accepted

energy = -162.4663701
energy/site = -0.317317129
43.6595% accepted

energy = -1153.192733
energy/site = -2.252329556
43.7858% accepted

energy = -213.1220267
energy/site = -0.4162539584
43.6793% accepted

energy = -383.1802712
energy/site = -0.7483989671
43.735% accepted

energy = -1843.232144
energy/site = -3.600062781
43.649% accepted

energy = -1940.921884
energy/site = -3.790863055
43.7364% accepted

energy = -405.1819638
energy/site = -0.7913710231
43.6532% accepted

energy = -69.18935391
energy/site = -0.1351354569
43.8533% accepted

energy = -78.02861738
energy/site = -0.1523996433
43.6538% accepted

energy = -206.4162338
energy/site = -0.4031567067
43.7519% accepted

energy = -246.7171959
energy/site = -0.4818695232
43.4516% accepted

energy = -8133.684728
energy/site = -15.88610298
43.6602% accepted

energy = -113.1154912
energy/site = -0.2209286937
43.6797% accepted

energy = -439.9921928
energy/site = -0.8593597516
43.6171% accepted

energy = -282.6271003
energy/site = -0.5520060553
43.6308% accepted

energy = -649.4012134
energy/site = -1.268361745
43.6261% accepted

energy = -357.0762044
energy/site = -0.6974144618
43.6016% accepted

energy = -483.1020969
energy/site = -0.9435587831
43.6056% accepted

energy = -800.317008
energy/site = -1.563119156
43.5937% accepted

energy = -632.2860666
energy/site = -1.234933724
43.8335% accepted

energy = -413.513135
energy/site = -0.8076428417
43.6859% accepted

energy = -2443.896439
energy/site = -4.773235232
43.6221% accepted

energy = -1699.710251
energy/site = -3.319746584
43.7001% accepted

energy = -1311.607496
energy/site = -2.561733391
43.7215% accepted

energy = -200.8816233
energy/site = -0.3923469205
43.8408% accepted

energy = -100.6205812
energy/site = -0.1965245726
43.6765% accepted

energy = -1752.148684
energy/site = -3.422165399
43.7617% accepted

energy = -38.71104022
energy/site = -0.07560750043
43.7891% accepted

energy = -694.391498
energy/site = -1.356233395
43.6959% accepted

energy = -176.7469025
energy/site = -0.3452087939
43.7812% accepted

energy = -199.6581332
energy/site = -0.3899572914
43.7617% accepted

energy = -15.95731435
energy/site = -0.03116662959
43.6278% accepted

energy = -8387.33451
energy/site = -16.38151271
43.8427% accepted

energy = -558.2252101
energy/site = -1.090283613
43.8503% accepted

energy = -1816.85862
energy/site = -3.548551992
43.7727% accepted

