
weighting by <swap_x> where x = 1
4 x 16 x 1 system
r   = 3  bondops changed per step 
n/N = 80  bond operators / site
its = 1000000  iterations/loop for 10000 loops

energy = -96.36355125
energy/site = -0.7528402441
44.1346% accepted

energy = -119.6503386
energy/site = -0.93476827
44.0167% accepted

energy = -115.9111477
energy/site = -0.9055558418
44.3146% accepted

energy = -134.9895357
energy/site = -1.054605748
44.1712% accepted

energy = -117.2774865
energy/site = -0.9162303633
44.0684% accepted

energy = -128.9469725
energy/site = -1.007398222
44.1375% accepted

energy = -109.8055929
energy/site = -0.8578561948
44.1038% accepted

energy = -121.0125466
energy/site = -0.9454105203
44.0734% accepted

energy = -136.6386841
energy/site = -1.067489719
44.1142% accepted

energy = -116.7022363
energy/site = -0.9117362212
44.1284% accepted

energy = -123.2004058
energy/site = -0.9625031704
44.0259% accepted

energy = -107.1556683
energy/site = -0.8371536584
44.2192% accepted

energy = -119.4049404
energy/site = -0.9328510972
44.1689% accepted

energy = -129.3191633
energy/site = -1.010305964
43.9386% accepted

energy = -121.2381746
energy/site = -0.9471732393
43.9196% accepted

energy = -120.0729479
energy/site = -0.9380699055
44.0053% accepted

energy = -139.7121753
energy/site = -1.091501369
44.1418% accepted

energy = -127.829884
energy/site = -0.998670969
44.1268% accepted

energy = -128.827497
energy/site = -1.00646482
44.1787% accepted

energy = -132.5409776
energy/site = -1.035476388
44.0399% accepted

energy = -123.6917568
energy/site = -0.9663418499
44.094% accepted

energy = -137.3544467
energy/site = -1.073081615
44.0137% accepted

energy = -98.33412731
energy/site = -0.7682353696
44.0358% accepted

energy = -131.6299059
energy/site = -1.02835864
44.1391% accepted

energy = -101.6134242
energy/site = -0.7938548767
44.1116% accepted

energy = -95.21182397
energy/site = -0.7438423748
44.0339% accepted

energy = -121.4157272
energy/site = -0.9485603687
44.156% accepted

energy = -123.2505245
energy/site = -0.9628947224
43.968% accepted

energy = -111.6087637
energy/site = -0.8719434661
44.2506% accepted

energy = -125.8745848
energy/site = -0.9833951938
44.1035% accepted

energy = -103.6472703
energy/site = -0.8097442991
44.1608% accepted

energy = -125.2527397
energy/site = -0.9785370286
44.1586% accepted

energy = -128.8996297
energy/site = -1.007028357
44.0538% accepted

energy = -119.0550048
energy/site = -0.9301172249
43.9996% accepted

energy = -116.4070306
energy/site = -0.9094299265
44.0495% accepted

energy = -107.1014672
energy/site = -0.8367302124
44.1624% accepted

energy = -103.9211426
energy/site = -0.8118839268
44.0214% accepted

energy = -103.9924088
energy/site = -0.8124406941
43.9409% accepted

energy = -104.1494638
energy/site = -0.813667686
44.1529% accepted

energy = -136.35108
energy/site = -1.065242813
44.2091% accepted

energy = -126.6498042
energy/site = -0.9894515955
43.9643% accepted

energy = -122.2157381
energy/site = -0.9548104541
43.9697% accepted

energy = -132.1576255
energy/site = -1.032481449
44.0102% accepted

energy = -122.4819878
energy/site = -0.95689053
44.0938% accepted

energy = -147.9150976
energy/site = -1.1555867
44.2397% accepted

energy = -101.7627877
energy/site = -0.7950217786
44.2028% accepted

energy = -93.89657784
energy/site = -0.7335670144
43.9491% accepted

energy = -114.8086773
energy/site = -0.8969427913
44.1041% accepted

energy = -124.0846801
energy/site = -0.9694115632
44.0639% accepted

energy = -113.7556297
energy/site = -0.8887158567
44.0746% accepted

energy = -104.4324136
energy/site = -0.8158782312
44.1239% accepted

energy = -142.7060413
energy/site = -1.114890948
44.0293% accepted

energy = -141.7343312
energy/site = -1.107299462
44.0097% accepted

energy = -145.6092874
energy/site = -1.137572558
43.981% accepted

energy = -102.4951808
energy/site = -0.8007435996
44.0002% accepted

energy = -119.1817728
energy/site = -0.9311075999
44.105% accepted

energy = -89.63775638
energy/site = -0.7002949717
44.1074% accepted

energy = -140.7639491
energy/site = -1.099718353
44.0485% accepted

energy = -123.5043032
energy/site = -0.9648773687
44.1644% accepted

energy = -120.2125523
energy/site = -0.9391605652
44.0694% accepted

energy = -120.0833407
energy/site = -0.9381510989
44.1272% accepted

energy = -98.60931609
energy/site = -0.770385282
44.1895% accepted

energy = -100.5818904
energy/site = -0.785796019
44.0676% accepted

energy = -131.9765107
energy/site = -1.03106649
44.0501% accepted

energy = -107.3432716
energy/site = -0.8386193093
44.0713% accepted

energy = -108.1465528
energy/site = -0.8448949438
44.2616% accepted

energy = -118.7841162
energy/site = -0.928000908
44.0572% accepted

energy = -108.5264936
energy/site = -0.8478632314
44.2228% accepted

energy = -119.4866598
energy/site = -0.9334895295
44.0821% accepted

energy = -137.9998194
energy/site = -1.078123589
44.1011% accepted

energy = -138.7633164
energy/site = -1.08408841
44.1586% accepted

energy = -129.9416964
energy/site = -1.015169503
44.025% accepted

energy = -149.4091792
energy/site = -1.167259213
44.1369% accepted

energy = -111.810222
energy/site = -0.8735173594
44.1648% accepted

energy = -109.6983334
energy/site = -0.8570182295
44.0898% accepted

energy = -112.9584205
energy/site = -0.8824876604
44.0541% accepted

energy = -137.1858637
energy/site = -1.071764561
44.1013% accepted

energy = -121.7740389
energy/site = -0.9513596792
44.1224% accepted

energy = -129.4132899
energy/site = -1.011041328
44.058% accepted

energy = -138.1765761
energy/site = -1.0795045
44.0707% accepted

energy = -112.5181822
energy/site = -0.8790482988
44.2715% accepted

energy = -111.0929279
energy/site = -0.8679134993
44.1535% accepted

energy = -131.1172089
energy/site = -1.024353195
44.061% accepted

energy = -113.850053
energy/site = -0.8894535388
43.9852% accepted

energy = -99.43897997
energy/site = -0.776867031
44.0025% accepted

energy = -108.3660329
energy/site = -0.8466096321
44.1511% accepted

energy = -106.4875146
energy/site = -0.8319337075
44.0759% accepted

energy = -123.4460186
energy/site = -0.9644220205
44.0909% accepted

energy = -145.4460186
energy/site = -1.13629702
43.9931% accepted

energy = -128.1360795
energy/site = -1.001063121
44.0935% accepted

energy = -139.7649213
energy/site = -1.091913448
43.9723% accepted

energy = -106.2583597
energy/site = -0.8301434348
43.9723% accepted

energy = -127.4400105
energy/site = -0.995625082
44.1952% accepted

energy = -113.1201402
energy/site = -0.8837510955
44.2042% accepted

energy = -133.1872039
energy/site = -1.04052503
44.0548% accepted

energy = -135.1599769
energy/site = -1.055937319
43.837% accepted

energy = -120.6583795
energy/site = -0.9426435901
44.0988% accepted

energy = -120.3950603
energy/site = -0.9405864089
43.9336% accepted

energy = -117.1359938
energy/site = -0.9151249519
44.0996% accepted

energy = -121.8711684
energy/site = -0.9521185034
44.0295% accepted

energy = -125.4929199
energy/site = -0.980413437
43.9256% accepted

energy = -126.327632
energy/site = -0.9869346248
44.1099% accepted

energy = -107.133197
energy/site = -0.8369781013
44.1162% accepted

energy = -114.0724103
energy/site = -0.8911907051
44.0783% accepted

energy = -126.4072923
energy/site = -0.9875569709
43.9931% accepted

energy = -160.7948025
energy/site = -1.256209395
44.1324% accepted

energy = -114.4147469
energy/site = -0.8938652102
44.0428% accepted

energy = -137.0148602
energy/site = -1.070428595
44.1649% accepted

energy = -124.9947427
energy/site = -0.976521427
44.0559% accepted

energy = -133.0022327
energy/site = -1.039079943
43.9975% accepted

energy = -130.0689551
energy/site = -1.016163712
44.0641% accepted

energy = -149.2555788
energy/site = -1.166059209
44.0662% accepted

energy = -120.3625515
energy/site = -0.9403324336
44.0806% accepted

energy = -119.8443629
energy/site = -0.9362840852
44.0035% accepted

energy = -144.7796765
energy/site = -1.131091222
44.2248% accepted

energy = -119.986284
energy/site = -0.9373928438
44.0941% accepted

energy = -111.3005343
energy/site = -0.8695354241
44.0425% accepted

energy = -132.8130921
energy/site = -1.037602282
44.0059% accepted

energy = -130.6562481
energy/site = -1.020751938
44.1906% accepted

energy = -111.9999804
energy/site = -0.8749998472
43.9951% accepted

energy = -124.3165943
energy/site = -0.9712233926
44.1607% accepted

energy = -120.9537592
energy/site = -0.9449512434
44.2119% accepted

energy = -124.312325
energy/site = -0.9711900388
44.107% accepted

energy = -109.3299878
energy/site = -0.85414053
44.0718% accepted

energy = -132.0552495
energy/site = -1.031681637
44.0076% accepted

energy = -98.53650113
energy/site = -0.769816415
44.0454% accepted

energy = -98.74020412
energy/site = -0.7714078447
43.9802% accepted

energy = -143.6852157
energy/site = -1.122540748
43.9257% accepted

energy = -121.7938402
energy/site = -0.951514377
43.9685% accepted

energy = -133.6895555
energy/site = -1.044449652
44.2258% accepted

energy = -100.7260177
energy/site = -0.7869220129
44.1832% accepted

energy = -125.4152189
energy/site = -0.9798063977
44.2365% accepted

energy = -119.0537281
energy/site = -0.9301072507
44.1128% accepted

energy = -114.828499
energy/site = -0.8970976487
44.1052% accepted

energy = -179.6104364
energy/site = -1.403206534
44.0578% accepted

energy = -143.2744969
energy/site = -1.119332007
44.0702% accepted

energy = -118.6273187
energy/site = -0.9267759272
44.2625% accepted

energy = -109.0188879
energy/site = -0.851710062
44.1267% accepted

energy = -133.2763196
energy/site = -1.041221247
44.1257% accepted

energy = -90.60237938
energy/site = -0.7078310889
44.1597% accepted

energy = -126.7154211
energy/site = -0.9899642271
44.0177% accepted

energy = -107.7904014
energy/site = -0.8421125112
44.002% accepted

energy = -108.6070267
energy/site = -0.8484923965
44.1897% accepted

energy = -154.5782795
energy/site = -1.207642808
44.0957% accepted

energy = -106.0522889
energy/site = -0.8285335071
44.0371% accepted

energy = -87.80373394
energy/site = -0.6859666714
44.0326% accepted

energy = -130.852697
energy/site = -1.022286695
44.1604% accepted

energy = -91.07342878
energy/site = -0.7115111624
44.0689% accepted

energy = -139.4224881
energy/site = -1.089238188
44.1965% accepted

energy = -125.0061674
energy/site = -0.9766106829
44.1467% accepted

energy = -116.1957348
energy/site = -0.907779178
44.0735% accepted

energy = -115.5313631
energy/site = -0.9025887744
44.1734% accepted

energy = -116.918234
energy/site = -0.9134237029
44.2611% accepted

energy = -116.3558992
energy/site = -0.9090304622
44.0752% accepted

energy = -125.8564066
energy/site = -0.9832531765
44.1066% accepted

energy = -105.6199047
energy/site = -0.8251555056
43.9962% accepted

energy = -121.2391417
energy/site = -0.9471807942
44.1572% accepted

energy = -121.2733567
energy/site = -0.9474480989
43.9235% accepted

energy = -134.7485033
energy/site = -1.052722682
44.0134% accepted

energy = -110.5174699
energy/site = -0.8634177334
44.0554% accepted

energy = -116.8674487
energy/site = -0.9130269434
44.0602% accepted

energy = -120.5552054
energy/site = -0.9418375422
43.9811% accepted

energy = -121.1152947
energy/site = -0.94621324
44.2689% accepted

energy = -133.684384
energy/site = -1.04440925
44.1658% accepted

energy = -114.8489723
energy/site = -0.8972575964
44.006% accepted

energy = -120.2827317
energy/site = -0.9397088416
44.063% accepted

energy = -97.66765519
energy/site = -0.7630285562
44.1792% accepted

energy = -107.8713026
energy/site = -0.8427445518
44.1756% accepted

energy = -111.4642196
energy/site = -0.8708142158
44.0478% accepted

energy = -88.74247013
energy/site = -0.6933005479
44.1192% accepted

energy = -155.8260977
energy/site = -1.217391388
44.0012% accepted

energy = -132.2464717
energy/site = -1.03317556
44.0961% accepted

energy = -131.7795169
energy/site = -1.029527476
44.1433% accepted

energy = -137.399575
energy/site = -1.07343418
44.162% accepted

energy = -120.5343008
energy/site = -0.9416742253
44.0891% accepted

energy = -128.5566146
energy/site = -1.004348552
44.0731% accepted

energy = -127.2201523
energy/site = -0.9939074399
44.0322% accepted

energy = -108.2092367
energy/site = -0.8453846616
44.0196% accepted

energy = -140.0203096
energy/site = -1.093908669
44.1076% accepted

energy = -99.73690791
energy/site = -0.779194593
44.1166% accepted

energy = -129.8696763
energy/site = -1.014606846
44.1712% accepted

energy = -138.0642357
energy/site = -1.078626842
44.0149% accepted

energy = -133.9398018
energy/site = -1.046404701
44.0691% accepted

energy = -112.565437
energy/site = -0.8794174768
44.0339% accepted

energy = -110.3123345
energy/site = -0.861815113
44.0599% accepted

energy = -100.7719193
energy/site = -0.7872806199
43.9004% accepted

energy = -127.11919
energy/site = -0.9931186721
44.1261% accepted

energy = -133.1483838
energy/site = -1.040221748
44.0047% accepted

energy = -114.1879833
energy/site = -0.8920936194
44.0766% accepted

energy = -138.3754495
energy/site = -1.081058199
44.1083% accepted

energy = -99.75747506
energy/site = -0.7793552739
44.1442% accepted

energy = -108.8797249
energy/site = -0.8506228506
43.9917% accepted

energy = -113.7977357
energy/site = -0.8890448101
44.0127% accepted

energy = -144.9438774
energy/site = -1.132374042
44.0518% accepted

energy = -122.6420246
energy/site = -0.9581408174
43.9188% accepted

energy = -99.46604316
energy/site = -0.7770784622
44.163% accepted

energy = -120.9256162
energy/site = -0.9447313762
44.2136% accepted

energy = -114.1615182
energy/site = -0.8918868611
44.075% accepted

energy = -109.7394905
energy/site = -0.8573397693
44.2172% accepted

energy = -148.0776279
energy/site = -1.156856468
44.1113% accepted

energy = -94.59686925
energy/site = -0.739038041
44.145% accepted

energy = -132.1768232
energy/site = -1.032631431
44.1814% accepted

energy = -121.933766
energy/site = -0.9526075466
44.1617% accepted

energy = -126.8240167
energy/site = -0.9908126309
44.1644% accepted

energy = -136.7146121
energy/site = -1.068082907
44.1292% accepted

energy = -116.3601712
energy/site = -0.9090638379
44.1684% accepted

energy = -121.1569987
energy/site = -0.946539052
44.0696% accepted

energy = -137.7801133
energy/site = -1.076407135
44.184% accepted

energy = -115.9332926
energy/site = -0.9057288486
43.9069% accepted

energy = -118.7310145
energy/site = -0.927586051
44.1233% accepted

energy = -111.5081794
energy/site = -0.8711576514
44.1661% accepted

energy = -141.0848643
energy/site = -1.102225502
44.1489% accepted

energy = -108.2396214
energy/site = -0.8456220425
44.172% accepted

energy = -105.7997811
energy/site = -0.8265607896
44.1482% accepted

energy = -132.9653105
energy/site = -1.038791488
44.1106% accepted

energy = -80.74941628
energy/site = -0.6308548147
44.0366% accepted

energy = -152.1967911
energy/site = -1.18903743
44.1531% accepted

energy = -110.7788187
energy/site = -0.8654595212
44.022% accepted

energy = -115.9458969
energy/site = -0.9058273198
44.1581% accepted

energy = -113.3368833
energy/site = -0.8854444006
44.059% accepted

energy = -125.4606344
energy/site = -0.9801612063
44.1688% accepted

energy = -119.3410289
energy/site = -0.9323517883
43.9324% accepted

energy = -105.8544113
energy/site = -0.8269875886
44.1768% accepted

energy = -162.3534991
energy/site = -1.268386712
44.145% accepted

energy = -126.1535955
energy/site = -0.9855749648
44.158% accepted

energy = -160.1607923
energy/site = -1.25125619
43.9961% accepted

energy = -107.9514927
energy/site = -0.8433710369
44.0908% accepted

energy = -138.2408644
energy/site = -1.080006753
44.1302% accepted

energy = -127.9642144
energy/site = -0.9997204248
44.0272% accepted

energy = -119.3467952
energy/site = -0.9323968374
44.0062% accepted

energy = -105.1921198
energy/site = -0.821813436
44.1399% accepted

energy = -122.5120122
energy/site = -0.9571250955
44.1398% accepted

energy = -107.2444911
energy/site = -0.8378475864
44.1755% accepted

energy = -117.5681289
energy/site = -0.9185010073
44.2042% accepted

energy = -123.7490197
energy/site = -0.9667892168
44.2061% accepted

energy = -101.1038031
energy/site = -0.7898734614
44.1774% accepted

energy = -112.5552992
energy/site = -0.8793382749
44.1938% accepted

energy = -100.8135715
energy/site = -0.7876060276
44.0101% accepted

energy = -96.14110341
energy/site = -0.7511023704
44.115% accepted

energy = -113.9426663
energy/site = -0.8901770808
44.1241% accepted

energy = -153.4364269
energy/site = -1.198722085
44.0907% accepted

energy = -122.3071136
energy/site = -0.9555243252
44.2123% accepted

energy = -137.0026488
energy/site = -1.070333194
44.1323% accepted

energy = -111.1656577
energy/site = -0.8684817004
43.9531% accepted

energy = -102.806838
energy/site = -0.8031784219
43.8781% accepted

energy = -112.0059907
energy/site = -0.875046802
44.0525% accepted

energy = -119.4060674
energy/site = -0.9328599016
43.9645% accepted

energy = -137.7985364
energy/site = -1.076551066
44.1299% accepted

energy = -126.6907177
energy/site = -0.9897712324
43.9531% accepted

energy = -104.9076243
energy/site = -0.8195908147
44.1383% accepted

energy = -131.3413033
energy/site = -1.026103932
44.2203% accepted

energy = -146.9785586
energy/site = -1.148269989
44.0829% accepted

energy = -104.592415
energy/site = -0.8171282424
44.0625% accepted

energy = -114.5222378
energy/site = -0.8947049824
43.9789% accepted

energy = -148.01704
energy/site = -1.156383125
44.1965% accepted

energy = -137.9686498
energy/site = -1.077880077
43.9993% accepted

energy = -114.8235458
energy/site = -0.8970589512
44.0259% accepted

energy = -162.1000035
energy/site = -1.266406277
44.0539% accepted

energy = -134.4590562
energy/site = -1.050461377
44.0369% accepted

energy = -120.1093613
energy/site = -0.9383543855
44.0635% accepted

energy = -124.4527382
energy/site = -0.9722870171
44.2867% accepted

energy = -111.4489374
energy/site = -0.8706948237
44.0773% accepted

energy = -124.0127059
energy/site = -0.9688492646
44.0255% accepted

energy = -108.320473
energy/site = -0.8462536956
44.122% accepted

energy = -117.0082557
energy/site = -0.9141269978
44.0129% accepted

energy = -127.3355192
energy/site = -0.9948087437
44.1662% accepted

energy = -114.3514265
energy/site = -0.8933705193
44.1417% accepted

energy = -173.9454367
energy/site = -1.358948724
44.2106% accepted

energy = -139.9681353
energy/site = -1.093501057
44.004% accepted

energy = -115.5445326
energy/site = -0.9026916606
44.1498% accepted

energy = -106.1695294
energy/site = -0.8294494482
44.0111% accepted

energy = -127.3740967
energy/site = -0.9951101309
44.1607% accepted

energy = -128.1084987
energy/site = -1.000847646
44.0811% accepted

energy = -125.6067503
energy/site = -0.9813027371
44.0236% accepted

energy = -91.40495672
energy/site = -0.7141012244
44.2313% accepted

energy = -136.7647036
energy/site = -1.068474247
44.0138% accepted

energy = -132.6002843
energy/site = -1.035939721
44.1667% accepted

energy = -115.3883543
energy/site = -0.9014715183
44.1085% accepted

energy = -105.6822665
energy/site = -0.8256427068
44.1624% accepted

energy = -105.2556654
energy/site = -0.8223098862
44.0111% accepted

energy = -115.981841
energy/site = -0.9061081326
44.1364% accepted

energy = -108.1387153
energy/site = -0.8448337134
44.01% accepted

energy = -139.3993472
energy/site = -1.0890574
43.969% accepted

energy = -113.8323312
energy/site = -0.8893150876
44.0119% accepted

energy = -121.4238855
energy/site = -0.9486241055
43.9546% accepted

energy = -107.5284271
energy/site = -0.8400658367
44.0628% accepted

energy = -139.290115
energy/site = -1.088204024
44.2118% accepted

energy = -113.480832
energy/site = -0.886569
44.1152% accepted

energy = -135.7933688
energy/site = -1.060885694
44.1763% accepted

energy = -110.8891638
energy/site = -0.866321592
44.0603% accepted

energy = -157.2811282
energy/site = -1.228758814
43.9583% accepted

energy = -136.357293
energy/site = -1.065291352
44.1613% accepted

energy = -106.6557919
energy/site = -0.833248374
44.1273% accepted

energy = -129.0402684
energy/site = -1.008127097
44.2211% accepted

energy = -112.5916051
energy/site = -0.8796219148
43.8817% accepted

energy = -120.9524393
energy/site = -0.9449409324
43.9868% accepted

energy = -105.0571287
energy/site = -0.8207588181
43.908% accepted

energy = -122.7200584
energy/site = -0.9587504561
44.0946% accepted

energy = -106.0359291
energy/site = -0.8284056958
43.9923% accepted

energy = -135.8149501
energy/site = -1.061054298
44.1055% accepted

energy = -137.3071089
energy/site = -1.072711789
44.2216% accepted

energy = -127.5762027
energy/site = -0.9966890837
43.9627% accepted

energy = -117.958861
energy/site = -0.9215536018
44.1659% accepted

energy = -161.8129979
energy/site = -1.264164046
44.1364% accepted

energy = -112.331378
energy/site = -0.8775888904
44.0659% accepted

energy = -132.3075662
energy/site = -1.033652861
43.9918% accepted

energy = -125.2778747
energy/site = -0.978733396
43.987% accepted

energy = -98.47477116
energy/site = -0.7693341497
43.8975% accepted

energy = -120.6680984
energy/site = -0.9427195188
44.222% accepted

energy = -117.3608138
energy/site = -0.9168813582
43.9936% accepted

energy = -135.8344274
energy/site = -1.061206464
44.1824% accepted

energy = -128.5762443
energy/site = -1.004501908
44.1024% accepted

energy = -123.4671806
energy/site = -0.9645873486
44.1043% accepted

energy = -99.55459556
energy/site = -0.7777702778
44.0972% accepted

energy = -137.3105586
energy/site = -1.072738739
44.0583% accepted

energy = -147.291918
energy/site = -1.150718109
44.1249% accepted

energy = -152.3271229
energy/site = -1.190055647
44.0761% accepted

energy = -100.8100957
energy/site = -0.7875788723
44.0247% accepted

energy = -155.0808335
energy/site = -1.211569011
44.2015% accepted

energy = -114.7077194
energy/site = -0.8961540579
44.0734% accepted

energy = -131.2269022
energy/site = -1.025210174
43.9005% accepted

energy = -124.6934994
energy/site = -0.9741679644
44.0894% accepted

energy = -96.38904347
energy/site = -0.7530394021
44.1652% accepted

energy = -97.16753559
energy/site = -0.7591213718
44.072% accepted

energy = -133.6414052
energy/site = -1.044073478
44.1309% accepted

energy = -114.0836707
energy/site = -0.891278677
44.0405% accepted

energy = -144.1412232
energy/site = -1.126103306
44.249% accepted

energy = -136.7411683
energy/site = -1.068290377
44.0403% accepted

energy = -112.3798973
energy/site = -0.877967948
44.1322% accepted

energy = -110.6581816
energy/site = -0.8645170437
44.1559% accepted

energy = -107.5230965
energy/site = -0.8400241912
44.1399% accepted

energy = -113.8597852
energy/site = -0.8895295715
44.1025% accepted

energy = -111.5032937
energy/site = -0.8711194819
44.3076% accepted

energy = -133.6338274
energy/site = -1.044014276
44.1262% accepted

energy = -112.9788983
energy/site = -0.8826476433
44.0601% accepted

energy = -97.05214219
energy/site = -0.7582198608
43.9982% accepted

energy = -110.0061411
energy/site = -0.8594229771
44.1703% accepted

energy = -107.1133441
energy/site = -0.8368230007
44.158% accepted

energy = -104.5821231
energy/site = -0.8170478364
44.029% accepted

energy = -122.445247
energy/site = -0.9566034924
44.1192% accepted

energy = -143.7814974
energy/site = -1.123292949
44.0107% accepted

energy = -123.9581391
energy/site = -0.9684229614
44.1343% accepted

energy = -122.6960595
energy/site = -0.9585629648
44.1288% accepted

energy = -100.8113499
energy/site = -0.7875886714
44.0415% accepted

energy = -123.5708367
energy/site = -0.9653971619
44.1405% accepted

energy = -118.4607366
energy/site = -0.9254745044
44.0556% accepted

energy = -119.0522741
energy/site = -0.9300958916
44.0976% accepted

energy = -83.12480756
energy/site = -0.6494125591
44.1432% accepted

energy = -107.5979041
energy/site = -0.8406086257
44.0328% accepted

energy = -105.4661917
energy/site = -0.8239546223
44.1549% accepted

energy = -118.8933424
energy/site = -0.9288542373
44.0622% accepted

energy = -112.5096646
energy/site = -0.8789817546
44.0054% accepted

energy = -111.0995447
energy/site = -0.8679651929
43.9196% accepted

energy = -123.6157
energy/site = -0.9657476565
44.0558% accepted

energy = -128.0219927
energy/site = -1.000171818
44.2352% accepted

energy = -129.5884844
energy/site = -1.012410034
44.1903% accepted

energy = -126.4386823
energy/site = -0.9878022056
44.0781% accepted

energy = -104.7144003
energy/site = -0.8180812522
44.2986% accepted

energy = -135.7546725
energy/site = -1.060583379
44.0386% accepted

energy = -107.6570185
energy/site = -0.8410704573
44.0467% accepted

energy = -126.8663495
energy/site = -0.9911433552
44.0875% accepted

energy = -113.283369
energy/site = -0.8850263203
44.0459% accepted

energy = -102.7032201
energy/site = -0.8023689067
44.1438% accepted

energy = -111.105765
energy/site = -0.8680137891
44.184% accepted

energy = -142.0754357
energy/site = -1.109964341
44.0472% accepted

energy = -115.9854255
energy/site = -0.9061361367
44.1594% accepted

energy = -133.2330347
energy/site = -1.040883083
44.0735% accepted

energy = -129.015225
energy/site = -1.007931445
44.163% accepted

energy = -133.6332702
energy/site = -1.044009924
44.0826% accepted

energy = -126.4600476
energy/site = -0.9879691216
44.0906% accepted

energy = -102.519886
energy/site = -0.8009366096
44.2147% accepted

energy = -113.6375843
energy/site = -0.8877936277
44.0899% accepted

energy = -162.4304924
energy/site = -1.268988222
44.1067% accepted

energy = -108.6046285
energy/site = -0.8484736604
44.0749% accepted

energy = -126.9716821
energy/site = -0.9919662664
44.0528% accepted

energy = -154.4325292
energy/site = -1.206504134
44.1031% accepted

energy = -156.8332034
energy/site = -1.225259402
44.2261% accepted

energy = -126.5884338
energy/site = -0.9889721389
43.9852% accepted

energy = -130.5830163
energy/site = -1.020179815
44.1581% accepted

energy = -104.6191708
energy/site = -0.817337272
44.149% accepted

energy = -131.4553589
energy/site = -1.026994991
44.1135% accepted

energy = -130.6043827
energy/site = -1.02034674
44.0562% accepted

energy = -138.2177396
energy/site = -1.079826091
44.2032% accepted

energy = -164.6418195
energy/site = -1.286264215
44.1556% accepted

energy = -128.866654
energy/site = -1.006770735
44.1764% accepted

energy = -110.0007542
energy/site = -0.8593808921
44.0247% accepted

energy = -101.2994021
energy/site = -0.7914015791
44.2759% accepted

energy = -117.8946375
energy/site = -0.9210518555
44.009% accepted

energy = -122.4391788
energy/site = -0.9565560842
44.0006% accepted

energy = -111.6162436
energy/site = -0.8720019031
44.1979% accepted

energy = -113.4611612
energy/site = -0.8864153218
44.1477% accepted

energy = -112.8480079
energy/site = -0.8816250615
44.0258% accepted

energy = -137.0402914
energy/site = -1.070627276
44.0381% accepted

energy = -92.81141494
energy/site = -0.7250891792
44.1377% accepted

energy = -89.21339222
energy/site = -0.6969796267
44.0447% accepted

energy = -144.4483644
energy/site = -1.128502847
44.0493% accepted

energy = -122.1933411
energy/site = -0.9546354771
44.2256% accepted

energy = -122.5602362
energy/site = -0.9575018452
44.114% accepted

energy = -120.4822417
energy/site = -0.9412675129
43.9657% accepted

energy = -95.78008491
energy/site = -0.7482819133
43.9417% accepted

energy = -132.0191491
energy/site = -1.031399602
44.0151% accepted

energy = -118.2856533
energy/site = -0.9241066663
44.159% accepted

energy = -112.0963579
energy/site = -0.8757527959
43.9733% accepted

energy = -105.0277509
energy/site = -0.8205293042
43.9829% accepted

energy = -139.772611
energy/site = -1.091973524
43.9965% accepted

energy = -134.3990776
energy/site = -1.049992794
43.9832% accepted

energy = -139.3645014
energy/site = -1.088785167
44.1472% accepted

energy = -127.7288237
energy/site = -0.9978814351
43.991% accepted

energy = -106.2418718
energy/site = -0.8300146238
43.9681% accepted

energy = -121.3938728
energy/site = -0.9483896316
44.0762% accepted

energy = -106.0790662
energy/site = -0.8287427043
43.9878% accepted

energy = -144.5544022
energy/site = -1.129331267
44.1524% accepted

energy = -125.3084126
energy/site = -0.9789719736
44.0713% accepted

energy = -134.9690102
energy/site = -1.054445392
44.1547% accepted

energy = -104.5931989
energy/site = -0.8171343662
44.0668% accepted

energy = -124.5588127
energy/site = -0.9731157239
44.0314% accepted

energy = -137.9265964
energy/site = -1.077551534
43.9887% accepted

energy = -125.1027244
energy/site = -0.9773650342
44.1489% accepted

energy = -90.852978
energy/site = -0.7097888906
43.9531% accepted

energy = -94.28409216
energy/site = -0.73659447
44.0886% accepted

energy = -113.1896476
energy/site = -0.8842941218
44.1221% accepted

energy = -164.9620362
energy/site = -1.288765908
44.1916% accepted

energy = -99.22979381
energy/site = -0.7752327642
44.0437% accepted

energy = -119.5544194
energy/site = -0.9340189014
44.0811% accepted

energy = -124.4837791
energy/site = -0.9725295242
44.1085% accepted

energy = -125.7760153
energy/site = -0.9826251196
44.1709% accepted

energy = -102.1855544
energy/site = -0.7983246438
44.1572% accepted

energy = -107.7234877
energy/site = -0.8415897473
44.1588% accepted

energy = -88.54875131
energy/site = -0.6917871196
43.924% accepted

energy = -121.8397691
energy/site = -0.9518731963
44.0449% accepted

energy = -130.3818425
energy/site = -1.018608144
44.0849% accepted

energy = -137.9124774
energy/site = -1.07744123
44.2594% accepted

energy = -103.7563535
energy/site = -0.8105965115
43.8741% accepted

energy = -161.9078646
energy/site = -1.264905192
43.8955% accepted

energy = -111.1737293
energy/site = -0.8685447605
44.0684% accepted

energy = -128.802561
energy/site = -1.006270008
44.1942% accepted

energy = -109.8623361
energy/site = -0.8582995005
43.9342% accepted

energy = -117.9681934
energy/site = -0.9216265107
44.0516% accepted

energy = -114.9298458
energy/site = -0.8978894202
44.1681% accepted

energy = -153.6954333
energy/site = -1.200745573
44.0801% accepted

energy = -113.0570509
energy/site = -0.88325821
44.0631% accepted

energy = -130.1925607
energy/site = -1.01712938
44.009% accepted

energy = -133.0340392
energy/site = -1.039328432
43.9386% accepted

energy = -123.4140098
energy/site = -0.9641719512
44.1745% accepted

energy = -124.1948976
energy/site = -0.9702726372
43.9602% accepted

energy = -127.5308952
energy/site = -0.9963351189
44.0269% accepted

energy = -120.7775095
energy/site = -0.9435742932
44.152% accepted

energy = -133.0919773
energy/site = -1.039781073
44.2413% accepted

energy = -134.380286
energy/site = -1.049845984
43.9817% accepted

energy = -102.5844097
energy/site = -0.8014407004
44.0669% accepted

energy = -122.2066292
energy/site = -0.9547392905
43.9682% accepted

energy = -130.9482796
energy/site = -1.023033434
44.1331% accepted

energy = -117.7249135
energy/site = -0.919725887
44.0983% accepted

energy = -145.7310204
energy/site = -1.138523597
44.0698% accepted

energy = -130.8550474
energy/site = -1.022305058
44.119% accepted

energy = -106.5737505
energy/site = -0.8326074258
44.0481% accepted

energy = -119.4671157
energy/site = -0.9333368416
44.1194% accepted

energy = -136.4250423
energy/site = -1.065820643
44.0412% accepted

energy = -135.0551537
energy/site = -1.055118388
43.9185% accepted

energy = -128.7332237
energy/site = -1.00572831
44.0662% accepted

energy = -115.7776492
energy/site = -0.904512884
44.0729% accepted

energy = -124.5074383
energy/site = -0.9727143618
43.9744% accepted

energy = -160.8734589
energy/site = -1.256823898
44.14% accepted

energy = -119.6537761
energy/site = -0.9347951257
43.9515% accepted

energy = -127.2946396
energy/site = -0.9944893718
44.0672% accepted

energy = -103.762883
energy/site = -0.8106475232
44.0392% accepted

energy = -109.1392866
energy/site = -0.8526506763
43.9934% accepted

energy = -126.3892901
energy/site = -0.9874163291
44.0849% accepted

energy = -104.445873
energy/site = -0.8159833828
44.0282% accepted

energy = -134.191542
energy/site = -1.048371422
44.0472% accepted

energy = -122.3307455
energy/site = -0.955708949
44.0973% accepted

energy = -142.6896809
energy/site = -1.114763132
44.1561% accepted

energy = -117.4700917
energy/site = -0.9177350911
44.1477% accepted

energy = -112.7294726
energy/site = -0.8806990049
44.0704% accepted

energy = -140.9236058
energy/site = -1.100965671
44.0223% accepted

energy = -123.9171217
energy/site = -0.9681025137
44.0103% accepted

energy = -154.6784133
energy/site = -1.208425104
43.9496% accepted

energy = -107.5998416
energy/site = -0.8406237627
44.277% accepted

energy = -109.2245478
energy/site = -0.8533167795
44.122% accepted

energy = -115.6761648
energy/site = -0.9037200374
44.1205% accepted

energy = -135.3979218
energy/site = -1.057796264
44.1606% accepted

energy = -111.5503159
energy/site = -0.8714868428
44.0389% accepted

energy = -111.8235153
energy/site = -0.8736212131
44.0657% accepted

energy = -114.9550043
energy/site = -0.8980859714
44.1147% accepted

energy = -118.516036
energy/site = -0.9259065315
44.0811% accepted

energy = -135.9723124
energy/site = -1.06228369
44.1417% accepted

energy = -116.1604003
energy/site = -0.9075031274
43.9724% accepted

energy = -117.5316653
energy/site = -0.9182161355
44.1471% accepted

energy = -103.8067221
energy/site = -0.8109900161
44.2201% accepted

energy = -141.4757565
energy/site = -1.105279348
44.0431% accepted

energy = -114.9380197
energy/site = -0.8979532793
44.0546% accepted

energy = -98.52483534
energy/site = -0.7697252761
44.1419% accepted

energy = -94.04603466
energy/site = -0.7347346458
43.9728% accepted

energy = -134.2239569
energy/site = -1.048624663
44.0563% accepted

energy = -109.3707828
energy/site = -0.8544592405
44.053% accepted

energy = -107.0731641
energy/site = -0.8365090942
43.9352% accepted

energy = -127.6509033
energy/site = -0.9972726819
44.0489% accepted

energy = -122.367731
energy/site = -0.9559978982
44.0354% accepted

energy = -145.7568633
energy/site = -1.138725494
44.024% accepted

energy = -110.5906974
energy/site = -0.8639898237
44.2398% accepted

energy = -125.8457764
energy/site = -0.9831701279
44.0077% accepted

energy = -109.8128233
energy/site = -0.8579126821
44.1293% accepted

energy = -125.717595
energy/site = -0.9821687109
44.2031% accepted

energy = -120.6848387
energy/site = -0.9428503022
44.1419% accepted

energy = -119.4027957
energy/site = -0.9328343416
44.25% accepted

energy = -148.2926172
energy/site = -1.158536072
44.1535% accepted

energy = -145.9078825
energy/site = -1.139905332
44.1541% accepted

energy = -127.809586
energy/site = -0.9985123909
44.1882% accepted

energy = -109.0931186
energy/site = -0.8522899893
43.9946% accepted

energy = -143.9657809
energy/site = -1.124732663
44.0504% accepted

energy = -103.3854053
energy/site = -0.8076984792
44.1094% accepted

energy = -117.7158808
energy/site = -0.9196553188
44.0869% accepted

energy = -114.4807631
energy/site = -0.8943809619
43.9474% accepted

energy = -119.4392676
energy/site = -0.9331192778
44.0146% accepted

energy = -160.7373563
energy/site = -1.255760596
43.9699% accepted

energy = -104.2463092
energy/site = -0.8144242903
43.9994% accepted

energy = -112.2498339
energy/site = -0.8769518276
44.0833% accepted

energy = -165.3974422
energy/site = -1.292167518
44.0209% accepted

energy = -124.9254943
energy/site = -0.9759804243
43.98% accepted

energy = -121.6083117
energy/site = -0.9500649353
44.2116% accepted

energy = -125.4621076
energy/site = -0.9801727156
44.0163% accepted

energy = -120.5469309
energy/site = -0.9417728979
44.1226% accepted

energy = -122.2049561
energy/site = -0.9547262197
44.0652% accepted

energy = -127.0422318
energy/site = -0.9925174358
44.0353% accepted

energy = -119.1584051
energy/site = -0.93092504
44.044% accepted

energy = -134.8301557
energy/site = -1.053360591
44.1574% accepted

energy = -135.1494458
energy/site = -1.055855046
44.1338% accepted

energy = -122.6336358
energy/site = -0.9580752795
44.1312% accepted

energy = -100.783505
energy/site = -0.7873711326
44.1587% accepted

energy = -110.4744127
energy/site = -0.8630813489
44.0736% accepted

energy = -137.9358942
energy/site = -1.077624174
44.1487% accepted

energy = -125.1138456
energy/site = -0.9774519185
44.1222% accepted

energy = -111.4475123
energy/site = -0.8706836902
44.0596% accepted

energy = -126.8266567
energy/site = -0.9908332551
44.1348% accepted

energy = -140.0525894
energy/site = -1.094160855
44.0407% accepted

energy = -105.0820383
energy/site = -0.8209534241
44.1615% accepted

energy = -97.39277916
energy/site = -0.7608810872
44.1728% accepted

energy = -129.7190473
energy/site = -1.013430057
44.1775% accepted

energy = -120.0104779
energy/site = -0.9375818584
43.9906% accepted

energy = -138.7482812
energy/site = -1.083970947
44.0138% accepted

energy = -125.6230514
energy/site = -0.9814300891
44.0847% accepted

energy = -121.2378398
energy/site = -0.947170623
44.1064% accepted

energy = -126.4432079
energy/site = -0.9878375618
44.1177% accepted

energy = -113.8414448
energy/site = -0.8893862878
43.971% accepted

energy = -112.9375343
energy/site = -0.8823244871
44.1392% accepted

energy = -136.0746279
energy/site = -1.063083031
44.0421% accepted

energy = -122.6130621
energy/site = -0.9579145474
43.9885% accepted

energy = -128.192118
energy/site = -1.001500922
44.0613% accepted

energy = -96.97698966
energy/site = -0.7576327317
44.2302% accepted

energy = -110.8494325
energy/site = -0.8660111917
44.0767% accepted

energy = -123.2824074
energy/site = -0.9631438081
43.9384% accepted

energy = -116.9591757
energy/site = -0.9137435603
44.2222% accepted

energy = -113.2241851
energy/site = -0.884563946
44.1005% accepted

energy = -126.779375
energy/site = -0.9904638669
44.2041% accepted

energy = -120.1948777
energy/site = -0.9390224817
44.0113% accepted

energy = -89.94615347
energy/site = -0.702704324
43.8923% accepted

energy = -136.9677883
energy/site = -1.070060846
43.9925% accepted

energy = -122.5927268
energy/site = -0.9577556785
44.0561% accepted

energy = -107.5474392
energy/site = -0.8402143689
44.0178% accepted

energy = -118.8572329
energy/site = -0.9285721318
44.0903% accepted

energy = -136.3672971
energy/site = -1.065369508
44.2269% accepted

energy = -132.0999502
energy/site = -1.032030861
44.1472% accepted

energy = -119.3252529
energy/site = -0.9322285386
44.1295% accepted

energy = -93.57641137
energy/site = -0.7310657139
44.1094% accepted

energy = -124.3005489
energy/site = -0.9710980386
44.0958% accepted

energy = -124.4382836
energy/site = -0.9721740908
44.1765% accepted

energy = -121.938586
energy/site = -0.9526452034
44.1291% accepted

energy = -109.2331865
energy/site = -0.8533842693
44.0621% accepted

energy = -130.4175011
energy/site = -1.018886728
44.0904% accepted

energy = -119.7479928
energy/site = -0.9355311936
44.1361% accepted

energy = -122.8702642
energy/site = -0.9599239387
44.094% accepted

energy = -105.0432544
energy/site = -0.8206504248
44.0886% accepted

energy = -132.4658248
energy/site = -1.034889256
44.0512% accepted

energy = -113.6484251
energy/site = -0.8878783213
44.1712% accepted

energy = -110.9136578
energy/site = -0.8665129519
44.1751% accepted

energy = -103.2270438
energy/site = -0.8064612795
44.0272% accepted

energy = -115.4462272
energy/site = -0.9019236504
44.0379% accepted

energy = -120.4542114
energy/site = -0.9410485269
44.0646% accepted

energy = -101.7333231
energy/site = -0.7947915864
43.8965% accepted

energy = -123.1186555
energy/site = -0.9618644963
44.1784% accepted

energy = -117.993556
energy/site = -0.9218246565
43.929% accepted

energy = -101.1681709
energy/site = -0.790376335
44.1228% accepted

energy = -111.396823
energy/site = -0.8702876799
44.0188% accepted

energy = -97.58830125
energy/site = -0.7624086035
43.9241% accepted

energy = -100.2428669
energy/site = -0.7831473977
44.1157% accepted

energy = -109.7612402
energy/site = -0.857509689
44.0914% accepted

energy = -110.7291461
energy/site = -0.8650714541
43.898% accepted

energy = -142.8280682
energy/site = -1.115844283
44.0253% accepted

energy = -160.678213
energy/site = -1.255298539
43.9733% accepted

energy = -121.8353807
energy/site = -0.9518389116
44.0103% accepted

energy = -141.9038889
energy/site = -1.108624132
44.2061% accepted

energy = -146.7182153
energy/site = -1.146236057
44.0223% accepted

energy = -112.8042001
energy/site = -0.8812828132
44.3918% accepted

energy = -115.7938537
energy/site = -0.9046394824
44.0585% accepted

energy = -105.4873953
energy/site = -0.8241202756
43.9807% accepted

energy = -107.673024
energy/site = -0.8411955
44.092% accepted

energy = -130.0030417
energy/site = -1.015648764
44.1621% accepted

energy = -124.3435217
energy/site = -0.9714337632
44.0786% accepted

energy = -141.3334218
energy/site = -1.104167358
44.0275% accepted

energy = -140.1111742
energy/site = -1.094618548
44.1551% accepted

energy = -121.6706596
energy/site = -0.9505520281
44.1544% accepted

energy = -104.375865
energy/site = -0.8154364453
44.1369% accepted

energy = -131.7848212
energy/site = -1.029568915
43.939% accepted

energy = -110.6904964
energy/site = -0.8647695029
44.2587% accepted

energy = -150.2551504
energy/site = -1.173868362
44.2299% accepted

energy = -129.3979175
energy/site = -1.01092123
44.1801% accepted

energy = -105.9192862
energy/site = -0.8274944231
44.0382% accepted

energy = -101.3558783
energy/site = -0.7918427996
43.9952% accepted

energy = -112.5306575
energy/site = -0.8791457615
43.988% accepted

energy = -124.0883289
energy/site = -0.9694400698
44.1416% accepted

energy = -159.8603892
energy/site = -1.248909291
44.1635% accepted

energy = -124.1080953
energy/site = -0.9695944944
44.1412% accepted

energy = -137.7704812
energy/site = -1.076331884
44.0444% accepted

energy = -116.9400876
energy/site = -0.9135944341
44.1543% accepted

energy = -98.29318659
energy/site = -0.7679155203
44.0287% accepted

energy = -124.1186147
energy/site = -0.9696766772
44.1639% accepted

energy = -139.6227943
energy/site = -1.090803081
44.1789% accepted

energy = -122.0581885
energy/site = -0.9535795979
44.0272% accepted

energy = -111.8518114
energy/site = -0.8738422764
44.1848% accepted

energy = -114.8227862
energy/site = -0.8970530171
44.1302% accepted

energy = -131.8499238
energy/site = -1.03007753
43.9689% accepted

energy = -131.2483906
energy/site = -1.025378052
44.1066% accepted

energy = -96.24304209
energy/site = -0.7518987664
43.946% accepted

energy = -125.4808088
energy/site = -0.9803188184
44.0148% accepted

energy = -112.0280521
energy/site = -0.875219157
44.0221% accepted

energy = -99.0123195
energy/site = -0.7735337461
43.9089% accepted

energy = -102.6379076
energy/site = -0.8018586533
44.0374% accepted

energy = -129.6115234
energy/site = -1.012590026
43.9918% accepted

energy = -122.7656839
energy/site = -0.9591069053
44.1427% accepted

energy = -124.7082685
energy/site = -0.9742833479
44.1501% accepted

energy = -105.2201852
energy/site = -0.8220326968
43.9586% accepted

energy = -124.6614862
energy/site = -0.9739178613
43.9893% accepted

energy = -114.0657473
energy/site = -0.8911386504
44.1111% accepted

energy = -121.6726247
energy/site = -0.9505673804
44.1677% accepted

energy = -137.8315651
energy/site = -1.076809102
44.054% accepted

energy = -129.8241821
energy/site = -1.014251423
44.191% accepted

energy = -118.0781871
energy/site = -0.9224858364
44.0244% accepted

energy = -133.5008011
energy/site = -1.042975009
44.0077% accepted

energy = -106.2436908
energy/site = -0.8300288342
44.0769% accepted

energy = -134.6744494
energy/site = -1.052144136
44.243% accepted

energy = -96.80442375
energy/site = -0.7562845605
44.1447% accepted

energy = -126.9018211
energy/site = -0.9914204773
43.907% accepted

energy = -107.0079836
energy/site = -0.8359998721
44.1397% accepted

energy = -122.8069071
energy/site = -0.9594289614
44.029% accepted

energy = -112.2439013
energy/site = -0.8769054792
44.0039% accepted

energy = -132.2482125
energy/site = -1.03318916
44.1292% accepted

energy = -108.2068957
energy/site = -0.8453663723
44.0458% accepted

energy = -109.591782
energy/site = -0.8561857969
44.1904% accepted

energy = -114.4384327
energy/site = -0.8940502551
44.1618% accepted

energy = -116.5093426
energy/site = -0.910229239
44.0374% accepted

energy = -131.9118384
energy/site = -1.030561238
43.9659% accepted

energy = -151.1957077
energy/site = -1.181216466
43.9849% accepted

energy = -131.2722558
energy/site = -1.025564498
44.0798% accepted

energy = -135.1578244
energy/site = -1.055920503
44.0482% accepted

energy = -133.2603248
energy/site = -1.041096288
44.1319% accepted

energy = -120.9155988
energy/site = -0.9446531155
44.0844% accepted

energy = -108.8600479
energy/site = -0.850469124
43.9833% accepted

energy = -121.7093957
energy/site = -0.9508546538
44.0275% accepted

energy = -101.015615
energy/site = -0.7891844919
44.1092% accepted

energy = -122.2764726
energy/site = -0.9552849419
43.9224% accepted

energy = -162.4674245
energy/site = -1.269276754
44.0318% accepted

energy = -112.4789369
energy/site = -0.8787416946
43.9991% accepted

energy = -138.5874151
energy/site = -1.08271418
44.0123% accepted

energy = -119.8114589
energy/site = -0.9360270227
43.959% accepted

energy = -112.9738982
energy/site = -0.8826085796
44.0963% accepted

energy = -117.0292831
energy/site = -0.9142912742
44.1687% accepted

energy = -127.0719596
energy/site = -0.9927496846
44.0583% accepted

energy = -153.249441
energy/site = -1.197261258
44.0346% accepted

energy = -110.1755154
energy/site = -0.8607462144
44.1021% accepted

energy = -136.9434263
energy/site = -1.069870518
44.2057% accepted

energy = -134.2948818
energy/site = -1.049178764
44.1406% accepted

energy = -114.7846371
energy/site = -0.8967549771
44.1296% accepted

energy = -123.7631281
energy/site = -0.9668994382
44.2914% accepted

energy = -115.1430032
energy/site = -0.8995547124
44.1033% accepted

energy = -122.8691718
energy/site = -0.9599154045
44.1523% accepted

energy = -109.6321131
energy/site = -0.8565008833
44.1432% accepted

energy = -149.0332834
energy/site = -1.164322526
44.1839% accepted

energy = -101.3674659
energy/site = -0.7919333276
43.9309% accepted

energy = -154.8215417
energy/site = -1.209543294
43.8168% accepted

energy = -107.6697192
energy/site = -0.8411696814
44.2173% accepted

energy = -113.0674001
energy/site = -0.8833390635
44.1005% accepted

energy = -129.5818435
energy/site = -1.012358153
44.1425% accepted

energy = -111.6468322
energy/site = -0.8722408762
44.2745% accepted

energy = -145.0330083
energy/site = -1.133070377
44.0284% accepted

energy = -106.1102811
energy/site = -0.8289865708
44.056% accepted

energy = -118.8274792
energy/site = -0.9283396816
44.1129% accepted

energy = -112.5454191
energy/site = -0.8792610864
44.0324% accepted

energy = -115.8015377
energy/site = -0.9046995132
44.1084% accepted

energy = -117.6823163
energy/site = -0.9193930964
43.9603% accepted

energy = -106.1371853
energy/site = -0.8291967598
44.1727% accepted

energy = -129.8508866
energy/site = -1.014460052
44.1332% accepted

energy = -104.3586895
energy/site = -0.815302262
44.1434% accepted

energy = -131.9230517
energy/site = -1.030648841
44.1963% accepted

energy = -123.6040485
energy/site = -0.9656566289
44.1435% accepted

energy = -109.8319519
energy/site = -0.858062124
44.1232% accepted

energy = -120.9283279
energy/site = -0.9447525615
43.9285% accepted

energy = -139.322227
energy/site = -1.088454899
44.1659% accepted

energy = -104.1469187
energy/site = -0.8136478022
44.1972% accepted

energy = -161.0490483
energy/site = -1.25819569
44.0022% accepted

energy = -138.6419545
energy/site = -1.08314027
44.1515% accepted

energy = -132.3101825
energy/site = -1.033673301
44.1015% accepted

energy = -128.4795365
energy/site = -1.003746379
44.0298% accepted

energy = -126.405114
energy/site = -0.9875399531
44.1107% accepted

energy = -156.518851
energy/site = -1.222803524
44.134% accepted

energy = -117.9336234
energy/site = -0.9213564331
44.1084% accepted

energy = -101.6368567
energy/site = -0.7940379426
44.0881% accepted

energy = -102.6647452
energy/site = -0.8020683215
44.0674% accepted

energy = -119.9856301
energy/site = -0.9373877351
44.241% accepted

energy = -95.63632088
energy/site = -0.7471587568
44.1076% accepted

energy = -148.1704823
energy/site = -1.157581893
44.236% accepted

energy = -119.6016418
energy/site = -0.9343878267
44.084% accepted

energy = -137.0037875
energy/site = -1.07034209
44.0585% accepted

energy = -129.9854908
energy/site = -1.015511647
44.2217% accepted

energy = -131.4883195
energy/site = -1.027252496
44.1392% accepted

energy = -112.1386798
energy/site = -0.876083436
44.1852% accepted

energy = -112.1945905
energy/site = -0.8765202385
44.0082% accepted

energy = -157.5696268
energy/site = -1.231012709
43.9468% accepted

energy = -143.9707257
energy/site = -1.124771295
44.24% accepted

energy = -148.9566262
energy/site = -1.163723643
44.1915% accepted

energy = -99.48296081
energy/site = -0.7772106313
44.142% accepted

energy = -142.0330223
energy/site = -1.109632986
43.9312% accepted

energy = -105.4724363
energy/site = -0.8240034082
44.1085% accepted

