
weighting by <swap_x> where x = 2
9 x 36 x 1 system
r   = 3  bondops changed per step 
n/N = 80  bond operators / site
its = 1000000  iterations/loop for 10000 loops

energy = -1922.352883
energy/site = -2.966593955
44.9522% accepted

energy = -3451.579196
energy/site = -5.326511105
44.0446% accepted

energy = -2780.722653
energy/site = -4.291238662
44.309% accepted

energy = -3204.537888
energy/site = -4.945274519
44.3351% accepted

energy = -1413.062785
energy/site = -2.180652446
44.1414% accepted

energy = -817.889464
energy/site = -1.262175099
44.1304% accepted

energy = -6227.812464
energy/site = -9.610821704
44.2774% accepted

energy = -3280.291046
energy/site = -5.062177541
44.2725% accepted

energy = -3762.906745
energy/site = -5.806954854
44.327% accepted

energy = -1796.29953
energy/site = -2.772067175
44.2816% accepted

energy = -2366.624537
energy/site = -3.65219836
44.0879% accepted

energy = -1953.801692
energy/site = -3.015126068
44.2611% accepted

energy = -3491.672334
energy/site = -5.388383231
44.2093% accepted

energy = -2104.66773
energy/site = -3.247944028
44.2198% accepted

energy = -5217.682532
energy/site = -8.051979216
44.1931% accepted

energy = -2361.992878
energy/site = -3.645050737
44.3086% accepted

energy = -2762.888958
energy/site = -4.263717527
44.1665% accepted

energy = -3071.650854
energy/site = -4.740201935
44.242% accepted

energy = -1128.84163
energy/site = -1.742039553
44.2979% accepted

energy = -2061.572801
energy/site = -3.181439508
44.2153% accepted

energy = -1631.554021
energy/site = -2.51783028
44.1774% accepted

energy = -1720.645128
energy/site = -2.655316555
44.4% accepted

energy = -1677.687399
energy/site = -2.589023763
44.2896% accepted

energy = -1284.112644
energy/site = -1.981655315
44.0842% accepted

energy = -1334.177667
energy/site = -2.058916153
44.3645% accepted

energy = -6439.394893
energy/site = -9.937337798
44.165% accepted

energy = -1932.045316
energy/site = -2.981551413
44.2533% accepted

energy = -1489.850882
energy/site = -2.299152596
44.31% accepted

energy = -2334.991884
energy/site = -3.603382537
44.288% accepted

energy = -877.4244159
energy/site = -1.354050025
44.2499% accepted

energy = -2840.963225
energy/site = -4.384202508
44.2806% accepted

energy = -1123.478007
energy/site = -1.733762357
44.4259% accepted

energy = -5748.166491
energy/site = -8.870627302
44.1972% accepted

energy = -2217.182749
energy/site = -3.421578317
44.2809% accepted

energy = -11121.50839
energy/site = -17.16282159
44.2224% accepted

energy = -1359.550486
energy/site = -2.098071738
44.2256% accepted

energy = -1013.217084
energy/site = -1.56360661
44.325% accepted

energy = -2612.571821
energy/site = -4.031746637
44.2184% accepted

energy = -2755.378847
energy/site = -4.252127851
44.1945% accepted

energy = -4200.963008
energy/site = -6.482967605
44.2569% accepted

energy = -2400.511686
energy/site = -3.704493343
44.3118% accepted

energy = -2226.669793
energy/site = -3.436218816
44.1781% accepted

energy = -970.9904314
energy/site = -1.498442024
44.2588% accepted

energy = -2466.61168
energy/site = -3.806499506
44.1472% accepted

energy = -2909.836353
energy/site = -4.490488199
44.196% accepted

energy = -1266.696896
energy/site = -1.954779161
44.199% accepted

energy = -2756.042862
energy/site = -4.253152565
44.2794% accepted

energy = -4477.986967
energy/site = -6.910473714
44.1842% accepted

energy = -1249.219216
energy/site = -1.927807432
44.2223% accepted

energy = -1978.277452
energy/site = -3.052897303
44.3176% accepted

energy = -2358.484296
energy/site = -3.639636259
44.3315% accepted

energy = -3049.412081
energy/site = -4.705882841
44.1656% accepted

energy = -1301.963555
energy/site = -2.009203016
44.2362% accepted

energy = -5107.141472
energy/site = -7.881391161
44.24% accepted

energy = -710.9120076
energy/site = -1.097086431
44.1624% accepted

energy = -3599.99619
energy/site = -5.555549676
44.1573% accepted

energy = -1411.423947
energy/site = -2.178123375
44.1847% accepted

energy = -2361.663221
energy/site = -3.644542008
44.2196% accepted

energy = -747.093668
energy/site = -1.152922327
44.1345% accepted

energy = -2125.46732
energy/site = -3.28004216
44.1093% accepted

energy = -2768.964966
energy/site = -4.273094084
44.1858% accepted

energy = -2412.551624
energy/site = -3.723073494
44.1471% accepted

energy = -3028.979037
energy/site = -4.674350366
44.1344% accepted

energy = -1913.321854
energy/site = -2.952657182
44.2387% accepted

energy = -2378.457573
energy/site = -3.670459218
44.2149% accepted

energy = -2233.217844
energy/site = -3.446323833
44.3011% accepted

energy = -2010.8932
energy/site = -3.103230247
44.3427% accepted

energy = -2368.679779
energy/site = -3.655370029
44.268% accepted

energy = -1837.8535
energy/site = -2.836193672
44.3076% accepted

energy = -1189.095518
energy/site = -1.835023948
44.1871% accepted

energy = -3120.475846
energy/site = -4.815549145
44.2251% accepted

energy = -2819.17927
energy/site = -4.350585293
44.2386% accepted

energy = -1386.27052
energy/site = -2.139306358
44.2454% accepted

energy = -875.1930948
energy/site = -1.350606628
44.1582% accepted

energy = -1591.15402
energy/site = -2.455484599
44.1182% accepted

energy = -3660.055083
energy/site = -5.648233152
44.3321% accepted

energy = -935.8655917
energy/site = -1.444237024
44.3246% accepted

energy = -4027.643161
energy/site = -6.215498705
44.2074% accepted

energy = -1199.681653
energy/site = -1.851360576
44.2746% accepted

energy = -2312.530344
energy/site = -3.568719666
44.358% accepted

energy = -858.1376827
energy/site = -1.324286547
44.1079% accepted

energy = -5147.450672
energy/site = -7.943596716
44.3667% accepted

energy = -2134.661597
energy/site = -3.29423086
44.197% accepted

energy = -2508.590758
energy/site = -3.871282034
44.1928% accepted

energy = -2847.716104
energy/site = -4.394623617
44.2521% accepted

energy = -1632.983988
energy/site = -2.520037018
44.2636% accepted

energy = -2183.448758
energy/site = -3.369519688
44.3143% accepted

energy = -4393.331517
energy/site = -6.779832587
44.2043% accepted

energy = -2389.877236
energy/site = -3.688082154
44.2755% accepted

energy = -1616.903683
energy/site = -2.495221733
44.2817% accepted

energy = -1937.079361
energy/site = -2.989320001
44.3704% accepted

energy = -4974.50188
energy/site = -7.676700431
44.2505% accepted

energy = -1823.253489
energy/site = -2.813662791
44.294% accepted

energy = -2424.184688
energy/site = -3.741025753
44.3047% accepted

energy = -1825.792201
energy/site = -2.817580556
44.174% accepted

energy = -973.1507886
energy/site = -1.501775908
44.276% accepted

energy = -2237.336293
energy/site = -3.452679464
44.3246% accepted

energy = -1657.935187
energy/site = -2.558541955
44.1794% accepted

energy = -1408.230323
energy/site = -2.173194943
44.2372% accepted

energy = -2544.576485
energy/site = -3.926815563
44.2387% accepted

energy = -3161.975679
energy/site = -4.879592098
44.1968% accepted

energy = -1933.670756
energy/site = -2.984059809
44.4081% accepted

energy = -2557.602726
energy/site = -3.946917787
44.4602% accepted

energy = -3784.187302
energy/site = -5.839795219
44.2642% accepted

energy = -1809.461603
energy/site = -2.792379018
44.3085% accepted

energy = -2732.771512
energy/site = -4.217239987
44.134% accepted

energy = -3286.595543
energy/site = -5.071906702
44.195% accepted

energy = -6432.742403
energy/site = -9.927071609
44.1992% accepted

energy = -2336.325309
energy/site = -3.605440292
44.3931% accepted

energy = -3045.664781
energy/site = -4.700099971
44.3437% accepted

energy = -1652.569421
energy/site = -2.550261452
44.2709% accepted

energy = -2274.937741
energy/site = -3.51070639
44.2165% accepted

energy = -2455.5956
energy/site = -3.789499382
44.3005% accepted

energy = -2395.945529
energy/site = -3.697446805
44.2364% accepted

energy = -2571.944807
energy/site = -3.969050628
44.2272% accepted

energy = -2826.998276
energy/site = -4.36265166
44.3084% accepted

energy = -1245.845484
energy/site = -1.922601055
44.2314% accepted

energy = -1600.825496
energy/site = -2.470409716
44.3394% accepted

energy = -872.5184552
energy/site = -1.346479098
44.3328% accepted

energy = -7417.996998
energy/site = -11.44752623
44.1951% accepted

energy = -3413.413808
energy/site = -5.267613901
44.3067% accepted

energy = -1270.343435
energy/site = -1.960406536
44.22% accepted

energy = -2776.663618
energy/site = -4.28497472
44.3274% accepted

energy = -1690.993029
energy/site = -2.609557143
44.2535% accepted

energy = -1677.760514
energy/site = -2.589136596
44.2505% accepted

energy = -2226.295237
energy/site = -3.435640797
44.33% accepted

energy = -1941.00494
energy/site = -2.995377994
44.26% accepted

energy = -3317.211267
energy/site = -5.11915319
44.0884% accepted

energy = -1863.649045
energy/site = -2.876001613
44.1734% accepted

energy = -2060.862758
energy/site = -3.180343762
44.3033% accepted

energy = -2496.983767
energy/site = -3.853370011
44.1968% accepted

energy = -1933.351084
energy/site = -2.983566488
44.2822% accepted

energy = -1239.081492
energy/site = -1.912162797
44.1736% accepted

energy = -1948.92018
energy/site = -3.00759287
44.2951% accepted

energy = -2708.898539
energy/site = -4.18039898
44.2453% accepted

energy = -2266.492676
energy/site = -3.497673883
44.194% accepted

energy = -2396.931979
energy/site = -3.698969103
44.2246% accepted

energy = -3123.968665
energy/site = -4.820939298
44.2894% accepted

energy = -5450.014689
energy/site = -8.410516495
44.271% accepted

energy = -1784.842694
energy/site = -2.754386874
44.0663% accepted

energy = -3045.858414
energy/site = -4.700398787
44.1867% accepted

energy = -6035.767914
energy/site = -9.314456657
44.1972% accepted

energy = -5242.810015
energy/site = -8.090756196
44.1826% accepted

energy = -4159.320557
energy/site = -6.418704563
44.1754% accepted

energy = -1457.92997
energy/site = -2.249891928
44.404% accepted

energy = -3314.358386
energy/site = -5.114750595
44.1371% accepted

energy = -1108.378616
energy/site = -1.710460827
44.1138% accepted

energy = -1904.4338
energy/site = -2.938941049
44.0414% accepted

energy = -1588.605705
energy/site = -2.451552014
44.1997% accepted

energy = -968.9167109
energy/site = -1.495241838
44.2689% accepted

energy = -2360.687241
energy/site = -3.643035866
44.024% accepted

energy = -2585.96065
energy/site = -3.990680016
44.3098% accepted

energy = -1974.794525
energy/site = -3.047522416
44.2773% accepted

energy = -1618.768182
energy/site = -2.498099047
44.2% accepted

energy = -2054.314399
energy/site = -3.17023827
44.2005% accepted

energy = -1096.67924
energy/site = -1.692406234
44.1887% accepted

energy = -2191.394998
energy/site = -3.381782405
44.327% accepted

energy = -4487.75966
energy/site = -6.925555031
44.268% accepted

energy = -3299.969107
energy/site = -5.092544918
44.274% accepted

energy = -1515.280594
energy/site = -2.338395978
44.2682% accepted

energy = -1348.815482
energy/site = -2.081505373
44.2801% accepted

energy = -2586.987338
energy/site = -3.99226441
44.3296% accepted

energy = -1705.767211
energy/site = -2.632356806
44.1718% accepted

energy = -872.1922628
energy/site = -1.345975714
44.0678% accepted

energy = -772.7699587
energy/site = -1.192546233
44.2666% accepted

energy = -1536.425189
energy/site = -2.371026526
44.3009% accepted

energy = -3258.178478
energy/site = -5.028053206
44.2648% accepted

energy = -2350.250455
energy/site = -3.626929714
44.3374% accepted

energy = -14047.62098
energy/site = -21.67842744
44.2259% accepted

energy = -2760.819769
energy/site = -4.260524335
44.1587% accepted

energy = -2083.06581
energy/site = -3.214607732
44.1909% accepted

energy = -2072.779805
energy/site = -3.198734266
44.3667% accepted

energy = -2573.304377
energy/site = -3.97114873
44.2051% accepted

energy = -3972.026006
energy/site = -6.129669763
44.1832% accepted

energy = -1434.259547
energy/site = -2.213363498
44.3796% accepted

energy = -2607.32922
energy/site = -4.023656203
44.3274% accepted

energy = -2104.815754
energy/site = -3.24817246
44.2993% accepted

energy = -2398.134812
energy/site = -3.700825327
44.2181% accepted

energy = -2406.950135
energy/site = -3.714429221
44.3285% accepted

energy = -3061.548785
energy/site = -4.724612323
44.0789% accepted

energy = -1093.268545
energy/site = -1.687142816
44.2247% accepted

energy = -999.9187775
energy/site = -1.543084533
44.3121% accepted

energy = -1033.243438
energy/site = -1.594511479
44.1778% accepted

energy = -1317.023109
energy/site = -2.03244307
44.1936% accepted

energy = -3556.389154
energy/site = -5.488254867
44.2903% accepted

energy = -2185.627735
energy/site = -3.372882307
44.3648% accepted

energy = -1450.208911
energy/site = -2.237976715
44.2223% accepted

energy = -4182.54354
energy/site = -6.454542499
44.239% accepted

energy = -1427.874262
energy/site = -2.203509664
44.3321% accepted

energy = -5878.673724
energy/site = -9.072027352
44.2552% accepted

energy = -2507.606601
energy/site = -3.869763274
44.3316% accepted

energy = -1273.751009
energy/site = -1.965665137
44.2135% accepted

energy = -1509.314978
energy/site = -2.329189781
44.1557% accepted

energy = -1659.350326
energy/site = -2.560725812
44.3129% accepted

energy = -1678.684599
energy/site = -2.590562653
44.1596% accepted

energy = -3463.202207
energy/site = -5.34444785
44.3612% accepted

energy = -1083.081216
energy/site = -1.67142163
44.1922% accepted

energy = -690.4846432
energy/site = -1.065562721
44.0734% accepted

energy = -2981.430275
energy/site = -4.600972646
44.3103% accepted

energy = -2232.501861
energy/site = -3.445218922
44.2487% accepted

energy = -1960.283859
energy/site = -3.025129413
44.2689% accepted

energy = -2093.975217
energy/site = -3.231443237
44.3252% accepted

energy = -2213.86917
energy/site = -3.416464769
44.0944% accepted

energy = -3206.878603
energy/site = -4.948886733
44.3171% accepted

energy = -1579.597246
energy/site = -2.437650071
44.2767% accepted

energy = -1749.516964
energy/site = -2.699871858
44.2667% accepted

energy = -2620.431154
energy/site = -4.043875237
44.2667% accepted

energy = -3081.308605
energy/site = -4.755105872
44.2798% accepted

energy = -2269.497508
energy/site = -3.502310969
44.2525% accepted

energy = -1852.679554
energy/site = -2.859073386
44.1664% accepted

energy = -660.0547817
energy/site = -1.018603058
44.2136% accepted

energy = -3484.987088
energy/site = -5.378066494
44.348% accepted

energy = -2622.006662
energy/site = -4.046306577
44.3376% accepted

energy = -1030.129443
energy/site = -1.58970593
44.3226% accepted

energy = -2444.818723
energy/site = -3.7728684
44.2863% accepted

energy = -1555.380044
energy/site = -2.400277846
44.2732% accepted

energy = -8142.940837
energy/site = -12.56626672
44.2012% accepted

energy = -2064.900948
energy/site = -3.186575537
44.159% accepted

energy = -1597.486451
energy/site = -2.465256868
44.1098% accepted

energy = -3765.855728
energy/site = -5.811505753
44.1771% accepted

energy = -3063.893647
energy/site = -4.728230936
44.2306% accepted

energy = -1828.296697
energy/site = -2.82144552
44.2796% accepted

energy = -2050.351399
energy/site = -3.164122529
44.0702% accepted

energy = -4030.480974
energy/site = -6.219878046
44.0284% accepted

energy = -1332.287197
energy/site = -2.05599876
44.208% accepted

energy = -2509.696244
energy/site = -3.87298803
44.2448% accepted

energy = -1540.193987
energy/site = -2.376842573
44.2114% accepted

energy = -2475.317952
energy/site = -3.819935112
44.2799% accepted

energy = -2197.048218
energy/site = -3.390506509
44.2517% accepted

energy = -2034.936053
energy/site = -3.140333415
44.2716% accepted

energy = -2180.425542
energy/site = -3.364854231
44.2942% accepted

energy = -2355.562282
energy/site = -3.635126979
44.2026% accepted

energy = -3520.754417
energy/site = -5.433262989
44.2705% accepted

energy = -7645.432486
energy/site = -11.79850692
44.201% accepted

energy = -3850.775595
energy/site = -5.942554931
44.2129% accepted

energy = -1689.384024
energy/site = -2.607074111
44.4229% accepted

energy = -588.1550635
energy/site = -0.9076467029
44.1605% accepted

energy = -1762.112548
energy/site = -2.719309487
44.1774% accepted

energy = -892.6382369
energy/site = -1.377528143
44.147% accepted

energy = -1899.585089
energy/site = -2.931458471
44.3659% accepted

energy = -1865.679191
energy/site = -2.879134555
44.4565% accepted

energy = -2596.24821
energy/site = -4.00655588
44.0976% accepted

energy = -3551.185024
energy/site = -5.480223803
44.2474% accepted

energy = -2241.334135
energy/site = -3.458848974
44.1556% accepted

energy = -2125.233553
energy/site = -3.279681409
44.2554% accepted

energy = -1801.299517
energy/site = -2.779783206
44.1227% accepted

energy = -5343.534408
energy/site = -8.246195074
44.4883% accepted

energy = -1403.222137
energy/site = -2.165466261
44.3152% accepted

energy = -1065.920676
energy/site = -1.644939314
44.3012% accepted

energy = -1529.708294
energy/site = -2.360660948
44.2231% accepted

energy = -978.3031373
energy/site = -1.509727064
44.3174% accepted

energy = -1991.352791
energy/site = -3.073075295
44.2634% accepted

energy = -3994.946265
energy/site = -6.165040532
44.1567% accepted

energy = -6537.216805
energy/site = -10.08829754
44.295% accepted

energy = -4934.596487
energy/site = -7.615118035
44.3799% accepted

energy = -1772.72366
energy/site = -2.73568466
44.3889% accepted

energy = -2084.856795
energy/site = -3.217371598
44.2858% accepted

energy = -2215.790297
energy/site = -3.419429471
44.2912% accepted

energy = -6336.584413
energy/site = -9.778679649
44.2544% accepted

energy = -2585.502295
energy/site = -3.989972677
44.2442% accepted

energy = -1251.40983
energy/site = -1.931188009
44.2916% accepted

energy = -5018.54602
energy/site = -7.744669784
44.2086% accepted

energy = -1067.91551
energy/site = -1.648017762
44.289% accepted

energy = -8608.210997
energy/site = -13.28427623
44.2092% accepted

energy = -3880.237502
energy/site = -5.988020836
44.179% accepted

energy = -1073.743977
energy/site = -1.65701231
44.2479% accepted

energy = -712.7751424
energy/site = -1.09996164
44.4112% accepted

energy = -2439.635545
energy/site = -3.764869668
44.1938% accepted

energy = -1772.542409
energy/site = -2.735404952
44.242% accepted

energy = -950.2420294
energy/site = -1.466422885
44.3813% accepted

energy = -8049.254431
energy/site = -12.42168894
44.3103% accepted

energy = -4239.055526
energy/site = -6.541752354
44.2697% accepted

energy = -1389.821606
energy/site = -2.144786429
44.2166% accepted

energy = -1531.095942
energy/site = -2.362802379
44.2745% accepted

energy = -2735.001297
energy/site = -4.220681014
44.2268% accepted

energy = -4917.002178
energy/site = -7.587966325
44.2353% accepted

energy = -2176.690034
energy/site = -3.359089558
44.3735% accepted

energy = -2514.69988
energy/site = -3.880709691
44.2784% accepted

energy = -1939.908761
energy/site = -2.99368636
44.2876% accepted

energy = -786.8547492
energy/site = -1.21428202
44.2638% accepted

energy = -1775.525937
energy/site = -2.740009162
44.2997% accepted

energy = -2141.256348
energy/site = -3.304407944
44.1825% accepted

energy = -2963.337774
energy/site = -4.57305212
44.3635% accepted

energy = -3522.246376
energy/site = -5.435565395
44.4152% accepted

energy = -4256.610258
energy/site = -6.568842991
44.3691% accepted

energy = -1651.36375
energy/site = -2.548400849
44.3242% accepted

energy = -2814.248008
energy/site = -4.342975322
44.3108% accepted

energy = -1534.551344
energy/site = -2.36813479
44.2602% accepted

energy = -3005.139786
energy/site = -4.637561398
44.1246% accepted

energy = -1846.243841
energy/site = -2.849141731
44.4854% accepted

energy = -2853.302757
energy/site = -4.403244996
44.3586% accepted

energy = -1139.092343
energy/site = -1.757858554
44.151% accepted

energy = -2264.385589
energy/site = -3.494422205
44.2505% accepted

energy = -1816.209465
energy/site = -2.802792385
44.2879% accepted

energy = -1547.584216
energy/site = -2.388247248
44.3051% accepted

energy = -1218.801397
energy/site = -1.880866354
44.1965% accepted

energy = -1760.09871
energy/site = -2.716201713
44.2763% accepted

energy = -1791.076836
energy/site = -2.764007463
44.2376% accepted

energy = -1080.940244
energy/site = -1.66811766
44.0851% accepted

energy = -2140.378922
energy/site = -3.303053892
44.1457% accepted

energy = -2279.449829
energy/site = -3.517669489
44.4498% accepted

energy = -1898.508877
energy/site = -2.929797649
44.2555% accepted

energy = -1153.633203
energy/site = -1.780298153
44.2096% accepted

energy = -1562.157897
energy/site = -2.410737496
44.2661% accepted

energy = -1678.792502
energy/site = -2.59072917
44.3091% accepted

energy = -4301.836647
energy/site = -6.6386368
44.2092% accepted

energy = -2913.457783
energy/site = -4.496076825
44.1443% accepted

energy = -1888.206547
energy/site = -2.913898993
44.3097% accepted

energy = -3786.329056
energy/site = -5.843100394
44.2578% accepted

energy = -2104.389914
energy/site = -3.247515299
44.1345% accepted

energy = -1811.925663
energy/site = -2.796181578
44.2685% accepted

energy = -3520.578031
energy/site = -5.432990789
44.2558% accepted

energy = -1915.345954
energy/site = -2.955780793
44.1916% accepted

energy = -3433.419675
energy/site = -5.298487153
44.2777% accepted

energy = -2516.310161
energy/site = -3.883194692
44.264% accepted

energy = -2155.910683
energy/site = -3.327022659
44.1789% accepted

energy = -2410.099017
energy/site = -3.719288606
44.0877% accepted

energy = -5889.938451
energy/site = -9.089411191
44.1411% accepted

energy = -1585.906277
energy/site = -2.447386229
44.2607% accepted

energy = -3389.427673
energy/site = -5.230598261
44.1602% accepted

energy = -3692.855484
energy/site = -5.698851055
44.269% accepted

energy = -3199.82363
energy/site = -4.937999429
44.3174% accepted

energy = -1401.513702
energy/site = -2.162829786
44.2731% accepted

energy = -1454.708946
energy/site = -2.244921214
44.2237% accepted

energy = -2004.985146
energy/site = -3.094112879
44.182% accepted

energy = -2655.933705
energy/site = -4.098663126
44.3559% accepted

energy = -1541.580102
energy/site = -2.378981638
44.2271% accepted

energy = -2719.545883
energy/site = -4.196830066
44.2362% accepted

energy = -1490.160823
energy/site = -2.2996309
44.2835% accepted

energy = -1073.589518
energy/site = -1.656773948
44.2396% accepted

energy = -2509.369621
energy/site = -3.872483983
44.2692% accepted

energy = -4983.090571
energy/site = -7.689954585
44.1319% accepted

energy = -5742.747185
energy/site = -8.862264174
44.1891% accepted

energy = -4824.342497
energy/site = -7.44497299
44.3603% accepted

energy = -3013.715086
energy/site = -4.650794885
44.1818% accepted

energy = -2933.32068
energy/site = -4.526729444
44.3745% accepted

energy = -3391.40632
energy/site = -5.233651728
44.1921% accepted

energy = -5651.444128
energy/site = -8.721364395
44.3084% accepted

energy = -1618.919348
energy/site = -2.498332328
44.0891% accepted

energy = -1207.386081
energy/site = -1.863250125
44.2406% accepted

energy = -3398.850897
energy/site = -5.245140273
44.2664% accepted

energy = -2305.28473
energy/site = -3.557538163
44.4044% accepted

energy = -2078.504167
energy/site = -3.207568159
44.2307% accepted

energy = -3648.807809
energy/site = -5.630876248
44.2752% accepted

energy = -1647.782679
energy/site = -2.542874504
44.4347% accepted

energy = -1869.163813
energy/site = -2.884512058
44.3959% accepted

energy = -975.5165102
energy/site = -1.505426713
44.2724% accepted

energy = -2579.315081
energy/site = -3.980424508
44.2365% accepted

energy = -2393.675299
energy/site = -3.693943363
44.1899% accepted

energy = -918.4440264
energy/site = -1.417351893
44.2025% accepted

energy = -2114.865112
energy/site = -3.263680728
44.3252% accepted

energy = -1520.314974
energy/site = -2.346165083
44.3764% accepted

energy = -2670.592288
energy/site = -4.121284395
44.2242% accepted

energy = -775.1925481
energy/site = -1.196284796
44.2166% accepted

energy = -1889.095728
energy/site = -2.915271186
44.3878% accepted

energy = -1731.76834
energy/site = -2.672482007
44.1875% accepted

energy = -2535.342666
energy/site = -3.912565843
44.357% accepted

energy = -1727.04908
energy/site = -2.665199198
44.2179% accepted

energy = -4739.097885
energy/site = -7.313422662
44.0929% accepted

energy = -787.4665756
energy/site = -1.215226197
44.335% accepted

energy = -3952.692937
energy/site = -6.099834779
44.2951% accepted

energy = -2778.00929
energy/site = -4.287051374
44.2889% accepted

energy = -3103.378174
energy/site = -4.789163848
44.3515% accepted

energy = -4753.866051
energy/site = -7.336213042
44.1391% accepted

energy = -1812.975566
energy/site = -2.797801799
44.149% accepted

energy = -1965.522533
energy/site = -3.033213786
44.3909% accepted

energy = -1054.162395
energy/site = -1.62679382
44.2977% accepted

energy = -2027.616953
energy/site = -3.129038508
44.3728% accepted

energy = -1653.665705
energy/site = -2.551953248
44.4204% accepted

energy = -8138.057043
energy/site = -12.55873
44.0825% accepted

energy = -4575.99027
energy/site = -7.061713379
44.166% accepted

energy = -3099.082066
energy/site = -4.782534052
44.2881% accepted

energy = -3228.139706
energy/site = -4.981697077
44.1669% accepted

energy = -2032.800981
energy/site = -3.137038552
44.2786% accepted

energy = -2564.203188
energy/site = -3.957103685
44.1897% accepted

energy = -1077.801766
energy/site = -1.663274331
44.3238% accepted

energy = -1725.594242
energy/site = -2.662954077
44.396% accepted

energy = -1962.94704
energy/site = -3.02923926
44.2128% accepted

energy = -2767.907827
energy/site = -4.271462697
44.2984% accepted

energy = -6165.249348
energy/site = -9.514273685
44.266% accepted

energy = -2326.321561
energy/site = -3.590002408
44.223% accepted

energy = -1987.355114
energy/site = -3.06690604
44.3175% accepted

energy = -2386.04687
energy/site = -3.682171096
44.0888% accepted

energy = -3804.08983
energy/site = -5.870508997
44.1723% accepted

energy = -2283.292057
energy/site = -3.523598853
44.4449% accepted

energy = -3446.658394
energy/site = -5.318917275
44.1323% accepted

energy = -2275.201275
energy/site = -3.511113078
44.3287% accepted

energy = -1874.611697
energy/site = -2.892919285
44.241% accepted

energy = -2255.543524
energy/site = -3.480777044
44.2607% accepted

energy = -2118.055815
energy/site = -3.268604653
44.0683% accepted

energy = -2262.667569
energy/site = -3.49177094
44.294% accepted

energy = -2152.632285
energy/site = -3.321963403
44.3291% accepted

energy = -2644.296292
energy/site = -4.080704155
44.2829% accepted

energy = -2210.399518
energy/site = -3.411110367
44.3394% accepted

energy = -2404.216282
energy/site = -3.710210312
44.2307% accepted

energy = -2387.812328
energy/site = -3.684895568
44.2397% accepted

energy = -2881.497591
energy/site = -4.446755541
44.1896% accepted

energy = -5358.656026
energy/site = -8.269530904
44.2425% accepted

energy = -1755.647022
energy/site = -2.709331824
44.206% accepted

energy = -1039.923496
energy/site = -1.60482021
44.2607% accepted

energy = -2440.718111
energy/site = -3.766540294
44.3413% accepted

energy = -1607.385346
energy/site = -2.480532942
44.3197% accepted

energy = -1179.49814
energy/site = -1.820213179
44.2856% accepted

energy = -3058.582337
energy/site = -4.720034471
44.2421% accepted

energy = -1000.163584
energy/site = -1.543462322
44.3208% accepted

energy = -1521.86732
energy/site = -2.348560678
44.2935% accepted

energy = -669.5055269
energy/site = -1.033187542
44.4532% accepted

energy = -1540.098315
energy/site = -2.37669493
44.1672% accepted

energy = -3368.226361
energy/site = -5.197880187
44.3324% accepted

energy = -2373.474497
energy/site = -3.662769285
44.1531% accepted

energy = -2385.735898
energy/site = -3.681691201
44.3638% accepted

energy = -2487.490514
energy/site = -3.838719929
44.2423% accepted

