
weighting by <swap_x> where x = 19
10 x 40 x 1 system
r   = 3  bondops changed per step 
n/N = 80  bond operators / site
its = 1000000  iterations/loop for 10000 loops

energy = -1219.251985
energy/site = -1.524064981
44.5988% accepted

energy = -79.22356455
energy/site = -0.09902945568
43.7418% accepted

energy = -849.4102833
energy/site = -1.061762854
43.7563% accepted

energy = -3.881725335
energy/site = -0.004852156669
43.6593% accepted

energy = -31.53862257
energy/site = -0.03942327821
43.8629% accepted

energy = -267.0680921
energy/site = -0.3338351151
43.6706% accepted

energy = -12.52531481
energy/site = -0.01565664351
43.8141% accepted

energy = -86.6808454
energy/site = -0.1083510568
43.6167% accepted

energy = -13.20148911
energy/site = -0.01650186139
43.6841% accepted

energy = -2.646365581
energy/site = -0.003307956977
43.6533% accepted

energy = -267.1207302
energy/site = -0.3339009128
43.5983% accepted

energy = -94.08739289
energy/site = -0.1176092411
43.9014% accepted

energy = -1520.822879
energy/site = -1.901028598
43.6844% accepted

energy = -2119.610562
energy/site = -2.649513202
43.5096% accepted

energy = -118.0673959
energy/site = -0.1475842449
43.6079% accepted

energy = -32.34931502
energy/site = -0.04043664377
43.6475% accepted

energy = -23.51904253
energy/site = -0.02939880316
43.7043% accepted

energy = -2.988267843
energy/site = -0.003735334804
43.6899% accepted

energy = -78.81127855
energy/site = -0.09851409818
43.658% accepted

energy = -40.0917196
energy/site = -0.0501146495
43.5437% accepted

energy = -2.34282845
energy/site = -0.002928535562
43.5902% accepted

energy = -950.0201581
energy/site = -1.187525198
43.6486% accepted

energy = -0.7352897938
energy/site = -0.0009191122423
43.5724% accepted

energy = -22.0040348
energy/site = -0.0275050435
43.72% accepted

energy = -2521.069783
energy/site = -3.151337229
43.755% accepted

energy = -695.4425417
energy/site = -0.8693031772
43.6908% accepted

energy = -2.980494142
energy/site = -0.003725617677
43.7967% accepted

energy = -4.922933083
energy/site = -0.006153666354
43.5478% accepted

energy = -4.709048429
energy/site = -0.005886310537
43.7248% accepted

energy = -0.6938848152
energy/site = -0.000867356019
43.6365% accepted

energy = -37320.50588
energy/site = -46.65063235
43.7907% accepted

energy = -1.820070548
energy/site = -0.002275088185
43.8559% accepted

energy = -1119.226294
energy/site = -1.399032868
43.7661% accepted

energy = -45.23060704
energy/site = -0.05653825881
43.6754% accepted

energy = -3.859398576
energy/site = -0.00482424822
43.6023% accepted

energy = -480.8780067
energy/site = -0.6010975084
43.6635% accepted

energy = -1.934109092
energy/site = -0.002417636365
43.6472% accepted

energy = -111.0339648
energy/site = -0.138792456
43.5643% accepted

energy = -1.253831878
energy/site = -0.001567289848
43.7236% accepted

energy = -40.97325893
energy/site = -0.05121657366
43.7174% accepted

energy = -8.050371702
energy/site = -0.01006296463
43.7306% accepted

energy = -2017.725113
energy/site = -2.522156392
43.6411% accepted

energy = -2.315981409
energy/site = -0.002894976761
43.6222% accepted

energy = -2.176154211
energy/site = -0.002720192763
43.7473% accepted

energy = -4.513125161
energy/site = -0.005641406451
43.6787% accepted

energy = -9.281941384
energy/site = -0.01160242673
43.7308% accepted

energy = -1.985327377
energy/site = -0.002481659222
43.4762% accepted

energy = -4464.34296
energy/site = -5.5804287
43.6619% accepted

energy = -4.682574581
energy/site = -0.005853218226
43.7477% accepted

energy = -1.240903907
energy/site = -0.001551129883
43.6465% accepted

energy = -17.54735879
energy/site = -0.02193419849
43.6427% accepted

energy = -13.66544512
energy/site = -0.0170818064
43.6887% accepted

energy = -115.5338268
energy/site = -0.1444172835
43.6738% accepted

energy = -183.4048625
energy/site = -0.2292560782
43.6359% accepted

energy = -312.7803399
energy/site = -0.3909754248
43.5835% accepted

energy = -1.12481143
energy/site = -0.001406014288
43.781% accepted

energy = -66.20693971
energy/site = -0.08275867464
43.6966% accepted

energy = -3.941240581
energy/site = -0.004926550727
43.5732% accepted

energy = -157.6704682
energy/site = -0.1970880853
43.6628% accepted

energy = -9.8511204
energy/site = -0.0123139005
43.5571% accepted

energy = -4.99936928
energy/site = -0.0062492116
43.7658% accepted

energy = -15.28998858
energy/site = -0.01911248573
43.7447% accepted

energy = -76.2010755
energy/site = -0.09525134438
43.7073% accepted

energy = -311.8675757
energy/site = -0.3898344696
43.5596% accepted

energy = -2.991916336
energy/site = -0.00373989542
43.7136% accepted

energy = -2.55546863
energy/site = -0.003194335787
43.7386% accepted

energy = -185.7049677
energy/site = -0.2321312096
43.7955% accepted

energy = -14.57020418
energy/site = -0.01821275522
43.828% accepted

energy = -3.492767344
energy/site = -0.00436595918
43.5496% accepted

energy = -61.38581022
energy/site = -0.07673226278
43.7104% accepted

energy = -46.35688332
energy/site = -0.05794610415
43.7814% accepted

energy = -376.8661361
energy/site = -0.4710826701
43.6033% accepted

energy = -1262.953607
energy/site = -1.578692009
43.6733% accepted

energy = -7151.004878
energy/site = -8.938756097
43.8159% accepted

energy = -1407.855547
energy/site = -1.759819434
43.767% accepted

energy = -38.34576047
energy/site = -0.04793220059
43.7122% accepted

energy = -47.99563828
energy/site = -0.05999454785
43.6863% accepted

energy = -16.37303843
energy/site = -0.02046629804
43.5811% accepted

energy = -15.93607572
energy/site = -0.01992009465
43.7959% accepted

energy = -200.7166985
energy/site = -0.2508958731
43.6453% accepted

energy = -62.07935406
energy/site = -0.07759919258
43.6417% accepted

energy = -43.94014864
energy/site = -0.0549251858
43.7375% accepted

energy = -1.295376864
energy/site = -0.00161922108
43.6596% accepted

energy = -286.8696841
energy/site = -0.3585871051
43.6474% accepted

energy = -2244.674805
energy/site = -2.805843506
43.562% accepted

energy = -8.602082306
energy/site = -0.01075260288
43.7535% accepted

energy = -2.25274125
energy/site = -0.002815926562
43.7063% accepted

energy = -30.15358934
energy/site = -0.03769198668
43.5996% accepted

energy = -1795.114127
energy/site = -2.243892659
43.7482% accepted

energy = -4.133606909
energy/site = -0.005167008637
43.7202% accepted

energy = -1543.597198
energy/site = -1.929496498
43.7884% accepted

energy = -29.54236178
energy/site = -0.03692795223
43.7194% accepted

energy = -19.77324926
energy/site = -0.02471656158
43.685% accepted

energy = -30.33035619
energy/site = -0.03791294524
43.719% accepted

energy = -78.42989641
energy/site = -0.09803737052
43.7702% accepted

energy = -9.283288131
energy/site = -0.01160411016
43.5934% accepted

energy = -0.8827891852
energy/site = -0.001103486482
43.7612% accepted

energy = -3.855557597
energy/site = -0.004819446997
43.4977% accepted

energy = -54.69962511
energy/site = -0.06837453139
43.665% accepted

energy = -56.55339051
energy/site = -0.07069173813
43.6303% accepted

energy = -56.16226068
energy/site = -0.07020282585
43.6131% accepted

energy = -2.265518456
energy/site = -0.00283189807
43.707% accepted

energy = -112.4305719
energy/site = -0.1405382149
43.7632% accepted

energy = -7946.84148
energy/site = -9.933551849
43.7279% accepted

energy = -324.1841952
energy/site = -0.405230244
43.4924% accepted

energy = -148.2372163
energy/site = -0.1852965204
43.7873% accepted

energy = -30.14393343
energy/site = -0.03767991679
43.6439% accepted

energy = -14.02504468
energy/site = -0.01753130586
43.603% accepted

energy = -33.92004629
energy/site = -0.04240005786
43.7303% accepted

energy = -77.76712649
energy/site = -0.09720890812
43.63% accepted

energy = -3.917965842
energy/site = -0.004897457302
43.7103% accepted

energy = -0.2181082658
energy/site = -0.0002726353323
43.7248% accepted

energy = -1301.947717
energy/site = -1.627434647
43.718% accepted

energy = -2.709331713
energy/site = -0.003386664641
43.7183% accepted

energy = -161.9380713
energy/site = -0.2024225891
43.769% accepted

energy = -5.837903652
energy/site = -0.007297379565
43.7889% accepted

energy = -37.17488513
energy/site = -0.04646860641
43.6816% accepted

energy = -2.570524279
energy/site = -0.003213155349
43.5949% accepted

energy = -0.5280363713
energy/site = -0.0006600454641
43.7056% accepted

energy = -21.42501888
energy/site = -0.0267812736
43.7479% accepted

energy = -69.83297454
energy/site = -0.08729121818
43.6033% accepted

energy = -2809.344301
energy/site = -3.511680376
43.8264% accepted

energy = -443.6911285
energy/site = -0.5546139106
43.6867% accepted

energy = -40.91335372
energy/site = -0.05114169215
43.6477% accepted

energy = -3.417552352
energy/site = -0.004271940441
43.6189% accepted

energy = -7.243173281
energy/site = -0.009053966601
43.7261% accepted

energy = -130.43162
energy/site = -0.163039525
43.556% accepted

energy = -14.32555107
energy/site = -0.01790693884
43.5279% accepted

energy = -408.8922185
energy/site = -0.5111152731
43.7254% accepted

energy = -896.8609122
energy/site = -1.12107614
43.7056% accepted

energy = -51.43216253
energy/site = -0.06429020316
43.6902% accepted

energy = -795.6865143
energy/site = -0.9946081428
43.6331% accepted

energy = -15.68264555
energy/site = -0.01960330693
43.6524% accepted

energy = -254.0753289
energy/site = -0.3175941611
43.6452% accepted

energy = -156.9819089
energy/site = -0.1962273861
43.732% accepted

energy = -57.44713043
energy/site = -0.07180891304
43.7623% accepted

energy = -26.80419787
energy/site = -0.03350524734
43.6269% accepted

energy = -19.7528509
energy/site = -0.02469106362
43.8238% accepted

energy = -144.7685804
energy/site = -0.1809607254
43.6919% accepted

energy = -44.48430244
energy/site = -0.05560537805
43.6686% accepted

energy = -57.08466988
energy/site = -0.07135583735
43.6157% accepted

energy = -13.97114455
energy/site = -0.01746393069
43.6849% accepted

energy = -4.68370628
energy/site = -0.00585463285
43.6286% accepted

energy = -22.25034472
energy/site = -0.0278129309
43.6859% accepted

energy = -0.897886422
energy/site = -0.001122358028
43.5832% accepted

energy = -60.2790972
energy/site = -0.0753488715
43.671% accepted

energy = -3.330959446
energy/site = -0.004163699307
43.6787% accepted

energy = -189.1105305
energy/site = -0.2363881631
43.6991% accepted

energy = -1216.207147
energy/site = -1.520258934
43.6208% accepted

energy = -13.27435899
energy/site = -0.01659294874
43.7554% accepted

energy = -98.33130659
energy/site = -0.1229141332
43.7989% accepted

energy = -8.634075905
energy/site = -0.01079259488
43.5906% accepted

energy = -260.061882
energy/site = -0.3250773525
43.7774% accepted

energy = -432.9633121
energy/site = -0.5412041401
43.4903% accepted

energy = -23307.96032
energy/site = -29.1349504
43.7453% accepted

energy = -118.0925438
energy/site = -0.1476156798
43.702% accepted

energy = -91.88259732
energy/site = -0.1148532466
43.7301% accepted

energy = -589.9519736
energy/site = -0.737439967
43.7035% accepted

energy = -136.7467411
energy/site = -0.1709334264
43.5874% accepted

energy = -138.9631129
energy/site = -0.1737038911
43.7485% accepted

energy = -314.6987111
energy/site = -0.3933733889
43.6761% accepted

energy = -0.9279399297
energy/site = -0.001159924912
43.6979% accepted

energy = -2.804067381
energy/site = -0.003505084226
43.7326% accepted

energy = -0.6948337545
energy/site = -0.0008685421931
43.7514% accepted

energy = -236.0721964
energy/site = -0.2950902455
43.6988% accepted

energy = -57.83986122
energy/site = -0.07229982653
43.682% accepted

energy = -1.663051211
energy/site = -0.002078814014
43.6905% accepted

energy = -2371.903646
energy/site = -2.964879558
43.7605% accepted

energy = -0.7504369532
energy/site = -0.0009380461915
43.8797% accepted

energy = -5.769302205
energy/site = -0.007211627757
43.7837% accepted

energy = -4.389842241
energy/site = -0.005487302801
43.5787% accepted

energy = -2.873847834
energy/site = -0.003592309792
43.6779% accepted

energy = -60.82451789
energy/site = -0.07603064736
43.7299% accepted

energy = -11.18876622
energy/site = -0.01398595777
43.766% accepted

energy = -8.785390959
energy/site = -0.0109817387
43.6593% accepted

energy = -43.29360114
energy/site = -0.05411700143
43.717% accepted

energy = -15.04292491
energy/site = -0.01880365613
43.5636% accepted

energy = -9.726372161
energy/site = -0.0121579652
43.5167% accepted

energy = -36.09520389
energy/site = -0.04511900487
43.6289% accepted

energy = -90.64685093
energy/site = -0.1133085637
43.6891% accepted

energy = -348.9629023
energy/site = -0.4362036279
43.6775% accepted

energy = -648.6750481
energy/site = -0.8108438101
43.7779% accepted

energy = -29.60338567
energy/site = -0.03700423209
43.6932% accepted

energy = -17.2496265
energy/site = -0.02156203313
43.7055% accepted

energy = -57.66419558
energy/site = -0.07208024448
43.553% accepted

energy = -214.6247781
energy/site = -0.2682809726
43.6678% accepted

energy = -2.368436749
energy/site = -0.002960545937
43.6391% accepted

energy = -145.8702221
energy/site = -0.1823377777
43.6814% accepted

energy = -299.5996904
energy/site = -0.374499613
43.625% accepted

energy = -99.65404528
energy/site = -0.1245675566
43.7016% accepted

energy = -5.830687068
energy/site = -0.007288358834
43.7263% accepted

energy = -5.116561784
energy/site = -0.006395702229
43.5379% accepted

energy = -240.3492169
energy/site = -0.3004365211
43.5473% accepted

energy = -43.99402111
energy/site = -0.05499252639
43.5237% accepted

energy = -940.240707
energy/site = -1.175300884
43.5659% accepted

energy = -6.036935522
energy/site = -0.007546169402
43.6196% accepted

energy = -4.303911155
energy/site = -0.005379888943
43.5769% accepted

energy = -152.2842242
energy/site = -0.1903552802
43.7103% accepted

energy = -3.885281826
energy/site = -0.004856602282
43.7184% accepted

energy = -3.535007417
energy/site = -0.004418759271
43.7715% accepted

energy = -18.10097299
energy/site = -0.02262621624
43.6234% accepted

energy = -3.582968002
energy/site = -0.004478710002
43.6375% accepted

energy = -8.892205434
energy/site = -0.01111525679
43.7387% accepted

energy = -158.4125084
energy/site = -0.1980156355
43.7412% accepted

energy = -4233.531423
energy/site = -5.291914278
43.7244% accepted

energy = -17.20162652
energy/site = -0.02150203314
43.6881% accepted

energy = -54.81792418
energy/site = -0.06852240522
43.8075% accepted

energy = -472.4312038
energy/site = -0.5905390047
43.6962% accepted

energy = -41.53795579
energy/site = -0.05192244473
43.6462% accepted

energy = -248.482368
energy/site = -0.31060296
43.6602% accepted

energy = -58.11097186
energy/site = -0.07263871482
43.7586% accepted

energy = -1359.924241
energy/site = -1.699905301
43.5987% accepted

energy = -93.60735513
energy/site = -0.1170091939
43.6972% accepted

energy = -13.80286003
energy/site = -0.01725357504
43.669% accepted

energy = -3863.067619
energy/site = -4.828834524
43.557% accepted

energy = -1.985950158
energy/site = -0.002482437698
43.6558% accepted

energy = -5055.885779
energy/site = -6.319857224
43.7348% accepted

energy = -7.0634015
energy/site = -0.008829251876
43.6569% accepted

energy = -157.1158929
energy/site = -0.1963948661
43.8045% accepted

energy = -138422.2137
energy/site = -173.0277671
43.6698% accepted

energy = -16.68339131
energy/site = -0.02085423914
43.7273% accepted

energy = -40.67929473
energy/site = -0.05084911842
43.7623% accepted

energy = -362.3457616
energy/site = -0.452932202
43.8839% accepted

energy = -102.0943384
energy/site = -0.127617923
43.7555% accepted

energy = -2031.465895
energy/site = -2.539332369
43.7924% accepted

energy = -38.23537923
energy/site = -0.04779422403
43.6535% accepted

energy = -58.93346237
energy/site = -0.07366682796
43.7833% accepted

energy = -17.96523267
energy/site = -0.02245654084
43.7264% accepted

energy = -162.9464586
energy/site = -0.2036830733
43.6793% accepted

energy = -8.351675827
energy/site = -0.01043959478
43.597% accepted

energy = -4.951093928
energy/site = -0.00618886741
43.758% accepted

energy = -11367.41891
energy/site = -14.20927364
43.5362% accepted

energy = -748.1557098
energy/site = -0.9351946372
43.6926% accepted

energy = -18.34068321
energy/site = -0.02292585401
43.7013% accepted

energy = -1.683249152
energy/site = -0.00210406144
43.5462% accepted

energy = -4734.757584
energy/site = -5.91844698
43.6821% accepted

energy = -632.1129913
energy/site = -0.7901412392
43.7681% accepted

energy = -57.59442564
energy/site = -0.07199303205
43.6514% accepted

energy = -1.221648812
energy/site = -0.001527061015
43.7871% accepted

energy = -22.32108628
energy/site = -0.02790135785
43.7719% accepted

energy = -907.8216826
energy/site = -1.134777103
43.8212% accepted

energy = -41.05073246
energy/site = -0.05131341558
43.6773% accepted

energy = -12466.60373
energy/site = -15.58325467
43.7688% accepted

energy = -634.8974672
energy/site = -0.793621834
43.6665% accepted

energy = -31.8167168
energy/site = -0.039770896
43.7503% accepted

energy = -116.3231393
energy/site = -0.1454039241
43.6143% accepted

energy = -3.296482229
energy/site = -0.004120602786
43.6892% accepted

energy = -16.30064148
energy/site = -0.02037580185
43.6958% accepted

energy = -2520.995932
energy/site = -3.151244914
43.6427% accepted

energy = -8.172971899
energy/site = -0.01021621487
43.759% accepted

energy = -301.5992577
energy/site = -0.3769990722
43.6846% accepted

energy = -11.01709805
energy/site = -0.01377137256
43.6819% accepted

energy = -3282.368616
energy/site = -4.10296077
43.7111% accepted

energy = -4442.226623
energy/site = -5.552783279
43.746% accepted

energy = -96.56997532
energy/site = -0.1207124691
43.6074% accepted

energy = -138.672094
energy/site = -0.1733401175
43.7575% accepted

energy = -2245.912288
energy/site = -2.80739036
43.72% accepted

energy = -168.458974
energy/site = -0.2105737176
43.7073% accepted

energy = -158.1332137
energy/site = -0.1976665171
43.6563% accepted

energy = -239.9178942
energy/site = -0.2998973677
43.7028% accepted

energy = -29.9951038
energy/site = -0.03749387975
43.6989% accepted

energy = -239.3016695
energy/site = -0.2991270869
43.6701% accepted

energy = -52.75936283
energy/site = -0.06594920353
43.6063% accepted

energy = -25.23872326
energy/site = -0.03154840407
43.6842% accepted

energy = -467.7984951
energy/site = -0.5847481189
43.6102% accepted

energy = -27.82949151
energy/site = -0.03478686439
43.7225% accepted

energy = -0.6703220936
energy/site = -0.000837902617
43.7223% accepted

energy = -6.827538428
energy/site = -0.008534423035
43.7353% accepted

energy = -105.3187871
energy/site = -0.1316484838
43.6177% accepted

energy = -13.30938367
energy/site = -0.01663672959
43.7972% accepted

energy = -538.1500134
energy/site = -0.6726875167
43.6744% accepted

energy = -65.42178567
energy/site = -0.08177723209
43.5073% accepted

energy = -86101.90746
energy/site = -107.6273843
43.7772% accepted

energy = -113.0592165
energy/site = -0.1413240207
43.6282% accepted

energy = -3.342998615
energy/site = -0.004178748268
43.7336% accepted

energy = -15.33323067
energy/site = -0.01916653833
43.6777% accepted

energy = -2.061664813
energy/site = -0.002577081016
43.775% accepted

energy = -265.2046959
energy/site = -0.3315058698
43.7049% accepted

energy = -5.291799607
energy/site = -0.006614749508
43.7814% accepted

energy = -13.41389109
energy/site = -0.01676736386
43.6509% accepted

energy = -1169.892168
energy/site = -1.46236521
43.606% accepted

energy = -4.67419129
energy/site = -0.005842739112
43.7862% accepted

energy = -14.72170232
energy/site = -0.01840212789
43.7437% accepted

energy = -448.6085413
energy/site = -0.5607606766
43.7277% accepted

energy = -197.7524397
energy/site = -0.2471905496
43.6392% accepted

energy = -753.0237555
energy/site = -0.9412796944
43.7554% accepted

energy = -140.4655208
energy/site = -0.175581901
43.7304% accepted

energy = -189104.1769
energy/site = -236.3802211
43.7025% accepted

energy = -4.307557299
energy/site = -0.005384446624
43.5206% accepted

energy = -3290.685667
energy/site = -4.113357084
43.5216% accepted

energy = -4.65984202
energy/site = -0.005824802525
43.6015% accepted

energy = -168.7597329
energy/site = -0.2109496661
43.6115% accepted

energy = -55.99168873
energy/site = -0.06998961092
43.6922% accepted

energy = -2.638830253
energy/site = -0.003298537816
43.7116% accepted

energy = -2.074773638
energy/site = -0.002593467047
43.7267% accepted

User defined signal 2

------------------------------------------------------------
Sender: LSF System <lsfadmin@wha591>
Subject: Job 3220383: <./torus19> Exited

Job <./torus19> was submitted from host <wha781> by user <akallin>.
Job was executed on host(s) <wha591>, in queue <serial>, as user <akallin>.
</home/akallin> was used as the home directory.
</work/akallin/TORUS/10leg/19> was used as the working directory.
Started at Thu May 27 08:59:54 2010
Results reported at Thu Jun  3 10:04:59 2010

Your job looked like:

------------------------------------------------------------
# LSBATCH: User input
./torus19
------------------------------------------------------------

TERM_RUNLIMIT: job killed after reaching LSF run time limit.
Exited with exit code 140.

Resource usage summary:

    CPU time   : 507024.00 sec.
    Max Memory :         7 MB
    Max Swap   :       131 MB

    Max Processes  :         4
    Max Threads    :         4

The output (if any) is above this job summary.

