
weighting by <swap_x> where x = 2
11 x 40 x 1 system
r   = 3  bondops changed per step 
n/N = 80  bond operators / site
its = 1000000  iterations/loop for 100000 loops

energy = -3002.866665
energy/site = -3.412348483
44.7627% accepted

energy = -1748.213167
energy/site = -1.986605872
43.8396% accepted

energy = -1634.983173
energy/site = -1.857935424
43.7959% accepted

energy = -1704.938775
energy/site = -1.937430426
43.8784% accepted

energy = -910.9413243
energy/site = -1.035160596
43.8892% accepted

energy = -1347.135891
energy/site = -1.530836239
43.8265% accepted

energy = -1239.127242
energy/site = -1.408099139
43.8163% accepted

energy = -1699.223582
energy/site = -1.930935888
43.8504% accepted

energy = -2214.874648
energy/site = -2.516903009
43.8516% accepted

energy = -6330.056672
energy/site = -7.193246219
43.9246% accepted

energy = -790.7602988
energy/site = -0.8985912486
43.8722% accepted

energy = -1139.785236
energy/site = -1.295210495
43.8511% accepted

energy = -4149.379466
energy/site = -4.715203938
43.8084% accepted

energy = -1275.205849
energy/site = -1.449097556
43.9245% accepted

energy = -1036.871581
energy/site = -1.178263161
43.811% accepted

energy = -869.2246692
energy/site = -0.9877553059
43.8797% accepted

energy = -2096.686061
energy/site = -2.382597797
43.8598% accepted

energy = -3557.722796
energy/site = -4.042866814
43.814% accepted

energy = -859.1396908
energy/site = -0.9762951032
43.8839% accepted

energy = -4058.937417
energy/site = -4.612428883
43.925% accepted

energy = -1044.862753
energy/site = -1.187344037
43.7708% accepted

energy = -2063.374385
energy/site = -2.344743619
43.8539% accepted

energy = -2052.79154
energy/site = -2.332717659
43.942% accepted

energy = -793.923442
energy/site = -0.9021857296
43.8773% accepted

energy = -1408.523893
energy/site = -1.600595333
43.7849% accepted

energy = -1717.534858
energy/site = -1.951744157
44.0065% accepted

energy = -919.629844
energy/site = -1.045033914
43.7422% accepted

energy = -1371.061523
energy/site = -1.558024458
43.9541% accepted

energy = -4107.758111
energy/site = -4.667906944
43.94% accepted

energy = -6844.592606
energy/site = -7.777946144
43.9774% accepted

energy = -1681.513711
energy/site = -1.910811036
43.9207% accepted

energy = -1382.971463
energy/site = -1.571558481
43.8195% accepted

energy = -7409.432435
energy/site = -8.419809585
43.9408% accepted

energy = -8454.831081
energy/site = -9.607762592
43.8311% accepted

energy = -1073.666756
energy/site = -1.220075859
43.8677% accepted

energy = -1578.012562
energy/site = -1.793196094
43.8156% accepted

energy = -980.5475766
energy/site = -1.11425861
43.7964% accepted

energy = -1077.804695
energy/site = -1.224778062
43.7574% accepted

energy = -1908.075076
energy/site = -2.168267132
43.9173% accepted

energy = -1413.280572
energy/site = -1.60600065
43.6797% accepted

energy = -3296.44729
energy/site = -3.74596283
43.7862% accepted

energy = -2366.276446
energy/site = -2.688950507
43.735% accepted

energy = -610.9535041
energy/site = -0.6942653456
43.9042% accepted

energy = -2884.237358
energy/site = -3.277542452
43.9384% accepted

energy = -844.9433888
energy/site = -0.9601629418
43.8691% accepted

energy = -1621.996932
energy/site = -1.843178332
43.7544% accepted

energy = -1301.728501
energy/site = -1.479236932
43.7994% accepted

energy = -719.5138824
energy/site = -0.8176294118
43.8615% accepted

energy = -1473.385947
energy/site = -1.674302212
43.9652% accepted

energy = -2358.97265
energy/site = -2.680650738
43.9212% accepted

energy = -811.0042043
energy/site = -0.9215956867
43.7893% accepted

energy = -5505.696428
energy/site = -6.256473214
43.7981% accepted

energy = -1254.646
energy/site = -1.425734091
43.8074% accepted

energy = -698.3452077
energy/site = -0.7935740997
43.7418% accepted

energy = -215.3385304
energy/site = -0.2447028755
43.8441% accepted

energy = -1633.096463
energy/site = -1.855791435
43.8471% accepted

energy = -941.0505348
energy/site = -1.069375608
43.8012% accepted

energy = -2452.277037
energy/site = -2.786678451
43.8576% accepted

energy = -769.1865106
energy/site = -0.8740755802
43.9638% accepted

energy = -863.3323268
energy/site = -0.9810594622
43.7199% accepted

energy = -2410.529395
energy/site = -2.739237949
43.8635% accepted

energy = -615.8587585
energy/site = -0.6998394982
43.7991% accepted

energy = -3030.994339
energy/site = -3.444311749
43.9% accepted

energy = -1752.669717
energy/site = -1.991670133
43.9657% accepted

energy = -2215.793305
energy/site = -2.517946938
44.077% accepted

energy = -1227.350387
energy/site = -1.394716349
43.8377% accepted

energy = -1090.553966
energy/site = -1.239265871
43.7825% accepted

energy = -4934.611392
energy/site = -5.607512946
43.9252% accepted

energy = -2178.427694
energy/site = -2.475486016
43.8982% accepted

energy = -494.6714274
energy/site = -0.562126622
43.8904% accepted

energy = -2634.213898
energy/site = -2.993424885
43.76% accepted

energy = -1723.380507
energy/site = -1.95838694
43.9402% accepted

energy = -553.6152148
energy/site = -0.6291081986
43.9503% accepted

energy = -1063.63066
energy/site = -1.208671205
43.9816% accepted

energy = -765.1641663
energy/site = -0.8695047344
43.978% accepted

energy = -729.1238565
energy/site = -0.828549837
43.8912% accepted

energy = -2151.924068
energy/site = -2.44536826
43.8185% accepted

energy = -1360.274132
energy/site = -1.545766059
43.7984% accepted

energy = -1995.930206
energy/site = -2.268102507
43.8139% accepted

energy = -1627.768435
energy/site = -1.849736858
43.825% accepted

energy = -613.1188722
energy/site = -0.6967259911
43.8607% accepted

energy = -6921.439217
energy/site = -7.865271838
43.776% accepted

energy = -2959.308455
energy/site = -3.362850517
43.9662% accepted

energy = -2997.457443
energy/site = -3.40620164
43.9757% accepted

energy = -4486.386216
energy/site = -5.098166154
43.907% accepted

energy = -1046.613048
energy/site = -1.18933301
43.8262% accepted

energy = -2306.207978
energy/site = -2.620690884
43.9264% accepted

energy = -759.2087059
energy/site = -0.8627371658
43.8371% accepted

energy = -707.9431493
energy/site = -0.8044808515
43.7858% accepted

energy = -498.8281825
energy/site = -0.5668502073
43.97% accepted

energy = -1008.154492
energy/site = -1.145630105
44.0129% accepted

energy = -1640.049455
energy/site = -1.863692563
43.9256% accepted

energy = -1000.969458
energy/site = -1.137465293
43.7542% accepted

energy = -3075.36048
energy/site = -3.494727818
43.9046% accepted

energy = -1982.563178
energy/site = -2.252912703
43.8739% accepted

energy = -1603.805757
energy/site = -1.822506542
43.9244% accepted

energy = -2707.422997
energy/site = -3.076617042
43.9165% accepted

energy = -680.7791039
energy/site = -0.7736126181
43.9837% accepted

energy = -414.6418082
energy/site = -0.471183873
43.7387% accepted

energy = -1630.96125
energy/site = -1.853365057
43.8287% accepted

energy = -1000.929286
energy/site = -1.137419643
43.8344% accepted

energy = -2630.711336
energy/site = -2.9894447
43.9341% accepted

energy = -789.5496334
energy/site = -0.8972154925
43.8935% accepted

energy = -2217.88535
energy/site = -2.520324261
43.9068% accepted

energy = -676.0046101
energy/site = -0.7681870569
43.7187% accepted

energy = -877.9808334
energy/site = -0.9977054925
43.8785% accepted

energy = -2285.228698
energy/site = -2.596850793
43.8228% accepted

energy = -417.3012666
energy/site = -0.4742059848
43.7691% accepted

energy = -500.2811591
energy/site = -0.5685013171
43.7513% accepted

energy = -643.2335213
energy/site = -0.7309471833
43.7789% accepted

energy = -1405.223815
energy/site = -1.596845244
43.8779% accepted

energy = -2152.060073
energy/site = -2.445522811
43.8116% accepted

energy = -1588.268374
energy/site = -1.804850425
43.8325% accepted

energy = -1972.070372
energy/site = -2.240989059
43.8182% accepted

energy = -512.0074908
energy/site = -0.581826694
43.8583% accepted

energy = -1275.419875
energy/site = -1.449340767
43.8696% accepted

energy = -5484.459588
energy/site = -6.232340441
43.9576% accepted

energy = -1098.62862
energy/site = -1.248441614
43.8127% accepted

energy = -1278.822105
energy/site = -1.453206938
43.9459% accepted

energy = -788.3576385
energy/site = -0.8958609528
43.864% accepted

energy = -1550.277341
energy/site = -1.761678797
43.8214% accepted

energy = -1079.7447
energy/site = -1.226982613
43.8657% accepted

energy = -1563.258099
energy/site = -1.776429658
43.776% accepted

energy = -336.0781494
energy/site = -0.381906988
43.921% accepted

energy = -1940.661314
energy/site = -2.205296948
43.8552% accepted

energy = -579.6896673
energy/site = -0.6587382583
43.9348% accepted

energy = -830.9695738
energy/site = -0.9442836066
44.055% accepted

energy = -1202.10628
energy/site = -1.366029864
43.7675% accepted

energy = -2498.768801
energy/site = -2.839510001
43.8538% accepted

energy = -482.5543215
energy/site = -0.5483571835
43.9408% accepted

energy = -622.6851487
energy/site = -0.7075967599
43.8238% accepted

energy = -1016.918361
energy/site = -1.155589047
43.8602% accepted

energy = -846.8507466
energy/site = -0.9623303939
43.7659% accepted

energy = -722.9370344
energy/site = -0.8215193572
43.8001% accepted

energy = -359.079647
energy/site = -0.4080450534
43.6761% accepted

energy = -1776.628664
energy/site = -2.018896209
43.7986% accepted

energy = -2375.827279
energy/site = -2.699803726
43.9327% accepted

energy = -3388.144604
energy/site = -3.850164322
43.8743% accepted

energy = -2765.096544
energy/site = -3.142155163
43.8093% accepted

energy = -2065.304362
energy/site = -2.346936775
43.936% accepted

energy = -2040.820007
energy/site = -2.319113645
44.0342% accepted

energy = -334.8735796
energy/site = -0.3805381586
43.8502% accepted

energy = -846.6978184
energy/site = -0.9621566118
43.8904% accepted

energy = -3864.611878
energy/site = -4.391604407
43.7829% accepted

energy = -1089.195539
energy/site = -1.237722203
43.8166% accepted

energy = -959.9313211
energy/site = -1.090831047
43.7737% accepted

energy = -969.8979433
energy/site = -1.102156754
43.8762% accepted

energy = -1800.108926
energy/site = -2.045578325
43.7408% accepted

energy = -936.1324396
energy/site = -1.063786863
43.7357% accepted

energy = -1343.894527
energy/site = -1.527152872
43.8507% accepted

energy = -545.9020678
energy/site = -0.6203432589
43.7423% accepted

energy = -812.4579294
energy/site = -0.9232476471
43.8748% accepted

energy = -3347.872324
energy/site = -3.804400369
43.7478% accepted

energy = -3726.886907
energy/site = -4.235098757
43.7817% accepted

energy = -3810.295982
energy/site = -4.329881798
43.9488% accepted

energy = -773.9591354
energy/site = -0.8794990175
43.8448% accepted

energy = -4465.99091
energy/site = -5.07498967
43.9086% accepted

energy = -635.7788445
energy/site = -0.7224759597
43.9061% accepted

energy = -574.6769748
energy/site = -0.6530420168
43.8054% accepted

energy = -841.7788095
energy/site = -0.956566829
43.8112% accepted

energy = -1324.216135
energy/site = -1.504791062
43.9204% accepted

energy = -774.2637397
energy/site = -0.8798451588
43.8258% accepted

energy = -1251.513263
energy/site = -1.422174163
43.8283% accepted

energy = -3086.582929
energy/site = -3.507480601
43.9328% accepted

energy = -3126.298663
energy/site = -3.552612117
43.9639% accepted

energy = -1527.332974
energy/site = -1.735605653
43.8415% accepted

energy = -2377.808124
energy/site = -2.702054687
43.8977% accepted

energy = -3006.44503
energy/site = -3.416414806
43.8125% accepted

energy = -790.679812
energy/site = -0.8984997863
43.9879% accepted

energy = -875.1848053
energy/site = -0.9945281879
43.9228% accepted

energy = -3804.811034
energy/site = -4.323648902
43.8246% accepted

energy = -600.7242486
energy/site = -0.6826411916
43.8505% accepted

energy = -1124.375418
energy/site = -1.277699338
43.8266% accepted

energy = -231.7593385
energy/site = -0.2633628846
43.8724% accepted

energy = -1965.896906
energy/site = -2.233973757
43.8705% accepted

energy = -6200.708935
energy/site = -7.046260153
43.9129% accepted

energy = -718.8012118
energy/site = -0.8168195589
44.0312% accepted

energy = -1855.627135
energy/site = -2.108667199
43.8352% accepted

energy = -2020.215739
energy/site = -2.295699704
43.6366% accepted

energy = -2421.17797
energy/site = -2.751338603
43.8084% accepted

energy = -6279.581235
energy/site = -7.135887767
43.8885% accepted

energy = -1967.473597
energy/site = -2.235765451
43.9738% accepted

energy = -453.3192316
energy/site = -0.5151354905
43.9218% accepted

energy = -1373.700182
energy/site = -1.561022934
43.761% accepted

energy = -3108.212439
energy/site = -3.53205959
43.8779% accepted

energy = -842.2147901
energy/site = -0.9570622615
43.8852% accepted

energy = -472.7013622
energy/site = -0.5371606389
43.8214% accepted

energy = -776.0060981
energy/site = -0.8818251115
43.8205% accepted

energy = -916.9556291
energy/site = -1.041995033
43.772% accepted

energy = -2005.951272
energy/site = -2.279490082
43.8536% accepted

energy = -5045.453189
energy/site = -5.733469532
43.6532% accepted

energy = -1647.891102
energy/site = -1.872603524
43.8591% accepted

energy = -2177.824508
energy/site = -2.474800577
43.9686% accepted

energy = -793.4879139
energy/site = -0.9016908112
43.7659% accepted

energy = -1382.086902
energy/site = -1.570553298
43.7951% accepted

energy = -964.194592
energy/site = -1.095675673
43.9275% accepted

energy = -427.4616784
energy/site = -0.4857519073
43.8481% accepted

energy = -816.6030388
energy/site = -0.9279579986
43.6819% accepted

energy = -1631.943571
energy/site = -1.854481331
43.7542% accepted

energy = -851.397221
energy/site = -0.967496842
44.0243% accepted

energy = -594.0696
energy/site = -0.6750790909
43.9027% accepted

energy = -836.2933382
energy/site = -0.9503333388
43.8376% accepted

energy = -2667.043594
energy/site = -3.030731356
43.9833% accepted

energy = -1322.940288
energy/site = -1.503341237
43.9314% accepted

energy = -1696.27648
energy/site = -1.927586909
43.939% accepted

energy = -894.4740732
energy/site = -1.016447811
43.9203% accepted

energy = -1340.556368
energy/site = -1.523359509
43.8536% accepted

energy = -668.3509694
energy/site = -0.759489738
43.8487% accepted

energy = -2082.931547
energy/site = -2.366967667
44.019% accepted

energy = -1458.896868
energy/site = -1.65783735
43.885% accepted

energy = -1147.85411
energy/site = -1.30437967
43.7374% accepted

energy = -1153.938223
energy/site = -1.311293435
43.8147% accepted

energy = -827.247639
energy/site = -0.9400541352
43.8409% accepted

energy = -1944.041725
energy/site = -2.209138324
43.9459% accepted

energy = -1783.248356
energy/site = -2.026418586
43.9126% accepted

energy = -672.6555867
energy/site = -0.7643813485
43.8323% accepted

energy = -6905.14203
energy/site = -7.846752307
43.9084% accepted

energy = -1642.23013
energy/site = -1.866170602
44.0144% accepted

energy = -937.8059738
energy/site = -1.065688607
43.9745% accepted

energy = -769.1616199
energy/site = -0.8740472954
43.8543% accepted

energy = -1021.445003
energy/site = -1.160732958
43.8988% accepted

energy = -1887.598479
energy/site = -2.144998271
43.8178% accepted

energy = -2146.001638
energy/site = -2.438638225
43.829% accepted

energy = -3157.958856
energy/site = -3.588589609
43.7776% accepted

energy = -807.890754
energy/site = -0.918057675
43.9434% accepted

energy = -679.0126903
energy/site = -0.7716053299
43.7399% accepted

energy = -2662.522487
energy/site = -3.025593735
43.8847% accepted

energy = -1308.013998
energy/site = -1.486379543
43.9225% accepted

User defined signal 2

------------------------------------------------------------
Sender: LSF System <lsfadmin@wha596>
Subject: Job 3908570: <./torus02> Exited

Job <./torus02> was submitted from host <wha780> by user <akallin>.
Job was executed on host(s) <wha596>, in queue <serial>, as user <akallin>.
</home/akallin> was used as the home directory.
</work/akallin/TORUS/OBC/11leg/02> was used as the working directory.
Started at Sat Jun 26 17:02:04 2010
Results reported at Sat Jul  3 16:40:52 2010

Your job looked like:

------------------------------------------------------------
# LSBATCH: User input
./torus02
------------------------------------------------------------

TERM_RUNLIMIT: job killed after reaching LSF run time limit.
Exited with exit code 140.

Resource usage summary:

    CPU time   : 435179.00 sec.
    Max Memory :         6 MB
    Max Swap   :       122 MB

    Max Processes  :         4
    Max Threads    :         4

The output (if any) is above this job summary.


weighting by <swap_x> where x = 2
11 x 40 x 1 system
r   = 3  bondops changed per step 
n/N = 80  bond operators / site
its = 1000000  iterations/loop for 100000 loops

energy = -337.5725574
energy/site = -0.3836051789
43.9004% accepted

energy = -517.9485319
energy/site = -0.5885778771
43.8551% accepted

energy = -1396.957132
energy/site = -1.587451286
43.9838% accepted

energy = -2184.154383
energy/site = -2.481993617
43.7991% accepted

energy = -703.9251746
energy/site = -0.7999149711
43.9605% accepted

energy = -1178.664062
energy/site = -1.33939098
44.0445% accepted

energy = -1870.128058
energy/site = -2.12514552
43.838% accepted

energy = -1197.597168
energy/site = -1.360905873
43.6288% accepted

energy = -942.9289756
energy/site = -1.0715102
43.6311% accepted

energy = -523.9203989
energy/site = -0.5953640897
43.8273% accepted

energy = -1694.272056
energy/site = -1.925309155
43.9133% accepted

energy = -2345.575937
energy/site = -2.665427201
43.7998% accepted

energy = -4080.175119
energy/site = -4.636562636
43.8589% accepted

energy = -929.630729
energy/site = -1.056398556
43.8582% accepted

energy = -835.3327206
energy/site = -0.9492417279
43.9456% accepted

energy = -734.9815499
energy/site = -0.8352063067
43.9883% accepted

energy = -918.8628985
energy/site = -1.044162385
43.8566% accepted

energy = -423.0692069
energy/site = -0.4807604623
43.7583% accepted

energy = -11316.71742
energy/site = -12.85990616
43.7767% accepted

energy = -507.6078925
energy/site = -0.5768271506
43.8871% accepted

energy = -2979.715058
energy/site = -3.386039838
43.8946% accepted

energy = -734.6220249
energy/site = -0.8347977556
43.8939% accepted

energy = -1458.79399
energy/site = -1.657720444
43.8143% accepted

energy = -1560.6235
energy/site = -1.773435796
43.6969% accepted

energy = -909.0236105
energy/site = -1.032981376
43.9554% accepted

energy = -1802.294449
energy/site = -2.048061874
43.8595% accepted

energy = -935.5149659
energy/site = -1.063085189
43.9137% accepted

energy = -528.0671071
energy/site = -0.6000762581
43.8419% accepted

energy = -3896.43133
energy/site = -4.427762875
43.926% accepted

energy = -1921.607027
energy/site = -2.183644349
43.9428% accepted

energy = -2167.649806
energy/site = -2.463238416
43.9569% accepted

energy = -1209.132466
energy/site = -1.374014166
43.8503% accepted

energy = -2256.455281
energy/site = -2.564153729
43.9196% accepted

energy = -2577.14126
energy/site = -2.928569614
43.8382% accepted

energy = -469.9162054
energy/site = -0.533995688
43.9201% accepted

energy = -1369.687704
energy/site = -1.5564633
43.9374% accepted

energy = -646.5556877
energy/site = -0.7347223724
43.7987% accepted

energy = -614.078373
energy/site = -0.697816333
43.909% accepted

energy = -1270.457632
energy/site = -1.443701855
43.8147% accepted

energy = -1206.132635
energy/site = -1.370605267
43.9123% accepted

energy = -1969.229727
energy/site = -2.237761054
43.9409% accepted

energy = -511.6116127
energy/site = -0.5813768326
43.6489% accepted

energy = -1444.418967
energy/site = -1.641385189
43.8573% accepted

energy = -1691.997673
energy/site = -1.922724629
43.7481% accepted

energy = -2537.035295
energy/site = -2.882994653
43.7686% accepted

energy = -1854.085089
energy/site = -2.106914874
43.8314% accepted

energy = -585.9104441
energy/site = -0.6658073228
43.8347% accepted

energy = -4212.841927
energy/site = -4.787320371
43.8632% accepted

energy = -2894.39511
energy/site = -3.289085353
43.8764% accepted

energy = -1780.145565
energy/site = -2.022892687
43.9102% accepted

energy = -2181.052059
energy/site = -2.478468249
43.9585% accepted

energy = -913.2960204
energy/site = -1.037836387
43.842% accepted

energy = -911.2282521
energy/site = -1.03548665
43.8868% accepted

energy = -1314.506331
energy/site = -1.493757194
43.8268% accepted

energy = -558.2707417
energy/site = -0.6343985701
43.9293% accepted

energy = -1893.065784
energy/site = -2.151211118
43.8169% accepted

energy = -2389.728345
energy/site = -2.715600392
43.8634% accepted

energy = -1189.87847
energy/site = -1.352134625
43.9803% accepted

energy = -1574.039713
energy/site = -1.788681492
43.7301% accepted

energy = -2507.393399
energy/site = -2.849310681
43.9407% accepted

energy = -873.8086178
energy/site = -0.9929643384
43.7238% accepted

energy = -905.1604037
energy/site = -1.028591368
43.7098% accepted

energy = -1076.561177
energy/site = -1.223364974
44.0053% accepted

energy = -43301.40839
energy/site = -49.2061459
43.7831% accepted

energy = -507.7642308
energy/site = -0.5770048078
43.83% accepted

energy = -875.2479668
energy/site = -0.9945999622
43.8378% accepted

energy = -3003.129968
energy/site = -3.412647691
43.8457% accepted

energy = -471.1742022
energy/site = -0.5354252298
43.8985% accepted

energy = -1168.362924
energy/site = -1.327685141
43.8308% accepted

energy = -560.5776939
energy/site = -0.6370201067
43.8684% accepted

energy = -1246.070667
energy/site = -1.415989394
43.9897% accepted

energy = -3776.364401
energy/site = -4.291323182
43.8474% accepted

energy = -381.5921419
energy/site = -0.433627434
43.9276% accepted

energy = -193.5247344
energy/site = -0.219914471
43.8961% accepted

energy = -556.7661944
energy/site = -0.6326888573
43.776% accepted

energy = -863.7027773
energy/site = -0.9814804288
44.0551% accepted

energy = -2971.87083
energy/site = -3.377125944
43.764% accepted

energy = -3758.963309
energy/site = -4.271549215
43.9401% accepted

energy = -1434.657272
energy/site = -1.630292355
43.7153% accepted

energy = -496.8333922
energy/site = -0.5645834002
43.9384% accepted

energy = -1160.727695
energy/site = -1.319008744
43.9238% accepted

energy = -1870.92102
energy/site = -2.126046613
43.8178% accepted

energy = -4370.647953
energy/site = -4.966645402
43.8515% accepted

energy = -1560.60038
energy/site = -1.773409523
43.8332% accepted

energy = -1288.263202
energy/site = -1.463935457
43.979% accepted

energy = -3246.803998
energy/site = -3.689549998
43.8191% accepted

energy = -3162.971366
energy/site = -3.594285643
43.8397% accepted

energy = -2515.843217
energy/site = -2.858912747
43.7945% accepted

energy = -2047.504563
energy/site = -2.32670973
43.7118% accepted

energy = -704.0311488
energy/site = -0.8000353964
43.7465% accepted

energy = -976.6992854
energy/site = -1.109885552
43.8999% accepted

energy = -970.9283782
energy/site = -1.103327703
43.8868% accepted

energy = -1343.806172
energy/site = -1.527052468
43.7892% accepted

energy = -1305.894031
energy/site = -1.483970489
43.8768% accepted

energy = -908.9667577
energy/site = -1.03291677
43.7415% accepted

energy = -3154.077866
energy/site = -3.584179394
43.7918% accepted

energy = -5348.314383
energy/site = -6.07762998
43.8122% accepted

energy = -1884.853198
energy/site = -2.141878634
43.695% accepted

energy = -1300.832105
energy/site = -1.478218301
43.9376% accepted

energy = -369.3430155
energy/site = -0.4197079722
43.9534% accepted

energy = -789.0942737
energy/site = -0.8966980383
43.8866% accepted

energy = -1259.922614
energy/site = -1.431730243
43.8535% accepted

energy = -1063.240975
energy/site = -1.20822838
43.8439% accepted

energy = -1732.022869
energy/site = -1.968207806
43.8145% accepted

energy = -1285.024877
energy/site = -1.460255542
43.8195% accepted

energy = -580.6625789
energy/site = -0.6598438397
43.853% accepted

energy = -1237.346394
energy/site = -1.406075448
43.8515% accepted

energy = -1738.218461
energy/site = -1.975248251
43.8047% accepted

energy = -1568.015924
energy/site = -1.781836278
43.8796% accepted

energy = -3846.024255
energy/site = -4.370482108
43.8459% accepted

energy = -2803.402869
energy/site = -3.185685079
43.7064% accepted

energy = -1578.078283
energy/site = -1.793270776
43.9371% accepted

energy = -405.4245384
energy/site = -0.4607097027
43.9144% accepted

energy = -590.3253184
energy/site = -0.6708242254
43.8292% accepted

energy = -1789.662298
energy/site = -2.033707157
43.8727% accepted

energy = -2142.124329
energy/site = -2.434232192
43.7955% accepted

energy = -1146.275007
energy/site = -1.302585236
43.9521% accepted

energy = -581.8803827
energy/site = -0.6612277076
43.8972% accepted

energy = -3008.957104
energy/site = -3.419269437
43.9053% accepted

energy = -1818.824916
energy/site = -2.066846495
43.9056% accepted

energy = -1688.08979
energy/site = -1.918283852
43.8165% accepted

energy = -994.1105378
energy/site = -1.129671066
43.7806% accepted

energy = -2135.117948
energy/site = -2.426270395
43.8276% accepted

energy = -1155.939862
energy/site = -1.313568025
43.9336% accepted

energy = -4005.587363
energy/site = -4.551803822
43.8261% accepted

energy = -1608.681146
energy/site = -1.828046757
43.8771% accepted

energy = -3746.144863
energy/site = -4.256982798
43.8037% accepted

energy = -502.1511214
energy/site = -0.5706262743
43.8732% accepted

energy = -1254.141745
energy/site = -1.425161074
43.9166% accepted

energy = -1883.87575
energy/site = -2.140767898
43.7974% accepted

energy = -6103.105367
energy/site = -6.935347008
43.704% accepted

energy = -438.5133039
energy/site = -0.4983105726
43.8417% accepted

energy = -1037.971572
energy/site = -1.179513151
43.6666% accepted

energy = -1047.175315
energy/site = -1.189971948
43.7826% accepted

energy = -1638.231227
energy/site = -1.861626395
43.8042% accepted

energy = -698.5267304
energy/site = -0.7937803754
43.8525% accepted

energy = -1841.558989
energy/site = -2.092680669
43.8466% accepted

energy = -915.2892827
energy/site = -1.040101458
43.8614% accepted

energy = -364.0179227
energy/site = -0.4136567303
43.9217% accepted

energy = -593.3335582
energy/site = -0.6742426798
43.863% accepted

energy = -8887.099189
energy/site = -10.09897635
43.7527% accepted

energy = -1892.100633
energy/site = -2.150114355
43.8452% accepted

energy = -3477.091169
energy/site = -3.951239965
43.9484% accepted

energy = -1227.148223
energy/site = -1.394486617
43.888% accepted

energy = -6682.203564
energy/site = -7.593413141
43.6452% accepted

energy = -1131.023394
energy/site = -1.285253857
43.8529% accepted

energy = -1025.374587
energy/site = -1.165198394
43.8707% accepted

energy = -549.5507992
energy/site = -0.6244895445
43.7386% accepted

energy = -627.0436545
energy/site = -0.7125496073
43.8259% accepted

energy = -997.2049775
energy/site = -1.133187474
43.8254% accepted

energy = -4969.949579
energy/site = -5.647669976
43.9583% accepted

energy = -2402.166942
energy/site = -2.729735161
43.9894% accepted

energy = -979.0859894
energy/site = -1.112597715
43.7681% accepted

energy = -554.1546067
energy/site = -0.6297211439
43.8708% accepted

energy = -4798.080969
energy/site = -5.452364737
43.8055% accepted

energy = -2309.398522
energy/site = -2.624316503
43.9061% accepted

energy = -392.4995415
energy/site = -0.4460222062
43.8639% accepted

energy = -852.3909626
energy/site = -0.9686260939
43.9126% accepted

energy = -1448.357307
energy/site = -1.645860576
43.7136% accepted

energy = -2487.782216
energy/site = -2.827025245
43.8782% accepted

energy = -1126.741763
energy/site = -1.280388367
43.7363% accepted

energy = -363.932478
energy/site = -0.4135596341
43.9316% accepted

energy = -653.6181997
energy/site = -0.7427479542
43.8059% accepted

energy = -504.2851939
energy/site = -0.5730513567
43.9204% accepted

energy = -1508.070699
energy/site = -1.713716703
43.809% accepted

energy = -794.9355392
energy/site = -0.90333584
43.857% accepted

energy = -1287.593515
energy/site = -1.463174449
43.8984% accepted

energy = -1518.388117
energy/site = -1.725441042
43.8881% accepted

energy = -847.9081294
energy/site = -0.9635319652
43.8448% accepted

energy = -1367.027713
energy/site = -1.553440583
43.9296% accepted

energy = -2474.106038
energy/site = -2.811484135
43.8725% accepted

energy = -531.6715018
energy/site = -0.6041721611
43.9558% accepted

energy = -1179.475714
energy/site = -1.340313312
43.8056% accepted

energy = -1440.64531
energy/site = -1.637096943
43.9081% accepted

energy = -1781.360009
energy/site = -2.024272738
43.8507% accepted

energy = -2636.326459
energy/site = -2.995825522
43.8086% accepted

energy = -1043.521926
energy/site = -1.185820371
43.7518% accepted

energy = -1128.011205
energy/site = -1.281830915
43.9027% accepted

energy = -975.1289692
energy/site = -1.108101101
43.9673% accepted

energy = -800.5752641
energy/site = -0.9097446183
43.7855% accepted

energy = -10713.82626
energy/site = -12.17480256
43.6766% accepted

energy = -2087.076723
energy/site = -2.371678095
43.9749% accepted

energy = -1219.665582
energy/site = -1.385983616
43.9918% accepted

energy = -1905.687756
energy/site = -2.165554268
43.8089% accepted

energy = -1313.696211
energy/site = -1.492836603
43.8924% accepted

energy = -9187.26585
energy/site = -10.44007483
43.8479% accepted

energy = -1569.619154
energy/site = -1.78365813
44.035% accepted

energy = -353.2219326
energy/site = -0.4013885598
43.8918% accepted

energy = -3438.187547
energy/site = -3.907031304
43.8266% accepted

energy = -2761.22026
energy/site = -3.137750296
43.9591% accepted

energy = -2765.986145
energy/site = -3.143166074
43.9519% accepted

energy = -1335.2248
energy/site = -1.517300909
43.8536% accepted

energy = -770.7603943
energy/site = -0.8758640844
43.9025% accepted

energy = -887.4078961
energy/site = -1.008418064
43.8053% accepted

energy = -2628.618533
energy/site = -2.987066515
44.0064% accepted

energy = -888.7751452
energy/site = -1.009971756
43.8263% accepted

energy = -1088.919066
energy/site = -1.237408029
43.9814% accepted

energy = -602.2040327
energy/site = -0.6843227644
43.85% accepted

energy = -772.4208435
energy/site = -0.8777509585
43.9269% accepted

energy = -523.8874708
energy/site = -0.5953266714
43.8614% accepted

energy = -2510.709813
energy/site = -2.853079333
43.7849% accepted

energy = -1760.548539
energy/site = -2.00062334
43.9411% accepted

energy = -2651.903442
energy/site = -3.013526638
43.7951% accepted

energy = -617.072186
energy/site = -0.7012183932
43.958% accepted

energy = -838.2881452
energy/site = -0.952600165
43.8881% accepted

energy = -1219.081654
energy/site = -1.385320061
43.9287% accepted

energy = -4080.320836
energy/site = -4.636728223
43.7552% accepted

energy = -1019.438802
energy/site = -1.158453184
43.8727% accepted

energy = -669.9758278
energy/site = -0.7613361679
43.8926% accepted

energy = -2389.441784
energy/site = -2.715274755
43.9526% accepted

energy = -957.4100639
energy/site = -1.087965982
43.7378% accepted

energy = -1904.473789
energy/site = -2.164174761
44.0068% accepted

energy = -596.3181371
energy/site = -0.6776342467
43.6947% accepted

energy = -2235.20354
energy/site = -2.540004023
44.017% accepted

energy = -962.6088737
energy/site = -1.09387372
43.9727% accepted

energy = -3122.736422
energy/site = -3.548564116
43.8984% accepted

energy = -787.0672122
energy/site = -0.8943945593
43.8912% accepted

energy = -1792.038564
energy/site = -2.036407459
43.8973% accepted

energy = -451.9523594
energy/site = -0.5135822266
43.8527% accepted

energy = -594.4036912
energy/site = -0.6754587401
43.7826% accepted

energy = -413.9338783
energy/site = -0.4703794072
43.8169% accepted

energy = -1064.147273
energy/site = -1.209258265
43.8438% accepted

energy = -812.0505576
energy/site = -0.9227847245
43.8093% accepted

energy = -4174.848743
energy/site = -4.744146298
43.7503% accepted

energy = -698.8909366
energy/site = -0.7941942461
43.748% accepted

energy = -1324.707407
energy/site = -1.505349327
43.8872% accepted

energy = -1260.450425
energy/site = -1.432330028
43.9954% accepted

energy = -10485.7349
energy/site = -11.91560785
43.8582% accepted

energy = -339.1821841
energy/site = -0.3854343001
43.7756% accepted

energy = -1416.801959
energy/site = -1.610002226
43.9828% accepted

energy = -807.2367164
energy/site = -0.9173144504
44.0257% accepted

energy = -5738.99273
energy/site = -6.521582648
43.9531% accepted

energy = -1051.946829
energy/site = -1.195394124
43.8624% accepted

energy = -840.7235926
energy/site = -0.9553677189
43.9718% accepted

energy = -8315.334127
energy/site = -9.449243326
43.9766% accepted

energy = -407.7521546
energy/site = -0.4633547212
43.9664% accepted

energy = -802.4767439
energy/site = -0.9119053908
43.8928% accepted

energy = -2243.616124
energy/site = -2.549563778
43.815% accepted

energy = -2505.917162
energy/site = -2.847633138
43.8122% accepted

energy = -1028.089827
energy/site = -1.168283895
43.9675% accepted

energy = -1939.263558
energy/site = -2.203708588
43.9218% accepted

User defined signal 2

------------------------------------------------------------
Sender: LSF System <lsfadmin@wha29>
Subject: Job 5120762: <./torus02> Exited

Job <./torus02> was submitted from host <wha780> by user <akallin>.
Job was executed on host(s) <wha29>, in queue <serial>, as user <akallin>.
</home/akallin> was used as the home directory.
</work/akallin/TORUS/OBC/11leg/02> was used as the working directory.
Started at Wed Jul 21 18:01:18 2010
Results reported at Wed Jul 28 18:28:01 2010

Your job looked like:

------------------------------------------------------------
# LSBATCH: User input
./torus02
------------------------------------------------------------

TERM_RUNLIMIT: job killed after reaching LSF run time limit.
Exited with exit code 140.

Resource usage summary:

    CPU time   : 453895.00 sec.
    Max Memory :         6 MB
    Max Swap   :       122 MB

    Max Processes  :         4
    Max Threads    :         4

The output (if any) is above this job summary.


weighting by <swap_x> where x = 2
11 x 40 x 1 system
r   = 3  bondops changed per step 
n/N = 80  bond operators / site
its = 1000000  iterations/loop for 100000 loops

energy = -297.4897675
energy/site = -0.338056554
43.8165% accepted

energy = -753.4136819
energy/site = -0.8561519113
43.893% accepted

energy = -848.2829134
energy/site = -0.9639578561
43.9759% accepted

energy = -1155.385962
energy/site = -1.312938593
43.8545% accepted

energy = -133.0255594
energy/site = -0.1511654084
43.9856% accepted

energy = -890.6705205
energy/site = -1.012125591
43.743% accepted

energy = -1832.432848
energy/site = -2.082310055
43.8298% accepted

energy = -908.0953084
energy/site = -1.031926487
43.6393% accepted

energy = -1739.258073
energy/site = -1.976429628
43.8592% accepted

energy = -4194.495976
energy/site = -4.7664727
43.6923% accepted

energy = -1104.692267
energy/site = -1.255332122
43.9678% accepted

energy = -333.9132071
energy/site = -0.3794468263
43.8746% accepted

energy = -243.3431337
energy/site = -0.2765262883
43.9152% accepted

energy = -1847.87872
energy/site = -2.099862182
43.7998% accepted

energy = -470.7445118
energy/site = -0.5349369452
43.8134% accepted

energy = -393.1637448
energy/site = -0.4467769827
44.033% accepted

energy = -799.3795524
energy/site = -0.908385855
43.8467% accepted

energy = -414.5895932
energy/site = -0.4711245378
43.9904% accepted

energy = -794.0027366
energy/site = -0.9022758371
43.8374% accepted

energy = -848.136466
energy/site = -0.9637914386
43.9422% accepted

energy = -2018.418045
energy/site = -2.293656869
43.6503% accepted

energy = -7274.713686
energy/site = -8.266720098
43.8028% accepted

energy = -4699.377569
energy/site = -5.340201783
43.7403% accepted

energy = -1867.735191
energy/site = -2.122426353
43.8736% accepted

energy = -1950.282555
energy/site = -2.216230176
43.9604% accepted

energy = -2515.595178
energy/site = -2.858630884
43.8325% accepted

energy = -757.1726147
energy/site = -0.8604234258
43.8604% accepted

energy = -4054.212673
energy/site = -4.607059855
43.8897% accepted

energy = -1767.92918
energy/site = -2.009010431
43.7725% accepted

energy = -817.542334
energy/site = -0.9290253796
43.8728% accepted

energy = -1218.075656
energy/site = -1.384176882
43.795% accepted

energy = -583.8285799
energy/site = -0.6634415681
43.9235% accepted

energy = -3088.41104
energy/site = -3.509558
43.8894% accepted

energy = -453.3828636
energy/site = -0.5152077996
43.7823% accepted

energy = -1381.137132
energy/site = -1.569474014
43.9552% accepted

energy = -4811.023209
energy/site = -5.467071828
43.8961% accepted

energy = -915.6896158
energy/site = -1.040556382
43.7666% accepted

energy = -2755.755625
energy/site = -3.131540483
43.9622% accepted

energy = -2213.029654
energy/site = -2.514806425
43.9941% accepted

energy = -956.7935961
energy/site = -1.08726545
43.8329% accepted

energy = -572.6753262
energy/site = -0.6507674161
43.8268% accepted

energy = -1113.779132
energy/site = -1.265658105
43.7984% accepted

energy = -972.0699046
energy/site = -1.104624892
43.8283% accepted

energy = -1648.984085
energy/site = -1.873845551
43.7843% accepted

energy = -1033.820972
energy/site = -1.174796559
43.7928% accepted

energy = -1092.113025
energy/site = -1.241037528
43.8507% accepted

energy = -1562.461965
energy/site = -1.77552496
43.8538% accepted

energy = -1235.873209
energy/site = -1.404401374
43.7768% accepted

energy = -1784.959096
energy/site = -2.028362609
43.9112% accepted

energy = -2924.437439
energy/site = -3.323224363
43.7885% accepted

energy = -1478.367564
energy/site = -1.67996314
43.9744% accepted

energy = -540.9548965
energy/site = -0.6147214732
43.815% accepted

energy = -1462.553442
energy/site = -1.661992548
43.784% accepted

energy = -4209.900891
energy/site = -4.783978285
43.9035% accepted

energy = -1763.512171
energy/site = -2.003991103
43.7682% accepted

energy = -908.0096751
energy/site = -1.031829176
43.7237% accepted

energy = -1332.924845
energy/site = -1.514687324
43.8161% accepted

energy = -1125.7623
energy/site = -1.27927534
43.8322% accepted

energy = -2950.44387
energy/site = -3.352777124
43.8663% accepted

energy = -1268.00535
energy/site = -1.440915171
43.8108% accepted

energy = -2888.21873
energy/site = -3.282066738
43.7393% accepted

energy = -465.0018502
energy/site = -0.5284111934
43.8677% accepted

energy = -2454.016794
energy/site = -2.788655448
43.9006% accepted

energy = -2045.047627
energy/site = -2.323917758
43.8755% accepted

energy = -730.6218406
energy/site = -0.8302520916
43.6712% accepted

energy = -1260.790938
energy/site = -1.432716975
43.8414% accepted

energy = -1900.722133
energy/site = -2.159911515
43.8737% accepted

energy = -796.0422544
energy/site = -0.9045934709
43.9366% accepted

energy = -2925.155694
energy/site = -3.324040561
43.8606% accepted

energy = -1359.833866
energy/site = -1.545265756
43.8149% accepted

energy = -865.5210277
energy/site = -0.9835466224
43.93% accepted

energy = -2491.97659
energy/site = -2.831791579
43.9071% accepted

energy = -823.9244407
energy/site = -0.9362777735
43.9986% accepted

energy = -5108.550231
energy/site = -5.805170717
43.9803% accepted

energy = -604.6695529
energy/site = -0.687124492
43.8528% accepted

energy = -580.0846515
energy/site = -0.659187104
43.8896% accepted

energy = -741.5653495
energy/site = -0.8426878972
43.7769% accepted

energy = -7666.457661
energy/site = -8.711883706
43.8873% accepted

energy = -1338.585806
energy/site = -1.521120234
43.7761% accepted

energy = -263.6519095
energy/site = -0.2996044426
43.8316% accepted

energy = -899.3145589
energy/site = -1.021948362
43.8698% accepted

energy = -9678.313646
energy/site = -10.99808369
43.8412% accepted

energy = -4003.049552
energy/site = -4.548919945
43.8564% accepted

energy = -2165.342768
energy/site = -2.460616782
43.8062% accepted

energy = -2124.321625
energy/site = -2.414001847
43.9972% accepted

energy = -3253.188395
energy/site = -3.696804994
43.8218% accepted

energy = -536.8231257
energy/site = -0.6100262792
43.878% accepted

energy = -2502.015909
energy/site = -2.843199896
43.8709% accepted

energy = -423.8020148
energy/site = -0.4815931986
43.8807% accepted

energy = -784.3901104
energy/site = -0.8913523982
43.8229% accepted

energy = -1113.664547
energy/site = -1.265527895
43.8695% accepted

energy = -3498.875648
energy/site = -3.975995054
43.7574% accepted

energy = -3053.772317
energy/site = -3.470195815
43.7571% accepted

energy = -1874.329641
energy/site = -2.129920047
43.9282% accepted

energy = -832.7276032
energy/site = -0.9462813673
43.8503% accepted

energy = -2854.849191
energy/site = -3.244146808
43.8612% accepted

energy = -2516.604153
energy/site = -2.859777447
43.8993% accepted

energy = -1341.19684
energy/site = -1.524087318
43.7616% accepted

energy = -1915.29395
energy/site = -2.176470398
43.892% accepted

energy = -435.0900876
energy/site = -0.4944205541
43.8575% accepted

energy = -2607.404618
energy/site = -2.962959793
43.9015% accepted

energy = -1449.431323
energy/site = -1.647081049
43.8317% accepted

energy = -1265.566673
energy/site = -1.438143946
43.8496% accepted

energy = -2003.975305
energy/site = -2.277244665
43.7532% accepted

energy = -7478.76491
energy/site = -8.498596489
43.767% accepted

energy = -856.8332118
energy/site = -0.9736741043
43.8992% accepted

energy = -3526.428469
energy/site = -4.007305079
43.8401% accepted

energy = -208.9956147
energy/site = -0.2374950167
43.8793% accepted

energy = -831.0679216
energy/site = -0.9443953655
43.8497% accepted

energy = -1849.953314
energy/site = -2.102219675
43.8389% accepted

energy = -6956.718453
energy/site = -7.905361878
43.7082% accepted

energy = -860.7697373
energy/site = -0.9781474287
43.9269% accepted

energy = -2269.112698
energy/site = -2.578537157
43.7957% accepted

energy = -786.4021842
energy/site = -0.8936388457
43.8569% accepted

energy = -2749.459233
energy/site = -3.124385493
43.8071% accepted

energy = -2698.027139
energy/site = -3.065939931
43.671% accepted

energy = -884.1765394
energy/site = -1.004746067
43.8554% accepted

energy = -682.7615393
energy/site = -0.7758653855
43.9384% accepted

energy = -354.631788
energy/site = -0.4029906682
43.8048% accepted

energy = -7038.439692
energy/site = -7.998226922
43.9499% accepted

energy = -2556.602098
energy/site = -2.905229657
43.87% accepted

energy = -2652.220313
energy/site = -3.013886719
43.6698% accepted

energy = -732.4141132
energy/site = -0.832288765
43.9492% accepted

energy = -2199.848793
energy/site = -2.499828174
43.8495% accepted

energy = -1308.136714
energy/site = -1.486518993
43.9156% accepted

energy = -1842.404924
energy/site = -2.093641959
43.8642% accepted

energy = -3796.601835
energy/site = -4.314320267
43.9494% accepted

energy = -2190.778296
energy/site = -2.489520791
43.752% accepted

energy = -708.8633086
energy/site = -0.805526487
44.0504% accepted

energy = -2642.100182
energy/site = -3.00238657
43.7083% accepted

energy = -525.8851014
energy/site = -0.5975967061
43.8213% accepted

energy = -2308.517597
energy/site = -2.623315452
43.8196% accepted

energy = -520.1994311
energy/site = -0.5911357172
43.7092% accepted

energy = -821.0221978
energy/site = -0.9329797703
43.7408% accepted

energy = -1040.52403
energy/site = -1.18241367
43.9124% accepted

energy = -1796.817232
energy/site = -2.041837764
43.8304% accepted

energy = -960.1011004
energy/site = -1.091023978
43.8675% accepted

energy = -3609.388701
energy/site = -4.101578069
43.7297% accepted

energy = -682.3681159
energy/site = -0.7754183135
43.8709% accepted

energy = -990.847839
energy/site = -1.125963453
43.9111% accepted

energy = -1794.990748
energy/site = -2.039762213
43.9491% accepted

energy = -9530.901083
energy/site = -10.83056941
43.8642% accepted

energy = -8587.383377
energy/site = -9.758390201
43.7921% accepted

energy = -1859.967569
energy/site = -2.11359951
43.9026% accepted

energy = -4113.65056
energy/site = -4.674602909
43.8128% accepted

energy = -1271.479056
energy/site = -1.444862564
43.8095% accepted

energy = -2084.506218
energy/site = -2.368757066
43.8058% accepted

energy = -286.2992474
energy/site = -0.3253400539
43.8294% accepted

energy = -2768.757525
energy/site = -3.146315369
43.727% accepted

energy = -1586.209088
energy/site = -1.802510328
43.8693% accepted

energy = -1197.023559
energy/site = -1.360254045
43.7911% accepted

energy = -797.6547707
energy/site = -0.9064258758
43.8477% accepted

energy = -1278.964084
energy/site = -1.453368277
43.8101% accepted

energy = -498.1835124
energy/site = -0.5661176277
43.7575% accepted

energy = -1743.679656
energy/site = -1.981454155
43.828% accepted

energy = -1469.005805
energy/site = -1.669324779
43.945% accepted

energy = -5231.321813
energy/site = -5.944683879
43.9386% accepted

energy = -1512.990979
energy/site = -1.719307931
43.8498% accepted

energy = -694.6389456
energy/site = -0.7893624382
43.8363% accepted

energy = -1147.070463
energy/site = -1.303489162
43.9952% accepted

energy = -408.6263115
energy/site = -0.4643480812
43.9351% accepted

energy = -472.4949383
energy/site = -0.5369260662
43.8166% accepted

energy = -612.2307475
energy/site = -0.6957167585
43.894% accepted

energy = -2084.823544
energy/site = -2.369117663
43.8622% accepted

energy = -1354.827296
energy/site = -1.539576473
43.9099% accepted

energy = -1280.771761
energy/site = -1.455422456
43.9923% accepted

energy = -3513.635256
energy/site = -3.992767336
43.9121% accepted

energy = -2830.062932
energy/site = -3.215980604
43.8627% accepted

energy = -3229.773681
energy/site = -3.670197364
43.9265% accepted

energy = -928.1772889
energy/site = -1.054746919
43.8655% accepted

energy = -4537.658606
energy/site = -5.156430234
43.802% accepted

energy = -1279.513882
energy/site = -1.453993048
43.8559% accepted

energy = -1249.576287
energy/site = -1.419973053
43.744% accepted

energy = -4108.372464
energy/site = -4.668605072
43.8338% accepted

energy = -489.0302105
energy/site = -0.5557161483
43.9083% accepted

energy = -821.0913698
energy/site = -0.9330583748
43.8369% accepted

energy = -726.9627197
energy/site = -0.8260939997
43.7959% accepted

energy = -1549.118102
energy/site = -1.760361479
43.9444% accepted

energy = -682.5881804
energy/site = -0.7756683869
43.8919% accepted

energy = -307.2417749
energy/site = -0.3491383806
43.7625% accepted

energy = -4861.787911
energy/site = -5.52475899
43.8765% accepted

energy = -2201.366618
energy/site = -2.501552974
43.7951% accepted

energy = -13305.94893
energy/site = -15.12039651
43.9948% accepted

energy = -716.0481886
energy/site = -0.8136911234
43.8537% accepted

energy = -1026.740296
energy/site = -1.166750337
43.9964% accepted

energy = -1110.2228
energy/site = -1.261616819
43.7917% accepted

energy = -1756.756668
energy/site = -1.996314396
43.9827% accepted

energy = -5585.168955
energy/site = -6.346782903
43.7532% accepted

energy = -975.6649659
energy/site = -1.108710189
43.9442% accepted

energy = -4887.667495
energy/site = -5.554167608
43.8493% accepted

energy = -8059.804826
energy/site = -9.158869121
43.905% accepted

energy = -1036.792953
energy/site = -1.17817381
43.9356% accepted

energy = -1262.601845
energy/site = -1.434774824
43.9706% accepted

energy = -1122.080696
energy/site = -1.2750917
43.7843% accepted

energy = -2646.694363
energy/site = -3.007607231
43.8074% accepted

energy = -1607.328475
energy/site = -1.826509631
43.8009% accepted

energy = -1513.542498
energy/site = -1.719934657
43.9246% accepted

energy = -3832.214234
energy/site = -4.354788902
43.8942% accepted

energy = -1883.912326
energy/site = -2.140809462
43.9604% accepted

energy = -2608.746805
energy/site = -2.964485006
43.7939% accepted

energy = -308.4977791
energy/site = -0.3505656581
43.8738% accepted

energy = -874.8447181
energy/site = -0.9941417251
43.6789% accepted

energy = -520.2899479
energy/site = -0.5912385771
43.8869% accepted

energy = -1557.902577
energy/site = -1.770343837
43.9329% accepted

energy = -978.8078047
energy/site = -1.112281596
43.8965% accepted

energy = -1002.915396
energy/site = -1.139676586
43.8317% accepted

energy = -1443.460719
energy/site = -1.640296272
43.7793% accepted

energy = -601.6881323
energy/site = -0.683736514
43.9079% accepted

energy = -1280.58242
energy/site = -1.455207295
43.822% accepted

energy = -4418.999967
energy/site = -5.021590871
43.9015% accepted

energy = -731.8187697
energy/site = -0.8316122383
43.6577% accepted

energy = -706.7144606
energy/site = -0.8030846143
43.9473% accepted

User defined signal 2

------------------------------------------------------------
Sender: LSF System <lsfadmin@wha381>
Subject: Job 5493571: <./torus02> Exited

Job <./torus02> was submitted from host <wha781> by user <akallin>.
Job was executed on host(s) <wha381>, in queue <serial>, as user <akallin>.
</home/akallin> was used as the home directory.
</work/akallin/TORUS/OBC/11leg/02> was used as the working directory.
Started at Wed Aug 11 14:43:03 2010
Results reported at Wed Aug 18 15:01:42 2010

Your job looked like:

------------------------------------------------------------
# LSBATCH: User input
./torus02
------------------------------------------------------------

TERM_RUNLIMIT: job killed after reaching LSF run time limit.
Exited with exit code 140.

Resource usage summary:

    CPU time   : 396798.00 sec.
    Max Memory :         6 MB
    Max Swap   :       122 MB

    Max Processes  :         4
    Max Threads    :         4

The output (if any) is above this job summary.


weighting by <swap_x> where x = 2
11 x 40 x 1 system
r   = 3  bondops changed per step 
n/N = 80  bond operators / site
its = 1000000  iterations/loop for 100000 loops

