
weighting by <swap_x> where x = 7
8 x 32 x 1 system
r   = 3  bondops changed per step 
n/N = 80  bond operators / site
its = 1000000  iterations/loop for 10000 loops

energy = -804.3954818
energy/site = -1.571084925
44.3252% accepted

energy = -1117.206592
energy/site = -2.182044126
43.9416% accepted

energy = -1335.180208
energy/site = -2.607773845
43.7048% accepted

energy = -853.9589704
energy/site = -1.667888614
43.7949% accepted

energy = -31601.49425
energy/site = -61.72166847
43.7717% accepted

energy = -12301.03266
energy/site = -24.02545442
43.6938% accepted

energy = -705.0570934
energy/site = -1.377064635
43.7603% accepted

energy = -1227.697076
energy/site = -2.397845851
43.7859% accepted

energy = -1192.081532
energy/site = -2.328284242
43.6391% accepted

energy = -593.5788256
energy/site = -1.159333644
43.6789% accepted

energy = -2988.811273
energy/site = -5.837522018
43.7658% accepted

energy = -25147.36637
energy/site = -49.11594994
43.6967% accepted

energy = -1309.189009
energy/site = -2.557009783
43.4661% accepted

energy = -2610.655665
energy/site = -5.098936847
43.6425% accepted

energy = -2168.254903
energy/site = -4.234872857
43.7672% accepted

energy = -1029.562792
energy/site = -2.010864828
43.677% accepted

energy = -1791.405858
energy/site = -3.498839566
43.6424% accepted

energy = -915.8062049
energy/site = -1.788683994
43.8658% accepted

energy = -1074.236838
energy/site = -2.098118824
43.6151% accepted

energy = -13026.56292
energy/site = -25.44250571
43.6821% accepted

energy = -389.9203306
energy/site = -0.7615631456
43.7703% accepted

energy = -1238.167363
energy/site = -2.418295631
43.899% accepted

energy = -899.9067571
energy/site = -1.757630385
43.6543% accepted

energy = -733.8079302
energy/site = -1.433218614
43.59% accepted

energy = -8665.579584
energy/site = -16.92496012
43.722% accepted

energy = -301.8145859
energy/site = -0.5894816131
43.6508% accepted

energy = -353.186917
energy/site = -0.6898181973
43.6818% accepted

energy = -2313.267643
energy/site = -4.518100865
43.7684% accepted

energy = -1861.595105
energy/site = -3.635927939
43.6737% accepted

energy = -502.7129614
energy/site = -0.9818612528
43.6337% accepted

energy = -4805.424129
energy/site = -9.385594001
43.734% accepted

energy = -2848.944381
energy/site = -5.564344495
43.7702% accepted

energy = -1659.513247
energy/site = -3.241236811
43.8231% accepted

energy = -1172.309638
energy/site = -2.289667261
43.6327% accepted

energy = -751.6921045
energy/site = -1.468148642
43.6111% accepted

energy = -1539.099327
energy/site = -3.006053373
43.7396% accepted

energy = -1983.778199
energy/site = -3.874566796
43.6906% accepted

energy = -936.9531256
energy/site = -1.829986573
43.6801% accepted

energy = -1538.862766
energy/site = -3.005591339
43.6822% accepted

energy = -1746.628486
energy/site = -3.411383762
43.7077% accepted

energy = -4776.814687
energy/site = -9.329716185
43.7709% accepted

energy = -5098.291138
energy/site = -9.957599879
43.7079% accepted

energy = -1092.827031
energy/site = -2.134427795
43.6811% accepted

energy = -2157.210519
energy/site = -4.213301794
43.7007% accepted

energy = -192.1744263
energy/site = -0.3753406764
43.7608% accepted

energy = -786.8126398
energy/site = -1.536743437
43.7071% accepted

energy = -11837.08134
energy/site = -23.11929949
43.7444% accepted

energy = -848.1264209
energy/site = -1.656496916
43.6849% accepted

energy = -1726.48009
energy/site = -3.372031426
43.756% accepted

energy = -1142.697544
energy/site = -2.231831141
43.6538% accepted

energy = -1017.769926
energy/site = -1.987831887
43.6413% accepted

energy = -101.2691076
energy/site = -0.1977912257
43.6421% accepted

energy = -1358.122141
energy/site = -2.652582306
43.7104% accepted

energy = -1227.173166
energy/site = -2.39682259
43.6732% accepted

energy = -614.1773216
energy/site = -1.199565081
43.6886% accepted

energy = -1564.331937
energy/site = -3.055335814
43.6092% accepted

energy = -3664.757581
energy/site = -7.15772965
43.6576% accepted

energy = -1103.386906
energy/site = -2.155052551
43.6875% accepted

energy = -1953.826057
energy/site = -3.816066518
43.8272% accepted

energy = -1121.45172
energy/site = -2.19033539
43.6024% accepted

energy = -1196.440073
energy/site = -2.336797017
43.7315% accepted

energy = -946.1102924
energy/site = -1.847871665
43.7335% accepted

energy = -936.5636377
energy/site = -1.829225855
43.7476% accepted

energy = -1951.701098
energy/site = -3.811916207
43.7037% accepted

energy = -694.1477277
energy/site = -1.355757281
43.8034% accepted

energy = -469.445323
energy/site = -0.9168853966
43.7166% accepted

energy = -1547.868295
energy/site = -3.023180263
43.598% accepted

energy = -2194.524084
energy/site = -4.286179852
43.6936% accepted

energy = -565.9589779
energy/site = -1.105388629
43.8239% accepted

energy = -696.1187579
energy/site = -1.359606949
43.6192% accepted

energy = -990.1793616
energy/site = -1.933944066
43.8849% accepted

energy = -661.380896
energy/site = -1.291759562
43.771% accepted

energy = -995.3183501
energy/site = -1.943981153
43.7742% accepted

energy = -345.5514936
energy/site = -0.6749052609
43.6946% accepted

energy = -1232.761726
energy/site = -2.407737747
43.7916% accepted

energy = -1336.977021
energy/site = -2.611283244
43.7573% accepted

energy = -1069.952296
energy/site = -2.089750577
43.6356% accepted

energy = -949.4025173
energy/site = -1.854301792
43.7205% accepted

energy = -4200.871562
energy/site = -8.20482727
43.7513% accepted

energy = -277.301391
energy/site = -0.5416042793
43.6645% accepted

energy = -760.0201024
energy/site = -1.484414262
43.718% accepted

energy = -16596.34053
energy/site = -32.4147276
43.7226% accepted

energy = -299.9686072
energy/site = -0.585876186
43.6971% accepted

energy = -235.2659348
energy/site = -0.4595037789
43.6803% accepted

energy = -992.6389281
energy/site = -1.938747907
43.9049% accepted

energy = -1363.364223
energy/site = -2.662820748
43.7307% accepted

energy = -1878.160207
energy/site = -3.668281653
43.614% accepted

energy = -1761.148544
energy/site = -3.439743249
43.8203% accepted

energy = -949.8256617
energy/site = -1.855128246
43.726% accepted

energy = -1872.354634
energy/site = -3.656942644
43.7366% accepted

energy = -1953.781765
energy/site = -3.81598001
43.6463% accepted

energy = -210.294228
energy/site = -0.410730914
43.7857% accepted

energy = -83268.16324
energy/site = -162.6331313
43.6983% accepted

energy = -890.6839423
energy/site = -1.739617075
43.7234% accepted

energy = -4886.307326
energy/site = -9.543568996
43.7927% accepted

energy = -2746.312925
energy/site = -5.363892431
43.6342% accepted

energy = -14846.74422
energy/site = -28.9975473
43.7783% accepted

energy = -3296.78573
energy/site = -6.439034629
43.8561% accepted

energy = -888.331643
energy/site = -1.73502274
43.6925% accepted

energy = -570.6377548
energy/site = -1.114526865
43.6629% accepted

energy = -558.3928831
energy/site = -1.0906111
43.6448% accepted

energy = -1691.311482
energy/site = -3.303342739
43.6227% accepted

energy = -10202.37222
energy/site = -19.92650825
43.7006% accepted

energy = -3484.958605
energy/site = -6.806559774
43.7578% accepted

energy = -2799.322251
energy/site = -5.467426271
43.8048% accepted

energy = -808.763856
energy/site = -1.579616906
43.7908% accepted

energy = -2512.31436
energy/site = -4.906863985
43.8145% accepted

energy = -1136.008371
energy/site = -2.218766349
43.7782% accepted

energy = -143.2747204
energy/site = -0.2798334383
43.6651% accepted

energy = -1590.203514
energy/site = -3.105866238
43.5987% accepted

energy = -560.0930924
energy/site = -1.093931821
43.6397% accepted

energy = -909.5875114
energy/site = -1.776538108
43.7884% accepted

energy = -51006.95834
energy/site = -99.62296551
43.652% accepted

energy = -981.2992765
energy/site = -1.916600149
43.8107% accepted

energy = -871.6588499
energy/site = -1.702458691
43.6381% accepted

energy = -467.8124795
energy/site = -0.9136962489
43.6706% accepted

energy = -738.9664286
energy/site = -1.443293806
43.651% accepted

energy = -637.6431532
energy/site = -1.245396784
43.7231% accepted

energy = -1173.127841
energy/site = -2.291265315
43.7297% accepted

energy = -498.0851372
energy/site = -0.9728225336
43.6638% accepted

energy = -11129.60824
energy/site = -21.73751609
43.7472% accepted

energy = -3492.644469
energy/site = -6.821571229
43.6217% accepted

energy = -1082.458296
energy/site = -2.114176359
43.7611% accepted

energy = -2053.897075
energy/site = -4.011517725
43.5751% accepted

energy = -6427.095197
energy/site = -12.55292031
43.6063% accepted

energy = -374.3775722
energy/site = -0.7312061957
43.6412% accepted

energy = -1999.167807
energy/site = -3.904624623
43.778% accepted

energy = -1123.60627
energy/site = -2.194543495
43.7189% accepted

energy = -689.713965
energy/site = -1.347097588
43.7796% accepted

energy = -2285.82191
energy/site = -4.464495919
43.7554% accepted

energy = -2909.729369
energy/site = -5.683065173
43.6797% accepted

energy = -4356.579068
energy/site = -8.508943493
43.8969% accepted

energy = -1251.767503
energy/site = -2.444858404
43.9403% accepted

energy = -452.690158
energy/site = -0.8841604648
43.7446% accepted

energy = -250.7503255
energy/site = -0.4897467296
43.7598% accepted

energy = -1669.86029
energy/site = -3.261445879
43.7305% accepted

energy = -835.8217383
energy/site = -1.632464333
43.8047% accepted

energy = -3681.952147
energy/site = -7.191312788
43.7456% accepted

energy = -3665.033001
energy/site = -7.158267579
43.6141% accepted

energy = -1032.908131
energy/site = -2.017398694
43.7332% accepted

energy = -541.1134199
energy/site = -1.056862148
43.6132% accepted

energy = -3015.375994
energy/site = -5.889406238
43.7343% accepted

energy = -11093.04018
energy/site = -21.6660941
43.7852% accepted

energy = -1313.719335
energy/site = -2.565858076
43.8612% accepted

energy = -947.6943673
energy/site = -1.850965561
43.6785% accepted

energy = -2569.314259
energy/site = -5.018191912
43.7201% accepted

energy = -624.7482863
energy/site = -1.220211497
43.8208% accepted

energy = -2678.860501
energy/site = -5.232149415
43.737% accepted

energy = -695.6393125
energy/site = -1.358670532
43.6673% accepted

energy = -1869.221146
energy/site = -3.650822552
43.7919% accepted

energy = -5275.741534
energy/site = -10.30418268
43.6439% accepted

energy = -936.1789626
energy/site = -1.828474536
43.6089% accepted

energy = -832.1704774
energy/site = -1.625332964
43.6853% accepted

energy = -1987.629411
energy/site = -3.882088693
43.7141% accepted

energy = -643.9365935
energy/site = -1.257688659
43.7547% accepted

energy = -787.3715152
energy/site = -1.537834991
43.6555% accepted

energy = -3347.825513
energy/site = -6.538721705
43.6245% accepted

energy = -1627.556578
energy/site = -3.178821442
43.6706% accepted

energy = -5721.261721
energy/site = -11.1743393
43.6596% accepted

energy = -406.7072124
energy/site = -0.7943500241
43.7312% accepted

energy = -4167.123283
energy/site = -8.138912662
43.5647% accepted

energy = -1556.567743
energy/site = -3.040171373
43.8024% accepted

energy = -1716.727821
energy/site = -3.352984025
43.7015% accepted

energy = -530.1967195
energy/site = -1.035540468
43.6516% accepted

