
weighting by <swap_x> where x = 16
9 x 36 x 1 system
r   = 3  bondops changed per step 
n/N = 80  bond operators / site
its = 1000000  iterations/loop for 10000 loops

energy = -909.5675086
energy/site = -1.403653563
44.9576% accepted

energy = -138.297267
energy/site = -0.2134217083
44.2809% accepted

energy = -67.60129789
energy/site = -0.1043229906
44.1742% accepted

energy = -2796.782488
energy/site = -4.316022359
44.3408% accepted

energy = -262.4782655
energy/site = -0.4050590516
44.2607% accepted

energy = -64.19485962
energy/site = -0.09906614139
44.2121% accepted

energy = -233.6673321
energy/site = -0.3605977348
44.1953% accepted

energy = -400.7159616
energy/site = -0.6183888297
44.3242% accepted

energy = -168.6535476
energy/site = -0.2602678204
44.2534% accepted

energy = -42.54062519
energy/site = -0.06564911295
44.1414% accepted

energy = -887.4104199
energy/site = -1.369460525
44.122% accepted

energy = -235.0302146
energy/site = -0.3627009485
44.3194% accepted

energy = -167.0619386
energy/site = -0.2578116336
44.3264% accepted

energy = -7.964712171
energy/site = -0.01229122249
44.0967% accepted

energy = -104.9385211
energy/site = -0.1619421622
44.282% accepted

energy = -36.16959622
energy/site = -0.05581727812
44.1947% accepted

energy = -59.1420865
energy/site = -0.09126865201
44.1399% accepted

energy = -86.52904657
energy/site = -0.1335324793
44.1963% accepted

energy = -109.8635299
energy/site = -0.1695424844
44.2546% accepted

energy = -58.07485984
energy/site = -0.08962169728
44.3171% accepted

energy = -23.13012317
energy/site = -0.03569463452
44.2887% accepted

energy = -3050.168952
energy/site = -4.707050852
44.3358% accepted

energy = -121.1794447
energy/site = -0.1870053159
44.1242% accepted

energy = -509.9533427
energy/site = -0.786965035
44.2093% accepted

energy = -15.95825509
energy/site = -0.02462693687
44.3873% accepted

energy = -387.592596
energy/site = -0.5981367223
44.2124% accepted

energy = -260.4949944
energy/site = -0.4019984481
44.2253% accepted

energy = -9.533128433
energy/site = -0.01471161795
44.1873% accepted

energy = -25.02727112
energy/site = -0.03862233198
44.3381% accepted

energy = -166.9349199
energy/site = -0.2576156172
44.2592% accepted

energy = -377.3339386
energy/site = -0.5823054608
44.1944% accepted

energy = -47.84517145
energy/site = -0.07383514113
44.4119% accepted

energy = -271.2653095
energy/site = -0.4186193048
44.1793% accepted

energy = -132.3509726
energy/site = -0.204245328
44.2286% accepted

energy = -14.01945319
energy/site = -0.02163495863
44.402% accepted

energy = -55.37919101
energy/site = -0.08546171451
44.273% accepted

energy = -45.02496946
energy/site = -0.06948297756
44.3436% accepted

energy = -205.5166253
energy/site = -0.3171552859
44.1825% accepted

energy = -76.20948698
energy/site = -0.117607233
44.1676% accepted

energy = -52.04796005
energy/site = -0.080320926
44.228% accepted

energy = -469.8491552
energy/site = -0.7250758568
44.1703% accepted

energy = -17.30456607
energy/site = -0.02670457727
44.1949% accepted

energy = -1504.346836
energy/site = -2.321522895
44.2906% accepted

energy = -554.6490991
energy/site = -0.8559399678
44.2194% accepted

energy = -1571.218956
energy/site = -2.424720611
44.2026% accepted

energy = -231.5365208
energy/site = -0.3573094457
44.2284% accepted

energy = -15.68997472
energy/site = -0.02421292396
44.2387% accepted

energy = -118.6188942
energy/site = -0.1830538491
44.2666% accepted

energy = -10.8214725
energy/site = -0.01669980325
44.3919% accepted

energy = -76.18045591
energy/site = -0.117562432
44.1062% accepted

energy = -81.67850994
energy/site = -0.1260470832
44.2111% accepted

energy = -1312.963291
energy/site = -2.026177918
44.2079% accepted

energy = -308.2548262
energy/site = -0.4757018923
44.2382% accepted

energy = -504.4472039
energy/site = -0.7784679073
44.2177% accepted

energy = -51.91628937
energy/site = -0.08011773051
44.3829% accepted

energy = -170.7256653
energy/site = -0.2634655328
44.14% accepted

energy = -167.41064
energy/site = -0.2583497532
44.2268% accepted

energy = -147.2004871
energy/site = -0.2271612456
44.1994% accepted

energy = -3924.189594
energy/site = -6.055848139
44.2769% accepted

energy = -19.2255836
energy/site = -0.02966911049
44.2472% accepted

energy = -60.18540377
energy/site = -0.09287870952
44.2215% accepted

energy = -163.3729363
energy/site = -0.2521187289
44.2187% accepted

energy = -125.5213686
energy/site = -0.1937058157
44.15% accepted

energy = -317.4101766
energy/site = -0.4898305194
44.1661% accepted

energy = -748.6453598
energy/site = -1.155316913
44.2349% accepted

energy = -149.9889465
energy/site = -0.2314644236
44.4532% accepted

energy = -174.5324812
energy/site = -0.2693402487
44.334% accepted

energy = -312.620577
energy/site = -0.482439162
44.3423% accepted

energy = -554.2493793
energy/site = -0.8553231162
44.4158% accepted

energy = -6599.831188
energy/site = -10.18492467
44.2608% accepted

energy = -43.29221286
energy/site = -0.06680897046
44.0965% accepted

energy = -4981.23331
energy/site = -7.687088442
44.1044% accepted

energy = -61.27968569
energy/site = -0.0945674162
44.3004% accepted

energy = -511.9600749
energy/site = -0.790061844
44.2006% accepted

energy = -115.936428
energy/site = -0.1789142408
44.2684% accepted

energy = -28.29016935
energy/site = -0.04365766875
44.3061% accepted

energy = -147.5047666
energy/site = -0.2276308127
44.2045% accepted

energy = -138.3602483
energy/site = -0.2135189017
44.149% accepted

energy = -49.93296631
energy/site = -0.07705704677
44.2975% accepted

energy = -10.40098763
energy/site = -0.01605090684
44.3352% accepted

energy = -22.25552558
energy/site = -0.03434494688
44.169% accepted

energy = -4638.999121
energy/site = -7.15894926
44.2679% accepted

energy = -34.20845927
energy/site = -0.0527908322
44.391% accepted

energy = -63.92133904
energy/site = -0.09864404173
44.2289% accepted

energy = -471.4186657
energy/site = -0.727497941
44.3025% accepted

energy = -45.46058899
energy/site = -0.07015522993
44.2252% accepted

energy = -2071.064253
energy/site = -3.19608681
44.1751% accepted

energy = -22.6083254
energy/site = -0.03488939105
44.266% accepted

energy = -14.79357008
energy/site = -0.02282958345
44.2668% accepted

energy = -12.60882524
energy/site = -0.01945806364
44.2595% accepted

energy = -99.19564101
energy/site = -0.1530796929
44.2859% accepted

energy = -103.8677908
energy/site = -0.1602898007
44.2296% accepted

energy = -9.473884758
energy/site = -0.01462019253
44.2213% accepted

energy = -72.34204488
energy/site = -0.1116389582
44.1811% accepted

energy = -1244.13573
energy/site = -1.919962547
44.1836% accepted

energy = -22.84044047
energy/site = -0.03524759331
44.2198% accepted

energy = -32.39855081
energy/site = -0.0499977636
44.2942% accepted

energy = -507.3427667
energy/site = -0.7829363683
44.2528% accepted

energy = -1219.609081
energy/site = -1.882112779
44.348% accepted

energy = -738.227741
energy/site = -1.139240341
44.1978% accepted

energy = -388.9673777
energy/site = -0.6002582989
44.3232% accepted

energy = -12.24018523
energy/site = -0.01888917473
44.3648% accepted

energy = -406.5382357
energy/site = -0.6273738205
44.311% accepted

energy = -40.31178003
energy/site = -0.06220953708
44.409% accepted

energy = -555.14949
energy/site = -0.856712176
44.3491% accepted

energy = -93.18154868
energy/site = -0.1437986862
44.1393% accepted

energy = -245.9379028
energy/site = -0.3795338007
44.1768% accepted

energy = -1633.2948
energy/site = -2.520516667
44.2371% accepted

energy = -38.65221558
energy/site = -0.05964848083
44.3054% accepted

energy = -232.9828227
energy/site = -0.3595413931
44.245% accepted

energy = -387.319085
energy/site = -0.5977146373
44.0793% accepted

energy = -49.35945302
energy/site = -0.07617199539
44.3534% accepted

energy = -368.3081158
energy/site = -0.5683767219
44.3007% accepted

energy = -30.49881563
energy/site = -0.04706607351
44.2084% accepted

energy = -87.62356491
energy/site = -0.1352215508
44.2598% accepted

energy = -4924.105458
energy/site = -7.598928176
44.3433% accepted

energy = -115.8413775
energy/site = -0.1787675579
44.2806% accepted

energy = -211.7955682
energy/site = -0.3268450127
44.1818% accepted

energy = -172.9880111
energy/site = -0.2669568072
44.1768% accepted

energy = -572.509163
energy/site = -0.8835017948
44.1499% accepted

energy = -726.5647329
energy/site = -1.121241872
44.109% accepted

energy = -278.7955233
energy/site = -0.4302400052
44.0536% accepted

energy = -750.6534447
energy/site = -1.15841581
44.3% accepted

energy = -22.26553875
energy/site = -0.03436039931
44.1998% accepted

energy = -103.1959341
energy/site = -0.1592529847
44.2741% accepted

