
weighting by <swap_x> where x = 3
4 x 16 x 1 system
r   = 3  bondops changed per step 
n/N = 80  bond operators / site
its = 1000000  iterations/loop for 10000 loops

energy = -95.4975765
energy/site = -0.7460748164
44.2589% accepted

energy = -138.1865092
energy/site = -1.079582103
44.0506% accepted

energy = -126.0042698
energy/site = -0.9844083577
44.1429% accepted

energy = -127.6758563
energy/site = -0.9974676276
44.1376% accepted

energy = -88.93158597
energy/site = -0.6947780154
44.1407% accepted

energy = -133.6578894
energy/site = -1.044202261
44.0405% accepted

energy = -102.7207287
energy/site = -0.8025056932
44.0148% accepted

energy = -153.5244645
energy/site = -1.199409879
44.0428% accepted

energy = -134.1729766
energy/site = -1.048226379
44.1528% accepted

energy = -145.52891
energy/site = -1.136944609
44.1127% accepted

energy = -152.4110992
energy/site = -1.190711712
43.9239% accepted

energy = -176.1427764
energy/site = -1.376115441
44.1777% accepted

energy = -190.1554631
energy/site = -1.485589555
44.1294% accepted

energy = -124.2824831
energy/site = -0.9709568991
44.028% accepted

energy = -182.0498746
energy/site = -1.422264645
43.963% accepted

energy = -110.6857395
energy/site = -0.8647323395
43.9891% accepted

energy = -117.3588005
energy/site = -0.9168656287
44.1069% accepted

energy = -151.3598293
energy/site = -1.182498666
43.9636% accepted

energy = -158.4643694
energy/site = -1.238002886
44.0132% accepted

energy = -133.1230015
energy/site = -1.040023449
44.1212% accepted

energy = -135.9162452
energy/site = -1.061845666
44.101% accepted

energy = -164.2250197
energy/site = -1.283007967
43.9531% accepted

energy = -131.1971455
energy/site = -1.024977699
44.084% accepted

energy = -102.9948362
energy/site = -0.8046471579
44.0126% accepted

energy = -156.3967651
energy/site = -1.221849727
44.0442% accepted

energy = -141.9075783
energy/site = -1.108652956
44.1145% accepted

energy = -99.98968981
energy/site = -0.7811694516
44.1117% accepted

energy = -177.1579244
energy/site = -1.384046284
43.9009% accepted

energy = -131.6499222
energy/site = -1.028515017
44.2373% accepted

energy = -118.130304
energy/site = -0.9228929999
44.0168% accepted

energy = -142.4698877
energy/site = -1.113045997
44.1613% accepted

energy = -113.5406897
energy/site = -0.8870366381
44.1364% accepted

energy = -179.7770874
energy/site = -1.404508495
44.0821% accepted

energy = -157.0166601
energy/site = -1.226692657
44.2883% accepted

energy = -109.0327362
energy/site = -0.8518182513
44.1253% accepted

energy = -97.99619547
energy/site = -0.7655952771
44.0534% accepted

energy = -139.3294915
energy/site = -1.088511652
43.9035% accepted

energy = -137.5891097
energy/site = -1.07491492
44.0283% accepted

energy = -96.12754231
energy/site = -0.7509964243
44.1523% accepted

energy = -127.0311875
energy/site = -0.9924311523
44.1647% accepted

energy = -98.23330663
energy/site = -0.767447708
44.0372% accepted

energy = -110.6781005
energy/site = -0.8646726599
43.9123% accepted

energy = -164.1150586
energy/site = -1.282148895
44.0801% accepted

energy = -219.0115411
energy/site = -1.711027665
44.0842% accepted

energy = -158.627351
energy/site = -1.23927618
44.1244% accepted

energy = -145.7571118
energy/site = -1.138727436
44.0203% accepted

energy = -193.5106292
energy/site = -1.511801791
43.9892% accepted

energy = -164.2891667
energy/site = -1.283509115
44.1903% accepted

energy = -145.6404748
energy/site = -1.137816209
43.9802% accepted

energy = -163.1494126
energy/site = -1.274604786
44.1039% accepted

energy = -110.7208642
energy/site = -0.8650067519
44.1765% accepted

energy = -149.7465782
energy/site = -1.169895142
44.0505% accepted

energy = -185.6933069
energy/site = -1.450728961
44.0184% accepted

energy = -124.4739675
energy/site = -0.9724528713
44.0459% accepted

energy = -117.3974172
energy/site = -0.9171673217
43.9345% accepted

energy = -121.6653124
energy/site = -0.9505102533
44.1317% accepted

energy = -174.7899458
energy/site = -1.365546451
44.0016% accepted

energy = -120.7517784
energy/site = -0.9433732687
44.1527% accepted

energy = -131.609346
energy/site = -1.028198016
44.2294% accepted

energy = -99.9510035
energy/site = -0.7808672149
44.0407% accepted

energy = -136.4804432
energy/site = -1.066253462
44.0921% accepted

energy = -132.2383559
energy/site = -1.033112155
44.2809% accepted

energy = -132.2187625
energy/site = -1.032959082
43.9716% accepted

energy = -128.4658406
energy/site = -1.00363938
44.0059% accepted

energy = -315.2226184
energy/site = -2.462676706
44.1156% accepted

energy = -157.5231298
energy/site = -1.230649452
44.0935% accepted

energy = -155.751151
energy/site = -1.216805868
44.1716% accepted

energy = -139.0659267
energy/site = -1.086452552
44.1461% accepted

energy = -127.9767557
energy/site = -0.9998184041
44.0505% accepted

energy = -185.4020616
energy/site = -1.448453606
44.0072% accepted

energy = -242.7345411
energy/site = -1.896363602
44.0463% accepted

energy = -178.7203112
energy/site = -1.396252431
44.0956% accepted

energy = -134.1802824
energy/site = -1.048283456
44.145% accepted

energy = -166.3125468
energy/site = -1.299316772
44.1563% accepted

energy = -209.2630333
energy/site = -1.634867448
44.0953% accepted

energy = -102.2287717
energy/site = -0.7986622787
44.0751% accepted

energy = -162.127373
energy/site = -1.266620101
43.9378% accepted

energy = -157.3560243
energy/site = -1.22934394
43.9753% accepted

energy = -143.8850855
energy/site = -1.124102231
44.0836% accepted

energy = -101.5516304
energy/site = -0.7933721125
44.2055% accepted

energy = -166.1508018
energy/site = -1.298053139
44.2015% accepted

energy = -178.7820778
energy/site = -1.396734983
44.1557% accepted

energy = -141.4680648
energy/site = -1.105219257
44.1187% accepted

energy = -117.0386461
energy/site = -0.9143644229
44.0137% accepted

energy = -125.0120694
energy/site = -0.9766567925
44.048% accepted

energy = -138.6415791
energy/site = -1.083137337
44.148% accepted

energy = -155.9498816
energy/site = -1.21835845
43.9949% accepted

energy = -123.1994084
energy/site = -0.9624953783
44.0984% accepted

energy = -117.3179771
energy/site = -0.9165466959
44.1106% accepted

energy = -138.0394361
energy/site = -1.078433095
44.1046% accepted

energy = -151.5740831
energy/site = -1.184172524
44.1352% accepted

energy = -139.4953316
energy/site = -1.089807278
44.1687% accepted

energy = -159.8614172
energy/site = -1.248917322
44.1271% accepted

energy = -132.8096324
energy/site = -1.037575253
43.9582% accepted

energy = -197.7072795
energy/site = -1.544588121
44.1222% accepted

energy = -128.7706008
energy/site = -1.006020319
44.1564% accepted

energy = -154.9812403
energy/site = -1.21079094
44.051% accepted

energy = -204.3427188
energy/site = -1.59642749
43.8911% accepted

energy = -170.6701148
energy/site = -1.333360272
44.0174% accepted

energy = -150.6372725
energy/site = -1.176853691
44.1354% accepted

energy = -122.7499964
energy/site = -0.9589843468
44.0861% accepted

energy = -103.3141096
energy/site = -0.8071414813
44.0567% accepted

energy = -163.2200641
energy/site = -1.275156751
44.257% accepted

energy = -122.9657215
energy/site = -0.9606696992
44.0659% accepted

energy = -116.3488687
energy/site = -0.9089755369
44.1345% accepted

energy = -168.8845749
energy/site = -1.319410742
44.047% accepted

energy = -172.3125539
energy/site = -1.346191828
44.0817% accepted

energy = -180.8089019
energy/site = -1.412569546
43.943% accepted

energy = -122.2776372
energy/site = -0.9552940406
44.0232% accepted

energy = -194.5443494
energy/site = -1.51987773
44.1765% accepted

energy = -143.8711094
energy/site = -1.123993042
44.2246% accepted

energy = -168.9534657
energy/site = -1.319948951
44.0273% accepted

energy = -132.0879263
energy/site = -1.031936924
43.9526% accepted

energy = -120.336967
energy/site = -0.9401325548
44.043% accepted

energy = -124.8618197
energy/site = -0.9754829664
44.1814% accepted

energy = -150.5409513
energy/site = -1.176101182
44.0801% accepted

energy = -172.6962363
energy/site = -1.349189346
44.0089% accepted

energy = -95.7230196
energy/site = -0.7478360907
44.0732% accepted

energy = -146.936809
energy/site = -1.147943821
44.0263% accepted

energy = -161.8275007
energy/site = -1.264277349
44.0038% accepted

energy = -355.0262402
energy/site = -2.773642502
44.0011% accepted

energy = -129.5252117
energy/site = -1.011915716
44.191% accepted

energy = -116.4344907
energy/site = -0.9096444585
44.2158% accepted

energy = -137.9834808
energy/site = -1.077995944
44.1422% accepted

energy = -146.1422917
energy/site = -1.141736654
44.0687% accepted

energy = -108.7948224
energy/site = -0.8499595497
44.0331% accepted

energy = -107.748272
energy/site = -0.8417833749
43.9043% accepted

energy = -133.8731765
energy/site = -1.045884191
44.066% accepted

energy = -91.25971786
energy/site = -0.7129665458
43.9418% accepted

energy = -204.5416001
energy/site = -1.597981251
44.0783% accepted

energy = -145.904595
energy/site = -1.139879648
44.0405% accepted

energy = -141.7988172
energy/site = -1.10780326
44.2013% accepted

energy = -110.2022312
energy/site = -0.8609549316
44.0288% accepted

energy = -142.6420447
energy/site = -1.114390974
44.0372% accepted

energy = -133.0598316
energy/site = -1.039529935
43.9675% accepted

energy = -115.5325789
energy/site = -0.9025982726
44.1511% accepted

energy = -138.3049534
energy/site = -1.080507448
44.1447% accepted

energy = -100.7422863
energy/site = -0.7870491115
44.1073% accepted

energy = -135.1401953
energy/site = -1.055782776
43.9682% accepted

energy = -131.6564352
energy/site = -1.0285659
44.0989% accepted

energy = -110.9199391
energy/site = -0.8665620243
44.1825% accepted

energy = -226.2742349
energy/site = -1.76776746
44.0757% accepted

energy = -118.2429818
energy/site = -0.9237732957
44.1854% accepted

energy = -137.5647586
energy/site = -1.074724677
43.9423% accepted

energy = -104.0260362
energy/site = -0.8127034076
44.0733% accepted

energy = -203.7849384
energy/site = -1.592069831
44.2316% accepted

energy = -204.779302
energy/site = -1.599838297
44.1336% accepted

energy = -114.8692885
energy/site = -0.8974163161
44.2371% accepted

energy = -161.4637964
energy/site = -1.261435909
44.1537% accepted

energy = -121.5944458
energy/site = -0.9499566082
44.1842% accepted

energy = -108.0303171
energy/site = -0.8439868525
44.2277% accepted

energy = -122.93462
energy/site = -0.9604267188
44.1308% accepted

energy = -147.776958
energy/site = -1.154507485
44.0962% accepted

energy = -135.3640421
energy/site = -1.057531579
44.0153% accepted

energy = -101.6050241
energy/site = -0.7937892505
44.1338% accepted

energy = -155.5416145
energy/site = -1.215168863
44.1427% accepted

energy = -177.634733
energy/site = -1.387771352
44.2186% accepted

energy = -119.7418223
energy/site = -0.9354829867
44.0842% accepted

energy = -108.7776179
energy/site = -0.8498251402
44.0289% accepted

energy = -111.1147971
energy/site = -0.8680843524
44.0559% accepted

energy = -141.230813
energy/site = -1.103365726
43.9808% accepted

energy = -149.4528529
energy/site = -1.167600413
44.0573% accepted

energy = -161.4386237
energy/site = -1.261239247
44.3467% accepted

energy = -146.4995354
energy/site = -1.14452762
44.1717% accepted

energy = -183.8534688
energy/site = -1.436355225
44.0928% accepted

energy = -135.8170159
energy/site = -1.061070437
44.0914% accepted

energy = -145.9366844
energy/site = -1.140130347
44.0674% accepted

energy = -140.7457858
energy/site = -1.099576452
44.2187% accepted

energy = -114.8419524
energy/site = -0.8972027532
44.1031% accepted

energy = -168.4308655
energy/site = -1.315866137
44.1078% accepted

energy = -164.2250907
energy/site = -1.283008521
43.8725% accepted

energy = -114.8764054
energy/site = -0.8974719175
44.0334% accepted

energy = -184.9710848
energy/site = -1.4450866
44.1484% accepted

energy = -113.8652387
energy/site = -0.8895721772
44.111% accepted

energy = -116.0844829
energy/site = -0.9069100229
43.9692% accepted

energy = -149.7325836
energy/site = -1.16978581
43.9295% accepted

energy = -170.2637499
energy/site = -1.330185546
44.1004% accepted

energy = -211.7514294
energy/site = -1.654308042
44.3247% accepted

energy = -110.0770247
energy/site = -0.8599767553
44.0134% accepted

energy = -186.9659492
energy/site = -1.460671478
44.1374% accepted

energy = -185.6413671
energy/site = -1.45032318
44.091% accepted

energy = -133.2841944
energy/site = -1.041282768
44.184% accepted

energy = -133.0054031
energy/site = -1.039104712
44.1088% accepted

energy = -161.1908407
energy/site = -1.259303443
44.0718% accepted

energy = -146.1902593
energy/site = -1.142111401
44.1234% accepted

energy = -154.2161221
energy/site = -1.204813454
43.9785% accepted

energy = -122.4304026
energy/site = -0.9564875203
44.0341% accepted

energy = -185.7941817
energy/site = -1.451517045
44.1124% accepted

energy = -177.4521699
energy/site = -1.386345078
44.1823% accepted

energy = -187.705237
energy/site = -1.466447164
44.1592% accepted

energy = -198.9541163
energy/site = -1.554329034
44.1754% accepted

energy = -188.0471571
energy/site = -1.469118415
44.0934% accepted

energy = -164.4077668
energy/site = -1.284435678
44.1309% accepted

energy = -155.8385543
energy/site = -1.217488705
44.1102% accepted

energy = -170.298071
energy/site = -1.33045368
43.9556% accepted

energy = -154.7273383
energy/site = -1.20880733
44.1155% accepted

energy = -119.8441686
energy/site = -0.9362825669
44.0316% accepted

energy = -135.429276
energy/site = -1.058041218
44.092% accepted

energy = -132.8155975
energy/site = -1.037621856
44.2372% accepted

energy = -171.9192881
energy/site = -1.343119438
44.186% accepted

energy = -121.0681288
energy/site = -0.9458447559
44.1164% accepted

energy = -174.0512959
energy/site = -1.359775749
43.9852% accepted

energy = -131.1369436
energy/site = -1.024507372
44.2134% accepted

energy = -111.3670937
energy/site = -0.8700554192
44.1915% accepted

energy = -113.5612341
energy/site = -0.8871971416
44.2519% accepted

energy = -119.2106212
energy/site = -0.9313329779
44.2% accepted

energy = -118.8851776
energy/site = -0.9287904499
44.1038% accepted

energy = -149.4899418
energy/site = -1.167890171
44.0681% accepted

energy = -172.3220973
energy/site = -1.346266385
44.1617% accepted

energy = -130.0378767
energy/site = -1.015920912
44.3934% accepted

energy = -108.8240065
energy/site = -0.850187551
44.0682% accepted

energy = -140.1764
energy/site = -1.095128125
44.12% accepted

energy = -131.5550866
energy/site = -1.027774114
44.1237% accepted

energy = -184.1580114
energy/site = -1.438734464
44.0791% accepted

energy = -181.1097447
energy/site = -1.41491988
44.2149% accepted

