
weighting by <swap_x> where x = 6
4 x 16 x 1 system
r   = 3  bondops changed per step 
n/N = 80  bond operators / site
its = 1000000  iterations/loop for 10000 loops

energy = -169.0770805
energy/site = -1.320914691
44.1767% accepted

energy = -164.7469965
energy/site = -1.287085911
44.1145% accepted

energy = -110.4992515
energy/site = -0.863275402
44.0766% accepted

energy = -111.874623
energy/site = -0.8740204923
44.1722% accepted

energy = -81.56652649
energy/site = -0.6372384882
44.1456% accepted

energy = -190.1101434
energy/site = -1.485235495
44.3227% accepted

energy = -121.2852419
energy/site = -0.947540952
44.0912% accepted

energy = -174.2202805
energy/site = -1.361095941
44.0693% accepted

energy = -136.5188568
energy/site = -1.066553569
44.1321% accepted

energy = -112.7043008
energy/site = -0.8805023503
44.0514% accepted

energy = -263.4231704
energy/site = -2.057993519
43.9971% accepted

energy = -123.2464195
energy/site = -0.9628626523
44.11% accepted

energy = -186.8703703
energy/site = -1.459924768
44.2183% accepted

energy = -121.3249346
energy/site = -0.9478510515
43.972% accepted

energy = -197.6484112
energy/site = -1.544128213
44.0418% accepted

energy = -101.1058909
energy/site = -0.789889773
43.9757% accepted

energy = -137.510613
energy/site = -1.074301664
44.0303% accepted

energy = -134.8991404
energy/site = -1.053899534
44.1748% accepted

energy = -143.4808424
energy/site = -1.120944081
44.0017% accepted

energy = -117.2132212
energy/site = -0.9157282903
44.0695% accepted

energy = -184.7470583
energy/site = -1.443336393
44.0437% accepted

energy = -129.3957543
energy/site = -1.010904331
43.9962% accepted

energy = -151.7265872
energy/site = -1.185363962
44.1056% accepted

energy = -241.2125633
energy/site = -1.884473151
44.087% accepted

energy = -109.5142653
energy/site = -0.8555801979
44.0689% accepted

energy = -101.9400458
energy/site = -0.7964066077
44.2368% accepted

energy = -109.1424566
energy/site = -0.8526754425
44.1572% accepted

energy = -99.49486931
energy/site = -0.7773036665
43.9794% accepted

energy = -203.2403028
energy/site = -1.587814866
44.1263% accepted

energy = -158.2851181
energy/site = -1.236602486
44.0551% accepted

energy = -107.2060052
energy/site = -0.8375469158
44.1293% accepted

energy = -159.3549651
energy/site = -1.244960665
44.0862% accepted

energy = -122.5457968
energy/site = -0.9573890376
44.23% accepted

energy = -108.6074334
energy/site = -0.8484955737
44.0261% accepted

energy = -175.9725061
energy/site = -1.374785204
44.1808% accepted

energy = -149.4846983
energy/site = -1.167849205
44.2275% accepted

energy = -138.2338755
energy/site = -1.079952153
44.0153% accepted

energy = -241.5338077
energy/site = -1.886982873
43.9228% accepted

energy = -148.0344258
energy/site = -1.156518951
44.1619% accepted

energy = -95.42449575
energy/site = -0.745503873
44.1494% accepted

energy = -191.2455878
energy/site = -1.494106154
44.0476% accepted

energy = -104.9514569
energy/site = -0.8199332573
44.0697% accepted

energy = -685.6895895
energy/site = -5.356949918
44.0191% accepted

energy = -99.20583146
energy/site = -0.7750455583
44.0589% accepted

energy = -201.8394779
energy/site = -1.576870921
44.2179% accepted

energy = -173.9763951
energy/site = -1.359190587
44.0588% accepted

energy = -173.4234617
energy/site = -1.354870795
43.9864% accepted

energy = -170.8648831
energy/site = -1.334881899
44.0109% accepted

energy = -140.3075262
energy/site = -1.096152548
44.1403% accepted

energy = -94.99914951
energy/site = -0.7421808555
43.9772% accepted

energy = -103.1446011
energy/site = -0.8058171957
44.0795% accepted

energy = -209.584456
energy/site = -1.637378563
43.9915% accepted

energy = -169.0818874
energy/site = -1.320952245
43.9793% accepted

energy = -123.1765407
energy/site = -0.9623167246
44.0067% accepted

energy = -338.9243892
energy/site = -2.64784679
44.1071% accepted

energy = -159.8543635
energy/site = -1.248862215
44.0204% accepted

energy = -205.0366602
energy/site = -1.601848908
44.0315% accepted

energy = -258.1636899
energy/site = -2.016903827
44.0366% accepted

energy = -153.5233082
energy/site = -1.199400846
44.1506% accepted

energy = -142.4687404
energy/site = -1.113037034
44.027% accepted

energy = -111.7178419
energy/site = -0.8727956402
44.1272% accepted

energy = -180.2927958
energy/site = -1.408537467
44.1674% accepted

energy = -125.6629702
energy/site = -0.9817419551
44.0622% accepted

energy = -152.9064788
energy/site = -1.194581866
44.0937% accepted

energy = -132.5898327
energy/site = -1.035858068
44.0584% accepted

energy = -107.0773794
energy/site = -0.8365420265
44.0276% accepted

energy = -98.88602889
energy/site = -0.7725471007
44.0537% accepted

energy = -97.85575106
energy/site = -0.7644980552
44.1232% accepted

energy = -681.4479272
energy/site = -5.323811931
43.9749% accepted

energy = -280.5840699
energy/site = -2.192063046
44.0895% accepted

energy = -211.1302925
energy/site = -1.64945541
44.0899% accepted

energy = -126.1667818
energy/site = -0.9856779825
44.0491% accepted

energy = -152.1368609
energy/site = -1.188569226
44.0956% accepted

energy = -134.154241
energy/site = -1.048080008
44.2414% accepted

energy = -85.47978269
energy/site = -0.6678108022
44.1226% accepted

energy = -155.4991582
energy/site = -1.214837174
44.0644% accepted

energy = -160.2070536
energy/site = -1.251617606
43.9902% accepted

energy = -97.22907089
energy/site = -0.7596021163
44.0264% accepted

energy = -432.6500177
energy/site = -3.380078263
44.07% accepted

energy = -161.4515844
energy/site = -1.261340503
44.0337% accepted

energy = -104.2042559
energy/site = -0.8140957494
44.0747% accepted

energy = -106.4564236
energy/site = -0.8316908095
44.0877% accepted

energy = -77.75938498
energy/site = -0.6074951951
43.9834% accepted

energy = -134.355863
energy/site = -1.04965518
44.0563% accepted

energy = -96.55763943
energy/site = -0.754356558
43.9623% accepted

energy = -90.50628018
energy/site = -0.7070803139
44.0712% accepted

energy = -217.4853122
energy/site = -1.699104002
44.1056% accepted

energy = -605.2312677
energy/site = -4.728369279
43.9743% accepted

energy = -252.5507926
energy/site = -1.973053067
44.11% accepted

energy = -137.4398649
energy/site = -1.073748945
43.8518% accepted

energy = -156.7709291
energy/site = -1.224772884
44.1107% accepted

energy = -114.587065
energy/site = -0.8952114455
44.1246% accepted

energy = -175.9180297
energy/site = -1.374359607
44.0745% accepted

energy = -126.2347349
energy/site = -0.9862088668
44.0355% accepted

energy = -112.7830477
energy/site = -0.8811175605
44.1641% accepted

energy = -264.5340055
energy/site = -2.066671918
43.9842% accepted

energy = -141.3036073
energy/site = -1.103934432
44.1802% accepted

energy = -110.3916354
energy/site = -0.8624346514
44.02% accepted

energy = -141.2358441
energy/site = -1.103405032
43.9413% accepted

energy = -223.2702464
energy/site = -1.7442988
44.1517% accepted

energy = -176.3698088
energy/site = -1.377889131
44.0057% accepted

energy = -156.6982125
energy/site = -1.224204785
44.0921% accepted

energy = -173.6678127
energy/site = -1.356779787
44.1694% accepted

energy = -102.5732206
energy/site = -0.8013532861
44.1128% accepted

energy = -229.4612976
energy/site = -1.792666388
44.0964% accepted

energy = -157.1815218
energy/site = -1.227980639
44.065% accepted

energy = -92.28593239
energy/site = -0.7209838468
44.1492% accepted

energy = -165.1551051
energy/site = -1.290274258
44.0628% accepted

energy = -159.004686
energy/site = -1.242224109
44.2623% accepted

energy = -211.9159195
energy/site = -1.655593121
44.0656% accepted

energy = -157.489936
energy/site = -1.230390125
44.1053% accepted

energy = -115.3547188
energy/site = -0.9012087408
44.1519% accepted

energy = -140.2373516
energy/site = -1.095604309
44.1257% accepted

energy = -132.0825167
energy/site = -1.031894661
44.0033% accepted

energy = -177.384407
energy/site = -1.38581568
44.2336% accepted

energy = -183.6688715
energy/site = -1.434913058
44.2211% accepted

energy = -206.6553093
energy/site = -1.614494604
44.0942% accepted

energy = -169.3973812
energy/site = -1.32341704
44.0886% accepted

energy = -164.7675245
energy/site = -1.287246285
44.1133% accepted

energy = -156.5990012
energy/site = -1.223429697
43.9085% accepted

energy = -132.3989434
energy/site = -1.034366745
43.9791% accepted

energy = -187.2259721
energy/site = -1.462702907
44.2153% accepted

energy = -194.626161
energy/site = -1.520516882
44.2233% accepted

energy = -182.1900348
energy/site = -1.423359647
44.1912% accepted

energy = -244.3305496
energy/site = -1.908832418
44.1352% accepted

energy = -73.09125332
energy/site = -0.5710254166
43.9722% accepted

energy = -116.4502779
energy/site = -0.9097677959
43.9619% accepted

energy = -406.4133971
energy/site = -3.175104665
44.0436% accepted

energy = -611.6991698
energy/site = -4.778899764
44.0236% accepted

energy = -188.2772033
energy/site = -1.470915651
44.1929% accepted

energy = -136.5614161
energy/site = -1.066886063
44.1232% accepted

energy = -111.7232044
energy/site = -0.8728375343
44.2539% accepted

energy = -121.8452973
energy/site = -0.951916385
44.0708% accepted

energy = -154.592871
energy/site = -1.207756805
44.0939% accepted

energy = -199.0979258
energy/site = -1.555452546
44.063% accepted

energy = -140.4156481
energy/site = -1.096997251
44.0773% accepted

energy = -116.5766432
energy/site = -0.9107550252
44.1713% accepted

energy = -169.6060439
energy/site = -1.325047218
44.1241% accepted

energy = -511.6024729
energy/site = -3.99689432
44.1089% accepted

energy = -157.6339352
energy/site = -1.231515119
44.105% accepted

energy = -96.5975769
energy/site = -0.7546685695
43.921% accepted

energy = -148.4861111
energy/site = -1.160047743
43.9363% accepted

energy = -220.0548832
energy/site = -1.719178775
44.0323% accepted

energy = -107.3994677
energy/site = -0.8390583418
44.1318% accepted

energy = -138.8910451
energy/site = -1.08508629
44.0749% accepted

energy = -109.0370456
energy/site = -0.8518519185
44.0574% accepted

energy = -128.9551145
energy/site = -1.007461832
44.0539% accepted

energy = -119.2677076
energy/site = -0.9317789658
44.0945% accepted

energy = -129.9809092
energy/site = -1.015475853
44.1867% accepted

energy = -98.55275904
energy/site = -0.76994343
44.1052% accepted

energy = -127.5977124
energy/site = -0.9968571278
44.1786% accepted

energy = -120.2522327
energy/site = -0.9394705679
44.066% accepted

energy = -123.1532985
energy/site = -0.9621351442
44.0888% accepted

energy = -211.0313987
energy/site = -1.648682802
44.0178% accepted

energy = -110.866958
energy/site = -0.8661481095
44.0035% accepted

energy = -268.8676511
energy/site = -2.100528524
44.0316% accepted

energy = -273.9059625
energy/site = -2.139890332
43.9613% accepted

energy = -99.46270143
energy/site = -0.777052355
43.908% accepted

energy = -125.3436096
energy/site = -0.97924695
44.1185% accepted

energy = -115.6181712
energy/site = -0.9032669622
44.2087% accepted

energy = -98.34545579
energy/site = -0.7683238734
44.1313% accepted

energy = -136.7279253
energy/site = -1.068186916
44.1499% accepted

energy = -207.2321709
energy/site = -1.619001335
44.1404% accepted

energy = -179.7469521
energy/site = -1.404273063
44.1153% accepted

energy = -117.5944347
energy/site = -0.9187065208
44.1222% accepted

energy = -281.866929
energy/site = -2.202085383
44.13% accepted

energy = -154.7471542
energy/site = -1.208962142
44.0877% accepted

energy = -276.4352092
energy/site = -2.159650072
44.0222% accepted

energy = -197.7152823
energy/site = -1.544650643
44.0924% accepted

energy = -166.4111436
energy/site = -1.300087059
44.0997% accepted

energy = -259.5041012
energy/site = -2.027375791
43.9628% accepted

energy = -168.6601253
energy/site = -1.317657229
44.1372% accepted

energy = -163.5541101
energy/site = -1.277766485
44.3197% accepted

energy = -160.0442488
energy/site = -1.250345693
43.9377% accepted

energy = -87.30470045
energy/site = -0.6820679722
44.1216% accepted

energy = -80.46345557
energy/site = -0.6286207466
44.0446% accepted

energy = -190.5407831
energy/site = -1.488599868
43.9638% accepted

energy = -105.140084
energy/site = -0.8214069065
44.0774% accepted

energy = -254.8791545
energy/site = -1.991243394
43.9297% accepted

energy = -146.5024529
energy/site = -1.144550413
44.0684% accepted

energy = -203.9658731
energy/site = -1.593483383
44.0843% accepted

energy = -218.0648655
energy/site = -1.703631762
44.1251% accepted

energy = -103.9923031
energy/site = -0.8124398683
43.9399% accepted

energy = -209.1886225
energy/site = -1.634286113
44.2376% accepted

energy = -112.413023
energy/site = -0.8782267422
44.1474% accepted

energy = -88.55754711
energy/site = -0.6918558368
43.9783% accepted

energy = -197.8247855
energy/site = -1.545506136
44.1882% accepted

energy = -112.9986675
energy/site = -0.88280209
44.2094% accepted

energy = -111.0228053
energy/site = -0.8673656662
44.0474% accepted

energy = -113.7383455
energy/site = -0.8885808243
44.1303% accepted

energy = -146.2190184
energy/site = -1.142336081
44.1341% accepted

energy = -145.3363553
energy/site = -1.135440276
44.0466% accepted

energy = -209.6514094
energy/site = -1.637901636
43.9923% accepted

energy = -184.8530881
energy/site = -1.444164751
43.9633% accepted

energy = -192.7015337
energy/site = -1.505480732
44.1501% accepted

energy = -94.40853417
energy/site = -0.7375666732
44.123% accepted

energy = -131.6154929
energy/site = -1.028246039
44.0133% accepted

energy = -164.7735117
energy/site = -1.28729306
44.1641% accepted

energy = -175.7131951
energy/site = -1.372759337
44.2558% accepted

energy = -92.37868458
energy/site = -0.7217084733
44.1447% accepted

energy = -166.2238985
energy/site = -1.298624207
44.0675% accepted

energy = -152.0368695
energy/site = -1.187788043
44.0409% accepted

energy = -170.4629251
energy/site = -1.331741602
44.205% accepted

energy = -91.75778183
energy/site = -0.7168576705
44.0292% accepted

energy = -110.928331
energy/site = -0.8666275862
44.2665% accepted

energy = -214.6583877
energy/site = -1.677018654
44.0028% accepted

energy = -161.0120346
energy/site = -1.25790652
44.0301% accepted

energy = -198.6264449
energy/site = -1.551769101
44.1093% accepted

energy = -144.1903372
energy/site = -1.12648701
44.1477% accepted

energy = -138.4823788
energy/site = -1.081893585
44.1389% accepted

energy = -260.2882468
energy/site = -2.033501928
44.1127% accepted

energy = -185.1176245
energy/site = -1.446231441
44.0445% accepted

energy = -174.5783653
energy/site = -1.363893479
44.2073% accepted

energy = -90.15606676
energy/site = -0.7043442716
44.0715% accepted

energy = -310.8171296
energy/site = -2.428258825
44.1782% accepted

energy = -86.91957992
energy/site = -0.6790592181
44.0087% accepted

energy = -284.8534265
energy/site = -2.225417395
43.9515% accepted

energy = -198.4845973
energy/site = -1.550660917
44.0919% accepted

energy = -87.50777731
energy/site = -0.6836545103
44.0782% accepted

energy = -166.8316633
energy/site = -1.303372369
44.0302% accepted

energy = -135.4946822
energy/site = -1.058552205
44.2364% accepted

energy = -97.76961708
energy/site = -0.7638251335
44.0341% accepted

energy = -261.3064125
energy/site = -2.041456347
44.0308% accepted

energy = -220.0540015
energy/site = -1.719171887
44.1506% accepted

energy = -114.7763845
energy/site = -0.8966905042
43.9829% accepted

energy = -139.3767687
energy/site = -1.088881006
44.0569% accepted

energy = -121.0043245
energy/site = -0.9453462853
44.1724% accepted

energy = -95.70542671
energy/site = -0.7476986462
44.1175% accepted

energy = -197.2339725
energy/site = -1.54089041
44.1251% accepted

energy = -110.5360513
energy/site = -0.863562901
44.0242% accepted

energy = -205.9860241
energy/site = -1.609265813
43.9778% accepted

energy = -193.0707583
energy/site = -1.508365299
44.0633% accepted

energy = -120.6787709
energy/site = -0.9428028977
44.2182% accepted

energy = -121.1814024
energy/site = -0.9467297061
44.1379% accepted

energy = -104.7708831
energy/site = -0.8185225241
44.1041% accepted

energy = -132.3116895
energy/site = -1.033685074
44.0963% accepted

energy = -216.762075
energy/site = -1.693453711
44.208% accepted

energy = -144.5639064
energy/site = -1.129405518
44.0279% accepted

energy = -110.1129879
energy/site = -0.8602577177
44.1502% accepted

energy = -190.8526117
energy/site = -1.491036029
44.1188% accepted

energy = -556.6743099
energy/site = -4.349018046
44.0175% accepted

energy = -176.5462899
energy/site = -1.37926789
44.1911% accepted

energy = -81.04922017
energy/site = -0.6331970326
44.0039% accepted

energy = -233.7324878
energy/site = -1.826035061
44.1527% accepted

energy = -102.4271519
energy/site = -0.8002121241
44.049% accepted

energy = -147.8286127
energy/site = -1.154911037
43.908% accepted

energy = -103.0978576
energy/site = -0.8054520127
44.0578% accepted

energy = -195.4467737
energy/site = -1.526927919
43.9437% accepted

energy = -155.3232639
energy/site = -1.213462999
44.0361% accepted

energy = -169.9604638
energy/site = -1.327816123
44.2078% accepted

energy = -114.7575635
energy/site = -0.8965434652
44.1845% accepted

energy = -130.3704717
energy/site = -1.01851931
44.0203% accepted

energy = -154.524842
energy/site = -1.207225328
44.1284% accepted

energy = -172.5881808
energy/site = -1.348345162
44.1012% accepted

energy = -98.93654391
energy/site = -0.7729417493
44.2559% accepted

energy = -125.676327
energy/site = -0.9818463045
44.0602% accepted

energy = -104.1749636
energy/site = -0.8138669028
44.0192% accepted

energy = -139.2299441
energy/site = -1.087733938
44.0671% accepted

energy = -155.9595743
energy/site = -1.218434174
44.0583% accepted

energy = -117.963783
energy/site = -0.9215920543
44.0167% accepted

energy = -191.231464
energy/site = -1.493995812
44.1476% accepted

energy = -124.8480981
energy/site = -0.9753757667
44.0578% accepted

energy = -259.8409639
energy/site = -2.030007531
44.1808% accepted

energy = -154.3905218
energy/site = -1.206175952
44.0876% accepted

energy = -205.2596443
energy/site = -1.603590971
44.1096% accepted

energy = -150.9343024
energy/site = -1.179174237
44.1772% accepted

energy = -119.9869722
energy/site = -0.9373982202
44.019% accepted

energy = -133.3221672
energy/site = -1.041579431
44.2151% accepted

energy = -163.1560652
energy/site = -1.274656759
44.0633% accepted

energy = -251.0384585
energy/site = -1.961237957
44.0462% accepted

energy = -128.7179499
energy/site = -1.005608984
44.0871% accepted

energy = -205.8839081
energy/site = -1.608468032
43.9057% accepted

energy = -422.6208863
energy/site = -3.301725674
43.9759% accepted

energy = -122.8801498
energy/site = -0.9600011706
44.0775% accepted

energy = -89.27140361
energy/site = -0.6974328407
44.0674% accepted

energy = -150.3105785
energy/site = -1.174301394
44.0444% accepted

energy = -96.97821668
energy/site = -0.7576423178
44.1531% accepted

energy = -182.3133541
energy/site = -1.424323079
44.0209% accepted

energy = -110.7968822
energy/site = -0.865600642
44.2463% accepted

energy = -145.5932309
energy/site = -1.137447116
44.0443% accepted

energy = -141.5536548
energy/site = -1.105887928
44.0798% accepted

energy = -185.2761128
energy/site = -1.447469631
44.1187% accepted

energy = -103.5953167
energy/site = -0.8093384116
43.9979% accepted

energy = -77.45931714
energy/site = -0.6051509151
44.0128% accepted

energy = -111.4739833
energy/site = -0.8708904943
44.0676% accepted

energy = -128.0717568
energy/site = -1.0005606
44.1324% accepted

energy = -90.20400509
energy/site = -0.7047187898
44.0996% accepted

energy = -136.3574816
energy/site = -1.065292825
43.9205% accepted

energy = -120.8984536
energy/site = -0.9445191684
43.8797% accepted

energy = -131.2805187
energy/site = -1.025629053
44.0876% accepted

energy = -101.4224078
energy/site = -0.7923625613
44.0965% accepted

energy = -142.6627631
energy/site = -1.114552836
44.097% accepted

energy = -106.5721039
energy/site = -0.8325945617
44.0468% accepted

energy = -156.4077232
energy/site = -1.221935337
44.2844% accepted

energy = -85.37332528
energy/site = -0.6669791038
44.205% accepted

energy = -251.843384
energy/site = -1.967526437
44.0727% accepted

energy = -116.3304778
energy/site = -0.9088318577
43.9651% accepted

energy = -163.2424435
energy/site = -1.27533159
44.0391% accepted

energy = -336.2673588
energy/site = -2.627088741
44.0358% accepted

energy = -111.3297816
energy/site = -0.8697639189
44.135% accepted

energy = -139.5354828
energy/site = -1.09012096
44.0733% accepted

energy = -120.8657187
energy/site = -0.944263427
44.1362% accepted

energy = -125.4728088
energy/site = -0.980256319
44.1871% accepted

energy = -120.4245825
energy/site = -0.9408170505
44.0195% accepted

energy = -186.2675275
energy/site = -1.455215059
44.0082% accepted

energy = -119.914436
energy/site = -0.936831531
43.9929% accepted

energy = -108.0684097
energy/site = -0.8442844509
44.019% accepted

energy = -120.4694455
energy/site = -0.9411675431
44.1399% accepted

energy = -183.9914486
energy/site = -1.437433192
44.1249% accepted

energy = -158.4926233
energy/site = -1.23822362
43.9462% accepted

energy = -96.70089908
energy/site = -0.7554757741
44.1793% accepted

energy = -115.6097903
energy/site = -0.9032014868
44.1373% accepted

energy = -215.7118087
energy/site = -1.685248506
44.1137% accepted

energy = -80.56258454
energy/site = -0.6293951917
44.0273% accepted

energy = -202.8029836
energy/site = -1.58439831
44.0376% accepted

energy = -68.02267852
energy/site = -0.5314271759
44.1541% accepted

energy = -159.4555421
energy/site = -1.245746422
44.0096% accepted

energy = -263.8395756
energy/site = -2.061246684
44.1329% accepted

energy = -189.1969611
energy/site = -1.478101259
44.2477% accepted

energy = -140.0033002
energy/site = -1.093775783
44.0787% accepted

energy = -128.6265985
energy/site = -1.004895301
44.0277% accepted

energy = -150.3307444
energy/site = -1.17445894
44.2072% accepted

energy = -162.5706342
energy/site = -1.27008308
44.1633% accepted

energy = -247.391269
energy/site = -1.932744289
44.2771% accepted

energy = -184.6150564
energy/site = -1.442305128
43.9258% accepted

energy = -99.74276224
energy/site = -0.77924033
44.2165% accepted

energy = -99.19903431
energy/site = -0.7749924555
44.2163% accepted

energy = -171.6094644
energy/site = -1.340698941
44.1398% accepted

energy = -196.0267392
energy/site = -1.5314589
44.1257% accepted

energy = -121.2723885
energy/site = -0.9474405349
43.9158% accepted

energy = -144.8706716
energy/site = -1.131802122
44.1429% accepted

energy = -133.4187911
energy/site = -1.042334305
44.2624% accepted

energy = -115.2803583
energy/site = -0.9006277993
44.2684% accepted

energy = -148.881732
energy/site = -1.163138531
44.2032% accepted

energy = -76.38959029
energy/site = -0.5967936742
43.9556% accepted

energy = -171.7062221
energy/site = -1.34145486
44.1533% accepted

energy = -183.2025287
energy/site = -1.431269756
44.2487% accepted

energy = -133.239354
energy/site = -1.040932453
44.1894% accepted

energy = -129.8129802
energy/site = -1.014163908
44.1247% accepted

energy = -156.5605607
energy/site = -1.22312938
44.047% accepted

energy = -158.2055744
energy/site = -1.23598105
44.144% accepted

energy = -242.8984031
energy/site = -1.897643774
44.2097% accepted

energy = -100.973937
energy/site = -0.7888588829
44.1613% accepted

energy = -115.6179968
energy/site = -0.9032655998
44.1719% accepted

energy = -152.2283127
energy/site = -1.189283693
44.1467% accepted

energy = -130.4312045
energy/site = -1.018993785
44.1091% accepted

energy = -127.2805408
energy/site = -0.9943792248
44.1418% accepted

energy = -155.1612003
energy/site = -1.212196877
44.222% accepted

energy = -163.848132
energy/site = -1.280063531
43.9813% accepted

energy = -99.9430136
energy/site = -0.7808047938
44.0931% accepted

energy = -96.66591094
energy/site = -0.7552024292
44.0425% accepted

energy = -82.68582424
energy/site = -0.6459830019
44.0326% accepted

energy = -135.5039525
energy/site = -1.058624629
44.052% accepted

energy = -105.0832752
energy/site = -0.8209630879
44.1518% accepted

energy = -244.9114597
energy/site = -1.913370779
44.1535% accepted

energy = -113.4868224
energy/site = -0.8866158003
44.1227% accepted

energy = -88.08713357
energy/site = -0.688180731
44.2477% accepted

energy = -170.2529796
energy/site = -1.330101403
44.1475% accepted

energy = -160.0107711
energy/site = -1.250084149
44.0411% accepted

energy = -98.64491889
energy/site = -0.7706634288
44.0247% accepted

energy = -88.91422112
energy/site = -0.6946423525
43.8279% accepted

energy = -115.2504913
energy/site = -0.9003944632
44.2113% accepted

energy = -186.7490043
energy/site = -1.458976596
44.065% accepted

energy = -70.7582345
energy/site = -0.552798707
43.9677% accepted

energy = -95.29378997
energy/site = -0.7444827341
44.0483% accepted

energy = -225.6879523
energy/site = -1.763187128
43.9854% accepted

energy = -87.87807797
energy/site = -0.6865474841
44.1774% accepted

energy = -121.2778512
energy/site = -0.9474832127
43.9332% accepted

energy = -112.8338779
energy/site = -0.8815146714
44.1515% accepted

energy = -108.3412811
energy/site = -0.8464162587
44.0134% accepted

energy = -131.3594821
energy/site = -1.026245954
44.183% accepted

energy = -124.1151516
energy/site = -0.9696496216
44.1357% accepted

energy = -152.4828354
energy/site = -1.191272152
44.1503% accepted

energy = -141.2436
energy/site = -1.103465625
44.1667% accepted

energy = -176.7623833
energy/site = -1.380956119
44.143% accepted

energy = -117.0910257
energy/site = -0.9147736386
44.1742% accepted

energy = -105.9595837
energy/site = -0.8278092479
44.2364% accepted

energy = -139.05404
energy/site = -1.086359688
44.2225% accepted

energy = -153.5427023
energy/site = -1.199552361
44.0619% accepted

energy = -277.1897355
energy/site = -2.165544809
44.165% accepted

energy = -147.2069369
energy/site = -1.150054195
44.0579% accepted

energy = -229.1421307
energy/site = -1.790172896
44.1402% accepted

energy = -181.316079
energy/site = -1.416531867
44.1994% accepted

energy = -288.095447
energy/site = -2.25074568
44.007% accepted

energy = -84.1769447
energy/site = -0.6576323804
44.1016% accepted

energy = -156.5779287
energy/site = -1.223265068
44.0411% accepted

energy = -100.31334
energy/site = -0.783697969
44.1894% accepted

energy = -169.9666076
energy/site = -1.327864122
44.0088% accepted

energy = -180.362335
energy/site = -1.409080742
44.0098% accepted

energy = -263.6857521
energy/site = -2.060044938
44.1694% accepted

energy = -126.8942834
energy/site = -0.991361589
43.9502% accepted

energy = -207.1016041
energy/site = -1.617981282
43.9419% accepted

energy = -151.7502961
energy/site = -1.185549188
43.822% accepted

energy = -179.9054244
energy/site = -1.405511128
44.1111% accepted

energy = -144.777898
energy/site = -1.131077328
43.9804% accepted

energy = -141.1475172
energy/site = -1.102714978
44.0572% accepted

energy = -138.6000695
energy/site = -1.082813043
44.177% accepted

energy = -469.6453632
energy/site = -3.6691044
44.0211% accepted

energy = -66.56075108
energy/site = -0.5200058678
44.0239% accepted

energy = -137.6740412
energy/site = -1.075578447
44.0165% accepted

energy = -208.6279384
energy/site = -1.629905769
44.118% accepted

energy = -182.6939195
energy/site = -1.427296246
44.0982% accepted

energy = -107.1801988
energy/site = -0.8373453029
43.8138% accepted

energy = -108.977366
energy/site = -0.851385672
43.9339% accepted

energy = -174.2961457
energy/site = -1.361688639
44.0485% accepted

energy = -283.2652997
energy/site = -2.213010154
43.9654% accepted

energy = -186.7821209
energy/site = -1.45923532
44.1905% accepted

energy = -128.9762142
energy/site = -1.007626673
43.9488% accepted

energy = -105.5174967
energy/site = -0.824355443
44.1731% accepted

energy = -106.3642008
energy/site = -0.8309703191
43.9845% accepted

energy = -198.6215425
energy/site = -1.5517308
43.8646% accepted

energy = -128.5172097
energy/site = -1.004040701
44.0621% accepted

energy = -136.1410587
energy/site = -1.063602021
44.0805% accepted

energy = -215.0755854
energy/site = -1.680278011
44.0919% accepted

energy = -320.6598335
energy/site = -2.505154949
43.9921% accepted

energy = -178.423131
energy/site = -1.393930711
43.9612% accepted

energy = -223.5187807
energy/site = -1.746240474
44.0534% accepted

energy = -270.7173811
energy/site = -2.11497954
44.1259% accepted

energy = -176.5931302
energy/site = -1.37963383
44.0656% accepted

energy = -109.6847788
energy/site = -0.8569123345
44.0409% accepted

energy = -137.8726447
energy/site = -1.077130037
44.0819% accepted

energy = -128.2729746
energy/site = -1.002132614
44.0318% accepted

energy = -114.7777673
energy/site = -0.896701307
44.0458% accepted

energy = -188.9412532
energy/site = -1.47610354
43.9057% accepted

energy = -169.2334265
energy/site = -1.322136145
44.1758% accepted

energy = -157.2845174
energy/site = -1.228785292
44.1158% accepted

energy = -114.7600955
energy/site = -0.8965632464
43.9529% accepted

energy = -183.7559806
energy/site = -1.435593598
44.1866% accepted

energy = -161.3995819
energy/site = -1.260934234
44.046% accepted

energy = -100.2608933
energy/site = -0.7832882286
44.1561% accepted

energy = -81.52934911
energy/site = -0.6369480399
44.0461% accepted

energy = -101.1337173
energy/site = -0.7901071666
43.9848% accepted

energy = -96.46082874
energy/site = -0.7536002246
43.8611% accepted

energy = -131.593334
energy/site = -1.028072922
44.1248% accepted

energy = -233.11324
energy/site = -1.821197188
44.0029% accepted

energy = -206.5312703
energy/site = -1.613525549
43.9939% accepted

energy = -85.4974687
energy/site = -0.6679489742
44.0329% accepted

energy = -119.8292766
energy/site = -0.9361662238
44.1844% accepted

energy = -109.6167948
energy/site = -0.8563812094
44.1216% accepted

energy = -133.9958902
energy/site = -1.046842892
44.1729% accepted

energy = -154.9208234
energy/site = -1.210318933
44.0743% accepted

energy = -98.26691391
energy/site = -0.7677102649
44.0601% accepted

energy = -107.9759661
energy/site = -0.8435622353
44.0245% accepted

energy = -151.3299229
energy/site = -1.182265022
44.1411% accepted

energy = -123.2494895
energy/site = -0.9628866366
44.0848% accepted

energy = -271.611629
energy/site = -2.121965851
44.1426% accepted

energy = -81.2624332
energy/site = -0.6348627593
44.1663% accepted

energy = -214.08785
energy/site = -1.672561328
44.1376% accepted

energy = -120.7739021
energy/site = -0.9435461098
43.9866% accepted

energy = -247.8580062
energy/site = -1.936390674
44.1001% accepted

energy = -89.35915099
energy/site = -0.6981183671
43.9244% accepted

energy = -367.7817155
energy/site = -2.873294652
44.114% accepted

energy = -160.4452395
energy/site = -1.253478434
44.1894% accepted

energy = -171.8299416
energy/site = -1.342421419
44.2501% accepted

energy = -243.2951367
energy/site = -1.900743256
44.0918% accepted

energy = -178.3586655
energy/site = -1.393427074
44.0391% accepted

energy = -214.8330372
energy/site = -1.678383103
44.1955% accepted

energy = -202.8622022
energy/site = -1.584860954
43.9938% accepted

energy = -195.1253867
energy/site = -1.524417083
44.093% accepted

energy = -121.2535867
energy/site = -0.9472936461
44.1226% accepted

energy = -157.302072
energy/site = -1.228922437
44.2041% accepted

energy = -141.8931323
energy/site = -1.108540096
44.1315% accepted

energy = -144.6574168
energy/site = -1.130136069
44.1029% accepted

energy = -138.5549203
energy/site = -1.082460315
43.9215% accepted

energy = -115.4812009
energy/site = -0.9021968821
44.1508% accepted

energy = -155.0105707
energy/site = -1.211020083
44.2039% accepted

energy = -169.4847216
energy/site = -1.324099387
44.0361% accepted

energy = -164.8308149
energy/site = -1.287740741
44.1411% accepted

energy = -190.9230009
energy/site = -1.491585945
43.9293% accepted

energy = -175.8459101
energy/site = -1.373796172
43.9936% accepted

energy = -102.1864884
energy/site = -0.7983319406
44.1777% accepted

energy = -149.3166046
energy/site = -1.166535973
43.9491% accepted

energy = -105.7345079
energy/site = -0.8260508429
44.0652% accepted

energy = -116.2553802
energy/site = -0.9082451575
44.1351% accepted

energy = -116.158662
energy/site = -0.9074895469
44.0714% accepted

energy = -135.064013
energy/site = -1.055187601
44.0609% accepted

energy = -136.6820221
energy/site = -1.067828298
44.0726% accepted

energy = -118.6532736
energy/site = -0.9269786998
44.15% accepted

energy = -89.84336906
energy/site = -0.7019013208
44.0583% accepted

energy = -160.8681382
energy/site = -1.256782329
44.1799% accepted

energy = -359.4520657
energy/site = -2.808219263
43.9168% accepted

energy = -156.0439964
energy/site = -1.219093722
43.9742% accepted

energy = -249.4311724
energy/site = -1.948681034
43.9933% accepted

energy = -119.7270486
energy/site = -0.9353675669
43.9795% accepted

energy = -163.0891249
energy/site = -1.274133788
44.0715% accepted

energy = -256.8907401
energy/site = -2.006958907
44.1072% accepted

energy = -230.7656461
energy/site = -1.80285661
44.0173% accepted

energy = -333.2242906
energy/site = -2.60331477
44.1653% accepted

energy = -122.5769552
energy/site = -0.9576324623
44.0557% accepted

energy = -148.2133551
energy/site = -1.157916837
44.0459% accepted

energy = -231.2888767
energy/site = -1.806944349
44.085% accepted

energy = -149.2692528
energy/site = -1.166166038
44.0782% accepted

energy = -148.4584207
energy/site = -1.159831411
44.0268% accepted

energy = -146.5926282
energy/site = -1.145254908
44.1268% accepted

energy = -210.1186163
energy/site = -1.64155169
43.956% accepted

energy = -167.0053637
energy/site = -1.304729404
44.05% accepted

energy = -183.9679291
energy/site = -1.437249446
43.9691% accepted

energy = -87.6950078
energy/site = -0.6851172485
44.1306% accepted

energy = -108.6446446
energy/site = -0.8487862862
43.9706% accepted

energy = -104.6800947
energy/site = -0.8178132395
44.1001% accepted

energy = -164.3217406
energy/site = -1.283763598
44.1218% accepted

energy = -104.0032422
energy/site = -0.81252533
44.0198% accepted

energy = -296.6942101
energy/site = -2.317923516
44.0508% accepted

energy = -160.1336308
energy/site = -1.251043991
44.0381% accepted

energy = -219.7242586
energy/site = -1.71659577
44.184% accepted

energy = -98.51778271
energy/site = -0.7696701774
44.1049% accepted

energy = -82.65170886
energy/site = -0.6457164755
44.0307% accepted

energy = -116.9960137
energy/site = -0.9140313573
43.9781% accepted

energy = -139.751537
energy/site = -1.091808883
44.0148% accepted

energy = -227.7058344
energy/site = -1.778951831
44.2549% accepted

energy = -121.8355959
energy/site = -0.951840593
44.1046% accepted

energy = -117.7213638
energy/site = -0.9196981547
43.9822% accepted

energy = -245.6498615
energy/site = -1.919139543
43.9748% accepted

energy = -238.4801347
energy/site = -1.863126052
44.1294% accepted

energy = -263.3714613
energy/site = -2.057589541
44.0149% accepted

energy = -89.11846963
energy/site = -0.696238044
44.0716% accepted

energy = -168.6805191
energy/site = -1.317816556
44.037% accepted

energy = -128.1658006
energy/site = -1.001295318
44.0338% accepted

energy = -211.4836651
energy/site = -1.652216134
44.025% accepted

energy = -135.3606234
energy/site = -1.057504871
44.1171% accepted

energy = -92.3139004
energy/site = -0.7212023468
43.9478% accepted

energy = -85.14890244
energy/site = -0.6652258003
44.1675% accepted

energy = -258.6334353
energy/site = -2.020573713
43.9596% accepted

energy = -123.6053335
energy/site = -0.9656666678
44.1979% accepted

energy = -115.2098529
energy/site = -0.9000769755
43.8887% accepted

energy = -232.7285342
energy/site = -1.818191674
44.1621% accepted

energy = -269.2213292
energy/site = -2.103291634
43.9935% accepted

energy = -122.3431808
energy/site = -0.9558061001
44.0799% accepted

energy = -118.7494388
energy/site = -0.927729991
44.0683% accepted

energy = -260.3136005
energy/site = -2.033700004
43.9965% accepted

energy = -139.6094272
energy/site = -1.09069865
44.1414% accepted

energy = -221.4439974
energy/site = -1.73003123
44.016% accepted

energy = -114.3739904
energy/site = -0.8935468002
44.1086% accepted

energy = -196.3610215
energy/site = -1.53407048
44.1896% accepted

energy = -83.20019072
energy/site = -0.65000149
44.0318% accepted

energy = -167.7434618
energy/site = -1.310495795
44.0266% accepted

energy = -239.0651544
energy/site = -1.867696518
44.0461% accepted

energy = -138.7575601
energy/site = -1.084043438
44.1769% accepted

energy = -211.6957401
energy/site = -1.653872969
44.1322% accepted

energy = -134.0800247
energy/site = -1.047500193
44.1398% accepted

energy = -171.9580635
energy/site = -1.343422371
44.0854% accepted

energy = -206.7130991
energy/site = -1.614946087
44.0618% accepted

energy = -152.0673784
energy/site = -1.188026394
44.0966% accepted

energy = -150.0807106
energy/site = -1.172505552
44.0911% accepted

energy = -130.0728818
energy/site = -1.016194389
44.0384% accepted

energy = -94.48876283
energy/site = -0.7381934596
44.0835% accepted

energy = -187.3698789
energy/site = -1.463827179
44.2469% accepted

energy = -287.1423833
energy/site = -2.24329987
44.0049% accepted

energy = -155.194788
energy/site = -1.212459281
44.0939% accepted

energy = -444.7538694
energy/site = -3.474639604
44.1223% accepted

energy = -108.7457434
energy/site = -0.8495761206
44.0025% accepted

energy = -177.8505322
energy/site = -1.389457283
44.0438% accepted

energy = -92.68854313
energy/site = -0.7241292432
44.119% accepted

energy = -180.5308574
energy/site = -1.410397323
44.1114% accepted

energy = -173.8832137
energy/site = -1.358462607
44.0885% accepted

energy = -209.0660837
energy/site = -1.633328779
43.9482% accepted

energy = -158.1634516
energy/site = -1.235651965
44.0538% accepted

energy = -86.52797064
energy/site = -0.6759997707
44.1466% accepted

energy = -138.0208784
energy/site = -1.078288113
44.0405% accepted

energy = -157.4222612
energy/site = -1.229861416
44.0532% accepted

energy = -213.6955689
energy/site = -1.669496632
44.1007% accepted

energy = -252.1251059
energy/site = -1.969727389
44.0717% accepted

energy = -91.27577763
energy/site = -0.7130920128
44.0553% accepted

energy = -164.3999428
energy/site = -1.284374553
44.0288% accepted

energy = -135.2162588
energy/site = -1.056377022
44.0031% accepted

energy = -362.35905
energy/site = -2.830930078
44.1998% accepted

energy = -78.26575554
energy/site = -0.6114512152
44.0728% accepted

energy = -122.5067012
energy/site = -0.9570836031
44.11% accepted

energy = -113.9239276
energy/site = -0.8900306846
44.064% accepted

energy = -315.4564385
energy/site = -2.464503426
44.073% accepted

energy = -193.1009591
energy/site = -1.508601243
44.0315% accepted

energy = -262.884729
energy/site = -2.053786945
44.1235% accepted

energy = -70.36050719
energy/site = -0.5496914625
44.1028% accepted

energy = -353.7555784
energy/site = -2.763715456
44.2004% accepted

energy = -489.5137794
energy/site = -3.824326402
44.1084% accepted

energy = -145.5621475
energy/site = -1.137204278
44.1283% accepted

energy = -149.9321044
energy/site = -1.171344565
44.1503% accepted

energy = -113.1036563
energy/site = -0.883622315
44.0797% accepted

energy = -73.98131792
energy/site = -0.5779790462
44.0702% accepted

energy = -113.8670905
energy/site = -0.8895866445
44.0395% accepted

energy = -108.7639046
energy/site = -0.8497180046
43.9342% accepted

energy = -93.69323214
energy/site = -0.7319783761
44.0231% accepted

energy = -140.9314412
energy/site = -1.101026884
44.153% accepted

energy = -186.3698142
energy/site = -1.456014173
44.0271% accepted

energy = -107.6083582
energy/site = -0.8406902988
44.095% accepted

energy = -142.8211274
energy/site = -1.115790058
44.1491% accepted

energy = -159.3763119
energy/site = -1.245127437
44.1146% accepted

energy = -81.08680418
energy/site = -0.6334906577
43.9687% accepted

energy = -116.8040277
energy/site = -0.9125314665
43.9663% accepted

energy = -85.51255261
energy/site = -0.6680668173
44.1659% accepted

energy = -227.6518199
energy/site = -1.778529843
44.1992% accepted

energy = -114.093578
energy/site = -0.8913560784
43.9902% accepted

energy = -141.8196132
energy/site = -1.107965728
44.1446% accepted

energy = -326.6524707
energy/site = -2.551972427
44.063% accepted

energy = -185.1063719
energy/site = -1.44614353
44.2588% accepted

energy = -212.8158746
energy/site = -1.66262402
44.0864% accepted

energy = -82.88559947
energy/site = -0.6475437459
44.0572% accepted

energy = -158.5356702
energy/site = -1.238559924
44.1841% accepted

energy = -290.8541075
energy/site = -2.272297715
44.162% accepted

energy = -93.64302215
energy/site = -0.7315861105
44.104% accepted

energy = -163.8048544
energy/site = -1.279725425
44.214% accepted

energy = -104.0292559
energy/site = -0.8127285617
44.0993% accepted

energy = -155.8184257
energy/site = -1.217331451
43.8875% accepted

energy = -145.9643412
energy/site = -1.140346415
44.0399% accepted

energy = -194.4547018
energy/site = -1.519177358
43.9799% accepted

energy = -205.9298549
energy/site = -1.608826991
44.1483% accepted

energy = -110.706873
energy/site = -0.8648974451
44.1091% accepted

energy = -152.1800816
energy/site = -1.188906887
44.0538% accepted

energy = -144.1315364
energy/site = -1.126027628
44.0799% accepted

energy = -146.5656059
energy/site = -1.145043796
43.946% accepted

energy = -99.34485038
energy/site = -0.7761316436
44.1173% accepted

energy = -101.8903537
energy/site = -0.796018388
44.0759% accepted

energy = -158.6716805
energy/site = -1.239622504
44.1429% accepted

energy = -147.5226812
energy/site = -1.152520947
44.1495% accepted

energy = -158.8408414
energy/site = -1.240944074
43.9502% accepted

energy = -126.8162342
energy/site = -0.9907518299
44.0139% accepted

energy = -250.7564368
energy/site = -1.959034663
44.1102% accepted

energy = -334.9366798
energy/site = -2.616692811
44.0736% accepted

energy = -149.7529155
energy/site = -1.169944652
44.1656% accepted

energy = -239.4542119
energy/site = -1.870736031
44.1886% accepted

energy = -152.6571899
energy/site = -1.192634296
44.0269% accepted

energy = -179.4468752
energy/site = -1.401928712
44.2129% accepted

energy = -151.0755266
energy/site = -1.180277552
43.9465% accepted

energy = -111.9116409
energy/site = -0.8743096948
43.9378% accepted

energy = -154.4544848
energy/site = -1.206675662
44.0078% accepted

energy = -108.4468598
energy/site = -0.8472410922
44.0305% accepted

energy = -204.1878408
energy/site = -1.595217507
44.0595% accepted

energy = -124.3532315
energy/site = -0.971509621
43.9677% accepted

energy = -99.91619537
energy/site = -0.7805952764
44.1274% accepted

energy = -153.1650558
energy/site = -1.196601999
44.106% accepted

energy = -157.1497375
energy/site = -1.227732324
44.0686% accepted

energy = -202.2739038
energy/site = -1.580264873
43.9699% accepted

energy = -142.7804053
energy/site = -1.115471916
44.1752% accepted

energy = -89.26662389
energy/site = -0.6973954991
44.1537% accepted

energy = -124.6662912
energy/site = -0.9739554
44.0558% accepted

energy = -107.6958538
energy/site = -0.8413738577
44.0877% accepted

energy = -159.6155682
energy/site = -1.246996627
44.0738% accepted

energy = -282.9720468
energy/site = -2.210719115
44.1686% accepted

energy = -167.2459246
energy/site = -1.306608786
44.0972% accepted

energy = -176.7509282
energy/site = -1.380866626
44.1228% accepted

energy = -146.0280804
energy/site = -1.140844378
44.2431% accepted

energy = -121.1493721
energy/site = -0.9464794698
44.1317% accepted

energy = -142.5840536
energy/site = -1.113937919
44.0694% accepted

energy = -134.2796294
energy/site = -1.049059604
44.1542% accepted

energy = -77.12601445
energy/site = -0.6025469879
44.1084% accepted

energy = -170.3662747
energy/site = -1.330986521
44.33% accepted

energy = -210.1214059
energy/site = -1.641573484
43.9555% accepted

energy = -151.2669755
energy/site = -1.181773246
44.1271% accepted

energy = -137.0163192
energy/site = -1.070439993
44.0097% accepted

energy = -187.124795
energy/site = -1.461912461
44.1056% accepted

energy = -171.3776545
energy/site = -1.338887926
43.9685% accepted

energy = -97.45876674
energy/site = -0.7613966152
44.0066% accepted

energy = -203.8928824
energy/site = -1.592913144
44.2421% accepted

energy = -158.7049849
energy/site = -1.239882694
44.0236% accepted

energy = -129.9957986
energy/site = -1.015592177
44.2795% accepted

energy = -119.7206959
energy/site = -0.9353179371
44.1794% accepted

energy = -74.72260662
energy/site = -0.5837703643
44.1714% accepted

energy = -109.8147874
energy/site = -0.8579280266
44.0699% accepted

energy = -213.650577
energy/site = -1.669145133
44.0115% accepted

energy = -161.8585117
energy/site = -1.264519623
44.1118% accepted

energy = -164.3941112
energy/site = -1.284328993
44.213% accepted

energy = -150.0782533
energy/site = -1.172486354
44.1813% accepted

energy = -335.8522338
energy/site = -2.623845577
44.0998% accepted

energy = -116.2481187
energy/site = -0.9081884271
44.0157% accepted

energy = -231.862812
energy/site = -1.811428219
44.0278% accepted

energy = -153.4764867
energy/site = -1.199035052
44.1471% accepted

energy = -83.55656118
energy/site = -0.6527856342
44.0575% accepted

energy = -321.9218606
energy/site = -2.515014536
44.0418% accepted

energy = -236.7888126
energy/site = -1.849912599
44.2605% accepted

energy = -159.7131369
energy/site = -1.247758882
44.1375% accepted

energy = -300.0058513
energy/site = -2.343795713
44.0695% accepted

energy = -410.3917895
energy/site = -3.206185856
44.0864% accepted

energy = -123.4047432
energy/site = -0.9640995564
44.2779% accepted

energy = -125.4987077
energy/site = -0.980458654
44.0659% accepted

energy = -105.9078409
energy/site = -0.8274050072
44.2677% accepted

energy = -145.8766702
energy/site = -1.139661486
44.0713% accepted

energy = -178.4718409
energy/site = -1.394311257
44.1311% accepted

energy = -113.782306
energy/site = -0.8889242659
44.0148% accepted

energy = -99.15769282
energy/site = -0.7746694751
44.0286% accepted

energy = -133.9117667
energy/site = -1.046185677
44.1685% accepted

energy = -92.50874933
energy/site = -0.7227246042
44.0434% accepted

energy = -177.9986899
energy/site = -1.390614765
44.0434% accepted

energy = -243.9433694
energy/site = -1.905807573
44.2936% accepted

energy = -125.3936104
energy/site = -0.979637581
43.9869% accepted

energy = -245.1234543
energy/site = -1.915026986
44.1175% accepted

energy = -129.1416037
energy/site = -1.008918779
44.1202% accepted

energy = -308.3970414
energy/site = -2.409351886
44.007% accepted

energy = -160.8995577
energy/site = -1.257027794
44.1294% accepted

energy = -175.9710018
energy/site = -1.374773451
43.9403% accepted

energy = -127.831711
energy/site = -0.9986852422
44.2903% accepted

energy = -85.61541379
energy/site = -0.6688704202
43.9321% accepted

energy = -83.15431645
energy/site = -0.6496430973
44.1245% accepted

energy = -135.3397858
energy/site = -1.057342077
44.1784% accepted

energy = -96.98198877
energy/site = -0.7576717873
44.0306% accepted

energy = -131.9220978
energy/site = -1.030641389
44.2691% accepted

energy = -98.45995488
energy/site = -0.7692183975
43.9771% accepted

energy = -113.3927764
energy/site = -0.8858810653
44.1517% accepted

energy = -249.212391
energy/site = -1.946971805
44.0658% accepted

energy = -149.566602
energy/site = -1.168489078
44.0851% accepted

energy = -121.4371466
energy/site = -0.9487277078
44.2575% accepted

energy = -144.9026053
energy/site = -1.132051604
44.1298% accepted

energy = -182.3894126
energy/site = -1.424917286
44.1192% accepted

energy = -75.2150673
energy/site = -0.5876177132
43.9958% accepted

energy = -139.0519985
energy/site = -1.086343738
44.0425% accepted

energy = -354.1240097
energy/site = -2.766593826
44.084% accepted

energy = -248.6806998
energy/site = -1.942817967
44.0311% accepted

energy = -150.5623671
energy/site = -1.176268493
44.0235% accepted

energy = -166.2958841
energy/site = -1.299186594
44.0379% accepted

energy = -124.1117452
energy/site = -0.9696230094
44.0757% accepted

energy = -200.3390279
energy/site = -1.565148655
44.1539% accepted

energy = -250.1869016
energy/site = -1.954585169
44.0729% accepted

energy = -132.7864539
energy/site = -1.037394171
44.0321% accepted

energy = -129.8994422
energy/site = -1.014839392
44.1262% accepted

energy = -111.7745833
energy/site = -0.8732389319
44.1882% accepted

energy = -111.8952167
energy/site = -0.8741813803
44.1516% accepted

energy = -141.9607188
energy/site = -1.109068115
44.0188% accepted

energy = -173.4295628
energy/site = -1.354918459
44.081% accepted

energy = -147.1565857
energy/site = -1.149660826
44.2286% accepted

energy = -237.6720456
energy/site = -1.856812856
44.0504% accepted

energy = -164.7975836
energy/site = -1.287481122
44.1459% accepted

