\BOOKMARK [0][-]{chapter*.2}{List of Tables}{}
\BOOKMARK [0][-]{chapter*.3}{List of Figures}{}
\BOOKMARK [0][-]{chapter.1}{Introduction}{}
\BOOKMARK [1][-]{section.1.1}{Entanglement}{chapter.1}
\BOOKMARK [1][-]{section.1.2}{Measures of Entanglement}{chapter.1}
\BOOKMARK [1][-]{section.1.3}{The von Neumann Entanglement Entropy}{chapter.1}
\BOOKMARK [1][-]{section.1.4}{The Area Law}{chapter.1}
\BOOKMARK [0][-]{chapter.2}{Quantum Monte Carlo in the Valence Bond Basis}{}
\BOOKMARK [1][-]{section.2.1}{Single Projector}{chapter.2}
\BOOKMARK [1][-]{section.2.2}{Double Projector}{chapter.2}
\BOOKMARK [1][-]{section.2.3}{Loop Moves}{chapter.2}
\BOOKMARK [0][-]{chapter.3}{Valence Bond Entanglement Entropy}{}
\BOOKMARK [1][-]{section.3.1}{One Dimensional Systems}{chapter.3}
\BOOKMARK [1][-]{section.3.2}{Approaching Two Dimensions}{chapter.3}
\BOOKMARK [1][-]{section.3.3}{The Area Law}{chapter.3}
\BOOKMARK [0][-]{chapter.4}{Measuring R\351nyi Entanglement Entropy}{}
\BOOKMARK [1][-]{section.4.1}{The Swap Operator}{chapter.4}
\BOOKMARK [1][-]{section.4.2}{1D Results}{chapter.4}
\BOOKMARK [1][-]{section.4.3}{The Ratio Operator}{chapter.4}
\BOOKMARK [1][-]{section.4.4}{2D Results}{chapter.4}
\BOOKMARK [1][-]{section.4.5}{The Area Law}{chapter.4}
\BOOKMARK [0][-]{chapter.5}{Prospects for Future Research}{}
\BOOKMARK [0][-]{chapter.6}{Conclusions}{}
\BOOKMARK [0][-]{appendix*.4}{APPENDICES}{}
\BOOKMARK [0][-]{appendix*.5}{References}{}
