
weighting by <swap_x> where x = 18
10 x 40 x 1 system
r   = 3  bondops changed per step 
n/N = 80  bond operators / site
its = 1000000  iterations/loop for 10000 loops

energy = -1239.302682
energy/site = -1.549128352
44.6072% accepted

energy = -21.84648112
energy/site = -0.0273081014
43.8812% accepted

energy = -38.34212388
energy/site = -0.04792765485
43.7238% accepted

energy = -60.42616065
energy/site = -0.07553270081
43.7358% accepted

energy = -260.2254022
energy/site = -0.3252817527
43.7956% accepted

energy = -84.88662553
energy/site = -0.1061082819
43.6669% accepted

energy = -244.0170822
energy/site = -0.3050213528
43.6496% accepted

energy = -8.610320834
energy/site = -0.01076290104
43.7222% accepted

energy = -1878.776688
energy/site = -2.34847086
43.6307% accepted

energy = -610.2383303
energy/site = -0.7627979129
43.5297% accepted

energy = -16.83713488
energy/site = -0.0210464186
43.7116% accepted

energy = -479.8819821
energy/site = -0.5998524776
43.7859% accepted

energy = -25.8161107
energy/site = -0.03227013838
43.6162% accepted

energy = -1153.79868
energy/site = -1.44224835
43.5346% accepted

energy = -10070.5089
energy/site = -12.58813613
43.4805% accepted

energy = -1776.695652
energy/site = -2.220869565
43.6122% accepted

energy = -5.037590003
energy/site = -0.006296987504
43.7089% accepted

energy = -24.43470588
energy/site = -0.03054338235
43.7488% accepted

energy = -56.61574009
energy/site = -0.07076967511
43.7132% accepted

energy = -8.248863561
energy/site = -0.01031107945
43.7739% accepted

energy = -11.70739638
energy/site = -0.01463424547
43.6097% accepted

energy = -90.96156546
energy/site = -0.1137019568
43.6085% accepted

energy = -2023.764745
energy/site = -2.529705931
43.8094% accepted

energy = -827.5547456
energy/site = -1.034443432
43.7679% accepted

energy = -203.7613111
energy/site = -0.2547016388
43.6283% accepted

energy = -56.40521258
energy/site = -0.07050651573
43.7378% accepted

energy = -6.238887541
energy/site = -0.007798609426
43.7609% accepted

energy = -319.4373656
energy/site = -0.399296707
43.469% accepted

energy = -4.772875674
energy/site = -0.005966094593
43.7827% accepted

energy = -711.3265634
energy/site = -0.8891582043
43.5829% accepted

energy = -123.3235492
energy/site = -0.1541544365
43.7678% accepted

energy = -9.980218229
energy/site = -0.01247527279
43.6503% accepted

energy = -2.178889623
energy/site = -0.002723612029
43.7048% accepted

energy = -1012.077753
energy/site = -1.265097191
43.7527% accepted

energy = -456.4994166
energy/site = -0.5706242707
43.7079% accepted

energy = -540.9927452
energy/site = -0.6762409315
43.759% accepted

energy = -1.318133694
energy/site = -0.001647667118
43.5537% accepted

energy = -202.6441817
energy/site = -0.2533052271
43.745% accepted

energy = -2.10436048
energy/site = -0.0026304506
43.6823% accepted

energy = -64.92557305
energy/site = -0.08115696632
43.7275% accepted

energy = -94.73931879
energy/site = -0.1184241485
43.6973% accepted

energy = -6.261928287
energy/site = -0.007827410359
43.7027% accepted

energy = -14.06484208
energy/site = -0.0175810526
43.589% accepted

energy = -11.81669837
energy/site = -0.01477087296
43.7914% accepted

energy = -30.28136975
energy/site = -0.03785171219
43.5857% accepted

energy = -4.676722063
energy/site = -0.005845902578
43.7117% accepted

energy = -42.53580265
energy/site = -0.05316975331
43.536% accepted

energy = -7.034696744
energy/site = -0.00879337093
43.7792% accepted

energy = -3085.745418
energy/site = -3.857181773
43.6552% accepted

energy = -33.11831614
energy/site = -0.04139789518
43.5715% accepted

energy = -25.57944038
energy/site = -0.03197430048
43.6705% accepted

energy = -6.61025837
energy/site = -0.008262822963
43.7692% accepted

energy = -34.79439967
energy/site = -0.04349299959
43.6806% accepted

energy = -24.03332076
energy/site = -0.03004165095
43.7609% accepted

energy = -124.7382825
energy/site = -0.1559228531
43.647% accepted

energy = -98.63798868
energy/site = -0.1232974858
43.6241% accepted

energy = -6.227738284
energy/site = -0.007784672855
43.6971% accepted

energy = -15.22478623
energy/site = -0.01903098279
43.7571% accepted

energy = -52.79466476
energy/site = -0.06599333095
43.7896% accepted

energy = -189.0545281
energy/site = -0.2363181601
43.7346% accepted

energy = -4298.35374
energy/site = -5.372942175
43.7945% accepted

energy = -333.0705658
energy/site = -0.4163382072
43.7362% accepted

energy = -5.292455168
energy/site = -0.00661556896
43.7026% accepted

energy = -2743.928586
energy/site = -3.429910733
43.6252% accepted

energy = -44.02094347
energy/site = -0.05502617933
43.8766% accepted

energy = -0.3201709601
energy/site = -0.0004002137001
43.7535% accepted

energy = -54.12833489
energy/site = -0.06766041861
43.6158% accepted

energy = -3.434567788
energy/site = -0.004293209735
43.678% accepted

energy = -9.089713318
energy/site = -0.01136214165
43.6069% accepted

energy = -5.139418461
energy/site = -0.006424273076
43.5992% accepted

energy = -493.3478876
energy/site = -0.6166848594
43.7928% accepted

energy = -22.60731448
energy/site = -0.0282591431
43.6889% accepted

energy = -513.6165855
energy/site = -0.6420207319
43.8261% accepted

energy = -22.61643933
energy/site = -0.02827054916
43.7372% accepted

energy = -11.52007991
energy/site = -0.01440009988
43.8142% accepted

energy = -3.081248778
energy/site = -0.003851560973
43.7713% accepted

energy = -39.13757724
energy/site = -0.04892197155
43.5182% accepted

energy = -39.23814802
energy/site = -0.04904768502
43.6531% accepted

energy = -350.7140518
energy/site = -0.4383925648
43.6467% accepted

energy = -192.0690118
energy/site = -0.2400862647
43.6868% accepted

energy = -128.4281812
energy/site = -0.1605352265
43.7418% accepted

energy = -22.26237101
energy/site = -0.02782796376
43.7481% accepted

energy = -14.60957599
energy/site = -0.01826196999
43.6787% accepted

energy = -0.8278832575
energy/site = -0.001034854072
43.6962% accepted

energy = -1954.648462
energy/site = -2.443310578
43.6724% accepted

energy = -88.64496506
energy/site = -0.1108062063
43.779% accepted

energy = -1.649640847
energy/site = -0.002062051058
43.7332% accepted

energy = -37.080437
energy/site = -0.04635054625
43.6594% accepted

energy = -5478.33106
energy/site = -6.847913825
43.709% accepted

energy = -46.00014818
energy/site = -0.05750018522
43.7132% accepted

energy = -48.95342508
energy/site = -0.06119178135
43.6185% accepted

energy = -28656.12834
energy/site = -35.82016042
43.5902% accepted

energy = -1.599856227
energy/site = -0.001999820284
43.7705% accepted

energy = -441.4451668
energy/site = -0.5518064585
43.613% accepted

energy = -17.92682493
energy/site = -0.02240853117
43.7277% accepted

energy = -1.789440873
energy/site = -0.002236801091
43.6984% accepted

energy = -10.79285871
energy/site = -0.01349107339
43.7383% accepted

energy = -13.70449191
energy/site = -0.01713061489
43.589% accepted

energy = -12409.9582
energy/site = -15.51244775
43.7314% accepted

energy = -37.57079419
energy/site = -0.04696349274
43.8206% accepted

energy = -3.576077221
energy/site = -0.004470096526
43.5797% accepted

energy = -1284.267453
energy/site = -1.605334316
43.7084% accepted

energy = -49.58013465
energy/site = -0.06197516831
43.8115% accepted

energy = -1218.266148
energy/site = -1.522832685
43.714% accepted

energy = -21.08097385
energy/site = -0.02635121732
43.6% accepted

energy = -1.102732722
energy/site = -0.001378415902
43.6308% accepted

energy = -381.8710036
energy/site = -0.4773387545
43.6131% accepted

energy = -46.75005258
energy/site = -0.05843756572
43.6543% accepted

energy = -5.907618872
energy/site = -0.00738452359
43.6321% accepted

energy = -147.0606524
energy/site = -0.1838258155
43.7624% accepted

energy = -2.202387434
energy/site = -0.002752984292
43.5649% accepted

energy = -3992.942001
energy/site = -4.991177501
43.6799% accepted

energy = -7.523065934
energy/site = -0.009403832417
43.5159% accepted

energy = -5.783491633
energy/site = -0.007229364542
43.691% accepted

energy = -161.4424093
energy/site = -0.2018030117
43.7156% accepted

energy = -3.035140153
energy/site = -0.003793925191
43.6727% accepted

energy = -107.8663453
energy/site = -0.1348329316
43.6539% accepted

energy = -79.71395207
energy/site = -0.09964244008
43.6201% accepted

energy = -30.99156421
energy/site = -0.03873945526
43.8338% accepted

energy = -122.3038624
energy/site = -0.152879828
43.6652% accepted

energy = -124.7186268
energy/site = -0.1558982835
43.609% accepted

energy = -210.1814822
energy/site = -0.2627268527
43.5919% accepted

energy = -694.7771506
energy/site = -0.8684714382
43.5657% accepted

energy = -4749.060098
energy/site = -5.936325123
43.6659% accepted

energy = -175.1866454
energy/site = -0.2189833067
43.7013% accepted

energy = -676.14382
energy/site = -0.845179775
43.6775% accepted

energy = -114.4919007
energy/site = -0.1431148758
43.6178% accepted

energy = -1442.278615
energy/site = -1.802848269
43.6114% accepted

energy = -49.78877947
energy/site = -0.06223597434
43.4848% accepted

energy = -3.044027135
energy/site = -0.003805033919
43.7722% accepted

energy = -14.80476095
energy/site = -0.01850595118
43.6327% accepted

energy = -106.742575
energy/site = -0.1334282187
43.7829% accepted

energy = -518.7315984
energy/site = -0.6484144981
43.725% accepted

energy = -64.30898785
energy/site = -0.08038623482
43.5672% accepted

energy = -4.895020086
energy/site = -0.006118775107
43.8047% accepted

energy = -3603.369557
energy/site = -4.504211946
43.6673% accepted

energy = -9.81446666
energy/site = -0.01226808332
43.7082% accepted

energy = -5.333417343
energy/site = -0.006666771679
43.7321% accepted

energy = -11.67073508
energy/site = -0.01458841885
43.6786% accepted

energy = -8.641654387
energy/site = -0.01080206798
43.6459% accepted

energy = -104.7504681
energy/site = -0.1309380851
43.7081% accepted

energy = -4.024473105
energy/site = -0.005030591382
43.7066% accepted

energy = -3.773637241
energy/site = -0.004717046551
43.7419% accepted

energy = -24.61964196
energy/site = -0.03077455245
43.6282% accepted

energy = -6966.988918
energy/site = -8.708736147
43.6212% accepted

energy = -258.6696182
energy/site = -0.3233370228
43.6287% accepted

energy = -25.85330086
energy/site = -0.03231662607
43.6797% accepted

energy = -6077.450078
energy/site = -7.596812597
43.7236% accepted

energy = -17.7896118
energy/site = -0.02223701474
43.6196% accepted

energy = -5015.690472
energy/site = -6.26961309
43.7339% accepted

energy = -747.5819519
energy/site = -0.9344774399
43.7148% accepted

energy = -1.048466036
energy/site = -0.001310582545
43.7081% accepted

energy = -18.06897987
energy/site = -0.02258622483
43.6614% accepted

energy = -7131.698226
energy/site = -8.914622782
43.5205% accepted

energy = -127.4843869
energy/site = -0.1593554837
43.529% accepted

energy = -356.7168633
energy/site = -0.4458960791
43.6109% accepted

energy = -20.96497644
energy/site = -0.02620622055
43.8655% accepted

energy = -161.3280468
energy/site = -0.2016600586
43.6527% accepted

energy = -1739.60112
energy/site = -2.1745014
43.5426% accepted

energy = -109.3597775
energy/site = -0.1366997219
43.7437% accepted

energy = -12.2938459
energy/site = -0.01536730738
43.8155% accepted

energy = -1184.539433
energy/site = -1.480674291
43.7007% accepted

energy = -65.7329423
energy/site = -0.08216617788
43.6965% accepted

energy = -31.00686921
energy/site = -0.03875858652
43.6846% accepted

energy = -1.208190212
energy/site = -0.001510237765
43.8642% accepted

energy = -3.561129541
energy/site = -0.004451411927
43.6639% accepted

energy = -595.4681035
energy/site = -0.7443351294
43.8474% accepted

energy = -215.4615925
energy/site = -0.2693269907
43.7199% accepted

energy = -13.76751569
energy/site = -0.01720939461
43.803% accepted

energy = -83.71414467
energy/site = -0.1046426808
43.8485% accepted

energy = -63.19607869
energy/site = -0.07899509836
43.6556% accepted

energy = -4.002946636
energy/site = -0.005003683295
43.748% accepted

energy = -256.064834
energy/site = -0.3200810426
43.7091% accepted

energy = -2391.20726
energy/site = -2.989009075
43.6589% accepted

energy = -17.90743779
energy/site = -0.02238429723
43.7864% accepted

energy = -76.64540577
energy/site = -0.09580675722
43.7989% accepted

energy = -56.29005561
energy/site = -0.07036256952
43.5662% accepted

energy = -8.709135787
energy/site = -0.01088641973
43.7764% accepted

energy = -60.60187523
energy/site = -0.07575234404
43.8314% accepted

energy = -2442.032254
energy/site = -3.052540318
43.7492% accepted

energy = -50.77468748
energy/site = -0.06346835935
43.6723% accepted

energy = -0.6934115169
energy/site = -0.0008667643961
43.7434% accepted

energy = -2.82376723
energy/site = -0.003529709037
43.6011% accepted

energy = -74.79435792
energy/site = -0.0934929474
43.688% accepted

energy = -63.85872996
energy/site = -0.07982341245
43.6224% accepted

energy = -0.7088396152
energy/site = -0.000886049519
43.605% accepted

energy = -92.89714586
energy/site = -0.1161214323
43.6783% accepted

energy = -620.0572896
energy/site = -0.7750716119
43.8234% accepted

energy = -1.57964794
energy/site = -0.001974559925
43.7124% accepted

energy = -2.858784356
energy/site = -0.003573480445
43.7575% accepted

energy = -2.456623621
energy/site = -0.003070779526
43.5928% accepted

energy = -173.763438
energy/site = -0.2172042975
43.5563% accepted

energy = -331.6919393
energy/site = -0.4146149241
43.6655% accepted

energy = -259.020299
energy/site = -0.3237753737
43.504% accepted

energy = -97.97289513
energy/site = -0.1224661189
43.5304% accepted

energy = -102.4558265
energy/site = -0.1280697832
43.6828% accepted

energy = -35.37809149
energy/site = -0.04422261436
43.6018% accepted

energy = -69.19345735
energy/site = -0.08649182169
43.6575% accepted

energy = -28.93049812
energy/site = -0.03616312265
43.7273% accepted

energy = -19.75372871
energy/site = -0.02469216089
43.7024% accepted

energy = -336.8960884
energy/site = -0.4211201105
43.6905% accepted

energy = -63.18675336
energy/site = -0.0789834417
43.7413% accepted

energy = -17.77040659
energy/site = -0.02221300824
43.7309% accepted

energy = -133.9757262
energy/site = -0.1674696578
43.737% accepted

energy = -16.68171436
energy/site = -0.02085214295
43.8968% accepted

energy = -9777.087344
energy/site = -12.22135918
43.8075% accepted

energy = -119.7359918
energy/site = -0.1496699897
43.7305% accepted

energy = -79.87085742
energy/site = -0.09983857178
43.7843% accepted

energy = -84.62187836
energy/site = -0.1057773479
43.7249% accepted

energy = -291.7213576
energy/site = -0.364651697
43.7747% accepted

energy = -11.95073851
energy/site = -0.01493842314
43.6844% accepted

energy = -26811.12334
energy/site = -33.51390418
43.68% accepted

energy = -20.37501676
energy/site = -0.02546877095
43.6397% accepted

energy = -382.8046314
energy/site = -0.4785057893
43.7517% accepted

energy = -4.414397572
energy/site = -0.005517996965
43.8289% accepted

energy = -0.3466912592
energy/site = -0.0004333640741
43.6357% accepted

energy = -20.81635956
energy/site = -0.02602044945
43.6858% accepted

energy = -32.12173696
energy/site = -0.0401521712
43.8532% accepted

energy = -5282.355019
energy/site = -6.602943774
43.7481% accepted

energy = -173.0917384
energy/site = -0.216364673
43.6059% accepted

energy = -56.49523533
energy/site = -0.07061904416
43.7384% accepted

energy = -96.89399421
energy/site = -0.1211174928
43.7125% accepted

energy = -0.3975005423
energy/site = -0.0004968756779
43.7091% accepted

energy = -299.8430438
energy/site = -0.3748038048
43.7465% accepted

energy = -1434.543596
energy/site = -1.793179495
43.6781% accepted

energy = -56.70911326
energy/site = -0.07088639158
43.6355% accepted

energy = -4192.884861
energy/site = -5.241106077
43.6222% accepted

energy = -13.45027634
energy/site = -0.01681284543
43.6543% accepted

energy = -1.576463701
energy/site = -0.001970579626
43.7504% accepted

energy = -8.988336088
energy/site = -0.01123542011
43.6153% accepted

energy = -8.220762406
energy/site = -0.01027595301
43.7372% accepted

energy = -6585.575164
energy/site = -8.231968955
43.6729% accepted

energy = -20.07294387
energy/site = -0.02509117984
43.7804% accepted

energy = -1.036977599
energy/site = -0.001296221999
43.614% accepted

energy = -207.3158423
energy/site = -0.2591448028
43.7321% accepted

energy = -8.334390457
energy/site = -0.01041798807
43.795% accepted

energy = -74.1575139
energy/site = -0.09269689238
43.7709% accepted

energy = -1.79151055
energy/site = -0.002239388188
43.5673% accepted

energy = -418.5781179
energy/site = -0.5232226473
43.8641% accepted

energy = -155.5091986
energy/site = -0.1943864982
43.6511% accepted

energy = -1.205641089
energy/site = -0.001507051362
43.6765% accepted

energy = -216.6890809
energy/site = -0.2708613511
43.8434% accepted

energy = -6.251590432
energy/site = -0.00781448804
43.6343% accepted

energy = -214.5713707
energy/site = -0.2682142134
43.5645% accepted

energy = -50.52807542
energy/site = -0.06316009427
43.5766% accepted

energy = -236.641597
energy/site = -0.2958019962
43.4529% accepted

energy = -103.8797335
energy/site = -0.1298496669
43.7863% accepted

energy = -22.37498554
energy/site = -0.02796873193
43.6226% accepted

energy = -4.587516144
energy/site = -0.00573439518
43.5223% accepted

energy = -13.65700953
energy/site = -0.01707126192
43.5533% accepted

energy = -33.04312161
energy/site = -0.04130390202
43.625% accepted

energy = -26.19945712
energy/site = -0.0327493214
43.809% accepted

energy = -72752.69526
energy/site = -90.94086907
43.8243% accepted

energy = -1.118787799
energy/site = -0.001398484748
43.7022% accepted

energy = -27.81365124
energy/site = -0.03476706405
43.7738% accepted

energy = -32.45177767
energy/site = -0.04056472209
43.6476% accepted

energy = -102.6279835
energy/site = -0.1282849794
43.6361% accepted

energy = -193.0786343
energy/site = -0.2413482929
43.7672% accepted

energy = -83.3610517
energy/site = -0.1042013146
43.6839% accepted

energy = -52.99126998
energy/site = -0.06623908747
43.6056% accepted

energy = -21.63221109
energy/site = -0.02704026386
43.7685% accepted

energy = -1.128981599
energy/site = -0.001411226999
43.7395% accepted

energy = -3.940879442
energy/site = -0.004926099303
43.5692% accepted

energy = -16.56579577
energy/site = -0.02070724471
43.7477% accepted

energy = -0.7736010926
energy/site = -0.0009670013658
43.5659% accepted

energy = -34.44932955
energy/site = -0.04306166194
43.6528% accepted

energy = -66.23308256
energy/site = -0.0827913532
43.5513% accepted

energy = -9.781741858
energy/site = -0.01222717732
43.6638% accepted

energy = -371.5321181
energy/site = -0.4644151476
43.5683% accepted

energy = -7.933489091
energy/site = -0.009916861364
43.7893% accepted

energy = -26.53225564
energy/site = -0.03316531954
43.6764% accepted

energy = -45.09117099
energy/site = -0.05636396374
43.6808% accepted

energy = -30.14050081
energy/site = -0.03767562601
43.7851% accepted

energy = -5.683019364
energy/site = -0.007103774205
43.7009% accepted

energy = -541.3160598
energy/site = -0.6766450747
43.6573% accepted

energy = -1.851857107
energy/site = -0.002314821384
43.53% accepted

energy = -18.09937921
energy/site = -0.02262422401
43.7242% accepted

energy = -1.468845096
energy/site = -0.00183605637
43.6874% accepted

energy = -11.84999131
energy/site = -0.01481248914
43.7643% accepted

energy = -311.9115667
energy/site = -0.3898894583
43.6836% accepted

energy = -697.8919996
energy/site = -0.8723649995
43.6735% accepted

energy = -22.73458981
energy/site = -0.02841823726
43.6974% accepted

energy = -1.998988118
energy/site = -0.002498735147
43.6718% accepted

energy = -92.05899017
energy/site = -0.1150737377
43.783% accepted

energy = -274.2725873
energy/site = -0.3428407341
43.5742% accepted

energy = -17.87292067
energy/site = -0.02234115083
43.7465% accepted

energy = -17103.51666
energy/site = -21.37939583
43.6474% accepted

energy = -205.7686198
energy/site = -0.2572107747
43.8411% accepted

energy = -7541.482871
energy/site = -9.426853589
43.6079% accepted

energy = -14.05088649
energy/site = -0.01756360811
43.6262% accepted

energy = -54.55196077
energy/site = -0.06818995097
43.6345% accepted

energy = -12.44783597
energy/site = -0.01555979496
43.6331% accepted

energy = -7.462713795
energy/site = -0.009328392244
43.9113% accepted

energy = -66.70676226
energy/site = -0.08338345282
43.762% accepted

energy = -15.2038683
energy/site = -0.01900483537
43.8102% accepted

energy = -8.301829543
energy/site = -0.01037728693
43.7041% accepted

energy = -1226.793253
energy/site = -1.533491566
43.5677% accepted

energy = -5.874949974
energy/site = -0.007343687468
43.6192% accepted

energy = -27.35921105
energy/site = -0.03419901381
43.7877% accepted

energy = -25.10576409
energy/site = -0.03138220511
43.7399% accepted

energy = -39.6111229
energy/site = -0.04951390363
43.8238% accepted

energy = -6930.422875
energy/site = -8.663028594
43.7569% accepted

energy = -392.4264097
energy/site = -0.4905330121
43.62% accepted

energy = -88.38895288
energy/site = -0.1104861911
43.6081% accepted

energy = -310.4597067
energy/site = -0.3880746334
43.7076% accepted

energy = -111.66472
energy/site = -0.1395808999
43.7359% accepted

energy = -219.0431473
energy/site = -0.2738039341
43.677% accepted

energy = -304.4014102
energy/site = -0.3805017627
43.5285% accepted

energy = -752.4381127
energy/site = -0.9405476409
43.7776% accepted

energy = -167.9288266
energy/site = -0.2099110332
43.6342% accepted

energy = -371.0793372
energy/site = -0.4638491715
43.7523% accepted

energy = -21.41499918
energy/site = -0.02676874897
43.7698% accepted

energy = -1.366728263
energy/site = -0.001708410329
43.6529% accepted

energy = -84.96854129
energy/site = -0.1062106766
43.6869% accepted

energy = -8.304547058
energy/site = -0.01038068382
43.7142% accepted

energy = -19.65029933
energy/site = -0.02456287416
43.6543% accepted

energy = -1051.2529
energy/site = -1.314066125
43.7256% accepted

energy = -153.1657207
energy/site = -0.1914571509
43.661% accepted

energy = -191.9400441
energy/site = -0.2399250552
43.6305% accepted

energy = -77.04799048
energy/site = -0.0963099881
43.6343% accepted

energy = -247.3344716
energy/site = -0.3091680895
43.617% accepted

energy = -69.72287721
energy/site = -0.08715359651
43.7116% accepted

energy = -25.73871635
energy/site = -0.03217339544
43.7106% accepted

energy = -97.23252084
energy/site = -0.1215406511
43.7456% accepted

energy = -445.0911393
energy/site = -0.5563639241
43.8038% accepted

energy = -109.0878995
energy/site = -0.1363598743
43.7503% accepted

energy = -31.05706918
energy/site = -0.03882133648
43.7446% accepted

energy = -115.5393702
energy/site = -0.1444242127
43.6878% accepted

energy = -3.008551652
energy/site = -0.003760689564
43.6364% accepted

energy = -804.0754669
energy/site = -1.005094334
43.6075% accepted

energy = -874.8377301
energy/site = -1.093547163
43.7279% accepted

energy = -0.358423587
energy/site = -0.0004480294837
43.7354% accepted

energy = -35.68634888
energy/site = -0.0446079361
43.7195% accepted

energy = -96.45143764
energy/site = -0.120564297
43.8767% accepted

energy = -52.03524121
energy/site = -0.06504405151
43.8047% accepted


------------------------------------------------------------
Sender: LSF System <lsfadmin@wha665>
Subject: Job 3220381: <./torus18> Exited

Job <./torus18> was submitted from host <wha781> by user <akallin>.
Job was executed on host(s) <wha665>, in queue <serial>, as user <akallin>.
</home/akallin> was used as the home directory.
</work/akallin/TORUS/10leg/18> was used as the working directory.
Started at Thu May 27 08:59:54 2010
Results reported at Thu Jun  3 12:25:01 2010

Your job looked like:

------------------------------------------------------------
# LSBATCH: User input
./torus18
------------------------------------------------------------

TERM_RUNLIMIT: job killed after reaching LSF run time limit.
Exited with signal termination: Killed.

Resource usage summary:

    CPU time   : 577539.00 sec.
    Max Memory :         6 MB
    Max Swap   :       131 MB

    Max Processes  :         4
    Max Threads    :         4

The output (if any) is above this job summary.

