
weighting by <swap_x> where x = 1
3 x 12 x 1 system
r   = 3  bondops changed per step 
n/N = 80  bond operators / site
its = 1000000  iterations/loop for 10000 loops

energy = -78.65742694
energy/site = -1.092464263
45.754% accepted

energy = -73.75984725
energy/site = -1.024442323
45.7701% accepted

energy = -82.47761081
energy/site = -1.145522372
45.7181% accepted

energy = -72.9239835
energy/site = -1.012833104
45.7511% accepted

energy = -76.95263119
energy/site = -1.068786544
45.6729% accepted

energy = -77.87447906
energy/site = -1.081589987
45.6344% accepted

energy = -73.61927794
energy/site = -1.022489971
45.7466% accepted

energy = -81.21328537
energy/site = -1.127962297
45.6289% accepted

energy = -75.8914305
energy/site = -1.054047646
45.6105% accepted

energy = -80.45216231
energy/site = -1.117391143
45.6292% accepted

energy = -75.72283031
energy/site = -1.051705977
45.6752% accepted

energy = -79.623558
energy/site = -1.10588275
45.7767% accepted

energy = -80.298741
energy/site = -1.115260292
45.7953% accepted

energy = -77.68444256
energy/site = -1.078950591
45.6128% accepted

energy = -79.42995694
energy/site = -1.103193846
45.671% accepted

energy = -84.14884275
energy/site = -1.168733927
45.6833% accepted

energy = -75.84018562
energy/site = -1.053335911
45.6627% accepted

energy = -76.88914144
energy/site = -1.067904742
45.7332% accepted

energy = -81.47940844
energy/site = -1.131658451
45.6855% accepted

energy = -71.25117619
energy/site = -0.9895996693
45.7702% accepted

energy = -77.31303506
energy/site = -1.073792154
45.6526% accepted

energy = -75.55075106
energy/site = -1.049315987
45.6011% accepted

energy = -79.05130162
energy/site = -1.097934745
45.6778% accepted

energy = -80.35731694
energy/site = -1.116073846
45.7116% accepted

energy = -75.1484295
energy/site = -1.043728188
45.7657% accepted

energy = -68.90294325
energy/site = -0.9569853229
45.7837% accepted

energy = -83.43233756
energy/site = -1.158782466
45.7385% accepted

energy = -81.34512525
energy/site = -1.129793406
45.6368% accepted

energy = -71.87562863
energy/site = -0.9982726198
45.8609% accepted

energy = -72.70952044
energy/site = -1.009854451
45.7843% accepted

energy = -68.09683069
energy/site = -0.9457893151
45.8504% accepted

energy = -79.38218137
energy/site = -1.102530297
45.6576% accepted

energy = -68.39821762
energy/site = -0.9499752448
45.7529% accepted

energy = -76.10171325
energy/site = -1.05696824
45.8503% accepted

energy = -76.5994395
energy/site = -1.063881104
45.7105% accepted

energy = -78.40321781
energy/site = -1.088933581
45.586% accepted

energy = -73.42996106
energy/site = -1.01986057
45.6418% accepted

energy = -77.47575187
energy/site = -1.076052109
45.4543% accepted

energy = -80.82766463
energy/site = -1.122606453
45.6805% accepted

energy = -73.57385962
energy/site = -1.021859161
45.7527% accepted

energy = -79.57891106
energy/site = -1.105262654
45.8075% accepted

energy = -80.70284025
energy/site = -1.120872781
45.6772% accepted

energy = -81.23860237
energy/site = -1.128313922
45.6961% accepted

energy = -75.84591169
energy/site = -1.05341544
45.7703% accepted

energy = -76.41964031
energy/site = -1.061383893
45.7008% accepted

energy = -74.315934
energy/site = -1.03216575
45.7835% accepted

energy = -78.44380556
energy/site = -1.089497299
45.6406% accepted

energy = -69.81252844
energy/site = -0.9696184505
45.6785% accepted

energy = -71.16275063
energy/site = -0.9883715365
45.7791% accepted

energy = -75.37714537
energy/site = -1.046904797
45.7077% accepted

energy = -80.13705506
energy/site = -1.113014654
45.7296% accepted

energy = -91.36246575
energy/site = -1.268923135
45.7714% accepted

energy = -80.98528388
energy/site = -1.124795609
45.622% accepted

energy = -77.93317481
energy/site = -1.082405206
45.5919% accepted

energy = -82.11841069
energy/site = -1.140533482
45.6444% accepted

energy = -79.96444725
energy/site = -1.110617323
45.7977% accepted

energy = -81.08982581
energy/site = -1.126247581
45.6515% accepted

energy = -82.47115631
energy/site = -1.145432727
45.5239% accepted

energy = -78.60464213
energy/site = -1.091731141
45.7845% accepted

energy = -72.55919981
energy/site = -1.007766664
45.6776% accepted

energy = -73.69049156
energy/site = -1.023479049
45.9631% accepted

energy = -78.09387075
energy/site = -1.084637094
45.7996% accepted

energy = -77.14229137
energy/site = -1.071420714
45.6422% accepted

energy = -79.15429669
energy/site = -1.099365232
45.6172% accepted

energy = -80.64873356
energy/site = -1.120121299
45.6649% accepted

energy = -67.44090638
energy/site = -0.9366792552
45.6822% accepted

energy = -77.84506181
energy/site = -1.081181414
45.5836% accepted

energy = -80.28103706
energy/site = -1.115014404
45.7764% accepted

energy = -79.91656144
energy/site = -1.109952242
45.625% accepted

energy = -76.72954481
energy/site = -1.065688122
45.4567% accepted

energy = -69.94499531
energy/site = -0.9714582682
45.7026% accepted

energy = -80.3038995
energy/site = -1.115331937
45.6608% accepted

energy = -75.35964525
energy/site = -1.04666174
45.6897% accepted

energy = -68.47465913
energy/site = -0.9510369323
45.7088% accepted

energy = -70.29475594
energy/site = -0.9763160547
45.7374% accepted

energy = -78.45677006
energy/site = -1.089677362
45.603% accepted

energy = -73.12624706
energy/site = -1.01564232
45.5926% accepted

energy = -81.631041
energy/site = -1.133764458
45.6302% accepted

energy = -78.00073913
energy/site = -1.083343599
45.7245% accepted

energy = -73.51526981
energy/site = -1.021045414
45.6681% accepted

energy = -77.19125231
energy/site = -1.072100727
45.7315% accepted

energy = -73.81714294
energy/site = -1.025238096
45.6872% accepted

energy = -73.29500194
energy/site = -1.017986138
45.6982% accepted

energy = -75.34871362
energy/site = -1.046509911
45.5683% accepted

energy = -76.63494638
energy/site = -1.064374255
45.7025% accepted

energy = -72.13071713
energy/site = -1.001815516
45.733% accepted

energy = -76.52540944
energy/site = -1.062852909
45.6666% accepted

energy = -76.34850806
energy/site = -1.060395945
45.6426% accepted

energy = -73.70176575
energy/site = -1.023635635
45.6743% accepted

energy = -79.86502875
energy/site = -1.10923651
45.6634% accepted

energy = -70.60147931
energy/site = -0.9805761016
45.7743% accepted

energy = -75.62352094
energy/site = -1.05032668
45.6958% accepted

energy = -78.93163613
energy/site = -1.096272724
45.6249% accepted

energy = -82.25455162
energy/site = -1.142424328
45.6155% accepted

energy = -79.43948475
energy/site = -1.103326177
45.7228% accepted

energy = -74.28415538
energy/site = -1.03172438
45.7857% accepted

energy = -84.49646119
energy/site = -1.173561961
45.7474% accepted

energy = -76.13184169
energy/site = -1.05738669
45.6516% accepted

energy = -74.38539956
energy/site = -1.033130549
45.6281% accepted

energy = -75.64338581
energy/site = -1.050602581
45.6714% accepted

energy = -73.0345935
energy/site = -1.014369354
45.7057% accepted

energy = -75.76666294
energy/site = -1.052314763
45.783% accepted

energy = -85.30593019
energy/site = -1.184804586
45.8591% accepted

energy = -82.9409475
energy/site = -1.151957604
45.6201% accepted

energy = -81.64183031
energy/site = -1.13391431
45.7689% accepted

energy = -83.1524085
energy/site = -1.154894563
45.8008% accepted

energy = -75.6954045
energy/site = -1.051325063
45.6713% accepted

energy = -76.545651
energy/site = -1.063134042
45.7814% accepted

energy = -84.31734038
energy/site = -1.171074172
45.6046% accepted

energy = -73.65610462
energy/site = -1.023001453
45.7396% accepted

energy = -81.21904369
energy/site = -1.128042273
45.6685% accepted

energy = -71.77253175
energy/site = -0.9968407188
45.7234% accepted

energy = -75.25640888
energy/site = -1.045227901
45.733% accepted

energy = -84.400356
energy/site = -1.172227167
45.668% accepted

energy = -69.64291669
energy/site = -0.9672627318
45.7652% accepted

energy = -77.34843825
energy/site = -1.074283865
45.7358% accepted

energy = -72.35790675
energy/site = -1.004970927
45.6965% accepted

energy = -79.09582369
energy/site = -1.098553107
45.7058% accepted

energy = -84.9819585
energy/site = -1.180304979
45.7984% accepted

energy = -69.57001931
energy/site = -0.9662502682
45.7066% accepted

energy = -77.46239644
energy/site = -1.075866617
45.6903% accepted

energy = -78.62403956
energy/site = -1.092000549
45.6462% accepted

energy = -77.16442125
energy/site = -1.071728073
45.7394% accepted

energy = -72.73602919
energy/site = -1.010222628
45.6449% accepted

energy = -78.45427519
energy/site = -1.089642711
45.7594% accepted

energy = -78.09759994
energy/site = -1.084688888
45.7979% accepted

energy = -73.77031162
energy/site = -1.024587661
45.6186% accepted

energy = -80.03699869
energy/site = -1.111624982
45.7025% accepted

energy = -78.00777956
energy/site = -1.083441383
45.6165% accepted

energy = -77.330484
energy/site = -1.0740345
45.7135% accepted

energy = -80.88135919
energy/site = -1.123352211
45.7036% accepted

energy = -79.88064694
energy/site = -1.10945343
45.7631% accepted

energy = -78.74839181
energy/site = -1.093727664
45.6489% accepted

energy = -80.68986637
energy/site = -1.120692589
45.7496% accepted

energy = -77.20606969
energy/site = -1.072306523
45.6997% accepted

energy = -86.50169906
energy/site = -1.201412487
45.7109% accepted

energy = -76.14499725
energy/site = -1.057569406
45.7521% accepted

energy = -79.89030413
energy/site = -1.109587557
45.941% accepted

energy = -78.94365131
energy/site = -1.096439602
45.6138% accepted

energy = -77.27773763
energy/site = -1.073301911
45.7098% accepted

energy = -79.40642719
energy/site = -1.102867044
45.7513% accepted

energy = -77.95598869
energy/site = -1.082722065
45.791% accepted

energy = -82.6908795
energy/site = -1.148484437
45.6986% accepted

energy = -82.20647475
energy/site = -1.141756594
45.7647% accepted

energy = -77.06541412
energy/site = -1.070352974
45.8236% accepted

energy = -74.81383369
energy/site = -1.039081023
45.7185% accepted

energy = -73.24236769
energy/site = -1.017255107
45.6529% accepted

energy = -71.91928538
energy/site = -0.9988789635
45.6361% accepted

energy = -73.65063544
energy/site = -1.022925492
45.7531% accepted

energy = -80.1541365
energy/site = -1.113251896
45.6367% accepted

energy = -83.20476562
energy/site = -1.155621745
45.6349% accepted

energy = -76.67807756
energy/site = -1.064973299
45.5646% accepted

energy = -79.56893663
energy/site = -1.10512412
45.8551% accepted

energy = -83.70828506
energy/site = -1.16261507
45.4879% accepted

energy = -76.65181031
energy/site = -1.064608477
45.6865% accepted

energy = -80.56224412
energy/site = -1.118920057
45.6306% accepted

energy = -78.458109
energy/site = -1.089695958
45.6803% accepted

energy = -79.0890135
energy/site = -1.098458521
45.6887% accepted

energy = -84.10711763
energy/site = -1.168154411
45.688% accepted

energy = -83.95780144
energy/site = -1.166080576
45.6983% accepted

energy = -73.91103488
energy/site = -1.026542151
45.6283% accepted

energy = -76.6224315
energy/site = -1.064200438
45.7353% accepted

energy = -74.24700169
energy/site = -1.031208357
45.7992% accepted

energy = -68.60376506
energy/site = -0.9528300703
45.7691% accepted

energy = -79.20278775
energy/site = -1.100038719
45.6963% accepted

energy = -73.72985231
energy/site = -1.024025727
45.5983% accepted

energy = -74.09674312
energy/site = -1.029121432
45.8932% accepted

energy = -69.01550494
energy/site = -0.9585486797
45.7287% accepted

energy = -83.25503569
energy/site = -1.15631994
45.6723% accepted

energy = -75.29778188
energy/site = -1.045802526
45.7315% accepted

energy = -76.39810181
energy/site = -1.061084747
45.5905% accepted

energy = -79.64058337
energy/site = -1.106119214
45.6062% accepted

energy = -72.42350794
energy/site = -1.005882055
45.771% accepted

energy = -80.50567837
energy/site = -1.118134422
45.7001% accepted

energy = -77.21995556
energy/site = -1.072499383
45.8539% accepted

energy = -77.22244256
energy/site = -1.072533924
45.7854% accepted

energy = -79.35434587
energy/site = -1.102143693
45.6081% accepted

energy = -78.53267287
energy/site = -1.090731568
45.6826% accepted

energy = -76.42312669
energy/site = -1.061432315
45.7903% accepted

energy = -81.80816625
energy/site = -1.136224531
45.8422% accepted

energy = -78.7020285
energy/site = -1.093083729
45.7668% accepted

energy = -71.75373206
energy/site = -0.996579612
45.8321% accepted

energy = -71.90194725
energy/site = -0.9986381563
45.7826% accepted

energy = -67.26333187
energy/site = -0.9342129427
45.624% accepted

energy = -75.03567563
energy/site = -1.042162161
45.707% accepted

energy = -77.72581125
energy/site = -1.079525156
45.7792% accepted

energy = -75.32526431
energy/site = -1.046184227
45.7027% accepted

energy = -87.56612306
energy/site = -1.216196154
45.6296% accepted

energy = -80.16395175
energy/site = -1.113388219
45.7092% accepted

energy = -75.13753369
energy/site = -1.043576857
45.8547% accepted

energy = -78.478644
energy/site = -1.089981167
45.8488% accepted

energy = -73.612809
energy/site = -1.022400125
45.5647% accepted

energy = -72.47484056
energy/site = -1.006595008
45.5907% accepted

energy = -72.30816225
energy/site = -1.004280031
45.6903% accepted

energy = -77.94759019
energy/site = -1.082605419
45.6514% accepted

energy = -76.03129425
energy/site = -1.055990198
45.8063% accepted

energy = -74.87712675
energy/site = -1.039960094
45.7063% accepted

energy = -80.94058444
energy/site = -1.124174784
45.5594% accepted

energy = -79.48749187
energy/site = -1.103992943
45.7639% accepted

energy = -76.42438556
energy/site = -1.061449799
45.721% accepted

energy = -76.85185969
energy/site = -1.06738694
45.6837% accepted

energy = -80.80343738
energy/site = -1.122269964
45.6339% accepted

energy = -80.94523819
energy/site = -1.124239419
45.7752% accepted

energy = -84.87226575
energy/site = -1.178781469
45.7922% accepted

energy = -77.24274262
energy/site = -1.07281587
45.8091% accepted

energy = -84.01788131
energy/site = -1.166915018
45.836% accepted

energy = -74.44220194
energy/site = -1.033919471
45.6886% accepted

energy = -69.3287205
energy/site = -0.9628988958
45.7116% accepted

energy = -77.98468856
energy/site = -1.083120674
45.6345% accepted

energy = -81.08832994
energy/site = -1.126226805
45.8811% accepted

energy = -73.24346569
energy/site = -1.017270357
45.7088% accepted

energy = -77.90657681
energy/site = -1.082035789
45.7781% accepted

energy = -74.66938219
energy/site = -1.037074753
45.7622% accepted

energy = -72.07861931
energy/site = -1.001091935
45.7% accepted

energy = -80.57740013
energy/site = -1.119130557
45.875% accepted

energy = -79.13585813
energy/site = -1.099109141
45.6056% accepted

energy = -81.03472481
energy/site = -1.125482289
45.7565% accepted

energy = -68.25966169
energy/site = -0.9480508568
45.6306% accepted

energy = -77.65121606
energy/site = -1.078489112
45.7182% accepted

energy = -85.789956
energy/site = -1.191527167
45.6005% accepted

energy = -75.00697219
energy/site = -1.041763503
45.7511% accepted

energy = -79.00072125
energy/site = -1.09723224
45.7115% accepted

energy = -72.08907263
energy/site = -1.00123712
45.7458% accepted

energy = -75.84926963
energy/site = -1.053462078
45.7654% accepted

energy = -74.76108937
energy/site = -1.038348464
45.7938% accepted

energy = -81.23352619
energy/site = -1.128243419
45.7214% accepted

energy = -80.62336725
energy/site = -1.11976899
45.7084% accepted

energy = -79.93374731
energy/site = -1.110190935
45.7322% accepted

energy = -67.87487363
energy/site = -0.9427065781
45.7635% accepted

energy = -77.56927406
energy/site = -1.077351029
45.658% accepted

energy = -77.96359406
energy/site = -1.082827695
45.7198% accepted

energy = -80.31666412
energy/site = -1.115509224
45.5453% accepted

energy = -79.79594981
energy/site = -1.108277081
45.7009% accepted

energy = -76.19775487
energy/site = -1.058302151
45.7675% accepted

energy = -77.01378525
energy/site = -1.069635906
45.7362% accepted

energy = -71.17081819
energy/site = -0.9884835859
45.7879% accepted

energy = -74.36701519
energy/site = -1.032875211
45.7094% accepted

energy = -74.38829494
energy/site = -1.033170763
45.6681% accepted

energy = -76.52503256
energy/site = -1.062847674
45.7915% accepted

energy = -77.08183762
energy/site = -1.070581078
45.7708% accepted

energy = -77.21216606
energy/site = -1.072391195
45.6889% accepted

energy = -73.39577606
energy/site = -1.019385779
45.8705% accepted

energy = -79.03501312
energy/site = -1.097708516
45.6042% accepted

energy = -77.88625425
energy/site = -1.081753531
45.5891% accepted

energy = -73.56782287
energy/site = -1.021775318
45.5565% accepted

energy = -71.08733494
energy/site = -0.9873240964
45.6212% accepted

energy = -84.16635206
energy/site = -1.168977112
45.8532% accepted

energy = -70.102632
energy/site = -0.9736476667
45.6968% accepted

energy = -80.11647919
energy/site = -1.112728878
45.6505% accepted

energy = -81.70209844
energy/site = -1.134751367
45.7072% accepted

energy = -80.33530931
energy/site = -1.115768185
45.7366% accepted

energy = -74.17379588
energy/site = -1.030191609
45.6635% accepted

energy = -71.68983375
energy/site = -0.9956921354
45.843% accepted

energy = -82.24230656
energy/site = -1.142254258
45.7714% accepted

energy = -74.83334512
energy/site = -1.039352016
45.8653% accepted

energy = -80.62634231
energy/site = -1.11981031
45.6259% accepted

energy = -83.92567463
energy/site = -1.16563437
45.8489% accepted

energy = -72.96927281
energy/site = -1.013462122
45.7795% accepted

energy = -73.8791385
energy/site = -1.026099146
45.7215% accepted

energy = -79.30236544
energy/site = -1.101421742
45.6997% accepted

energy = -69.92574187
energy/site = -0.9711908594
45.7376% accepted

energy = -76.02593812
energy/site = -1.055915807
45.676% accepted

energy = -79.32065925
energy/site = -1.101675823
45.7329% accepted

energy = -70.51088719
energy/site = -0.9793178776
45.7529% accepted

energy = -75.82321238
energy/site = -1.053100172
45.6495% accepted

energy = -84.83117981
energy/site = -1.178210831
45.7143% accepted

energy = -81.33371494
energy/site = -1.12963493
45.6275% accepted

energy = -73.36476937
energy/site = -1.01895513
45.7492% accepted

energy = -79.62648919
energy/site = -1.105923461
45.695% accepted

energy = -72.07666781
energy/site = -1.001064831
45.8117% accepted

energy = -80.47179694
energy/site = -1.117663846
45.6475% accepted

energy = -78.38811487
energy/site = -1.088723818
45.6838% accepted

energy = -78.06295425
energy/site = -1.084207698
45.7167% accepted

energy = -85.53252037
energy/site = -1.187951672
45.7276% accepted

energy = -80.29896188
energy/site = -1.115263359
45.7631% accepted

energy = -81.15175088
energy/site = -1.127107651
45.6551% accepted

energy = -70.97832675
energy/site = -0.9858100938
45.9128% accepted

energy = -71.18626275
energy/site = -0.9886980937
45.5836% accepted

energy = -85.65791963
energy/site = -1.189693328
45.8225% accepted

energy = -72.02137331
energy/site = -1.000296852
45.7843% accepted

energy = -72.57294975
energy/site = -1.007957635
45.7486% accepted

energy = -73.30723856
energy/site = -1.018156091
45.6675% accepted

energy = -76.28250244
energy/site = -1.059479201
45.7297% accepted

energy = -77.13596456
energy/site = -1.071332841
45.6452% accepted

energy = -76.98706575
energy/site = -1.069264802
45.5751% accepted

energy = -74.28411413
energy/site = -1.031723807
45.7655% accepted

energy = -74.45003419
energy/site = -1.034028253
45.7686% accepted

energy = -84.8296245
energy/site = -1.178189229
45.7614% accepted

energy = -75.52805138
energy/site = -1.049000714
45.7129% accepted

energy = -77.24665256
energy/site = -1.072870174
45.7259% accepted

energy = -75.88050656
energy/site = -1.053895924
45.7353% accepted

energy = -80.197056
energy/site = -1.113848
45.5931% accepted

energy = -69.42903488
energy/site = -0.964292151
45.7588% accepted

energy = -71.04321713
energy/site = -0.986711349
45.6064% accepted

energy = -73.99157681
energy/site = -1.027660789
45.8381% accepted

energy = -73.81855444
energy/site = -1.025257701
45.722% accepted

energy = -76.7571075
energy/site = -1.066070938
45.6638% accepted

energy = -80.00503144
energy/site = -1.111180992
45.8111% accepted

energy = -78.38720006
energy/site = -1.088711112
45.6469% accepted

energy = -77.14519369
energy/site = -1.071461023
45.7035% accepted

energy = -67.89519956
energy/site = -0.9429888828
45.7694% accepted

energy = -75.59738306
energy/site = -1.049963654
45.6712% accepted

energy = -76.75273575
energy/site = -1.066010219
45.7069% accepted

energy = -74.85705638
energy/site = -1.039681339
45.5166% accepted

energy = -82.40495063
energy/site = -1.144513203
45.7044% accepted

energy = -76.48976344
energy/site = -1.062357826
45.7319% accepted

energy = -75.81944794
energy/site = -1.053047888
45.6301% accepted

energy = -70.58368238
energy/site = -0.9803289219
45.6622% accepted

energy = -71.78385113
energy/site = -0.9969979323
45.6821% accepted

energy = -73.54061531
energy/site = -1.021397435
45.5101% accepted

energy = -82.26346031
energy/site = -1.14254806
45.8642% accepted

energy = -68.33025562
energy/site = -0.9490313281
45.6797% accepted

energy = -71.68804856
energy/site = -0.9956673411
45.8283% accepted

energy = -67.46228119
energy/site = -0.9369761276
45.7589% accepted

energy = -91.96279894
energy/site = -1.277261096
45.5639% accepted

energy = -85.805616
energy/site = -1.191744667
45.6426% accepted

energy = -76.42676962
energy/site = -1.061482911
45.6016% accepted

energy = -77.95370719
energy/site = -1.082690378
45.6801% accepted

energy = -81.55371806
energy/site = -1.132690529
45.7851% accepted

energy = -82.58002894
energy/site = -1.146944846
45.6277% accepted

energy = -69.76055156
energy/site = -0.9688965495
45.6201% accepted

energy = -77.74353375
energy/site = -1.079771302
45.8022% accepted

energy = -72.6040215
energy/site = -1.008389188
45.6876% accepted

energy = -68.49154425
energy/site = -0.9512714479
45.6489% accepted

energy = -68.97886519
energy/site = -0.9580397943
45.6331% accepted

energy = -76.82126531
energy/site = -1.066962018
45.8415% accepted

energy = -76.85866613
energy/site = -1.067481474
45.8691% accepted

energy = -77.89662225
energy/site = -1.081897531
45.6184% accepted

energy = -74.58135225
energy/site = -1.035852115
45.7803% accepted

energy = -77.02754869
energy/site = -1.069827065
45.7613% accepted

energy = -80.13728756
energy/site = -1.113017883
45.8707% accepted

energy = -71.99014275
energy/site = -0.9998630938
45.8271% accepted

energy = -76.29279787
energy/site = -1.059622193
45.8023% accepted

energy = -75.34110544
energy/site = -1.046404242
45.7827% accepted

energy = -72.05245294
energy/site = -1.000728513
45.7969% accepted

energy = -86.13312225
energy/site = -1.196293365
45.6202% accepted

energy = -79.5924345
energy/site = -1.105450479
45.7846% accepted

energy = -76.20635831
energy/site = -1.058421643
45.7238% accepted

energy = -77.35005975
energy/site = -1.074306385
45.6981% accepted

energy = -82.19357194
energy/site = -1.141577388
45.7236% accepted

energy = -77.990916
energy/site = -1.083207167
45.8249% accepted

energy = -89.35895212
energy/site = -1.241096557
45.7083% accepted

energy = -79.35497288
energy/site = -1.102152401
45.7271% accepted

energy = -75.03640969
energy/site = -1.042172357
45.7354% accepted

energy = -71.06667244
energy/site = -0.9870371172
45.7556% accepted

energy = -84.84833175
energy/site = -1.178449052
45.8722% accepted

energy = -71.16658106
energy/site = -0.988424737
45.7857% accepted

energy = -79.08506156
energy/site = -1.098403633
45.7364% accepted

energy = -73.07314725
energy/site = -1.014904823
45.7433% accepted

energy = -81.03907162
energy/site = -1.125542661
45.6849% accepted

energy = -78.70005937
energy/site = -1.09305638
45.6433% accepted

energy = -79.40804381
energy/site = -1.102889497
45.6592% accepted

energy = -81.728664
energy/site = -1.135120333
45.6037% accepted

energy = -77.74171931
energy/site = -1.079746102
45.7148% accepted

energy = -76.87738181
energy/site = -1.067741414
45.627% accepted

energy = -75.0543915
energy/site = -1.042422104
45.7536% accepted

energy = -80.91146194
energy/site = -1.123770305
45.8427% accepted

energy = -78.56744062
energy/site = -1.091214453
45.869% accepted

energy = -82.29300956
energy/site = -1.142958466
45.6344% accepted

energy = -78.21293606
energy/site = -1.086290779
45.7527% accepted

energy = -76.11564525
energy/site = -1.05716174
45.596% accepted

energy = -78.00251906
energy/site = -1.08336832
45.7739% accepted

energy = -83.36346525
energy/site = -1.157825906
45.6267% accepted

energy = -73.80560063
energy/site = -1.025077786
45.6385% accepted

energy = -84.37534912
energy/site = -1.171879849
45.5758% accepted

energy = -77.607318
energy/site = -1.077879417
45.7725% accepted

energy = -79.18173225
energy/site = -1.099746281
45.6932% accepted

energy = -87.46820456
energy/site = -1.214836174
45.7291% accepted

energy = -76.29316612
energy/site = -1.059627307
45.6485% accepted

energy = -77.86908937
energy/site = -1.08151513
45.6182% accepted

energy = -81.38249606
energy/site = -1.130312445
45.9217% accepted

energy = -77.54935331
energy/site = -1.077074352
45.7625% accepted

energy = -78.78435731
energy/site = -1.094227185
45.6372% accepted

energy = -85.72767638
energy/site = -1.190662172
45.618% accepted

energy = -75.01182
energy/site = -1.041830833
45.7603% accepted

energy = -79.42591537
energy/site = -1.103137714
45.8108% accepted

energy = -72.28028475
energy/site = -1.003892844
45.9917% accepted

energy = -76.59517575
energy/site = -1.063821885
45.6455% accepted

energy = -70.57573312
energy/site = -0.9802185156
45.7374% accepted

energy = -72.53757488
energy/site = -1.007466318
45.6881% accepted

energy = -88.19224837
energy/site = -1.224892339
45.8028% accepted

energy = -85.21079831
energy/site = -1.18348331
45.7109% accepted

energy = -83.33396438
energy/site = -1.157416172
45.7199% accepted

energy = -76.63480631
energy/site = -1.06437231
45.6243% accepted

energy = -79.59808425
energy/site = -1.105528948
45.8834% accepted

energy = -71.19882319
energy/site = -0.9888725443
45.7482% accepted

energy = -78.03555056
energy/site = -1.083827091
45.8583% accepted

energy = -88.00496625
energy/site = -1.222291198
45.6756% accepted

energy = -77.050776
energy/site = -1.070149667
45.6227% accepted

energy = -72.27441094
energy/site = -1.003811263
45.8186% accepted

energy = -79.67789756
energy/site = -1.106637466
45.7862% accepted

energy = -77.08296
energy/site = -1.070596667
45.6395% accepted

energy = -79.77117056
energy/site = -1.107932924
45.6058% accepted

energy = -73.404726
energy/site = -1.019510083
45.745% accepted

energy = -68.989149
energy/site = -0.958182625
45.7559% accepted

energy = -84.90431531
energy/site = -1.179226602
45.6482% accepted

energy = -77.65026281
energy/site = -1.078475872
45.6621% accepted

energy = -79.16072269
energy/site = -1.099454482
45.713% accepted

energy = -79.11048112
energy/site = -1.098756682
45.6696% accepted

energy = -80.04515044
energy/site = -1.111738201
45.7304% accepted

energy = -78.47554669
energy/site = -1.089938148
45.7092% accepted

energy = -71.86941863
energy/site = -0.9981863698
45.7496% accepted

energy = -70.46485875
energy/site = -0.9786785938
45.5354% accepted

energy = -73.94805637
energy/site = -1.027056339
45.4967% accepted

energy = -72.47500875
energy/site = -1.006597344
45.8688% accepted

energy = -69.2404935
energy/site = -0.9616735208
45.7215% accepted

energy = -82.29326944
energy/site = -1.142962076
45.8741% accepted

energy = -84.953571
energy/site = -1.179910708
45.6782% accepted

energy = -77.30441137
energy/site = -1.07367238
45.6771% accepted

energy = -84.22751213
energy/site = -1.169826557
45.6764% accepted

energy = -77.85052763
energy/site = -1.081257328
45.5266% accepted

energy = -71.77940756
energy/site = -0.9969362161
45.7999% accepted

energy = -72.45454406
energy/site = -1.006313112
45.6143% accepted

energy = -73.21067681
energy/site = -1.016814956
45.7605% accepted

energy = -80.79227662
energy/site = -1.122114953
45.6386% accepted

energy = -77.67872906
energy/site = -1.078871237
45.7152% accepted

energy = -77.07894788
energy/site = -1.070540943
45.8005% accepted

energy = -83.81796337
energy/site = -1.16413838
45.7463% accepted

energy = -74.02552444
energy/site = -1.028132284
45.724% accepted

energy = -79.39182619
energy/site = -1.102664253
45.7321% accepted

energy = -74.33464725
energy/site = -1.032425656
45.667% accepted

energy = -74.90542744
energy/site = -1.040353159
45.654% accepted

energy = -72.34099031
energy/site = -1.004735977
45.7676% accepted

energy = -74.49798019
energy/site = -1.034694169
45.6461% accepted

energy = -79.32939656
energy/site = -1.101797174
45.7295% accepted

energy = -78.61765913
energy/site = -1.091911932
45.757% accepted

energy = -82.22120137
energy/site = -1.14196113
45.7188% accepted

energy = -78.971358
energy/site = -1.096824417
45.8586% accepted

energy = -70.56109613
energy/site = -0.980015224
45.7019% accepted

energy = -70.49021269
energy/site = -0.9790307318
45.554% accepted

energy = -74.78581575
energy/site = -1.038691885
45.6932% accepted

energy = -75.45423488
energy/site = -1.047975484
45.6715% accepted

energy = -71.15952675
energy/site = -0.9883267604
45.5301% accepted

energy = -69.82750912
energy/site = -0.9698265156
45.7886% accepted

energy = -77.99045606
energy/site = -1.083200779
45.7219% accepted

energy = -76.20110775
energy/site = -1.058348719
45.8197% accepted

energy = -77.72034975
energy/site = -1.079449302
45.6833% accepted

energy = -77.34165825
energy/site = -1.074189698
45.7468% accepted

energy = -71.41070569
energy/site = -0.9918153568
45.6361% accepted

energy = -80.818215
energy/site = -1.122475208
45.671% accepted

energy = -76.69341788
energy/site = -1.065186359
45.872% accepted

energy = -74.96672531
energy/site = -1.041204518
45.7662% accepted

energy = -76.25927681
energy/site = -1.059156622
45.5694% accepted

energy = -73.24418381
energy/site = -1.017280331
45.6854% accepted

energy = -80.77390987
energy/site = -1.121859859
45.6802% accepted

energy = -76.04344425
energy/site = -1.056158948
45.8182% accepted

energy = -81.50307
energy/site = -1.131987083
45.8106% accepted

energy = -74.32944431
energy/site = -1.032353393
45.7669% accepted

energy = -81.37086881
energy/site = -1.130150956
45.7267% accepted

energy = -75.06520894
energy/site = -1.042572346
45.6769% accepted

energy = -75.87114919
energy/site = -1.053765961
45.692% accepted

energy = -90.089802
energy/site = -1.25124725
45.7811% accepted

energy = -81.38744381
energy/site = -1.130381164
45.8191% accepted

energy = -77.85573131
energy/site = -1.081329602
45.7031% accepted

energy = -83.04587325
energy/site = -1.153414906
45.7166% accepted

energy = -80.8267965
energy/site = -1.122594396
45.7526% accepted

energy = -74.76691125
energy/site = -1.038429323
45.8223% accepted

energy = -77.76563287
energy/site = -1.080078234
45.5668% accepted

energy = -65.77460175
energy/site = -0.9135361354
45.5247% accepted

energy = -73.45976419
energy/site = -1.020274503
45.6864% accepted

energy = -69.47596238
energy/site = -0.9649439219
45.6361% accepted

energy = -72.56047069
energy/site = -1.007784315
45.7575% accepted

energy = -76.01942419
energy/site = -1.055825336
45.6075% accepted

energy = -65.78215106
energy/site = -0.913640987
45.5665% accepted

energy = -71.84359744
energy/site = -0.9978277422
45.6005% accepted

energy = -73.04143388
energy/site = -1.014464359
45.6445% accepted

energy = -73.52014069
energy/site = -1.021113065
45.773% accepted

energy = -72.18051713
energy/site = -1.002507182
45.4758% accepted

energy = -80.55162656
energy/site = -1.118772591
45.6798% accepted

energy = -76.78626844
energy/site = -1.066475951
45.549% accepted

energy = -77.20786838
energy/site = -1.072331505
45.7557% accepted

energy = -76.10976244
energy/site = -1.057080034
45.8014% accepted

energy = -91.93161187
energy/site = -1.276827943
45.7527% accepted

energy = -72.24211706
energy/site = -1.003362737
45.7956% accepted

energy = -84.74840775
energy/site = -1.177061219
45.8059% accepted

energy = -73.59553088
energy/site = -1.022160151
45.6067% accepted

energy = -77.44378762
energy/site = -1.075608161
45.7145% accepted

energy = -78.65418
energy/site = -1.092419167
45.6765% accepted

energy = -79.77666712
energy/site = -1.108009266
45.8364% accepted

energy = -80.84680013
energy/site = -1.122872224
45.7565% accepted

energy = -79.5421035
energy/site = -1.104751438
45.7267% accepted

energy = -92.91201187
energy/site = -1.290444609
45.806% accepted

energy = -67.77285469
energy/site = -0.9412896484
45.609% accepted

energy = -77.62227581
energy/site = -1.078087164
45.6973% accepted

energy = -83.81927362
energy/site = -1.164156578
45.6262% accepted

energy = -69.69185081
energy/site = -0.9679423724
45.7794% accepted

energy = -76.63445681
energy/site = -1.064367456
45.6005% accepted

energy = -73.77594
energy/site = -1.024665833
45.7455% accepted

energy = -77.26212713
energy/site = -1.073085099
45.611% accepted

energy = -74.89498088
energy/site = -1.040208068
45.7273% accepted

energy = -80.09698406
energy/site = -1.112458112
45.7552% accepted

energy = -80.85333619
energy/site = -1.122963003
45.7377% accepted

energy = -72.72444244
energy/site = -1.010061701
45.5944% accepted

energy = -76.07037394
energy/site = -1.056532971
45.6587% accepted

energy = -74.74439344
energy/site = -1.038116576
45.733% accepted

energy = -81.26911425
energy/site = -1.128737698
45.7461% accepted

energy = -74.13462637
energy/site = -1.029647589
45.7892% accepted

energy = -76.38535462
energy/site = -1.060907703
45.7288% accepted

energy = -79.10109956
energy/site = -1.098626383
45.6625% accepted

energy = -79.15946231
energy/site = -1.099436977
45.7183% accepted

energy = -76.59685613
energy/site = -1.063845224
45.6698% accepted

energy = -78.82838738
energy/site = -1.094838714
45.7729% accepted

energy = -78.77879419
energy/site = -1.094149919
45.727% accepted

energy = -78.71900531
energy/site = -1.093319518
45.6839% accepted

energy = -78.75817462
energy/site = -1.093863536
45.7565% accepted

energy = -78.66189187
energy/site = -1.092526276
45.6767% accepted

energy = -76.00620562
energy/site = -1.055641745
45.6349% accepted

energy = -82.13303081
energy/site = -1.140736539
45.7595% accepted

energy = -78.07879237
energy/site = -1.084427672
45.7162% accepted

energy = -77.55339862
energy/site = -1.077130536
45.8312% accepted

energy = -79.23839269
energy/site = -1.100533232
45.7664% accepted

energy = -81.21432994
energy/site = -1.127976805
45.8203% accepted

energy = -77.10977344
energy/site = -1.070969076
45.6447% accepted

energy = -73.20822994
energy/site = -1.016780971
45.7434% accepted

energy = -79.41326719
energy/site = -1.102962044
45.9003% accepted

energy = -75.89733806
energy/site = -1.054129695
45.6689% accepted

energy = -77.40469481
energy/site = -1.075065206
45.717% accepted

energy = -81.53340131
energy/site = -1.132408352
45.7116% accepted

energy = -70.674021
energy/site = -0.981583625
45.6433% accepted

energy = -74.97299119
energy/site = -1.041291544
45.8933% accepted

energy = -91.00060988
energy/site = -1.263897359
45.732% accepted

energy = -86.57896313
energy/site = -1.202485599
45.7377% accepted

energy = -82.45518862
energy/site = -1.145210953
45.5935% accepted

energy = -74.34828488
energy/site = -1.032615068
45.701% accepted

energy = -75.05835469
energy/site = -1.042477148
45.6521% accepted

energy = -73.80005325
energy/site = -1.02500074
45.8708% accepted

energy = -75.9452565
energy/site = -1.054795229
45.7939% accepted

energy = -78.11106244
energy/site = -1.084875867
45.6998% accepted

energy = -78.51787856
energy/site = -1.090526091
45.8476% accepted

energy = -76.82187637
energy/site = -1.066970505
45.7293% accepted

energy = -86.53475775
energy/site = -1.201871635
45.7283% accepted

energy = -88.17877763
energy/site = -1.224705245
45.7061% accepted

energy = -81.06909506
energy/site = -1.125959654
45.7278% accepted

energy = -80.57766506
energy/site = -1.119134237
45.725% accepted

energy = -78.45513112
energy/site = -1.089654599
45.7784% accepted

energy = -72.31909219
energy/site = -1.004431836
45.5841% accepted

energy = -77.44220306
energy/site = -1.075586154
45.7824% accepted

energy = -74.77683244
energy/site = -1.038567117
45.6848% accepted

energy = -74.86467244
energy/site = -1.039787117
45.7288% accepted

energy = -79.65343312
energy/site = -1.106297682
45.671% accepted

energy = -73.52287706
energy/site = -1.02115107
45.7758% accepted

energy = -81.2293335
energy/site = -1.128185188
45.7036% accepted

energy = -80.17944131
energy/site = -1.113603352
45.844% accepted

energy = -81.57600506
energy/site = -1.13300007
45.6474% accepted

energy = -78.53456756
energy/site = -1.090757883
45.8963% accepted

energy = -78.72377794
energy/site = -1.093385805
45.6613% accepted

energy = -75.556275
energy/site = -1.049392708
45.7203% accepted

energy = -78.8113335
energy/site = -1.094601854
45.6034% accepted

energy = -80.72670319
energy/site = -1.121204211
45.7293% accepted

energy = -78.65481825
energy/site = -1.092428031
45.7324% accepted

energy = -74.66788313
energy/site = -1.037053932
45.6109% accepted

energy = -77.20811587
energy/site = -1.072334943
45.9393% accepted

energy = -77.0749095
energy/site = -1.070484854
45.6872% accepted

energy = -76.162941
energy/site = -1.057818625
45.7424% accepted

energy = -74.88253931
energy/site = -1.040035268
45.5795% accepted

energy = -72.88532381
energy/site = -1.012296164
45.5797% accepted

energy = -85.88711081
energy/site = -1.192876539
45.6267% accepted

energy = -82.53196781
energy/site = -1.146277331
45.7871% accepted

energy = -76.59277706
energy/site = -1.06378857
45.6428% accepted

energy = -73.669956
energy/site = -1.023193833
45.7466% accepted

energy = -76.39156838
energy/site = -1.060994005
45.7235% accepted

energy = -69.86413238
energy/site = -0.9703351719
45.6281% accepted

energy = -74.33629237
energy/site = -1.032448505
45.8415% accepted

energy = -76.61251256
energy/site = -1.064062674
45.7266% accepted

energy = -75.92196037
energy/site = -1.054471672
45.7444% accepted

energy = -78.79830206
energy/site = -1.094420862
45.5839% accepted

energy = -85.10024231
energy/site = -1.18194781
45.6872% accepted

energy = -76.31314762
energy/site = -1.059904828
45.7045% accepted

energy = -81.15804675
energy/site = -1.127195094
45.7002% accepted

energy = -77.29252687
energy/site = -1.073507318
45.7229% accepted

energy = -71.70894787
energy/site = -0.9959576094
45.754% accepted

energy = -73.54338675
energy/site = -1.021435927
45.7799% accepted

energy = -78.92853094
energy/site = -1.096229596
45.6373% accepted

energy = -83.06482612
energy/site = -1.153678141
45.6964% accepted

energy = -77.58532912
energy/site = -1.077574016
45.6815% accepted

energy = -79.50050062
energy/site = -1.10417362
45.7724% accepted

energy = -74.60838337
energy/site = -1.036227547
45.8206% accepted

energy = -79.36802775
energy/site = -1.102333719
45.6442% accepted

energy = -78.28837388
energy/site = -1.087338526
45.7918% accepted

energy = -74.90755144
energy/site = -1.040382659
45.7343% accepted

energy = -78.23831119
energy/site = -1.086643211
45.7245% accepted

energy = -76.89088444
energy/site = -1.067928951
45.7028% accepted

energy = -72.83833013
energy/site = -1.011643474
45.7101% accepted

energy = -75.81930187
energy/site = -1.053045859
45.6266% accepted

energy = -75.55256194
energy/site = -1.049341138
45.7429% accepted

energy = -76.16799413
energy/site = -1.057888807
45.6884% accepted

energy = -79.71394237
energy/site = -1.107138089
45.5904% accepted

energy = -74.21517056
energy/site = -1.030766258
45.6116% accepted

energy = -84.36421312
energy/site = -1.171725182
45.7213% accepted

energy = -81.2311755
energy/site = -1.128210771
45.7825% accepted

energy = -81.56994225
energy/site = -1.132915865
45.7922% accepted

energy = -72.67698656
energy/site = -1.009402591
45.6726% accepted

energy = -77.67985969
energy/site = -1.07888694
45.6956% accepted

energy = -78.03209062
energy/site = -1.083779036
45.7644% accepted

energy = -66.22583175
energy/site = -0.9198032187
45.7193% accepted

energy = -72.35410331
energy/site = -1.004918102
45.6249% accepted

energy = -75.50841806
energy/site = -1.048728029
45.6461% accepted

energy = -77.834214
energy/site = -1.08103075
45.7066% accepted

energy = -77.97028894
energy/site = -1.08292068
45.5475% accepted

energy = -77.33955337
energy/site = -1.074160464
45.7921% accepted

energy = -76.10749913
energy/site = -1.057048599
45.7976% accepted

energy = -70.212189
energy/site = -0.9751692917
45.6568% accepted

energy = -79.06622231
energy/site = -1.098141977
45.7579% accepted

energy = -80.04547444
energy/site = -1.111742701
45.7852% accepted

energy = -79.46146594
energy/site = -1.103631471
45.7938% accepted

energy = -78.77076619
energy/site = -1.094038419
45.8513% accepted

energy = -82.57162481
energy/site = -1.146828122
45.5645% accepted

energy = -74.70255244
energy/site = -1.037535451
45.7085% accepted

energy = -84.39039413
energy/site = -1.172088807
45.616% accepted

energy = -76.45919419
energy/site = -1.061933253
45.6536% accepted

energy = -80.7632445
energy/site = -1.121711729
45.7128% accepted

energy = -82.59087319
energy/site = -1.147095461
45.6511% accepted

energy = -81.09799331
energy/site = -1.126361018
45.6881% accepted

energy = -79.327134
energy/site = -1.10176575
45.6913% accepted

energy = -80.77309013
energy/site = -1.121848474
45.8651% accepted

energy = -80.53723669
energy/site = -1.118572732
45.7921% accepted

energy = -75.03910725
energy/site = -1.042209823
45.7423% accepted

energy = -74.66661394
energy/site = -1.037036305
45.5821% accepted

energy = -80.85354881
energy/site = -1.122965956
45.7468% accepted

energy = -80.72487919
energy/site = -1.121178878
45.813% accepted

energy = -85.84664362
energy/site = -1.192314495
45.6318% accepted

energy = -73.69273725
energy/site = -1.02351024
45.7176% accepted

energy = -77.4368625
energy/site = -1.075511979
45.6117% accepted

energy = -71.70516487
energy/site = -0.9959050677
45.6628% accepted

energy = -77.30425219
energy/site = -1.073670169
45.7834% accepted

energy = -79.48597969
energy/site = -1.10397194
45.7011% accepted

energy = -73.23314287
energy/site = -1.017126984
45.6034% accepted

energy = -70.87396781
energy/site = -0.9843606641
45.7315% accepted

energy = -73.67645437
energy/site = -1.023284089
45.7345% accepted

energy = -74.01709181
energy/site = -1.028015164
45.8671% accepted

energy = -73.43053256
energy/site = -1.019868508
45.5296% accepted

energy = -76.09970888
energy/site = -1.056940401
45.5223% accepted

energy = -76.39982606
energy/site = -1.061108695
45.6661% accepted

energy = -77.18128369
energy/site = -1.071962273
45.622% accepted

energy = -79.11998813
energy/site = -1.098888724
45.6808% accepted

energy = -78.27478819
energy/site = -1.087149836
45.6544% accepted

energy = -73.28319994
energy/site = -1.017822221
45.7652% accepted

energy = -75.39091669
energy/site = -1.047096065
45.7666% accepted

energy = -81.03242194
energy/site = -1.125450305
45.571% accepted

energy = -78.31160325
energy/site = -1.087661156
45.7488% accepted

energy = -74.22127106
energy/site = -1.030850987
45.7575% accepted

energy = -77.80988869
energy/site = -1.080692898
45.6159% accepted

energy = -76.24354087
energy/site = -1.058938068
45.6717% accepted

energy = -76.96841438
energy/site = -1.069005755
45.8555% accepted

energy = -76.84575712
energy/site = -1.067302182
45.6038% accepted

energy = -82.51218844
energy/site = -1.146002617
45.8171% accepted

energy = -76.87473131
energy/site = -1.067704602
45.7113% accepted

energy = -72.28021988
energy/site = -1.003891943
45.648% accepted

energy = -66.87723525
energy/site = -0.9288504896
45.8492% accepted

energy = -74.23729687
energy/site = -1.031073568
45.7635% accepted

energy = -75.5962185
energy/site = -1.049947479
45.4891% accepted

energy = -68.83010906
energy/site = -0.955973737
45.6373% accepted

energy = -77.009961
energy/site = -1.069582792
45.792% accepted

energy = -80.50385325
energy/site = -1.118109073
45.7468% accepted

energy = -80.88066544
energy/site = -1.123342576
45.7595% accepted

energy = -80.61054225
energy/site = -1.119590865
45.7523% accepted

energy = -79.29179831
energy/site = -1.101274977
45.7749% accepted

energy = -84.83689313
energy/site = -1.178290182
45.7006% accepted

energy = -71.7083025
energy/site = -0.9959486458
45.711% accepted

energy = -80.13144413
energy/site = -1.112936724
45.6573% accepted

energy = -80.67655331
energy/site = -1.120507685
45.7119% accepted

energy = -84.09871856
energy/site = -1.168037758
45.7783% accepted

energy = -83.48789025
energy/site = -1.159554031
45.7158% accepted

energy = -75.26047069
energy/site = -1.045284315
45.7159% accepted

energy = -78.20916544
energy/site = -1.086238409
45.7646% accepted

energy = -76.78295812
energy/site = -1.066429974
45.8661% accepted

energy = -83.41634812
energy/site = -1.158560391
45.8276% accepted

energy = -74.70060694
energy/site = -1.03750843
45.6969% accepted

energy = -73.6687815
energy/site = -1.023177521
45.8992% accepted

energy = -81.35923331
energy/site = -1.129989352
45.7542% accepted

energy = -77.819019
energy/site = -1.080819708
45.7791% accepted

energy = -70.85903963
energy/site = -0.9841533281
45.7177% accepted

energy = -82.01125406
energy/site = -1.139045195
45.8761% accepted

energy = -76.57372106
energy/site = -1.063523904
45.6836% accepted

energy = -69.37629488
energy/site = -0.963559651
45.6642% accepted

energy = -73.29079613
energy/site = -1.017927724
45.646% accepted

energy = -79.51040944
energy/site = -1.104311242
45.8613% accepted

energy = -67.5039555
energy/site = -0.9375549375
45.7231% accepted

energy = -77.09932387
energy/site = -1.070823943
45.5917% accepted

energy = -80.08726875
energy/site = -1.112323177
45.6901% accepted

energy = -72.51175163
energy/site = -1.007107661
45.6294% accepted

energy = -79.164867
energy/site = -1.099512042
45.787% accepted

energy = -74.787837
energy/site = -1.038719958
45.8669% accepted

energy = -75.33258731
energy/site = -1.046285935
45.7015% accepted

energy = -77.78579081
energy/site = -1.080358206
45.569% accepted

energy = -80.452944
energy/site = -1.117402
45.6267% accepted

energy = -71.81334825
energy/site = -0.9974076146
45.7309% accepted

energy = -68.50701825
energy/site = -0.9514863646
45.7411% accepted

energy = -75.1339185
energy/site = -1.043526646
45.6714% accepted

energy = -75.06981469
energy/site = -1.042636315
45.7327% accepted

energy = -76.63733962
energy/site = -1.064407495
45.7383% accepted

energy = -78.36876281
energy/site = -1.088455039
45.7721% accepted

energy = -86.61665963
energy/site = -1.203009161
45.7159% accepted

energy = -81.33264788
energy/site = -1.129620109
45.8178% accepted

energy = -84.4417605
energy/site = -1.172802229
45.7351% accepted

energy = -78.55806994
energy/site = -1.091084305
45.529% accepted

energy = -84.2561625
energy/site = -1.170224479
45.6532% accepted

energy = -80.89388719
energy/site = -1.123526211
45.7012% accepted

energy = -79.87030612
energy/site = -1.109309807
45.6555% accepted

energy = -78.07215113
energy/site = -1.084335432
45.7383% accepted

energy = -84.21965813
energy/site = -1.169717474
45.7641% accepted

energy = -68.76105844
energy/site = -0.9550147005
45.614% accepted

energy = -75.3648855
energy/site = -1.046734521
45.8133% accepted

energy = -69.93275831
energy/site = -0.9712883099
45.8151% accepted

energy = -75.38365613
energy/site = -1.046995224
45.749% accepted

energy = -70.00845694
energy/site = -0.9723396797
45.6189% accepted

energy = -78.08641706
energy/site = -1.08453357
45.6184% accepted

energy = -78.66464156
energy/site = -1.092564466
45.8227% accepted

energy = -77.31844988
energy/site = -1.073867359
45.6672% accepted

energy = -70.09082231
energy/site = -0.9734836432
45.8674% accepted

energy = -76.64277994
energy/site = -1.064483055
45.7923% accepted

energy = -83.79871687
energy/site = -1.163871068
45.6999% accepted

energy = -77.22464306
energy/site = -1.072564487
45.7244% accepted

energy = -83.28380138
energy/site = -1.156719464
45.7242% accepted

energy = -75.70933369
energy/site = -1.051518523
45.9213% accepted

energy = -71.4596625
energy/site = -0.9924953125
45.6818% accepted

energy = -72.948972
energy/site = -1.013180167
45.7249% accepted

energy = -80.01921188
energy/site = -1.111377943
45.862% accepted

energy = -76.90423969
energy/site = -1.06811444
45.8192% accepted

energy = -76.97382056
energy/site = -1.069080841
45.7572% accepted

energy = -75.50663006
energy/site = -1.048703195
45.6851% accepted

energy = -72.32656181
energy/site = -1.004535581
45.4522% accepted

energy = -70.80149062
energy/site = -0.9833540365
45.8954% accepted

energy = -74.73810787
energy/site = -1.038029276
45.6481% accepted

energy = -77.73424706
energy/site = -1.07964232
45.5764% accepted

energy = -86.85775331
energy/site = -1.206357685
45.7587% accepted

energy = -76.35889406
energy/site = -1.060540195
45.5702% accepted

energy = -71.61399769
energy/site = -0.9946388568
45.6665% accepted

energy = -79.25522737
energy/site = -1.100767047
45.6741% accepted

energy = -67.33131994
energy/site = -0.9351572214
45.6635% accepted

energy = -81.38878012
energy/site = -1.130399724
45.7285% accepted

energy = -77.99978119
energy/site = -1.083330294
45.8418% accepted

energy = -77.92442569
energy/site = -1.08228369
45.6954% accepted

energy = -71.83772944
energy/site = -0.9977462422
45.5608% accepted

energy = -87.80426569
energy/site = -1.21950369
45.7346% accepted

energy = -71.34699206
energy/site = -0.9909304453
45.5719% accepted

energy = -80.09743744
energy/site = -1.112464409
45.7363% accepted

energy = -84.888966
energy/site = -1.179013417
45.7313% accepted

energy = -73.9790865
energy/site = -1.027487313
45.6178% accepted

energy = -74.01315769
energy/site = -1.027960523
45.6743% accepted

energy = -76.31978044
energy/site = -1.059996951
45.7018% accepted

energy = -78.77163394
energy/site = -1.094050471
45.762% accepted

energy = -79.43243044
energy/site = -1.103228201
45.7618% accepted

energy = -77.95935862
energy/site = -1.08276887
45.7622% accepted

energy = -75.64843575
energy/site = -1.050672719
45.7607% accepted

energy = -79.68331575
energy/site = -1.106712719
45.5624% accepted

energy = -83.39425406
energy/site = -1.158253529
45.7561% accepted

energy = -84.03363037
energy/site = -1.167133755
45.7192% accepted

energy = -77.85392175
energy/site = -1.081304469
45.6469% accepted

energy = -69.07964981
energy/site = -0.9594395807
45.6674% accepted

energy = -79.47910688
energy/site = -1.103876484
45.7477% accepted

energy = -75.20016469
energy/site = -1.044446732
45.6077% accepted

energy = -78.04602694
energy/site = -1.083972596
45.8418% accepted

energy = -74.72226281
energy/site = -1.037809206
45.7674% accepted

energy = -71.18619544
energy/site = -0.9886971589
45.6468% accepted

energy = -78.40047187
energy/site = -1.088895443
45.7284% accepted

energy = -81.25953562
energy/site = -1.128604661
45.676% accepted

energy = -81.26963137
energy/site = -1.12874488
45.7657% accepted

energy = -74.28897244
energy/site = -1.031791284
45.5257% accepted

energy = -74.76224006
energy/site = -1.038364445
45.6862% accepted

energy = -74.12060269
energy/site = -1.029452815
45.672% accepted

energy = -73.14925556
energy/site = -1.015961883
45.6865% accepted

energy = -80.09084587
energy/site = -1.112372859
45.7337% accepted

energy = -78.01306444
energy/site = -1.083514784
45.8038% accepted

energy = -80.369991
energy/site = -1.116249875
45.6684% accepted

energy = -81.11021606
energy/site = -1.126530779
45.6018% accepted

energy = -69.80629875
energy/site = -0.9695319271
45.7322% accepted

energy = -79.77871762
energy/site = -1.108037745
45.7318% accepted

energy = -77.22291956
energy/site = -1.072540549
45.682% accepted

energy = -79.9091775
energy/site = -1.109849687
45.6309% accepted

energy = -76.83638419
energy/site = -1.067172003
45.6657% accepted

energy = -75.88600088
energy/site = -1.053972234
45.7235% accepted

energy = -74.46593569
energy/site = -1.034249107
45.7481% accepted

energy = -77.5025325
energy/site = -1.076424063
45.7954% accepted

energy = -77.4547035
energy/site = -1.075759771
45.7826% accepted

energy = -87.9330465
energy/site = -1.221292312
45.7798% accepted

energy = -82.09391381
energy/site = -1.140193247
45.6638% accepted

energy = -73.34840213
energy/site = -1.018727807
45.6731% accepted

energy = -77.04308719
energy/site = -1.070042878
45.7619% accepted

energy = -81.56128294
energy/site = -1.132795596
45.5932% accepted

energy = -74.52265163
energy/site = -1.035036828
45.6413% accepted

energy = -76.60905225
energy/site = -1.064014615
45.8058% accepted

energy = -77.09170125
energy/site = -1.070718073
45.8615% accepted

energy = -81.37166175
energy/site = -1.130161969
45.8662% accepted

energy = -82.602159
energy/site = -1.147252208
45.6892% accepted

energy = -77.47399144
energy/site = -1.076027659
45.6352% accepted

energy = -69.18537206
energy/site = -0.9609079453
45.5394% accepted

energy = -78.07250231
energy/site = -1.08434031
45.6897% accepted

energy = -79.82866631
energy/site = -1.108731477
45.7094% accepted

energy = -76.61648006
energy/site = -1.064117779
45.7471% accepted

energy = -80.47177388
energy/site = -1.117663526
45.7086% accepted

energy = -85.91227537
energy/site = -1.193226047
45.4889% accepted

energy = -82.27394869
energy/site = -1.142693732
45.666% accepted

energy = -74.830998
energy/site = -1.039319417
45.696% accepted

energy = -78.60484687
energy/site = -1.091733984
45.77% accepted

energy = -72.82403756
energy/site = -1.011444966
45.8315% accepted

energy = -74.7546105
energy/site = -1.038258479
45.6986% accepted

energy = -82.23997913
energy/site = -1.142221932
45.6767% accepted

energy = -77.07857194
energy/site = -1.070535721
45.6997% accepted

energy = -74.52024975
energy/site = -1.035003469
45.6818% accepted

energy = -80.71124475
energy/site = -1.12098951
45.7834% accepted

energy = -79.508343
energy/site = -1.104282542
45.6281% accepted

energy = -77.88023025
energy/site = -1.081669865
45.7468% accepted

energy = -72.98076563
energy/site = -1.013621745
45.7681% accepted

energy = -77.91849375
energy/site = -1.082201302
45.7373% accepted

energy = -71.14246575
energy/site = -0.9880898021
45.6997% accepted

energy = -75.67972144
energy/site = -1.051107242
45.7376% accepted

energy = -75.23338181
energy/site = -1.044908081
45.6934% accepted

energy = -74.08550269
energy/site = -1.028965315
45.6636% accepted

energy = -82.101642
energy/site = -1.140300583
45.6989% accepted

energy = -81.08641481
energy/site = -1.126200206
45.7392% accepted

energy = -86.96100337
energy/site = -1.207791714
45.8732% accepted

energy = -75.07554712
energy/site = -1.042715932
45.7677% accepted

energy = -77.991096
energy/site = -1.083209667
45.6759% accepted

energy = -78.12403294
energy/site = -1.085056013
45.7209% accepted

energy = -77.782746
energy/site = -1.080315917
45.7096% accepted

energy = -80.4309495
energy/site = -1.117096521
45.6625% accepted

energy = -76.20186469
energy/site = -1.058359232
45.8003% accepted

energy = -79.29658988
energy/site = -1.101341526
45.7133% accepted

energy = -75.56740837
energy/site = -1.049547339
45.8379% accepted

energy = -85.55979075
energy/site = -1.188330427
45.46% accepted

energy = -74.26470169
energy/site = -1.03145419
45.7127% accepted

energy = -78.60550069
energy/site = -1.091743065
45.6054% accepted

energy = -83.50958287
energy/site = -1.159855318
45.6645% accepted

energy = -68.444634
energy/site = -0.9506199167
45.5533% accepted

energy = -83.82228562
energy/site = -1.164198411
45.7775% accepted

energy = -73.59501638
energy/site = -1.022153005
45.6331% accepted

energy = -73.1618325
energy/site = -1.016136562
45.6529% accepted

energy = -81.93029231
energy/site = -1.137920727
45.7602% accepted

energy = -84.693963
energy/site = -1.176305042
45.7317% accepted

energy = -77.98127475
energy/site = -1.08307326
45.6776% accepted

energy = -82.5788925
energy/site = -1.146929062
45.8556% accepted

energy = -74.45750831
energy/site = -1.03413206
45.7912% accepted

energy = -82.23564863
energy/site = -1.142161786
45.7129% accepted

energy = -76.61584387
energy/site = -1.064108943
45.565% accepted

energy = -84.19997081
energy/site = -1.169444039
45.7466% accepted

energy = -72.98997225
energy/site = -1.013749615
45.7885% accepted

energy = -76.26638287
energy/site = -1.059255318
45.5845% accepted

energy = -80.33848781
energy/site = -1.115812331
45.7347% accepted

energy = -78.64799344
energy/site = -1.092333242
45.7315% accepted

energy = -77.70502744
energy/site = -1.079236492
45.6322% accepted

energy = -76.59722794
energy/site = -1.063850388
45.6682% accepted

energy = -85.9950165
energy/site = -1.194375229
45.6382% accepted

energy = -80.6418495
energy/site = -1.120025687
45.7278% accepted

energy = -75.010797
energy/site = -1.041816625
45.7009% accepted

energy = -70.95007106
energy/site = -0.9854176536
45.7311% accepted

energy = -78.11682338
energy/site = -1.08495588
45.6264% accepted

energy = -78.55347525
energy/site = -1.09102049
45.6446% accepted

energy = -80.22260831
energy/site = -1.114202893
45.8633% accepted

energy = -76.59313069
energy/site = -1.063793482
45.6415% accepted

energy = -75.62123044
energy/site = -1.050294867
45.5755% accepted

energy = -77.14703981
energy/site = -1.071486664
45.6238% accepted

energy = -72.62075512
energy/site = -1.008621599
45.6644% accepted

energy = -75.02675606
energy/site = -1.042038279
45.726% accepted

energy = -75.26394994
energy/site = -1.045332638
45.7691% accepted

energy = -68.58421519
energy/site = -0.9525585443
45.5928% accepted

energy = -78.23785125
energy/site = -1.086636823
45.6615% accepted

energy = -78.59782612
energy/site = -1.091636474
45.6704% accepted

energy = -71.90954756
energy/site = -0.9987437161
45.6242% accepted

energy = -78.07500225
energy/site = -1.084375031
45.6309% accepted

energy = -78.77383838
energy/site = -1.094081089
45.682% accepted

energy = -70.70606137
energy/site = -0.9820286302
45.6753% accepted

energy = -76.14213075
energy/site = -1.057529594
45.6307% accepted

energy = -73.34075306
energy/site = -1.01862157
45.7478% accepted

energy = -80.27425331
energy/site = -1.114920185
45.5056% accepted

energy = -81.04119863
energy/site = -1.125572203
45.6866% accepted

energy = -74.78365275
energy/site = -1.038661844
45.8064% accepted

energy = -77.54283581
energy/site = -1.076983831
45.6428% accepted

energy = -72.72704513
energy/site = -1.010097849
45.852% accepted

energy = -80.77741556
energy/site = -1.121908549
45.8107% accepted

energy = -79.60986075
energy/site = -1.10569251
45.6496% accepted

energy = -77.49075844
energy/site = -1.076260534
45.5329% accepted

energy = -73.77489487
energy/site = -1.024651318
45.709% accepted

energy = -77.40528956
energy/site = -1.075073466
45.6262% accepted

energy = -79.97033156
energy/site = -1.110699049
45.6306% accepted

energy = -72.50436769
energy/site = -1.007005107
45.5551% accepted

energy = -76.1773665
energy/site = -1.058018979
45.7855% accepted

energy = -76.29281062
energy/site = -1.05962237
45.5429% accepted

energy = -76.69705444
energy/site = -1.065236867
45.6282% accepted

energy = -75.13195069
energy/site = -1.043499315
45.8763% accepted

energy = -76.23939694
energy/site = -1.058880513
45.723% accepted

energy = -79.82553225
energy/site = -1.108687948
45.7506% accepted

energy = -79.0819275
energy/site = -1.098360104
45.7012% accepted

energy = -81.84679575
energy/site = -1.136761052
45.6543% accepted

energy = -81.9471105
energy/site = -1.138154312
45.8253% accepted

energy = -76.64368463
energy/site = -1.06449562
45.6621% accepted

energy = -75.634035
energy/site = -1.050472708
45.6784% accepted

energy = -75.76261706
energy/site = -1.05225857
45.5941% accepted

energy = -76.01020313
energy/site = -1.055697266
45.5462% accepted

energy = -72.51057037
energy/site = -1.007091255
45.623% accepted

energy = -81.63828169
energy/site = -1.133865023
45.6762% accepted

energy = -79.04371669
energy/site = -1.097829398
45.6412% accepted

energy = -77.39688206
energy/site = -1.074956695
45.7077% accepted

energy = -81.94314656
energy/site = -1.138099258
45.7945% accepted

energy = -81.07930669
energy/site = -1.126101482
45.8167% accepted

energy = -80.52132319
energy/site = -1.118351711
45.8991% accepted

energy = -87.35058938
energy/site = -1.21320263
45.593% accepted

energy = -72.33470025
energy/site = -1.004648615
45.7737% accepted

energy = -82.06241231
energy/site = -1.139755727
45.8232% accepted

energy = -82.41514687
energy/site = -1.144654818
45.637% accepted

energy = -73.77544275
energy/site = -1.024658927
45.615% accepted

energy = -73.57984444
energy/site = -1.021942284
45.7694% accepted

energy = -79.4941605
energy/site = -1.104085563
45.6905% accepted

energy = -73.04785275
energy/site = -1.01455351
45.7331% accepted

energy = -72.72580388
energy/site = -1.010080609
45.7499% accepted

energy = -80.08515919
energy/site = -1.112293878
45.7901% accepted

energy = -78.03953138
energy/site = -1.08388238
45.824% accepted

energy = -71.95840069
energy/site = -0.9994222318
45.6825% accepted

energy = -78.45186094
energy/site = -1.08960918
45.8029% accepted

energy = -70.318254
energy/site = -0.9766424167
45.681% accepted

energy = -79.1423055
energy/site = -1.099198687
45.7631% accepted

energy = -71.86038806
energy/site = -0.9980609453
45.6501% accepted

energy = -77.66766975
energy/site = -1.078717635
45.6421% accepted

energy = -74.20261444
energy/site = -1.030591867
45.797% accepted

energy = -75.20651175
energy/site = -1.044534885
45.8724% accepted

energy = -79.900845
energy/site = -1.109733958
45.4746% accepted

energy = -75.29588213
energy/site = -1.045776141
45.7549% accepted

energy = -71.52397856
energy/site = -0.9933885911
45.7832% accepted

energy = -74.07064931
energy/site = -1.028759018
45.5046% accepted

energy = -79.22218181
energy/site = -1.100308081
45.6728% accepted

energy = -71.37680269
energy/site = -0.9913444818
45.6334% accepted

energy = -83.36869969
energy/site = -1.157898607
45.7363% accepted

energy = -71.20133306
energy/site = -0.9889074036
45.9093% accepted

energy = -72.53569125
energy/site = -1.007440156
45.6491% accepted

energy = -80.74640794
energy/site = -1.121477888
45.7046% accepted

energy = -79.81223137
energy/site = -1.108503214
45.7761% accepted

energy = -78.8345265
energy/site = -1.094923979
45.7802% accepted

energy = -77.6085525
energy/site = -1.077896563
45.7991% accepted

energy = -70.7219715
energy/site = -0.9822496042
45.7866% accepted

energy = -81.22783838
energy/site = -1.128164422
45.6578% accepted

energy = -85.75610081
energy/site = -1.191056956
45.8468% accepted

energy = -85.08277331
energy/site = -1.181705185
45.785% accepted

energy = -77.31554025
energy/site = -1.073826948
45.7635% accepted

energy = -78.85152412
energy/site = -1.095160057
45.7726% accepted

energy = -79.98917775
energy/site = -1.110960802
45.7268% accepted

energy = -76.46455987
energy/site = -1.062007776
45.5953% accepted

energy = -77.16221756
energy/site = -1.071697466
45.8065% accepted

energy = -78.241776
energy/site = -1.086691333
45.756% accepted

energy = -77.46820819
energy/site = -1.075947336
45.6358% accepted

energy = -74.01742519
energy/site = -1.028019794
45.7185% accepted

energy = -80.90236594
energy/site = -1.123643971
45.7436% accepted

energy = -80.18521144
energy/site = -1.113683492
45.7279% accepted

energy = -87.73253794
energy/site = -1.218507471
45.7974% accepted

energy = -84.05429025
energy/site = -1.167420698
45.6928% accepted

energy = -73.46337881
energy/site = -1.020324706
45.7317% accepted

energy = -71.93345719
energy/site = -0.9990757943
45.7755% accepted

energy = -84.06223687
energy/site = -1.167531068
45.6022% accepted

energy = -73.92687356
energy/site = -1.026762133
45.6226% accepted

energy = -80.32837069
energy/site = -1.115671815
45.8573% accepted

energy = -81.08829375
energy/site = -1.126226302
45.7852% accepted

energy = -71.77801725
energy/site = -0.9969169062
45.6209% accepted

energy = -73.35259444
energy/site = -1.018786034
45.7397% accepted

energy = -71.59513125
energy/site = -0.9943768229
45.7628% accepted

energy = -73.156635
energy/site = -1.016064375
45.5789% accepted

energy = -75.245502
energy/site = -1.045076417
45.6947% accepted

energy = -68.23320469
energy/site = -0.9476833984
45.4922% accepted

energy = -73.05739913
energy/site = -1.014686099
45.7102% accepted

energy = -81.9150525
energy/site = -1.137709062
45.6133% accepted

energy = -71.291481
energy/site = -0.9901594583
45.7371% accepted

energy = -79.82738719
energy/site = -1.108713711
45.7075% accepted

energy = -73.14044175
energy/site = -1.015839469
45.6325% accepted

energy = -76.64913638
energy/site = -1.064571339
45.7778% accepted

energy = -71.70221062
energy/site = -0.9958640365
45.8741% accepted

energy = -75.16438838
energy/site = -1.043949839
45.7743% accepted

energy = -78.70336256
energy/site = -1.093102258
45.7316% accepted

energy = -73.91318531
energy/site = -1.026572018
45.7255% accepted

energy = -72.49950187
energy/site = -1.006937526
45.7087% accepted

energy = -75.3462465
energy/site = -1.046475646
45.7506% accepted

energy = -77.21787244
energy/site = -1.072470451
45.7377% accepted

energy = -69.607941
energy/site = -0.9667769583
45.65% accepted

energy = -71.10558319
energy/site = -0.9875775443
45.6679% accepted

energy = -77.7005745
energy/site = -1.079174646
45.6588% accepted

energy = -78.277896
energy/site = -1.087193
45.678% accepted

energy = -70.55700037
energy/site = -0.9799583385
45.7284% accepted

energy = -71.93377294
energy/site = -0.9990801797
45.8467% accepted

energy = -75.9891735
energy/site = -1.055405188
45.7536% accepted

energy = -82.38072075
energy/site = -1.144176677
45.7406% accepted

energy = -75.29569069
energy/site = -1.045773482
45.837% accepted

energy = -76.09572131
energy/site = -1.056885018
45.7572% accepted

energy = -71.4525435
energy/site = -0.9923964375
45.7931% accepted

energy = -80.55626213
energy/site = -1.118836974
45.6645% accepted

energy = -70.18893469
energy/site = -0.9748463151
45.6155% accepted

energy = -79.32511294
energy/site = -1.10173768
45.7467% accepted

energy = -79.14529388
energy/site = -1.099240193
45.7434% accepted

energy = -82.74029081
energy/site = -1.149170706
45.9082% accepted

energy = -78.86418244
energy/site = -1.095335867
45.8512% accepted

energy = -73.3834755
energy/site = -1.019214937
45.6439% accepted

energy = -75.54926344
energy/site = -1.049295326
45.7628% accepted

energy = -87.45628144
energy/site = -1.214670576
45.7175% accepted

energy = -77.283903
energy/site = -1.073387542
45.7522% accepted

energy = -70.33984838
energy/site = -0.9769423385
45.7039% accepted

energy = -74.53609594
energy/site = -1.035223555
45.8354% accepted

energy = -79.17112181
energy/site = -1.099598914
45.6482% accepted

energy = -85.09104881
energy/site = -1.181820122
45.9128% accepted

energy = -75.28141594
energy/site = -1.045575221
45.6472% accepted

energy = -79.66369669
energy/site = -1.106440232
45.6598% accepted

energy = -73.39432594
energy/site = -1.019365638
45.7213% accepted

energy = -76.71183506
energy/site = -1.065442154
45.6723% accepted

energy = -85.71496894
energy/site = -1.19048568
45.7607% accepted

energy = -77.85575156
energy/site = -1.081329883
45.6001% accepted

energy = -74.09937056
energy/site = -1.029157924
45.8827% accepted

energy = -78.91607175
energy/site = -1.096056552
45.6142% accepted

energy = -82.72158544
energy/site = -1.148910909
45.8542% accepted

energy = -74.15473781
energy/site = -1.029926914
45.8324% accepted

energy = -80.92638094
energy/site = -1.123977513
45.7595% accepted

energy = -77.02339369
energy/site = -1.069769357
45.6861% accepted

energy = -70.87928306
energy/site = -0.984434487
45.6804% accepted

energy = -77.54464669
energy/site = -1.077008982
45.7334% accepted

energy = -71.02914975
energy/site = -0.9865159688
45.8114% accepted

energy = -81.69625781
energy/site = -1.134670247
45.857% accepted

energy = -71.00722219
energy/site = -0.9862114193
45.7979% accepted

energy = -73.28817169
energy/site = -1.017891273
45.5575% accepted

energy = -83.94452119
energy/site = -1.165896128
45.7336% accepted

energy = -80.35461375
energy/site = -1.116036302
45.7365% accepted

energy = -81.47749537
energy/site = -1.13163188
45.7657% accepted

energy = -76.81700794
energy/site = -1.066902888
45.7715% accepted

energy = -82.1008815
energy/site = -1.140290021
45.7429% accepted

energy = -78.08871431
energy/site = -1.084565477
45.7143% accepted

energy = -73.37471569
energy/site = -1.019093273
45.6955% accepted

energy = -75.10981519
energy/site = -1.043191878
45.6853% accepted

energy = -79.51872731
energy/site = -1.104426768
45.7149% accepted

energy = -77.92048219
energy/site = -1.082228919
45.881% accepted

energy = -78.15442837
energy/site = -1.085478172
45.8051% accepted

energy = -71.55873169
energy/site = -0.9938712734
45.8176% accepted

energy = -80.28967631
energy/site = -1.115134393
45.7829% accepted

energy = -73.65797306
energy/site = -1.023027404
45.7415% accepted

energy = -76.65844575
energy/site = -1.064700635
45.7009% accepted

energy = -70.60380375
energy/site = -0.9806083854
45.5894% accepted

energy = -77.13151913
energy/site = -1.071271099
45.5027% accepted

energy = -82.76540681
energy/site = -1.149519539
45.9637% accepted

energy = -77.18085637
energy/site = -1.071956339
45.6722% accepted

energy = -74.57248369
energy/site = -1.03572894
45.8414% accepted

energy = -73.50451538
energy/site = -1.020896047
45.8443% accepted

energy = -67.1411445
energy/site = -0.9325158958
45.7195% accepted

energy = -81.29397675
energy/site = -1.12908301
45.6768% accepted

energy = -83.30021119
energy/site = -1.156947378
45.6307% accepted

energy = -74.77235344
energy/site = -1.038504909
45.7623% accepted

energy = -79.06388644
energy/site = -1.098109534
45.8236% accepted

energy = -70.22427788
energy/site = -0.9753371927
45.6878% accepted

energy = -82.99668994
energy/site = -1.152731805
45.7255% accepted

energy = -82.55240006
energy/site = -1.146561112
45.7786% accepted

energy = -81.61685269
energy/site = -1.133567398
45.8291% accepted

energy = -76.98216113
energy/site = -1.069196682
45.7144% accepted

energy = -85.02835556
energy/site = -1.180949383
45.644% accepted

energy = -78.94466269
energy/site = -1.096453648
45.6242% accepted

energy = -74.41392131
energy/site = -1.033526685
45.5156% accepted

energy = -76.540578
energy/site = -1.063063583
45.69% accepted

energy = -83.08986619
energy/site = -1.154025919
45.6875% accepted

energy = -73.38278025
energy/site = -1.019205281
45.6553% accepted

energy = -73.54991119
energy/site = -1.021526544
45.7786% accepted

energy = -84.10879594
energy/site = -1.168177721
45.5435% accepted

energy = -81.198831
energy/site = -1.127761542
45.7207% accepted

energy = -83.34177544
energy/site = -1.157524659
45.7656% accepted

energy = -72.26801194
energy/site = -1.003722388
45.624% accepted

energy = -75.60921675
energy/site = -1.05012801
45.7779% accepted

energy = -80.04329812
energy/site = -1.111712474
45.6514% accepted

energy = -79.278648
energy/site = -1.101092333
45.7792% accepted

energy = -76.5850005
energy/site = -1.063680562
45.6908% accepted

energy = -77.30005612
energy/site = -1.073611891
45.7627% accepted

energy = -75.06211013
energy/site = -1.042529307
45.7805% accepted

energy = -81.54706913
energy/site = -1.132598182
45.626% accepted

energy = -79.75370625
energy/site = -1.107690365
45.64% accepted

energy = -73.61663456
energy/site = -1.022453258
45.6945% accepted

energy = -73.62816863
energy/site = -1.022613453
45.5966% accepted

energy = -87.20776406
energy/site = -1.211218945
45.8891% accepted

energy = -71.60578331
energy/site = -0.9945247682
45.8833% accepted

energy = -70.93766081
energy/site = -0.9852452891
45.8169% accepted

energy = -69.20953725
energy/site = -0.9612435729
45.8201% accepted

energy = -73.388895
energy/site = -1.019290208
45.7778% accepted

energy = -89.12643956
energy/site = -1.237867216
45.6205% accepted

energy = -85.0835085
energy/site = -1.181715396
45.7527% accepted

energy = -80.97166575
energy/site = -1.124606469
45.6408% accepted

energy = -73.38412219
energy/site = -1.019223919
45.6828% accepted

energy = -85.64810306
energy/site = -1.189556987
45.7505% accepted

energy = -76.15607606
energy/site = -1.057723279
45.5965% accepted

energy = -76.57094363
energy/site = -1.063485328
45.7999% accepted

energy = -75.86178
energy/site = -1.053635833
45.7578% accepted

energy = -73.10370956
energy/site = -1.015329299
45.7805% accepted

energy = -78.02502262
energy/site = -1.08368087
45.7397% accepted

energy = -78.84339825
energy/site = -1.095047198
45.7774% accepted

energy = -77.96000625
energy/site = -1.082777865
45.9322% accepted

energy = -73.86167681
energy/site = -1.025856622
45.7772% accepted

energy = -82.12871569
energy/site = -1.140676607
45.6909% accepted

energy = -80.18568994
energy/site = -1.113690138
45.722% accepted

energy = -73.03223531
energy/site = -1.014336602
45.6288% accepted

energy = -86.69519644
energy/site = -1.204099951
45.7037% accepted

energy = -76.17276863
energy/site = -1.05795512
45.7895% accepted

energy = -79.94302125
energy/site = -1.11031974
45.6669% accepted

energy = -81.20342288
energy/site = -1.127825318
45.8043% accepted

energy = -75.69751181
energy/site = -1.051354331
45.8101% accepted

energy = -79.94551012
energy/site = -1.110354307
45.6189% accepted

energy = -67.96308
energy/site = -0.9439316667
45.7396% accepted

energy = -78.52845525
energy/site = -1.09067299
45.6914% accepted

energy = -82.40696344
energy/site = -1.144541159
45.5821% accepted

energy = -78.90249675
energy/site = -1.09586801
45.6484% accepted

energy = -79.21237838
energy/site = -1.100171922
45.7406% accepted

energy = -82.41036844
energy/site = -1.144588451
45.7677% accepted

energy = -79.4592195
energy/site = -1.103600271
45.8435% accepted

energy = -81.27006562
energy/site = -1.128750911
45.7771% accepted

energy = -78.05323237
energy/site = -1.084072672
45.8079% accepted

energy = -82.37285775
energy/site = -1.144067469
45.6911% accepted

energy = -83.88194194
energy/site = -1.165026971
45.5803% accepted

energy = -77.52318844
energy/site = -1.076710951
45.7306% accepted

energy = -74.61690225
energy/site = -1.036345865
45.5866% accepted

energy = -88.67176369
energy/site = -1.231552273
45.821% accepted

energy = -80.14577625
energy/site = -1.113135781
45.68% accepted

energy = -81.40192556
energy/site = -1.130582299
45.6898% accepted

energy = -86.50700119
energy/site = -1.201486128
45.7539% accepted

energy = -77.82244706
energy/site = -1.08086732
45.792% accepted

energy = -71.96319356
energy/site = -0.9994887995
45.6537% accepted

energy = -78.13406513
energy/site = -1.085195349
45.7846% accepted

energy = -76.53639713
energy/site = -1.063005516
45.6643% accepted

energy = -73.75418569
energy/site = -1.02436369
45.7814% accepted

energy = -70.20177319
energy/site = -0.9750246276
45.8846% accepted

energy = -72.67073062
energy/site = -1.009315703
45.7509% accepted

energy = -78.33382556
energy/site = -1.087969799
45.799% accepted

energy = -80.90322544
energy/site = -1.123655909
45.6254% accepted

energy = -81.33232238
energy/site = -1.129615589
45.7469% accepted

energy = -76.96478887
energy/site = -1.068955401
45.8222% accepted

energy = -75.16473994
energy/site = -1.043954721
45.7578% accepted

energy = -79.95017175
energy/site = -1.110419052
45.8027% accepted

energy = -81.19168781
energy/site = -1.127662331
45.6205% accepted

energy = -80.89734094
energy/site = -1.12357418
45.6952% accepted

energy = -74.5273995
energy/site = -1.035102771
45.7716% accepted

energy = -74.5794345
energy/site = -1.035825479
45.7649% accepted

energy = -78.19602581
energy/site = -1.086055914
45.656% accepted

energy = -79.22835188
energy/site = -1.100393776
45.5987% accepted

energy = -79.55233331
energy/site = -1.104893518
45.8105% accepted

energy = -73.53018319
energy/site = -1.021252544
45.6938% accepted

energy = -77.89578056
energy/site = -1.081885841
45.8035% accepted

energy = -76.88269556
energy/site = -1.067815216
45.6659% accepted

energy = -79.06619831
energy/site = -1.098141643
45.7582% accepted

energy = -72.87758944
energy/site = -1.012188742
45.6773% accepted

energy = -72.47472394
energy/site = -1.006593388
45.762% accepted

energy = -82.26039019
energy/site = -1.142505419
45.7343% accepted

energy = -76.28315588
energy/site = -1.059488276
45.7348% accepted

energy = -77.98572356
energy/site = -1.083135049
45.7822% accepted

energy = -74.33592956
energy/site = -1.032443466
45.8011% accepted

energy = -86.03902819
energy/site = -1.194986503
45.5746% accepted

energy = -83.44102388
energy/site = -1.158903109
45.705% accepted

energy = -75.71981081
energy/site = -1.051664039
45.7869% accepted

energy = -76.9207905
energy/site = -1.068344313
45.7518% accepted

energy = -79.18596206
energy/site = -1.099805029
45.8562% accepted

energy = -67.45192313
energy/site = -0.9368322656
45.7789% accepted

energy = -83.80982081
energy/site = -1.164025289
45.7595% accepted

energy = -72.26897925
energy/site = -1.003735823
45.6806% accepted

energy = -73.77018619
energy/site = -1.024585919
45.7237% accepted

energy = -74.98883588
energy/site = -1.041511609
45.8444% accepted

energy = -82.30397925
energy/site = -1.143110823
45.5625% accepted

energy = -80.02795894
energy/site = -1.11149943
45.7317% accepted

energy = -79.1706015
energy/site = -1.099591688
45.8038% accepted

energy = -81.93810675
energy/site = -1.13802926
45.8279% accepted

energy = -77.90764125
energy/site = -1.082050573
45.698% accepted

energy = -77.86329881
energy/site = -1.081434706
45.8133% accepted

energy = -74.70959887
energy/site = -1.037633318
45.6715% accepted

energy = -80.96051194
energy/site = -1.124451555
45.8653% accepted

energy = -78.17944219
energy/site = -1.085825586
45.7172% accepted

energy = -83.64394237
energy/site = -1.161721422
45.7415% accepted

energy = -72.94789744
energy/site = -1.013165242
45.7075% accepted

energy = -82.70622919
energy/site = -1.148697628
45.7339% accepted

energy = -72.47410425
energy/site = -1.006584781
45.6468% accepted

energy = -73.2934545
energy/site = -1.017964646
45.6673% accepted

energy = -73.18176994
energy/site = -1.016413471
45.711% accepted

energy = -72.62842106
energy/site = -1.00872807
45.6213% accepted

energy = -77.56098937
energy/site = -1.077235964
45.8224% accepted

energy = -76.26241425
energy/site = -1.059200198
45.6797% accepted

energy = -72.952341
energy/site = -1.013226958
45.7188% accepted

energy = -80.68519856
energy/site = -1.120627758
45.7023% accepted

energy = -81.52199363
energy/site = -1.132249911
45.7194% accepted

energy = -79.71813225
energy/site = -1.107196281
45.8058% accepted

energy = -79.16392031
energy/site = -1.099498893
45.7822% accepted

energy = -76.32200963
energy/site = -1.060027911
45.7616% accepted

energy = -78.54515363
energy/site = -1.090904911
45.7905% accepted

energy = -80.71465706
energy/site = -1.121036904
45.7388% accepted

energy = -72.6606495
energy/site = -1.009175688
45.7207% accepted

energy = -79.57645387
energy/site = -1.105228526
45.7249% accepted

energy = -73.24410638
energy/site = -1.017279255
45.7109% accepted

energy = -81.96253556
energy/site = -1.138368549
45.8197% accepted

energy = -87.01746263
energy/site = -1.20857587
45.6911% accepted

energy = -76.81931044
energy/site = -1.066934867
45.7675% accepted

energy = -72.98002687
energy/site = -1.013611484
45.8127% accepted

energy = -73.39650262
energy/site = -1.01939587
45.8909% accepted

energy = -80.89094587
energy/site = -1.123485359
45.7314% accepted

energy = -71.75667844
energy/site = -0.9966205339
45.7025% accepted

energy = -80.5887675
energy/site = -1.119288437
45.478% accepted

energy = -75.33445312
energy/site = -1.046311849
45.6258% accepted

energy = -85.34265094
energy/site = -1.185314596
45.6906% accepted

energy = -79.91816231
energy/site = -1.109974477
45.6911% accepted

energy = -88.01150381
energy/site = -1.222381997
45.637% accepted

energy = -83.71158713
energy/site = -1.162660932
45.856% accepted

energy = -74.8160925
energy/site = -1.039112396
45.8038% accepted

energy = -69.65064469
energy/site = -0.9673700651
45.7121% accepted

energy = -76.47590063
energy/site = -1.062165286
45.5358% accepted

energy = -79.01821275
energy/site = -1.097475177
45.7279% accepted

energy = -67.78626637
energy/site = -0.9414759219
45.772% accepted

energy = -77.81757206
energy/site = -1.080799612
45.7415% accepted

energy = -75.77514431
energy/site = -1.05243256
45.5946% accepted

energy = -78.115656
energy/site = -1.084939667
45.7449% accepted

energy = -83.87979938
energy/site = -1.164997214
45.6767% accepted

energy = -78.00616969
energy/site = -1.083419023
45.6418% accepted

energy = -73.39121531
energy/site = -1.019322435
45.8431% accepted

energy = -80.02422713
energy/site = -1.111447599
45.806% accepted

energy = -76.10908631
energy/site = -1.057070643
45.6574% accepted

energy = -67.44403612
energy/site = -0.936722724
45.7882% accepted

energy = -80.655372
energy/site = -1.1202135
45.6754% accepted

energy = -73.6381725
energy/site = -1.022752396
45.8043% accepted

energy = -72.40008337
energy/site = -1.005556714
45.6597% accepted

energy = -74.48546138
energy/site = -1.034520297
45.6786% accepted

energy = -71.12234344
energy/site = -0.9878103255
45.5494% accepted

energy = -77.36121806
energy/site = -1.074461362
45.6153% accepted

energy = -84.08416613
energy/site = -1.167835641
45.5764% accepted

energy = -81.00781556
energy/site = -1.125108549
45.744% accepted

energy = -82.24694681
energy/site = -1.142318706
45.7629% accepted

energy = -79.46358019
energy/site = -1.103660836
45.7086% accepted

energy = -78.55518712
energy/site = -1.091044266
45.7749% accepted

energy = -70.72400006
energy/site = -0.9822777786
45.7148% accepted

energy = -82.7355705
energy/site = -1.149105146
45.6894% accepted

energy = -80.65737
energy/site = -1.12024125
45.7505% accepted

energy = -66.80780644
energy/site = -0.9278862005
45.6702% accepted

energy = -76.58675906
energy/site = -1.063704987
45.918% accepted

energy = -72.07314806
energy/site = -1.001015945
45.8841% accepted

energy = -74.34991744
energy/site = -1.032637742
45.8853% accepted

energy = -78.16211606
energy/site = -1.085584945
45.6808% accepted

energy = -74.498307
energy/site = -1.034698708
45.7576% accepted

energy = -86.36776481
energy/site = -1.199552289
45.6891% accepted

energy = -81.62857744
energy/site = -1.133730242
45.6645% accepted

energy = -76.21078388
energy/site = -1.058483109
45.7842% accepted

energy = -73.85022675
energy/site = -1.025697594
45.6952% accepted

energy = -76.82136281
energy/site = -1.066963372
45.6939% accepted

energy = -76.10580525
energy/site = -1.057025073
45.7076% accepted

energy = -83.33311481
energy/site = -1.157404372
45.7898% accepted

energy = -72.24404775
energy/site = -1.003389552
45.8006% accepted

energy = -77.4230055
energy/site = -1.075319521
45.7469% accepted

energy = -75.64191488
energy/site = -1.050582151
45.7718% accepted

energy = -79.8905025
energy/site = -1.109590313
45.8561% accepted

energy = -80.49865406
energy/site = -1.118036862
45.7129% accepted

energy = -79.79236406
energy/site = -1.108227279
45.7698% accepted

energy = -76.11550763
energy/site = -1.057159828
45.6872% accepted

energy = -76.84831687
energy/site = -1.067337734
45.6638% accepted

energy = -82.08076838
energy/site = -1.140010672
45.6387% accepted

energy = -78.79718513
energy/site = -1.094405349
45.824% accepted

energy = -79.33206037
energy/site = -1.101834172
45.6338% accepted

energy = -73.06450331
energy/site = -1.014784768
45.719% accepted

energy = -76.558827
energy/site = -1.063317042
45.6409% accepted

energy = -71.732937
energy/site = -0.9962907917
45.6619% accepted

energy = -76.39578112
energy/site = -1.061052516
45.7045% accepted

energy = -80.0695485
energy/site = -1.112077063
45.6954% accepted

energy = -77.25206794
energy/site = -1.072945388
45.7144% accepted

energy = -78.1838625
energy/site = -1.085886979
45.7192% accepted

energy = -72.05881388
energy/site = -1.000816859
45.7819% accepted

energy = -87.55249988
energy/site = -1.216006943
45.6171% accepted

energy = -73.96949287
energy/site = -1.027354068
45.7366% accepted

energy = -83.89720444
energy/site = -1.165238951
45.7751% accepted

energy = -86.4234825
energy/site = -1.200326146
45.6398% accepted

energy = -77.8489455
energy/site = -1.081235354
45.7332% accepted

energy = -77.60743631
energy/site = -1.07788106
45.8387% accepted

energy = -79.8566865
energy/site = -1.109120646
45.6425% accepted

energy = -76.75115287
energy/site = -1.065988234
45.6142% accepted

energy = -68.20338038
energy/site = -0.9472691719
45.8471% accepted

energy = -83.67834056
energy/site = -1.162199174
45.6187% accepted

energy = -75.52102519
energy/site = -1.048903128
45.8141% accepted

energy = -75.69757444
energy/site = -1.051355201
45.6534% accepted

energy = -70.43918137
energy/site = -0.9783219635
45.9303% accepted

energy = -83.393577
energy/site = -1.158244125
45.7662% accepted

energy = -81.90950456
energy/site = -1.137632008
45.7759% accepted

energy = -84.34422994
energy/site = -1.171447638
45.544% accepted

energy = -77.33936306
energy/site = -1.07415782
45.7112% accepted

energy = -82.87876219
energy/site = -1.151093919
45.7119% accepted

energy = -73.99532494
energy/site = -1.027712846
45.6502% accepted

energy = -75.62709394
energy/site = -1.050376305
45.7% accepted

energy = -76.10633119
energy/site = -1.057032378
45.7842% accepted

energy = -79.38579712
energy/site = -1.102580516
45.6209% accepted

energy = -74.18907169
energy/site = -1.030403773
45.7772% accepted

energy = -72.18152419
energy/site = -1.002521169
45.7282% accepted

energy = -80.34069694
energy/site = -1.115843013
45.7795% accepted

energy = -72.40151344
energy/site = -1.005576576
45.7076% accepted

energy = -82.53445669
energy/site = -1.146311898
45.7322% accepted

energy = -72.64265625
energy/site = -1.008925781
45.7699% accepted

energy = -79.958142
energy/site = -1.11052975
45.7563% accepted

energy = -87.80826619
energy/site = -1.219559253
45.7446% accepted

energy = -82.16107537
energy/site = -1.141126047
45.8224% accepted

energy = -75.13437919
energy/site = -1.043533044
45.5723% accepted

energy = -73.39926994
energy/site = -1.019434305
45.4606% accepted

energy = -73.69420387
energy/site = -1.023530609
45.7213% accepted

energy = -81.49702744
energy/site = -1.131903159
45.7032% accepted

energy = -73.39102369
energy/site = -1.019319773
45.7722% accepted

energy = -71.05757644
energy/site = -0.9869107839
45.6725% accepted

energy = -77.17606894
energy/site = -1.071889846
45.5554% accepted

energy = -70.12491469
energy/site = -0.9739571484
45.6899% accepted

energy = -72.49887506
energy/site = -1.00692882
45.7026% accepted

energy = -74.13750412
energy/site = -1.029687557
45.655% accepted

energy = -77.02848412
energy/site = -1.069840057
45.6435% accepted

energy = -76.59146306
energy/site = -1.06377032
45.7828% accepted

energy = -76.50467475
energy/site = -1.062564927
45.9038% accepted

energy = -80.38767675
energy/site = -1.11649551
45.5448% accepted

energy = -75.98564906
energy/site = -1.055356237
45.6706% accepted

energy = -74.72367975
energy/site = -1.037828885
45.72% accepted

energy = -73.32487162
energy/site = -1.018400995
45.8442% accepted

energy = -75.30959681
energy/site = -1.045966622
45.7278% accepted

energy = -71.16478669
energy/site = -0.9883998151
45.6818% accepted

energy = -75.28257525
energy/site = -1.045591323
45.84% accepted

energy = -78.17126531
energy/site = -1.085712018
45.7906% accepted

energy = -84.79352175
energy/site = -1.177687802
45.6472% accepted

energy = -76.18413731
energy/site = -1.058113018
45.8261% accepted

energy = -74.0230365
energy/site = -1.028097729
45.7942% accepted

energy = -76.01505094
energy/site = -1.055764596
45.7866% accepted

energy = -79.89130594
energy/site = -1.109601471
45.6801% accepted

energy = -72.87045112
energy/site = -1.012089599
45.6266% accepted

energy = -72.30229838
energy/site = -1.004198589
45.7381% accepted

energy = -75.41321775
energy/site = -1.047405802
45.777% accepted

energy = -78.495264
energy/site = -1.090212
45.729% accepted

energy = -75.05292244
energy/site = -1.042401701
45.8642% accepted

energy = -77.01467737
energy/site = -1.069648297
45.6774% accepted

energy = -73.93871587
energy/site = -1.026926609
45.6132% accepted

energy = -82.89893494
energy/site = -1.151374096
45.7443% accepted

energy = -80.74091775
energy/site = -1.121401635
45.7411% accepted

energy = -75.54578438
energy/site = -1.049247005
45.6904% accepted

energy = -79.86470025
energy/site = -1.109231948
45.7352% accepted

energy = -89.99586225
energy/site = -1.249942531
45.6001% accepted

energy = -76.30115662
energy/site = -1.059738286
45.8187% accepted

energy = -82.19995988
energy/site = -1.141666109
45.7697% accepted

energy = -76.97690437
energy/site = -1.069123672
45.5177% accepted

energy = -74.54497969
energy/site = -1.03534694
45.6395% accepted

energy = -76.63487644
energy/site = -1.064373284
45.7117% accepted

energy = -71.74936838
energy/site = -0.9965190052
45.7277% accepted

energy = -76.92689006
energy/site = -1.068429029
45.6439% accepted

energy = -74.16037069
energy/site = -1.030005148
45.7392% accepted

energy = -74.475246
energy/site = -1.034378417
45.5916% accepted

energy = -74.81578406
energy/site = -1.039108112
45.6286% accepted

energy = -79.10409169
energy/site = -1.09866794
45.8412% accepted

energy = -77.46284887
energy/site = -1.075872901
45.6298% accepted

energy = -82.56332081
energy/site = -1.146712789
45.7671% accepted

energy = -70.96883512
energy/site = -0.9856782656
45.4595% accepted

energy = -79.06127531
energy/site = -1.098073268
45.7576% accepted

energy = -81.82778325
energy/site = -1.13649699
45.6325% accepted

energy = -73.61731406
energy/site = -1.022462695
45.7196% accepted

energy = -75.22534237
energy/site = -1.044796422
45.7517% accepted

energy = -81.5889225
energy/site = -1.133179479
45.6824% accepted

energy = -75.28910963
energy/site = -1.045682078
45.7646% accepted

energy = -87.2937585
energy/site = -1.212413313
45.8087% accepted

energy = -77.15542819
energy/site = -1.071603169
45.7573% accepted

energy = -72.5231295
energy/site = -1.007265688
45.6247% accepted

energy = -78.53841075
energy/site = -1.09081126
45.4765% accepted

energy = -77.69489044
energy/site = -1.079095701
45.607% accepted

energy = -76.725861
energy/site = -1.065636958
45.8467% accepted

energy = -78.29494556
energy/site = -1.087429799
45.7047% accepted

energy = -74.71919231
energy/site = -1.03776656
45.7251% accepted

energy = -74.65245525
energy/site = -1.036839656
45.6439% accepted

energy = -75.04572938
energy/site = -1.042301797
45.7345% accepted

energy = -90.68073975
energy/site = -1.259454719
45.6268% accepted

energy = -75.58256963
energy/site = -1.049757911
45.7883% accepted

energy = -82.82621644
energy/site = -1.150364117
45.5739% accepted

energy = -80.5064325
energy/site = -1.118144896
45.6392% accepted

energy = -78.92143294
energy/site = -1.096131013
45.771% accepted

energy = -74.57366719
energy/site = -1.035745378
45.7944% accepted

energy = -74.30463619
energy/site = -1.032008836
45.8357% accepted

energy = -76.60722188
energy/site = -1.063989193
45.7807% accepted

energy = -82.90526363
energy/site = -1.151461995
45.827% accepted

energy = -79.921809
energy/site = -1.110025125
45.7119% accepted

energy = -80.37046594
energy/site = -1.116256471
45.704% accepted

energy = -74.36047669
energy/site = -1.032784398
45.8118% accepted

energy = -77.75313281
energy/site = -1.079904622
45.7868% accepted

energy = -81.61617712
energy/site = -1.133558016
45.7578% accepted

energy = -83.26154194
energy/site = -1.156410305
45.7579% accepted

energy = -79.37686369
energy/site = -1.10245644
45.7045% accepted

energy = -82.29747619
energy/site = -1.143020503
45.8724% accepted

energy = -70.184925
energy/site = -0.974790625
45.8703% accepted

energy = -74.82577612
energy/site = -1.039246891
45.7873% accepted

energy = -79.52999119
energy/site = -1.104583211
45.6435% accepted

energy = -78.56071837
energy/site = -1.091121089
45.6897% accepted

energy = -78.59523037
energy/site = -1.091600422
45.7255% accepted

energy = -75.93593456
energy/site = -1.054665758
45.8751% accepted

energy = -78.38616244
energy/site = -1.088696701
45.6456% accepted

energy = -67.99647769
energy/site = -0.9443955234
45.7347% accepted

energy = -77.00130581
energy/site = -1.069462581
45.7559% accepted

energy = -74.83424475
energy/site = -1.03936451
45.7518% accepted

energy = -76.91359481
energy/site = -1.068244372
45.7502% accepted

energy = -78.27871762
energy/site = -1.087204411
45.7226% accepted

energy = -81.86673225
energy/site = -1.137037948
45.6841% accepted

energy = -68.9838495
energy/site = -0.9581090208
45.7681% accepted

energy = -77.1726735
energy/site = -1.071842687
45.6811% accepted

energy = -80.52181294
energy/site = -1.118358513
45.8005% accepted

energy = -78.99190369
energy/site = -1.097109773
45.5575% accepted

energy = -70.03104731
energy/site = -0.9726534349
45.7877% accepted

energy = -74.24542294
energy/site = -1.03118643
45.7246% accepted

energy = -72.9374895
energy/site = -1.013020688
45.7622% accepted

