
weighting by <swap_x> where x = 8
6 x 24 x 1 system
r   = 3  bondops changed per step 
n/N = 80  bond operators / site
its = 1000000  iterations/loop for 10000 loops

energy = -1069.375914
energy/site = -3.713110814
44.1705% accepted

energy = -3746.849504
energy/site = -13.00989411
43.6592% accepted

energy = -492.1289011
energy/site = -1.708780906
43.9921% accepted

energy = -921.4258502
energy/site = -3.199395313
43.9381% accepted

energy = -285.9605276
energy/site = -0.9929184986
43.7784% accepted

energy = -1636.26673
energy/site = -5.681481703
43.7233% accepted

energy = -615.7383904
energy/site = -2.137980522
43.8176% accepted

energy = -940.8823706
energy/site = -3.266952676
43.8647% accepted

energy = -1294.921688
energy/site = -4.496255859
43.7865% accepted

energy = -4157.809505
energy/site = -14.43683856
43.9197% accepted

energy = -704.2816696
energy/site = -2.445422464
43.7164% accepted

energy = -604.3591926
energy/site = -2.098469419
43.7524% accepted

energy = -568.5777397
energy/site = -1.974228263
43.7473% accepted

energy = -890.0060541
energy/site = -3.090298799
43.8645% accepted

energy = -374.9822072
energy/site = -1.302021553
43.639% accepted

energy = -1453.656226
energy/site = -5.047417452
43.8356% accepted

energy = -3126.806078
energy/site = -10.85696555
43.6742% accepted

energy = -441.837385
energy/site = -1.534157587
43.6948% accepted

energy = -126.5272096
energy/site = -0.4393305889
43.7658% accepted

energy = -427.9750137
energy/site = -1.486024353
43.7239% accepted

energy = -718.6172495
energy/site = -2.495198783
43.7698% accepted

energy = -372.1185822
energy/site = -1.29207841
43.7604% accepted

energy = -259.3737627
energy/site = -0.9006033426
43.8661% accepted

energy = -469.6392882
energy/site = -1.630691973
43.7% accepted

energy = -682.0545484
energy/site = -2.36824496
43.8681% accepted

energy = -177.9272777
energy/site = -0.6178030476
43.6668% accepted

energy = -882.0163605
energy/site = -3.062556807
43.7309% accepted

energy = -331.6834738
energy/site = -1.151678728
43.8274% accepted

energy = -986.2374489
energy/site = -3.424435586
43.8225% accepted

energy = -1371.086865
energy/site = -4.76071828
43.5707% accepted

energy = -281.1797121
energy/site = -0.9763184449
43.7247% accepted

energy = -271.6399856
energy/site = -0.9431943945
43.7381% accepted

energy = -225.7173994
energy/site = -0.7837409703
43.676% accepted

energy = -107.4324378
energy/site = -0.3730292979
43.8278% accepted

energy = -586.081479
energy/site = -2.035005136
43.8194% accepted

energy = -488.7559747
energy/site = -1.697069357
43.8512% accepted

energy = -834.3487173
energy/site = -2.897044157
43.8189% accepted

energy = -257.2736526
energy/site = -0.8933112937
43.7355% accepted

energy = -854.2958507
energy/site = -2.966305037
43.6616% accepted

energy = -233.6834902
energy/site = -0.8114010078
43.7824% accepted

energy = -386.0161816
energy/site = -1.340333964
43.7891% accepted

energy = -2777.572074
energy/site = -9.644347478
43.7726% accepted

energy = -3892.462817
energy/site = -13.51549589
43.7751% accepted

energy = -876.1951463
energy/site = -3.042344258
43.6594% accepted

energy = -495.6864046
energy/site = -1.721133349
43.7374% accepted

energy = -1170.22607
energy/site = -4.063284966
43.7307% accepted

energy = -1691.626831
energy/site = -5.873704275
43.7482% accepted

energy = -1660.936699
energy/site = -5.767141315
43.7754% accepted

energy = -761.1482467
energy/site = -2.642875857
43.7479% accepted

energy = -2186.458936
energy/site = -7.591871307
43.7835% accepted

energy = -801.291966
energy/site = -2.782263771
43.7266% accepted

energy = -985.9330589
energy/site = -3.423378677
43.7721% accepted

energy = -545.0711695
energy/site = -1.892608227
43.7694% accepted

energy = -199.3888881
energy/site = -0.6923225281
43.7501% accepted

energy = -417.0517265
energy/site = -1.448096273
43.8148% accepted

energy = -464.1502392
energy/site = -1.611632775
43.7714% accepted

energy = -353.41383
energy/site = -1.227131354
43.618% accepted

energy = -383.2444249
energy/site = -1.330709809
43.7207% accepted

energy = -430.7652151
energy/site = -1.495712552
43.8098% accepted

energy = -479.7585461
energy/site = -1.665828285
43.6497% accepted

energy = -366.4393466
energy/site = -1.272358842
43.8511% accepted

energy = -373.6240716
energy/site = -1.297305804
43.7074% accepted

energy = -691.8146621
energy/site = -2.402134243
43.7417% accepted

energy = -621.1820513
energy/site = -2.156882123
43.713% accepted

energy = -211.3679712
energy/site = -0.7339165665
43.6827% accepted

energy = -191.3778958
energy/site = -0.6645065828
43.7536% accepted

energy = -329.2466709
energy/site = -1.143217607
43.7091% accepted

energy = -537.5334461
energy/site = -1.866435577
43.6526% accepted

energy = -132.9701497
energy/site = -0.4617019087
43.7038% accepted

energy = -2841.133638
energy/site = -9.865047353
43.832% accepted

energy = -267.6790271
energy/site = -0.9294410663
43.7477% accepted

energy = -2668.849615
energy/site = -9.266838941
43.6899% accepted

energy = -624.0910447
energy/site = -2.166982794
43.8279% accepted

energy = -906.2428527
energy/site = -3.146676572
43.7344% accepted

energy = -85.50522527
energy/site = -0.2968931433
43.8203% accepted

energy = -487.752482
energy/site = -1.693585007
43.7732% accepted

energy = -276.8362546
energy/site = -0.9612369952
43.8547% accepted

energy = -291.3354392
energy/site = -1.011581386
43.8168% accepted

energy = -758.7465011
energy/site = -2.634536462
43.8661% accepted

energy = -284.9826195
energy/site = -0.9895229845
43.7214% accepted

energy = -700.5491258
energy/site = -2.432462242
43.8558% accepted

energy = -268.6027922
energy/site = -0.9326485842
43.8435% accepted

energy = -778.4710785
energy/site = -2.703024578
43.7677% accepted

energy = -447.5859621
energy/site = -1.554117924
43.6696% accepted

energy = -231.8743244
energy/site = -0.805119182
43.7721% accepted

energy = -479.4361429
energy/site = -1.66470883
43.7135% accepted

energy = -4857.751884
energy/site = -16.86719404
43.6868% accepted

energy = -367.926125
energy/site = -1.277521267
43.9343% accepted

energy = -654.7828152
energy/site = -2.273551442
43.8056% accepted

energy = -3095.714517
energy/site = -10.74900874
43.9694% accepted

energy = -359.3142363
energy/site = -1.247618876
43.8603% accepted

energy = -300.2750959
energy/site = -1.042621861
43.9493% accepted

energy = -753.1949586
energy/site = -2.615260273
43.8217% accepted

energy = -1344.114234
energy/site = -4.667063311
43.8692% accepted

energy = -1051.974828
energy/site = -3.652690374
43.679% accepted

energy = -622.1296554
energy/site = -2.160172415
43.7877% accepted

energy = -1311.1243
energy/site = -4.55251493
43.8582% accepted

energy = -355.0490884
energy/site = -1.232809335
43.8452% accepted

energy = -256.7627814
energy/site = -0.8915374354
43.7077% accepted

energy = -212.1386945
energy/site = -0.7365926893
43.7074% accepted

energy = -822.69315
energy/site = -2.856573438
43.5806% accepted

energy = -624.1726585
energy/site = -2.167266175
43.7923% accepted

energy = -140.9671896
energy/site = -0.4894694085
43.764% accepted

energy = -223.4156581
energy/site = -0.7757488129
43.7752% accepted

energy = -1557.164265
energy/site = -5.406820364
43.8267% accepted

energy = -1332.089197
energy/site = -4.625309711
43.9227% accepted

energy = -176.6778298
energy/site = -0.613464687
43.7539% accepted

energy = -794.0514829
energy/site = -2.757123204
43.8318% accepted

energy = -105.296415
energy/site = -0.3656125521
43.8449% accepted

energy = -397.6071874
energy/site = -1.380580512
43.8219% accepted

energy = -646.8355574
energy/site = -2.245956797
43.9375% accepted

energy = -241.1339575
energy/site = -0.8372706858
43.8226% accepted

energy = -1095.960702
energy/site = -3.805419103
43.697% accepted

energy = -176.9617115
energy/site = -0.6144503872
43.7689% accepted

energy = -952.5802745
energy/site = -3.307570398
43.7489% accepted

energy = -302.1322104
energy/site = -1.049070175
43.6781% accepted

energy = -230.81679
energy/site = -0.8014471875
43.7258% accepted

energy = -1722.765283
energy/site = -5.981823898
43.8005% accepted

energy = -469.4371747
energy/site = -1.62999019
43.7479% accepted

energy = -895.0660443
energy/site = -3.107868209
43.9348% accepted

energy = -3500.825805
energy/site = -12.15564516
43.8714% accepted

energy = -974.4075261
energy/site = -3.383359465
43.9242% accepted

energy = -644.5595245
energy/site = -2.238053904
43.9895% accepted

energy = -373.0270177
energy/site = -1.2952327
43.6635% accepted

energy = -1783.452098
energy/site = -6.192542007
43.759% accepted

energy = -503.7608607
energy/site = -1.749169655
43.7178% accepted

energy = -461.8689823
energy/site = -1.603711744
43.8154% accepted

energy = -299.3288155
energy/site = -1.039336165
43.8442% accepted

energy = -267.0539065
energy/site = -0.9272705086
43.7608% accepted

energy = -275.3409759
energy/site = -0.9560450551
44.0146% accepted

energy = -1058.273641
energy/site = -3.674561254
43.6981% accepted

energy = -1335.676204
energy/site = -4.637764596
43.9167% accepted

energy = -699.2102074
energy/site = -2.42781322
43.7051% accepted

energy = -172.630808
energy/site = -0.5994125279
43.6536% accepted

energy = -1432.456752
energy/site = -4.973808166
43.6451% accepted

energy = -282.4380616
energy/site = -0.9806877137
43.6964% accepted

energy = -355.8379198
energy/site = -1.235548333
43.8814% accepted

energy = -761.0244165
energy/site = -2.642445891
43.808% accepted

energy = -346.8717823
energy/site = -1.204415911
43.7991% accepted

energy = -698.309028
energy/site = -2.424684125
43.6745% accepted

energy = -6135.572106
energy/site = -21.30406981
43.7554% accepted

energy = -461.1995378
energy/site = -1.601387284
43.9753% accepted

energy = -502.0674632
energy/site = -1.743289803
43.9993% accepted

energy = -877.6781598
energy/site = -3.047493611
43.7322% accepted

energy = -608.330795
energy/site = -2.112259705
43.8553% accepted

energy = -402.5424667
energy/site = -1.397716898
43.7232% accepted

energy = -768.0072562
energy/site = -2.666691862
44.0277% accepted

energy = -745.4754318
energy/site = -2.58845636
43.8073% accepted

energy = -724.0019182
energy/site = -2.513895549
43.8245% accepted

energy = -546.5334679
energy/site = -1.897685652
43.8106% accepted

energy = -323.06036
energy/site = -1.121737361
43.7382% accepted

energy = -907.4253727
energy/site = -3.150782544
43.6697% accepted

energy = -136.5309131
energy/site = -0.4740656705
43.7115% accepted

energy = -518.0951981
energy/site = -1.79894166
43.7365% accepted

energy = -1048.47708
energy/site = -3.640545415
43.8789% accepted

energy = -1023.68932
energy/site = -3.554476804
43.8492% accepted

energy = -728.5482362
energy/site = -2.529681376
43.7431% accepted

energy = -5472.889693
energy/site = -19.00308921
43.6494% accepted

energy = -658.3812507
energy/site = -2.286046009
43.7028% accepted

energy = -1718.098179
energy/site = -5.965618676
43.8587% accepted

energy = -440.2726147
energy/site = -1.528724357
43.6933% accepted

energy = -393.8159261
energy/site = -1.36741641
43.782% accepted

energy = -256.5941622
energy/site = -0.8909519522
43.7829% accepted

energy = -254.2147312
energy/site = -0.8826900387
43.7279% accepted

energy = -443.226777
energy/site = -1.538981865
43.8455% accepted

energy = -130.8952985
energy/site = -0.4544975642
43.7867% accepted

energy = -569.575547
energy/site = -1.977692871
43.823% accepted

energy = -674.7453928
energy/site = -2.342865947
43.9654% accepted

energy = -815.6699267
energy/site = -2.832187245
43.8965% accepted

energy = -519.3506898
energy/site = -1.803301006
43.7219% accepted

energy = -290.5849062
energy/site = -1.008975369
43.6936% accepted

energy = -510.6595334
energy/site = -1.77312338
43.7936% accepted

energy = -1307.946008
energy/site = -4.541479196
43.9513% accepted

energy = -422.6563121
energy/site = -1.467556639
43.8629% accepted

energy = -620.9390218
energy/site = -2.15603827
43.7886% accepted

energy = -637.2644859
energy/site = -2.212723909
43.7542% accepted

energy = -192.698324
energy/site = -0.6690914029
43.8224% accepted

energy = -898.5667505
energy/site = -3.120023439
43.7736% accepted

energy = -2904.530117
energy/site = -10.08517402
43.895% accepted

energy = -1229.741248
energy/site = -4.26993489
43.6724% accepted

energy = -402.8851925
energy/site = -1.398906918
43.6868% accepted

energy = -634.4727152
energy/site = -2.203030261
43.8628% accepted

energy = -185.6049043
energy/site = -0.6444614731
43.821% accepted

energy = -740.2387863
energy/site = -2.570273564
43.7794% accepted

energy = -1420.224271
energy/site = -4.931334273
43.8348% accepted

energy = -1258.70864
energy/site = -4.370516112
43.8271% accepted

energy = -290.1514254
energy/site = -1.007470227
43.6732% accepted

energy = -794.7107816
energy/site = -2.759412436
43.6699% accepted

energy = -981.1782089
energy/site = -3.406868781
43.7328% accepted

energy = -831.5339242
energy/site = -2.88727057
43.9674% accepted

energy = -1269.558431
energy/site = -4.408188996
43.6703% accepted

energy = -246.200819
energy/site = -0.854863955
43.7593% accepted

energy = -1405.361925
energy/site = -4.879728908
43.7567% accepted

energy = -277.9142713
energy/site = -0.9649801088
43.9265% accepted

energy = -330.3241395
energy/site = -1.146958818
43.7602% accepted

energy = -316.9480646
energy/site = -1.100514113
43.7819% accepted

energy = -675.2839357
energy/site = -2.344735888
43.7837% accepted

energy = -1609.573625
energy/site = -5.588797311
43.7612% accepted

energy = -514.790999
energy/site = -1.787468746
43.7494% accepted

energy = -794.8347639
energy/site = -2.75984293
43.677% accepted

energy = -448.1214621
energy/site = -1.555977299
43.6806% accepted

energy = -1677.488378
energy/site = -5.824612424
43.845% accepted

energy = -833.6140046
energy/site = -2.894493072
43.8365% accepted

energy = -259.384875
energy/site = -0.9006419272
43.7711% accepted

energy = -396.3583725
energy/site = -1.376244349
43.8858% accepted

energy = -591.3450697
energy/site = -2.053281492
43.6233% accepted

energy = -324.5622502
energy/site = -1.126952258
43.8014% accepted

energy = -592.9424836
energy/site = -2.058828068
43.8906% accepted

energy = -553.1512271
energy/site = -1.920663983
43.8224% accepted

energy = -579.0664646
energy/site = -2.010647447
43.7721% accepted

energy = -372.3831793
energy/site = -1.29299715
43.7181% accepted

energy = -728.4889923
energy/site = -2.529475668
43.9333% accepted

energy = -323.6751773
energy/site = -1.123872143
43.7771% accepted

energy = -588.0373853
energy/site = -2.041796477
43.9004% accepted

energy = -357.8019995
energy/site = -1.242368054
43.627% accepted

energy = -420.3865847
energy/site = -1.459675641
43.8365% accepted

energy = -419.7667166
energy/site = -1.457523322
43.842% accepted

energy = -302.7441942
energy/site = -1.051195119
43.8014% accepted

energy = -235.4921171
energy/site = -0.8176809623
43.7923% accepted

energy = -867.1808852
energy/site = -3.01104474
43.913% accepted

energy = -750.7375176
energy/site = -2.606727492
43.845% accepted

energy = -225.6840725
energy/site = -0.7836252517
43.6438% accepted

energy = -1071.078978
energy/site = -3.719024229
43.6368% accepted

energy = -209.8395253
energy/site = -0.7286094627
43.6353% accepted

energy = -200.8060277
energy/site = -0.6972431516
43.8167% accepted

energy = -226.7279333
energy/site = -0.7872497684
43.9604% accepted

energy = -524.2170764
energy/site = -1.820198182
43.8631% accepted

energy = -345.6754199
energy/site = -1.200261875
43.6847% accepted

energy = -9370.044753
energy/site = -32.53487761
43.7485% accepted

energy = -607.5618471
energy/site = -2.109589747
43.8339% accepted

energy = -750.8132949
energy/site = -2.606990607
43.7946% accepted

energy = -265.9165625
energy/site = -0.9233213975
43.6967% accepted

energy = -422.2675492
energy/site = -1.466206768
43.7057% accepted

energy = -717.1972983
energy/site = -2.490268397
43.7146% accepted

energy = -691.2179275
energy/site = -2.400062248
43.7735% accepted

energy = -190.6554487
energy/site = -0.6619980857
43.8888% accepted

energy = -328.0712628
energy/site = -1.139136329
43.7218% accepted

energy = -185.0945911
energy/site = -0.6426895526
43.7456% accepted

energy = -223.809952
energy/site = -0.777117889
43.9386% accepted

energy = -690.6518241
energy/site = -2.398096612
43.8939% accepted

energy = -1056.180122
energy/site = -3.667292092
43.7307% accepted

energy = -302.335936
energy/site = -1.049777555
43.9083% accepted

energy = -312.1795249
energy/site = -1.083956684
43.82% accepted

energy = -112.7240914
energy/site = -0.3914030952
43.6816% accepted

energy = -675.8894002
energy/site = -2.346838195
43.6635% accepted

energy = -953.8652109
energy/site = -3.312031982
43.6722% accepted

energy = -938.910644
energy/site = -3.260106403
43.7939% accepted

energy = -337.2648318
energy/site = -1.171058444
43.8768% accepted

energy = -601.5863034
energy/site = -2.088841331
43.8867% accepted

energy = -1360.468489
energy/site = -4.723848921
43.8153% accepted

energy = -221.536381
energy/site = -0.7692235452
43.9509% accepted

energy = -630.8391945
energy/site = -2.19041387
43.9182% accepted

energy = -388.0154019
energy/site = -1.347275701
43.8565% accepted

energy = -601.391045
energy/site = -2.088163351
43.8013% accepted

energy = -4090.69231
energy/site = -14.20379274
43.732% accepted

energy = -5773.245354
energy/site = -20.04599081
43.6437% accepted

energy = -749.7760709
energy/site = -2.603389135
43.7519% accepted

energy = -1335.937548
energy/site = -4.638672043
43.8713% accepted

energy = -1117.783794
energy/site = -3.881193729
43.67% accepted

energy = -271.5551115
energy/site = -0.9428996926
43.9741% accepted

energy = -168.0722
energy/site = -0.5835840277
43.6757% accepted

energy = -147.4281634
energy/site = -0.5119033452
43.8619% accepted

energy = -1458.37724
energy/site = -5.063809861
43.8773% accepted

energy = -783.9443516
energy/site = -2.722028999
43.7226% accepted

energy = -552.8916645
energy/site = -1.919762724
43.858% accepted

energy = -533.5017042
energy/site = -1.852436473
43.8574% accepted

energy = -281.1549077
energy/site = -0.9762323183
43.7883% accepted

energy = -144.5704149
energy/site = -0.5019806072
43.7043% accepted

energy = -330.7624635
energy/site = -1.148480776
43.8042% accepted

energy = -751.5636225
energy/site = -2.609595911
43.8349% accepted

energy = -1512.098111
energy/site = -5.250340663
43.8668% accepted

energy = -422.5649869
energy/site = -1.467239538
43.7664% accepted

energy = -408.086186
energy/site = -1.416965924
43.7017% accepted

energy = -809.4658646
energy/site = -2.810645363
43.6341% accepted

energy = -241.6442796
energy/site = -0.8390426376
43.7524% accepted

energy = -2449.845381
energy/site = -8.506407573
43.813% accepted

energy = -845.1859382
energy/site = -2.934673397
43.6628% accepted

energy = -301.0547131
energy/site = -1.045328865
43.6462% accepted

energy = -366.8612357
energy/site = -1.273823735
43.8433% accepted

energy = -350.1866672
energy/site = -1.215925928
43.954% accepted

energy = -418.1920121
energy/site = -1.452055597
43.8107% accepted

energy = -1019.808692
energy/site = -3.541002402
43.7069% accepted

energy = -296.1509993
energy/site = -1.028302081
43.6369% accepted

energy = -469.6569382
energy/site = -1.630753258
43.7734% accepted

energy = -131.20456
energy/site = -0.455571389
43.9904% accepted

energy = -524.2328384
energy/site = -1.820252911
43.9298% accepted

energy = -742.9877759
energy/site = -2.579818666
43.7663% accepted

energy = -778.6226083
energy/site = -2.703550723
43.6483% accepted

energy = -6419.72391
energy/site = -22.29070802
43.8071% accepted

energy = -220.3037167
energy/site = -0.7649434608
43.7848% accepted

energy = -443.5398775
energy/site = -1.540069019
43.7604% accepted

energy = -357.3372269
energy/site = -1.24075426
43.8061% accepted

energy = -1073.806936
energy/site = -3.728496307
43.9123% accepted

energy = -673.6143975
energy/site = -2.33893888
43.714% accepted

energy = -928.1510869
energy/site = -3.22274683
43.7786% accepted

energy = -563.0701383
energy/site = -1.955104647
43.8213% accepted

energy = -453.4614032
energy/site = -1.574518761
43.7833% accepted

energy = -456.0105817
energy/site = -1.583370075
43.8554% accepted

energy = -667.3990756
energy/site = -2.317357901
43.7264% accepted

energy = -197.0795714
energy/site = -0.6843040673
43.7966% accepted

energy = -292.6918832
energy/site = -1.016291261
43.9835% accepted

energy = -623.687631
energy/site = -2.165582052
43.6456% accepted

energy = -3111.794916
energy/site = -10.80484346
43.6272% accepted

energy = -3311.404343
energy/site = -11.49793175
43.7079% accepted

energy = -1103.457614
energy/site = -3.831450049
43.8258% accepted

