
weighting by <swap_x> where x = 0
8 x 32 x 1 system
r   = 3  bondops changed per step 
n/N = 80  bond operators / site
its = 1000000  iterations/loop for 10000 loops

energy = -171.3845385
energy/site = -0.3347354268
44.4373% accepted

energy = -170.7416486
energy/site = -0.3334797825
43.7812% accepted

energy = -170.8083424
energy/site = -0.3336100437
43.6592% accepted

energy = -171.2784038
energy/site = -0.3345281323
43.8489% accepted

energy = -172.431819
energy/site = -0.3367808965
43.6864% accepted

energy = -173.8575345
energy/site = -0.3395654971
43.7106% accepted

energy = -173.248404
energy/site = -0.3383757891
43.8146% accepted

energy = -173.0350489
energy/site = -0.3379590798
43.7447% accepted

energy = -171.892731
energy/site = -0.3357279902
43.9675% accepted

energy = -171.0767149
energy/site = -0.3341342087
43.7097% accepted

energy = -171.0756626
energy/site = -0.3341321536
43.591% accepted

energy = -173.0746481
energy/site = -0.3380364221
43.7958% accepted

energy = -170.6975959
energy/site = -0.3333937419
43.6222% accepted

energy = -171.5716222
energy/site = -0.3351008247
43.6699% accepted

energy = -172.0398641
energy/site = -0.3360153596
43.6898% accepted

energy = -170.1665558
energy/site = -0.3323565542
43.6681% accepted

energy = -172.9772119
energy/site = -0.3378461169
43.7513% accepted

energy = -172.9405223
energy/site = -0.3377744575
43.6915% accepted

energy = -170.5095188
energy/site = -0.3330264038
43.813% accepted

energy = -170.0832859
energy/site = -0.3321939177
43.7542% accepted

energy = -172.2267026
energy/site = -0.3363802786
43.7301% accepted

energy = -170.7279071
energy/site = -0.3334529436
43.751% accepted

energy = -169.8159634
energy/site = -0.3316718035
43.8186% accepted

energy = -171.706242
energy/site = -0.3353637539
43.6296% accepted

energy = -169.5700286
energy/site = -0.3311914622
43.7076% accepted

energy = -172.147923
energy/site = -0.3362264121
43.6184% accepted

energy = -171.4015856
energy/site = -0.3347687219
43.5677% accepted

energy = -170.4802129
energy/site = -0.3329691658
43.7266% accepted

energy = -173.17542
energy/site = -0.3382332422
43.7989% accepted

energy = -173.6745368
energy/site = -0.3392080796
43.7564% accepted

energy = -172.8580459
energy/site = -0.3376133708
43.713% accepted

energy = -169.610853
energy/site = -0.3312711973
43.7144% accepted

energy = -171.698571
energy/site = -0.3353487715
43.6193% accepted

energy = -172.1328334
energy/site = -0.3361969402
43.7314% accepted

energy = -175.7596721
energy/site = -0.3432806096
43.6753% accepted

energy = -170.2596244
energy/site = -0.3325383289
43.7468% accepted

energy = -172.9562685
energy/site = -0.3378052119
43.7033% accepted

energy = -171.1271539
energy/site = -0.3342327224
43.5282% accepted

energy = -171.6383873
energy/site = -0.3352312251
43.6835% accepted

energy = -170.4066379
energy/site = -0.3328254646
43.7448% accepted

energy = -165.8686796
energy/site = -0.3239622649
43.7638% accepted

energy = -171.7621331
energy/site = -0.3354729163
43.8052% accepted

energy = -173.2576024
energy/site = -0.3383937546
43.6281% accepted

energy = -168.9577046
energy/site = -0.3299955168
43.6409% accepted

energy = -170.0597557
energy/site = -0.3321479604
43.6882% accepted

energy = -174.1875364
energy/site = -0.340210032
43.7227% accepted

energy = -171.3418076
energy/site = -0.334651968
43.662% accepted

energy = -171.1193175
energy/site = -0.334217417
43.6716% accepted

energy = -172.4578943
energy/site = -0.3368318247
43.6737% accepted

energy = -168.5880405
energy/site = -0.3292735166
43.7485% accepted

energy = -170.8805977
energy/site = -0.3337511675
43.6247% accepted

energy = -170.2838839
energy/site = -0.3325857107
43.6582% accepted

energy = -173.7585011
energy/site = -0.3393720725
43.6483% accepted

energy = -168.3734201
energy/site = -0.3288543362
43.787% accepted

energy = -171.5888685
energy/site = -0.3351345088
43.7209% accepted

energy = -171.9269378
energy/site = -0.3357948003
43.7085% accepted

energy = -172.1318224
energy/site = -0.3361949656
43.6454% accepted

energy = -172.8843094
energy/site = -0.3376646667
43.6697% accepted

energy = -171.1675279
energy/site = -0.3343115779
43.5609% accepted

energy = -170.7119231
energy/site = -0.3334217249
43.7334% accepted

energy = -173.4829774
energy/site = -0.3388339402
43.6862% accepted

energy = -171.1670273
energy/site = -0.3343106001
43.8502% accepted

energy = -172.2283972
energy/site = -0.3363835884
43.6846% accepted

energy = -169.9854859
energy/site = -0.3320029021
43.6536% accepted

energy = -171.2209508
energy/site = -0.3344159194
43.8185% accepted

energy = -169.4281301
energy/site = -0.3309143167
43.703% accepted

energy = -170.3230365
energy/site = -0.3326621807
43.7396% accepted

energy = -173.2606646
energy/site = -0.3383997356
43.7668% accepted

energy = -171.6561645
energy/site = -0.3352659463
43.7785% accepted

energy = -171.5077673
energy/site = -0.3349761079
43.7198% accepted

energy = -173.3371001
energy/site = -0.3385490237
43.765% accepted

energy = -171.0344108
energy/site = -0.3340515835
43.702% accepted

energy = -172.834101
energy/site = -0.3375666035
43.7092% accepted

energy = -171.9800123
energy/site = -0.3358984614
43.7449% accepted

energy = -172.2975904
energy/site = -0.3365187312
43.5672% accepted

energy = -172.0923731
energy/site = -0.3361179163
43.6523% accepted

energy = -170.2069999
energy/site = -0.3324355466
43.7151% accepted

energy = -172.8289148
energy/site = -0.3375564741
43.7895% accepted

energy = -167.473875
energy/site = -0.3270974121
43.6947% accepted

energy = -171.0073478
energy/site = -0.3339987261
43.7017% accepted

energy = -172.3068371
energy/site = -0.3365367913
43.6084% accepted

energy = -172.582128
energy/site = -0.3370744688
43.6389% accepted

energy = -171.3515445
energy/site = -0.3346709854
43.7506% accepted

energy = -171.5082956
energy/site = -0.3349771399
43.7307% accepted

energy = -174.367917
energy/site = -0.3405623379
43.7801% accepted

energy = -171.921057
energy/site = -0.3357833145
43.5913% accepted

energy = -170.7090277
energy/site = -0.3334160698
43.6795% accepted

energy = -171.2765347
energy/site = -0.3345244819
43.7718% accepted

energy = -170.5231624
energy/site = -0.3330530515
43.7734% accepted

energy = -170.1621724
energy/site = -0.3323479929
43.7387% accepted

energy = -171.8312111
energy/site = -0.3356078342
43.8604% accepted

energy = -174.3111832
energy/site = -0.3404515298
43.8077% accepted

energy = -173.3823967
energy/site = -0.3386374937
43.6629% accepted

energy = -171.8801254
energy/site = -0.3357033699
43.6521% accepted

energy = -173.0406375
energy/site = -0.3379699951
43.6675% accepted

energy = -170.8247355
energy/site = -0.3336420615
43.737% accepted

energy = -170.7858446
energy/site = -0.3335661028
43.7941% accepted

energy = -171.9511571
energy/site = -0.3358421038
43.8678% accepted

energy = -173.8683506
energy/site = -0.3395866223
43.7576% accepted

energy = -172.3944769
energy/site = -0.3367079626
43.6006% accepted

energy = -169.5115185
energy/site = -0.3310771846
43.6421% accepted

energy = -174.9198341
energy/site = -0.341640301
43.6512% accepted

energy = -169.9969995
energy/site = -0.3320253896
43.7002% accepted

energy = -173.7768971
energy/site = -0.3394080022
43.705% accepted

energy = -174.8160521
energy/site = -0.3414376018
43.8154% accepted

energy = -173.6823761
energy/site = -0.3392233909
43.7678% accepted

energy = -170.8274044
energy/site = -0.3336472742
43.7359% accepted

energy = -171.414672
energy/site = -0.3347942812
43.843% accepted

energy = -172.1395597
energy/site = -0.3362100776
43.6202% accepted

energy = -171.9810165
energy/site = -0.3359004229
43.6368% accepted

energy = -170.2315635
energy/site = -0.3324835225
43.8699% accepted

energy = -171.8387145
energy/site = -0.3356224893
43.774% accepted

energy = -173.1394196
energy/site = -0.338162929
43.7794% accepted

energy = -173.1399563
energy/site = -0.3381639771
43.7931% accepted

energy = -171.7110188
energy/site = -0.3353730835
43.6331% accepted

energy = -171.6138011
energy/site = -0.3351832053
43.7091% accepted

energy = -173.1069075
energy/site = -0.3380994287
43.6271% accepted

energy = -172.7337053
energy/site = -0.3373705181
43.7294% accepted

energy = -170.7651195
energy/site = -0.333525624
43.8138% accepted

energy = -169.8733106
energy/site = -0.3317838098
43.7319% accepted

energy = -171.953499
energy/site = -0.3358466777
43.7694% accepted

energy = -172.3699628
energy/site = -0.3366600835
43.7761% accepted

energy = -173.5850265
energy/site = -0.3390332549
43.8771% accepted

energy = -171.7995075
energy/site = -0.3355459131
43.8427% accepted

energy = -168.8297659
energy/site = -0.3297456365
43.5389% accepted

energy = -171.5644342
energy/site = -0.3350867856
43.5559% accepted

energy = -174.0386411
energy/site = -0.3399192209
43.722% accepted

energy = -170.1056167
energy/site = -0.3322375327
43.7715% accepted

energy = -173.8694362
energy/site = -0.3395887427
43.9051% accepted

energy = -169.4851901
energy/site = -0.331025762
43.7669% accepted

energy = -171.2538233
energy/site = -0.3344801235
43.7913% accepted

energy = -171.440619
energy/site = -0.334844959
43.8165% accepted

energy = -170.7899164
energy/site = -0.3335740554
43.7591% accepted

energy = -172.0779386
energy/site = -0.3360897239
43.5507% accepted

energy = -172.2014231
energy/site = -0.3363309045
43.8359% accepted

energy = -172.3639035
energy/site = -0.336648249
43.6565% accepted

energy = -169.012422
energy/site = -0.3301023867
43.8629% accepted

energy = -172.0377787
energy/site = -0.3360112866
43.7515% accepted

energy = -172.2982777
energy/site = -0.3365200737
43.5389% accepted

energy = -170.9501918
energy/site = -0.3338870933
43.6077% accepted

energy = -173.3831381
energy/site = -0.3386389417
43.7481% accepted

energy = -172.2248295
energy/site = -0.3363766201
43.8926% accepted

energy = -168.6294263
energy/site = -0.3293543481
43.7786% accepted

energy = -172.8091905
energy/site = -0.3375179502
43.8011% accepted

energy = -172.4927498
energy/site = -0.3368999019
43.7115% accepted

energy = -172.6572934
energy/site = -0.3372212761
43.7318% accepted

energy = -172.0413274
energy/site = -0.3360182175
43.7167% accepted

energy = -172.297605
energy/site = -0.3365187598
43.8732% accepted

energy = -170.5103471
energy/site = -0.3330280217
43.8026% accepted

energy = -172.460973
energy/site = -0.3368378379
43.6934% accepted

energy = -170.0113316
energy/site = -0.3320533821
43.5908% accepted

energy = -169.7470095
energy/site = -0.3315371279
43.7718% accepted

energy = -174.3786199
energy/site = -0.3405832419
43.8092% accepted

energy = -170.1623813
energy/site = -0.3323484009
43.7667% accepted

energy = -171.3349601
energy/site = -0.334638594
43.7546% accepted

energy = -170.9135077
energy/site = -0.3338154448
43.6898% accepted

energy = -172.3036009
energy/site = -0.3365304705
43.6956% accepted

energy = -171.0927814
energy/site = -0.3341655886
43.7239% accepted

energy = -172.3560877
energy/site = -0.3366329839
43.634% accepted

energy = -171.1785349
energy/site = -0.3343330759
43.6875% accepted

energy = -170.1085785
energy/site = -0.3322433174
43.59% accepted

energy = -172.0412363
energy/site = -0.3360180396
43.7159% accepted

energy = -170.361477
energy/site = -0.3327372598
43.6888% accepted

energy = -169.0715048
energy/site = -0.3302177827
43.6368% accepted

energy = -172.2079069
energy/site = -0.3363435681
43.8319% accepted

energy = -174.0648322
energy/site = -0.3399703755
43.7712% accepted

energy = -169.5804191
energy/site = -0.3312117561
43.7028% accepted

energy = -172.2272003
energy/site = -0.3363812505
43.8455% accepted

energy = -168.082917
energy/site = -0.3282869473
43.7437% accepted

energy = -168.4007887
energy/site = -0.3289077905
43.7054% accepted

energy = -170.8050994
energy/site = -0.3336037097
43.6363% accepted

energy = -170.2045972
energy/site = -0.332430854
43.6835% accepted

energy = -169.5113377
energy/site = -0.3310768315
43.697% accepted

energy = -170.257743
energy/site = -0.3325346543
43.8259% accepted

energy = -172.0683874
energy/site = -0.3360710691
43.6653% accepted

energy = -173.2033564
energy/site = -0.3382878054
43.6912% accepted

energy = -169.8289204
energy/site = -0.3316971101
43.6646% accepted

energy = -170.8365716
energy/site = -0.333665179
43.7278% accepted

energy = -172.6757554
energy/site = -0.3372573347
43.7668% accepted

energy = -173.9248436
energy/site = -0.3396969602
43.5978% accepted

energy = -169.7552745
energy/site = -0.3315532705
43.561% accepted

energy = -169.453578
energy/site = -0.3309640195
43.7524% accepted

energy = -174.3789199
energy/site = -0.3405838279
43.7271% accepted

energy = -170.9738003
energy/site = -0.3339332036
43.8233% accepted

energy = -172.7972824
energy/site = -0.3374946921
43.7073% accepted

energy = -169.2874852
energy/site = -0.3306396196
43.7949% accepted

energy = -170.8319066
energy/site = -0.3336560676
43.6229% accepted

energy = -169.4431478
energy/site = -0.3309436479
43.7422% accepted

energy = -171.5910202
energy/site = -0.3351387114
43.503% accepted

energy = -171.4598509
energy/site = -0.3348825212
43.8355% accepted

energy = -172.3076948
energy/site = -0.3365384663
43.6917% accepted

energy = -169.4088907
energy/site = -0.3308767397
43.7119% accepted

energy = -172.007571
energy/site = -0.3359522871
43.5879% accepted

energy = -171.0423521
energy/site = -0.334067094
43.7491% accepted

energy = -170.741358
energy/site = -0.3334792148
43.7535% accepted

energy = -170.8207177
energy/site = -0.3336342144
43.6694% accepted

energy = -169.7287575
energy/site = -0.3315014795
43.739% accepted

energy = -170.450943
energy/site = -0.332911998
43.9297% accepted

energy = -173.1850249
energy/site = -0.3382520017
43.8143% accepted

energy = -171.9636274
energy/site = -0.3358664597
43.6919% accepted

energy = -170.0655817
energy/site = -0.3321593394
43.6922% accepted

energy = -171.4014259
energy/site = -0.3347684099
43.7592% accepted

