
weighting by <swap_x> where x = 4
10 x 40 x 1 system
r   = 3  bondops changed per step 
n/N = 80  bond operators / site
its = 1000000  iterations/loop for 10000 loops

energy = -3601.368312
energy/site = -4.50171039
44.5873% accepted

energy = -1168.302173
energy/site = -1.460377717
43.6702% accepted

energy = -3999.942869
energy/site = -4.999928586
43.8221% accepted

energy = -3893.243725
energy/site = -4.866554656
43.6677% accepted

energy = -2438.789332
energy/site = -3.048486665
43.8332% accepted

energy = -3146.180186
energy/site = -3.932725232
43.6777% accepted

energy = -3490.354027
energy/site = -4.362942534
43.7601% accepted

energy = -2460.852968
energy/site = -3.076066209
43.6574% accepted

energy = -3505.721313
energy/site = -4.382151641
43.7337% accepted

energy = -9306.416958
energy/site = -11.6330212
43.6098% accepted

energy = -2955.937427
energy/site = -3.694921783
43.64% accepted

energy = -18207.90039
energy/site = -22.75987548
43.8666% accepted

energy = -1003.224888
energy/site = -1.25403111
43.7019% accepted

energy = -521.0252143
energy/site = -0.6512815179
43.642% accepted

energy = -12840.64164
energy/site = -16.05080205
43.4795% accepted

energy = -34416.72665
energy/site = -43.02090831
43.7085% accepted

energy = -1849.434794
energy/site = -2.311793493
43.8791% accepted

energy = -3873.273718
energy/site = -4.841592148
43.7493% accepted

energy = -3087.154164
energy/site = -3.858942705
43.7268% accepted

energy = -3612.2635
energy/site = -4.515329376
43.626% accepted

energy = -19371.13193
energy/site = -24.21391491
43.7054% accepted

energy = -36544.99953
energy/site = -45.68124942
43.7047% accepted

energy = -5969.260896
energy/site = -7.46157612
43.6887% accepted

energy = -9200.574315
energy/site = -11.50071789
43.7366% accepted

energy = -8913.669414
energy/site = -11.14208677
43.6073% accepted

energy = -2685.626565
energy/site = -3.357033207
43.5885% accepted

energy = -2629.450977
energy/site = -3.286813721
43.8353% accepted

energy = -7588.495044
energy/site = -9.485618805
43.6565% accepted

energy = -3792.406964
energy/site = -4.740508705
43.6361% accepted

energy = -4582.440798
energy/site = -5.728050998
43.6241% accepted

energy = -3452.728238
energy/site = -4.315910297
43.7107% accepted

energy = -33904.88488
energy/site = -42.3811061
43.7758% accepted

energy = -10917.06729
energy/site = -13.64633411
43.7628% accepted

energy = -2957.391272
energy/site = -3.696739091
43.6718% accepted

energy = -13044.30744
energy/site = -16.30538429
43.7117% accepted

energy = -19974.62589
energy/site = -24.96828237
43.7493% accepted

energy = -1990.408732
energy/site = -2.488010916
43.5488% accepted

energy = -2222.763472
energy/site = -2.77845434
43.4804% accepted

energy = -3923.894245
energy/site = -4.904867807
43.6689% accepted

energy = -35899.33077
energy/site = -44.87416346
43.6296% accepted

energy = -2723.919221
energy/site = -3.404899026
43.6607% accepted

energy = -2311.356933
energy/site = -2.889196166
43.7145% accepted

energy = -5667.715322
energy/site = -7.084644152
43.6838% accepted

energy = -1736.921708
energy/site = -2.171152135
43.7982% accepted

energy = -13189.65152
energy/site = -16.4870644
43.791% accepted

energy = -7684.203127
energy/site = -9.605253908
43.6419% accepted

energy = -2689.321337
energy/site = -3.361651672
43.6252% accepted

energy = -5171.811076
energy/site = -6.464763845
43.6967% accepted

energy = -1712.160523
energy/site = -2.140200654
43.6593% accepted

energy = -3013.775079
energy/site = -3.767218848
43.6924% accepted

energy = -3955.409238
energy/site = -4.944261548
43.6571% accepted

energy = -3487.973544
energy/site = -4.35996693
43.722% accepted

energy = -2603.423172
energy/site = -3.254278964
43.685% accepted

energy = -1441.509235
energy/site = -1.801886543
43.675% accepted

energy = -843.9250889
energy/site = -1.054906361
43.5859% accepted

energy = -17250.29658
energy/site = -21.56287072
43.6018% accepted

energy = -30013.83048
energy/site = -37.5172881
43.6551% accepted

energy = -6660.872859
energy/site = -8.326091074
43.6528% accepted

energy = -1109.423264
energy/site = -1.38677908
43.8211% accepted

energy = -1398.879263
energy/site = -1.748599078
43.6827% accepted

energy = -1520.900943
energy/site = -1.901126179
43.7498% accepted

energy = -14710.43371
energy/site = -18.38804214
43.7055% accepted

energy = -3259.953073
energy/site = -4.074941341
43.6159% accepted

energy = -18029.53302
energy/site = -22.53691628
43.5937% accepted

energy = -9549.473799
energy/site = -11.93684225
43.8151% accepted

energy = -1534.873859
energy/site = -1.918592324
43.7786% accepted

energy = -2466.048512
energy/site = -3.08256064
43.7399% accepted

energy = -3409.456985
energy/site = -4.261821231
43.7853% accepted

energy = -4266.563763
energy/site = -5.333204704
43.8381% accepted

energy = -13200.25071
energy/site = -16.50031338
43.6429% accepted

energy = -29440.53633
energy/site = -36.80067041
43.6592% accepted

energy = -3815.277511
energy/site = -4.769096889
43.7779% accepted

energy = -889.8794469
energy/site = -1.112349309
43.6784% accepted

energy = -2130.250533
energy/site = -2.662813166
43.697% accepted

energy = -2010.601888
energy/site = -2.51325236
43.6513% accepted

energy = -2763.098322
energy/site = -3.453872902
43.6975% accepted

energy = -6921.815436
energy/site = -8.652269295
43.5864% accepted

energy = -9860.266034
energy/site = -12.32533254
43.734% accepted

energy = -2708.611163
energy/site = -3.385763953
43.7104% accepted

energy = -4172.794322
energy/site = -5.215992903
43.6374% accepted

energy = -879.2839014
energy/site = -1.099104877
43.8688% accepted

energy = -3423.985016
energy/site = -4.279981269
43.5956% accepted

energy = -8927.153455
energy/site = -11.15894182
43.6325% accepted

energy = -8978.781331
energy/site = -11.22347666
43.7199% accepted

energy = -1954.199793
energy/site = -2.442749742
43.539% accepted

energy = -4019.07576
energy/site = -5.023844699
43.767% accepted

energy = -3580.677128
energy/site = -4.47584641
43.7363% accepted

energy = -1717.784562
energy/site = -2.147230703
43.5966% accepted

energy = -4003.925021
energy/site = -5.004906276
43.6585% accepted

energy = -4350.617935
energy/site = -5.438272419
43.6051% accepted

energy = -3146.560376
energy/site = -3.933200469
43.7013% accepted

energy = -2034.857353
energy/site = -2.543571691
43.8122% accepted

energy = -3867.128614
energy/site = -4.833910768
43.6126% accepted

