
weighting by <swap_x> where x = 5
9 x 36 x 1 system
r   = 3  bondops changed per step 
n/N = 80  bond operators / site
its = 1000000  iterations/loop for 10000 loops

energy = -6063.443848
energy/site = -9.357166432
45.0842% accepted

energy = -1387.959497
energy/site = -2.141912804
44.2264% accepted

energy = -604.9072691
energy/site = -0.9334988721
44.1908% accepted

energy = -794.9314815
energy/site = -1.226746113
44.1963% accepted

energy = -2172.601748
energy/site = -3.352780476
44.1173% accepted

energy = -2850.068141
energy/site = -4.398253304
44.1416% accepted

energy = -3868.307944
energy/site = -5.969611024
44.2583% accepted

energy = -807.0206133
energy/site = -1.245402181
44.2845% accepted

energy = -332.8906422
energy/site = -0.5137201268
44.3656% accepted

energy = -1687.226867
energy/site = -2.603745165
44.2814% accepted

energy = -608.5259002
energy/site = -0.9390831794
44.2074% accepted

energy = -3062.551128
energy/site = -4.726159148
44.3766% accepted

energy = -1876.602548
energy/site = -2.895991586
44.331% accepted

energy = -1895.666242
energy/site = -2.925410867
44.0442% accepted

energy = -2009.688021
energy/site = -3.101370403
44.3613% accepted

energy = -1551.577015
energy/site = -2.394408974
44.211% accepted

energy = -1671.03864
energy/site = -2.578763333
44.1683% accepted

energy = -4892.597946
energy/site = -7.550305473
44.272% accepted

energy = -1270.275705
energy/site = -1.960302014
44.1721% accepted

energy = -2337.507328
energy/site = -3.607264395
44.3428% accepted

energy = -2429.575678
energy/site = -3.749345182
44.264% accepted

energy = -4393.790778
energy/site = -6.780541325
44.3548% accepted

energy = -6296.475388
energy/site = -9.716783006
44.1023% accepted

energy = -318.9374721
energy/site = -0.492187457
44.2599% accepted

energy = -1671.342652
energy/site = -2.579232487
44.3516% accepted

energy = -9283.284361
energy/site = -14.32605611
44.2996% accepted

energy = -4065.524738
energy/site = -6.273957929
44.2925% accepted

energy = -1887.018749
energy/site = -2.91206597
44.3337% accepted

energy = -4686.397434
energy/site = -7.232094806
44.4088% accepted

energy = -2529.01623
energy/site = -3.902802824
44.2348% accepted

energy = -1534.431805
energy/site = -2.367950317
44.1767% accepted

energy = -1951.03906
energy/site = -3.010862747
44.333% accepted

energy = -1704.488193
energy/site = -2.630383014
44.2422% accepted

energy = -2001.129506
energy/site = -3.088162818
44.3528% accepted

energy = -11003.2553
energy/site = -16.98033225
44.2284% accepted

energy = -2280.856765
energy/site = -3.519840687
44.3081% accepted

energy = -2395.665891
energy/site = -3.697015264
44.3462% accepted

energy = -1102.894471
energy/site = -1.701997641
44.2036% accepted

energy = -1269.400188
energy/site = -1.958950907
44.1426% accepted

energy = -449.1085746
energy/site = -0.693068788
44.3566% accepted

energy = -835.4925518
energy/site = -1.289340358
44.2323% accepted

energy = -1042.728036
energy/site = -1.609148204
44.0134% accepted

energy = -5292.674368
energy/site = -8.167707359
44.197% accepted

energy = -2785.623163
energy/site = -4.298801178
44.2517% accepted

energy = -1541.874369
energy/site = -2.379435755
44.1779% accepted

energy = -2287.568525
energy/site = -3.530198342
44.2373% accepted

energy = -865.9125198
energy/site = -1.336284753
44.2584% accepted

energy = -657.2221699
energy/site = -1.014231744
44.2435% accepted

energy = -702.438321
energy/site = -1.084009755
44.2156% accepted

energy = -692.1428728
energy/site = -1.068121717
44.2057% accepted

energy = -1866.539842
energy/site = -2.880462719
44.3996% accepted

energy = -9714.365059
energy/site = -14.9913041
44.2099% accepted

energy = -8015.64624
energy/site = -12.36982445
44.2398% accepted

energy = -665.9150243
energy/site = -1.027646642
44.364% accepted

energy = -834.3736614
energy/site = -1.287613675
44.1943% accepted

energy = -1578.365084
energy/site = -2.435748586
44.1968% accepted

energy = -4333.046965
energy/site = -6.686800872
44.2551% accepted

energy = -3102.914528
energy/site = -4.788448345
44.2299% accepted

energy = -3020.600654
energy/site = -4.661420763
44.0574% accepted

energy = -800.0251739
energy/site = -1.23460675
44.118% accepted

energy = -4467.651447
energy/site = -6.894523838
44.2287% accepted

energy = -3250.289398
energy/site = -5.015878701
44.3737% accepted

energy = -18265.84285
energy/site = -28.18802909
44.2084% accepted

energy = -827.255399
energy/site = -1.276628702
44.1569% accepted

energy = -518.2750138
energy/site = -0.79980712
44.277% accepted

energy = -1649.698888
energy/site = -2.545831618
44.1737% accepted

energy = -619.3014221
energy/site = -0.9557120711
44.2719% accepted

energy = -8342.548609
energy/site = -12.87430341
44.3002% accepted

energy = -1787.624484
energy/site = -2.758679759
44.2697% accepted

energy = -15219.429
energy/site = -23.48677315
44.3871% accepted

energy = -680.0413111
energy/site = -1.049446468
44.2128% accepted

energy = -716.3778407
energy/site = -1.105521359
44.2459% accepted

energy = -7776.776994
energy/site = -12.00119906
44.3272% accepted

energy = -785.7359069
energy/site = -1.212555412
44.2645% accepted

energy = -3152.642077
energy/site = -4.86518839
44.1693% accepted

energy = -1201.689577
energy/site = -1.854459224
44.2865% accepted

energy = -5863.23302
energy/site = -9.048199105
44.263% accepted

energy = -2979.130053
energy/site = -4.597422921
44.2133% accepted

energy = -642.4065307
energy/site = -0.991368103
44.2486% accepted

energy = -356.1778308
energy/site = -0.5496571462
44.3825% accepted

energy = -1005.814087
energy/site = -1.552182233
44.2243% accepted

energy = -5691.654895
energy/site = -8.783418049
44.3805% accepted

energy = -5711.569391
energy/site = -8.814150295
44.1563% accepted

energy = -2515.717175
energy/site = -3.882279591
44.217% accepted

energy = -2544.64599
energy/site = -3.926922824
44.3091% accepted

energy = -1355.75933
energy/site = -2.092221188
44.1743% accepted

energy = -357.2110394
energy/site = -0.551251604
44.163% accepted

energy = -5045.592797
energy/site = -7.786408638
44.1425% accepted

energy = -1001.921018
energy/site = -1.54617441
44.043% accepted

energy = -4646.420995
energy/site = -7.170402771
44.3975% accepted

energy = -785.0782925
energy/site = -1.211540575
44.1511% accepted

energy = -3103.48383
energy/site = -4.789326898
44.1893% accepted

energy = -3714.109558
energy/site = -5.731650553
44.3356% accepted

energy = -2535.380427
energy/site = -3.912624115
44.3176% accepted

energy = -2021.787471
energy/site = -3.120042394
44.3512% accepted

energy = -1355.733229
energy/site = -2.092180909
44.405% accepted

energy = -732.0929014
energy/site = -1.129772996
44.2138% accepted

energy = -471.1122944
energy/site = -0.7270251457
44.1671% accepted

energy = -717.3486675
energy/site = -1.107019549
44.3029% accepted

energy = -1967.739967
energy/site = -3.036635752
44.2137% accepted

energy = -2100.12661
energy/site = -3.240936127
44.2974% accepted

energy = -1188.059384
energy/site = -1.833424975
44.234% accepted

energy = -981.1987584
energy/site = -1.514195615
44.3313% accepted

energy = -1643.53429
energy/site = -2.536318349
44.3046% accepted

energy = -1604.282384
energy/site = -2.47574442
44.3935% accepted

energy = -1094.95193
energy/site = -1.689740633
44.3133% accepted

energy = -3716.959952
energy/site = -5.736049308
44.1734% accepted

energy = -4339.69175
energy/site = -6.697055169
44.2105% accepted

energy = -886.2579653
energy/site = -1.367682045
44.341% accepted

energy = -8044.646893
energy/site = -12.41457854
44.3109% accepted

energy = -760.4139205
energy/site = -1.173478272
44.1688% accepted

energy = -11481.2285
energy/site = -17.71794521
44.3138% accepted

energy = -2678.257396
energy/site = -4.133113265
44.1523% accepted

energy = -1361.924501
energy/site = -2.101735341
44.0939% accepted

energy = -3017.459583
energy/site = -4.656573431
44.1582% accepted

energy = -8403.773101
energy/site = -12.96878565
44.2114% accepted

energy = -823.8784314
energy/site = -1.271417332
44.1867% accepted

energy = -862.5402458
energy/site = -1.331080626
44.2408% accepted

energy = -619.072124
energy/site = -0.955358216
44.3827% accepted

energy = -1012.346125
energy/site = -1.562262538
44.2289% accepted

energy = -2917.520977
energy/site = -4.502347187
44.2275% accepted

energy = -2164.360872
energy/site = -3.340063073
44.2581% accepted

energy = -1892.577905
energy/site = -2.920644916
44.3279% accepted

energy = -2650.042777
energy/site = -4.089572186
44.3035% accepted

energy = -546.0953887
energy/site = -0.8427397973
44.2865% accepted

energy = -720.290656
energy/site = -1.111559654
44.2499% accepted

energy = -2274.599692
energy/site = -3.51018471
44.2705% accepted

energy = -1477.400205
energy/site = -2.279938588
44.2276% accepted

energy = -3983.949973
energy/site = -6.148070947
44.0656% accepted

energy = -1766.007166
energy/site = -2.7253197
44.2898% accepted

energy = -1597.569489
energy/site = -2.465385014
44.1309% accepted

energy = -1420.193202
energy/site = -2.191656176
44.3368% accepted

energy = -3029.289247
energy/site = -4.674829084
44.2374% accepted

energy = -977.8542575
energy/site = -1.509034348
44.2229% accepted

energy = -1834.336274
energy/site = -2.830765854
44.2721% accepted

energy = -1043.713716
energy/site = -1.610669314
44.1485% accepted

energy = -1098.834381
energy/site = -1.695732069
44.1484% accepted

energy = -3026.407453
energy/site = -4.670381872
44.3234% accepted

energy = -3600.608963
energy/site = -5.556495314
44.1887% accepted

energy = -663.7840382
energy/site = -1.024358084
44.2361% accepted

energy = -620.0634472
energy/site = -0.9568880358
44.2695% accepted

energy = -3317.09993
energy/site = -5.118981373
44.4263% accepted

energy = -1385.472123
energy/site = -2.138074265
44.2462% accepted

energy = -1133.606915
energy/site = -1.749393388
44.328% accepted

energy = -2338.159595
energy/site = -3.608270981
44.2377% accepted

energy = -1349.539168
energy/site = -2.082622173
44.2941% accepted

energy = -1245.906152
energy/site = -1.92269468
44.1492% accepted

energy = -1159.72786
energy/site = -1.789703488
44.3097% accepted

energy = -13406.71702
energy/site = -20.68937812
44.2959% accepted

energy = -646.7142272
energy/site = -0.9980157827
44.2768% accepted

energy = -2483.299129
energy/site = -3.832251743
44.1661% accepted

energy = -1033.909692
energy/site = -1.595539648
44.2625% accepted

energy = -983.1150938
energy/site = -1.517152923
44.1993% accepted

energy = -1097.221188
energy/site = -1.693242574
44.3245% accepted

energy = -1661.127247
energy/site = -2.563467974
44.3229% accepted

energy = -1826.124845
energy/site = -2.818093897
44.0853% accepted

energy = -5573.786968
energy/site = -8.601523099
44.2414% accepted

energy = -1018.291082
energy/site = -1.571436855
44.3652% accepted

energy = -373.2623855
energy/site = -0.5760221999
44.3394% accepted

energy = -1990.323143
energy/site = -3.071486332
44.2346% accepted

energy = -9883.021497
energy/site = -15.25157639
44.2586% accepted

energy = -980.0691046
energy/site = -1.512452322
44.3248% accepted

energy = -4198.268312
energy/site = -6.478809124
44.1231% accepted

energy = -3037.087328
energy/site = -4.68686316
44.2783% accepted

energy = -38869.17266
energy/site = -59.98329113
44.3986% accepted

energy = -3914.590036
energy/site = -6.041034006
44.3598% accepted

energy = -1247.288225
energy/site = -1.924827508
44.2708% accepted

energy = -418.3019054
energy/site = -0.6455276318
44.1839% accepted

energy = -893.0737766
energy/site = -1.378200273
44.1706% accepted

energy = -1620.274147
energy/site = -2.500423066
44.4005% accepted

energy = -1418.054195
energy/site = -2.18835524
44.1117% accepted

energy = -162.1078653
energy/site = -0.2501664588
44.2965% accepted

energy = -3888.565495
energy/site = -6.000872678
44.1561% accepted

energy = -824.4287327
energy/site = -1.272266563
44.2432% accepted

energy = -3700.334361
energy/site = -5.710392533
44.1795% accepted

energy = -12917.69891
energy/site = -19.93472053
44.3432% accepted

energy = -1566.351422
energy/site = -2.417208985
44.2376% accepted

energy = -2968.91551
energy/site = -4.581659738
44.2082% accepted

energy = -650.9852294
energy/site = -1.004606836
44.2991% accepted

energy = -1887.103751
energy/site = -2.912197146
44.1601% accepted

energy = -2170.460675
energy/site = -3.34947635
44.2475% accepted

energy = -2695.299041
energy/site = -4.159412101
44.2502% accepted

energy = -2604.290013
energy/site = -4.018966069
44.2759% accepted

energy = -1693.637132
energy/site = -2.613637549
44.2457% accepted

energy = -1001.840633
energy/site = -1.54605036
44.2145% accepted

energy = -2185.242442
energy/site = -3.37228772
44.4611% accepted

energy = -2204.510359
energy/site = -3.402022159
44.0465% accepted

energy = -3784.774358
energy/site = -5.84070117
44.1962% accepted

energy = -2928.498577
energy/site = -4.519287927
44.1762% accepted

energy = -687.0944135
energy/site = -1.060330885
44.1511% accepted

energy = -967.1466286
energy/site = -1.492510229
44.2658% accepted

energy = -998.0257288
energy/site = -1.540163162
44.2259% accepted

energy = -2117.006192
energy/site = -3.266984865
44.2442% accepted

energy = -650.6496359
energy/site = -1.004088944
44.3677% accepted

energy = -1654.551433
energy/site = -2.553320113
44.1941% accepted

energy = -2183.402555
energy/site = -3.369448388
44.3401% accepted

energy = -1156.576012
energy/site = -1.784839525
44.3086% accepted

energy = -13189.43714
energy/site = -20.35406967
44.1708% accepted

energy = -1195.694913
energy/site = -1.845208199
44.3659% accepted

energy = -4594.899965
energy/site = -7.090895008
44.1174% accepted

energy = -3698.518805
energy/site = -5.707590748
44.2873% accepted

energy = -4301.800574
energy/site = -6.638581133
44.2327% accepted

energy = -1645.376912
energy/site = -2.539161902
44.1829% accepted

energy = -4629.991488
energy/site = -7.145048592
44.2257% accepted

energy = -1360.746878
energy/site = -2.099918022
44.3292% accepted

energy = -1206.191228
energy/site = -1.861406216
44.2997% accepted

energy = -1767.572868
energy/site = -2.727735907
44.3507% accepted

energy = -1507.223972
energy/site = -2.32596292
44.2324% accepted

energy = -1390.503314
energy/site = -2.145838448
44.3851% accepted

energy = -10016.22975
energy/site = -15.45714468
44.1958% accepted

energy = -10738.31939
energy/site = -16.57148055
44.2767% accepted

energy = -3045.037872
energy/site = -4.699132518
44.2511% accepted

energy = -1270.2998
energy/site = -1.960339197
44.332% accepted

energy = -4275.375321
energy/site = -6.597801421
44.4858% accepted

energy = -1067.794042
energy/site = -1.647830311
44.2812% accepted

energy = -712.6809459
energy/site = -1.099816275
44.3478% accepted

energy = -990.0171077
energy/site = -1.527804179
44.2528% accepted

energy = -2156.646573
energy/site = -3.328158292
44.2109% accepted

energy = -3829.843038
energy/site = -5.910251602
44.2039% accepted

energy = -382.5975083
energy/site = -0.5904282536
44.1014% accepted

energy = -1628.948492
energy/site = -2.513809402
44.3096% accepted

energy = -989.7612096
energy/site = -1.527409274
44.2475% accepted

energy = -4979.307758
energy/site = -7.68411691
44.3023% accepted

energy = -495.9064811
energy/site = -0.7652877795
44.1305% accepted

energy = -1222.599501
energy/site = -1.886727625
44.4657% accepted

energy = -612.5506193
energy/site = -0.9452941655
44.1679% accepted

energy = -3826.57126
energy/site = -5.905202562
44.2751% accepted

energy = -6154.885021
energy/site = -9.498279353
44.3663% accepted

energy = -5064.999306
energy/site = -7.816356954
44.2235% accepted

energy = -1431.526873
energy/site = -2.209146409
44.2468% accepted

energy = -1982.820657
energy/site = -3.059908421
44.2304% accepted

energy = -9096.67883
energy/site = -14.03808461
44.2616% accepted

energy = -917.2158592
energy/site = -1.415456573
44.2972% accepted

energy = -755.3431974
energy/site = -1.165653082
44.2403% accepted

energy = -2191.674259
energy/site = -3.382213363
44.2683% accepted

energy = -2905.475548
energy/site = -4.483758561
44.4637% accepted

energy = -2943.670395
energy/site = -4.542701226
44.113% accepted

energy = -1757.371337
energy/site = -2.711992805
44.2392% accepted

energy = -1144.059903
energy/site = -1.765524542
44.3414% accepted

energy = -664.416443
energy/site = -1.025334017
44.2905% accepted

energy = -1516.955361
energy/site = -2.340980496
44.2027% accepted

energy = -3278.842898
energy/site = -5.059942745
44.1199% accepted

energy = -5693.603573
energy/site = -8.786425266
44.2897% accepted

energy = -2266.246814
energy/site = -3.497294466
44.2462% accepted

energy = -1763.730547
energy/site = -2.721806399
44.4205% accepted

energy = -4201.179547
energy/site = -6.483301771
44.2742% accepted

energy = -15369.99792
energy/site = -23.7191326
44.2977% accepted

energy = -1706.642265
energy/site = -2.633707199
44.2183% accepted

energy = -7684.459723
energy/site = -11.85873414
44.2522% accepted

energy = -425.3129201
energy/site = -0.656347099
44.0366% accepted

energy = -1078.900216
energy/site = -1.664969468
44.0048% accepted

energy = -1470.531008
energy/site = -2.269337975
44.3927% accepted

energy = -1344.107324
energy/site = -2.074239697
44.2402% accepted

energy = -2707.718433
energy/site = -4.178577829
44.2915% accepted

energy = -892.1052696
energy/site = -1.376705663
44.3052% accepted

energy = -6458.422383
energy/site = -9.966701208
44.3351% accepted

energy = -3232.797099
energy/site = -4.988884412
44.3668% accepted

energy = -3049.401352
energy/site = -4.705866284
44.3487% accepted

energy = -874.4400433
energy/site = -1.349444511
44.2475% accepted

energy = -863.1736881
energy/site = -1.332058161
44.2762% accepted

energy = -1089.670076
energy/site = -1.681589623
44.3383% accepted

energy = -1512.379662
energy/site = -2.333919232
44.2077% accepted

energy = -736.3247413
energy/site = -1.136303613
44.2% accepted

energy = -471.9251929
energy/site = -0.7282796186
44.2082% accepted

energy = -4751.344974
energy/site = -7.332322491
44.2322% accepted

energy = -697.7521385
energy/site = -1.076777992
44.2034% accepted

energy = -2489.61226
energy/site = -3.841994229
44.3842% accepted

energy = -2107.788096
energy/site = -3.252759407
44.1796% accepted

energy = -9875.59292
energy/site = -15.24011253
44.1266% accepted

energy = -3485.409817
energy/site = -5.378718853
44.233% accepted

energy = -1163.433783
energy/site = -1.795422505
44.3913% accepted

energy = -1056.444734
energy/site = -1.630315947
44.2169% accepted

energy = -1665.62398
energy/site = -2.570407376
44.2462% accepted

energy = -4657.193071
energy/site = -7.187026344
44.2033% accepted

energy = -6599.691943
energy/site = -10.18470979
44.247% accepted

energy = -2120.104029
energy/site = -3.271765477
44.1712% accepted

energy = -1417.866212
energy/site = -2.188065142
44.35% accepted

energy = -1666.143665
energy/site = -2.57120936
44.1329% accepted

energy = -461.2647925
energy/site = -0.7118283835
44.3564% accepted

energy = -2388.974245
energy/site = -3.68668865
44.2284% accepted

energy = -1094.895572
energy/site = -1.689653661
44.2485% accepted

energy = -2254.368084
energy/site = -3.478963092
44.1887% accepted

energy = -1585.663468
energy/site = -2.447011525
44.3877% accepted

energy = -4322.11746
energy/site = -6.669934352
44.2827% accepted

energy = -3247.322107
energy/site = -5.011299548
44.3982% accepted

energy = -1377.42348
energy/site = -2.125653518
44.3726% accepted

energy = -3219.339505
energy/site = -4.96811652
44.2394% accepted

energy = -1353.837901
energy/site = -2.08925602
44.3726% accepted

energy = -1417.33021
energy/site = -2.187237978
44.1188% accepted

energy = -3466.861551
energy/site = -5.350094986
44.3691% accepted

energy = -331.9351631
energy/site = -0.5122456221
44.2205% accepted

energy = -4588.153017
energy/site = -7.08048305
44.1552% accepted

energy = -777.4867933
energy/site = -1.199825298
44.1541% accepted

energy = -546.9267425
energy/site = -0.8440227508
44.355% accepted

energy = -1540.599471
energy/site = -2.37746832
44.2601% accepted

energy = -1087.672858
energy/site = -1.678507497
44.1217% accepted

energy = -5820.71896
energy/site = -8.982590988
44.2377% accepted

energy = -4102.299237
energy/site = -6.330708698
44.1202% accepted

energy = -1521.661312
energy/site = -2.348242765
44.1444% accepted

energy = -1587.865307
energy/site = -2.450409424
44.2633% accepted

energy = -1308.252
energy/site = -2.018907407
44.2674% accepted

energy = -1058.043384
energy/site = -1.632783
44.358% accepted

energy = -510.3303625
energy/site = -0.7875468557
44.2809% accepted

energy = -2461.712338
energy/site = -3.798938794
44.2545% accepted

energy = -1932.889722
energy/site = -2.982854509
44.2629% accepted

energy = -3544.044819
energy/site = -5.469204968
44.1313% accepted

energy = -2436.987235
energy/site = -3.76078277
44.2508% accepted

energy = -1017.364174
energy/site = -1.570006441
44.4012% accepted

energy = -1307.944864
energy/site = -2.018433432
44.1723% accepted

energy = -2426.458472
energy/site = -3.74453468
44.2291% accepted

energy = -1566.746144
energy/site = -2.417818123
44.3646% accepted

energy = -348.8008616
energy/site = -0.5382729346
44.3084% accepted

energy = -1480.177727
energy/site = -2.284224888
44.2899% accepted

energy = -3120.492242
energy/site = -4.815574447
44.264% accepted

energy = -1351.122997
energy/site = -2.085066353
44.3179% accepted

energy = -3040.971555
energy/site = -4.692857339
44.2041% accepted

energy = -4550.785337
energy/site = -7.022816878
44.1908% accepted

energy = -2855.609946
energy/site = -4.406805472
44.1738% accepted

energy = -1466.74723
energy/site = -2.263498812
44.3006% accepted

energy = -7144.049171
energy/site = -11.02476724
44.2771% accepted

energy = -3012.776049
energy/site = -4.649345754
44.189% accepted

energy = -2382.417925
energy/site = -3.676570872
44.4338% accepted

energy = -1196.135586
energy/site = -1.84588825
44.1955% accepted

energy = -1179.420647
energy/site = -1.820093592
44.4889% accepted

energy = -726.025796
energy/site = -1.120410179
44.2119% accepted

energy = -1286.657656
energy/site = -1.985582803
44.3742% accepted

energy = -883.8426857
energy/site = -1.363954762
44.2807% accepted

energy = -558.1866147
energy/site = -0.8613990968
44.2503% accepted

energy = -1630.919008
energy/site = -2.516850321
44.2717% accepted

energy = -5459.154588
energy/site = -8.424621277
44.3146% accepted

energy = -956.7335523
energy/site = -1.476440667
44.0981% accepted

energy = -2019.377692
energy/site = -3.116323598
44.3118% accepted

energy = -2257.136372
energy/site = -3.483235142
44.3333% accepted

energy = -2059.152636
energy/site = -3.177704686
44.4284% accepted

energy = -1991.341305
energy/site = -3.07305757
44.2559% accepted

energy = -1012.658858
energy/site = -1.562745151
44.2916% accepted

energy = -1055.168321
energy/site = -1.628346174
44.2866% accepted

energy = -4938.824967
energy/site = -7.621643468
44.181% accepted

energy = -2492.589847
energy/site = -3.84658927
44.1918% accepted

energy = -4787.323876
energy/site = -7.387845487
44.2788% accepted

energy = -1981.384534
energy/site = -3.057692182
44.0811% accepted

energy = -1556.80168
energy/site = -2.402471729
44.3288% accepted

energy = -1536.515602
energy/site = -2.371166052
44.3341% accepted

energy = -2641.135102
energy/site = -4.075825775
44.2778% accepted

energy = -2560.027887
energy/site = -3.950660319
44.2908% accepted

energy = -2134.89769
energy/site = -3.294595201
44.3567% accepted

energy = -774.9761939
energy/site = -1.195950916
44.2927% accepted

energy = -963.2236268
energy/site = -1.486456214
44.1235% accepted

energy = -3489.276865
energy/site = -5.38468652
44.2708% accepted

energy = -1131.668399
energy/site = -1.74640185
44.2623% accepted

energy = -1212.13114
energy/site = -1.870572747
44.166% accepted

energy = -1213.848363
energy/site = -1.873222783
44.2716% accepted

energy = -2523.83544
energy/site = -3.894807778
44.2736% accepted

energy = -11323.94339
energy/site = -17.47522127
44.2385% accepted

energy = -1085.427539
energy/site = -1.675042498
44.2053% accepted

energy = -3085.715353
energy/site = -4.761906409
44.2417% accepted

energy = -7719.956464
energy/site = -11.91351306
44.2946% accepted

energy = -2037.052051
energy/site = -3.143598844
44.2804% accepted

energy = -2061.443848
energy/site = -3.181240506
44.1344% accepted

energy = -3503.323062
energy/site = -5.40636275
44.1817% accepted

energy = -2229.11711
energy/site = -3.439995541
44.2928% accepted

energy = -2470.946926
energy/site = -3.8131897
44.2823% accepted

energy = -1584.564586
energy/site = -2.445315718
44.2909% accepted

energy = -958.4780232
energy/site = -1.479132752
44.1769% accepted

energy = -6096.931021
energy/site = -9.408844168
44.216% accepted

energy = -1303.184126
energy/site = -2.011086614
44.2703% accepted

energy = -2081.71705
energy/site = -3.212526312
44.3624% accepted

energy = -1085.241745
energy/site = -1.674755779
44.2683% accepted

energy = -2561.678677
energy/site = -3.953207835
44.3769% accepted

energy = -860.1579756
energy/site = -1.327404283
44.2192% accepted

energy = -1466.812809
energy/site = -2.263600013
44.3284% accepted

energy = -658.1088576
energy/site = -1.015600089
44.312% accepted

energy = -1656.720588
energy/site = -2.556667574
44.2252% accepted

energy = -2600.052676
energy/site = -4.012426969
44.1647% accepted

energy = -349.9221183
energy/site = -0.5400032689
44.1748% accepted

energy = -2345.142505
energy/site = -3.619047076
44.2286% accepted

energy = -1140.086907
energy/site = -1.759393375
44.2828% accepted

energy = -1242.8198
energy/site = -1.917931791
44.1632% accepted

energy = -471.6962285
energy/site = -0.7279262786
44.3022% accepted

energy = -549.6040509
energy/site = -0.8481543995
44.2486% accepted

energy = -341.5263262
energy/site = -0.5270467996
44.0969% accepted

energy = -1574.233594
energy/site = -2.429372831
44.3025% accepted

energy = -564.9290822
energy/site = -0.8718041392
44.254% accepted

energy = -2109.710642
energy/site = -3.255726299
44.1442% accepted

energy = -1344.244993
energy/site = -2.07445215
44.2471% accepted

energy = -890.7242836
energy/site = -1.374574512
44.383% accepted

energy = -4278.531398
energy/site = -6.602671911
44.2904% accepted

energy = -2930.909268
energy/site = -4.523008129
44.1398% accepted

energy = -261.7486547
energy/site = -0.4039331092
44.136% accepted

energy = -9904.121729
energy/site = -15.28413847
44.1827% accepted

energy = -4399.478241
energy/site = -6.789318274
44.0784% accepted

energy = -1699.873469
energy/site = -2.623261526
44.2305% accepted

energy = -4171.756567
energy/site = -6.437895936
44.172% accepted

energy = -2807.305636
energy/site = -4.332261784
44.3237% accepted

energy = -3194.973792
energy/site = -4.930515111
44.2506% accepted

energy = -452.5016424
energy/site = -0.6983050036
44.2809% accepted

energy = -1421.387668
energy/site = -2.193499487
44.2437% accepted

energy = -2777.056109
energy/site = -4.285580415
44.2111% accepted

energy = -24523.21373
energy/site = -37.84446563
44.4182% accepted

energy = -1375.124571
energy/site = -2.12210582
44.2794% accepted

energy = -587.0699306
energy/site = -0.9059721151
44.3971% accepted

energy = -13820.73555
energy/site = -21.3282956
44.3167% accepted

energy = -3699.259767
energy/site = -5.708734208
44.2004% accepted

energy = -5572.733926
energy/site = -8.599898034
44.3466% accepted

energy = -1681.936909
energy/site = -2.595581649
44.3762% accepted

energy = -1293.285272
energy/site = -1.995810605
44.2132% accepted

energy = -1553.207936
energy/site = -2.396925828
44.369% accepted

energy = -1389.857205
energy/site = -2.144841366
44.209% accepted

energy = -2556.915518
energy/site = -3.945857282
44.3869% accepted

energy = -5385.644957
energy/site = -8.31118049
44.104% accepted

energy = -1407.65285
energy/site = -2.17230378
44.2518% accepted

