
weighting by <swap_x> where x = 7
5 x 20 x 1 system
r   = 3  bondops changed per step 
n/N = 80  bond operators / site
its = 1000000  iterations/loop for 10000 loops

energy = -552.8777695
energy/site = -2.764388847
44.8792% accepted

energy = -233.8547107
energy/site = -1.169273553
44.617% accepted

energy = -255.5212326
energy/site = -1.277606163
44.6782% accepted

energy = -915.0970657
energy/site = -4.575485329
44.5727% accepted

energy = -235.2325355
energy/site = -1.176162677
44.6253% accepted

energy = -198.248008
energy/site = -0.99124004
44.6149% accepted

energy = -608.5107947
energy/site = -3.042553974
44.7828% accepted

energy = -169.6501727
energy/site = -0.8482508637
44.6442% accepted

energy = -471.104211
energy/site = -2.355521055
44.6033% accepted

energy = -447.7982813
energy/site = -2.238991406
44.6641% accepted

energy = -168.3502364
energy/site = -0.841751182
44.611% accepted

energy = -446.4473852
energy/site = -2.232236926
44.7681% accepted

energy = -482.9821719
energy/site = -2.414910859
44.7553% accepted

energy = -226.2947288
energy/site = -1.131473644
44.5794% accepted

energy = -718.1833356
energy/site = -3.590916678
44.7572% accepted

energy = -309.7161612
energy/site = -1.548580806
44.7915% accepted

energy = -993.5425863
energy/site = -4.967712931
44.6962% accepted

energy = -253.096578
energy/site = -1.26548289
44.7403% accepted

energy = -472.6790532
energy/site = -2.363395266
44.6123% accepted

energy = -761.9402654
energy/site = -3.809701327
44.7021% accepted

energy = -320.7620198
energy/site = -1.603810099
44.6641% accepted

energy = -257.357955
energy/site = -1.286789775
44.8178% accepted

energy = -558.0686382
energy/site = -2.790343191
44.5162% accepted

energy = -545.235052
energy/site = -2.72617526
44.5353% accepted

energy = -615.1357352
energy/site = -3.075678676
44.7654% accepted

energy = -302.9477332
energy/site = -1.514738666
44.4589% accepted

energy = -368.1750706
energy/site = -1.840875353
44.6299% accepted

energy = -265.4645707
energy/site = -1.327322853
44.6583% accepted

energy = -586.4999262
energy/site = -2.932499631
44.6975% accepted

energy = -315.8731894
energy/site = -1.579365947
44.6911% accepted

energy = -657.6662824
energy/site = -3.288331412
44.5848% accepted

energy = -817.7633505
energy/site = -4.088816753
44.5486% accepted

energy = -464.2511606
energy/site = -2.321255803
44.659% accepted

energy = -461.7128607
energy/site = -2.308564303
44.6119% accepted

energy = -299.4711604
energy/site = -1.497355802
44.7112% accepted

energy = -368.8351621
energy/site = -1.84417581
44.6229% accepted

energy = -286.231399
energy/site = -1.431156995
44.7467% accepted

energy = -292.0415404
energy/site = -1.460207702
44.658% accepted

energy = -410.6160358
energy/site = -2.053080179
44.5192% accepted

energy = -325.9552315
energy/site = -1.629776157
44.617% accepted

energy = -410.601452
energy/site = -2.05300726
44.6051% accepted

energy = -251.613423
energy/site = -1.258067115
44.7169% accepted

energy = -321.6317231
energy/site = -1.608158615
44.8151% accepted

energy = -193.1375202
energy/site = -0.9656876012
44.6612% accepted

energy = -416.7981691
energy/site = -2.083990846
44.5135% accepted

energy = -495.9773648
energy/site = -2.479886824
44.7545% accepted

energy = -204.9239954
energy/site = -1.024619977
44.5232% accepted

energy = -420.487629
energy/site = -2.102438145
44.6494% accepted

energy = -1000.826424
energy/site = -5.004132119
44.5872% accepted

energy = -342.336395
energy/site = -1.711681975
44.497% accepted

energy = -302.6805337
energy/site = -1.513402668
44.617% accepted

energy = -419.8066441
energy/site = -2.09903322
44.6274% accepted

energy = -172.1039577
energy/site = -0.8605197884
44.5656% accepted

energy = -164.5101857
energy/site = -0.8225509283
44.6752% accepted

energy = -806.1061007
energy/site = -4.030530503
44.7786% accepted

energy = -324.2310971
energy/site = -1.621155485
44.6311% accepted

energy = -520.2951136
energy/site = -2.601475568
44.8028% accepted

energy = -398.1089879
energy/site = -1.99054494
44.6097% accepted

energy = -379.906976
energy/site = -1.89953488
44.5999% accepted

energy = -928.3844797
energy/site = -4.641922398
44.4642% accepted

energy = -390.0450725
energy/site = -1.950225362
44.5828% accepted

energy = -569.9614629
energy/site = -2.849807315
44.5908% accepted

energy = -301.1357233
energy/site = -1.505678617
44.5157% accepted

energy = -315.8860435
energy/site = -1.579430218
44.7301% accepted

energy = -371.4288198
energy/site = -1.857144099
44.6591% accepted

energy = -196.19876
energy/site = -0.9809938
44.6809% accepted

energy = -660.6408363
energy/site = -3.303204182
44.5246% accepted

energy = -290.8088313
energy/site = -1.454044156
44.7912% accepted

energy = -209.1464434
energy/site = -1.045732217
44.8244% accepted

energy = -309.7349901
energy/site = -1.54867495
44.832% accepted

energy = -276.7532711
energy/site = -1.383766355
44.6332% accepted

energy = -502.8882985
energy/site = -2.514441492
44.6512% accepted

energy = -466.3775131
energy/site = -2.331887566
44.6471% accepted

energy = -754.0629478
energy/site = -3.770314739
44.6468% accepted

energy = -276.253511
energy/site = -1.381267555
44.6934% accepted

energy = -565.1019713
energy/site = -2.825509856
44.7453% accepted

energy = -402.801794
energy/site = -2.01400897
44.6625% accepted

energy = -612.4047863
energy/site = -3.062023932
44.6702% accepted

energy = -319.6075973
energy/site = -1.598037987
44.5633% accepted

energy = -481.9832579
energy/site = -2.409916289
44.7163% accepted

energy = -332.8464615
energy/site = -1.664232307
44.643% accepted

energy = -173.6298873
energy/site = -0.8681494367
44.8725% accepted

energy = -404.7208583
energy/site = -2.023604292
44.6861% accepted

energy = -526.6015394
energy/site = -2.633007697
44.6424% accepted

energy = -379.3120071
energy/site = -1.896560036
44.571% accepted

energy = -336.6887038
energy/site = -1.683443519
44.6148% accepted

energy = -335.4615394
energy/site = -1.677307697
44.5372% accepted

energy = -502.3168538
energy/site = -2.511584269
44.628% accepted

energy = -386.471827
energy/site = -1.932359135
44.5313% accepted

energy = -373.2568012
energy/site = -1.866284006
44.6618% accepted

energy = -502.2038834
energy/site = -2.511019417
44.6386% accepted

energy = -191.6962729
energy/site = -0.9584813646
44.5748% accepted

energy = -537.5611114
energy/site = -2.687805557
44.5316% accepted

energy = -472.250229
energy/site = -2.361251145
44.5772% accepted

energy = -665.6600261
energy/site = -3.32830013
44.5919% accepted

energy = -1169.431788
energy/site = -5.847158941
44.7752% accepted

energy = -437.7929816
energy/site = -2.188964908
44.6232% accepted

energy = -440.1215341
energy/site = -2.200607671
44.4724% accepted

energy = -584.2681997
energy/site = -2.921340998
44.7924% accepted

energy = -399.4565051
energy/site = -1.997282526
44.55% accepted

energy = -293.7004224
energy/site = -1.468502112
44.8481% accepted

energy = -166.796304
energy/site = -0.83398152
44.8526% accepted

energy = -391.6922473
energy/site = -1.958461236
44.7802% accepted

energy = -596.749597
energy/site = -2.983747985
44.6475% accepted

energy = -683.8007975
energy/site = -3.419003987
44.7445% accepted

energy = -156.8503699
energy/site = -0.7842518495
44.5834% accepted

energy = -154.1831007
energy/site = -0.7709155037
44.6589% accepted

energy = -634.1957892
energy/site = -3.170978946
44.6352% accepted

energy = -226.2069293
energy/site = -1.131034646
44.8593% accepted

energy = -552.4301033
energy/site = -2.762150517
44.8436% accepted

energy = -645.9911327
energy/site = -3.229955663
44.6115% accepted

energy = -748.4174004
energy/site = -3.742087002
44.5607% accepted

energy = -1299.330853
energy/site = -6.496654265
44.6093% accepted

energy = -308.2486892
energy/site = -1.541243446
44.4128% accepted

energy = -635.8022636
energy/site = -3.179011318
44.5554% accepted

energy = -747.06872
energy/site = -3.7353436
44.6704% accepted

energy = -183.8657292
energy/site = -0.9193286458
44.5849% accepted

energy = -455.213486
energy/site = -2.27606743
44.6537% accepted

energy = -404.8270715
energy/site = -2.024135357
44.5748% accepted

energy = -228.6768344
energy/site = -1.143384172
44.675% accepted

energy = -456.2897704
energy/site = -2.281448852
44.6418% accepted

energy = -548.2010117
energy/site = -2.741005059
44.5962% accepted

energy = -419.0484296
energy/site = -2.095242148
44.7255% accepted

energy = -790.0555845
energy/site = -3.950277923
44.6563% accepted

energy = -434.488373
energy/site = -2.172441865
44.6612% accepted

energy = -533.0201128
energy/site = -2.665100564
44.7178% accepted

energy = -1259.902162
energy/site = -6.299510808
44.6471% accepted

energy = -261.4454594
energy/site = -1.307227297
44.5008% accepted

energy = -896.0458292
energy/site = -4.480229146
44.5717% accepted

energy = -310.5557168
energy/site = -1.552778584
44.7058% accepted

energy = -314.4315692
energy/site = -1.572157846
44.589% accepted

energy = -521.8001258
energy/site = -2.609000629
44.6648% accepted

energy = -246.6044936
energy/site = -1.233022468
44.6901% accepted

energy = -593.3972786
energy/site = -2.966986393
44.6278% accepted

energy = -558.423412
energy/site = -2.79211706
44.6005% accepted

energy = -454.1815162
energy/site = -2.270907581
44.5462% accepted

energy = -513.6940468
energy/site = -2.568470234
44.6279% accepted

energy = -212.1242657
energy/site = -1.060621328
44.632% accepted

energy = -575.7987661
energy/site = -2.87899383
44.6455% accepted

energy = -267.3112265
energy/site = -1.336556133
44.6037% accepted

energy = -304.6520406
energy/site = -1.523260203
44.5262% accepted

energy = -570.8838732
energy/site = -2.854419366
44.6688% accepted

energy = -235.9527131
energy/site = -1.179763566
44.7416% accepted

energy = -339.9445414
energy/site = -1.699722707
44.7014% accepted

energy = -849.7575823
energy/site = -4.248787911
44.6827% accepted

energy = -510.5099384
energy/site = -2.552549692
44.656% accepted

energy = -421.4225186
energy/site = -2.107112593
44.7548% accepted

energy = -305.599345
energy/site = -1.527996725
44.6718% accepted

energy = -423.043846
energy/site = -2.11521923
44.8046% accepted

energy = -1138.843505
energy/site = -5.694217523
44.7255% accepted

energy = -279.6249253
energy/site = -1.398124627
44.6947% accepted

energy = -697.9865501
energy/site = -3.48993275
44.6931% accepted

energy = -303.9702102
energy/site = -1.519851051
44.6869% accepted

energy = -263.2650553
energy/site = -1.316325276
44.6443% accepted

energy = -382.8970305
energy/site = -1.914485153
44.6285% accepted

energy = -1213.884903
energy/site = -6.069424516
44.5877% accepted

energy = -411.6030768
energy/site = -2.058015384
44.6308% accepted

energy = -936.8551932
energy/site = -4.684275966
44.675% accepted

energy = -266.7862588
energy/site = -1.333931294
44.6656% accepted

energy = -377.5164701
energy/site = -1.88758235
44.7201% accepted

energy = -612.033375
energy/site = -3.060166875
44.669% accepted

energy = -588.3387911
energy/site = -2.941693956
44.6526% accepted

energy = -347.9163973
energy/site = -1.739581986
44.6753% accepted

energy = -397.3586678
energy/site = -1.986793339
44.7137% accepted

energy = -850.9805884
energy/site = -4.254902942
44.7261% accepted

energy = -246.3284766
energy/site = -1.231642383
44.6892% accepted

energy = -284.35312
energy/site = -1.4217656
44.7329% accepted

energy = -130.8294377
energy/site = -0.6541471887
44.6766% accepted

energy = -453.868778
energy/site = -2.26934389
44.6373% accepted

energy = -251.1040473
energy/site = -1.255520237
44.7183% accepted

energy = -618.4507907
energy/site = -3.092253954
44.749% accepted

energy = -707.6252576
energy/site = -3.538126288
44.7779% accepted

energy = -596.3802386
energy/site = -2.981901193
44.7121% accepted

energy = -328.9175604
energy/site = -1.644587802
44.537% accepted

energy = -645.6494876
energy/site = -3.228247438
44.8115% accepted

energy = -693.6138594
energy/site = -3.468069297
44.749% accepted

energy = -174.4714336
energy/site = -0.872357168
44.7862% accepted

energy = -218.0102953
energy/site = -1.090051477
44.5249% accepted

energy = -441.9795232
energy/site = -2.209897616
44.7065% accepted

energy = -1017.674504
energy/site = -5.088372519
44.4924% accepted

energy = -379.4581489
energy/site = -1.897290744
44.5679% accepted

energy = -500.5685207
energy/site = -2.502842603
44.8228% accepted

energy = -291.1847407
energy/site = -1.455923703
44.7106% accepted

energy = -257.4652875
energy/site = -1.287326437
44.6643% accepted

energy = -315.3912221
energy/site = -1.576956111
44.5977% accepted

energy = -868.6381767
energy/site = -4.343190883
44.7784% accepted

energy = -315.1180865
energy/site = -1.575590433
44.7432% accepted

energy = -249.7757251
energy/site = -1.248878626
44.6588% accepted

energy = -331.2485119
energy/site = -1.656242559
44.4767% accepted

energy = -344.3968449
energy/site = -1.721984225
44.5987% accepted

energy = -301.738197
energy/site = -1.508690985
44.6252% accepted

energy = -361.1435949
energy/site = -1.805717975
44.6357% accepted

energy = -724.4398485
energy/site = -3.622199243
44.6242% accepted

energy = -409.8798659
energy/site = -2.049399329
44.672% accepted

energy = -726.2914675
energy/site = -3.631457337
44.4537% accepted

energy = -383.9887292
energy/site = -1.919943646
44.7234% accepted

energy = -315.2792662
energy/site = -1.576396331
44.7563% accepted

energy = -470.0480818
energy/site = -2.350240409
44.6941% accepted

energy = -252.2522715
energy/site = -1.261261358
44.8098% accepted

energy = -420.9939898
energy/site = -2.104969949
44.6144% accepted

energy = -317.5812962
energy/site = -1.587906481
44.6962% accepted

energy = -325.6950654
energy/site = -1.628475327
44.5728% accepted

energy = -355.8964277
energy/site = -1.779482138
44.6811% accepted

energy = -345.6938098
energy/site = -1.728469049
44.7388% accepted

energy = -221.5606726
energy/site = -1.107803363
44.7921% accepted

energy = -187.6657414
energy/site = -0.9383287068
44.7707% accepted

energy = -963.3222161
energy/site = -4.81661108
44.7267% accepted

energy = -342.8821026
energy/site = -1.714410513
44.6233% accepted

energy = -297.2975026
energy/site = -1.486487513
44.7703% accepted

energy = -201.8505044
energy/site = -1.009252522
44.4831% accepted

energy = -1396.807701
energy/site = -6.984038504
44.6771% accepted

energy = -834.3560241
energy/site = -4.17178012
44.7918% accepted

energy = -284.8783487
energy/site = -1.424391744
44.6933% accepted

energy = -481.7449254
energy/site = -2.408724627
44.6946% accepted

energy = -321.6380128
energy/site = -1.608190064
44.5764% accepted

energy = -399.3584377
energy/site = -1.996792188
44.6462% accepted

energy = -218.3533172
energy/site = -1.091766586
44.676% accepted

energy = -258.8462617
energy/site = -1.294231308
44.6285% accepted

energy = -737.748669
energy/site = -3.688743345
44.6444% accepted

energy = -459.5337459
energy/site = -2.29766873
44.6032% accepted

energy = -158.742259
energy/site = -0.7937112949
44.6809% accepted

energy = -357.6126427
energy/site = -1.788063213
44.5792% accepted

energy = -577.4138542
energy/site = -2.887069271
44.7524% accepted

energy = -721.7349187
energy/site = -3.608674593
44.6213% accepted

energy = -361.6469096
energy/site = -1.808234548
44.6979% accepted

energy = -309.9674092
energy/site = -1.549837046
44.5852% accepted

energy = -426.2912949
energy/site = -2.131456475
44.7999% accepted

energy = -449.8781086
energy/site = -2.249390543
44.6093% accepted

energy = -965.0951389
energy/site = -4.825475694
44.5852% accepted

energy = -270.3176098
energy/site = -1.351588049
44.8824% accepted

energy = -509.9481215
energy/site = -2.549740607
44.6597% accepted

energy = -434.9237474
energy/site = -2.174618737
44.6614% accepted

energy = -898.2866042
energy/site = -4.491433021
44.8158% accepted

energy = -666.88965
energy/site = -3.33444825
44.4636% accepted

energy = -350.5798387
energy/site = -1.752899193
44.7343% accepted

energy = -276.5564003
energy/site = -1.382782002
44.8277% accepted

energy = -752.013076
energy/site = -3.76006538
44.5972% accepted

energy = -200.3784421
energy/site = -1.00189221
44.6541% accepted

energy = -474.1108221
energy/site = -2.370554111
44.6712% accepted

energy = -490.8703748
energy/site = -2.454351874
44.7441% accepted

energy = -515.2627818
energy/site = -2.576313909
44.6465% accepted

energy = -273.6458792
energy/site = -1.368229396
44.5646% accepted

energy = -421.4750217
energy/site = -2.107375108
44.7538% accepted

energy = -304.3936785
energy/site = -1.521968393
44.6292% accepted

energy = -419.309604
energy/site = -2.09654802
44.742% accepted

energy = -394.077475
energy/site = -1.970387375
44.6968% accepted

energy = -679.7364154
energy/site = -3.398682077
44.7285% accepted

energy = -327.6185434
energy/site = -1.638092717
44.7268% accepted

energy = -456.718344
energy/site = -2.28359172
44.8929% accepted

energy = -721.5361748
energy/site = -3.607680874
44.6852% accepted

energy = -512.1688394
energy/site = -2.560844197
44.6024% accepted

energy = -545.1534399
energy/site = -2.725767199
44.7513% accepted

energy = -309.9370279
energy/site = -1.549685139
44.7377% accepted

energy = -641.4932646
energy/site = -3.207466323
44.6367% accepted

energy = -394.6647411
energy/site = -1.973323705
44.6858% accepted

energy = -382.7311162
energy/site = -1.913655581
44.743% accepted

energy = -573.1210848
energy/site = -2.865605424
44.7122% accepted

energy = -265.5149501
energy/site = -1.327574751
44.6895% accepted

energy = -404.1410599
energy/site = -2.0207053
44.6585% accepted

energy = -283.3097661
energy/site = -1.416548831
44.7056% accepted

energy = -188.4837044
energy/site = -0.942418522
44.6422% accepted

energy = -411.0716661
energy/site = -2.05535833
44.6399% accepted

energy = -304.4272749
energy/site = -1.522136375
44.5037% accepted

energy = -214.7505792
energy/site = -1.073752896
44.6531% accepted

energy = -292.6366291
energy/site = -1.463183145
44.6637% accepted

energy = -309.0359927
energy/site = -1.545179963
44.667% accepted

energy = -734.8149352
energy/site = -3.674074676
44.6324% accepted

energy = -764.6406364
energy/site = -3.823203182
44.5891% accepted

energy = -202.4184008
energy/site = -1.012092004
44.5311% accepted

energy = -346.5949509
energy/site = -1.732974754
44.6043% accepted

energy = -296.8029482
energy/site = -1.484014741
44.8% accepted

energy = -230.9889899
energy/site = -1.154944949
44.6585% accepted

energy = -157.7450431
energy/site = -0.7887252156
44.5779% accepted

energy = -462.6173048
energy/site = -2.313086524
44.6597% accepted

energy = -647.6239478
energy/site = -3.238119739
44.6502% accepted

energy = -732.7586697
energy/site = -3.663793349
44.6552% accepted

energy = -1378.510934
energy/site = -6.89255467
44.5727% accepted

energy = -283.0344449
energy/site = -1.415172225
44.5599% accepted

energy = -420.1314264
energy/site = -2.100657132
44.5912% accepted

energy = -307.0101751
energy/site = -1.535050875
44.7899% accepted

energy = -486.6883969
energy/site = -2.433441985
44.6587% accepted

energy = -517.4318192
energy/site = -2.587159096
44.5655% accepted

energy = -307.7610324
energy/site = -1.538805162
44.6503% accepted

energy = -561.8769096
energy/site = -2.809384548
44.7356% accepted

energy = -633.5558741
energy/site = -3.167779371
44.6198% accepted

energy = -459.6052594
energy/site = -2.298026297
44.7824% accepted

energy = -313.9963422
energy/site = -1.569981711
44.5574% accepted

energy = -430.9070593
energy/site = -2.154535297
44.6715% accepted

energy = -552.2191929
energy/site = -2.761095964
44.6572% accepted

energy = -439.6736888
energy/site = -2.198368444
44.8223% accepted

energy = -178.4919713
energy/site = -0.8924598564
44.5865% accepted

energy = -427.5455614
energy/site = -2.137727807
44.607% accepted

energy = -1136.631396
energy/site = -5.683156978
44.7222% accepted

energy = -251.2182037
energy/site = -1.256091018
44.6976% accepted

energy = -253.1102055
energy/site = -1.265551028
44.712% accepted

energy = -649.5496885
energy/site = -3.247748443
44.4739% accepted

energy = -532.0437357
energy/site = -2.660218679
44.6606% accepted

energy = -108.8818105
energy/site = -0.5444090526
44.4887% accepted

energy = -245.7710413
energy/site = -1.228855206
44.6304% accepted

energy = -208.4523584
energy/site = -1.042261792
44.6835% accepted

energy = -400.1478366
energy/site = -2.000739183
44.8283% accepted

energy = -296.8850564
energy/site = -1.484425282
44.7173% accepted

energy = -266.2928857
energy/site = -1.331464429
44.6263% accepted

energy = -436.9601851
energy/site = -2.184800925
44.7014% accepted

energy = -553.1537121
energy/site = -2.76576856
44.7717% accepted

energy = -317.6728087
energy/site = -1.588364044
44.5704% accepted

energy = -177.1558767
energy/site = -0.8857793834
44.7925% accepted

energy = -305.0874864
energy/site = -1.525437432
44.6821% accepted

energy = -376.2518116
energy/site = -1.881259058
44.6598% accepted

energy = -1066.22313
energy/site = -5.33111565
44.6249% accepted

energy = -455.9348574
energy/site = -2.279674287
44.6781% accepted

energy = -625.8769651
energy/site = -3.129384825
44.7003% accepted

energy = -296.4776513
energy/site = -1.482388256
44.8204% accepted

energy = -284.1468676
energy/site = -1.420734338
44.6894% accepted

energy = -391.1167159
energy/site = -1.955583579
44.5248% accepted

energy = -327.5721171
energy/site = -1.637860585
44.4882% accepted

energy = -309.1003808
energy/site = -1.545501904
44.6625% accepted

energy = -272.5406813
energy/site = -1.362703406
44.5725% accepted

energy = -897.9218252
energy/site = -4.489609126
44.6877% accepted

energy = -618.1091405
energy/site = -3.090545703
44.5745% accepted

energy = -476.7765702
energy/site = -2.383882851
44.6876% accepted

energy = -465.4031408
energy/site = -2.327015704
44.7292% accepted

energy = -368.1568301
energy/site = -1.840784151
44.7137% accepted

energy = -583.3224893
energy/site = -2.916612446
44.777% accepted

energy = -309.2669285
energy/site = -1.546334642
44.5102% accepted

energy = -469.7948758
energy/site = -2.348974379
44.7034% accepted

energy = -275.8772577
energy/site = -1.379386288
44.6074% accepted

energy = -462.1406911
energy/site = -2.310703455
44.6435% accepted

energy = -446.2375811
energy/site = -2.231187906
44.7198% accepted

energy = -245.2734651
energy/site = -1.226367326
44.6616% accepted

energy = -374.3825073
energy/site = -1.871912536
44.7538% accepted

energy = -456.9313533
energy/site = -2.284656766
44.494% accepted

energy = -184.2020256
energy/site = -0.9210101278
44.6686% accepted

energy = -162.9916758
energy/site = -0.8149583788
44.8181% accepted

energy = -333.7118162
energy/site = -1.668559081
44.7431% accepted

energy = -499.5207526
energy/site = -2.497603763
44.6281% accepted

energy = -619.2839529
energy/site = -3.096419764
44.6528% accepted

energy = -436.5725978
energy/site = -2.182862989
44.8406% accepted

energy = -324.1822336
energy/site = -1.620911168
44.5899% accepted

energy = -546.1171326
energy/site = -2.730585663
44.6731% accepted

energy = -469.5212898
energy/site = -2.347606449
44.5101% accepted

energy = -284.2313983
energy/site = -1.421156991
44.7232% accepted

energy = -360.2876995
energy/site = -1.801438497
44.7504% accepted

energy = -289.2697822
energy/site = -1.446348911
44.7085% accepted

energy = -260.3987387
energy/site = -1.301993693
44.7751% accepted

energy = -353.8556624
energy/site = -1.769278312
44.7694% accepted

energy = -537.9635125
energy/site = -2.689817563
44.6336% accepted

energy = -447.4760501
energy/site = -2.237380251
44.5801% accepted

energy = -220.7993622
energy/site = -1.103996811
44.6653% accepted

energy = -314.743715
energy/site = -1.573718575
44.6875% accepted

energy = -279.5460836
energy/site = -1.397730418
44.7079% accepted

energy = -327.3084796
energy/site = -1.636542398
44.7765% accepted

energy = -175.8765817
energy/site = -0.8793829085
44.6377% accepted

energy = -302.3918828
energy/site = -1.511959414
44.6074% accepted

energy = -261.8442923
energy/site = -1.309221462
44.862% accepted

energy = -728.6285438
energy/site = -3.643142719
44.6846% accepted

energy = -444.8776219
energy/site = -2.224388109
44.6% accepted

energy = -472.9467374
energy/site = -2.364733687
44.7066% accepted

energy = -267.9908497
energy/site = -1.339954248
44.6567% accepted

energy = -706.7833785
energy/site = -3.533916892
44.6599% accepted

energy = -406.0737259
energy/site = -2.030368629
44.6722% accepted

energy = -1174.011492
energy/site = -5.870057459
44.5797% accepted

energy = -313.7332907
energy/site = -1.568666453
44.6355% accepted

energy = -297.380987
energy/site = -1.486904935
44.5237% accepted

energy = -398.6911866
energy/site = -1.993455933
44.5531% accepted

energy = -462.7383464
energy/site = -2.313691732
44.6467% accepted

energy = -479.4845622
energy/site = -2.397422811
44.6777% accepted

energy = -185.5947582
energy/site = -0.927973791
44.6478% accepted

energy = -318.7331003
energy/site = -1.593665501
44.6279% accepted

energy = -219.7868185
energy/site = -1.098934092
44.7034% accepted

energy = -308.4709851
energy/site = -1.542354925
44.6629% accepted

energy = -225.621014
energy/site = -1.12810507
44.5627% accepted

energy = -568.449175
energy/site = -2.842245875
44.6356% accepted

energy = -589.2245956
energy/site = -2.946122978
44.5762% accepted

energy = -378.4553817
energy/site = -1.892276908
44.7957% accepted

energy = -208.4132112
energy/site = -1.042066056
44.6061% accepted

energy = -288.0594543
energy/site = -1.440297272
44.8172% accepted

energy = -162.395525
energy/site = -0.8119776249
44.5879% accepted

energy = -1454.726218
energy/site = -7.27363109
44.6228% accepted

energy = -363.5458461
energy/site = -1.817729231
44.6588% accepted

energy = -508.1065487
energy/site = -2.540532743
44.73% accepted

energy = -213.4062894
energy/site = -1.067031447
44.7331% accepted

energy = -470.3586902
energy/site = -2.351793451
44.5855% accepted

energy = -215.5265913
energy/site = -1.077632957
44.4601% accepted

energy = -577.0054967
energy/site = -2.885027484
44.6871% accepted

energy = -232.8905937
energy/site = -1.164452968
44.6705% accepted

energy = -401.1378821
energy/site = -2.00568941
44.7517% accepted

energy = -736.5175051
energy/site = -3.682587526
44.6439% accepted

energy = -324.4083247
energy/site = -1.622041624
44.6734% accepted

energy = -1119.584926
energy/site = -5.597924632
44.539% accepted

energy = -292.1511683
energy/site = -1.460755841
44.6187% accepted

energy = -375.8465567
energy/site = -1.879232784
44.5961% accepted

energy = -943.7722293
energy/site = -4.718861147
44.8112% accepted

energy = -844.3449554
energy/site = -4.221724777
44.7307% accepted

energy = -274.252744
energy/site = -1.37126372
44.6809% accepted

energy = -3605.101618
energy/site = -18.02550809
44.6419% accepted

energy = -345.1967001
energy/site = -1.725983501
44.616% accepted

energy = -462.3290331
energy/site = -2.311645166
44.8587% accepted

energy = -455.4538724
energy/site = -2.277269362
44.579% accepted

energy = -645.3814003
energy/site = -3.226907001
44.7715% accepted

energy = -648.5644587
energy/site = -3.242822294
44.6729% accepted

energy = -366.6212822
energy/site = -1.833106411
44.6674% accepted

energy = -668.0962964
energy/site = -3.340481482
44.6479% accepted

energy = -471.4608102
energy/site = -2.357304051
44.6057% accepted

energy = -331.6455953
energy/site = -1.658227976
44.5737% accepted

energy = -541.5769383
energy/site = -2.707884691
44.5797% accepted

energy = -524.7959335
energy/site = -2.623979667
44.646% accepted

energy = -199.5690681
energy/site = -0.9978453404
44.6635% accepted

energy = -321.9030302
energy/site = -1.609515151
44.6595% accepted

energy = -258.0878063
energy/site = -1.290439032
44.4865% accepted

energy = -314.4979225
energy/site = -1.572489613
44.5774% accepted

energy = -329.9168082
energy/site = -1.649584041
44.6789% accepted

energy = -303.5604257
energy/site = -1.517802128
44.596% accepted

energy = -632.3809665
energy/site = -3.161904832
44.6071% accepted

energy = -187.5836047
energy/site = -0.9379180235
44.5574% accepted

energy = -210.7426163
energy/site = -1.053713081
44.7413% accepted

energy = -329.9028124
energy/site = -1.649514062
44.6771% accepted

energy = -385.8254026
energy/site = -1.929127013
44.6342% accepted

energy = -738.3787482
energy/site = -3.691893741
44.7945% accepted

energy = -195.2673364
energy/site = -0.9763366819
44.6992% accepted

energy = -166.798389
energy/site = -0.833991945
44.6327% accepted

energy = -346.5085016
energy/site = -1.732542508
44.8315% accepted

energy = -271.6373819
energy/site = -1.35818691
44.6152% accepted

energy = -389.176079
energy/site = -1.945880395
44.4862% accepted

energy = -430.1803076
energy/site = -2.150901538
44.7217% accepted

energy = -341.0199767
energy/site = -1.705099884
44.6472% accepted

energy = -388.4861547
energy/site = -1.942430774
44.7131% accepted

energy = -763.7516679
energy/site = -3.818758339
44.6457% accepted

energy = -199.930809
energy/site = -0.9996540452
44.6545% accepted

energy = -278.7504887
energy/site = -1.393752443
44.603% accepted

energy = -570.3835435
energy/site = -2.851917718
44.5225% accepted

energy = -460.5117492
energy/site = -2.302558746
44.5821% accepted

energy = -455.8937582
energy/site = -2.279468791
44.6282% accepted

energy = -406.4561164
energy/site = -2.032280582
44.6351% accepted

energy = -182.1522949
energy/site = -0.9107614744
44.8603% accepted

energy = -427.4566292
energy/site = -2.137283146
44.6738% accepted

energy = -1230.05966
energy/site = -6.150298302
44.7373% accepted

energy = -332.3410957
energy/site = -1.661705479
44.7022% accepted

energy = -487.9037793
energy/site = -2.439518896
44.7584% accepted

energy = -977.2541925
energy/site = -4.886270963
44.5426% accepted

energy = -275.1164492
energy/site = -1.375582246
44.6752% accepted

energy = -190.9076017
energy/site = -0.9545380086
44.6635% accepted

energy = -194.8318462
energy/site = -0.9741592312
44.7037% accepted

energy = -278.0727546
energy/site = -1.390363773
44.6182% accepted

energy = -365.34602
energy/site = -1.8267301
44.6705% accepted

energy = -325.6554185
energy/site = -1.628277092
44.6617% accepted

energy = -441.7688222
energy/site = -2.208844111
44.4308% accepted

energy = -251.3417673
energy/site = -1.256708837
44.674% accepted

energy = -279.8119369
energy/site = -1.399059684
44.6543% accepted

energy = -508.9918117
energy/site = -2.544959058
44.6287% accepted

energy = -587.8291212
energy/site = -2.939145606
44.781% accepted

energy = -714.2065552
energy/site = -3.571032776
44.7968% accepted

energy = -274.2470036
energy/site = -1.371235018
44.6232% accepted

energy = -576.2587244
energy/site = -2.881293622
44.6131% accepted

energy = -250.4757803
energy/site = -1.252378902
44.712% accepted

energy = -216.9145553
energy/site = -1.084572777
44.6251% accepted

energy = -458.849802
energy/site = -2.29424901
44.6163% accepted

energy = -325.5692529
energy/site = -1.627846264
44.7625% accepted

energy = -470.6527517
energy/site = -2.353263759
44.631% accepted

energy = -313.9252565
energy/site = -1.569626282
44.5891% accepted

energy = -258.2452845
energy/site = -1.291226423
44.7433% accepted

energy = -638.5547839
energy/site = -3.19277392
44.6444% accepted

energy = -1125.204264
energy/site = -5.626021319
44.6688% accepted

energy = -521.7749779
energy/site = -2.60887489
44.561% accepted

energy = -820.8884233
energy/site = -4.104442116
44.675% accepted

energy = -522.1903513
energy/site = -2.610951756
44.6429% accepted

energy = -279.5017261
energy/site = -1.397508631
44.7064% accepted

energy = -561.0434174
energy/site = -2.805217087
44.6181% accepted

energy = -450.2424334
energy/site = -2.251212167
44.7827% accepted

energy = -279.6386319
energy/site = -1.398193159
44.6301% accepted

energy = -548.1132378
energy/site = -2.740566189
44.7718% accepted

energy = -579.363616
energy/site = -2.89681808
44.6223% accepted

energy = -266.6824985
energy/site = -1.333412492
44.6458% accepted

energy = -211.0406067
energy/site = -1.055203033
44.6266% accepted

energy = -309.0856516
energy/site = -1.545428258
44.6596% accepted

energy = -203.1225286
energy/site = -1.015612643
44.8576% accepted

energy = -716.968793
energy/site = -3.584843965
44.8423% accepted

energy = -449.4351838
energy/site = -2.247175919
44.6297% accepted

energy = -552.4380584
energy/site = -2.762190292
44.6831% accepted

energy = -380.2029221
energy/site = -1.90101461
44.5889% accepted

energy = -273.6300753
energy/site = -1.368150377
44.7333% accepted

energy = -860.0747309
energy/site = -4.300373654
44.6129% accepted

energy = -437.7703522
energy/site = -2.188851761
44.5508% accepted

energy = -506.1419192
energy/site = -2.530709596
44.6291% accepted

energy = -371.2038542
energy/site = -1.856019271
44.5987% accepted

energy = -357.3787511
energy/site = -1.786893756
44.6163% accepted

energy = -341.472068
energy/site = -1.70736034
44.5026% accepted

energy = -224.561611
energy/site = -1.122808055
44.5891% accepted

energy = -249.3734195
energy/site = -1.246867097
44.7899% accepted

energy = -287.4787508
energy/site = -1.437393754
44.5408% accepted

energy = -653.7492794
energy/site = -3.268746397
44.6489% accepted

energy = -321.3738408
energy/site = -1.606869204
44.6288% accepted

energy = -400.3283653
energy/site = -2.001641826
44.7541% accepted

energy = -239.9018989
energy/site = -1.199509495
44.7836% accepted

energy = -410.4255708
energy/site = -2.052127854
44.6019% accepted

energy = -360.3817641
energy/site = -1.801908821
44.6572% accepted

energy = -401.4279586
energy/site = -2.007139793
44.5645% accepted

energy = -520.1347357
energy/site = -2.600673679
44.8189% accepted

energy = -357.0038772
energy/site = -1.785019386
44.5738% accepted

energy = -441.6339802
energy/site = -2.208169901
44.6456% accepted

energy = -490.2267399
energy/site = -2.4511337
44.7455% accepted

energy = -415.6150821
energy/site = -2.07807541
44.6545% accepted

energy = -295.7424527
energy/site = -1.478712264
44.7639% accepted

energy = -390.5118212
energy/site = -1.952559106
44.6185% accepted

energy = -463.5818461
energy/site = -2.31790923
44.8368% accepted

energy = -586.4980931
energy/site = -2.932490466
44.6301% accepted

energy = -424.2941361
energy/site = -2.12147068
44.7579% accepted

energy = -659.3179748
energy/site = -3.296589874
44.7405% accepted

energy = -1739.194037
energy/site = -8.695970186
44.676% accepted

energy = -204.0980126
energy/site = -1.020490063
44.6554% accepted

energy = -265.7852487
energy/site = -1.328926243
44.6114% accepted

energy = -881.4014786
energy/site = -4.407007393
44.6862% accepted

energy = -198.7401561
energy/site = -0.9937007803
44.7595% accepted

energy = -355.5163974
energy/site = -1.777581987
44.6965% accepted

energy = -276.0052048
energy/site = -1.380026024
44.6095% accepted

energy = -146.1400596
energy/site = -0.7307002978
44.7584% accepted

energy = -762.1153545
energy/site = -3.810576773
44.6651% accepted

energy = -2038.327803
energy/site = -10.19163901
44.737% accepted

energy = -244.9782494
energy/site = -1.224891247
44.611% accepted

energy = -295.8191059
energy/site = -1.47909553
44.6949% accepted

energy = -306.0073084
energy/site = -1.530036542
44.7155% accepted

energy = -184.3859184
energy/site = -0.921929592
44.8017% accepted

energy = -903.5706174
energy/site = -4.517853087
44.6403% accepted

energy = -171.8814244
energy/site = -0.8594071219
44.6924% accepted

energy = -600.0726416
energy/site = -3.000363208
44.5758% accepted

energy = -459.3741653
energy/site = -2.296870826
44.7084% accepted

energy = -403.7176535
energy/site = -2.018588267
44.6688% accepted

energy = -469.4856195
energy/site = -2.347428098
44.6638% accepted

energy = -349.9666671
energy/site = -1.749833335
44.579% accepted

energy = -492.4700192
energy/site = -2.462350096
44.6376% accepted

energy = -694.7617322
energy/site = -3.473808661
44.8039% accepted

energy = -241.5165611
energy/site = -1.207582805
44.5931% accepted

energy = -427.5566053
energy/site = -2.137783026
44.8079% accepted

energy = -559.4704709
energy/site = -2.797352354
44.548% accepted

energy = -329.3330407
energy/site = -1.646665203
44.6106% accepted

energy = -225.7942559
energy/site = -1.128971279
44.5897% accepted

energy = -230.8217448
energy/site = -1.154108724
44.6042% accepted

energy = -224.4934365
energy/site = -1.122467182
44.6778% accepted

energy = -480.2845126
energy/site = -2.401422563
44.5642% accepted

energy = -523.2097118
energy/site = -2.616048559
44.7578% accepted

energy = -339.8312662
energy/site = -1.699156331
44.6128% accepted

energy = -322.598748
energy/site = -1.61299374
44.8555% accepted

energy = -341.7512221
energy/site = -1.70875611
44.7177% accepted

energy = -249.4241991
energy/site = -1.247120996
44.7021% accepted

energy = -341.0198899
energy/site = -1.70509945
44.6837% accepted

energy = -322.6027619
energy/site = -1.613013809
44.5553% accepted

energy = -332.3138594
energy/site = -1.661569297
44.5972% accepted

energy = -441.0675828
energy/site = -2.205337914
44.6717% accepted

energy = -324.9978516
energy/site = -1.624989258
44.7573% accepted

energy = -295.6765523
energy/site = -1.478382761
44.6658% accepted

energy = -240.9896112
energy/site = -1.204948056
44.6926% accepted

energy = -789.0257216
energy/site = -3.945128608
44.6882% accepted

energy = -219.246953
energy/site = -1.096234765
44.5909% accepted

energy = -281.1850405
energy/site = -1.405925202
44.6059% accepted

energy = -232.5708566
energy/site = -1.162854283
44.7502% accepted

energy = -810.5485437
energy/site = -4.052742718
44.6106% accepted

energy = -399.255775
energy/site = -1.996278875
44.649% accepted

energy = -390.1178987
energy/site = -1.950589494
44.4652% accepted

energy = -576.086031
energy/site = -2.880430155
44.6055% accepted

energy = -450.5911707
energy/site = -2.252955853
44.6099% accepted

energy = -538.3306882
energy/site = -2.691653441
44.5835% accepted

energy = -248.6834566
energy/site = -1.243417283
44.6614% accepted

energy = -206.528937
energy/site = -1.032644685
44.6866% accepted

energy = -471.0047811
energy/site = -2.355023905
44.6528% accepted

energy = -343.0258689
energy/site = -1.715129345
44.5688% accepted

energy = -240.6009063
energy/site = -1.203004532
44.5052% accepted

energy = -378.592091
energy/site = -1.892960455
44.7882% accepted

energy = -293.8267612
energy/site = -1.469133806
44.7698% accepted

energy = -258.3160915
energy/site = -1.291580457
44.6833% accepted

energy = -1010.647252
energy/site = -5.053236259
44.7404% accepted

energy = -906.2938435
energy/site = -4.531469217
44.8027% accepted

energy = -212.4392478
energy/site = -1.062196239
44.6481% accepted

energy = -833.6256513
energy/site = -4.168128257
44.6377% accepted

energy = -541.6853498
energy/site = -2.708426749
44.6442% accepted

energy = -465.9636457
energy/site = -2.329818228
44.6652% accepted

energy = -215.2819717
energy/site = -1.076409858
44.5793% accepted

energy = -206.8594937
energy/site = -1.034297469
44.6524% accepted

energy = -443.5512603
energy/site = -2.217756301
44.676% accepted

energy = -419.2911673
energy/site = -2.096455836
44.7242% accepted

energy = -306.7520986
energy/site = -1.533760493
44.732% accepted

energy = -902.1771506
energy/site = -4.510885753
44.6548% accepted

energy = -159.9130419
energy/site = -0.7995652094
44.7561% accepted

energy = -448.8726512
energy/site = -2.244363256
44.6274% accepted

energy = -246.5745388
energy/site = -1.232872694
44.7269% accepted

energy = -354.6924071
energy/site = -1.773462036
44.7134% accepted

energy = -1346.826203
energy/site = -6.734131014
44.6334% accepted

energy = -460.5922814
energy/site = -2.302961407
44.6418% accepted

energy = -822.5838332
energy/site = -4.112919166
44.6032% accepted

energy = -1160.611893
energy/site = -5.803059464
44.5234% accepted

energy = -352.7458057
energy/site = -1.763729028
44.6284% accepted

energy = -319.6185632
energy/site = -1.598092816
44.5582% accepted

energy = -280.1895113
energy/site = -1.400947556
44.5979% accepted

energy = -264.8720538
energy/site = -1.324360269
44.7594% accepted

energy = -881.9713297
energy/site = -4.409856649
44.7303% accepted

energy = -607.560782
energy/site = -3.03780391
44.7276% accepted

energy = -825.2135071
energy/site = -4.126067535
44.6585% accepted

energy = -267.0605746
energy/site = -1.335302873
44.7006% accepted

energy = -321.522178
energy/site = -1.60761089
44.461% accepted

energy = -328.3928928
energy/site = -1.641964464
44.7037% accepted

energy = -2002.285351
energy/site = -10.01142675
44.7573% accepted

energy = -297.9101119
energy/site = -1.48955056
44.6843% accepted

energy = -292.6484164
energy/site = -1.463242082
44.6049% accepted

energy = -445.5358022
energy/site = -2.227679011
44.6918% accepted

energy = -991.7899458
energy/site = -4.958949729
44.6175% accepted

energy = -388.5756195
energy/site = -1.942878097
44.5378% accepted

energy = -169.5843884
energy/site = -0.8479219422
44.7517% accepted

energy = -315.3979192
energy/site = -1.576989596
44.6958% accepted

energy = -319.8068246
energy/site = -1.599034123
44.7621% accepted

energy = -1321.02846
energy/site = -6.605142302
44.6155% accepted

energy = -1268.695192
energy/site = -6.343475959
44.6599% accepted

energy = -689.8502208
energy/site = -3.449251104
44.8537% accepted

energy = -288.187154
energy/site = -1.44093577
44.6355% accepted

energy = -1080.747508
energy/site = -5.40373754
44.8044% accepted

energy = -125.168466
energy/site = -0.6258423298
44.6061% accepted

energy = -432.5209734
energy/site = -2.162604867
44.5639% accepted

energy = -168.4447027
energy/site = -0.8422235136
44.7512% accepted

energy = -528.8560581
energy/site = -2.64428029
44.6874% accepted

energy = -598.751981
energy/site = -2.993759905
44.7865% accepted

energy = -319.5702053
energy/site = -1.597851027
44.5374% accepted

energy = -354.3266239
energy/site = -1.771633119
44.5858% accepted

energy = -335.6675482
energy/site = -1.678337741
44.6666% accepted

energy = -257.2428656
energy/site = -1.286214328
44.5721% accepted

energy = -336.8156442
energy/site = -1.684078221
44.7977% accepted

energy = -259.9171207
energy/site = -1.299585603
44.6887% accepted

energy = -468.3002474
energy/site = -2.341501237
44.6887% accepted

energy = -278.1246231
energy/site = -1.390623116
44.5227% accepted

energy = -415.2422488
energy/site = -2.076211244
44.7166% accepted

energy = -417.80028
energy/site = -2.0890014
44.8008% accepted

energy = -373.14187
energy/site = -1.86570935
44.7049% accepted

energy = -297.1883216
energy/site = -1.485941608
44.6582% accepted

energy = -616.5669965
energy/site = -3.082834982
44.7452% accepted

energy = -455.3458289
energy/site = -2.276729145
44.701% accepted

energy = -448.6400798
energy/site = -2.243200399
44.58% accepted

energy = -518.0324565
energy/site = -2.590162283
44.5948% accepted

energy = -290.5670998
energy/site = -1.452835499
44.7199% accepted

energy = -713.6293447
energy/site = -3.568146723
44.7149% accepted

energy = -246.617299
energy/site = -1.233086495
44.6113% accepted

energy = -771.3846668
energy/site = -3.856923334
44.7694% accepted

energy = -262.315514
energy/site = -1.31157757
44.7319% accepted

energy = -199.7947033
energy/site = -0.9989735163
44.5705% accepted

energy = -377.9175931
energy/site = -1.889587966
44.7523% accepted

energy = -664.2506364
energy/site = -3.321253182
44.6428% accepted

energy = -309.9688819
energy/site = -1.54984441
44.5834% accepted

energy = -621.6744425
energy/site = -3.108372212
44.5699% accepted

energy = -699.4819197
energy/site = -3.497409599
44.7212% accepted

energy = -187.1102017
energy/site = -0.9355510084
44.5482% accepted

energy = -632.2949873
energy/site = -3.161474937
44.7722% accepted

energy = -326.8595754
energy/site = -1.634297877
44.6683% accepted

energy = -190.9589764
energy/site = -0.9547948819
44.6798% accepted

energy = -652.750242
energy/site = -3.26375121
44.5496% accepted

energy = -535.1687883
energy/site = -2.675843941
44.7242% accepted

energy = -471.1634507
energy/site = -2.355817254
44.6328% accepted

energy = -322.8588716
energy/site = -1.614294358
44.7139% accepted

energy = -237.6574313
energy/site = -1.188287157
44.7092% accepted

energy = -443.0842454
energy/site = -2.215421227
44.7294% accepted

energy = -358.3965354
energy/site = -1.791982677
44.7031% accepted

energy = -370.1801064
energy/site = -1.850900532
44.5645% accepted

energy = -356.0310355
energy/site = -1.780155177
44.7258% accepted

energy = -992.2396226
energy/site = -4.961198113
44.5541% accepted

energy = -319.0599011
energy/site = -1.595299505
44.7576% accepted

energy = -165.5463944
energy/site = -0.8277319719
44.6098% accepted

energy = -523.2139017
energy/site = -2.616069509
44.5913% accepted

energy = -298.6248053
energy/site = -1.493124026
44.5963% accepted

energy = -382.711407
energy/site = -1.913557035
44.7028% accepted

energy = -1277.868612
energy/site = -6.38934306
44.6222% accepted

energy = -968.0795406
energy/site = -4.840397703
44.6527% accepted

energy = -257.2267055
energy/site = -1.286133528
44.7392% accepted

energy = -160.0299963
energy/site = -0.8001499817
44.7733% accepted

energy = -515.1037113
energy/site = -2.575518557
44.668% accepted

energy = -899.947646
energy/site = -4.49973823
44.936% accepted

energy = -468.2953253
energy/site = -2.341476626
44.7248% accepted

energy = -671.9453285
energy/site = -3.359726642
44.6148% accepted

energy = -171.8770264
energy/site = -0.8593851318
44.6075% accepted

energy = -481.7484087
energy/site = -2.408742043
44.7272% accepted

energy = -518.4475402
energy/site = -2.592237701
44.6053% accepted

energy = -229.5099624
energy/site = -1.147549812
44.749% accepted

energy = -754.7815741
energy/site = -3.773907871
44.6422% accepted

energy = -188.9808387
energy/site = -0.9449041935
44.6201% accepted

energy = -329.4987491
energy/site = -1.647493745
44.5553% accepted

energy = -575.0163087
energy/site = -2.875081543
44.5883% accepted

energy = -224.5480807
energy/site = -1.122740403
44.5503% accepted

energy = -263.134997
energy/site = -1.315674985
44.4769% accepted

energy = -237.1754686
energy/site = -1.185877343
44.7568% accepted

energy = -1495.21717
energy/site = -7.476085851
44.6726% accepted

energy = -167.924776
energy/site = -0.83962388
44.663% accepted

energy = -258.9659506
energy/site = -1.294829753
44.7345% accepted

energy = -249.5262606
energy/site = -1.247631303
44.6102% accepted

energy = -596.3557846
energy/site = -2.981778923
44.6948% accepted

energy = -330.4903202
energy/site = -1.652451601
44.6328% accepted

energy = -259.3986691
energy/site = -1.296993346
44.7025% accepted

energy = -307.8874597
energy/site = -1.539437298
44.7825% accepted

energy = -345.2826699
energy/site = -1.726413349
44.7567% accepted

energy = -362.4740803
energy/site = -1.812370401
44.7205% accepted

energy = -282.963407
energy/site = -1.414817035
44.6548% accepted

energy = -279.2980561
energy/site = -1.39649028
44.5742% accepted

energy = -680.1315283
energy/site = -3.400657642
44.7503% accepted

energy = -512.3238597
energy/site = -2.561619298
44.6556% accepted

energy = -293.7504142
energy/site = -1.468752071
44.8195% accepted

energy = -1044.192522
energy/site = -5.220962608
44.703% accepted

energy = -243.8575112
energy/site = -1.219287556
44.7287% accepted

energy = -572.9347998
energy/site = -2.864673999
44.7571% accepted

energy = -230.2937326
energy/site = -1.151468663
44.6256% accepted

energy = -614.172648
energy/site = -3.07086324
44.5722% accepted

energy = -497.8280225
energy/site = -2.489140112
44.6554% accepted

energy = -329.722626
energy/site = -1.64861313
44.7626% accepted

energy = -234.6924155
energy/site = -1.173462078
44.7503% accepted

energy = -261.7314543
energy/site = -1.308657271
44.7705% accepted

energy = -264.4295303
energy/site = -1.322147651
44.7112% accepted

energy = -402.078276
energy/site = -2.01039138
44.7827% accepted

energy = -715.9448911
energy/site = -3.579724456
44.728% accepted

energy = -477.2862807
energy/site = -2.386431403
44.7595% accepted

energy = -555.0584411
energy/site = -2.775292206
44.5268% accepted

energy = -250.7890558
energy/site = -1.253945279
44.6445% accepted

energy = -411.9648351
energy/site = -2.059824176
44.6218% accepted

energy = -774.3501356
energy/site = -3.871750678
44.6195% accepted

energy = -335.9376511
energy/site = -1.679688256
44.6085% accepted

energy = -645.1977148
energy/site = -3.225988574
44.6618% accepted

energy = -724.8282973
energy/site = -3.624141486
44.7172% accepted

energy = -316.1480891
energy/site = -1.580740446
44.7382% accepted

energy = -1191.177301
energy/site = -5.955886506
44.6542% accepted

energy = -354.4359841
energy/site = -1.77217992
44.6707% accepted

energy = -263.9992084
energy/site = -1.319996042
44.5656% accepted

energy = -402.6248655
energy/site = -2.013124328
44.7864% accepted

energy = -261.0545333
energy/site = -1.305272666
44.7698% accepted

energy = -297.004842
energy/site = -1.48502421
44.5349% accepted

energy = -193.8239331
energy/site = -0.9691196654
44.8733% accepted

energy = -314.8365361
energy/site = -1.57418268
44.6283% accepted

energy = -468.2704506
energy/site = -2.341352253
44.5782% accepted

energy = -783.253405
energy/site = -3.916267025
44.8582% accepted

energy = -159.3771267
energy/site = -0.7968856333
44.609% accepted

energy = -373.414234
energy/site = -1.86707117
44.7257% accepted

energy = -247.9930201
energy/site = -1.2399651
44.6453% accepted

energy = -869.6886741
energy/site = -4.34844337
44.8005% accepted

energy = -375.524091
energy/site = -1.877620455
44.6961% accepted

energy = -575.8747545
energy/site = -2.879373772
44.6582% accepted

energy = -300.5847983
energy/site = -1.502923991
44.7591% accepted

energy = -349.7092326
energy/site = -1.748546163
44.5041% accepted

energy = -334.998736
energy/site = -1.67499368
44.551% accepted

energy = -244.8440619
energy/site = -1.22422031
44.5869% accepted

energy = -298.4442813
energy/site = -1.492221406
44.7298% accepted

energy = -462.3166646
energy/site = -2.311583323
44.6643% accepted

energy = -345.2630606
energy/site = -1.726315303
44.562% accepted

energy = -460.7533182
energy/site = -2.303766591
44.7005% accepted

energy = -510.7870316
energy/site = -2.553935158
44.716% accepted

energy = -352.7997264
energy/site = -1.763998632
44.6786% accepted

energy = -463.8050997
energy/site = -2.319025498
44.7304% accepted

energy = -438.9004642
energy/site = -2.194502321
44.5432% accepted

energy = -427.1982268
energy/site = -2.135991134
44.6595% accepted

energy = -192.252169
energy/site = -0.9612608452
44.4534% accepted

energy = -346.6171232
energy/site = -1.733085616
44.6969% accepted

energy = -2046.855978
energy/site = -10.23427989
44.667% accepted

energy = -219.0190411
energy/site = -1.095095206
44.6257% accepted

energy = -318.2397483
energy/site = -1.591198742
44.6589% accepted

energy = -351.4578766
energy/site = -1.757289383
44.6561% accepted

energy = -408.4592447
energy/site = -2.042296224
44.3958% accepted

energy = -236.7131503
energy/site = -1.183565752
44.7004% accepted

energy = -751.7321717
energy/site = -3.758660859
44.6678% accepted

energy = -386.0803283
energy/site = -1.930401642
44.5995% accepted

energy = -560.0948075
energy/site = -2.800474037
44.6372% accepted

energy = -1203.931184
energy/site = -6.019655922
44.6331% accepted

energy = -740.9767914
energy/site = -3.704883957
44.7817% accepted

energy = -346.0635855
energy/site = -1.730317928
44.6675% accepted

energy = -391.8449324
energy/site = -1.959224662
44.5498% accepted

energy = -742.9736527
energy/site = -3.714868263
44.7621% accepted

energy = -331.0257888
energy/site = -1.655128944
44.8193% accepted

energy = -340.2034336
energy/site = -1.701017168
44.6534% accepted

energy = -546.9245063
energy/site = -2.734622531
44.6755% accepted

energy = -323.3449115
energy/site = -1.616724557
44.5326% accepted

energy = -536.0292184
energy/site = -2.680146092
44.6953% accepted

energy = -594.5412241
energy/site = -2.97270612
44.6145% accepted

energy = -578.8858232
energy/site = -2.894429116
44.8036% accepted

energy = -282.5320503
energy/site = -1.412660251
44.7381% accepted

energy = -231.7895833
energy/site = -1.158947917
44.7404% accepted

energy = -487.8989702
energy/site = -2.439494851
44.6626% accepted

energy = -238.222185
energy/site = -1.191110925
44.7039% accepted

energy = -289.1724152
energy/site = -1.445862076
44.6826% accepted

energy = -472.6523994
energy/site = -2.363261997
44.5838% accepted

energy = -212.3820957
energy/site = -1.061910479
44.7474% accepted

energy = -208.04076
energy/site = -1.0402038
44.7483% accepted

energy = -656.1937564
energy/site = -3.280968782
44.8245% accepted

energy = -2211.404399
energy/site = -11.057022
44.6711% accepted

energy = -387.7500917
energy/site = -1.938750458
44.825% accepted

energy = -1320.123091
energy/site = -6.600615457
44.6109% accepted

energy = -662.6174727
energy/site = -3.313087364
44.6806% accepted

energy = -744.0700967
energy/site = -3.720350483
44.8346% accepted

energy = -815.8906991
energy/site = -4.079453496
44.6567% accepted

energy = -168.4831037
energy/site = -0.8424155183
44.7314% accepted

energy = -663.9168983
energy/site = -3.319584491
44.5224% accepted

energy = -317.4124146
energy/site = -1.587062073
44.7706% accepted

energy = -644.0964771
energy/site = -3.220482385
44.742% accepted

energy = -413.1818455
energy/site = -2.065909228
44.6225% accepted

energy = -463.2314517
energy/site = -2.316157258
44.5728% accepted

energy = -240.9090027
energy/site = -1.204545014
44.6007% accepted

energy = -188.536541
energy/site = -0.9426827048
44.6876% accepted

energy = -357.2488973
energy/site = -1.786244486
44.5953% accepted

energy = -261.1906213
energy/site = -1.305953106
44.5883% accepted

energy = -315.7710136
energy/site = -1.578855068
44.678% accepted

energy = -537.571091
energy/site = -2.687855455
44.7568% accepted

energy = -298.4163971
energy/site = -1.492081985
44.6914% accepted

energy = -307.0517335
energy/site = -1.535258667
44.5765% accepted

energy = -213.4217897
energy/site = -1.067108948
44.52% accepted

energy = -445.393442
energy/site = -2.22696721
44.5442% accepted

energy = -255.4115536
energy/site = -1.277057768
44.5655% accepted

energy = -821.0890703
energy/site = -4.105445352
44.7465% accepted

energy = -338.478625
energy/site = -1.692393125
44.7325% accepted

energy = -693.8036835
energy/site = -3.469018417
44.78% accepted

energy = -516.5165139
energy/site = -2.582582569
44.7765% accepted

energy = -2002.02399
energy/site = -10.01011995
44.5956% accepted

energy = -728.5276229
energy/site = -3.642638115
44.6989% accepted

energy = -514.5115661
energy/site = -2.57255783
44.6486% accepted

energy = -432.3542262
energy/site = -2.161771131
44.7344% accepted

energy = -607.4641579
energy/site = -3.03732079
44.6384% accepted

energy = -292.380203
energy/site = -1.461901015
44.7336% accepted

energy = -680.9141108
energy/site = -3.404570554
44.6805% accepted

energy = -985.7209283
energy/site = -4.928604641
44.4817% accepted

energy = -163.4816647
energy/site = -0.8174083235
44.5055% accepted

energy = -361.1054205
energy/site = -1.805527102
44.7196% accepted

energy = -310.2878707
energy/site = -1.551439353
44.5019% accepted

energy = -342.5466221
energy/site = -1.712733111
44.6913% accepted

energy = -175.0315893
energy/site = -0.8751579463
44.5909% accepted

energy = -517.0214905
energy/site = -2.585107452
44.6023% accepted

energy = -234.5572285
energy/site = -1.172786142
44.7062% accepted

energy = -311.7788205
energy/site = -1.558894103
44.6836% accepted

energy = -496.2726693
energy/site = -2.481363347
44.778% accepted

energy = -262.8448024
energy/site = -1.314224012
44.7103% accepted

energy = -460.9412495
energy/site = -2.304706248
44.8698% accepted

energy = -192.1448127
energy/site = -0.9607240635
44.5302% accepted

energy = -250.7272338
energy/site = -1.253636169
44.833% accepted

energy = -288.7714803
energy/site = -1.443857401
44.6155% accepted

energy = -262.8676163
energy/site = -1.314338081
44.5841% accepted

energy = -687.1898783
energy/site = -3.435949391
44.6631% accepted

energy = -777.0765676
energy/site = -3.885382838
44.643% accepted

energy = -288.0273885
energy/site = -1.440136942
44.5169% accepted

energy = -304.7237133
energy/site = -1.523618566
44.4943% accepted

energy = -635.5582525
energy/site = -3.177791263
44.4448% accepted

energy = -243.2521178
energy/site = -1.216260589
44.5266% accepted

energy = -312.2600727
energy/site = -1.561300364
44.7699% accepted

energy = -305.2114476
energy/site = -1.526057238
44.6367% accepted

energy = -244.1107046
energy/site = -1.220553523
44.58% accepted

energy = -267.8892472
energy/site = -1.339446236
44.7002% accepted

energy = -435.5580859
energy/site = -2.177790429
44.6323% accepted

energy = -611.7355904
energy/site = -3.058677952
44.6381% accepted

energy = -228.663944
energy/site = -1.14331972
44.6033% accepted

energy = -303.4973989
energy/site = -1.517486994
44.7024% accepted

energy = -248.8583816
energy/site = -1.244291908
44.6707% accepted

energy = -606.4307213
energy/site = -3.032153606
44.6151% accepted

energy = -288.6910932
energy/site = -1.443455466
44.5643% accepted

energy = -264.1670723
energy/site = -1.320835362
44.7046% accepted

energy = -398.0721824
energy/site = -1.990360912
44.5501% accepted

energy = -275.3954557
energy/site = -1.376977279
44.7685% accepted

energy = -219.4443903
energy/site = -1.097221952
44.7167% accepted

energy = -320.977057
energy/site = -1.604885285
44.5951% accepted

energy = -235.6493543
energy/site = -1.178246771
44.6835% accepted

energy = -639.7900777
energy/site = -3.198950388
44.586% accepted

energy = -351.1877004
energy/site = -1.755938502
44.7433% accepted

energy = -613.7005509
energy/site = -3.068502754
44.5859% accepted

energy = -211.3116994
energy/site = -1.056558497
44.747% accepted

energy = -451.7441518
energy/site = -2.258720759
44.5289% accepted

energy = -290.6815865
energy/site = -1.453407932
44.6238% accepted

energy = -351.2067427
energy/site = -1.756033713
44.6236% accepted

energy = -201.825986
energy/site = -1.00912993
44.8946% accepted

energy = -534.4506132
energy/site = -2.672253066
44.7374% accepted

energy = -196.704586
energy/site = -0.9835229298
44.6072% accepted

energy = -159.3412614
energy/site = -0.7967063069
44.7005% accepted

energy = -577.2295444
energy/site = -2.886147722
44.6797% accepted

energy = -342.8301846
energy/site = -1.714150923
44.6805% accepted

energy = -511.9377562
energy/site = -2.559688781
44.7225% accepted

energy = -443.2345518
energy/site = -2.216172759
44.5561% accepted

energy = -513.0680807
energy/site = -2.565340403
44.6207% accepted

energy = -451.00967
energy/site = -2.25504835
44.548% accepted

energy = -198.459164
energy/site = -0.99229582
44.7986% accepted

energy = -330.4649313
energy/site = -1.652324657
44.5937% accepted

energy = -505.8873184
energy/site = -2.529436592
44.8051% accepted

energy = -355.9784252
energy/site = -1.779892126
44.6632% accepted

energy = -282.3282215
energy/site = -1.411641108
44.7365% accepted

energy = -566.80525
energy/site = -2.83402625
44.6464% accepted

energy = -345.4849244
energy/site = -1.727424622
44.6409% accepted

energy = -815.318616
energy/site = -4.07659308
44.7361% accepted

energy = -892.7135394
energy/site = -4.463567697
44.7197% accepted

energy = -290.607425
energy/site = -1.453037125
44.6682% accepted

energy = -573.1979209
energy/site = -2.865989604
44.617% accepted

energy = -358.475391
energy/site = -1.792376955
44.6425% accepted

energy = -558.7709861
energy/site = -2.79385493
44.786% accepted

energy = -776.1438681
energy/site = -3.880719341
44.6342% accepted

energy = -235.4720068
energy/site = -1.177360034
44.8227% accepted

energy = -428.1931001
energy/site = -2.1409655
44.5949% accepted

energy = -449.9711238
energy/site = -2.249855619
44.6596% accepted

energy = -1772.68674
energy/site = -8.8634337
44.6121% accepted

energy = -359.5781219
energy/site = -1.79789061
44.5734% accepted

energy = -652.4630018
energy/site = -3.262315009
44.4978% accepted

energy = -338.1459668
energy/site = -1.690729834
44.6975% accepted

energy = -375.7748737
energy/site = -1.878874369
44.8587% accepted

energy = -297.2206483
energy/site = -1.486103241
44.6424% accepted

energy = -321.9206539
energy/site = -1.609603269
44.4303% accepted

energy = -197.9711092
energy/site = -0.9898555459
44.6005% accepted

energy = -202.8425064
energy/site = -1.014212532
44.753% accepted

energy = -608.0712528
energy/site = -3.040356264
44.7413% accepted

energy = -224.7657768
energy/site = -1.123828884
44.5569% accepted

energy = -350.0292685
energy/site = -1.750146342
44.4898% accepted

energy = -215.04527
energy/site = -1.07522635
44.6705% accepted

energy = -388.1821993
energy/site = -1.940910997
44.8253% accepted

energy = -731.8948297
energy/site = -3.659474148
44.6368% accepted

energy = -551.6778854
energy/site = -2.758389427
44.5804% accepted

energy = -388.9956269
energy/site = -1.944978135
44.6075% accepted

energy = -466.559148
energy/site = -2.33279574
44.5845% accepted

energy = -356.0941304
energy/site = -1.780470652
44.7394% accepted

energy = -285.4227634
energy/site = -1.427113817
44.6189% accepted

energy = -316.9315455
energy/site = -1.584657727
44.5291% accepted

energy = -460.5339404
energy/site = -2.302669702
44.6449% accepted

energy = -490.3817465
energy/site = -2.451908732
44.6732% accepted

energy = -583.2450921
energy/site = -2.916225461
44.7214% accepted

energy = -350.4357668
energy/site = -1.752178834
44.6708% accepted

energy = -457.6707188
energy/site = -2.288353594
44.6951% accepted

energy = -483.9428079
energy/site = -2.41971404
44.5776% accepted

energy = -380.7121744
energy/site = -1.903560872
44.7724% accepted

energy = -195.5712421
energy/site = -0.9778562103
44.6172% accepted

energy = -455.2133379
energy/site = -2.276066689
44.6541% accepted

energy = -306.7641881
energy/site = -1.533820941
44.754% accepted

energy = -787.2452698
energy/site = -3.936226349
44.596% accepted

energy = -273.812085
energy/site = -1.369060425
44.7162% accepted

energy = -525.4366092
energy/site = -2.627183046
44.7609% accepted

energy = -329.2495344
energy/site = -1.646247672
44.711% accepted

energy = -278.7951939
energy/site = -1.39397597
44.6938% accepted

energy = -678.6929012
energy/site = -3.393464506
44.5196% accepted

energy = -659.0177005
energy/site = -3.295088502
44.682% accepted

energy = -1299.276455
energy/site = -6.496382273
44.6575% accepted

energy = -311.0191668
energy/site = -1.555095834
44.8694% accepted

energy = -360.5826725
energy/site = -1.802913363
44.804% accepted

energy = -167.2374414
energy/site = -0.8361872068
44.6399% accepted

energy = -154.2190973
energy/site = -0.7710954863
44.6871% accepted

energy = -649.5146438
energy/site = -3.247573219
44.5317% accepted

energy = -149.9531407
energy/site = -0.7497657037
44.6504% accepted

energy = -426.9443072
energy/site = -2.134721536
44.689% accepted

energy = -406.1111823
energy/site = -2.030555911
44.6772% accepted

energy = -588.1813069
energy/site = -2.940906535
44.6248% accepted

energy = -366.9288265
energy/site = -1.834644132
44.7479% accepted

energy = -682.8132587
energy/site = -3.414066293
44.5661% accepted

energy = -391.5961644
energy/site = -1.957980822
44.6306% accepted

energy = -318.5620864
energy/site = -1.592810432
44.6442% accepted

energy = -1012.103304
energy/site = -5.060516522
44.5257% accepted

energy = -533.3609378
energy/site = -2.666804689
44.5796% accepted

energy = -337.6384019
energy/site = -1.68819201
44.6613% accepted

energy = -477.406759
energy/site = -2.387033795
44.7424% accepted

energy = -333.672545
energy/site = -1.668362725
44.6079% accepted

energy = -172.0418555
energy/site = -0.8602092773
44.6412% accepted

energy = -712.9620329
energy/site = -3.564810164
44.6839% accepted

energy = -200.7604225
energy/site = -1.003802113
44.6258% accepted

energy = -278.111037
energy/site = -1.390555185
44.6575% accepted

energy = -404.6296836
energy/site = -2.023148418
44.662% accepted

energy = -238.6474187
energy/site = -1.193237093
44.822% accepted

energy = -922.4285122
energy/site = -4.612142561
44.621% accepted

energy = -713.4904701
energy/site = -3.56745235
44.6515% accepted

energy = -317.1094695
energy/site = -1.585547348
44.6292% accepted

energy = -200.5257726
energy/site = -1.002628863
44.714% accepted

energy = -712.3793778
energy/site = -3.561896889
44.6292% accepted

energy = -335.7571682
energy/site = -1.678785841
44.6829% accepted

energy = -140.7942777
energy/site = -0.7039713884
44.6363% accepted

energy = -355.2708855
energy/site = -1.776354427
44.6642% accepted

energy = -396.5292921
energy/site = -1.982646461
44.6749% accepted

energy = -613.9879688
energy/site = -3.069939844
44.5878% accepted

energy = -589.1342342
energy/site = -2.945671171
44.7624% accepted

energy = -674.4547436
energy/site = -3.372273718
44.6446% accepted

energy = -443.5196886
energy/site = -2.217598443
44.4921% accepted

energy = -327.0117771
energy/site = -1.635058885
44.7311% accepted

energy = -258.1196528
energy/site = -1.290598264
44.6772% accepted

energy = -204.5258135
energy/site = -1.022629067
44.6448% accepted

energy = -808.068539
energy/site = -4.040342695
44.7381% accepted

energy = -396.5110391
energy/site = -1.982555195
44.565% accepted

energy = -586.8290395
energy/site = -2.934145198
44.5939% accepted

energy = -1056.927082
energy/site = -5.284635408
44.6419% accepted

energy = -1295.844289
energy/site = -6.479221443
44.5258% accepted

energy = -771.7992409
energy/site = -3.858996205
44.629% accepted

energy = -294.5394988
energy/site = -1.472697494
44.6813% accepted

energy = -626.6203055
energy/site = -3.133101528
44.7092% accepted

energy = -171.2622755
energy/site = -0.8563113774
44.6579% accepted

energy = -231.6064632
energy/site = -1.158032316
44.7264% accepted

energy = -244.579746
energy/site = -1.22289873
44.6767% accepted

energy = -209.6184227
energy/site = -1.048092114
44.8462% accepted

energy = -464.6342262
energy/site = -2.323171131
44.7766% accepted

energy = -308.0557375
energy/site = -1.540278687
44.5658% accepted

energy = -366.4218923
energy/site = -1.832109461
44.6425% accepted

energy = -400.9385607
energy/site = -2.004692804
44.7122% accepted

energy = -255.2821341
energy/site = -1.27641067
44.4882% accepted

energy = -3995.689342
energy/site = -19.97844671
44.6049% accepted

energy = -380.4093373
energy/site = -1.902046687
44.6121% accepted

energy = -678.0315702
energy/site = -3.390157851
44.5684% accepted

energy = -350.9366165
energy/site = -1.754683082
44.5723% accepted

energy = -247.7365778
energy/site = -1.238682889
44.6758% accepted

energy = -415.8957989
energy/site = -2.079478995
44.7956% accepted

energy = -221.8327688
energy/site = -1.109163844
44.5409% accepted

energy = -388.7167598
energy/site = -1.943583799
44.7377% accepted

energy = -183.3380498
energy/site = -0.9166902492
44.6443% accepted

energy = -287.1700332
energy/site = -1.435850166
44.7222% accepted

energy = -592.3831318
energy/site = -2.961915659
44.5742% accepted

energy = -699.4408942
energy/site = -3.497204471
44.4419% accepted

energy = -368.6428294
energy/site = -1.843214147
44.6418% accepted

energy = -229.2642234
energy/site = -1.146321117
44.5863% accepted

energy = -499.843965
energy/site = -2.499219825
44.6431% accepted

energy = -419.9626758
energy/site = -2.099813379
44.6919% accepted

energy = -627.1219033
energy/site = -3.135609517
44.6481% accepted

energy = -157.7659567
energy/site = -0.7888297834
44.7307% accepted

energy = -225.2023863
energy/site = -1.126011932
44.6483% accepted

energy = -302.0527819
energy/site = -1.51026391
44.6211% accepted

energy = -360.0989444
energy/site = -1.800494722
44.5697% accepted

energy = -478.2283327
energy/site = -2.391141663
44.7422% accepted

energy = -309.3950927
energy/site = -1.546975463
44.5295% accepted

energy = -534.4263888
energy/site = -2.672131944
44.741% accepted

energy = -695.41102
energy/site = -3.4770551
44.5296% accepted

energy = -170.7170719
energy/site = -0.8535853595
44.5172% accepted

energy = -578.529449
energy/site = -2.892647245
44.5054% accepted

energy = -212.3794804
energy/site = -1.061897402
44.5771% accepted

energy = -386.4344088
energy/site = -1.932172044
44.7449% accepted

energy = -238.2981942
energy/site = -1.191490971
44.629% accepted

energy = -543.2094532
energy/site = -2.716047266
44.5394% accepted

energy = -273.4085369
energy/site = -1.367042685
44.7289% accepted

energy = -513.5246923
energy/site = -2.567623462
44.9173% accepted

energy = -474.9266935
energy/site = -2.374633467
44.8118% accepted

energy = -438.6314893
energy/site = -2.193157446
44.7877% accepted

energy = -394.1970429
energy/site = -1.970985215
44.6654% accepted

energy = -522.5918503
energy/site = -2.612959251
44.6116% accepted

energy = -221.2356965
energy/site = -1.106178482
44.7342% accepted

energy = -342.9111495
energy/site = -1.714555747
44.6683% accepted

energy = -219.2302577
energy/site = -1.096151288
44.6795% accepted

energy = -436.2125822
energy/site = -2.181062911
44.6167% accepted

energy = -301.7359226
energy/site = -1.508679613
44.7495% accepted

energy = -606.2614334
energy/site = -3.031307167
44.7517% accepted

energy = -194.1153442
energy/site = -0.9705767209
44.6463% accepted

energy = -347.9170785
energy/site = -1.739585393
44.7704% accepted

energy = -986.6627672
energy/site = -4.933313836
44.7206% accepted

energy = -481.0807892
energy/site = -2.405403946
44.7361% accepted

energy = -918.6685949
energy/site = -4.593342974
44.5949% accepted

energy = -102.1856407
energy/site = -0.5109282033
44.5024% accepted

energy = -1058.691269
energy/site = -5.293456347
44.7952% accepted

energy = -361.0945431
energy/site = -1.805472716
44.7159% accepted

energy = -241.3051191
energy/site = -1.206525596
44.5612% accepted

energy = -556.0531076
energy/site = -2.780265538
44.6035% accepted

energy = -204.0709013
energy/site = -1.020354507
44.7047% accepted

energy = -206.7124375
energy/site = -1.033562187
44.6098% accepted

energy = -494.893561
energy/site = -2.474467805
44.6108% accepted

energy = -436.8739878
energy/site = -2.184369939
44.8173% accepted

energy = -669.5675302
energy/site = -3.347837651
44.7% accepted

energy = -300.440326
energy/site = -1.50220163
44.6043% accepted

energy = -291.7401639
energy/site = -1.458700819
44.5609% accepted

energy = -137.5831688
energy/site = -0.6879158438
44.5011% accepted

energy = -317.3117902
energy/site = -1.586558951
44.6493% accepted

energy = -636.9854955
energy/site = -3.184927478
44.6691% accepted

energy = -288.0286609
energy/site = -1.440143305
44.6649% accepted

energy = -440.0177653
energy/site = -2.200088827
44.5394% accepted

energy = -515.8355948
energy/site = -2.579177974
44.6926% accepted

energy = -411.4822852
energy/site = -2.057411426
44.6786% accepted

energy = -408.401667
energy/site = -2.042008335
44.7177% accepted

energy = -1781.853747
energy/site = -8.909268737
44.561% accepted

energy = -268.4044629
energy/site = -1.342022315
44.6003% accepted

energy = -231.5579979
energy/site = -1.15778999
44.926% accepted

energy = -244.6063045
energy/site = -1.223031522
44.7321% accepted

energy = -369.4882024
energy/site = -1.847441012
44.5479% accepted

energy = -411.4054638
energy/site = -2.057027319
44.7814% accepted

energy = -314.2802854
energy/site = -1.571401427
44.5828% accepted

energy = -620.6758402
energy/site = -3.103379201
44.6807% accepted

energy = -388.9753736
energy/site = -1.944876868
44.6793% accepted

energy = -278.1832031
energy/site = -1.390916016
44.6421% accepted

energy = -599.300823
energy/site = -2.996504115
44.8163% accepted

energy = -247.3413393
energy/site = -1.236706696
44.6364% accepted

energy = -234.7810583
energy/site = -1.173905292
44.7121% accepted

energy = -614.9376374
energy/site = -3.074688187
44.6482% accepted

energy = -366.7839233
energy/site = -1.833919617
44.7261% accepted

energy = -371.4527456
energy/site = -1.857263728
44.7922% accepted

energy = -847.7585112
energy/site = -4.238792556
44.6602% accepted

energy = -356.0363585
energy/site = -1.780181793
44.5944% accepted

energy = -458.9664151
energy/site = -2.294832075
44.6231% accepted

energy = -404.2597339
energy/site = -2.021298669
44.5988% accepted

energy = -519.8027508
energy/site = -2.599013754
44.6413% accepted

energy = -259.5423222
energy/site = -1.297711611
44.6505% accepted

energy = -189.6683112
energy/site = -0.9483415559
44.693% accepted

energy = -278.5859252
energy/site = -1.392929626
44.6445% accepted

energy = -1879.391918
energy/site = -9.396959589
44.756% accepted

energy = -286.3921828
energy/site = -1.431960914
44.6569% accepted

energy = -379.4400347
energy/site = -1.897200173
44.5613% accepted

energy = -259.8677718
energy/site = -1.299338859
44.7638% accepted

energy = -178.7369912
energy/site = -0.8936849558
44.5409% accepted

energy = -293.1058533
energy/site = -1.465529267
44.8317% accepted

energy = -206.8710999
energy/site = -1.034355499
44.6851% accepted

energy = -496.9392136
energy/site = -2.484696068
44.5777% accepted

energy = -184.0271023
energy/site = -0.9201355116
44.6172% accepted

energy = -349.7217603
energy/site = -1.748608802
44.7198% accepted

energy = -315.4345887
energy/site = -1.577172944
44.6937% accepted

energy = -185.7163899
energy/site = -0.9285819494
44.609% accepted

energy = -356.1863433
energy/site = -1.780931716
44.7595% accepted

energy = -180.6327744
energy/site = -0.9031638721
44.5193% accepted

energy = -532.4638931
energy/site = -2.662319466
44.686% accepted

energy = -363.6982659
energy/site = -1.818491329
44.7065% accepted

energy = -467.7773041
energy/site = -2.338886521
44.7057% accepted

energy = -689.5806014
energy/site = -3.447903007
44.6131% accepted

energy = -446.0359808
energy/site = -2.230179904
44.6738% accepted

energy = -438.9056901
energy/site = -2.19452845
44.7752% accepted

energy = -190.2592815
energy/site = -0.9512964074
44.5626% accepted

energy = -557.563531
energy/site = -2.787817655
44.5734% accepted

energy = -284.8316215
energy/site = -1.424158108
44.5893% accepted

energy = -414.0520353
energy/site = -2.070260177
44.802% accepted

energy = -302.8184388
energy/site = -1.514092194
44.591% accepted

energy = -252.4885446
energy/site = -1.262442723
44.6611% accepted

energy = -384.4981441
energy/site = -1.922490721
44.4924% accepted

energy = -590.0849048
energy/site = -2.950424524
44.6155% accepted

energy = -169.6922067
energy/site = -0.8484610333
44.7835% accepted

energy = -171.2823969
energy/site = -0.8564119845
44.7227% accepted

energy = -613.7116024
energy/site = -3.068558012
44.7136% accepted

energy = -481.003484
energy/site = -2.40501742
44.7069% accepted

energy = -202.5424973
energy/site = -1.012712486
44.7078% accepted

energy = -287.9863215
energy/site = -1.439931607
44.6534% accepted

energy = -337.0689556
energy/site = -1.685344778
44.6482% accepted

energy = -490.5557937
energy/site = -2.452778969
44.8545% accepted

energy = -621.2559332
energy/site = -3.106279666
44.8197% accepted

energy = -316.3956058
energy/site = -1.581978029
44.6797% accepted

energy = -297.830334
energy/site = -1.48915167
44.63% accepted

energy = -1156.492461
energy/site = -5.782462306
44.8151% accepted

energy = -534.6128286
energy/site = -2.673064143
44.763% accepted

energy = -274.4943127
energy/site = -1.372471564
44.6984% accepted

energy = -320.863576
energy/site = -1.60431788
44.6478% accepted

energy = -324.0825938
energy/site = -1.620412969
44.7346% accepted

energy = -940.3882189
energy/site = -4.701941095
44.5813% accepted

energy = -553.5986846
energy/site = -2.767993423
44.572% accepted

energy = -313.0920481
energy/site = -1.56546024
44.6445% accepted

energy = -442.4830546
energy/site = -2.212415273
44.589% accepted

energy = -153.8517571
energy/site = -0.7692587854
44.5887% accepted

energy = -384.6426825
energy/site = -1.923213412
44.5904% accepted

energy = -584.8813793
energy/site = -2.924406897
44.6333% accepted

energy = -1895.860799
energy/site = -9.479303997
44.6742% accepted

energy = -264.0911212
energy/site = -1.320455606
44.6043% accepted

energy = -405.3802215
energy/site = -2.026901108
44.536% accepted

energy = -214.2222741
energy/site = -1.071111371
44.6669% accepted

energy = -188.1964284
energy/site = -0.9409821419
44.6571% accepted

energy = -254.0136572
energy/site = -1.270068286
44.6076% accepted

energy = -460.3469151
energy/site = -2.301734575
44.5992% accepted

energy = -874.4254267
energy/site = -4.372127133
44.5488% accepted

energy = -235.9024883
energy/site = -1.179512441
44.5554% accepted

energy = -530.1574449
energy/site = -2.650787224
44.5146% accepted

energy = -636.7362389
energy/site = -3.183681195
44.5861% accepted

energy = -435.230871
energy/site = -2.176154355
44.663% accepted

energy = -414.5562477
energy/site = -2.072781238
44.6228% accepted

energy = -563.308622
energy/site = -2.81654311
44.6971% accepted

energy = -431.0403943
energy/site = -2.155201971
44.5742% accepted

energy = -340.6160402
energy/site = -1.703080201
44.6455% accepted

energy = -351.1601932
energy/site = -1.755800966
44.6031% accepted

energy = -413.2069553
energy/site = -2.066034777
44.6145% accepted

energy = -557.6557671
energy/site = -2.788278835
44.6681% accepted

energy = -188.9039023
energy/site = -0.9445195117
44.6413% accepted

energy = -279.6057572
energy/site = -1.398028786
44.6907% accepted

energy = -288.3993759
energy/site = -1.44199688
44.7509% accepted

energy = -229.3817497
energy/site = -1.146908748
44.6076% accepted

energy = -548.447282
energy/site = -2.74223641
44.6898% accepted

energy = -383.9755494
energy/site = -1.919877747
44.5151% accepted

energy = -425.1988919
energy/site = -2.125994459
44.7835% accepted

energy = -577.983709
energy/site = -2.889918545
44.7076% accepted

energy = -496.6497887
energy/site = -2.483248943
44.7102% accepted

energy = -266.7848482
energy/site = -1.333924241
44.6016% accepted

energy = -205.0932674
energy/site = -1.025466337
44.6074% accepted

energy = -337.7783476
energy/site = -1.688891738
44.4968% accepted

energy = -682.13102
energy/site = -3.4106551
44.6243% accepted

energy = -468.0967322
energy/site = -2.340483661
44.6134% accepted

energy = -232.7468645
energy/site = -1.163734322
44.6675% accepted

energy = -497.4213821
energy/site = -2.487106911
44.6691% accepted

energy = -333.7316182
energy/site = -1.668658091
44.6622% accepted

energy = -268.0902449
energy/site = -1.340451224
44.7335% accepted

energy = -224.1023281
energy/site = -1.120511641
44.5729% accepted

energy = -232.0769512
energy/site = -1.160384756
44.6399% accepted

energy = -383.1903323
energy/site = -1.915951661
44.8559% accepted

energy = -355.0435363
energy/site = -1.775217681
44.6404% accepted

energy = -448.9456954
energy/site = -2.244728477
44.6755% accepted

energy = -291.181609
energy/site = -1.455908045
44.7057% accepted

energy = -889.0770824
energy/site = -4.445385412
44.6915% accepted

energy = -501.8975561
energy/site = -2.509487781
44.4931% accepted

energy = -387.2101535
energy/site = -1.936050767
44.5355% accepted

energy = -767.2180773
energy/site = -3.836090386
44.7256% accepted

energy = -652.3890779
energy/site = -3.261945389
44.5488% accepted

energy = -607.7380613
energy/site = -3.038690306
44.7523% accepted

energy = -296.128983
energy/site = -1.480644915
44.7604% accepted

energy = -282.2024828
energy/site = -1.411012414
44.5732% accepted

energy = -429.7261951
energy/site = -2.148630975
44.6359% accepted

energy = -771.7769273
energy/site = -3.858884636
44.49% accepted

energy = -395.2338037
energy/site = -1.976169019
44.6828% accepted

energy = -996.2149668
energy/site = -4.981074834
44.6091% accepted

energy = -765.5825345
energy/site = -3.827912672
44.751% accepted

energy = -552.2718782
energy/site = -2.761359391
44.6106% accepted

energy = -1253.645545
energy/site = -6.268227723
44.7143% accepted

energy = -309.385795
energy/site = -1.546928975
44.6795% accepted

energy = -353.119271
energy/site = -1.765596355
44.4962% accepted

energy = -458.7162791
energy/site = -2.293581395
44.5654% accepted

energy = -449.068375
energy/site = -2.245341875
44.81% accepted

energy = -496.784621
energy/site = -2.483923105
44.7152% accepted

energy = -594.6952665
energy/site = -2.973476333
44.8572% accepted

energy = -363.7171332
energy/site = -1.818585666
44.6275% accepted

energy = -563.7919381
energy/site = -2.818959691
44.9237% accepted

energy = -375.123913
energy/site = -1.875619565
44.4446% accepted

