
weighting by <swap_x> where x = 1
5 x 20 x 1 system
r   = 3  bondops changed per step 
n/N = 80  bond operators / site
its = 1000000  iterations/loop for 10000 loops

energy = -308.1558382
energy/site = -1.540779191
44.8251% accepted

energy = -283.2068824
energy/site = -1.416034412
44.7% accepted

energy = -257.6104901
energy/site = -1.28805245
44.5745% accepted

energy = -333.6453386
energy/site = -1.668226693
44.6571% accepted

energy = -378.3073667
energy/site = -1.891536833
44.5983% accepted

energy = -325.4179774
energy/site = -1.627089887
44.504% accepted

energy = -356.2921642
energy/site = -1.781460821
44.7978% accepted

energy = -321.4663775
energy/site = -1.607331887
44.6736% accepted

energy = -342.8445656
energy/site = -1.714222828
44.6756% accepted

energy = -272.2774332
energy/site = -1.361387166
44.5293% accepted

energy = -329.4566309
energy/site = -1.647283154
44.6257% accepted

energy = -240.6493906
energy/site = -1.203246953
44.6153% accepted

energy = -293.858583
energy/site = -1.469292915
44.6509% accepted

energy = -223.0119165
energy/site = -1.115059582
44.4558% accepted

energy = -291.3566295
energy/site = -1.456783147
44.8042% accepted

energy = -287.3020685
energy/site = -1.436510342
44.6877% accepted

energy = -296.5086789
energy/site = -1.482543395
44.5524% accepted

energy = -266.1528154
energy/site = -1.330764077
44.7802% accepted

energy = -265.2809478
energy/site = -1.326404739
44.7219% accepted

energy = -370.9877682
energy/site = -1.854938841
44.596% accepted

energy = -357.5216096
energy/site = -1.787608048
44.6438% accepted

energy = -269.4228118
energy/site = -1.347114059
44.7392% accepted

energy = -455.2872226
energy/site = -2.276436113
44.6926% accepted

energy = -363.1611362
energy/site = -1.815805681
44.5636% accepted

energy = -312.728825
energy/site = -1.563644125
44.6088% accepted

energy = -262.0663961
energy/site = -1.31033198
44.6229% accepted

energy = -311.6542721
energy/site = -1.558271361
44.5037% accepted

energy = -283.3523665
energy/site = -1.416761832
44.537% accepted

energy = -371.6681527
energy/site = -1.858340764
44.658% accepted

energy = -364.4823734
energy/site = -1.822411867
44.8243% accepted

energy = -301.303281
energy/site = -1.506516405
44.6934% accepted

energy = -281.2716388
energy/site = -1.406358194
44.5019% accepted

energy = -259.2093626
energy/site = -1.296046813
44.532% accepted

energy = -275.8845159
energy/site = -1.379422579
44.5823% accepted

energy = -332.7778169
energy/site = -1.663889085
44.6567% accepted

energy = -236.427211
energy/site = -1.182136055
44.5987% accepted

energy = -318.9330511
energy/site = -1.594665256
44.7098% accepted

energy = -290.1166943
energy/site = -1.450583471
44.7111% accepted

energy = -221.4054777
energy/site = -1.107027388
44.3945% accepted

energy = -252.2015836
energy/site = -1.261007918
44.6808% accepted

energy = -290.4366876
energy/site = -1.452183438
44.5847% accepted

energy = -229.0587126
energy/site = -1.145293563
44.6459% accepted

energy = -346.6520785
energy/site = -1.733260393
44.7575% accepted

energy = -286.0126189
energy/site = -1.430063095
44.6511% accepted

energy = -245.4410648
energy/site = -1.227205324
44.5153% accepted

energy = -262.6376992
energy/site = -1.313188496
44.6343% accepted

energy = -279.7058823
energy/site = -1.398529412
44.6955% accepted

energy = -257.963515
energy/site = -1.289817575
44.6019% accepted

energy = -350.3825995
energy/site = -1.751912998
44.5591% accepted

energy = -484.9160686
energy/site = -2.424580343
44.6623% accepted

energy = -291.1766312
energy/site = -1.455883156
44.6991% accepted

energy = -274.6220398
energy/site = -1.373110199
44.6885% accepted

energy = -296.7642447
energy/site = -1.483821224
44.4966% accepted

energy = -276.96232
energy/site = -1.3848116
44.7434% accepted

energy = -294.9441749
energy/site = -1.474720875
44.625% accepted

energy = -311.112541
energy/site = -1.555562705
44.6848% accepted

energy = -307.6076235
energy/site = -1.538038117
44.7553% accepted

energy = -293.826209
energy/site = -1.469131045
44.7121% accepted

energy = -296.4742815
energy/site = -1.482371408
44.7187% accepted

energy = -327.6524918
energy/site = -1.638262459
44.4542% accepted

energy = -287.1562107
energy/site = -1.435781053
44.6873% accepted

energy = -315.257925
energy/site = -1.576289625
44.6096% accepted

energy = -260.9087051
energy/site = -1.304543525
44.6167% accepted

energy = -269.0170077
energy/site = -1.345085038
44.6279% accepted

energy = -299.6009374
energy/site = -1.498004687
44.6476% accepted

energy = -263.8086612
energy/site = -1.319043306
44.6826% accepted

energy = -315.6826573
energy/site = -1.578413287
44.7883% accepted

energy = -289.3670249
energy/site = -1.446835125
44.8006% accepted

energy = -288.2834737
energy/site = -1.441417369
44.6439% accepted

energy = -306.4816145
energy/site = -1.532408073
44.6619% accepted

energy = -318.7984986
energy/site = -1.593992493
44.6285% accepted

energy = -320.1011702
energy/site = -1.600505851
44.815% accepted

energy = -281.9111605
energy/site = -1.409555803
44.6488% accepted

energy = -292.2641588
energy/site = -1.461320794
44.6685% accepted

energy = -257.3546306
energy/site = -1.286773153
44.775% accepted

energy = -270.2884179
energy/site = -1.351442089
44.7208% accepted

energy = -359.3421249
energy/site = -1.796710625
44.7354% accepted

energy = -268.4181557
energy/site = -1.342090779
44.7405% accepted

energy = -324.175043
energy/site = -1.620875215
44.564% accepted

energy = -274.9208229
energy/site = -1.374604115
44.7435% accepted

energy = -298.16934
energy/site = -1.4908467
44.6471% accepted

energy = -302.1023967
energy/site = -1.510511983
44.8263% accepted

energy = -354.9016329
energy/site = -1.774508165
44.7427% accepted

energy = -344.5563185
energy/site = -1.722781592
44.6076% accepted

energy = -276.2115898
energy/site = -1.381057949
44.8029% accepted

energy = -422.1628057
energy/site = -2.110814029
44.7165% accepted

energy = -295.783148
energy/site = -1.47891574
44.542% accepted

energy = -314.8692446
energy/site = -1.574346223
44.5379% accepted

energy = -334.1037453
energy/site = -1.670518726
44.3634% accepted

energy = -356.6130681
energy/site = -1.783065341
44.7673% accepted

energy = -300.6925262
energy/site = -1.503462631
44.666% accepted

energy = -284.0360943
energy/site = -1.420180472
44.6187% accepted

energy = -250.6458398
energy/site = -1.253229199
44.6374% accepted

energy = -246.9579169
energy/site = -1.234789584
44.6489% accepted

energy = -302.6834574
energy/site = -1.513417287
44.5951% accepted

energy = -273.0417178
energy/site = -1.365208589
44.6826% accepted

energy = -282.1606656
energy/site = -1.410803328
44.7445% accepted

energy = -338.7468058
energy/site = -1.693734029
44.6316% accepted

energy = -323.3645614
energy/site = -1.616822807
44.6783% accepted

energy = -308.3164184
energy/site = -1.541582092
44.5098% accepted

energy = -270.7920668
energy/site = -1.353960334
44.6754% accepted

energy = -353.6812773
energy/site = -1.768406387
44.6387% accepted

energy = -316.9187096
energy/site = -1.584593548
44.6149% accepted

energy = -253.4286396
energy/site = -1.267143198
44.6562% accepted

energy = -305.6123737
energy/site = -1.528061869
44.6567% accepted

energy = -234.2645318
energy/site = -1.171322659
44.4557% accepted

energy = -297.598713
energy/site = -1.487993565
44.6833% accepted

energy = -319.1374052
energy/site = -1.595687026
44.6854% accepted

energy = -302.822694
energy/site = -1.51411347
44.7068% accepted

energy = -334.9438429
energy/site = -1.674719214
44.8387% accepted

energy = -384.601762
energy/site = -1.92300881
44.6725% accepted

energy = -371.649319
energy/site = -1.858246595
44.7849% accepted

energy = -291.9259131
energy/site = -1.459629566
44.6134% accepted

energy = -375.5079797
energy/site = -1.877539898
44.5335% accepted

energy = -281.5722859
energy/site = -1.407861429
44.5868% accepted

energy = -340.1923965
energy/site = -1.700961983
44.6853% accepted

energy = -369.8064589
energy/site = -1.849032294
44.69% accepted

energy = -274.9448651
energy/site = -1.374724326
44.6752% accepted

energy = -269.8660881
energy/site = -1.34933044
44.6454% accepted

energy = -351.7327075
energy/site = -1.758663538
44.7595% accepted

energy = -346.3913281
energy/site = -1.73195664
44.5616% accepted

energy = -255.3897952
energy/site = -1.276948976
44.5392% accepted

energy = -306.0361821
energy/site = -1.53018091
44.8466% accepted

energy = -292.2675
energy/site = -1.4613375
44.5215% accepted

energy = -278.59469
energy/site = -1.39297345
44.6708% accepted

energy = -290.5161214
energy/site = -1.452580607
44.7188% accepted

energy = -307.5095448
energy/site = -1.537547724
44.6798% accepted

energy = -272.0178096
energy/site = -1.360089048
44.4454% accepted

energy = -317.1112125
energy/site = -1.585556063
44.5281% accepted

energy = -246.6417485
energy/site = -1.233208742
44.6334% accepted

energy = -347.7291236
energy/site = -1.738645618
44.6481% accepted

energy = -323.6101487
energy/site = -1.618050744
44.6176% accepted

energy = -295.583127
energy/site = -1.477915635
44.5148% accepted

energy = -313.0081812
energy/site = -1.565040906
44.6368% accepted

energy = -315.8000832
energy/site = -1.579000416
44.5147% accepted

energy = -381.9963056
energy/site = -1.909981528
44.4929% accepted

energy = -388.2157726
energy/site = -1.941078863
44.5994% accepted

energy = -287.0432
energy/site = -1.435216
44.6936% accepted

energy = -326.9459115
energy/site = -1.634729557
44.6668% accepted

energy = -287.7351444
energy/site = -1.438675722
44.6181% accepted

energy = -307.4269085
energy/site = -1.537134542
44.5154% accepted

energy = -270.2321318
energy/site = -1.351160659
44.6622% accepted

energy = -278.7517882
energy/site = -1.393758941
44.5826% accepted

energy = -263.5959541
energy/site = -1.317979771
44.6633% accepted

energy = -297.7402989
energy/site = -1.488701494
44.6944% accepted

energy = -336.4586891
energy/site = -1.682293446
44.5924% accepted

energy = -301.4786411
energy/site = -1.507393205
44.673% accepted

energy = -259.4158468
energy/site = -1.297079234
44.5324% accepted

energy = -314.2674308
energy/site = -1.571337154
44.7411% accepted

energy = -349.7181513
energy/site = -1.748590756
44.6259% accepted

energy = -341.1604355
energy/site = -1.705802177
44.5784% accepted

energy = -275.8944987
energy/site = -1.379472493
44.6885% accepted

energy = -309.9633212
energy/site = -1.549816606
44.6591% accepted

energy = -217.8086828
energy/site = -1.089043414
44.4992% accepted

energy = -325.7005083
energy/site = -1.628502541
44.7921% accepted

energy = -276.8893534
energy/site = -1.384446767
44.564% accepted

energy = -375.9739912
energy/site = -1.879869956
44.5911% accepted

energy = -322.8388699
energy/site = -1.61419435
44.5765% accepted

energy = -253.0436527
energy/site = -1.265218264
44.8491% accepted

energy = -331.7776171
energy/site = -1.658888085
44.7073% accepted

energy = -237.6098
energy/site = -1.188049
44.9101% accepted

energy = -215.9935176
energy/site = -1.079967588
44.7343% accepted

energy = -261.1017122
energy/site = -1.305508561
44.6262% accepted

energy = -358.6353574
energy/site = -1.793176787
44.6737% accepted

energy = -286.3912771
energy/site = -1.431956386
44.7575% accepted

energy = -319.184574
energy/site = -1.59592287
44.6271% accepted

energy = -306.6355536
energy/site = -1.533177768
44.6197% accepted

energy = -262.0200116
energy/site = -1.310100058
44.8182% accepted

energy = -281.9819678
energy/site = -1.409909839
44.7805% accepted

energy = -297.4302034
energy/site = -1.487151017
44.7366% accepted

energy = -369.2446164
energy/site = -1.846223082
44.6615% accepted

energy = -332.6488633
energy/site = -1.663244317
44.8127% accepted

energy = -277.9435012
energy/site = -1.389717506
44.681% accepted

energy = -320.2673385
energy/site = -1.601336693
44.6499% accepted

energy = -365.3055801
energy/site = -1.8265279
44.6416% accepted

energy = -319.6099887
energy/site = -1.598049943
44.7804% accepted

energy = -288.5485328
energy/site = -1.442742664
44.6643% accepted

energy = -388.9316073
energy/site = -1.944658037
44.6015% accepted

energy = -289.6309556
energy/site = -1.448154778
44.5793% accepted

energy = -276.8629718
energy/site = -1.384314859
44.5482% accepted

energy = -275.8414367
energy/site = -1.379207183
44.7805% accepted

energy = -302.5730629
energy/site = -1.512865315
44.7413% accepted

energy = -286.8408734
energy/site = -1.434204367
44.622% accepted

energy = -319.0918245
energy/site = -1.595459122
44.7914% accepted

energy = -396.5427632
energy/site = -1.982713816
44.6784% accepted

energy = -259.1370317
energy/site = -1.295685159
44.8109% accepted

energy = -287.4393173
energy/site = -1.437196587
44.5495% accepted

energy = -284.5509076
energy/site = -1.422754538
44.7528% accepted

energy = -363.3370256
energy/site = -1.816685128
44.5282% accepted

energy = -313.0019025
energy/site = -1.565009512
44.8495% accepted

energy = -379.2408136
energy/site = -1.896204068
44.7603% accepted

energy = -306.6448124
energy/site = -1.533224062
44.526% accepted

energy = -375.7384999
energy/site = -1.8786925
44.6813% accepted

energy = -358.9850078
energy/site = -1.794925039
44.8901% accepted

energy = -295.7422827
energy/site = -1.478711414
44.4894% accepted

energy = -345.8053187
energy/site = -1.729026594
44.855% accepted

energy = -283.4297457
energy/site = -1.417148728
44.7582% accepted

energy = -374.7403115
energy/site = -1.873701558
44.5872% accepted

energy = -354.3436589
energy/site = -1.771718295
44.5152% accepted

energy = -317.5146951
energy/site = -1.587573476
44.6932% accepted

energy = -261.4514667
energy/site = -1.307257334
44.613% accepted

energy = -427.6719085
energy/site = -2.138359542
44.7927% accepted

energy = -321.4849555
energy/site = -1.607424777
44.5521% accepted

energy = -267.9860762
energy/site = -1.339930381
44.6264% accepted

energy = -289.4696197
energy/site = -1.447348098
44.6041% accepted

energy = -355.3580521
energy/site = -1.776790261
44.7865% accepted

energy = -322.6892016
energy/site = -1.613446008
44.8429% accepted

energy = -359.7444736
energy/site = -1.798722368
44.7149% accepted

energy = -244.4132434
energy/site = -1.222066217
44.7111% accepted

energy = -340.3943171
energy/site = -1.701971586
44.6843% accepted

energy = -257.6410811
energy/site = -1.288205406
44.6758% accepted

energy = -286.5734864
energy/site = -1.432867432
44.7503% accepted

energy = -342.550731
energy/site = -1.712753655
44.7044% accepted

energy = -247.810685
energy/site = -1.239053425
44.7878% accepted

energy = -426.1215074
energy/site = -2.130607537
44.679% accepted

energy = -332.32207
energy/site = -1.66161035
44.6923% accepted

energy = -351.6106383
energy/site = -1.758053192
44.7081% accepted

energy = -367.0435544
energy/site = -1.835217772
44.5465% accepted

energy = -333.2982078
energy/site = -1.666491039
44.6142% accepted

energy = -263.3622042
energy/site = -1.316811021
44.5733% accepted

energy = -292.9027869
energy/site = -1.464513935
44.6991% accepted

energy = -411.4331438
energy/site = -2.057165719
44.5955% accepted

energy = -318.5079446
energy/site = -1.592539723
44.6531% accepted

energy = -298.7845137
energy/site = -1.493922569
44.533% accepted

energy = -375.7820336
energy/site = -1.878910168
44.7746% accepted

energy = -277.2900263
energy/site = -1.386450132
44.6455% accepted

energy = -265.7680005
energy/site = -1.328840003
44.6894% accepted

energy = -285.6332504
energy/site = -1.428166252
44.7453% accepted

energy = -371.1722481
energy/site = -1.855861241
44.5087% accepted

energy = -297.2313263
energy/site = -1.486156632
44.7616% accepted

energy = -235.9827334
energy/site = -1.179913667
44.6477% accepted

energy = -336.2217216
energy/site = -1.681108608
44.5873% accepted

energy = -240.7182397
energy/site = -1.203591199
44.7428% accepted

energy = -238.5807415
energy/site = -1.192903708
44.6791% accepted

energy = -255.4982658
energy/site = -1.277491329
44.752% accepted

energy = -253.3016205
energy/site = -1.266508103
44.7406% accepted

energy = -276.8047967
energy/site = -1.384023984
44.5303% accepted

energy = -337.9579835
energy/site = -1.689789918
44.5726% accepted

energy = -343.7708243
energy/site = -1.718854122
44.5525% accepted

energy = -265.4671282
energy/site = -1.327335641
44.7207% accepted

energy = -279.2706874
energy/site = -1.396353437
44.6579% accepted

energy = -287.4109335
energy/site = -1.437054668
44.571% accepted

energy = -360.4800472
energy/site = -1.802400236
44.7448% accepted

energy = -272.1962831
energy/site = -1.360981415
44.5958% accepted

energy = -344.0601681
energy/site = -1.720300841
44.6978% accepted

energy = -291.2594249
energy/site = -1.456297124
44.7651% accepted

energy = -385.8308157
energy/site = -1.929154079
44.771% accepted

energy = -307.3789382
energy/site = -1.536894691
44.5127% accepted

energy = -346.6581679
energy/site = -1.733290839
44.6808% accepted

energy = -315.9296211
energy/site = -1.579648106
44.625% accepted

energy = -242.5999682
energy/site = -1.212999841
44.5957% accepted

energy = -279.4044025
energy/site = -1.397022012
44.6962% accepted

energy = -313.2504948
energy/site = -1.566252474
44.6689% accepted

energy = -299.9239781
energy/site = -1.49961989
44.5729% accepted

energy = -369.9111125
energy/site = -1.849555562
44.7458% accepted

energy = -328.5705173
energy/site = -1.642852586
44.8542% accepted

energy = -307.9298504
energy/site = -1.539649252
44.7045% accepted

energy = -242.6331648
energy/site = -1.213165824
44.643% accepted

energy = -314.2670033
energy/site = -1.571335016
44.7439% accepted

energy = -311.179317
energy/site = -1.555896585
44.6185% accepted

energy = -229.1100742
energy/site = -1.145550371
44.7454% accepted

energy = -297.3995749
energy/site = -1.486997875
44.7085% accepted

energy = -294.6951008
energy/site = -1.473475504
44.5986% accepted

energy = -288.6838702
energy/site = -1.443419351
44.5685% accepted

energy = -226.1218136
energy/site = -1.130609068
44.7896% accepted

energy = -314.9805901
energy/site = -1.57490295
44.6252% accepted

energy = -276.2094405
energy/site = -1.381047203
44.5879% accepted

energy = -381.9408376
energy/site = -1.909704188
44.6109% accepted

energy = -299.5789296
energy/site = -1.497894648
44.6836% accepted

energy = -256.2841661
energy/site = -1.28142083
44.6564% accepted

energy = -234.2707987
energy/site = -1.171353994
44.737% accepted

energy = -360.4089243
energy/site = -1.802044621
44.646% accepted

energy = -271.5590543
energy/site = -1.357795272
44.6709% accepted

energy = -285.0790122
energy/site = -1.425395061
44.7605% accepted

energy = -344.6548404
energy/site = -1.723274202
44.6648% accepted

energy = -278.7744197
energy/site = -1.393872098
44.7246% accepted

energy = -298.1113003
energy/site = -1.490556501
44.5274% accepted

energy = -327.1902142
energy/site = -1.635951071
44.5283% accepted

energy = -401.2393597
energy/site = -2.006196799
44.5996% accepted

energy = -325.4444006
energy/site = -1.627222003
44.787% accepted

energy = -318.3095207
energy/site = -1.591547604
44.5969% accepted

energy = -298.0527962
energy/site = -1.490263981
44.5159% accepted

energy = -305.1646473
energy/site = -1.525823236
44.7225% accepted

energy = -301.9743785
energy/site = -1.509871893
44.6376% accepted

energy = -285.7879557
energy/site = -1.428939779
44.8027% accepted

energy = -291.7629857
energy/site = -1.458814928
44.6973% accepted

energy = -265.6355861
energy/site = -1.328177931
44.5748% accepted

energy = -315.9347641
energy/site = -1.579673821
44.6483% accepted

energy = -323.4476585
energy/site = -1.617238292
44.5757% accepted

energy = -292.3759759
energy/site = -1.461879879
44.7438% accepted

energy = -347.305956
energy/site = -1.73652978
44.6457% accepted

energy = -240.2013738
energy/site = -1.201006869
44.5994% accepted

energy = -347.4431103
energy/site = -1.737215551
44.664% accepted

energy = -384.9784722
energy/site = -1.924892361
44.7284% accepted

energy = -300.0642826
energy/site = -1.500321413
44.8846% accepted

energy = -341.0760629
energy/site = -1.705380315
44.4324% accepted

energy = -315.2518303
energy/site = -1.576259152
44.6751% accepted

energy = -262.4998848
energy/site = -1.312499424
44.6168% accepted

energy = -330.807936
energy/site = -1.65403968
44.4913% accepted

energy = -277.313661
energy/site = -1.386568305
44.6824% accepted

energy = -397.4345659
energy/site = -1.98717283
44.6801% accepted

energy = -395.0469525
energy/site = -1.975234762
44.6885% accepted

energy = -252.6422948
energy/site = -1.263211474
44.5858% accepted

energy = -283.3501768
energy/site = -1.416750884
44.578% accepted

energy = -277.7276495
energy/site = -1.388638248
44.6476% accepted

energy = -293.0329228
energy/site = -1.465164614
44.5784% accepted

energy = -222.2208844
energy/site = -1.111104422
44.6383% accepted

energy = -243.5829511
energy/site = -1.217914755
44.6272% accepted

energy = -340.3318295
energy/site = -1.701659148
44.65% accepted

energy = -255.9530698
energy/site = -1.279765349
44.6498% accepted

energy = -242.6866124
energy/site = -1.213433062
44.6611% accepted

energy = -309.8099008
energy/site = -1.549049504
44.765% accepted

energy = -287.4786381
energy/site = -1.437393191
44.7107% accepted

energy = -314.5330055
energy/site = -1.572665028
44.7912% accepted

energy = -269.2508128
energy/site = -1.346254064
44.5904% accepted

energy = -257.6963576
energy/site = -1.288481788
44.6922% accepted

energy = -302.2854316
energy/site = -1.511427158
44.4963% accepted

energy = -301.0266357
energy/site = -1.505133178
44.5945% accepted

energy = -331.7429595
energy/site = -1.658714797
44.7048% accepted

energy = -330.6264083
energy/site = -1.653132041
44.5817% accepted

energy = -257.6646414
energy/site = -1.288323207
44.761% accepted

energy = -305.7487566
energy/site = -1.528743783
44.8062% accepted

energy = -299.3100326
energy/site = -1.496550163
44.7045% accepted

energy = -290.3995264
energy/site = -1.451997632
44.7308% accepted

energy = -261.1375593
energy/site = -1.305687796
44.4919% accepted

energy = -292.2773881
energy/site = -1.461386941
44.7993% accepted

energy = -287.9081083
energy/site = -1.439540542
44.7455% accepted

energy = -364.086653
energy/site = -1.820433265
44.6764% accepted

energy = -339.6172627
energy/site = -1.698086313
44.9232% accepted

energy = -300.1141796
energy/site = -1.500570898
44.6743% accepted

energy = -278.0674306
energy/site = -1.390337153
44.6007% accepted

energy = -230.1221527
energy/site = -1.150610763
44.5195% accepted

energy = -338.7238303
energy/site = -1.693619152
44.5416% accepted

energy = -283.4041516
energy/site = -1.417020758
44.6288% accepted

energy = -248.2160753
energy/site = -1.241080377
44.4859% accepted

energy = -290.5401715
energy/site = -1.452700857
44.7779% accepted

energy = -279.3244875
energy/site = -1.396622437
44.5903% accepted

energy = -310.1726856
energy/site = -1.550863428
44.6479% accepted

energy = -343.2810877
energy/site = -1.716405439
44.6816% accepted

energy = -328.7117001
energy/site = -1.643558501
44.6721% accepted

energy = -348.3356222
energy/site = -1.741678111
44.5091% accepted

energy = -308.3970187
energy/site = -1.541985093
44.5711% accepted

energy = -248.0767855
energy/site = -1.240383927
44.647% accepted

energy = -277.621569
energy/site = -1.388107845
44.6101% accepted

energy = -308.5588498
energy/site = -1.542794249
44.7936% accepted

energy = -300.5833814
energy/site = -1.502916907
44.731% accepted

energy = -210.3103378
energy/site = -1.051551689
44.5189% accepted

energy = -258.3333321
energy/site = -1.29166666
44.6495% accepted

energy = -282.0542154
energy/site = -1.410271077
44.6715% accepted

energy = -374.6390319
energy/site = -1.87319516
44.6988% accepted

energy = -401.6358445
energy/site = -2.008179223
44.673% accepted

energy = -309.6439871
energy/site = -1.548219935
44.641% accepted

energy = -306.796193
energy/site = -1.533980965
44.6756% accepted

energy = -286.8683929
energy/site = -1.434341965
44.8029% accepted

energy = -234.224338
energy/site = -1.17112169
44.6369% accepted

energy = -265.5798405
energy/site = -1.327899203
44.5851% accepted

energy = -318.9400612
energy/site = -1.594700306
44.742% accepted

energy = -328.1487469
energy/site = -1.640743734
44.7107% accepted

energy = -356.3550872
energy/site = -1.781775436
44.5721% accepted

energy = -313.311629
energy/site = -1.566558145
44.7997% accepted

energy = -327.478953
energy/site = -1.637394765
44.4913% accepted

energy = -312.3876431
energy/site = -1.561938216
44.7063% accepted

energy = -360.9671477
energy/site = -1.804835739
44.6477% accepted

energy = -329.1333816
energy/site = -1.645666908
44.6316% accepted

energy = -238.396465
energy/site = -1.191982325
44.5874% accepted

energy = -277.3296262
energy/site = -1.386648131
44.7255% accepted

energy = -230.647792
energy/site = -1.15323896
44.6258% accepted

energy = -309.3691295
energy/site = -1.546845648
44.5805% accepted

energy = -250.4782271
energy/site = -1.252391136
44.6316% accepted

energy = -305.1156693
energy/site = -1.525578346
44.5184% accepted

energy = -317.827331
energy/site = -1.589136655
44.5725% accepted

energy = -296.4386597
energy/site = -1.482193298
44.7864% accepted

energy = -278.7128588
energy/site = -1.393564294
44.6644% accepted

energy = -295.8893413
energy/site = -1.479446706
44.5504% accepted

energy = -281.2898058
energy/site = -1.406449029
44.8311% accepted

energy = -273.3746496
energy/site = -1.366873248
44.5962% accepted

energy = -259.6729846
energy/site = -1.298364923
44.7607% accepted

energy = -381.3557382
energy/site = -1.906778691
44.6615% accepted

energy = -317.893413
energy/site = -1.589467065
44.5142% accepted

energy = -315.4803543
energy/site = -1.577401771
44.6289% accepted

energy = -247.8122645
energy/site = -1.239061322
44.5705% accepted

energy = -407.1613791
energy/site = -2.035806895
44.6918% accepted

energy = -274.6434646
energy/site = -1.373217323
44.621% accepted

energy = -367.8165122
energy/site = -1.839082561
44.6488% accepted

energy = -272.4508829
energy/site = -1.362254414
44.7697% accepted

energy = -271.8923627
energy/site = -1.359461813
44.6063% accepted

energy = -256.3664389
energy/site = -1.281832195
44.6858% accepted

energy = -323.1563982
energy/site = -1.615781991
44.5269% accepted

energy = -252.7594927
energy/site = -1.263797464
44.6021% accepted

energy = -349.4568373
energy/site = -1.747284186
44.5839% accepted

energy = -258.2630188
energy/site = -1.291315094
44.5995% accepted

energy = -353.8736625
energy/site = -1.769368312
44.7359% accepted

energy = -345.2935729
energy/site = -1.726467864
44.6705% accepted

energy = -295.0128378
energy/site = -1.475064189
44.7274% accepted

energy = -318.2030405
energy/site = -1.591015202
44.6921% accepted

energy = -404.6475282
energy/site = -2.023237641
44.5965% accepted

energy = -384.8481262
energy/site = -1.924240631
44.5144% accepted

energy = -314.9702788
energy/site = -1.574851394
44.7227% accepted

energy = -275.6323092
energy/site = -1.378161546
44.728% accepted

energy = -234.2921361
energy/site = -1.171460681
44.6653% accepted

energy = -310.1845492
energy/site = -1.550922746
44.6707% accepted

energy = -281.1173153
energy/site = -1.405586577
44.6641% accepted

energy = -292.0071231
energy/site = -1.460035615
44.6819% accepted

energy = -306.3248156
energy/site = -1.531624078
44.5725% accepted

energy = -359.6670736
energy/site = -1.798335368
44.6178% accepted

energy = -315.6414626
energy/site = -1.578207313
44.6035% accepted

energy = -316.6602099
energy/site = -1.58330105
44.673% accepted

energy = -326.5239217
energy/site = -1.632619608
44.587% accepted

energy = -235.4976266
energy/site = -1.177488133
44.614% accepted

energy = -347.2867972
energy/site = -1.736433986
44.59% accepted

energy = -327.4323818
energy/site = -1.637161909
44.6877% accepted

energy = -359.8556713
energy/site = -1.799278356
44.7095% accepted

energy = -315.3592165
energy/site = -1.576796083
44.8029% accepted

energy = -285.0379763
energy/site = -1.425189881
44.6018% accepted

energy = -245.3233934
energy/site = -1.226616967
44.6656% accepted

energy = -297.9644728
energy/site = -1.489822364
44.6948% accepted

energy = -303.2697619
energy/site = -1.51634881
44.6434% accepted

energy = -302.7662829
energy/site = -1.513831414
44.5248% accepted

energy = -352.502037
energy/site = -1.762510185
44.7459% accepted

energy = -281.8299272
energy/site = -1.409149636
44.6917% accepted

energy = -322.8011419
energy/site = -1.614005709
44.6989% accepted

energy = -310.6328724
energy/site = -1.553164362
44.6389% accepted

energy = -393.0273405
energy/site = -1.965136702
44.622% accepted

energy = -343.5304104
energy/site = -1.717652052
44.7089% accepted

energy = -305.998322
energy/site = -1.52999161
44.5656% accepted

energy = -329.3657623
energy/site = -1.646828811
44.7461% accepted

energy = -242.7117562
energy/site = -1.213558781
44.5759% accepted

energy = -242.2135869
energy/site = -1.211067934
44.7005% accepted

energy = -279.9054684
energy/site = -1.399527342
44.6921% accepted

energy = -357.523187
energy/site = -1.787615935
44.6557% accepted

energy = -298.0357988
energy/site = -1.490178994
44.5392% accepted

energy = -305.7880071
energy/site = -1.528940036
44.6386% accepted

energy = -280.9079422
energy/site = -1.404539711
44.6614% accepted

energy = -262.6642249
energy/site = -1.313321124
44.6601% accepted

energy = -258.5970628
energy/site = -1.292985314
44.5903% accepted

energy = -346.4685116
energy/site = -1.732342558
44.7272% accepted

energy = -313.0757332
energy/site = -1.565378666
44.548% accepted

energy = -273.6403893
energy/site = -1.368201947
44.6012% accepted

energy = -281.7356396
energy/site = -1.408678198
44.6839% accepted

energy = -378.7976165
energy/site = -1.893988083
44.5856% accepted

energy = -301.2415208
energy/site = -1.506207604
44.6116% accepted

energy = -372.5937233
energy/site = -1.862968616
44.6527% accepted

energy = -332.6957129
energy/site = -1.663478564
44.7057% accepted

energy = -290.0358113
energy/site = -1.450179056
44.6268% accepted

energy = -320.7702876
energy/site = -1.603851438
44.5891% accepted

energy = -362.09204
energy/site = -1.8104602
44.7367% accepted

energy = -293.671918
energy/site = -1.46835959
44.6706% accepted

energy = -293.2753912
energy/site = -1.466376956
44.6414% accepted

energy = -289.000945
energy/site = -1.445004725
44.6228% accepted

energy = -302.4610027
energy/site = -1.512305014
44.5914% accepted

energy = -293.1463145
energy/site = -1.465731573
44.6865% accepted

energy = -340.756636
energy/site = -1.70378318
44.733% accepted

energy = -267.9022081
energy/site = -1.33951104
44.6123% accepted

energy = -318.9779394
energy/site = -1.594889697
44.5378% accepted

energy = -294.8187733
energy/site = -1.474093867
44.7617% accepted

energy = -262.806494
energy/site = -1.31403247
44.6767% accepted

energy = -274.1070535
energy/site = -1.370535268
44.5168% accepted

energy = -220.5856633
energy/site = -1.102928317
44.6884% accepted

energy = -229.1393507
energy/site = -1.145696754
44.6719% accepted

energy = -362.9127891
energy/site = -1.814563945
44.4784% accepted

energy = -291.6756613
energy/site = -1.458378307
44.7607% accepted

energy = -264.8301186
energy/site = -1.324150593
44.672% accepted

energy = -262.5669725
energy/site = -1.312834863
44.786% accepted

energy = -363.6762243
energy/site = -1.818381121
44.7185% accepted

energy = -287.7770974
energy/site = -1.438885487
44.4678% accepted

energy = -322.8507737
energy/site = -1.614253868
44.695% accepted

energy = -275.6828238
energy/site = -1.378414119
44.6546% accepted

energy = -264.1725038
energy/site = -1.320862519
44.7653% accepted

energy = -260.3456289
energy/site = -1.301728144
44.6617% accepted

energy = -283.9221136
energy/site = -1.419610568
44.5041% accepted

energy = -235.2035038
energy/site = -1.176017519
44.7468% accepted

energy = -294.619868
energy/site = -1.47309934
44.6501% accepted

energy = -291.597432
energy/site = -1.45798716
44.5162% accepted

energy = -247.4211527
energy/site = -1.237105764
44.699% accepted

energy = -323.70689
energy/site = -1.61853445
44.6531% accepted

energy = -314.3380775
energy/site = -1.571690388
44.7701% accepted

energy = -374.0526534
energy/site = -1.870263267
44.6894% accepted

energy = -323.8776242
energy/site = -1.619388121
44.6776% accepted

energy = -341.7381289
energy/site = -1.708690644
44.6105% accepted

energy = -254.5654082
energy/site = -1.272827041
44.6744% accepted

energy = -333.9589882
energy/site = -1.669794941
44.7166% accepted

energy = -278.2270403
energy/site = -1.391135202
44.7205% accepted

energy = -383.8961924
energy/site = -1.919480962
44.5258% accepted

energy = -258.0145354
energy/site = -1.290072677
44.6272% accepted

energy = -297.8563614
energy/site = -1.489281807
44.5378% accepted

energy = -267.5592979
energy/site = -1.33779649
44.6043% accepted

energy = -346.6035525
energy/site = -1.733017762
44.4391% accepted

energy = -312.2004383
energy/site = -1.561002191
44.5066% accepted

energy = -286.1658538
energy/site = -1.430829269
44.694% accepted

energy = -272.370943
energy/site = -1.361854715
44.6066% accepted

energy = -315.2664755
energy/site = -1.576332377
44.6098% accepted

energy = -293.9475444
energy/site = -1.469737722
44.5108% accepted

energy = -277.9465756
energy/site = -1.389732878
44.7326% accepted

energy = -289.0943138
energy/site = -1.445471569
44.7838% accepted

energy = -300.837678
energy/site = -1.50418839
44.6792% accepted

energy = -302.4140376
energy/site = -1.512070188
44.5982% accepted

energy = -278.9908123
energy/site = -1.394954061
44.686% accepted

energy = -255.6769627
energy/site = -1.278384813
44.6792% accepted

energy = -365.8680465
energy/site = -1.829340232
44.5848% accepted

energy = -274.116609
energy/site = -1.370583045
44.5477% accepted

energy = -306.2484625
energy/site = -1.531242313
44.66% accepted

energy = -329.6876842
energy/site = -1.648438421
44.6644% accepted

energy = -234.6079965
energy/site = -1.173039982
44.7184% accepted

energy = -269.3459787
energy/site = -1.346729893
44.5613% accepted

energy = -305.0730385
energy/site = -1.525365193
44.6284% accepted

energy = -297.5788541
energy/site = -1.487894271
44.5452% accepted

energy = -344.9668966
energy/site = -1.724834483
44.6787% accepted

energy = -343.6480964
energy/site = -1.718240482
44.6601% accepted

energy = -306.9651078
energy/site = -1.534825539
44.7241% accepted

energy = -313.0305853
energy/site = -1.565152926
44.7064% accepted

energy = -228.2906471
energy/site = -1.141453235
44.6409% accepted

energy = -298.5932512
energy/site = -1.492966256
44.5624% accepted

energy = -307.5882123
energy/site = -1.537941061
44.6371% accepted

energy = -296.4886603
energy/site = -1.482443302
44.5089% accepted

energy = -367.4560803
energy/site = -1.837280401
44.6667% accepted

energy = -302.8840691
energy/site = -1.514420345
44.6965% accepted

energy = -292.8681497
energy/site = -1.464340749
44.5166% accepted

energy = -343.9370814
energy/site = -1.719685407
44.5833% accepted

energy = -268.3466818
energy/site = -1.341733409
44.6963% accepted

energy = -271.2365281
energy/site = -1.356182641
44.732% accepted

energy = -358.0979796
energy/site = -1.790489898
44.6177% accepted

energy = -301.7782793
energy/site = -1.508891396
44.6291% accepted

energy = -347.0207625
energy/site = -1.735103813
44.6462% accepted

energy = -276.6375967
energy/site = -1.383187984
44.7641% accepted

energy = -273.0731488
energy/site = -1.365365744
44.7329% accepted

energy = -310.8080877
energy/site = -1.554040438
44.6618% accepted

energy = -303.3008659
energy/site = -1.51650433
44.6585% accepted

energy = -392.0546752
energy/site = -1.960273376
44.5494% accepted

energy = -325.7579624
energy/site = -1.628789812
44.6655% accepted

energy = -328.2605015
energy/site = -1.641302508
44.702% accepted

energy = -268.1086386
energy/site = -1.340543193
44.8017% accepted

energy = -254.7361433
energy/site = -1.273680717
44.5594% accepted

energy = -251.2260952
energy/site = -1.256130476
44.7251% accepted

energy = -277.5414691
energy/site = -1.387707345
44.6152% accepted

energy = -334.8226512
energy/site = -1.674113256
44.5954% accepted

energy = -377.8923635
energy/site = -1.889461817
44.4509% accepted

energy = -287.2583677
energy/site = -1.436291838
44.6864% accepted

energy = -267.7284247
energy/site = -1.338642123
44.5547% accepted

energy = -289.2113811
energy/site = -1.446056905
44.5425% accepted

energy = -292.2688921
energy/site = -1.46134446
44.6622% accepted

energy = -216.0253167
energy/site = -1.080126583
44.6245% accepted

energy = -271.9846371
energy/site = -1.359923186
44.8214% accepted

energy = -279.0962379
energy/site = -1.395481189
44.6564% accepted

energy = -238.1443179
energy/site = -1.19072159
44.5466% accepted

energy = -257.4011972
energy/site = -1.287005986
44.6783% accepted

energy = -278.0623293
energy/site = -1.390311646
44.6926% accepted

energy = -319.05273
energy/site = -1.59526365
44.5291% accepted

energy = -251.4133631
energy/site = -1.257066815
44.5537% accepted

energy = -319.1514981
energy/site = -1.59575749
44.5964% accepted

energy = -334.7225311
energy/site = -1.673612655
44.6076% accepted

energy = -202.6259424
energy/site = -1.013129712
44.5382% accepted

energy = -332.7196008
energy/site = -1.663598004
44.6088% accepted

energy = -216.2484141
energy/site = -1.081242071
44.5731% accepted

energy = -310.5602626
energy/site = -1.552801313
44.5772% accepted

energy = -316.9015736
energy/site = -1.584507868
44.6918% accepted

energy = -332.8095958
energy/site = -1.664047979
44.5261% accepted

energy = -354.3151457
energy/site = -1.771575728
44.7168% accepted

energy = -302.6188428
energy/site = -1.513094214
44.4461% accepted

energy = -285.5331825
energy/site = -1.427665913
44.5598% accepted

energy = -313.5810435
energy/site = -1.567905217
44.4847% accepted

energy = -291.0086674
energy/site = -1.455043337
44.7037% accepted

energy = -254.7728942
energy/site = -1.273864471
44.7824% accepted

energy = -289.859444
energy/site = -1.44929722
44.7127% accepted

energy = -341.05441
energy/site = -1.70527205
44.686% accepted

energy = -312.6030078
energy/site = -1.563015039
44.6498% accepted

energy = -255.3022049
energy/site = -1.276511025
44.6083% accepted

energy = -209.6561152
energy/site = -1.048280576
44.5907% accepted

energy = -290.158176
energy/site = -1.45079088
44.6829% accepted

energy = -263.2497191
energy/site = -1.316248596
44.558% accepted

energy = -301.0818667
energy/site = -1.505409333
44.5459% accepted

energy = -311.7934172
energy/site = -1.558967086
44.7615% accepted

energy = -350.8584048
energy/site = -1.754292024
44.6744% accepted

energy = -348.1627995
energy/site = -1.740813998
44.5785% accepted

energy = -273.9224431
energy/site = -1.369612216
44.4783% accepted

energy = -290.2068592
energy/site = -1.451034296
44.7165% accepted

energy = -270.0504168
energy/site = -1.350252084
44.7002% accepted

energy = -245.240451
energy/site = -1.226202255
44.6426% accepted

energy = -316.9143688
energy/site = -1.584571844
44.6938% accepted

energy = -320.261413
energy/site = -1.601307065
44.7435% accepted

energy = -305.4528331
energy/site = -1.527264166
44.7701% accepted

energy = -404.2449709
energy/site = -2.021224855
44.763% accepted

energy = -243.7529767
energy/site = -1.218764884
44.5789% accepted

energy = -267.7366726
energy/site = -1.338683363
44.5252% accepted

energy = -245.4235222
energy/site = -1.227117611
44.7011% accepted

energy = -301.4481868
energy/site = -1.507240934
44.5875% accepted

energy = -371.1241737
energy/site = -1.855620869
44.7058% accepted

energy = -289.0941113
energy/site = -1.445470556
44.7629% accepted

energy = -404.2077676
energy/site = -2.021038838
44.5856% accepted

energy = -318.7413763
energy/site = -1.593706882
44.6991% accepted

energy = -279.338245
energy/site = -1.396691225
44.5221% accepted

energy = -296.497372
energy/site = -1.48248686
44.6541% accepted

energy = -296.9556311
energy/site = -1.484778155
44.6241% accepted

energy = -261.6732506
energy/site = -1.308366253
44.6726% accepted

energy = -219.6913604
energy/site = -1.098456802
44.7858% accepted

energy = -259.2591783
energy/site = -1.296295891
44.7693% accepted

energy = -357.9425962
energy/site = -1.789712981
44.7034% accepted

energy = -279.1132411
energy/site = -1.395566206
44.7983% accepted

energy = -305.0283478
energy/site = -1.525141739
44.6457% accepted

energy = -290.7864018
energy/site = -1.453932009
44.605% accepted

energy = -316.7003332
energy/site = -1.583501666
44.6151% accepted

energy = -287.2420294
energy/site = -1.436210147
44.5451% accepted

energy = -293.6172047
energy/site = -1.468086023
44.6742% accepted

energy = -263.2130783
energy/site = -1.316065391
44.6133% accepted

energy = -322.3345758
energy/site = -1.611672879
44.6109% accepted

energy = -244.6886307
energy/site = -1.223443154
44.6045% accepted

energy = -333.4065358
energy/site = -1.667032679
44.6358% accepted

energy = -320.5571236
energy/site = -1.602785618
44.7159% accepted

energy = -243.8414409
energy/site = -1.219207205
44.7346% accepted

energy = -381.0535355
energy/site = -1.905267677
44.7012% accepted

energy = -325.2435205
energy/site = -1.626217603
44.7072% accepted

energy = -340.4847969
energy/site = -1.702423984
44.8653% accepted

energy = -293.3521725
energy/site = -1.466760862
44.6167% accepted

energy = -312.6941477
energy/site = -1.563470738
44.7123% accepted

energy = -248.7894593
energy/site = -1.243947296
44.5448% accepted

energy = -319.6891184
energy/site = -1.598445592
44.7306% accepted

energy = -360.398804
energy/site = -1.80199402
44.6303% accepted

energy = -295.2719656
energy/site = -1.476359828
44.6747% accepted

energy = -327.5403343
energy/site = -1.637701671
44.7825% accepted

energy = -344.5285036
energy/site = -1.722642518
44.7333% accepted

energy = -273.4819272
energy/site = -1.367409636
44.7684% accepted

energy = -248.1044565
energy/site = -1.240522282
44.6684% accepted

energy = -291.3641678
energy/site = -1.456820839
44.4689% accepted

energy = -243.0894564
energy/site = -1.215447282
44.6291% accepted

energy = -339.3223437
energy/site = -1.696611719
44.6432% accepted

energy = -292.251495
energy/site = -1.461257475
44.6907% accepted

energy = -292.3426948
energy/site = -1.461713474
44.6639% accepted

energy = -262.4605655
energy/site = -1.312302827
44.6811% accepted

energy = -271.6634459
energy/site = -1.358317229
44.4982% accepted

energy = -273.0203048
energy/site = -1.365101524
44.7492% accepted

energy = -255.1611833
energy/site = -1.275805917
44.6181% accepted

energy = -294.5829962
energy/site = -1.472914981
44.6076% accepted

energy = -350.2994255
energy/site = -1.751497128
44.6477% accepted

energy = -332.4699291
energy/site = -1.662349645
44.6256% accepted

energy = -301.5835894
energy/site = -1.507917947
44.5958% accepted

energy = -240.8217218
energy/site = -1.204108609
44.7647% accepted

energy = -330.6134843
energy/site = -1.653067421
44.7298% accepted

energy = -292.715743
energy/site = -1.463578715
44.6958% accepted

energy = -295.1599058
energy/site = -1.475799529
44.7871% accepted

energy = -289.2952345
energy/site = -1.446476173
44.6857% accepted

energy = -387.4042199
energy/site = -1.937021099
44.582% accepted

energy = -250.292589
energy/site = -1.251462945
44.7009% accepted

energy = -288.5802216
energy/site = -1.442901108
44.5341% accepted

energy = -289.6059511
energy/site = -1.448029755
44.612% accepted

energy = -386.2053331
energy/site = -1.931026665
44.6962% accepted

energy = -410.656498
energy/site = -2.05328249
44.6117% accepted

energy = -296.9775293
energy/site = -1.484887646
44.5934% accepted

energy = -295.5885366
energy/site = -1.477942683
44.6487% accepted

energy = -299.2096511
energy/site = -1.496048256
44.7512% accepted

energy = -273.6663069
energy/site = -1.368331534
44.4812% accepted

energy = -276.0756494
energy/site = -1.380378247
44.5691% accepted

energy = -283.686062
energy/site = -1.41843031
44.5737% accepted

energy = -325.3187983
energy/site = -1.626593992
44.6331% accepted

energy = -309.4373414
energy/site = -1.547186707
44.6846% accepted

energy = -266.0346634
energy/site = -1.330173317
44.8316% accepted

energy = -242.6928273
energy/site = -1.213464136
44.6898% accepted

energy = -305.4424736
energy/site = -1.527212368
44.6861% accepted

energy = -268.7671613
energy/site = -1.343835806
44.6089% accepted

energy = -286.7765637
energy/site = -1.433882818
44.6571% accepted

energy = -242.9569716
energy/site = -1.214784858
44.6444% accepted

energy = -308.7926412
energy/site = -1.543963206
44.693% accepted

energy = -287.324496
energy/site = -1.43662248
44.5344% accepted

energy = -295.2489133
energy/site = -1.476244566
44.6867% accepted

energy = -367.3717098
energy/site = -1.836858549
44.5691% accepted

energy = -278.9258512
energy/site = -1.394629256
44.6426% accepted

energy = -464.1119789
energy/site = -2.320559895
44.5043% accepted

energy = -313.2953767
energy/site = -1.566476884
44.6958% accepted

energy = -317.7991984
energy/site = -1.588995992
44.8351% accepted

energy = -240.4550765
energy/site = -1.202275383
44.676% accepted

energy = -295.4531046
energy/site = -1.477265523
44.7479% accepted

energy = -312.8909505
energy/site = -1.564454752
44.7797% accepted

energy = -372.3480051
energy/site = -1.861740025
44.6671% accepted

energy = -319.7152928
energy/site = -1.598576464
44.6269% accepted

energy = -271.3625816
energy/site = -1.356812908
44.5965% accepted

energy = -245.2798562
energy/site = -1.226399281
44.7733% accepted

energy = -384.6020351
energy/site = -1.923010176
44.6467% accepted

energy = -342.6715767
energy/site = -1.713357883
44.7027% accepted

energy = -247.7217782
energy/site = -1.238608891
44.5978% accepted

energy = -288.1102297
energy/site = -1.440551149
44.6336% accepted

energy = -385.3326867
energy/site = -1.926663433
44.5939% accepted

energy = -298.2333407
energy/site = -1.491166704
44.6378% accepted

energy = -314.5092594
energy/site = -1.572546297
44.7765% accepted

energy = -277.5940829
energy/site = -1.387970414
44.6142% accepted

energy = -327.4347621
energy/site = -1.63717381
44.7078% accepted

energy = -286.8368941
energy/site = -1.43418447
44.675% accepted

energy = -344.8998283
energy/site = -1.724499141
44.6053% accepted

energy = -341.0325668
energy/site = -1.705162834
44.6592% accepted

energy = -313.697597
energy/site = -1.568487985
44.6911% accepted

energy = -296.9749023
energy/site = -1.484874511
44.639% accepted

energy = -296.016182
energy/site = -1.48008091
44.6445% accepted

energy = -277.7043203
energy/site = -1.388521602
44.5724% accepted

energy = -234.9463454
energy/site = -1.174731727
44.8278% accepted

energy = -382.3972142
energy/site = -1.911986071
44.6854% accepted

energy = -351.4671654
energy/site = -1.757335827
44.7671% accepted

energy = -268.764509
energy/site = -1.343822545
44.6974% accepted

energy = -242.3208439
energy/site = -1.211604219
44.5201% accepted

energy = -306.525294
energy/site = -1.53262647
44.5981% accepted

energy = -280.6687436
energy/site = -1.403343718
44.661% accepted

energy = -321.4002068
energy/site = -1.607001034
44.7564% accepted

energy = -337.0701458
energy/site = -1.685350729
44.6227% accepted

energy = -395.3805962
energy/site = -1.976902981
44.6574% accepted

energy = -297.3120279
energy/site = -1.48656014
44.777% accepted

energy = -306.935795
energy/site = -1.534678975
44.7916% accepted

energy = -309.6221291
energy/site = -1.548110646
44.6942% accepted

energy = -291.4967619
energy/site = -1.457483809
44.5299% accepted

energy = -246.0258844
energy/site = -1.230129422
44.5014% accepted

energy = -320.3247198
energy/site = -1.601623599
44.6348% accepted

energy = -297.2111837
energy/site = -1.486055919
44.6999% accepted

energy = -257.486002
energy/site = -1.28743001
44.6598% accepted

energy = -329.0446551
energy/site = -1.645223275
44.7489% accepted

energy = -413.8060124
energy/site = -2.069030062
44.6995% accepted

energy = -232.6329831
energy/site = -1.163164915
44.7619% accepted

energy = -249.367303
energy/site = -1.246836515
44.6548% accepted

energy = -330.7507183
energy/site = -1.653753592
44.7267% accepted

energy = -279.2400607
energy/site = -1.396200304
44.5103% accepted

energy = -301.1758745
energy/site = -1.505879372
44.6141% accepted

energy = -295.7738837
energy/site = -1.478869419
44.53% accepted

energy = -309.9674598
energy/site = -1.549837299
44.603% accepted

energy = -334.2904793
energy/site = -1.671452397
44.6229% accepted

energy = -288.8280215
energy/site = -1.444140108
44.6881% accepted

energy = -297.2084198
energy/site = -1.486042099
44.4652% accepted

energy = -278.6401278
energy/site = -1.393200639
44.5832% accepted

energy = -307.01529
energy/site = -1.53507645
44.6456% accepted

energy = -323.5920142
energy/site = -1.617960071
44.7199% accepted

energy = -342.9419075
energy/site = -1.714709538
44.6928% accepted

energy = -274.0680965
energy/site = -1.370340483
44.5329% accepted

energy = -234.2317618
energy/site = -1.171158809
44.6656% accepted

energy = -240.6034434
energy/site = -1.203017217
44.7402% accepted

energy = -336.3932113
energy/site = -1.681966056
44.7072% accepted

energy = -290.780548
energy/site = -1.45390274
44.7965% accepted

energy = -336.4980128
energy/site = -1.682490064
44.6631% accepted

energy = -316.2390821
energy/site = -1.58119541
44.6947% accepted

energy = -285.1438101
energy/site = -1.42571905
44.5713% accepted

energy = -251.0967334
energy/site = -1.255483667
44.7431% accepted

energy = -286.3311613
energy/site = -1.431655807
44.6507% accepted

energy = -278.9702278
energy/site = -1.394851139
44.8363% accepted

energy = -297.9995038
energy/site = -1.489997519
44.6844% accepted

energy = -344.8510427
energy/site = -1.724255214
44.7216% accepted

energy = -310.7562029
energy/site = -1.553781014
44.6824% accepted

energy = -372.1706157
energy/site = -1.860853078
44.7737% accepted

energy = -368.889341
energy/site = -1.844446705
44.6237% accepted

energy = -330.8625555
energy/site = -1.654312777
44.7909% accepted

energy = -386.9948353
energy/site = -1.934974176
44.7119% accepted

energy = -325.7619872
energy/site = -1.628809936
44.641% accepted

energy = -335.451774
energy/site = -1.67725887
44.6181% accepted

energy = -326.0922764
energy/site = -1.630461382
44.6528% accepted

energy = -241.5571251
energy/site = -1.207785625
44.7738% accepted

energy = -245.480995
energy/site = -1.227404975
44.6125% accepted

energy = -299.5715658
energy/site = -1.497857829
44.7475% accepted

energy = -354.1847455
energy/site = -1.770923727
44.5944% accepted

energy = -315.6186854
energy/site = -1.578093427
44.8004% accepted

energy = -343.8589448
energy/site = -1.719294724
44.5585% accepted

energy = -301.7908308
energy/site = -1.508954154
44.6486% accepted

energy = -293.6183163
energy/site = -1.468091581
44.8026% accepted

energy = -315.1418788
energy/site = -1.575709394
44.7529% accepted

energy = -245.9080838
energy/site = -1.229540419
44.5632% accepted

energy = -267.4633377
energy/site = -1.337316688
44.6008% accepted

energy = -351.7818771
energy/site = -1.758909385
44.7188% accepted

energy = -238.2102869
energy/site = -1.191051435
44.5662% accepted

energy = -300.549765
energy/site = -1.502748825
44.529% accepted

energy = -294.1657774
energy/site = -1.470828887
44.6532% accepted

energy = -311.1290474
energy/site = -1.555645237
44.625% accepted

energy = -279.5940363
energy/site = -1.397970181
44.6464% accepted

energy = -312.5899476
energy/site = -1.562949738
44.6914% accepted

energy = -258.3508719
energy/site = -1.291754359
44.7009% accepted

energy = -274.7872094
energy/site = -1.373936047
44.6726% accepted

energy = -323.5258159
energy/site = -1.617629079
44.8% accepted

energy = -359.2053931
energy/site = -1.796026965
44.6297% accepted

energy = -305.0216864
energy/site = -1.525108432
44.5038% accepted

energy = -202.2696244
energy/site = -1.011348122
44.6123% accepted

energy = -247.8987708
energy/site = -1.239493854
44.728% accepted

energy = -273.4529987
energy/site = -1.367264993
44.7852% accepted

energy = -321.6766625
energy/site = -1.608383312
44.6441% accepted

energy = -293.3060317
energy/site = -1.466530159
44.7209% accepted

energy = -328.7049794
energy/site = -1.643524897
44.6112% accepted

energy = -251.5876846
energy/site = -1.257938423
44.6009% accepted

energy = -289.3148041
energy/site = -1.446574021
44.747% accepted

energy = -236.9904318
energy/site = -1.184952159
44.5238% accepted

energy = -301.2839246
energy/site = -1.506419623
44.7492% accepted

energy = -245.913114
energy/site = -1.22956557
44.7871% accepted

energy = -318.3542494
energy/site = -1.591771247
44.7904% accepted

energy = -274.1835473
energy/site = -1.370917736
44.5881% accepted

energy = -256.8554753
energy/site = -1.284277376
44.6216% accepted

energy = -291.4293461
energy/site = -1.457146731
44.6033% accepted

energy = -355.66476
energy/site = -1.7783238
44.5764% accepted

energy = -358.717661
energy/site = -1.793588305
44.7875% accepted

energy = -306.9194598
energy/site = -1.534597299
44.607% accepted

energy = -276.4560912
energy/site = -1.382280456
44.6574% accepted

energy = -346.668446
energy/site = -1.73334223
44.6507% accepted

energy = -321.8581061
energy/site = -1.609290531
44.8224% accepted

energy = -323.6645728
energy/site = -1.618322864
44.8214% accepted

energy = -273.9099459
energy/site = -1.36954973
44.6565% accepted

energy = -373.9871162
energy/site = -1.869935581
44.5968% accepted

energy = -257.4133946
energy/site = -1.287066973
44.6135% accepted

energy = -329.6879347
energy/site = -1.648439674
44.7552% accepted

energy = -256.4320677
energy/site = -1.282160338
44.7183% accepted

energy = -298.4159713
energy/site = -1.492079856
44.5569% accepted

energy = -244.9526859
energy/site = -1.22476343
44.5724% accepted

energy = -271.7207043
energy/site = -1.358603522
44.784% accepted

energy = -427.7554357
energy/site = -2.138777179
44.6653% accepted

energy = -289.9864946
energy/site = -1.449932473
44.6241% accepted

energy = -306.9560242
energy/site = -1.534780121
44.6255% accepted

energy = -291.9824916
energy/site = -1.459912458
44.758% accepted

energy = -361.3913293
energy/site = -1.806956646
44.6242% accepted

energy = -314.2638941
energy/site = -1.571319471
44.7003% accepted

energy = -265.6578901
energy/site = -1.32828945
44.7337% accepted

energy = -360.9353514
energy/site = -1.804676757
44.8589% accepted

energy = -223.1826343
energy/site = -1.115913171
44.5728% accepted

energy = -313.0062609
energy/site = -1.565031304
44.6633% accepted

energy = -242.230829
energy/site = -1.211154145
44.7288% accepted

energy = -345.0593677
energy/site = -1.725296839
44.7025% accepted

energy = -326.0723606
energy/site = -1.630361803
44.7007% accepted

energy = -298.2090544
energy/site = -1.491045272
44.4997% accepted

energy = -356.8992308
energy/site = -1.784496154
44.821% accepted

energy = -354.2664352
energy/site = -1.771332176
44.7159% accepted

energy = -374.8150184
energy/site = -1.874075092
44.8127% accepted

energy = -277.6518208
energy/site = -1.388259104
44.5763% accepted

energy = -254.4178033
energy/site = -1.272089017
44.7775% accepted

energy = -355.0852731
energy/site = -1.775426365
44.5333% accepted

energy = -260.0137156
energy/site = -1.300068578
44.4708% accepted

energy = -347.8640424
energy/site = -1.739320212
44.6823% accepted

energy = -329.2698855
energy/site = -1.646349427
44.7498% accepted

energy = -222.357053
energy/site = -1.111785265
44.6803% accepted

energy = -337.5889569
energy/site = -1.687944784
44.7324% accepted

energy = -309.3052999
energy/site = -1.5465265
44.6447% accepted

energy = -360.1382084
energy/site = -1.800691042
44.6259% accepted

energy = -324.1554532
energy/site = -1.620777266
44.8637% accepted

energy = -312.0759788
energy/site = -1.560379894
44.7352% accepted

energy = -259.5264105
energy/site = -1.297632052
44.7233% accepted

energy = -249.4341428
energy/site = -1.247170714
44.7026% accepted

energy = -315.7841355
energy/site = -1.578920678
44.7624% accepted

energy = -290.2197255
energy/site = -1.451098628
44.7573% accepted

energy = -330.4335648
energy/site = -1.652167824
44.6348% accepted

energy = -293.2814893
energy/site = -1.466407447
44.6455% accepted

energy = -311.5921255
energy/site = -1.557960628
44.6131% accepted

energy = -296.6206662
energy/site = -1.483103331
44.5446% accepted

energy = -372.8156179
energy/site = -1.864078089
44.618% accepted

energy = -255.4623187
energy/site = -1.277311594
44.5968% accepted

energy = -284.9524266
energy/site = -1.424762133
44.7889% accepted

energy = -316.8793831
energy/site = -1.584396915
44.5885% accepted

energy = -253.8377393
energy/site = -1.269188696
44.72% accepted

energy = -314.0640403
energy/site = -1.570320202
44.6274% accepted

energy = -285.3385033
energy/site = -1.426692517
44.5743% accepted

energy = -309.6541155
energy/site = -1.548270578
44.7362% accepted

energy = -267.5695944
energy/site = -1.337847972
44.5793% accepted

energy = -297.6361159
energy/site = -1.488180579
44.4798% accepted

energy = -271.5014599
energy/site = -1.3575073
44.6793% accepted

energy = -312.2702085
energy/site = -1.561351043
44.6103% accepted

energy = -298.1005191
energy/site = -1.490502596
44.7305% accepted

energy = -320.2432005
energy/site = -1.601216002
44.7452% accepted

energy = -358.713885
energy/site = -1.793569425
44.7362% accepted

energy = -258.4569208
energy/site = -1.292284604
44.7065% accepted

energy = -275.5292845
energy/site = -1.377646423
44.6884% accepted

energy = -290.4348663
energy/site = -1.452174331
44.4762% accepted

energy = -244.9682776
energy/site = -1.224841388
44.6432% accepted

energy = -330.5206968
energy/site = -1.652603484
44.7051% accepted

energy = -295.4097408
energy/site = -1.477048704
44.774% accepted

energy = -379.1987679
energy/site = -1.89599384
44.7928% accepted

energy = -322.6661752
energy/site = -1.613330876
44.5768% accepted

energy = -270.558609
energy/site = -1.352793045
44.584% accepted

energy = -296.0431173
energy/site = -1.480215586
44.6962% accepted

energy = -345.1458184
energy/site = -1.725729092
44.6166% accepted

energy = -316.8171005
energy/site = -1.584085503
44.6606% accepted

energy = -365.5289408
energy/site = -1.827644704
44.5586% accepted

energy = -302.8419148
energy/site = -1.514209574
44.6264% accepted

energy = -290.6419739
energy/site = -1.453209869
44.6428% accepted

energy = -264.0396284
energy/site = -1.320198142
44.5083% accepted

energy = -332.4001603
energy/site = -1.662000802
44.6764% accepted

energy = -286.7930305
energy/site = -1.433965153
44.5546% accepted

energy = -322.1101748
energy/site = -1.610550874
44.6021% accepted

energy = -361.6642616
energy/site = -1.808321308
44.6514% accepted

energy = -246.9481628
energy/site = -1.234740814
44.8319% accepted

energy = -324.8861536
energy/site = -1.624430768
44.6883% accepted

energy = -355.4348218
energy/site = -1.777174109
44.7437% accepted

energy = -331.2165387
energy/site = -1.656082693
44.6314% accepted

energy = -391.789014
energy/site = -1.95894507
44.6176% accepted

energy = -315.9030413
energy/site = -1.579515207
44.7465% accepted

energy = -348.6001046
energy/site = -1.743000523
44.653% accepted

energy = -275.1843218
energy/site = -1.375921609
44.5695% accepted

energy = -201.0754132
energy/site = -1.005377066
44.7662% accepted

energy = -294.0930038
energy/site = -1.470465019
44.694% accepted

energy = -265.7606781
energy/site = -1.32880339
44.5609% accepted

energy = -267.181662
energy/site = -1.33590831
44.592% accepted

energy = -276.2231003
energy/site = -1.381115502
44.7476% accepted

energy = -231.4769372
energy/site = -1.157384686
44.5741% accepted

energy = -316.7735299
energy/site = -1.58386765
44.7601% accepted

energy = -369.6366777
energy/site = -1.848183388
44.7641% accepted

energy = -285.809846
energy/site = -1.42904923
44.6891% accepted

energy = -279.281808
energy/site = -1.39640904
44.5721% accepted

energy = -243.7774068
energy/site = -1.218887034
44.5343% accepted

energy = -313.3030668
energy/site = -1.566515334
44.5656% accepted

energy = -296.2521751
energy/site = -1.481260876
44.7118% accepted

energy = -358.6034815
energy/site = -1.793017407
44.6875% accepted

energy = -373.8377956
energy/site = -1.869188978
44.5739% accepted

energy = -348.6324986
energy/site = -1.743162493
44.5078% accepted

energy = -282.3489517
energy/site = -1.411744759
44.6331% accepted

energy = -322.1065375
energy/site = -1.610532688
44.6249% accepted

energy = -306.3211437
energy/site = -1.531605719
44.6393% accepted

energy = -320.2575138
energy/site = -1.601287569
44.5059% accepted

energy = -288.8330592
energy/site = -1.444165296
44.6419% accepted

energy = -307.799755
energy/site = -1.538998775
44.7258% accepted

energy = -318.2689764
energy/site = -1.591344882
44.669% accepted

energy = -270.3831989
energy/site = -1.351915995
44.766% accepted

energy = -291.8073348
energy/site = -1.459036674
44.8217% accepted

energy = -370.2923108
energy/site = -1.851461554
44.7438% accepted

energy = -304.5821164
energy/site = -1.522910582
44.4991% accepted

energy = -250.0697664
energy/site = -1.250348832
44.7045% accepted

energy = -392.0476964
energy/site = -1.960238482
44.6968% accepted

energy = -287.9030517
energy/site = -1.439515258
44.6313% accepted

energy = -256.627368
energy/site = -1.28313684
44.7846% accepted

energy = -237.2420162
energy/site = -1.186210081
44.6747% accepted

energy = -229.8679275
energy/site = -1.149339638
44.6491% accepted

energy = -305.4853007
energy/site = -1.527426504
44.6799% accepted

energy = -346.5537557
energy/site = -1.732768779
44.6913% accepted

energy = -282.9189047
energy/site = -1.414594524
44.6799% accepted

energy = -325.4821603
energy/site = -1.627410802
44.8228% accepted

energy = -292.4822146
energy/site = -1.462411073
44.5899% accepted

energy = -259.6875375
energy/site = -1.298437687
44.6133% accepted

energy = -270.5913528
energy/site = -1.352956764
44.6368% accepted

energy = -278.4917311
energy/site = -1.392458656
44.6595% accepted

energy = -334.8905267
energy/site = -1.674452633
44.5496% accepted

energy = -282.5109381
energy/site = -1.41255469
44.6798% accepted

energy = -313.423096
energy/site = -1.56711548
44.6209% accepted

energy = -293.5621894
energy/site = -1.467810947
44.7522% accepted

energy = -286.6140473
energy/site = -1.433070237
44.6648% accepted

energy = -317.9765068
energy/site = -1.589882534
44.6108% accepted

energy = -220.9451845
energy/site = -1.104725923
44.7105% accepted

energy = -300.1527456
energy/site = -1.500763728
44.7852% accepted

energy = -289.8768162
energy/site = -1.449384081
44.6219% accepted

energy = -405.040661
energy/site = -2.025203305
44.6896% accepted

energy = -303.4731263
energy/site = -1.517365632
44.7383% accepted

energy = -339.2231492
energy/site = -1.696115746
44.5796% accepted

energy = -333.3343035
energy/site = -1.666671517
44.7221% accepted

energy = -341.7587158
energy/site = -1.708793579
44.656% accepted

energy = -282.4263623
energy/site = -1.412131811
44.7188% accepted

energy = -281.6097089
energy/site = -1.408048544
44.6828% accepted

energy = -258.5992399
energy/site = -1.2929962
44.6149% accepted

energy = -288.1080908
energy/site = -1.440540454
44.6547% accepted

energy = -305.0233891
energy/site = -1.525116946
44.6112% accepted

energy = -344.5932248
energy/site = -1.722966124
44.7814% accepted

energy = -283.0301941
energy/site = -1.41515097
44.6695% accepted

energy = -259.9684424
energy/site = -1.299842212
44.7014% accepted

energy = -321.0026006
energy/site = -1.605013003
44.6173% accepted

energy = -267.7312946
energy/site = -1.338656473
44.6049% accepted

energy = -328.7385772
energy/site = -1.643692886
44.5209% accepted

energy = -265.6456522
energy/site = -1.328228261
44.5746% accepted

energy = -308.2063686
energy/site = -1.541031843
44.6795% accepted

energy = -247.1708039
energy/site = -1.23585402
44.6522% accepted

energy = -308.5527488
energy/site = -1.542763744
44.745% accepted

energy = -279.2920666
energy/site = -1.396460333
44.6621% accepted

energy = -305.0217917
energy/site = -1.525108959
44.6927% accepted

energy = -271.5292027
energy/site = -1.357646014
44.4937% accepted

energy = -303.3957681
energy/site = -1.516978841
44.7231% accepted

energy = -275.8963203
energy/site = -1.379481602
44.5078% accepted

energy = -316.0155232
energy/site = -1.580077616
44.7584% accepted

energy = -261.7098841
energy/site = -1.308549421
44.5515% accepted

energy = -270.966613
energy/site = -1.354833065
44.7061% accepted

energy = -404.6320098
energy/site = -2.023160049
44.7328% accepted

energy = -298.7402916
energy/site = -1.493701458
44.6558% accepted

energy = -268.6470494
energy/site = -1.343235247
44.6987% accepted

energy = -338.9867123
energy/site = -1.694933561
44.7139% accepted

energy = -344.705643
energy/site = -1.723528215
44.6123% accepted

energy = -311.0003475
energy/site = -1.555001738
44.6386% accepted

energy = -305.5113611
energy/site = -1.527556806
44.4852% accepted

energy = -234.4285468
energy/site = -1.172142734
44.71% accepted

energy = -384.7901425
energy/site = -1.923950712
44.611% accepted

energy = -366.3681674
energy/site = -1.831840837
44.5912% accepted

energy = -254.7184835
energy/site = -1.273592417
44.6119% accepted

energy = -232.2777068
energy/site = -1.161388534
44.509% accepted

energy = -371.1366291
energy/site = -1.855683145
44.5432% accepted

energy = -271.5695203
energy/site = -1.357847602
44.5688% accepted

energy = -338.3055127
energy/site = -1.691527564
44.7101% accepted

energy = -325.1081552
energy/site = -1.625540776
44.677% accepted

energy = -287.4673201
energy/site = -1.4373366
44.6356% accepted

energy = -273.9616891
energy/site = -1.369808445
44.7869% accepted

energy = -258.0628777
energy/site = -1.290314388
44.6318% accepted

energy = -340.9802142
energy/site = -1.704901071
44.7577% accepted

energy = -286.9240119
energy/site = -1.434620059
44.6542% accepted

energy = -258.0395167
energy/site = -1.290197584
44.6825% accepted

energy = -267.8118581
energy/site = -1.339059291
44.658% accepted

energy = -334.636599
energy/site = -1.673182995
44.6892% accepted

energy = -333.2021766
energy/site = -1.666010883
44.6139% accepted

energy = -306.6590671
energy/site = -1.533295335
44.7035% accepted

energy = -261.4716555
energy/site = -1.307358277
44.6715% accepted

energy = -274.086418
energy/site = -1.37043209
44.6228% accepted

energy = -345.444955
energy/site = -1.727224775
44.6977% accepted

energy = -251.0826171
energy/site = -1.255413086
44.7571% accepted

energy = -269.8190085
energy/site = -1.349095042
44.5643% accepted

energy = -292.521013
energy/site = -1.462605065
44.6254% accepted

energy = -293.0394486
energy/site = -1.465197243
44.8795% accepted

energy = -301.2594751
energy/site = -1.506297375
44.6569% accepted

energy = -320.9465779
energy/site = -1.604732889
44.6526% accepted

energy = -281.6519423
energy/site = -1.408259711
44.5763% accepted

energy = -258.2985887
energy/site = -1.291492944
44.6385% accepted

energy = -292.7291004
energy/site = -1.463645502
44.5162% accepted

energy = -321.6011869
energy/site = -1.608005935
44.7432% accepted

energy = -364.5557602
energy/site = -1.822778801
44.7144% accepted

energy = -358.3696652
energy/site = -1.791848326
44.6887% accepted

energy = -330.1728595
energy/site = -1.650864298
44.6336% accepted

energy = -245.655234
energy/site = -1.22827617
44.6896% accepted

energy = -274.9819755
energy/site = -1.374909878
44.6955% accepted

energy = -254.1096774
energy/site = -1.270548387
44.5836% accepted

energy = -312.3861954
energy/site = -1.561930977
44.6676% accepted

energy = -307.9046727
energy/site = -1.539523364
44.7256% accepted

energy = -318.2561731
energy/site = -1.591280866
44.7428% accepted

energy = -198.5958096
energy/site = -0.9929790478
44.6616% accepted

energy = -326.0433166
energy/site = -1.630216583
44.6843% accepted

energy = -271.0935283
energy/site = -1.355467642
44.5815% accepted

energy = -304.319514
energy/site = -1.52159757
44.7125% accepted

energy = -297.1827638
energy/site = -1.485913819
44.5854% accepted

energy = -302.077262
energy/site = -1.51038631
44.5178% accepted

energy = -298.9147224
energy/site = -1.494573612
44.6502% accepted

energy = -315.0713414
energy/site = -1.575356707
44.7847% accepted

energy = -337.8439968
energy/site = -1.689219984
44.644% accepted

energy = -347.6785271
energy/site = -1.738392635
44.5814% accepted

energy = -266.9737908
energy/site = -1.334868954
44.5908% accepted

energy = -330.5138649
energy/site = -1.652569324
44.6754% accepted

energy = -322.0246351
energy/site = -1.610123175
44.7101% accepted

energy = -347.0022241
energy/site = -1.73501112
44.703% accepted

energy = -263.6801598
energy/site = -1.318400799
44.6534% accepted

energy = -308.7459206
energy/site = -1.543729603
44.7323% accepted

energy = -262.0749833
energy/site = -1.310374917
44.7578% accepted

energy = -304.0932807
energy/site = -1.520466403
44.7836% accepted

energy = -321.9942109
energy/site = -1.609971054
44.7136% accepted

energy = -320.413101
energy/site = -1.602065505
44.6375% accepted

energy = -346.0074301
energy/site = -1.73003715
44.7259% accepted

energy = -297.326835
energy/site = -1.486634175
44.7129% accepted

energy = -252.6650562
energy/site = -1.263325281
44.6639% accepted

energy = -290.322906
energy/site = -1.45161453
44.6464% accepted

energy = -328.4270354
energy/site = -1.642135177
44.5881% accepted

energy = -314.1091253
energy/site = -1.570545626
44.6279% accepted

energy = -274.1135379
energy/site = -1.37056769
44.7037% accepted

energy = -293.9963935
energy/site = -1.469981968
44.642% accepted

energy = -285.0750923
energy/site = -1.425375461
44.6723% accepted

energy = -359.6299493
energy/site = -1.798149747
44.613% accepted

energy = -333.6137736
energy/site = -1.668068868
44.6614% accepted

energy = -291.2635333
energy/site = -1.456317667
44.5798% accepted

energy = -303.2979952
energy/site = -1.516489976
44.5966% accepted

energy = -281.816449
energy/site = -1.409082245
44.76% accepted

energy = -388.6128908
energy/site = -1.943064454
44.6634% accepted

energy = -310.1877708
energy/site = -1.550938854
44.6141% accepted

energy = -361.0498448
energy/site = -1.805249224
44.7554% accepted

energy = -356.9723158
energy/site = -1.784861579
44.6788% accepted

energy = -306.1038397
energy/site = -1.530519199
44.5175% accepted

energy = -235.3265272
energy/site = -1.176632636
44.5518% accepted

energy = -330.5895841
energy/site = -1.65294792
44.6866% accepted

energy = -336.4550199
energy/site = -1.6822751
44.7371% accepted

energy = -296.9476797
energy/site = -1.484738399
44.7065% accepted

energy = -282.1521824
energy/site = -1.410760912
44.6668% accepted

energy = -318.4559805
energy/site = -1.592279903
44.6676% accepted

energy = -341.9346085
energy/site = -1.709673042
44.6656% accepted

energy = -391.005241
energy/site = -1.955026205
44.695% accepted

energy = -363.4504203
energy/site = -1.817252102
44.656% accepted

energy = -274.9468838
energy/site = -1.374734419
44.6073% accepted

energy = -308.6526534
energy/site = -1.543263267
44.858% accepted

energy = -270.7367506
energy/site = -1.353683753
44.8032% accepted

energy = -266.5194473
energy/site = -1.332597236
44.5866% accepted

energy = -344.0375649
energy/site = -1.720187825
44.7372% accepted

energy = -284.2194001
energy/site = -1.421097
44.5717% accepted

energy = -233.1552729
energy/site = -1.165776365
44.7724% accepted

energy = -362.093251
energy/site = -1.810466255
44.6145% accepted

energy = -293.6035966
energy/site = -1.468017983
44.5287% accepted

energy = -305.7195108
energy/site = -1.528597554
44.8863% accepted

energy = -322.3447101
energy/site = -1.61172355
44.6597% accepted

energy = -295.593928
energy/site = -1.47796964
44.5774% accepted

energy = -324.1108143
energy/site = -1.620554072
44.6337% accepted

energy = -373.2590276
energy/site = -1.866295138
44.6222% accepted

energy = -349.2921137
energy/site = -1.746460568
44.6608% accepted

energy = -324.2015034
energy/site = -1.621007517
44.7971% accepted

energy = -245.8970527
energy/site = -1.229485263
44.561% accepted

energy = -345.0102525
energy/site = -1.725051262
44.7026% accepted

energy = -234.4390502
energy/site = -1.172195251
44.543% accepted

energy = -291.6366907
energy/site = -1.458183453
44.6506% accepted

energy = -256.9634506
energy/site = -1.284817253
44.5981% accepted

energy = -257.3706036
energy/site = -1.286853018
44.5686% accepted

energy = -342.1515495
energy/site = -1.710757748
44.5951% accepted

energy = -234.2829067
energy/site = -1.171414534
44.6927% accepted

energy = -247.5974183
energy/site = -1.237987092
44.7171% accepted

energy = -316.8874385
energy/site = -1.584437192
44.5752% accepted

energy = -361.648566
energy/site = -1.80824283
44.7478% accepted

energy = -324.2142186
energy/site = -1.621071093
44.7128% accepted

energy = -266.2945596
energy/site = -1.331472798
44.6393% accepted

energy = -291.4963549
energy/site = -1.457481775
44.6285% accepted

energy = -345.1114097
energy/site = -1.725557048
44.6059% accepted

energy = -293.1493809
energy/site = -1.465746905
44.6981% accepted

energy = -341.0473166
energy/site = -1.705236583
44.7897% accepted

energy = -309.3644568
energy/site = -1.546822284
44.6088% accepted

energy = -291.5996492
energy/site = -1.457998246
44.6953% accepted

energy = -313.6764225
energy/site = -1.568382113
44.6694% accepted

energy = -277.6319291
energy/site = -1.388159646
44.5539% accepted

energy = -289.867305
energy/site = -1.449336525
44.6533% accepted

energy = -391.1195454
energy/site = -1.955597727
44.7707% accepted

energy = -318.0993064
energy/site = -1.590496532
44.6249% accepted

energy = -433.8526466
energy/site = -2.169263233
44.5504% accepted

energy = -298.473175
energy/site = -1.492365875
44.7225% accepted

energy = -395.0661206
energy/site = -1.975330603
44.4486% accepted

energy = -229.2867954
energy/site = -1.146433977
44.6929% accepted

energy = -300.4715585
energy/site = -1.502357792
44.6713% accepted

energy = -366.1331846
energy/site = -1.830665923
44.6626% accepted

energy = -404.2094196
energy/site = -2.021047098
44.7611% accepted

energy = -323.6950701
energy/site = -1.61847535
44.6359% accepted

energy = -325.5489848
energy/site = -1.627744924
44.6826% accepted

energy = -298.1409039
energy/site = -1.49070452
44.6036% accepted

energy = -256.4367927
energy/site = -1.282183963
44.7624% accepted

energy = -309.6049954
energy/site = -1.548024977
44.8699% accepted

energy = -271.4681887
energy/site = -1.357340944
44.7269% accepted

energy = -291.6503985
energy/site = -1.458251993
44.5613% accepted

energy = -313.9814037
energy/site = -1.569907019
44.6012% accepted

energy = -340.5744525
energy/site = -1.702872262
44.607% accepted

energy = -397.1433989
energy/site = -1.985716994
44.6402% accepted

energy = -296.2177818
energy/site = -1.481088909
44.7237% accepted

energy = -273.0608004
energy/site = -1.365304002
44.8783% accepted

energy = -294.6318058
energy/site = -1.473159029
44.8633% accepted

energy = -276.1667399
energy/site = -1.380833699
44.6786% accepted

energy = -331.5022529
energy/site = -1.657511265
44.7809% accepted

energy = -248.7100137
energy/site = -1.243550068
44.7182% accepted

energy = -367.6836319
energy/site = -1.838418159
44.6101% accepted

energy = -308.2326698
energy/site = -1.541163349
44.6206% accepted

energy = -275.5288474
energy/site = -1.377644237
44.4841% accepted

energy = -284.9182236
energy/site = -1.424591118
44.598% accepted

energy = -258.3116368
energy/site = -1.291558184
44.6808% accepted

energy = -285.7564869
energy/site = -1.428782435
44.7476% accepted

energy = -308.6046306
energy/site = -1.543023153
44.6198% accepted

energy = -428.0410233
energy/site = -2.140205116
44.6073% accepted

energy = -313.328089
energy/site = -1.566640445
44.5003% accepted

energy = -348.4294723
energy/site = -1.742147362
44.5916% accepted

energy = -246.3162615
energy/site = -1.231581307
44.6917% accepted

energy = -274.2978705
energy/site = -1.371489352
44.7494% accepted

energy = -270.1081208
energy/site = -1.350540604
44.6485% accepted

energy = -306.5506666
energy/site = -1.532753333
44.6509% accepted

energy = -348.307466
energy/site = -1.74153733
44.5218% accepted

energy = -293.1233017
energy/site = -1.465616509
44.6916% accepted

energy = -312.4929912
energy/site = -1.562464956
44.7449% accepted

energy = -245.37191
energy/site = -1.22685955
44.7886% accepted

energy = -321.094943
energy/site = -1.605474715
44.5867% accepted

energy = -279.1944702
energy/site = -1.395972351
44.5991% accepted

energy = -261.6764321
energy/site = -1.308382161
44.5809% accepted

energy = -341.5118938
energy/site = -1.707559469
44.5944% accepted

energy = -321.7203412
energy/site = -1.608601706
44.753% accepted

energy = -280.9451291
energy/site = -1.404725645
44.7357% accepted

energy = -295.2925059
energy/site = -1.476462529
44.735% accepted

energy = -333.1404241
energy/site = -1.66570212
44.6563% accepted

energy = -318.40956
energy/site = -1.5920478
44.5875% accepted

energy = -349.1275612
energy/site = -1.745637806
44.6181% accepted

energy = -268.9556065
energy/site = -1.344778032
44.6907% accepted

energy = -253.3993361
energy/site = -1.266996681
44.5746% accepted

energy = -302.935374
energy/site = -1.51467687
44.645% accepted

energy = -319.1145519
energy/site = -1.595572759
44.6197% accepted

energy = -243.8882095
energy/site = -1.219441048
44.6101% accepted

energy = -354.4656818
energy/site = -1.772328409
44.6396% accepted

energy = -265.3784803
energy/site = -1.326892402
44.682% accepted

energy = -353.4537365
energy/site = -1.767268683
44.641% accepted

energy = -325.3245697
energy/site = -1.626622849
44.6881% accepted

energy = -386.4092722
energy/site = -1.932046361
44.5978% accepted

energy = -303.1291903
energy/site = -1.515645952
44.6137% accepted

energy = -324.7716756
energy/site = -1.623858378
44.5974% accepted

energy = -287.4011492
energy/site = -1.437005746
44.7204% accepted

energy = -235.8193924
energy/site = -1.179096962
44.6026% accepted

energy = -301.5156817
energy/site = -1.507578409
44.7355% accepted

energy = -324.0907119
energy/site = -1.62045356
44.7199% accepted

energy = -275.0649643
energy/site = -1.375324821
44.635% accepted

energy = -312.1192876
energy/site = -1.560596438
44.7147% accepted

energy = -248.469874
energy/site = -1.24234937
44.6833% accepted

energy = -308.494559
energy/site = -1.542472795
44.7892% accepted

energy = -426.7827421
energy/site = -2.13391371
44.654% accepted

energy = -278.3881666
energy/site = -1.391940833
44.6866% accepted

energy = -325.3948512
energy/site = -1.626974256
44.7247% accepted

energy = -242.3914072
energy/site = -1.211957036
44.3208% accepted

energy = -312.6252039
energy/site = -1.563126019
44.698% accepted

energy = -317.9862089
energy/site = -1.589931045
44.7392% accepted

energy = -327.0012254
energy/site = -1.635006127
44.6592% accepted

energy = -381.7067738
energy/site = -1.908533869
44.5353% accepted

energy = -358.4892421
energy/site = -1.792446211
44.7011% accepted

energy = -241.4164919
energy/site = -1.20708246
44.6837% accepted

energy = -311.8653624
energy/site = -1.559326812
44.5331% accepted

energy = -313.4952621
energy/site = -1.567476311
44.6818% accepted

energy = -293.0129532
energy/site = -1.465064766
44.5609% accepted

energy = -227.3147352
energy/site = -1.136573676
44.6035% accepted

energy = -283.0603863
energy/site = -1.415301931
44.7837% accepted

energy = -337.9145881
energy/site = -1.689572941
44.6815% accepted

energy = -296.831274
energy/site = -1.48415637
44.6211% accepted

energy = -359.9527673
energy/site = -1.799763836
44.7037% accepted

energy = -228.4362046
energy/site = -1.142181023
44.7057% accepted

energy = -312.6849649
energy/site = -1.563424825
44.8355% accepted

energy = -353.4476363
energy/site = -1.767238181
44.518% accepted

energy = -248.8298631
energy/site = -1.244149315
44.6998% accepted

energy = -245.6158359
energy/site = -1.228079179
44.7126% accepted

energy = -324.0369528
energy/site = -1.620184764
44.4878% accepted

energy = -322.1908202
energy/site = -1.610954101
44.4238% accepted

energy = -299.9812728
energy/site = -1.499906364
44.6703% accepted

energy = -259.8277903
energy/site = -1.299138952
44.6138% accepted

energy = -304.1051537
energy/site = -1.520525768
44.6415% accepted

energy = -328.4380119
energy/site = -1.64219006
44.7515% accepted

energy = -281.676665
energy/site = -1.408383325
44.6602% accepted

energy = -318.4575996
energy/site = -1.592287998
44.8226% accepted

energy = -316.8664932
energy/site = -1.584332466
44.747% accepted

energy = -276.8810724
energy/site = -1.384405362
44.6627% accepted

energy = -361.3032352
energy/site = -1.806516176
44.5301% accepted

energy = -274.0745952
energy/site = -1.370372976
44.5191% accepted

energy = -309.8274856
energy/site = -1.549137428
44.5837% accepted

energy = -274.0028807
energy/site = -1.370014404
44.6794% accepted

energy = -328.6705223
energy/site = -1.643352611
44.7969% accepted

energy = -305.5388572
energy/site = -1.527694286
44.6126% accepted

energy = -280.5202182
energy/site = -1.402601091
44.7315% accepted

energy = -210.170835
energy/site = -1.050854175
44.7219% accepted

energy = -257.4240825
energy/site = -1.287120413
44.708% accepted

energy = -294.7520139
energy/site = -1.473760069
44.5609% accepted

energy = -340.1320204
energy/site = -1.700660102
44.6998% accepted

energy = -421.8809147
energy/site = -2.109404573
44.7291% accepted

energy = -292.9997916
energy/site = -1.464998958
44.5658% accepted

energy = -289.3046624
energy/site = -1.446523312
44.6364% accepted

energy = -367.2706213
energy/site = -1.836353106
44.621% accepted

energy = -266.0960731
energy/site = -1.330480366
44.6679% accepted

energy = -281.5498464
energy/site = -1.407749232
44.6996% accepted

energy = -308.2346241
energy/site = -1.541173121
44.8093% accepted

energy = -281.536493
energy/site = -1.407682465
44.681% accepted

energy = -249.4154602
energy/site = -1.247077301
44.7902% accepted

energy = -331.1759316
energy/site = -1.655879658
44.6563% accepted

energy = -282.1778094
energy/site = -1.410889047
44.5988% accepted

energy = -368.4090843
energy/site = -1.842045422
44.5643% accepted

energy = -388.3450727
energy/site = -1.941725364
44.8555% accepted

energy = -344.353742
energy/site = -1.72176871
44.5284% accepted

energy = -311.5514043
energy/site = -1.557757021
44.6448% accepted

energy = -310.3467317
energy/site = -1.551733659
44.664% accepted

energy = -249.4778726
energy/site = -1.247389363
44.7022% accepted

energy = -285.4752849
energy/site = -1.427376425
44.7037% accepted

energy = -294.6853946
energy/site = -1.473426973
44.5234% accepted

energy = -381.6248093
energy/site = -1.908124046
44.7728% accepted

energy = -323.75884
energy/site = -1.6187942
44.7912% accepted

energy = -252.3221115
energy/site = -1.261610558
44.6052% accepted

energy = -355.1014848
energy/site = -1.775507424
44.6995% accepted

energy = -343.5603653
energy/site = -1.717801826
44.7496% accepted

energy = -260.9354671
energy/site = -1.304677335
44.7388% accepted

energy = -314.5212769
energy/site = -1.572606384
44.725% accepted

energy = -374.0897466
energy/site = -1.870448733
44.7703% accepted

energy = -310.2469365
energy/site = -1.551234683
44.7833% accepted

energy = -280.7924109
energy/site = -1.403962055
44.672% accepted

energy = -292.6775651
energy/site = -1.463387826
44.7373% accepted

energy = -247.8092443
energy/site = -1.239046222
44.6218% accepted

energy = -307.613485
energy/site = -1.538067425
44.4008% accepted

energy = -311.8198215
energy/site = -1.559099108
44.7402% accepted

energy = -299.5203514
energy/site = -1.497601757
44.5914% accepted

energy = -344.7353929
energy/site = -1.723676964
44.5831% accepted

energy = -379.624536
energy/site = -1.89812268
44.6709% accepted

energy = -252.0527364
energy/site = -1.260263682
44.6817% accepted

energy = -293.9189581
energy/site = -1.46959479
44.6894% accepted

energy = -253.6999427
energy/site = -1.268499713
44.5259% accepted

energy = -327.2627804
energy/site = -1.636313902
44.734% accepted

energy = -310.7495507
energy/site = -1.553747753
44.6354% accepted

energy = -317.3812884
energy/site = -1.586906442
44.682% accepted

energy = -318.954294
energy/site = -1.59477147
44.6344% accepted

energy = -309.0887296
energy/site = -1.545443648
44.5884% accepted

energy = -287.3703691
energy/site = -1.436851845
44.7024% accepted

energy = -269.0204894
energy/site = -1.345102447
44.7102% accepted

energy = -370.4795758
energy/site = -1.852397879
44.4664% accepted

energy = -281.7215212
energy/site = -1.408607606
44.6331% accepted

energy = -313.0422721
energy/site = -1.565211361
44.7046% accepted

energy = -282.108122
energy/site = -1.41054061
44.6822% accepted

energy = -291.5029237
energy/site = -1.457514618
44.7269% accepted

energy = -325.1719221
energy/site = -1.62585961
44.6553% accepted

energy = -287.2191035
energy/site = -1.436095517
44.6446% accepted

energy = -324.6176055
energy/site = -1.623088027
44.7973% accepted

energy = -293.2275708
energy/site = -1.466137854
44.5601% accepted

energy = -376.4137871
energy/site = -1.882068935
44.7271% accepted

energy = -291.5664659
energy/site = -1.457832329
44.7726% accepted

energy = -252.4792522
energy/site = -1.262396261
44.6751% accepted

energy = -298.8251934
energy/site = -1.494125967
44.6727% accepted

energy = -287.0441797
energy/site = -1.435220899
44.6607% accepted

energy = -389.6189253
energy/site = -1.948094627
44.6618% accepted

energy = -251.9293561
energy/site = -1.259646781
44.6211% accepted

energy = -259.2960287
energy/site = -1.296480143
44.572% accepted

energy = -245.4514628
energy/site = -1.227257314
44.5942% accepted

energy = -338.8470184
energy/site = -1.694235092
44.5903% accepted

energy = -268.7700612
energy/site = -1.343850306
44.5829% accepted

energy = -263.9683079
energy/site = -1.319841539
44.6255% accepted

energy = -342.8870314
energy/site = -1.714435157
44.5658% accepted

energy = -286.4546919
energy/site = -1.432273459
44.5743% accepted

energy = -257.7324499
energy/site = -1.28866225
44.6102% accepted

energy = -368.9655683
energy/site = -1.844827841
44.6731% accepted

energy = -335.4339409
energy/site = -1.677169705
44.6352% accepted

energy = -300.9271206
energy/site = -1.504635603
44.7134% accepted

energy = -251.573426
energy/site = -1.25786713
44.6915% accepted

energy = -336.1969711
energy/site = -1.680984855
44.6846% accepted

energy = -337.2680305
energy/site = -1.686340153
44.7398% accepted

energy = -280.8149579
energy/site = -1.40407479
44.6717% accepted

energy = -283.8080042
energy/site = -1.419040021
44.603% accepted

energy = -276.4304216
energy/site = -1.382152108
44.5239% accepted

energy = -330.1558761
energy/site = -1.650779381
44.743% accepted

energy = -387.8671449
energy/site = -1.939335725
44.7308% accepted

energy = -397.0709048
energy/site = -1.985354524
44.6325% accepted

energy = -343.9940382
energy/site = -1.719970191
44.6714% accepted

energy = -352.3449554
energy/site = -1.761724777
44.7792% accepted

energy = -303.3203822
energy/site = -1.516601911
44.683% accepted

energy = -356.2569521
energy/site = -1.78128476
44.5745% accepted

energy = -390.0458153
energy/site = -1.950229076
44.8018% accepted

energy = -252.4186612
energy/site = -1.262093306
44.6609% accepted

energy = -278.5662775
energy/site = -1.392831387
44.8236% accepted

energy = -314.3398202
energy/site = -1.571699101
44.7244% accepted

energy = -250.4292139
energy/site = -1.252146069
44.7062% accepted

energy = -222.8729569
energy/site = -1.114364784
44.6933% accepted

energy = -351.8970929
energy/site = -1.759485464
44.6916% accepted

energy = -360.4266031
energy/site = -1.802133015
44.7051% accepted

energy = -241.5717734
energy/site = -1.207858867
44.6167% accepted

energy = -352.8757706
energy/site = -1.764378853
44.6635% accepted

energy = -332.1794812
energy/site = -1.660897406
44.6797% accepted

energy = -311.7999753
energy/site = -1.558999877
44.6173% accepted

energy = -320.7725733
energy/site = -1.603862866
44.5267% accepted

energy = -273.5353185
energy/site = -1.367676592
44.7433% accepted

energy = -316.0513179
energy/site = -1.58025659
44.596% accepted

energy = -415.057379
energy/site = -2.075286895
44.62% accepted

energy = -381.1244079
energy/site = -1.905622039
44.6523% accepted

energy = -269.5058491
energy/site = -1.347529246
44.6181% accepted

energy = -320.4124077
energy/site = -1.602062038
44.69% accepted

energy = -364.878427
energy/site = -1.824392135
44.5891% accepted

energy = -298.6163613
energy/site = -1.493081806
44.6148% accepted

energy = -283.7108591
energy/site = -1.418554295
44.6171% accepted

energy = -380.1666909
energy/site = -1.900833454
44.561% accepted

energy = -319.538678
energy/site = -1.59769339
44.6432% accepted

energy = -330.2049213
energy/site = -1.651024606
44.7179% accepted

energy = -349.1395494
energy/site = -1.745697747
44.745% accepted

energy = -384.6449814
energy/site = -1.923224907
44.6856% accepted

energy = -365.8207916
energy/site = -1.829103958
44.7998% accepted

energy = -306.0240982
energy/site = -1.530120491
44.5925% accepted

energy = -342.9218116
energy/site = -1.714609058
44.3868% accepted

energy = -302.94635
energy/site = -1.51473175
44.7715% accepted

energy = -282.8689092
energy/site = -1.414344546
44.6213% accepted

energy = -220.1989958
energy/site = -1.100994979
44.651% accepted

energy = -347.9368055
energy/site = -1.739684027
44.8308% accepted

energy = -268.5428653
energy/site = -1.342714327
44.7773% accepted

energy = -280.3761564
energy/site = -1.401880782
44.6479% accepted

energy = -259.8737663
energy/site = -1.299368831
44.5592% accepted

energy = -297.859369
energy/site = -1.489296845
44.6149% accepted

energy = -262.1049409
energy/site = -1.310524704
44.6435% accepted

energy = -342.0521121
energy/site = -1.71026056
44.5807% accepted

energy = -251.5007101
energy/site = -1.257503551
44.7394% accepted

energy = -339.9848774
energy/site = -1.699924387
44.6109% accepted

energy = -310.4801921
energy/site = -1.55240096
44.636% accepted

energy = -318.3574507
energy/site = -1.591787253
44.7077% accepted

energy = -303.3457553
energy/site = -1.516728777
44.5724% accepted

energy = -357.3260725
energy/site = -1.786630362
44.7478% accepted

energy = -312.3136478
energy/site = -1.561568239
44.6072% accepted

energy = -333.3584365
energy/site = -1.666792183
44.6346% accepted

energy = -404.778845
energy/site = -2.023894225
44.6488% accepted

energy = -267.9804469
energy/site = -1.339902234
44.6572% accepted

energy = -229.0019355
energy/site = -1.145009678
44.5358% accepted

energy = -269.4642135
energy/site = -1.347321067
44.6827% accepted

energy = -320.8904224
energy/site = -1.604452112
44.6319% accepted

energy = -313.7898347
energy/site = -1.568949174
44.6% accepted

energy = -365.9620403
energy/site = -1.829810201
44.7608% accepted

energy = -282.8776562
energy/site = -1.414388281
44.6116% accepted

energy = -326.9738738
energy/site = -1.634869369
44.7381% accepted

energy = -297.6385767
energy/site = -1.488192883
44.5535% accepted

energy = -280.7483819
energy/site = -1.403741909
44.6185% accepted

energy = -441.4824705
energy/site = -2.207412352
44.6384% accepted

energy = -241.813705
energy/site = -1.209068525
44.6786% accepted

energy = -353.4586477
energy/site = -1.767293239
44.7314% accepted

energy = -299.7171991
energy/site = -1.498585995
44.5851% accepted

energy = -286.0559639
energy/site = -1.430279819
44.8387% accepted

energy = -432.6585259
energy/site = -2.163292629
44.7086% accepted

energy = -293.4589182
energy/site = -1.467294591
44.7677% accepted

energy = -299.7312764
energy/site = -1.498656382
44.6128% accepted

energy = -383.8006267
energy/site = -1.919003134
44.6064% accepted

energy = -349.0405548
energy/site = -1.745202774
44.5537% accepted

energy = -279.0234365
energy/site = -1.395117182
44.5315% accepted

energy = -261.332913
energy/site = -1.306664565
44.7068% accepted

energy = -279.5508195
energy/site = -1.397754097
44.7534% accepted

energy = -296.2872737
energy/site = -1.481436368
44.473% accepted

energy = -370.4337418
energy/site = -1.852168709
44.7997% accepted

energy = -266.1865002
energy/site = -1.330932501
44.6547% accepted

energy = -299.4451609
energy/site = -1.497225805
44.5758% accepted

energy = -344.4867007
energy/site = -1.722433504
44.7026% accepted

energy = -309.9177445
energy/site = -1.549588723
44.6531% accepted

energy = -347.8490779
energy/site = -1.73924539
44.6651% accepted

energy = -351.3130611
energy/site = -1.756565306
44.5238% accepted

energy = -286.3973229
energy/site = -1.431986615
44.6958% accepted

energy = -316.3747879
energy/site = -1.58187394
44.6407% accepted

energy = -350.6665967
energy/site = -1.753332983
44.6187% accepted

energy = -320.1206613
energy/site = -1.600603306
44.6538% accepted

energy = -330.0234046
energy/site = -1.650117023
44.7462% accepted

energy = -297.4482902
energy/site = -1.487241451
44.6228% accepted

energy = -317.6529318
energy/site = -1.588264659
44.7624% accepted

energy = -316.713581
energy/site = -1.583567905
44.6294% accepted

energy = -315.3709839
energy/site = -1.576854919
44.6841% accepted

energy = -294.5178533
energy/site = -1.472589267
44.6599% accepted

energy = -281.971301
energy/site = -1.409856505
44.6604% accepted

energy = -321.0103387
energy/site = -1.605051693
44.5548% accepted

energy = -306.1344612
energy/site = -1.530672306
44.5868% accepted

energy = -359.3593349
energy/site = -1.796796675
44.6311% accepted

energy = -288.3007913
energy/site = -1.441503957
44.7693% accepted

energy = -311.9604564
energy/site = -1.559802282
44.5841% accepted

energy = -265.1864931
energy/site = -1.325932466
44.6458% accepted

energy = -309.562708
energy/site = -1.54781354
44.6589% accepted

energy = -297.9647506
energy/site = -1.489823753
44.5846% accepted

energy = -333.4043677
energy/site = -1.667021839
44.5221% accepted

energy = -305.6736329
energy/site = -1.528368164
44.5722% accepted

energy = -236.4479284
energy/site = -1.182239642
44.6635% accepted

energy = -313.5501957
energy/site = -1.567750979
44.7104% accepted

energy = -244.2169347
energy/site = -1.221084673
44.6665% accepted

energy = -308.2231238
energy/site = -1.541115619
44.8531% accepted

energy = -277.7376178
energy/site = -1.388688089
44.6372% accepted

energy = -308.0890342
energy/site = -1.540445171
44.6786% accepted

energy = -262.4766994
energy/site = -1.312383497
44.704% accepted

energy = -300.8757488
energy/site = -1.504378744
44.6774% accepted

energy = -397.6157978
energy/site = -1.988078989
44.8685% accepted

energy = -283.81772
energy/site = -1.4190886
44.6627% accepted

energy = -262.2281018
energy/site = -1.311140509
44.7665% accepted

energy = -288.1305139
energy/site = -1.440652569
44.6679% accepted

energy = -275.3043947
energy/site = -1.376521974
44.6992% accepted

energy = -351.6138633
energy/site = -1.758069317
44.6812% accepted

energy = -263.4076388
energy/site = -1.317038194
44.7909% accepted

energy = -348.6729126
energy/site = -1.743364563
44.7604% accepted

energy = -269.9794528
energy/site = -1.349897264
44.5813% accepted

energy = -277.6298921
energy/site = -1.38814946
44.717% accepted

energy = -294.0565495
energy/site = -1.470282747
44.7765% accepted

User defined signal 2
