
weighting by <swap_x> where x = 18
11 x 40 x 1 system
r   = 3  bondops changed per step 
n/N = 80  bond operators / site
its = 1000000  iterations/loop for 100000 loops

energy = -150.7001938
energy/site = -0.1712502203
44.8607% accepted

energy = -0.07480507107
energy/site = -8.500576257e-05
43.8929% accepted

energy = -7674.801021
energy/site = -8.721364797
43.9631% accepted

energy = -1.059990483
energy/site = -0.00120453464
43.8304% accepted

energy = -222.1418382
energy/site = -0.252433907
43.8056% accepted

energy = -0.0238500611
energy/site = -2.710234215e-05
43.8146% accepted

energy = -0.6814727867
energy/site = -0.000774400894
43.8253% accepted

energy = -2.19374439
energy/site = -0.002492891352
43.9795% accepted

energy = -42.7037843
energy/site = -0.04852702761
43.8448% accepted

energy = -0.6548709003
energy/site = -0.0007441714776
43.824% accepted

energy = -3976.838169
energy/site = -4.519134282
43.8868% accepted

energy = -0.5884355708
energy/site = -0.000668676785
43.8853% accepted

energy = -2.06246481
energy/site = -0.002343710011
43.8797% accepted

energy = -117.5107818
energy/site = -0.1335349793
43.8587% accepted

energy = -0.3378000808
energy/site = -0.0003838637282
43.7455% accepted

energy = -0.0931609436
energy/site = -0.0001058647086
43.9378% accepted

energy = -0.2548562406
energy/site = -0.0002896093644
43.8509% accepted

energy = -1.031598303
energy/site = -0.001172270799
43.7864% accepted

energy = -365.6048662
energy/site = -0.4154600753
43.8838% accepted

energy = -11.11396006
energy/site = -0.01262950006
43.9267% accepted

energy = -0.8408660302
energy/site = -0.0009555295798
43.8268% accepted

energy = -2.491984523
energy/site = -0.002831800594
43.7741% accepted

energy = -4.065953564
energy/site = -0.004620401778
43.8491% accepted

energy = -142.0260876
energy/site = -0.1613932813
43.8798% accepted

energy = -0.5894463123
energy/site = -0.0006698253549
43.9712% accepted

energy = -0.07022294788
energy/site = -7.97988044e-05
43.9406% accepted

energy = -48.0054814
energy/site = -0.0545516834
43.7128% accepted

energy = -4.200383833
energy/site = -0.004773163446
43.8863% accepted

energy = -1.84444853
energy/site = -0.002095964238
43.8152% accepted

energy = -307.1776765
energy/site = -0.3490655414
43.911% accepted

energy = -736.1684494
energy/site = -0.8365550561
43.9043% accepted

energy = -2008.121122
energy/site = -2.28195582
43.8697% accepted

energy = -66.80585581
energy/site = -0.07591574524
43.794% accepted

energy = -8.661827154
energy/site = -0.009842985402
43.7867% accepted

energy = -0.1732808374
energy/site = -0.0001969100425
43.9665% accepted

energy = -1.913641149
energy/site = -0.002174592215
43.9598% accepted

energy = -4.301709907
energy/site = -0.004888306713
43.9104% accepted

energy = -643.8019348
energy/site = -0.7315931078
43.7558% accepted

energy = -0.2126924583
energy/site = -0.0002416959753
43.9722% accepted

energy = -2.472869253
energy/site = -0.002810078696
43.7867% accepted

energy = -24.25123788
energy/site = -0.02755822486
43.745% accepted

energy = -28.31890401
energy/site = -0.03218057274
43.7703% accepted

energy = -0.3350315234
energy/site = -0.0003807176402
43.8761% accepted

energy = -1.222055095
energy/site = -0.001388698972
43.8394% accepted

energy = -0.4118853777
energy/site = -0.0004680515656
44.0105% accepted

energy = -28.99635972
energy/site = -0.03295040877
43.8291% accepted

energy = -40.90271194
energy/site = -0.04648035447
43.8191% accepted

energy = -0.0469901794
energy/site = -5.339793113e-05
43.9781% accepted

energy = -4.131254815
energy/site = -0.004694607744
43.9132% accepted

energy = -95.01926587
energy/site = -0.1079764385
43.9808% accepted

energy = -0.9729929491
energy/site = -0.001105673806
43.9278% accepted

energy = -0.6425268958
energy/site = -0.0007301441998
43.8196% accepted

energy = -1.721453036
energy/site = -0.001956196632
43.8211% accepted

energy = -19.86574247
energy/site = -0.02257470735
44.0812% accepted

energy = -0.01557728565
energy/site = -1.770146096e-05
43.8054% accepted

energy = -28.71277766
energy/site = -0.03262815644
43.9142% accepted

energy = -5.754047857
energy/site = -0.006538690746
43.7961% accepted

energy = -1.684017623
energy/site = -0.00191365639
43.7515% accepted

energy = -17.12052426
energy/site = -0.01945514121
43.9352% accepted

energy = -1.629635355
energy/site = -0.001851858358
43.8452% accepted

energy = -14.09414527
energy/site = -0.01601607417
43.8438% accepted

energy = -901.5987093
energy/site = -1.024543988
43.7416% accepted

energy = -31.24358005
energy/site = -0.03550406823
43.8421% accepted

energy = -5.078526452
energy/site = -0.005771052786
43.9866% accepted

energy = -0.03578420646
energy/site = -4.066387098e-05
43.9816% accepted

energy = -58.44289724
energy/site = -0.06641238322
43.8782% accepted

energy = -7.859124649
energy/site = -0.008930823464
43.8094% accepted

energy = -55.37921289
energy/site = -0.06293092373
43.8289% accepted

energy = -27.56325101
energy/site = -0.03132187615
43.8152% accepted

energy = -0.0273575352
energy/site = -3.108810819e-05
43.8665% accepted

energy = -0.6987860866
energy/site = -0.0007940750984
43.8516% accepted

energy = -8.029102141
energy/site = -0.009123979706
43.926% accepted

energy = -61.55051883
energy/site = -0.06994377139
43.9182% accepted

energy = -3.0522562
energy/site = -0.003468472955
43.8594% accepted

energy = -8.394785986
energy/site = -0.00953952953
43.8041% accepted

energy = -61.31805438
energy/site = -0.06967960726
43.9527% accepted

energy = -1.632029742
energy/site = -0.001854579252
43.9004% accepted

energy = -0.4215428312
energy/site = -0.0004790259446
43.8395% accepted

energy = -28.00213068
energy/site = -0.03182060305
43.9404% accepted

energy = -46.17971822
energy/site = -0.05247695252
43.8599% accepted

energy = -6.087070254
energy/site = -0.006917125289
43.838% accepted

energy = -66.70488669
energy/site = -0.07580100761
43.9034% accepted

energy = -1.650599443
energy/site = -0.001875681185
43.8437% accepted

energy = -20.66305023
energy/site = -0.0234807389
43.8673% accepted

energy = -0.3463902135
energy/site = -0.0003936252426
43.7852% accepted

energy = -1.460987113
energy/site = -0.001660212628
43.9074% accepted

energy = -54.40149316
energy/site = -0.06181987859
43.983% accepted

energy = -1.103340599
energy/site = -0.001253796136
43.8897% accepted

energy = -15.94538785
energy/site = -0.01811975892
43.8664% accepted

energy = -0.1098735681
energy/site = -0.0001248563274
43.9305% accepted

energy = -0.6628467742
energy/site = -0.0007532349707
43.8529% accepted

energy = -4.985766271
energy/site = -0.005665643489
43.9483% accepted

energy = -41.14071126
energy/site = -0.04675080825
43.7959% accepted

energy = -8.210535146
energy/site = -0.009330153575
44.0432% accepted

energy = -40.69162877
energy/site = -0.04624048724
44.0516% accepted

energy = -2.774361302
energy/site = -0.003152683298
43.7064% accepted

energy = -4.454930226
energy/site = -0.005062420711
43.8898% accepted

energy = -265.7249521
energy/site = -0.3019601728
44.0377% accepted

energy = -1.233958241
energy/site = -0.001402225274
43.8948% accepted

energy = -18.88794079
energy/site = -0.02146356908
43.7519% accepted

energy = -7.032391297
energy/site = -0.007991353746
43.8976% accepted

energy = -4.52634947
energy/site = -0.005143578943
43.8777% accepted

energy = -1.494308788
energy/site = -0.001698078168
43.9261% accepted

energy = -0.9248531536
energy/site = -0.001050969493
43.8479% accepted

energy = -23.38004119
energy/site = -0.02656822863
43.8006% accepted

energy = -12.84585494
energy/site = -0.01459756244
43.8065% accepted

energy = -4.3504773
energy/site = -0.004943724205
43.8138% accepted

energy = -31.13604189
energy/site = -0.03538186578
43.8907% accepted

energy = -372.2195213
energy/site = -0.4229767287
43.8997% accepted

energy = -3.853871371
energy/site = -0.004379399286
43.8291% accepted

energy = -46.43010953
energy/site = -0.0527614881
43.9243% accepted

energy = -29.28888688
energy/site = -0.033282826
43.7455% accepted

energy = -0.5861834384
energy/site = -0.0006661175436
43.8313% accepted

energy = -0.1318676412
energy/site = -0.0001498495923
43.763% accepted

energy = -5.217473709
energy/site = -0.005928947396
43.8813% accepted

energy = -2.865837664
energy/site = -0.003256633709
43.767% accepted

energy = -9.939239777
energy/site = -0.01129459066
43.8583% accepted

energy = -8.897847302
energy/site = -0.01011119012
43.9201% accepted

energy = -0.05948013458
energy/site = -6.759106202e-05
44.0545% accepted

energy = -6.359298224
energy/site = -0.007226475254
43.9761% accepted

energy = -1.515318773
energy/site = -0.001721953151
43.8997% accepted

energy = -3.950624564
energy/site = -0.004489346095
43.8569% accepted

energy = -0.3546037528
energy/site = -0.00040295881
43.7641% accepted

energy = -0.2290553186
energy/site = -0.0002602901347
43.7327% accepted

energy = -4.322724064
energy/site = -0.004912186437
43.8696% accepted

energy = -1.836171758
energy/site = -0.002086558816
43.9249% accepted

energy = -2.66423533
energy/site = -0.003027540148
43.8902% accepted

energy = -8.501203835
energy/site = -0.009660458904
43.8241% accepted

energy = -0.07911692087
energy/site = -8.990559189e-05
43.7033% accepted

energy = -0.03892116152
energy/site = -4.422859263e-05
43.9303% accepted

energy = -407.8877531
energy/site = -0.4635088104
43.8949% accepted

energy = -0.2301515444
energy/site = -0.000261535846
43.7874% accepted

energy = -15.5414674
energy/site = -0.01766075841
43.8273% accepted

energy = -0.03232545099
energy/site = -3.673346704e-05
43.9962% accepted

energy = -0.3937959544
energy/site = -0.0004474954027
43.9406% accepted

energy = -2.277458565
energy/site = -0.002588021097
43.8278% accepted

energy = -0.2847415383
energy/site = -0.0003235699299
43.7247% accepted

energy = -1585.672206
energy/site = -1.801900234
43.9686% accepted

energy = -1.508593516
energy/site = -0.001714310814
43.9514% accepted

energy = -22.15494637
energy/site = -0.02517607542
43.8203% accepted

energy = -3.529694796
energy/site = -0.004011016814
43.901% accepted

energy = -6.786532387
energy/site = -0.007711968622
43.7183% accepted

energy = -9.536756153
energy/site = -0.0108372229
44.0597% accepted

energy = -0.7015263629
energy/site = -0.0007971890487
43.8417% accepted

energy = -1.330394123
energy/site = -0.001511811503
43.7601% accepted

energy = -0.1078840427
energy/site = -0.0001225955031
43.9152% accepted

energy = -5.524096752
energy/site = -0.006277382673
43.8594% accepted

energy = -0.04837396721
energy/site = -5.497041729e-05
43.6495% accepted

energy = -119633.5917
energy/site = -135.9472633
43.8676% accepted

energy = -0.1730332903
energy/site = -0.000196628739
43.7782% accepted

energy = -1.607866592
energy/site = -0.001827121127
43.8175% accepted

energy = -0.2291685481
energy/site = -0.0002604188046
43.8237% accepted

energy = -0.1112525446
energy/site = -0.0001264233461
43.7423% accepted

energy = -6.416220149
energy/site = -0.007291159261
43.8918% accepted

energy = -54.70795707
energy/site = -0.06216813304
43.9995% accepted

energy = -57.21856565
energy/site = -0.06502109733
43.8436% accepted

energy = -0.1321624995
energy/site = -0.0001501846585
43.9276% accepted

energy = -0.3695011115
energy/site = -0.0004198876267
43.8117% accepted

energy = -0.1678544338
energy/site = -0.0001907436748
43.7017% accepted

energy = -0.1513415547
energy/site = -0.0001719790395
43.8629% accepted

energy = -144.0536668
energy/site = -0.1636973487
44.0863% accepted

energy = -6.293967679
energy/site = -0.007152235999
43.8019% accepted

energy = -4.534300057
energy/site = -0.005152613701
43.7639% accepted

energy = -0.3578977305
energy/site = -0.0004067019665
44.0009% accepted

energy = -4.983456634
energy/site = -0.005663018902
43.9247% accepted

energy = -0.04124867014
energy/site = -4.68734888e-05
43.7522% accepted

energy = -423.7203648
energy/site = -0.4815004145
43.8068% accepted

energy = -3.231015149
energy/site = -0.003671608123
43.8088% accepted

energy = -10386.07741
energy/site = -11.8023607
43.9191% accepted

energy = -0.2059466225
energy/site = -0.0002340302529
43.9326% accepted

energy = -0.4329040742
energy/site = -0.0004919364479
43.8585% accepted

energy = -0.395029695
energy/site = -0.0004488973807
43.7869% accepted

energy = -90.69949913
energy/site = -0.1030676126
43.8019% accepted

energy = -21.84320815
energy/site = -0.02482182744
43.7988% accepted

energy = -63.13574166
energy/site = -0.07174516097
43.8751% accepted

energy = -55.47314896
energy/site = -0.06303766928
43.8042% accepted

energy = -14.32063584
energy/site = -0.01627344982
44.1102% accepted

energy = -24.88971689
energy/site = -0.0282837692
43.8195% accepted

energy = -28.18466027
energy/site = -0.03202802304
43.7951% accepted

energy = -0.09056346494
energy/site = -0.0001029130283
43.7807% accepted

energy = -9.538028404
energy/site = -0.01083866864
44.0031% accepted

energy = -60.8015019
energy/site = -0.06909261579
43.9595% accepted

energy = -0.385966547
energy/site = -0.0004385983489
43.8375% accepted

energy = -781.3208077
energy/site = -0.8878645542
43.7422% accepted

energy = -0.205593164
energy/site = -0.0002336285954
43.942% accepted

energy = -2.140200795
energy/site = -0.002432046358
43.8835% accepted

energy = -4.27184115
energy/site = -0.004854364943
43.8315% accepted

energy = -0.09042055005
energy/site = -0.0001027506251
43.7151% accepted

energy = -3.412633562
energy/site = -0.003877992685
43.8021% accepted

energy = -50.54167433
energy/site = -0.05743372082
43.8164% accepted

energy = -7.718597292
energy/site = -0.008771133286
43.8885% accepted

energy = -0.3431749685
energy/site = -0.0003899715551
43.8373% accepted

energy = -0.5351514448
energy/site = -0.0006081266419
43.9392% accepted

energy = -5.535463834
energy/site = -0.006290299811
43.7923% accepted

energy = -1.104641802
energy/site = -0.001255274775
43.8514% accepted

energy = -0.7880397982
energy/site = -0.0008954997707
43.8187% accepted

energy = -60.36502257
energy/site = -0.06859661656
43.8621% accepted

energy = -9.035833372
energy/site = -0.01026799247
43.8611% accepted

energy = -247.5503806
energy/site = -0.2813072507
43.8391% accepted

energy = -22.35373659
energy/site = -0.02540197339
43.8466% accepted

energy = -44.67399326
energy/site = -0.05076590143
43.8812% accepted

energy = -2.577512071
energy/site = -0.00292899099
43.8165% accepted

energy = -0.09992028289
energy/site = -0.000113545776
43.8251% accepted

energy = -6.535749922
energy/site = -0.007426988547
43.8476% accepted

energy = -66.12675007
energy/site = -0.07514403417
43.8865% accepted

energy = -0.7683494791
energy/site = -0.000873124408
43.8957% accepted

energy = -3.26414486
energy/site = -0.003709255522
43.8867% accepted

energy = -345.6068147
energy/site = -0.3927350168
43.8874% accepted

energy = -737.1973903
energy/site = -0.8377243072
43.9654% accepted

energy = -180.5333433
energy/site = -0.2051515264
43.8979% accepted

energy = -0.6541309957
energy/site = -0.000743330677
43.7499% accepted

energy = -1.867145894
energy/site = -0.002121756698
43.9523% accepted

energy = -0.9342495695
energy/site = -0.001061647238
43.7408% accepted

energy = -3.878902781
energy/site = -0.00440784407
43.9056% accepted

energy = -0.7702704311
energy/site = -0.0008753073081
43.7806% accepted

energy = -1.124509359
energy/site = -0.001277851544
43.839% accepted

energy = -39.66197319
energy/site = -0.04507042408
43.8867% accepted

energy = -4.137173758
energy/site = -0.004701333816
43.7357% accepted

energy = -306.7535032
energy/site = -0.3485835264
43.8576% accepted

energy = -56.75360729
energy/site = -0.06449273555
43.9119% accepted

energy = -1.270910042
energy/site = -0.001444215957
43.9626% accepted

energy = -190.6287784
energy/site = -0.2166236119
43.9157% accepted

User defined signal 2

------------------------------------------------------------
Sender: LSF System <lsfadmin@wha671>
Subject: Job 3908586: <./torus18> Exited

Job <./torus18> was submitted from host <wha780> by user <akallin>.
Job was executed on host(s) <wha671>, in queue <serial>, as user <akallin>.
</home/akallin> was used as the home directory.
</work/akallin/TORUS/OBC/11leg/18> was used as the working directory.
Started at Sat Jun 26 17:02:21 2010
Results reported at Sat Jul  3 16:40:20 2010

Your job looked like:

------------------------------------------------------------
# LSBATCH: User input
./torus18
------------------------------------------------------------

TERM_RUNLIMIT: job killed after reaching LSF run time limit.
Exited with exit code 140.

Resource usage summary:

    CPU time   : 421747.00 sec.
    Max Memory :         6 MB
    Max Swap   :       122 MB

    Max Processes  :         4
    Max Threads    :         4

The output (if any) is above this job summary.


weighting by <swap_x> where x = 18
11 x 40 x 1 system
r   = 3  bondops changed per step 
n/N = 80  bond operators / site
its = 1000000  iterations/loop for 100000 loops

energy = -1.045580756
energy/site = -0.001188159951
43.8281% accepted

energy = -0.1430053739
energy/site = -0.0001625061067
43.8428% accepted

energy = -2.761144827
energy/site = -0.003137664576
43.8848% accepted

energy = -3.97367084
energy/site = -0.004515535046
43.8127% accepted

energy = -11.12793325
energy/site = -0.01264537869
43.9118% accepted

energy = -0.0609479591
energy/site = -6.925904443e-05
43.8428% accepted

energy = -130.4266446
energy/site = -0.1482120961
43.9321% accepted

energy = -0.1099104411
energy/site = -0.0001248982285
43.8111% accepted

energy = -5.970298658
energy/site = -0.006784430293
43.9478% accepted

energy = -62.55987308
energy/site = -0.07109076486
43.798% accepted

energy = -1.237574951
energy/site = -0.001406335172
43.9423% accepted

energy = -9.091944062
energy/site = -0.01033175462
43.815% accepted

energy = -2.319848175
energy/site = -0.002636191108
43.8208% accepted

energy = -5.911660916
energy/site = -0.006717796495
43.9495% accepted

energy = -0.7336653393
energy/site = -0.0008337106129
43.7671% accepted

energy = -338.1487224
energy/site = -0.3842599118
43.8545% accepted

energy = -3.523778802
energy/site = -0.004004294093
43.8072% accepted

energy = -0.2167300246
energy/site = -0.0002462841188
43.8643% accepted

energy = -9.47599416
energy/site = -0.01076817518
43.8866% accepted

energy = -0.06593947324
energy/site = -7.493121959e-05
43.9277% accepted

energy = -0.05660051637
energy/site = -6.43187686e-05
43.8588% accepted

energy = -44.73930154
energy/site = -0.05084011539
43.8575% accepted

energy = -9.915293895
energy/site = -0.01126737943
43.8288% accepted

energy = -0.2683181893
energy/site = -0.0003049070333
43.8397% accepted

energy = -5.187202246
energy/site = -0.005894548006
43.8903% accepted

energy = -3.317888116
energy/site = -0.003770327405
43.8765% accepted

energy = -0.5685776076
energy/site = -0.0006461109177
43.8624% accepted

energy = -0.2258134628
energy/site = -0.0002566062078
43.8478% accepted

energy = -2.511610541
energy/site = -0.002854102888
43.8335% accepted

energy = -0.2129041797
energy/site = -0.0002419365679
44.0051% accepted

energy = -4.881024942
energy/site = -0.005546619252
43.9605% accepted

energy = -0.7392808616
energy/site = -0.0008400918882
43.7768% accepted

energy = -1.994868217
energy/site = -0.002266895702
43.8238% accepted

energy = -1.411044359
energy/site = -0.001603459498
43.7949% accepted

energy = -25.10150254
energy/site = -0.0285244347
43.9339% accepted

energy = -132.9954016
energy/site = -0.1511311382
43.9302% accepted

energy = -35.48578134
energy/site = -0.04032475153
43.7081% accepted

energy = -1.502712447
energy/site = -0.001707627781
43.9479% accepted

energy = -7.345245026
energy/site = -0.008346869348
43.7631% accepted

energy = -8.550307755
energy/site = -0.009716258812
43.8891% accepted

energy = -0.8773938528
energy/site = -0.0009970384691
43.9056% accepted

energy = -422.4105715
energy/site = -0.4800120131
43.7399% accepted

energy = -17.71375493
energy/site = -0.02012926697
43.9437% accepted

energy = -4.494801456
energy/site = -0.005107728928
43.7093% accepted

energy = -0.1794258693
energy/site = -0.0002038930333
43.803% accepted

energy = -5.175425296
energy/site = -0.005881165109
43.8669% accepted

energy = -8.65976835
energy/site = -0.009840645853
43.8638% accepted

energy = -1.668398035
energy/site = -0.001895906858
43.7589% accepted

energy = -2.195596662
energy/site = -0.002494996207
43.8328% accepted

energy = -6.060132153
energy/site = -0.00688651381
43.8038% accepted

energy = -25.9323496
energy/site = -0.02946857909
43.8768% accepted

energy = -0.3404505773
energy/site = -0.0003868756561
44.0344% accepted

energy = -0.8694152721
energy/site = -0.0009879719001
43.8993% accepted

energy = -2.874625524
energy/site = -0.003266619914
43.9323% accepted

energy = -0.7788607228
energy/site = -0.0008850690031
43.7164% accepted

energy = -2.052473248
energy/site = -0.002332355964
43.8731% accepted

energy = -2.264329757
energy/site = -0.002573101996
43.939% accepted

energy = -0.3658614119
energy/site = -0.0004157516045
43.7613% accepted

energy = -3.097090851
energy/site = -0.003519421421
43.75% accepted

energy = -56.95948195
energy/site = -0.06472668404
43.961% accepted

energy = -5.506834844
energy/site = -0.006257766868
43.775% accepted

energy = -202.5065224
energy/site = -0.2301210481
43.843% accepted

energy = -1.139142345
energy/site = -0.001294479937
43.9114% accepted

energy = -2.344481935
energy/site = -0.002664184017
43.911% accepted

energy = -7.462368722
energy/site = -0.008479964457
43.7965% accepted

energy = -1.786159811
energy/site = -0.002029727059
43.7862% accepted

energy = -21.02978482
energy/site = -0.02389748275
43.689% accepted

energy = -4.338160599
energy/site = -0.004929727953
43.8171% accepted

energy = -13.29677658
energy/site = -0.01510997338
43.8082% accepted

energy = -196.2556443
energy/site = -0.2230177776
43.834% accepted

energy = -0.4502317206
energy/site = -0.0005116269553
43.9191% accepted

energy = -1.915702812
energy/site = -0.002176935014
43.8123% accepted

energy = -515.2440038
energy/site = -0.5855045498
44.0476% accepted

energy = -2.530823755
energy/site = -0.002875936085
43.8814% accepted

energy = -39.9486696
energy/site = -0.04539621546
43.8496% accepted

energy = -16.17540902
energy/site = -0.01838114661
43.8591% accepted

energy = -10.60596673
energy/site = -0.01205223492
43.8382% accepted

energy = -7.954853568
energy/site = -0.009039606327
43.9387% accepted

energy = -0.2204206485
energy/site = -0.0002504780097
43.7253% accepted

energy = -0.168531607
energy/site = -0.0001915131897
43.7815% accepted

energy = -0.5134658431
energy/site = -0.0005834839127
43.8515% accepted

energy = -25.58301773
energy/site = -0.02907161106
43.8772% accepted

energy = -4.192909527
energy/site = -0.004764669917
43.9865% accepted

energy = -5.992621163
energy/site = -0.006809796776
43.7139% accepted

energy = -2.308746778
energy/site = -0.002623575885
43.8428% accepted

energy = -0.3193264399
energy/site = -0.0003628709545
43.8563% accepted

energy = -0.3451138136
energy/site = -0.0003921747882
43.799% accepted

energy = -0.1713726242
energy/site = -0.0001947416185
43.8461% accepted

energy = -8.843436383
energy/site = -0.01004935953
43.7634% accepted

energy = -2.771353266
energy/site = -0.003149265075
43.975% accepted

energy = -1.31792758
energy/site = -0.001497644977
43.869% accepted

energy = -44.1941039
energy/site = -0.05022057261
43.7644% accepted

energy = -1.679069401
energy/site = -0.001908033411
43.8232% accepted

energy = -0.30081352
energy/site = -0.0003418335455
43.8966% accepted

energy = -0.3006275016
energy/site = -0.0003416221609
43.7932% accepted

energy = -84.53255766
energy/site = -0.09605972461
43.8792% accepted

energy = -3.500227878
energy/site = -0.003977531679
43.935% accepted

energy = -0.7149143138
energy/site = -0.0008124026293
43.7312% accepted

energy = -695.3630377
energy/site = -0.7901852701
44.0371% accepted

energy = -20.61735176
energy/site = -0.02342880882
43.9337% accepted

energy = -2.341224945
energy/site = -0.002660482892
43.825% accepted

energy = -9.162989083
energy/site = -0.01041248759
43.8478% accepted

energy = -49.1969132
energy/site = -0.05590558318
43.9613% accepted

energy = -6.903993086
energy/site = -0.007845446689
43.7663% accepted

energy = -2.58559832
energy/site = -0.002938179909
43.8969% accepted

energy = -2.315471398
energy/site = -0.002631217498
43.8289% accepted

energy = -43.16141643
energy/site = -0.04904706412
43.8329% accepted

energy = -0.2891630643
energy/site = -0.0003285943913
43.8343% accepted

energy = -0.1691699306
energy/site = -0.0001922385576
44.0063% accepted

energy = -19.94620278
energy/site = -0.02266613952
43.8706% accepted

energy = -0.08665706099
energy/site = -9.847393294e-05
43.8439% accepted

energy = -32.34876564
energy/site = -0.03675996095
43.8582% accepted

energy = -0.07283342359
energy/site = -8.276525408e-05
43.9608% accepted

energy = -699.1734246
energy/site = -0.7945152553
43.8061% accepted

energy = -0.3596676714
energy/site = -0.000408713263
43.7785% accepted

energy = -23.80175864
energy/site = -0.027047453
43.7246% accepted

energy = -267.9895637
energy/site = -0.3045335952
43.995% accepted

energy = -60.43464627
energy/site = -0.0686757344
43.9166% accepted

energy = -0.4405726668
energy/site = -0.0005006507577
43.82% accepted

energy = -0.1324065185
energy/site = -0.0001504619529
43.802% accepted

energy = -0.3279415548
energy/site = -0.0003726608578
43.8012% accepted

energy = -0.5798732359
energy/site = -0.000658946859
43.8685% accepted

energy = -0.5710143845
energy/site = -0.0006488799824
43.7568% accepted

energy = -132329.5977
energy/site = -150.3745428
43.9282% accepted

energy = -93.67003599
energy/site = -0.1064432227
43.9317% accepted

energy = -1.270613294
energy/site = -0.001443878744
43.9813% accepted

energy = -0.283260642
energy/site = -0.0003218870931
43.7822% accepted

energy = -1.169305801
energy/site = -0.001328756592
43.9364% accepted

energy = -7.980361809
energy/site = -0.009068592965
43.8968% accepted

energy = -0.656460615
energy/site = -0.0007459779716
43.7322% accepted

energy = -1.2029568
energy/site = -0.001366996364
43.842% accepted

energy = -0.6486128691
energy/site = -0.0007370600786
43.7503% accepted

energy = -2.964301251
energy/site = -0.003368524149
43.7138% accepted

energy = -13.18582212
energy/site = -0.01498388877
43.838% accepted

energy = -100.0272103
energy/site = -0.1136672845
43.9139% accepted

energy = -2.777097815
energy/site = -0.003155792971
43.8817% accepted

energy = -6.137558565
energy/site = -0.006974498369
43.7483% accepted

energy = -17.66494144
energy/site = -0.02007379709
43.7673% accepted

energy = -10.00134705
energy/site = -0.0113651671
43.8711% accepted

energy = -34.07291614
energy/site = -0.03871922289
43.8377% accepted

energy = -1123.340233
energy/site = -1.276522992
43.9284% accepted

energy = -17.98928539
energy/site = -0.02044236976
43.7846% accepted

energy = -42.82137723
energy/site = -0.04866065594
43.8783% accepted

energy = -19.85295514
energy/site = -0.02256017629
43.7654% accepted

energy = -63.93182119
energy/site = -0.0726497968
43.9697% accepted

energy = -0.08780773215
energy/site = -9.978151381e-05
43.9342% accepted

energy = -0.8217699908
energy/site = -0.000933829535
43.7931% accepted

energy = -6.464962078
energy/site = -0.007346547816
43.8181% accepted

energy = -3.929082625
energy/site = -0.00446486662
43.8694% accepted

energy = -45.11337112
energy/site = -0.05126519445
43.9123% accepted

energy = -1.973220549
energy/site = -0.002242296078
43.7944% accepted

energy = -5.905112483
energy/site = -0.006710355095
43.9565% accepted

energy = -442.6209403
energy/site = -0.5029783412
43.87% accepted

energy = -0.1140537552
energy/site = -0.00012960654
43.7872% accepted

energy = -0.438418096
energy/site = -0.0004982023818
43.7665% accepted

energy = -0.03174687851
energy/site = -3.607599831e-05
43.9269% accepted

energy = -1.293731513
energy/site = -0.001470149447
43.7328% accepted

energy = -15.47934075
energy/site = -0.01759015994
43.9326% accepted

energy = -13.84875166
energy/site = -0.0157372178
43.8569% accepted

energy = -23.41154931
energy/site = -0.02660403331
43.9236% accepted

energy = -0.1645719132
energy/site = -0.0001870135377
44.0122% accepted

energy = -0.06756737116
energy/site = -7.678110359e-05
44.0679% accepted

energy = -0.8447803987
energy/site = -0.0009599777258
43.9482% accepted

energy = -157.0899302
energy/site = -0.1785112843
43.7869% accepted

energy = -71.71993637
energy/site = -0.08149992769
43.9706% accepted

energy = -1.671391841
energy/site = -0.00189930891
43.9455% accepted

energy = -1.285075929
energy/site = -0.001460313556
43.7769% accepted

energy = -0.01982527578
energy/site = -2.252872247e-05
43.7987% accepted

energy = -81.25472553
energy/site = -0.09233491538
43.9507% accepted

energy = -4.390075847
energy/site = -0.004988722553
43.9135% accepted

energy = -4.332151092
energy/site = -0.004922898968
43.7401% accepted

energy = -633.053195
energy/site = -0.7193786306
43.962% accepted

energy = -0.766907104
energy/site = -0.0008714853455
43.8343% accepted

energy = -1552.364399
energy/site = -1.764050454
43.8105% accepted

energy = -1.000890212
energy/site = -0.001137375241
43.823% accepted

energy = -87.7678443
energy/site = -0.09973618671
43.8866% accepted

energy = -11.37221827
energy/site = -0.0129229753
43.9471% accepted

energy = -1.334435508
energy/site = -0.001516403986
43.9253% accepted

energy = -0.3194042041
energy/site = -0.0003629593228
43.9615% accepted

energy = -3.218456272
energy/site = -0.003657336673
43.8653% accepted

energy = -11.55278867
energy/site = -0.01312816895
43.8195% accepted

energy = -0.6515965918
energy/site = -0.0007404506725
43.9585% accepted

energy = -1.405928437
energy/site = -0.001597645951
43.8621% accepted

energy = -131.4174092
energy/site = -0.149337965
43.7815% accepted

energy = -25.10371654
energy/site = -0.02852695061
44.001% accepted

energy = -0.2341682969
energy/site = -0.0002661003373
43.7781% accepted

energy = -77.02818157
energy/site = -0.08753202451
43.9582% accepted

energy = -271972.5465
energy/site = -309.059712
43.851% accepted

energy = -0.3913291863
energy/site = -0.0004446922572
43.8207% accepted

energy = -0.2317640879
energy/site = -0.0002633682817
43.8184% accepted

energy = -2.258249505
energy/site = -0.002566192619
43.809% accepted

energy = -0.2780010884
energy/site = -0.0003159103278
43.8154% accepted

energy = -0.06939205142
energy/site = -7.885460388e-05
43.9539% accepted

energy = -19.68500913
energy/site = -0.02236932856
43.5813% accepted

energy = -0.5395040085
energy/site = -0.0006130727369
43.9408% accepted

energy = -110.1501275
energy/site = -0.1251705994
44.0277% accepted

energy = -0.7579660284
energy/site = -0.0008613250323
43.8924% accepted

energy = -294.4840297
energy/site = -0.3346409429
43.9142% accepted

energy = -5.516732737
energy/site = -0.006269014473
43.9444% accepted

energy = -1.022182283
energy/site = -0.001161570777
44.0213% accepted

energy = -24.2739918
energy/site = -0.0275840816
43.849% accepted

energy = -4.109122126
energy/site = -0.004669456961
43.8111% accepted

energy = -1.935962852
energy/site = -0.002199957786
43.8148% accepted

energy = -6.575791223
energy/site = -0.007472490026
43.7685% accepted

energy = -1398.131397
energy/site = -1.588785678
43.8832% accepted

energy = -5.450063943
energy/site = -0.006193254481
43.8791% accepted

energy = -3.067846708
energy/site = -0.003486189441
43.9015% accepted

energy = -15.80317892
energy/site = -0.01795815787
43.7795% accepted

energy = -1.469652807
energy/site = -0.001670060008
43.9427% accepted

energy = -5.76107057
energy/site = -0.006546671102
43.9107% accepted

energy = -2266.98399
energy/site = -2.57611817
43.8979% accepted

energy = -625.7917047
energy/site = -0.7111269372
43.8247% accepted

energy = -8.732417195
energy/site = -0.009923201358
43.6944% accepted

energy = -0.5653059398
energy/site = -0.0006423931134
43.805% accepted

energy = -0.01436722196
energy/site = -1.632638859e-05
43.7438% accepted

energy = -71.9977637
energy/site = -0.08181564057
43.8123% accepted

energy = -757.4871622
energy/site = -0.8607808661
43.7866% accepted

energy = -2.474872831
energy/site = -0.00281235549
43.836% accepted

energy = -3.142694539
energy/site = -0.003571243794
43.8355% accepted

energy = -24.05151346
energy/site = -0.0273312653
43.6648% accepted

energy = -0.05150808715
energy/site = -5.853191721e-05
43.7554% accepted

energy = -1.270142868
energy/site = -0.001443344168
43.9019% accepted

energy = -78.63911021
energy/site = -0.08936262524
43.8988% accepted

energy = -7.052919257
energy/site = -0.008014680973
43.8839% accepted

energy = -16.39734942
energy/site = -0.01863335161
43.8958% accepted

energy = -1.497360344
energy/site = -0.001701545846
43.8026% accepted

energy = -3.529388701
energy/site = -0.004010668978
43.8472% accepted

energy = -0.4925904483
energy/site = -0.0005597618731
43.9631% accepted

energy = -0.947417887
energy/site = -0.001076611235
43.769% accepted

energy = -2.69269812
energy/site = -0.003059884228
43.8347% accepted

energy = -1.480497992
energy/site = -0.001682384082
43.894% accepted

energy = -0.862981188
energy/site = -0.0009806604409
43.9141% accepted

energy = -0.1137671545
energy/site = -0.0001292808574
44.0007% accepted

energy = -0.02580098287
energy/site = -2.931929871e-05
43.8526% accepted

energy = -1.249057011
energy/site = -0.001419382967
43.7805% accepted

energy = -2.925876859
energy/site = -0.003324860068
43.9102% accepted

energy = -41.52744116
energy/site = -0.04719027404
43.7672% accepted

energy = -1.788121735
energy/site = -0.002031956518
43.9703% accepted

energy = -2.533682055
energy/site = -0.002879184153
43.8008% accepted

energy = -1.249328206
energy/site = -0.001419691143
43.9193% accepted

energy = -2.630695271
energy/site = -0.002989426445
43.9008% accepted

energy = -0.2482544833
energy/site = -0.0002821073674
43.8428% accepted

energy = -206.9120445
energy/site = -0.2351273233
43.8941% accepted

energy = -0.5345061183
energy/site = -0.0006073933163
43.8652% accepted

energy = -8.571415006
energy/site = -0.009740244325
43.8692% accepted

energy = -2.004378176
energy/site = -0.002277702473
43.9629% accepted

energy = -176.4379187
energy/site = -0.2004976349
43.8315% accepted

energy = -6.857189005
energy/site = -0.007792260233
43.7551% accepted

energy = -0.3054891744
energy/site = -0.0003471467891
43.9344% accepted

energy = -1.13989885
energy/site = -0.001295339602
43.7642% accepted

energy = -1.687511056
energy/site = -0.0019176262
43.9912% accepted

energy = -28.8805464
energy/site = -0.03281880272
43.9564% accepted

energy = -30.56566169
energy/site = -0.03473370646
43.7412% accepted

energy = -78.06633828
energy/site = -0.08871174805
43.8522% accepted

energy = -17.28973126
energy/site = -0.01964742188
43.7729% accepted

energy = -0.0942783989
energy/site = -0.0001071345442
44.0637% accepted

energy = -0.479302581
energy/site = -0.0005446620239
43.8085% accepted

energy = -0.06309690798
energy/site = -7.17010318e-05
43.879% accepted

energy = -1.101279128
energy/site = -0.001251453555
43.8587% accepted

energy = -155.715721
energy/site = -0.1769496829
43.8109% accepted

energy = -154.1752523
energy/site = -0.1751991503
43.9278% accepted

energy = -3.242303126
energy/site = -0.003684435371
43.9318% accepted

energy = -1.417842996
energy/site = -0.001611185223
43.8891% accepted

energy = -8.718175339
energy/site = -0.009907017431
43.9676% accepted

energy = -500.1063947
energy/site = -0.5683027212
43.8698% accepted

energy = -5.155447454
energy/site = -0.005858463015
43.919% accepted

energy = -2.805675819
energy/site = -0.003188267977
43.8864% accepted

energy = -19.56475137
energy/site = -0.02223267201
43.8936% accepted

energy = -13.96478257
energy/site = -0.01586907111
43.8811% accepted

energy = -6.125094401
energy/site = -0.006960334546
43.7036% accepted

energy = -19.34428752
energy/site = -0.0219821449
43.8596% accepted

energy = -12.29497887
energy/site = -0.0139715669
43.8858% accepted

energy = -18.14148747
energy/site = -0.02061532667
43.9051% accepted

energy = -0.9846391901
energy/site = -0.001118908171
43.8362% accepted

energy = -688.0522507
energy/site = -0.7818775576
43.7945% accepted

energy = -17.87481671
energy/site = -0.02031229172
43.7655% accepted

energy = -0.5966210321
energy/site = -0.0006779784456
44.0182% accepted

energy = -0.02803796743
energy/site = -3.186132662e-05
44.0206% accepted

energy = -0.8013279921
energy/site = -0.000910599991
43.7874% accepted

energy = -0.01382824388
energy/site = -1.571391351e-05
43.8742% accepted

energy = -0.149901383
energy/site = -0.0001703424806
43.8928% accepted

energy = -0.1137842579
energy/site = -0.0001293002931
43.8123% accepted

energy = -2.994985307
energy/site = -0.003403392394
43.7728% accepted

energy = -8.079641285
energy/site = -0.009181410551
43.7322% accepted

energy = -1.411871411
energy/site = -0.001604399331
43.7869% accepted

energy = -0.563985883
energy/site = -0.0006408930489
43.84% accepted

energy = -3.757232548
energy/site = -0.004269582441
43.8788% accepted

energy = -8.796124081
energy/site = -0.009995595547
43.8357% accepted

energy = -0.03890095337
energy/site = -4.420562883e-05
44.0322% accepted

energy = -0.5223286148
energy/site = -0.0005935552441
43.8072% accepted

energy = -0.02299516998
energy/site = -2.613087498e-05
43.9951% accepted

energy = -22.38874168
energy/site = -0.02544175191
43.9463% accepted

energy = -11.30803013
energy/site = -0.01285003424
43.8321% accepted

energy = -0.9631891424
energy/site = -0.001094533116
43.8355% accepted

energy = -268.2041202
energy/site = -0.3047774094
43.8452% accepted

energy = -5.878877863
energy/site = -0.006680543026
43.9217% accepted

energy = -17.17846317
energy/site = -0.01952098088
43.9601% accepted

energy = -0.06747164641
energy/site = -7.667232547e-05
43.8632% accepted

energy = -3.703915949
energy/site = -0.004208995397
43.7809% accepted

energy = -3.480356527
energy/site = -0.003954950599
43.7894% accepted

energy = -22.23558193
energy/site = -0.02526770674
43.8713% accepted

energy = -0.6680902807
energy/site = -0.0007591935008
43.8056% accepted

energy = -1.508189477
energy/site = -0.001713851678
43.7966% accepted

energy = -0.3208169277
energy/site = -0.0003645646905
43.7582% accepted

energy = -74.80378494
energy/site = -0.08500430107
43.8043% accepted

energy = -0.01055037285
energy/site = -1.198906005e-05
43.8277% accepted

energy = -0.2531884561
energy/site = -0.0002877141547
43.7933% accepted

energy = -0.02419346491
energy/site = -2.749257376e-05
43.7356% accepted

energy = -0.7014027147
energy/site = -0.0007970485394
43.8671% accepted

energy = -3.240838993
energy/site = -0.003682771582
43.8603% accepted

energy = -0.1098605779
energy/site = -0.0001248415658
43.8145% accepted

energy = -0.09413331214
energy/site = -0.0001069696729
43.9777% accepted

energy = -0.1731142467
energy/site = -0.0001967207349
43.8786% accepted

energy = -0.01782987264
energy/site = -2.026121891e-05
43.8901% accepted

energy = -3308.832711
energy/site = -3.760037171
43.8201% accepted

energy = -9.235650664
energy/site = -0.01049505757
43.7854% accepted

energy = -3462.364593
energy/site = -3.934505219
43.9027% accepted

energy = -7.481306955
energy/site = -0.008501485176
43.7149% accepted

energy = -0.9515228542
energy/site = -0.001081275971
43.7952% accepted

energy = -1.603508469
energy/site = -0.001822168714
43.8077% accepted

energy = -87.53403989
energy/site = -0.09947049988
43.7862% accepted

energy = -0.6370479016
energy/site = -0.00072391807
43.7476% accepted

energy = -1.006157308
energy/site = -0.001143360577
43.8937% accepted

User defined signal 2

------------------------------------------------------------
Sender: LSF System <lsfadmin@wha162>
Subject: Job 5120791: <./torus18> Exited

Job <./torus18> was submitted from host <wha780> by user <akallin>.
Job was executed on host(s) <wha162>, in queue <serial>, as user <akallin>.
</home/akallin> was used as the home directory.
</work/akallin/TORUS/OBC/11leg/18> was used as the working directory.
Started at Wed Jul 21 18:05:29 2010
Results reported at Wed Jul 28 18:32:06 2010

Your job looked like:

------------------------------------------------------------
# LSBATCH: User input
./torus18
------------------------------------------------------------

TERM_RUNLIMIT: job killed after reaching LSF run time limit.
Exited with exit code 140.

Resource usage summary:

    CPU time   : 604231.00 sec.
    Max Memory :         6 MB
    Max Swap   :       122 MB

    Max Processes  :         4
    Max Threads    :         4

The output (if any) is above this job summary.


weighting by <swap_x> where x = 18
11 x 40 x 1 system
r   = 3  bondops changed per step 
n/N = 80  bond operators / site
its = 1000000  iterations/loop for 100000 loops

energy = -1.257218378
energy/site = -0.001428657248
43.8317% accepted

energy = -7.435945327
energy/site = -0.008449937872
43.8503% accepted

energy = -0.1738963885
energy/site = -0.0001976095324
43.9439% accepted

energy = -0.2845966808
energy/site = -0.0003234053191
43.8643% accepted

energy = -242.0326645
energy/site = -0.2750371187
43.8373% accepted

energy = -2.8108131
energy/site = -0.003194105795
43.7608% accepted

energy = -4.740360841
energy/site = -0.005386773683
43.8484% accepted

energy = -11.52886276
energy/site = -0.01310098041
43.6736% accepted

energy = -39.75256265
energy/site = -0.04517336665
43.8386% accepted

energy = -42.00355937
energy/site = -0.04773131746
43.7837% accepted

energy = -152.4601943
energy/site = -0.1732502208
43.8794% accepted

energy = -13.93614575
energy/site = -0.01583652926
43.8783% accepted

energy = -5.423250509
energy/site = -0.006162784669
43.818% accepted

energy = -22.77126458
energy/site = -0.02587643702
43.8794% accepted

energy = -2.385019423
energy/site = -0.002710249344
43.8266% accepted

energy = -0.08393281636
energy/site = -9.537820041e-05
43.8649% accepted

energy = -12.3233719
energy/site = -0.01400383171
43.784% accepted

energy = -3.882771078
energy/site = -0.004412239861
43.8412% accepted

energy = -0.255074943
energy/site = -0.0002898578897
43.8841% accepted

energy = -23.80192604
energy/site = -0.02704764323
43.9705% accepted

energy = -11103.97774
energy/site = -12.61815652
43.7907% accepted

energy = -3.714252643
energy/site = -0.00422074164
43.7289% accepted

energy = -2.719570364
energy/site = -0.003090420869
43.6935% accepted

energy = -89.07334069
energy/site = -0.1012197053
43.8716% accepted

energy = -45.35077995
energy/site = -0.05153497721
43.9692% accepted

energy = -6.732126273
energy/site = -0.007650143492
43.849% accepted

energy = -1135.376013
energy/site = -1.290200015
43.9605% accepted

energy = -1.120536943
energy/site = -0.001273337436
43.845% accepted

energy = -0.2395405044
energy/site = -0.0002722051186
43.9466% accepted

energy = -6.956545285
energy/site = -0.007905165096
43.9533% accepted

energy = -0.1523943488
energy/site = -0.0001731753963
43.8467% accepted

energy = -7.416918883
energy/site = -0.008428316913
43.8977% accepted

energy = -6.799549082
energy/site = -0.00772676032
43.9698% accepted

energy = -0.6503131806
energy/site = -0.0007389922507
43.8087% accepted

energy = -0.461379006
energy/site = -0.0005242943251
43.8263% accepted

energy = -8.932602767
energy/site = -0.01015068496
43.9234% accepted

energy = -269.2588859
energy/site = -0.3059760067
43.7561% accepted

energy = -0.6980887104
energy/site = -0.0007932826255
43.9206% accepted

energy = -6.563559141
energy/site = -0.007458589933
43.8501% accepted

energy = -9.301485683
energy/site = -0.01056987009
43.7674% accepted

energy = -18.18768769
energy/site = -0.02066782692
43.9021% accepted

energy = -0.04314797344
energy/site = -4.9031788e-05
43.8505% accepted

energy = -3.94358657
energy/site = -0.004481348375
43.9205% accepted

energy = -85.98225313
energy/site = -0.09770710582
43.8043% accepted

energy = -0.6542311191
energy/site = -0.0007434444535
43.8088% accepted

energy = -29.73212708
energy/site = -0.03378650805
43.8163% accepted

energy = -6.849026512
energy/site = -0.007782984673
43.9958% accepted

energy = -4.831234792
energy/site = -0.005490039537
43.8195% accepted

energy = -1.35770189
energy/site = -0.001542843057
43.8264% accepted

energy = -4.76890112
energy/site = -0.005419205819
43.9074% accepted

energy = -4.756078144
energy/site = -0.005404634255
43.9321% accepted

energy = -0.08034955143
energy/site = -9.130630844e-05
43.8806% accepted

energy = -1344.291042
energy/site = -1.527603457
43.7061% accepted

energy = -18.10988136
energy/site = -0.02057941063
43.8164% accepted

energy = -2.394379781
energy/site = -0.002720886115
43.7521% accepted

energy = -0.4246845751
energy/site = -0.0004825961081
43.8615% accepted

energy = -0.03905553168
energy/site = -4.4381286e-05
43.8678% accepted

energy = -21.52833101
energy/site = -0.02446401252
43.9185% accepted

energy = -11772.74477
energy/site = -13.37811905
43.8586% accepted

energy = -18.7715876
energy/site = -0.02133134955
44.0501% accepted

energy = -0.1933613088
energy/site = -0.00021972876
43.9279% accepted

energy = -0.3020136372
energy/site = -0.000343197315
43.8736% accepted

energy = -510.0179708
energy/site = -0.5795658759
43.8717% accepted

energy = -0.3157777352
energy/site = -0.0003588383354
43.885% accepted

energy = -90.36056868
energy/site = -0.1026824644
43.8068% accepted

energy = -11.67844025
energy/site = -0.01327095483
43.8389% accepted

energy = -0.08184874527
energy/site = -9.300993781e-05
43.7455% accepted

energy = -9.714554531
energy/site = -0.01103926651
43.9249% accepted

energy = -2.830001132
energy/site = -0.003215910377
43.8875% accepted

energy = -7.01439145
energy/site = -0.007970899375
43.8338% accepted

energy = -22.24970889
energy/site = -0.0252837601
43.8688% accepted

energy = -2.25116447
energy/site = -0.002558141443
43.6546% accepted

energy = -6.393625217
energy/site = -0.007265483201
43.88% accepted

energy = -0.5856529322
energy/site = -0.0006655146957
43.9567% accepted

energy = -371.5618357
energy/site = -0.4222293587
43.8464% accepted

energy = -1.074246846
energy/site = -0.001220735052
43.8645% accepted

energy = -11.50580767
energy/site = -0.01307478145
43.909% accepted

energy = -0.6307000086
energy/site = -0.0007167045552
43.9918% accepted

energy = -0.2803602754
energy/site = -0.0003185912221
43.7482% accepted

energy = -9.709822503
energy/site = -0.01103388921
43.7306% accepted

energy = -0.5237564697
energy/site = -0.0005951778064
43.7194% accepted

energy = -0.7573866763
energy/site = -0.0008606666776
43.7549% accepted

energy = -13.73587745
energy/site = -0.01560895165
44.0113% accepted

energy = -24.03465418
energy/site = -0.02731210702
43.8664% accepted

energy = -0.295549976
energy/site = -0.0003358522454
43.9715% accepted

energy = -0.4445117437
energy/site = -0.0005051269815
43.9236% accepted

energy = -6.101351888
energy/site = -0.006933354419
43.8596% accepted

energy = -0.3099750484
energy/site = -0.0003522443732
43.8994% accepted

energy = -3.817058499
energy/site = -0.004337566476
43.8104% accepted

energy = -0.4454372929
energy/site = -0.0005061787419
43.8385% accepted

energy = -34.38271699
energy/site = -0.03907126931
43.8597% accepted

energy = -1230.090811
energy/site = -1.397830467
43.8911% accepted

energy = -976.6629425
energy/site = -1.109844253
43.8493% accepted

energy = -35.17853103
energy/site = -0.03997560344
43.8532% accepted

energy = -6.415088039
energy/site = -0.007289872772
43.8089% accepted

energy = -0.07726497839
energy/site = -8.780111181e-05
43.8588% accepted

energy = -0.2307927887
energy/site = -0.0002622645326
43.9159% accepted

energy = -3.058123277
energy/site = -0.003475140088
43.755% accepted

energy = -1.191207643
energy/site = -0.001353645049
43.9262% accepted

energy = -0.03489608611
energy/site = -3.96546433e-05
43.8349% accepted

energy = -0.2565693912
energy/site = -0.0002915561263
43.8691% accepted

energy = -4.552694879
energy/site = -0.005173516907
43.8448% accepted

energy = -24.26535838
energy/site = -0.02757427089
43.8098% accepted

energy = -1.689840094
energy/site = -0.001920272834
43.8935% accepted

energy = -19.36407551
energy/site = -0.02200463127
43.7844% accepted

energy = -10.05476809
energy/site = -0.01142587283
43.9108% accepted

energy = -0.1039813388
energy/site = -0.0001181606123
43.8344% accepted

energy = -5.073264938
energy/site = -0.005765073793
43.848% accepted

energy = -0.4929893505
energy/site = -0.000560215171
43.902% accepted

energy = -1.510455418
energy/site = -0.001716426612
43.7813% accepted

energy = -0.2228773204
energy/site = -0.0002532696822
43.9167% accepted

energy = -509.9374179
energy/site = -0.5794743385
43.8871% accepted

energy = -0.6796295811
energy/site = -0.0007723063421
43.8588% accepted

energy = -0.1725175752
energy/site = -0.0001960426991
43.7355% accepted

energy = -256.4017533
energy/site = -0.2913656288
43.7982% accepted

energy = -0.1018592342
energy/site = -0.0001157491298
43.7921% accepted

energy = -202.3072182
energy/site = -0.2298945662
43.8953% accepted

energy = -10.07608447
energy/site = -0.01145009599
43.9646% accepted

energy = -0.07386063793
energy/site = -8.39325431e-05
43.826% accepted

energy = -381.492881
energy/site = -0.4335146375
43.9016% accepted

energy = -2.032009577
energy/site = -0.002309101792
43.8639% accepted

energy = -46.31966973
energy/site = -0.05263598833
43.8709% accepted

energy = -25.3147964
energy/site = -0.02876681409
43.8833% accepted

energy = -12.80188194
energy/site = -0.01454759312
43.8902% accepted

energy = -12.03347133
energy/site = -0.01367439924
43.8605% accepted

energy = -107.5271714
energy/site = -0.1221899675
43.9685% accepted

energy = -2.637836501
energy/site = -0.002997541478
43.7408% accepted

energy = -103.4304959
energy/site = -0.1175346544
43.8957% accepted

energy = -12.38852309
energy/site = -0.01407786715
43.8482% accepted

energy = -0.1580648222
energy/site = -0.0001796191162
43.8135% accepted

energy = -0.2948458099
energy/site = -0.0003350520567
43.7965% accepted

energy = -260.7396321
energy/site = -0.2962950364
43.8056% accepted

energy = -0.2983262754
energy/site = -0.0003390071311
43.7048% accepted

energy = -0.4126920844
energy/site = -0.0004689682778
43.8196% accepted

energy = -33.60773666
energy/site = -0.03819060984
43.8849% accepted

energy = -5.359720414
energy/site = -0.00609059138
43.8406% accepted

energy = -16.62861414
energy/site = -0.01889615243
43.8566% accepted

energy = -204.0362241
energy/site = -0.2318593456
43.8021% accepted

energy = -52.45251566
energy/site = -0.05960513143
43.8885% accepted

energy = -0.8061068175
energy/site = -0.0009160304744
43.7933% accepted

energy = -0.1160538673
energy/site = -0.0001318793947
43.8371% accepted

energy = -1747.583345
energy/site = -1.985890165
43.8672% accepted

energy = -616.8131392
energy/site = -0.7009240218
43.9243% accepted

energy = -271.9948135
energy/site = -0.3090850154
43.9699% accepted

energy = -1536.420584
energy/site = -1.745932482
43.947% accepted

energy = -6.300585026
energy/site = -0.007159755712
43.7741% accepted

energy = -23.08936848
energy/site = -0.02623791873
43.8946% accepted

energy = -12.26851834
energy/site = -0.01394149811
43.9472% accepted

energy = -4.098126138
energy/site = -0.004656961521
43.9377% accepted

energy = -4.476678155
energy/site = -0.005087134267
43.9079% accepted

energy = -0.07857521498
energy/site = -8.929001702e-05
43.8492% accepted

energy = -4.174417804
energy/site = -0.004743656596
43.8879% accepted

energy = -0.5605333672
energy/site = -0.0006369697354
43.792% accepted

energy = -0.04083027216
energy/site = -4.639803654e-05
43.745% accepted

energy = -10.24280979
energy/site = -0.01163955657
43.8362% accepted

energy = -0.6970220149
energy/site = -0.0007920704715
43.8804% accepted

energy = -179.2266072
energy/site = -0.2036665991
43.9559% accepted

energy = -75.82596081
energy/site = -0.08616586456
43.8779% accepted

energy = -4.321852582
energy/site = -0.004911196116
44.041% accepted

energy = -5.047007886
energy/site = -0.005735236235
43.9133% accepted

energy = -1.910330699
energy/site = -0.00217083034
43.8548% accepted

energy = -13.47703885
energy/site = -0.01531481687
43.9545% accepted

energy = -80.87118309
energy/site = -0.09189907169
43.9111% accepted

energy = -0.2752029316
energy/site = -0.0003127306041
43.9181% accepted

energy = -7.131764915
energy/site = -0.008104278312
43.9171% accepted

energy = -634.5630253
energy/site = -0.721094347
43.8828% accepted

energy = -1848.158006
energy/site = -2.100179552
43.8934% accepted

energy = -1.261698538
energy/site = -0.001433748338
43.7687% accepted

energy = -278.4760016
energy/site = -0.3164500019
43.9779% accepted

energy = -116.6839513
energy/site = -0.1325953992
43.7855% accepted

energy = -0.2795043356
energy/site = -0.0003176185632
43.8742% accepted

energy = -79.34783871
energy/site = -0.09016799854
43.8619% accepted

energy = -0.1356955915
energy/site = -0.0001541995358
43.8938% accepted

energy = -3.046816168
energy/site = -0.003462291099
43.9819% accepted

energy = -0.4479189204
energy/site = -0.0005089987731
43.84% accepted

energy = -0.7283533447
energy/site = -0.0008276742554
43.918% accepted

energy = -303.18104
energy/site = -0.3445239091
43.7815% accepted

energy = -48.829858
energy/site = -0.05548847501
43.8555% accepted

energy = -4.724886624
energy/site = -0.005369189345
43.8615% accepted

energy = -0.9992645155
energy/site = -0.001135527859
43.764% accepted

energy = -0.5216633558
energy/site = -0.0005927992679
43.8414% accepted

energy = -0.2925430895
energy/site = -0.000332435329
43.9045% accepted

energy = -1.550045785
energy/site = -0.001761415665
43.9222% accepted

energy = -9.600711067
energy/site = -0.01090989894
43.8836% accepted

energy = -0.1145044253
energy/site = -0.0001301186651
43.9541% accepted

energy = -0.3386049926
energy/site = -0.0003847784007
43.8767% accepted

energy = -0.6749837751
energy/site = -0.0007670270172
44.0548% accepted

energy = -17.7387131
energy/site = -0.02015762852
43.7605% accepted

energy = -0.6954651705
energy/site = -0.0007903013301
43.7263% accepted

energy = -0.2908110535
energy/site = -0.0003304671063
43.9216% accepted

energy = -1.128834836
energy/site = -0.001282766859
43.805% accepted

energy = -0.06441801958
energy/site = -7.320229498e-05
43.9125% accepted

energy = -105245.9101
energy/site = -119.5976251
43.8851% accepted

energy = -0.03101709694
energy/site = -3.524670107e-05
43.7473% accepted

energy = -661.9103187
energy/site = -0.7521708167
44.0099% accepted

energy = -0.1970853329
energy/site = -0.0002239606055
43.889% accepted

energy = -9.702952456
energy/site = -0.01102608234
43.8763% accepted

energy = -0.4741104952
energy/site = -0.0005387619264
43.9379% accepted

energy = -4.943162012
energy/site = -0.005617229559
43.8968% accepted

energy = -0.2482605344
energy/site = -0.0002821142436
43.9875% accepted

energy = -41.03855849
energy/site = -0.04663472555
43.8477% accepted

energy = -14.12708313
energy/site = -0.01605350355
43.8716% accepted

energy = -1.890579689
energy/site = -0.00214838601
43.8662% accepted

energy = -70.6938801
energy/site = -0.08033395466
43.8293% accepted

energy = -46.65014192
energy/site = -0.05301152491
43.8597% accepted

energy = -5.060034533
energy/site = -0.005750039242
43.8721% accepted

energy = -0.5713056535
energy/site = -0.0006492109699
43.8122% accepted

energy = -1.303056535
energy/site = -0.001480746063
43.9523% accepted

energy = -3.250570138
energy/site = -0.003693829702
43.9065% accepted

energy = -14.33256628
energy/site = -0.01628700714
43.9474% accepted

energy = -0.02393239611
energy/site = -2.719590467e-05
43.7254% accepted

energy = -0.1672387511
energy/site = -0.0001900440353
43.88% accepted

energy = -8.748257437
energy/site = -0.009941201633
43.851% accepted

energy = -0.5460676166
energy/site = -0.0006205313825
43.7859% accepted

energy = -0.04731907289
energy/site = -5.377167374e-05
43.7218% accepted

energy = -0.9605336675
energy/site = -0.001091515531
43.7768% accepted

energy = -11.15235021
energy/site = -0.01267312524
43.7916% accepted

energy = -16.21446158
energy/site = -0.01842552452
43.7278% accepted

energy = -7.448497887
energy/site = -0.008464202145
43.8105% accepted

energy = -0.2882820234
energy/site = -0.0003275932085
43.9251% accepted

energy = -0.2542382068
energy/site = -0.0002889070532
43.7407% accepted

energy = -2.6725562
energy/site = -0.003036995681
43.8327% accepted

energy = -41.23427803
energy/site = -0.04685713412
43.8883% accepted

User defined signal 2

------------------------------------------------------------
Sender: LSF System <lsfadmin@wha219>
Subject: Job 5493620: <./torus18> Exited

Job <./torus18> was submitted from host <wha781> by user <akallin>.
Job was executed on host(s) <wha219>, in queue <serial>, as user <akallin>.
</home/akallin> was used as the home directory.
</work/akallin/TORUS/OBC/11leg/18> was used as the working directory.
Started at Wed Aug 11 14:43:39 2010
Results reported at Wed Aug 18 15:01:48 2010

Your job looked like:

------------------------------------------------------------
# LSBATCH: User input
./torus18
------------------------------------------------------------

TERM_RUNLIMIT: job killed after reaching LSF run time limit.
Exited with exit code 140.

Resource usage summary:

    CPU time   : 417388.00 sec.
    Max Memory :         6 MB
    Max Swap   :       122 MB

    Max Processes  :         4
    Max Threads    :         4

The output (if any) is above this job summary.


weighting by <swap_x> where x = 18
11 x 40 x 1 system
r   = 3  bondops changed per step 
n/N = 80  bond operators / site
its = 1000000  iterations/loop for 100000 loops

