
weighting by <swap_x> where x = 3
3 x 12 x 1 system
r   = 3  bondops changed per step 
n/N = 80  bond operators / site
its = 1000000  iterations/loop for 10000 loops

energy = -89.54326607
energy/site = -1.243656473
45.6871% accepted

energy = -96.45288592
energy/site = -1.339623416
45.7491% accepted

energy = -91.86662131
energy/site = -1.275925296
45.753% accepted

energy = -95.82294831
energy/site = -1.330874282
45.7209% accepted

energy = -95.71939625
energy/site = -1.329436059
45.7535% accepted

energy = -90.84677027
energy/site = -1.261760698
45.8026% accepted

energy = -99.40731347
energy/site = -1.380657132
45.9142% accepted

energy = -76.07142517
energy/site = -1.056547572
45.7831% accepted

energy = -94.73143624
energy/site = -1.315714392
45.7351% accepted

energy = -90.0095029
energy/site = -1.250131985
45.752% accepted

energy = -97.66543771
energy/site = -1.356464413
45.5433% accepted

energy = -98.35284708
energy/site = -1.366011765
45.7039% accepted

energy = -84.89898306
energy/site = -1.179152542
45.8694% accepted

energy = -90.18435492
energy/site = -1.252560485
45.6811% accepted

energy = -109.0844082
energy/site = -1.515061225
45.6244% accepted

energy = -94.4281383
energy/site = -1.311501921
45.708% accepted

energy = -102.4843937
energy/site = -1.423394357
45.8497% accepted

energy = -87.18301945
energy/site = -1.21087527
45.5791% accepted

energy = -83.78907126
energy/site = -1.163737101
45.7778% accepted

energy = -105.2918203
energy/site = -1.462386393
45.7787% accepted

energy = -79.93131634
energy/site = -1.110157171
45.675% accepted

energy = -84.14272488
energy/site = -1.168648957
45.6854% accepted

energy = -75.24979705
energy/site = -1.04513607
45.8561% accepted

energy = -87.12231786
energy/site = -1.210032193
45.7536% accepted

energy = -86.05556145
energy/site = -1.195216131
45.7481% accepted

energy = -70.45479
energy/site = -0.97853875
45.7766% accepted

energy = -81.45321493
energy/site = -1.131294652
45.8515% accepted

energy = -89.90628385
energy/site = -1.248698387
45.5548% accepted

energy = -114.1776673
energy/site = -1.585800935
45.6729% accepted

energy = -81.10720074
energy/site = -1.126488899
45.8212% accepted

energy = -101.3846658
energy/site = -1.408120358
45.7711% accepted

energy = -82.71099595
energy/site = -1.148763833
45.7819% accepted

energy = -73.3644478
energy/site = -1.018950664
45.662% accepted

energy = -94.91930062
energy/site = -1.31832362
45.8329% accepted

energy = -117.3654124
energy/site = -1.630075172
45.7325% accepted

energy = -99.77244523
energy/site = -1.385728406
45.8291% accepted

energy = -108.6680632
energy/site = -1.509278655
45.553% accepted

energy = -92.7613993
energy/site = -1.288352768
45.7606% accepted

energy = -85.55912374
energy/site = -1.188321163
45.7922% accepted

energy = -98.03705851
energy/site = -1.361625813
45.7354% accepted

energy = -97.82317255
energy/site = -1.358655174
45.7375% accepted

energy = -95.45152582
energy/site = -1.325715636
45.5953% accepted

energy = -98.33107909
energy/site = -1.365709432
45.8098% accepted

energy = -111.643047
energy/site = -1.550597874
45.7663% accepted

energy = -93.41015694
energy/site = -1.297363291
45.8375% accepted

energy = -84.62485572
energy/site = -1.175345218
45.6878% accepted

energy = -105.9359494
energy/site = -1.47133263
45.5609% accepted

energy = -91.06859198
energy/site = -1.264841555
45.8299% accepted

energy = -90.89446781
energy/site = -1.262423164
45.8151% accepted

energy = -111.0642132
energy/site = -1.542558516
45.7802% accepted

energy = -106.6141394
energy/site = -1.480751936
45.852% accepted

energy = -99.06036159
energy/site = -1.375838355
45.6777% accepted

energy = -100.0844941
energy/site = -1.390062417
45.5352% accepted

energy = -80.67560861
energy/site = -1.120494564
45.7713% accepted

energy = -106.9030655
energy/site = -1.484764798
45.6431% accepted

energy = -94.46118804
energy/site = -1.311960945
45.7618% accepted

energy = -89.13684023
energy/site = -1.23801167
45.7204% accepted

energy = -88.0345422
energy/site = -1.222701975
45.7341% accepted

energy = -75.97365448
energy/site = -1.055189646
45.6797% accepted

energy = -92.44476807
energy/site = -1.283955112
45.6857% accepted

energy = -98.00657797
energy/site = -1.361202472
45.872% accepted

energy = -75.14464734
energy/site = -1.043675658
45.6939% accepted

energy = -93.86225938
energy/site = -1.303642491
45.8715% accepted

energy = -106.8363063
energy/site = -1.483837588
45.6616% accepted

energy = -94.82817748
energy/site = -1.317058021
45.632% accepted

energy = -86.65917144
energy/site = -1.203599603
45.8152% accepted

energy = -82.24655125
energy/site = -1.142313212
45.7659% accepted

energy = -84.57078952
energy/site = -1.174594299
45.6736% accepted

energy = -92.27334573
energy/site = -1.281574246
45.7572% accepted

energy = -95.42794892
energy/site = -1.325388179
45.5497% accepted

energy = -85.12632249
energy/site = -1.182310035
45.5972% accepted

energy = -112.1961782
energy/site = -1.558280252
45.4854% accepted

energy = -90.44656029
energy/site = -1.256202226
45.7468% accepted

energy = -85.72223604
energy/site = -1.190586612
45.7546% accepted

energy = -75.6983752
energy/site = -1.051366322
45.7365% accepted

energy = -89.9529443
energy/site = -1.249346449
45.6499% accepted

energy = -115.1187047
energy/site = -1.598870899
45.698% accepted

energy = -91.00747418
energy/site = -1.263992697
45.6118% accepted

energy = -75.79514759
energy/site = -1.052710383
45.6831% accepted

energy = -108.768832
energy/site = -1.510678223
45.7778% accepted

energy = -109.0176882
energy/site = -1.514134559
45.6733% accepted

energy = -107.2650035
energy/site = -1.489791715
45.6873% accepted

energy = -86.63473701
energy/site = -1.203260236
45.6116% accepted

energy = -90.22368614
energy/site = -1.253106752
45.5221% accepted

energy = -88.56020498
energy/site = -1.230002847
45.7236% accepted

energy = -110.9630762
energy/site = -1.541153836
45.7373% accepted

energy = -98.16752085
energy/site = -1.36343779
45.7271% accepted

energy = -85.5913314
energy/site = -1.188768492
45.5966% accepted

energy = -106.1793192
energy/site = -1.474712766
45.8051% accepted

energy = -85.44512652
energy/site = -1.186737868
45.4804% accepted

energy = -91.20631017
energy/site = -1.266754308
45.6823% accepted

energy = -112.0294771
energy/site = -1.555964959
45.7539% accepted

energy = -92.13581064
energy/site = -1.279664037
45.6634% accepted

energy = -90.57843647
energy/site = -1.25803384
45.6091% accepted

energy = -92.88967683
energy/site = -1.2901344
45.7239% accepted

energy = -107.712255
energy/site = -1.496003541
45.8293% accepted

energy = -92.67178612
energy/site = -1.287108141
45.742% accepted

energy = -80.82614084
energy/site = -1.122585289
45.5133% accepted

energy = -91.01197518
energy/site = -1.264055211
45.707% accepted

energy = -87.39599395
energy/site = -1.213833249
45.7754% accepted

energy = -105.4058293
energy/site = -1.463969851
45.6902% accepted

energy = -97.60105291
energy/site = -1.355570179
45.7861% accepted

energy = -109.2775983
energy/site = -1.517744421
45.7839% accepted

energy = -90.52835421
energy/site = -1.257338253
45.7758% accepted

energy = -89.66711231
energy/site = -1.24537656
45.6691% accepted

energy = -100.1004563
energy/site = -1.390284115
45.8698% accepted

energy = -102.3887915
energy/site = -1.422066549
45.6604% accepted

energy = -91.22891946
energy/site = -1.267068326
45.7086% accepted

energy = -89.39268557
energy/site = -1.241565077
45.6072% accepted

energy = -88.52194915
energy/site = -1.229471516
45.6533% accepted

energy = -89.7702094
energy/site = -1.246808464
45.7915% accepted

energy = -90.72475126
energy/site = -1.26006599
45.7848% accepted

energy = -103.5462533
energy/site = -1.438142406
45.6661% accepted

energy = -117.8499294
energy/site = -1.636804575
45.6864% accepted

energy = -103.8948343
energy/site = -1.44298381
45.7196% accepted

energy = -91.7313818
energy/site = -1.274046969
45.7504% accepted

energy = -86.80075701
energy/site = -1.20556607
45.6496% accepted

energy = -84.15723709
energy/site = -1.168850515
45.8286% accepted

energy = -118.7943103
energy/site = -1.649920976
45.8015% accepted

energy = -87.52963928
energy/site = -1.215689434
45.7348% accepted

energy = -103.9664757
energy/site = -1.443978829
45.5546% accepted

energy = -91.20734572
energy/site = -1.266768691
45.7256% accepted

energy = -84.87911202
energy/site = -1.178876556
45.7029% accepted

energy = -93.39182269
energy/site = -1.297108648
45.7056% accepted

energy = -104.2963405
energy/site = -1.448560285
45.7685% accepted

energy = -82.45823919
energy/site = -1.145253322
45.8136% accepted

energy = -80.95191473
energy/site = -1.124332149
45.6981% accepted

energy = -92.45721966
energy/site = -1.284128051
45.6721% accepted

energy = -79.04834687
energy/site = -1.097893706
45.7135% accepted

energy = -87.23059305
energy/site = -1.211536015
45.6829% accepted

energy = -110.2936055
energy/site = -1.531855632
45.6633% accepted

energy = -96.50768267
energy/site = -1.340384482
45.7434% accepted

energy = -79.03875943
energy/site = -1.097760548
45.7568% accepted

energy = -89.84023546
energy/site = -1.247781048
45.6641% accepted

energy = -92.60443417
energy/site = -1.286172697
45.7838% accepted

energy = -87.87898763
energy/site = -1.220541495
45.7913% accepted

energy = -89.13455604
energy/site = -1.237979945
45.7616% accepted

energy = -96.82848719
energy/site = -1.3448401
45.8342% accepted

energy = -100.8588082
energy/site = -1.40081678
45.6881% accepted

energy = -91.79875686
energy/site = -1.274982734
45.8091% accepted

energy = -99.72756012
energy/site = -1.385105002
45.58% accepted

energy = -104.9768207
energy/site = -1.458011399
45.7719% accepted

energy = -82.90145122
energy/site = -1.151409045
45.7719% accepted

energy = -87.62248476
energy/site = -1.216978955
45.7956% accepted

energy = -96.18787025
energy/site = -1.335942642
45.5905% accepted

energy = -87.67946755
energy/site = -1.217770383
45.6486% accepted

energy = -108.8094736
energy/site = -1.511242688
45.7418% accepted

energy = -97.33254314
energy/site = -1.351840877
45.6737% accepted

energy = -91.91403827
energy/site = -1.276583865
45.7517% accepted

energy = -77.10840802
energy/site = -1.070950111
45.7558% accepted

energy = -88.68845817
energy/site = -1.231784141
45.7208% accepted

energy = -107.3966081
energy/site = -1.491619556
45.607% accepted

energy = -104.4241917
energy/site = -1.450335996
45.6617% accepted

energy = -95.69560526
energy/site = -1.329105629
45.5588% accepted

energy = -78.15390245
energy/site = -1.085470867
45.5263% accepted

energy = -80.07686448
energy/site = -1.112178673
45.6481% accepted

energy = -88.55070052
energy/site = -1.22987084
45.7663% accepted

energy = -92.73726315
energy/site = -1.288017544
45.8166% accepted

energy = -93.85672021
energy/site = -1.303565558
45.6329% accepted

energy = -81.17629459
energy/site = -1.127448536
45.8267% accepted

energy = -103.0515195
energy/site = -1.431271104
45.6649% accepted

energy = -105.9632746
energy/site = -1.471712147
45.7895% accepted

energy = -110.8011162
energy/site = -1.538904392
45.7068% accepted

energy = -83.14409242
energy/site = -1.154779061
45.8556% accepted

energy = -91.40314353
energy/site = -1.269488105
45.7726% accepted

energy = -90.60422471
energy/site = -1.25839201
45.7229% accepted

energy = -95.53066791
energy/site = -1.326814832
45.8361% accepted

energy = -93.56642264
energy/site = -1.299533648
45.6598% accepted

energy = -108.3909389
energy/site = -1.505429707
45.8623% accepted

energy = -86.32835506
energy/site = -1.199004931
45.941% accepted

energy = -86.83089928
energy/site = -1.205984712
45.6617% accepted

energy = -90.09205652
energy/site = -1.251278563
45.6524% accepted

energy = -110.1628959
energy/site = -1.530040221
45.7808% accepted

energy = -99.14061198
energy/site = -1.376952944
45.7458% accepted

energy = -72.50438405
energy/site = -1.007005334
45.7366% accepted

energy = -102.0506169
energy/site = -1.417369679
45.7325% accepted

energy = -88.70348989
energy/site = -1.231992915
45.8096% accepted

energy = -89.58642138
energy/site = -1.244255853
45.8338% accepted

energy = -76.77734832
energy/site = -1.06635206
45.7501% accepted

energy = -93.5112668
energy/site = -1.298767594
45.6818% accepted

energy = -99.43688247
energy/site = -1.381067812
45.7024% accepted

energy = -83.7313148
energy/site = -1.162934928
45.8399% accepted

energy = -69.96939526
energy/site = -0.9717971563
45.6713% accepted

energy = -138.9684306
energy/site = -1.930117092
45.696% accepted

energy = -80.31922724
energy/site = -1.115544823
45.688% accepted

energy = -116.6220997
energy/site = -1.619751385
45.6723% accepted

energy = -72.14244307
energy/site = -1.001978376
45.6982% accepted

energy = -88.00987184
energy/site = -1.222359331
45.6617% accepted

energy = -103.3351766
energy/site = -1.435210785
45.7775% accepted

energy = -92.27170369
energy/site = -1.28155144
45.8272% accepted

energy = -94.38069502
energy/site = -1.310842986
45.7359% accepted

energy = -88.42437087
energy/site = -1.228116262
45.7254% accepted

energy = -96.13297421
energy/site = -1.335180197
45.569% accepted

energy = -92.61880483
energy/site = -1.286372289
45.5069% accepted

energy = -83.06770733
energy/site = -1.153718157
45.5471% accepted

energy = -122.5585032
energy/site = -1.702201433
45.6687% accepted

energy = -86.82634175
energy/site = -1.205921413
45.7148% accepted

energy = -103.803444
energy/site = -1.4417145
45.6827% accepted

energy = -97.71974918
energy/site = -1.357218739
45.7421% accepted

energy = -76.16360568
energy/site = -1.057827857
45.7166% accepted

energy = -84.6958848
energy/site = -1.176331733
45.689% accepted

energy = -95.64602954
energy/site = -1.328417077
45.7623% accepted

energy = -113.7427097
energy/site = -1.579759857
45.6933% accepted

energy = -107.8521508
energy/site = -1.497946539
45.6921% accepted

energy = -108.2542859
energy/site = -1.503531749
45.9137% accepted

energy = -110.0706097
energy/site = -1.528758467
45.7128% accepted

energy = -87.42230503
energy/site = -1.214198681
45.6429% accepted

energy = -98.60148688
energy/site = -1.369465096
45.8853% accepted

energy = -97.94846605
energy/site = -1.360395362
45.6579% accepted

energy = -93.84470874
energy/site = -1.303398733
45.6833% accepted

energy = -97.00403895
energy/site = -1.347278319
45.6865% accepted

energy = -98.4393208
energy/site = -1.367212789
45.6744% accepted

energy = -93.54649791
energy/site = -1.299256915
45.6398% accepted

energy = -85.02136946
energy/site = -1.180852354
45.728% accepted

energy = -87.24453139
energy/site = -1.211729603
45.6523% accepted

energy = -99.09760454
energy/site = -1.376355619
45.5439% accepted

energy = -100.9114367
energy/site = -1.401547732
45.7561% accepted

energy = -77.33568384
energy/site = -1.07410672
45.7197% accepted

energy = -99.30712465
energy/site = -1.37926562
45.7441% accepted

energy = -115.1694152
energy/site = -1.599575211
45.7424% accepted

energy = -108.8044932
energy/site = -1.511173517
45.7422% accepted

energy = -100.6614392
energy/site = -1.398075544
45.6764% accepted

energy = -89.24811202
energy/site = -1.239557111
45.7267% accepted

energy = -90.10679164
energy/site = -1.251483217
45.6145% accepted

energy = -93.26653567
energy/site = -1.295368551
45.6285% accepted

energy = -82.50798309
energy/site = -1.14594421
45.5187% accepted

energy = -80.83338478
energy/site = -1.1226859
45.6362% accepted

energy = -108.05474
energy/site = -1.500760278
45.774% accepted

energy = -86.65927845
energy/site = -1.20360109
45.7841% accepted

energy = -88.1170929
energy/site = -1.223848512
45.7523% accepted

energy = -99.01780564
energy/site = -1.375247301
45.6056% accepted

energy = -86.98538101
energy/site = -1.208130292
45.5856% accepted

energy = -111.7363886
energy/site = -1.551894286
45.7297% accepted

energy = -86.89207754
energy/site = -1.20683441
45.6748% accepted

energy = -90.73004801
energy/site = -1.260139556
45.7584% accepted

energy = -88.04898755
energy/site = -1.222902605
45.7073% accepted

energy = -110.9055517
energy/site = -1.540354885
45.6918% accepted

energy = -105.0369035
energy/site = -1.458845882
45.7678% accepted

energy = -89.20281229
energy/site = -1.238927948
45.6497% accepted

energy = -88.19927938
energy/site = -1.224989991
45.7534% accepted

energy = -101.340282
energy/site = -1.407503916
45.8486% accepted

energy = -108.9410052
energy/site = -1.513069517
45.7423% accepted

energy = -86.35238278
energy/site = -1.19933865
45.7549% accepted

energy = -106.4386271
energy/site = -1.478314265
45.4555% accepted

energy = -85.22474992
energy/site = -1.183677082
45.6822% accepted

energy = -99.37661415
energy/site = -1.380230752
45.5978% accepted

energy = -84.2535814
energy/site = -1.170188631
45.8153% accepted

energy = -93.23072717
energy/site = -1.294871211
45.7084% accepted

energy = -80.54739313
energy/site = -1.118713793
45.6721% accepted

energy = -88.15559826
energy/site = -1.224383309
45.8616% accepted

energy = -106.4247124
energy/site = -1.478121005
45.8387% accepted

energy = -102.5993581
energy/site = -1.424991085
45.7124% accepted

energy = -85.39785681
energy/site = -1.186081345
45.6617% accepted

energy = -94.79536094
energy/site = -1.316602235
45.6957% accepted

energy = -102.0136323
energy/site = -1.416856004
45.6671% accepted

energy = -91.379878
energy/site = -1.269164972
45.7012% accepted

energy = -75.7060197
energy/site = -1.051472496
45.4495% accepted

energy = -110.8334882
energy/site = -1.539354002
45.7793% accepted

energy = -98.24232179
energy/site = -1.364476692
45.7554% accepted

energy = -120.4722902
energy/site = -1.673226253
45.6545% accepted

energy = -88.11551869
energy/site = -1.223826648
45.7623% accepted

energy = -109.5172843
energy/site = -1.521073394
45.7743% accepted

energy = -87.0586613
energy/site = -1.209148074
45.6775% accepted

energy = -99.03796063
energy/site = -1.375527231
45.7612% accepted

energy = -85.4479187
energy/site = -1.186776649
45.6112% accepted

energy = -95.73383843
energy/site = -1.329636645
45.7184% accepted

energy = -96.12603756
energy/site = -1.335083855
45.5875% accepted

energy = -97.53512984
energy/site = -1.354654581
45.7335% accepted

energy = -101.5254646
energy/site = -1.410075897
45.6334% accepted

energy = -86.30453602
energy/site = -1.198674111
45.8434% accepted

energy = -80.5120405
energy/site = -1.118222785
45.7688% accepted

energy = -98.47282896
energy/site = -1.36767818
45.5996% accepted

energy = -112.0298063
energy/site = -1.555969532
45.7086% accepted

energy = -87.83757922
energy/site = -1.219966378
45.6373% accepted

energy = -117.307026
energy/site = -1.629264249
45.6227% accepted

energy = -81.48374683
energy/site = -1.131718706
45.6452% accepted

energy = -89.6803935
energy/site = -1.245561021
45.8206% accepted

energy = -86.56143942
energy/site = -1.202242214
45.7674% accepted

energy = -104.5050348
energy/site = -1.451458817
45.7176% accepted

energy = -81.39927594
energy/site = -1.130545499
45.7933% accepted

energy = -92.95261001
energy/site = -1.291008472
45.7246% accepted

energy = -101.7051992
energy/site = -1.412572212
45.6437% accepted

energy = -91.0268486
energy/site = -1.264261786
45.7692% accepted

energy = -80.9224584
energy/site = -1.123923033
45.6916% accepted

energy = -98.55387738
energy/site = -1.368803852
45.6163% accepted

energy = -92.32431644
energy/site = -1.282282173
45.7795% accepted

energy = -94.8829715
energy/site = -1.317819049
45.8206% accepted

energy = -88.08530838
energy/site = -1.223407061
45.7169% accepted

energy = -90.52454572
energy/site = -1.257285357
45.6641% accepted

energy = -106.5656787
energy/site = -1.480078871
45.7254% accepted

energy = -93.05631243
energy/site = -1.292448784
45.6104% accepted

energy = -117.4697966
energy/site = -1.631524952
45.7474% accepted

energy = -109.255821
energy/site = -1.517441958
45.8568% accepted

energy = -91.87769341
energy/site = -1.276079075
45.7698% accepted

energy = -87.49344371
energy/site = -1.215186718
45.7224% accepted

energy = -94.51138953
energy/site = -1.312658188
45.8277% accepted

energy = -97.08189038
energy/site = -1.348359589
45.552% accepted

energy = -100.6400618
energy/site = -1.397778636
45.6518% accepted

energy = -98.0414328
energy/site = -1.361686567
45.7529% accepted

energy = -101.5274672
energy/site = -1.41010371
45.757% accepted

energy = -92.06590222
energy/site = -1.278693086
45.6729% accepted

energy = -80.83302624
energy/site = -1.12268092
45.7472% accepted

energy = -92.61629598
energy/site = -1.286337444
45.8371% accepted

energy = -83.7930547
energy/site = -1.163792426
45.6762% accepted

energy = -86.32367203
energy/site = -1.198939889
45.6349% accepted

energy = -82.56330671
energy/site = -1.146712593
45.8103% accepted

energy = -88.17871505
energy/site = -1.224704376
45.6577% accepted

energy = -72.57451417
energy/site = -1.007979363
45.6473% accepted

energy = -97.80854853
energy/site = -1.358452063
45.7374% accepted

energy = -90.24310139
energy/site = -1.253376408
45.5701% accepted

energy = -112.152379
energy/site = -1.557671931
45.7791% accepted

energy = -100.7209968
energy/site = -1.398902733
45.7658% accepted

energy = -82.90195333
energy/site = -1.151416018
45.682% accepted

energy = -89.71756509
energy/site = -1.246077293
45.5705% accepted

energy = -95.35006623
energy/site = -1.324306475
45.6364% accepted

energy = -73.13132048
energy/site = -1.015712784
45.6934% accepted

energy = -97.26374072
energy/site = -1.350885288
45.6436% accepted

energy = -95.05479364
energy/site = -1.320205467
45.7472% accepted

energy = -83.21286889
energy/site = -1.15573429
45.6873% accepted

energy = -87.55878123
energy/site = -1.216094184
45.6554% accepted

energy = -88.0696017
energy/site = -1.223188912
45.7262% accepted

energy = -82.58410661
energy/site = -1.147001481
45.7094% accepted

energy = -75.90020262
energy/site = -1.054169481
45.7259% accepted

energy = -69.94086357
energy/site = -0.9714008829
45.7433% accepted

energy = -81.27639172
energy/site = -1.128838774
45.765% accepted

energy = -82.1117361
energy/site = -1.140440779
45.7384% accepted

energy = -96.50304313
energy/site = -1.340320043
45.7738% accepted

energy = -78.08923178
energy/site = -1.084572664
45.666% accepted

energy = -91.18423373
energy/site = -1.266447691
45.7384% accepted

energy = -81.79095277
energy/site = -1.135985455
45.7832% accepted

energy = -93.50792482
energy/site = -1.298721178
45.7908% accepted

energy = -82.26702786
energy/site = -1.142597609
45.8581% accepted

energy = -103.4109524
energy/site = -1.436263228
45.8431% accepted

energy = -80.01892065
energy/site = -1.111373898
45.7463% accepted

energy = -86.12122409
energy/site = -1.196128112
45.7662% accepted

energy = -78.71061809
energy/site = -1.093203029
45.624% accepted

energy = -88.01122646
energy/site = -1.222378145
45.7646% accepted

energy = -82.96434565
energy/site = -1.152282578
45.7477% accepted

energy = -84.21628066
energy/site = -1.169670565
45.6672% accepted

energy = -94.06744177
energy/site = -1.306492247
45.6721% accepted

energy = -98.8844477
energy/site = -1.373395107
45.7435% accepted

energy = -98.7775737
energy/site = -1.371910746
45.792% accepted

energy = -93.22094684
energy/site = -1.294735373
45.8202% accepted

energy = -97.49327306
energy/site = -1.354073237
45.8014% accepted

energy = -95.79974272
energy/site = -1.330551982
45.643% accepted

energy = -80.67018962
energy/site = -1.1204193
45.7365% accepted

energy = -84.366149
energy/site = -1.171752069
45.7295% accepted

energy = -81.85507136
energy/site = -1.136875991
45.7848% accepted

energy = -101.781514
energy/site = -1.413632139
45.6928% accepted

energy = -95.16718328
energy/site = -1.321766434
45.7133% accepted

energy = -79.56218745
energy/site = -1.105030381
45.6506% accepted

energy = -96.17335845
energy/site = -1.33574109
45.5904% accepted

energy = -77.03829412
energy/site = -1.069976307
45.6577% accepted

energy = -93.59380554
energy/site = -1.299913966
45.6985% accepted

energy = -102.4029556
energy/site = -1.422263272
45.7318% accepted

energy = -82.71261108
energy/site = -1.148786265
45.7222% accepted

energy = -117.6220881
energy/site = -1.633640112
45.9278% accepted

energy = -94.34055547
energy/site = -1.310285493
45.8879% accepted

energy = -92.15588371
energy/site = -1.279942829
45.7187% accepted

energy = -106.1026728
energy/site = -1.473648233
45.647% accepted

energy = -93.98868393
energy/site = -1.305398388
45.7086% accepted

energy = -81.60607152
energy/site = -1.13341766
45.7624% accepted

energy = -92.76727913
energy/site = -1.288434432
45.6433% accepted

energy = -83.1648538
energy/site = -1.155067414
45.6748% accepted

energy = -98.44781973
energy/site = -1.36733083
45.5562% accepted

energy = -91.55987061
energy/site = -1.27166487
45.8568% accepted

energy = -81.13171672
energy/site = -1.126829399
45.7539% accepted

energy = -91.09706523
energy/site = -1.265237017
45.7703% accepted

energy = -105.7170396
energy/site = -1.468292216
45.7391% accepted

energy = -93.39383534
energy/site = -1.297136602
45.7465% accepted

energy = -109.773786
energy/site = -1.524635916
45.668% accepted

energy = -116.6512518
energy/site = -1.620156275
45.6932% accepted

energy = -87.89611661
energy/site = -1.220779397
45.7811% accepted

energy = -89.89535407
energy/site = -1.248546584
45.8047% accepted

energy = -100.0626489
energy/site = -1.389759012
45.7566% accepted

energy = -90.03449921
energy/site = -1.250479156
45.6728% accepted

energy = -90.49191548
energy/site = -1.256832159
45.7808% accepted

energy = -81.97137839
energy/site = -1.138491367
45.6868% accepted

energy = -83.39679574
energy/site = -1.15828883
45.6396% accepted

energy = -85.24024666
energy/site = -1.183892315
45.7368% accepted

energy = -89.89421882
energy/site = -1.248530817
45.6381% accepted

energy = -78.12026257
energy/site = -1.085003647
45.7904% accepted

energy = -83.10981387
energy/site = -1.15430297
45.5117% accepted

energy = -124.7344509
energy/site = -1.732422929
45.762% accepted

energy = -90.16162012
energy/site = -1.252244724
45.793% accepted

energy = -97.6364753
energy/site = -1.356062157
45.596% accepted

energy = -99.0054717
energy/site = -1.375075996
45.8464% accepted

energy = -113.761046
energy/site = -1.580014528
45.5734% accepted

energy = -105.8553178
energy/site = -1.470212748
45.6478% accepted

energy = -89.65431024
energy/site = -1.245198753
45.7652% accepted

energy = -103.0556775
energy/site = -1.431328855
45.5314% accepted

energy = -99.01256859
energy/site = -1.375174564
45.6602% accepted

energy = -87.69212445
energy/site = -1.217946173
45.6837% accepted

energy = -88.95147577
energy/site = -1.235437163
45.7544% accepted

energy = -92.63712788
energy/site = -1.286626776
45.6766% accepted

energy = -96.28926532
energy/site = -1.337350907
45.6687% accepted

energy = -79.12369336
energy/site = -1.098940186
45.8439% accepted

energy = -125.201871
energy/site = -1.738914875
45.7596% accepted

energy = -77.48045336
energy/site = -1.076117408
45.8063% accepted

energy = -74.7271629
energy/site = -1.037877262
45.678% accepted

energy = -88.1489643
energy/site = -1.224291171
45.6912% accepted

energy = -107.2166574
energy/site = -1.489120241
45.814% accepted

energy = -93.4026539
energy/site = -1.297259082
45.6622% accepted

energy = -78.55767973
energy/site = -1.091078885
45.5706% accepted

energy = -121.1001626
energy/site = -1.681946702
45.6102% accepted

energy = -122.1373535
energy/site = -1.696352132
45.7277% accepted

energy = -88.39660004
energy/site = -1.227730556
45.7429% accepted

energy = -79.12053476
energy/site = -1.098896316
45.5924% accepted

energy = -81.56831451
energy/site = -1.132893257
45.7998% accepted

energy = -101.3932276
energy/site = -1.408239273
45.5299% accepted

energy = -91.44174324
energy/site = -1.270024212
45.6177% accepted

energy = -87.29590909
energy/site = -1.212443182
45.913% accepted

energy = -105.3535976
energy/site = -1.463244411
45.8377% accepted

energy = -97.73832963
energy/site = -1.3574768
45.7416% accepted

energy = -96.6086143
energy/site = -1.34178631
45.7005% accepted

energy = -94.15473629
energy/site = -1.307704671
45.6996% accepted

energy = -99.34553469
energy/site = -1.379799093
45.762% accepted

energy = -104.3888523
energy/site = -1.449845171
45.8878% accepted

energy = -91.92308369
energy/site = -1.276709496
45.6651% accepted

energy = -94.72944656
energy/site = -1.315686758
45.7712% accepted

energy = -100.194875
energy/site = -1.391595486
45.7973% accepted

energy = -80.01179899
energy/site = -1.111274986
45.6503% accepted

energy = -83.56514666
energy/site = -1.160627037
45.7991% accepted

energy = -107.800045
energy/site = -1.497222848
45.5533% accepted

energy = -88.10920757
energy/site = -1.223738994
45.632% accepted

energy = -102.3495772
energy/site = -1.421521905
45.8814% accepted

energy = -91.9378436
energy/site = -1.276914494
45.6695% accepted

energy = -98.66337586
energy/site = -1.370324665
45.7872% accepted

energy = -83.04358117
energy/site = -1.153383072
45.7636% accepted

energy = -108.025916
energy/site = -1.500359945
45.5181% accepted

energy = -87.47019796
energy/site = -1.214863861
45.7536% accepted

energy = -95.18118299
energy/site = -1.321960875
45.6733% accepted

energy = -85.81499273
energy/site = -1.191874899
45.5846% accepted

energy = -105.5719907
energy/site = -1.466277649
45.7571% accepted

energy = -83.46228202
energy/site = -1.159198361
45.8388% accepted

energy = -79.10159143
energy/site = -1.098633214
45.6819% accepted

energy = -90.82786404
energy/site = -1.261498112
45.5882% accepted

energy = -84.93300696
energy/site = -1.179625097
45.8344% accepted

energy = -98.20171784
energy/site = -1.363912748
45.7369% accepted

energy = -94.70135315
energy/site = -1.315296572
45.6077% accepted

energy = -88.23742242
energy/site = -1.225519756
45.9044% accepted

energy = -85.5072068
energy/site = -1.187600094
45.7051% accepted

energy = -79.25392521
energy/site = -1.100748961
45.532% accepted

energy = -86.71359785
energy/site = -1.204355526
45.5964% accepted

energy = -104.8134229
energy/site = -1.455741985
45.6423% accepted

energy = -78.71042181
energy/site = -1.093200303
45.6745% accepted

energy = -83.91720217
energy/site = -1.165516697
45.7529% accepted

energy = -96.22255193
energy/site = -1.336424332
45.7065% accepted

energy = -87.11582344
energy/site = -1.209941992
45.6839% accepted

energy = -99.03396592
energy/site = -1.375471749
45.6905% accepted

energy = -102.3956626
energy/site = -1.42216198
45.6566% accepted

energy = -85.24701833
energy/site = -1.183986366
45.7208% accepted

energy = -94.76334544
energy/site = -1.316157576
45.6421% accepted

energy = -88.67951909
energy/site = -1.231659987
45.7339% accepted

energy = -105.2664231
energy/site = -1.462033654
45.7352% accepted

energy = -92.84483347
energy/site = -1.289511576
45.879% accepted

energy = -77.775888
energy/site = -1.080220667
45.8172% accepted

energy = -103.9621085
energy/site = -1.443918174
45.6741% accepted

energy = -84.14975078
energy/site = -1.168746539
45.6307% accepted

energy = -91.12262824
energy/site = -1.265592059
45.8035% accepted

energy = -108.4257275
energy/site = -1.505912882
45.6156% accepted

energy = -100.1181938
energy/site = -1.390530469
45.7841% accepted

energy = -97.80877464
energy/site = -1.358455203
45.666% accepted

energy = -87.11531891
energy/site = -1.209934985
45.68% accepted

energy = -81.8817164
energy/site = -1.137246061
45.7406% accepted

energy = -90.61730937
energy/site = -1.258573741
45.6777% accepted

energy = -112.7921867
energy/site = -1.566558148
45.7012% accepted

energy = -103.956955
energy/site = -1.443846598
45.7042% accepted

energy = -80.44474973
energy/site = -1.117288191
45.7718% accepted

energy = -95.80151973
energy/site = -1.330576663
45.619% accepted

energy = -106.8193955
energy/site = -1.483602715
45.8125% accepted

energy = -95.19288865
energy/site = -1.322123453
45.8504% accepted

energy = -81.69754343
energy/site = -1.134688103
45.6776% accepted

energy = -80.39563064
energy/site = -1.116605981
45.827% accepted

energy = -82.42742468
energy/site = -1.144825343
45.7791% accepted

energy = -82.85510815
energy/site = -1.150765391
45.697% accepted

energy = -83.23361327
energy/site = -1.156022406
45.5227% accepted

energy = -99.80748773
energy/site = -1.386215107
45.8229% accepted

energy = -73.53874294
energy/site = -1.02137143
45.6664% accepted

energy = -87.25308996
energy/site = -1.211848472
45.82% accepted

energy = -85.98336174
energy/site = -1.194213358
45.6865% accepted

energy = -95.45538681
energy/site = -1.325769261
45.6433% accepted

energy = -85.05899582
energy/site = -1.181374942
45.5876% accepted

energy = -93.09473552
energy/site = -1.292982438
45.5429% accepted

energy = -85.72496642
energy/site = -1.190624534
45.7453% accepted

energy = -81.79120955
energy/site = -1.135989022
45.7175% accepted

energy = -100.123032
energy/site = -1.390597667
45.6623% accepted

energy = -112.1243092
energy/site = -1.557282073
45.6542% accepted

energy = -107.8096567
energy/site = -1.497356343
45.6224% accepted

energy = -123.7335786
energy/site = -1.718521925
45.5689% accepted

energy = -90.70386636
energy/site = -1.259775922
45.7365% accepted

energy = -95.00577984
energy/site = -1.31952472
45.6976% accepted

energy = -107.1016605
energy/site = -1.487523063
45.7032% accepted

energy = -101.6769893
energy/site = -1.412180406
45.629% accepted

energy = -76.9000976
energy/site = -1.068056911
45.5775% accepted

energy = -107.240514
energy/site = -1.489451583
45.6951% accepted

energy = -89.67602201
energy/site = -1.245500306
45.5805% accepted

energy = -91.39516621
energy/site = -1.269377309
45.7278% accepted

energy = -90.93365851
energy/site = -1.262967479
45.643% accepted

energy = -89.98004347
energy/site = -1.249722826
45.6309% accepted

energy = -105.9015217
energy/site = -1.470854467
45.6847% accepted

energy = -102.3567446
energy/site = -1.421621452
45.7322% accepted

energy = -102.7731172
energy/site = -1.427404406
45.6701% accepted

energy = -96.80051895
energy/site = -1.344451652
45.7425% accepted

energy = -87.52801747
energy/site = -1.215666909
45.7191% accepted

energy = -87.2096952
energy/site = -1.211245767
45.6645% accepted

energy = -92.81042023
energy/site = -1.289033614
45.761% accepted

energy = -94.78564066
energy/site = -1.316467231
45.5891% accepted

energy = -90.7068559
energy/site = -1.259817443
45.7544% accepted

energy = -87.18550102
energy/site = -1.210909736
45.7548% accepted

energy = -75.82751863
energy/site = -1.053159981
45.723% accepted

energy = -86.06802809
energy/site = -1.195389279
45.7769% accepted

energy = -97.361333
energy/site = -1.352240736
45.6028% accepted

energy = -82.28758537
energy/site = -1.14288313
45.7941% accepted

energy = -112.4201693
energy/site = -1.56139124
45.6399% accepted

energy = -99.77583417
energy/site = -1.385775475
45.6479% accepted

energy = -89.73439627
energy/site = -1.246311059
45.6437% accepted

energy = -86.71176359
energy/site = -1.20433005
45.8201% accepted

energy = -100.7282124
energy/site = -1.39900295
45.6724% accepted

energy = -75.63081096
energy/site = -1.05042793
45.8556% accepted

energy = -85.89269948
energy/site = -1.19295416
45.679% accepted

energy = -100.5627095
energy/site = -1.396704299
45.6429% accepted

energy = -101.0469056
energy/site = -1.403429244
45.663% accepted

energy = -95.22076001
energy/site = -1.322510556
45.6975% accepted

energy = -88.08055132
energy/site = -1.223340991
45.6206% accepted

energy = -107.588498
energy/site = -1.494284695
45.8097% accepted

energy = -85.31811514
energy/site = -1.184973821
45.6134% accepted

energy = -97.60756897
energy/site = -1.35566068
45.6992% accepted

energy = -91.72334687
energy/site = -1.273935373
45.7131% accepted

energy = -106.806802
energy/site = -1.483427805
45.6926% accepted

energy = -82.2214013
energy/site = -1.141963907
45.6964% accepted

energy = -84.60705807
energy/site = -1.175098029
45.7377% accepted

energy = -85.21097604
energy/site = -1.183485778
45.7283% accepted

energy = -88.16970196
energy/site = -1.224579194
45.8227% accepted

energy = -93.95838531
energy/site = -1.304977574
45.5642% accepted

energy = -113.9466628
energy/site = -1.582592538
45.696% accepted

energy = -81.6566338
energy/site = -1.134119914
45.7611% accepted

energy = -87.87319893
energy/site = -1.220461096
45.8041% accepted

energy = -93.04468734
energy/site = -1.292287324
45.5657% accepted

energy = -92.09272482
energy/site = -1.279065623
45.6834% accepted

energy = -100.5208416
energy/site = -1.3961228
45.6258% accepted

energy = -93.95620979
energy/site = -1.304947358
45.6701% accepted

energy = -90.22920649
energy/site = -1.253183424
45.8395% accepted

energy = -79.81164356
energy/site = -1.108495049
45.6982% accepted

energy = -94.48480217
energy/site = -1.312288919
45.8174% accepted

energy = -73.17331552
energy/site = -1.016296049
45.6851% accepted

energy = -95.79823894
energy/site = -1.330531096
45.7991% accepted

energy = -84.05403881
energy/site = -1.167417206
45.6426% accepted

energy = -85.20586269
energy/site = -1.18341476
45.7272% accepted

energy = -103.998802
energy/site = -1.444427806
45.7089% accepted

energy = -86.89155307
energy/site = -1.206827126
45.7373% accepted

energy = -81.43114163
energy/site = -1.130988078
45.671% accepted

energy = -95.85775223
energy/site = -1.33135767
45.7792% accepted

energy = -84.35229484
energy/site = -1.171559651
45.7144% accepted

energy = -92.41366243
energy/site = -1.283523089
45.6695% accepted

energy = -98.70783479
energy/site = -1.37094215
45.6231% accepted

energy = -90.46969198
energy/site = -1.2565235
45.597% accepted

energy = -90.84829962
energy/site = -1.261781939
45.6566% accepted

energy = -103.173659
energy/site = -1.432967486
45.8023% accepted

energy = -85.42029711
energy/site = -1.186393015
45.7634% accepted

energy = -101.4124907
energy/site = -1.408506815
45.6953% accepted

energy = -95.1227984
energy/site = -1.321149978
45.6013% accepted

energy = -122.1245147
energy/site = -1.696173815
45.6484% accepted

energy = -113.5307584
energy/site = -1.576816089
45.6736% accepted

energy = -115.0400401
energy/site = -1.597778335
45.6533% accepted

energy = -91.69321629
energy/site = -1.273516893
45.7744% accepted

energy = -98.6776684
energy/site = -1.370523172
45.5804% accepted

energy = -92.91298233
energy/site = -1.290458088
45.7377% accepted

energy = -83.11332895
energy/site = -1.154351791
45.6761% accepted

energy = -102.0563045
energy/site = -1.417448674
45.8284% accepted

energy = -93.72041159
energy/site = -1.301672383
45.6546% accepted

energy = -102.5191051
energy/site = -1.42387646
45.7729% accepted

energy = -105.7435134
energy/site = -1.468659908
45.6523% accepted

energy = -77.74355721
energy/site = -1.079771628
45.6671% accepted

energy = -72.86948098
energy/site = -1.012076125
45.7552% accepted

energy = -106.2349143
energy/site = -1.475484921
45.7247% accepted

energy = -93.53906681
energy/site = -1.299153706
45.634% accepted

energy = -99.26825458
energy/site = -1.378725758
45.6447% accepted

energy = -69.99955769
energy/site = -0.972216079
45.6949% accepted

energy = -91.99265835
energy/site = -1.27767581
45.8015% accepted

energy = -77.35346607
energy/site = -1.074353695
45.727% accepted

energy = -78.17802124
energy/site = -1.085805851
45.5678% accepted

energy = -103.3585675
energy/site = -1.435535659
45.817% accepted

energy = -91.27158335
energy/site = -1.26766088
45.6596% accepted

energy = -102.1967903
energy/site = -1.419399865
45.6026% accepted

energy = -94.99827627
energy/site = -1.319420504
45.7914% accepted

energy = -114.3383685
energy/site = -1.588032896
45.6205% accepted

energy = -94.78774866
energy/site = -1.316496509
45.6003% accepted

energy = -96.79390906
energy/site = -1.344359848
45.59% accepted

energy = -99.59784349
energy/site = -1.383303382
45.7227% accepted

energy = -95.95436175
energy/site = -1.332699469
45.7208% accepted

energy = -85.06021086
energy/site = -1.181391817
45.7011% accepted

energy = -85.73175301
energy/site = -1.190718792
45.9026% accepted

energy = -94.88476087
energy/site = -1.317843901
45.6017% accepted

energy = -102.7470579
energy/site = -1.427042471
45.7508% accepted

energy = -91.71736044
energy/site = -1.273852228
45.7496% accepted

energy = -76.04955738
energy/site = -1.056243853
45.6504% accepted

energy = -110.4384328
energy/site = -1.533867122
45.8082% accepted

energy = -98.43036671
energy/site = -1.367088427
45.7923% accepted

energy = -123.6701607
energy/site = -1.717641122
45.7856% accepted

energy = -92.03350801
energy/site = -1.278243167
45.8437% accepted

energy = -97.4508611
energy/site = -1.353484182
45.7565% accepted

energy = -101.0748243
energy/site = -1.403817004
45.6324% accepted

energy = -83.29674944
energy/site = -1.156899298
45.8099% accepted

energy = -106.264348
energy/site = -1.475893722
45.6824% accepted

energy = -79.14307168
energy/site = -1.099209329
45.7839% accepted

energy = -97.76302918
energy/site = -1.35781985
45.6551% accepted

energy = -97.80418546
energy/site = -1.358391465
45.6257% accepted

energy = -87.25044983
energy/site = -1.211811803
45.6608% accepted

energy = -82.2160675
energy/site = -1.141889826
45.6596% accepted

energy = -77.81543722
energy/site = -1.080769961
45.724% accepted

energy = -109.2264831
energy/site = -1.517034488
45.7982% accepted

energy = -87.75702972
energy/site = -1.218847635
45.7783% accepted

energy = -87.70862582
energy/site = -1.218175359
45.5548% accepted

energy = -88.58189071
energy/site = -1.230304038
45.7506% accepted

energy = -94.85491433
energy/site = -1.317429366
45.7517% accepted

energy = -94.61615443
energy/site = -1.314113256
45.7866% accepted

energy = -103.0360202
energy/site = -1.431055836
45.6211% accepted

energy = -83.80400818
energy/site = -1.163944558
45.6305% accepted

energy = -81.1247032
energy/site = -1.126731989
45.8308% accepted

energy = -101.8678702
energy/site = -1.414831531
45.6878% accepted

energy = -93.31963758
energy/site = -1.296106077
45.7952% accepted

energy = -91.34520214
energy/site = -1.268683363
45.7528% accepted

energy = -101.7961606
energy/site = -1.413835564
45.7117% accepted

energy = -98.3519422
energy/site = -1.365999197
45.6944% accepted

energy = -108.0678788
energy/site = -1.500942761
45.7103% accepted

energy = -99.20519302
energy/site = -1.377849903
45.8223% accepted

energy = -84.27132015
energy/site = -1.170435002
45.713% accepted

energy = -96.48179475
energy/site = -1.340024927
45.7105% accepted

energy = -90.50583977
energy/site = -1.257025552
45.8052% accepted

energy = -74.35057652
energy/site = -1.032646896
45.6524% accepted

energy = -85.84974331
energy/site = -1.192357546
45.5923% accepted

energy = -96.92884507
energy/site = -1.346233959
45.5678% accepted

energy = -93.76831929
energy/site = -1.302337768
45.6535% accepted

energy = -78.63738823
energy/site = -1.092185948
45.6032% accepted

energy = -86.32140364
energy/site = -1.198908384
45.7242% accepted

energy = -92.98340307
energy/site = -1.291436154
45.6273% accepted

energy = -103.7291152
energy/site = -1.440682155
45.8266% accepted

energy = -107.8358191
energy/site = -1.49771971
45.6704% accepted

energy = -86.93435561
energy/site = -1.207421606
45.5703% accepted

energy = -92.84269381
energy/site = -1.289481858
45.7391% accepted

energy = -89.82512953
energy/site = -1.247571243
45.6733% accepted

energy = -89.94559319
energy/site = -1.24924435
45.5664% accepted

energy = -90.79230687
energy/site = -1.261004262
45.5808% accepted

energy = -97.65992595
energy/site = -1.35638786
45.7681% accepted

energy = -89.87724771
energy/site = -1.248295107
45.7367% accepted

energy = -109.5282958
energy/site = -1.52122633
45.7068% accepted

energy = -100.9899094
energy/site = -1.40263763
45.7721% accepted

energy = -100.3930569
energy/site = -1.394348012
45.6934% accepted

energy = -82.31661844
energy/site = -1.143286367
45.6497% accepted

energy = -73.43923338
energy/site = -1.019989353
45.6625% accepted

energy = -91.72694248
energy/site = -1.273985312
45.6258% accepted

energy = -79.84490046
energy/site = -1.108956951
45.7032% accepted

energy = -94.90415937
energy/site = -1.318113325
45.6417% accepted

energy = -76.62460628
energy/site = -1.064230643
45.7076% accepted

energy = -82.69271201
energy/site = -1.148509889
45.8647% accepted

energy = -89.87148425
energy/site = -1.248215059
45.7416% accepted

energy = -115.5698265
energy/site = -1.60513648
45.7775% accepted

energy = -96.84593453
energy/site = -1.345082424
45.7694% accepted

energy = -79.64578814
energy/site = -1.106191502
45.7158% accepted

energy = -104.1895128
energy/site = -1.447076567
45.7045% accepted

energy = -91.7188661
energy/site = -1.27387314
45.715% accepted

energy = -89.34340876
energy/site = -1.240880677
45.6512% accepted

energy = -100.125501
energy/site = -1.390631958
45.7207% accepted

energy = -110.570342
energy/site = -1.535699194
45.656% accepted

energy = -88.47669672
energy/site = -1.22884301
45.7168% accepted

energy = -82.89857159
energy/site = -1.15136905
45.7432% accepted

energy = -87.55498911
energy/site = -1.216041515
45.7529% accepted

energy = -81.55670736
energy/site = -1.132732047
45.9014% accepted

energy = -89.38925287
energy/site = -1.241517401
45.7875% accepted

energy = -93.03473222
energy/site = -1.292149059
45.698% accepted

energy = -97.52689972
energy/site = -1.354540274
45.7463% accepted

energy = -97.54178408
energy/site = -1.354747001
45.9346% accepted

energy = -87.95995728
energy/site = -1.221666073
45.6746% accepted

energy = -107.6846806
energy/site = -1.495620564
45.6789% accepted

energy = -86.22080124
energy/site = -1.197511128
45.6007% accepted

energy = -97.09908163
energy/site = -1.348598356
45.8811% accepted

energy = -98.95059646
energy/site = -1.37431384
45.7346% accepted

energy = -87.39181202
energy/site = -1.213775167
45.6234% accepted

energy = -94.24191517
energy/site = -1.308915489
45.7036% accepted

energy = -83.83933502
energy/site = -1.164435209
45.7464% accepted

energy = -97.80763792
energy/site = -1.358439416
45.5519% accepted

energy = -91.8892058
energy/site = -1.276238969
45.9136% accepted

energy = -97.5650199
energy/site = -1.355069721
45.6777% accepted

energy = -90.18074903
energy/site = -1.252510403
45.6022% accepted

energy = -107.2041862
energy/site = -1.48894703
45.7609% accepted

energy = -96.47101067
energy/site = -1.339875148
45.7913% accepted

energy = -86.51586563
energy/site = -1.201609245
45.6212% accepted

energy = -85.13882055
energy/site = -1.182483619
45.703% accepted

energy = -120.3939176
energy/site = -1.672137745
45.873% accepted

energy = -97.05306752
energy/site = -1.347959271
45.6422% accepted

energy = -94.26252997
energy/site = -1.309201805
45.6943% accepted

energy = -91.52434709
energy/site = -1.271171487
45.7893% accepted

energy = -87.66756205
energy/site = -1.217605028
45.8078% accepted

energy = -86.35240237
energy/site = -1.199338922
45.697% accepted

energy = -95.4386527
energy/site = -1.325536843
45.5567% accepted

energy = -97.23396827
energy/site = -1.350471782
45.6957% accepted

energy = -100.7618835
energy/site = -1.399470605
45.5663% accepted

energy = -86.67689902
energy/site = -1.20384582
45.5115% accepted

energy = -84.78342243
energy/site = -1.177547534
45.8823% accepted

energy = -96.86526083
energy/site = -1.345350845
45.8009% accepted

energy = -103.3803114
energy/site = -1.435837659
45.7273% accepted

energy = -87.66976465
energy/site = -1.21763562
45.7708% accepted

energy = -92.77993403
energy/site = -1.288610195
45.778% accepted

energy = -114.1753558
energy/site = -1.585768831
45.6991% accepted

energy = -88.17970661
energy/site = -1.224718147
45.6659% accepted

energy = -95.4684442
energy/site = -1.325950614
45.6171% accepted

energy = -95.23640548
energy/site = -1.322727854
45.6909% accepted

energy = -85.81789638
energy/site = -1.191915227
45.6574% accepted

energy = -109.2572902
energy/site = -1.517462365
45.7256% accepted

energy = -99.40686335
energy/site = -1.38065088
45.5915% accepted

energy = -88.83489028
energy/site = -1.23381792
45.794% accepted

energy = -103.3487629
energy/site = -1.435399484
45.8074% accepted

energy = -98.90023658
energy/site = -1.373614397
45.813% accepted

energy = -85.41255268
energy/site = -1.186285454
45.7636% accepted

energy = -82.12042867
energy/site = -1.140561509
45.7304% accepted

energy = -103.2928755
energy/site = -1.434623271
45.61% accepted

energy = -78.10139396
energy/site = -1.084741583
45.9602% accepted

energy = -86.7446972
energy/site = -1.204787461
45.6801% accepted

energy = -112.7965944
energy/site = -1.566619367
45.8229% accepted

energy = -118.8213767
energy/site = -1.650296898
45.6735% accepted

energy = -90.71433375
energy/site = -1.259921302
45.6646% accepted

energy = -108.6096975
energy/site = -1.50846802
45.7494% accepted

energy = -76.76267105
energy/site = -1.066148209
45.7464% accepted

energy = -92.66860274
energy/site = -1.287063927
45.7141% accepted

energy = -94.64072204
energy/site = -1.314454473
45.6462% accepted

energy = -107.8968573
energy/site = -1.498567463
45.7588% accepted

energy = -93.24299907
energy/site = -1.295041654
45.792% accepted

energy = -99.18009512
energy/site = -1.377501321
45.662% accepted

energy = -87.95893452
energy/site = -1.221651868
45.8211% accepted

energy = -96.89833479
energy/site = -1.345810205
45.7324% accepted

energy = -94.91013502
energy/site = -1.31819632
45.971% accepted

energy = -111.7651778
energy/site = -1.552294137
45.6869% accepted

energy = -88.38229028
energy/site = -1.227531809
45.6026% accepted

energy = -87.28345018
energy/site = -1.212270141
45.6586% accepted

energy = -76.49423518
energy/site = -1.062419933
45.6693% accepted

energy = -89.12066134
energy/site = -1.237786963
45.7013% accepted

energy = -109.3432523
energy/site = -1.518656282
45.7213% accepted

energy = -89.83364084
energy/site = -1.247689456
45.7744% accepted

energy = -95.69773899
energy/site = -1.329135264
45.7121% accepted

energy = -90.43669097
energy/site = -1.256065152
45.7292% accepted

energy = -95.80199157
energy/site = -1.330583216
45.7332% accepted

energy = -125.4972376
energy/site = -1.743017188
45.7208% accepted

energy = -99.2648115
energy/site = -1.378677938
45.8322% accepted

energy = -83.50155026
energy/site = -1.159743754
45.6452% accepted

energy = -82.69055752
energy/site = -1.148479966
45.748% accepted

energy = -92.00749901
energy/site = -1.277881931
45.7969% accepted

energy = -97.63152949
energy/site = -1.355993465
45.6889% accepted

energy = -93.32168779
energy/site = -1.296134553
45.6418% accepted

energy = -92.14727927
energy/site = -1.279823323
45.6975% accepted

energy = -100.1779557
energy/site = -1.391360496
45.7292% accepted

energy = -92.79742857
energy/site = -1.288853175
45.8096% accepted

energy = -83.86987993
energy/site = -1.164859444
45.871% accepted

energy = -93.94822838
energy/site = -1.304836505
45.7064% accepted

energy = -89.387023
energy/site = -1.241486431
45.6628% accepted

energy = -104.1323839
energy/site = -1.446283109
45.7578% accepted

energy = -87.66637603
energy/site = -1.217588556
45.7045% accepted

energy = -101.3212531
energy/site = -1.407239627
45.7252% accepted

energy = -123.415012
energy/site = -1.714097388
45.5976% accepted

energy = -88.21495198
energy/site = -1.225207666
45.7629% accepted

energy = -110.5207808
energy/site = -1.535010844
45.7716% accepted

energy = -96.05989061
energy/site = -1.334165147
45.7339% accepted

energy = -95.1814669
energy/site = -1.321964818
45.8006% accepted

energy = -104.0085626
energy/site = -1.444563369
45.7873% accepted

energy = -106.0016973
energy/site = -1.472245796
45.7412% accepted

energy = -93.46947851
energy/site = -1.298187202
45.6842% accepted

energy = -90.20084357
energy/site = -1.252789494
45.7308% accepted

energy = -98.96428392
energy/site = -1.374503943
45.8118% accepted

energy = -108.5487209
energy/site = -1.507621123
45.7768% accepted

energy = -110.624755
energy/site = -1.536454931
45.8143% accepted

energy = -89.16557777
energy/site = -1.238410802
45.682% accepted

energy = -104.1614901
energy/site = -1.446687362
45.8172% accepted

energy = -92.64463743
energy/site = -1.286731075
45.7467% accepted

energy = -94.60844188
energy/site = -1.314006137
45.7606% accepted

energy = -83.45521323
energy/site = -1.159100184
45.542% accepted

energy = -89.59653197
energy/site = -1.244396277
45.6342% accepted

energy = -87.39398395
energy/site = -1.213805333
45.7296% accepted

energy = -94.78954589
energy/site = -1.316521471
45.5419% accepted

energy = -74.09658278
energy/site = -1.029119205
45.7004% accepted

energy = -84.23159043
energy/site = -1.1698832
45.7414% accepted

energy = -84.30011924
energy/site = -1.17083499
45.6752% accepted

energy = -98.53230135
energy/site = -1.368504185
45.6407% accepted

energy = -88.86698169
energy/site = -1.234263635
45.7275% accepted

energy = -106.9130877
energy/site = -1.484903996
45.7546% accepted

energy = -97.18002003
energy/site = -1.3497225
45.7302% accepted

energy = -94.56909772
energy/site = -1.313459691
45.6842% accepted

energy = -79.65486969
energy/site = -1.106317635
45.6165% accepted

energy = -91.55590271
energy/site = -1.27160976
45.7308% accepted

energy = -92.33311998
energy/site = -1.282404444
45.7298% accepted

energy = -83.18083805
energy/site = -1.155289417
45.647% accepted

energy = -89.36107546
energy/site = -1.241126048
45.674% accepted

energy = -88.22963334
energy/site = -1.225411574
45.7622% accepted

energy = -101.0642766
energy/site = -1.403670509
45.7152% accepted

energy = -93.72308537
energy/site = -1.301709519
45.6838% accepted

energy = -119.5934002
energy/site = -1.661019448
45.63% accepted

energy = -87.96095682
energy/site = -1.221679956
45.7019% accepted

energy = -106.4993586
energy/site = -1.479157759
45.6221% accepted

energy = -93.29827324
energy/site = -1.295809351
45.7552% accepted

energy = -83.08172653
energy/site = -1.153912868
45.6997% accepted

energy = -88.82741184
energy/site = -1.233714053
45.6582% accepted

energy = -95.20007262
energy/site = -1.322223231
45.7175% accepted

energy = -85.56357547
energy/site = -1.188382993
45.8159% accepted

energy = -78.41912237
energy/site = -1.089154477
45.6489% accepted

energy = -81.38452433
energy/site = -1.130340616
45.9157% accepted

energy = -102.2911065
energy/site = -1.420709812
45.6152% accepted

energy = -84.91178477
energy/site = -1.179330344
45.5782% accepted

energy = -87.36526309
energy/site = -1.213406432
45.6255% accepted

energy = -94.82468776
energy/site = -1.317009552
45.6703% accepted

energy = -99.7140515
energy/site = -1.384917382
45.6847% accepted

energy = -95.7142624
energy/site = -1.329364756
45.5895% accepted

energy = -103.1067797
energy/site = -1.432038607
45.6119% accepted

energy = -83.39289697
energy/site = -1.15823468
45.6729% accepted

energy = -100.6349141
energy/site = -1.39770714
45.7291% accepted

energy = -92.01393054
energy/site = -1.277971257
45.824% accepted

energy = -93.16088353
energy/site = -1.29390116
45.6782% accepted

energy = -106.8072835
energy/site = -1.483434493
45.7509% accepted

energy = -108.7428361
energy/site = -1.510317169
45.6343% accepted

energy = -79.13225928
energy/site = -1.099059157
45.6809% accepted

energy = -77.03120869
energy/site = -1.069877899
45.5908% accepted

energy = -101.9347865
energy/site = -1.415760924
45.6668% accepted

energy = -90.39641302
energy/site = -1.255505736
45.6577% accepted

energy = -70.69966366
energy/site = -0.9819397731
45.7908% accepted

energy = -101.1622825
energy/site = -1.405031702
45.6872% accepted

energy = -90.04259103
energy/site = -1.250591542
45.6715% accepted

energy = -88.89028538
energy/site = -1.234587297
45.6256% accepted

energy = -82.43539314
energy/site = -1.144936016
45.7943% accepted

energy = -95.23862015
energy/site = -1.322758613
45.8074% accepted

energy = -97.76388568
energy/site = -1.357831746
45.7033% accepted

energy = -93.34333194
energy/site = -1.296435166
45.7714% accepted

energy = -86.47530861
energy/site = -1.201045953
45.7993% accepted

energy = -88.30559694
energy/site = -1.226466624
45.7503% accepted

energy = -82.26042278
energy/site = -1.142505872
45.7035% accepted

energy = -97.73693991
energy/site = -1.357457499
45.626% accepted

energy = -97.8521908
energy/site = -1.359058206
45.5588% accepted

energy = -88.70727131
energy/site = -1.232045435
45.5643% accepted

energy = -101.9469931
energy/site = -1.415930459
45.785% accepted

energy = -81.70433664
energy/site = -1.134782453
45.7851% accepted

energy = -80.26325859
energy/site = -1.11476748
45.6609% accepted

energy = -82.92028671
energy/site = -1.151670649
45.6904% accepted

energy = -77.00705762
energy/site = -1.069542467
45.7847% accepted

energy = -97.31696871
energy/site = -1.351624565
45.649% accepted

energy = -84.17443156
energy/site = -1.169089327
45.5624% accepted

energy = -83.40767287
energy/site = -1.158439901
45.6899% accepted

energy = -112.2804502
energy/site = -1.559450697
45.6771% accepted

energy = -85.13875202
energy/site = -1.182482667
45.7791% accepted

energy = -106.5550424
energy/site = -1.479931144
45.7254% accepted

energy = -88.84989476
energy/site = -1.234026316
45.7206% accepted

energy = -95.04979111
energy/site = -1.320135988
45.8001% accepted

energy = -92.35788188
energy/site = -1.282748359
45.7329% accepted

energy = -76.98117964
energy/site = -1.069183051
45.7176% accepted

energy = -92.98751284
energy/site = -1.291493234
45.6312% accepted

energy = -103.8350033
energy/site = -1.442152824
45.8995% accepted

energy = -93.29865879
energy/site = -1.295814705
45.7767% accepted

energy = -84.84851076
energy/site = -1.178451538
45.7313% accepted

energy = -87.55093036
energy/site = -1.215985144
45.6809% accepted

energy = -107.194724
energy/site = -1.488815611
45.6704% accepted

energy = -89.33053368
energy/site = -1.240701857
45.654% accepted

energy = -99.79837214
energy/site = -1.386088502
45.6977% accepted

energy = -99.63835588
energy/site = -1.383866054
45.7109% accepted

energy = -81.66009466
energy/site = -1.134167981
45.5564% accepted

energy = -90.75291633
energy/site = -1.260457171
45.8596% accepted

energy = -84.46113526
energy/site = -1.173071323
45.8628% accepted

energy = -86.72043774
energy/site = -1.204450524
45.5358% accepted

energy = -104.8529496
energy/site = -1.456290967
45.7864% accepted

energy = -103.498019
energy/site = -1.437472486
45.679% accepted

energy = -98.749205
energy/site = -1.371516736
45.6895% accepted

energy = -84.45160938
energy/site = -1.172939019
45.7028% accepted

energy = -73.57730148
energy/site = -1.021906965
45.7427% accepted

energy = -109.4262569
energy/site = -1.519809124
45.7234% accepted

energy = -89.52961683
energy/site = -1.2434669
45.7869% accepted

energy = -86.43896608
energy/site = -1.200541196
45.7281% accepted

energy = -94.57353224
energy/site = -1.313521281
45.7124% accepted

energy = -89.55507214
energy/site = -1.243820446
45.5712% accepted

energy = -91.11777477
energy/site = -1.26552465
45.715% accepted

energy = -92.72152593
energy/site = -1.287798971
45.6495% accepted

energy = -96.82918646
energy/site = -1.344849812
45.8225% accepted

energy = -75.020406
energy/site = -1.041950083
45.8913% accepted

energy = -111.8751813
energy/site = -1.553821962
45.6431% accepted

energy = -95.91056673
energy/site = -1.332091205
45.7699% accepted

energy = -99.13025514
energy/site = -1.376809099
45.668% accepted

energy = -101.5760941
energy/site = -1.410779085
45.7137% accepted

energy = -85.90816528
energy/site = -1.193168962
45.5743% accepted

energy = -90.25073359
energy/site = -1.253482411
45.6924% accepted

energy = -105.0984328
energy/site = -1.459700456
45.7502% accepted

energy = -115.9258841
energy/site = -1.610081724
45.6426% accepted

energy = -98.79278141
energy/site = -1.372121964
45.7405% accepted

energy = -81.99527091
energy/site = -1.138823207
45.8629% accepted

energy = -101.0107366
energy/site = -1.402926897
45.762% accepted

energy = -89.97064102
energy/site = -1.249592236
45.6196% accepted

energy = -81.26892475
energy/site = -1.128735066
45.6289% accepted

energy = -87.2513121
energy/site = -1.211823779
45.721% accepted

energy = -101.7398653
energy/site = -1.413053685
45.7369% accepted

energy = -98.21839423
energy/site = -1.364144364
45.7354% accepted

energy = -71.01763822
energy/site = -0.9863560863
45.9082% accepted

energy = -109.351399
energy/site = -1.51876943
45.648% accepted

energy = -99.35983174
energy/site = -1.379997663
45.7972% accepted

energy = -100.8866465
energy/site = -1.401203424
45.693% accepted

energy = -93.65828313
energy/site = -1.300809488
45.77% accepted

energy = -103.8726557
energy/site = -1.442675773
45.7967% accepted

energy = -92.5576179
energy/site = -1.285522471
45.7016% accepted

energy = -112.8999653
energy/site = -1.568055073
45.6416% accepted

energy = -98.10483167
energy/site = -1.362567107
45.6798% accepted

energy = -116.4346433
energy/site = -1.617147824
45.8115% accepted

energy = -69.10560016
energy/site = -0.9598000022
45.6516% accepted

energy = -86.9440484
energy/site = -1.207556228
45.6628% accepted

energy = -90.99589485
energy/site = -1.263831873
45.6412% accepted

energy = -102.1142886
energy/site = -1.418254008
45.7221% accepted

energy = -86.97337084
energy/site = -1.207963484
45.7577% accepted

energy = -99.84500533
energy/site = -1.386736185
45.6619% accepted

energy = -86.14873778
energy/site = -1.196510247
45.6489% accepted

energy = -105.1818874
energy/site = -1.460859548
45.9181% accepted

energy = -90.49063856
energy/site = -1.256814424
45.6688% accepted

energy = -104.2043167
energy/site = -1.447282177
45.6772% accepted

energy = -131.6646594
energy/site = -1.828675825
45.7835% accepted

energy = -94.04794847
energy/site = -1.306221507
45.6916% accepted

energy = -93.99355953
energy/site = -1.305466105
45.5597% accepted

energy = -97.8586413
energy/site = -1.359147796
45.768% accepted

energy = -92.3151439
energy/site = -1.282154776
45.7967% accepted

energy = -84.87079115
energy/site = -1.178760988
45.6328% accepted

energy = -91.79400824
energy/site = -1.274916781
45.6438% accepted

energy = -80.64691914
energy/site = -1.120096099
45.6947% accepted

energy = -100.7843631
energy/site = -1.399782821
45.8044% accepted

energy = -67.43542789
energy/site = -0.9366031651
45.7195% accepted

energy = -89.19498103
energy/site = -1.238819181
45.7182% accepted

energy = -88.27605982
energy/site = -1.226056386
45.7408% accepted

energy = -78.22373976
energy/site = -1.08644083
45.6977% accepted

energy = -101.9856286
energy/site = -1.416467063
45.8128% accepted

energy = -104.9705045
energy/site = -1.457923673
45.8324% accepted

energy = -109.3896547
energy/site = -1.519300759
45.4971% accepted

energy = -94.52802052
energy/site = -1.312889174
45.959% accepted

energy = -94.34746448
energy/site = -1.310381451
45.7526% accepted

energy = -92.69501292
energy/site = -1.287430735
45.8404% accepted

energy = -84.6357785
energy/site = -1.175496924
45.8452% accepted

energy = -100.6188875
energy/site = -1.397484549
45.6934% accepted

energy = -100.3085755
energy/site = -1.39317466
45.7216% accepted

energy = -84.40429956
energy/site = -1.172281938
45.7334% accepted

energy = -96.32770124
energy/site = -1.337884739
45.6719% accepted

energy = -107.230757
energy/site = -1.489316069
45.7687% accepted

energy = -91.89337134
energy/site = -1.276296824
45.6339% accepted

energy = -108.6422689
energy/site = -1.508920401
45.6056% accepted

energy = -85.34339849
energy/site = -1.185324979
45.8441% accepted

energy = -96.86567779
energy/site = -1.345356636
45.7127% accepted

energy = -103.2082415
energy/site = -1.433447798
45.9153% accepted

energy = -93.87189609
energy/site = -1.303776335
45.5739% accepted

energy = -95.00132894
energy/site = -1.319462902
45.8764% accepted

energy = -79.28315188
energy/site = -1.101154887
45.6071% accepted

energy = -87.79572484
energy/site = -1.219385067
45.6355% accepted

energy = -95.47673115
energy/site = -1.32606571
45.8518% accepted

energy = -105.4759467
energy/site = -1.464943704
45.7652% accepted

energy = -100.837382
energy/site = -1.400519194
45.7257% accepted

energy = -86.55404371
energy/site = -1.202139496
45.5689% accepted

energy = -92.87922561
energy/site = -1.289989245
45.6864% accepted

energy = -76.46728421
energy/site = -1.062045614
45.7669% accepted

energy = -90.21855074
energy/site = -1.253035427
45.574% accepted

energy = -101.5934256
energy/site = -1.4110198
45.6236% accepted

energy = -88.58216098
energy/site = -1.230307791
45.6645% accepted

energy = -77.2431182
energy/site = -1.072821086
45.663% accepted

energy = -101.150459
energy/site = -1.404867486
45.6492% accepted

energy = -90.14870307
energy/site = -1.25206532
45.7337% accepted

energy = -107.3502856
energy/site = -1.490976189
45.779% accepted

energy = -84.16523838
energy/site = -1.168961644
45.606% accepted

energy = -97.04091885
energy/site = -1.34779054
45.695% accepted

energy = -94.09704062
energy/site = -1.306903342
45.7612% accepted

energy = -86.82437264
energy/site = -1.205894064
45.7332% accepted

energy = -79.45990655
energy/site = -1.103609813
45.8063% accepted

energy = -74.13381429
energy/site = -1.02963631
45.6484% accepted

energy = -97.75019226
energy/site = -1.357641559
45.8972% accepted

energy = -89.54873907
energy/site = -1.243732487
45.8046% accepted

energy = -90.27932231
energy/site = -1.253879477
45.7408% accepted

energy = -84.45460407
energy/site = -1.172980612
45.6521% accepted

energy = -90.22225263
energy/site = -1.253086842
45.6828% accepted

energy = -91.48075726
energy/site = -1.270566073
45.6697% accepted

energy = -89.83993342
energy/site = -1.247776853
45.7581% accepted

energy = -103.2439934
energy/site = -1.433944353
45.6958% accepted

energy = -94.74307876
energy/site = -1.315876094
45.7482% accepted

energy = -91.89074263
energy/site = -1.276260314
45.6789% accepted

energy = -94.14988971
energy/site = -1.307637357
45.825% accepted

energy = -80.87870412
energy/site = -1.123315335
45.6905% accepted

energy = -104.2637557
energy/site = -1.448107718
45.7855% accepted

energy = -85.91335784
energy/site = -1.193241081
45.7737% accepted

energy = -89.83578071
energy/site = -1.247719177
45.7389% accepted

energy = -114.4954409
energy/site = -1.590214457
45.6807% accepted

energy = -89.74078126
energy/site = -1.24639974
45.8536% accepted

energy = -96.22309917
energy/site = -1.336431933
45.6505% accepted

energy = -98.44772563
energy/site = -1.367329523
45.8359% accepted

energy = -98.35254182
energy/site = -1.366007525
46.0445% accepted

energy = -78.83852181
energy/site = -1.09497947
45.6742% accepted

energy = -103.4114104
energy/site = -1.436269589
45.5901% accepted

energy = -97.35871145
energy/site = -1.352204326
45.6319% accepted

energy = -87.44241435
energy/site = -1.214477977
45.7247% accepted

energy = -86.56098784
energy/site = -1.202235942
45.6057% accepted

energy = -68.16396692
energy/site = -0.9467217628
45.725% accepted

energy = -85.19519379
energy/site = -1.18326658
45.7232% accepted

energy = -91.98876429
energy/site = -1.277621726
45.8677% accepted

energy = -88.00303093
energy/site = -1.222264319
45.7232% accepted

energy = -100.498822
energy/site = -1.395816973
45.7242% accepted

energy = -91.16541689
energy/site = -1.266186346
45.7683% accepted

energy = -89.46282246
energy/site = -1.242539201
45.7667% accepted

energy = -94.02014129
energy/site = -1.305835296
45.825% accepted

energy = -96.04470697
energy/site = -1.333954263
45.5948% accepted

energy = -88.99441034
energy/site = -1.236033477
45.7701% accepted

energy = -93.08350629
energy/site = -1.292826476
45.729% accepted

energy = -73.28141565
energy/site = -1.01779744
45.661% accepted

energy = -100.1571219
energy/site = -1.391071138
45.6805% accepted

energy = -97.66681089
energy/site = -1.356483485
45.6498% accepted

energy = -93.73874496
energy/site = -1.301927013
45.7964% accepted

energy = -97.37329148
energy/site = -1.352406826
45.716% accepted

energy = -114.1568686
energy/site = -1.585512064
45.7499% accepted

energy = -91.85920984
energy/site = -1.275822359
45.7754% accepted

energy = -92.94714986
energy/site = -1.290932637
45.7891% accepted

energy = -88.03333643
energy/site = -1.222685228
45.806% accepted

energy = -96.33521552
energy/site = -1.337989104
45.732% accepted

energy = -96.27626628
energy/site = -1.337170365
45.7201% accepted

energy = -96.0369113
energy/site = -1.33384599
45.7361% accepted

energy = -100.1073645
energy/site = -1.390380062
45.7022% accepted

energy = -92.1552114
energy/site = -1.279933492
45.7966% accepted

energy = -86.87468402
energy/site = -1.206592834
45.7386% accepted

energy = -97.77514398
energy/site = -1.357988111
45.7433% accepted

energy = -79.29056218
energy/site = -1.101257808
45.6551% accepted

energy = -95.52954246
energy/site = -1.326799201
45.6805% accepted

energy = -94.34773504
energy/site = -1.310385209
45.6294% accepted

energy = -106.0116227
energy/site = -1.472383648
45.7843% accepted

energy = -82.27444321
energy/site = -1.1427006
45.7844% accepted

energy = -91.39703559
energy/site = -1.269403272
45.7003% accepted

energy = -111.7398998
energy/site = -1.551943052
45.8835% accepted

energy = -121.9019293
energy/site = -1.693082352
45.751% accepted

energy = -98.25499678
energy/site = -1.364652733
45.8075% accepted

energy = -99.31369039
energy/site = -1.379356811
45.7555% accepted

energy = -90.80187271
energy/site = -1.261137121
45.487% accepted

energy = -104.0046332
energy/site = -1.444508795
45.8149% accepted

energy = -92.42819875
energy/site = -1.283724983
45.7217% accepted

energy = -92.88456681
energy/site = -1.290063428
45.8927% accepted

energy = -85.19928263
energy/site = -1.18332337
45.7621% accepted

energy = -84.04362926
energy/site = -1.167272629
45.6803% accepted

energy = -103.0302225
energy/site = -1.430975313
45.6145% accepted

energy = -81.62855064
energy/site = -1.13372987
45.7935% accepted

energy = -107.3767051
energy/site = -1.491343127
45.9162% accepted

energy = -102.4039091
energy/site = -1.422276515
45.778% accepted

energy = -82.54143783
energy/site = -1.146408859
45.794% accepted

energy = -80.09684237
energy/site = -1.112456144
45.6784% accepted

energy = -96.03599229
energy/site = -1.333833226
45.737% accepted

energy = -95.77754241
energy/site = -1.330243645
45.5492% accepted

energy = -86.80617424
energy/site = -1.205641309
45.5181% accepted

energy = -85.54923728
energy/site = -1.188183851
45.8123% accepted

energy = -79.64183884
energy/site = -1.106136651
45.6429% accepted

energy = -87.66064402
energy/site = -1.217508945
45.6644% accepted

energy = -94.11735162
energy/site = -1.307185439
45.8006% accepted

energy = -97.40817057
energy/site = -1.352891258
45.7227% accepted

energy = -103.5344078
energy/site = -1.437977886
45.5969% accepted

energy = -83.5539764
energy/site = -1.160471894
45.765% accepted

energy = -102.8801286
energy/site = -1.428890675
45.5899% accepted

energy = -104.8263017
energy/site = -1.455920857
45.8014% accepted

energy = -109.0708204
energy/site = -1.514872505
45.6784% accepted

energy = -78.30030033
energy/site = -1.087504171
45.7609% accepted

energy = -105.8345316
energy/site = -1.469924049
45.7316% accepted

energy = -92.99463428
energy/site = -1.291592143
45.6842% accepted

energy = -90.20774461
energy/site = -1.252885342
45.707% accepted

energy = -86.78148764
energy/site = -1.205298439
45.8184% accepted

energy = -95.39181323
energy/site = -1.324886295
45.6493% accepted

energy = -117.9802862
energy/site = -1.638615085
45.7157% accepted

energy = -92.61881276
energy/site = -1.286372399
45.6383% accepted

energy = -107.7658762
energy/site = -1.49674828
45.6508% accepted

energy = -92.99961073
energy/site = -1.29166126
45.5826% accepted

energy = -78.85775176
energy/site = -1.095246552
45.5756% accepted

energy = -106.6309057
energy/site = -1.480984801
45.6611% accepted

energy = -88.9299342
energy/site = -1.235137975
45.7362% accepted

energy = -90.248298
energy/site = -1.253448583
45.768% accepted

energy = -95.79994625
energy/site = -1.330554809
45.6883% accepted

energy = -85.72069576
energy/site = -1.190565219
45.7937% accepted

energy = -81.50920366
energy/site = -1.132072273
45.8099% accepted

energy = -97.28754193
energy/site = -1.35121586
45.6475% accepted

energy = -90.93021712
energy/site = -1.262919682
45.6749% accepted

energy = -90.79322096
energy/site = -1.261016958
45.6496% accepted

energy = -100.2488133
energy/site = -1.39234463
45.6995% accepted

energy = -105.3450932
energy/site = -1.463126295
45.6048% accepted

energy = -81.32650013
energy/site = -1.129534724
45.7784% accepted

energy = -106.3654494
energy/site = -1.477297908
45.6526% accepted

energy = -92.42525117
energy/site = -1.283684044
45.8309% accepted

energy = -84.34221907
energy/site = -1.171419709
45.6921% accepted

energy = -92.47126378
energy/site = -1.284323108
45.8268% accepted

energy = -92.30214195
energy/site = -1.281974194
45.8237% accepted

energy = -131.7216408
energy/site = -1.829467234
45.7501% accepted

energy = -106.1855198
energy/site = -1.474798886
45.7117% accepted

energy = -119.9322319
energy/site = -1.665725444
45.6981% accepted

energy = -103.5134888
energy/site = -1.437687344
45.7398% accepted

energy = -96.43570477
energy/site = -1.339384788
45.7046% accepted

energy = -87.34983787
energy/site = -1.213192193
45.7749% accepted

energy = -91.91805047
energy/site = -1.27663959
45.7074% accepted

energy = -91.79442815
energy/site = -1.274922613
45.8758% accepted

energy = -96.59068141
energy/site = -1.341537242
45.7385% accepted

energy = -99.31716799
energy/site = -1.379405111
45.855% accepted

energy = -93.63344202
energy/site = -1.300464473
45.7636% accepted

energy = -91.30634746
energy/site = -1.268143715
45.8106% accepted

energy = -92.81603562
energy/site = -1.289111606
45.6252% accepted

energy = -92.50780488
energy/site = -1.284830623
45.6246% accepted

energy = -90.29492428
energy/site = -1.254096171
45.6618% accepted

energy = -84.5481892
energy/site = -1.174280406
45.7853% accepted

energy = -90.10407329
energy/site = -1.251445462
45.7442% accepted

energy = -93.60227502
energy/site = -1.300031597
45.7689% accepted

energy = -90.41211918
energy/site = -1.255723877
45.7863% accepted

energy = -89.16146284
energy/site = -1.238353651
45.6697% accepted

energy = -96.26321576
energy/site = -1.336989108
45.7258% accepted

energy = -86.32850004
energy/site = -1.199006945
45.6333% accepted

energy = -93.29533071
energy/site = -1.295768482
45.7287% accepted

energy = -108.1378751
energy/site = -1.501914931
45.8392% accepted

energy = -88.08913304
energy/site = -1.223460181
45.7382% accepted

energy = -97.38615206
energy/site = -1.352585445
45.5025% accepted

energy = -97.49454667
energy/site = -1.354090926
45.7696% accepted

energy = -76.1611666
energy/site = -1.057793981
45.5515% accepted

energy = -92.95723779
energy/site = -1.291072747
45.802% accepted

energy = -80.13739378
energy/site = -1.113019358
45.774% accepted

energy = -90.0165394
energy/site = -1.250229714
45.7016% accepted

energy = -106.0641096
energy/site = -1.473112633
45.7568% accepted

energy = -79.60279288
energy/site = -1.105594346
45.5763% accepted

energy = -69.76476321
energy/site = -0.9689550446
45.6073% accepted

energy = -84.64852863
energy/site = -1.175674009
45.8004% accepted

energy = -118.6641436
energy/site = -1.648113105
45.5725% accepted

energy = -101.3720008
energy/site = -1.407944456
45.7927% accepted

energy = -79.14165078
energy/site = -1.099189594
45.5686% accepted

energy = -96.47009095
energy/site = -1.339862374
45.6194% accepted

energy = -102.6338846
energy/site = -1.425470619
45.781% accepted

energy = -72.658707
energy/site = -1.009148708
45.6312% accepted

energy = -86.86415023
energy/site = -1.206446531
45.7691% accepted

energy = -84.88186418
energy/site = -1.17891478
45.696% accepted

energy = -102.3167774
energy/site = -1.421066352
45.6012% accepted

energy = -88.90203175
energy/site = -1.234750441
45.6773% accepted

energy = -96.89513898
energy/site = -1.345765819
45.7985% accepted

energy = -77.87195246
energy/site = -1.081554895
45.6333% accepted

energy = -94.57132098
energy/site = -1.313490569
45.6992% accepted

energy = -95.50889956
energy/site = -1.326512494
45.6396% accepted

energy = -94.56047146
energy/site = -1.313339881
45.6539% accepted

energy = -117.8697721
energy/site = -1.637080168
45.6164% accepted

energy = -101.4185909
energy/site = -1.40859154
45.8483% accepted

energy = -91.16978026
energy/site = -1.266246948
45.7225% accepted

energy = -78.80689175
energy/site = -1.094540163
45.8185% accepted

energy = -98.56067025
energy/site = -1.368898198
45.7865% accepted

energy = -94.04901345
energy/site = -1.306236298
45.706% accepted

energy = -122.078545
energy/site = -1.695535348
45.929% accepted

energy = -86.05671176
energy/site = -1.195232108
45.707% accepted

energy = -100.9360315
energy/site = -1.401889326
45.5581% accepted

energy = -88.34165855
energy/site = -1.22696748
45.7139% accepted

energy = -100.8351513
energy/site = -1.400488212
45.5718% accepted

energy = -97.80199254
energy/site = -1.358361007
45.7171% accepted

energy = -99.99869434
energy/site = -1.388870755
45.7743% accepted

energy = -123.874653
energy/site = -1.720481291
45.7649% accepted

energy = -90.68870757
energy/site = -1.259565383
45.5773% accepted

energy = -88.56626805
energy/site = -1.230087056
45.6856% accepted

energy = -97.62750322
energy/site = -1.355937545
45.7324% accepted

energy = -91.12599996
energy/site = -1.265638888
45.5561% accepted

energy = -98.14446922
energy/site = -1.363117628
45.6977% accepted

energy = -106.2337149
energy/site = -1.475468262
45.8171% accepted

energy = -92.35531087
energy/site = -1.282712651
45.7679% accepted

energy = -96.30962609
energy/site = -1.337633696
45.8083% accepted

energy = -97.12433792
energy/site = -1.348949138
45.5866% accepted

energy = -96.27761174
energy/site = -1.337189052
45.6602% accepted

energy = -99.5085247
energy/site = -1.382062843
45.7257% accepted

energy = -91.16906651
energy/site = -1.266237035
45.6977% accepted

energy = -113.1560901
energy/site = -1.571612363
45.6907% accepted

energy = -86.60059219
energy/site = -1.202786003
45.652% accepted

energy = -115.7729453
energy/site = -1.607957574
45.655% accepted

energy = -105.0164016
energy/site = -1.458561133
45.5571% accepted

energy = -94.5006799
energy/site = -1.312509443
45.6571% accepted

energy = -107.9231439
energy/site = -1.498932555
45.6546% accepted

energy = -100.4701189
energy/site = -1.395418318
45.6472% accepted

energy = -92.0520015
energy/site = -1.278500021
45.7691% accepted

energy = -107.9786651
energy/site = -1.499703682
45.665% accepted

energy = -73.78774652
energy/site = -1.024829813
45.6109% accepted

energy = -81.80877002
energy/site = -1.136232917
45.6883% accepted

energy = -94.30721739
energy/site = -1.309822464
45.7312% accepted

energy = -97.53962286
energy/site = -1.354716984
45.7529% accepted

energy = -101.3994672
energy/site = -1.408325934
45.7747% accepted

energy = -108.2664275
energy/site = -1.503700382
45.7158% accepted

energy = -96.75309864
energy/site = -1.343793037
45.6694% accepted

energy = -111.4172718
energy/site = -1.547462108
45.6578% accepted

energy = -80.0808268
energy/site = -1.112233706
45.639% accepted

energy = -108.7133955
energy/site = -1.509908271
45.7593% accepted

energy = -103.5699393
energy/site = -1.438471379
45.6442% accepted

energy = -87.65348261
energy/site = -1.217409481
45.8166% accepted

energy = -79.11739196
energy/site = -1.098852666
45.8316% accepted

energy = -98.56113718
energy/site = -1.368904683
45.8317% accepted

energy = -91.09530863
energy/site = -1.26521262
45.6356% accepted

energy = -94.61422282
energy/site = -1.314086428
45.7748% accepted

energy = -94.20665561
energy/site = -1.308425772
45.8115% accepted

energy = -95.82159089
energy/site = -1.330855429
45.6007% accepted

energy = -88.75914845
energy/site = -1.232765951
45.5906% accepted

energy = -101.6383249
energy/site = -1.411643401
45.7428% accepted

energy = -93.78905851
energy/site = -1.302625813
45.6692% accepted

energy = -87.58391885
energy/site = -1.216443317
45.7498% accepted

energy = -84.24116695
energy/site = -1.170016208
45.5774% accepted

energy = -84.24797254
energy/site = -1.17011073
45.7215% accepted

energy = -76.54895079
energy/site = -1.063179872
45.6664% accepted

energy = -76.57852937
energy/site = -1.063590686
45.6339% accepted

energy = -90.51092131
energy/site = -1.257096129
45.6824% accepted

energy = -89.24991949
energy/site = -1.239582215
45.7604% accepted

energy = -87.7801547
energy/site = -1.219168815
45.8559% accepted

energy = -104.589963
energy/site = -1.452638375
45.8272% accepted

energy = -81.21999949
energy/site = -1.128055548
45.7135% accepted

energy = -96.66697432
energy/site = -1.342596866
45.7934% accepted

energy = -111.0996349
energy/site = -1.543050484
45.8083% accepted

energy = -80.91294896
energy/site = -1.123790958
45.7685% accepted

energy = -93.12488312
energy/site = -1.293401154
45.6687% accepted

energy = -108.6593802
energy/site = -1.509158059
45.6397% accepted

energy = -79.88323462
energy/site = -1.10948937
45.6916% accepted

energy = -86.49517107
energy/site = -1.20132182
45.7483% accepted

energy = -93.290171
energy/site = -1.295696819
45.5791% accepted

energy = -104.2641732
energy/site = -1.448113516
45.7829% accepted

energy = -96.6373203
energy/site = -1.342185004
45.6541% accepted

energy = -76.12072137
energy/site = -1.057232241
45.5769% accepted

energy = -94.16606783
energy/site = -1.307862053
45.7361% accepted

energy = -89.88904489
energy/site = -1.248458957
45.813% accepted

energy = -83.48391821
energy/site = -1.159498864
45.61% accepted

energy = -94.91610497
energy/site = -1.318279236
45.7875% accepted

energy = -105.4345787
energy/site = -1.464369148
45.7246% accepted

energy = -89.42693288
energy/site = -1.242040734
45.8069% accepted

energy = -102.7929374
energy/site = -1.427679686
45.8207% accepted

energy = -93.96501879
energy/site = -1.305069705
45.8026% accepted

energy = -85.48809673
energy/site = -1.187334677
45.7478% accepted

energy = -93.07570299
energy/site = -1.292718097
45.7663% accepted

energy = -95.1833674
energy/site = -1.321991214
45.6225% accepted

energy = -82.04542046
energy/site = -1.139519729
45.738% accepted

energy = -75.83952154
energy/site = -1.053326688
45.7214% accepted

energy = -104.6140021
energy/site = -1.452972251
45.8846% accepted

energy = -103.1400069
energy/site = -1.432500096
45.7315% accepted

energy = -101.4720272
energy/site = -1.409333712
45.6601% accepted

energy = -94.85006386
energy/site = -1.317361998
45.6432% accepted

energy = -77.07564728
energy/site = -1.070495101
45.6442% accepted

energy = -88.71430375
energy/site = -1.232143108
45.632% accepted

energy = -95.20285382
energy/site = -1.322261859
45.6488% accepted

energy = -106.3914438
energy/site = -1.477658941
45.6721% accepted

energy = -102.4229345
energy/site = -1.422540757
45.6583% accepted

energy = -99.73048319
energy/site = -1.3851456
45.804% accepted

energy = -85.52140397
energy/site = -1.187797277
45.6801% accepted

energy = -103.4535196
energy/site = -1.436854439
45.736% accepted

energy = -77.94436923
energy/site = -1.082560684
45.6904% accepted

energy = -105.0773431
energy/site = -1.459407543
45.6628% accepted

energy = -91.74732834
energy/site = -1.274268449
45.6642% accepted

energy = -123.4293424
energy/site = -1.714296422
45.8318% accepted

energy = -96.51048266
energy/site = -1.34042337
45.7237% accepted

energy = -94.0941678
energy/site = -1.306863442
45.8248% accepted

energy = -96.95516101
energy/site = -1.346599458
45.7471% accepted

energy = -91.5312906
energy/site = -1.271267925
45.6448% accepted

energy = -94.73684865
energy/site = -1.315789565
45.6129% accepted

energy = -95.48099287
energy/site = -1.326124901
45.7256% accepted

energy = -103.1216568
energy/site = -1.432245234
45.6447% accepted

energy = -106.980713
energy/site = -1.485843236
45.7528% accepted

energy = -95.17416578
energy/site = -1.321863414
45.778% accepted

energy = -101.1502001
energy/site = -1.40486389
45.6986% accepted

energy = -84.40801751
energy/site = -1.172333577
45.7569% accepted

energy = -102.3053583
energy/site = -1.420907754
45.689% accepted

energy = -98.30592459
energy/site = -1.365360064
45.7418% accepted

energy = -88.21894809
energy/site = -1.225263168
45.6485% accepted

energy = -114.4134584
energy/site = -1.589075811
45.8992% accepted

energy = -103.3841056
energy/site = -1.435890355
45.9061% accepted

energy = -94.94463729
energy/site = -1.318675518
45.809% accepted

energy = -99.25984052
energy/site = -1.378608896
45.7253% accepted

energy = -98.59323355
energy/site = -1.369350466
45.8613% accepted

energy = -94.34340028
energy/site = -1.310325004
45.5994% accepted

energy = -84.86490813
energy/site = -1.17867928
45.6785% accepted

energy = -76.57976026
energy/site = -1.063607781
45.7734% accepted

energy = -84.31350734
energy/site = -1.171020935
45.6951% accepted

energy = -102.3500086
energy/site = -1.421527897
45.8115% accepted

energy = -98.58616561
energy/site = -1.3692523
45.6602% accepted

energy = -78.07671169
energy/site = -1.084398773
45.7003% accepted

energy = -93.59625709
energy/site = -1.299948015
45.7873% accepted

energy = -87.52894352
energy/site = -1.215679771
45.6936% accepted

energy = -106.5653826
energy/site = -1.480074758
45.6504% accepted

energy = -90.54893405
energy/site = -1.257624084
45.6576% accepted

energy = -92.72798308
energy/site = -1.287888654
45.6921% accepted

energy = -105.0277792
energy/site = -1.458719156
45.6608% accepted

energy = -108.0723672
energy/site = -1.5010051
45.6446% accepted

energy = -96.7014742
energy/site = -1.343076031
45.6542% accepted

energy = -93.43955865
energy/site = -1.297771648
45.7306% accepted

energy = -73.29903789
energy/site = -1.018042193
45.6397% accepted

energy = -87.74303222
energy/site = -1.218653225
45.7327% accepted

energy = -95.47391647
energy/site = -1.326026618
45.7272% accepted

energy = -112.4584856
energy/site = -1.56192341
45.7519% accepted

energy = -116.4574751
energy/site = -1.617464932
45.6418% accepted

energy = -93.69878978
energy/site = -1.30137208
45.7244% accepted

energy = -92.79036961
energy/site = -1.288755133
45.7249% accepted

energy = -105.1696642
energy/site = -1.460689781
45.6585% accepted

energy = -84.51846114
energy/site = -1.173867516
45.8834% accepted

energy = -91.44101123
energy/site = -1.270014045
45.6261% accepted

energy = -94.46851003
energy/site = -1.312062639
45.6166% accepted

energy = -95.26689075
energy/site = -1.32315126
45.7513% accepted

energy = -102.4952966
energy/site = -1.423545786
45.6829% accepted

energy = -96.07118774
energy/site = -1.334322052
45.8183% accepted

energy = -84.93063913
energy/site = -1.17959221
45.654% accepted

energy = -92.14911006
energy/site = -1.279848751
45.7818% accepted

energy = -97.47138844
energy/site = -1.353769284
45.8164% accepted

energy = -114.5604318
energy/site = -1.591117108
45.6056% accepted

energy = -105.2329269
energy/site = -1.461568429
45.6624% accepted

energy = -91.83869081
energy/site = -1.275537372
45.7071% accepted

energy = -77.19784136
energy/site = -1.072192241
45.6646% accepted

energy = -114.4204109
energy/site = -1.589172373
45.6707% accepted

energy = -87.42157843
energy/site = -1.214188589
45.7619% accepted

energy = -87.94993967
energy/site = -1.22152694
45.8128% accepted

energy = -92.75089225
energy/site = -1.288206837
45.7836% accepted

energy = -91.94837967
energy/site = -1.277060829
45.7756% accepted

energy = -110.4374553
energy/site = -1.533853545
45.7414% accepted

energy = -106.2315714
energy/site = -1.475438492
45.68% accepted

energy = -101.1209188
energy/site = -1.404457205
45.6482% accepted

energy = -98.44079266
energy/site = -1.367233231
45.7485% accepted

energy = -90.83928449
energy/site = -1.261656729
45.5019% accepted

energy = -104.505808
energy/site = -1.451469556
45.592% accepted

energy = -90.98237583
energy/site = -1.263644109
45.7212% accepted

energy = -87.45798653
energy/site = -1.214694257
45.729% accepted

energy = -80.33378287
energy/site = -1.115746984
45.6579% accepted

energy = -82.45232416
energy/site = -1.145171169
45.5569% accepted

energy = -99.75048787
energy/site = -1.385423443
45.745% accepted

energy = -89.92229997
energy/site = -1.248920833
45.8236% accepted

energy = -86.95439387
energy/site = -1.207699915
45.6998% accepted

energy = -113.655779
energy/site = -1.578552486
45.812% accepted

energy = -85.72160995
energy/site = -1.190577916
45.6669% accepted

energy = -94.73593198
energy/site = -1.315776833
45.5548% accepted

energy = -84.93453703
energy/site = -1.179646348
45.8559% accepted

energy = -82.30923612
energy/site = -1.143183835
45.7576% accepted

energy = -82.39117953
energy/site = -1.144321938
45.5884% accepted

energy = -94.81596333
energy/site = -1.31688838
45.7055% accepted

energy = -94.2592046
energy/site = -1.30915562
45.7256% accepted

energy = -97.95384293
energy/site = -1.360470041
45.762% accepted

energy = -100.9865022
energy/site = -1.402590308
45.8736% accepted

energy = -110.5332271
energy/site = -1.535183709
45.5316% accepted

energy = -84.17193632
energy/site = -1.169054671
45.7208% accepted

energy = -101.8190903
energy/site = -1.414154032
45.801% accepted

energy = -87.22533907
energy/site = -1.211463043
45.8785% accepted

energy = -77.28108897
energy/site = -1.073348458
45.7482% accepted

energy = -108.5587288
energy/site = -1.507760122
45.6332% accepted

energy = -91.20471602
energy/site = -1.266732167
45.6808% accepted

energy = -103.8493768
energy/site = -1.442352456
45.6931% accepted

energy = -93.06865265
energy/site = -1.292620176
45.7186% accepted

energy = -102.082091
energy/site = -1.41780682
45.6771% accepted

energy = -121.5987487
energy/site = -1.68887151
45.7153% accepted

energy = -94.94869191
energy/site = -1.318731832
45.6276% accepted

energy = -98.90147754
energy/site = -1.373631633
45.73% accepted

energy = -93.16434237
energy/site = -1.2939492
45.5388% accepted

energy = -102.4593388
energy/site = -1.423046372
45.5509% accepted

energy = -86.06123752
energy/site = -1.195294965
45.7844% accepted

energy = -115.7258765
energy/site = -1.60730384
45.7096% accepted

energy = -96.13313398
energy/site = -1.335182416
45.702% accepted

energy = -96.35441213
energy/site = -1.338255724
45.7466% accepted

energy = -94.46576283
energy/site = -1.312024484
45.8212% accepted

energy = -94.72618347
energy/site = -1.315641437
45.8003% accepted

energy = -108.6993703
energy/site = -1.509713477
45.5822% accepted

energy = -75.95797642
energy/site = -1.054971895
45.4332% accepted

energy = -87.68319964
energy/site = -1.217822217
45.6665% accepted

energy = -114.3598197
energy/site = -1.588330829
45.7234% accepted

energy = -100.754208
energy/site = -1.399364
45.6074% accepted

energy = -106.1706027
energy/site = -1.474591704
45.8357% accepted

energy = -78.14776768
energy/site = -1.085385662
45.633% accepted

energy = -117.1958811
energy/site = -1.627720571
45.6947% accepted

energy = -92.13681788
energy/site = -1.279678026
45.7362% accepted

energy = -91.21477541
energy/site = -1.266871881
45.7063% accepted

energy = -93.36204337
energy/site = -1.296695047
45.7505% accepted

energy = -80.13577028
energy/site = -1.112996809
45.7971% accepted

energy = -104.8187321
energy/site = -1.455815724
45.7466% accepted

energy = -94.38255891
energy/site = -1.310868874
45.906% accepted

energy = -102.1830368
energy/site = -1.419208844
45.8352% accepted

energy = -108.1553257
energy/site = -1.502157301
45.763% accepted

energy = -94.9222549
energy/site = -1.318364651
45.6616% accepted

energy = -103.6446115
energy/site = -1.439508493
45.7758% accepted

energy = -100.2732251
energy/site = -1.392683682
45.7536% accepted

energy = -91.2659471
energy/site = -1.267582599
45.6373% accepted

energy = -116.6135993
energy/site = -1.619633323
45.8429% accepted

energy = -93.17145613
energy/site = -1.294048002
45.6988% accepted

energy = -108.2437031
energy/site = -1.503384766
45.7642% accepted

energy = -90.24706296
energy/site = -1.25343143
45.7076% accepted

energy = -88.1713627
energy/site = -1.22460226
45.697% accepted

energy = -95.10544663
energy/site = -1.320908981
45.6694% accepted

energy = -97.07676725
energy/site = -1.348288434
45.6884% accepted

energy = -99.09987817
energy/site = -1.376387197
45.8041% accepted

energy = -85.68750833
energy/site = -1.190104282
45.5567% accepted

energy = -88.86276478
energy/site = -1.234205066
45.6455% accepted

energy = -100.0125067
energy/site = -1.389062592
45.605% accepted

energy = -91.30959768
energy/site = -1.268188857
45.6761% accepted

energy = -102.2256442
energy/site = -1.419800614
45.7972% accepted

energy = -81.30675798
energy/site = -1.129260528
45.8239% accepted

