
weighting by <swap_x> where x = 4
9 x 36 x 1 system
r   = 3  bondops changed per step 
n/N = 80  bond operators / site
its = 1000000  iterations/loop for 10000 loops

energy = -3539.124567
energy/site = -5.461611986
45.0821% accepted

energy = -2665.106282
energy/site = -4.112818337
44.1763% accepted

energy = -10231.70107
energy/site = -15.78966214
44.3013% accepted

energy = -569.4740532
energy/site = -0.8788179833
44.1778% accepted

energy = -1604.418291
energy/site = -2.475954152
44.1527% accepted

energy = -1004.327374
energy/site = -1.549887923
44.2536% accepted

energy = -823.4488717
energy/site = -1.270754432
44.1599% accepted

energy = -810.1731272
energy/site = -1.250267172
44.2649% accepted

energy = -2378.433627
energy/site = -3.670422264
44.2433% accepted

energy = -1595.104284
energy/site = -2.461580685
44.2529% accepted

energy = -4601.870413
energy/site = -7.101651871
44.3677% accepted

energy = -4614.921494
energy/site = -7.12179243
44.2496% accepted

energy = -2812.140252
energy/site = -4.33972261
44.3479% accepted

energy = -4619.752546
energy/site = -7.129247756
44.2732% accepted

energy = -824.7332368
energy/site = -1.272736477
44.4372% accepted

energy = -3477.18749
energy/site = -5.366030077
44.376% accepted

energy = -1461.787152
energy/site = -2.255844371
44.2275% accepted

energy = -2357.172799
energy/site = -3.637612344
44.2874% accepted

energy = -2143.372461
energy/site = -3.307673551
44.2197% accepted

energy = -2704.773519
energy/site = -4.174033208
44.156% accepted

energy = -697.4421835
energy/site = -1.076299666
44.2101% accepted

energy = -591.5202464
energy/site = -0.9128398864
44.353% accepted

energy = -2214.958007
energy/site = -3.418145072
44.2731% accepted

energy = -1706.424304
energy/site = -2.633370839
44.0955% accepted

energy = -1292.460413
energy/site = -1.994537674
44.2854% accepted

energy = -746.6007859
energy/site = -1.152161707
44.1903% accepted

energy = -2115.945513
energy/site = -3.265348013
44.2651% accepted

energy = -3428.783439
energy/site = -5.291332467
44.3311% accepted

energy = -3723.463901
energy/site = -5.746086267
44.2396% accepted

energy = -2245.287869
energy/site = -3.464950416
44.2868% accepted

energy = -851.2071442
energy/site = -1.313591272
44.2655% accepted

energy = -6034.746777
energy/site = -9.312880828
44.1837% accepted

energy = -1042.948702
energy/site = -1.609488738
44.1945% accepted

energy = -4273.024978
energy/site = -6.594174349
44.3188% accepted

energy = -1076.309367
energy/site = -1.660971245
44.2395% accepted

energy = -413.8960608
energy/site = -0.6387284889
44.1875% accepted

energy = -1004.616446
energy/site = -1.550334022
44.5114% accepted

energy = -1443.885069
energy/site = -2.2282177
44.3176% accepted

energy = -525.5085261
energy/site = -0.8109699477
44.1611% accepted

