
weighting by <swap_x> where x = 13
11 x 40 x 1 system
r   = 3  bondops changed per step 
n/N = 80  bond operators / site
its = 1000000  iterations/loop for 100000 loops

energy = -254.5837458
energy/site = -0.2892997111
44.8615% accepted

energy = -215.682479
energy/site = -0.2450937261
43.9451% accepted

energy = -194.1934494
energy/site = -0.2206743744
43.8395% accepted

energy = -50.65730525
energy/site = -0.0575651196
43.8642% accepted

energy = -3.971936352
energy/site = -0.004513564036
43.7558% accepted

energy = -173.0597462
energy/site = -0.1966588026
43.8129% accepted

energy = -1233.608403
energy/site = -1.401827731
43.8045% accepted

energy = -2.286182012
energy/site = -0.002597934104
43.8821% accepted

energy = -1.715276377
energy/site = -0.001949177701
43.7467% accepted

energy = -4.070411141
energy/site = -0.004625467205
43.8883% accepted

energy = -22.68029624
energy/site = -0.02577306391
43.7262% accepted

energy = -664.946258
energy/site = -0.7556207477
43.9014% accepted

energy = -137.2353975
energy/site = -0.1559493153
43.8685% accepted

energy = -10.70809797
energy/site = -0.01216829315
43.9135% accepted

energy = -32.1627384
energy/site = -0.03654856637
43.8622% accepted

energy = -11.80239586
energy/site = -0.01341181348
43.9767% accepted

energy = -889.3905269
energy/site = -1.010671053
43.7715% accepted

energy = -70.10410749
energy/site = -0.07966375852
43.5888% accepted

energy = -44.59259831
energy/site = -0.05067340717
43.8695% accepted

energy = -40.11489662
energy/site = -0.04558510979
43.795% accepted

energy = -53703.51348
energy/site = -61.02671987
43.8287% accepted

energy = -25.85320774
energy/site = -0.02937864516
43.7953% accepted

energy = -0.6810464639
energy/site = -0.0007739164363
43.8286% accepted

energy = -4.907384828
energy/site = -0.005576573669
43.8368% accepted

energy = -2.735344045
energy/site = -0.003108345506
43.8628% accepted

energy = -35.68324288
energy/site = -0.04054913964
43.8713% accepted

energy = -50.5803616
energy/site = -0.05747768363
43.7463% accepted

energy = -2.752566683
energy/site = -0.003127916686
43.9901% accepted

energy = -79.69584635
energy/site = -0.09056346176
44.0434% accepted

energy = -1.937607512
energy/site = -0.002201826718
43.9543% accepted

energy = -601.1826511
energy/site = -0.6831621036
43.9003% accepted

energy = -5.835607785
energy/site = -0.006631372483
43.9362% accepted

energy = -2648.419886
energy/site = -3.009568052
43.7879% accepted

energy = -5.202374834
energy/site = -0.005911789584
43.8091% accepted

energy = -20.63915806
energy/site = -0.0234535887
43.8794% accepted

energy = -50.62774151
energy/site = -0.05753152444
43.9014% accepted

energy = -11.34853325
energy/site = -0.01289606051
43.7601% accepted

energy = -12.81234892
energy/site = -0.01455948741
43.8736% accepted

energy = -2453.324483
energy/site = -2.78786873
43.889% accepted

energy = -182.2201981
energy/site = -0.2070684069
43.694% accepted

energy = -17306.44052
energy/site = -19.66640968
43.8004% accepted

energy = -55.07353529
energy/site = -0.06258356283
43.8288% accepted

energy = -247.7792668
energy/site = -0.2815673486
43.8567% accepted

energy = -159.1160123
energy/site = -0.1808136504
43.859% accepted

energy = -103.0758497
energy/site = -0.1171316473
43.8858% accepted

energy = -13.22802657
energy/site = -0.01503184837
43.928% accepted

energy = -23.94147772
energy/site = -0.02720622469
43.8233% accepted

energy = -74.55940119
energy/site = -0.08472659227
43.8072% accepted

energy = -93.74753322
energy/site = -0.1065312878
43.9674% accepted

energy = -24.71550351
energy/site = -0.02808579944
43.7516% accepted

energy = -20.19830866
energy/site = -0.02295262347
43.8385% accepted

energy = -143.9321992
energy/site = -0.1635593172
43.8731% accepted

energy = -53.60326603
energy/site = -0.0609128023
43.7894% accepted

energy = -11.26123311
energy/site = -0.0127968558
43.8816% accepted

energy = -4.594459356
energy/site = -0.005220976541
43.7062% accepted

energy = -2.063184108
energy/site = -0.002344527396
43.719% accepted

energy = -22.75024977
energy/site = -0.02585255655
43.803% accepted

energy = -468.947027
energy/site = -0.5328943489
43.8124% accepted

energy = -28.35236536
energy/site = -0.032218597
43.9611% accepted

energy = -0.6049400673
energy/site = -0.0006874318947
43.8648% accepted

energy = -12.29848817
energy/site = -0.01397555473
43.8288% accepted

energy = -2137.763962
energy/site = -2.42927723
43.7814% accepted

energy = -18321.90235
energy/site = -20.82034358
43.8924% accepted

energy = -18.02269801
energy/site = -0.02048033865
43.6771% accepted

energy = -21.72472361
energy/site = -0.02468718592
43.8801% accepted

energy = -81.12724319
energy/site = -0.09219004907
43.9795% accepted

energy = -49.96416607
energy/site = -0.05677746144
43.8676% accepted

energy = -30.03169842
energy/site = -0.03412693003
43.8729% accepted

energy = -15.2359406
energy/site = -0.01731356887
43.9167% accepted

energy = -0.5613516423
energy/site = -0.0006378995936
43.9129% accepted

energy = -9.130713846
energy/site = -0.01037581119
43.6779% accepted

energy = -122.6410831
energy/site = -0.1393648671
43.9024% accepted

energy = -515.8095317
energy/site = -0.5861471951
43.7648% accepted

energy = -7.973974113
energy/site = -0.009061334219
43.8508% accepted

energy = -3.624595748
energy/site = -0.004118858804
43.8724% accepted

energy = -1011.200705
energy/site = -1.149091711
43.8514% accepted

energy = -3.464616615
energy/site = -0.003937064336
43.9487% accepted

energy = -66.61831201
energy/site = -0.07570262728
43.8083% accepted

energy = -29.00605959
energy/site = -0.03296143135
43.8391% accepted

energy = -3527.596994
energy/site = -4.008632948
43.8396% accepted

energy = -17.70756028
energy/site = -0.02012222759
43.7756% accepted

energy = -2083.407526
energy/site = -2.367508552
43.8018% accepted

energy = -310986.4497
energy/site = -353.3936929
43.9122% accepted

energy = -39.76555334
energy/site = -0.04518812879
43.8874% accepted

energy = -25.15959909
energy/site = -0.02859045351
43.8627% accepted

energy = -43.27581216
energy/site = -0.04917705927
43.8169% accepted

energy = -42.19388853
energy/site = -0.0479476006
43.9736% accepted

energy = -157.9118089
energy/site = -0.1794452374
43.823% accepted

energy = -8.862058329
energy/site = -0.01007052083
43.9004% accepted

energy = -803.8962918
energy/site = -0.9135185134
43.8635% accepted

energy = -5.031004698
energy/site = -0.005717050793
43.8657% accepted

energy = -56.36466444
energy/site = -0.06405075505
43.9018% accepted

energy = -47.35715343
energy/site = -0.05381494708
43.6954% accepted

energy = -8.539636296
energy/site = -0.009704132155
43.8558% accepted

energy = -34.61867298
energy/site = -0.03933940112
43.933% accepted

energy = -266.4204561
energy/site = -0.3027505182
43.945% accepted

energy = -35.09973983
energy/site = -0.03988606799
43.8768% accepted

energy = -59.4247599
energy/site = -0.06752813625
43.9651% accepted

energy = -191.1278217
energy/site = -0.2171907064
43.9101% accepted

energy = -21.84622134
energy/site = -0.02482525152
43.8279% accepted

energy = -258.9473127
energy/site = -0.2942583099
43.8821% accepted

energy = -92.83533066
energy/site = -0.1054946939
43.8537% accepted

energy = -15544.77485
energy/site = -17.66451687
43.8527% accepted

energy = -8.691066221
energy/site = -0.009876211614
43.9112% accepted

energy = -199.5095979
energy/site = -0.2267154522
43.7645% accepted

energy = -20.89454293
energy/site = -0.02374379878
43.8944% accepted

energy = -115.1600253
energy/site = -0.1308636652
43.9503% accepted

energy = -351.4099923
energy/site = -0.3993295368
43.7711% accepted

energy = -37.24339909
energy/site = -0.04232204442
43.9378% accepted

energy = -1.311211276
energy/site = -0.001490012813
43.7915% accepted

energy = -35.76180263
energy/site = -0.04063841208
44.0533% accepted

energy = -844.4573721
energy/site = -0.9596106501
43.86% accepted

energy = -21.97057195
energy/site = -0.02496655904
43.9117% accepted

energy = -21.56365311
energy/site = -0.02450415126
43.8552% accepted

energy = -104.2818162
energy/site = -0.1185020639
43.9323% accepted

energy = -8.853987976
energy/site = -0.01006134997
43.826% accepted

energy = -57.7133895
energy/site = -0.06558339716
43.8793% accepted

energy = -2.217406214
energy/site = -0.002519779788
43.7863% accepted

energy = -25.81396042
energy/site = -0.02933404593
44.018% accepted

energy = -454.2224016
energy/site = -0.51616182
44.0503% accepted

energy = -114.7783694
energy/site = -0.1304299653
43.9348% accepted

energy = -667.6842289
energy/site = -0.7587320783
43.7468% accepted

energy = -3.033794635
energy/site = -0.003447493903
43.729% accepted

energy = -190.9443661
energy/site = -0.2169822342
43.8996% accepted

energy = -9.505697923
energy/site = -0.01080192946
43.801% accepted

energy = -1.537226032
energy/site = -0.001746847764
43.7139% accepted

energy = -0.2336411129
energy/site = -0.0002655012646
43.9887% accepted

energy = -2358.548317
energy/site = -2.680168542
43.8297% accepted

energy = -13.21313898
energy/site = -0.01501493066
43.8647% accepted

energy = -3.697836881
energy/site = -0.004202087365
44.0029% accepted

energy = -70.9943997
energy/site = -0.0806754542
43.8805% accepted

energy = -34.93360951
energy/site = -0.03969728354
43.717% accepted

energy = -53.82408096
energy/site = -0.06116372837
43.8831% accepted

energy = -21.9841302
energy/site = -0.02498196614
44.026% accepted

energy = -104.8896913
energy/site = -0.1191928311
43.7702% accepted

energy = -2.772570885
energy/site = -0.003150648733
43.9102% accepted

energy = -10.09608584
energy/site = -0.01147282482
43.8257% accepted

energy = -471.5565514
energy/site = -0.5358597175
43.917% accepted

energy = -3.173256909
energy/site = -0.00360597376
43.7863% accepted

energy = -2400.745822
energy/site = -2.728120253
43.9574% accepted

energy = -21.78342436
energy/site = -0.02475389132
44.0032% accepted

energy = -3.492226682
energy/site = -0.003968439412
43.7845% accepted

energy = -4.14766694
energy/site = -0.004713257887
43.8531% accepted

energy = -207.9151573
energy/site = -0.2362672242
43.7617% accepted

energy = -293.0588059
energy/site = -0.3330213703
43.7385% accepted

energy = -91.2770731
energy/site = -0.1037239467
43.8722% accepted

energy = -103.4009583
energy/site = -0.117501089
43.8243% accepted

energy = -2.200279614
energy/site = -0.002500317743
43.7983% accepted

energy = -2.957921865
energy/site = -0.003361274847
43.7875% accepted

energy = -1.810753317
energy/site = -0.002057674224
43.9608% accepted

energy = -3.125477087
energy/site = -0.003551678507
43.8896% accepted

energy = -281.7791716
energy/site = -0.3202036041
43.8583% accepted

energy = -6.987561154
energy/site = -0.007940410402
43.8235% accepted

energy = -10.72103598
energy/site = -0.01218299543
43.7075% accepted

energy = -859.3498629
energy/site = -0.9765339352
43.9138% accepted

energy = -9.654711217
energy/site = -0.01097126275
43.9906% accepted

energy = -70.35320709
energy/site = -0.07994682624
43.9262% accepted

energy = -40.80004742
energy/site = -0.04636369025
43.7913% accepted

energy = -4.355808485
energy/site = -0.004949782369
43.8789% accepted

energy = -3.86436043
energy/site = -0.00439131867
43.974% accepted

energy = -11.62977233
energy/site = -0.01321565038
43.7532% accepted

energy = -1382.451136
energy/site = -1.5709672
43.8752% accepted

energy = -3.817139064
energy/site = -0.004337658027
43.7976% accepted

energy = -4.992640925
energy/site = -0.005673455597
43.8311% accepted

energy = -19.32098221
energy/site = -0.02195566161
43.8306% accepted

energy = -4.349813465
energy/site = -0.004942969847
43.7983% accepted

energy = -890.2896864
energy/site = -1.011692825
43.7242% accepted

energy = -2.490185777
energy/site = -0.002829756565
43.7321% accepted

energy = -8.868816342
energy/site = -0.01007820039
43.8907% accepted

energy = -11.58906401
energy/site = -0.01316939092
43.9219% accepted

energy = -190.8722903
energy/site = -0.2169003299
43.811% accepted

energy = -16447.97349
energy/site = -18.69087897
43.8509% accepted

energy = -438.7903464
energy/site = -0.4986253937
43.8383% accepted

energy = -31.3880318
energy/site = -0.03566821795
43.7732% accepted

energy = -20.21282063
energy/site = -0.02296911435
43.9936% accepted

energy = -256.4415486
energy/site = -0.2914108507
43.9114% accepted

energy = -23.3163273
energy/site = -0.02649582647
43.9879% accepted

energy = -1090.895992
energy/site = -1.239654536
43.821% accepted

energy = -10.34306171
energy/site = -0.01175347921
43.7555% accepted

energy = -1.861664907
energy/site = -0.002115528304
43.8742% accepted

energy = -160.7411492
energy/site = -0.1826603968
43.8318% accepted

energy = -284.9704477
energy/site = -0.3238300542
43.8834% accepted

energy = -4.656361978
energy/site = -0.00529132043
43.8731% accepted

energy = -1274.457393
energy/site = -1.448247038
43.8686% accepted

energy = -13.60248214
energy/site = -0.01545736606
43.6362% accepted

energy = -8.938644605
energy/site = -0.01015755069
43.8314% accepted

energy = -51.66943236
energy/site = -0.05871526404
43.8879% accepted

energy = -165.0465029
energy/site = -0.1875528442
43.8355% accepted

energy = -10.09261285
energy/site = -0.01146887824
43.7797% accepted

energy = -1.095961341
energy/site = -0.001245410615
43.664% accepted

energy = -121.3576253
energy/site = -0.1379063924
43.7472% accepted

energy = -31.18931443
energy/site = -0.03544240276
43.9658% accepted

energy = -81.0119421
energy/site = -0.09205902512
43.8798% accepted

energy = -22.9399652
energy/site = -0.02606814227
43.7116% accepted

energy = -49.05342964
energy/site = -0.05574253368
43.8221% accepted

energy = -86.34028685
energy/site = -0.09811396233
43.9201% accepted

energy = -11.84810681
energy/site = -0.01346375774
43.8041% accepted

User defined signal 2

------------------------------------------------------------
Sender: LSF System <lsfadmin@wha673>
Subject: Job 3908581: <./torus13> Exited

Job <./torus13> was submitted from host <wha780> by user <akallin>.
Job was executed on host(s) <wha673>, in queue <serial>, as user <akallin>.
</home/akallin> was used as the home directory.
</work/akallin/TORUS/OBC/11leg/13> was used as the working directory.
Started at Sat Jun 26 17:02:15 2010
Results reported at Sat Jul  3 16:39:44 2010

Your job looked like:

------------------------------------------------------------
# LSBATCH: User input
./torus13
------------------------------------------------------------

TERM_RUNLIMIT: job killed after reaching LSF run time limit.
Exited with exit code 140.

Resource usage summary:

    CPU time   : 414131.00 sec.
    Max Memory :         6 MB
    Max Swap   :       122 MB

    Max Processes  :         4
    Max Threads    :         4

The output (if any) is above this job summary.


weighting by <swap_x> where x = 13
11 x 40 x 1 system
r   = 3  bondops changed per step 
n/N = 80  bond operators / site
its = 1000000  iterations/loop for 100000 loops

energy = -42.41531544
energy/site = -0.0481992221
43.8945% accepted

energy = -4.603729133
energy/site = -0.005231510379
43.8112% accepted

energy = -22.80525268
energy/site = -0.02591505987
43.9413% accepted

energy = -334.7002079
energy/site = -0.3803411454
43.9619% accepted

energy = -340.8662575
energy/site = -0.3873480199
43.9063% accepted

energy = -12.72511519
energy/site = -0.01446035818
43.8827% accepted

energy = -104.4759887
energy/site = -0.1187227144
43.8679% accepted

energy = -894.4695658
energy/site = -1.016442688
43.779% accepted

energy = -10.66462195
energy/site = -0.01211888858
43.8655% accepted

energy = -0.6427905436
energy/site = -0.0007304437996
43.6728% accepted

energy = -17.79550018
energy/site = -0.02022215929
43.8715% accepted

energy = -1817.060357
energy/site = -2.064841314
43.848% accepted

energy = -399.1161907
energy/site = -0.4535411257
43.8253% accepted

energy = -11.42877858
energy/site = -0.01298724839
43.8213% accepted

energy = -10.30863817
energy/site = -0.01171436156
43.7711% accepted

energy = -308.3115914
energy/site = -0.3503540811
43.8384% accepted

energy = -34.4609073
energy/site = -0.03916012193
43.8451% accepted

energy = -1811.773843
energy/site = -2.058833912
43.9178% accepted

energy = -88.38355077
energy/site = -0.1004358532
43.857% accepted

energy = -120.0910254
energy/site = -0.1364670743
43.9331% accepted

energy = -2508.990348
energy/site = -2.851125396
43.846% accepted

energy = -1.296093649
energy/site = -0.001472833692
43.7539% accepted

energy = -64.2399303
energy/site = -0.0729999208
43.8387% accepted

energy = -6.799894571
energy/site = -0.007727152921
43.9657% accepted

energy = -1081.326822
energy/site = -1.22878048
43.8903% accepted

energy = -14.24456061
energy/site = -0.01618700069
43.8001% accepted

energy = -3.244887905
energy/site = -0.003687372619
43.8659% accepted

energy = -37.31434263
energy/site = -0.04240266208
43.7554% accepted

energy = -103.8920158
energy/site = -0.1180591089
43.9694% accepted

energy = -39.99777122
energy/site = -0.04545201275
43.8992% accepted

energy = -54.98303628
energy/site = -0.06248072304
43.9952% accepted

energy = -3.475159561
energy/site = -0.003949044956
43.8912% accepted

energy = -220.286845
energy/site = -0.2503259602
43.8421% accepted

energy = -135.7415235
energy/site = -0.1542517312
43.7839% accepted

energy = -199.4935674
energy/site = -0.2266972357
43.9591% accepted

energy = -29.47295079
energy/site = -0.03349198954
43.8889% accepted

energy = -566.4163999
energy/site = -0.6436549999
43.7015% accepted

energy = -10.54375216
energy/site = -0.01198153654
43.8866% accepted

energy = -2.290328343
energy/site = -0.002602645844
43.813% accepted

energy = -17.6574544
energy/site = -0.02006528909
43.7692% accepted

energy = -21.5070259
energy/site = -0.02443980216
43.8998% accepted

energy = -156.1092394
energy/site = -0.177396863
43.8341% accepted

energy = -2819.524812
energy/site = -3.204005468
43.8941% accepted

energy = -70.73003513
energy/site = -0.08037503993
43.6816% accepted

energy = -2.355640837
energy/site = -0.002676864587
43.7538% accepted

energy = -14.02839498
energy/site = -0.01594135793
43.8546% accepted

energy = -7.809533952
energy/site = -0.0088744704
43.8847% accepted

energy = -83.09386675
energy/site = -0.09442484858
43.7952% accepted

energy = -13.92193991
energy/site = -0.01582038627
43.8629% accepted

energy = -105242.1848
energy/site = -119.5933919
43.8182% accepted

energy = -1121.283284
energy/site = -1.274185551
43.8537% accepted

energy = -106.8311692
energy/site = -0.1213990559
43.8238% accepted

energy = -31.39312029
energy/site = -0.03567400033
43.8587% accepted

energy = -1360.920899
energy/site = -1.546501022
43.8572% accepted

energy = -6.547349913
energy/site = -0.007440170355
43.8119% accepted

energy = -4.422065575
energy/site = -0.005025074517
43.8221% accepted

energy = -175.8562849
energy/site = -0.1998366874
43.835% accepted

energy = -0.1031592179
energy/site = -0.000117226384
43.7347% accepted

energy = -24.20128236
energy/site = -0.02750145723
43.8208% accepted

energy = -11.67453809
energy/site = -0.01326652056
43.9452% accepted

energy = -4.415315158
energy/site = -0.005017403589
43.7524% accepted

energy = -470.6080332
energy/site = -0.534781856
43.8616% accepted

energy = -132.1578918
energy/site = -0.1501794225
44.0433% accepted

energy = -56.31865356
energy/site = -0.06399846996
43.8047% accepted

energy = -49.65268158
energy/site = -0.0564235018
43.7574% accepted

energy = -1.805516067
energy/site = -0.002051722803
43.8482% accepted

energy = -49.14820084
energy/site = -0.05585022822
43.7973% accepted

energy = -1799.974596
energy/site = -2.045425677
43.9143% accepted

energy = -312143.616
energy/site = -354.7086545
43.8391% accepted

energy = -7.616010265
energy/site = -0.00865455712
43.9961% accepted

energy = -70.50074177
energy/site = -0.08011447928
44.031% accepted

energy = -15.48509403
energy/site = -0.01759669776
43.8703% accepted

energy = -13.51512318
energy/site = -0.01535809452
43.8288% accepted

energy = -317.9368525
energy/site = -0.3612918779
43.8228% accepted

energy = -93.90527063
energy/site = -0.1067105348
43.7229% accepted

energy = -434.462188
energy/site = -0.4937070318
43.8202% accepted

energy = -372.7593237
energy/site = -0.4235901406
43.7895% accepted

energy = -40.83667602
energy/site = -0.04640531366
43.915% accepted

energy = -36.99711385
energy/site = -0.04204217483
43.7331% accepted

energy = -3.927800158
energy/site = -0.004463409271
43.8944% accepted

energy = -312.2035788
energy/site = -0.3547767941
43.7834% accepted

energy = -1.024194326
energy/site = -0.001163857189
43.8089% accepted

energy = -257.1569268
energy/site = -0.2922237804
43.9925% accepted

energy = -71.2973472
energy/site = -0.08101971272
43.7615% accepted

energy = -1174.688908
energy/site = -1.334873759
43.8606% accepted

energy = -1.537000585
energy/site = -0.001746591574
43.9237% accepted

energy = -89.88438223
energy/site = -0.1021413434
43.974% accepted

energy = -23.16051467
energy/site = -0.02631876667
43.8499% accepted

energy = -455.7125898
energy/site = -0.5178552156
43.7971% accepted

energy = -2.837638389
energy/site = -0.003224589079
43.8899% accepted

energy = -62525.7217
energy/site = -71.05195648
43.8838% accepted

energy = -1465.740958
energy/site = -1.665614725
43.9636% accepted

energy = -349.2799309
energy/site = -0.3969090123
43.9521% accepted

energy = -31.78418463
energy/site = -0.03611839162
43.8255% accepted

energy = -29.97158449
energy/site = -0.03405861874
43.8569% accepted

energy = -270.3451376
energy/site = -0.3072103836
43.7779% accepted

energy = -20.46326368
energy/site = -0.02325370873
43.809% accepted

energy = -1.454547937
energy/site = -0.001652895382
43.6925% accepted

energy = -156.5960788
energy/site = -0.1779500896
43.7756% accepted

energy = -88.52288895
energy/site = -0.100594192
43.9615% accepted

energy = -13.71456499
energy/site = -0.01558473295
44.027% accepted

energy = -1869.893619
energy/site = -2.124879112
43.7998% accepted

energy = -73.83615401
energy/site = -0.08390472046
43.9373% accepted

energy = -355.014229
energy/site = -0.4034252603
43.7632% accepted

energy = -8.265817662
energy/site = -0.009392974616
43.9364% accepted

energy = -25.52424763
energy/site = -0.02900482685
43.9254% accepted

energy = -176.0223325
energy/site = -0.2000253779
43.7662% accepted

energy = -136.6855623
energy/site = -0.1553245026
43.9555% accepted

energy = -5.927165651
energy/site = -0.006735415513
43.7663% accepted

energy = -27.1342676
energy/site = -0.030834395
43.9703% accepted

energy = -1451.714859
energy/site = -1.649675976
43.7346% accepted

energy = -0.2569476065
energy/site = -0.0002919859165
43.9195% accepted

energy = -5.737874451
energy/site = -0.006520311876
43.8536% accepted

energy = -702.3267568
energy/site = -0.7980985873
43.7498% accepted

energy = -8.965264138
energy/site = -0.01018780016
43.9731% accepted

energy = -9.55967415
energy/site = -0.01086326608
43.8084% accepted

energy = -1066.207024
energy/site = -1.211598891
44.0173% accepted

energy = -3.682580548
energy/site = -0.004184750623
43.9471% accepted

energy = -435.6537614
energy/site = -0.4950610925
43.6938% accepted

energy = -52.10393955
energy/site = -0.05920902222
43.9935% accepted

energy = -1.570190315
energy/site = -0.001784307176
43.8525% accepted

energy = -52.55341257
energy/site = -0.05971978701
43.8835% accepted

energy = -2904.320138
energy/site = -3.300363793
43.87% accepted

energy = -54.99457223
energy/site = -0.06249383208
44.0018% accepted

energy = -77.91117514
energy/site = -0.08853542629
43.8691% accepted

energy = -350.8330472
energy/site = -0.3986739173
43.9921% accepted

energy = -54.90071067
energy/site = -0.06238717122
43.7519% accepted

energy = -820.2351327
energy/site = -0.932085378
43.8889% accepted

energy = -200.431317
energy/site = -0.2277628603
43.9028% accepted

energy = -575.2770955
energy/site = -0.6537239722
43.6717% accepted

energy = -438.3039675
energy/site = -0.4980726903
43.9549% accepted

energy = -14.13420586
energy/site = -0.01606159757
43.7151% accepted

energy = -1.039454957
energy/site = -0.001181198815
43.8345% accepted

energy = -2.026075806
energy/site = -0.002302358871
43.8008% accepted

energy = -3.429611237
energy/site = -0.003897285497
43.9169% accepted

energy = -1.110259275
energy/site = -0.001261658267
43.8105% accepted

energy = -7.335714409
energy/site = -0.008336039102
43.7537% accepted

energy = -43.13009906
energy/site = -0.0490114762
43.7872% accepted

energy = -4210.970897
energy/site = -4.785194201
43.8598% accepted

energy = -8.798951682
energy/site = -0.00999880873
43.9419% accepted

energy = -1501.416829
energy/site = -1.706155487
43.8489% accepted

energy = -92.68394521
energy/site = -0.105322665
43.7786% accepted

energy = -2126.458567
energy/site = -2.416430189
43.8932% accepted

energy = -9.480829369
energy/site = -0.01077366974
43.9175% accepted

energy = -72.37379366
energy/site = -0.08224294734
43.8935% accepted

energy = -25.7109313
energy/site = -0.02921696739
43.8099% accepted

energy = -15.65651792
energy/site = -0.01779149764
43.7232% accepted

energy = -152.3175406
energy/site = -0.1730881143
43.9859% accepted

energy = -4.826887255
energy/site = -0.005485099153
43.8294% accepted

energy = -19.13722926
energy/site = -0.02174685143
43.8329% accepted

energy = -41.36190538
energy/site = -0.0470021652
43.8774% accepted

energy = -3149.814804
energy/site = -3.579335005
43.8989% accepted

energy = -205.3427555
energy/site = -0.2333440403
43.7944% accepted

energy = -6.387768713
energy/site = -0.007258828083
43.7803% accepted

energy = -52.67708368
energy/site = -0.05986032236
43.7857% accepted

energy = -8.051753339
energy/site = -0.009149719703
43.8673% accepted

energy = -1364.902123
energy/site = -1.55102514
43.951% accepted

energy = -55.62770693
energy/site = -0.06321330334
43.809% accepted

energy = -8.988275288
energy/site = -0.01021394919
43.8931% accepted

energy = -8.472790068
energy/site = -0.009628170532
43.9344% accepted

energy = -10.62565027
energy/site = -0.01207460258
43.9647% accepted

energy = -1.811631932
energy/site = -0.002058672651
43.7439% accepted

energy = -40.37735127
energy/site = -0.04588335372
43.7623% accepted

energy = -15.91200177
energy/site = -0.0180818202
43.9372% accepted

energy = -63.60901197
energy/site = -0.07228296814
43.9056% accepted

energy = -70.1002336
energy/site = -0.07965935637
43.8789% accepted

energy = -41.67229233
energy/site = -0.04735487765
43.9922% accepted

energy = -44.24152135
energy/site = -0.05027445608
43.8254% accepted

energy = -2.018495637
energy/site = -0.002293745042
43.821% accepted

energy = -5.167031485
energy/site = -0.005871626688
43.7877% accepted

energy = -13133.12925
energy/site = -14.92401051
43.9474% accepted

energy = -93.57812289
energy/site = -0.106338776
43.9334% accepted

energy = -6.070559632
energy/site = -0.006898363218
43.8354% accepted

energy = -652.5728777
energy/site = -0.7415600883
43.9125% accepted

energy = -276.8813737
energy/site = -0.3146379246
43.6533% accepted

energy = -7.214761057
energy/site = -0.008198592111
43.8375% accepted

energy = -22.36811758
energy/site = -0.02541831543
43.6669% accepted

energy = -16.28526142
energy/site = -0.01850597889
43.9275% accepted

energy = -11.81419111
energy/site = -0.01342521717
43.9712% accepted

energy = -32.21956041
energy/site = -0.03661313683
43.7028% accepted

energy = -5.972254501
energy/site = -0.006786652843
43.7767% accepted

energy = -124.0815915
energy/site = -0.1410018085
43.8803% accepted

energy = -30.29059363
energy/site = -0.03442112913
43.8506% accepted

energy = -56.8195305
energy/site = -0.0645676483
43.8446% accepted

energy = -2.703528467
energy/site = -0.00307219144
43.9138% accepted

energy = -13.29616459
energy/site = -0.01510927794
43.7628% accepted

energy = -16.33775304
energy/site = -0.01856562845
44.0356% accepted

energy = -52.32057762
energy/site = -0.05945520184
43.6957% accepted

energy = -11.12780697
energy/site = -0.01264523519
43.8512% accepted

energy = -3.958547379
energy/site = -0.004498349294
43.7621% accepted

energy = -2.034969056
energy/site = -0.002312464836
43.7382% accepted

energy = -17.53331621
energy/site = -0.01992422297
43.7503% accepted

energy = -2.132426955
energy/site = -0.002423212449
43.9339% accepted

energy = -96.76293227
energy/site = -0.1099578776
43.7755% accepted

energy = -6.587898794
energy/site = -0.007486248629
43.9341% accepted

energy = -300.4735972
energy/site = -0.3414472695
43.9256% accepted

energy = -18.28810338
energy/site = -0.02078193565
43.9429% accepted

energy = -73.89315974
energy/site = -0.0839694997
43.9572% accepted

energy = -21.77468315
energy/site = -0.02474395812
43.9156% accepted

energy = -2.92847024
energy/site = -0.003327807091
43.8734% accepted

energy = -0.2206061288
energy/site = -0.0002506887827
43.8642% accepted

energy = -38.60856941
energy/site = -0.04387337433
43.755% accepted

energy = -12.4908274
energy/site = -0.01419412205
43.7487% accepted


------------------------------------------------------------
Sender: LSF System <lsfadmin@wha619>
Subject: Job 5120782: <./torus13> Exited

Job <./torus13> was submitted from host <wha780> by user <akallin>.
Job was executed on host(s) <wha619>, in queue <serial>, as user <akallin>.
</home/akallin> was used as the home directory.
</work/akallin/TORUS/OBC/11leg/13> was used as the working directory.
Started at Wed Jul 21 18:01:18 2010
Results reported at Wed Jul 28 18:00:22 2010

Your job looked like:

------------------------------------------------------------
# LSBATCH: User input
./torus13
------------------------------------------------------------

Exited
The output (if any) is above this job summary.


weighting by <swap_x> where x = 13
11 x 40 x 1 system
r   = 3  bondops changed per step 
n/N = 80  bond operators / site
its = 1000000  iterations/loop for 100000 loops

energy = -12.6068583
energy/site = -0.01432597535
43.8778% accepted

energy = -2.043746681
energy/site = -0.00232243941
43.8541% accepted

energy = -2.249501696
energy/site = -0.002556251927
44.0067% accepted

energy = -14.62350619
energy/site = -0.01661762067
43.7534% accepted

energy = -41.20447261
energy/site = -0.04682326433
43.8976% accepted

energy = -23.57935912
energy/site = -0.02679472628
43.7673% accepted

energy = -56158.74536
energy/site = -63.81675609
43.6543% accepted

energy = -3.009891514
energy/site = -0.003420331266
43.8798% accepted

energy = -17.59290852
energy/site = -0.0199919415
44.0363% accepted

energy = -4.838845588
energy/site = -0.005498688168
43.6983% accepted

energy = -4.111080734
energy/site = -0.004671682652
43.775% accepted

energy = -15.11656672
energy/site = -0.01717791673
43.8839% accepted

energy = -26.85975438
energy/site = -0.03052244816
43.7759% accepted

energy = -10.46389494
energy/site = -0.0118907897
43.9912% accepted

energy = -16.26178299
energy/site = -0.01847929885
43.9036% accepted

energy = -382.1246378
energy/site = -0.434232543
43.8682% accepted

energy = -3734.035831
energy/site = -4.243222536
43.7023% accepted

energy = -8.079522133
energy/site = -0.009181275151
43.7923% accepted

energy = -504.4222033
energy/site = -0.5732070493
43.7394% accepted

energy = -338.2138035
energy/site = -0.3843338676
43.786% accepted

energy = -44.24461352
energy/site = -0.05027796991
43.8327% accepted

energy = -40.03642639
energy/site = -0.04549593908
43.7187% accepted

energy = -200.6446179
energy/site = -0.2280052477
43.7203% accepted

energy = -6.222300419
energy/site = -0.007070795931
43.858% accepted

energy = -2.769626712
energy/site = -0.003147303082
43.9837% accepted

energy = -33.61365528
energy/site = -0.03819733555
43.8667% accepted

energy = -67.17260678
energy/site = -0.07633250771
43.9649% accepted

energy = -58.13681618
energy/site = -0.06606456384
43.8274% accepted

energy = -366.221772
energy/site = -0.4161611046
44.0312% accepted

energy = -78.09461316
energy/site = -0.08874387859
43.9264% accepted

energy = -1699.991374
energy/site = -1.931808379
43.8877% accepted

energy = -50.11202194
energy/site = -0.05694547948
43.8122% accepted

energy = -1487.732562
energy/site = -1.690605184
43.9588% accepted

energy = -18.09470753
energy/site = -0.02056216765
43.8762% accepted

energy = -1.63540584
energy/site = -0.001858415727
44.0132% accepted

energy = -161.3961399
energy/site = -0.1834047045
43.8864% accepted

energy = -4.512764121
energy/site = -0.005128141047
43.7869% accepted

energy = -266.6202333
energy/site = -0.3029775378
43.9101% accepted

energy = -78.75119519
energy/site = -0.08948999453
43.896% accepted

energy = -3695.437412
energy/site = -4.199360696
43.8417% accepted

energy = -410.5036334
energy/site = -0.4664814016
43.8187% accepted

energy = -0.9316670318
energy/site = -0.001058712536
43.765% accepted

energy = -28.33726069
energy/site = -0.0322014326
43.7605% accepted

energy = -23.33531201
energy/site = -0.02651740001
43.6951% accepted

energy = -0.2307238678
energy/site = -0.0002621862134
43.8735% accepted

energy = -20.31708309
energy/site = -0.02308759442
43.8376% accepted

energy = -49.90539861
energy/site = -0.05671068024
43.844% accepted

energy = -178.6233569
energy/site = -0.2029810874
43.835% accepted

energy = -97.72303519
energy/site = -0.1110489036
43.9535% accepted

energy = -890.2779854
energy/site = -1.011679529
43.7765% accepted

energy = -19.90617544
energy/site = -0.02262065391
43.883% accepted

energy = -4.969097996
energy/site = -0.005646702269
43.8616% accepted

energy = -1184.772405
energy/site = -1.346332279
43.7501% accepted

energy = -36.39977321
energy/site = -0.04136337865
43.9544% accepted

energy = -266.9316522
energy/site = -0.3033314229
43.9577% accepted

energy = -2.180242588
energy/site = -0.002477548396
43.6888% accepted

energy = -42.10894664
energy/site = -0.04785107573
43.7783% accepted

energy = -154.8597757
energy/site = -0.1759770178
43.6811% accepted

energy = -2.014133222
energy/site = -0.002288787752
43.8479% accepted

energy = -169.2911937
energy/site = -0.1923763565
44.0574% accepted

energy = -7518.21037
energy/site = -8.543420875
43.8613% accepted

energy = -156.2643998
energy/site = -0.1775731816
43.8743% accepted

energy = -9.964211999
energy/site = -0.01132296818
43.8206% accepted

energy = -7.8053982
energy/site = -0.008869770681
43.8621% accepted

energy = -39.76853945
energy/site = -0.04519152211
43.7162% accepted

energy = -285.4299368
energy/site = -0.3243522009
43.9123% accepted

energy = -16.21116659
energy/site = -0.01842178021
43.801% accepted

energy = -1.611354113
energy/site = -0.00183108422
43.8644% accepted

energy = -77.37848351
energy/site = -0.0879300949
43.8015% accepted

energy = -2.910622772
energy/site = -0.003307525877
43.9231% accepted

energy = -0.902762948
energy/site = -0.001025866986
43.9122% accepted

energy = -8.901231787
energy/site = -0.01011503612
43.7342% accepted

energy = -26.31248741
energy/site = -0.02990055387
43.9372% accepted

energy = -329.2623852
energy/site = -0.3741618014
43.9423% accepted

energy = -59.07317571
energy/site = -0.06712860877
43.6641% accepted

energy = -95.66238759
energy/site = -0.1087072586
43.8511% accepted

energy = -245.5843656
energy/site = -0.2790731427
43.8639% accepted

energy = -296.3539046
energy/site = -0.3367658007
43.9857% accepted

energy = -2252.958911
energy/site = -2.560180581
43.7515% accepted

energy = -86.03705431
energy/site = -0.0977693799
43.8265% accepted

energy = -5.986540532
energy/site = -0.006802886968
43.8284% accepted

energy = -518.8542359
energy/site = -0.5896070863
43.8833% accepted

energy = -310.6466364
energy/site = -0.3530075414
43.7903% accepted

energy = -32.60766445
energy/site = -0.03705416415
43.8004% accepted

energy = -5.646002317
energy/site = -0.006415911723
43.8169% accepted

energy = -121.585456
energy/site = -0.138165291
43.8908% accepted

energy = -124.004284
energy/site = -0.140913959
43.8238% accepted

energy = -35.04560722
energy/site = -0.03982455366
43.8954% accepted

energy = -131983.1672
energy/site = -149.9808718
43.8614% accepted

energy = -33.98393827
energy/site = -0.03861811167
43.8959% accepted

energy = -104.3237244
energy/site = -0.1185496868
43.8196% accepted

energy = -178.4172521
energy/site = -0.2027468774
43.8403% accepted

energy = -17.71857671
energy/site = -0.02013474626
43.7546% accepted

energy = -12.04522472
energy/site = -0.01368775536
43.9603% accepted

energy = -953.952157
energy/site = -1.084036542
43.7909% accepted

energy = -54.66853397
energy/site = -0.06212333406
43.8603% accepted

energy = -18.24163075
energy/site = -0.02072912586
43.8312% accepted

energy = -146.0869452
energy/site = -0.1660078923
43.7112% accepted

energy = -33.30814392
energy/site = -0.03785016354
43.8187% accepted

energy = -201.9727633
energy/site = -0.2295145038
43.929% accepted

energy = -23.0759675
energy/site = -0.02622269034
43.9028% accepted

energy = -115.7189493
energy/site = -0.1314988061
43.7919% accepted

energy = -536.1724185
energy/site = -0.6092868392
43.8909% accepted

energy = -2.857263358
energy/site = -0.00324689018
43.8184% accepted

energy = -47.63793993
energy/site = -0.05413402265
43.7906% accepted

energy = -69.51362983
energy/site = -0.07899276117
43.9699% accepted

energy = -168.3147591
energy/site = -0.1912667717
43.9819% accepted

energy = -625.5158381
energy/site = -0.7108134523
43.9121% accepted

energy = -5.145615458
energy/site = -0.005847290294
43.9098% accepted

energy = -2.535536678
energy/site = -0.00288129168
43.8031% accepted

energy = -5.061144924
energy/site = -0.00575130105
43.9278% accepted

energy = -107.9386482
energy/site = -0.1226575547
43.8762% accepted

energy = -4.786972238
energy/site = -0.00543974118
43.7459% accepted

energy = -53.20608379
energy/site = -0.06046145885
43.8493% accepted

energy = -8.050234383
energy/site = -0.009147993617
43.9662% accepted

energy = -4.797671937
energy/site = -0.005451899929
43.7616% accepted

energy = -0.3302128606
energy/site = -0.000375241887
43.7743% accepted

energy = -79.21920794
energy/site = -0.0900218272
43.9051% accepted

energy = -56.85188085
energy/site = -0.06460441006
43.9924% accepted

energy = -132.5146452
energy/site = -0.1505848241
43.84% accepted

energy = -41.82596956
energy/site = -0.04752951087
43.7701% accepted

energy = -4.230217348
energy/site = -0.004807065168
43.8526% accepted

energy = -192.4389959
energy/site = -0.2186806771
43.7308% accepted

energy = -357.9133649
energy/site = -0.4067197328
43.816% accepted

energy = -1959.021991
energy/site = -2.226161354
43.9479% accepted

energy = -87.77473179
energy/site = -0.0997440134
44.0088% accepted

energy = -12.76229729
energy/site = -0.01450261056
43.911% accepted

energy = -39.37715747
energy/site = -0.04474676985
43.8876% accepted

energy = -176.3081544
energy/site = -0.2003501755
44.0403% accepted

energy = -2.534473441
energy/site = -0.002880083456
43.8156% accepted

energy = -1282.538731
energy/site = -1.457430376
43.8235% accepted

energy = -5.710399317
energy/site = -0.006489090132
43.7057% accepted

energy = -1508.233556
energy/site = -1.713901768
43.7419% accepted

energy = -118.4011144
energy/site = -0.1345467209
43.8578% accepted

energy = -29.8921285
energy/site = -0.03396832784
44.0639% accepted

energy = -4.71778676
energy/site = -0.005361121319
43.9527% accepted

energy = -81.17177377
energy/site = -0.09224065201
43.7974% accepted

energy = -391.6619313
energy/site = -0.4450703765
43.7652% accepted

energy = -50.98214726
energy/site = -0.05793425825
43.7935% accepted

energy = -14.41487927
energy/site = -0.01638054463
43.7963% accepted

energy = -3.13366562
energy/site = -0.003560983659
43.9563% accepted

energy = -1930.693256
energy/site = -2.193969609
44.0322% accepted

energy = -4.37661442
energy/site = -0.004973425477
43.8582% accepted

energy = -2.933916979
energy/site = -0.003333996567
43.9434% accepted

energy = -22.92606673
energy/site = -0.02605234856
43.8635% accepted

energy = -6.659529102
energy/site = -0.007567646707
43.7911% accepted

energy = -5774.720013
energy/site = -6.562181833
43.7305% accepted

energy = -8.609746507
energy/site = -0.009783802848
43.7904% accepted

energy = -17.54565789
energy/site = -0.0199382476
43.8053% accepted

energy = -319.0634926
energy/site = -0.3625721507
43.8044% accepted

energy = -264.1712578
energy/site = -0.3001946111
43.8724% accepted

energy = -20.54370834
energy/site = -0.02334512311
43.7415% accepted

energy = -12.93098459
energy/site = -0.01469430067
43.9311% accepted

energy = -10.36864306
energy/site = -0.01178254893
43.8113% accepted

energy = -343.8393657
energy/site = -0.3907265519
43.8545% accepted

energy = -57.31912009
energy/site = -0.06513536374
43.8369% accepted

energy = -11.21588704
energy/site = -0.01274532618
43.9273% accepted

energy = -404.738373
energy/site = -0.4599299693
43.7377% accepted

energy = -4.115151878
energy/site = -0.004676308953
43.756% accepted

energy = -132.2633273
energy/site = -0.1502992356
43.8789% accepted

energy = -2.281236424
energy/site = -0.002592314118
43.8364% accepted

energy = -58.96124944
energy/site = -0.06700141982
43.9286% accepted

energy = -135.312036
energy/site = -0.1537636772
43.9358% accepted

energy = -0.7194965219
energy/site = -0.000817609684
43.8349% accepted

energy = -7.422265379
energy/site = -0.008434392476
43.9199% accepted

energy = -5.173082778
energy/site = -0.005878503156
43.9211% accepted

energy = -97.16212846
energy/site = -0.1104115096
43.9868% accepted

energy = -255.389673
energy/site = -0.2902155375
43.8312% accepted

energy = -225.2982863
energy/site = -0.2560207798
43.9396% accepted

energy = -32.5353831
energy/site = -0.03697202624
43.8307% accepted

energy = -2.507220085
energy/site = -0.002849113733
43.9712% accepted

energy = -78.33798909
energy/site = -0.08902044215
43.7501% accepted

energy = -46.68013784
energy/site = -0.05304561118
43.8333% accepted

energy = -0.568646058
energy/site = -0.0006461887022
43.9816% accepted

energy = -1.706912243
energy/site = -0.001939673004
43.8076% accepted

energy = -11.02734574
energy/site = -0.0125310747
43.9438% accepted

energy = -228.5194807
energy/site = -0.259681228
43.874% accepted

energy = -152.7433807
energy/site = -0.1735720235
43.9495% accepted

energy = -33.33961182
energy/site = -0.03788592252
43.9409% accepted

energy = -24.46875424
energy/site = -0.02780540255
43.9746% accepted

energy = -3.055915558
energy/site = -0.003472631316
43.8502% accepted

energy = -3.49429809
energy/site = -0.003970793285
43.9703% accepted

energy = -209.8906844
energy/site = -0.2385121414
43.9264% accepted

energy = -10.09334649
energy/site = -0.01146971192
43.8871% accepted

energy = -3127.349499
energy/site = -3.553806249
43.9193% accepted

energy = -255.4717634
energy/site = -0.290308822
43.8692% accepted

energy = -878.8561514
energy/site = -0.998700172
43.9614% accepted

energy = -59.40195529
energy/site = -0.06750222193
43.7865% accepted

energy = -20.80814805
energy/site = -0.02364562278
43.9324% accepted

energy = -63.90955407
energy/site = -0.07262449326
43.82% accepted

energy = -474.3842449
energy/site = -0.5390730056
43.8557% accepted

energy = -13.05262458
energy/site = -0.01483252794
43.9058% accepted

energy = -76.16169242
energy/site = -0.08654737775
43.843% accepted

energy = -6.728883417
energy/site = -0.007646458428
43.7931% accepted

energy = -66.55032055
energy/site = -0.07562536426
43.8393% accepted

energy = -45.59856528
energy/site = -0.05181655145
43.8826% accepted

energy = -236.9358953
energy/site = -0.2692453355
43.8452% accepted

energy = -128.8613708
energy/site = -0.1464333759
43.7967% accepted

energy = -20.9476733
energy/site = -0.02380417421
43.7761% accepted

energy = -33.09315979
energy/site = -0.0376058634
43.7172% accepted

energy = -27.70448128
energy/site = -0.03148236509
43.8167% accepted

energy = -49.81656526
energy/site = -0.05660973325
43.7263% accepted

energy = -64.33575717
energy/site = -0.07310881497
43.8582% accepted

energy = -6.755973455
energy/site = -0.007677242562
43.9268% accepted

energy = -3.805237296
energy/site = -0.004324133291
43.9707% accepted

energy = -107.0753804
energy/site = -0.1216765687
43.88% accepted

energy = -4.829093423
energy/site = -0.005487606162
43.8344% accepted

energy = -9.007572496
energy/site = -0.01023587784
43.9006% accepted

energy = -347.7466654
energy/site = -0.3951666652
43.9377% accepted

energy = -4.035740007
energy/site = -0.004586068189
43.8575% accepted

User defined signal 2

------------------------------------------------------------
Sender: LSF System <lsfadmin@wha726>
Subject: Job 5493605: <./torus13> Exited

Job <./torus13> was submitted from host <wha781> by user <akallin>.
Job was executed on host(s) <wha726>, in queue <serial>, as user <akallin>.
</home/akallin> was used as the home directory.
</work/akallin/TORUS/OBC/11leg/13> was used as the working directory.
Started at Wed Aug 11 14:43:28 2010
Results reported at Wed Aug 18 15:01:39 2010

Your job looked like:

------------------------------------------------------------
# LSBATCH: User input
./torus13
------------------------------------------------------------

TERM_RUNLIMIT: job killed after reaching LSF run time limit.
Exited with exit code 140.

Resource usage summary:

    CPU time   : 396039.00 sec.
    Max Memory :         6 MB
    Max Swap   :       122 MB

    Max Processes  :         4
    Max Threads    :         4

The output (if any) is above this job summary.


weighting by <swap_x> where x = 13
11 x 40 x 1 system
r   = 3  bondops changed per step 
n/N = 80  bond operators / site
its = 1000000  iterations/loop for 100000 loops

