
weighting by <swap_x> where x = 18
10 x 40 x 1 system
r   = 3  bondops changed per step 
n/N = 80  bond operators / site
its = 1000000  iterations/loop for 100000 loops

energy = -7784.540793
energy/site = -9.730675991
44.8679% accepted

energy = -1.653374181
energy/site = -0.002066717727
43.9602% accepted

energy = -0.07087565412
energy/site = -8.859456765e-05
43.884% accepted

energy = -7.985957464
energy/site = -0.00998244683
43.7855% accepted

energy = -1.538675064
energy/site = -0.00192334383
43.8552% accepted

energy = -2.828051266
energy/site = -0.003535064083
43.9402% accepted

energy = -680.4749864
energy/site = -0.850593733
43.7789% accepted

energy = -0.8208572346
energy/site = -0.001026071543
43.8479% accepted

energy = -53.53538051
energy/site = -0.06691922563
43.8212% accepted

energy = -13.62074473
energy/site = -0.01702593091
43.7753% accepted

energy = -158.0168287
energy/site = -0.1975210359
43.9603% accepted

energy = -10.25071414
energy/site = -0.01281339267
44.0265% accepted

energy = -8.135996392
energy/site = -0.01016999549
43.8825% accepted

energy = -11.88611868
energy/site = -0.01485764835
43.8032% accepted

energy = -0.7096254688
energy/site = -0.000887031836
43.9378% accepted

energy = -2.509717607
energy/site = -0.003137147008
43.8484% accepted

energy = -34.69639974
energy/site = -0.04337049968
43.9361% accepted

energy = -15.52865744
energy/site = -0.0194108218
43.8308% accepted

energy = -2.505410723
energy/site = -0.003131763404
43.707% accepted

energy = -8.048609205
energy/site = -0.01006076151
43.7772% accepted

energy = -485.6635687
energy/site = -0.6070794609
43.7722% accepted

energy = -2.561595927
energy/site = -0.003201994908
43.8764% accepted

energy = -298.3929687
energy/site = -0.3729912109
43.8955% accepted

energy = -0.2843620157
energy/site = -0.0003554525196
43.8279% accepted

energy = -8.988003706
energy/site = -0.01123500463
43.9667% accepted

energy = -25.38918575
energy/site = -0.03173648218
43.7792% accepted

energy = -6.170578588
energy/site = -0.007713223235
43.898% accepted

energy = -3.953311038
energy/site = -0.004941638798
43.9021% accepted

energy = -15.28129068
energy/site = -0.01910161334
43.8951% accepted

energy = -134786.0187
energy/site = -168.4825234
43.6917% accepted

energy = -8.330777495
energy/site = -0.01041347187
43.9632% accepted

energy = -12549.76429
energy/site = -15.68720537
43.8473% accepted

energy = -58.40825788
energy/site = -0.07301032235
43.8062% accepted

energy = -29.73588732
energy/site = -0.03716985915
43.8368% accepted

energy = -0.4050278527
energy/site = -0.0005062848158
43.868% accepted

energy = -1.447073099
energy/site = -0.001808841373
43.7878% accepted

energy = -11.98403882
energy/site = -0.01498004853
43.8182% accepted

energy = -2.608259039
energy/site = -0.003260323799
43.7352% accepted

energy = -0.04464513582
energy/site = -5.580641978e-05
43.8834% accepted

energy = -5.361965507
energy/site = -0.006702456884
43.8352% accepted

energy = -0.6720124205
energy/site = -0.0008400155256
43.9403% accepted

energy = -13.37361488
energy/site = -0.01671701861
43.824% accepted

energy = -0.2133671199
energy/site = -0.0002667088999
43.9032% accepted

energy = -0.2112410866
energy/site = -0.0002640513582
43.8616% accepted

energy = -32.9719687
energy/site = -0.04121496088
43.9776% accepted

energy = -11.0475736
energy/site = -0.013809467
43.9752% accepted

energy = -3.803121322
energy/site = -0.004753901652
43.7572% accepted

energy = -1127.4234
energy/site = -1.40927925
43.8048% accepted

energy = -1.38116755
energy/site = -0.001726459437
43.8586% accepted

energy = -26.31275636
energy/site = -0.03289094545
43.9497% accepted

energy = -0.817568843
energy/site = -0.001021961054
43.7778% accepted

energy = -2.527878898
energy/site = -0.003159848622
43.8905% accepted

energy = -0.05604060658
energy/site = -7.005075823e-05
43.8559% accepted

energy = -41.95626984
energy/site = -0.05244533731
43.838% accepted

energy = -0.02610270826
energy/site = -3.262838533e-05
43.8933% accepted

energy = -0.530570721
energy/site = -0.0006632134013
43.9521% accepted

energy = -16.06370606
energy/site = -0.02007963258
43.806% accepted

energy = -6.124490127
energy/site = -0.007655612659
43.7851% accepted

energy = -0.8513829701
energy/site = -0.001064228713
43.974% accepted

energy = -2.041883457
energy/site = -0.002552354321
43.8487% accepted

energy = -4.081467849
energy/site = -0.005101834812
43.9185% accepted

energy = -2.309388235
energy/site = -0.002886735293
43.9734% accepted

energy = -11.2810015
energy/site = -0.01410125188
43.7862% accepted

energy = -7.502783192
energy/site = -0.00937847899
43.8299% accepted

energy = -1.773222019
energy/site = -0.002216527524
43.8228% accepted

energy = -49.20931858
energy/site = -0.06151164823
43.861% accepted

energy = -0.9924772811
energy/site = -0.001240596601
43.9338% accepted

energy = -0.1998732443
energy/site = -0.0002498415554
43.9045% accepted

energy = -425.8819324
energy/site = -0.5323524155
43.8755% accepted

energy = -33.73266278
energy/site = -0.04216582848
43.833% accepted

energy = -0.1934674968
energy/site = -0.0002418343711
43.7892% accepted

energy = -2.642993513
energy/site = -0.003303741891
43.8818% accepted

energy = -2930.593587
energy/site = -3.663241984
44.0331% accepted

energy = -51.07099349
energy/site = -0.06383874186
43.9687% accepted

energy = -161.8472906
energy/site = -0.2023091132
44.0062% accepted

energy = -812261.1429
energy/site = -1015.326429
43.9398% accepted

energy = -0.0782820292
energy/site = -9.785253651e-05
43.7768% accepted

energy = -0.2095701486
energy/site = -0.0002619626858
43.7018% accepted

energy = -0.2301870713
energy/site = -0.0002877338391
43.9926% accepted

energy = -8.258597041
energy/site = -0.0103232463
43.8354% accepted

energy = -2.350615085
energy/site = -0.002938268856
43.9298% accepted

energy = -4.96747096
energy/site = -0.0062093387
43.8689% accepted

energy = -4.408622619
energy/site = -0.005510778274
43.9161% accepted

energy = -0.05183222623
energy/site = -6.479028279e-05
43.8949% accepted

energy = -0.4133661443
energy/site = -0.0005167076804
43.8171% accepted

energy = -14.68318244
energy/site = -0.01835397805
43.9052% accepted

energy = -1.579959097
energy/site = -0.001974948872
43.9138% accepted

energy = -0.02030542411
energy/site = -2.538178013e-05
43.7681% accepted

energy = -1.045137139
energy/site = -0.001306421424
44.0125% accepted

energy = -820.7104676
energy/site = -1.025888084
43.7634% accepted

energy = -0.2941725556
energy/site = -0.0003677156945
43.8437% accepted

energy = -235.4275897
energy/site = -0.2942844871
43.6962% accepted

energy = -5.095278132
energy/site = -0.006369097664
43.8854% accepted

energy = -60.80919314
energy/site = -0.07601149143
43.9313% accepted

energy = -15.06382965
energy/site = -0.01882978706
43.9324% accepted

energy = -0.9956637548
energy/site = -0.001244579693
43.9007% accepted

energy = -4.497295007
energy/site = -0.005621618759
43.7636% accepted

energy = -1.66630386
energy/site = -0.002082879825
43.7482% accepted

energy = -1.884654567
energy/site = -0.002355818209
43.7385% accepted

energy = -11.56860345
energy/site = -0.01446075431
43.9929% accepted

energy = -6.495830408
energy/site = -0.008119788011
43.7569% accepted

energy = -19.35905246
energy/site = -0.02419881558
43.7611% accepted

energy = -61.20906285
energy/site = -0.07651132857
43.9698% accepted

energy = -6.816958521
energy/site = -0.008521198152
43.9699% accepted

energy = -2.888645859
energy/site = -0.003610807324
43.8719% accepted

energy = -0.4599366812
energy/site = -0.0005749208515
43.9218% accepted

energy = -0.1008800034
energy/site = -0.0001261000043
43.8158% accepted

energy = -4.550137073
energy/site = -0.005687671342
43.8305% accepted

energy = -8.794011677
energy/site = -0.0109925146
43.8986% accepted

energy = -6.29054297
energy/site = -0.007863178713
43.8142% accepted

energy = -0.8587807001
energy/site = -0.001073475875
43.9589% accepted

energy = -96.6235467
energy/site = -0.1207794334
43.9646% accepted

energy = -80.11456167
energy/site = -0.1001432021
43.7474% accepted

energy = -127.2290396
energy/site = -0.1590362995
43.8637% accepted

energy = -135.2161758
energy/site = -0.1690202198
43.9804% accepted

energy = -3.347891314
energy/site = -0.004184864142
43.8389% accepted

energy = -3.842002613
energy/site = -0.004802503267
43.9674% accepted

energy = -0.7772147657
energy/site = -0.0009715184571
43.8605% accepted

energy = -1.001739872
energy/site = -0.00125217484
44.0144% accepted

energy = -12.66231582
energy/site = -0.01582789478
43.8662% accepted

energy = -11.87391446
energy/site = -0.01484239307
43.8545% accepted

energy = -0.4776388711
energy/site = -0.0005970485889
43.8937% accepted

energy = -63.98770482
energy/site = -0.07998463102
43.8123% accepted

energy = -43351.71625
energy/site = -54.18964532
43.9285% accepted

energy = -5.043216919
energy/site = -0.006304021149
43.9514% accepted

energy = -0.08434629171
energy/site = -0.0001054328646
43.9645% accepted

energy = -330.0357202
energy/site = -0.4125446502
43.8842% accepted

energy = -0.2418893465
energy/site = -0.0003023616832
43.726% accepted

energy = -1.643670509
energy/site = -0.002054588136
43.7506% accepted

energy = -5.83462954
energy/site = -0.007293286925
43.8679% accepted

energy = -170.5573144
energy/site = -0.213196643
43.927% accepted

energy = -126.5599286
energy/site = -0.1581999107
43.9772% accepted

energy = -885.4720557
energy/site = -1.10684007
43.9368% accepted

energy = -1853.736034
energy/site = -2.317170043
43.9533% accepted

energy = -0.4744771482
energy/site = -0.0005930964352
44.0121% accepted

energy = -34.89162953
energy/site = -0.04361453691
43.8997% accepted

energy = -13.56727397
energy/site = -0.01695909246
43.7749% accepted

energy = -598.0044469
energy/site = -0.7475055586
43.8871% accepted

energy = -0.2060925411
energy/site = -0.0002576156764
43.8283% accepted

energy = -0.5697911801
energy/site = -0.0007122389752
43.8359% accepted

energy = -1.769266679
energy/site = -0.002211583349
43.9248% accepted

energy = -7.18218239
energy/site = -0.008977727987
43.8868% accepted

energy = -10.64112763
energy/site = -0.01330140953
43.8761% accepted

energy = -162.1604729
energy/site = -0.2027005912
43.934% accepted

energy = -11.46489118
energy/site = -0.01433111397
43.9217% accepted

energy = -0.9305646473
energy/site = -0.001163205809
43.8646% accepted

energy = -1.894121704
energy/site = -0.00236765213
43.9587% accepted

energy = -15.58098963
energy/site = -0.01947623704
43.8583% accepted

energy = -0.05268881545
energy/site = -6.586101932e-05
43.8605% accepted

energy = -8.091894288
energy/site = -0.01011486786
43.998% accepted

energy = -11.42129494
energy/site = -0.01427661868
43.9081% accepted

energy = -70.82890594
energy/site = -0.08853613242
43.9161% accepted

energy = -194.6682017
energy/site = -0.2433352521
43.9144% accepted

energy = -42.3336224
energy/site = -0.052917028
43.7658% accepted

energy = -105.0914831
energy/site = -0.1313643539
43.9946% accepted

energy = -83.0850583
energy/site = -0.1038563229
43.9679% accepted

energy = -7.406248366
energy/site = -0.009257810458
43.9931% accepted

energy = -68.67752228
energy/site = -0.08584690286
43.7797% accepted

energy = -199.7775732
energy/site = -0.2497219665
43.6174% accepted

energy = -8.714490292
energy/site = -0.01089311287
43.9203% accepted

energy = -7.944652268
energy/site = -0.009930815335
43.7311% accepted

energy = -0.0760846268
energy/site = -9.51057835e-05
43.7965% accepted

energy = -3.296923602
energy/site = -0.004121154502
43.8694% accepted

energy = -0.08232241406
energy/site = -0.0001029030176
43.914% accepted

energy = -173.838597
energy/site = -0.2172982463
43.984% accepted

energy = -68.59494708
energy/site = -0.08574368385
43.9225% accepted

energy = -1.745915984
energy/site = -0.00218239498
43.9041% accepted

energy = -82.72231856
energy/site = -0.1034028982
43.9151% accepted

energy = -1.428255475
energy/site = -0.001785319344
43.8437% accepted

energy = -0.4787069809
energy/site = -0.0005983837262
43.9665% accepted

energy = -61.96065334
energy/site = -0.07745081667
43.8377% accepted

energy = -4.889299334
energy/site = -0.006111624168
43.8127% accepted

energy = -0.06859295407
energy/site = -8.574119258e-05
43.8231% accepted

energy = -24.71489839
energy/site = -0.03089362299
43.8133% accepted

energy = -0.9868283979
energy/site = -0.001233535497
43.9875% accepted

energy = -36.65412558
energy/site = -0.04581765697
43.8785% accepted

energy = -50.35067842
energy/site = -0.06293834802
43.6453% accepted

energy = -89.68241601
energy/site = -0.11210302
43.7942% accepted

energy = -75.59739933
energy/site = -0.09449674916
43.7767% accepted

energy = -492.2006592
energy/site = -0.615250824
43.8673% accepted

energy = -13.30458123
energy/site = -0.01663072654
43.9386% accepted

energy = -379.2920145
energy/site = -0.4741150181
44.0518% accepted

energy = -299.3718817
energy/site = -0.3742148521
43.8777% accepted

energy = -6.484779795
energy/site = -0.008105974744
43.7836% accepted

energy = -1.446951783
energy/site = -0.001808689729
43.6937% accepted

energy = -154.6733182
energy/site = -0.1933416477
43.6707% accepted

energy = -3.078833682
energy/site = -0.003848542102
43.9098% accepted

energy = -72.57070197
energy/site = -0.09071337746
43.9482% accepted

energy = -2.066201577
energy/site = -0.002582751971
43.8959% accepted

energy = -9.293987765
energy/site = -0.01161748471
43.9485% accepted

energy = -7.965995105
energy/site = -0.009957493881
43.8321% accepted

energy = -1.063844308
energy/site = -0.001329805385
43.7784% accepted

energy = -2.209318483
energy/site = -0.002761648104
43.8364% accepted

energy = -12.47740641
energy/site = -0.01559675801
43.7434% accepted

energy = -25.6392164
energy/site = -0.0320490205
43.8596% accepted

energy = -0.7542970916
energy/site = -0.0009428713645
44.0285% accepted

energy = -0.2219267814
energy/site = -0.0002774084768
43.758% accepted

energy = -4.319550559
energy/site = -0.005399438199
43.8426% accepted

energy = -27.63697773
energy/site = -0.03454622217
44.0271% accepted

energy = -15.45194522
energy/site = -0.01931493153
43.9345% accepted

energy = -0.1634262566
energy/site = -0.0002042828208
44.0319% accepted

energy = -0.9401712095
energy/site = -0.001175214012
43.8878% accepted

energy = -1.853864524
energy/site = -0.002317330655
43.9242% accepted

energy = -0.2004115731
energy/site = -0.0002505144664
43.9953% accepted

energy = -0.3471823841
energy/site = -0.0004339779801
44.0272% accepted

energy = -6.327553144
energy/site = -0.00790944143
43.907% accepted

energy = -1.83919983
energy/site = -0.002298999787
43.9674% accepted

energy = -44.47750738
energy/site = -0.05559688423
43.9441% accepted

energy = -2.138497192
energy/site = -0.00267312149
43.7654% accepted

energy = -0.04827316287
energy/site = -6.034145359e-05
43.7863% accepted

energy = -27.10849039
energy/site = -0.03388561299
43.9751% accepted

energy = -194.7791136
energy/site = -0.243473892
43.8456% accepted

energy = -1020.191569
energy/site = -1.275239461
43.9431% accepted

energy = -17.80407602
energy/site = -0.02225509502
43.9866% accepted

energy = -7.49329685
energy/site = -0.009366621063
43.9471% accepted

energy = -2.833684314
energy/site = -0.003542105392
43.9007% accepted

energy = -167.2388828
energy/site = -0.2090486035
43.8824% accepted

energy = -0.627088748
energy/site = -0.000783860935
43.8553% accepted

energy = -53641.98513
energy/site = -67.05248141
43.7972% accepted

energy = -0.5509600475
energy/site = -0.0006887000593
43.7584% accepted

energy = -130.9198515
energy/site = -0.1636498143
43.9455% accepted

energy = -13.67814189
energy/site = -0.01709767737
43.9043% accepted

energy = -1729.688789
energy/site = -2.162110987
44.0343% accepted

energy = -0.1385544882
energy/site = -0.0001731931103
44.031% accepted

energy = -8.049224028
energy/site = -0.01006153003
43.8946% accepted

energy = -5.219541841
energy/site = -0.006524427302
43.9796% accepted

energy = -4.863281054
energy/site = -0.006079101318
43.9481% accepted

energy = -0.756828248
energy/site = -0.00094603531
43.9474% accepted

energy = -3.300249432
energy/site = -0.00412531179
43.808% accepted

energy = -16.80832355
energy/site = -0.02101040444
43.8146% accepted

energy = -40.70080228
energy/site = -0.05087600285
43.9343% accepted

energy = -11.26169251
energy/site = -0.01407711564
43.8837% accepted

energy = -9.683893593
energy/site = -0.01210486699
43.8658% accepted

energy = -2100.045481
energy/site = -2.625056851
43.7815% accepted

energy = -2.286158075
energy/site = -0.002857697594
43.8911% accepted

energy = -5987.277161
energy/site = -7.484096452
43.987% accepted

energy = -4.442616233
energy/site = -0.005553270292
43.873% accepted

energy = -4.123381286
energy/site = -0.005154226607
43.8446% accepted

energy = -34.92215581
energy/site = -0.04365269476
43.8443% accepted

energy = -7.87911251
energy/site = -0.009848890638
44.0267% accepted

energy = -0.07687742878
energy/site = -9.609678597e-05
43.8399% accepted

energy = -1059.078959
energy/site = -1.323848699
43.8187% accepted

energy = -38.7882729
energy/site = -0.04848534112
43.8008% accepted

energy = -7.1746
energy/site = -0.00896825
43.7706% accepted

energy = -20.58434445
energy/site = -0.02573043057
43.794% accepted

energy = -0.6475268022
energy/site = -0.0008094085027
44.0076% accepted

energy = -14.34786776
energy/site = -0.01793483471
43.9646% accepted

energy = -0.1359614678
energy/site = -0.0001699518347
43.8356% accepted

energy = -2.286454996
energy/site = -0.002858068745
43.6221% accepted

energy = -8.931307394
energy/site = -0.01116413424
43.823% accepted

energy = -50.59560163
energy/site = -0.06324450204
43.9296% accepted

energy = -8.748921555
energy/site = -0.01093615194
43.8014% accepted

energy = -0.7118579727
energy/site = -0.0008898224659
43.9021% accepted

energy = -237.1783423
energy/site = -0.2964729279
43.7816% accepted

energy = -9.675436278
energy/site = -0.01209429535
43.9268% accepted

energy = -11.44290516
energy/site = -0.01430363144
43.8317% accepted

energy = -4.187643264
energy/site = -0.00523455408
43.8996% accepted

energy = -8.190051533
energy/site = -0.01023756442
43.9453% accepted

energy = -0.8161267573
energy/site = -0.001020158447
44.0566% accepted

energy = -20.47121788
energy/site = -0.02558902235
44.0036% accepted

energy = -21261.03953
energy/site = -26.57629941
43.9698% accepted

energy = -67.88510297
energy/site = -0.08485637871
43.8164% accepted

energy = -7.311412458
energy/site = -0.009139265572
43.7993% accepted

energy = -3.613842584
energy/site = -0.00451730323
43.9345% accepted

energy = -0.7413446188
energy/site = -0.0009266807736
43.6901% accepted

energy = -43.42759563
energy/site = -0.05428449453
43.8967% accepted

energy = -15.78355835
energy/site = -0.01972944794
43.8779% accepted

energy = -0.392829902
energy/site = -0.0004910373775
43.912% accepted

energy = -0.08745797274
energy/site = -0.0001093224659
43.8357% accepted

energy = -0.1685652117
energy/site = -0.0002107065147
43.8942% accepted

energy = -0.812407462
energy/site = -0.001015509328
43.9559% accepted

energy = -18.23381139
energy/site = -0.02279226424
43.6905% accepted

energy = -30.21166476
energy/site = -0.03776458094
43.8144% accepted

energy = -8.328892135
energy/site = -0.01041111517
43.9234% accepted

energy = -4.172341459
energy/site = -0.005215426824
43.8627% accepted

energy = -0.5642354176
energy/site = -0.000705294272
43.8175% accepted

energy = -240.9209058
energy/site = -0.3011511322
43.9363% accepted

energy = -4.391583739
energy/site = -0.005489479674
43.8254% accepted

energy = -0.4043802726
energy/site = -0.0005054753408
43.7765% accepted

energy = -9.072471778
energy/site = -0.01134058972
43.8547% accepted

User defined signal 2

------------------------------------------------------------
Sender: LSF System <lsfadmin@wha461>
Subject: Job 3278538: <./torus18> Exited

Job <./torus18> was submitted from host <wha780> by user <akallin>.
Job was executed on host(s) <wha461>, in queue <serial>, as user <akallin>.
</home/akallin> was used as the home directory.
</work/akallin/TORUS/OBC/10leg/18> was used as the working directory.
Started at Wed Jun  2 00:01:02 2010
Results reported at Tue Jun  8 23:34:25 2010

Your job looked like:

------------------------------------------------------------
# LSBATCH: User input
./torus18
------------------------------------------------------------

TERM_RUNLIMIT: job killed after reaching LSF run time limit.
Exited with exit code 140.

Resource usage summary:

    CPU time   : 472918.00 sec.
    Max Memory :         3 MB
    Max Swap   :       122 MB

    Max Processes  :         4
    Max Threads    :         4

The output (if any) is above this job summary.


weighting by <swap_x> where x = 18
10 x 40 x 1 system
r   = 3  bondops changed per step 
n/N = 80  bond operators / site
its = 1000000  iterations/loop for 100000 loops

energy = -1.590730514
energy/site = -0.001988413142
43.9559% accepted

energy = -12.9282853
energy/site = -0.01616035662
43.8555% accepted

energy = -3.574121763
energy/site = -0.004467652204
44.0351% accepted

energy = -1.610783398
energy/site = -0.002013479247
43.8319% accepted

energy = -512.6972174
energy/site = -0.6408715218
43.8764% accepted

energy = -10.87864645
energy/site = -0.01359830807
43.8688% accepted

energy = -732.8261482
energy/site = -0.9160326853
43.85% accepted

energy = -145.7171752
energy/site = -0.182146469
43.7963% accepted

energy = -14.09412543
energy/site = -0.01761765678
43.8646% accepted

energy = -12.6432183
energy/site = -0.01580402288
43.8031% accepted

energy = -0.9758087058
energy/site = -0.001219760882
43.9372% accepted

energy = -0.8775869358
energy/site = -0.00109698367
43.8706% accepted

energy = -622.019668
energy/site = -0.777524585
43.9795% accepted

energy = -5.603053766
energy/site = -0.007003817208
43.9304% accepted

energy = -1.284926342
energy/site = -0.001606157928
43.8823% accepted

energy = -4.949196905
energy/site = -0.006186496131
43.9079% accepted

energy = -5.049373764
energy/site = -0.006311717205
43.8564% accepted

energy = -1.093232235
energy/site = -0.001366540294
43.825% accepted

energy = -156.7022
energy/site = -0.19587775
43.8912% accepted

energy = -33.39817989
energy/site = -0.04174772486
43.8545% accepted

energy = -170.6598629
energy/site = -0.2133248286
43.8438% accepted

energy = -0.9512545767
energy/site = -0.001189068221
43.8665% accepted

energy = -15.24836309
energy/site = -0.01906045386
43.8294% accepted

energy = -2.023337961
energy/site = -0.002529172451
43.9398% accepted

energy = -6.175942531
energy/site = -0.007719928164
43.9421% accepted

energy = -10.6426881
energy/site = -0.01330336012
43.7795% accepted

energy = -2.005151911
energy/site = -0.002506439888
44.0499% accepted

energy = -2.091403445
energy/site = -0.002614254306
43.923% accepted

energy = -0.1356126069
energy/site = -0.0001695157586
43.8905% accepted

energy = -0.424773646
energy/site = -0.0005309670575
43.9407% accepted

energy = -567.9727069
energy/site = -0.7099658837
43.9035% accepted

energy = -1.372511781
energy/site = -0.001715639726
43.9505% accepted

energy = -6.496625555
energy/site = -0.008120781944
43.9581% accepted

energy = -119.9330392
energy/site = -0.149916299
43.8398% accepted

energy = -25.37351123
energy/site = -0.03171688903
43.8548% accepted

energy = -2.01522614
energy/site = -0.002519032675
43.941% accepted

energy = -1.726528916
energy/site = -0.002158161144
43.7758% accepted

energy = -69.03293145
energy/site = -0.08629116431
43.9908% accepted

energy = -3.337981609
energy/site = -0.004172477011
43.902% accepted

energy = -15.97549922
energy/site = -0.01996937403
43.8878% accepted

energy = -1.01168005
energy/site = -0.001264600062
43.8% accepted

energy = -8.191880154
energy/site = -0.01023985019
43.8433% accepted

energy = -130.33849
energy/site = -0.1629231125
43.8409% accepted

energy = -412.5297356
energy/site = -0.5156621696
43.9229% accepted

energy = -9.933830873
energy/site = -0.01241728859
43.9435% accepted

energy = -1.182776961
energy/site = -0.001478471201
43.9312% accepted

energy = -0.1606103551
energy/site = -0.0002007629439
43.9407% accepted

energy = -0.291394185
energy/site = -0.0003642427313
43.9781% accepted

energy = -50.69122896
energy/site = -0.0633640362
43.9394% accepted

energy = -91.80541018
energy/site = -0.1147567627
43.8245% accepted

energy = -2.008463566
energy/site = -0.002510579458
43.8333% accepted

energy = -168.7903937
energy/site = -0.2109879921
43.879% accepted

energy = -2.036898183
energy/site = -0.002546122729
43.7703% accepted

energy = -1.420519548
energy/site = -0.001775649435
43.8541% accepted

energy = -7807.328811
energy/site = -9.759161014
43.9848% accepted

energy = -505.1811234
energy/site = -0.6314764042
43.7269% accepted

energy = -102.852408
energy/site = -0.12856551
43.9944% accepted

energy = -0.4766416294
energy/site = -0.0005958020367
43.8411% accepted

energy = -7.723451116
energy/site = -0.009654313896
43.8653% accepted

energy = -42.98502904
energy/site = -0.0537312863
44.0003% accepted

energy = -7.555854538
energy/site = -0.009444818173
43.8241% accepted

energy = -3.940313522
energy/site = -0.004925391902
43.9535% accepted

energy = -28.79951935
energy/site = -0.03599939919
43.9222% accepted

energy = -30.31369432
energy/site = -0.03789211791
43.8357% accepted

energy = -15.12975943
energy/site = -0.01891219929
43.7011% accepted

energy = -988.6130324
energy/site = -1.23576629
43.8823% accepted

energy = -34.82335597
energy/site = -0.04352919496
43.7914% accepted

energy = -0.1094747947
energy/site = -0.0001368434934
43.9573% accepted

energy = -321.9249379
energy/site = -0.4024061724
43.7684% accepted

energy = -3.511844094
energy/site = -0.004389805117
43.8668% accepted

energy = -10.3229898
energy/site = -0.01290373725
43.9326% accepted

energy = -30.01627523
energy/site = -0.03752034404
43.8448% accepted

energy = -1906.034529
energy/site = -2.382543161
43.8741% accepted

energy = -1.249258042
energy/site = -0.001561572552
44.1274% accepted

energy = -4.630787048
energy/site = -0.00578848381
43.9719% accepted

energy = -1.527214468
energy/site = -0.001909018085
44.0201% accepted

energy = -4.781119705
energy/site = -0.005976399631
43.825% accepted

energy = -0.03587777702
energy/site = -4.484722128e-05
44.0267% accepted

energy = -16.18451323
energy/site = -0.02023064153
43.7907% accepted

energy = -48.69510182
energy/site = -0.06086887727
43.8051% accepted

energy = -160.0762117
energy/site = -0.2000952646
43.8582% accepted

energy = -41.96707656
energy/site = -0.0524588457
43.8357% accepted

energy = -0.6953439546
energy/site = -0.0008691799432
43.9041% accepted

energy = -240.848765
energy/site = -0.3010609562
43.8257% accepted

energy = -241.2780718
energy/site = -0.3015975897
44.0322% accepted

energy = -0.8514771539
energy/site = -0.001064346442
43.9533% accepted

energy = -287.9046214
energy/site = -0.3598807768
43.8654% accepted

energy = -9.722750031
energy/site = -0.01215343754
43.9615% accepted

energy = -5.492820062
energy/site = -0.006866025077
43.8085% accepted

energy = -3.487450025
energy/site = -0.004359312532
43.8816% accepted

energy = -0.9596835111
energy/site = -0.001199604389
43.8406% accepted

energy = -0.5261332983
energy/site = -0.0006576666229
43.9558% accepted

energy = -0.2141041404
energy/site = -0.0002676301755
43.793% accepted

energy = -58.72794864
energy/site = -0.0734099358
43.8188% accepted

energy = -94.19954518
energy/site = -0.1177494315
43.8975% accepted

energy = -0.1945191235
energy/site = -0.0002431489044
43.8973% accepted

energy = -9.340818056
energy/site = -0.01167602257
43.7906% accepted

energy = -23.33530209
energy/site = -0.02916912761
43.764% accepted

energy = -0.2223933596
energy/site = -0.0002779916995
43.8252% accepted

energy = -0.8904419054
energy/site = -0.001113052382
43.791% accepted

energy = -4149.067805
energy/site = -5.186334757
44.011% accepted

energy = -0.2170407245
energy/site = -0.0002713009056
43.9001% accepted

energy = -1.908636876
energy/site = -0.002385796095
44.0622% accepted

energy = -32.41419475
energy/site = -0.04051774344
43.8842% accepted

energy = -16.1653313
energy/site = -0.02020666413
43.8103% accepted

energy = -8.673598598
energy/site = -0.01084199825
43.958% accepted

energy = -3.633007219
energy/site = -0.004541259023
43.926% accepted

energy = -0.4111690783
energy/site = -0.0005139613479
43.8569% accepted

energy = -26.07651454
energy/site = -0.03259564317
43.9878% accepted

energy = -3.335764935
energy/site = -0.004169706168
43.8883% accepted

energy = -4.4017493
energy/site = -0.005502186625
43.9015% accepted

energy = -11.7166447
energy/site = -0.01464580587
43.9329% accepted

energy = -119.7692178
energy/site = -0.1497115222
43.8858% accepted

energy = -2.692628753
energy/site = -0.003365785941
43.8617% accepted

energy = -2.757755393
energy/site = -0.003447194241
44.0248% accepted

energy = -1041.040125
energy/site = -1.301300157
43.8461% accepted

energy = -1.916725804
energy/site = -0.002395907255
43.8715% accepted

energy = -0.7382920346
energy/site = -0.0009228650433
43.9819% accepted

energy = -905.7163688
energy/site = -1.132145461
43.9388% accepted

energy = -43.74466183
energy/site = -0.05468082729
43.7972% accepted

energy = -0.916708073
energy/site = -0.001145885091
43.81% accepted

energy = -31.69491135
energy/site = -0.03961863919
43.8943% accepted

energy = -593.4697896
energy/site = -0.741837237
43.8944% accepted

energy = -19.34182192
energy/site = -0.0241772774
43.7427% accepted

energy = -69.88786412
energy/site = -0.08735983015
43.9717% accepted

energy = -4.194095807
energy/site = -0.005242619759
43.8132% accepted

energy = -181.2327761
energy/site = -0.2265409702
43.8026% accepted

energy = -1.930541056
energy/site = -0.00241317632
44.0211% accepted

energy = -16.57254242
energy/site = -0.02071567802
43.925% accepted

energy = -221.2084641
energy/site = -0.2765105801
43.8975% accepted

energy = -0.6087430271
energy/site = -0.0007609287839
43.8805% accepted

energy = -14.40208116
energy/site = -0.01800260145
43.7689% accepted

energy = -3.954501396
energy/site = -0.004943126745
43.7297% accepted

energy = -39.27234635
energy/site = -0.04909043294
43.8732% accepted

energy = -132.436813
energy/site = -0.1655460163
44.0189% accepted

energy = -0.0609098866
energy/site = -7.613735825e-05
43.7923% accepted

energy = -6.000425326
energy/site = -0.007500531657
43.8578% accepted

energy = -0.4996045444
energy/site = -0.0006245056805
44.0018% accepted

energy = -0.1683213915
energy/site = -0.0002104017394
43.9812% accepted

energy = -1.76231645
energy/site = -0.002202895562
43.9356% accepted

energy = -1.3672077
energy/site = -0.001709009625
43.9523% accepted

energy = -2.565655054
energy/site = -0.003207068818
43.9629% accepted

energy = -2.807966477
energy/site = -0.003509958097
43.8262% accepted

energy = -0.6340978051
energy/site = -0.0007926222564
43.8959% accepted

energy = -0.3603344279
energy/site = -0.0004504180349
43.8779% accepted

energy = -1.250697196
energy/site = -0.001563371495
43.99% accepted

energy = -0.1211830716
energy/site = -0.0001514788395
43.8729% accepted

energy = -20.80973502
energy/site = -0.02601216877
43.893% accepted

energy = -2.933188691
energy/site = -0.003666485864
43.9263% accepted

energy = -11.5398856
energy/site = -0.014424857
43.8656% accepted

energy = -7.51155402
energy/site = -0.009389442525
43.8556% accepted

energy = -6.588971362
energy/site = -0.008236214202
43.9658% accepted

energy = -7.690997583
energy/site = -0.009613746978
43.8179% accepted

energy = -21.91096263
energy/site = -0.02738870328
43.7741% accepted

energy = -8.118464547
energy/site = -0.01014808068
43.7569% accepted

energy = -2.026153538
energy/site = -0.002532691923
43.7986% accepted

energy = -14.91770404
energy/site = -0.01864713005
43.9627% accepted

energy = -7.07946278
energy/site = -0.008849328476
43.7596% accepted

energy = -9.302586644
energy/site = -0.01162823331
43.8709% accepted

energy = -9.180159832
energy/site = -0.01147519979
44.0016% accepted

energy = -3.525139294
energy/site = -0.004406424117
43.8925% accepted

energy = -0.5004782021
energy/site = -0.0006255977526
43.8974% accepted

energy = -2.567319944
energy/site = -0.003209149931
43.9323% accepted

energy = -11.25061214
energy/site = -0.01406326518
44.1291% accepted

energy = -87.31045084
energy/site = -0.1091380635
43.8606% accepted

energy = -577.171251
energy/site = -0.7214640638
43.8887% accepted

energy = -9.572369044
energy/site = -0.0119654613
43.8936% accepted

energy = -132.0540518
energy/site = -0.1650675648
43.8842% accepted

energy = -0.5715249717
energy/site = -0.0007144062147
43.9802% accepted

energy = -1.139090642
energy/site = -0.001423863303
43.8984% accepted

energy = -270.2535701
energy/site = -0.3378169626
43.9274% accepted

energy = -94.79713107
energy/site = -0.1184964138
43.9194% accepted

energy = -36.42644147
energy/site = -0.04553305183
43.7397% accepted

energy = -1.492434748
energy/site = -0.001865543435
43.8601% accepted

energy = -20.87030702
energy/site = -0.02608788377
43.8255% accepted

energy = -1.124006636
energy/site = -0.001405008294
43.7622% accepted

energy = -0.9666790977
energy/site = -0.001208348872
43.9173% accepted

energy = -6.018389894
energy/site = -0.007522987368
44.0199% accepted

energy = -1.636883217
energy/site = -0.002046104021
43.8877% accepted

energy = -412.5872567
energy/site = -0.5157340708
43.8381% accepted

energy = -10.13313832
energy/site = -0.01266642291
43.8414% accepted

energy = -164.6900942
energy/site = -0.2058626177
43.7496% accepted

energy = -2.826255215
energy/site = -0.003532819019
43.9821% accepted

energy = -39.74306493
energy/site = -0.04967883116
43.8335% accepted

energy = -77.00688655
energy/site = -0.09625860819
43.9306% accepted

energy = -21.33778544
energy/site = -0.0266722318
43.7445% accepted

energy = -0.8574040875
energy/site = -0.001071755109
43.9914% accepted

energy = -502.4004117
energy/site = -0.6280005147
43.9462% accepted

energy = -41.31857684
energy/site = -0.05164822105
43.9436% accepted

energy = -19.84001053
energy/site = -0.02480001317
43.9333% accepted

energy = -8.633817616
energy/site = -0.01079227202
43.8971% accepted

energy = -15.45929904
energy/site = -0.0193241238
43.9515% accepted

energy = -7.483870217
energy/site = -0.009354837771
44.0713% accepted

energy = -0.527421783
energy/site = -0.0006592772287
43.7893% accepted

energy = -321.8440665
energy/site = -0.4023050831
43.9892% accepted

energy = -2.209740787
energy/site = -0.002762175984
43.8382% accepted

energy = -100.4820841
energy/site = -0.1256026051
43.9143% accepted

energy = -0.3006959922
energy/site = -0.0003758699902
43.8708% accepted

energy = -0.7405657237
energy/site = -0.0009257071547
43.7342% accepted

energy = -1.891286821
energy/site = -0.002364108526
43.9576% accepted

energy = -0.3503488274
energy/site = -0.0004379360342
43.885% accepted

energy = -2.115728888
energy/site = -0.00264466111
43.7757% accepted

energy = -2.183657079
energy/site = -0.002729571349
43.8781% accepted

energy = -4768.710786
energy/site = -5.960888482
43.859% accepted

energy = -2.319334661
energy/site = -0.002899168326
43.8808% accepted

energy = -1.049148041
energy/site = -0.001311435051
43.9682% accepted

energy = -66.99658357
energy/site = -0.08374572946
43.8431% accepted

energy = -9.079939049
energy/site = -0.01134992381
44.0552% accepted

energy = -51.90039723
energy/site = -0.06487549653
43.753% accepted

energy = -2.124328643
energy/site = -0.002655410803
44.0187% accepted

energy = -1.718456264
energy/site = -0.00214807033
43.9124% accepted

energy = -1.998401034
energy/site = -0.002498001292
43.8757% accepted

energy = -50.6476893
energy/site = -0.06330961163
43.8564% accepted

energy = -5.004132616
energy/site = -0.00625516577
43.8543% accepted

energy = -0.03093236569
energy/site = -3.866545712e-05
43.9132% accepted

energy = -21.58505678
energy/site = -0.02698132097
43.9075% accepted

energy = -6.751588308
energy/site = -0.008439485385
43.8634% accepted

energy = -0.183393295
energy/site = -0.0002292416187
43.9204% accepted

energy = -22.7211049
energy/site = -0.02840138113
43.7927% accepted

energy = -1.312671139
energy/site = -0.001640838924
43.7322% accepted

energy = -1.836402133
energy/site = -0.002295502667
43.8217% accepted

energy = -0.4543125527
energy/site = -0.0005678906909
43.9612% accepted

energy = -4.088715153
energy/site = -0.005110893941
43.792% accepted

energy = -1.48396737
energy/site = -0.001854959213
43.8887% accepted

energy = -2.580580985
energy/site = -0.003225726231
44.0066% accepted

energy = -0.09678185594
energy/site = -0.0001209773199
43.9754% accepted

energy = -0.5089298557
energy/site = -0.0006361623197
43.7203% accepted

energy = -5.041394384
energy/site = -0.00630174298
43.9262% accepted

energy = -11.86947585
energy/site = -0.01483684481
43.7915% accepted

energy = -0.3608064036
energy/site = -0.0004510080045
43.8141% accepted

energy = -317.6224701
energy/site = -0.3970280876
44.0567% accepted

energy = -10.94962841
energy/site = -0.01368703551
43.8707% accepted

energy = -1.845709081
energy/site = -0.002307136351
43.9236% accepted

energy = -0.8079892032
energy/site = -0.001009986504
43.9298% accepted

energy = -6.296890239
energy/site = -0.007871112799
43.9094% accepted

energy = -4.672782099
energy/site = -0.005840977623
43.9012% accepted

energy = -1.633090403
energy/site = -0.002041363004
43.9549% accepted

energy = -44.63483269
energy/site = -0.05579354087
43.9925% accepted

energy = -2.017930656
energy/site = -0.00252241332
43.8103% accepted

energy = -374.4087835
energy/site = -0.4680109793
43.8387% accepted

energy = -39.19282885
energy/site = -0.04899103606
43.7813% accepted

energy = -2.642175877
energy/site = -0.003302719846
43.8823% accepted

energy = -23.88482987
energy/site = -0.02985603734
43.9327% accepted

energy = -395.2468445
energy/site = -0.4940585557
43.9785% accepted

energy = -2.001519455
energy/site = -0.002501899319
43.8311% accepted

energy = -946.9572572
energy/site = -1.183696572
43.8693% accepted

energy = -92.06476371
energy/site = -0.1150809546
43.7705% accepted

energy = -8.90017507
energy/site = -0.01112521884
43.8845% accepted

energy = -2.376181692
energy/site = -0.002970227115
43.7349% accepted

energy = -44.60416069
energy/site = -0.05575520086
43.7523% accepted

energy = -16.1441023
energy/site = -0.02018012788
43.8272% accepted

energy = -2658.525127
energy/site = -3.323156409
43.9203% accepted

energy = -78.3017652
energy/site = -0.0978772065
43.8894% accepted

energy = -0.1970897571
energy/site = -0.0002463621963
43.9163% accepted

energy = -755.6131794
energy/site = -0.9445164743
43.7457% accepted

energy = -1.090183324
energy/site = -0.001362729155
43.8698% accepted

energy = -10.33183113
energy/site = -0.01291478891
43.9566% accepted

energy = -0.8152121919
energy/site = -0.00101901524
43.8518% accepted

energy = -0.3594566331
energy/site = -0.0004493207914
43.7794% accepted

energy = -468.6019482
energy/site = -0.5857524352
43.9588% accepted

energy = -3.781342585
energy/site = -0.004726678232
44.0151% accepted

energy = -5.526670192
energy/site = -0.00690833774
43.8899% accepted

energy = -0.08601459045
energy/site = -0.0001075182381
44.0195% accepted

energy = -0.1131425518
energy/site = -0.0001414281898
43.9041% accepted

energy = -0.2275466815
energy/site = -0.0002844333519
43.8591% accepted

energy = -0.3506807022
energy/site = -0.0004383508778
43.8924% accepted

energy = -872.584829
energy/site = -1.090731036
43.8263% accepted

energy = -0.4737526458
energy/site = -0.0005921908073
43.8487% accepted

energy = -155.261471
energy/site = -0.1940768387
43.9507% accepted

energy = -36.68703634
energy/site = -0.04585879543
43.9305% accepted

energy = -0.07747212357
energy/site = -9.684015446e-05
43.9992% accepted

energy = -0.2900201778
energy/site = -0.0003625252222
43.9851% accepted

energy = -0.02993262611
energy/site = -3.741578264e-05
43.8774% accepted

energy = -1.347508193
energy/site = -0.001684385241
43.852% accepted

energy = -5.443949499
energy/site = -0.006804936873
43.8485% accepted

energy = -369.4461234
energy/site = -0.4618076542
43.9084% accepted

energy = -4.167829043
energy/site = -0.005209786304
43.8787% accepted

energy = -202.2472743
energy/site = -0.2528090929
43.9095% accepted

energy = -43.28952401
energy/site = -0.05411190501
43.8015% accepted

energy = -19.36731431
energy/site = -0.02420914289
43.9519% accepted

energy = -4.861136832
energy/site = -0.00607642104
43.9108% accepted

energy = -1.819072896
energy/site = -0.00227384112
43.8225% accepted

energy = -8.494473775
energy/site = -0.01061809222
43.9123% accepted

energy = -43.62103951
energy/site = -0.05452629938
43.9421% accepted

energy = -0.178403543
energy/site = -0.0002230044288
43.8699% accepted

energy = -3.791839678
energy/site = -0.004739799598
43.7836% accepted

energy = -5.007895686
energy/site = -0.006259869608
43.8501% accepted

energy = -0.4307995196
energy/site = -0.0005384993995
43.9603% accepted

energy = -803.5138999
energy/site = -1.004392375
43.8353% accepted

energy = -15.15081151
energy/site = -0.01893851439
43.7925% accepted

energy = -0.2774137255
energy/site = -0.0003467671568
43.899% accepted

energy = -104.5638812
energy/site = -0.1307048515
43.8419% accepted

energy = -0.3104769441
energy/site = -0.0003880961802
43.8739% accepted

energy = -0.6309006359
energy/site = -0.0007886257949
43.9487% accepted

energy = -65.26357803
energy/site = -0.08157947253
43.8792% accepted

energy = -13.79266149
energy/site = -0.01724082686
43.9428% accepted

energy = -4.060901249
energy/site = -0.005076126562
43.8291% accepted

energy = -35.07581561
energy/site = -0.04384476951
43.8483% accepted

energy = -39.15550163
energy/site = -0.04894437704
43.7901% accepted

energy = -1.948178737
energy/site = -0.002435223422
43.8383% accepted

energy = -1.216932196
energy/site = -0.001521165245
43.825% accepted

energy = -10.51250011
energy/site = -0.01314062514
43.9473% accepted

energy = -13.17524529
energy/site = -0.01646905661
43.9976% accepted

energy = -1.728366213
energy/site = -0.002160457766
43.862% accepted

energy = -0.1023656505
energy/site = -0.0001279570632
44.0125% accepted

energy = -3.555320834
energy/site = -0.004444151043
43.8784% accepted

energy = -1.15844963
energy/site = -0.001448062037
43.8795% accepted

energy = -9.734809659
energy/site = -0.01216851207
43.8736% accepted

energy = -1.45876831
energy/site = -0.001823460388
43.9402% accepted

energy = -0.07903310248
energy/site = -9.87913781e-05
43.9041% accepted

energy = -0.3560324381
energy/site = -0.0004450405476
43.8525% accepted

energy = -2.709855955
energy/site = -0.003387319944
43.9991% accepted

energy = -10.26727024
energy/site = -0.01283408781
43.9608% accepted

energy = -2.165235359
energy/site = -0.002706544199
43.8136% accepted

energy = -61.20377732
energy/site = -0.07650472166
43.7916% accepted

energy = -344.7369964
energy/site = -0.4309212455
43.8842% accepted

energy = -2.687306992
energy/site = -0.00335913374
43.8494% accepted

energy = -0.2328346382
energy/site = -0.0002910432978
43.8222% accepted

energy = -6.914088312
energy/site = -0.00864261039
43.9685% accepted

energy = -269.5276334
energy/site = -0.3369095417
43.7699% accepted

energy = -1.085114103
energy/site = -0.001356392629
43.7871% accepted

energy = -2399.505082
energy/site = -2.999381352
43.7402% accepted

energy = -0.2039488536
energy/site = -0.000254936067
43.97% accepted

energy = -196.0763728
energy/site = -0.245095466
43.981% accepted

energy = -40.4785446
energy/site = -0.05059818075
43.8729% accepted

energy = -141.5975353
energy/site = -0.1769969192
43.8588% accepted

energy = -11.13895963
energy/site = -0.01392369953
43.863% accepted

energy = -28.55905165
energy/site = -0.03569881456
43.9917% accepted

energy = -0.1766061748
energy/site = -0.0002207577184
43.9276% accepted

energy = -8.098749907
energy/site = -0.01012343738
43.8782% accepted

energy = -91.40455122
energy/site = -0.114255689
43.934% accepted

energy = -17.32791438
energy/site = -0.02165989297
44.0044% accepted

energy = -6.971263476
energy/site = -0.008714079345
43.9024% accepted

energy = -0.8035591339
energy/site = -0.001004448917
44.0491% accepted

energy = -0.4608355669
energy/site = -0.0005760444586
43.8127% accepted

energy = -3.039505571
energy/site = -0.003799381963
43.9262% accepted

energy = -18.01290422
energy/site = -0.02251613028
43.8736% accepted

energy = -2.139366697
energy/site = -0.002674208372
43.8975% accepted

energy = -12.81292735
energy/site = -0.01601615919
43.9852% accepted

energy = -3.38936747
energy/site = -0.004236709337
43.8788% accepted

energy = -5.184509797
energy/site = -0.006480637247
43.768% accepted

energy = -10122.85879
energy/site = -12.65357349
43.8356% accepted

energy = -7.337337458
energy/site = -0.009171671823
43.7718% accepted

energy = -10.17083721
energy/site = -0.01271354651
43.8276% accepted

energy = -13.8922414
energy/site = -0.01736530175
43.9145% accepted

energy = -593.1371017
energy/site = -0.7414213771
43.9237% accepted

energy = -15.32812198
energy/site = -0.01916015248
43.8511% accepted

energy = -2.808575088
energy/site = -0.00351071886
44.0113% accepted

energy = -0.5539431849
energy/site = -0.0006924289811
43.8488% accepted

energy = -795.0106296
energy/site = -0.993763287
43.9374% accepted

energy = -0.1543622038
energy/site = -0.0001929527548
43.8778% accepted

energy = -30.41403043
energy/site = -0.03801753804
43.9411% accepted

energy = -24.07576286
energy/site = -0.03009470358
43.7629% accepted

energy = -0.2754091502
energy/site = -0.0003442614378
43.7283% accepted

energy = -3.058433543
energy/site = -0.003823041929
43.8035% accepted

energy = -0.6188704493
energy/site = -0.0007735880617
43.8232% accepted

energy = -1.370667968
energy/site = -0.00171333496
43.9371% accepted

User defined signal 2

------------------------------------------------------------
Sender: LSF System <lsfadmin@wha228>
Subject: Job 3472745: <./torus18> Exited

Job <./torus18> was submitted from host <wha781> by user <akallin>.
Job was executed on host(s) <wha228>, in queue <serial>, as user <akallin>.
</home/akallin> was used as the home directory.
</work/akallin/TORUS/OBC/10leg/18> was used as the working directory.
Started at Fri Jun 11 11:24:53 2010
Results reported at Fri Jun 18 11:25:15 2010

Your job looked like:

------------------------------------------------------------
# LSBATCH: User input
./torus18
------------------------------------------------------------

TERM_RUNLIMIT: job killed after reaching LSF run time limit.
Exited with exit code 140.

Resource usage summary:

    CPU time   : 604442.00 sec.
    Max Memory :         6 MB
    Max Swap   :       122 MB

    Max Processes  :         4
    Max Threads    :         4

The output (if any) is above this job summary.


weighting by <swap_x> where x = 18
10 x 40 x 1 system
r   = 3  bondops changed per step 
n/N = 80  bond operators / site
its = 1000000  iterations/loop for 100000 loops

energy = -234.788114
energy/site = -0.2934851425
43.9268% accepted

energy = -4.151866524
energy/site = -0.005189833155
43.8159% accepted

energy = -236.0088586
energy/site = -0.2950110732
43.9792% accepted

energy = -9.338973943
energy/site = -0.01167371743
43.8258% accepted

energy = -31.10743214
energy/site = -0.03888429018
43.9333% accepted

energy = -5.054385702
energy/site = -0.006317982127
43.9429% accepted

energy = -19.93287205
energy/site = -0.02491609006
43.7905% accepted

energy = -10.68555086
energy/site = -0.01335693857
43.894% accepted

energy = -5.965432809
energy/site = -0.007456791012
43.9219% accepted

energy = -146.4799804
energy/site = -0.1830999754
43.7507% accepted

energy = -7.307298639
energy/site = -0.009134123298
43.8325% accepted

energy = -1.755452039
energy/site = -0.002194315049
43.8405% accepted

energy = -58.15722372
energy/site = -0.07269652965
43.8747% accepted

energy = -0.9332635312
energy/site = -0.001166579414
44.1003% accepted

energy = -8.33919159
energy/site = -0.01042398949
43.8383% accepted

energy = -9.47069594
energy/site = -0.01183836993
43.8636% accepted

energy = -2.800373645
energy/site = -0.003500467056
43.8085% accepted

energy = -25.81600313
energy/site = -0.03227000391
43.8886% accepted

energy = -4.693345882
energy/site = -0.005866682353
43.8542% accepted

energy = -62.64156283
energy/site = -0.07830195354
43.8468% accepted

energy = -0.09341872922
energy/site = -0.0001167734115
43.7641% accepted

energy = -13.53263742
energy/site = -0.01691579677
43.8648% accepted

energy = -3.075707479
energy/site = -0.003844634349
43.925% accepted

energy = -2.906917665
energy/site = -0.003633647081
43.916% accepted

energy = -0.5330122474
energy/site = -0.0006662653092
43.8643% accepted

energy = -1.60887535
energy/site = -0.002011094188
43.9804% accepted

energy = -416.5447136
energy/site = -0.520680892
43.9882% accepted

energy = -273.4142219
energy/site = -0.3417677774
43.9019% accepted

energy = -0.5714644267
energy/site = -0.0007143305334
43.816% accepted

energy = -2.672159706
energy/site = -0.003340199632
43.961% accepted

energy = -0.4469296279
energy/site = -0.0005586620349
43.9068% accepted

energy = -0.2229427804
energy/site = -0.0002786784755
43.7007% accepted

energy = -5.385098967
energy/site = -0.006731373709
43.7973% accepted

energy = -0.2027638156
energy/site = -0.0002534547695
43.8149% accepted

energy = -41.01975908
energy/site = -0.05127469886
43.8754% accepted

energy = -1.397695227
energy/site = -0.001747119034
44.0056% accepted

energy = -3.407239075
energy/site = -0.004259048844
43.9242% accepted

energy = -99.45620619
energy/site = -0.1243202577
44.0105% accepted

energy = -4213.4787
energy/site = -5.266848375
43.8119% accepted

energy = -0.4571818902
energy/site = -0.0005714773628
43.8949% accepted

energy = -36.78648537
energy/site = -0.04598310671
43.8675% accepted

energy = -11.75647164
energy/site = -0.01469558955
43.8208% accepted

energy = -2.945543186
energy/site = -0.003681928982
43.9607% accepted

energy = -5.872770505
energy/site = -0.007340963131
43.7481% accepted

energy = -30.09259436
energy/site = -0.03761574295
43.8501% accepted

energy = -1.98019593
energy/site = -0.002475244913
43.8818% accepted

energy = -0.7275075583
energy/site = -0.0009093844479
43.7934% accepted

energy = -0.6750992773
energy/site = -0.0008438740966
43.9596% accepted

energy = -2.322606279
energy/site = -0.002903257849
43.9179% accepted

energy = -282.2722451
energy/site = -0.3528403063
43.9354% accepted

energy = -9.292812711
energy/site = -0.01161601589
43.9321% accepted

energy = -12.32847469
energy/site = -0.01541059336
43.7943% accepted

energy = -24.28515039
energy/site = -0.03035643799
43.8369% accepted

energy = -21.84346073
energy/site = -0.02730432591
43.8601% accepted

energy = -35.3749818
energy/site = -0.04421872725
43.7803% accepted

energy = -1.944314687
energy/site = -0.002430393359
43.8332% accepted

energy = -0.6799889764
energy/site = -0.0008499862205
43.8972% accepted

energy = -10.43603588
energy/site = -0.01304504486
43.8512% accepted

energy = -1.83003652
energy/site = -0.00228754565
43.8216% accepted

energy = -92.48363293
energy/site = -0.1156045412
43.8534% accepted

energy = -1.686483041
energy/site = -0.002108103801
43.8821% accepted

energy = -3.364150598
energy/site = -0.004205188248
43.9122% accepted

energy = -4.41577891
energy/site = -0.005519723638
43.8612% accepted

energy = -151.1361588
energy/site = -0.1889201985
43.7638% accepted

energy = -0.3512244621
energy/site = -0.0004390305776
43.8159% accepted

energy = -26.44573398
energy/site = -0.03305716747
43.7481% accepted

energy = -6.982128596
energy/site = -0.008727660745
43.9203% accepted

energy = -3.486779224
energy/site = -0.00435847403
43.8692% accepted

energy = -27.80355002
energy/site = -0.03475443753
43.9098% accepted

energy = -15.35605384
energy/site = -0.0191950673
43.794% accepted

energy = -2.959222797
energy/site = -0.003699028497
44.0488% accepted

energy = -5.94265488
energy/site = -0.0074283186
43.8135% accepted

energy = -13.47279454
energy/site = -0.01684099317
43.9617% accepted

energy = -1424.66564
energy/site = -1.78083205
43.8949% accepted

energy = -71.03678023
energy/site = -0.08879597529
43.8634% accepted

energy = -50.52498491
energy/site = -0.06315623114
43.926% accepted

energy = -0.1525273243
energy/site = -0.0001906591553
43.822% accepted

energy = -14.42058478
energy/site = -0.01802573097
43.9081% accepted

energy = -4.626232646
energy/site = -0.005782790808
43.7489% accepted

energy = -1.726697209
energy/site = -0.002158371511
43.8813% accepted

energy = -1.179423813
energy/site = -0.001474279767
43.9159% accepted

energy = -480382.7873
energy/site = -600.4784841
43.8756% accepted

energy = -1.798643009
energy/site = -0.002248303761
43.8947% accepted

energy = -3.53522442
energy/site = -0.004419030525
43.7598% accepted

energy = -1.12342884
energy/site = -0.00140428605
43.8342% accepted

energy = -54.1706291
energy/site = -0.06771328637
43.8243% accepted

energy = -6.792469121
energy/site = -0.008490586402
43.7194% accepted

energy = -1.711459352
energy/site = -0.00213932419
43.8637% accepted

energy = -85.02344111
energy/site = -0.1062793014
43.7734% accepted

energy = -35.52979815
energy/site = -0.04441224769
43.9463% accepted

energy = -1.430062334
energy/site = -0.001787577918
43.8153% accepted

energy = -1255.556122
energy/site = -1.569445152
43.8225% accepted

energy = -0.2353082247
energy/site = -0.0002941352809
43.8643% accepted

energy = -2.235014812
energy/site = -0.002793768515
43.8094% accepted

energy = -86.75948759
energy/site = -0.1084493595
43.9035% accepted

energy = -272.6805155
energy/site = -0.3408506443
43.7423% accepted

energy = -1.1825515
energy/site = -0.001478189376
43.8909% accepted

energy = -41.53324799
energy/site = -0.05191655999
43.8286% accepted

energy = -18.68433998
energy/site = -0.02335542497
43.8179% accepted

energy = -5.173375723
energy/site = -0.006466719654
44.0045% accepted

energy = -12.59452787
energy/site = -0.01574315984
43.8499% accepted

energy = -0.307331724
energy/site = -0.000384164655
43.818% accepted

energy = -175.4873707
energy/site = -0.2193592134
43.9756% accepted

energy = -15.41400859
energy/site = -0.01926751073
43.808% accepted

energy = -13.21708077
energy/site = -0.01652135096
43.7427% accepted

energy = -1.722877375
energy/site = -0.002153596718
43.8617% accepted

energy = -23.17460734
energy/site = -0.02896825917
43.9307% accepted

energy = -9.628767606
energy/site = -0.01203595951
43.9368% accepted

energy = -59.91015598
energy/site = -0.07488769498
43.8129% accepted

energy = -9.060198133
energy/site = -0.01132524767
43.9069% accepted

energy = -2.397667229
energy/site = -0.002997084037
43.897% accepted

energy = -0.3084849058
energy/site = -0.0003856061323
43.9279% accepted

energy = -0.3738397866
energy/site = -0.0004672997333
43.9626% accepted

energy = -18.52596767
energy/site = -0.02315745959
43.8816% accepted

energy = -3510.705438
energy/site = -4.388381797
43.8809% accepted

energy = -7.090203
energy/site = -0.008862753751
43.769% accepted

energy = -2.58518119
energy/site = -0.003231476488
43.9277% accepted

energy = -9.317335154
energy/site = -0.01164666894
43.8574% accepted

energy = -0.995615054
energy/site = -0.001244518818
43.9272% accepted

energy = -542.1968655
energy/site = -0.6777460819
43.8458% accepted

energy = -9.2333512
energy/site = -0.011541689
43.9445% accepted

energy = -1.715265572
energy/site = -0.002144081965
43.8247% accepted

energy = -0.6634340045
energy/site = -0.0008292925056
43.8666% accepted

energy = -92.2749643
energy/site = -0.1153437054
43.8608% accepted

energy = -39.31504106
energy/site = -0.04914380132
43.9809% accepted

energy = -0.1769813204
energy/site = -0.0002212266505
43.9575% accepted

energy = -37.29697264
energy/site = -0.04662121579
43.7809% accepted

energy = -2784.822109
energy/site = -3.481027637
43.8471% accepted

energy = -12.30115854
energy/site = -0.01537644817
44.0805% accepted

energy = -2.452550619
energy/site = -0.003065688273
43.8207% accepted

energy = -9.08885044
energy/site = -0.01136106305
43.8241% accepted

energy = -385.9527598
energy/site = -0.4824409498
43.8855% accepted

energy = -4.30304816
energy/site = -0.0053788102
43.8121% accepted

energy = -11.59526358
energy/site = -0.01449407947
43.9949% accepted

energy = -0.4441753612
energy/site = -0.0005552192015
43.9325% accepted

energy = -0.7099065896
energy/site = -0.000887383237
44.0226% accepted

energy = -9.297584109
energy/site = -0.01162198014
43.8801% accepted

energy = -0.1053716228
energy/site = -0.0001317145285
43.7894% accepted

energy = -1.070319415
energy/site = -0.001337899269
43.9358% accepted

energy = -6.139228885
energy/site = -0.007674036107
43.9565% accepted

energy = -0.8517689655
energy/site = -0.001064711207
43.8343% accepted

energy = -0.6426648836
energy/site = -0.0008033311045
43.758% accepted

energy = -451.8333586
energy/site = -0.5647916983
43.9368% accepted

energy = -5.470782115
energy/site = -0.006838477644
43.8524% accepted

energy = -2.788026042
energy/site = -0.003485032553
43.7812% accepted

energy = -2.904850009
energy/site = -0.003631062512
43.737% accepted

energy = -2.425656179
energy/site = -0.003032070224
43.6679% accepted

energy = -0.3140617989
energy/site = -0.0003925772486
43.8064% accepted

energy = -3013.29576
energy/site = -3.7666197
43.7929% accepted

energy = -0.9605032147
energy/site = -0.001200629018
43.8318% accepted

energy = -2.02815931
energy/site = -0.002535199138
43.9097% accepted

energy = -1.952416253
energy/site = -0.002440520316
43.8396% accepted

energy = -246.4341329
energy/site = -0.3080426661
43.8468% accepted

energy = -26.48371714
energy/site = -0.03310464643
43.8701% accepted

energy = -5.744826277
energy/site = -0.007181032847
43.9122% accepted

energy = -323.8171852
energy/site = -0.4047714815
44.0233% accepted

energy = -23.67508886
energy/site = -0.02959386107
43.7475% accepted

energy = -15.49930723
energy/site = -0.01937413403
43.8588% accepted

energy = -3.963402642
energy/site = -0.004954253303
43.8153% accepted

energy = -5.292636039
energy/site = -0.006615795049
43.9526% accepted

energy = -24.58163051
energy/site = -0.03072703814
43.8106% accepted

energy = -10.74354693
energy/site = -0.01342943366
43.8727% accepted

energy = -8.710268254
energy/site = -0.01088783532
43.9667% accepted

energy = -4.344186437
energy/site = -0.005430233047
43.9893% accepted

energy = -5.176278642
energy/site = -0.006470348303
43.8891% accepted

energy = -66.65055246
energy/site = -0.08331319058
43.8179% accepted

energy = -0.3542952304
energy/site = -0.000442869038
43.8728% accepted

energy = -4.241586736
energy/site = -0.00530198342
43.8263% accepted

energy = -1.652138782
energy/site = -0.002065173478
43.9754% accepted

energy = -7.41050158
energy/site = -0.009263126975
43.9642% accepted

energy = -0.2706927124
energy/site = -0.0003383658905
43.8847% accepted

energy = -410.6179881
energy/site = -0.5132724851
43.9552% accepted

energy = -0.7365926677
energy/site = -0.0009207408347
43.9588% accepted

energy = -0.5640676957
energy/site = -0.0007050846196
43.8749% accepted

energy = -13.88977187
energy/site = -0.01736221484
43.8401% accepted

energy = -0.905722988
energy/site = -0.001132153735
43.8536% accepted

energy = -1.506665476
energy/site = -0.001883331845
43.8953% accepted

energy = -0.3248179346
energy/site = -0.0004060224183
43.8642% accepted

energy = -119.245694
energy/site = -0.1490571175
43.9575% accepted

energy = -1.883927118
energy/site = -0.002354908897
43.8951% accepted

energy = -3.040566053
energy/site = -0.003800707566
43.9107% accepted

energy = -2.21405745
energy/site = -0.002767571812
43.8476% accepted

energy = -3.725659562
energy/site = -0.004657074453
43.9715% accepted

energy = -1.057139096
energy/site = -0.00132142387
43.8683% accepted

energy = -2.16854917
energy/site = -0.002710686463
44.0142% accepted

energy = -214.0303062
energy/site = -0.2675378828
43.8589% accepted

energy = -0.5959180825
energy/site = -0.0007448976032
43.9585% accepted

energy = -0.6132116619
energy/site = -0.0007665145774
43.7635% accepted

energy = -115.0739214
energy/site = -0.1438424018
43.7667% accepted

energy = -39.68826485
energy/site = -0.04961033106
43.9314% accepted

energy = -10.33546106
energy/site = -0.01291932632
43.8337% accepted

energy = -1.94096321
energy/site = -0.002426204012
43.8863% accepted

energy = -26.94644963
energy/site = -0.03368306204
44.0533% accepted

energy = -23.14659142
energy/site = -0.02893323927
43.7609% accepted

energy = -0.5327374029
energy/site = -0.0006659217537
43.8319% accepted

energy = -2.38844668
energy/site = -0.00298555835
43.8597% accepted

energy = -1.079257301
energy/site = -0.001349071626
43.9499% accepted

energy = -0.3977828036
energy/site = -0.0004972285044
43.882% accepted

energy = -0.3782781192
energy/site = -0.0004728476491
43.7964% accepted

energy = -1.274483487
energy/site = -0.001593104358
43.836% accepted

energy = -2.477757273
energy/site = -0.003097196591
43.9121% accepted

energy = -21841.84973
energy/site = -27.30231217
43.8815% accepted

energy = -26.46395913
energy/site = -0.03307994892
43.766% accepted

energy = -24.82997575
energy/site = -0.03103746969
43.9226% accepted

energy = -29.12238322
energy/site = -0.03640297902
43.8893% accepted

energy = -4.970919517
energy/site = -0.006213649396
43.9159% accepted

energy = -9.235029497
energy/site = -0.01154378687
43.9228% accepted

energy = -106.8003004
energy/site = -0.1335003755
43.932% accepted

energy = -135.6335734
energy/site = -0.1695419668
43.7738% accepted

energy = -101.5682736
energy/site = -0.126960342
43.8486% accepted

energy = -1.796266534
energy/site = -0.002245333168
43.7391% accepted

energy = -1.380804149
energy/site = -0.001726005186
43.8938% accepted

energy = -1.10761688
energy/site = -0.0013845211
43.7691% accepted

energy = -0.5370486631
energy/site = -0.0006713108289
43.9698% accepted

energy = -6.12961852
energy/site = -0.007662023149
43.9378% accepted

energy = -1880.03193
energy/site = -2.350039913
43.9434% accepted

energy = -2.177376358
energy/site = -0.002721720448
43.9481% accepted

energy = -10.09481137
energy/site = -0.01261851422
43.7188% accepted

energy = -53.88893768
energy/site = -0.0673611721
43.8177% accepted

energy = -0.2016833625
energy/site = -0.0002521042032
43.886% accepted

energy = -0.09135290685
energy/site = -0.0001141911336
43.9822% accepted

energy = -7.079207495
energy/site = -0.008849009369
43.8721% accepted

energy = -6.169268213
energy/site = -0.007711585267
43.9386% accepted

energy = -0.8869530795
energy/site = -0.001108691349
43.9461% accepted

energy = -4.361123172
energy/site = -0.005451403965
43.8357% accepted

energy = -1.484113073
energy/site = -0.001855141341
43.8971% accepted

energy = -2.835306663
energy/site = -0.003544133328
43.8427% accepted

energy = -1160.486362
energy/site = -1.450607952
43.7081% accepted

energy = -42.93966376
energy/site = -0.0536745797
43.8109% accepted

energy = -0.916852667
energy/site = -0.001146065834
43.7323% accepted

energy = -3.525662818
energy/site = -0.004407078523
43.9146% accepted

energy = -3.111718215
energy/site = -0.003889647768
43.9294% accepted

energy = -0.6829285961
energy/site = -0.0008536607451
43.8642% accepted

energy = -1.771274044
energy/site = -0.002214092555
43.814% accepted

energy = -1.967752022
energy/site = -0.002459690027
43.7938% accepted

energy = -3.651393327
energy/site = -0.004564241659
43.8551% accepted

energy = -0.1364573335
energy/site = -0.0001705716668
43.7435% accepted

energy = -69.2157836
energy/site = -0.0865197295
43.9906% accepted

energy = -1.208396348
energy/site = -0.001510495435
43.9203% accepted

energy = -0.2758250417
energy/site = -0.0003447813021
43.9327% accepted

energy = -18.52952343
energy/site = -0.02316190429
43.7965% accepted

energy = -19.01987452
energy/site = -0.02377484315
43.7674% accepted

energy = -0.6772701521
energy/site = -0.0008465876901
43.8311% accepted

energy = -10.92986656
energy/site = -0.0136623332
43.9325% accepted

energy = -0.4460678714
energy/site = -0.0005575848392
43.9047% accepted

energy = -13.26670376
energy/site = -0.0165833797
43.8638% accepted

energy = -9.970008931
energy/site = -0.01246251116
43.8029% accepted

energy = -4.619131461
energy/site = -0.005773914326
43.8539% accepted

energy = -3.380282229
energy/site = -0.004225352787
43.8961% accepted

energy = -145.3942422
energy/site = -0.1817428028
43.7853% accepted

energy = -0.1871803319
energy/site = -0.0002339754149
43.8956% accepted

energy = -2.132057035
energy/site = -0.002665071294
43.7927% accepted

energy = -3.860422843
energy/site = -0.004825528553
43.7078% accepted

energy = -618.6459306
energy/site = -0.7733074133
43.8315% accepted

energy = -97.51113044
energy/site = -0.121888913
43.805% accepted

energy = -3.295376247
energy/site = -0.004119220309
43.843% accepted

energy = -71.4157217
energy/site = -0.08926965212
43.8332% accepted

energy = -0.683272063
energy/site = -0.0008540900787
43.8548% accepted

energy = -9.128042202
energy/site = -0.01141005275
43.9614% accepted

energy = -3.906420082
energy/site = -0.004883025102
43.9821% accepted

energy = -0.5188962159
energy/site = -0.0006486202698
43.9041% accepted

energy = -5.016986108
energy/site = -0.006271232635
43.9632% accepted

energy = -19.25810321
energy/site = -0.02407262901
43.9542% accepted

energy = -2.380156557
energy/site = -0.002975195696
43.9157% accepted

energy = -186.9590513
energy/site = -0.2336988141
43.9281% accepted

energy = -12.46083611
energy/site = -0.01557604513
43.9612% accepted

energy = -39.91678024
energy/site = -0.04989597531
43.8936% accepted

energy = -44.51064159
energy/site = -0.05563830199
43.8124% accepted

energy = -0.5517748986
energy/site = -0.0006897186233
43.9498% accepted

energy = -25.32849555
energy/site = -0.03166061944
43.8017% accepted

energy = -1500.659301
energy/site = -1.875824126
43.8741% accepted

energy = -637.7153846
energy/site = -0.7971442307
43.8144% accepted

energy = -0.9270592214
energy/site = -0.001158824027
43.9197% accepted

energy = -0.2531441061
energy/site = -0.0003164301326
43.7785% accepted

energy = -6.563297009
energy/site = -0.008204121261
43.998% accepted

energy = -13.42513148
energy/site = -0.01678141435
43.8446% accepted

energy = -146.6916308
energy/site = -0.1833645385
43.8949% accepted

energy = -0.8631263227
energy/site = -0.001078907903
43.9438% accepted

energy = -20.84703039
energy/site = -0.02605878799
43.8007% accepted

energy = -11.87896274
energy/site = -0.01484870343
43.9122% accepted

energy = -24.06960813
energy/site = -0.03008701016
43.8708% accepted

energy = -3.49532016
energy/site = -0.0043691502
43.9355% accepted

energy = -11.566238
energy/site = -0.0144577975
43.8607% accepted

energy = -4.392864748
energy/site = -0.005491080935
43.8931% accepted

energy = -1.13421282
energy/site = -0.001417766025
43.8412% accepted

energy = -33.32586618
energy/site = -0.04165733273
43.8696% accepted

energy = -28.50247164
energy/site = -0.03562808956
43.8431% accepted

energy = -0.3851025775
energy/site = -0.0004813782218
43.8152% accepted

energy = -2.202248944
energy/site = -0.00275281118
43.9239% accepted

energy = -0.5272352294
energy/site = -0.0006590440368
43.7983% accepted

energy = -1.611725664
energy/site = -0.00201465708
44.0514% accepted

energy = -0.2420860538
energy/site = -0.0003026075672
43.9601% accepted

energy = -627.6510234
energy/site = -0.7845637793
43.9533% accepted

energy = -1.398411805
energy/site = -0.001748014756
43.8547% accepted

energy = -6.05560449
energy/site = -0.007569505613
43.9363% accepted

energy = -14.3184501
energy/site = -0.01789806262
43.7845% accepted

energy = -2.010238706
energy/site = -0.002512798382
43.8299% accepted

energy = -1981.946567
energy/site = -2.477433208
43.7877% accepted

energy = -0.0994042686
energy/site = -0.0001242553357
43.8801% accepted

energy = -8.010158604
energy/site = -0.01001269826
43.8787% accepted

energy = -4.700279697
energy/site = -0.005875349621
43.8838% accepted

energy = -0.9085980677
energy/site = -0.001135747585
43.8184% accepted

energy = -0.09755109272
energy/site = -0.0001219388659
43.9473% accepted

energy = -64.46127024
energy/site = -0.0805765878
43.9854% accepted

energy = -1.224112184
energy/site = -0.001530140229
44.0518% accepted

energy = -0.1656311365
energy/site = -0.0002070389206
43.8719% accepted

energy = -2.378618541
energy/site = -0.002973273176
43.821% accepted

energy = -3.182772469
energy/site = -0.003978465587
43.8241% accepted

energy = -24.04490646
energy/site = -0.03005613308
43.8298% accepted

energy = -205.6928189
energy/site = -0.2571160236
43.8577% accepted

energy = -0.2347559359
energy/site = -0.0002934449199
43.9732% accepted

energy = -7.198113882
energy/site = -0.008997642353
43.8716% accepted

User defined signal 2

------------------------------------------------------------
Sender: LSF System <lsfadmin@wha372>
Subject: Job 3908366: <./torus18> Exited

Job <./torus18> was submitted from host <wha780> by user <akallin>.
Job was executed on host(s) <wha372>, in queue <serial>, as user <akallin>.
</home/akallin> was used as the home directory.
</work/akallin/TORUS/OBC/10leg/18> was used as the working directory.
Started at Sat Jun 26 16:51:51 2010
Results reported at Sat Jul  3 16:29:17 2010

Your job looked like:

------------------------------------------------------------
# LSBATCH: User input
./torus18
------------------------------------------------------------

TERM_RUNLIMIT: job killed after reaching LSF run time limit.
Exited with exit code 140.

Resource usage summary:

    CPU time   : 525336.00 sec.
    Max Memory :         6 MB
    Max Swap   :       122 MB

    Max Processes  :         4
    Max Threads    :         4

The output (if any) is above this job summary.


weighting by <swap_x> where x = 18
10 x 40 x 1 system
r   = 3  bondops changed per step 
n/N = 80  bond operators / site
its = 1000000  iterations/loop for 100000 loops

energy = -151.9326406
energy/site = -0.1899158008
43.8395% accepted

energy = -5.041210046
energy/site = -0.006301512557
43.8459% accepted

energy = -2.451213458
energy/site = -0.003064016822
43.9238% accepted

energy = -12.92731921
energy/site = -0.01615914901
43.8564% accepted

energy = -12.44123816
energy/site = -0.0155515477
43.8648% accepted

energy = -56.92703501
energy/site = -0.07115879377
43.8565% accepted

energy = -4.322275076
energy/site = -0.005402843845
43.7604% accepted

energy = -785.4309585
energy/site = -0.9817886981
43.8261% accepted

energy = -0.09557924664
energy/site = -0.0001194740583
43.8836% accepted

energy = -10.17376016
energy/site = -0.0127172002
43.8063% accepted

energy = -11.28450358
energy/site = -0.01410562948
43.8736% accepted

energy = -46.30540969
energy/site = -0.05788176211
43.8836% accepted

energy = -0.6223661731
energy/site = -0.0007779577163
43.8064% accepted

energy = -0.3998443983
energy/site = -0.0004998054979
43.895% accepted

energy = -0.03174367487
energy/site = -3.967959358e-05
43.9514% accepted

energy = -225.9937996
energy/site = -0.2824922495
43.8819% accepted

energy = -10.82476324
energy/site = -0.01353095405
43.8217% accepted

energy = -592.2910238
energy/site = -0.7403637797
43.8087% accepted

energy = -6.051644204
energy/site = -0.007564555255
43.8869% accepted

energy = -0.5450301519
energy/site = -0.0006812876898
43.8636% accepted

energy = -58.95974287
energy/site = -0.07369967859
43.9308% accepted

energy = -2.658232614
energy/site = -0.003322790767
43.7901% accepted

energy = -32.7960251
energy/site = -0.04099503138
43.8108% accepted

energy = -9.982682491
energy/site = -0.01247835311
43.8369% accepted

energy = -11.04552956
energy/site = -0.01380691195
44.0406% accepted

energy = -48.39344004
energy/site = -0.06049180005
43.9361% accepted

energy = -1.220289422
energy/site = -0.001525361777
43.9046% accepted

energy = -15.75082159
energy/site = -0.01968852698
43.8456% accepted

energy = -93.82904737
energy/site = -0.1172863092
43.9138% accepted

energy = -4.820207471
energy/site = -0.006025259338
43.9543% accepted

energy = -3.107050234
energy/site = -0.003883812793
43.8227% accepted

energy = -0.4828665526
energy/site = -0.0006035831908
43.8739% accepted

energy = -333.9772513
energy/site = -0.4174715641
43.9871% accepted

energy = -0.7456823933
energy/site = -0.0009321029916
43.8372% accepted

energy = -0.3037747786
energy/site = -0.0003797184733
44.0185% accepted

energy = -0.21907026
energy/site = -0.000273837825
43.9107% accepted

energy = -11.41438829
energy/site = -0.01426798536
43.9152% accepted

energy = -43.31989582
energy/site = -0.05414986978
43.9719% accepted

energy = -0.0327500991
energy/site = -4.093762387e-05
43.8972% accepted

energy = -1.466959836
energy/site = -0.001833699795
43.8795% accepted

energy = -733.3465531
energy/site = -0.9166831913
43.7672% accepted

energy = -4302.765152
energy/site = -5.378456439
43.8633% accepted

energy = -3.115871459
energy/site = -0.003894839324
43.8478% accepted

energy = -13.96006183
energy/site = -0.01745007729
43.7261% accepted

energy = -2.289695794
energy/site = -0.002862119742
43.7704% accepted

energy = -0.1797128167
energy/site = -0.0002246410208
43.9404% accepted

energy = -0.04399342661
energy/site = -5.499178327e-05
43.9676% accepted

energy = -1.237834987
energy/site = -0.001547293734
43.9029% accepted

energy = -0.1303240084
energy/site = -0.0001629050105
43.8763% accepted

energy = -15.88581245
energy/site = -0.01985726557
43.8103% accepted

energy = -26.27942355
energy/site = -0.03284927943
43.9386% accepted

energy = -2.244378566
energy/site = -0.002805473207
43.9178% accepted

energy = -282.769494
energy/site = -0.3534618675
43.8719% accepted

energy = -1.323344781
energy/site = -0.001654180977
43.9326% accepted

energy = -207.6323055
energy/site = -0.2595403818
43.786% accepted

energy = -18.11168203
energy/site = -0.02263960253
43.9049% accepted

energy = -448.8198098
energy/site = -0.5610247622
43.8227% accepted

energy = -1.066426771
energy/site = -0.001333033464
43.7168% accepted

energy = -167.3931273
energy/site = -0.2092414091
43.872% accepted

energy = -5.330969974
energy/site = -0.006663712467
43.9852% accepted

energy = -54.29441098
energy/site = -0.06786801373
43.9335% accepted

energy = -7.846381664
energy/site = -0.00980797708
43.8491% accepted

energy = -0.7600112557
energy/site = -0.0009500140696
43.8644% accepted

energy = -3.420961378
energy/site = -0.004276201723
43.764% accepted

energy = -0.3052057402
energy/site = -0.0003815071753
43.8033% accepted

energy = -0.1573101515
energy/site = -0.0001966376894
43.8932% accepted

energy = -30.75209013
energy/site = -0.03844011266
43.8119% accepted

energy = -0.3070436635
energy/site = -0.0003838045794
43.929% accepted

energy = -11.41326685
energy/site = -0.01426658356
43.8612% accepted

energy = -5.673847761
energy/site = -0.007092309701
43.8347% accepted

energy = -62.69597022
energy/site = -0.07836996278
43.9161% accepted

energy = -0.3572553294
energy/site = -0.0004465691617
43.8076% accepted

energy = -4.267425525
energy/site = -0.005334281906
43.871% accepted

energy = -11.06081199
energy/site = -0.01382601499
43.9097% accepted

energy = -2.851727834
energy/site = -0.003564659793
43.73% accepted

energy = -1.612517197
energy/site = -0.002015646496
43.7913% accepted

energy = -0.05705765673
energy/site = -7.132207092e-05
43.8821% accepted

energy = -254.7614556
energy/site = -0.3184518196
43.9679% accepted

energy = -63.82344973
energy/site = -0.07977931217
43.7315% accepted

energy = -2.629869188
energy/site = -0.003287336485
44.0258% accepted

energy = -467.0007247
energy/site = -0.5837509058
43.6916% accepted

energy = -307.6444599
energy/site = -0.3845555749
43.9558% accepted

energy = -2.023931976
energy/site = -0.002529914969
43.9625% accepted

energy = -3.979916045
energy/site = -0.004974895056
43.7679% accepted

energy = -5.415081926
energy/site = -0.006768852408
43.8768% accepted

energy = -2.838826263
energy/site = -0.003548532829
44.0037% accepted

energy = -3.691997933
energy/site = -0.004614997416
43.887% accepted

energy = -0.0995781101
energy/site = -0.0001244726376
43.8828% accepted

energy = -18.195328
energy/site = -0.02274415999
43.8916% accepted

energy = -41.79912451
energy/site = -0.05224890564
43.9969% accepted

energy = -24.96114547
energy/site = -0.03120143183
43.9621% accepted

energy = -141.1165276
energy/site = -0.1763956595
43.8819% accepted

energy = -290975.9099
energy/site = -363.7198874
43.7919% accepted

energy = -3.237595201
energy/site = -0.004046994001
43.8839% accepted

energy = -4.178778079
energy/site = -0.005223472599
43.9055% accepted

energy = -43.6351789
energy/site = -0.05454397362
43.9296% accepted

energy = -1.444303178
energy/site = -0.001805378972
44.0014% accepted

energy = -0.517586005
energy/site = -0.0006469825063
43.7466% accepted

energy = -616.9758648
energy/site = -0.7712198309
43.9543% accepted

energy = -0.6746871061
energy/site = -0.0008433588826
43.9559% accepted

energy = -3.581580177
energy/site = -0.004476975221
43.8448% accepted

energy = -51.35803812
energy/site = -0.06419754765
43.8375% accepted

energy = -164.5463789
energy/site = -0.2056829736
43.8908% accepted

energy = -4.251400282
energy/site = -0.005314250353
43.8406% accepted

energy = -102.6716426
energy/site = -0.1283395533
43.8754% accepted

energy = -2.871713263
energy/site = -0.003589641579
43.8457% accepted

energy = -0.8716590541
energy/site = -0.001089573818
43.8059% accepted

energy = -4.012832031
energy/site = -0.005016040039
43.9829% accepted

energy = -88.92136272
energy/site = -0.1111517034
43.8173% accepted

energy = -73.81069277
energy/site = -0.09226336596
43.9599% accepted

energy = -51.69248423
energy/site = -0.06461560529
43.927% accepted

energy = -0.1502827433
energy/site = -0.0001878534292
43.85% accepted

energy = -3.598976951
energy/site = -0.004498721188
43.9166% accepted

energy = -43.84702068
energy/site = -0.05480877585
43.7883% accepted

energy = -0.06286131237
energy/site = -7.857664046e-05
43.9155% accepted

energy = -30.70204432
energy/site = -0.0383775554
43.8142% accepted

energy = -1.238748414
energy/site = -0.001548435518
43.706% accepted

energy = -0.6536928713
energy/site = -0.0008171160891
43.9836% accepted

energy = -4.567918467
energy/site = -0.005709898084
43.8211% accepted

energy = -21.98623575
energy/site = -0.02748279469
43.9506% accepted

energy = -0.0448930819
energy/site = -5.611635237e-05
43.8106% accepted

energy = -4.498426778
energy/site = -0.005623033472
43.8304% accepted

energy = -0.4020168327
energy/site = -0.0005025210409
43.8306% accepted

energy = -1.285590702
energy/site = -0.001606988378
43.9501% accepted

energy = -0.1758796365
energy/site = -0.0002198495456
43.9688% accepted

energy = -0.9411147417
energy/site = -0.001176393427
44.0511% accepted

energy = -28079.84085
energy/site = -35.09980107
43.7895% accepted

energy = -3.431681298
energy/site = -0.004289601622
43.8566% accepted

energy = -44.68796876
energy/site = -0.05585996095
43.9312% accepted

energy = -35.30637844
energy/site = -0.04413297304
43.7702% accepted

energy = -15.92202757
energy/site = -0.01990253447
43.9404% accepted

energy = -0.4545477211
energy/site = -0.0005681846513
43.7035% accepted

energy = -39.05786078
energy/site = -0.04882232597
43.7818% accepted

energy = -7.178578571
energy/site = -0.008973223214
43.7906% accepted

energy = -187.6500181
energy/site = -0.2345625226
43.9059% accepted

energy = -6186.78392
energy/site = -7.7334799
43.8713% accepted

energy = -205.9452912
energy/site = -0.257431614
44.0053% accepted

energy = -14.30110131
energy/site = -0.01787637664
43.8682% accepted

energy = -10.7498248
energy/site = -0.013437281
43.9015% accepted

User defined signal 2

------------------------------------------------------------
Sender: LSF System <lsfadmin@wha457>
Subject: Job 5120537: <./torus18> Exited

Job <./torus18> was submitted from host <wha780> by user <akallin>.
Job was executed on host(s) <wha457>, in queue <serial>, as user <akallin>.
</home/akallin> was used as the home directory.
</work/akallin/TORUS/OBC/10leg/18> was used as the working directory.
Started at Wed Jul 21 17:42:41 2010
Results reported at Wed Jul 28 18:09:31 2010

Your job looked like:

------------------------------------------------------------
# LSBATCH: User input
./torus18
------------------------------------------------------------

TERM_RUNLIMIT: job killed after reaching LSF run time limit.
Exited with exit code 140.

Resource usage summary:

    CPU time   : 237804.00 sec.
    Max Memory :         6 MB
    Max Swap   :       122 MB

    Max Processes  :         4
    Max Threads    :         4

The output (if any) is above this job summary.


weighting by <swap_x> where x = 18
10 x 40 x 1 system
r   = 3  bondops changed per step 
n/N = 80  bond operators / site
its = 1000000  iterations/loop for 100000 loops

energy = -0.5624613033
energy/site = -0.0007030766292
41.2524% accepted

energy = -5757.084168
energy/site = -7.196355209
43.9188% accepted

energy = -177.9131349
energy/site = -0.2223914186
44.0726% accepted

energy = -0.1991871152
energy/site = -0.000248983894
43.944% accepted

energy = -75.25168025
energy/site = -0.09406460031
44.0924% accepted

energy = -44.434188
energy/site = -0.055542735
43.8404% accepted

energy = -37.32515373
energy/site = -0.04665644216
43.9794% accepted

energy = -0.2904003578
energy/site = -0.0003630004473
43.8142% accepted

energy = -504.5104151
energy/site = -0.6306380188
43.7785% accepted

energy = -0.1389133647
energy/site = -0.0001736417059
43.7527% accepted

energy = -1.714004055
energy/site = -0.002142505069
43.9433% accepted

energy = -0.3824430581
energy/site = -0.0004780538226
43.8792% accepted

energy = -2.951227248
energy/site = -0.00368903406
43.9644% accepted

energy = -10.93789123
energy/site = -0.01367236403
43.8885% accepted

energy = -0.1229062324
energy/site = -0.0001536327905
43.8024% accepted

energy = -27.61439005
energy/site = -0.03451798756
43.9869% accepted

energy = -147.4683849
energy/site = -0.1843354811
43.9217% accepted

energy = -1.350497789
energy/site = -0.001688122237
43.9899% accepted

energy = -415.3014067
energy/site = -0.5191267584
43.9439% accepted

energy = -0.4398417929
energy/site = -0.0005498022411
44.0761% accepted

energy = -220.0703597
energy/site = -0.2750879496
43.9048% accepted

energy = -0.2500315909
energy/site = -0.0003125394886
43.713% accepted

energy = -35.0958182
energy/site = -0.04386977274
43.7542% accepted

energy = -18.11441166
energy/site = -0.02264301457
43.8731% accepted

energy = -10.9570331
energy/site = -0.01369629137
43.9711% accepted

energy = -12.45105332
energy/site = -0.01556381665
43.9827% accepted

energy = -1.44568171
energy/site = -0.001807102137
43.9761% accepted

energy = -706.9594737
energy/site = -0.8836993421
43.8386% accepted

energy = -7.935922007
energy/site = -0.009919902508
43.9248% accepted

energy = -9.023378896
energy/site = -0.01127922362
43.8733% accepted

energy = -969.7999457
energy/site = -1.212249932
43.9913% accepted

energy = -0.3337069842
energy/site = -0.0004171337303
43.8473% accepted

energy = -12.02712444
energy/site = -0.01503390555
43.9018% accepted

energy = -8.08553155
energy/site = -0.01010691444
43.9018% accepted

energy = -23.35928471
energy/site = -0.02919910589
43.9475% accepted

energy = -27.24827287
energy/site = -0.03406034108
43.9281% accepted

energy = -2.376842251
energy/site = -0.002971052814
43.7997% accepted

energy = -62.95806822
energy/site = -0.07869758527
43.9961% accepted

energy = -2.590486729
energy/site = -0.003238108411
43.7773% accepted

energy = -0.6110800652
energy/site = -0.0007638500815
43.8898% accepted

energy = -401.0776193
energy/site = -0.5013470242
43.88% accepted

energy = -34.276696
energy/site = -0.04284587
43.8592% accepted

energy = -0.09318139016
energy/site = -0.0001164767377
43.9919% accepted

energy = -2.199692338
energy/site = -0.002749615422
43.722% accepted

energy = -0.1872927617
energy/site = -0.0002341159521
43.9433% accepted

energy = -1.647358099
energy/site = -0.002059197624
43.8374% accepted

energy = -0.7269643976
energy/site = -0.000908705497
43.9439% accepted

energy = -0.1293430169
energy/site = -0.0001616787711
43.9167% accepted

energy = -624.91749
energy/site = -0.7811468625
43.9215% accepted

energy = -36.52003952
energy/site = -0.0456500494
43.874% accepted

energy = -2.530171924
energy/site = -0.003162714905
43.7307% accepted

energy = -24.97964175
energy/site = -0.03122455219
43.8395% accepted

energy = -0.5395675499
energy/site = -0.0006744594374
43.843% accepted

energy = -0.6694220483
energy/site = -0.0008367775603
44.0444% accepted

energy = -2.769198196
energy/site = -0.003461497745
43.8105% accepted

energy = -151.8401655
energy/site = -0.1898002069
43.7773% accepted

energy = -7.373296162
energy/site = -0.009216620203
43.8137% accepted

energy = -72.93141845
energy/site = -0.09116427307
43.8569% accepted

energy = -6.677861462
energy/site = -0.008347326828
43.745% accepted

energy = -0.6824794755
energy/site = -0.0008530993444
43.9377% accepted

energy = -5.029193865
energy/site = -0.006286492331
43.8457% accepted

energy = -7.895500946
energy/site = -0.009869376182
43.7406% accepted

energy = -13.56850179
energy/site = -0.01696062724
43.8456% accepted

energy = -265.771133
energy/site = -0.3322139162
43.8223% accepted

energy = -0.2371440073
energy/site = -0.0002964300091
43.7436% accepted

energy = -0.872288756
energy/site = -0.001090360945
43.831% accepted

energy = -16.40172922
energy/site = -0.02050216152
43.7545% accepted

energy = -0.3056652984
energy/site = -0.0003820816229
43.9596% accepted

energy = -1.201252429
energy/site = -0.001501565537
43.8667% accepted

energy = -25.14665906
energy/site = -0.03143332382
43.8561% accepted

energy = -3.732008208
energy/site = -0.00466501026
43.897% accepted

energy = -14.67573486
energy/site = -0.01834466857
43.8229% accepted

energy = -379.6727664
energy/site = -0.474590958
43.8585% accepted

energy = -7.249980774
energy/site = -0.009062475968
43.8163% accepted

energy = -203.9489168
energy/site = -0.254936146
43.9771% accepted

energy = -2.981366106
energy/site = -0.003726707632
43.955% accepted

energy = -127.3393246
energy/site = -0.1591741558
43.9606% accepted

energy = -0.2880519321
energy/site = -0.0003600649151
43.9716% accepted

energy = -15.30019525
energy/site = -0.01912524406
43.9474% accepted

energy = -6.390127181
energy/site = -0.007987658976
43.9185% accepted

energy = -4.89544777
energy/site = -0.006119309712
43.8617% accepted

energy = -2.559160613
energy/site = -0.003198950766
43.8967% accepted

energy = -2.195129997
energy/site = -0.002743912496
43.9193% accepted

energy = -4.37828807
energy/site = -0.005472860088
43.7983% accepted

energy = -4.93704368
energy/site = -0.006171304601
43.9005% accepted

energy = -29.44698985
energy/site = -0.03680873731
43.8844% accepted

energy = -33.73127721
energy/site = -0.04216409651
43.8598% accepted

energy = -0.02811237772
energy/site = -3.514047215e-05
43.9394% accepted

energy = -25.96957064
energy/site = -0.0324619633
43.8276% accepted

energy = -1.555847555
energy/site = -0.001944809443
43.816% accepted

energy = -268.1908758
energy/site = -0.3352385948
43.8163% accepted

energy = -1231.318711
energy/site = -1.539148389
43.8966% accepted

energy = -644.6805132
energy/site = -0.8058506415
43.902% accepted

energy = -1.518126887
energy/site = -0.001897658608
43.8078% accepted

energy = -0.9595015408
energy/site = -0.001199376926
43.8803% accepted

energy = -0.224524075
energy/site = -0.0002806550937
43.7956% accepted

energy = -7.389323539
energy/site = -0.009236654424
43.8743% accepted

energy = -2.964468842
energy/site = -0.003705586053
43.8197% accepted

energy = -3.680757151
energy/site = -0.004600946438
43.7831% accepted

energy = -6.783004975
energy/site = -0.008478756219
43.9188% accepted

energy = -4.522646102
energy/site = -0.005653307627
43.7945% accepted

energy = -10.39478432
energy/site = -0.0129934804
43.8411% accepted

energy = -29.70430921
energy/site = -0.03713038651
43.7941% accepted

energy = -101.0630437
energy/site = -0.1263288046
43.9358% accepted

energy = -3.900516787
energy/site = -0.004875645984
43.8687% accepted

energy = -50.00302924
energy/site = -0.06250378655
43.8743% accepted

energy = -7.282292029
energy/site = -0.009102865036
43.8872% accepted

energy = -11.90256876
energy/site = -0.01487821095
43.936% accepted

energy = -34.35578049
energy/site = -0.04294472561
44.0078% accepted

energy = -59.52067277
energy/site = -0.07440084096
43.8638% accepted

energy = -2.008050522
energy/site = -0.002510063153
43.8772% accepted

energy = -4.717949807
energy/site = -0.005897437259
43.9516% accepted

energy = -69.73031594
energy/site = -0.08716289492
43.8757% accepted

energy = -47987.1084
energy/site = -59.98388551
43.675% accepted

energy = -1424.676388
energy/site = -1.780845485
43.9172% accepted

energy = -1376.371624
energy/site = -1.72046453
43.7274% accepted

energy = -17.67314268
energy/site = -0.02209142835
43.8864% accepted

energy = -23.20455035
energy/site = -0.02900568794
43.8391% accepted

energy = -14.52257864
energy/site = -0.0181532233
43.7689% accepted

energy = -2404.279056
energy/site = -3.00534882
43.8443% accepted

energy = -4.326088885
energy/site = -0.005407611106
43.8419% accepted

energy = -99.97630511
energy/site = -0.1249703814
43.8324% accepted

energy = -79.91498778
energy/site = -0.09989373472
43.8704% accepted

energy = -2.065745925
energy/site = -0.002582182406
43.8986% accepted

energy = -1.765086712
energy/site = -0.002206358389
43.9859% accepted

energy = -0.4969417044
energy/site = -0.0006211771305
43.9722% accepted

energy = -39.8860113
energy/site = -0.04985751413
43.926% accepted

energy = -36.22332364
energy/site = -0.04527915455
44.1117% accepted

energy = -376.5588029
energy/site = -0.4706985037
43.8361% accepted

energy = -44.30332062
energy/site = -0.05537915078
43.803% accepted

energy = -43.63057074
energy/site = -0.05453821342
43.8925% accepted

energy = -14.24147002
energy/site = -0.01780183753
43.9074% accepted

energy = -52.53518506
energy/site = -0.06566898133
43.8769% accepted

energy = -24.54720999
energy/site = -0.03068401249
43.9414% accepted

energy = -78.03681328
energy/site = -0.0975460166
44.0745% accepted

energy = -5.925809399
energy/site = -0.007407261749
43.8706% accepted

energy = -380.7126483
energy/site = -0.4758908104
43.8547% accepted

energy = -28.377933
energy/site = -0.03547241624
43.8663% accepted

energy = -16.42091876
energy/site = -0.02052614845
43.8475% accepted

energy = -58.60738742
energy/site = -0.07325923427
43.9537% accepted

energy = -4.722808242
energy/site = -0.005903510303
43.8854% accepted

energy = -19.03586993
energy/site = -0.02379483741
43.7497% accepted

energy = -17.49238238
energy/site = -0.02186547798
43.8275% accepted

energy = -8.138189839
energy/site = -0.0101727373
43.9146% accepted

energy = -19.22575892
energy/site = -0.02403219865
43.8943% accepted

energy = -7.395725161
energy/site = -0.009244656451
43.9371% accepted

energy = -0.7185102994
energy/site = -0.0008981378742
43.7447% accepted

energy = -113.2640427
energy/site = -0.1415800534
43.8961% accepted

energy = -26.92174876
energy/site = -0.03365218595
43.876% accepted

energy = -4.741273231
energy/site = -0.005926591539
43.8097% accepted

energy = -6.683777567
energy/site = -0.008354721958
43.8457% accepted

energy = -0.7301776755
energy/site = -0.0009127220944
43.9593% accepted

energy = -2689.871475
energy/site = -3.362339344
43.7769% accepted

energy = -8.233779746
energy/site = -0.01029222468
43.7083% accepted

energy = -2.046699551
energy/site = -0.002558374438
43.8217% accepted

energy = -6.665903458
energy/site = -0.008332379322
43.8264% accepted

energy = -1.968519888
energy/site = -0.00246064986
43.8609% accepted

energy = -0.4451850377
energy/site = -0.0005564812971
43.9117% accepted

energy = -4984.574095
energy/site = -6.230717618
43.9273% accepted

energy = -46.19845144
energy/site = -0.05774806431
43.941% accepted

energy = -88.17179261
energy/site = -0.1102147408
43.8927% accepted

energy = -9717.803439
energy/site = -12.1472543
43.74% accepted

energy = -13.97262749
energy/site = -0.01746578436
43.8226% accepted

energy = -20655.45983
energy/site = -25.81932479
43.8674% accepted

energy = -80.00997293
energy/site = -0.1000124662
43.9584% accepted

energy = -184.8208929
energy/site = -0.2310261162
43.8787% accepted

energy = -0.9340341417
energy/site = -0.001167542677
44.0824% accepted

energy = -0.03661168318
energy/site = -4.576460398e-05
43.9073% accepted

energy = -21.29876626
energy/site = -0.02662345782
43.7947% accepted

energy = -8.334935684
energy/site = -0.0104186696
43.9748% accepted

energy = -4.968822184
energy/site = -0.00621102773
43.9355% accepted

energy = -5.985421401
energy/site = -0.007481776752
43.8457% accepted

energy = -77.33531794
energy/site = -0.09666914743
43.8719% accepted

energy = -0.3012740096
energy/site = -0.000376592512
43.8556% accepted

energy = -2.793105799
energy/site = -0.003491382249
43.844% accepted

energy = -0.7948409008
energy/site = -0.000993551126
43.9922% accepted

energy = -6.688057849
energy/site = -0.008360072311
43.756% accepted

energy = -1.038215052
energy/site = -0.001297768815
43.8352% accepted

energy = -0.7453046552
energy/site = -0.000931630819
43.8926% accepted

energy = -56.63445523
energy/site = -0.07079306904
43.7876% accepted

energy = -4.326838779
energy/site = -0.005408548474
44.017% accepted

energy = -0.3470150832
energy/site = -0.000433768854
44.0056% accepted

energy = -48.22619273
energy/site = -0.06028274091
43.9239% accepted

energy = -92.41790249
energy/site = -0.1155223781
43.7476% accepted

energy = -0.03648852905
energy/site = -4.561066131e-05
44.0062% accepted

energy = -5.39319788
energy/site = -0.00674149735
43.801% accepted

energy = -3.973281075
energy/site = -0.004966601343
43.9937% accepted

energy = -2407.662208
energy/site = -3.00957776
43.7169% accepted

energy = -0.2341853
energy/site = -0.000292731625
43.9455% accepted

energy = -1.766760204
energy/site = -0.002208450254
43.8307% accepted

energy = -0.4204954324
energy/site = -0.0005256192905
43.7473% accepted

energy = -0.9738243905
energy/site = -0.001217280488
43.8797% accepted

energy = -19.69031871
energy/site = -0.02461289839
44.0894% accepted

energy = -25.17606425
energy/site = -0.03147008031
43.6677% accepted

energy = -3.476554248
energy/site = -0.004345692811
43.9818% accepted

energy = -118.6429949
energy/site = -0.1483037437
43.9296% accepted

energy = -141.901222
energy/site = -0.1773765275
43.9847% accepted

energy = -14.46735101
energy/site = -0.01808418876
43.9298% accepted

energy = -236.4059883
energy/site = -0.2955074854
43.9232% accepted

energy = -2.844440661
energy/site = -0.003555550826
43.8053% accepted

energy = -2.573632523
energy/site = -0.003217040654
43.8391% accepted

energy = -0.2093585523
energy/site = -0.0002616981904
43.8762% accepted

energy = -7.644947695
energy/site = -0.009556184619
43.912% accepted

energy = -31.47676523
energy/site = -0.03934595653
43.9684% accepted

energy = -50.98038126
energy/site = -0.06372547658
43.7654% accepted

energy = -12.06464433
energy/site = -0.01508080541
43.9186% accepted

energy = -0.70083504
energy/site = -0.0008760438
43.8814% accepted

energy = -22.75498019
energy/site = -0.02844372524
43.9939% accepted

energy = -51.69024704
energy/site = -0.0646128088
43.9355% accepted

energy = -0.7744361028
energy/site = -0.0009680451285
43.9735% accepted

energy = -0.9373493041
energy/site = -0.00117168663
43.8027% accepted

energy = -27.34438656
energy/site = -0.0341804832
43.9436% accepted

energy = -0.1647391501
energy/site = -0.0002059239376
43.8819% accepted

energy = -11.70081073
energy/site = -0.01462601341
43.8688% accepted

energy = -4.941301842
energy/site = -0.006176627302
43.9146% accepted

energy = -15.38730667
energy/site = -0.01923413334
43.9284% accepted

energy = -516.7880966
energy/site = -0.6459851207
44.0113% accepted

energy = -2.526850773
energy/site = -0.003158563466
43.9561% accepted

energy = -0.1804060048
energy/site = -0.000225507506
43.7525% accepted

energy = -1.103430873
energy/site = -0.001379288591
43.8586% accepted

energy = -10.71401242
energy/site = -0.01339251553
43.8187% accepted

energy = -448.8762703
energy/site = -0.5610953379
43.7277% accepted

energy = -1.773227834
energy/site = -0.002216534792
43.7125% accepted

energy = -8.398314681
energy/site = -0.01049789335
43.7167% accepted

energy = -75.20055946
energy/site = -0.09400069932
43.8011% accepted

energy = -0.6774565545
energy/site = -0.0008468206931
43.9641% accepted

energy = -49.84148553
energy/site = -0.06230185691
43.7147% accepted

energy = -17.6028664
energy/site = -0.022003583
43.9766% accepted

energy = -3018.240349
energy/site = -3.772800437
43.7943% accepted

energy = -20.09046758
energy/site = -0.02511308447
43.8048% accepted

energy = -32.10213293
energy/site = -0.04012766617
43.9157% accepted

energy = -0.1350361285
energy/site = -0.0001687951607
43.9313% accepted

energy = -0.4406577989
energy/site = -0.0005508222487
43.7725% accepted

energy = -27.95062304
energy/site = -0.0349382788
43.8243% accepted

energy = -0.542630342
energy/site = -0.0006782879275
43.795% accepted

energy = -9.564260076
energy/site = -0.01195532509
44.0162% accepted

User defined signal 2

------------------------------------------------------------
Sender: LSF System <lsfadmin@wha128>
Subject: Job 5493695: <./torus18> Exited

Job <./torus18> was submitted from host <wha781> by user <akallin>.
Job was executed on host(s) <wha128>, in queue <serial>, as user <akallin>.
</home/akallin> was used as the home directory.
</work/akallin/TORUS/OBC/10leg/18> was used as the working directory.
Started at Wed Aug 11 14:44:52 2010
Results reported at Wed Aug 18 15:01:33 2010

Your job looked like:

------------------------------------------------------------
# LSBATCH: User input
./torus18
------------------------------------------------------------

TERM_RUNLIMIT: job killed after reaching LSF run time limit.
Exited with exit code 140.

Resource usage summary:

    CPU time   : 395177.00 sec.
    Max Memory :         6 MB
    Max Swap   :       122 MB

    Max Processes  :         4
    Max Threads    :         4

The output (if any) is above this job summary.


weighting by <swap_x> where x = 18
10 x 40 x 1 system
r   = 3  bondops changed per step 
n/N = 80  bond operators / site
its = 1000000  iterations/loop for 100000 loops

