
64 x 17 x 1 system
r   = 3  bondops changed per step 
n/N = 15  bond operators / site
its = 100000  iterations/loop for 1000 loops

C(L/2,L/2) = 0.1696125
energy = -831.87978
energy/site = -0.764595386
47.122% accepted

C(L/2,L/2) = 0.173265
energy = -795.9347625
energy/site = -0.7315576861
44.64% accepted

C(L/2,L/2) = 0.1267575
energy = -772.8203175
energy/site = -0.7103127918
44.248% accepted

C(L/2,L/2) = 0.108945
energy = -795.0794625
energy/site = -0.7307715648
44.69% accepted

C(L/2,L/2) = 0.051675
energy = -784.7530875
energy/site = -0.7212804113
44.007% accepted

C(L/2,L/2) = 0.1168725
energy = -792.484755
energy/site = -0.7283867233
44.064% accepted

C(L/2,L/2) = 0.0698775
energy = -762.08553
energy/site = -0.7004462592
44.317% accepted

C(L/2,L/2) = 0.1715025
energy = -789.80268
energy/site = -0.7259215809
44.384% accepted

C(L/2,L/2) = 0.23313
energy = -808.4219925
energy/site = -0.7430349196
44.635% accepted

C(L/2,L/2) = 0.1346025
energy = -779.4093225
energy/site = -0.7163688626
44.055% accepted

C(L/2,L/2) = 0.1190175
energy = -794.9270625
energy/site = -0.7306314913
44.633% accepted

C(L/2,L/2) = 0.02679
energy = -791.71257
energy/site = -0.7276769945
44.857% accepted

C(L/2,L/2) = 0.2639325
energy = -791.49489
energy/site = -0.727476921
44.176% accepted

C(L/2,L/2) = 0.1889625
energy = -786.683475
energy/site = -0.7230546645
44.856% accepted

C(L/2,L/2) = 0.1548225
energy = -793.8988875
energy/site = -0.7296864775
44.491% accepted

C(L/2,L/2) = 0.20931
energy = -786.718065
energy/site = -0.7230864568
44.255% accepted

C(L/2,L/2) = 0.11379
energy = -795.9828225
energy/site = -0.7316018589
44.323% accepted

C(L/2,L/2) = 0.20814
energy = -809.00097
energy/site = -0.743567068
44.515% accepted

C(L/2,L/2) = 0.0349725
energy = -789.614595
energy/site = -0.7257487086
44.456% accepted

C(L/2,L/2) = 0.1630875
energy = -792.848595
energy/site = -0.7287211351
44.56% accepted

C(L/2,L/2) = 0.104265
energy = -793.8363
energy/site = -0.7296289522
44.389% accepted

C(L/2,L/2) = 0.1201275
energy = -793.5585675
energy/site = -0.7293736834
44.531% accepted

C(L/2,L/2) = 0.1012125
energy = -803.641845
energy/site = -0.7386414017
44.056% accepted

C(L/2,L/2) = 0.2018325
energy = -807.2345175
energy/site = -0.7419434903
44.485% accepted

C(L/2,L/2) = 0.14385
energy = -806.5031925
energy/site = -0.7412713166
44.419% accepted

C(L/2,L/2) = 0.0954
energy = -797.381265
energy/site = -0.7328871921
44.532% accepted

C(L/2,L/2) = 0.16032
energy = -797.1396525
energy/site = -0.7326651218
44.48% accepted

C(L/2,L/2) = 0.13527
energy = -784.6855575
energy/site = -0.7212183433
44.284% accepted

C(L/2,L/2) = 0.278385
energy = -794.044365
energy/site = -0.7298201884
44.544% accepted

C(L/2,L/2) = 0.2456175
energy = -789.3020175
energy/site = -0.7254614131
44.376% accepted

C(L/2,L/2) = 0.3100275
energy = -790.6134975
energy/site = -0.7266668176
44.457% accepted

C(L/2,L/2) = 0.2659725
energy = -818.9099625
energy/site = -0.7526745979
45.185% accepted

C(L/2,L/2) = 0.1473375
energy = -798.2214675
energy/site = -0.733659437
44.113% accepted

C(L/2,L/2) = 0.0755475
energy = -806.6794425
energy/site = -0.7414333111
44.585% accepted

C(L/2,L/2) = 0.135825
energy = -800.3218875
energy/site = -0.7355899701
44.045% accepted

C(L/2,L/2) = 0.1174875
energy = -801.1405275
energy/site = -0.7363423966
44.148% accepted

C(L/2,L/2) = 0.266115
energy = -788.9451075
energy/site = -0.7251333709
44.115% accepted

C(L/2,L/2) = 0.2355675
energy = -800.5823175
energy/site = -0.7358293359
44.848% accepted

C(L/2,L/2) = 0.253935
energy = -791.889165
energy/site = -0.7278393061
44.472% accepted

C(L/2,L/2) = 0.0921675
energy = -794.9564775
energy/site = -0.7306585271
44.371% accepted

C(L/2,L/2) = 0.2671125
energy = -793.7239275
energy/site = -0.7295256687
44.239% accepted

C(L/2,L/2) = 0.0606825
energy = -804.2646
energy/site = -0.7392137868
44.752% accepted

C(L/2,L/2) = 0.086595
energy = -782.1659025
energy/site = -0.7189024839
44.332% accepted

C(L/2,L/2) = 0.145305
energy = -788.663535
energy/site = -0.7248745726
44.412% accepted

C(L/2,L/2) = 0.1478925
energy = -788.9901975
energy/site = -0.7251748139
44.736% accepted

C(L/2,L/2) = 0.234195
energy = -794.9678325
energy/site = -0.7306689637
44.449% accepted

C(L/2,L/2) = 0.202905
energy = -792.7278825
energy/site = -0.7286101861
44.36% accepted

C(L/2,L/2) = 0.0129975
energy = -778.17414
energy/site = -0.7152335846
44.173% accepted

C(L/2,L/2) = 0.1625025
energy = -798.183915
energy/site = -0.7336249219
44.151% accepted

C(L/2,L/2) = 0.1911525
energy = -800.2098525
energy/site = -0.7354869968
44.163% accepted

C(L/2,L/2) = 0.1379475
energy = -808.118205
energy/site = -0.7427557031
44.147% accepted

C(L/2,L/2) = 0.098145
energy = -792.2323125
energy/site = -0.728154699
44.131% accepted

C(L/2,L/2) = 0.2505975
energy = -787.9700775
energy/site = -0.7242372036
43.972% accepted

C(L/2,L/2) = 0.1137225
energy = -790.0476675
energy/site = -0.7261467532
44.128% accepted

C(L/2,L/2) = 0.1887675
energy = -788.3516475
energy/site = -0.7245879113
44.034% accepted

C(L/2,L/2) = 0.1951575
energy = -804.9993825
energy/site = -0.7398891383
44.647% accepted

C(L/2,L/2) = 0.1730625
energy = -799.8789
energy/site = -0.7351828125
43.825% accepted

C(L/2,L/2) = 0.111045
energy = -797.4785475
energy/site = -0.7329766062
44.187% accepted

C(L/2,L/2) = 0.1696125
energy = -794.422275
energy/site = -0.7301675322
44.305% accepted

C(L/2,L/2) = 0.1782975
energy = -811.53996
energy/site = -0.7459006985
43.963% accepted

C(L/2,L/2) = 0.164685
energy = -802.693485
energy/site = -0.7377697472
44.617% accepted

C(L/2,L/2) = 0.20799
energy = -788.622645
energy/site = -0.7248369899
44.29% accepted

C(L/2,L/2) = 0.25431
energy = -788.537895
energy/site = -0.7247590947
44.442% accepted

C(L/2,L/2) = 0.129135
energy = -772.623285
energy/site = -0.7101316958
44.435% accepted

C(L/2,L/2) = 0.1616325
energy = -783.863325
energy/site = -0.7204626149
44.57% accepted

C(L/2,L/2) = 0.288945
energy = -791.6481375
energy/site = -0.7276177734
44.043% accepted

C(L/2,L/2) = 0.1955925
energy = -784.5182175
energy/site = -0.7210645381
44.687% accepted

C(L/2,L/2) = 0.1890975
energy = -799.892565
energy/site = -0.7351953722
45.016% accepted

C(L/2,L/2) = 0.1556025
energy = -783.8686125
energy/site = -0.7204674747
44.684% accepted

C(L/2,L/2) = 0.063525
energy = -791.55795
energy/site = -0.7275348805
44.116% accepted

C(L/2,L/2) = 0.129795
energy = -790.0264275
energy/site = -0.7261272312
44.207% accepted

C(L/2,L/2) = 0.1265925
energy = -785.35251
energy/site = -0.7218313511
44.489% accepted

C(L/2,L/2) = 0.13392
energy = -794.096505
energy/site = -0.7298681112
44.252% accepted

C(L/2,L/2) = 0.1367025
energy = -801.27489
energy/site = -0.7364658915
44.163% accepted

C(L/2,L/2) = 0.1852575
energy = -804.9067275
energy/site = -0.7398039775
44.827% accepted

C(L/2,L/2) = 0.174705
energy = -798.6448575
energy/site = -0.7340485823
44.263% accepted

C(L/2,L/2) = 0.242745
energy = -809.8820475
energy/site = -0.7443768819
44.343% accepted

C(L/2,L/2) = 0.181665
energy = -801.8858175
energy/site = -0.7370274058
44.198% accepted

C(L/2,L/2) = 0.110595
energy = -800.1578925
energy/site = -0.7354392394
44.447% accepted

C(L/2,L/2) = 0.1316475
energy = -797.762325
energy/site = -0.7332374311
44.114% accepted

C(L/2,L/2) = 0.1792725
energy = -781.515735
energy/site = -0.7183049035
44.435% accepted

C(L/2,L/2) = 0.1643475
energy = -779.451735
energy/site = -0.7164078447
43.997% accepted

C(L/2,L/2) = 0.25179
energy = -809.1992025
energy/site = -0.743749267
44.094% accepted

C(L/2,L/2) = 0.257625
energy = -795.1338075
energy/site = -0.7308215142
44.379% accepted

C(L/2,L/2) = 0.237735
energy = -787.799055
energy/site = -0.7240800138
44.214% accepted

C(L/2,L/2) = 0.093735
energy = -796.783185
energy/site = -0.7323374862
44.367% accepted

C(L/2,L/2) = 0.1953075
energy = -785.8518
energy/site = -0.7222902574
44.894% accepted

C(L/2,L/2) = 0.1474575
energy = -787.8440475
energy/site = -0.7241213672
44.42% accepted

C(L/2,L/2) = 0.1989375
energy = -790.633545
energy/site = -0.7266852436
44.442% accepted

C(L/2,L/2) = 0.1554975
energy = -802.801845
energy/site = -0.7378693428
44.078% accepted

C(L/2,L/2) = 0.27006
energy = -794.48289
energy/site = -0.7302232445
44.501% accepted

C(L/2,L/2) = 0.13989
energy = -793.384605
energy/site = -0.7292137914
44.367% accepted

C(L/2,L/2) = 0.32307
energy = -788.1269475
energy/site = -0.7243813856
44.293% accepted

C(L/2,L/2) = 0.24309
energy = -789.566085
energy/site = -0.7257041222
44.506% accepted

C(L/2,L/2) = 0.091485
energy = -787.7508525
energy/site = -0.72403571
44.432% accepted

C(L/2,L/2) = 0.164955
energy = -784.94451
energy/site = -0.7214563511
44.096% accepted

C(L/2,L/2) = 0.1744875
energy = -803.7138
energy/site = -0.7387075368
44.529% accepted

C(L/2,L/2) = 0.2200425
energy = -782.864625
energy/site = -0.7195446921
44.214% accepted

C(L/2,L/2) = 0.255015
energy = -784.712955
energy/site = -0.7212435248
44.161% accepted

C(L/2,L/2) = 0.2378925
energy = -786.37968
energy/site = -0.7227754412
44.166% accepted

C(L/2,L/2) = 0.210825
energy = -793.2830175
energy/site = -0.7291204205
44.726% accepted

C(L/2,L/2) = 0.159405
energy = -800.9796675
energy/site = -0.7361945473
44.306% accepted

C(L/2,L/2) = 0.1181025
energy = -791.42307
energy/site = -0.7274109099
44.145% accepted

C(L/2,L/2) = 0.1705275
energy = -802.40667
energy/site = -0.7375061305
44.286% accepted

C(L/2,L/2) = 0.1976325
energy = -789.9525525
energy/site = -0.7260593313
44.173% accepted

C(L/2,L/2) = 0.2224425
energy = -784.60812
energy/site = -0.7211471691
44.68% accepted

C(L/2,L/2) = 0.1701975
energy = -783.9456525
energy/site = -0.7205382835
44.672% accepted

C(L/2,L/2) = 0.2316525
energy = -792.06336
energy/site = -0.7279994118
44.754% accepted

C(L/2,L/2) = 0.0729
energy = -791.48637
energy/site = -0.7274690901
43.895% accepted

C(L/2,L/2) = 0.2036775
energy = -800.6328975
energy/site = -0.7358758249
44.606% accepted

C(L/2,L/2) = 0.0612225
energy = -785.8193025
energy/site = -0.7222603883
44.302% accepted

C(L/2,L/2) = 0.226125
energy = -799.0975575
energy/site = -0.7344646668
43.871% accepted

C(L/2,L/2) = 0.0650175
energy = -787.30533
energy/site = -0.7236262224
43.999% accepted

C(L/2,L/2) = 0.2546625
energy = -797.5412025
energy/site = -0.7330341935
44.157% accepted

C(L/2,L/2) = 0.1617525
energy = -776.5905225
energy/site = -0.7137780538
43.863% accepted

C(L/2,L/2) = 0.11823
energy = -804.023745
energy/site = -0.7389924127
44.733% accepted

C(L/2,L/2) = 0.05529
energy = -803.07981
energy/site = -0.7381248254
44.674% accepted

C(L/2,L/2) = 0.23028
energy = -800.51589
energy/site = -0.7357682813
44.378% accepted

C(L/2,L/2) = 0.09219
energy = -800.805
energy/site = -0.7360340074
44.03% accepted

C(L/2,L/2) = 0.1013925
energy = -795.0849225
energy/site = -0.7307765832
44.379% accepted

C(L/2,L/2) = 0.10665
energy = -804.9886875
energy/site = -0.7398793084
43.811% accepted

C(L/2,L/2) = 0.148425
energy = -798.424875
energy/site = -0.7338463925
44.315% accepted

C(L/2,L/2) = 0.154095
energy = -791.484675
energy/site = -0.7274675322
44.687% accepted

C(L/2,L/2) = 0.1130775
energy = -788.37354
energy/site = -0.7246080331
44.45% accepted

C(L/2,L/2) = 0.1541775
energy = -795.386115
energy/site = -0.7310534145
44.505% accepted

C(L/2,L/2) = 0.13164
energy = -784.4877
energy/site = -0.721036489
44.278% accepted

C(L/2,L/2) = 0.17895
energy = -781.00632
energy/site = -0.7178366912
44.708% accepted

C(L/2,L/2) = 0.2541225
energy = -785.3615025
energy/site = -0.7218396163
44.488% accepted

C(L/2,L/2) = 0.1881975
energy = -791.623725
energy/site = -0.7275953355
44.191% accepted

C(L/2,L/2) = 0.07782
energy = -782.77542
energy/site = -0.7194627022
43.926% accepted

C(L/2,L/2) = 0.1592175
energy = -807.0133875
energy/site = -0.7417402459
44.495% accepted

C(L/2,L/2) = 0.1560825
energy = -800.6765025
energy/site = -0.735915903
44.431% accepted

C(L/2,L/2) = 0.15876
energy = -800.8145775
energy/site = -0.7360428102
44.319% accepted

C(L/2,L/2) = 0.106905
energy = -780.16242
energy/site = -0.7170610478
43.936% accepted

C(L/2,L/2) = 0.150195
energy = -813.7217025
energy/site = -0.7479059766
44.209% accepted

C(L/2,L/2) = 0.0878175
energy = -803.63583
energy/site = -0.7386358732
44.026% accepted

C(L/2,L/2) = 0.2297025
energy = -800.8615725
energy/site = -0.7360860041
44.45% accepted

C(L/2,L/2) = 0.1293525
energy = -777.05589
energy/site = -0.7142057812
44.12% accepted

C(L/2,L/2) = 0.0955875
energy = -793.8332175
energy/site = -0.729626119
44.791% accepted

C(L/2,L/2) = 0.2043075
energy = -796.1081775
energy/site = -0.7317170749
44.539% accepted

C(L/2,L/2) = 0.226515
energy = -799.8588675
energy/site = -0.7351644003
44.39% accepted

C(L/2,L/2) = 0.1617975
energy = -795.1865175
energy/site = -0.7308699609
44.607% accepted

C(L/2,L/2) = 0.1542375
energy = -790.495275
energy/site = -0.7265581572
44.133% accepted

C(L/2,L/2) = 0.2474625
energy = -790.496655
energy/site = -0.7265594256
44.427% accepted

C(L/2,L/2) = 0.2449575
energy = -785.9718225
energy/site = -0.7224005722
44.258% accepted

C(L/2,L/2) = 0.16083
energy = -800.4271425
energy/site = -0.7356867119
44.151% accepted

C(L/2,L/2) = 0.05433
energy = -786.9221625
energy/site = -0.7232740464
43.577% accepted

C(L/2,L/2) = 0.16299
energy = -787.0668825
energy/site = -0.7234070611
44.519% accepted

C(L/2,L/2) = 0.1733025
energy = -782.301285
energy/site = -0.7190269164
44.578% accepted

C(L/2,L/2) = 0.094875
energy = -789.72711
energy/site = -0.7258521232
44.42% accepted

C(L/2,L/2) = 0.1854225
energy = -798.1499025
energy/site = -0.7335936604
43.95% accepted

C(L/2,L/2) = 0.2748225
energy = -796.74504
energy/site = -0.7323024265
44.137% accepted

C(L/2,L/2) = 0.1321125
energy = -793.7151525
energy/site = -0.7295176034
44.646% accepted

C(L/2,L/2) = 0.137505
energy = -791.4426375
energy/site = -0.7274288948
44.439% accepted

C(L/2,L/2) = 0.20568
energy = -782.4398925
energy/site = -0.719154313
43.781% accepted

C(L/2,L/2) = 0.1577025
energy = -779.9369325
energy/site = -0.7168537983
43.933% accepted

C(L/2,L/2) = 0.1679025
energy = -793.596585
energy/site = -0.7294086259
44.594% accepted

C(L/2,L/2) = 0.1082775
energy = -783.18528
energy/site = -0.7198394118
44.391% accepted

C(L/2,L/2) = 0.09849
energy = -817.1485425
energy/site = -0.7510556457
45.199% accepted

C(L/2,L/2) = 0.04446
energy = -801.3359175
energy/site = -0.736521983
44.717% accepted

C(L/2,L/2) = 0.1099575
energy = -782.426685
energy/site = -0.7191421737
44.284% accepted

C(L/2,L/2) = 0.16857
energy = -787.107735
energy/site = -0.7234446094
44.58% accepted

C(L/2,L/2) = 0.1910775
energy = -800.9717775
energy/site = -0.7361872955
44.126% accepted

C(L/2,L/2) = 0.2397
energy = -807.0615675
energy/site = -0.741784529
44.623% accepted

C(L/2,L/2) = 0.2103675
energy = -799.09413
energy/site = -0.7344615165
44.118% accepted

C(L/2,L/2) = 0.153
energy = -801.89076
energy/site = -0.7370319485
44.716% accepted

C(L/2,L/2) = 0.087135
energy = -791.2535925
energy/site = -0.7272551402
44.146% accepted

C(L/2,L/2) = 0.15765
energy = -792.1972575
energy/site = -0.7281224793
44.273% accepted

C(L/2,L/2) = 0.265665
energy = -797.37723
energy/site = -0.7328834835
44.384% accepted

C(L/2,L/2) = 0.172035
energy = -794.7292425
energy/site = -0.7304496714
44.521% accepted

C(L/2,L/2) = 0.12438
energy = -794.8418025
energy/site = -0.7305531273
44.226% accepted

C(L/2,L/2) = 0.164565
energy = -800.246595
energy/site = -0.7355207675
43.859% accepted

C(L/2,L/2) = 0.200325
energy = -784.6661475
energy/site = -0.7212005032
44.268% accepted

C(L/2,L/2) = 0.151305
energy = -787.933185
energy/site = -0.724203295
44.142% accepted

C(L/2,L/2) = 0.1672725
energy = -802.7560875
energy/site = -0.7378272863
44.057% accepted

C(L/2,L/2) = 0.0811725
energy = -815.24466
energy/site = -0.7493057537
45.015% accepted

C(L/2,L/2) = 0.0807675
energy = -785.8595625
energy/site = -0.722297392
44.608% accepted

C(L/2,L/2) = 0.0977325
energy = -808.11714
energy/site = -0.7427547243
44.791% accepted

C(L/2,L/2) = 0.1403925
energy = -787.605045
energy/site = -0.7239016958
44.72% accepted

C(L/2,L/2) = 0.1144275
energy = -782.863305
energy/site = -0.7195434789
44.511% accepted

C(L/2,L/2) = 0.2730075
energy = -786.1280175
energy/site = -0.7225441337
44.454% accepted

C(L/2,L/2) = 0.194445
energy = -786.8882025
energy/site = -0.7232428332
44.353% accepted

C(L/2,L/2) = 0.062685
energy = -797.5660725
energy/site = -0.7330570519
44.25% accepted

C(L/2,L/2) = 0.1159275
energy = -794.5251675
energy/site = -0.7302621025
44.478% accepted

C(L/2,L/2) = 0.09003
energy = -775.0485075
energy/site = -0.7123607606
44.586% accepted

C(L/2,L/2) = 0.087975
energy = -776.3047575
energy/site = -0.7135154021
43.826% accepted

C(L/2,L/2) = 0.134475
energy = -801.485835
energy/site = -0.7366597748
44.427% accepted

C(L/2,L/2) = 0.1828275
energy = -800.4538875
energy/site = -0.7357112937
44.453% accepted

C(L/2,L/2) = 0.1746825
energy = -797.890125
energy/site = -0.7333548943
44.298% accepted

C(L/2,L/2) = 0.1535325
energy = -799.886985
energy/site = -0.7351902436
44.657% accepted

C(L/2,L/2) = 0.170895
energy = -788.0438175
energy/site = -0.7243049793
44.097% accepted

C(L/2,L/2) = 0.1764075
energy = -784.3542525
energy/site = -0.720913835
44.31% accepted

C(L/2,L/2) = 0.1708125
energy = -797.0686425
energy/site = -0.7325998552
43.928% accepted

C(L/2,L/2) = 0.1144125
energy = -791.2488675
energy/site = -0.7272507973
44.441% accepted

C(L/2,L/2) = 0.1382625
energy = -791.6872575
energy/site = -0.7276537293
44.193% accepted

C(L/2,L/2) = 0.0720375
energy = -786.974985
energy/site = -0.7233225965
44.489% accepted

C(L/2,L/2) = 0.1596
energy = -788.5546875
energy/site = -0.724774529
44.34% accepted

C(L/2,L/2) = 0.1182375
energy = -791.132565
energy/site = -0.7271439017
44.523% accepted

C(L/2,L/2) = 0.261885
energy = -791.1506325
energy/site = -0.7271605078
44.357% accepted

C(L/2,L/2) = 0.2110425
energy = -811.0458075
energy/site = -0.7454465142
44.839% accepted

C(L/2,L/2) = 0.16068
energy = -791.0718675
energy/site = -0.7270881135
44.581% accepted

C(L/2,L/2) = 0.1774425
energy = -795.79068
energy/site = -0.7314252574
44.012% accepted

C(L/2,L/2) = 0.18804
energy = -795.1715025
energy/site = -0.7308561604
44.067% accepted

C(L/2,L/2) = 0.1465725
energy = -794.67744
energy/site = -0.7304020588
44.877% accepted

C(L/2,L/2) = 0.1746975
energy = -792.08055
energy/site = -0.7280152114
44.007% accepted

C(L/2,L/2) = 0.128295
energy = -791.465325
energy/site = -0.7274497472
44.27% accepted

C(L/2,L/2) = 0.0833625
energy = -783.4234875
energy/site = -0.7200583525
44.531% accepted

C(L/2,L/2) = 0.120375
energy = -784.1438175
energy/site = -0.7207204205
44.114% accepted

C(L/2,L/2) = 0.1890225
energy = -793.4648625
energy/site = -0.7292875574
44.254% accepted

C(L/2,L/2) = 0.1073025
energy = -792.6082725
energy/site = -0.7285002505
44.178% accepted

C(L/2,L/2) = 0.0407175
energy = -780.89685
energy/site = -0.7177360754
44.049% accepted

C(L/2,L/2) = 0.18408
energy = -795.074625
energy/site = -0.7307671186
44.77% accepted

C(L/2,L/2) = 0.1601175
energy = -791.64417
energy/site = -0.7276141268
44.419% accepted

C(L/2,L/2) = 0.1659375
energy = -794.9205225
energy/site = -0.7306254802
44.648% accepted

C(L/2,L/2) = 0.1122825
energy = -790.91241
energy/site = -0.7269415533
44.733% accepted

C(L/2,L/2) = 0.20388
energy = -783.62025
energy/site = -0.7202392004
44.172% accepted

C(L/2,L/2) = 0.10509
energy = -789.86214
energy/site = -0.7259762316
44.512% accepted

C(L/2,L/2) = 0.152625
energy = -791.109465
energy/site = -0.72712267
44.496% accepted

C(L/2,L/2) = 0.1570125
energy = -774.9128025
energy/site = -0.7122360317
44.323% accepted

C(L/2,L/2) = 0.22719
energy = -809.05377
energy/site = -0.7436155974
44.196% accepted

C(L/2,L/2) = 0.1388475
energy = -798.79698
energy/site = -0.7341884007
44.572% accepted

C(L/2,L/2) = 0.0699675
energy = -800.2907625
energy/site = -0.7355613626
44.804% accepted

C(L/2,L/2) = 0.19236
energy = -786.96321
energy/site = -0.7233117739
44.167% accepted

C(L/2,L/2) = 0.2378025
energy = -796.19007
energy/site = -0.7317923437
44.356% accepted

C(L/2,L/2) = 0.1881825
energy = -803.677905
energy/site = -0.738674545
44.979% accepted

C(L/2,L/2) = 0.06906
energy = -798.92796
energy/site = -0.7343087868
44.393% accepted

C(L/2,L/2) = 0.2623125
energy = -793.36158
energy/site = -0.7291926287
44.669% accepted

C(L/2,L/2) = 0.2231025
energy = -796.86834
energy/site = -0.7324157537
44.177% accepted

C(L/2,L/2) = 0.1228275
energy = -782.5617525
energy/site = -0.7192663166
43.983% accepted

C(L/2,L/2) = 0.191625
energy = -805.9376775
energy/site = -0.7407515418
44.27% accepted

C(L/2,L/2) = 0.1234875
energy = -795.8675325
energy/site = -0.7314958938
44.479% accepted

C(L/2,L/2) = 0.16191
energy = -790.6878375
energy/site = -0.7267351448
44.151% accepted

C(L/2,L/2) = 0.1075875
energy = -802.553235
energy/site = -0.737640841
44.657% accepted

C(L/2,L/2) = 0.2241
energy = -800.332035
energy/site = -0.7355992969
44.352% accepted

C(L/2,L/2) = 0.2570775
energy = -799.596405
energy/site = -0.7349231664
44.366% accepted

C(L/2,L/2) = 0.0981075
energy = -787.4798625
energy/site = -0.7237866383
43.919% accepted

C(L/2,L/2) = 0.1570125
energy = -776.165565
energy/site = -0.7133874678
43.963% accepted

C(L/2,L/2) = 0.2625225
energy = -799.23306
energy/site = -0.7345892096
44.411% accepted

C(L/2,L/2) = 0.230625
energy = -789.707475
energy/site = -0.7258340763
44.681% accepted

C(L/2,L/2) = 0.1857975
energy = -793.5541275
energy/site = -0.7293696025
44.168% accepted

C(L/2,L/2) = 0.2222925
energy = -784.3302975
energy/site = -0.7208918176
44.467% accepted

C(L/2,L/2) = 0.200955
energy = -802.4904675
energy/site = -0.7375831503
44.25% accepted

C(L/2,L/2) = 0.157245
energy = -788.815995
energy/site = -0.7250147013
44.6% accepted

C(L/2,L/2) = 0.144135
energy = -804.4503675
energy/site = -0.739384529
44.408% accepted

C(L/2,L/2) = 0.12969
energy = -806.38164
energy/site = -0.7411595956
44.329% accepted

C(L/2,L/2) = 0.10044
energy = -789.032445
energy/site = -0.7252136443
44.421% accepted

C(L/2,L/2) = 0.2042475
energy = -792.78072
energy/site = -0.72865875
44.517% accepted

C(L/2,L/2) = 0.2674725
energy = -786.028185
energy/site = -0.7224523759
44.382% accepted

C(L/2,L/2) = 0.0926475
energy = -775.91535
energy/site = -0.7131574908
44.589% accepted

C(L/2,L/2) = 0.199575
energy = -799.457415
energy/site = -0.7347954182
44.348% accepted

C(L/2,L/2) = 0.1784025
energy = -801.10575
energy/site = -0.736310432
43.9% accepted

C(L/2,L/2) = 0.0612225
energy = -786.6740325
energy/site = -0.7230459858
44.017% accepted

C(L/2,L/2) = 0.1172625
energy = -795.1215975
energy/site = -0.7308102918
44.313% accepted

C(L/2,L/2) = 0.09261
energy = -801.181365
energy/site = -0.7363799311
44.485% accepted

C(L/2,L/2) = 0.20424
energy = -785.05701
energy/site = -0.7215597518
44.1% accepted

C(L/2,L/2) = 0.1193325
energy = -794.1017775
energy/site = -0.7298729573
44.69% accepted

C(L/2,L/2) = 0.1426425
energy = -804.337725
energy/site = -0.7392809972
44.603% accepted

C(L/2,L/2) = 0.17445
energy = -806.174205
energy/site = -0.7409689384
44.21% accepted

C(L/2,L/2) = 0.137805
energy = -782.29254
energy/site = -0.7190188787
44.209% accepted

C(L/2,L/2) = 0.1972125
energy = -801.016035
energy/site = -0.7362279733
44.586% accepted

C(L/2,L/2) = 0.189735
energy = -803.6982225
energy/site = -0.7386932192
44.705% accepted

C(L/2,L/2) = 0.1431375
energy = -778.40022
energy/site = -0.7154413787
44.045% accepted

C(L/2,L/2) = 0.283245
energy = -798.97461
energy/site = -0.7343516636
44.429% accepted

C(L/2,L/2) = 0.0593475
energy = -808.5294525
energy/site = -0.743133688
44.21% accepted

C(L/2,L/2) = 0.2221725
energy = -783.403065
energy/site = -0.7200395818
44.265% accepted

C(L/2,L/2) = 0.123135
energy = -787.3878225
energy/site = -0.7237020427
44.429% accepted

C(L/2,L/2) = 0.144675
energy = -770.4476025
energy/site = -0.7081319876
43.609% accepted

C(L/2,L/2) = 0.20166
energy = -779.8333125
energy/site = -0.7167585593
44.543% accepted

C(L/2,L/2) = 0.180765
energy = -787.41387
energy/site = -0.7237259835
44.51% accepted

C(L/2,L/2) = 0.06438
energy = -777.47046
energy/site = -0.7145868199
44.624% accepted

C(L/2,L/2) = 0.1662975
energy = -793.5917025
energy/site = -0.7294041383
44.179% accepted

C(L/2,L/2) = 0.1292025
energy = -792.83487
energy/site = -0.7287085202
44.403% accepted

C(L/2,L/2) = 0.0967725
energy = -788.986365
energy/site = -0.7251712914
44.361% accepted

C(L/2,L/2) = 0.0044625
energy = -797.0549175
energy/site = -0.7325872403
44.608% accepted

C(L/2,L/2) = 0.1218525
energy = -795.975165
energy/site = -0.7315948208
44.132% accepted

C(L/2,L/2) = 0.2264925
energy = -808.26039
energy/site = -0.7428863879
44.614% accepted

C(L/2,L/2) = 0.148995
energy = -808.8117075
energy/site = -0.7433931135
44.151% accepted

C(L/2,L/2) = 0.1591425
energy = -806.97789
energy/site = -0.7417076195
44.594% accepted

C(L/2,L/2) = 0.22455
energy = -799.70631
energy/site = -0.735024182
44.03% accepted

C(L/2,L/2) = 0.1065525
energy = -787.6675125
energy/site = -0.7239591108
44.058% accepted

C(L/2,L/2) = 0.1818525
energy = -795.8517975
energy/site = -0.7314814315
44.462% accepted

C(L/2,L/2) = 0.103965
energy = -787.49955
energy/site = -0.7238047335
43.658% accepted

C(L/2,L/2) = 0.238305
energy = -791.3461725
energy/site = -0.7273402321
44.364% accepted

C(L/2,L/2) = 0.1889175
energy = -793.6552275
energy/site = -0.7294625253
44.481% accepted

C(L/2,L/2) = 0.23556
energy = -802.0345875
energy/site = -0.7371641429
43.911% accepted

C(L/2,L/2) = 0.21156
energy = -797.30973
energy/site = -0.732821443
44.543% accepted

C(L/2,L/2) = 0.08826
energy = -782.3533425
energy/site = -0.7190747633
44.258% accepted

C(L/2,L/2) = 0.0578775
energy = -795.655245
energy/site = -0.7313007767
44.243% accepted

C(L/2,L/2) = 0.1878675
energy = -781.315785
energy/site = -0.7181211259
44.452% accepted

C(L/2,L/2) = 0.173295
energy = -790.0527975
energy/site = -0.7261514683
44.057% accepted

C(L/2,L/2) = 0.213375
energy = -795.541155
energy/site = -0.7311959145
44.421% accepted

C(L/2,L/2) = 0.185865
energy = -812.2454025
energy/site = -0.7465490832
44.658% accepted

C(L/2,L/2) = 0.1300275
energy = -784.0423725
energy/site = -0.7206271806
44.507% accepted

C(L/2,L/2) = 0.25407
energy = -794.12994
energy/site = -0.7298988419
44.135% accepted

C(L/2,L/2) = 0.212085
energy = -817.193325
energy/site = -0.7510968061
44.199% accepted

C(L/2,L/2) = 0.0626325
energy = -798.4630875
energy/site = -0.7338815142
44.675% accepted

C(L/2,L/2) = 0.16596
energy = -797.5901025
energy/site = -0.7330791383
43.975% accepted

C(L/2,L/2) = 0.1656525
energy = -787.1945625
energy/site = -0.7235244141
44.868% accepted

C(L/2,L/2) = 0.06531
energy = -794.3164425
energy/site = -0.7300702597
44.058% accepted

C(L/2,L/2) = 0.1173225
energy = -804.2486625
energy/site = -0.7391991383
44.014% accepted

C(L/2,L/2) = 0.0523725
energy = -806.0263875
energy/site = -0.7408330767
44.133% accepted

C(L/2,L/2) = 0.048675
energy = -799.3566225
energy/site = -0.734702778
44.372% accepted

C(L/2,L/2) = 0.1505475
energy = -811.5551025
energy/site = -0.7459146163
44.577% accepted

C(L/2,L/2) = 0.2352075
energy = -800.00304
energy/site = -0.7352969118
44.337% accepted

C(L/2,L/2) = 0.105975
energy = -787.613835
energy/site = -0.7239097748
44.5% accepted

C(L/2,L/2) = 0.140835
energy = -796.91046
energy/site = -0.7324544669
44.286% accepted

C(L/2,L/2) = 0.23769
energy = -797.311275
energy/site = -0.7328228631
44.464% accepted

C(L/2,L/2) = 0.1828275
energy = -801.035175
energy/site = -0.7362455653
44.67% accepted

C(L/2,L/2) = 0.114345
energy = -804.7676475
energy/site = -0.7396761466
44.896% accepted

C(L/2,L/2) = 0.10032
energy = -782.0480925
energy/site = -0.7187942027
44.765% accepted

C(L/2,L/2) = 0.166095
energy = -779.1720825
energy/site = -0.7161508111
44.277% accepted

C(L/2,L/2) = 0.1698975
energy = -791.911485
energy/site = -0.7278598208
44.706% accepted

C(L/2,L/2) = 0.0352575
energy = -799.0794525
energy/site = -0.7344480262
44.414% accepted

C(L/2,L/2) = 0.2105325
energy = -788.0597625
energy/site = -0.7243196347
43.892% accepted

C(L/2,L/2) = 0.16791
energy = -789.2656725
energy/site = -0.7254280078
44.345% accepted

C(L/2,L/2) = 0.1918575
energy = -811.2746325
energy/site = -0.7456568313
44.233% accepted

C(L/2,L/2) = 0.17595
energy = -802.729905
energy/site = -0.7378032215
44.178% accepted

C(L/2,L/2) = 0.0939675
energy = -808.003515
energy/site = -0.7426502895
44.386% accepted

C(L/2,L/2) = 0.0752475
energy = -791.939925
energy/site = -0.7278859605
44.308% accepted

C(L/2,L/2) = 0.2164275
energy = -801.09405
energy/site = -0.7362996783
44.116% accepted

C(L/2,L/2) = 0.167595
energy = -794.55246
energy/site = -0.7302871875
44.586% accepted

C(L/2,L/2) = 0.09231
energy = -791.69556
energy/site = -0.7276613603
44.517% accepted

C(L/2,L/2) = 0.151215
energy = -792.6890475
energy/site = -0.7285744922
43.821% accepted

C(L/2,L/2) = 0.23892
energy = -780.4918875
energy/site = -0.7173638672
44.369% accepted

C(L/2,L/2) = 0.200265
energy = -788.4327675
energy/site = -0.7246624701
44.414% accepted

C(L/2,L/2) = 0.062565
energy = -782.9417625
energy/site = -0.7196155905
44.232% accepted

C(L/2,L/2) = 0.145245
energy = -787.4750325
energy/site = -0.723782199
44.457% accepted

C(L/2,L/2) = 0.07401
energy = -791.8484925
energy/site = -0.7278019233
43.983% accepted

C(L/2,L/2) = 0.24315
energy = -811.684215
energy/site = -0.7460332858
44.482% accepted

C(L/2,L/2) = 0.0947025
energy = -787.5472575
energy/site = -0.7238485823
44.011% accepted

C(L/2,L/2) = 0.0397275
energy = -802.3905
energy/site = -0.7374912684
44.264% accepted

C(L/2,L/2) = 0.065805
energy = -800.672865
energy/site = -0.7359125597
44.546% accepted

C(L/2,L/2) = 0.2230425
energy = -809.7626025
energy/site = -0.7442670979
44.425% accepted

C(L/2,L/2) = 0.06579
energy = -799.757655
energy/site = -0.7350713741
44.338% accepted

C(L/2,L/2) = 0.1835175
energy = -794.868645
energy/site = -0.7305777987
44.115% accepted

C(L/2,L/2) = 0.1261125
energy = -789.7972125
energy/site = -0.7259165556
44.244% accepted

C(L/2,L/2) = 0.1162125
energy = -774.8879325
energy/site = -0.7122131733
44.551% accepted

C(L/2,L/2) = 0.2288925
energy = -792.7311825
energy/site = -0.7286132192
43.818% accepted

C(L/2,L/2) = 0.20934
energy = -818.9126175
energy/site = -0.7526770381
44.371% accepted

C(L/2,L/2) = 0.100725
energy = -787.4734725
energy/site = -0.7237807652
44.488% accepted

C(L/2,L/2) = 0.2247225
energy = -800.1005325
energy/site = -0.7353865188
44.514% accepted

C(L/2,L/2) = 0.1268775
energy = -800.09883
energy/site = -0.735384954
44.294% accepted

C(L/2,L/2) = 0.18474
energy = -784.6094625
energy/site = -0.721148403
44.294% accepted

C(L/2,L/2) = 0.176535
energy = -770.8003725
energy/site = -0.7084562247
43.843% accepted

C(L/2,L/2) = 0.1999275
energy = -770.09865
energy/site = -0.7078112592
44.095% accepted

C(L/2,L/2) = 0.1331925
energy = -792.49059
energy/site = -0.7283920864
44.023% accepted

C(L/2,L/2) = 0.15105
energy = -796.9976775
energy/site = -0.7325346301
44.262% accepted

C(L/2,L/2) = 0.2381925
energy = -798.50826
energy/site = -0.7339230331
44.034% accepted

C(L/2,L/2) = 0.1156875
energy = -794.36214
energy/site = -0.730112261
44.486% accepted

C(L/2,L/2) = 0.2775225
energy = -775.3549125
energy/site = -0.7126423828
44.435% accepted

C(L/2,L/2) = 0.0864
energy = -788.0738475
energy/site = -0.7243325804
44.223% accepted

C(L/2,L/2) = 0.160815
energy = -795.69156
energy/site = -0.7313341544
44.187% accepted

C(L/2,L/2) = 0.130515
energy = -794.2346775
energy/site = -0.729995108
44.746% accepted

C(L/2,L/2) = 0.1467675
energy = -792.82683
energy/site = -0.7287011305
44.494% accepted

C(L/2,L/2) = 0.16434
energy = -784.74567
energy/site = -0.7212735938
44.301% accepted

C(L/2,L/2) = 0.2427675
energy = -790.6312275
energy/site = -0.7266831135
43.724% accepted

C(L/2,L/2) = 0.12183
energy = -789.23979
energy/site = -0.7254042187
44.341% accepted

C(L/2,L/2) = 0.210255
energy = -789.7944225
energy/site = -0.7259139913
44.265% accepted

C(L/2,L/2) = 0.215235
energy = -789.2938125
energy/site = -0.7254538718
44.051% accepted

C(L/2,L/2) = 0.1821375
energy = -785.7498525
energy/site = -0.7221965556
44.346% accepted

C(L/2,L/2) = 0.218055
energy = -783.6576525
energy/site = -0.7202735777
43.909% accepted

C(L/2,L/2) = 0.1589775
energy = -793.87509
energy/site = -0.7296646048
44.379% accepted

C(L/2,L/2) = 0.1167525
energy = -800.5730175
energy/site = -0.7358207881
43.937% accepted

C(L/2,L/2) = 0.0146175
energy = -793.9485825
energy/site = -0.729732153
44.318% accepted

C(L/2,L/2) = 0.1374825
energy = -778.4524275
energy/site = -0.7154893635
44.03% accepted

C(L/2,L/2) = 0.1628775
energy = -793.367445
energy/site = -0.7291980193
44.448% accepted

C(L/2,L/2) = 0.3030375
energy = -786.8011575
energy/site = -0.7231628286
44.473% accepted

C(L/2,L/2) = 0.1800675
energy = -783.92331
energy/site = -0.7205177482
44.775% accepted

C(L/2,L/2) = 0.237135
energy = -794.273865
energy/site = -0.7300311259
44.77% accepted

C(L/2,L/2) = 0.06792
energy = -807.769485
energy/site = -0.7424351884
44.086% accepted

C(L/2,L/2) = 0.161475
energy = -790.39833
energy/site = -0.7264690533
43.88% accepted

C(L/2,L/2) = 0.1800675
energy = -800.66661
energy/site = -0.7359068107
44.548% accepted

C(L/2,L/2) = 0.07611
energy = -806.4371625
energy/site = -0.7412106273
44.313% accepted

C(L/2,L/2) = 0.2123025
energy = -811.0008075
energy/site = -0.745405154
43.822% accepted

C(L/2,L/2) = 0.1840725
energy = -790.26906
energy/site = -0.726350239
44.306% accepted

C(L/2,L/2) = 0.11778
energy = -786.09537
energy/site = -0.7225141268
44.597% accepted

C(L/2,L/2) = 0.1841625
energy = -798.5918175
energy/site = -0.7339998323
44.262% accepted

C(L/2,L/2) = 0.143025
energy = -792.22416
energy/site = -0.7281472059
44.212% accepted

C(L/2,L/2) = 0.2281575
energy = -783.8847
energy/site = -0.720482261
44.138% accepted

C(L/2,L/2) = 0.1417575
energy = -797.85963
energy/site = -0.7333268658
44.026% accepted

C(L/2,L/2) = 0.115335
energy = -788.01885
energy/site = -0.7242820313
44.357% accepted

C(L/2,L/2) = 0.1111425
energy = -797.538375
energy/site = -0.7330315947
44.853% accepted

C(L/2,L/2) = 0.190905
energy = -779.8422375
energy/site = -0.7167667624
44.211% accepted

C(L/2,L/2) = 0.0800475
energy = -785.0870925
energy/site = -0.7215874012
44.682% accepted

C(L/2,L/2) = 0.07959
energy = -773.1131325
energy/site = -0.7105819233
44.084% accepted

C(L/2,L/2) = 0.1825875
energy = -795.25821
energy/site = -0.7309358548
44.676% accepted

C(L/2,L/2) = 0.1569075
energy = -790.1262525
energy/site = -0.7262189821
44.188% accepted

C(L/2,L/2) = 0.0504675
energy = -788.782875
energy/site = -0.7249842601
44.944% accepted

C(L/2,L/2) = 0.14478
energy = -788.93781
energy/site = -0.7251266636
44.472% accepted

C(L/2,L/2) = 0.2666025
energy = -790.3640775
energy/site = -0.7264375712
44.41% accepted

C(L/2,L/2) = 0.16905
energy = -789.16659
energy/site = -0.7253369393
43.973% accepted

C(L/2,L/2) = 0.1423425
energy = -796.616775
energy/site = -0.7321845358
44.371% accepted

C(L/2,L/2) = 0.1473525
energy = -780.862905
energy/site = -0.7177048759
44.167% accepted

C(L/2,L/2) = 0.1026
energy = -789.6183075
energy/site = -0.7257521209
44.381% accepted

C(L/2,L/2) = 0.124965
energy = -772.92357
energy/site = -0.710407693
44.568% accepted

C(L/2,L/2) = 0.13545
energy = -782.2383
energy/site = -0.7189690257
44.584% accepted

C(L/2,L/2) = 0.16206
energy = -794.7347775
energy/site = -0.7304547587
44.248% accepted

C(L/2,L/2) = 0.1466475
energy = -801.587385
energy/site = -0.7367531112
44.171% accepted

C(L/2,L/2) = 0.0696975
energy = -806.248935
energy/site = -0.7410376241
44.458% accepted

C(L/2,L/2) = 0.19923
energy = -785.819055
energy/site = -0.7222601608
43.876% accepted

C(L/2,L/2) = 0.12855
energy = -789.0235125
energy/site = -0.7252054343
44.231% accepted

C(L/2,L/2) = 0.08427
energy = -773.555055
energy/site = -0.710988102
44.414% accepted

C(L/2,L/2) = 0.2142675
energy = -781.9017225
energy/site = -0.7186596714
44.607% accepted

C(L/2,L/2) = 0.2050575
energy = -801.6809625
energy/site = -0.7368391199
44.703% accepted

C(L/2,L/2) = 0.2102775
energy = -801.114675
energy/site = -0.7363186351
44.46% accepted

C(L/2,L/2) = 0.204195
energy = -781.5284925
energy/site = -0.7183166291
44.396% accepted

C(L/2,L/2) = 0.1806975
energy = -779.383155
energy/site = -0.7163448116
44.182% accepted

C(L/2,L/2) = 0.1534425
energy = -797.884455
energy/site = -0.7333496829
44.078% accepted

C(L/2,L/2) = 0.059445
energy = -814.7373375
energy/site = -0.7488394646
44.459% accepted

C(L/2,L/2) = 0.192045
energy = -787.9404225
energy/site = -0.7242099472
44.095% accepted

C(L/2,L/2) = 0.13743
energy = -785.88906
energy/site = -0.7223245037
44.195% accepted

C(L/2,L/2) = 0.185415
energy = -790.2931275
energy/site = -0.7263723598
44.053% accepted

C(L/2,L/2) = 0.1586325
energy = -794.0368725
energy/site = -0.7298133019
44.25% accepted

C(L/2,L/2) = 0.0947175
energy = -775.9103325
energy/site = -0.7131528791
44.469% accepted

C(L/2,L/2) = 0.2496075
energy = -791.0583975
energy/site = -0.727075733
44.318% accepted

C(L/2,L/2) = 0.144345
energy = -783.476085
energy/site = -0.7201066958
44.568% accepted

C(L/2,L/2) = 0.2629875
energy = -800.09124
energy/site = -0.7353779779
44.275% accepted

C(L/2,L/2) = 0.27126
energy = -791.93568
energy/site = -0.7278820588
44.46% accepted

C(L/2,L/2) = 0.067515
energy = -811.5850425
energy/site = -0.7459421347
44.188% accepted

C(L/2,L/2) = 0.2476125
energy = -790.935075
energy/site = -0.7269623851
44.639% accepted

C(L/2,L/2) = 0.22551
energy = -799.98189
energy/site = -0.7352774724
44.302% accepted

C(L/2,L/2) = 0.029985
energy = -790.771395
energy/site = -0.7268119439
43.774% accepted

C(L/2,L/2) = 0.121635
energy = -789.10578
energy/site = -0.7252810478
44.101% accepted

C(L/2,L/2) = 0.289095
energy = -805.57143
energy/site = -0.7404149173
44.243% accepted

C(L/2,L/2) = 0.17355
energy = -813.348585
energy/site = -0.7475630377
44.383% accepted

C(L/2,L/2) = 0.24918
energy = -795.630165
energy/site = -0.7312777252
44.062% accepted

C(L/2,L/2) = 0.156915
energy = -789.1190775
energy/site = -0.7252932698
44.502% accepted

C(L/2,L/2) = 0.0911925
energy = -806.07468
energy/site = -0.7408774632
44.513% accepted

C(L/2,L/2) = 0.02526
energy = -789.1749225
energy/site = -0.7253445979
43.857% accepted

C(L/2,L/2) = 0.0831825
energy = -784.0430325
energy/site = -0.7206277872
44.228% accepted

C(L/2,L/2) = 0.1872675
energy = -808.231395
energy/site = -0.7428597381
44.578% accepted

C(L/2,L/2) = 0.1965675
energy = -797.7809925
energy/site = -0.7332545887
44.007% accepted

C(L/2,L/2) = 0.1715625
energy = -791.361135
energy/site = -0.7273539844
44.031% accepted

C(L/2,L/2) = 0.2569575
energy = -801.728025
energy/site = -0.7368823759
44.503% accepted

C(L/2,L/2) = 0.22323
energy = -793.53789
energy/site = -0.7293546783
43.928% accepted

C(L/2,L/2) = 0.229455
energy = -774.1414275
energy/site = -0.7115270473
44.185% accepted

C(L/2,L/2) = 0.2921175
energy = -790.3494675
energy/site = -0.7264241429
44.514% accepted

C(L/2,L/2) = 0.17505
energy = -806.3858475
energy/site = -0.7411634628
44.727% accepted

C(L/2,L/2) = 0.2516175
energy = -795.3478875
energy/site = -0.731018279
44.563% accepted

C(L/2,L/2) = 0.195
energy = -786.3019125
energy/site = -0.7227039637
44.357% accepted

C(L/2,L/2) = 0.2170575
energy = -787.9578
energy/site = -0.7242259191
44.138% accepted

C(L/2,L/2) = 0.19359
energy = -784.518075
energy/site = -0.7210644072
44.128% accepted

C(L/2,L/2) = 0.0997125
energy = -795.5585175
energy/site = -0.7312118727
44.285% accepted

C(L/2,L/2) = 0.291255
energy = -804.503025
energy/site = -0.7394329274
44.223% accepted

C(L/2,L/2) = 0.183075
energy = -778.0553475
energy/site = -0.7151244003
43.757% accepted

C(L/2,L/2) = 0.07401
energy = -776.7528675
energy/site = -0.7139272679
44.257% accepted

C(L/2,L/2) = 0.1684425
energy = -787.120245
energy/site = -0.7234561075
43.96% accepted

C(L/2,L/2) = 0.1559175
energy = -799.5538725
energy/site = -0.734884074
44.68% accepted

C(L/2,L/2) = 0.2258625
energy = -791.35899
energy/site = -0.7273520129
44.387% accepted

C(L/2,L/2) = 0.1442325
energy = -783.6004875
energy/site = -0.7202210363
44.335% accepted

C(L/2,L/2) = 0.135915
energy = -779.8692825
energy/site = -0.7167916199
44.622% accepted

C(L/2,L/2) = 0.235545
energy = -792.7559175
energy/site = -0.7286359536
44.986% accepted

C(L/2,L/2) = 0.1976625
energy = -784.464465
energy/site = -0.7210151333
44.342% accepted

C(L/2,L/2) = 0.188955
energy = -796.484685
energy/site = -0.7320631296
44.807% accepted

C(L/2,L/2) = 0.17919
energy = -781.6848975
energy/site = -0.7184603837
43.998% accepted

C(L/2,L/2) = 0.178635
energy = -791.0641275
energy/site = -0.7270809995
44.524% accepted

C(L/2,L/2) = 0.074955
energy = -796.10478
energy/site = -0.7317139522
44.268% accepted

C(L/2,L/2) = 0.1213125
energy = -794.8236075
energy/site = -0.730536404
43.825% accepted

C(L/2,L/2) = 0.1509825
energy = -797.802135
energy/site = -0.7332740211
44.513% accepted

C(L/2,L/2) = 0.264195
energy = -781.4049
energy/site = -0.7182030331
44.402% accepted

C(L/2,L/2) = 0.1142025
energy = -797.36154
energy/site = -0.7328690625
44.26% accepted

C(L/2,L/2) = 0.01404
energy = -783.8313825
energy/site = -0.720433256
44.13% accepted

C(L/2,L/2) = 0.1869525
energy = -787.209885
energy/site = -0.7235384972
44.291% accepted

C(L/2,L/2) = 0.156885
energy = -794.6653875
energy/site = -0.7303909812
44.909% accepted

C(L/2,L/2) = 0.197715
energy = -778.68078
energy/site = -0.7156992463
44.56% accepted

C(L/2,L/2) = 0.084315
energy = -785.08626
energy/site = -0.721586636
44.267% accepted

C(L/2,L/2) = 0.17829
energy = -811.5110625
energy/site = -0.7458741383
44.1% accepted

C(L/2,L/2) = 0.14373
energy = -790.76568
energy/site = -0.7268066912
44.266% accepted

C(L/2,L/2) = 0.2198325
energy = -807.7421925
energy/site = -0.7424101034
44.475% accepted

C(L/2,L/2) = 0.2781225
energy = -805.183245
energy/site = -0.7400581296
44.609% accepted

C(L/2,L/2) = 0.189555
energy = -788.469945
energy/site = -0.7246966406
44.541% accepted

C(L/2,L/2) = 0.2252475
energy = -801.7518225
energy/site = -0.7369042486
44.438% accepted

C(L/2,L/2) = 0.2069925
energy = -809.4805125
energy/site = -0.744007824
44.299% accepted

C(L/2,L/2) = 0.1445325
energy = -798.4261575
energy/site = -0.7338475712
44.452% accepted

C(L/2,L/2) = 0.248895
energy = -794.93013
energy/site = -0.7306343107
44.294% accepted

C(L/2,L/2) = 0.1386225
energy = -802.56957
energy/site = -0.7376558548
44.481% accepted

C(L/2,L/2) = 0.1553475
energy = -801.3682725
energy/site = -0.736551721
43.884% accepted

C(L/2,L/2) = 0.0552675
energy = -782.4072825
energy/site = -0.7191243405
44.656% accepted

C(L/2,L/2) = 0.097095
energy = -784.5867375
energy/site = -0.7211275161
44.01% accepted

C(L/2,L/2) = 0.263835
energy = -795.6459225
energy/site = -0.7312922082
44.017% accepted

C(L/2,L/2) = 0.22989
energy = -799.93347
energy/site = -0.7352329688
44.352% accepted

C(L/2,L/2) = 0.17862
energy = -800.2239525
energy/site = -0.7354999563
44.317% accepted

C(L/2,L/2) = 0.1477425
energy = -796.880265
energy/site = -0.7324267142
44.398% accepted

C(L/2,L/2) = 0.1297425
energy = -799.3574625
energy/site = -0.7347035501
44.488% accepted

C(L/2,L/2) = 0.141465
energy = -797.0976075
energy/site = -0.7326264775
44.601% accepted

C(L/2,L/2) = 0.10047
energy = -807.6110925
energy/site = -0.7422896071
44.379% accepted

C(L/2,L/2) = 0.1043925
energy = -787.37112
energy/site = -0.7236866912
44.334% accepted

C(L/2,L/2) = 0.1509825
energy = -782.4880425
energy/site = -0.7191985685
43.924% accepted

C(L/2,L/2) = 0.18129
energy = -801.406245
energy/site = -0.7365866222
44.594% accepted

C(L/2,L/2) = 0.19899
energy = -789.227625
energy/site = -0.7253930377
44.136% accepted

C(L/2,L/2) = 0.1764075
energy = -794.4554475
energy/site = -0.7301980216
44.451% accepted

C(L/2,L/2) = 0.16464
energy = -793.0643475
energy/site = -0.728919437
44.396% accepted

C(L/2,L/2) = 0.1123425
energy = -808.45503
energy/site = -0.7430652849
44.654% accepted

C(L/2,L/2) = 0.127935
energy = -787.2731175
energy/site = -0.7235966153
44.531% accepted

C(L/2,L/2) = 0.119205
energy = -789.2820675
energy/site = -0.7254430767
44.295% accepted

C(L/2,L/2) = 0.17973
energy = -805.4513625
energy/site = -0.7403045611
44.323% accepted

C(L/2,L/2) = 0.20862
energy = -792.1713825
energy/site = -0.7280986972
44.18% accepted

C(L/2,L/2) = 0.1794375
energy = -805.343145
energy/site = -0.7402050965
44.391% accepted

C(L/2,L/2) = 0.10896
energy = -802.51263
energy/site = -0.7376035202
44.285% accepted

C(L/2,L/2) = 0.111375
energy = -795.895995
energy/site = -0.7315220542
44% accepted

C(L/2,L/2) = 0.09597
energy = -790.7664075
energy/site = -0.7268073598
44.665% accepted

C(L/2,L/2) = 0.0450825
energy = -793.5744975
energy/site = -0.7293883249
44.479% accepted

C(L/2,L/2) = 0.1220625
energy = -801.6056175
energy/site = -0.736769869
44.338% accepted

C(L/2,L/2) = 0.14286
energy = -811.2022725
energy/site = -0.745590324
43.955% accepted

C(L/2,L/2) = 0.260325
energy = -791.0549475
energy/site = -0.727072562
44.257% accepted

C(L/2,L/2) = 0.1577175
energy = -797.147265
energy/site = -0.7326721186
44.72% accepted

C(L/2,L/2) = 0.148215
energy = -779.8363725
energy/site = -0.7167613718
44.513% accepted

C(L/2,L/2) = 0.14148
energy = -788.391795
energy/site = -0.7246248116
44.052% accepted

C(L/2,L/2) = 0.106635
energy = -780.49737
energy/site = -0.7173689063
43.887% accepted

C(L/2,L/2) = 0.12384
energy = -805.850235
energy/site = -0.7406711719
44.103% accepted

C(L/2,L/2) = 0.1547625
energy = -794.26614
energy/site = -0.7300240257
44.358% accepted

C(L/2,L/2) = 0.2917575
energy = -779.234385
energy/site = -0.7162080744
44.23% accepted

C(L/2,L/2) = 0.1119675
energy = -795.1303575
energy/site = -0.7308183433
44.273% accepted

C(L/2,L/2) = 0.153345
energy = -798.44055
energy/site = -0.7338607996
44.811% accepted

C(L/2,L/2) = 0.0374625
energy = -804.1231875
energy/site = -0.739083812
44.297% accepted

C(L/2,L/2) = 0.099135
energy = -776.5617075
energy/site = -0.7137515694
44.052% accepted

C(L/2,L/2) = 0.1151025
energy = -795.39285
energy/site = -0.7310596048
44.353% accepted

C(L/2,L/2) = 0.2865675
energy = -808.192545
energy/site = -0.7428240303
44.134% accepted

C(L/2,L/2) = 0.1874175
energy = -798.9305475
energy/site = -0.734311165
44.935% accepted

C(L/2,L/2) = 0.0888
energy = -789.194115
energy/site = -0.7253622381
44.159% accepted

C(L/2,L/2) = 0.10134
energy = -805.5986925
energy/site = -0.7404399747
44.304% accepted

C(L/2,L/2) = 0.2199525
energy = -798.0104325
energy/site = -0.733465471
44.862% accepted

C(L/2,L/2) = 0.180105
energy = -789.7827525
energy/site = -0.7259032652
44.358% accepted

C(L/2,L/2) = 0.122055
energy = -800.616525
energy/site = -0.7358607767
44.514% accepted

C(L/2,L/2) = 0.1434675
energy = -795.2644275
energy/site = -0.7309415694
44.653% accepted

C(L/2,L/2) = 0.0710175
energy = -793.70583
energy/site = -0.7295090349
44.471% accepted

C(L/2,L/2) = 0.25833
energy = -796.4211675
energy/site = -0.7320047495
44.609% accepted

C(L/2,L/2) = 0.2541675
energy = -803.6260125
energy/site = -0.7386268497
44.354% accepted

C(L/2,L/2) = 0.15774
energy = -808.608915
energy/site = -0.7432067233
44.269% accepted

C(L/2,L/2) = 0.1722525
energy = -802.61361
energy/site = -0.7376963327
44.267% accepted

C(L/2,L/2) = 0.2671425
energy = -787.1707275
energy/site = -0.7235025069
44.418% accepted

C(L/2,L/2) = 0.2641725
energy = -818.9289375
energy/site = -0.7526920381
44.348% accepted

C(L/2,L/2) = 0.1835475
energy = -782.0547375
energy/site = -0.7188003102
44.597% accepted

C(L/2,L/2) = 0.00117
energy = -778.1515425
energy/site = -0.7152128148
44.357% accepted

C(L/2,L/2) = 0.072765
energy = -789.4088925
energy/site = -0.7255596438
44.314% accepted

C(L/2,L/2) = 0.1195875
energy = -790.48401
energy/site = -0.7265478033
44.175% accepted

C(L/2,L/2) = 0.231435
energy = -795.9270825
energy/site = -0.7315506273
44.26% accepted

C(L/2,L/2) = 0.2788725
energy = -791.0625525
energy/site = -0.7270795519
44.11% accepted

C(L/2,L/2) = 0.1846275
energy = -770.527305
energy/site = -0.7082052436
44.577% accepted

C(L/2,L/2) = 0.1145475
energy = -786.88284
energy/site = -0.7232379044
44.677% accepted

C(L/2,L/2) = 0.123645
energy = -801.978195
energy/site = -0.7371123116
44.875% accepted

C(L/2,L/2) = 0.0701325
energy = -794.4036075
energy/site = -0.7301503745
44.641% accepted

C(L/2,L/2) = 0.1944075
energy = -789.0916125
energy/site = -0.7252680262
44.335% accepted

C(L/2,L/2) = 0.266505
energy = -805.8443775
energy/site = -0.7406657881
44.32% accepted

C(L/2,L/2) = 0.112575
energy = -774.9203325
energy/site = -0.7122429527
44.457% accepted

C(L/2,L/2) = 0.1882875
energy = -801.7301325
energy/site = -0.736884313
44.185% accepted

C(L/2,L/2) = 0.11208
energy = -795.72351
energy/site = -0.7313635202
44.08% accepted

C(L/2,L/2) = 0.1445175
energy = -800.0458275
energy/site = -0.7353362385
44.67% accepted

C(L/2,L/2) = 0.094725
energy = -778.207875
energy/site = -0.715264591
44.813% accepted

C(L/2,L/2) = 0.0508875
energy = -779.9382975
energy/site = -0.7168550528
44.67% accepted

C(L/2,L/2) = 0.23538
energy = -787.88766
energy/site = -0.7241614522
44.606% accepted

C(L/2,L/2) = 0.163185
energy = -787.96026
energy/site = -0.7242281801
44.406% accepted

C(L/2,L/2) = 0.1577475
energy = -802.95981
energy/site = -0.7380145312
44.284% accepted

C(L/2,L/2) = 0.167175
energy = -795.51057
energy/site = -0.7311678033
44.411% accepted

C(L/2,L/2) = 0.1259475
energy = -797.836905
energy/site = -0.7333059789
44.22% accepted

C(L/2,L/2) = 0.03
energy = -787.0660125
energy/site = -0.7234062615
44.269% accepted

C(L/2,L/2) = 0.1684425
energy = -789.7893
energy/site = -0.7259092831
44.112% accepted

C(L/2,L/2) = 0.1702425
energy = -798.988065
energy/site = -0.7343640303
44.615% accepted

C(L/2,L/2) = 0.178065
energy = -792.4886625
energy/site = -0.7283903148
44.525% accepted

C(L/2,L/2) = 0.1034325
energy = -780.672435
energy/site = -0.7175298116
44.349% accepted

C(L/2,L/2) = 0.04845
energy = -799.3408575
energy/site = -0.7346882881
44.587% accepted

C(L/2,L/2) = 0.1567575
energy = -796.71495
energy/site = -0.7322747702
44.241% accepted

C(L/2,L/2) = 0.0045225
energy = -790.0078575
energy/site = -0.7261101631
44.373% accepted

C(L/2,L/2) = 0.1598775
energy = -792.3633375
energy/site = -0.7282751264
44.04% accepted

C(L/2,L/2) = 0.0754125
energy = -770.0877225
energy/site = -0.7078012155
44.409% accepted

C(L/2,L/2) = 0.1095675
energy = -805.78866
energy/site = -0.7406145772
44.213% accepted

C(L/2,L/2) = 0.196275
energy = -798.848505
energy/site = -0.7342357583
44.489% accepted

C(L/2,L/2) = 0.18363
energy = -790.4784
energy/site = -0.7265426471
44.703% accepted

C(L/2,L/2) = 0.21684
energy = -796.3448475
energy/site = -0.7319346025
44.521% accepted

C(L/2,L/2) = 0.225975
energy = -797.1573975
energy/site = -0.7326814315
44.31% accepted

C(L/2,L/2) = 0.0756075
energy = -784.4077725
energy/site = -0.7209630262
44.672% accepted

C(L/2,L/2) = 0.08016
energy = -796.60419
energy/site = -0.7321729688
44.73% accepted

C(L/2,L/2) = 0.1573875
energy = -791.9456625
energy/site = -0.7278912339
44.665% accepted

C(L/2,L/2) = 0.2375025
energy = -787.8522675
energy/site = -0.7241289223
43.766% accepted

C(L/2,L/2) = 0.1868925
energy = -795.9629925
energy/site = -0.7315836328
44.407% accepted

C(L/2,L/2) = 0.1587
energy = -808.47459
energy/site = -0.7430832629
44.874% accepted

C(L/2,L/2) = 0.21588
energy = -801.33327
energy/site = -0.7365195496
44.251% accepted

C(L/2,L/2) = 0.1805175
energy = -785.2174425
energy/site = -0.7217072082
44.748% accepted

C(L/2,L/2) = 0.1650375
energy = -794.893005
energy/site = -0.7306001884
43.997% accepted

C(L/2,L/2) = 0.1488975
energy = -797.6176275
energy/site = -0.733104437
44.439% accepted

C(L/2,L/2) = 0.152085
energy = -797.4269025
energy/site = -0.7329291383
44.472% accepted

C(L/2,L/2) = 0.2029725
energy = -790.379205
energy/site = -0.7264514752
44.287% accepted

C(L/2,L/2) = 0.1224075
energy = -786.5129475
energy/site = -0.7228979297
44.167% accepted

C(L/2,L/2) = 0.0928425
energy = -793.9214325
energy/site = -0.729707199
44.009% accepted

C(L/2,L/2) = 0.1662825
energy = -779.0478375
energy/site = -0.7160366153
44.503% accepted

C(L/2,L/2) = 0.089955
energy = -788.77911
energy/site = -0.7249807996
44.361% accepted

C(L/2,L/2) = 0.157545
energy = -796.8922575
energy/site = -0.7324377367
44.277% accepted

C(L/2,L/2) = 0.1469475
energy = -791.96553
energy/site = -0.7279094945
44.606% accepted

C(L/2,L/2) = 0.2269275
energy = -786.07122
energy/site = -0.7224919301
44.311% accepted

C(L/2,L/2) = 0.14322
energy = -784.6885425
energy/site = -0.7212210869
44.063% accepted

C(L/2,L/2) = 0.1206525
energy = -795.98799
energy/site = -0.7316066085
44.507% accepted

C(L/2,L/2) = 0.1346025
energy = -820.295955
energy/site = -0.7539484881
44.177% accepted

C(L/2,L/2) = 0.22071
energy = -791.5916325
energy/site = -0.7275658387
44.29% accepted

C(L/2,L/2) = 0.24666
energy = -789.22497
energy/site = -0.7253905974
43.742% accepted

C(L/2,L/2) = 0.1100175
energy = -792.3353625
energy/site = -0.7282494141
43.972% accepted

C(L/2,L/2) = 0.128475
energy = -790.231215
energy/site = -0.726315455
44.15% accepted

C(L/2,L/2) = 0.1533075
energy = -809.7309525
energy/site = -0.7442380078
44.235% accepted

C(L/2,L/2) = 0.1037775
energy = -790.60128
energy/site = -0.7266555882
44.441% accepted

C(L/2,L/2) = 0.05103
energy = -798.83334
energy/site = -0.7342218199
43.722% accepted

C(L/2,L/2) = 0.1625175
energy = -790.0819725
energy/site = -0.7261782835
44.293% accepted

C(L/2,L/2) = 0.1990575
energy = -790.816905
energy/site = -0.726853773
43.86% accepted

C(L/2,L/2) = 0.0702825
energy = -806.6973075
energy/site = -0.7414497312
44.698% accepted

C(L/2,L/2) = 0.1360275
energy = -811.55388
energy/site = -0.7459134926
44.164% accepted

C(L/2,L/2) = 0.252
energy = -788.6366325
energy/site = -0.724849846
44.321% accepted

C(L/2,L/2) = 0.166395
energy = -782.8129875
energy/site = -0.7194972312
44.095% accepted

C(L/2,L/2) = 0.136965
energy = -800.7712275
energy/site = -0.7360029665
44.279% accepted

C(L/2,L/2) = 0.1055625
energy = -807.6480975
energy/site = -0.742323619
44.724% accepted

C(L/2,L/2) = 0.16035
energy = -809.16798
energy/site = -0.7437205699
44.718% accepted

C(L/2,L/2) = 0.164115
energy = -784.9110525
energy/site = -0.7214255997
44.612% accepted

C(L/2,L/2) = 0.1576575
energy = -791.720745
energy/site = -0.7276845083
44.253% accepted

C(L/2,L/2) = 0.20847
energy = -784.0301475
energy/site = -0.7206159444
44.139% accepted

C(L/2,L/2) = 0.1011375
energy = -797.9887575
energy/site = -0.7334455492
44.378% accepted

C(L/2,L/2) = 0.1812675
energy = -799.0836075
energy/site = -0.7344518451
44.324% accepted

C(L/2,L/2) = 0.215115
energy = -796.0632675
energy/site = -0.7316757973
44.025% accepted

C(L/2,L/2) = 0.23058
energy = -778.209135
energy/site = -0.7152657491
43.959% accepted

C(L/2,L/2) = 0.267135
energy = -807.263145
energy/site = -0.7419698024
44.266% accepted

C(L/2,L/2) = 0.1564275
energy = -786.2999175
energy/site = -0.7227021301
43.774% accepted

C(L/2,L/2) = 0.1714725
energy = -787.441605
energy/site = -0.7237514752
44.504% accepted

C(L/2,L/2) = 0.1835625
energy = -796.5620025
energy/site = -0.7321341935
44.225% accepted

C(L/2,L/2) = 0.286545
energy = -812.639865
energy/site = -0.7469116406
44.862% accepted

C(L/2,L/2) = 0.181725
energy = -795.393795
energy/site = -0.7310604733
44.121% accepted

C(L/2,L/2) = 0.1202325
energy = -791.439975
energy/site = -0.7274264476
43.83% accepted

C(L/2,L/2) = 0.085065
energy = -790.1765325
energy/site = -0.7262651953
44.483% accepted

C(L/2,L/2) = 0.2240325
energy = -807.14973
energy/site = -0.7418655607
44.287% accepted

C(L/2,L/2) = 0.23622
energy = -779.718735
energy/site = -0.7166532491
44.441% accepted

C(L/2,L/2) = 0.263775
energy = -785.4570825
energy/site = -0.7219274655
44.065% accepted

C(L/2,L/2) = 0.1207125
energy = -782.278125
energy/site = -0.7190056296
43.477% accepted

C(L/2,L/2) = 0.26013
energy = -798.4378425
energy/site = -0.7338583111
44.731% accepted

C(L/2,L/2) = 0.169005
energy = -800.64408
energy/site = -0.7358861029
44.697% accepted

C(L/2,L/2) = 0.2207475
energy = -793.9530675
energy/site = -0.7297362753
44.458% accepted

C(L/2,L/2) = 0.18063
energy = -807.3434475
energy/site = -0.7420436098
44.76% accepted

C(L/2,L/2) = 0.145425
energy = -799.2343725
energy/site = -0.7345904159
44.248% accepted

C(L/2,L/2) = 0.0992475
energy = -795.3103425
energy/site = -0.7309837707
44.345% accepted

C(L/2,L/2) = 0.19062
energy = -799.754265
energy/site = -0.7350682583
44.039% accepted

C(L/2,L/2) = 0.2230425
energy = -805.73358
energy/site = -0.7405639522
44.67% accepted

C(L/2,L/2) = 0.1323075
energy = -805.759755
energy/site = -0.7405880101
44.454% accepted

C(L/2,L/2) = 0.2057625
energy = -805.40547
energy/site = -0.7402623805
44.402% accepted

C(L/2,L/2) = 0.0721125
energy = -787.8365925
energy/site = -0.7241145152
44.168% accepted

C(L/2,L/2) = 0.094875
energy = -794.470815
energy/site = -0.7302121461
44.199% accepted

C(L/2,L/2) = 0.0642675
energy = -786.0351975
energy/site = -0.7224588212
44.459% accepted

C(L/2,L/2) = 0.23037
energy = -795.83052
energy/site = -0.731461875
44.841% accepted

C(L/2,L/2) = 0.1132725
energy = -800.10756
energy/site = -0.7353929779
43.856% accepted

C(L/2,L/2) = 0.107235
energy = -789.76647
energy/site = -0.7258882996
44.367% accepted

C(L/2,L/2) = 0.200925
energy = -793.600845
energy/site = -0.7294125414
44.42% accepted

C(L/2,L/2) = 0.1248
energy = -805.876365
energy/site = -0.7406951884
44.121% accepted

C(L/2,L/2) = 0.1409025
energy = -792.733245
energy/site = -0.7286151149
44.392% accepted

C(L/2,L/2) = 0.17322
energy = -786.8892525
energy/site = -0.7232437983
44.463% accepted

C(L/2,L/2) = 0.0867225
energy = -804.9578925
energy/site = -0.7398510041
44.303% accepted

C(L/2,L/2) = 0.0340125
energy = -817.3981725
energy/site = -0.751285085
44.212% accepted

C(L/2,L/2) = 0.1678125
energy = -793.50717
energy/site = -0.729326443
44.278% accepted

C(L/2,L/2) = 0.2508375
energy = -786.484485
energy/site = -0.7228717693
44.685% accepted

C(L/2,L/2) = 0.1694475
energy = -794.4667725
energy/site = -0.7302084306
44.386% accepted

C(L/2,L/2) = 0.208635
energy = -782.78922
energy/site = -0.719475386
44.415% accepted

C(L/2,L/2) = 0.1137075
energy = -782.7476925
energy/site = -0.7194372174
44.104% accepted

C(L/2,L/2) = 0.1722675
energy = -786.14157
energy/site = -0.7225565901
44.454% accepted

C(L/2,L/2) = 0.1204875
energy = -792.4572
energy/site = -0.7283613971
44.248% accepted

C(L/2,L/2) = 0.19464
energy = -794.8542225
energy/site = -0.7305645427
44.2% accepted

C(L/2,L/2) = 0.222525
energy = -768.05637
energy/site = -0.7059341636
44.11% accepted

C(L/2,L/2) = 0.1962825
energy = -796.89597
energy/site = -0.7324411489
44.135% accepted

C(L/2,L/2) = 0.1434
energy = -785.9607075
energy/site = -0.7223903562
44.39% accepted

C(L/2,L/2) = 0.1513275
energy = -788.49282
energy/site = -0.7247176654
44.96% accepted

C(L/2,L/2) = 0.1104975
energy = -785.3630475
energy/site = -0.7218410363
44.238% accepted

C(L/2,L/2) = 0.1863225
energy = -800.179185
energy/site = -0.7354588097
44.471% accepted

C(L/2,L/2) = 0.16296
energy = -798.4969875
energy/site = -0.7339126723
44.486% accepted

C(L/2,L/2) = 0.1656975
energy = -788.583015
energy/site = -0.7248005653
44.387% accepted

C(L/2,L/2) = 0.19131
energy = -789.2711025
energy/site = -0.7254329986
44.377% accepted

C(L/2,L/2) = 0.1019025
energy = -806.2675425
energy/site = -0.7410547266
44.216% accepted

C(L/2,L/2) = 0.13572
energy = -784.803045
energy/site = -0.7213263281
44.451% accepted

C(L/2,L/2) = 0.1656825
energy = -792.128115
energy/site = -0.7280589292
44.73% accepted

C(L/2,L/2) = 0.1111125
energy = -787.3297425
energy/site = -0.7236486604
44.403% accepted

C(L/2,L/2) = 0.13371
energy = -787.91601
energy/site = -0.7241875092
44.412% accepted

C(L/2,L/2) = 0.15021
energy = -787.90989
energy/site = -0.7241818842
44.52% accepted

C(L/2,L/2) = 0.05946
energy = -789.67821
energy/site = -0.7258071783
44.134% accepted

C(L/2,L/2) = 0.142875
energy = -806.624235
energy/site = -0.7413825689
44.235% accepted

C(L/2,L/2) = 0.187125
energy = -783.213705
energy/site = -0.7198655377
43.957% accepted

C(L/2,L/2) = 0.195765
energy = -788.360595
energy/site = -0.7245961351
44.1% accepted

C(L/2,L/2) = 0.2072925
energy = -797.3106525
energy/site = -0.7328222909
44.694% accepted

C(L/2,L/2) = 0.1614075
energy = -785.419425
energy/site = -0.7218928539
44.542% accepted

C(L/2,L/2) = 0.1801725
energy = -775.0819275
energy/site = -0.7123914775
43.875% accepted

C(L/2,L/2) = 0.172965
energy = -786.617985
energy/site = -0.7229944715
44.272% accepted

C(L/2,L/2) = 0.0513225
energy = -795.7652925
energy/site = -0.7314019233
44.709% accepted

C(L/2,L/2) = 0.2193375
energy = -803.243805
energy/site = -0.7382755561
44.354% accepted

C(L/2,L/2) = 0.1396125
energy = -783.0925725
energy/site = -0.7197542027
44.084% accepted

C(L/2,L/2) = 0.12471
energy = -798.2630925
energy/site = -0.7336976953
44.317% accepted

C(L/2,L/2) = 0
energy = -804.8924625
energy/site = -0.7397908663
44.318% accepted

C(L/2,L/2) = 0.1794825
energy = -807.9687075
energy/site = -0.7426182973
44.368% accepted

C(L/2,L/2) = 0.2468475
energy = -789.1714125
energy/site = -0.7253413718
45.332% accepted

C(L/2,L/2) = 0.247515
energy = -799.652025
energy/site = -0.7349742877
44.794% accepted

C(L/2,L/2) = 0.2302125
energy = -782.106855
energy/site = -0.7188482123
43.777% accepted

C(L/2,L/2) = 0.23535
energy = -787.1038575
energy/site = -0.7234410455
44.235% accepted

C(L/2,L/2) = 0.265995
energy = -797.16864
energy/site = -0.7326917647
44.387% accepted

C(L/2,L/2) = 0.1221375
energy = -801.9405675
energy/site = -0.7370777275
44.345% accepted

C(L/2,L/2) = 0.2091975
energy = -788.2876125
energy/site = -0.7245290556
44.921% accepted

C(L/2,L/2) = 0.0997425
energy = -796.31937
energy/site = -0.7319111857
44.342% accepted

C(L/2,L/2) = 0.15627
energy = -793.800225
energy/site = -0.729595795
44.093% accepted

C(L/2,L/2) = 0.2223975
energy = -791.5395525
energy/site = -0.727517971
44.355% accepted

C(L/2,L/2) = 0.223005
energy = -788.636325
energy/site = -0.7248495634
43.618% accepted

C(L/2,L/2) = 0.1944
energy = -776.5631175
energy/site = -0.7137528653
43.794% accepted

C(L/2,L/2) = 0.1975575
energy = -780.3923775
energy/site = -0.7172724058
44.123% accepted

C(L/2,L/2) = 0.19506
energy = -790.52967
energy/site = -0.7265897702
44.453% accepted

C(L/2,L/2) = 0.2064525
energy = -799.2184125
energy/site = -0.7345757468
43.998% accepted

C(L/2,L/2) = 0.18609
energy = -788.9193525
energy/site = -0.725109699
44.47% accepted

C(L/2,L/2) = 0.120795
energy = -780.2883975
energy/site = -0.7171768359
44.099% accepted

C(L/2,L/2) = 0.1425825
energy = -801.568995
energy/site = -0.7367362086
44.015% accepted

C(L/2,L/2) = 0.0652875
energy = -796.8615075
energy/site = -0.7324094738
44.57% accepted

C(L/2,L/2) = 0.1583775
energy = -799.0210275
energy/site = -0.7343943267
44.635% accepted

C(L/2,L/2) = 0.1440225
energy = -792.798225
energy/site = -0.7286748392
45.148% accepted

C(L/2,L/2) = 0.1350675
energy = -789.7213575
energy/site = -0.7258468359
44.335% accepted

C(L/2,L/2) = 0.1726125
energy = -775.9515825
energy/site = -0.7131907927
43.858% accepted

C(L/2,L/2) = 0.1732275
energy = -783.75435
energy/site = -0.720362454
44.279% accepted

C(L/2,L/2) = 0.08082
energy = -787.366695
energy/site = -0.7236826241
44.359% accepted

C(L/2,L/2) = 0.1764825
energy = -791.97183
energy/site = -0.7279152849
44.372% accepted

C(L/2,L/2) = 0.1329525
energy = -801.9027
energy/site = -0.7370429228
44.428% accepted

C(L/2,L/2) = 0.112035
energy = -774.1741125
energy/site = -0.7115570887
44.33% accepted

C(L/2,L/2) = 0.16908
energy = -789.460785
energy/site = -0.7256073392
43.943% accepted

C(L/2,L/2) = 0.21267
energy = -787.556805
energy/site = -0.7238573575
44.128% accepted

C(L/2,L/2) = 0.330255
energy = -797.2219725
energy/site = -0.7327407835
44.34% accepted

C(L/2,L/2) = 0.137775
energy = -801.09414
energy/site = -0.736299761
44.219% accepted

C(L/2,L/2) = 0.33456
energy = -784.5366075
energy/site = -0.7210814407
44.527% accepted

C(L/2,L/2) = 0.132315
energy = -812.011485
energy/site = -0.7463340855
44.525% accepted

C(L/2,L/2) = 0.1213875
energy = -798.869355
energy/site = -0.7342549219
44.331% accepted

C(L/2,L/2) = 0.1575825
energy = -788.8447875
energy/site = -0.725041165
44.336% accepted

C(L/2,L/2) = 0.186195
energy = -795.7377675
energy/site = -0.7313766245
44.449% accepted

C(L/2,L/2) = 0.24147
energy = -793.9407825
energy/site = -0.7297249839
44.257% accepted

C(L/2,L/2) = 0.10644
energy = -791.50638
energy/site = -0.7274874816
44.348% accepted

C(L/2,L/2) = 0.01677
energy = -791.0949825
energy/site = -0.7271093589
44.601% accepted

C(L/2,L/2) = 0.2315925
energy = -784.4672925
energy/site = -0.7210177321
44.545% accepted

C(L/2,L/2) = 0.083445
energy = -786.0321375
energy/site = -0.7224560087
44.462% accepted

C(L/2,L/2) = 0.17712
energy = -793.6919625
energy/site = -0.7294962891
44.275% accepted

C(L/2,L/2) = 0.05637
energy = -779.8314825
energy/site = -0.7167568773
44.188% accepted

C(L/2,L/2) = 0.05559
energy = -800.8426425
energy/site = -0.7360686052
44.574% accepted

C(L/2,L/2) = 0.138735
energy = -810.123345
energy/site = -0.7445986627
44.345% accepted

C(L/2,L/2) = 0.1573125
energy = -784.0392825
energy/site = -0.7206243405
44.104% accepted

C(L/2,L/2) = 0.1421625
energy = -795.5120325
energy/site = -0.7311691475
43.987% accepted

C(L/2,L/2) = 0.08964
energy = -797.56362
energy/site = -0.7330547978
44.368% accepted

C(L/2,L/2) = 0.07752
energy = -781.1201325
energy/site = -0.7179412983
44.587% accepted

C(L/2,L/2) = 0.194685
energy = -796.7031675
energy/site = -0.7322639407
44.31% accepted

C(L/2,L/2) = 0.16137
energy = -790.01991
energy/site = -0.7261212408
43.997% accepted

C(L/2,L/2) = 0.1554675
energy = -783.361515
energy/site = -0.7200013925
44.959% accepted

C(L/2,L/2) = 0.246
energy = -783.61638
energy/site = -0.7202356434
44.415% accepted

C(L/2,L/2) = 0.1653975
energy = -784.8377025
energy/site = -0.7213581824
44.285% accepted

C(L/2,L/2) = 0.1057425
energy = -781.80618
energy/site = -0.7185718566
44.461% accepted

C(L/2,L/2) = 0.1733025
energy = -790.3124175
energy/site = -0.7263900896
44.329% accepted

C(L/2,L/2) = 0.20484
energy = -793.9494525
energy/site = -0.7297329527
43.69% accepted

C(L/2,L/2) = 0.1043625
energy = -790.4574075
energy/site = -0.7265233525
43.657% accepted

C(L/2,L/2) = 0.146055
energy = -803.97123
energy/site = -0.7389441452
44.395% accepted

C(L/2,L/2) = 0.092715
energy = -799.59819
energy/site = -0.734924807
44.376% accepted

C(L/2,L/2) = 0.2000175
energy = -786.230085
energy/site = -0.7226379458
44.307% accepted

C(L/2,L/2) = 0.1077825
energy = -787.8613125
energy/site = -0.7241372358
44.266% accepted

C(L/2,L/2) = 0.2439975
energy = -800.7052425
energy/site = -0.7359423185
44.401% accepted

C(L/2,L/2) = 0.10878
energy = -781.2908025
energy/site = -0.7180981641
44.104% accepted

C(L/2,L/2) = 0.1322775
energy = -790.6728675
energy/site = -0.7267213856
43.974% accepted

C(L/2,L/2) = 0.1760025
energy = -802.671705
energy/site = -0.7377497289
44.927% accepted

C(L/2,L/2) = 0.204525
energy = -791.84577
energy/site = -0.727799421
44.554% accepted

C(L/2,L/2) = 0.1848
energy = -803.67111
energy/site = -0.7386682996
44.411% accepted

C(L/2,L/2) = 0.1198725
energy = -803.46228
energy/site = -0.7384763603
44.312% accepted

C(L/2,L/2) = 0.271845
energy = -797.3182125
energy/site = -0.7328292394
44.406% accepted

C(L/2,L/2) = 0.2147175
energy = -799.949715
energy/site = -0.7352478998
44.031% accepted

C(L/2,L/2) = 0.1774575
energy = -786.48525
energy/site = -0.7228724724
44.382% accepted

C(L/2,L/2) = 0.219195
energy = -798.76692
energy/site = -0.7341607721
44.675% accepted

C(L/2,L/2) = 0.09096
energy = -799.39542
energy/site = -0.7347384375
44.832% accepted

C(L/2,L/2) = 0.2768475
energy = -795.064845
energy/site = -0.7307581296
43.892% accepted

C(L/2,L/2) = 0.16311
energy = -789.9670875
energy/site = -0.7260726907
44.204% accepted

C(L/2,L/2) = 0.0423375
energy = -782.1845625
energy/site = -0.7189196347
44.48% accepted

C(L/2,L/2) = 0.110505
energy = -778.045365
energy/site = -0.7151152252
44.178% accepted

C(L/2,L/2) = 0.0795675
energy = -789.009825
energy/site = -0.7251928539
44.3% accepted

C(L/2,L/2) = 0.2145225
energy = -799.2301125
energy/site = -0.7345865005
44.322% accepted

C(L/2,L/2) = 0.1607025
energy = -781.763805
energy/site = -0.718532909
44.259% accepted

C(L/2,L/2) = 0.17721
energy = -785.23665
energy/site = -0.7217248621
44.101% accepted

C(L/2,L/2) = 0.237585
energy = -793.3386225
energy/site = -0.729171528
44.489% accepted

C(L/2,L/2) = 0.2227125
energy = -796.7173725
energy/site = -0.7322769968
44.243% accepted

C(L/2,L/2) = 0.2794275
energy = -785.1121875
energy/site = -0.7216104665
44.128% accepted

C(L/2,L/2) = 0.28362
energy = -794.193225
energy/site = -0.7299570083
44.797% accepted

C(L/2,L/2) = 0.16317
energy = -801.96798
energy/site = -0.7371029228
44.306% accepted

C(L/2,L/2) = 0.187425
energy = -792.143805
energy/site = -0.7280733502
44.373% accepted

C(L/2,L/2) = 0.28038
energy = -806.07957
energy/site = -0.7408819577
44.504% accepted

C(L/2,L/2) = 0.2414775
energy = -804.182445
energy/site = -0.7391382767
44.03% accepted

C(L/2,L/2) = 0.15324
energy = -812.0149875
energy/site = -0.7463373047
44.106% accepted

C(L/2,L/2) = 0.14181
energy = -796.5771075
energy/site = -0.7321480767
44.651% accepted

C(L/2,L/2) = 0.15627
energy = -795.82188
energy/site = -0.7314539338
43.843% accepted

C(L/2,L/2) = 0.2091075
energy = -792.78591
energy/site = -0.7286635202
44.447% accepted

C(L/2,L/2) = 0.174
energy = -799.04595
energy/site = -0.7344172335
44.173% accepted

C(L/2,L/2) = 0.1962525
energy = -792.94251
energy/site = -0.728807454
44.73% accepted

C(L/2,L/2) = 0.13293
energy = -795.278475
energy/site = -0.7309544807
44.19% accepted

C(L/2,L/2) = 0.194445
energy = -789.3133725
energy/site = -0.7254718497
44.35% accepted

C(L/2,L/2) = 0.1742775
energy = -787.6941825
energy/site = -0.7239836236
44.823% accepted

C(L/2,L/2) = 0.23505
energy = -790.6534275
energy/site = -0.7267035179
44.49% accepted

C(L/2,L/2) = 0.210885
energy = -805.7598675
energy/site = -0.7405881135
44.588% accepted

C(L/2,L/2) = 0.146805
energy = -791.587815
energy/site = -0.72756233
44.505% accepted

C(L/2,L/2) = 0.07536
energy = -788.4901575
energy/site = -0.7247152183
44.29% accepted

C(L/2,L/2) = 0.099675
energy = -794.50167
energy/site = -0.7302405055
44.823% accepted

C(L/2,L/2) = 0.2174475
energy = -788.29248
energy/site = -0.7245335294
44.107% accepted

C(L/2,L/2) = 0.1538775
energy = -783.170685
energy/site = -0.7198259972
44.748% accepted

C(L/2,L/2) = 0.15864
energy = -798.489885
energy/site = -0.7339061443
44.459% accepted

C(L/2,L/2) = 0.1905975
energy = -794.40753
energy/site = -0.7301539798
44.29% accepted

C(L/2,L/2) = 0.156105
energy = -793.7034225
energy/site = -0.7295068222
44.454% accepted

C(L/2,L/2) = 0.26421
energy = -786.4553025
energy/site = -0.7228449472
44.596% accepted

C(L/2,L/2) = 0.14586
energy = -784.00566
energy/site = -0.7205934375
44.451% accepted

C(L/2,L/2) = 0.1446225
energy = -795.55383
energy/site = -0.7312075643
44.33% accepted

C(L/2,L/2) = 0.1892475
energy = -797.9405025
energy/site = -0.7334011972
43.984% accepted

C(L/2,L/2) = 0.22914
energy = -774.4444275
energy/site = -0.71180554
44.184% accepted

C(L/2,L/2) = 0.127515
energy = -774.7319175
energy/site = -0.7120697771
44.19% accepted

C(L/2,L/2) = 0.189495
energy = -777.5863875
energy/site = -0.7146933709
44.463% accepted

C(L/2,L/2) = 0.0648825
energy = -783.0456375
energy/site = -0.7197110639
44.401% accepted

C(L/2,L/2) = 0.1624125
energy = -788.0352075
energy/site = -0.7242970657
44.381% accepted

C(L/2,L/2) = 0.1712625
energy = -806.3296425
energy/site = -0.7411118038
44.622% accepted

C(L/2,L/2) = 0.1959825
energy = -786.69231
energy/site = -0.7230627849
44.654% accepted

C(L/2,L/2) = 0.1319925
energy = -792.911535
energy/site = -0.7287789844
43.983% accepted

C(L/2,L/2) = 0.22971
energy = -805.69656
energy/site = -0.7405299265
44.029% accepted

C(L/2,L/2) = 0.1184475
energy = -801.038625
energy/site = -0.7362487362
44.236% accepted

C(L/2,L/2) = 0.0853425
energy = -787.6801425
energy/site = -0.7239707192
44.176% accepted

C(L/2,L/2) = 0.13578
energy = -794.3201625
energy/site = -0.7300736788
44.494% accepted

C(L/2,L/2) = 0.1249125
energy = -788.86692
energy/site = -0.7250615074
44.643% accepted

C(L/2,L/2) = 0.2358
energy = -781.6280475
energy/site = -0.7184081319
44.033% accepted

C(L/2,L/2) = 0.1427925
energy = -787.736025
energy/site = -0.7240220818
44.354% accepted

C(L/2,L/2) = 0.21912
energy = -797.14128
energy/site = -0.7326666176
44.784% accepted

C(L/2,L/2) = 0.2767425
energy = -783.524115
energy/site = -0.720150841
44.21% accepted

C(L/2,L/2) = 0.29253
energy = -797.24934
energy/site = -0.7327659375
44.119% accepted

C(L/2,L/2) = 0.2053725
energy = -802.5273225
energy/site = -0.7376170244
44.346% accepted

C(L/2,L/2) = 0.16401
energy = -805.4098275
energy/site = -0.7402663856
44.343% accepted

C(L/2,L/2) = 0.19467
energy = -808.116405
energy/site = -0.7427540487
44.548% accepted

C(L/2,L/2) = 0.054585
energy = -788.944545
energy/site = -0.7251328539
44.55% accepted

C(L/2,L/2) = 0.0924075
energy = -797.3536725
energy/site = -0.7328618313
44.3% accepted

C(L/2,L/2) = 0.1506975
energy = -794.2450725
energy/site = -0.7300046622
44.2% accepted

C(L/2,L/2) = 0.2372625
energy = -789.30522
energy/site = -0.7254643566
44.106% accepted

C(L/2,L/2) = 0.2426025
energy = -802.979205
energy/site = -0.7380323575
44.884% accepted

C(L/2,L/2) = 0.202245
energy = -791.601915
energy/site = -0.7275752895
44.159% accepted

C(L/2,L/2) = 0.2469525
energy = -795.5569425
energy/site = -0.7312104251
44.148% accepted

C(L/2,L/2) = 0.0575325
energy = -792.60942
energy/site = -0.7285013051
44.013% accepted

C(L/2,L/2) = 0.1065975
energy = -791.83473
energy/site = -0.7277892739
44.701% accepted

C(L/2,L/2) = 0.1708125
energy = -778.37604
energy/site = -0.7154191544
44.201% accepted

C(L/2,L/2) = 0.26664
energy = -799.2906825
energy/site = -0.7346421714
44.23% accepted

C(L/2,L/2) = 0.157305
energy = -792.8669325
energy/site = -0.7287379894
44.611% accepted

C(L/2,L/2) = 0.1852875
energy = -799.6064025
energy/site = -0.7349323552
44.243% accepted

C(L/2,L/2) = 0.10206
energy = -805.243275
energy/site = -0.7401133042
44.636% accepted

C(L/2,L/2) = 0.115095
energy = -798.0920475
energy/site = -0.7335404848
44.403% accepted

C(L/2,L/2) = 0.2105025
energy = -786.1161375
energy/site = -0.7225332146
44.563% accepted

C(L/2,L/2) = 0.24495
energy = -793.226115
energy/site = -0.7290681204
44.04% accepted

C(L/2,L/2) = 0.1206375
energy = -805.167015
energy/site = -0.7400432123
44.616% accepted

C(L/2,L/2) = 0.1826325
energy = -806.8120275
energy/site = -0.7415551723
44.572% accepted

C(L/2,L/2) = 0.22758
energy = -785.0488275
energy/site = -0.7215522312
44.427% accepted

C(L/2,L/2) = 0.1374975
energy = -791.54832
energy/site = -0.7275260294
44.208% accepted

C(L/2,L/2) = 0.1557375
energy = -804.45273
energy/site = -0.7393867004
45.181% accepted

C(L/2,L/2) = 0.1268625
energy = -786.61773
energy/site = -0.7229942371
44.546% accepted

C(L/2,L/2) = 0.2141625
energy = -790.6906275
energy/site = -0.7267377091
44.178% accepted

C(L/2,L/2) = 0.068205
energy = -787.2875325
energy/site = -0.7236098644
44.568% accepted

C(L/2,L/2) = 0.140805
energy = -811.28673
energy/site = -0.7456679504
44.346% accepted

C(L/2,L/2) = 0.0258675
energy = -796.566495
energy/site = -0.7321383226
44.008% accepted

C(L/2,L/2) = 0.04941
energy = -795.60084
energy/site = -0.7312507721
44.368% accepted

C(L/2,L/2) = 0.16626
energy = -805.72632
energy/site = -0.7405572794
44.493% accepted

C(L/2,L/2) = 0.24693
energy = -794.35164
energy/site = -0.7301026103
44.451% accepted

C(L/2,L/2) = 0.24354
energy = -792.7437525
energy/site = -0.7286247725
44.332% accepted

C(L/2,L/2) = 0.132765
energy = -780.666675
energy/site = -0.7175245175
43.993% accepted

C(L/2,L/2) = 0.14646
energy = -782.2307475
energy/site = -0.7189620841
44.14% accepted

C(L/2,L/2) = 0.2833275
energy = -806.26893
energy/site = -0.7410560018
44.688% accepted

C(L/2,L/2) = 0.21345
energy = -774.253695
energy/site = -0.7116302344
44.132% accepted

C(L/2,L/2) = 0.1604625
energy = -793.332765
energy/site = -0.7291661443
44.262% accepted

C(L/2,L/2) = 0.1764675
energy = -807.6876375
energy/site = -0.7423599609
44.462% accepted

C(L/2,L/2) = 0.2634075
energy = -799.0976925
energy/site = -0.7344647909
44.38% accepted

C(L/2,L/2) = 0.240585
energy = -782.391765
energy/site = -0.7191100781
44.316% accepted

C(L/2,L/2) = 0.1008675
energy = -791.49822
energy/site = -0.7274799816
44.293% accepted

C(L/2,L/2) = 0.2208825
energy = -799.0012725
energy/site = -0.7343761696
44.013% accepted

C(L/2,L/2) = 0.10824
energy = -796.857195
energy/site = -0.7324055101
44.578% accepted

C(L/2,L/2) = 0.166995
energy = -797.65446
energy/site = -0.7331382904
44.315% accepted

C(L/2,L/2) = 0.1391925
energy = -807.1406775
energy/site = -0.7418572403
44.502% accepted

C(L/2,L/2) = 0.13755
energy = -792.724425
energy/site = -0.7286070083
44.418% accepted

C(L/2,L/2) = 0.171765
energy = -807.3309675
energy/site = -0.7420321392
44.639% accepted

C(L/2,L/2) = 0.3007425
energy = -792.1090125
energy/site = -0.7280413718
43.951% accepted

C(L/2,L/2) = 0.2412525
energy = -788.068755
energy/site = -0.7243278998
44.289% accepted

C(L/2,L/2) = 0.2262075
energy = -796.8406875
energy/site = -0.7323903378
44.267% accepted

C(L/2,L/2) = 0.1388025
energy = -786.482265
energy/site = -0.7228697289
44.226% accepted

C(L/2,L/2) = 0.0771675
energy = -787.432575
energy/site = -0.7237431756
43.841% accepted

C(L/2,L/2) = 0.1424625
energy = -803.4619125
energy/site = -0.7384760225
44.335% accepted

C(L/2,L/2) = 0.231705
energy = -800.027505
energy/site = -0.735319398
44.501% accepted

C(L/2,L/2) = 0.064155
energy = -788.974875
energy/site = -0.7251607307
44.548% accepted

C(L/2,L/2) = 0.1418025
energy = -793.4312175
energy/site = -0.7292566337
44.765% accepted

C(L/2,L/2) = 0.0965925
energy = -809.753175
energy/site = -0.7442584329
44.145% accepted

C(L/2,L/2) = 0.21228
energy = -796.6998525
energy/site = -0.7322608938
44.156% accepted

C(L/2,L/2) = 0.09486
energy = -784.0492875
energy/site = -0.7206335363
44.023% accepted

C(L/2,L/2) = 0.2537625
energy = -812.7061125
energy/site = -0.7469725299
44.57% accepted

C(L/2,L/2) = 0.0942525
energy = -784.4360625
energy/site = -0.720989028
44.294% accepted

C(L/2,L/2) = 0.0977625
energy = -791.4183375
energy/site = -0.7274065602
44.42% accepted

C(L/2,L/2) = 0.23817
energy = -794.057955
energy/site = -0.7298326792
44.163% accepted

C(L/2,L/2) = 0.1328775
energy = -791.827665
energy/site = -0.7277827803
43.989% accepted

C(L/2,L/2) = 0.1585125
energy = -793.685295
energy/site = -0.7294901608
44.096% accepted

C(L/2,L/2) = 0.07863
energy = -784.8171825
energy/site = -0.7213393222
44.431% accepted

C(L/2,L/2) = 0.12171
energy = -791.497515
energy/site = -0.7274793336
44.604% accepted

C(L/2,L/2) = 0.1275
energy = -801.7795575
energy/site = -0.7369297403
44.323% accepted

C(L/2,L/2) = 0.072375
energy = -787.4500725
energy/site = -0.7237592578
44.388% accepted

C(L/2,L/2) = 0.1605975
energy = -795.69846
energy/site = -0.7313404963
44.802% accepted

C(L/2,L/2) = 0.08121
energy = -789.53217
energy/site = -0.7256729504
45.004% accepted

C(L/2,L/2) = 0.2798175
energy = -805.3138725
energy/site = -0.7401781916
44.521% accepted

C(L/2,L/2) = 0.0652425
energy = -798.5595525
energy/site = -0.7339701769
44.446% accepted

C(L/2,L/2) = 0.124665
energy = -798.2786625
energy/site = -0.733712006
44.675% accepted

C(L/2,L/2) = 0.05415
energy = -795.2548125
energy/site = -0.7309327321
44.608% accepted

C(L/2,L/2) = 0.2284275
energy = -791.60784
energy/site = -0.7275807353
44.749% accepted

C(L/2,L/2) = 0.14247
energy = -793.7315775
energy/site = -0.7295326999
44.456% accepted

C(L/2,L/2) = 0.151485
energy = -789.6279825
energy/site = -0.7257610133
44.126% accepted

C(L/2,L/2) = 0.2419425
energy = -792.2454825
energy/site = -0.7281668038
44.155% accepted

C(L/2,L/2) = 0.1546875
energy = -798.988935
energy/site = -0.73436483
44.361% accepted

C(L/2,L/2) = 0.12546
energy = -794.7455325
energy/site = -0.7304646438
44.792% accepted

C(L/2,L/2) = 0.2359125
energy = -780.8002425
energy/site = -0.7176472817
44.061% accepted

C(L/2,L/2) = 0.2327775
energy = -805.985265
energy/site = -0.7407952803
44.587% accepted

C(L/2,L/2) = 0.1814625
energy = -781.8274725
energy/site = -0.7185914269
44.2% accepted

C(L/2,L/2) = 0.1644825
energy = -788.8061325
energy/site = -0.7250056365
44.272% accepted

C(L/2,L/2) = 0.1989
energy = -800.89041
energy/site = -0.7361125092
44.374% accepted

C(L/2,L/2) = 0.1212975
energy = -805.8355875
energy/site = -0.7406577091
44.259% accepted

C(L/2,L/2) = 0.2015025
energy = -799.4635875
energy/site = -0.7348010915
44.086% accepted

C(L/2,L/2) = 0.2316825
energy = -793.9982625
energy/site = -0.7297778148
43.863% accepted

C(L/2,L/2) = 0.15933
energy = -807.8538
energy/site = -0.7425126838
44.427% accepted

C(L/2,L/2) = 0.1288875
energy = -797.7203325
energy/site = -0.733198835
44.397% accepted

C(L/2,L/2) = 0.237945
energy = -798.78438
energy/site = -0.7341768199
45.047% accepted

C(L/2,L/2) = 0.1909275
energy = -797.0192475
energy/site = -0.7325544554
44.632% accepted

C(L/2,L/2) = 0.110655
energy = -796.872285
energy/site = -0.7324193796
44.724% accepted

C(L/2,L/2) = 0.19317
energy = -788.206125
energy/site = -0.724454159
44.168% accepted

C(L/2,L/2) = 0.083985
energy = -788.866395
energy/site = -0.7250610248
44.484% accepted

C(L/2,L/2) = 0.1188075
energy = -791.8733175
energy/site = -0.7278247403
44.211% accepted

C(L/2,L/2) = 0.1862775
energy = -790.8474375
energy/site = -0.7268818359
44.683% accepted

C(L/2,L/2) = 0.148515
energy = -797.406165
energy/site = -0.7329100781
44.736% accepted

C(L/2,L/2) = 0.0687225
energy = -801.7624725
energy/site = -0.7369140372
43.999% accepted

C(L/2,L/2) = 0.048825
energy = -776.262465
energy/site = -0.7134765303
44.206% accepted

C(L/2,L/2) = 0.0779175
energy = -795.1206825
energy/site = -0.7308094508
44.566% accepted

C(L/2,L/2) = 0.09483
energy = -798.5169
energy/site = -0.7339309743
44.328% accepted

C(L/2,L/2) = 0.0857325
energy = -797.07444
energy/site = -0.7326051838
44.479% accepted

C(L/2,L/2) = 0.1222125
energy = -808.32327
energy/site = -0.742944182
44.21% accepted

C(L/2,L/2) = 0.093495
energy = -801.04614
energy/site = -0.7362556434
44.83% accepted

C(L/2,L/2) = 0.191325
energy = -804.6454725
energy/site = -0.7395638534
44.023% accepted

C(L/2,L/2) = 0.038565
energy = -793.9653825
energy/site = -0.7297475942
44.553% accepted

C(L/2,L/2) = 0.1277475
energy = -791.9234925
energy/site = -0.7278708571
44.528% accepted

C(L/2,L/2) = 0.19359
energy = -789.35211
energy/site = -0.725507454
44.148% accepted

C(L/2,L/2) = 0.100005
energy = -809.78697
energy/site = -0.7442894945
43.991% accepted

C(L/2,L/2) = 0.2372025
energy = -790.1966325
energy/site = -0.7262836696
44.244% accepted

C(L/2,L/2) = 0.31722
energy = -792.2696625
energy/site = -0.728189028
44.3% accepted

C(L/2,L/2) = 0.26718
energy = -796.4008125
energy/site = -0.7319860409
44.323% accepted

C(L/2,L/2) = 0.2768025
energy = -787.120725
energy/site = -0.7234565487
44.381% accepted

C(L/2,L/2) = 0.23682
energy = -804.75963
energy/site = -0.7396687776
44.193% accepted

C(L/2,L/2) = 0.1280025
energy = -791.254395
energy/site = -0.7272558778
44.154% accepted

C(L/2,L/2) = 0.0976125
energy = -788.0496525
energy/site = -0.7243103424
43.94% accepted

C(L/2,L/2) = 0.0864675
energy = -787.720365
energy/site = -0.7240076884
44.061% accepted

C(L/2,L/2) = 0.1144125
energy = -794.2582425
energy/site = -0.730016767
44.415% accepted

C(L/2,L/2) = 0.0999375
energy = -780.7907625
energy/site = -0.7176385685
43.939% accepted

C(L/2,L/2) = 0.26166
energy = -773.1473775
energy/site = -0.7106133984
44.402% accepted

C(L/2,L/2) = 0.2116275
energy = -794.411445
energy/site = -0.7301575781
43.973% accepted

C(L/2,L/2) = 0.1136925
energy = -806.63505
energy/site = -0.7413925092
44.373% accepted

C(L/2,L/2) = 0.0573225
energy = -789.933375
energy/site = -0.726041705
43.992% accepted

C(L/2,L/2) = 0.244095
energy = -797.77314
energy/site = -0.7332473713
44.584% accepted

C(L/2,L/2) = 0.1627725
energy = -786.219525
energy/site = -0.7226282399
43.966% accepted

C(L/2,L/2) = 0.2113275
energy = -814.2930075
energy/site = -0.7484310731
44.992% accepted

C(L/2,L/2) = 0.2831175
energy = -790.4668725
energy/site = -0.7265320519
44.586% accepted

C(L/2,L/2) = 0.1371375
energy = -788.04993
energy/site = -0.7243105974
44.319% accepted

C(L/2,L/2) = 0.227655
energy = -797.1201
energy/site = -0.7326471507
44.46% accepted

C(L/2,L/2) = 0.2145525
energy = -790.68711
energy/site = -0.7267344761
43.941% accepted

C(L/2,L/2) = 0.212955
energy = -792.6794025
energy/site = -0.7285656273
43.838% accepted

C(L/2,L/2) = 0.1843725
energy = -791.7184725
energy/site = -0.7276824196
44.383% accepted

C(L/2,L/2) = 0.12078
energy = -777.85062
energy/site = -0.7149362316
43.986% accepted

C(L/2,L/2) = 0.1769175
energy = -793.5059025
energy/site = -0.729325278
44.752% accepted

C(L/2,L/2) = 0.1111425
energy = -782.5295775
energy/site = -0.719236744
44.475% accepted

C(L/2,L/2) = 0.075435
energy = -796.4316
energy/site = -0.7320143382
44.472% accepted

C(L/2,L/2) = 0.2017275
energy = -791.2178925
energy/site = -0.7272223277
44.057% accepted

C(L/2,L/2) = 0.1879725
energy = -804.8386425
energy/site = -0.7397413994
44.277% accepted

C(L/2,L/2) = 0.20865
energy = -780.926475
energy/site = -0.7177633042
44.323% accepted

C(L/2,L/2) = 0.1788825
energy = -792.3731325
energy/site = -0.7282841291
44.849% accepted

C(L/2,L/2) = 0.229605
energy = -805.925295
energy/site = -0.7407401608
44.183% accepted

C(L/2,L/2) = 0.1755975
energy = -786.335085
energy/site = -0.7227344531
43.926% accepted

C(L/2,L/2) = 0.1054875
energy = -795.77019
energy/site = -0.7314064246
44.405% accepted

C(L/2,L/2) = 0.1911225
energy = -785.514015
energy/site = -0.7219797932
43.936% accepted

C(L/2,L/2) = 0.2012775
energy = -780.0187875
energy/site = -0.7169290326
44.567% accepted

C(L/2,L/2) = 0.1736175
energy = -760.5911625
energy/site = -0.6990727597
44.244% accepted

C(L/2,L/2) = 0.1841925
energy = -796.9116525
energy/site = -0.732455563
44.765% accepted

C(L/2,L/2) = 0.118035
energy = -801.017115
energy/site = -0.736228966
44.193% accepted

C(L/2,L/2) = 0.117435
energy = -797.3345925
energy/site = -0.7328442946
44.283% accepted

C(L/2,L/2) = 0.18396
energy = -804.9168075
energy/site = -0.7398132422
44.029% accepted

C(L/2,L/2) = 0.1241325
energy = -802.30965
energy/site = -0.7374169577
44.722% accepted

C(L/2,L/2) = 0.148605
energy = -771.9770325
energy/site = -0.7095377137
44.319% accepted

C(L/2,L/2) = 0.1738575
energy = -780.158895
energy/site = -0.7170578079
44.265% accepted

C(L/2,L/2) = 0.0992175
energy = -794.9923275
energy/site = -0.7306914775
44.338% accepted

C(L/2,L/2) = 0.207915
energy = -779.6571975
energy/site = -0.7165966889
44.372% accepted

C(L/2,L/2) = 0.160425
energy = -776.667045
energy/site = -0.7138483869
44.026% accepted

C(L/2,L/2) = 0.2683125
energy = -792.247485
energy/site = -0.7281686443
44.146% accepted

C(L/2,L/2) = 0.200385
energy = -801.01878
energy/site = -0.7362304963
44.517% accepted

C(L/2,L/2) = 0.0684525
energy = -797.8583625
energy/site = -0.7333257008
43.821% accepted

C(L/2,L/2) = 0.1551525
energy = -793.93926
energy/site = -0.7297235846
44.14% accepted

C(L/2,L/2) = 0.06306
energy = -807.3897825
energy/site = -0.7420861972
44.165% accepted

C(L/2,L/2) = 0.226335
energy = -798.68031
energy/site = -0.7340811673
44.393% accepted

C(L/2,L/2) = 0.14496
energy = -794.7866625
energy/site = -0.7305024472
44.198% accepted

C(L/2,L/2) = 0.1116
energy = -806.67576
energy/site = -0.7414299265
44.212% accepted

C(L/2,L/2) = 0.2150925
energy = -802.7305425
energy/site = -0.7378038074
44.46% accepted

C(L/2,L/2) = 0.17277
energy = -803.238375
energy/site = -0.7382705653
44.347% accepted

C(L/2,L/2) = 0.0280875
energy = -792.4531725
energy/site = -0.7283576953
43.987% accepted

C(L/2,L/2) = 0.1964475
energy = -792.8165475
energy/site = -0.7286916797
44.775% accepted

C(L/2,L/2) = 0.17325
energy = -805.892445
energy/site = -0.7407099678
45.08% accepted

C(L/2,L/2) = 0.1262025
energy = -799.88433
energy/site = -0.7351878033
44.197% accepted

C(L/2,L/2) = 0.26745
energy = -787.6095525
energy/site = -0.7239058387
44.167% accepted

C(L/2,L/2) = 0.2305725
energy = -793.7099025
energy/site = -0.729512778
44.427% accepted

C(L/2,L/2) = 0.1916325
energy = -797.1498825
energy/site = -0.7326745244
44.237% accepted

C(L/2,L/2) = 0.279
energy = -801.9223575
energy/site = -0.7370609903
44.638% accepted

C(L/2,L/2) = 0.077415
energy = -792.6475875
energy/site = -0.7285363856
44.128% accepted

C(L/2,L/2) = 0.1935675
energy = -793.3282425
energy/site = -0.7291619876
44.12% accepted

C(L/2,L/2) = 0.2152875
energy = -798.68508
energy/site = -0.7340855515
44.505% accepted

C(L/2,L/2) = 0.1760325
energy = -792.90057
energy/site = -0.7287689063
44.358% accepted


------------------------------------------------------------
Sender: LSF System <lsfadmin@wha88>
Subject: Job 8865176: <./dubproj17L64> Done

Job <./dubproj17L64> was submitted from host <wha780> by user <akallin>.
Job was executed on host(s) <wha88>, in queue <serial>, as user <akallin>.
</home/akallin> was used as the home directory.
</work/akallin/sharcruns/dub_proj/bondlength/17L64> was used as the working directory.
Started at Wed Nov 18 18:56:55 2009
Results reported at Thu Nov 19 04:16:24 2009

Your job looked like:

------------------------------------------------------------
# LSBATCH: User input
./dubproj17L64
------------------------------------------------------------

Successfully completed.

Resource usage summary:

    CPU time   :  33382.80 sec.
    Max Memory :        10 MB
    Max Swap   :       131 MB

    Max Processes  :         4
    Max Threads    :         4

The output (if any) is above this job summary.

