
64 x 13 x 1 system
r   = 3  bondops changed per step 
n/N = 15  bond operators / site
its = 100000  iterations/loop for 1000 loops

C(L/2,L/2) = 0.097905
energy = -612.041115
energy/site = -0.7356263401
46.49% accepted

C(L/2,L/2) = 0.173865
energy = -604.5753975
energy/site = -0.726653122
44.423% accepted

C(L/2,L/2) = 0.0827175
energy = -610.758855
energy/site = -0.7340851623
44.536% accepted

C(L/2,L/2) = 0.0574725
energy = -619.810845
energy/site = -0.7449649579
44.636% accepted

C(L/2,L/2) = 0.06462
energy = -625.9624425
energy/site = -0.7523587049
44.677% accepted

C(L/2,L/2) = 0.2037975
energy = -610.4117325
energy/site = -0.7336679477
44.489% accepted

C(L/2,L/2) = 0.122895
energy = -592.58613
energy/site = -0.7122429447
44.247% accepted

C(L/2,L/2) = 0.140715
energy = -607.7751975
energy/site = -0.7304990355
44.584% accepted

C(L/2,L/2) = 0.11823
energy = -602.6840325
energy/site = -0.7243798468
43.993% accepted

C(L/2,L/2) = 0.2171925
energy = -608.73594
energy/site = -0.731653774
44.178% accepted

C(L/2,L/2) = 0.17985
energy = -611.8189125
energy/site = -0.7353592698
44.967% accepted

C(L/2,L/2) = 0.22503
energy = -623.23917
energy/site = -0.7490855409
44.478% accepted

C(L/2,L/2) = 0.1788975
energy = -606.8676075
energy/site = -0.7294081821
44.55% accepted

C(L/2,L/2) = 0.15897
energy = -601.6599975
energy/site = -0.7231490355
44.24% accepted

C(L/2,L/2) = 0.2044275
energy = -605.8481025
energy/site = -0.7281828155
44.567% accepted

C(L/2,L/2) = 0.1810125
energy = -605.92005
energy/site = -0.7282692909
44.087% accepted

C(L/2,L/2) = 0.230745
energy = -608.0396475
energy/site = -0.730816884
44.685% accepted

C(L/2,L/2) = 0.084165
energy = -615.8499525
energy/site = -0.7402042698
44.314% accepted

C(L/2,L/2) = 0.1488225
energy = -600.688755
energy/site = -0.7219816767
43.898% accepted

C(L/2,L/2) = 0.0837
energy = -606.7097175
energy/site = -0.7292184105
44.693% accepted

C(L/2,L/2) = 0.281055
energy = -601.7659875
energy/site = -0.7232764273
44.462% accepted

C(L/2,L/2) = 0.1991325
energy = -614.73945
energy/site = -0.7388695313
44.659% accepted

C(L/2,L/2) = 0.1121175
energy = -600.3492975
energy/site = -0.7215736749
44.251% accepted

C(L/2,L/2) = 0.1406775
energy = -612.60891
energy/site = -0.7363087861
43.915% accepted

C(L/2,L/2) = 0.2651925
energy = -612.7883775
energy/site = -0.7365244922
43.944% accepted

C(L/2,L/2) = 0.1233825
energy = -600.9760725
energy/site = -0.7223270102
44.105% accepted

C(L/2,L/2) = 0.15321
energy = -604.0052325
energy/site = -0.7259678275
44% accepted

C(L/2,L/2) = 0.10281
energy = -614.88429
energy/site = -0.7390436178
44.433% accepted

C(L/2,L/2) = 0.1473825
energy = -613.133535
energy/site = -0.736939345
44.401% accepted

C(L/2,L/2) = 0.1688925
energy = -607.7289975
energy/site = -0.7304435066
44.638% accepted

C(L/2,L/2) = 0.176535
energy = -625.2276375
energy/site = -0.7514755258
44.225% accepted

C(L/2,L/2) = 0.18696
energy = -610.2047925
energy/site = -0.7334192218
44.414% accepted

C(L/2,L/2) = 0.22953
energy = -615.519045
energy/site = -0.7398065445
44.666% accepted

C(L/2,L/2) = 0.16323
energy = -608.2106475
energy/site = -0.7310224129
44.195% accepted

C(L/2,L/2) = 0.1838325
energy = -616.41231
energy/site = -0.7408801803
44.636% accepted

C(L/2,L/2) = 0.254025
energy = -609.973095
energy/site = -0.7331407392
44.837% accepted

C(L/2,L/2) = 0.083415
energy = -605.25189
energy/site = -0.7274662139
44.543% accepted

C(L/2,L/2) = 0.1848675
energy = -602.2859625
energy/site = -0.7239013972
44.418% accepted

C(L/2,L/2) = 0.1572225
energy = -609.4111575
energy/site = -0.7324653335
44.61% accepted

C(L/2,L/2) = 0.1727175
energy = -617.435595
energy/site = -0.7421100901
44.363% accepted

C(L/2,L/2) = 0.150555
energy = -626.59797
energy/site = -0.7531225601
44.344% accepted

C(L/2,L/2) = 0.090915
energy = -609.32331
energy/site = -0.7323597476
44.653% accepted

C(L/2,L/2) = 0.192795
energy = -618.214125
energy/site = -0.7430458233
45.078% accepted

C(L/2,L/2) = 0.2360025
energy = -607.20624
energy/site = -0.7298151923
44.555% accepted

C(L/2,L/2) = 0.20076
energy = -599.334735
energy/site = -0.7203542488
44.528% accepted

C(L/2,L/2) = 0.158745
energy = -609.423435
energy/site = -0.7324800901
44.238% accepted

C(L/2,L/2) = 0.1052775
energy = -609.9417225
energy/site = -0.7331030319
43.98% accepted

C(L/2,L/2) = 0.1563075
energy = -614.746845
energy/site = -0.7388784195
44.574% accepted

C(L/2,L/2) = 0.2257575
energy = -612.338625
energy/site = -0.7359839243
44.482% accepted

C(L/2,L/2) = 0.19515
energy = -614.9215125
energy/site = -0.7390883564
44.661% accepted

C(L/2,L/2) = 0.131775
energy = -599.7248475
energy/site = -0.720823134
43.852% accepted

C(L/2,L/2) = 0.1861275
energy = -599.1560325
energy/site = -0.7201394621
44.338% accepted

C(L/2,L/2) = 0.1887075
energy = -601.7661075
energy/site = -0.7232765715
44.429% accepted

C(L/2,L/2) = 0.2346825
energy = -608.9142525
energy/site = -0.7318680919
44.653% accepted

C(L/2,L/2) = 0.213345
energy = -626.721255
energy/site = -0.7532707392
44.742% accepted

C(L/2,L/2) = 0.1869375
energy = -611.617155
energy/site = -0.7351167728
44.444% accepted

C(L/2,L/2) = 0.14661
energy = -619.542945
energy/site = -0.7446429627
44.871% accepted

C(L/2,L/2) = 0.2191575
energy = -610.3392
energy/site = -0.7335807692
44.211% accepted

C(L/2,L/2) = 0.1809375
energy = -610.869435
energy/site = -0.7342180709
44.233% accepted

C(L/2,L/2) = 0.2237175
energy = -615.62259
energy/site = -0.7399309976
44.007% accepted

C(L/2,L/2) = 0.15618
energy = -615.60438
energy/site = -0.7399091106
44.214% accepted

C(L/2,L/2) = 0.14382
energy = -605.075895
energy/site = -0.7272546815
44.384% accepted

C(L/2,L/2) = 0.1868325
energy = -615.4540275
energy/site = -0.7397283984
44.492% accepted

C(L/2,L/2) = 0.097065
energy = -608.5129725
energy/site = -0.7313857843
44.299% accepted

C(L/2,L/2) = 0.132285
energy = -605.6761725
energy/site = -0.7279761689
44.021% accepted

C(L/2,L/2) = 0.2091525
energy = -604.3437225
energy/site = -0.7263746665
44.476% accepted

C(L/2,L/2) = 0.135645
energy = -613.28805
energy/site = -0.7371250601
44.719% accepted

C(L/2,L/2) = 0.158235
energy = -603.3310125
energy/site = -0.7251574669
44.681% accepted

C(L/2,L/2) = 0.0925725
energy = -606.756585
energy/site = -0.7292747416
44.503% accepted

C(L/2,L/2) = 0.07332
energy = -621.1254525
energy/site = -0.746545015
44.639% accepted

C(L/2,L/2) = 0.125655
energy = -621.44955
energy/site = -0.7469345553
43.759% accepted

C(L/2,L/2) = 0.04152
energy = -598.2107025
energy/site = -0.7190032482
44.397% accepted

C(L/2,L/2) = 0.0774825
energy = -611.303415
energy/site = -0.7347396815
44.636% accepted

C(L/2,L/2) = 0.2298525
energy = -599.4322125
energy/site = -0.7204714093
44.517% accepted

C(L/2,L/2) = 0.1532175
energy = -604.0912875
energy/site = -0.726071259
44.226% accepted

C(L/2,L/2) = 0.0261675
energy = -598.307865
energy/site = -0.71912003
44.009% accepted

C(L/2,L/2) = 0.13182
energy = -612.2713425
energy/site = -0.7359030559
44.694% accepted

C(L/2,L/2) = 0.1406625
energy = -609.9024
energy/site = -0.7330557692
44.318% accepted

C(L/2,L/2) = 0.146925
energy = -614.7282225
energy/site = -0.7388560367
44.27% accepted

C(L/2,L/2) = 0.0830925
energy = -617.40018
energy/site = -0.742067524
44.735% accepted

C(L/2,L/2) = 0.195735
energy = -594.402765
energy/site = -0.7144264002
44.008% accepted

C(L/2,L/2) = 0.1037775
energy = -600.40416
energy/site = -0.7216396154
44.363% accepted

C(L/2,L/2) = 0.1345575
energy = -618.2080125
energy/site = -0.7430384766
44.097% accepted

C(L/2,L/2) = 0.0646275
energy = -599.8491
energy/site = -0.720972476
44.617% accepted

C(L/2,L/2) = 0.09576
energy = -603.7615275
energy/site = -0.7256749129
44.881% accepted

C(L/2,L/2) = 0.2509425
energy = -600.7154325
energy/site = -0.722013741
44.779% accepted

C(L/2,L/2) = 0.14751
energy = -627.1226925
energy/site = -0.7537532362
44.569% accepted

C(L/2,L/2) = 0.185655
energy = -596.7523275
energy/site = -0.7172503936
44.854% accepted

C(L/2,L/2) = 0.1387125
energy = -610.34334
energy/site = -0.7335857452
43.762% accepted

C(L/2,L/2) = 0.15756
energy = -614.5941825
energy/site = -0.7386949309
44.777% accepted

C(L/2,L/2) = 0.2052225
energy = -602.13162
energy/site = -0.7237158894
44.121% accepted

C(L/2,L/2) = 0.1614675
energy = -602.3963925
energy/site = -0.7240341256
44.367% accepted

C(L/2,L/2) = 0.258825
energy = -609.7805175
energy/site = -0.7329092758
44.399% accepted

C(L/2,L/2) = 0.2121075
energy = -601.2721725
energy/site = -0.7226828996
44.26% accepted

C(L/2,L/2) = 0.1685625
energy = -608.543865
energy/site = -0.7314229147
43.837% accepted

C(L/2,L/2) = 0.1437375
energy = -606.49188
energy/site = -0.7289565865
44.867% accepted

C(L/2,L/2) = 0.1821675
energy = -613.15854
energy/site = -0.736969399
44.329% accepted

C(L/2,L/2) = 0.172755
energy = -620.979675
energy/site = -0.7463698017
44.498% accepted

C(L/2,L/2) = 0.1313625
energy = -605.8777275
energy/site = -0.7282184225
44.791% accepted

C(L/2,L/2) = 0.122475
energy = -620.113605
energy/site = -0.7453288522
44.502% accepted

C(L/2,L/2) = 0.15294
energy = -606.436515
energy/site = -0.7288900421
44.162% accepted

C(L/2,L/2) = 0.0954
energy = -599.4024525
energy/site = -0.72043564
44.181% accepted

C(L/2,L/2) = 0.06333
energy = -601.983975
energy/site = -0.7235384315
44.928% accepted

C(L/2,L/2) = 0.166425
energy = -618.0808725
energy/site = -0.7428856641
44.794% accepted

C(L/2,L/2) = 0.18012
energy = -612.1954275
energy/site = -0.7358118119
44.409% accepted

C(L/2,L/2) = 0.1208925
energy = -599.85771
energy/site = -0.7209828245
44.334% accepted

C(L/2,L/2) = 0.1792875
energy = -616.062765
energy/site = -0.7404600541
44.246% accepted

C(L/2,L/2) = 0.21042
energy = -607.5229125
energy/site = -0.7301958083
44.162% accepted

C(L/2,L/2) = 0.2755725
energy = -610.10607
energy/site = -0.7333005649
43.947% accepted

C(L/2,L/2) = 0.108285
energy = -625.3352325
energy/site = -0.7516048468
44.33% accepted

C(L/2,L/2) = 0.1403925
energy = -602.423385
energy/site = -0.7240665685
44.691% accepted

C(L/2,L/2) = 0.21714
energy = -605.2749975
energy/site = -0.7274939874
44.511% accepted

C(L/2,L/2) = 0.0605175
energy = -609.922965
energy/site = -0.7330804868
44.603% accepted

C(L/2,L/2) = 0.1047675
energy = -612.8964675
energy/site = -0.7366544081
44.266% accepted

C(L/2,L/2) = 0.108945
energy = -603.70923
energy/site = -0.7256120553
44.658% accepted

C(L/2,L/2) = 0.2697375
energy = -604.611255
energy/site = -0.72669622
44.54% accepted

C(L/2,L/2) = 0.092355
energy = -614.0223975
energy/site = -0.7380076893
44.798% accepted

C(L/2,L/2) = 0.133395
energy = -609.0171825
energy/site = -0.7319918059
44.058% accepted

C(L/2,L/2) = 0.1777575
energy = -610.26213
energy/site = -0.733488137
44.578% accepted

C(L/2,L/2) = 0.1945875
energy = -593.284425
energy/site = -0.7130822416
44.576% accepted

C(L/2,L/2) = 0.148005
energy = -600.003045
energy/site = -0.721157506
44.17% accepted

C(L/2,L/2) = 0.1053075
energy = -602.525655
energy/site = -0.7241894892
44.458% accepted

C(L/2,L/2) = 0.18612
energy = -619.919535
energy/site = -0.745095595
44.598% accepted

C(L/2,L/2) = 0.22248
energy = -602.92008
energy/site = -0.7246635577
44.185% accepted

C(L/2,L/2) = 0.2622525
energy = -611.03619
energy/site = -0.7344184976
44.265% accepted

C(L/2,L/2) = 0.116445
energy = -616.2815325
energy/site = -0.7407229958
43.909% accepted

C(L/2,L/2) = 0.119115
energy = -616.6890975
energy/site = -0.7412128576
44.168% accepted

C(L/2,L/2) = 0.1165875
energy = -608.723835
energy/site = -0.7316392248
44.498% accepted

C(L/2,L/2) = 0.0579375
energy = -610.21392
energy/site = -0.7334301923
44.561% accepted

C(L/2,L/2) = 0.1847025
energy = -621.1051275
energy/site = -0.7465205859
44.787% accepted

C(L/2,L/2) = 0.0846525
energy = -601.8436575
energy/site = -0.7233697806
44.081% accepted

C(L/2,L/2) = 0.20655
energy = -615.5440575
energy/site = -0.7398366076
44.005% accepted

C(L/2,L/2) = 0.04761
energy = -610.1558775
energy/site = -0.7333604297
44.367% accepted

C(L/2,L/2) = 0.14148
energy = -618.996045
energy/site = -0.743985631
43.851% accepted

C(L/2,L/2) = 0.1538325
energy = -615.5913975
energy/site = -0.7398935066
44.499% accepted

C(L/2,L/2) = 0.1682925
energy = -610.7124825
energy/site = -0.7340294261
44.255% accepted

C(L/2,L/2) = 0.14646
energy = -614.6670675
energy/site = -0.7387825331
44.276% accepted

C(L/2,L/2) = 0.1450575
energy = -602.146605
energy/site = -0.7237339002
44.4% accepted

C(L/2,L/2) = 0.186075
energy = -620.83554
energy/site = -0.7461965625
44.048% accepted

C(L/2,L/2) = 0.2984175
energy = -619.7448375
energy/site = -0.744885622
44.486% accepted

C(L/2,L/2) = 0.090885
energy = -596.7407475
energy/site = -0.7172364754
44.091% accepted

C(L/2,L/2) = 0.05943
energy = -607.337265
energy/site = -0.7299726743
44.442% accepted

C(L/2,L/2) = 0.176385
energy = -629.65944
energy/site = -0.7568022115
44.808% accepted

C(L/2,L/2) = 0.1349925
energy = -605.7334125
energy/site = -0.7280449669
44.479% accepted

C(L/2,L/2) = 0.0632775
energy = -606.3609525
energy/site = -0.7287992218
44.483% accepted

C(L/2,L/2) = 0.161565
energy = -624.1505475
energy/site = -0.7501809465
44.493% accepted

C(L/2,L/2) = 0.087285
energy = -599.7143775
energy/site = -0.7208105499
44.345% accepted

C(L/2,L/2) = 0.04128
energy = -605.6109975
energy/site = -0.7278978335
44.548% accepted

C(L/2,L/2) = 0.164205
energy = -602.76561
energy/site = -0.7244778966
44.169% accepted

C(L/2,L/2) = 0.1619175
energy = -599.7408975
energy/site = -0.7208424249
44.35% accepted

C(L/2,L/2) = 0.1454325
energy = -601.68807
energy/site = -0.7231827764
44.615% accepted

C(L/2,L/2) = 0.148635
energy = -612.4917975
energy/site = -0.7361680258
44.301% accepted

C(L/2,L/2) = 0.21636
energy = -617.67774
energy/site = -0.7424011298
44.844% accepted

C(L/2,L/2) = 0.1581525
energy = -602.5746225
energy/site = -0.7242483444
44.285% accepted

C(L/2,L/2) = 0.1745475
energy = -618.44262
energy/site = -0.7433204567
44.186% accepted

C(L/2,L/2) = 0.1830825
energy = -599.878215
energy/site = -0.72100747
44.566% accepted

C(L/2,L/2) = 0.239415
energy = -609.6640275
energy/site = -0.7327692638
44.176% accepted

C(L/2,L/2) = 0.097335
energy = -622.0995375
energy/site = -0.7477157903
44.581% accepted

C(L/2,L/2) = 0.1340775
energy = -614.84676
energy/site = -0.7389985096
44.333% accepted

C(L/2,L/2) = 0.08922
energy = -611.2536525
energy/site = -0.7346798708
44.302% accepted

C(L/2,L/2) = 0.020535
energy = -625.41657
energy/site = -0.7517026082
44.666% accepted

C(L/2,L/2) = 0.1095975
energy = -620.4556275
energy/site = -0.7457399369
44.524% accepted

C(L/2,L/2) = 0.1736925
energy = -609.118605
energy/site = -0.7321137079
44.735% accepted

C(L/2,L/2) = 0.161595
energy = -618.1344
energy/site = -0.74295
44.532% accepted

C(L/2,L/2) = 0.1978275
energy = -616.6863975
energy/site = -0.7412096124
44.447% accepted

C(L/2,L/2) = 0.23157
energy = -622.5759975
energy/site = -0.7482884585
44.642% accepted

C(L/2,L/2) = 0.156165
energy = -612.07512
energy/site = -0.7356672115
44.238% accepted

C(L/2,L/2) = 0.08793
energy = -614.4356925
energy/site = -0.7385044381
44.431% accepted

C(L/2,L/2) = 0.15351
energy = -615.86052
energy/site = -0.7402169712
44.885% accepted

C(L/2,L/2) = 0.0951675
energy = -596.2515525
energy/site = -0.7166485006
44.466% accepted

C(L/2,L/2) = 0.204225
energy = -611.9580975
energy/site = -0.7355265595
44.527% accepted

C(L/2,L/2) = 0.038655
energy = -608.2043025
energy/site = -0.7310147867
44.575% accepted

C(L/2,L/2) = 0.3154275
energy = -610.4701725
energy/site = -0.7337381881
44.037% accepted

C(L/2,L/2) = 0.201585
energy = -613.3923075
energy/site = -0.7372503696
44.1% accepted

C(L/2,L/2) = 0.0986325
energy = -613.09482
energy/site = -0.7368928125
44.842% accepted

C(L/2,L/2) = 0.19509
energy = -607.4083125
energy/site = -0.7300580679
44.25% accepted

C(L/2,L/2) = 0.120585
energy = -598.4421075
energy/site = -0.7192813792
44.463% accepted

C(L/2,L/2) = 0.176985
energy = -605.100885
energy/site = -0.7272847175
44.155% accepted

C(L/2,L/2) = 0.2157975
energy = -606.47682
energy/site = -0.7289384856
43.985% accepted

C(L/2,L/2) = 0.23139
energy = -604.4241675
energy/site = -0.7264713552
44.55% accepted

C(L/2,L/2) = 0.135195
energy = -609.6057375
energy/site = -0.7326992037
44.472% accepted

C(L/2,L/2) = 0.14769
energy = -616.9647375
energy/site = -0.7415441556
44.576% accepted

C(L/2,L/2) = 0.14595
energy = -616.5746925
energy/site = -0.7410753516
44.453% accepted

C(L/2,L/2) = 0.2283975
energy = -613.7759175
energy/site = -0.7377114393
43.97% accepted

C(L/2,L/2) = 0.139035
energy = -600.8420925
energy/site = -0.7221659766
44.668% accepted

C(L/2,L/2) = 0.09939
energy = -616.80165
energy/site = -0.741348137
44.354% accepted

C(L/2,L/2) = 0.1577325
energy = -599.8977375
energy/site = -0.7210309345
44.649% accepted

C(L/2,L/2) = 0.1580475
energy = -594.0063975
energy/site = -0.713949997
43.665% accepted

C(L/2,L/2) = 0.1199475
energy = -612.8641875
energy/site = -0.73661561
44.644% accepted

C(L/2,L/2) = 0.1488825
energy = -602.87448
energy/site = -0.72460875
44.252% accepted

C(L/2,L/2) = 0.209955
energy = -595.2064725
energy/site = -0.7153923948
43.972% accepted

C(L/2,L/2) = 0.18105
energy = -615.4039875
energy/site = -0.7396682542
44.62% accepted

C(L/2,L/2) = 0.2173725
energy = -607.0201875
energy/site = -0.7295915715
44.484% accepted

C(L/2,L/2) = 0.12237
energy = -606.421605
energy/site = -0.7288721214
44.161% accepted

C(L/2,L/2) = 0.17601
energy = -605.7480225
energy/site = -0.728062527
44.276% accepted

C(L/2,L/2) = 0.0729825
energy = -606.618885
energy/site = -0.7291092368
44.394% accepted

C(L/2,L/2) = 0.17253
energy = -607.57476
energy/site = -0.730258125
44.025% accepted

C(L/2,L/2) = 0.11196
energy = -621.99816
energy/site = -0.7475939423
44.599% accepted

C(L/2,L/2) = 0.107115
energy = -602.510295
energy/site = -0.7241710276
44.201% accepted

C(L/2,L/2) = 0.17439
energy = -610.8613425
energy/site = -0.7342083444
44.403% accepted

C(L/2,L/2) = 0.070635
energy = -608.6406975
energy/site = -0.7315392999
44.574% accepted

C(L/2,L/2) = 0.16863
energy = -600.36501
energy/site = -0.7215925601
44.375% accepted

C(L/2,L/2) = 0.070725
energy = -612.8988675
energy/site = -0.7366572927
44.173% accepted

C(L/2,L/2) = 0.22809
energy = -615.1926825
energy/site = -0.7394142819
44.621% accepted

C(L/2,L/2) = 0.17925
energy = -613.7036775
energy/site = -0.7376246124
44.47% accepted

C(L/2,L/2) = 0.2139375
energy = -621.7202925
energy/site = -0.7472599669
44.355% accepted

C(L/2,L/2) = 0.14745
energy = -612.0472125
energy/site = -0.7356336689
44.04% accepted

C(L/2,L/2) = 0.0606075
energy = -609.2550675
energy/site = -0.7322777254
43.964% accepted

C(L/2,L/2) = 0.096795
energy = -615.8633325
energy/site = -0.7402203516
44.337% accepted

C(L/2,L/2) = 0.1956975
energy = -605.1925575
energy/site = -0.7273949008
44.619% accepted

C(L/2,L/2) = 0.0926475
energy = -615.15372
energy/site = -0.7393674519
44.048% accepted

C(L/2,L/2) = 0.2588775
energy = -614.00097
energy/site = -0.7379819351
44.104% accepted

C(L/2,L/2) = 0.2017125
energy = -618.67053
energy/site = -0.743594387
44.284% accepted

C(L/2,L/2) = 0.1620975
energy = -602.8797225
energy/site = -0.7246150511
44.193% accepted

C(L/2,L/2) = 0.0888
energy = -604.406835
energy/site = -0.7264505228
44.115% accepted

C(L/2,L/2) = 0.0813975
energy = -609.3019425
energy/site = -0.7323340655
43.986% accepted

C(L/2,L/2) = 0.1817175
energy = -602.518725
energy/site = -0.7241811599
44.533% accepted

C(L/2,L/2) = 0.1214475
energy = -598.7589525
energy/site = -0.7196622025
44.303% accepted

C(L/2,L/2) = 0.18006
energy = -611.378535
energy/site = -0.73482997
44.616% accepted

C(L/2,L/2) = 0.1912725
energy = -601.2336825
energy/site = -0.7226366376
44.818% accepted

C(L/2,L/2) = 0.176265
energy = -608.9536575
energy/site = -0.7319154537
44.025% accepted

C(L/2,L/2) = 0.1756275
energy = -599.4155475
energy/site = -0.7204513792
44.314% accepted

C(L/2,L/2) = 0.12435
energy = -617.3181825
energy/site = -0.7419689694
44.183% accepted

C(L/2,L/2) = 0.1158825
energy = -615.3633825
energy/site = -0.7396194501
44.497% accepted

C(L/2,L/2) = 0.08205
energy = -611.2778775
energy/site = -0.7347089874
44.729% accepted

C(L/2,L/2) = 0.16728
energy = -603.6987375
energy/site = -0.7255994441
44.03% accepted

C(L/2,L/2) = 0.17004
energy = -611.466345
energy/site = -0.7349355108
44.294% accepted

C(L/2,L/2) = 0.218715
energy = -618.0080475
energy/site = -0.742798134
44.253% accepted

C(L/2,L/2) = 0.160695
energy = -616.6387725
energy/site = -0.7411523708
44.412% accepted

C(L/2,L/2) = 0.195495
energy = -603.7592325
energy/site = -0.7256721544
44.186% accepted

C(L/2,L/2) = 0.258825
energy = -614.029965
energy/site = -0.7380167849
44.089% accepted

C(L/2,L/2) = 0.17118
energy = -603.5313975
energy/site = -0.7253983143
44.338% accepted

C(L/2,L/2) = 0.10701
energy = -605.6278725
energy/site = -0.727918116
44.284% accepted

C(L/2,L/2) = 0.182805
energy = -605.6303025
energy/site = -0.7279210367
44.182% accepted

C(L/2,L/2) = 0.190425
energy = -615.913125
energy/site = -0.7402801983
44.457% accepted

C(L/2,L/2) = 0.2389575
energy = -610.6935075
energy/site = -0.7340066196
44.234% accepted

C(L/2,L/2) = 0.1264425
energy = -608.3367225
energy/site = -0.7311739453
44.603% accepted

C(L/2,L/2) = 0.096735
energy = -621.763905
energy/site = -0.7473123858
44.331% accepted

C(L/2,L/2) = 0.2379825
energy = -610.661865
energy/site = -0.7339685877
44.704% accepted

C(L/2,L/2) = 0.04464
energy = -605.0953575
energy/site = -0.7272780739
44.375% accepted

C(L/2,L/2) = 0.1783875
energy = -621.44712
energy/site = -0.7469316346
44.308% accepted

C(L/2,L/2) = 0.1563975
energy = -614.29344
energy/site = -0.7383334615
44.914% accepted

C(L/2,L/2) = 0.204195
energy = -611.2338825
energy/site = -0.7346561088
43.941% accepted

C(L/2,L/2) = 0.087735
energy = -619.7274075
energy/site = -0.7448646725
44.21% accepted

C(L/2,L/2) = 0.1265925
energy = -611.78646
energy/site = -0.7353202644
44.062% accepted

C(L/2,L/2) = 0.1609575
energy = -612.38118
energy/site = -0.7360350721
44.751% accepted

C(L/2,L/2) = 0.2303625
energy = -618.9509025
energy/site = -0.7439313732
44.203% accepted

C(L/2,L/2) = 0.10872
energy = -617.9364525
energy/site = -0.7427120823
44.452% accepted

C(L/2,L/2) = 0.062325
energy = -606.0562425
energy/site = -0.7284329838
44.391% accepted

C(L/2,L/2) = 0.1588875
energy = -607.06986
energy/site = -0.729651274
45.229% accepted

C(L/2,L/2) = 0.1302975
energy = -605.9034525
energy/site = -0.7282493419
44.192% accepted

C(L/2,L/2) = 0.2263725
energy = -615.61182
energy/site = -0.7399180529
44.263% accepted

C(L/2,L/2) = 0.0906225
energy = -602.02176
energy/site = -0.7235838462
44.279% accepted

C(L/2,L/2) = 0.194505
energy = -609.3696975
energy/site = -0.7324155018
44.537% accepted

C(L/2,L/2) = 0.117345
energy = -607.985295
energy/site = -0.7307515565
44.225% accepted

C(L/2,L/2) = 0.1832925
energy = -611.0840625
energy/site = -0.7344760367
44.024% accepted

C(L/2,L/2) = 0.16353
energy = -615.289635
energy/site = -0.7395308113
44.549% accepted

C(L/2,L/2) = 0.2349525
energy = -625.911315
energy/site = -0.7522972536
44.427% accepted

C(L/2,L/2) = 0.161445
energy = -611.2100625
energy/site = -0.734627479
44.791% accepted

C(L/2,L/2) = 0.1491825
energy = -610.445835
energy/site = -0.7337089363
44.336% accepted

C(L/2,L/2) = 0.2354325
energy = -606.0241875
energy/site = -0.7283944561
44.732% accepted

C(L/2,L/2) = 0.1376625
energy = -618.5130975
energy/site = -0.7434051653
44.563% accepted

C(L/2,L/2) = 0.2495775
energy = -609.18855
energy/site = -0.7321977764
45.134% accepted

C(L/2,L/2) = 0.2388675
energy = -603.7341225
energy/site = -0.7256419742
44.396% accepted

C(L/2,L/2) = 0.1533975
energy = -613.91664
energy/site = -0.7378805769
44.522% accepted

C(L/2,L/2) = 0.245625
energy = -604.519995
energy/site = -0.7265865325
44.611% accepted

C(L/2,L/2) = 0.11079
energy = -611.437365
energy/site = -0.7349006791
44.745% accepted

C(L/2,L/2) = 0.1877475
energy = -617.1622125
energy/site = -0.7417815054
44.551% accepted

C(L/2,L/2) = 0.1556925
energy = -606.4628175
energy/site = -0.7289216556
44.406% accepted

C(L/2,L/2) = 0.17916
energy = -605.71497
energy/site = -0.7280228005
44.791% accepted

C(L/2,L/2) = 0.1062975
energy = -597.91611
energy/site = -0.7186491707
44.252% accepted

C(L/2,L/2) = 0.2120175
energy = -607.910295
energy/site = -0.7306614123
44.323% accepted

C(L/2,L/2) = 0.1494825
energy = -608.0767575
energy/site = -0.7308614874
44.486% accepted

C(L/2,L/2) = 0.0721425
energy = -597.774165
energy/site = -0.7184785637
44.263% accepted

C(L/2,L/2) = 0.123615
energy = -608.2827675
energy/site = -0.7311090956
44.528% accepted

C(L/2,L/2) = 0.13833
energy = -610.69596
energy/site = -0.7340095673
44.559% accepted

C(L/2,L/2) = 0.079485
energy = -610.3907475
energy/site = -0.7336427254
44.179% accepted

C(L/2,L/2) = 0.0944325
energy = -612.25455
energy/site = -0.7358828726
44.569% accepted

C(L/2,L/2) = 0.225195
energy = -608.8285875
energy/site = -0.7317651292
44.203% accepted

C(L/2,L/2) = 0.019635
energy = -613.6471275
energy/site = -0.7375566436
44.044% accepted

C(L/2,L/2) = 0.2238525
energy = -613.15206
energy/site = -0.7369616106
44.542% accepted

C(L/2,L/2) = 0.144405
energy = -613.123335
energy/site = -0.7369270853
44.164% accepted

C(L/2,L/2) = 0.2457075
energy = -616.373355
energy/site = -0.7408333594
44.285% accepted

C(L/2,L/2) = 0.182775
energy = -604.0262775
energy/site = -0.725993122
44.487% accepted

C(L/2,L/2) = 0.13839
energy = -613.9081425
energy/site = -0.7378703636
44.579% accepted

C(L/2,L/2) = 0.29043
energy = -611.253705
energy/site = -0.7346799339
44.838% accepted

C(L/2,L/2) = 0.14025
energy = -609.484665
energy/site = -0.7325536839
44.735% accepted

C(L/2,L/2) = 0.1155075
energy = -611.04561
energy/site = -0.7344298197
44.443% accepted

C(L/2,L/2) = 0.1301025
energy = -607.70283
energy/site = -0.7304120553
44.967% accepted

C(L/2,L/2) = 0.09915
energy = -600.77376
energy/site = -0.7220838462
44.318% accepted

C(L/2,L/2) = 0.169905
energy = -603.9637275
energy/site = -0.7259179417
44.15% accepted

C(L/2,L/2) = 0.128205
energy = -603.4452
energy/site = -0.7252947115
43.843% accepted

C(L/2,L/2) = 0.11835
energy = -609.4647675
energy/site = -0.7325297686
44.188% accepted

C(L/2,L/2) = 0.06822
energy = -608.4154725
energy/site = -0.7312685968
44.385% accepted

C(L/2,L/2) = 0.13251
energy = -603.9304875
energy/site = -0.7258779898
44.209% accepted

C(L/2,L/2) = 0.1581975
energy = -609.40512
energy/site = -0.7324580769
44.496% accepted

C(L/2,L/2) = 0.181605
energy = -611.0085525
energy/site = -0.7343852794
44.143% accepted

C(L/2,L/2) = 0.1305
energy = -615.758175
energy/site = -0.7400939603
44.344% accepted

C(L/2,L/2) = 0.1778025
energy = -621.549165
energy/site = -0.7470542849
44.806% accepted

C(L/2,L/2) = 0.1697925
energy = -608.1520875
energy/site = -0.7309520282
44.721% accepted

C(L/2,L/2) = 0.153375
energy = -614.84232
energy/site = -0.7389931731
44.472% accepted

C(L/2,L/2) = 0.1702425
energy = -605.204445
energy/site = -0.7274091887
44.24% accepted

C(L/2,L/2) = 0.11151
energy = -614.522415
energy/site = -0.7386086719
44.516% accepted

C(L/2,L/2) = 0.187695
energy = -608.8487025
energy/site = -0.7317893059
44.215% accepted

C(L/2,L/2) = 0.1410375
energy = -610.6734525
energy/site = -0.733982515
44.859% accepted

C(L/2,L/2) = 0.1826475
energy = -600.3310575
energy/site = -0.7215517518
44.028% accepted

C(L/2,L/2) = 0.1900275
energy = -603.1287075
energy/site = -0.7249143119
44.376% accepted

C(L/2,L/2) = 0.101025
energy = -607.2487875
energy/site = -0.7298663311
44.786% accepted

C(L/2,L/2) = 0.1374225
energy = -623.736255
energy/site = -0.7496829988
44.149% accepted

C(L/2,L/2) = 0.1190175
energy = -608.0015025
energy/site = -0.7307710367
44.617% accepted

C(L/2,L/2) = 0.188805
energy = -595.7121825
energy/site = -0.7160002194
44.598% accepted

C(L/2,L/2) = 0.186375
energy = -619.843485
energy/site = -0.7450041887
44.605% accepted

C(L/2,L/2) = 0.1367625
energy = -613.324875
energy/site = -0.7371693209
44.203% accepted

C(L/2,L/2) = 0.21888
energy = -615.096285
energy/site = -0.7392984195
44.531% accepted

C(L/2,L/2) = 0.0629175
energy = -601.535775
energy/site = -0.7229997296
44.594% accepted

C(L/2,L/2) = 0.03357
energy = -600.50691
energy/site = -0.721763113
44.425% accepted

C(L/2,L/2) = 0.1950675
energy = -606.969435
energy/site = -0.7295305709
44.629% accepted

C(L/2,L/2) = 0.1825725
energy = -611.998335
energy/site = -0.7355749219
44.151% accepted

C(L/2,L/2) = 0.165795
energy = -604.9338
energy/site = -0.7270838942
44.431% accepted

C(L/2,L/2) = 0.1592925
energy = -598.290735
energy/site = -0.7190994411
44.507% accepted

C(L/2,L/2) = 0.103815
energy = -608.1726825
energy/site = -0.7309767819
44.538% accepted

C(L/2,L/2) = 0.1968825
energy = -609.311925
energy/site = -0.7323460637
44.239% accepted

C(L/2,L/2) = 0.1922475
energy = -628.767375
energy/site = -0.755730018
44.466% accepted

C(L/2,L/2) = 0.1922025
energy = -608.1698625
energy/site = -0.7309733924
44.376% accepted

C(L/2,L/2) = 0.159585
energy = -600.1226625
energy/site = -0.721301277
44.275% accepted

C(L/2,L/2) = 0.1962225
energy = -612.8624025
energy/site = -0.7366134645
44.257% accepted

C(L/2,L/2) = 0.2615325
energy = -592.7449725
energy/site = -0.7124338612
44.918% accepted

C(L/2,L/2) = 0.209475
energy = -610.6627125
energy/site = -0.7339696064
44.392% accepted

C(L/2,L/2) = 0.198675
energy = -609.7609275
energy/site = -0.7328857302
44.083% accepted

C(L/2,L/2) = 0.1601925
energy = -597.4431675
energy/site = -0.7180807302
44.65% accepted

C(L/2,L/2) = 0.1296075
energy = -615.113235
energy/site = -0.7393187921
44.359% accepted

C(L/2,L/2) = 0.15309
energy = -616.095645
energy/site = -0.7404995733
44.58% accepted

C(L/2,L/2) = 0.217485
energy = -613.392
energy/site = -0.73725
44.407% accepted

C(L/2,L/2) = 0.2305725
energy = -606.4674
energy/site = -0.7289271635
44.556% accepted

C(L/2,L/2) = 0.154755
energy = -605.5386
energy/site = -0.7278108173
44.506% accepted

C(L/2,L/2) = 0.1405425
energy = -614.1736425
energy/site = -0.7381894742
44.185% accepted

C(L/2,L/2) = 0.1231725
energy = -602.057835
energy/site = -0.7236272055
44.446% accepted

C(L/2,L/2) = 0.1908825
energy = -614.1920775
energy/site = -0.7382116316
44.68% accepted

C(L/2,L/2) = 0.235095
energy = -619.5967725
energy/site = -0.7447076593
44.246% accepted

C(L/2,L/2) = 0.2297175
energy = -613.873605
energy/site = -0.7378288522
44.431% accepted

C(L/2,L/2) = 0.161325
energy = -621.2964075
energy/site = -0.7467504898
44.489% accepted

C(L/2,L/2) = 0.1597425
energy = -612.233505
energy/site = -0.7358575781
44.344% accepted

C(L/2,L/2) = 0.13224
energy = -620.3801925
energy/site = -0.7456492698
44.08% accepted

C(L/2,L/2) = 0.1707
energy = -612.86811
energy/site = -0.7366203245
43.988% accepted

C(L/2,L/2) = 0.1793175
energy = -604.0978575
energy/site = -0.7260791556
44.422% accepted

C(L/2,L/2) = 0.206985
energy = -601.4280375
energy/site = -0.7228702374
44.565% accepted

C(L/2,L/2) = 0.1156425
energy = -612.715965
energy/site = -0.7364374579
44.352% accepted

C(L/2,L/2) = 0.1241625
energy = -613.1161725
energy/site = -0.7369184766
44.631% accepted

C(L/2,L/2) = 0.1728075
energy = -606.8257275
energy/site = -0.7293578456
44.609% accepted

C(L/2,L/2) = 0.2077125
energy = -602.7606075
energy/site = -0.724471884
44.101% accepted

C(L/2,L/2) = 0.117495
energy = -608.3843325
energy/site = -0.7312311689
44.798% accepted

C(L/2,L/2) = 0.2125125
energy = -612.5605425
energy/site = -0.736250652
44.355% accepted

C(L/2,L/2) = 0.0568875
energy = -620.4829275
energy/site = -0.7457727494
44.198% accepted

C(L/2,L/2) = 0.135705
energy = -607.3068525
energy/site = -0.7299361208
44.408% accepted

C(L/2,L/2) = 0.1850925
energy = -609.1829025
energy/site = -0.7321909886
44.684% accepted

C(L/2,L/2) = 0.14412
energy = -617.1842925
energy/site = -0.7418080439
44.927% accepted

C(L/2,L/2) = 0.1106325
energy = -608.0865525
energy/site = -0.7308732602
44.388% accepted

C(L/2,L/2) = 0.1317675
energy = -612.3781125
energy/site = -0.7360313852
44.479% accepted

C(L/2,L/2) = 0.1310925
energy = -611.331165
energy/site = -0.7347730349
44.463% accepted

C(L/2,L/2) = 0.099795
energy = -605.14068
energy/site = -0.7273325481
44.444% accepted

C(L/2,L/2) = 0.0596925
energy = -610.00986
energy/site = -0.7331849279
44.306% accepted

C(L/2,L/2) = 0.0998775
energy = -616.20993
energy/site = -0.7406369351
43.96% accepted

C(L/2,L/2) = 0.216345
energy = -611.0282325
energy/site = -0.7344089333
44.315% accepted

C(L/2,L/2) = 0.1190325
energy = -600.8079
energy/site = -0.7221248798
44.11% accepted

C(L/2,L/2) = 0.1536375
energy = -591.76998
energy/site = -0.7112619952
44.183% accepted

C(L/2,L/2) = 0.179985
energy = -614.0940975
energy/site = -0.7380938672
44.59% accepted

C(L/2,L/2) = 0.1935
energy = -606.013455
energy/site = -0.7283815565
44.139% accepted

C(L/2,L/2) = 0.2306775
energy = -607.051485
energy/site = -0.7296291887
44.319% accepted

C(L/2,L/2) = 0.0891
energy = -600.2353725
energy/site = -0.7214367458
44.204% accepted

C(L/2,L/2) = 0.149805
energy = -602.61216
energy/site = -0.7242934615
44.346% accepted

C(L/2,L/2) = 0.0346425
energy = -618.176445
energy/site = -0.7430005349
44.528% accepted

C(L/2,L/2) = 0.14175
energy = -616.145835
energy/site = -0.7405598978
44.543% accepted

C(L/2,L/2) = 0.2030775
energy = -603.9925725
energy/site = -0.7259526112
44.171% accepted

C(L/2,L/2) = 0.1767375
energy = -608.642745
energy/site = -0.7315417608
44.172% accepted

C(L/2,L/2) = 0.0727875
energy = -617.2678425
energy/site = -0.7419084645
44.416% accepted

C(L/2,L/2) = 0.173355
energy = -616.209105
energy/site = -0.7406359435
44.471% accepted

C(L/2,L/2) = 0.2408775
energy = -617.53635
energy/site = -0.7422311899
44.546% accepted

C(L/2,L/2) = 0.1668075
energy = -611.5713075
energy/site = -0.7350616677
44.511% accepted

C(L/2,L/2) = 0.12969
energy = -608.0951625
energy/site = -0.7308836088
43.938% accepted

C(L/2,L/2) = 0.086295
energy = -611.4767775
energy/site = -0.7349480499
44.295% accepted

C(L/2,L/2) = 0.2093325
energy = -602.64957
energy/site = -0.7243384255
44.808% accepted

C(L/2,L/2) = 0.133215
energy = -606.5381925
energy/site = -0.7290122506
44.759% accepted

C(L/2,L/2) = 0.0099525
energy = -607.5940725
energy/site = -0.7302813371
44.386% accepted

C(L/2,L/2) = 0.0863325
energy = -616.3940475
energy/site = -0.7408582302
44.216% accepted

C(L/2,L/2) = 0.11148
energy = -610.2743775
energy/site = -0.7335028576
44.176% accepted

C(L/2,L/2) = 0.1725975
energy = -608.4194175
energy/site = -0.7312733383
44.275% accepted

C(L/2,L/2) = 0.21717
energy = -621.575085
energy/site = -0.7470854387
45.377% accepted

C(L/2,L/2) = 0.1710975
energy = -602.78181
energy/site = -0.7244973678
44.702% accepted

C(L/2,L/2) = 0.1859775
energy = -608.4662325
energy/site = -0.7313296064
44.156% accepted

C(L/2,L/2) = 0.1750725
energy = -614.4301875
energy/site = -0.7384978215
44.433% accepted

C(L/2,L/2) = 0.209175
energy = -607.6924575
energy/site = -0.7303995883
44.156% accepted

C(L/2,L/2) = 0.1197375
energy = -610.81608
energy/site = -0.7341539423
44.417% accepted

C(L/2,L/2) = 0.2612625
energy = -611.2517775
energy/site = -0.7346776172
44.333% accepted

C(L/2,L/2) = 0.1299825
energy = -602.72109
energy/site = -0.724424387
44.325% accepted

C(L/2,L/2) = 0.190695
energy = -617.8546875
energy/site = -0.7426138071
44.114% accepted

C(L/2,L/2) = 0.13662
energy = -611.7255825
energy/site = -0.7352470944
44.909% accepted

C(L/2,L/2) = 0.1396125
energy = -617.3671125
energy/site = -0.7420277794
44.493% accepted

C(L/2,L/2) = 0.080925
energy = -601.233795
energy/site = -0.7226367728
44.424% accepted

C(L/2,L/2) = 0.15612
energy = -609.852675
energy/site = -0.7329960036
43.868% accepted

C(L/2,L/2) = 0.0513975
energy = -623.758725
energy/site = -0.749710006
44.51% accepted

C(L/2,L/2) = 0.0611325
energy = -622.3874175
energy/site = -0.7480617999
44.167% accepted

C(L/2,L/2) = 0.1556925
energy = -614.8642725
energy/site = -0.7390195583
44.415% accepted

C(L/2,L/2) = 0.10032
energy = -608.9720925
energy/site = -0.7319376112
44.363% accepted

C(L/2,L/2) = 0.13599
energy = -611.1821775
energy/site = -0.7345939633
44.746% accepted

C(L/2,L/2) = 0.1202325
energy = -599.0035425
energy/site = -0.7199561809
44.216% accepted

C(L/2,L/2) = 0.18666
energy = -608.928
energy/site = -0.7318846154
44.486% accepted

C(L/2,L/2) = 0.18915
energy = -600.677715
energy/site = -0.7219684075
44.478% accepted

C(L/2,L/2) = 0.13605
energy = -607.4721675
energy/site = -0.7301348167
44.391% accepted

C(L/2,L/2) = 0.1912575
energy = -606.4860825
energy/site = -0.7289496184
44.71% accepted

C(L/2,L/2) = 0.092355
energy = -617.8694325
energy/site = -0.7426315294
44.507% accepted

C(L/2,L/2) = 0.14181
energy = -611.08305
energy/site = -0.7344748197
44.435% accepted

C(L/2,L/2) = 0.2164725
energy = -612.714555
energy/site = -0.7364357632
44.826% accepted

C(L/2,L/2) = 0.150315
energy = -619.1803425
energy/site = -0.7442071424
43.815% accepted

C(L/2,L/2) = 0.16011
energy = -614.7074925
energy/site = -0.7388311208
44.353% accepted

C(L/2,L/2) = 0.0453825
energy = -606.6395625
energy/site = -0.7291340895
44.205% accepted

C(L/2,L/2) = 0.15855
energy = -615.8641725
energy/site = -0.7402213612
44.408% accepted

C(L/2,L/2) = 0.1614375
energy = -608.422935
energy/site = -0.7312775661
44.319% accepted

C(L/2,L/2) = 0.06891
energy = -619.6720125
energy/site = -0.7447980919
44.367% accepted

C(L/2,L/2) = 0.1225575
energy = -610.735275
energy/site = -0.7340568209
44.167% accepted

C(L/2,L/2) = 0.22233
energy = -607.047435
energy/site = -0.7296243209
44.586% accepted

C(L/2,L/2) = 0.1160475
energy = -601.9457025
energy/site = -0.7234924309
44.466% accepted

C(L/2,L/2) = 0.1271325
energy = -616.2145575
energy/site = -0.740642497
44.424% accepted

C(L/2,L/2) = 0.07713
energy = -613.9482825
energy/site = -0.7379186088
44.187% accepted

C(L/2,L/2) = 0.169185
energy = -612.4276875
energy/site = -0.7360909706
44.058% accepted

C(L/2,L/2) = 0.174915
energy = -610.7111025
energy/site = -0.7340277674
44.298% accepted

C(L/2,L/2) = 0.1086375
energy = -599.59308
energy/site = -0.7206647596
44.418% accepted

C(L/2,L/2) = 0.2083425
energy = -598.5393825
energy/site = -0.7193982963
44.372% accepted

C(L/2,L/2) = 0.1840725
energy = -609.0860625
energy/site = -0.7320745944
44.482% accepted

C(L/2,L/2) = 0.1484325
energy = -610.4224125
energy/site = -0.7336807843
44.329% accepted

C(L/2,L/2) = 0.1641075
energy = -592.740225
energy/site = -0.712428155
43.876% accepted

C(L/2,L/2) = 0.1485375
energy = -618.9863175
energy/site = -0.7439739393
44.71% accepted

C(L/2,L/2) = 0.2145975
energy = -603.985605
energy/site = -0.7259442368
44.586% accepted

C(L/2,L/2) = 0.116355
energy = -608.1978375
energy/site = -0.7310070162
44.271% accepted

C(L/2,L/2) = 0.1360275
energy = -609.02187
energy/site = -0.7319974399
44.882% accepted

C(L/2,L/2) = 0.1247775
energy = -606.36681
energy/site = -0.728806262
44.444% accepted

C(L/2,L/2) = 0.2496
energy = -627.81843
energy/site = -0.7545894591
44.332% accepted

C(L/2,L/2) = 0.11001
energy = -615.03558
energy/site = -0.7392254567
44.076% accepted

C(L/2,L/2) = 0.2537175
energy = -609.968115
energy/site = -0.7331347536
44.764% accepted

C(L/2,L/2) = 0.0902025
energy = -617.9943225
energy/site = -0.7427816376
44.397% accepted

C(L/2,L/2) = 0.1328325
energy = -613.61271
energy/site = -0.7375152764
44.113% accepted

C(L/2,L/2) = 0.2112375
energy = -609.9947775
energy/site = -0.7331667999
44.315% accepted

C(L/2,L/2) = 0.1588425
energy = -604.6930275
energy/site = -0.7267945042
44.749% accepted

C(L/2,L/2) = 0.12264
energy = -612.0335325
energy/site = -0.7356172266
44.183% accepted

C(L/2,L/2) = 0.100695
energy = -620.555415
energy/site = -0.7458598738
44.994% accepted

C(L/2,L/2) = 0.11064
energy = -607.9262775
energy/site = -0.730680622
44.5% accepted

C(L/2,L/2) = 0.1906425
energy = -615.760695
energy/site = -0.7400969892
44.156% accepted

C(L/2,L/2) = 0.18174
energy = -610.8053625
energy/site = -0.7341410607
44.289% accepted

C(L/2,L/2) = 0.208095
energy = -614.37783
energy/site = -0.7384348918
44.102% accepted

C(L/2,L/2) = 0.1660575
energy = -602.6546175
energy/site = -0.7243444922
44.156% accepted

C(L/2,L/2) = 0.135795
energy = -613.8877425
energy/site = -0.7378458444
44.461% accepted

C(L/2,L/2) = 0.2274375
energy = -617.8659975
energy/site = -0.7426274008
44.589% accepted

C(L/2,L/2) = 0.2136525
energy = -598.4393925
energy/site = -0.719278116
44.052% accepted

C(L/2,L/2) = 0.151185
energy = -607.2863925
energy/site = -0.7299115294
44.684% accepted

C(L/2,L/2) = 0.14895
energy = -607.54518
energy/site = -0.7302225721
44.669% accepted

C(L/2,L/2) = 0.1091475
energy = -602.98659
energy/site = -0.7247434976
44.85% accepted

C(L/2,L/2) = 0.121815
energy = -610.9677075
energy/site = -0.7343361869
44.234% accepted

C(L/2,L/2) = 0.256845
energy = -612.4515825
energy/site = -0.7361196905
44.377% accepted

C(L/2,L/2) = 0.0876075
energy = -614.287845
energy/site = -0.7383267368
44.525% accepted

C(L/2,L/2) = 0.1928625
energy = -608.4001725
energy/site = -0.7312502073
45.006% accepted

C(L/2,L/2) = 0.0868725
energy = -608.043765
energy/site = -0.7308218329
44.559% accepted

C(L/2,L/2) = 0.07416
energy = -608.42832
energy/site = -0.7312840385
44.839% accepted

C(L/2,L/2) = 0.1216275
energy = -606.1224825
energy/site = -0.7285125992
44.502% accepted

C(L/2,L/2) = 0.159045
energy = -608.1251775
energy/site = -0.7309196845
44.203% accepted

C(L/2,L/2) = 0.1272075
energy = -612.3345825
energy/site = -0.7359790655
44.39% accepted

C(L/2,L/2) = 0.1040175
energy = -620.246475
energy/site = -0.7454885517
44.748% accepted

C(L/2,L/2) = 0.1606575
energy = -605.947365
energy/site = -0.7283021214
44.533% accepted

C(L/2,L/2) = 0.21
energy = -603.1747875
energy/site = -0.7249696965
44.07% accepted

C(L/2,L/2) = 0.109875
energy = -610.130715
energy/site = -0.7333301863
44.292% accepted

C(L/2,L/2) = 0.098625
energy = -607.569765
energy/site = -0.7302521214
43.695% accepted

C(L/2,L/2) = 0.1554075
energy = -617.1627825
energy/site = -0.7417821905
44.575% accepted

C(L/2,L/2) = 0.1666275
energy = -607.2380475
energy/site = -0.7298534225
44.161% accepted

C(L/2,L/2) = 0.1895775
energy = -616.8223875
energy/site = -0.7413730619
44.528% accepted

C(L/2,L/2) = 0.0888675
energy = -615.39645
energy/site = -0.7396591947
44.329% accepted

C(L/2,L/2) = 0.102495
energy = -593.31048
energy/site = -0.7131135577
44.664% accepted

C(L/2,L/2) = 0.163725
energy = -614.87544
energy/site = -0.7390329808
44.277% accepted

C(L/2,L/2) = 0.1822275
energy = -608.5628475
energy/site = -0.7314457302
44.179% accepted

C(L/2,L/2) = 0.15969
energy = -616.1483325
energy/site = -0.7405628996
44.118% accepted

C(L/2,L/2) = 0.205395
energy = -611.58774
energy/site = -0.7350814183
43.934% accepted

C(L/2,L/2) = 0.202815
energy = -622.49325
energy/site = -0.7481890024
44.724% accepted

C(L/2,L/2) = 0.14745
energy = -611.4025425
energy/site = -0.7348588251
44.287% accepted

C(L/2,L/2) = 0.1157775
energy = -604.6717125
energy/site = -0.7267688852
43.64% accepted

C(L/2,L/2) = 0.1534725
energy = -611.3776725
energy/site = -0.7348289333
44.627% accepted

C(L/2,L/2) = 0.1200525
energy = -604.683465
energy/site = -0.7267830108
44.641% accepted

C(L/2,L/2) = 0.11004
energy = -612.0879825
energy/site = -0.7356826713
44.245% accepted

C(L/2,L/2) = 0.136575
energy = -610.0112625
energy/site = -0.7331866136
44.313% accepted

C(L/2,L/2) = 0.0263025
energy = -607.79841
energy/site = -0.7305269351
44.66% accepted

C(L/2,L/2) = 0.2171025
energy = -608.7954075
energy/site = -0.7317252494
44.423% accepted

C(L/2,L/2) = 0.121875
energy = -604.9070175
energy/site = -0.7270517037
44.163% accepted

C(L/2,L/2) = 0.1904775
energy = -621.660735
energy/site = -0.7471883834
44.174% accepted

C(L/2,L/2) = 0.1692075
energy = -611.9213475
energy/site = -0.7354823888
44.28% accepted

C(L/2,L/2) = 0.1366875
energy = -622.25256
energy/site = -0.7478997115
44.856% accepted

C(L/2,L/2) = 0.205605
energy = -615.4713975
energy/site = -0.7397492758
44.692% accepted

C(L/2,L/2) = 0.0719775
energy = -609.71187
energy/site = -0.7328267668
44.162% accepted

C(L/2,L/2) = 0.21207
energy = -611.4747075
energy/site = -0.7349455619
44.151% accepted

C(L/2,L/2) = 0.1964625
energy = -613.0966575
energy/site = -0.736895021
44.186% accepted

C(L/2,L/2) = 0.084585
energy = -601.0777425
energy/site = -0.7224492097
44.308% accepted

C(L/2,L/2) = 0.0804375
energy = -614.2574475
energy/site = -0.7382902013
44.906% accepted

C(L/2,L/2) = 0.225075
energy = -608.463885
energy/site = -0.7313267849
44.691% accepted

C(L/2,L/2) = 0.15189
energy = -600.1708875
energy/site = -0.7213592398
44.844% accepted

C(L/2,L/2) = 0.0453525
energy = -605.5839075
energy/site = -0.7278652734
44.414% accepted

C(L/2,L/2) = 0.186225
energy = -620.69925
energy/site = -0.7460327524
44.964% accepted

C(L/2,L/2) = 0.15684
energy = -622.913445
energy/site = -0.7486940445
44.417% accepted

C(L/2,L/2) = 0.179745
energy = -593.88876
energy/site = -0.7138086058
43.891% accepted

C(L/2,L/2) = 0.1601775
energy = -602.7266775
energy/site = -0.7244311028
44.194% accepted

C(L/2,L/2) = 0.09825
energy = -598.6944
energy/site = -0.7195846154
44.101% accepted

C(L/2,L/2) = 0.1112025
energy = -605.4230775
energy/site = -0.7276719681
44.164% accepted

C(L/2,L/2) = 0.185835
energy = -612.9451725
energy/site = -0.7367129477
44.166% accepted

C(L/2,L/2) = 0.1396875
energy = -597.56838
energy/site = -0.718231226
44.149% accepted

C(L/2,L/2) = 0.192675
energy = -616.0701225
energy/site = -0.7404688972
45.025% accepted

C(L/2,L/2) = 0.1253625
energy = -616.4641125
energy/site = -0.7409424429
44.186% accepted

C(L/2,L/2) = 0.234555
energy = -610.7748225
energy/site = -0.734104354
44.269% accepted

C(L/2,L/2) = 0.0988125
energy = -613.0292025
energy/site = -0.7368139453
44.058% accepted

C(L/2,L/2) = 0.1067625
energy = -610.4089875
energy/site = -0.7336646484
44.293% accepted

C(L/2,L/2) = 0.1357725
energy = -614.707995
energy/site = -0.7388317248
44.419% accepted

C(L/2,L/2) = 0.15483
energy = -607.5411
energy/site = -0.7302176683
44.372% accepted

C(L/2,L/2) = 0.11298
energy = -612.17901
energy/site = -0.7357920793
44.156% accepted

C(L/2,L/2) = 0.21438
energy = -606.4168875
energy/site = -0.7288664513
44.217% accepted

C(L/2,L/2) = 0.1119525
energy = -603.9311775
energy/site = -0.7258788191
44.614% accepted

C(L/2,L/2) = 0.12972
energy = -620.3879475
energy/site = -0.7456585907
44.503% accepted

C(L/2,L/2) = 0.1510875
energy = -606.604095
energy/site = -0.7290914603
44.379% accepted

C(L/2,L/2) = 0.1175325
energy = -605.7850275
energy/site = -0.7281070042
44.41% accepted

C(L/2,L/2) = 0.14901
energy = -612.47754
energy/site = -0.7361508894
44.342% accepted

C(L/2,L/2) = 0.094695
energy = -613.5710775
energy/site = -0.7374652374
44.067% accepted

C(L/2,L/2) = 0.1645125
energy = -609.7080675
energy/site = -0.7328221965
44.693% accepted

C(L/2,L/2) = 0.0906525
energy = -606.9061425
energy/site = -0.7294544982
45.248% accepted

C(L/2,L/2) = 0.10311
energy = -608.29443
energy/site = -0.731123113
44.414% accepted

C(L/2,L/2) = 0.117885
energy = -608.0313225
energy/site = -0.730806878
44.342% accepted

C(L/2,L/2) = 0.1089825
energy = -614.688345
energy/site = -0.738808107
44.396% accepted

C(L/2,L/2) = 0.1306425
energy = -604.42227
energy/site = -0.7264690745
44.167% accepted

C(L/2,L/2) = 0.1257975
energy = -602.9963925
energy/site = -0.7247552794
44.317% accepted

C(L/2,L/2) = 0.3049275
energy = -610.41699
energy/site = -0.7336742668
44.394% accepted

C(L/2,L/2) = 0.1472925
energy = -597.5040075
energy/site = -0.7181538552
44.932% accepted

C(L/2,L/2) = 0.13845
energy = -594.7821
energy/site = -0.7148823317
44.392% accepted

C(L/2,L/2) = 0.0993975
energy = -613.71231
energy/site = -0.737634988
44.285% accepted

C(L/2,L/2) = 0.12201
energy = -610.6188375
energy/site = -0.733916872
44.212% accepted

C(L/2,L/2) = 0.1769025
energy = -610.416345
energy/site = -0.7336734916
44.248% accepted

C(L/2,L/2) = 0.1197
energy = -609.9858075
energy/site = -0.7331560186
44.364% accepted

C(L/2,L/2) = 0.1223025
energy = -612.63357
energy/site = -0.7363384255
44.487% accepted

C(L/2,L/2) = 0.097905
energy = -609.73209
energy/site = -0.7328510697
44.579% accepted

C(L/2,L/2) = 0.0898875
energy = -610.50663
energy/site = -0.7337820072
44.381% accepted

C(L/2,L/2) = 0.2023425
energy = -619.2602325
energy/site = -0.7443031641
44.587% accepted

C(L/2,L/2) = 0.13371
energy = -607.729725
energy/site = -0.730444381
44.094% accepted

C(L/2,L/2) = 0.09288
energy = -616.5186825
energy/site = -0.7410080319
44.525% accepted

C(L/2,L/2) = 0.2043375
energy = -612.27801
energy/site = -0.7359110697
43.745% accepted

C(L/2,L/2) = 0.148005
energy = -606.3600225
energy/site = -0.728798104
44.52% accepted

C(L/2,L/2) = 0.1430625
energy = -608.126445
energy/site = -0.7309212079
44.169% accepted

C(L/2,L/2) = 0.226995
energy = -599.7548625
energy/site = -0.7208592097
44.553% accepted

C(L/2,L/2) = 0.1917225
energy = -613.81857
energy/site = -0.7377627043
45.11% accepted

C(L/2,L/2) = 0.2496
energy = -619.0212525
energy/site = -0.7440159285
44.773% accepted

C(L/2,L/2) = 0.0879075
energy = -612.900015
energy/site = -0.7366586719
44.334% accepted

C(L/2,L/2) = 0.237
energy = -621.5601525
energy/site = -0.747067491
44.458% accepted

C(L/2,L/2) = 0.128595
energy = -603.480435
energy/site = -0.7253370613
44.502% accepted

C(L/2,L/2) = 0.1455
energy = -607.96704
energy/site = -0.7307296154
43.858% accepted

C(L/2,L/2) = 0.19251
energy = -622.2651525
energy/site = -0.7479148468
44.493% accepted

C(L/2,L/2) = 0.0994725
energy = -608.771085
energy/site = -0.7316960156
44.255% accepted

C(L/2,L/2) = 0.13575
energy = -612.8281725
energy/site = -0.7365723227
45.26% accepted

C(L/2,L/2) = 0.22527
energy = -608.6425725
energy/site = -0.7315415535
44.487% accepted

C(L/2,L/2) = 0.1355025
energy = -611.8130025
energy/site = -0.7353521665
44.489% accepted

C(L/2,L/2) = 0.1572075
energy = -600.5962275
energy/site = -0.7218704657
44.448% accepted

C(L/2,L/2) = 0.1483725
energy = -595.8778275
energy/site = -0.7161993119
44.489% accepted

C(L/2,L/2) = 0.188025
energy = -605.753745
energy/site = -0.728069405
44.112% accepted

C(L/2,L/2) = 0.188835
energy = -608.49588
energy/site = -0.7313652404
44.57% accepted

C(L/2,L/2) = 0.20922
energy = -611.720805
energy/site = -0.7352413522
44.335% accepted

C(L/2,L/2) = 0.194025
energy = -600.1485975
energy/site = -0.7213324489
44.179% accepted

C(L/2,L/2) = 0.191085
energy = -608.564235
energy/site = -0.7314473978
44.756% accepted

C(L/2,L/2) = 0.1760625
energy = -618.5878125
energy/site = -0.7434949669
44.342% accepted

C(L/2,L/2) = 0.225675
energy = -610.6140975
energy/site = -0.7339111749
44.405% accepted

C(L/2,L/2) = 0.185655
energy = -604.07502
energy/site = -0.7260517067
44.192% accepted

C(L/2,L/2) = 0.1865175
energy = -607.6815675
energy/site = -0.7303864994
44.336% accepted

C(L/2,L/2) = 0.217155
energy = -598.4539425
energy/site = -0.719295604
44.204% accepted

C(L/2,L/2) = 0.17754
energy = -615.530925
energy/site = -0.7398208233
44.21% accepted

C(L/2,L/2) = 0.170985
energy = -612.6370125
energy/site = -0.7363425631
44.076% accepted

C(L/2,L/2) = 0.167835
energy = -603.0392775
energy/site = -0.7248068239
44.133% accepted

C(L/2,L/2) = 0.2026275
energy = -602.8427775
energy/site = -0.724570646
44.569% accepted

C(L/2,L/2) = 0.0963525
energy = -606.2490825
energy/site = -0.7286647626
43.827% accepted

C(L/2,L/2) = 0.035775
energy = -597.706515
energy/site = -0.7183972536
44.333% accepted

C(L/2,L/2) = 0.0704175
energy = -601.915605
energy/site = -0.723456256
44.29% accepted

C(L/2,L/2) = 0.0632475
energy = -613.872555
energy/site = -0.7378275901
44.372% accepted

C(L/2,L/2) = 0.224205
energy = -607.47555
energy/site = -0.7301388822
44.621% accepted

C(L/2,L/2) = 0.25515
energy = -606.5378775
energy/site = -0.729011872
44.569% accepted

C(L/2,L/2) = 0.14571
energy = -609.7624125
energy/site = -0.732887515
44.745% accepted

C(L/2,L/2) = 0.25389
energy = -608.6370225
energy/site = -0.7315348828
44.439% accepted

C(L/2,L/2) = 0.13473
energy = -605.0872275
energy/site = -0.7272683023
44.694% accepted

C(L/2,L/2) = 0.25965
energy = -611.316375
energy/site = -0.7347552584
44.111% accepted

C(L/2,L/2) = 0.124215
energy = -611.083035
energy/site = -0.7344748017
44.47% accepted

C(L/2,L/2) = 0.130545
energy = -606.078525
energy/site = -0.7284597656
44.786% accepted

C(L/2,L/2) = 0.2121375
energy = -613.6065675
energy/site = -0.7375078936
44.444% accepted

C(L/2,L/2) = 0.20457
energy = -617.5146375
energy/site = -0.7422050931
44.024% accepted

C(L/2,L/2) = 0.146985
energy = -602.930115
energy/site = -0.724675619
44.135% accepted

C(L/2,L/2) = 0.176655
energy = -617.2693275
energy/site = -0.7419102494
44.77% accepted

C(L/2,L/2) = 0.1205475
energy = -610.0901325
energy/site = -0.7332814093
44.722% accepted

C(L/2,L/2) = 0.07374
energy = -601.9973325
energy/site = -0.7235544862
44.046% accepted

C(L/2,L/2) = 0.11235
energy = -616.2982725
energy/site = -0.740743116
44.292% accepted

C(L/2,L/2) = 0.0855825
energy = -623.0835375
energy/site = -0.7488984826
45.056% accepted

C(L/2,L/2) = 0.1110525
energy = -590.22969
energy/site = -0.7094106851
44.443% accepted

C(L/2,L/2) = 0.16449
energy = -617.8946025
energy/site = -0.7426617819
44.659% accepted

C(L/2,L/2) = 0.1038375
energy = -614.6355525
energy/site = -0.7387446544
44.708% accepted

C(L/2,L/2) = 0.1868025
energy = -613.213875
energy/site = -0.7370359075
44.497% accepted

C(L/2,L/2) = 0.18645
energy = -600.1610025
energy/site = -0.7213473588
44.168% accepted

C(L/2,L/2) = 0.0912675
energy = -607.5961125
energy/site = -0.7302837891
44.359% accepted

C(L/2,L/2) = 0.149085
energy = -606.0385875
energy/site = -0.7284117638
44.695% accepted

C(L/2,L/2) = 0.1750275
energy = -607.61403
energy/site = -0.7303053245
44.642% accepted

C(L/2,L/2) = 0.189255
energy = -612.732435
energy/site = -0.7364572536
44.539% accepted

C(L/2,L/2) = 0.12957
energy = -605.7280725
energy/site = -0.7280385487
44.288% accepted

C(L/2,L/2) = 0.1451025
energy = -604.037715
energy/site = -0.726006869
44.465% accepted

C(L/2,L/2) = 0.2169
energy = -615.777855
energy/site = -0.7401176142
44.228% accepted

C(L/2,L/2) = 0.12762
energy = -621.664605
energy/site = -0.7471930349
44.155% accepted

C(L/2,L/2) = 0.1489875
energy = -610.5304275
energy/site = -0.73381061
44.921% accepted

C(L/2,L/2) = 0.2590425
energy = -615.57441
energy/site = -0.7398730889
44.868% accepted

C(L/2,L/2) = 0.162435
energy = -609.04155
energy/site = -0.7320210938
44.245% accepted

C(L/2,L/2) = 0.21042
energy = -608.963955
energy/site = -0.7319278305
44.352% accepted

C(L/2,L/2) = 0.21228
energy = -604.2449775
energy/site = -0.7262559826
43.946% accepted

C(L/2,L/2) = 0.1256025
energy = -611.455215
energy/site = -0.7349221334
44.442% accepted

C(L/2,L/2) = 0.088965
energy = -612.02772
energy/site = -0.7356102404
44.529% accepted

C(L/2,L/2) = 0.1998675
energy = -614.8788825
energy/site = -0.7390371184
44.871% accepted

C(L/2,L/2) = 0.2147925
energy = -599.3814075
energy/site = -0.7204103456
44.124% accepted

C(L/2,L/2) = 0.157605
energy = -615.5132625
energy/site = -0.7397995944
44.869% accepted

C(L/2,L/2) = 0.19473
energy = -614.9051175
energy/site = -0.7390686508
44.69% accepted

C(L/2,L/2) = 0.145695
energy = -599.44632
energy/site = -0.7204883654
44.471% accepted

C(L/2,L/2) = 0.1074975
energy = -622.8506925
energy/site = -0.7486186208
45.035% accepted

C(L/2,L/2) = 0.151365
energy = -621.3594
energy/site = -0.7468262019
44.451% accepted

C(L/2,L/2) = 0.2036175
energy = -606.9525525
energy/site = -0.7295102794
43.958% accepted

C(L/2,L/2) = 0.1178175
energy = -610.0334175
energy/site = -0.7332132422
43.986% accepted

C(L/2,L/2) = 0.041295
energy = -602.183985
energy/site = -0.7237788281
44.393% accepted

C(L/2,L/2) = 0.1411575
energy = -610.160655
energy/site = -0.7333661719
44.19% accepted

C(L/2,L/2) = 0.04725
energy = -610.434795
energy/site = -0.7336956671
44.468% accepted

C(L/2,L/2) = 0.124395
energy = -611.1727125
energy/site = -0.7345825871
44.61% accepted

C(L/2,L/2) = 0.22494
energy = -609.0189375
energy/site = -0.7319939153
44.035% accepted

C(L/2,L/2) = 0.166065
energy = -618.68742
energy/site = -0.7436146875
44.559% accepted

C(L/2,L/2) = 0.186915
energy = -613.4825925
energy/site = -0.7373588852
43.878% accepted

C(L/2,L/2) = 0.09678
energy = -600.88257
energy/site = -0.7222146274
44.691% accepted

C(L/2,L/2) = 0.19833
energy = -608.112165
energy/site = -0.7309040445
44.113% accepted

C(L/2,L/2) = 0.1173375
energy = -616.914465
energy/site = -0.741483732
44.721% accepted

C(L/2,L/2) = 0.1378125
energy = -617.15565
energy/site = -0.7417736178
44.141% accepted

C(L/2,L/2) = 0.201135
energy = -602.6521425
energy/site = -0.7243415174
44.658% accepted

C(L/2,L/2) = 0.03558
energy = -603.6455925
energy/site = -0.7255355679
44.057% accepted

C(L/2,L/2) = 0.1925175
energy = -609.5714775
energy/site = -0.7326580258
44.301% accepted

C(L/2,L/2) = 0.1290075
energy = -601.707015
energy/site = -0.7232055469
44.425% accepted

C(L/2,L/2) = 0.0397125
energy = -596.04972
energy/site = -0.7164059135
44.495% accepted

C(L/2,L/2) = 0.207945
energy = -602.4834375
energy/site = -0.724138747
44.66% accepted

C(L/2,L/2) = 0.1307925
energy = -611.6286
energy/site = -0.7351305288
44.399% accepted

C(L/2,L/2) = 0.1984125
energy = -610.2786825
energy/site = -0.7335080319
43.99% accepted

C(L/2,L/2) = 0.1245825
energy = -624.7152525
energy/site = -0.7508596785
44.63% accepted

C(L/2,L/2) = 0.1085325
energy = -604.95642
energy/site = -0.7271110817
44.177% accepted

C(L/2,L/2) = 0.2974575
energy = -623.6112375
energy/site = -0.7495327374
44.396% accepted

C(L/2,L/2) = 0.1949475
energy = -612.22167
energy/site = -0.7358433534
44.336% accepted

C(L/2,L/2) = 0.2219325
energy = -591.2749125
energy/site = -0.7106669621
44.757% accepted

C(L/2,L/2) = 0.1209975
energy = -607.8599325
energy/site = -0.7306008804
44.554% accepted

C(L/2,L/2) = 0.16272
energy = -611.8774875
energy/site = -0.7354296725
44.59% accepted

C(L/2,L/2) = 0.1305975
energy = -611.2994475
energy/site = -0.7347349129
43.849% accepted

C(L/2,L/2) = 0.1624725
energy = -621.349395
energy/site = -0.7468141767
44.475% accepted

C(L/2,L/2) = 0.2187225
energy = -614.4333825
energy/site = -0.7385016617
44.547% accepted

C(L/2,L/2) = 0.11439
energy = -602.207295
energy/site = -0.723806845
44.77% accepted

C(L/2,L/2) = 0.1877925
energy = -598.98081
energy/site = -0.7199288582
44.587% accepted

C(L/2,L/2) = 0.1365375
energy = -613.683315
energy/site = -0.7376001382
44.491% accepted

C(L/2,L/2) = 0.1803675
energy = -604.37763
energy/site = -0.7264154207
44.386% accepted

C(L/2,L/2) = 0.11262
energy = -620.501685
energy/site = -0.7457952945
44.759% accepted

C(L/2,L/2) = 0.2436
energy = -602.5865925
energy/site = -0.7242627314
44.43% accepted

C(L/2,L/2) = 0.077685
energy = -605.9178225
energy/site = -0.7282666136
44.398% accepted

C(L/2,L/2) = 0.16665
energy = -623.5404
energy/site = -0.7494475962
44.425% accepted

C(L/2,L/2) = 0.152565
energy = -613.3415025
energy/site = -0.7371893059
45.073% accepted

C(L/2,L/2) = 0.17361
energy = -597.783315
energy/site = -0.7184895613
44.905% accepted

C(L/2,L/2) = 0.1012725
energy = -603.2055825
energy/site = -0.7250067097
44.465% accepted

C(L/2,L/2) = 0.1995
energy = -602.6220675
energy/site = -0.7243053696
44.105% accepted

C(L/2,L/2) = 0.17469
energy = -621.2791875
energy/site = -0.7467297927
44.253% accepted

C(L/2,L/2) = 0.193965
energy = -601.041465
energy/site = -0.722405607
43.986% accepted

C(L/2,L/2) = 0.18327
energy = -620.32527
energy/site = -0.7455832572
44.652% accepted

C(L/2,L/2) = 0.144795
energy = -610.5181725
energy/site = -0.7337958804
44.187% accepted

C(L/2,L/2) = 0.133365
energy = -613.2210375
energy/site = -0.7370445162
44.298% accepted

C(L/2,L/2) = 0.216795
energy = -606.7449
energy/site = -0.7292606971
44.909% accepted

C(L/2,L/2) = 0.1700625
energy = -608.61192
energy/site = -0.7315047115
44.573% accepted

C(L/2,L/2) = 0.176145
energy = -608.32239
energy/site = -0.7311567188
44.101% accepted

C(L/2,L/2) = 0.1599525
energy = -610.211205
energy/site = -0.7334269291
44.281% accepted

C(L/2,L/2) = 0.1390275
energy = -615.259335
energy/site = -0.739494393
44.732% accepted

C(L/2,L/2) = 0.2447325
energy = -624.4091775
energy/site = -0.7504917999
44.75% accepted

C(L/2,L/2) = 0.1098225
energy = -607.3788075
energy/site = -0.7300226052
44.342% accepted

C(L/2,L/2) = 0.1731525
energy = -615.354075
energy/site = -0.7396082632
44.257% accepted

C(L/2,L/2) = 0.1219575
energy = -615.0650175
energy/site = -0.7392608383
44.412% accepted

C(L/2,L/2) = 0.142635
energy = -627.9312075
energy/site = -0.754725009
44.506% accepted

C(L/2,L/2) = 0.198855
energy = -607.6495875
energy/site = -0.7303480619
44.036% accepted

C(L/2,L/2) = 0.1645425
energy = -603.1402725
energy/site = -0.7249282121
44.362% accepted

C(L/2,L/2) = 0.1950075
energy = -598.71954
energy/site = -0.7196148317
44.39% accepted

C(L/2,L/2) = 0.0728925
energy = -615.9578475
energy/site = -0.7403339513
44.618% accepted

C(L/2,L/2) = 0.177765
energy = -612.06231
energy/site = -0.7356518149
43.824% accepted

C(L/2,L/2) = 0.183315
energy = -605.3505375
energy/site = -0.7275847806
44.635% accepted

C(L/2,L/2) = 0.1289775
energy = -609.8737425
energy/site = -0.7330213251
44.481% accepted

C(L/2,L/2) = 0.1446
energy = -600.9159675
energy/site = -0.7222547686
44.248% accepted

C(L/2,L/2) = 0.161055
energy = -609.60039
energy/site = -0.7326927764
44.442% accepted

C(L/2,L/2) = 0.2703975
energy = -617.6036925
energy/site = -0.7423121304
44.122% accepted

C(L/2,L/2) = 0.07212
energy = -609.10368
energy/site = -0.7320957692
44.145% accepted

C(L/2,L/2) = 0.1217625
energy = -610.0934925
energy/site = -0.7332854477
44.389% accepted

C(L/2,L/2) = 0.21207
energy = -611.3739675
energy/site = -0.7348244802
44.347% accepted

C(L/2,L/2) = 0.11448
energy = -607.7559225
energy/site = -0.7304758684
44.178% accepted

C(L/2,L/2) = 0.1797225
energy = -622.58079
energy/site = -0.7482942187
44.166% accepted

C(L/2,L/2) = 0.18519
energy = -615.792285
energy/site = -0.7401349579
44.048% accepted

C(L/2,L/2) = 0.141375
energy = -608.8336125
energy/site = -0.7317711689
44.048% accepted

C(L/2,L/2) = 0.11625
energy = -624.25965
energy/site = -0.7503120793
44.824% accepted

C(L/2,L/2) = 0.1704225
energy = -602.990145
energy/site = -0.7247477704
44.407% accepted

C(L/2,L/2) = 0.21249
energy = -618.4473225
energy/site = -0.7433261088
44.305% accepted

C(L/2,L/2) = 0.1143075
energy = -618.80343
energy/site = -0.7437541226
44.65% accepted

C(L/2,L/2) = 0.1563675
energy = -606.82239
energy/site = -0.7293538341
44.083% accepted

C(L/2,L/2) = 0.1734525
energy = -598.6959525
energy/site = -0.7195864814
44.606% accepted

C(L/2,L/2) = 0.205725
energy = -597.20025
energy/site = -0.717788762
44.12% accepted

C(L/2,L/2) = 0.0697125
energy = -620.6619675
energy/site = -0.7459879417
44.555% accepted

C(L/2,L/2) = 0.1310025
energy = -624.08709
energy/site = -0.7501046755
44.423% accepted

C(L/2,L/2) = 0.214575
energy = -614.6688
energy/site = -0.7387846154
44.428% accepted

C(L/2,L/2) = 0.0539175
energy = -608.2446525
energy/site = -0.7310632843
44.488% accepted

C(L/2,L/2) = 0.2587875
energy = -605.8693725
energy/site = -0.7282083804
44.553% accepted

C(L/2,L/2) = 0.1863525
energy = -604.436085
energy/site = -0.7264856791
44.735% accepted

C(L/2,L/2) = 0.2134725
energy = -611.546445
energy/site = -0.7350317849
44.295% accepted

C(L/2,L/2) = 0.175995
energy = -620.5710825
energy/site = -0.7458787049
44.667% accepted

C(L/2,L/2) = 0.1007475
energy = -619.4657175
energy/site = -0.7445501412
44.605% accepted

C(L/2,L/2) = 0.2211225
energy = -609.304095
energy/site = -0.7323366526
44.32% accepted

C(L/2,L/2) = 0.20736
energy = -622.20348
energy/site = -0.7478407212
44.712% accepted

C(L/2,L/2) = 0.0619425
energy = -622.7193525
energy/site = -0.7484607602
44.008% accepted

C(L/2,L/2) = 0.1461825
energy = -614.4459675
energy/site = -0.7385167879
43.806% accepted

C(L/2,L/2) = 0.184725
energy = -605.5964025
energy/site = -0.7278802915
44.704% accepted

C(L/2,L/2) = 0.106035
energy = -600.245865
energy/site = -0.721449357
44.312% accepted

C(L/2,L/2) = 0.0906
energy = -613.79076
energy/site = -0.7377292788
44.859% accepted

C(L/2,L/2) = 0.1417725
energy = -602.8486725
energy/site = -0.7245777314
44.278% accepted

C(L/2,L/2) = 0.1840875
energy = -617.898195
energy/site = -0.7426660998
44.502% accepted

C(L/2,L/2) = 0.12066
energy = -611.8143525
energy/site = -0.7353537891
44.397% accepted

C(L/2,L/2) = 0.15786
energy = -617.834025
energy/site = -0.7425889724
44.526% accepted

C(L/2,L/2) = 0.1476225
energy = -619.06689
energy/site = -0.7440707812
44.327% accepted

C(L/2,L/2) = 0.2170725
energy = -607.7035875
energy/site = -0.7304129657
44.83% accepted

C(L/2,L/2) = 0.22005
energy = -611.2532925
energy/site = -0.7346794381
44.701% accepted

C(L/2,L/2) = 0.19578
energy = -615.294945
energy/site = -0.7395371935
43.922% accepted

C(L/2,L/2) = 0.2067075
energy = -611.5352775
energy/site = -0.7350183624
44.058% accepted

C(L/2,L/2) = 0.20646
energy = -616.681845
energy/site = -0.7412041406
44.808% accepted

C(L/2,L/2) = 0.1711275
energy = -610.892985
energy/site = -0.7342463762
44.144% accepted

C(L/2,L/2) = 0.1503675
energy = -604.4417325
energy/site = -0.7264924669
44.534% accepted

C(L/2,L/2) = 0.2221425
energy = -602.8735725
energy/site = -0.7246076593
44.195% accepted

C(L/2,L/2) = 0.135915
energy = -600.37704
energy/site = -0.7216070192
44.792% accepted

C(L/2,L/2) = 0.17103
energy = -608.4495525
energy/site = -0.7313095583
44.223% accepted

C(L/2,L/2) = 0.0788475
energy = -612.088245
energy/site = -0.7356829868
44.178% accepted

C(L/2,L/2) = 0.02739
energy = -611.336955
energy/site = -0.734779994
44.234% accepted

C(L/2,L/2) = 0.0871125
energy = -614.9726025
energy/site = -0.7391497626
44.617% accepted

C(L/2,L/2) = 0.132885
energy = -607.8876375
energy/site = -0.7306341797
44.79% accepted

C(L/2,L/2) = 0.049125
energy = -606.7547475
energy/site = -0.7292725331
44.13% accepted

C(L/2,L/2) = 0.05436
energy = -612.7450725
energy/site = -0.7364724429
44.887% accepted

C(L/2,L/2) = 0.0694275
energy = -609.0475125
energy/site = -0.7320282602
44.126% accepted

C(L/2,L/2) = 0.181425
energy = -614.1578625
energy/site = -0.7381705078
44.524% accepted

C(L/2,L/2) = 0.16554
energy = -616.5247425
energy/site = -0.7410153155
44.468% accepted

C(L/2,L/2) = 0.2065425
energy = -607.378455
energy/site = -0.7300221815
44.666% accepted

C(L/2,L/2) = 0.148605
energy = -595.1343225
energy/site = -0.7153056761
44.343% accepted

C(L/2,L/2) = 0.1335525
energy = -601.351365
energy/site = -0.7227780829
44.929% accepted

C(L/2,L/2) = 0.31956
energy = -616.49526
energy/site = -0.7409798798
44.511% accepted

C(L/2,L/2) = 0.2595225
energy = -610.922445
energy/site = -0.7342817849
44.329% accepted

C(L/2,L/2) = 0.2189925
energy = -602.3000175
energy/site = -0.7239182903
44.51% accepted

C(L/2,L/2) = 0.147705
energy = -613.85046
energy/site = -0.7378010337
44.768% accepted

C(L/2,L/2) = 0.276795
energy = -602.06334
energy/site = -0.7236338221
44.06% accepted

C(L/2,L/2) = 0.07764
energy = -601.95087
energy/site = -0.7234986418
44.45% accepted

C(L/2,L/2) = 0.165495
energy = -612.9765375
energy/site = -0.736750646
44.261% accepted

C(L/2,L/2) = 0.2147475
energy = -593.6624025
energy/site = -0.7135365415
44.747% accepted

C(L/2,L/2) = 0.111075
energy = -604.73601
energy/site = -0.7268461659
44.586% accepted

C(L/2,L/2) = 0.218775
energy = -609.8646075
energy/site = -0.7330103456
44.566% accepted

C(L/2,L/2) = 0.24873
energy = -603.2101125
energy/site = -0.7250121544
44.717% accepted

C(L/2,L/2) = 0.149295
energy = -608.1329925
energy/site = -0.7309290775
44.286% accepted

C(L/2,L/2) = 0.2138775
energy = -608.01522
energy/site = -0.730787524
44.326% accepted

C(L/2,L/2) = 0.2274525
energy = -600.2992875
energy/site = -0.7215135667
43.77% accepted

C(L/2,L/2) = 0.20934
energy = -606.7980675
energy/site = -0.7293246004
44.328% accepted

C(L/2,L/2) = 0.172365
energy = -613.5397875
energy/site = -0.7374276292
44.465% accepted

C(L/2,L/2) = 0.1259625
energy = -606.48279
energy/site = -0.7289456611
43.807% accepted

C(L/2,L/2) = 0.235035
energy = -622.834455
energy/site = -0.7485991046
44.289% accepted

C(L/2,L/2) = 0.144975
energy = -617.9038875
energy/site = -0.7426729417
44.548% accepted

C(L/2,L/2) = 0.1219125
energy = -611.868225
energy/site = -0.7354185397
44.418% accepted

C(L/2,L/2) = 0.1533375
energy = -602.2522575
energy/site = -0.7238608864
44.103% accepted

C(L/2,L/2) = 0.1540125
energy = -599.8902375
energy/site = -0.7210219201
44.443% accepted

C(L/2,L/2) = 0.0748725
energy = -604.8455475
energy/site = -0.7269778215
44.793% accepted

C(L/2,L/2) = 0.21297
energy = -609.8777025
energy/site = -0.7330260847
44.074% accepted

C(L/2,L/2) = 0.1389975
energy = -606.19701
energy/site = -0.7286021755
43.832% accepted

C(L/2,L/2) = 0.0887475
energy = -617.7899025
energy/site = -0.7425359405
44.221% accepted

C(L/2,L/2) = 0.24036
energy = -622.980765
energy/site = -0.7487749579
44.86% accepted

C(L/2,L/2) = 0.079155
energy = -608.8056825
energy/site = -0.7317375992
44.33% accepted

C(L/2,L/2) = 0.1744725
energy = -599.8534125
energy/site = -0.7209776593
44.423% accepted

C(L/2,L/2) = 0.1381125
energy = -612.722775
energy/site = -0.736445643
44.593% accepted

C(L/2,L/2) = 0.1527225
energy = -607.1531175
energy/site = -0.7297513431
44.546% accepted

C(L/2,L/2) = 0.142365
energy = -608.4095325
energy/site = -0.7312614573
43.912% accepted

C(L/2,L/2) = 0.09735
energy = -611.5359
energy/site = -0.7350191106
44.234% accepted

C(L/2,L/2) = 0.0945225
energy = -612.609945
energy/site = -0.73631003
44.437% accepted

C(L/2,L/2) = 0.10515
energy = -604.77402
energy/site = -0.726891851
44.081% accepted

C(L/2,L/2) = 0.2136975
energy = -620.7244425
energy/site = -0.7460630319
44.371% accepted

C(L/2,L/2) = 0.078225
energy = -605.593275
energy/site = -0.7278765325
44.044% accepted

C(L/2,L/2) = 0.21411
energy = -614.8845525
energy/site = -0.7390439333
44.21% accepted

C(L/2,L/2) = 0.227745
energy = -614.44614
energy/site = -0.7385169952
44.518% accepted

C(L/2,L/2) = 0.0523275
energy = -618.9002925
energy/site = -0.7438705439
44.224% accepted

C(L/2,L/2) = 0.1616025
energy = -620.28282
energy/site = -0.7455322356
44.526% accepted

C(L/2,L/2) = 0.169155
energy = -596.7856125
energy/site = -0.7172903996
44.204% accepted

C(L/2,L/2) = 0.04275
energy = -599.886855
energy/site = -0.7210178546
44.304% accepted

C(L/2,L/2) = 0.1457925
energy = -608.2785825
energy/site = -0.7311040655
44.501% accepted

C(L/2,L/2) = 0.11259
energy = -615.324675
energy/site = -0.7395729267
44.654% accepted

C(L/2,L/2) = 0.238155
energy = -606.7081875
energy/site = -0.7292165715
44.783% accepted

C(L/2,L/2) = 0.2417175
energy = -610.71309
energy/site = -0.7340301562
44.2% accepted

C(L/2,L/2) = 0.098115
energy = -610.97604
energy/site = -0.7343462019
44.629% accepted

C(L/2,L/2) = 0.12324
energy = -609.242055
energy/site = -0.7322620853
44.418% accepted

C(L/2,L/2) = 0.2396325
energy = -609.373905
energy/site = -0.7324205589
43.896% accepted

C(L/2,L/2) = 0.1617675
energy = -594.88005
energy/site = -0.7150000601
43.878% accepted

C(L/2,L/2) = 0.0980325
energy = -614.59731
energy/site = -0.7386986899
44.426% accepted

C(L/2,L/2) = 0.2220975
energy = -614.3369325
energy/site = -0.7383857362
44.696% accepted

C(L/2,L/2) = 0.1615575
energy = -610.239195
energy/site = -0.7334605709
44.311% accepted

C(L/2,L/2) = 0.085455
energy = -605.8783575
energy/site = -0.7282191797
44.572% accepted

C(L/2,L/2) = 0.15069
energy = -610.0154475
energy/site = -0.7331916436
44.366% accepted

C(L/2,L/2) = 0.1136025
energy = -618.291675
energy/site = -0.7431390325
44.832% accepted

C(L/2,L/2) = 0.0739125
energy = -613.8308925
energy/site = -0.737777515
44.355% accepted

C(L/2,L/2) = 0.261165
energy = -619.0011525
energy/site = -0.7439917698
44.664% accepted

C(L/2,L/2) = 0.2664525
energy = -614.6760675
energy/site = -0.7387933504
44.44% accepted

C(L/2,L/2) = 0.2335125
energy = -612.73437
energy/site = -0.7364595793
44.483% accepted

C(L/2,L/2) = 0.141105
energy = -610.6716375
energy/site = -0.7339803335
44.252% accepted

C(L/2,L/2) = 0.093555
energy = -597.29946
energy/site = -0.7179080048
44.25% accepted

C(L/2,L/2) = 0.17106
energy = -607.382715
energy/site = -0.7300273017
44.636% accepted

C(L/2,L/2) = 0.1890675
energy = -612.3464625
energy/site = -0.7359933444
44.154% accepted

C(L/2,L/2) = 0.2064075
energy = -608.0304825
energy/site = -0.7308058684
43.957% accepted

C(L/2,L/2) = 0.0729
energy = -610.0171875
energy/site = -0.733193735
44.336% accepted

C(L/2,L/2) = 0.101085
energy = -606.0326025
energy/site = -0.7284045703
44.535% accepted

C(L/2,L/2) = 0.0933525
energy = -611.4170925
energy/site = -0.7348763131
44.469% accepted

C(L/2,L/2) = 0.11022
energy = -618.7382775
energy/site = -0.7436758143
44.183% accepted

C(L/2,L/2) = 0.160785
energy = -598.16703
energy/site = -0.7189507572
44.6% accepted

C(L/2,L/2) = 0.0983175
energy = -605.714265
energy/site = -0.7280219531
44.531% accepted

C(L/2,L/2) = 0.2215425
energy = -614.3301
energy/site = -0.738377524
44.742% accepted

C(L/2,L/2) = 0.211455
energy = -626.2596825
energy/site = -0.7527159645
44.697% accepted

C(L/2,L/2) = 0.16122
energy = -604.561515
energy/site = -0.7266364363
44.465% accepted

C(L/2,L/2) = 0.190095
energy = -603.1335
energy/site = -0.7249200721
44.767% accepted

C(L/2,L/2) = 0.15279
energy = -610.8085875
energy/site = -0.7341449369
44.106% accepted

C(L/2,L/2) = 0.2714025
energy = -617.5704525
energy/site = -0.7422721785
44.62% accepted

C(L/2,L/2) = 0.131475
energy = -609.0893175
energy/site = -0.7320785066
44.852% accepted

C(L/2,L/2) = 0.0911625
energy = -619.8374025
energy/site = -0.744996878
43.996% accepted

C(L/2,L/2) = 0.0516825
energy = -605.0135775
energy/site = -0.7271797806
43.867% accepted

C(L/2,L/2) = 0.042735
energy = -600.8662125
energy/site = -0.7221949669
44.339% accepted

C(L/2,L/2) = 0.2644725
energy = -603.92568
energy/site = -0.7258722115
44.024% accepted

C(L/2,L/2) = 0.1351725
energy = -603.9335475
energy/site = -0.7258816677
44.839% accepted

C(L/2,L/2) = 0.2175375
energy = -601.922775
energy/site = -0.7234648738
44.27% accepted

C(L/2,L/2) = 0.0979275
energy = -612.045465
energy/site = -0.7356315685
44.326% accepted

C(L/2,L/2) = 0.1325325
energy = -611.89923
energy/site = -0.7354558053
44.657% accepted

C(L/2,L/2) = 0.1723125
energy = -620.8459875
energy/site = -0.7462091196
44.905% accepted

C(L/2,L/2) = 0.1072725
energy = -613.9621125
energy/site = -0.7379352314
44.334% accepted

C(L/2,L/2) = 0.1718475
energy = -596.71731
energy/site = -0.7172083053
44.461% accepted

C(L/2,L/2) = 0.1479675
energy = -604.608795
energy/site = -0.7266932632
44.238% accepted

C(L/2,L/2) = 0.200565
energy = -612.8745825
energy/site = -0.736628104
44.654% accepted

C(L/2,L/2) = 0.0574875
energy = -611.5802325
energy/site = -0.7350723948
44.757% accepted

C(L/2,L/2) = 0.176445
energy = -598.8320175
energy/site = -0.719750021
44.357% accepted

C(L/2,L/2) = 0.1448475
energy = -594.2639175
energy/site = -0.7142595162
44.47% accepted

C(L/2,L/2) = 0.2603475
energy = -608.49696
energy/site = -0.7313665385
44.661% accepted

C(L/2,L/2) = 0.2302875
energy = -622.169895
energy/site = -0.7478003546
44.146% accepted

C(L/2,L/2) = 0.120255
energy = -612.860895
energy/site = -0.7366116526
44.074% accepted

C(L/2,L/2) = 0.1523025
energy = -609.8011425
energy/site = -0.7329340655
44.381% accepted

C(L/2,L/2) = 0.12282
energy = -607.021665
energy/site = -0.7295933474
43.921% accepted

C(L/2,L/2) = 0.0691425
energy = -606.8574075
energy/site = -0.7293959225
44.297% accepted

C(L/2,L/2) = 0.083685
energy = -608.812395
energy/site = -0.7317456671
45.037% accepted

C(L/2,L/2) = 0.1826025
energy = -601.2137625
energy/site = -0.7226126953
44.529% accepted

C(L/2,L/2) = 0.1769325
energy = -612.31242
energy/site = -0.7359524279
44.646% accepted

C(L/2,L/2) = 0.120015
energy = -630.443325
energy/site = -0.757744381
44.896% accepted

C(L/2,L/2) = 0.1179975
energy = -596.799405
energy/site = -0.7173069772
44.389% accepted

C(L/2,L/2) = 0.1753725
energy = -605.35626
energy/site = -0.7275916587
44.09% accepted

C(L/2,L/2) = 0.1658775
energy = -597.960885
energy/site = -0.7187029868
45.014% accepted

C(L/2,L/2) = 0.2619525
energy = -610.0449675
energy/site = -0.7332271244
44.526% accepted

C(L/2,L/2) = 0.10206
energy = -609.286365
energy/site = -0.7323153425
43.927% accepted

C(L/2,L/2) = 0.14814
energy = -619.905015
energy/site = -0.745078143
44.728% accepted

C(L/2,L/2) = 0.2275875
energy = -609.977625
energy/site = -0.7331461839
44.085% accepted

C(L/2,L/2) = 0.17805
energy = -609.06534
energy/site = -0.7320496875
44.302% accepted

C(L/2,L/2) = 0.1212525
energy = -625.70382
energy/site = -0.7520478606
45.112% accepted

C(L/2,L/2) = 0.091995
energy = -605.1990675
energy/site = -0.7274027254
44.74% accepted

C(L/2,L/2) = 0.3066375
energy = -614.141835
energy/site = -0.738151244
44.437% accepted

C(L/2,L/2) = 0.0803175
energy = -591.9132825
energy/site = -0.7114342338
44.413% accepted

C(L/2,L/2) = 0.2308125
energy = -613.3888725
energy/site = -0.737246241
44.171% accepted

C(L/2,L/2) = 0.10773
energy = -614.5716075
energy/site = -0.7386677975
44.53% accepted

C(L/2,L/2) = 0.1547625
energy = -608.0993325
energy/site = -0.7308886208
44.859% accepted

C(L/2,L/2) = 0.1700175
energy = -608.6141025
energy/site = -0.7315073347
44.616% accepted

C(L/2,L/2) = 0.142095
energy = -615.60777
energy/site = -0.7399131851
44.298% accepted

C(L/2,L/2) = 0.1039875
energy = -613.307685
energy/site = -0.7371486599
44.097% accepted

C(L/2,L/2) = 0.1596675
energy = -617.3852475
energy/site = -0.7420495763
44.782% accepted

C(L/2,L/2) = 0.22155
energy = -618.649305
energy/site = -0.7435688762
44.661% accepted

C(L/2,L/2) = 0.1378575
energy = -603.916035
energy/site = -0.725860619
44.389% accepted

C(L/2,L/2) = 0.1794675
energy = -601.7792475
energy/site = -0.7232923648
44.077% accepted

C(L/2,L/2) = 0.1473
energy = -608.9857575
energy/site = -0.7319540355
44.435% accepted

C(L/2,L/2) = 0.1694175
energy = -618.21825
energy/site = -0.7430507813
44.465% accepted

C(L/2,L/2) = 0.1029825
energy = -605.6591625
energy/site = -0.7279557242
44.25% accepted

C(L/2,L/2) = 0.2318025
energy = -612.1499025
energy/site = -0.7357570944
44.622% accepted

C(L/2,L/2) = 0.1217475
energy = -608.399145
energy/site = -0.7312489724
44.062% accepted

C(L/2,L/2) = 0.114465
energy = -604.8358125
energy/site = -0.7269661208
44.054% accepted

C(L/2,L/2) = 0.171315
energy = -592.481415
energy/site = -0.7121170853
44.55% accepted

C(L/2,L/2) = 0.14613
energy = -600.2043375
energy/site = -0.7213994441
44.3% accepted

C(L/2,L/2) = 0.1664625
energy = -609.9932175
energy/site = -0.7331649249
44.74% accepted

C(L/2,L/2) = 0.22482
energy = -600.47346
energy/site = -0.7217229087
44.245% accepted

C(L/2,L/2) = 0.073845
energy = -605.81535
energy/site = -0.7281434495
44.156% accepted

C(L/2,L/2) = 0.138855
energy = -621.99939
energy/site = -0.7475954207
44.606% accepted

C(L/2,L/2) = 0.1665825
energy = -602.272065
energy/site = -0.7238846935
44.273% accepted

C(L/2,L/2) = 0.19053
energy = -605.00118
energy/site = -0.7271648798
44.265% accepted

C(L/2,L/2) = 0.05589
energy = -603.5573325
energy/site = -0.7254294862
44.568% accepted

C(L/2,L/2) = 0.10392
energy = -604.35168
energy/site = -0.7263842308
44.46% accepted

C(L/2,L/2) = 0.1360575
energy = -609.9722175
energy/site = -0.7331396845
44.435% accepted

C(L/2,L/2) = 0.1611825
energy = -600.1274625
energy/site = -0.7213070463
43.669% accepted

C(L/2,L/2) = 0.233925
energy = -620.8143375
energy/site = -0.7461710787
44.553% accepted

C(L/2,L/2) = 0.2173575
energy = -609.2314875
energy/site = -0.732249384
44.432% accepted

C(L/2,L/2) = 0.1584375
energy = -616.939185
energy/site = -0.7415134435
43.93% accepted

C(L/2,L/2) = 0.2010825
energy = -616.13025
energy/site = -0.7405411659
44.167% accepted

C(L/2,L/2) = 0.147585
energy = -602.99109
energy/site = -0.7247489062
44.206% accepted

C(L/2,L/2) = 0.1684125
energy = -609.87024
energy/site = -0.7330171154
44.462% accepted

C(L/2,L/2) = 0.1469925
energy = -610.4580675
energy/site = -0.7337236388
44.294% accepted

C(L/2,L/2) = 0.194265
energy = -610.0647825
energy/site = -0.7332509405
44.192% accepted

C(L/2,L/2) = 0.1525425
energy = -605.4273375
energy/site = -0.7276770883
43.586% accepted

C(L/2,L/2) = 0.1849575
energy = -599.261235
energy/site = -0.7202659075
43.949% accepted

C(L/2,L/2) = 0.215115
energy = -612.487485
energy/site = -0.7361628425
44.593% accepted

C(L/2,L/2) = 0.2065575
energy = -599.7995325
energy/site = -0.7209128996
44.368% accepted

C(L/2,L/2) = 0.1530225
energy = -613.366695
energy/site = -0.7372195853
44.394% accepted

C(L/2,L/2) = 0.14412
energy = -613.85502
energy/site = -0.7378065144
44.726% accepted

C(L/2,L/2) = 0.1159725
energy = -605.3047425
energy/site = -0.7275297386
44.221% accepted

C(L/2,L/2) = 0.09942
energy = -605.4107175
energy/site = -0.7276571124
44.471% accepted

C(L/2,L/2) = 0.15387
energy = -599.4837375
energy/site = -0.7205333383
44.275% accepted

C(L/2,L/2) = 0.191625
energy = -612.748875
energy/site = -0.7364770132
44.664% accepted

C(L/2,L/2) = 0.190485
energy = -597.17196
energy/site = -0.7177547596
44.294% accepted

C(L/2,L/2) = 0.2205075
energy = -605.3475375
energy/site = -0.7275811749
44.705% accepted

C(L/2,L/2) = 0.171345
energy = -615.4933875
energy/site = -0.7397757061
44.84% accepted

C(L/2,L/2) = 0.102915
energy = -610.8745425
energy/site = -0.7342242097
44.132% accepted

C(L/2,L/2) = 0.16344
energy = -611.761245
energy/site = -0.7352899579
44.653% accepted

C(L/2,L/2) = 0.1857
energy = -613.607025
energy/site = -0.7375084435
43.909% accepted

C(L/2,L/2) = 0.120435
energy = -608.8189275
energy/site = -0.7317535186
44.504% accepted

C(L/2,L/2) = 0.053265
energy = -613.860915
energy/site = -0.7378135998
44.27% accepted

C(L/2,L/2) = 0.184545
energy = -601.75149
energy/site = -0.7232590024
44.604% accepted

C(L/2,L/2) = 0.08697
energy = -601.8531375
energy/site = -0.7233811749
44.421% accepted

C(L/2,L/2) = 0.05325
energy = -606.86688
energy/site = -0.7294073077
44.316% accepted

C(L/2,L/2) = 0.1109625
energy = -609.92826
energy/site = -0.733086851
44.047% accepted

C(L/2,L/2) = 0.065925
energy = -601.231725
energy/site = -0.7226342849
44.604% accepted

C(L/2,L/2) = 0.082245
energy = -613.1807175
energy/site = -0.7369960547
44.184% accepted

C(L/2,L/2) = 0.1961175
energy = -611.7756
energy/site = -0.7353072115
44.314% accepted

C(L/2,L/2) = 0.182835
energy = -615.7423575
energy/site = -0.7400749489
44.439% accepted

C(L/2,L/2) = 0.0870075
energy = -611.28498
energy/site = -0.734717524
44.263% accepted

C(L/2,L/2) = 0.17193
energy = -604.7554275
energy/site = -0.7268695042
44.196% accepted

C(L/2,L/2) = 0.13647
energy = -612.33234
energy/site = -0.7359763702
44.658% accepted

C(L/2,L/2) = 0.0688575
energy = -605.5439025
energy/site = -0.7278171905
44.218% accepted

C(L/2,L/2) = 0.2123325
energy = -613.10964
energy/site = -0.736910625
44.224% accepted

C(L/2,L/2) = 0.1169775
energy = -615.2729025
energy/site = -0.7395107001
44.489% accepted

C(L/2,L/2) = 0.1551075
energy = -615.4360875
energy/site = -0.7397068359
44.645% accepted

C(L/2,L/2) = 0.15402
energy = -605.1330975
energy/site = -0.7273234345
44.8% accepted

C(L/2,L/2) = 0.2154825
energy = -602.13234
energy/site = -0.7237167548
44.85% accepted

C(L/2,L/2) = 0.145125
energy = -605.8975275
energy/site = -0.7282422206
44.603% accepted

C(L/2,L/2) = 0.12
energy = -604.028235
energy/site = -0.7259954748
44.514% accepted

C(L/2,L/2) = 0.1487325
energy = -590.48016
energy/site = -0.7097117308
44.06% accepted

C(L/2,L/2) = 0.182385
energy = -597.6285
energy/site = -0.7183034856
44.479% accepted

C(L/2,L/2) = 0.12189
energy = -607.760595
energy/site = -0.7304814844
44.275% accepted

C(L/2,L/2) = 0.24207
energy = -602.547
energy/site = -0.7242151442
44.523% accepted

C(L/2,L/2) = 0.16353
energy = -608.9865675
energy/site = -0.731955009
44.394% accepted

C(L/2,L/2) = 0.211185
energy = -622.80921
energy/site = -0.748568762
44.569% accepted

C(L/2,L/2) = 0.18405
energy = -604.726605
energy/site = -0.7268348618
44.194% accepted

C(L/2,L/2) = 0.2313225
energy = -602.4816
energy/site = -0.7241365385
45.002% accepted

C(L/2,L/2) = 0.1949475
energy = -609.9642375
energy/site = -0.7331300931
44.263% accepted

C(L/2,L/2) = 0.08112
energy = -603.392145
energy/site = -0.7252309435
44.399% accepted

C(L/2,L/2) = 0.22299
energy = -610.5182775
energy/site = -0.7337960066
44.579% accepted

C(L/2,L/2) = 0.198945
energy = -601.61505
energy/site = -0.723095012
44.467% accepted

C(L/2,L/2) = 0.262605
energy = -610.1975325
energy/site = -0.7334104958
44.382% accepted

C(L/2,L/2) = 0.14919
energy = -612.4572225
energy/site = -0.7361264694
44.091% accepted

C(L/2,L/2) = 0.1611
energy = -615.5112225
energy/site = -0.7397971424
45% accepted

C(L/2,L/2) = 0.2355075
energy = -612.0131175
energy/site = -0.7355926893
44.212% accepted

C(L/2,L/2) = 0.204735
energy = -605.8666875
energy/site = -0.7282051532
44.14% accepted

C(L/2,L/2) = 0.24996
energy = -617.518155
energy/site = -0.7422093209
44.612% accepted

C(L/2,L/2) = 0.173835
energy = -616.604445
energy/site = -0.7411111118
44.499% accepted

C(L/2,L/2) = 0.12798
energy = -606.2082825
energy/site = -0.7286157242
44.063% accepted

C(L/2,L/2) = 0.241425
energy = -606.4063725
energy/site = -0.7288538131
44.327% accepted

C(L/2,L/2) = 0.224085
energy = -609.75189
energy/site = -0.7328748678
44.787% accepted

C(L/2,L/2) = 0.19293
energy = -618.7351425
energy/site = -0.7436720463
44.197% accepted

C(L/2,L/2) = 0.1472925
energy = -610.22838
energy/site = -0.7334475721
44.339% accepted

C(L/2,L/2) = 0.2300625
energy = -614.8875225
energy/site = -0.739047503
44.116% accepted

C(L/2,L/2) = 0.200715
energy = -613.07847
energy/site = -0.7368731611
44.6% accepted

C(L/2,L/2) = 0.1718175
energy = -609.617295
energy/site = -0.732713095
44.524% accepted

C(L/2,L/2) = 0.212415
energy = -615.7687725
energy/site = -0.7401066977
44.549% accepted

C(L/2,L/2) = 0.2058225
energy = -603.2698425
energy/site = -0.7250839453
44.234% accepted

C(L/2,L/2) = 0.15876
energy = -611.63379
energy/site = -0.7351367668
44.2% accepted

C(L/2,L/2) = 0.1347
energy = -610.238175
energy/site = -0.733459345
44.053% accepted

C(L/2,L/2) = 0.03906
energy = -604.96002
energy/site = -0.7271154087
44.411% accepted

C(L/2,L/2) = 0.1899225
energy = -619.021845
energy/site = -0.7440166406
44.486% accepted

C(L/2,L/2) = 0.1999575
energy = -605.8524
energy/site = -0.7281879808
44.65% accepted

C(L/2,L/2) = 0.1125825
energy = -612.9905175
energy/site = -0.7367674489
44.707% accepted

C(L/2,L/2) = 0.112245
energy = -617.599635
energy/site = -0.7423072536
44.509% accepted

C(L/2,L/2) = 0.23817
energy = -606.8953425
energy/site = -0.7294415174
44.076% accepted

C(L/2,L/2) = 0.17982
energy = -617.9856675
energy/site = -0.742771235
44.535% accepted

C(L/2,L/2) = 0.1724325
energy = -614.2926525
energy/site = -0.738332515
44.511% accepted

C(L/2,L/2) = 0.151755
energy = -616.303635
energy/site = -0.7407495613
44.093% accepted

C(L/2,L/2) = 0.0562125
energy = -616.92285
energy/site = -0.7414938101
43.814% accepted

C(L/2,L/2) = 0.2421225
energy = -601.6866975
energy/site = -0.7231811268
44.284% accepted

C(L/2,L/2) = 0.307545
energy = -614.88054
energy/site = -0.7390391106
44.405% accepted

C(L/2,L/2) = 0.171465
energy = -610.6493925
energy/site = -0.7339535968
44.514% accepted

C(L/2,L/2) = 0.196845
energy = -617.955165
energy/site = -0.7427345733
44.275% accepted

C(L/2,L/2) = 0.081465
energy = -610.255455
energy/site = -0.7334801142
44.437% accepted

C(L/2,L/2) = 0.0770025
energy = -609.0402375
energy/site = -0.7320195162
44.671% accepted

C(L/2,L/2) = 0.178155
energy = -610.849005
energy/site = -0.7341935156
44.496% accepted

C(L/2,L/2) = 0.2211525
energy = -612.9330675
energy/site = -0.7366983984
44.463% accepted

C(L/2,L/2) = 0.06495
energy = -606.8567625
energy/site = -0.7293951472
44.29% accepted

C(L/2,L/2) = 0.234525
energy = -608.8759875
energy/site = -0.7318221004
44.774% accepted

C(L/2,L/2) = 0.126495
energy = -598.38909
energy/site = -0.7192176563
44.699% accepted

C(L/2,L/2) = 0.2405775
energy = -619.7886675
energy/site = -0.7449383023
44.581% accepted

C(L/2,L/2) = 0.2602125
energy = -612.6501825
energy/site = -0.7363583924
44.16% accepted

C(L/2,L/2) = 0.1542525
energy = -620.150655
energy/site = -0.7453733834
44.529% accepted

C(L/2,L/2) = 0.2525475
energy = -604.5550575
energy/site = -0.7266286749
44.251% accepted

C(L/2,L/2) = 0.1622925
energy = -611.3382825
energy/site = -0.7347815895
44.029% accepted

C(L/2,L/2) = 0.0889575
energy = -614.5052625
energy/site = -0.7385880559
44.193% accepted

C(L/2,L/2) = 0.250395
energy = -603.0967725
energy/site = -0.7248759285
44.152% accepted

C(L/2,L/2) = 0.278385
energy = -619.1229075
energy/site = -0.74413811
44.087% accepted

C(L/2,L/2) = 0.056415
energy = -601.6069575
energy/site = -0.7230852855
44.637% accepted

C(L/2,L/2) = 0.206115
energy = -607.90329
energy/site = -0.7306529928
44.865% accepted

C(L/2,L/2) = 0.1825725
energy = -612.4970475
energy/site = -0.7361743359
44.516% accepted

C(L/2,L/2) = 0.1681275
energy = -608.6580675
energy/site = -0.7315601773
44.407% accepted


------------------------------------------------------------
Sender: LSF System <lsfadmin@wha88>
Subject: Job 8865161: <./dubproj13L64> Done

Job <./dubproj13L64> was submitted from host <wha780> by user <akallin>.
Job was executed on host(s) <wha88>, in queue <serial>, as user <akallin>.
</home/akallin> was used as the home directory.
</work/akallin/sharcruns/dub_proj/bondlength/13L64> was used as the working directory.
Started at Wed Nov 18 18:56:55 2009
Results reported at Thu Nov 19 02:03:51 2009

Your job looked like:

------------------------------------------------------------
# LSBATCH: User input
./dubproj13L64
------------------------------------------------------------

Successfully completed.

Resource usage summary:

    CPU time   :  25433.52 sec.
    Max Memory :         8 MB
    Max Swap   :       130 MB

    Max Processes  :         4
    Max Threads    :         4

The output (if any) is above this job summary.

