
weighting by <swap_x> where x = 7
7 x 28 x 1 system
r   = 3  bondops changed per step 
n/N = 80  bond operators / site
its = 1000000  iterations/loop for 10000 loops

energy = -281.5180572
energy/site = -0.7181583092
44.8481% accepted

energy = -245.7339448
energy/site = -0.6268723081
44.4455% accepted

energy = -852.4021622
energy/site = -2.174495312
44.4765% accepted

energy = -604.8087778
energy/site = -1.542879535
44.3093% accepted

energy = -983.3465276
energy/site = -2.50853706
44.4514% accepted

energy = -752.4588681
energy/site = -1.919537929
44.2013% accepted

energy = -4448.811145
energy/site = -11.34900802
44.4485% accepted

energy = -1917.709041
energy/site = -4.8921149
44.367% accepted

energy = -840.3337386
energy/site = -2.143708517
44.3302% accepted

energy = -1232.47697
energy/site = -3.144073904
44.2381% accepted

energy = -7093.142407
energy/site = -18.09475104
44.4386% accepted

energy = -1262.655222
energy/site = -3.221059239
44.5384% accepted

energy = -244.3674203
energy/site = -0.6233862764
44.392% accepted

energy = -1887.276859
energy/site = -4.814481784
44.4723% accepted

energy = -325.30714
energy/site = -0.829865153
44.3146% accepted

energy = -376.3803229
energy/site = -0.960153885
44.4798% accepted

energy = -44056.08535
energy/site = -112.3879728
44.2956% accepted

energy = -652.7264932
energy/site = -1.665118605
44.4371% accepted

energy = -673.5888465
energy/site = -1.718338894
44.3712% accepted

energy = -389.3420928
energy/site = -0.9932196244
44.4413% accepted

energy = -285.3419101
energy/site = -0.7279130359
44.2087% accepted

energy = -687.1193321
energy/site = -1.752855439
44.2939% accepted

energy = -425.3798852
energy/site = -1.085152768
44.302% accepted

energy = -644.344282
energy/site = -1.643735413
44.4462% accepted

energy = -1840.573543
energy/site = -4.695340671
44.363% accepted

energy = -452.7152878
energy/site = -1.154885938
44.3302% accepted

energy = -732.5840115
energy/site = -1.868836764
44.5228% accepted

energy = -1029.049803
energy/site = -2.625127049
44.3764% accepted

energy = -637.9428757
energy/site = -1.627405295
44.3739% accepted

energy = -793.5796076
energy/site = -2.024437774
44.4825% accepted

energy = -3292.47861
energy/site = -8.399180127
44.3824% accepted

energy = -811.3528959
energy/site = -2.069777796
44.329% accepted

energy = -637.5806569
energy/site = -1.626481268
44.3283% accepted

energy = -554.3282474
energy/site = -1.414102672
44.3367% accepted

energy = -822.7880607
energy/site = -2.098949134
44.5026% accepted

energy = -1537.879121
energy/site = -3.923161024
44.3721% accepted

energy = -568.0505171
energy/site = -1.449108462
44.1907% accepted

energy = -426.4314308
energy/site = -1.087835283
44.454% accepted

energy = -342.3809627
energy/site = -0.8734208232
44.3976% accepted

energy = -3960.204608
energy/site = -10.10256278
44.3126% accepted

energy = -5888.375158
energy/site = -15.0213652
44.3621% accepted

energy = -1711.218097
energy/site = -4.36535229
44.5196% accepted

energy = -1176.375408
energy/site = -3.000957674
44.3906% accepted

energy = -749.0120884
energy/site = -1.910745123
44.3614% accepted

energy = -1158.300858
energy/site = -2.954849127
44.4007% accepted

energy = -2316.539917
energy/site = -5.909540604
44.363% accepted

energy = -3515.69475
energy/site = -8.968609056
44.4097% accepted

energy = -1103.533487
energy/site = -2.815136448
44.5166% accepted

energy = -778.6580578
energy/site = -1.986372596
44.4785% accepted

energy = -492.1663385
energy/site = -1.255526374
44.3659% accepted

energy = -1348.911557
energy/site = -3.441100912
44.2378% accepted

energy = -1171.82572
energy/site = -2.989351326
44.4933% accepted

energy = -1156.376319
energy/site = -2.94993959
44.2622% accepted

energy = -856.2176456
energy/site = -2.184228688
44.4568% accepted

energy = -2006.295556
energy/site = -5.118100908
44.4341% accepted

energy = -1422.435373
energy/site = -3.628661665
44.3808% accepted

energy = -1267.399154
energy/site = -3.233161108
44.3036% accepted

energy = -1348.781675
energy/site = -3.440769579
44.4127% accepted

energy = -530.8828929
energy/site = -1.354293094
44.3859% accepted

energy = -370.1882874
energy/site = -0.9443578759
44.3831% accepted

energy = -972.3663689
energy/site = -2.480526451
44.487% accepted

energy = -1274.475033
energy/site = -3.25121182
44.3066% accepted

energy = -426.4093839
energy/site = -1.087779041
44.3123% accepted

energy = -1699.942097
energy/site = -4.336586983
44.3842% accepted

energy = -311.4057156
energy/site = -0.7944023357
44.2318% accepted

energy = -594.0466716
energy/site = -1.515425183
44.3809% accepted

energy = -221.514006
energy/site = -0.5650867501
44.2959% accepted

energy = -426.411354
energy/site = -1.087784066
44.4338% accepted

