
weighting by <swap_x> where x = 7
4 x 16 x 1 system
r   = 3  bondops changed per step 
n/N = 80  bond operators / site
its = 1000000  iterations/loop for 10000 loops

energy = -126.3780834
energy/site = -0.9873287769
44.2985% accepted

energy = -197.0027171
energy/site = -1.539083727
44.1358% accepted

energy = -165.8912681
energy/site = -1.296025532
44.124% accepted

energy = -296.5845092
energy/site = -2.317066478
44.1757% accepted

energy = -100.8184106
energy/site = -0.7876438326
44.0377% accepted

energy = -190.1244969
energy/site = -1.485347632
44.0918% accepted

energy = -105.8866008
energy/site = -0.8272390687
44.1857% accepted

energy = -95.79005761
energy/site = -0.7483598251
44.1059% accepted

energy = -215.2839906
energy/site = -1.681906177
44.1109% accepted

energy = -143.9410425
energy/site = -1.124539395
43.9854% accepted

energy = -224.1818623
energy/site = -1.751420799
43.9743% accepted

energy = -131.554757
energy/site = -1.027771539
44.0348% accepted

energy = -310.5092113
energy/site = -2.425853213
44.0789% accepted

energy = -122.0895075
energy/site = -0.9538242776
44.0572% accepted

energy = -182.7782601
energy/site = -1.427955157
43.9711% accepted

energy = -142.0456625
energy/site = -1.109731738
44.159% accepted

energy = -266.0480143
energy/site = -2.078500111
43.985% accepted

energy = -227.6798734
energy/site = -1.778749011
44.082% accepted

energy = -341.7249978
energy/site = -2.669726545
43.942% accepted

energy = -182.48696
energy/site = -1.425679375
44.0637% accepted

energy = -124.9706471
energy/site = -0.9763331805
44.072% accepted

energy = -263.1299619
energy/site = -2.055702827
44.1554% accepted

energy = -106.4199748
energy/site = -0.8314060531
44.0029% accepted

energy = -249.1297066
energy/site = -1.946325833
44.0947% accepted

energy = -285.648265
energy/site = -2.23162707
44.0763% accepted

energy = -198.7120242
energy/site = -1.552437689
44.1609% accepted

energy = -140.2031845
energy/site = -1.095337379
44.1766% accepted

energy = -311.2857206
energy/site = -2.431919692
44.0444% accepted

energy = -126.1408309
energy/site = -0.9854752416
44.0602% accepted

energy = -463.3530136
energy/site = -3.619945418
43.9702% accepted

energy = -147.9236855
energy/site = -1.155653793
44.118% accepted

energy = -101.4036317
energy/site = -0.7922158726
44.191% accepted

energy = -107.6105584
energy/site = -0.8407074873
44.0991% accepted

energy = -93.57053908
energy/site = -0.7310198366
44.0902% accepted

energy = -226.0681197
energy/site = -1.766157185
44.1843% accepted

energy = -169.5086054
energy/site = -1.32428598
44.0103% accepted

energy = -139.179623
energy/site = -1.087340805
43.965% accepted

energy = -232.2224609
energy/site = -1.814237976
44.0024% accepted

energy = -138.4625726
energy/site = -1.081738848
44.1311% accepted

energy = -91.56175751
energy/site = -0.7153262305
44.1301% accepted

energy = -95.54670403
energy/site = -0.7464586252
43.8127% accepted

energy = -238.2826953
energy/site = -1.861583557
44.0331% accepted

energy = -95.82621245
energy/site = -0.7486422848
44.1632% accepted

energy = -287.6484341
energy/site = -2.247253391
44.159% accepted

energy = -307.5864259
energy/site = -2.403018952
44.0945% accepted

energy = -150.5114102
energy/site = -1.175870392
44.1493% accepted

energy = -134.584496
energy/site = -1.051441375
43.9983% accepted

energy = -162.7405651
energy/site = -1.271410665
44.1333% accepted

energy = -126.4072632
energy/site = -0.987556744
44.0463% accepted

energy = -82.92055993
energy/site = -0.6478168744
44.1935% accepted

energy = -347.2577466
energy/site = -2.712951146
44.1528% accepted

energy = -102.8965463
energy/site = -0.8038792681
43.9688% accepted

energy = -103.6314249
energy/site = -0.8096205069
44.0542% accepted

energy = -304.9797044
energy/site = -2.38265394
44.108% accepted

energy = -154.458443
energy/site = -1.206706586
44.0389% accepted

energy = -144.3891636
energy/site = -1.12804034
44.0526% accepted

energy = -110.0053754
energy/site = -0.8594169957
43.956% accepted

energy = -209.4714906
energy/site = -1.63649602
44.0372% accepted

energy = -125.8991641
energy/site = -0.9835872194
44.074% accepted

energy = -97.25874751
energy/site = -0.7598339649
43.8914% accepted

energy = -416.877473
energy/site = -3.256855258
44.1313% accepted

energy = -98.5587091
energy/site = -0.7699899149
44.0559% accepted

energy = -131.717247
energy/site = -1.029040992
44.1114% accepted

energy = -128.1766275
energy/site = -1.001379903
43.9986% accepted

energy = -177.4274309
energy/site = -1.386151804
44.0751% accepted

energy = -208.1595652
energy/site = -1.626246603
44.1945% accepted

energy = -160.9203523
energy/site = -1.257190253
44.03% accepted

energy = -189.325765
energy/site = -1.479107539
44.0814% accepted

energy = -231.0533711
energy/site = -1.805104461
43.9998% accepted

energy = -258.9152752
energy/site = -2.022775587
43.992% accepted

energy = -252.0986054
energy/site = -1.969520355
44.1574% accepted

energy = -98.79717617
energy/site = -0.7718529388
43.9546% accepted

energy = -104.0436122
energy/site = -0.8128407206
44.1946% accepted

energy = -90.5157144
energy/site = -0.7071540187
44.0816% accepted

energy = -189.6434248
energy/site = -1.481589257
44.1306% accepted

energy = -123.5571724
energy/site = -0.9652904091
44.1555% accepted

energy = -120.4567818
energy/site = -0.9410686081
43.9635% accepted

energy = -118.6406301
energy/site = -0.9268799228
44.0484% accepted

energy = -168.4978252
energy/site = -1.316389259
44.0859% accepted

energy = -207.038914
energy/site = -1.617491516
44.0612% accepted

energy = -100.526009
energy/site = -0.7853594453
44.2114% accepted

energy = -105.02201
energy/site = -0.820484453
44.1161% accepted

energy = -101.1407276
energy/site = -0.7901619346
44.096% accepted

energy = -146.9466604
energy/site = -1.148020784
44.1124% accepted

energy = -139.9596966
energy/site = -1.09343513
44.0077% accepted

energy = -61.94834627
energy/site = -0.4839714552
44.2744% accepted

energy = -66.91465949
energy/site = -0.5227707772
44.0489% accepted

energy = -261.4631379
energy/site = -2.042680765
44.0267% accepted

energy = -155.4414093
energy/site = -1.21438601
44.1692% accepted

energy = -159.5293152
energy/site = -1.246322775
44.0772% accepted

energy = -133.1832178
energy/site = -1.040493889
44.1218% accepted

energy = -151.643909
energy/site = -1.184718039
44.1125% accepted

energy = -140.2400696
energy/site = -1.095625544
44.0376% accepted

energy = -106.861958
energy/site = -0.8348590469
44.0854% accepted

energy = -85.07670715
energy/site = -0.6646617746
44.0681% accepted

energy = -164.4441903
energy/site = -1.284720237
44.0866% accepted

energy = -128.130584
energy/site = -1.001020188
44.0861% accepted

energy = -112.6825798
energy/site = -0.8803326548
44.0158% accepted

energy = -159.2229969
energy/site = -1.243929663
44.2006% accepted

energy = -109.8978854
energy/site = -0.8585772298
44.0994% accepted

energy = -193.9077611
energy/site = -1.514904383
44.0251% accepted

energy = -210.6684908
energy/site = -1.645847584
44.1285% accepted

energy = -97.36597691
energy/site = -0.7606716946
44.2509% accepted

energy = -94.17025853
energy/site = -0.7357051448
44.0735% accepted

energy = -112.827072
energy/site = -0.8814614998
43.8925% accepted

energy = -172.0167019
energy/site = -1.343880483
44.0721% accepted

energy = -94.57427396
energy/site = -0.7388615153
44.0179% accepted

energy = -168.7013115
energy/site = -1.317978996
44.0789% accepted

energy = -152.7032204
energy/site = -1.192993909
44.1328% accepted

energy = -219.3705575
energy/site = -1.71383248
44.041% accepted

energy = -236.3606925
energy/site = -1.84656791
44.1457% accepted

energy = -130.8634707
energy/site = -1.022370865
44.0934% accepted

energy = -125.4807283
energy/site = -0.9803181898
43.9809% accepted

energy = -106.1106084
energy/site = -0.8289891281
44.0673% accepted

energy = -344.4290114
energy/site = -2.690851652
44.1462% accepted

energy = -160.5960702
energy/site = -1.254656798
44.0149% accepted

energy = -130.2639505
energy/site = -1.017687114
44.0517% accepted

energy = -71.41014459
energy/site = -0.5578917546
44.1179% accepted

energy = -149.4034194
energy/site = -1.167214214
44.2825% accepted

energy = -118.9289252
energy/site = -0.9291322285
44.121% accepted

energy = -218.1910118
energy/site = -1.70461728
44.2193% accepted

energy = -151.4782799
energy/site = -1.183424062
44.0641% accepted

energy = -176.649476
energy/site = -1.380074031
44.1354% accepted

energy = -114.3929583
energy/site = -0.8936949866
44.0514% accepted

energy = -100.1198679
energy/site = -0.7821864677
44.1694% accepted

energy = -56.1566155
energy/site = -0.4387235586
44.0604% accepted

energy = -122.3230295
energy/site = -0.9556486678
43.9799% accepted

energy = -181.7856474
energy/site = -1.42020037
43.9582% accepted

energy = -252.2104205
energy/site = -1.97039391
44.0481% accepted

energy = -210.9837036
energy/site = -1.648310184
44.0753% accepted

energy = -110.9112588
energy/site = -0.8664942094
44.1359% accepted

energy = -105.6899574
energy/site = -0.825702792
44.2283% accepted

energy = -111.4722455
energy/site = -0.8708769183
44.1411% accepted

energy = -144.1037103
energy/site = -1.125810237
44.1013% accepted

energy = -146.089452
energy/site = -1.141323844
44.215% accepted

energy = -185.2201688
energy/site = -1.447032569
44.1574% accepted

energy = -232.3242971
energy/site = -1.815033571
44.0629% accepted

energy = -140.6185815
energy/site = -1.098582668
44.1216% accepted

energy = -145.500267
energy/site = -1.136720836
43.9803% accepted

energy = -99.26847834
energy/site = -0.775534987
44.1283% accepted

energy = -162.0322482
energy/site = -1.265876939
43.992% accepted

energy = -172.2956807
energy/site = -1.346060006
43.9942% accepted

energy = -161.8786733
energy/site = -1.264677135
44.276% accepted

energy = -183.6133409
energy/site = -1.434479226
44.0348% accepted

energy = -121.0513741
energy/site = -0.94571386
43.9949% accepted

energy = -125.7639201
energy/site = -0.9825306258
44.1573% accepted

energy = -178.7408536
energy/site = -1.396412919
44.0624% accepted

energy = -85.39046724
energy/site = -0.6671130253
44.2091% accepted

energy = -103.5699166
energy/site = -0.8091399738
44.1787% accepted

energy = -179.5232886
energy/site = -1.402525692
44.0116% accepted

energy = -98.56975687
energy/site = -0.7700762256
44.1589% accepted

energy = -237.3327445
energy/site = -1.854162067
44.0703% accepted

energy = -115.0535423
energy/site = -0.8988557993
44.0399% accepted

energy = -117.2933189
energy/site = -0.9163540539
44.0487% accepted

energy = -168.6224086
energy/site = -1.317362567
44.0528% accepted

energy = -74.26003531
energy/site = -0.5801565259
43.9671% accepted

energy = -95.86670947
energy/site = -0.7489586677
44.2098% accepted

energy = -129.1453388
energy/site = -1.00894796
44.0577% accepted

energy = -96.96612005
energy/site = -0.7575478129
43.9422% accepted

energy = -79.62961809
energy/site = -0.6221063913
44.1695% accepted

energy = -226.994134
energy/site = -1.773391672
44.0686% accepted

energy = -196.3225232
energy/site = -1.533769712
43.9496% accepted

energy = -261.100162
energy/site = -2.039845015
44.1962% accepted

energy = -155.7719594
energy/site = -1.216968433
44.0369% accepted

energy = -91.86075593
energy/site = -0.7176621557
43.9675% accepted

energy = -131.0763467
energy/site = -1.024033959
44.0775% accepted

energy = -119.0783633
energy/site = -0.9302997136
44.0578% accepted

energy = -103.1526261
energy/site = -0.8058798917
44.1622% accepted

energy = -89.4160136
energy/site = -0.6985626063
44.1104% accepted

energy = -133.7198567
energy/site = -1.04468638
44.255% accepted

energy = -215.0179217
energy/site = -1.679827513
43.8452% accepted

energy = -127.3609552
energy/site = -0.9950074623
44.0763% accepted

energy = -83.17090068
energy/site = -0.6497726615
44.1871% accepted

energy = -140.1018536
energy/site = -1.094545731
44.0455% accepted

energy = -188.5554428
energy/site = -1.473089397
43.9768% accepted

energy = -120.8364373
energy/site = -0.9440346666
44.119% accepted

energy = -124.3378371
energy/site = -0.9713893523
43.9967% accepted

energy = -156.2887591
energy/site = -1.22100593
44.0405% accepted

energy = -160.6090686
energy/site = -1.254758348
43.9714% accepted

energy = -214.3022009
energy/site = -1.674235945
44.1314% accepted

energy = -130.578321
energy/site = -1.020143133
44.0509% accepted

energy = -174.0495557
energy/site = -1.359762154
44.084% accepted

energy = -184.6953214
energy/site = -1.442932198
44.1846% accepted

energy = -171.7013981
energy/site = -1.341417173
44.0584% accepted

energy = -170.5701901
energy/site = -1.33257961
43.98% accepted

energy = -209.3458146
energy/site = -1.635514177
44.0695% accepted

energy = -85.44590322
energy/site = -0.6675461189
44.1317% accepted

energy = -183.7430028
energy/site = -1.435492209
43.9492% accepted

energy = -113.4914874
energy/site = -0.8866522456
44.1558% accepted

energy = -126.5702109
energy/site = -0.9888297728
44.1097% accepted

energy = -91.95828008
energy/site = -0.7184240631
44.1613% accepted

energy = -103.6156789
energy/site = -0.8094974915
43.8668% accepted

energy = -127.3267726
energy/site = -0.994740411
44.0192% accepted

energy = -152.4396025
energy/site = -1.190934395
44.0321% accepted

energy = -121.8390238
energy/site = -0.9518673734
43.9986% accepted

energy = -107.6604616
energy/site = -0.8410973564
44.0391% accepted

energy = -144.421768
energy/site = -1.128295063
44.1799% accepted

energy = -87.29081197
energy/site = -0.6819594685
44.1732% accepted

energy = -153.7443175
energy/site = -1.201127481
44.2841% accepted

energy = -109.4285073
energy/site = -0.8549102129
44.2845% accepted

energy = -151.4092162
energy/site = -1.182884502
44.0619% accepted

energy = -69.07836807
energy/site = -0.5396747506
44.0914% accepted

energy = -132.9953336
energy/site = -1.039026043
44.1694% accepted

energy = -130.2819886
energy/site = -1.017828036
44.0639% accepted

energy = -211.4693641
energy/site = -1.652104407
44.1652% accepted

energy = -149.2019782
energy/site = -1.165640455
44.1475% accepted

energy = -286.0090088
energy/site = -2.234445381
44.0896% accepted

energy = -171.355262
energy/site = -1.338712984
44.0851% accepted

energy = -201.1878553
energy/site = -1.57178012
43.9956% accepted

energy = -184.6318265
energy/site = -1.442436144
44.2019% accepted

energy = -200.2460655
energy/site = -1.564422387
44.17% accepted

energy = -169.4887318
energy/site = -1.324130717
44.0128% accepted

energy = -173.4552116
energy/site = -1.355118841
44.1627% accepted

energy = -111.2181133
energy/site = -0.8688915099
44.0097% accepted

energy = -260.8693844
energy/site = -2.038042066
44.1165% accepted

energy = -125.0085957
energy/site = -0.9766296542
44.075% accepted

energy = -189.2380428
energy/site = -1.47842221
44.033% accepted

energy = -121.505147
energy/site = -0.9492589608
44.0811% accepted

energy = -107.3898341
energy/site = -0.838983079
43.9797% accepted

energy = -691.0074349
energy/site = -5.398495585
44.0794% accepted

energy = -137.4912767
energy/site = -1.074150599
44.1348% accepted

energy = -111.5314225
energy/site = -0.871339238
44.0955% accepted

energy = -173.9798947
energy/site = -1.359217928
44.1535% accepted

energy = -506.3682067
energy/site = -3.956001615
44.128% accepted

energy = -445.3391312
energy/site = -3.479211963
43.9913% accepted

energy = -134.327225
energy/site = -1.049431446
44.0486% accepted

energy = -120.3292283
energy/site = -0.9400720959
44.2068% accepted

energy = -111.9092854
energy/site = -0.8742912919
44.0898% accepted

energy = -80.55402048
energy/site = -0.629328285
44.0812% accepted

energy = -156.019726
energy/site = -1.218904109
43.9865% accepted

energy = -134.1300435
energy/site = -1.047890965
44.177% accepted

energy = -63.95710482
energy/site = -0.4996648814
43.9553% accepted

energy = -286.7761726
energy/site = -2.240438848
44.0264% accepted

energy = -98.39745878
energy/site = -0.7687301468
44.1628% accepted

energy = -170.9284417
energy/site = -1.335378451
44.1496% accepted

energy = -132.9196093
energy/site = -1.038434447
44.1494% accepted

energy = -183.6784847
energy/site = -1.434988161
44.0334% accepted

energy = -246.773907
energy/site = -1.927921149
43.7926% accepted

energy = -101.4312357
energy/site = -0.7924315285
44.119% accepted

energy = -130.1026083
energy/site = -1.016426627
44.1693% accepted

energy = -135.9286106
energy/site = -1.06194227
44.1001% accepted

energy = -94.06044842
energy/site = -0.7348472533
44.1259% accepted

energy = -237.3543987
energy/site = -1.85433124
44.0512% accepted

energy = -118.0119081
energy/site = -0.9219680322
44.054% accepted

energy = -136.7837239
energy/site = -1.068622843
44.111% accepted

energy = -124.1569001
energy/site = -0.9699757819
44.0595% accepted

energy = -165.1427401
energy/site = -1.290177657
44.2024% accepted

energy = -190.641615
energy/site = -1.489387617
44.0493% accepted

energy = -150.9076294
energy/site = -1.178965855
44.1153% accepted

energy = -91.46036185
energy/site = -0.714534077
44.1918% accepted

energy = -149.3166992
energy/site = -1.166536712
44.2033% accepted

energy = -326.0866323
energy/site = -2.547551815
44.1006% accepted

energy = -111.3467164
energy/site = -0.8698962216
44.1607% accepted

energy = -124.6103106
energy/site = -0.9735180514
43.9922% accepted

energy = -164.6409999
energy/site = -1.286257812
44.2283% accepted

energy = -70.4067443
energy/site = -0.5500526898
44.0388% accepted

energy = -99.17161114
energy/site = -0.774778212
44.1364% accepted

energy = -153.0245207
energy/site = -1.195504068
44.1191% accepted

energy = -231.2097441
energy/site = -1.806326126
44.0562% accepted

energy = -140.118545
energy/site = -1.094676133
44.2281% accepted

energy = -154.8125389
energy/site = -1.20947296
44.1248% accepted

energy = -77.85353176
energy/site = -0.6082307169
44.1107% accepted

energy = -98.68049845
energy/site = -0.7709413941
43.9703% accepted

energy = -308.2959828
energy/site = -2.408562366
43.9793% accepted

energy = -61.58438197
energy/site = -0.4811279841
43.9994% accepted

energy = -176.3992595
energy/site = -1.378119215
43.983% accepted

energy = -134.068948
energy/site = -1.047413656
44.0098% accepted

energy = -99.64555426
energy/site = -0.7784808927
44.2174% accepted

energy = -197.6241007
energy/site = -1.543938287
43.9924% accepted

energy = -195.102425
energy/site = -1.524237695
44.0325% accepted

energy = -226.365519
energy/site = -1.768480617
44.0366% accepted

energy = -158.9501091
energy/site = -1.241797727
44.0215% accepted

energy = -132.5068688
energy/site = -1.035209912
44.0679% accepted

energy = -93.20013544
energy/site = -0.7281260581
44.1457% accepted

energy = -173.584184
energy/site = -1.356126438
44.1515% accepted

energy = -186.7449166
energy/site = -1.458944661
44.0255% accepted

energy = -84.05627629
energy/site = -0.6566896585
44.0724% accepted

energy = -120.6026542
energy/site = -0.942208236
44.1964% accepted

energy = -122.639278
energy/site = -0.958119359
44.0547% accepted

energy = -180.5725357
energy/site = -1.410722935
44.1192% accepted

energy = -200.5748975
energy/site = -1.566991386
44.1216% accepted

energy = -172.6491742
energy/site = -1.348821673
44.0648% accepted

energy = -445.3404625
energy/site = -3.479222364
44.0948% accepted

energy = -257.657116
energy/site = -2.012946219
44.1203% accepted

energy = -97.99270414
energy/site = -0.7655680011
44.0854% accepted

energy = -97.75607131
energy/site = -0.7637193071
44.0616% accepted

energy = -288.665722
energy/site = -2.255200953
44.1986% accepted

energy = -170.7243693
energy/site = -1.333784135
44.0518% accepted

energy = -100.4562204
energy/site = -0.7848142218
44.0052% accepted

energy = -90.17362467
energy/site = -0.7044814427
44.0514% accepted

energy = -113.9825853
energy/site = -0.8904889478
44.1721% accepted

energy = -141.5075813
energy/site = -1.105527979
44.089% accepted

energy = -77.92736641
energy/site = -0.60880755
44.0091% accepted

energy = -167.12648
energy/site = -1.305675625
44.0126% accepted

energy = -830.7740905
energy/site = -6.490422582
44.0751% accepted

energy = -179.255213
energy/site = -1.400431351
44.117% accepted

energy = -265.8810859
energy/site = -2.077195984
43.9906% accepted

energy = -92.245062
energy/site = -0.7206645469
43.9838% accepted

energy = -184.7706279
energy/site = -1.443520531
44.0464% accepted

energy = -105.5771233
energy/site = -0.8248212754
44.1147% accepted

energy = -53.8174938
energy/site = -0.4204491703
44.0907% accepted

energy = -99.2553845
energy/site = -0.7754326914
44.0618% accepted

energy = -106.0059272
energy/site = -0.8281713063
44.1723% accepted

energy = -121.4589745
energy/site = -0.9488982385
44.0088% accepted

energy = -87.53602089
energy/site = -0.6838751632
44.0477% accepted

energy = -73.42745484
energy/site = -0.573651991
43.9861% accepted

energy = -146.7570055
energy/site = -1.146539106
44.0729% accepted

energy = -79.71711854
energy/site = -0.6227899886
44.0256% accepted

energy = -97.15570514
energy/site = -0.7590289464
44.2542% accepted

energy = -122.263739
energy/site = -0.9551854607
43.9737% accepted

energy = -202.4849851
energy/site = -1.581913946
44.0951% accepted

energy = -120.0839258
energy/site = -0.9381556703
44.099% accepted

energy = -146.3427231
energy/site = -1.143302524
44.0699% accepted

energy = -77.22432432
energy/site = -0.6033150338
43.9729% accepted

energy = -234.1414351
energy/site = -1.829229962
43.9527% accepted

energy = -121.2307582
energy/site = -0.9471152981
44.0173% accepted

energy = -101.938398
energy/site = -0.7963937346
44.0219% accepted

energy = -100.161408
energy/site = -0.7825110003
44.0996% accepted

energy = -238.6945715
energy/site = -1.86480134
44.1209% accepted

energy = -163.7421877
energy/site = -1.279235842
44.0382% accepted

energy = -154.0388421
energy/site = -1.203428454
44.137% accepted

energy = -133.3680333
energy/site = -1.04193776
44.0822% accepted

energy = -167.6688105
energy/site = -1.309912582
44.16% accepted

energy = -66.34709286
energy/site = -0.518336663
44.0351% accepted

energy = -142.5891125
energy/site = -1.113977441
43.9724% accepted

energy = -89.68611754
energy/site = -0.7006727932
44.2823% accepted

energy = -118.4027233
energy/site = -0.9250212759
44.2375% accepted

energy = -126.052742
energy/site = -0.984787047
44.2277% accepted

energy = -148.1917925
energy/site = -1.157748379
44.0449% accepted

energy = -125.460827
energy/site = -0.9801627112
44.2019% accepted

energy = -117.946421
energy/site = -0.9214564139
44.1592% accepted

energy = -127.0945677
energy/site = -0.9929263101
44.0425% accepted

energy = -118.2847925
energy/site = -0.9240999414
44.299% accepted

energy = -290.3730804
energy/site = -2.268539691
44.1714% accepted

energy = -266.8766709
energy/site = -2.084973991
44.138% accepted

energy = -262.7927368
energy/site = -2.053068256
43.9419% accepted

energy = -135.8094621
energy/site = -1.061011423
44.2613% accepted

energy = -200.9547319
energy/site = -1.569958843
44.2354% accepted

energy = -83.7928308
energy/site = -0.6546314907
44.1549% accepted

energy = -185.2299074
energy/site = -1.447108652
44.117% accepted

energy = -122.7409456
energy/site = -0.9589136379
43.9937% accepted

energy = -246.8700799
energy/site = -1.928672499
44.1971% accepted

energy = -126.7025704
energy/site = -0.9898638312
44.0779% accepted

energy = -171.8251925
energy/site = -1.342384316
44.1523% accepted

energy = -233.1660598
energy/site = -1.821609842
43.9693% accepted

energy = -103.0371413
energy/site = -0.8049776661
43.9843% accepted

energy = -128.8886014
energy/site = -1.006942199
44.1224% accepted

energy = -215.269949
energy/site = -1.681796477
44.1297% accepted

energy = -87.41453671
energy/site = -0.682926068
43.9821% accepted

energy = -134.5266486
energy/site = -1.050989442
44.0701% accepted

energy = -75.26950147
energy/site = -0.5880429802
44.1114% accepted

energy = -136.7161838
energy/site = -1.068095186
44.0776% accepted

energy = -110.1714686
energy/site = -0.8607145984
44.1683% accepted

energy = -136.3080954
energy/site = -1.064906995
44.0967% accepted

energy = -143.5057028
energy/site = -1.121138303
44.2136% accepted

energy = -125.1271594
energy/site = -0.977555933
44.1123% accepted

energy = -359.8827189
energy/site = -2.811583741
44.1081% accepted

energy = -93.61848979
energy/site = -0.7313944515
44.1716% accepted

energy = -112.1716381
energy/site = -0.876340923
44.0106% accepted

energy = -87.04018955
energy/site = -0.6800014809
44.0336% accepted

energy = -114.5403351
energy/site = -0.8948463681
43.9464% accepted

energy = -97.81877591
energy/site = -0.7642091868
44.1097% accepted

energy = -93.96697944
energy/site = -0.7341170269
44.14% accepted

energy = -91.12120604
energy/site = -0.7118844222
44.0365% accepted

energy = -199.4711143
energy/site = -1.558368081
44.0346% accepted

energy = -72.97577319
energy/site = -0.5701232281
44.031% accepted

energy = -77.761965
energy/site = -0.6075153516
44.1667% accepted

energy = -323.2648854
energy/site = -2.525506917
43.965% accepted

energy = -101.1679788
energy/site = -0.7903748343
44.0695% accepted

energy = -126.0560789
energy/site = -0.9848131161
43.9556% accepted

energy = -100.6606712
energy/site = -0.7864114937
44.2937% accepted

energy = -121.7442757
energy/site = -0.9511271536
44.0176% accepted

energy = -164.1581532
energy/site = -1.282485572
44.092% accepted

energy = -144.6504423
energy/site = -1.130081581
44.1711% accepted

energy = -242.7250993
energy/site = -1.896289838
44.1538% accepted

energy = -157.4123638
energy/site = -1.229784092
44.1501% accepted

energy = -90.91611762
energy/site = -0.7102821689
44.186% accepted

energy = -154.4411281
energy/site = -1.206571313
44.1577% accepted

energy = -224.7390459
energy/site = -1.755773796
44.122% accepted

energy = -230.1362046
energy/site = -1.797939098
44.0677% accepted

energy = -269.5343156
energy/site = -2.10573684
44.1066% accepted

energy = -114.0967736
energy/site = -0.8913810437
44.0343% accepted

energy = -87.85724907
energy/site = -0.6863847584
44.1362% accepted

energy = -128.274224
energy/site = -1.002142375
44.0196% accepted

energy = -124.6378654
energy/site = -0.9737333235
44.222% accepted

energy = -191.2976596
energy/site = -1.494512966
43.9922% accepted

energy = -396.8153385
energy/site = -3.100119832
44.3146% accepted

energy = -142.2759437
energy/site = -1.11153081
44.1115% accepted

energy = -71.77786551
energy/site = -0.5607645743
44.1056% accepted

energy = -103.7657254
energy/site = -0.8106697293
44.2532% accepted

energy = -304.2824771
energy/site = -2.377206853
44.2099% accepted

energy = -122.8712743
energy/site = -0.9599318306
44.1296% accepted

energy = -99.94079698
energy/site = -0.7807874764
44.065% accepted

energy = -89.60497249
energy/site = -0.7000388476
44.024% accepted

energy = -104.0640306
energy/site = -0.8130002389
44.0527% accepted

energy = -96.58294454
energy/site = -0.7545542542
44.0789% accepted

energy = -116.5492233
energy/site = -0.9105408074
44.2088% accepted

energy = -106.615134
energy/site = -0.8329307342
44.1617% accepted

energy = -114.9447299
energy/site = -0.8980057026
44.1467% accepted

energy = -133.0738079
energy/site = -1.039639125
44.0663% accepted

energy = -154.6426279
energy/site = -1.208145531
44.0773% accepted

energy = -86.61512576
energy/site = -0.67668067
44.0604% accepted

energy = -82.9485123
energy/site = -0.6480352523
43.9673% accepted

energy = -95.96112582
energy/site = -0.7496962955
44.0199% accepted

energy = -109.9212856
energy/site = -0.8587600439
44.0904% accepted

energy = -243.0925766
energy/site = -1.899160754
44.0624% accepted

energy = -213.9140312
energy/site = -1.671203369
44.081% accepted

energy = -150.0600955
energy/site = -1.172344496
44.0659% accepted

energy = -82.85699864
energy/site = -0.6473203019
44.0918% accepted

energy = -132.0357297
energy/site = -1.031529138
44.3312% accepted

energy = -193.2485922
energy/site = -1.509754627
43.9319% accepted

energy = -89.98522299
energy/site = -0.7030095546
43.956% accepted

energy = -157.5711479
energy/site = -1.231024593
44.0497% accepted

energy = -143.1059689
energy/site = -1.118015382
44.2797% accepted

energy = -96.4865115
energy/site = -0.7538008711
44.1241% accepted

energy = -216.6684114
energy/site = -1.692721964
44.2122% accepted

energy = -74.02834442
energy/site = -0.5783464408
44.175% accepted

energy = -118.2864338
energy/site = -0.9241127644
44.3009% accepted

energy = -144.5949038
energy/site = -1.129647686
44.1036% accepted

energy = -94.53939622
energy/site = -0.738589033
44.1947% accepted

energy = -119.3317783
energy/site = -0.9322795178
44.0687% accepted

energy = -119.5358459
energy/site = -0.9338737963
44.0943% accepted

energy = -134.7077462
energy/site = -1.052404267
44.206% accepted

energy = -86.49055016
energy/site = -0.6757074231
43.9368% accepted

energy = -294.350382
energy/site = -2.29961236
44.1395% accepted

energy = -155.181235
energy/site = -1.212353398
44.0624% accepted

energy = -147.62114
energy/site = -1.153290157
43.995% accepted

energy = -93.74662257
energy/site = -0.7323954888
44.2905% accepted

energy = -256.8750104
energy/site = -2.006836019
44.2279% accepted

energy = -117.6895445
energy/site = -0.9194495668
44.0602% accepted

energy = -112.0768556
energy/site = -0.8756004346
44.1889% accepted

energy = -109.6246459
energy/site = -0.8564425459
44.0079% accepted

energy = -154.2956067
energy/site = -1.205434428
43.9519% accepted

energy = -86.6680683
energy/site = -0.6770942836
43.9172% accepted

energy = -133.3845262
energy/site = -1.042066611
44.0505% accepted

energy = -465.9248
energy/site = -3.6400375
44.1629% accepted

energy = -88.25876901
energy/site = -0.6895216329
43.9472% accepted

energy = -151.1247929
energy/site = -1.180662445
44.076% accepted

energy = -80.57543205
energy/site = -0.6294955629
44.1116% accepted

energy = -155.7543996
energy/site = -1.216831247
44.122% accepted

energy = -108.0099338
energy/site = -0.8438276079
44.1917% accepted

energy = -113.4662075
energy/site = -0.8864547463
43.9192% accepted

energy = -122.8065555
energy/site = -0.9594262147
43.9419% accepted

energy = -141.0020998
energy/site = -1.101578905
44.136% accepted

energy = -108.412501
energy/site = -0.8469726641
44.1203% accepted

energy = -99.0328856
energy/site = -0.7736944188
44.0361% accepted

energy = -115.2516816
energy/site = -0.9004037624
44.0502% accepted

energy = -369.5721562
energy/site = -2.88728247
44.109% accepted

energy = -87.49424711
energy/site = -0.6835488056
43.998% accepted

energy = -133.2097444
energy/site = -1.040701128
44.0859% accepted

energy = -133.2917067
energy/site = -1.041341458
44.0275% accepted

energy = -200.0251035
energy/site = -1.562696121
44.1195% accepted

energy = -310.6160654
energy/site = -2.426688011
44.1355% accepted

energy = -236.7062472
energy/site = -1.849267556
44.1072% accepted

energy = -146.3385586
energy/site = -1.143269989
44.1463% accepted

energy = -255.8081091
energy/site = -1.998500852
44.0495% accepted

energy = -135.8633416
energy/site = -1.061432357
44.2654% accepted

energy = -92.22389867
energy/site = -0.7204992084
44.0278% accepted

energy = -177.8785134
energy/site = -1.389675886
44.0386% accepted

energy = -224.6854705
energy/site = -1.755355238
44.0497% accepted

energy = -127.9303344
energy/site = -0.9994557372
44.1018% accepted

energy = -172.6066707
energy/site = -1.348489615
44.1137% accepted

energy = -119.4931345
energy/site = -0.933540113
44.1521% accepted

energy = -174.0740128
energy/site = -1.359953225
44.1218% accepted

energy = -145.9426681
energy/site = -1.140177094
44.079% accepted

energy = -159.5921307
energy/site = -1.246813521
44.1296% accepted

energy = -152.3406588
energy/site = -1.190161397
44.1236% accepted

energy = -138.1005371
energy/site = -1.078910446
44.008% accepted

energy = -129.0886404
energy/site = -1.008505003
44.1179% accepted

energy = -106.1303433
energy/site = -0.8291433073
44.0295% accepted

energy = -63.57131488
energy/site = -0.4966508975
44.037% accepted

energy = -149.4822366
energy/site = -1.167829974
44.133% accepted

energy = -51.30862782
energy/site = -0.4008486548
44.1721% accepted

energy = -78.67925201
energy/site = -0.6146816563
44.0937% accepted

energy = -242.8891649
energy/site = -1.8975716
44.0593% accepted

energy = -86.8473158
energy/site = -0.6784946547
44.1401% accepted

energy = -171.0385205
energy/site = -1.336238441
44.0181% accepted

energy = -77.89065986
energy/site = -0.6085207802
44.0609% accepted

energy = -102.8392133
energy/site = -0.8034313541
44.0416% accepted

energy = -96.6420542
energy/site = -0.7550160484
44.2372% accepted

energy = -126.158746
energy/site = -0.9856152031
44.0339% accepted

energy = -89.44690601
energy/site = -0.6988039532
44.1125% accepted

energy = -103.384921
energy/site = -0.8076946956
43.9273% accepted

energy = -132.7284743
energy/site = -1.036941206
44.0864% accepted

energy = -134.3342257
energy/site = -1.049486138
44.1232% accepted

energy = -71.86137284
energy/site = -0.5614169753
44.0039% accepted

energy = -140.996963
energy/site = -1.101538773
44.0957% accepted

energy = -107.8290139
energy/site = -0.842414171
44.0374% accepted

energy = -221.3536176
energy/site = -1.729325137
44.237% accepted

energy = -122.5179147
energy/site = -0.9571712085
44.0266% accepted

energy = -109.3003665
energy/site = -0.8539091136
44.2093% accepted

energy = -171.9379322
energy/site = -1.343265095
44.0805% accepted

energy = -118.5244848
energy/site = -0.9259725376
44.0263% accepted

energy = -133.7833646
energy/site = -1.045182536
44.1522% accepted

energy = -199.6010921
energy/site = -1.559383532
44.179% accepted

energy = -130.7468919
energy/site = -1.021460093
44.14% accepted

energy = -114.3084466
energy/site = -0.8930347394
43.9488% accepted

energy = -197.249775
energy/site = -1.541013867
44.0422% accepted

energy = -297.098472
energy/site = -2.321081812
44.0153% accepted

energy = -87.27450111
energy/site = -0.6818320399
44.1623% accepted

energy = -145.7486385
energy/site = -1.138661238
44.0506% accepted

energy = -98.70145096
energy/site = -0.7711050856
43.986% accepted

energy = -139.6561877
energy/site = -1.091063966
44.0552% accepted

energy = -187.7941083
energy/site = -1.467141471
44.0296% accepted

energy = -86.56267894
energy/site = -0.6762709292
44.1471% accepted

energy = -367.2641602
energy/site = -2.869251251
44.075% accepted

energy = -238.4179279
energy/site = -1.862640062
44.0982% accepted

energy = -64.77374094
energy/site = -0.5060448511
44.0536% accepted

energy = -100.7743325
energy/site = -0.7872994728
44.0914% accepted

energy = -253.9766069
energy/site = -1.984192241
44.0458% accepted

energy = -166.9419714
energy/site = -1.304234152
44.2155% accepted

energy = -158.1552475
energy/site = -1.235587871
44.0913% accepted

energy = -152.337148
energy/site = -1.190133969
44.0458% accepted

energy = -195.9216097
energy/site = -1.530637575
44.1134% accepted

energy = -182.9102152
energy/site = -1.428986057
43.9929% accepted

energy = -85.39957487
energy/site = -0.6671841787
44.126% accepted

energy = -142.7254929
energy/site = -1.115042913
44.1458% accepted

energy = -384.0854608
energy/site = -3.000667662
44.1111% accepted

energy = -235.359911
energy/site = -1.838749305
43.9367% accepted

energy = -221.3474634
energy/site = -1.729277058
44.102% accepted

energy = -66.71781974
energy/site = -0.5212329667
44.0267% accepted

energy = -178.3293677
energy/site = -1.393198186
44.1389% accepted

energy = -177.0704477
energy/site = -1.383362872
44.1125% accepted

energy = -376.9154765
energy/site = -2.94465216
44.2267% accepted

energy = -152.146731
energy/site = -1.188646336
43.9978% accepted

energy = -122.095507
energy/site = -0.9538711486
44.0179% accepted

energy = -324.8502605
energy/site = -2.53789266
44.116% accepted

energy = -109.2395267
energy/site = -0.8534338022
44.1913% accepted

energy = -338.943386
energy/site = -2.647995203
44.3381% accepted

energy = -111.0338455
energy/site = -0.8674519177
44.1345% accepted

energy = -140.6662734
energy/site = -1.098955261
44.1458% accepted

energy = -360.4529345
energy/site = -2.816038551
44.0277% accepted

energy = -189.4655075
energy/site = -1.480199277
44.0965% accepted

energy = -145.9299747
energy/site = -1.140077927
44.1447% accepted

energy = -114.8398251
energy/site = -0.8971861333
44.1162% accepted

energy = -187.4459119
energy/site = -1.464421187
44.0794% accepted

energy = -68.16662523
energy/site = -0.5325517596
44.2108% accepted

energy = -195.1114844
energy/site = -1.524308472
44.0846% accepted

energy = -96.65708639
energy/site = -0.7551334874
44.1347% accepted

energy = -121.3874346
energy/site = -0.9483393327
44.1618% accepted

energy = -184.1346417
energy/site = -1.438551889
44.2218% accepted

energy = -150.0744145
energy/site = -1.172456364
44.1336% accepted

energy = -135.6976884
energy/site = -1.06013819
44.1672% accepted

energy = -149.5989638
energy/site = -1.168741905
43.9808% accepted

energy = -130.8758789
energy/site = -1.022467804
44.1536% accepted

energy = -155.1286476
energy/site = -1.211942559
44.1185% accepted

energy = -172.0560533
energy/site = -1.344187917
44.146% accepted

energy = -185.4463275
energy/site = -1.448799433
44.0324% accepted

energy = -69.69982019
energy/site = -0.5445298452
44.0098% accepted

energy = -174.8690652
energy/site = -1.366164572
44.0928% accepted

energy = -214.6994163
energy/site = -1.677339189
44.0527% accepted

energy = -157.3034132
energy/site = -1.228932916
44.1553% accepted

energy = -114.7803423
energy/site = -0.8967214241
44.126% accepted

energy = -88.39219724
energy/site = -0.6905640409
44.11% accepted

energy = -91.20343997
energy/site = -0.7125268747
44.0086% accepted

energy = -207.1179226
energy/site = -1.61810877
43.9551% accepted

energy = -156.0964273
energy/site = -1.219503338
43.9494% accepted

energy = -134.3275818
energy/site = -1.049434233
44.2303% accepted

energy = -130.2433571
energy/site = -1.017526228
44.1677% accepted

energy = -86.25284552
energy/site = -0.6738503556
44.125% accepted

energy = -178.5240433
energy/site = -1.394719088
44.1489% accepted

energy = -97.03481349
energy/site = -0.7580844804
44.0489% accepted

energy = -84.01782728
energy/site = -0.6563892756
44.0853% accepted

energy = -132.4855003
energy/site = -1.035042971
44.1298% accepted

energy = -127.195998
energy/site = -0.9937187344
44.113% accepted

energy = -106.5761407
energy/site = -0.8326260993
44.0675% accepted

energy = -119.6229866
energy/site = -0.9345545827
44.187% accepted

energy = -173.6507785
energy/site = -1.356646707
44.066% accepted

energy = -131.1231265
energy/site = -1.024399426
44.0788% accepted

energy = -147.0644107
energy/site = -1.148940709
44.0451% accepted

energy = -105.8178263
energy/site = -0.8267017678
44.0513% accepted

energy = -143.639516
energy/site = -1.122183719
44.1435% accepted

energy = -232.5299329
energy/site = -1.816640101
44.0635% accepted

energy = -95.47745074
energy/site = -0.7459175839
44.0097% accepted

energy = -149.3800163
energy/site = -1.167031377
44.0023% accepted

energy = -81.87652141
energy/site = -0.6396603235
44.0678% accepted

energy = -92.30979028
energy/site = -0.7211702366
44.1059% accepted

energy = -100.8792269
energy/site = -0.7881189605
44.1265% accepted

energy = -321.0476799
energy/site = -2.508184999
44.1778% accepted

energy = -152.6948523
energy/site = -1.192928534
44.1767% accepted

energy = -148.8660343
energy/site = -1.163015893
44.0134% accepted

energy = -105.2663129
energy/site = -0.8223930694
44.0269% accepted

energy = -211.2226703
energy/site = -1.650177112
43.9943% accepted

energy = -207.1157561
energy/site = -1.618091844
43.95% accepted

energy = -152.2795398
energy/site = -1.189683904
44.2079% accepted

energy = -219.9476391
energy/site = -1.71834093
44.1784% accepted

energy = -96.49148711
energy/site = -0.753839743
44.0053% accepted

energy = -95.58798411
energy/site = -0.7467811259
43.917% accepted

energy = -208.5282687
energy/site = -1.6291271
43.9112% accepted

energy = -178.6360257
energy/site = -1.395593951
44.1858% accepted

energy = -180.8393328
energy/site = -1.412807287
44.1289% accepted

energy = -149.8732035
energy/site = -1.170884402
44.1869% accepted

energy = -136.2493245
energy/site = -1.064447847
44.1665% accepted

energy = -838.9439844
energy/site = -6.554249878
44.0772% accepted

energy = -111.9711842
energy/site = -0.8747748768
44.0428% accepted

energy = -101.2953349
energy/site = -0.7913698041
44.1627% accepted

energy = -182.254556
energy/site = -1.423863719
44.0768% accepted

energy = -83.91811454
energy/site = -0.6556102698
43.957% accepted

energy = -114.6128144
energy/site = -0.8954126129
43.9572% accepted

energy = -148.2568329
energy/site = -1.158256507
44.1147% accepted

energy = -365.2385453
energy/site = -2.853426135
44.0561% accepted

energy = -155.7844447
energy/site = -1.217065974
44.0649% accepted

energy = -139.6550382
energy/site = -1.091054986
43.9283% accepted

energy = -89.71330741
energy/site = -0.7008852141
44.0958% accepted

energy = -110.8175922
energy/site = -0.8657624392
44.1352% accepted

energy = -95.06270574
energy/site = -0.7426773886
44.1546% accepted

energy = -528.9583527
energy/site = -4.13248713
44.0538% accepted

energy = -107.9666836
energy/site = -0.8434897155
44.0095% accepted

energy = -101.9223759
energy/site = -0.7962685615
44.1084% accepted

energy = -133.7672984
energy/site = -1.045057018
43.9738% accepted

energy = -161.9439932
energy/site = -1.265187447
44.1139% accepted

energy = -261.1954216
energy/site = -2.040589231
43.9594% accepted

energy = -121.5705111
energy/site = -0.9497696182
44.0276% accepted

energy = -135.1404558
energy/site = -1.055784811
44.0289% accepted

energy = -108.0564438
energy/site = -0.8441909672
43.878% accepted

energy = -213.1380356
energy/site = -1.665140903
44.078% accepted

energy = -162.6875997
energy/site = -1.270996873
43.9748% accepted

energy = -78.62430155
energy/site = -0.6142523558
44.1589% accepted

energy = -133.8171969
energy/site = -1.045446851
44.0505% accepted

energy = -65.64247072
energy/site = -0.5128318025
44.0464% accepted

energy = -115.4966096
energy/site = -0.9023172625
43.9711% accepted

energy = -172.9187564
energy/site = -1.350927785
44.1471% accepted

energy = -162.9381736
energy/site = -1.272954481
44.0479% accepted

energy = -106.6004414
energy/site = -0.8328159485
44.1698% accepted

energy = -109.0206076
energy/site = -0.8517234968
43.941% accepted

energy = -168.2669554
energy/site = -1.314585589
44.091% accepted

energy = -246.8511965
energy/site = -1.928524973
43.9865% accepted

energy = -109.3781853
energy/site = -0.854517073
43.9748% accepted

energy = -103.3494603
energy/site = -0.807417659
44.1702% accepted

energy = -87.36128342
energy/site = -0.6825100267
44.0755% accepted

energy = -124.0502125
energy/site = -0.9691422849
43.9533% accepted

energy = -161.2781763
energy/site = -1.259985752
44.0689% accepted

energy = -54.14494752
energy/site = -0.4230074025
44.0922% accepted

energy = -253.096262
energy/site = -1.977314547
44.1629% accepted

energy = -152.5575755
energy/site = -1.191856059
44.0718% accepted

energy = -151.3777078
energy/site = -1.182638342
43.9442% accepted

energy = -122.8632415
energy/site = -0.9598690744
43.9972% accepted

energy = -168.149258
energy/site = -1.313666078
44.0287% accepted

energy = -135.0229283
energy/site = -1.054866627
44.0772% accepted

energy = -94.82433647
energy/site = -0.7408151287
44.1952% accepted

energy = -171.4245104
energy/site = -1.339253987
44.1598% accepted

energy = -130.3901643
energy/site = -1.018673159
44.0468% accepted

energy = -165.7432972
energy/site = -1.294869509
44.1628% accepted

energy = -70.12133863
energy/site = -0.547822958
44.0015% accepted

energy = -94.11352596
energy/site = -0.7352619216
44.1521% accepted

energy = -231.6252989
energy/site = -1.809572648
44.2367% accepted

energy = -110.2617295
energy/site = -0.8614197617
43.9707% accepted

energy = -134.0621859
energy/site = -1.047360828
44.1157% accepted

energy = -132.4641006
energy/site = -1.034875786
44.1126% accepted

energy = -143.9953375
energy/site = -1.124963574
44.1328% accepted

energy = -231.7008442
energy/site = -1.810162846
44.0268% accepted

energy = -149.1008022
energy/site = -1.164850017
44.0355% accepted

energy = -148.5166153
energy/site = -1.160286057
44.051% accepted

energy = -134.4852644
energy/site = -1.050666128
44.0092% accepted

energy = -217.6578871
energy/site = -1.700452243
44.1764% accepted

energy = -89.76129256
energy/site = -0.7012600982
44.2379% accepted

energy = -221.6507717
energy/site = -1.731646654
44.1768% accepted

energy = -56.49761766
energy/site = -0.4413876379
43.982% accepted

energy = -100.7701167
energy/site = -0.7872665364
44.0814% accepted

energy = -151.7190714
energy/site = -1.185305245
44.0199% accepted

energy = -75.81877707
energy/site = -0.5923341959
44.1464% accepted

energy = -88.5926684
energy/site = -0.6921302219
44.1094% accepted

energy = -85.08977067
energy/site = -0.6647638334
44.0855% accepted

energy = -118.1183252
energy/site = -0.9227994158
44.0824% accepted

energy = -204.1911106
energy/site = -1.595243051
44.0084% accepted

energy = -192.926205
energy/site = -1.507235976
44.041% accepted

energy = -135.9200197
energy/site = -1.061875154
44.1856% accepted

energy = -102.9660793
energy/site = -0.8044224948
44.1291% accepted

energy = -114.3093579
energy/site = -0.8930418584
44.2111% accepted

energy = -192.711877
energy/site = -1.505561539
44.2766% accepted

energy = -103.649017
energy/site = -0.8097579452
44.0431% accepted

energy = -228.4141352
energy/site = -1.784485431
44.0817% accepted

energy = -224.0780843
energy/site = -1.750610033
44.2343% accepted

energy = -79.78204151
energy/site = -0.6232971993
44.1324% accepted

energy = -107.678707
energy/site = -0.8412398982
44.1373% accepted

energy = -97.33037329
energy/site = -0.7603935413
44.0951% accepted

energy = -135.7989467
energy/site = -1.060929271
44.0836% accepted

energy = -151.718649
energy/site = -1.185301946
44.1987% accepted

energy = -184.9592975
energy/site = -1.444994512
43.9625% accepted

energy = -211.1509304
energy/site = -1.649616644
44.0804% accepted

energy = -139.8121778
energy/site = -1.092282639
44.0488% accepted

energy = -84.64752964
energy/site = -0.6613088253
44.1776% accepted

energy = -387.5485815
energy/site = -3.027723293
44.1466% accepted

energy = -296.9644629
energy/site = -2.320034867
44.075% accepted

energy = -301.7603143
energy/site = -2.357502455
44.0498% accepted

energy = -141.589317
energy/site = -1.106166539
44.1108% accepted

energy = -82.06832625
energy/site = -0.6411587988
44.1633% accepted

energy = -127.7871604
energy/site = -0.9983371904
44.0604% accepted

energy = -195.007101
energy/site = -1.523492977
43.9762% accepted

energy = -100.9942445
energy/site = -0.7890175351
44.1087% accepted

energy = -134.3191361
energy/site = -1.049368251
44.0229% accepted

energy = -103.4167143
energy/site = -0.8079430805
44.048% accepted

energy = -208.4159071
energy/site = -1.628249274
44.1089% accepted

energy = -89.58517686
energy/site = -0.6998841942
43.9861% accepted

energy = -124.8282804
energy/site = -0.9752209404
44.0831% accepted

energy = -82.66019889
energy/site = -0.6457828038
44.0775% accepted

energy = -136.7518696
energy/site = -1.068373981
44.1238% accepted

energy = -114.0454223
energy/site = -0.8909798619
43.995% accepted

energy = -166.127878
energy/site = -1.297874047
44.1061% accepted

energy = -68.12018057
energy/site = -0.5321889107
44.1699% accepted

energy = -115.2602532
energy/site = -0.9004707278
44.0924% accepted

energy = -165.7227906
energy/site = -1.294709301
44.1221% accepted

energy = -178.6165342
energy/site = -1.395441673
44.1557% accepted

energy = -239.9987051
energy/site = -1.874989884
44.1368% accepted

energy = -234.1660943
energy/site = -1.829422612
44.0004% accepted

energy = -102.1992537
energy/site = -0.7984316693
44.0561% accepted

energy = -124.5497746
energy/site = -0.9730451138
44.1025% accepted

energy = -99.38425728
energy/site = -0.77643951
44.0735% accepted

energy = -104.4772709
energy/site = -0.8162286787
44.1227% accepted

energy = -168.3848519
energy/site = -1.315506655
44.1552% accepted

energy = -103.133722
energy/site = -0.805732203
44.1291% accepted

energy = -171.0520467
energy/site = -1.336344115
44.1526% accepted

energy = -119.153701
energy/site = -0.9308882892
44.0868% accepted

energy = -82.09751023
energy/site = -0.6413867986
44.057% accepted

energy = -145.2095304
energy/site = -1.134449456
44.2423% accepted

energy = -133.5307813
energy/site = -1.043209229
44.0857% accepted

energy = -125.5848686
energy/site = -0.9811317863
44.0574% accepted

energy = -93.42464694
energy/site = -0.7298800542
44.1106% accepted

