
weighting by <swap_x> where x = 3
11 x 40 x 1 system
r   = 3  bondops changed per step 
n/N = 80  bond operators / site
its = 1000000  iterations/loop for 100000 loops

energy = -501.0253138
energy/site = -0.5693469475
44.8391% accepted

energy = -743.4652914
energy/site = -0.844846922
43.7769% accepted

energy = -7055.302276
energy/site = -8.01738895
43.771% accepted

energy = -1539.892702
energy/site = -1.74987807
43.7665% accepted

energy = -1638.99292
energy/site = -1.862491955
43.7658% accepted

energy = -333.8837338
energy/site = -0.3794133338
43.8878% accepted

energy = -9951.44855
energy/site = -11.30846426
43.7396% accepted

energy = -723.367184
energy/site = -0.8220081636
43.838% accepted

energy = -1095.672535
energy/site = -1.245082426
43.8182% accepted

energy = -1638.306963
energy/site = -1.861712458
43.8935% accepted

energy = -8400.333242
energy/site = -9.545833229
43.89% accepted

energy = -1256.419225
energy/site = -1.427749119
43.9803% accepted

energy = -524.3033485
energy/site = -0.5957992597
43.8893% accepted

energy = -812.3458128
energy/site = -0.9231202418
43.9544% accepted

energy = -347.4031621
energy/site = -0.3947763206
43.9107% accepted

energy = -4609.540294
energy/site = -5.23811397
43.8653% accepted

energy = -1356.2357
energy/site = -1.541176932
43.9065% accepted

energy = -853.2419174
energy/site = -0.9695930879
43.7306% accepted

energy = -630.6339473
energy/site = -0.7166294855
43.868% accepted

energy = -5350.103893
energy/site = -6.079663515
43.9217% accepted

energy = -1194.919912
energy/site = -1.357863536
43.8222% accepted

energy = -11748.57004
energy/site = -13.35064777
43.8468% accepted

energy = -1386.763266
energy/site = -1.575867347
43.8667% accepted

energy = -7101.765878
energy/site = -8.070188498
43.84% accepted

energy = -1113.240895
energy/site = -1.265046471
43.8472% accepted

energy = -1643.516279
energy/site = -1.867632135
43.8995% accepted

energy = -1305.796998
energy/site = -1.483860226
43.8892% accepted

energy = -637.1804447
energy/site = -0.7240686872
44.0355% accepted

energy = -7014.248032
energy/site = -7.9707364
43.8756% accepted

energy = -1966.724345
energy/site = -2.234914028
43.889% accepted

energy = -509.2075271
energy/site = -0.5786449171
43.8919% accepted

energy = -2146.439703
energy/site = -2.439136026
43.8642% accepted

energy = -1515.020598
energy/site = -1.721614316
43.8157% accepted

energy = -1353.465979
energy/site = -1.538029522
43.9763% accepted

energy = -2728.772662
energy/site = -3.100878025
43.917% accepted

energy = -1015.318314
energy/site = -1.153770811
43.8851% accepted

energy = -3428.415402
energy/site = -3.895926593
43.8501% accepted

energy = -1980.334038
energy/site = -2.250379588
43.7098% accepted

energy = -1815.766963
energy/site = -2.063371549
43.954% accepted

energy = -1279.261248
energy/site = -1.453705964
43.7034% accepted

energy = -2821.815991
energy/site = -3.20660908
43.729% accepted

energy = -2340.934824
energy/site = -2.66015321
43.747% accepted

energy = -1864.259788
energy/site = -2.118477032
43.856% accepted

energy = -357.2686708
energy/site = -0.4059871259
43.881% accepted

energy = -9879.500877
energy/site = -11.22670554
43.9787% accepted

energy = -720.8785196
energy/site = -0.8191801359
43.8404% accepted

energy = -1523.425942
energy/site = -1.731165844
43.8133% accepted

energy = -1155.205927
energy/site = -1.312734008
43.7593% accepted

energy = -15700.573
energy/site = -17.84156023
43.8271% accepted

energy = -3928.163949
energy/site = -4.463822669
43.9239% accepted

energy = -1440.057279
energy/site = -1.636428726
43.9448% accepted

energy = -2741.753461
energy/site = -3.115628933
43.8274% accepted

energy = -1354.166171
energy/site = -1.538825194
43.9108% accepted

energy = -4224.227423
energy/site = -4.800258436
43.8954% accepted

energy = -348.1957305
energy/site = -0.3956769665
43.7464% accepted

energy = -294.8441302
energy/site = -0.335050148
43.7683% accepted

energy = -12517.08375
energy/site = -14.2239588
43.7654% accepted

energy = -14316.51769
energy/site = -16.2687701
43.8564% accepted

energy = -917.9206301
energy/site = -1.043091625
43.9636% accepted

energy = -1281.50037
energy/site = -1.45625042
43.7169% accepted

energy = -12686.56952
energy/site = -14.41655628
43.8871% accepted

energy = -110.7686598
energy/site = -0.1258734771
43.8148% accepted

energy = -3012.922113
energy/site = -3.423775128
43.8949% accepted

energy = -1843.090652
energy/site = -2.094421196
44.0353% accepted

energy = -2056.111533
energy/site = -2.336490378
44.1175% accepted

energy = -447.5081423
energy/site = -0.5085319799
43.8709% accepted

energy = -754.7590966
energy/site = -0.8576807916
43.8904% accepted

energy = -635.319463
energy/site = -0.7219539352
43.7954% accepted

energy = -870.3983818
energy/site = -0.9890890702
43.8663% accepted

energy = -426.8778986
energy/site = -0.4850885211
43.7738% accepted

energy = -636.6399511
energy/site = -0.7234544898
43.801% accepted

energy = -1524.229668
energy/site = -1.732079168
43.7899% accepted

energy = -596.1203322
energy/site = -0.6774094684
43.8478% accepted

energy = -922.362432
energy/site = -1.048139127
43.8924% accepted

energy = -943.4975449
energy/site = -1.072156301
43.8318% accepted

energy = -1510.527534
energy/site = -1.716508562
44.0372% accepted

energy = -3143.85504
energy/site = -3.572562546
43.8947% accepted

energy = -874.86162
energy/site = -0.9941609318
43.7364% accepted

energy = -517.2563808
energy/site = -0.5877913419
43.8851% accepted

energy = -758.8210901
energy/site = -0.8622966933
43.8807% accepted

energy = -3570.250503
energy/site = -4.057102844
43.7293% accepted

energy = -2092.232851
energy/site = -2.37753733
43.975% accepted

energy = -2317.772622
energy/site = -2.633832525
43.8523% accepted

energy = -1131.225783
energy/site = -1.285483844
43.9751% accepted

energy = -1978.919532
energy/site = -2.248772195
43.8428% accepted

energy = -712.7025253
energy/site = -0.8098892332
43.8837% accepted

energy = -2013.117308
energy/site = -2.287633305
43.8713% accepted

energy = -2196.502437
energy/site = -2.496025497
43.9058% accepted

energy = -2075.981467
energy/site = -2.359069849
43.8914% accepted

energy = -2539.887495
energy/site = -2.88623579
43.8878% accepted

energy = -515.2046624
energy/site = -0.5854598437
43.8415% accepted

energy = -3040.091834
energy/site = -3.454649811
43.8146% accepted

energy = -2347.588599
energy/site = -2.667714317
43.8881% accepted

energy = -3800.155896
energy/site = -4.318358973
43.9197% accepted

energy = -1810.493001
energy/site = -2.057378411
43.9456% accepted

energy = -1491.699333
energy/site = -1.695112878
43.8881% accepted

energy = -664.4423103
energy/site = -0.7550480799
43.8666% accepted

energy = -631.2489372
energy/site = -0.7173283377
43.9889% accepted

energy = -924.6342279
energy/site = -1.050720714
43.7702% accepted

energy = -1905.024408
energy/site = -2.164800464
43.8539% accepted

energy = -802.4023818
energy/site = -0.9118208884
43.8669% accepted

energy = -6765.581693
energy/site = -7.688161015
43.8084% accepted

energy = -1860.640925
energy/site = -2.114364687
43.9702% accepted

energy = -2162.299019
energy/site = -2.457157976
43.7793% accepted

energy = -1013.224225
energy/site = -1.151391165
43.8858% accepted

energy = -3296.299805
energy/site = -3.745795233
43.8845% accepted

energy = -589.326422
energy/site = -0.6696891159
43.8041% accepted

energy = -283.1986491
energy/site = -0.3218166467
43.8221% accepted

energy = -3122.747557
energy/site = -3.548576769
43.8337% accepted

energy = -5144.072881
energy/site = -5.845537364
43.8465% accepted

energy = -7999.197927
energy/site = -9.089997644
43.9012% accepted

energy = -30652.51754
energy/site = -34.8324063
43.81% accepted

energy = -2330.58399
energy/site = -2.648390897
43.8623% accepted

energy = -6641.515482
energy/site = -7.547176684
43.7365% accepted

energy = -2632.51522
energy/site = -2.991494568
43.7842% accepted

energy = -5756.869924
energy/site = -6.54189764
43.9265% accepted

energy = -1287.955336
energy/site = -1.463585609
43.9017% accepted

energy = -864.369344
energy/site = -0.9822378909
43.9251% accepted

energy = -1628.995538
energy/site = -1.851131293
43.895% accepted

energy = -684.1584923
energy/site = -0.7774528321
43.9823% accepted

energy = -948.3110075
energy/site = -1.077626145
43.8984% accepted

energy = -2783.40157
energy/site = -3.162956329
43.7598% accepted

energy = -1335.88027
energy/site = -1.518045762
43.7807% accepted

energy = -1667.937668
energy/site = -1.895383714
43.9564% accepted

energy = -1015.875538
energy/site = -1.15440402
43.8513% accepted

energy = -2747.103399
energy/site = -3.121708408
43.7865% accepted

energy = -1977.279417
energy/site = -2.246908429
43.945% accepted

energy = -5186.468787
energy/site = -5.893714531
43.796% accepted

energy = -6817.378042
energy/site = -7.747020502
43.8498% accepted

energy = -4210.222389
energy/site = -4.784343624
43.9697% accepted

energy = -3798.963763
energy/site = -4.317004276
43.9442% accepted

energy = -1884.383156
energy/site = -2.141344495
43.8961% accepted

energy = -1807.024131
energy/site = -2.053436512
43.8787% accepted

energy = -4934.046157
energy/site = -5.606870633
43.8936% accepted

energy = -4761.474654
energy/site = -5.410766652
43.8957% accepted

energy = -2352.434687
energy/site = -2.673221235
43.8072% accepted

energy = -4670.917004
energy/site = -5.307860232
43.9249% accepted

energy = -993.0519031
energy/site = -1.128468072
43.836% accepted

energy = -1680.720811
energy/site = -1.909910013
43.8586% accepted

energy = -665.31518
energy/site = -0.7560399773
43.8916% accepted

energy = -727.0546968
energy/site = -0.8261985191
43.8594% accepted

energy = -1519.847927
energy/site = -1.727099917
43.7366% accepted

energy = -1264.131278
energy/site = -1.436512816
43.8628% accepted

energy = -6447.89618
energy/site = -7.327154751
43.7923% accepted

energy = -2847.417322
energy/site = -3.235701502
43.7232% accepted

energy = -1546.299414
energy/site = -1.757158425
43.9808% accepted

energy = -5673.5533
energy/site = -6.447219659
43.8822% accepted

energy = -3965.549196
energy/site = -4.506305905
43.8331% accepted

energy = -1706.965745
energy/site = -1.939733801
43.8478% accepted

energy = -1105.56632
energy/site = -1.256325364
43.7619% accepted

energy = -1314.138318
energy/site = -1.493338997
43.7885% accepted

energy = -502.434853
energy/site = -0.5709486966
43.8327% accepted

energy = -622.6511692
energy/site = -0.7075581468
43.8974% accepted

energy = -1535.092992
energy/site = -1.744423855
43.7564% accepted

energy = -24926.63551
energy/site = -28.32572217
43.9701% accepted

energy = -281.530486
energy/site = -0.3199210068
43.8389% accepted

energy = -754.7820739
energy/site = -0.8577069021
44.0282% accepted

energy = -949.0859538
energy/site = -1.078506766
43.9283% accepted

energy = -2590.912812
energy/site = -2.944219105
43.8592% accepted

energy = -313.7290408
energy/site = -0.3565102737
44.0276% accepted

energy = -1237.415534
energy/site = -1.406154016
43.9857% accepted

energy = -1578.683745
energy/site = -1.793958801
43.7731% accepted

energy = -448.2818213
energy/site = -0.5094111606
43.9072% accepted

energy = -2717.81166
energy/site = -3.08842234
44.0145% accepted

energy = -1954.36372
energy/site = -2.220867863
43.9933% accepted

energy = -5162.044352
energy/site = -5.865959491
43.7999% accepted

energy = -2065.940852
energy/site = -2.347660059
43.8782% accepted

energy = -309.5036237
energy/site = -0.3517086633
43.8253% accepted

energy = -1158.602205
energy/site = -1.316593415
43.7958% accepted

energy = -702.4497112
energy/site = -0.7982383082
43.8835% accepted

energy = -1754.631298
energy/site = -1.993899203
43.8433% accepted

energy = -1507.738102
energy/site = -1.713338752
43.8741% accepted

energy = -3306.608963
energy/site = -3.757510185
43.838% accepted

energy = -2053.866902
energy/site = -2.333939661
43.7898% accepted

energy = -12626.75422
energy/site = -14.34858434
43.9268% accepted

energy = -3234.256153
energy/site = -3.675291083
43.9458% accepted

energy = -1425.015634
energy/site = -1.619335948
43.9762% accepted

energy = -6005.296936
energy/site = -6.824201064
43.771% accepted

energy = -8059.221393
energy/site = -9.158206128
43.7163% accepted

energy = -2455.493461
energy/site = -2.790333479
43.8531% accepted

energy = -1199.642857
energy/site = -1.363230519
43.7464% accepted

energy = -857.9278057
energy/site = -0.974917961
43.8654% accepted

energy = -1348.795485
energy/site = -1.532722142
43.9666% accepted

energy = -367.3577652
energy/site = -0.4174520059
43.8326% accepted

energy = -983.4836611
energy/site = -1.117595069
43.9058% accepted

energy = -728.1772424
energy/site = -0.8274741391
43.9054% accepted

energy = -1487.704362
energy/site = -1.690573139
43.793% accepted

energy = -689.6106447
energy/site = -0.7836484598
43.826% accepted

energy = -784.5463883
energy/site = -0.8915299868
43.8693% accepted

energy = -5595.826639
energy/site = -6.358893908
43.8006% accepted

energy = -1964.53689
energy/site = -2.232428285
43.8148% accepted

energy = -526.2692348
energy/site = -0.5980332213
43.7703% accepted

energy = -4511.332252
energy/site = -5.126513922
43.9563% accepted

energy = -2394.274606
energy/site = -2.720766598
43.7526% accepted

energy = -66.36123997
energy/site = -0.07541049997
43.7354% accepted

energy = -1806.300035
energy/site = -2.052613676
43.7948% accepted

energy = -2634.677259
energy/site = -2.993951431
43.6869% accepted

energy = -3787.779075
energy/site = -4.304294404
43.817% accepted

energy = -2337.777724
energy/site = -2.656565595
43.9126% accepted

energy = -9252.642381
energy/site = -10.51436634
43.8336% accepted

energy = -386.4868132
energy/site = -0.4391895605
43.8619% accepted

energy = -2942.163409
energy/site = -3.34336751
43.7196% accepted

energy = -1194.762571
energy/site = -1.35768474
43.9129% accepted

energy = -2261.398301
energy/site = -2.569770797
43.796% accepted

energy = -935.7722461
energy/site = -1.063377552
43.88% accepted

energy = -1821.766836
energy/site = -2.070189586
43.8991% accepted

energy = -1071.927772
energy/site = -1.218099741
43.8209% accepted

energy = -808.186406
energy/site = -0.9183936432
43.772% accepted

energy = -7599.265366
energy/site = -8.635528825
43.9243% accepted

energy = -5621.728471
energy/site = -6.388327807
43.7796% accepted

energy = -2114.530953
energy/site = -2.402876083
43.8229% accepted

energy = -1692.174715
energy/site = -1.922925813
43.9453% accepted

energy = -1017.572318
energy/site = -1.15633218
43.8484% accepted

energy = -1462.369855
energy/site = -1.661783926
43.8794% accepted

energy = -2811.46088
energy/site = -3.194841909
43.8369% accepted

energy = -3798.947223
energy/site = -4.316985481
43.8688% accepted

energy = -899.1426924
energy/site = -1.02175306
44.0444% accepted

energy = -250.5644285
energy/site = -0.2847323051
43.8294% accepted

energy = -3689.607199
energy/site = -4.192735454
43.8537% accepted

energy = -994.0548408
energy/site = -1.129607774
43.715% accepted

energy = -356.3942654
energy/site = -0.4049934834
43.792% accepted

energy = -490.6676302
energy/site = -0.5575768525
43.8952% accepted

energy = -4820.514072
energy/site = -5.4778569
43.7755% accepted

energy = -1356.207051
energy/site = -1.541144376
43.794% accepted

energy = -1144.26911
energy/site = -1.300305807
43.8968% accepted

energy = -1424.476685
energy/site = -1.618723506
43.9297% accepted

energy = -4392.179396
energy/site = -4.991112951
43.828% accepted

energy = -1478.672579
energy/site = -1.680309749
43.9134% accepted

energy = -505.7808829
energy/site = -0.5747510033
43.6997% accepted

energy = -1006.970456
energy/site = -1.144284609
43.8584% accepted

User defined signal 2

------------------------------------------------------------
Sender: LSF System <lsfadmin@wha596>
Subject: Job 3908571: <./torus03> Exited

Job <./torus03> was submitted from host <wha780> by user <akallin>.
Job was executed on host(s) <wha596>, in queue <serial>, as user <akallin>.
</home/akallin> was used as the home directory.
</work/akallin/TORUS/OBC/11leg/03> was used as the working directory.
Started at Sat Jun 26 17:02:04 2010
Results reported at Sat Jul  3 16:40:52 2010

Your job looked like:

------------------------------------------------------------
# LSBATCH: User input
./torus03
------------------------------------------------------------

TERM_RUNLIMIT: job killed after reaching LSF run time limit.
Exited with exit code 140.

Resource usage summary:

    CPU time   : 434929.00 sec.
    Max Memory :         6 MB
    Max Swap   :       122 MB

    Max Processes  :         4
    Max Threads    :         4

The output (if any) is above this job summary.


weighting by <swap_x> where x = 3
11 x 40 x 1 system
r   = 3  bondops changed per step 
n/N = 80  bond operators / site
its = 1000000  iterations/loop for 100000 loops

energy = -4955.951384
energy/site = -5.631762937
43.9076% accepted

energy = -724.8701726
energy/site = -0.8237161053
43.7346% accepted

energy = -2246.251734
energy/site = -2.552558788
43.9556% accepted

energy = -75196.51934
energy/site = -85.45059016
43.8349% accepted

energy = -1332.22699
energy/site = -1.513894307
44.0241% accepted

energy = -5186.448681
energy/site = -5.893691683
43.9002% accepted

energy = -1189.181513
energy/site = -1.351342629
43.8862% accepted

energy = -1031.848748
energy/site = -1.172555396
43.7899% accepted

energy = -2954.478338
energy/site = -3.357361747
43.8002% accepted

energy = -802.2853172
energy/site = -0.9116878605
43.7276% accepted

energy = -881.0455926
energy/site = -1.001188173
43.8264% accepted

energy = -1062.131847
energy/site = -1.206968008
43.8451% accepted

energy = -262.867535
energy/site = -0.298713108
43.8852% accepted

energy = -162.600779
energy/site = -0.1847736125
43.8502% accepted

energy = -3891.540992
energy/site = -4.422205673
43.8279% accepted

energy = -644.2299287
energy/site = -0.7320794645
43.9045% accepted

energy = -2876.201453
energy/site = -3.268410742
43.7126% accepted

energy = -13260.0039
energy/site = -15.06818625
43.8129% accepted

energy = -839.0833415
energy/site = -0.9535037972
43.8746% accepted

energy = -381.9900086
energy/site = -0.4340795553
44.0003% accepted

energy = -1504.755615
energy/site = -1.709949562
43.9178% accepted

energy = -1897.183489
energy/site = -2.155890328
43.9243% accepted

energy = -614.4331065
energy/site = -0.6982194392
43.8876% accepted

energy = -3091.259156
energy/site = -3.512794496
43.8827% accepted

energy = -1841.341029
energy/site = -2.092432987
43.9573% accepted

energy = -1698.865483
energy/site = -1.930528958
43.8727% accepted

energy = -1646.621614
energy/site = -1.871160925
43.9428% accepted

energy = -4820.841918
energy/site = -5.478229453
43.8506% accepted

energy = -1004.979226
energy/site = -1.142021847
43.8593% accepted

energy = -3924.66547
energy/site = -4.459847125
43.8671% accepted

energy = -11110.36985
energy/site = -12.62542029
44.014% accepted

energy = -719.5821748
energy/site = -0.8177070168
43.7986% accepted

energy = -730.5429454
energy/site = -0.830162438
43.8106% accepted

energy = -846.9627713
energy/site = -0.9624576946
43.6632% accepted

energy = -635.5654107
energy/site = -0.7222334212
43.8845% accepted

energy = -371.9302471
energy/site = -0.422648008
43.9708% accepted

energy = -873.0563666
energy/site = -0.9921095074
43.7617% accepted

energy = -860.3065869
energy/site = -0.9776211215
43.8477% accepted

energy = -4425.431947
energy/site = -5.028899939
43.7555% accepted

energy = -1783.930546
energy/site = -2.027193803
43.8592% accepted

energy = -8578.729623
energy/site = -9.74855639
43.8701% accepted

energy = -1350.790714
energy/site = -1.534989448
43.8851% accepted

energy = -1564.533932
energy/site = -1.777879468
43.9715% accepted

energy = -350.8263056
energy/site = -0.3986662563
43.7933% accepted

energy = -2903.391091
energy/site = -3.299308058
43.7662% accepted

energy = -1727.426714
energy/site = -1.962984902
43.9501% accepted

energy = -2091.106796
energy/site = -2.376257723
43.8147% accepted

energy = -1224.64765
energy/site = -1.391645057
43.7963% accepted

energy = -3857.060102
energy/site = -4.383022843
43.6778% accepted

energy = -1189.019139
energy/site = -1.351158113
43.7618% accepted

energy = -1128.000819
energy/site = -1.281819112
43.9349% accepted

energy = -2517.283994
energy/site = -2.860549994
43.8651% accepted

energy = -1167.196774
energy/site = -1.32635997
43.8296% accepted

energy = -4861.847914
energy/site = -5.524827175
43.8026% accepted

energy = -1114.878571
energy/site = -1.266907467
43.9427% accepted

energy = -3752.969301
energy/site = -4.264737842
43.8017% accepted

energy = -658.4177806
energy/site = -0.7482020234
43.9636% accepted

energy = -500.4507983
energy/site = -0.568694089
43.8533% accepted

energy = -3544.074138
energy/site = -4.027356975
43.9073% accepted

energy = -2922.996677
energy/site = -3.321587133
43.8958% accepted

energy = -3329.450247
energy/site = -3.78346619
43.7762% accepted

energy = -502.5119834
energy/site = -0.5710363447
43.9485% accepted

energy = -1016.143554
energy/site = -1.154708585
43.7744% accepted

energy = -1420.851045
energy/site = -1.61460346
43.8389% accepted

energy = -1372.226138
energy/site = -1.559347884
43.6681% accepted

energy = -5026.577732
energy/site = -5.712020151
43.8386% accepted

energy = -398.774292
energy/site = -0.4531526045
43.7752% accepted

energy = -910.0165645
energy/site = -1.034109732
43.8231% accepted

energy = -2277.82416
energy/site = -2.588436545
43.9209% accepted

energy = -1172.466797
energy/site = -1.332348633
44.0094% accepted

energy = -582.9857171
energy/site = -0.6624837694
43.9963% accepted

energy = -1355.75569
energy/site = -1.540631465
43.8539% accepted

energy = -7919.125935
energy/site = -8.999006744
43.809% accepted

energy = -2895.765791
energy/site = -3.290642944
43.8338% accepted

energy = -5480.09259
energy/site = -6.227377943
43.7315% accepted

energy = -224.8939115
energy/site = -0.2555612631
43.831% accepted

energy = -356.6671934
energy/site = -0.4053036288
43.7901% accepted

energy = -594.8661211
energy/site = -0.6759842285
43.9085% accepted

energy = -4007.744242
energy/site = -4.55425482
43.8894% accepted

energy = -2698.822764
energy/site = -3.06684405
43.796% accepted

energy = -1586.427919
energy/site = -1.802758999
43.8171% accepted

energy = -688.7367958
energy/site = -0.7826554498
43.83% accepted

energy = -14457.19373
energy/site = -16.42862924
43.868% accepted

energy = -3416.988919
energy/site = -3.882941954
43.8962% accepted

energy = -1456.609643
energy/site = -1.655238231
43.9% accepted

energy = -2361.701952
energy/site = -2.683752219
43.8544% accepted

energy = -383.7318793
energy/site = -0.4360589537
43.9215% accepted

energy = -710.3282486
energy/site = -0.8071911915
43.8225% accepted

energy = -2434.156551
energy/site = -2.76608699
43.8573% accepted

energy = -1250.265897
energy/site = -1.420756702
43.8412% accepted

energy = -418.4816923
energy/site = -0.4755473777
43.791% accepted

energy = -1626.631726
energy/site = -1.848445144
43.8292% accepted

energy = -576.3872227
energy/site = -0.6549854803
43.8526% accepted

energy = -1344.893341
energy/site = -1.528287888
43.8238% accepted

energy = -1152.92834
energy/site = -1.310145841
43.7219% accepted

energy = -10464.56133
energy/site = -11.89154696
43.7524% accepted

energy = -1385.567954
energy/site = -1.574509038
43.8552% accepted

energy = -545.5625817
energy/site = -0.6199574792
43.7947% accepted

energy = -664.2335834
energy/site = -0.7548108902
44.0015% accepted

energy = -205.7680255
energy/site = -0.2338273018
43.9291% accepted

energy = -259.716302
energy/site = -0.2951321614
43.852% accepted

energy = -881.0435932
energy/site = -1.001185901
43.8829% accepted

energy = -3614.833372
energy/site = -4.107765195
43.9318% accepted

energy = -2978.65288
energy/site = -3.384832818
43.8657% accepted

energy = -1435.086771
energy/site = -1.630780422
43.8933% accepted

energy = -305.9545399
energy/site = -0.3476756135
43.884% accepted

energy = -996.5207204
energy/site = -1.13240991
43.8495% accepted

energy = -7737.58698
energy/site = -8.792712477
43.7794% accepted

energy = -3920.410028
energy/site = -4.455011395
43.8273% accepted

energy = -1073.363599
energy/site = -1.219731362
43.9506% accepted

energy = -326.2774024
energy/site = -0.3707697754
43.9108% accepted

energy = -815.7956176
energy/site = -0.9270404745
43.868% accepted

energy = -1559.278185
energy/site = -1.771907029
43.8772% accepted

energy = -1127.37558
energy/site = -1.281108614
43.8023% accepted

energy = -1837.378604
energy/site = -2.087930232
43.7271% accepted

energy = -3517.812112
energy/site = -3.997513763
43.7267% accepted

energy = -1346.957205
energy/site = -1.530633188
44.0497% accepted

energy = -1185.97206
energy/site = -1.347695523
43.8957% accepted

energy = -2610.561405
energy/site = -2.966547051
43.8481% accepted

energy = -1093.137266
energy/site = -1.242201439
43.9205% accepted

energy = -1431.536587
energy/site = -1.626746121
43.8543% accepted

energy = -849.0023794
energy/site = -0.9647754311
43.6655% accepted

energy = -2949.714541
energy/site = -3.351948342
43.8943% accepted

energy = -1296.391303
energy/site = -1.473171935
43.8597% accepted

energy = -7163.405537
energy/site = -8.140233565
43.8575% accepted

energy = -632.1798781
energy/site = -0.7183862251
43.8925% accepted

energy = -628.3238186
energy/site = -0.7140043393
43.9306% accepted

energy = -2321.368229
energy/site = -2.637918442
43.9131% accepted

energy = -1286.377237
energy/site = -1.461792315
43.8652% accepted

energy = -5417.0533
energy/site = -6.155742387
43.8355% accepted

energy = -3610.86465
energy/site = -4.103255284
43.7535% accepted

energy = -426.2314791
energy/site = -0.4843539536
43.7602% accepted

energy = -838.3393566
energy/site = -0.9526583598
43.7683% accepted

energy = -858.8563205
energy/site = -0.9759730914
43.8789% accepted

energy = -1108.833796
energy/site = -1.260038405
43.9986% accepted

energy = -27651.51617
energy/site = -31.42217747
43.7619% accepted

energy = -1215.531575
energy/site = -1.381285881
43.9544% accepted

energy = -782.6138798
energy/site = -0.8893339543
43.8433% accepted

energy = -964.0477339
energy/site = -1.095508789
43.9294% accepted

energy = -1095.688015
energy/site = -1.245100017
43.9584% accepted

energy = -766.4182827
energy/site = -0.8709298667
43.857% accepted

energy = -2037.510423
energy/site = -2.315352753
43.8915% accepted

energy = -292.4671707
energy/site = -0.3323490577
43.8094% accepted

energy = -1136.473316
energy/site = -1.29144695
43.885% accepted

energy = -2496.402546
energy/site = -2.836821075
43.8343% accepted

energy = -894.3776266
energy/site = -1.016338212
43.8031% accepted

energy = -1532.415036
energy/site = -1.741380723
43.8428% accepted

energy = -993.2458999
energy/site = -1.128688523
43.9% accepted

energy = -4195.855689
energy/site = -4.768017828
43.731% accepted

energy = -857.7790502
energy/site = -0.9747489207
43.9064% accepted

energy = -1018.899907
energy/site = -1.157840804
43.8462% accepted

energy = -659.9355428
energy/site = -0.7499267532
43.8482% accepted

energy = -843.7405403
energy/site = -0.9587960686
43.7264% accepted

energy = -2827.18573
energy/site = -3.212711056
43.8804% accepted

energy = -3564.697468
energy/site = -4.050792578
43.8784% accepted

energy = -2489.383407
energy/site = -2.828844781
43.9354% accepted

energy = -1010.789929
energy/site = -1.148624919
43.8055% accepted

energy = -3107.555527
energy/site = -3.531313099
43.8763% accepted

energy = -3463.446126
energy/site = -3.935734235
43.9847% accepted

energy = -3952.281943
energy/site = -4.491229481
43.9837% accepted

energy = -430.3546998
energy/site = -0.4890394316
43.8288% accepted

energy = -939.5777284
energy/site = -1.067701964
43.7991% accepted

energy = -11189.62468
energy/site = -12.71548259
43.8497% accepted

energy = -1312.7199
energy/site = -1.491727159
43.8761% accepted

energy = -4166.540584
energy/site = -4.734705209
43.8552% accepted

energy = -655.3660499
energy/site = -0.7447341477
43.81% accepted

energy = -1410.838586
energy/site = -1.603225666
43.9063% accepted

User defined signal 2

------------------------------------------------------------
Sender: LSF System <lsfadmin@wha54>
Subject: Job 5120763: <./torus03> Exited

Job <./torus03> was submitted from host <wha780> by user <akallin>.
Job was executed on host(s) <wha54>, in queue <serial>, as user <akallin>.
</home/akallin> was used as the home directory.
</work/akallin/TORUS/OBC/11leg/03> was used as the working directory.
Started at Wed Jul 21 18:01:18 2010
Results reported at Wed Jul 28 18:28:26 2010

Your job looked like:

------------------------------------------------------------
# LSBATCH: User input
./torus03
------------------------------------------------------------

TERM_RUNLIMIT: job killed after reaching LSF run time limit.
Exited with exit code 140.

Resource usage summary:

    CPU time   : 311670.00 sec.
    Max Memory :         6 MB
    Max Swap   :       122 MB

    Max Processes  :         4
    Max Threads    :         4

The output (if any) is above this job summary.


weighting by <swap_x> where x = 3
11 x 40 x 1 system
r   = 3  bondops changed per step 
n/N = 80  bond operators / site
its = 1000000  iterations/loop for 100000 loops

energy = -1799.556531
energy/site = -2.044950604
43.7422% accepted

energy = -647.1004272
energy/site = -0.7353413945
43.822% accepted

energy = -3627.94591
energy/site = -4.122665807
44.0181% accepted

energy = -1235.523399
energy/site = -1.404003863
43.8051% accepted

energy = -405.3846151
energy/site = -0.4606643353
43.8017% accepted

energy = -775.5771864
energy/site = -0.8813377118
43.8417% accepted

energy = -4027.032632
energy/site = -4.576173445
43.9256% accepted

energy = -3070.229778
energy/site = -3.488897475
43.7394% accepted

energy = -1260.896145
energy/site = -1.432836528
44.0301% accepted

energy = -3317.165112
energy/site = -3.769505809
43.7572% accepted

energy = -2746.092756
energy/site = -3.12055995
43.8238% accepted

energy = -511.439223
energy/site = -0.5811809353
43.8163% accepted

energy = -2091.555739
energy/site = -2.376767885
43.8226% accepted

energy = -2514.217413
energy/site = -2.857065242
43.9202% accepted

energy = -636.16509
energy/site = -0.722914875
43.7715% accepted

energy = -1675.720985
energy/site = -1.904228392
43.906% accepted

energy = -8102.086987
energy/site = -9.206917031
43.791% accepted

energy = -4140.49403
energy/site = -4.705106852
43.8622% accepted

energy = -2326.380032
energy/site = -2.643613673
43.8784% accepted

energy = -2349.499741
energy/site = -2.669886069
43.8144% accepted

energy = -1760.364887
energy/site = -2.000414644
43.7276% accepted

energy = -1193.395387
energy/site = -1.356131121
43.8651% accepted

energy = -11520.31232
energy/site = -13.09126401
43.7922% accepted

energy = -5368.29014
energy/site = -6.100329704
43.9143% accepted

energy = -1302.213354
energy/site = -1.479787902
44.0017% accepted

energy = -736.4568296
energy/site = -0.8368827609
43.6929% accepted

energy = -1885.867822
energy/site = -2.143031616
43.8558% accepted

energy = -1837.303864
energy/site = -2.0878453
43.8595% accepted

energy = -45950.82187
energy/site = -52.21684303
43.8612% accepted

energy = -9909.52878
energy/site = -11.26082816
43.9868% accepted

energy = -1150.229201
energy/site = -1.307078637
43.9278% accepted

energy = -1077.064689
energy/site = -1.223937146
43.881% accepted

energy = -1519.06261
energy/site = -1.726207511
43.9563% accepted

energy = -911.9976639
energy/site = -1.036360982
43.768% accepted

energy = -2512.262688
energy/site = -2.854843964
44.0474% accepted

energy = -474.1266107
energy/site = -0.5387802394
43.9521% accepted

energy = -1002.475426
energy/site = -1.139176621
43.8683% accepted

energy = -11839.17555
energy/site = -13.45360858
43.9691% accepted

energy = -708.2239649
energy/site = -0.8047999601
43.8977% accepted

energy = -1175.015865
energy/site = -1.335245301
43.8605% accepted

energy = -656.8897734
energy/site = -0.7464656515
43.9072% accepted

energy = -925.1372596
energy/site = -1.05129234
43.782% accepted

energy = -1198.797312
energy/site = -1.362269673
43.8408% accepted

energy = -1074.687001
energy/site = -1.221235228
43.7941% accepted

energy = -1907.353907
energy/site = -2.167447621
43.9521% accepted

energy = -983.9532812
energy/site = -1.118128729
43.873% accepted

energy = -411.5344679
energy/site = -0.4676528045
43.8947% accepted

energy = -2087.390552
energy/site = -2.372034718
43.8366% accepted

energy = -1663.530476
energy/site = -1.890375541
43.9884% accepted

energy = -473.9363162
energy/site = -0.5385639957
43.8424% accepted

energy = -1562.305925
energy/site = -1.775347643
43.928% accepted

energy = -545.5147142
energy/site = -0.6199030843
43.7601% accepted

energy = -2870.660212
energy/site = -3.262113877
43.7077% accepted

energy = -4348.966244
energy/site = -4.942007095
43.8311% accepted

energy = -1346.478298
energy/site = -1.530088974
43.845% accepted

energy = -583.5464807
energy/site = -0.6631210008
43.8349% accepted

energy = -241.8001852
energy/site = -0.2747729377
43.7353% accepted

energy = -488.7910916
energy/site = -0.5554444223
43.7678% accepted

energy = -2936.499465
energy/site = -3.33693121
43.8534% accepted

energy = -898.5981129
energy/site = -1.021134219
43.9318% accepted

energy = -1320.293112
energy/site = -1.500333082
43.849% accepted

energy = -1571.89774
energy/site = -1.786247432
43.8195% accepted

energy = -3200.539058
energy/site = -3.636976203
43.7991% accepted

energy = -1757.959631
energy/site = -1.997681399
43.8252% accepted

energy = -10380.3823
energy/site = -11.79588897
43.9069% accepted

energy = -956.4624586
energy/site = -1.086889157
43.8563% accepted

energy = -1049.767073
energy/site = -1.192917129
43.7362% accepted

energy = -1364.446499
energy/site = -1.550507385
43.8411% accepted

energy = -5311.056255
energy/site = -6.035291199
43.7713% accepted

energy = -4759.681635
energy/site = -5.40872913
43.8581% accepted

energy = -2784.278335
energy/site = -3.163952654
43.8033% accepted

energy = -1348.885436
energy/site = -1.532824359
43.8136% accepted

energy = -548.081815
energy/site = -0.6228202443
44.0573% accepted

energy = -298.1642256
energy/site = -0.3388229836
43.8286% accepted

energy = -1546.717972
energy/site = -1.757634059
43.7026% accepted

energy = -1071.870117
energy/site = -1.218034224
43.8706% accepted

energy = -1714.646455
energy/site = -1.948461881
43.8335% accepted

energy = -6410.517096
energy/site = -7.284678519
43.911% accepted

energy = -4914.44108
energy/site = -5.584592136
43.7248% accepted

energy = -223.5689756
energy/site = -0.2540556541
43.928% accepted

energy = -794.9590828
energy/site = -0.9033625941
43.7127% accepted

energy = -6699.280007
energy/site = -7.61281819
43.8354% accepted

energy = -5124.316228
energy/site = -5.823086623
43.8145% accepted

energy = -7766.18355
energy/site = -8.82520858
43.7773% accepted

energy = -837.1430036
energy/site = -0.9512988678
43.8232% accepted

energy = -4073.059435
energy/site = -4.628476631
43.8461% accepted

energy = -1984.955442
energy/site = -2.255631184
43.8187% accepted

energy = -1545.735247
energy/site = -1.756517327
44.0118% accepted

energy = -762.0886279
energy/site = -0.8660098044
43.7529% accepted

energy = -1496.818905
energy/site = -1.700930574
43.8184% accepted

energy = -1807.950121
energy/site = -2.054488774
43.7691% accepted

energy = -4145.528899
energy/site = -4.710828295
43.8059% accepted

energy = -2196.207154
energy/site = -2.495689948
43.9374% accepted

energy = -1397.633388
energy/site = -1.588219759
43.7514% accepted

energy = -738.6533846
energy/site = -0.8393788462
43.7438% accepted

energy = -1987.768559
energy/site = -2.258827908
43.8405% accepted

energy = -1651.222125
energy/site = -1.876388778
43.9222% accepted

energy = -4322.507487
energy/site = -4.911940326
43.9061% accepted

energy = -599.6518313
energy/site = -0.6814225355
43.7077% accepted

energy = -678.2541778
energy/site = -0.7707433838
43.8395% accepted

energy = -178.2640518
energy/site = -0.2025727861
43.9362% accepted

energy = -2780.141828
energy/site = -3.159252077
43.9503% accepted

energy = -8826.293695
energy/site = -10.0298792
43.7965% accepted

energy = -1316.453832
energy/site = -1.495970264
43.829% accepted

energy = -1670.686805
energy/site = -1.898507733
43.9378% accepted

energy = -669.1716715
energy/site = -0.7604223539
43.8226% accepted

energy = -2384.32935
energy/site = -2.70946517
43.9549% accepted

energy = -7996.296017
energy/site = -9.086700019
43.8324% accepted

energy = -285.0371749
energy/site = -0.3239058806
43.8378% accepted

energy = -776.4314251
energy/site = -0.8823084376
43.9718% accepted

energy = -1026.15415
energy/site = -1.166084261
43.844% accepted

energy = -3046.267419
energy/site = -3.461667522
43.8958% accepted

energy = -962.5828324
energy/site = -1.093844128
43.9361% accepted

energy = -545.7917972
energy/site = -0.6202179514
43.8318% accepted

energy = -1703.924198
energy/site = -1.936277498
43.8234% accepted

energy = -811.6310489
energy/site = -0.9223080101
43.6936% accepted

energy = -19942.25063
energy/site = -22.66164844
43.9301% accepted

energy = -22258.47009
energy/site = -25.29371602
43.8346% accepted

energy = -2229.662921
energy/site = -2.533707864
43.7693% accepted

energy = -1158.77253
energy/site = -1.316786966
43.8551% accepted

energy = -1047.21506
energy/site = -1.190017114
43.8475% accepted

energy = -670.3990125
energy/site = -0.7618170597
43.8625% accepted

energy = -7066.925225
energy/site = -8.030596846
43.7923% accepted

energy = -5007.446732
energy/site = -5.690280377
43.872% accepted

energy = -3335.210348
energy/site = -3.790011759
43.9906% accepted

energy = -844.1856196
energy/site = -0.9593018404
43.9812% accepted

energy = -2243.755591
energy/site = -2.549722262
43.7971% accepted

energy = -2950.657088
energy/site = -3.353019418
43.9288% accepted

energy = -1753.822014
energy/site = -1.992979561
43.8296% accepted

energy = -637.9693574
energy/site = -0.7249651789
43.8103% accepted

energy = -856.0381824
energy/site = -0.9727706618
43.8938% accepted

energy = -639.7985577
energy/site = -0.7270438156
43.735% accepted

energy = -3496.911089
energy/site = -3.973762602
43.7042% accepted

energy = -544.2164049
energy/site = -0.6184277328
43.7761% accepted

energy = -1212.044399
energy/site = -1.377323181
43.8038% accepted

energy = -800.3840514
energy/site = -0.9095273311
43.8307% accepted

energy = -117.0184145
energy/site = -0.132975471
43.8974% accepted

energy = -1387.987321
energy/site = -1.577258319
43.7007% accepted

energy = -1682.994651
energy/site = -1.912493921
43.9288% accepted

energy = -879.6104983
energy/site = -0.9995573845
43.9931% accepted

energy = -1044.25312
energy/site = -1.186651273
43.7913% accepted

energy = -6096.828774
energy/site = -6.928214516
43.9063% accepted

energy = -237.118543
energy/site = -0.2694528898
43.8419% accepted

energy = -885.6159345
energy/site = -1.006381744
43.8274% accepted

energy = -2358.505132
energy/site = -2.680119468
43.753% accepted

energy = -278.1474438
energy/site = -0.3160766407
43.9654% accepted

energy = -5453.970357
energy/site = -6.197693587
43.7442% accepted

energy = -1563.746888
energy/site = -1.776985099
43.8535% accepted

energy = -2369.125167
energy/site = -2.69218769
43.8069% accepted

energy = -5125.340865
energy/site = -5.824250983
43.8342% accepted

energy = -7535.911323
energy/site = -8.563535594
43.7694% accepted

energy = -5380.152194
energy/site = -6.113809311
43.7646% accepted

energy = -402.9159236
energy/site = -0.4578590041
43.735% accepted

energy = -1674.407504
energy/site = -1.902735801
43.6971% accepted

energy = -1364.996808
energy/site = -1.551132737
43.9619% accepted

energy = -3645.489109
energy/site = -4.14260126
43.924% accepted

energy = -452.3027635
energy/site = -0.513980413
43.857% accepted

energy = -1985.622851
energy/site = -2.256389603
43.8324% accepted

energy = -762.3335275
energy/site = -0.8662880994
43.9027% accepted

energy = -927.4050588
energy/site = -1.053869385
43.9421% accepted

energy = -827.8522044
energy/site = -0.9407411413
43.7871% accepted

energy = -2121.638671
energy/site = -2.410953035
43.8789% accepted

energy = -14552.06844
energy/site = -16.53644141
43.8376% accepted

energy = -577.3952863
energy/site = -0.6561310071
43.9473% accepted

energy = -6081.408398
energy/site = -6.910691361
43.7819% accepted

energy = -1352.774708
energy/site = -1.537243987
43.8829% accepted

energy = -3563.627107
energy/site = -4.049576258
43.9793% accepted

energy = -428.325156
energy/site = -0.4867331318
43.7777% accepted

energy = -846.307213
energy/site = -0.961712742
43.7216% accepted

energy = -3374.849455
energy/site = -3.835056199
43.8175% accepted

energy = -1768.015531
energy/site = -2.009108558
43.7864% accepted

energy = -856.4702591
energy/site = -0.973261658
43.9786% accepted

energy = -747.2938922
energy/site = -0.8491976047
43.9195% accepted

energy = -889.5665391
energy/site = -1.010871067
43.8323% accepted

energy = -319.1255179
energy/site = -0.3626426339
43.8814% accepted

energy = -3549.39618
energy/site = -4.03340475
43.8783% accepted

energy = -721.0436021
energy/site = -0.8193677296
43.8395% accepted

energy = -16292.63019
energy/site = -18.51435249
43.8692% accepted

energy = -4287.90068
energy/site = -4.87261441
43.8416% accepted

energy = -2167.077448
energy/site = -2.462588009
43.8677% accepted

energy = -1224.406335
energy/site = -1.391370835
43.871% accepted

energy = -2175.573574
energy/site = -2.472242697
43.9234% accepted

energy = -187.9716794
energy/site = -0.2136041811
43.9362% accepted

energy = -4913.642169
energy/site = -5.583684283
43.8474% accepted

energy = -926.2151056
energy/site = -1.052517166
44.0023% accepted

energy = -1038.580329
energy/site = -1.18020492
43.9212% accepted

energy = -2741.342471
energy/site = -3.115161899
43.9508% accepted

energy = -709.0230323
energy/site = -0.8057079913
43.7803% accepted

energy = -1029.443131
energy/site = -1.16982174
43.8824% accepted

energy = -970.5617945
energy/site = -1.10291113
43.8581% accepted

energy = -1035.132935
energy/site = -1.176287427
43.788% accepted

energy = -411.378848
energy/site = -0.4674759637
43.8989% accepted

energy = -1940.770467
energy/site = -2.205420985
43.9228% accepted

energy = -2877.200452
energy/site = -3.269545968
43.6379% accepted

energy = -1789.852594
energy/site = -2.033923402
43.9499% accepted

energy = -2721.632578
energy/site = -3.092764293
43.8568% accepted

energy = -3721.914282
energy/site = -4.229448048
43.8966% accepted

energy = -3250.511967
energy/site = -3.693763599
43.9364% accepted

energy = -1248.299168
energy/site = -1.418521782
43.9135% accepted

energy = -3389.443677
energy/site = -3.851640542
43.7343% accepted

energy = -1505.171212
energy/site = -1.710421831
43.8186% accepted

energy = -554.3263774
energy/site = -0.6299163379
43.7864% accepted

energy = -292.7927834
energy/site = -0.332719072
43.7764% accepted

energy = -3735.526018
energy/site = -4.244915929
43.8857% accepted

energy = -2597.228165
energy/site = -2.951395642
43.8491% accepted

energy = -988.1452957
energy/site = -1.122892381
43.736% accepted

energy = -4509.915946
energy/site = -5.124904484
43.6957% accepted

energy = -3135.913685
energy/site = -3.563538279
43.8891% accepted

energy = -2628.790306
energy/site = -2.987261711
43.7971% accepted

energy = -1294.212502
energy/site = -1.470696025
43.9757% accepted

energy = -560.9770748
energy/site = -0.6374739486
43.7708% accepted

energy = -1330.299398
energy/site = -1.511703861
43.8304% accepted

energy = -2665.574545
energy/site = -3.029061983
43.7126% accepted

User defined signal 2

------------------------------------------------------------
Sender: LSF System <lsfadmin@wha416>
Subject: Job 5493574: <./torus03> Exited

Job <./torus03> was submitted from host <wha781> by user <akallin>.
Job was executed on host(s) <wha416>, in queue <serial>, as user <akallin>.
</home/akallin> was used as the home directory.
</work/akallin/TORUS/OBC/11leg/03> was used as the working directory.
Started at Wed Aug 11 14:43:03 2010
Results reported at Wed Aug 18 15:01:37 2010

Your job looked like:

------------------------------------------------------------
# LSBATCH: User input
./torus03
------------------------------------------------------------

TERM_RUNLIMIT: job killed after reaching LSF run time limit.
Exited with exit code 140.

Resource usage summary:

    CPU time   : 396253.00 sec.
    Max Memory :         6 MB
    Max Swap   :       122 MB

    Max Processes  :         4
    Max Threads    :         4

The output (if any) is above this job summary.


weighting by <swap_x> where x = 3
11 x 40 x 1 system
r   = 3  bondops changed per step 
n/N = 80  bond operators / site
its = 1000000  iterations/loop for 100000 loops

