
weighting by <swap_x> where x = 7
4 x 16 x 1 system
r   = 3  bondops changed per step 
n/N = 80  bond operators / site
its = 1000000  iterations/loop for 10000 loops

energy = -126.3780834
energy/site = -0.9873287769
44.2985% accepted

energy = -197.0027171
energy/site = -1.539083727
44.1358% accepted

energy = -165.8912681
energy/site = -1.296025532
44.124% accepted

energy = -296.5845092
energy/site = -2.317066478
44.1757% accepted

energy = -100.8184106
energy/site = -0.7876438326
44.0377% accepted

energy = -190.1244969
energy/site = -1.485347632
44.0918% accepted

energy = -105.8866008
energy/site = -0.8272390687
44.1857% accepted

energy = -95.79005761
energy/site = -0.7483598251
44.1059% accepted

energy = -215.2839906
energy/site = -1.681906177
44.1109% accepted

energy = -143.9410425
energy/site = -1.124539395
43.9854% accepted

energy = -224.1818623
energy/site = -1.751420799
43.9743% accepted

energy = -131.554757
energy/site = -1.027771539
44.0348% accepted

energy = -310.5092113
energy/site = -2.425853213
44.0789% accepted

energy = -122.0895075
energy/site = -0.9538242776
44.0572% accepted

energy = -182.7782601
energy/site = -1.427955157
43.9711% accepted

energy = -142.0456625
energy/site = -1.109731738
44.159% accepted

energy = -266.0480143
energy/site = -2.078500111
43.985% accepted

energy = -227.6798734
energy/site = -1.778749011
44.082% accepted

energy = -341.7249978
energy/site = -2.669726545
43.942% accepted

energy = -182.48696
energy/site = -1.425679375
44.0637% accepted

energy = -124.9706471
energy/site = -0.9763331805
44.072% accepted

energy = -263.1299619
energy/site = -2.055702827
44.1554% accepted

energy = -106.4199748
energy/site = -0.8314060531
44.0029% accepted

energy = -249.1297066
energy/site = -1.946325833
44.0947% accepted

energy = -285.648265
energy/site = -2.23162707
44.0763% accepted

energy = -198.7120242
energy/site = -1.552437689
44.1609% accepted

energy = -140.2031845
energy/site = -1.095337379
44.1766% accepted

energy = -311.2857206
energy/site = -2.431919692
44.0444% accepted

energy = -126.1408309
energy/site = -0.9854752416
44.0602% accepted

energy = -463.3530136
energy/site = -3.619945418
43.9702% accepted

energy = -147.9236855
energy/site = -1.155653793
44.118% accepted

energy = -101.4036317
energy/site = -0.7922158726
44.191% accepted

energy = -107.6105584
energy/site = -0.8407074873
44.0991% accepted

energy = -93.57053908
energy/site = -0.7310198366
44.0902% accepted

energy = -226.0681197
energy/site = -1.766157185
44.1843% accepted

energy = -169.5086054
energy/site = -1.32428598
44.0103% accepted

energy = -139.179623
energy/site = -1.087340805
43.965% accepted

energy = -232.2224609
energy/site = -1.814237976
44.0024% accepted

energy = -138.4625726
energy/site = -1.081738848
44.1311% accepted

energy = -91.56175751
energy/site = -0.7153262305
44.1301% accepted

energy = -95.54670403
energy/site = -0.7464586252
43.8127% accepted

energy = -238.2826953
energy/site = -1.861583557
44.0331% accepted

energy = -95.82621245
energy/site = -0.7486422848
44.1632% accepted

energy = -287.6484341
energy/site = -2.247253391
44.159% accepted

energy = -307.5864259
energy/site = -2.403018952
44.0945% accepted

energy = -150.5114102
energy/site = -1.175870392
44.1493% accepted

energy = -134.584496
energy/site = -1.051441375
43.9983% accepted

energy = -162.7405651
energy/site = -1.271410665
44.1333% accepted

energy = -126.4072632
energy/site = -0.987556744
44.0463% accepted

energy = -82.92055993
energy/site = -0.6478168744
44.1935% accepted

energy = -347.2577466
energy/site = -2.712951146
44.1528% accepted

energy = -102.8965463
energy/site = -0.8038792681
43.9688% accepted

energy = -103.6314249
energy/site = -0.8096205069
44.0542% accepted

energy = -304.9797044
energy/site = -2.38265394
44.108% accepted

energy = -154.458443
energy/site = -1.206706586
44.0389% accepted

energy = -144.3891636
energy/site = -1.12804034
44.0526% accepted

energy = -110.0053754
energy/site = -0.8594169957
43.956% accepted

energy = -209.4714906
energy/site = -1.63649602
44.0372% accepted

energy = -125.8991641
energy/site = -0.9835872194
44.074% accepted

energy = -97.25874751
energy/site = -0.7598339649
43.8914% accepted

energy = -416.877473
energy/site = -3.256855258
44.1313% accepted

energy = -98.5587091
energy/site = -0.7699899149
44.0559% accepted

energy = -131.717247
energy/site = -1.029040992
44.1114% accepted

energy = -128.1766275
energy/site = -1.001379903
43.9986% accepted

energy = -177.4274309
energy/site = -1.386151804
44.0751% accepted

energy = -208.1595652
energy/site = -1.626246603
44.1945% accepted

energy = -160.9203523
energy/site = -1.257190253
44.03% accepted

energy = -189.325765
energy/site = -1.479107539
44.0814% accepted

energy = -231.0533711
energy/site = -1.805104461
43.9998% accepted

energy = -258.9152752
energy/site = -2.022775587
43.992% accepted

energy = -252.0986054
energy/site = -1.969520355
44.1574% accepted

energy = -98.79717617
energy/site = -0.7718529388
43.9546% accepted

energy = -104.0436122
energy/site = -0.8128407206
44.1946% accepted

energy = -90.5157144
energy/site = -0.7071540187
44.0816% accepted

energy = -189.6434248
energy/site = -1.481589257
44.1306% accepted

energy = -123.5571724
energy/site = -0.9652904091
44.1555% accepted

energy = -120.4567818
energy/site = -0.9410686081
43.9635% accepted

energy = -118.6406301
energy/site = -0.9268799228
44.0484% accepted

energy = -168.4978252
energy/site = -1.316389259
44.0859% accepted

energy = -207.038914
energy/site = -1.617491516
44.0612% accepted

energy = -100.526009
energy/site = -0.7853594453
44.2114% accepted

energy = -105.02201
energy/site = -0.820484453
44.1161% accepted

energy = -101.1407276
energy/site = -0.7901619346
44.096% accepted

energy = -146.9466604
energy/site = -1.148020784
44.1124% accepted

energy = -139.9596966
energy/site = -1.09343513
44.0077% accepted

energy = -61.94834627
energy/site = -0.4839714552
44.2744% accepted

energy = -66.91465949
energy/site = -0.5227707772
44.0489% accepted

energy = -261.4631379
energy/site = -2.042680765
44.0267% accepted

energy = -155.4414093
energy/site = -1.21438601
44.1692% accepted

energy = -159.5293152
energy/site = -1.246322775
44.0772% accepted

energy = -133.1832178
energy/site = -1.040493889
44.1218% accepted

energy = -151.643909
energy/site = -1.184718039
44.1125% accepted

energy = -140.2400696
energy/site = -1.095625544
44.0376% accepted

energy = -106.861958
energy/site = -0.8348590469
44.0854% accepted

energy = -85.07670715
energy/site = -0.6646617746
44.0681% accepted

energy = -164.4441903
energy/site = -1.284720237
44.0866% accepted

energy = -128.130584
energy/site = -1.001020188
44.0861% accepted

energy = -112.6825798
energy/site = -0.8803326548
44.0158% accepted

energy = -159.2229969
energy/site = -1.243929663
44.2006% accepted

energy = -109.8978854
energy/site = -0.8585772298
44.0994% accepted

energy = -193.9077611
energy/site = -1.514904383
44.0251% accepted

energy = -210.6684908
energy/site = -1.645847584
44.1285% accepted

energy = -97.36597691
energy/site = -0.7606716946
44.2509% accepted

energy = -94.17025853
energy/site = -0.7357051448
44.0735% accepted

energy = -112.827072
energy/site = -0.8814614998
43.8925% accepted

energy = -172.0167019
energy/site = -1.343880483
44.0721% accepted

energy = -94.57427396
energy/site = -0.7388615153
44.0179% accepted

energy = -168.7013115
energy/site = -1.317978996
44.0789% accepted

energy = -152.7032204
energy/site = -1.192993909
44.1328% accepted

energy = -219.3705575
energy/site = -1.71383248
44.041% accepted

energy = -236.3606925
energy/site = -1.84656791
44.1457% accepted

energy = -130.8634707
energy/site = -1.022370865
44.0934% accepted

energy = -125.4807283
energy/site = -0.9803181898
43.9809% accepted

energy = -106.1106084
energy/site = -0.8289891281
44.0673% accepted

energy = -344.4290114
energy/site = -2.690851652
44.1462% accepted

energy = -160.5960702
energy/site = -1.254656798
44.0149% accepted

energy = -130.2639505
energy/site = -1.017687114
44.0517% accepted

energy = -71.41014459
energy/site = -0.5578917546
44.1179% accepted

energy = -149.4034194
energy/site = -1.167214214
44.2825% accepted

energy = -118.9289252
energy/site = -0.9291322285
44.121% accepted

energy = -218.1910118
energy/site = -1.70461728
44.2193% accepted

energy = -151.4782799
energy/site = -1.183424062
44.0641% accepted

energy = -176.649476
energy/site = -1.380074031
44.1354% accepted

energy = -114.3929583
energy/site = -0.8936949866
44.0514% accepted

energy = -100.1198679
energy/site = -0.7821864677
44.1694% accepted

energy = -56.1566155
energy/site = -0.4387235586
44.0604% accepted

energy = -122.3230295
energy/site = -0.9556486678
43.9799% accepted

energy = -181.7856474
energy/site = -1.42020037
43.9582% accepted

energy = -252.2104205
energy/site = -1.97039391
44.0481% accepted

energy = -210.9837036
energy/site = -1.648310184
44.0753% accepted

energy = -110.9112588
energy/site = -0.8664942094
44.1359% accepted

energy = -105.6899574
energy/site = -0.825702792
44.2283% accepted

energy = -111.4722455
energy/site = -0.8708769183
44.1411% accepted

energy = -144.1037103
energy/site = -1.125810237
44.1013% accepted

energy = -146.089452
energy/site = -1.141323844
44.215% accepted

energy = -185.2201688
energy/site = -1.447032569
44.1574% accepted

energy = -232.3242971
energy/site = -1.815033571
44.0629% accepted

energy = -140.6185815
energy/site = -1.098582668
44.1216% accepted

energy = -145.500267
energy/site = -1.136720836
43.9803% accepted

energy = -99.26847834
energy/site = -0.775534987
44.1283% accepted

energy = -162.0322482
energy/site = -1.265876939
43.992% accepted

energy = -172.2956807
energy/site = -1.346060006
43.9942% accepted

energy = -161.8786733
energy/site = -1.264677135
44.276% accepted

energy = -183.6133409
energy/site = -1.434479226
44.0348% accepted

energy = -121.0513741
energy/site = -0.94571386
43.9949% accepted

energy = -125.7639201
energy/site = -0.9825306258
44.1573% accepted

energy = -178.7408536
energy/site = -1.396412919
44.0624% accepted

energy = -85.39046724
energy/site = -0.6671130253
44.2091% accepted

energy = -103.5699166
energy/site = -0.8091399738
44.1787% accepted

energy = -179.5232886
energy/site = -1.402525692
44.0116% accepted

energy = -98.56975687
energy/site = -0.7700762256
44.1589% accepted

energy = -237.3327445
energy/site = -1.854162067
44.0703% accepted

energy = -115.0535423
energy/site = -0.8988557993
44.0399% accepted

energy = -117.2933189
energy/site = -0.9163540539
44.0487% accepted

energy = -168.6224086
energy/site = -1.317362567
44.0528% accepted

energy = -74.26003531
energy/site = -0.5801565259
43.9671% accepted

energy = -95.86670947
energy/site = -0.7489586677
44.2098% accepted

energy = -129.1453388
energy/site = -1.00894796
44.0577% accepted

energy = -96.96612005
energy/site = -0.7575478129
43.9422% accepted

energy = -79.62961809
energy/site = -0.6221063913
44.1695% accepted

energy = -226.994134
energy/site = -1.773391672
44.0686% accepted

energy = -196.3225232
energy/site = -1.533769712
43.9496% accepted

energy = -261.100162
energy/site = -2.039845015
44.1962% accepted

energy = -155.7719594
energy/site = -1.216968433
44.0369% accepted

energy = -91.86075593
energy/site = -0.7176621557
43.9675% accepted

energy = -131.0763467
energy/site = -1.024033959
44.0775% accepted

energy = -119.0783633
energy/site = -0.9302997136
44.0578% accepted

energy = -103.1526261
energy/site = -0.8058798917
44.1622% accepted

energy = -89.4160136
energy/site = -0.6985626063
44.1104% accepted

energy = -133.7198567
energy/site = -1.04468638
44.255% accepted

energy = -215.0179217
energy/site = -1.679827513
43.8452% accepted

energy = -127.3609552
energy/site = -0.9950074623
44.0763% accepted

energy = -83.17090068
energy/site = -0.6497726615
44.1871% accepted

energy = -140.1018536
energy/site = -1.094545731
44.0455% accepted

energy = -188.5554428
energy/site = -1.473089397
43.9768% accepted

energy = -120.8364373
energy/site = -0.9440346666
44.119% accepted

energy = -124.3378371
energy/site = -0.9713893523
43.9967% accepted

energy = -156.2887591
energy/site = -1.22100593
44.0405% accepted

energy = -160.6090686
energy/site = -1.254758348
43.9714% accepted

energy = -214.3022009
energy/site = -1.674235945
44.1314% accepted

energy = -130.578321
energy/site = -1.020143133
44.0509% accepted

energy = -174.0495557
energy/site = -1.359762154
44.084% accepted

energy = -184.6953214
energy/site = -1.442932198
44.1846% accepted

energy = -171.7013981
energy/site = -1.341417173
44.0584% accepted

energy = -170.5701901
energy/site = -1.33257961
43.98% accepted

energy = -209.3458146
energy/site = -1.635514177
44.0695% accepted

energy = -85.44590322
energy/site = -0.6675461189
44.1317% accepted

energy = -183.7430028
energy/site = -1.435492209
43.9492% accepted

energy = -113.4914874
energy/site = -0.8866522456
44.1558% accepted

energy = -126.5702109
energy/site = -0.9888297728
44.1097% accepted

energy = -91.95828008
energy/site = -0.7184240631
44.1613% accepted

energy = -103.6156789
energy/site = -0.8094974915
43.8668% accepted

energy = -127.3267726
energy/site = -0.994740411
44.0192% accepted

energy = -152.4396025
energy/site = -1.190934395
44.0321% accepted

energy = -121.8390238
energy/site = -0.9518673734
43.9986% accepted

energy = -107.6604616
energy/site = -0.8410973564
44.0391% accepted

energy = -144.421768
energy/site = -1.128295063
44.1799% accepted

energy = -87.29081197
energy/site = -0.6819594685
44.1732% accepted

energy = -153.7443175
energy/site = -1.201127481
44.2841% accepted

energy = -109.4285073
energy/site = -0.8549102129
44.2845% accepted

energy = -151.4092162
energy/site = -1.182884502
44.0619% accepted

energy = -69.07836807
energy/site = -0.5396747506
44.0914% accepted

energy = -132.9953336
energy/site = -1.039026043
44.1694% accepted

energy = -130.2819886
energy/site = -1.017828036
44.0639% accepted

energy = -211.4693641
energy/site = -1.652104407
44.1652% accepted

energy = -149.2019782
energy/site = -1.165640455
44.1475% accepted

energy = -286.0090088
energy/site = -2.234445381
44.0896% accepted

energy = -171.355262
energy/site = -1.338712984
44.0851% accepted

energy = -201.1878553
energy/site = -1.57178012
43.9956% accepted

energy = -184.6318265
energy/site = -1.442436144
44.2019% accepted

energy = -200.2460655
energy/site = -1.564422387
44.17% accepted

energy = -169.4887318
energy/site = -1.324130717
44.0128% accepted

energy = -173.4552116
energy/site = -1.355118841
44.1627% accepted

energy = -111.2181133
energy/site = -0.8688915099
44.0097% accepted

energy = -260.8693844
energy/site = -2.038042066
44.1165% accepted

energy = -125.0085957
energy/site = -0.9766296542
44.075% accepted

energy = -189.2380428
energy/site = -1.47842221
44.033% accepted

energy = -121.505147
energy/site = -0.9492589608
44.0811% accepted

energy = -107.3898341
energy/site = -0.838983079
43.9797% accepted

energy = -691.0074349
energy/site = -5.398495585
44.0794% accepted

energy = -137.4912767
energy/site = -1.074150599
44.1348% accepted

