
weighting by <swap_x> where x = 0
7 x 28 x 1 system
r   = 3  bondops changed per step 
n/N = 80  bond operators / site
its = 1000000  iterations/loop for 10000 loops

energy = -148.344249
energy/site = -0.3784292066
44.8126% accepted

energy = -146.0388956
energy/site = -0.3725482031
44.4027% accepted

energy = -148.9079798
energy/site = -0.3798672953
44.4302% accepted

energy = -145.2387259
energy/site = -0.3705069538
44.3403% accepted

energy = -144.8073667
energy/site = -0.3694065478
44.3496% accepted

energy = -146.9193791
energy/site = -0.3747943345
44.3309% accepted

energy = -145.6474991
energy/site = -0.3715497427
44.4084% accepted

energy = -145.4390775
energy/site = -0.3710180548
44.3856% accepted

energy = -143.604
energy/site = -0.3663367347
44.2959% accepted

energy = -145.9105793
energy/site = -0.3722208654
44.2528% accepted

energy = -146.025444
energy/site = -0.3725138878
44.4625% accepted

energy = -144.4741519
energy/site = -0.3685565099
44.2788% accepted

energy = -146.3453632
energy/site = -0.3733300083
44.4346% accepted

energy = -145.5939465
energy/site = -0.3714131288
44.4277% accepted

energy = -146.9242061
energy/site = -0.3748066483
44.4268% accepted

energy = -144.978123
energy/site = -0.3698421505
44.4028% accepted

energy = -143.8664167
energy/site = -0.3670061652
44.2762% accepted

energy = -146.9722125
energy/site = -0.3749291135
44.3817% accepted

energy = -145.2785194
energy/site = -0.3706084678
44.2442% accepted

energy = -144.777492
energy/site = -0.3693303367
44.4323% accepted

energy = -145.5906491
energy/site = -0.3714047172
44.2954% accepted

energy = -145.2146156
energy/site = -0.370445448
44.1949% accepted

energy = -144.8029024
energy/site = -0.3693951591
44.333% accepted

energy = -145.2052819
energy/site = -0.3704216374
44.3759% accepted

energy = -146.4098393
energy/site = -0.3734944879
44.3806% accepted

energy = -145.7718139
energy/site = -0.3718668721
44.486% accepted

energy = -145.2066975
energy/site = -0.3704252487
44.4257% accepted

energy = -145.4479571
energy/site = -0.371040707
44.3875% accepted

energy = -147.5795722
energy/site = -0.3764785006
44.3627% accepted

energy = -145.2887212
energy/site = -0.370634493
44.3722% accepted

energy = -144.341019
energy/site = -0.3682168852
44.4575% accepted

energy = -147.061305
energy/site = -0.3751563903
44.3524% accepted

energy = -148.3110604
energy/site = -0.3783445418
44.4646% accepted

energy = -147.1194922
energy/site = -0.3753048272
44.3196% accepted

energy = -147.4613629
energy/site = -0.3761769461
44.4033% accepted

energy = -146.5316137
energy/site = -0.3738051371
44.4512% accepted

energy = -145.2056272
energy/site = -0.3704225185
44.2754% accepted

energy = -145.8490343
energy/site = -0.3720638629
44.5474% accepted

energy = -146.1948488
energy/site = -0.3729460427
44.3005% accepted

energy = -146.241255
energy/site = -0.373064426
44.3908% accepted

energy = -147.3443423
energy/site = -0.3758784241
44.376% accepted

energy = -145.5285454
energy/site = -0.3712462892
44.325% accepted

energy = -146.9699018
energy/site = -0.3749232188
44.4163% accepted

energy = -143.0246044
energy/site = -0.3648586846
44.171% accepted

energy = -145.1814593
energy/site = -0.3703608654
44.4726% accepted

energy = -144.3230314
energy/site = -0.3681709984
44.4058% accepted

energy = -144.7732747
energy/site = -0.3693195784
44.3119% accepted

energy = -144.216633
energy/site = -0.367899574
44.4638% accepted

energy = -146.0900145
energy/site = -0.3726786084
44.2798% accepted

energy = -147.3826695
energy/site = -0.3759761977
44.4038% accepted

energy = -148.2013496
energy/site = -0.3780646674
44.4135% accepted

energy = -145.6007321
energy/site = -0.3714304391
44.4097% accepted

energy = -144.1337021
energy/site = -0.3676880156
44.2814% accepted

energy = -146.9120407
energy/site = -0.3747756142
44.4506% accepted

energy = -146.2038465
energy/site = -0.3729689962
44.2879% accepted

energy = -147.014652
energy/site = -0.3750373776
44.2909% accepted

energy = -145.4900265
energy/site = -0.3711480268
44.3068% accepted

energy = -145.6958108
energy/site = -0.3716729866
44.2084% accepted

energy = -145.5660488
energy/site = -0.3713419611
44.3563% accepted

energy = -146.1914025
energy/site = -0.3729372513
44.4039% accepted

energy = -146.4885319
energy/site = -0.3736952344
44.2652% accepted

energy = -146.059083
energy/site = -0.3725997015
44.3551% accepted

energy = -144.5163334
energy/site = -0.3686641158
44.4171% accepted

energy = -145.613532
energy/site = -0.3714630918
44.3346% accepted

energy = -149.5936162
energy/site = -0.381616368
44.241% accepted

energy = -149.7313699
energy/site = -0.3819677803
44.4036% accepted

energy = -146.1959033
energy/site = -0.3729487328
44.2419% accepted

energy = -146.3266755
energy/site = -0.3732823355
44.3879% accepted

energy = -146.1485003
energy/site = -0.3728278068
44.3078% accepted

energy = -144.516732
energy/site = -0.3686651327
44.2976% accepted

energy = -146.7970361
energy/site = -0.374482235
44.5094% accepted

energy = -147.0755355
energy/site = -0.3751926926
44.5606% accepted

energy = -147.8667206
energy/site = -0.377211022
44.3745% accepted

energy = -146.6096591
energy/site = -0.3740042325
44.3618% accepted

energy = -146.134323
energy/site = -0.3727916403
44.2791% accepted

energy = -143.8966331
energy/site = -0.3670832478
44.3684% accepted

energy = -145.3256254
energy/site = -0.3707286362
44.4265% accepted

energy = -143.486904
energy/site = -0.3660380204
44.4227% accepted

energy = -145.9134019
energy/site = -0.372228066
44.3792% accepted

energy = -147.1012808
energy/site = -0.3752583693
44.3848% accepted

energy = -149.0704373
energy/site = -0.3802817277
44.3347% accepted

energy = -146.5344757
energy/site = -0.3738124381
44.336% accepted

energy = -145.4161556
energy/site = -0.3709595807
44.4159% accepted

energy = -148.1840415
energy/site = -0.378020514
44.2861% accepted

energy = -146.2780826
energy/site = -0.373158374
44.4366% accepted

energy = -147.0479393
energy/site = -0.375122294
44.4133% accepted

energy = -147.4614157
energy/site = -0.376177081
44.2997% accepted

energy = -145.5577601
energy/site = -0.3713208166
44.4071% accepted

energy = -147.8356429
energy/site = -0.377131742
44.2211% accepted

energy = -146.1834112
energy/site = -0.3729168654
44.3334% accepted

energy = -146.4619421
energy/site = -0.3736274034
44.3146% accepted

energy = -145.4578365
energy/site = -0.3710659094
44.2689% accepted

energy = -146.4674246
energy/site = -0.3736413893
44.2654% accepted

energy = -145.1905961
energy/site = -0.3703841738
44.3584% accepted

energy = -142.9193141
energy/site = -0.3645900871
44.2322% accepted

energy = -147.72006
energy/site = -0.3768368878
44.2888% accepted

energy = -146.9864366
energy/site = -0.3749653996
44.4016% accepted

energy = -147.499827
energy/site = -0.3762750689
44.2363% accepted

energy = -145.9372646
energy/site = -0.3722889404
44.5546% accepted

energy = -147.0509933
energy/site = -0.3751300848
44.3044% accepted

energy = -145.1668005
energy/site = -0.3703234707
44.3963% accepted

energy = -145.3869998
energy/site = -0.3708852034
44.2418% accepted

energy = -145.1682139
energy/site = -0.3703270762
44.3992% accepted

energy = -148.0028089
energy/site = -0.3775581859
44.244% accepted

energy = -145.856484
energy/site = -0.3720828673
44.2777% accepted

energy = -146.941806
energy/site = -0.3748515459
44.5363% accepted

energy = -142.1671815
energy/site = -0.3626713814
44.426% accepted

energy = -143.5770427
energy/site = -0.3662679662
44.345% accepted

energy = -147.0820939
energy/site = -0.3752094232
44.3442% accepted

energy = -147.9510139
energy/site = -0.3774260558
44.3662% accepted

energy = -146.6103101
energy/site = -0.3740058932
44.419% accepted

energy = -148.3533221
energy/site = -0.3784523524
44.4786% accepted

energy = -147.5667799
energy/site = -0.376445867
44.4517% accepted

energy = -145.3999871
energy/site = -0.3709183345
44.4711% accepted

energy = -147.0772429
energy/site = -0.3751970482
44.2744% accepted

energy = -147.2821328
energy/site = -0.3757197264
44.2729% accepted

energy = -146.5176765
energy/site = -0.3737695829
44.3983% accepted

energy = -146.6899256
energy/site = -0.3742089939
44.607% accepted

energy = -146.6023939
energy/site = -0.3739856987
44.2388% accepted

energy = -146.1974149
energy/site = -0.372952589
44.4729% accepted

energy = -145.4080455
energy/site = -0.3709388916
44.3262% accepted

energy = -146.0594846
energy/site = -0.3726007261
44.192% accepted

energy = -143.5034629
energy/site = -0.3660802624
44.2888% accepted

energy = -146.6708662
energy/site = -0.3741603731
44.3654% accepted

energy = -148.4813591
energy/site = -0.3787789774
44.4026% accepted

energy = -144.6265909
energy/site = -0.3689453849
44.4529% accepted

energy = -147.7874006
energy/site = -0.3770086751
44.4052% accepted

energy = -149.2926641
energy/site = -0.380848633
44.3887% accepted

energy = -145.534767
energy/site = -0.3712621607
44.306% accepted

energy = -145.8732956
energy/site = -0.3721257541
44.2864% accepted

energy = -146.2264343
energy/site = -0.373026618
44.2912% accepted

energy = -146.6733679
energy/site = -0.3741667548
44.3262% accepted

energy = -145.7604971
energy/site = -0.3718380029
44.3702% accepted

energy = -146.020167
energy/site = -0.372500426
44.3322% accepted

energy = -148.6221585
energy/site = -0.3791381594
44.498% accepted

energy = -147.0420251
energy/site = -0.375107207
44.3062% accepted

energy = -146.0695001
energy/site = -0.3726262758
44.3788% accepted

energy = -147.941679
energy/site = -0.3774022423
44.3014% accepted

energy = -146.3048842
energy/site = -0.3732267455
44.3834% accepted

energy = -144.7742149
energy/site = -0.3693219767
44.3239% accepted

energy = -145.2474746
energy/site = -0.370529272
44.4466% accepted

energy = -146.7197272
energy/site = -0.3742850185
44.2424% accepted

energy = -146.6932103
energy/site = -0.3742173731
44.2392% accepted

energy = -148.4172064
energy/site = -0.3786153224
44.4051% accepted

energy = -147.2698342
energy/site = -0.3756883527
44.3048% accepted

energy = -146.5760595
energy/site = -0.3739185191
44.2186% accepted

energy = -145.8736774
energy/site = -0.372126728
44.2432% accepted

energy = -144.6009975
energy/site = -0.3688800957
44.4168% accepted

energy = -148.9293015
energy/site = -0.3799216875
44.3546% accepted

energy = -145.1740961
energy/site = -0.370342082
44.2431% accepted

energy = -144.7443979
energy/site = -0.3692459129
44.3572% accepted

energy = -146.48058
energy/site = -0.373674949
44.4654% accepted

energy = -145.9881652
energy/site = -0.3724187889
44.1899% accepted

energy = -144.5289454
energy/site = -0.3686962892
44.2716% accepted

energy = -146.5880932
energy/site = -0.3739492175
44.3983% accepted

energy = -146.6827444
energy/site = -0.3741906744
44.462% accepted

energy = -146.4955294
energy/site = -0.3737130851
44.3748% accepted

energy = -147.394626
energy/site = -0.376006699
44.4144% accepted

energy = -145.3492834
energy/site = -0.3707889882
44.3981% accepted

energy = -145.647492
energy/site = -0.3715497245
44.5248% accepted

energy = -145.6162376
energy/site = -0.3714699939
44.4164% accepted

energy = -147.5087828
energy/site = -0.3762979152
44.3729% accepted

energy = -145.2340155
energy/site = -0.3704949375
44.458% accepted

energy = -145.167405
energy/site = -0.3703250128
44.3065% accepted

energy = -146.6499836
energy/site = -0.3741071011
44.4585% accepted

energy = -145.0169884
energy/site = -0.3699412969
44.4469% accepted

energy = -146.7143779
energy/site = -0.3742713721
44.352% accepted

energy = -147.9060742
energy/site = -0.3773114139
44.2532% accepted

energy = -144.5439311
energy/site = -0.3687345182
44.3548% accepted

energy = -145.4646818
energy/site = -0.3710833718
44.5404% accepted

energy = -146.4455153
energy/site = -0.3735854981
44.257% accepted

energy = -146.414859
energy/site = -0.3735072934
44.4972% accepted

energy = -144.7795804
energy/site = -0.3693356642
44.2965% accepted

energy = -145.3599716
energy/site = -0.3708162541
44.4319% accepted

energy = -145.8638351
energy/site = -0.3721016202
44.4248% accepted

energy = -144.0874313
energy/site = -0.3675699777
44.2985% accepted

energy = -145.089426
energy/site = -0.3701260867
44.3457% accepted

energy = -147.4775355
energy/site = -0.3762182028
44.4415% accepted

energy = -146.5891658
energy/site = -0.3739519534
44.3841% accepted

energy = -145.499322
energy/site = -0.3711717398
44.4094% accepted

energy = -146.3529551
energy/site = -0.3733493753
44.3034% accepted

energy = -145.3680949
energy/site = -0.3708369767
44.4147% accepted

energy = -148.440996
energy/site = -0.3786760102
44.4766% accepted

energy = -146.5764994
energy/site = -0.3739196413
44.2541% accepted

energy = -144.5658431
energy/site = -0.3687904161
44.3948% accepted

energy = -147.5192227
energy/site = -0.3763245478
44.3798% accepted

energy = -146.9032867
energy/site = -0.3747532825
44.5214% accepted

energy = -145.9881555
energy/site = -0.372418764
44.2039% accepted

energy = -146.4117728
energy/site = -0.3734994203
44.3743% accepted

energy = -148.8091103
energy/site = -0.3796150772
44.3119% accepted

energy = -146.5053698
energy/site = -0.3737381881
44.4137% accepted

energy = -147.2472341
energy/site = -0.3756306993
44.4707% accepted

energy = -147.016329
energy/site = -0.3750416556
44.3602% accepted

energy = -146.9196142
energy/site = -0.3747949343
44.2191% accepted

energy = -147.6374006
energy/site = -0.376626022
44.4923% accepted

energy = -145.2996574
energy/site = -0.3706623913
44.3212% accepted

energy = -146.9508105
energy/site = -0.3748745166
44.4613% accepted

energy = -145.8624986
energy/site = -0.3720982108
44.4343% accepted

energy = -146.0883105
energy/site = -0.3726742615
44.3645% accepted

energy = -145.713006
energy/site = -0.371716852
44.3838% accepted

energy = -149.1149636
energy/site = -0.3803953154
44.2811% accepted

energy = -146.7562477
energy/site = -0.374378183
44.3712% accepted

energy = -146.4455314
energy/site = -0.3735855392
44.4324% accepted

energy = -145.3326784
energy/site = -0.3707466285
44.3485% accepted

energy = -144.4581664
energy/site = -0.3685157305
44.2473% accepted

energy = -145.452768
energy/site = -0.3710529796
44.321% accepted

energy = -145.8640687
energy/site = -0.3721022162
44.3072% accepted

energy = -148.3495763
energy/site = -0.3784427966
44.3658% accepted

energy = -148.7859656
energy/site = -0.3795560348
44.3051% accepted

energy = -144.9709897
energy/site = -0.3698239534
44.2853% accepted

energy = -145.6245746
energy/site = -0.3714912618
44.2226% accepted

energy = -145.03296
energy/site = -0.3699820408
44.3662% accepted

energy = -146.9131159
energy/site = -0.3747783568
44.4187% accepted

energy = -146.8788052
energy/site = -0.3746908297
44.3791% accepted

energy = -145.1099123
energy/site = -0.3701783476
44.2882% accepted

energy = -145.3358201
energy/site = -0.3707546432
44.3153% accepted

energy = -147.1451284
energy/site = -0.3753702254
44.3228% accepted

energy = -145.5863385
energy/site = -0.3713937207
44.238% accepted

energy = -146.9889229
energy/site = -0.374971742
44.2283% accepted

energy = -145.4871034
energy/site = -0.3711405698
44.4096% accepted

energy = -145.942665
energy/site = -0.3723027168
44.4474% accepted

energy = -146.4550245
energy/site = -0.3736097564
44.4545% accepted

energy = -146.9806462
energy/site = -0.3749506282
44.4008% accepted

energy = -146.0629549
energy/site = -0.3726095788
44.4183% accepted

energy = -144.2396561
energy/site = -0.3679583064
44.3322% accepted

energy = -142.4567858
energy/site = -0.3634101677
44.3628% accepted

energy = -146.9716669
energy/site = -0.3749277216
44.3295% accepted

energy = -144.5897044
energy/site = -0.3688512867
44.4036% accepted

energy = -146.7566096
energy/site = -0.3743791062
44.3316% accepted

energy = -146.3666134
energy/site = -0.3733842178
44.3246% accepted

energy = -146.7933431
energy/site = -0.3744728141
44.458% accepted

energy = -143.54601
energy/site = -0.366188801
44.3596% accepted

energy = -146.3527076
energy/site = -0.3733487439
44.2833% accepted

energy = -147.1268756
energy/site = -0.3753236623
44.3927% accepted

energy = -144.2269549
energy/site = -0.3679259053
44.3874% accepted

energy = -145.449924
energy/site = -0.3710457245
44.4564% accepted

energy = -147.4110776
energy/site = -0.3760486674
44.2752% accepted

energy = -146.8346723
energy/site = -0.3745782455
44.3925% accepted

energy = -148.4482612
energy/site = -0.378694544
44.3808% accepted

energy = -144.8756846
energy/site = -0.3695808281
44.3315% accepted

energy = -143.0929166
energy/site = -0.3650329506
44.406% accepted

energy = -146.0995594
energy/site = -0.3727029576
44.313% accepted

energy = -147.0377254
energy/site = -0.3750962382
44.4242% accepted

energy = -146.1918836
energy/site = -0.3729384786
44.4267% accepted

energy = -147.2445506
energy/site = -0.3756238536
44.3744% accepted

energy = -145.9050469
energy/site = -0.3722067522
44.2445% accepted

energy = -146.0623931
energy/site = -0.3726081457
44.3129% accepted

energy = -145.6720688
energy/site = -0.3716124203
44.3239% accepted

energy = -147.417105
energy/site = -0.3760640434
44.5304% accepted

energy = -147.4118347
energy/site = -0.3760505989
44.287% accepted

energy = -145.7153126
energy/site = -0.3717227363
44.4133% accepted

energy = -146.873364
energy/site = -0.374676949
44.3271% accepted

energy = -145.8584861
energy/site = -0.3720879748
44.3447% accepted

energy = -146.3238041
energy/site = -0.3732750105
44.3339% accepted

energy = -144.3031054
energy/site = -0.3681201668
44.3085% accepted

energy = -144.5237156
energy/site = -0.368682948
44.3538% accepted

energy = -148.1765107
energy/site = -0.3780013029
44.4479% accepted

energy = -147.3603135
energy/site = -0.3759191671
44.3235% accepted

energy = -144.621786
energy/site = -0.3689331276
44.4909% accepted

energy = -147.072804
energy/site = -0.3751857245
44.5744% accepted

energy = -146.708103
energy/site = -0.3742553648
44.3604% accepted

energy = -145.6024361
energy/site = -0.371434786
44.4292% accepted

energy = -147.4357601
energy/site = -0.376111633
44.4031% accepted

energy = -145.7843869
energy/site = -0.3718989461
44.3606% accepted

energy = -146.3598011
energy/site = -0.3733668396
44.3454% accepted

energy = -146.3295619
energy/site = -0.3732896987
44.4433% accepted

energy = -145.1432723
energy/site = -0.3702634496
44.5033% accepted

energy = -147.2188283
energy/site = -0.3755582353
44.3881% accepted

energy = -148.0140326
energy/site = -0.3775868179
44.3625% accepted

energy = -146.6211015
energy/site = -0.3740334222
44.3566% accepted

energy = -144.8142859
energy/site = -0.3694241987
44.4293% accepted

energy = -147.885405
energy/site = -0.3772586862
44.2474% accepted

energy = -146.8000822
energy/site = -0.3744900057
44.3731% accepted

energy = -145.5008205
energy/site = -0.3711755625
44.3679% accepted

energy = -148.2705847
energy/site = -0.3782412876
44.3921% accepted

energy = -147.6177439
energy/site = -0.3765758772
44.4345% accepted

energy = -146.7985151
energy/site = -0.374486008
44.3875% accepted

energy = -147.4472685
energy/site = -0.3761409911
44.4844% accepted

energy = -145.5815137
energy/site = -0.3713814126
44.246% accepted

energy = -146.2557806
energy/site = -0.3731014812
44.3606% accepted

energy = -145.3168031
energy/site = -0.3707061304
44.4485% accepted

energy = -146.1196841
energy/site = -0.3727542962
44.4019% accepted

energy = -144.8379949
energy/site = -0.3694846808
44.376% accepted

energy = -146.4573139
energy/site = -0.3736155966
44.3877% accepted

energy = -146.4193313
energy/site = -0.3735187022
44.3918% accepted

energy = -147.4719982
energy/site = -0.3762040772
44.2992% accepted

energy = -143.2164202
energy/site = -0.3653480108
44.2313% accepted

energy = -146.9211019
energy/site = -0.3747987293
44.2198% accepted

energy = -145.3999132
energy/site = -0.370918146
44.299% accepted

energy = -147.0384611
energy/site = -0.3750981151
44.4067% accepted

energy = -144.8586094
energy/site = -0.3695372688
44.3705% accepted

energy = -145.9404577
energy/site = -0.3722970861
44.2547% accepted

energy = -145.1834029
energy/site = -0.3703658237
44.6135% accepted

energy = -146.0935147
energy/site = -0.3726875376
44.3542% accepted

energy = -145.5744124
energy/site = -0.3713632969
44.2888% accepted

energy = -147.1612725
energy/site = -0.3754114094
44.4041% accepted

energy = -144.149082
energy/site = -0.36772725
44.3837% accepted

energy = -146.4020104
energy/site = -0.3734745163
44.2973% accepted

energy = -148.0909466
energy/site = -0.3777830271
44.3442% accepted

energy = -146.3319296
energy/site = -0.3732957388
44.3448% accepted

energy = -146.712708
energy/site = -0.3742671122
44.2697% accepted

energy = -144.9880076
energy/site = -0.3698673664
44.3528% accepted

energy = -144.775995
energy/site = -0.3693265179
44.264% accepted

energy = -143.8498354
energy/site = -0.3669638658
44.3421% accepted

energy = -147.0721421
energy/site = -0.375184036
44.4364% accepted

energy = -146.6010367
energy/site = -0.3739822366
44.4179% accepted

energy = -144.1692724
energy/site = -0.3677787561
44.2671% accepted

energy = -145.9735481
energy/site = -0.3723815003
44.4354% accepted

energy = -147.8870745
energy/site = -0.3772629452
44.3886% accepted

energy = -146.7727226
energy/site = -0.3744202108
44.3288% accepted

energy = -149.1029224
energy/site = -0.3803645979
44.5253% accepted

energy = -145.8572992
energy/site = -0.3720849471
44.4866% accepted

energy = -147.4124419
energy/site = -0.3760521476
44.3939% accepted

energy = -145.1401354
energy/site = -0.3702554474
44.3711% accepted

energy = -146.6188328
energy/site = -0.3740276346
44.3679% accepted

energy = -145.3626675
energy/site = -0.3708231314
44.4392% accepted

energy = -146.6279437
energy/site = -0.3740508769
44.3909% accepted

energy = -143.8376385
energy/site = -0.3669327513
44.4499% accepted

energy = -146.4530902
energy/site = -0.3736048221
44.2997% accepted

energy = -145.2691699
energy/site = -0.370584617
44.2427% accepted

energy = -149.3364435
energy/site = -0.3809603151
44.3948% accepted

energy = -146.8402429
energy/site = -0.3745924563
44.2688% accepted

energy = -145.9022501
energy/site = -0.3721996177
44.4491% accepted

energy = -146.2142794
energy/site = -0.3729956107
44.4063% accepted

energy = -147.7555927
energy/site = -0.3769275325
44.5177% accepted

energy = -145.9193584
energy/site = -0.3722432612
44.4134% accepted

energy = -147.2392995
energy/site = -0.3756104579
44.4001% accepted

energy = -145.9096999
energy/site = -0.3722186221
44.2635% accepted

energy = -145.9948999
energy/site = -0.3724359691
44.4301% accepted

energy = -146.704605
energy/site = -0.3742464413
44.3185% accepted

energy = -147.5746069
energy/site = -0.3764658339
44.4508% accepted

energy = -146.8375313
energy/site = -0.3745855389
44.3953% accepted

energy = -147.5503834
energy/site = -0.3764040392
44.2414% accepted

energy = -146.0682367
energy/site = -0.3726230529
44.3619% accepted

energy = -146.3246347
energy/site = -0.3732771295
44.3104% accepted

energy = -146.2988951
energy/site = -0.3732114672
44.2458% accepted

energy = -144.8243925
energy/site = -0.3694499809
44.4202% accepted

energy = -145.1282351
energy/site = -0.3702250896
44.4165% accepted

energy = -143.4940418
energy/site = -0.366056229
44.4524% accepted

energy = -148.4188609
energy/site = -0.378619543
44.2959% accepted

energy = -143.3546265
energy/site = -0.3657005778
44.2926% accepted

energy = -144.6962231
energy/site = -0.3691230182
44.2784% accepted

energy = -144.925881
energy/site = -0.3697088801
44.2465% accepted

energy = -144.2826825
energy/site = -0.3680680676
44.3664% accepted

energy = -146.1910886
energy/site = -0.3729364506
44.3016% accepted

energy = -147.294684
energy/site = -0.3757517449
44.4395% accepted

energy = -146.106873
energy/site = -0.3727216148
44.5197% accepted

energy = -146.6068556
energy/site = -0.3739970807
44.4676% accepted

energy = -144.703404
energy/site = -0.3691413367
44.4046% accepted

energy = -146.3465498
energy/site = -0.3733330351
44.3099% accepted

energy = -147.2194946
energy/site = -0.3755599353
44.4528% accepted

energy = -145.9118363
energy/site = -0.3722240721
44.4222% accepted

energy = -146.1727343
energy/site = -0.3728896282
44.3618% accepted

energy = -144.1769771
energy/site = -0.367798411
44.1949% accepted

energy = -147.7649524
energy/site = -0.3769514091
44.5107% accepted

energy = -146.3764432
energy/site = -0.373409294
44.318% accepted

energy = -145.6219537
energy/site = -0.3714845759
44.539% accepted

energy = -146.6205049
energy/site = -0.3740319002
44.4804% accepted

energy = -145.6619936
energy/site = -0.3715867184
44.2763% accepted

energy = -146.4903405
energy/site = -0.3736998482
44.2953% accepted

energy = -145.9987545
energy/site = -0.3724458023
44.3406% accepted

energy = -145.3339331
energy/site = -0.3707498294
44.3897% accepted

energy = -144.1399016
energy/site = -0.3677038307
44.2874% accepted

energy = -145.6522575
energy/site = -0.3715618814
44.3738% accepted

energy = -146.9393205
energy/site = -0.3748452054
44.3779% accepted

energy = -145.5059344
energy/site = -0.3711886081
44.2989% accepted

energy = -144.6487436
energy/site = -0.369001897
44.3133% accepted

energy = -145.1026943
energy/site = -0.3701599343
44.4861% accepted

energy = -145.85535
energy/site = -0.3720799745
44.2322% accepted

energy = -146.223702
energy/site = -0.373019648
44.3506% accepted

energy = -144.5886585
energy/site = -0.3688486186
44.3722% accepted

energy = -145.894623
energy/site = -0.3721801607
44.3673% accepted

energy = -147.1855553
energy/site = -0.3754733552
44.3484% accepted

energy = -144.8991094
energy/site = -0.3696405851
44.4757% accepted

energy = -146.7120739
energy/site = -0.3742654946
44.2958% accepted

energy = -144.6588315
energy/site = -0.3690276314
44.433% accepted

energy = -144.8197129
energy/site = -0.369438043
44.3936% accepted

energy = -147.2006006
energy/site = -0.3755117363
44.3298% accepted

energy = -144.6731561
energy/site = -0.3690641738
44.4042% accepted

energy = -145.9931404
energy/site = -0.3724314805
44.3085% accepted

energy = -145.7728282
energy/site = -0.3718694598
44.4947% accepted

energy = -143.8063916
energy/site = -0.3668530399
44.4727% accepted

energy = -146.8343865
energy/site = -0.3745775166
44.529% accepted

energy = -144.6896366
energy/site = -0.3691062159
44.3429% accepted

energy = -148.4434826
energy/site = -0.3786823536
44.3878% accepted

energy = -145.8567079
energy/site = -0.3720834385
44.2773% accepted

energy = -146.6680102
energy/site = -0.3741530874
44.3728% accepted

energy = -145.3247824
energy/site = -0.3707264857
44.3978% accepted

energy = -143.8048755
energy/site = -0.3668491722
44.4131% accepted

energy = -144.7703108
energy/site = -0.3693120172
44.4489% accepted

energy = -147.3744146
energy/site = -0.3759551393
44.3167% accepted

energy = -147.5035144
energy/site = -0.3762844754
44.4221% accepted

energy = -145.4440605
energy/site = -0.3710307666
44.3608% accepted

energy = -145.8051165
energy/site = -0.3719518278
44.4625% accepted

energy = -144.7543301
energy/site = -0.3692712503
44.4208% accepted

energy = -148.1747212
energy/site = -0.3779967379
44.373% accepted

energy = -147.2633205
energy/site = -0.375671736
44.3621% accepted

energy = -146.1924019
energy/site = -0.3729398007
44.4084% accepted

energy = -145.7688529
energy/site = -0.3718593186
44.408% accepted

energy = -147.9079747
energy/site = -0.3773162621
44.2064% accepted

energy = -146.6016922
energy/site = -0.3739839088
44.3324% accepted

energy = -148.8924626
energy/site = -0.3798277108
44.4059% accepted

energy = -145.9112715
energy/site = -0.3722226314
44.3887% accepted

energy = -146.3050864
energy/site = -0.3732272612
44.3188% accepted

energy = -146.7498559
energy/site = -0.3743618772
44.3284% accepted

energy = -146.7293689
energy/site = -0.3743096145
44.2057% accepted

energy = -147.0939791
energy/site = -0.3752397427
44.1797% accepted

energy = -145.2606904
energy/site = -0.3705629857
44.4298% accepted

energy = -144.4173709
energy/site = -0.3684116604
44.3055% accepted

energy = -146.2240125
energy/site = -0.3730204401
44.3453% accepted

energy = -147.5417602
energy/site = -0.3763820415
44.3427% accepted

energy = -146.9390959
energy/site = -0.3748446323
44.4576% accepted

energy = -145.45527
energy/site = -0.3710593622
44.4681% accepted

energy = -145.5038449
energy/site = -0.3711832777
44.3044% accepted

energy = -148.1253038
energy/site = -0.3778706728
44.3939% accepted

energy = -147.3609911
energy/site = -0.3759208957
44.4214% accepted

energy = -148.6008214
energy/site = -0.379083728
44.3636% accepted

energy = -144.0187545
energy/site = -0.3673947819
44.4381% accepted

energy = -145.5730301
energy/site = -0.3713597707
44.2917% accepted

energy = -145.132932
energy/site = -0.3702370714
44.3447% accepted

energy = -146.3237835
energy/site = -0.3732749579
44.4538% accepted

energy = -144.7364663
energy/site = -0.3692256792
44.2756% accepted

energy = -145.3556546
energy/site = -0.3708052414
44.5756% accepted

energy = -148.8349665
energy/site = -0.379681037
44.3438% accepted

energy = -147.1285928
energy/site = -0.3753280427
44.3389% accepted

energy = -147.1489279
energy/site = -0.375379918
44.2347% accepted

energy = -145.7892949
energy/site = -0.3719114665
44.2786% accepted

energy = -144.0184301
energy/site = -0.3673939544
44.5322% accepted

energy = -144.9144191
energy/site = -0.3696796406
44.3946% accepted

energy = -148.211223
energy/site = -0.3780898546
44.2373% accepted

energy = -148.1906812
energy/site = -0.3780374522
44.3662% accepted

energy = -145.7876861
energy/site = -0.3719073626
44.4294% accepted

energy = -146.2044607
energy/site = -0.3729705631
44.3688% accepted

energy = -145.766706
energy/site = -0.3718538418
44.241% accepted

energy = -145.4732726
energy/site = -0.3711052873
44.3302% accepted

energy = -144.4742561
energy/site = -0.3685567758
44.3105% accepted

energy = -147.4825849
energy/site = -0.3762310839
44.3883% accepted

energy = -144.7716671
energy/site = -0.3693154774
44.5227% accepted

energy = -145.3002878
energy/site = -0.3706639994
44.4112% accepted

energy = -144.5691469
energy/site = -0.3687988441
44.4939% accepted

energy = -148.5422539
energy/site = -0.3789343211
44.3877% accepted

energy = -144.987063
energy/site = -0.3698649566
44.4086% accepted

energy = -146.5501114
energy/site = -0.3738523249
44.2979% accepted

energy = -148.4022199
energy/site = -0.3785770915
44.182% accepted

energy = -144.2624438
energy/site = -0.3680164381
44.4874% accepted

energy = -146.9751082
energy/site = -0.3749365006
44.3477% accepted

energy = -147.0476348
energy/site = -0.3751215172
44.4028% accepted

energy = -146.2211974
energy/site = -0.3730132586
44.4174% accepted

energy = -146.3745015
energy/site = -0.3734043406
44.3552% accepted

energy = -147.8021419
energy/site = -0.3770462803
44.4176% accepted

energy = -147.0232481
energy/site = -0.3750593064
44.3507% accepted

energy = -147.6560006
energy/site = -0.376673471
44.2774% accepted

energy = -148.1644114
energy/site = -0.3779704372
44.3008% accepted

energy = -147.4325111
energy/site = -0.3761033447
44.449% accepted

energy = -145.0029953
energy/site = -0.3699056001
44.3641% accepted

energy = -145.610802
energy/site = -0.3714561276
44.3514% accepted

energy = -148.1954426
energy/site = -0.3780495985
44.377% accepted

energy = -146.4262909
energy/site = -0.3735364563
44.2493% accepted

energy = -146.1363836
energy/site = -0.372796897
44.316% accepted

energy = -144.5070409
energy/site = -0.3686404104
44.3% accepted

energy = -145.07184
energy/site = -0.3700812245
44.3589% accepted

energy = -146.511744
energy/site = -0.373754449
44.1142% accepted

energy = -142.8293895
energy/site = -0.3643606875
44.3294% accepted

energy = -148.1018344
energy/site = -0.377810802
44.2756% accepted

energy = -146.2303661
energy/site = -0.3730366483
44.3991% accepted

energy = -144.219936
energy/site = -0.367908
44.4925% accepted

energy = -147.5527823
energy/site = -0.3764101588
44.3716% accepted

energy = -146.7522611
energy/site = -0.3743680131
44.5377% accepted

energy = -146.275074
energy/site = -0.373150699
44.4677% accepted

energy = -146.389767
energy/site = -0.3734432832
44.232% accepted

energy = -144.7321462
energy/site = -0.3692146588
44.4738% accepted

energy = -146.4268185
energy/site = -0.3735378023
44.2646% accepted

energy = -148.512732
energy/site = -0.3788590102
44.4101% accepted

energy = -146.4953794
energy/site = -0.3737127025
44.2556% accepted

energy = -146.1435889
energy/site = -0.3728152777
44.3435% accepted

energy = -145.7800425
energy/site = -0.3718878635
44.4262% accepted

energy = -145.9349408
energy/site = -0.3722830121
44.3173% accepted

energy = -146.1849169
energy/site = -0.3729207063
44.4012% accepted

energy = -147.0770576
energy/site = -0.3751965756
44.4569% accepted

energy = -146.4454826
energy/site = -0.3735854149
44.2927% accepted

energy = -147.6145571
energy/site = -0.3765677478
44.3852% accepted

energy = -146.216616
energy/site = -0.3730015714
44.354% accepted

energy = -147.1095649
energy/site = -0.3752795022
44.4125% accepted

energy = -146.3103049
energy/site = -0.3732405737
44.3123% accepted

energy = -146.4561536
energy/site = -0.3736126368
44.5597% accepted

energy = -146.4280421
energy/site = -0.3735409238
44.2677% accepted

energy = -144.0016147
energy/site = -0.367351058
44.3068% accepted

energy = -145.4477243
energy/site = -0.3710401129
44.3403% accepted

energy = -146.8406445
energy/site = -0.3745934809
44.3252% accepted

energy = -144.6627814
energy/site = -0.3690377076
44.3691% accepted

energy = -145.6103486
energy/site = -0.371454971
44.2912% accepted

energy = -145.5872528
energy/site = -0.3713960529
44.4014% accepted

energy = -146.5724539
energy/site = -0.3739093211
44.4153% accepted

energy = -146.8002833
energy/site = -0.3744905185
44.2576% accepted

energy = -144.5147715
energy/site = -0.3686601314
44.238% accepted

energy = -145.9067025
energy/site = -0.3722109758
44.3122% accepted

energy = -144.5900044
energy/site = -0.368852052
44.3798% accepted

energy = -145.825122
energy/site = -0.3720028622
44.2592% accepted

energy = -144.2836905
energy/site = -0.368070639
44.32% accepted

energy = -147.9614753
energy/site = -0.377452743
44.3719% accepted

energy = -147.4701802
energy/site = -0.3761994394
44.3325% accepted

energy = -144.7722968
energy/site = -0.3693170835
44.3654% accepted

energy = -146.3699888
energy/site = -0.3733928284
44.4031% accepted

energy = -147.2791354
energy/site = -0.37571208
44.3388% accepted

energy = -146.3981993
energy/site = -0.373464794
44.3778% accepted

energy = -146.3862056
energy/site = -0.373434198
44.349% accepted

energy = -146.654835
energy/site = -0.374119477
44.4078% accepted

energy = -145.4147651
energy/site = -0.3709560335
44.3889% accepted

energy = -146.7520601
energy/site = -0.3743675003
44.4933% accepted

energy = -146.3840666
energy/site = -0.3734287414
44.377% accepted

energy = -144.9667429
energy/site = -0.3698131196
44.3202% accepted

energy = -144.645291
energy/site = -0.3689930893
44.358% accepted

energy = -146.267637
energy/site = -0.373131727
44.3705% accepted

energy = -146.9978861
energy/site = -0.3749946075
44.2463% accepted

energy = -145.8274121
energy/site = -0.3720087044
44.2334% accepted

energy = -147.2310023
energy/site = -0.3755892915
44.3581% accepted

energy = -147.9183551
energy/site = -0.3773427427
44.4188% accepted

energy = -145.5144668
energy/site = -0.3712103744
44.4462% accepted

energy = -146.9892536
energy/site = -0.3749725858
44.4209% accepted

energy = -147.9069769
energy/site = -0.3773137165
44.3374% accepted

energy = -147.9690049
energy/site = -0.3774719512
44.2523% accepted

energy = -149.938863
energy/site = -0.3824970995
44.4627% accepted

energy = -145.9143844
energy/site = -0.3722305724
44.3692% accepted

energy = -146.2296056
energy/site = -0.3730347082
44.3597% accepted

energy = -145.7375059
energy/site = -0.3717793517
44.2393% accepted

energy = -146.8386094
energy/site = -0.3745882892
44.2252% accepted

energy = -145.3804166
energy/site = -0.3708684098
44.3681% accepted

energy = -146.0569628
energy/site = -0.3725942927
44.3661% accepted

energy = -147.5839414
energy/site = -0.3764896464
44.2893% accepted

energy = -146.5120785
energy/site = -0.3737553023
44.3386% accepted

energy = -146.3874671
energy/site = -0.3734374161
44.2971% accepted

energy = -144.8804194
energy/site = -0.3695929066
44.2171% accepted

energy = -145.1286214
energy/site = -0.3702260749
44.3797% accepted

energy = -145.8500295
energy/site = -0.3720664018
44.3518% accepted

energy = -146.1230884
energy/site = -0.3727629805
44.2302% accepted

energy = -146.114502
energy/site = -0.3727410765
44.5552% accepted

energy = -144.9833899
energy/site = -0.3698555864
44.4911% accepted

energy = -146.6803687
energy/site = -0.3741846142
44.5376% accepted

energy = -146.2533945
energy/site = -0.3730953941
44.3332% accepted

energy = -146.1828221
energy/site = -0.3729153626
44.4144% accepted

energy = -144.2469131
energy/site = -0.3679768192
44.2959% accepted

energy = -146.4394088
energy/site = -0.3735699203
44.4538% accepted

energy = -144.5150006
energy/site = -0.3686607159
44.2415% accepted

energy = -145.3446225
energy/site = -0.3707770982
44.2422% accepted

energy = -146.9455789
energy/site = -0.3748611706
44.509% accepted

energy = -147.2999467
energy/site = -0.3757651703
44.4026% accepted

energy = -148.5673852
energy/site = -0.3789984318
44.3819% accepted

energy = -146.460324
energy/site = -0.3736232755
44.2797% accepted

energy = -144.9424901
energy/site = -0.3697512503
44.4056% accepted

energy = -147.8084843
energy/site = -0.3770624598
44.4929% accepted

energy = -143.0415199
energy/site = -0.3649018364
44.4104% accepted

energy = -145.1175728
energy/site = -0.3701978897
44.5707% accepted

energy = -144.7430576
energy/site = -0.3692424939
44.4338% accepted

energy = -148.2864098
energy/site = -0.3782816575
44.4233% accepted

energy = -146.5862359
energy/site = -0.3739444793
44.1489% accepted

energy = -146.1274388
energy/site = -0.3727740784
44.5473% accepted

energy = -144.547788
energy/site = -0.3687443571
44.3918% accepted

energy = -147.7038578
energy/site = -0.3767955555
44.3401% accepted

energy = -146.4385808
energy/site = -0.373567808
44.4207% accepted

energy = -144.9488104
energy/site = -0.3697673734
44.2347% accepted

energy = -147.8686425
energy/site = -0.3772159247
44.573% accepted

energy = -145.8465277
energy/site = -0.3720574687
44.3073% accepted

energy = -145.7932834
energy/site = -0.3719216413
44.4696% accepted

energy = -148.4725793
energy/site = -0.3787565797
44.3328% accepted

energy = -145.5428486
energy/site = -0.3712827771
44.4183% accepted

energy = -147.3738728
energy/site = -0.375953757
44.335% accepted

energy = -143.796345
energy/site = -0.3668274107
44.4035% accepted

energy = -143.1787511
energy/site = -0.3652519161
44.2991% accepted

energy = -145.1976934
energy/site = -0.370402279
44.2173% accepted

energy = -146.5056217
energy/site = -0.373738831
44.4171% accepted

energy = -147.4317919
energy/site = -0.3761015099
44.3787% accepted

energy = -147.5877622
energy/site = -0.3764993935
44.3101% accepted

energy = -145.854066
energy/site = -0.372076699
44.3522% accepted

energy = -144.377676
energy/site = -0.368310398
44.4358% accepted

energy = -148.4465497
energy/site = -0.3786901779
44.2774% accepted

energy = -149.3752372
energy/site = -0.3810592787
44.5547% accepted

energy = -147.9983025
energy/site = -0.3775466901
44.4557% accepted

energy = -145.2354521
energy/site = -0.3704986024
44.1958% accepted

energy = -147.697212
energy/site = -0.376778602
44.3904% accepted

energy = -146.1939041
energy/site = -0.372943633
44.3798% accepted

energy = -145.140378
energy/site = -0.3702560663
44.4261% accepted

energy = -147.3777502
energy/site = -0.3759636486
44.2631% accepted

energy = -149.0348959
energy/site = -0.3801910609
44.3322% accepted

energy = -147.6470081
energy/site = -0.3766505309
44.4624% accepted

energy = -144.3277504
energy/site = -0.3681830367
44.3214% accepted

energy = -146.1243893
energy/site = -0.3727662991
44.4177% accepted

energy = -147.139083
energy/site = -0.3753548036
44.4475% accepted

energy = -145.6584589
energy/site = -0.3715777012
44.4705% accepted

energy = -145.8658054
energy/site = -0.3721066464
44.2871% accepted

energy = -146.0929372
energy/site = -0.3726860644
44.3112% accepted

energy = -144.886917
energy/site = -0.3696094821
44.3574% accepted

energy = -144.4537219
energy/site = -0.3685043925
44.276% accepted

energy = -147.0604995
energy/site = -0.3751543355
44.2626% accepted

energy = -146.0664604
energy/site = -0.3726185214
44.3535% accepted

energy = -146.2175963
energy/site = -0.3730040721
44.48% accepted

energy = -147.677961
energy/site = -0.3767294923
44.3311% accepted

energy = -145.5270668
energy/site = -0.3712425172
44.2664% accepted

energy = -146.7852615
energy/site = -0.3744521977
44.3317% accepted

energy = -143.0981239
energy/site = -0.3650462344
44.4964% accepted

energy = -145.7116028
energy/site = -0.3717132723
44.5314% accepted

energy = -146.81469
energy/site = -0.3745272704
44.369% accepted

energy = -147.0409733
energy/site = -0.3751045236
44.4677% accepted

energy = -146.12325
energy/site = -0.3727633929
44.3276% accepted

energy = -144.2184502
energy/site = -0.3679042098
44.3003% accepted

energy = -149.1658282
energy/site = -0.3805250721
44.2709% accepted

energy = -148.7998087
energy/site = -0.3795913489
44.4456% accepted

energy = -146.98575
energy/site = -0.374963648
44.2757% accepted

energy = -145.3568557
energy/site = -0.3708083055
44.3691% accepted

energy = -146.9275463
energy/site = -0.374815169
44.2884% accepted

energy = -143.0757364
energy/site = -0.3649891234
44.4085% accepted

energy = -144.9921848
energy/site = -0.3698780223
44.4629% accepted

energy = -146.6173538
energy/site = -0.3740238616
44.2759% accepted

energy = -145.5123949
energy/site = -0.371205089
44.3436% accepted

energy = -144.3565511
energy/site = -0.368256508
44.4516% accepted

energy = -147.0343185
energy/site = -0.3750875472
44.3515% accepted

energy = -145.5502718
energy/site = -0.3713017136
44.3849% accepted

energy = -147.9155917
energy/site = -0.3773356932
44.5153% accepted

energy = -146.0108014
energy/site = -0.3724765341
44.3575% accepted

energy = -147.0021476
energy/site = -0.3750054786
44.3873% accepted

energy = -146.5270579
energy/site = -0.373793515
44.4297% accepted

energy = -146.8323457
energy/site = -0.3745723106
44.3615% accepted

energy = -145.958499
energy/site = -0.3723431097
44.3516% accepted

energy = -146.3982919
energy/site = -0.3734650303
44.4451% accepted

energy = -145.6566221
energy/site = -0.3715730156
44.318% accepted

energy = -146.3409746
energy/site = -0.3733188128
44.268% accepted

energy = -145.4918509
energy/site = -0.3711526808
44.4854% accepted

energy = -144.7254255
energy/site = -0.369197514
44.314% accepted

energy = -146.3811604
energy/site = -0.3734213275
44.3469% accepted

energy = -147.1428232
energy/site = -0.375364345
44.457% accepted

energy = -148.250091
energy/site = -0.3781890077
44.3181% accepted

energy = -147.3604253
energy/site = -0.3759194522
44.1951% accepted

energy = -147.1735219
energy/site = -0.3754426578
44.3063% accepted

energy = -145.7867269
energy/site = -0.3719049155
44.3044% accepted

energy = -144.2876782
energy/site = -0.3680808119
44.3665% accepted

energy = -147.1765271
energy/site = -0.3754503243
44.2749% accepted

energy = -145.1591385
energy/site = -0.3703039247
44.3552% accepted

energy = -148.2748755
energy/site = -0.3782522334
44.4213% accepted

energy = -144.688881
energy/site = -0.3691042883
44.4004% accepted

energy = -146.652099
energy/site = -0.3741124974
44.1178% accepted

energy = -145.9036095
energy/site = -0.3722030855
44.4827% accepted

energy = -146.3630366
energy/site = -0.3733750934
44.2596% accepted

energy = -144.0173482
energy/site = -0.3673911945
44.1568% accepted

energy = -145.9800641
energy/site = -0.3723981228
44.3856% accepted

energy = -147.1942609
energy/site = -0.3754955635
44.4899% accepted

energy = -147.0876529
energy/site = -0.3752236043
44.3912% accepted

energy = -147.0984709
energy/site = -0.3752512012
44.2972% accepted

energy = -143.7884955
energy/site = -0.3668073865
44.2999% accepted

energy = -146.3917807
energy/site = -0.3734484203
44.2663% accepted

energy = -144.9192832
energy/site = -0.3696920491
44.3139% accepted

energy = -146.9616585
energy/site = -0.3749021901
44.3048% accepted

energy = -145.7572477
energy/site = -0.3718297136
44.4466% accepted

energy = -146.8241059
energy/site = -0.3745512905
44.3948% accepted

energy = -144.2727953
energy/site = -0.368042845
44.2126% accepted

energy = -145.8934301
energy/site = -0.3721771177
44.3457% accepted

energy = -148.8486409
energy/site = -0.3797159206
44.4986% accepted

energy = -145.7120797
energy/site = -0.3717144892
44.3312% accepted

energy = -147.8362155
energy/site = -0.3771332028
44.5145% accepted

energy = -144.4848878
energy/site = -0.3685838973
44.3466% accepted

energy = -146.5431847
energy/site = -0.373834655
44.3588% accepted

energy = -146.7636814
energy/site = -0.3743971464
44.5422% accepted

energy = -145.1644223
energy/site = -0.3703174037
44.2812% accepted

energy = -144.8659474
energy/site = -0.3695559882
44.4387% accepted

energy = -147.9455636
energy/site = -0.3774121521
44.3219% accepted

energy = -144.076413
energy/site = -0.3675418699
44.284% accepted

energy = -148.4844772
energy/site = -0.3787869318
44.4283% accepted

energy = -145.0249095
energy/site = -0.3699615038
44.3509% accepted

energy = -145.5949744
energy/site = -0.371415751
44.4135% accepted

energy = -145.5662194
energy/site = -0.3713423964
44.2972% accepted

energy = -145.8487372
energy/site = -0.3720631052
44.3754% accepted

energy = -147.1618665
energy/site = -0.3754129247
44.4041% accepted

energy = -144.7457171
energy/site = -0.3692492784
44.3615% accepted

energy = -143.9392748
energy/site = -0.3671920274
44.3006% accepted

energy = -144.3239932
energy/site = -0.3681734522
44.2832% accepted

energy = -146.8107427
energy/site = -0.3745172009
44.3817% accepted

energy = -147.5765276
energy/site = -0.3764707337
44.2717% accepted

energy = -145.6708646
energy/site = -0.3716093485
44.3306% accepted

energy = -146.8369309
energy/site = -0.3745840073
44.286% accepted

energy = -144.4582721
energy/site = -0.3685160003
44.3755% accepted

energy = -146.0352769
energy/site = -0.3725389716
44.462% accepted

energy = -145.9874047
energy/site = -0.3724168489
44.368% accepted

energy = -143.2156388
energy/site = -0.3653460172
44.2837% accepted

energy = -145.7913945
energy/site = -0.3719168227
44.4266% accepted

energy = -149.8380382
energy/site = -0.3822398935
44.2536% accepted

energy = -145.8839869
energy/site = -0.3721530277
44.4165% accepted

energy = -146.1934586
energy/site = -0.3729424965
44.494% accepted

energy = -146.5780421
energy/site = -0.3739235768
44.3476% accepted

energy = -144.6665168
energy/site = -0.3690472366
44.363% accepted

energy = -146.6454679
energy/site = -0.3740955813
44.3127% accepted

energy = -146.7048851
energy/site = -0.3742471559
44.3743% accepted

energy = -147.8249212
energy/site = -0.3771043909
44.3552% accepted

energy = -146.7191895
energy/site = -0.3742836467
44.2898% accepted

energy = -148.8075041
energy/site = -0.3796109799
44.3733% accepted

energy = -144.6816094
energy/site = -0.3690857382
44.3493% accepted

energy = -146.2799464
energy/site = -0.3731631285
44.4193% accepted

energy = -146.2390871
energy/site = -0.3730588957
44.487% accepted

energy = -147.1550047
energy/site = -0.3753954203
44.38% accepted

energy = -145.5103009
energy/site = -0.3711997471
44.2654% accepted

energy = -146.2716911
energy/site = -0.3731420692
44.2692% accepted

energy = -148.0443473
energy/site = -0.3776641511
44.3488% accepted

energy = -147.2481056
energy/site = -0.3756329225
44.4303% accepted

energy = -145.5922451
energy/site = -0.3714087886
44.4912% accepted

energy = -146.4141461
energy/site = -0.3735054748
44.1616% accepted

energy = -147.3606593
energy/site = -0.3759200491
44.4028% accepted

energy = -148.8964841
energy/site = -0.3798379697
44.3853% accepted

energy = -145.7670079
energy/site = -0.3718546119
44.4694% accepted

energy = -144.1997149
energy/site = -0.3678564155
44.3906% accepted

energy = -146.8033763
energy/site = -0.3744984088
44.3565% accepted

energy = -146.9868649
energy/site = -0.374966492
44.5154% accepted

energy = -146.754936
energy/site = -0.3743748367
44.3655% accepted

energy = -147.5441737
energy/site = -0.3763881983
44.345% accepted

energy = -148.8377891
energy/site = -0.3796882376
44.3426% accepted

energy = -147.0499403
energy/site = -0.3751273986
44.3361% accepted

energy = -143.8021515
energy/site = -0.3668422232
44.344% accepted

energy = -145.6331689
energy/site = -0.3715131859
44.4332% accepted

energy = -143.6914759
energy/site = -0.3665598874
44.3138% accepted

energy = -143.4499271
energy/site = -0.3659436916
44.3341% accepted

energy = -148.4363993
energy/site = -0.3786642838
44.4107% accepted

energy = -147.0519611
energy/site = -0.3751325539
44.3745% accepted

energy = -147.4627432
energy/site = -0.3761804675
44.4769% accepted

energy = -146.824023
energy/site = -0.3745510791
44.3094% accepted

energy = -147.395685
energy/site = -0.3760094005
44.4761% accepted

energy = -145.4222018
energy/site = -0.3709750045
44.1805% accepted

energy = -146.0337326
energy/site = -0.3725350322
44.3901% accepted

energy = -148.1937833
energy/site = -0.3780453654
44.3712% accepted

energy = -147.2957501
energy/site = -0.3757544646
44.501% accepted

energy = -145.9695409
energy/site = -0.3723712777
44.2707% accepted

energy = -144.5668852
energy/site = -0.3687930746
44.3432% accepted

energy = -147.4771485
energy/site = -0.3762172156
44.2741% accepted

energy = -144.9007961
energy/site = -0.3696448881
44.3076% accepted

energy = -146.2732882
energy/site = -0.3731461435
44.2786% accepted

energy = -147.4129241
energy/site = -0.3760533779
44.3836% accepted

energy = -146.4309086
energy/site = -0.3735482363
44.3354% accepted

energy = -147.1424693
energy/site = -0.375363442
44.2881% accepted

energy = -144.8953852
energy/site = -0.3696310848
44.38% accepted

energy = -147.6512745
energy/site = -0.3766614145
44.3278% accepted

energy = -146.9935537
energy/site = -0.3749835555
44.1293% accepted

energy = -147.1581199
energy/site = -0.375403367
44.4657% accepted

energy = -145.8830734
energy/site = -0.3721506974
44.4104% accepted

energy = -143.4942311
energy/site = -0.3660567121
44.3099% accepted

energy = -144.8077114
energy/site = -0.369407427
44.4652% accepted

energy = -146.1504769
energy/site = -0.3728328492
44.3172% accepted

energy = -146.2831999
energy/site = -0.3731714283
44.3074% accepted

energy = -147.5298979
energy/site = -0.3763517803
44.3116% accepted

energy = -145.7964045
energy/site = -0.3719296033
44.2229% accepted

energy = -145.1502079
energy/site = -0.3702811425
44.3755% accepted

energy = -144.1218776
energy/site = -0.3676578511
44.3659% accepted

energy = -147.181995
energy/site = -0.375464273
44.3429% accepted

energy = -145.2341456
energy/site = -0.3704952695
44.328% accepted

energy = -146.0465674
energy/site = -0.3725677739
44.1973% accepted

energy = -148.6617795
energy/site = -0.3792392334
44.3146% accepted

energy = -144.1095814
energy/site = -0.3676264831
44.3621% accepted

energy = -146.5309894
energy/site = -0.3738035443
44.3069% accepted

energy = -147.0663289
energy/site = -0.3751692063
44.3091% accepted

energy = -146.505459
energy/site = -0.3737384158
44.3806% accepted

energy = -148.571529
energy/site = -0.3790090026
44.4909% accepted

energy = -145.9282523
energy/site = -0.3722659496
44.3605% accepted

energy = -146.2425608
energy/site = -0.373067757
44.4554% accepted

energy = -145.3478501
energy/site = -0.370785332
44.3216% accepted

energy = -146.979636
energy/site = -0.374948051
44.3136% accepted

energy = -146.5399102
energy/site = -0.3738263017
44.3159% accepted

energy = -147.511368
energy/site = -0.3763045102
44.3142% accepted

energy = -145.5373271
energy/site = -0.3712686916
44.4682% accepted

energy = -146.2228166
energy/site = -0.3730173893
44.2518% accepted

energy = -145.7883488
energy/site = -0.3719090529
44.3969% accepted

energy = -144.2127791
energy/site = -0.3678897427
44.2992% accepted

energy = -143.1476955
energy/site = -0.3651726926
44.4449% accepted

energy = -144.7870763
energy/site = -0.3693547864
44.4188% accepted

energy = -146.3837378
energy/site = -0.3734279024
44.1934% accepted

energy = -146.22213
energy/site = -0.3730156378
44.2767% accepted

energy = -146.8974094
energy/site = -0.3747382892
44.4678% accepted

