
weighting by <swap_x> where x = 12
11 x 40 x 1 system
r   = 3  bondops changed per step 
n/N = 80  bond operators / site
its = 1000000  iterations/loop for 100000 loops

energy = -219.4453303
energy/site = -0.2493696935
44.928% accepted

energy = -1433.28922
energy/site = -1.62873775
43.6674% accepted

energy = -237.3126579
energy/site = -0.2696734749
43.9107% accepted

energy = -479.6661309
energy/site = -0.5450751488
43.8547% accepted

energy = -3.853959724
energy/site = -0.004379499687
43.7569% accepted

energy = -3.619544607
energy/site = -0.004113118871
43.8859% accepted

energy = -50.34484812
energy/site = -0.05721005469
43.8382% accepted

energy = -35.32738521
energy/site = -0.04014475592
43.9234% accepted

energy = -3.516648378
energy/site = -0.003996191338
43.895% accepted

energy = -222.8207872
energy/site = -0.25320544
43.9816% accepted

energy = -244.7813964
energy/site = -0.2781606777
43.7514% accepted

energy = -258.5005955
energy/site = -0.2937506767
43.7632% accepted

energy = -621.549259
energy/site = -0.7063059762
43.8553% accepted

energy = -205.2385226
energy/site = -0.2332255938
43.866% accepted

energy = -4.931418679
energy/site = -0.005603884863
43.887% accepted

energy = -23.34479745
energy/site = -0.02652817892
43.8669% accepted

energy = -218.6016831
energy/site = -0.2484110035
43.849% accepted

energy = -21.77274657
energy/site = -0.02474175746
43.929% accepted

energy = -3453.99697
energy/site = -3.924996557
43.8973% accepted

energy = -3.425479451
energy/site = -0.003892590286
43.8267% accepted

energy = -2.578998937
energy/site = -0.002930680611
43.7455% accepted

energy = -1013.306419
energy/site = -1.151484567
43.8197% accepted

energy = -1332.1622
energy/site = -1.513820682
43.6859% accepted

energy = -296.3696016
energy/site = -0.3367836382
43.8287% accepted

energy = -189.8363844
energy/site = -0.2157231641
43.8977% accepted

energy = -215.5531104
energy/site = -0.2449467164
43.8395% accepted

energy = -151.6329243
energy/site = -0.1723101412
43.7567% accepted

energy = -42.827215
energy/site = -0.04866728978
44.0554% accepted

energy = -19.71597484
energy/site = -0.02240451687
43.8873% accepted

energy = -13949.16487
energy/site = -15.85132372
43.8831% accepted

energy = -230.5838135
energy/site = -0.2620270608
43.8856% accepted

energy = -20.95677352
energy/site = -0.02381451537
43.8699% accepted

energy = -322.6190943
energy/site = -0.3666126072
43.9599% accepted

energy = -65.21659775
energy/site = -0.07410977017
43.8206% accepted

energy = -34.18326652
energy/site = -0.03884462104
43.7905% accepted

energy = -118.7978793
energy/site = -0.1349975901
43.9721% accepted

energy = -5.907111792
energy/site = -0.006712627037
43.8693% accepted

energy = -1405.084984
energy/site = -1.596687481
43.8536% accepted

energy = -134.6663584
energy/site = -0.1530299527
43.8778% accepted

energy = -36.71691579
energy/site = -0.04172376795
43.8714% accepted

energy = -1999.2228
energy/site = -2.271844091
43.7865% accepted

energy = -295.8073583
energy/site = -0.3361447253
43.8144% accepted

energy = -57.73085552
energy/site = -0.0656032449
43.9881% accepted

energy = -6.08478705
energy/site = -0.006914530738
43.8882% accepted

energy = -27.68964935
energy/site = -0.03146551062
43.9257% accepted

energy = -2.890041327
energy/site = -0.003284137872
43.802% accepted

energy = -687.4677479
energy/site = -0.7812133499
43.8204% accepted

energy = -1802.775005
energy/site = -2.04860796
43.8396% accepted

energy = -6.670369523
energy/site = -0.007579965367
43.83% accepted

energy = -42.27451576
energy/site = -0.04803922246
43.8381% accepted

energy = -1.724699209
energy/site = -0.001959885465
43.8774% accepted

energy = -2.460519224
energy/site = -0.002796044573
43.7709% accepted

energy = -40.08114593
energy/site = -0.04554675674
43.9114% accepted

energy = -33.06943467
energy/site = -0.03757890304
43.7666% accepted

energy = -232.0475775
energy/site = -0.263690429
43.7632% accepted

energy = -7.921869778
energy/site = -0.009002124747
43.7271% accepted

energy = -79.9669754
energy/site = -0.09087156296
43.8288% accepted

energy = -18.46272719
energy/site = -0.02098037181
43.8728% accepted

energy = -64.48996043
energy/site = -0.07328404594
43.9023% accepted

energy = -9.372217715
energy/site = -0.0106502474
43.7096% accepted

energy = -4248.672839
energy/site = -4.828037317
43.8113% accepted

energy = -911.5349792
energy/site = -1.035835204
43.8685% accepted

energy = -768.1723413
energy/site = -0.8729231151
43.8903% accepted

energy = -361.2557943
energy/site = -0.410517948
43.755% accepted

energy = -27.39502367
energy/site = -0.03113070871
43.8908% accepted

energy = -9.474736692
energy/site = -0.01076674624
43.8545% accepted

energy = -47.70169363
energy/site = -0.05420647004
43.8257% accepted

energy = -21.30784754
energy/site = -0.02421346311
43.9426% accepted

energy = -27.05324533
energy/site = -0.03074232424
43.8817% accepted

energy = -91.30081765
energy/site = -0.1037509291
43.667% accepted

energy = -38.0448661
energy/site = -0.04323280238
43.8179% accepted

energy = -73.97626295
energy/site = -0.08406393517
43.984% accepted

energy = -7212.193421
energy/site = -8.195674343
43.9321% accepted

energy = -53.78612819
energy/site = -0.06112060021
44.0089% accepted

energy = -72.20856234
energy/site = -0.08205518448
43.8028% accepted

energy = -91.50286385
energy/site = -0.1039805271
43.944% accepted

energy = -179.863509
energy/site = -0.2043903512
44.0124% accepted

energy = -31448.84263
energy/site = -35.73732117
43.6892% accepted

energy = -2354.502361
energy/site = -2.675570864
43.904% accepted

energy = -28.26623897
energy/site = -0.03212072611
43.8632% accepted

energy = -83.6631219
energy/site = -0.09507172944
43.9164% accepted

energy = -2352.994393
energy/site = -2.673857265
43.7827% accepted

energy = -16.04770751
energy/site = -0.01823603127
43.9262% accepted

energy = -5.509140168
energy/site = -0.006260386554
44.0145% accepted

energy = -4.689915273
energy/site = -0.005329449174
43.9745% accepted

energy = -40.47278678
energy/site = -0.04599180315
43.8779% accepted

energy = -7627.17997
energy/site = -8.667249966
43.9099% accepted

energy = -15.76521106
energy/site = -0.01791501257
43.9307% accepted

energy = -49.81451574
energy/site = -0.05660740425
43.8559% accepted

energy = -40.34321705
energy/site = -0.04584456483
43.844% accepted

energy = -258.8473227
energy/site = -0.2941446849
44.0066% accepted

energy = -609.825384
energy/site = -0.6929833909
43.9147% accepted

energy = -290.4992255
energy/site = -0.3301127562
43.8707% accepted

energy = -473.492378
energy/site = -0.5380595204
43.9634% accepted

energy = -685.6575594
energy/site = -0.7791563175
43.9531% accepted

energy = -76.80008411
energy/site = -0.08727282285
43.8626% accepted

energy = -7.401626384
energy/site = -0.008410939073
44.0044% accepted

energy = -607.03942
energy/site = -0.6898175227
43.9781% accepted

energy = -19.78498504
energy/site = -0.02248293754
43.846% accepted

energy = -4.06246581
energy/site = -0.004616438421
43.7301% accepted

energy = -6.379719316
energy/site = -0.007249681041
43.9698% accepted

energy = -60.2348238
energy/site = -0.06844866341
43.8107% accepted

energy = -214.6354614
energy/site = -0.2439039334
44.0163% accepted

energy = -4.127613188
energy/site = -0.004690469531
43.9085% accepted

energy = -16.57274031
energy/site = -0.01883265944
43.8092% accepted

energy = -11.17903741
energy/site = -0.0127034516
43.8863% accepted

energy = -73.97630046
energy/site = -0.08406397779
43.9881% accepted

energy = -31942.35146
energy/site = -36.29812665
43.9051% accepted

energy = -40.94303193
energy/site = -0.04652617265
43.9443% accepted

energy = -30.78417353
energy/site = -0.03498201538
43.8419% accepted

energy = -0.4216364095
energy/site = -0.0004791322835
43.8869% accepted

energy = -16.54636793
energy/site = -0.01880269083
43.7987% accepted

energy = -114.9095064
energy/site = -0.1305789846
43.8924% accepted

energy = -22.67088317
energy/site = -0.02576236724
43.8122% accepted

energy = -19.79598542
energy/site = -0.02249543798
43.9332% accepted

energy = -7.428832736
energy/site = -0.008441855382
43.9402% accepted

energy = -25.68078274
energy/site = -0.02918270766
43.9274% accepted

energy = -646.2797957
energy/site = -0.7344088587
43.9608% accepted

energy = -729.8132295
energy/site = -0.8293332154
43.9607% accepted

energy = -152.6500987
energy/site = -0.1734660213
44.083% accepted

energy = -2277.40062
energy/site = -2.58795525
43.8296% accepted

energy = -74.88663294
energy/site = -0.08509844652
43.8946% accepted

energy = -10.4906796
energy/site = -0.01192122682
43.7513% accepted

energy = -98.04358566
energy/site = -0.1114131655
43.9529% accepted

energy = -0.373543931
energy/site = -0.0004244817398
43.9786% accepted

energy = -3.918966509
energy/site = -0.004453371032
43.8347% accepted

energy = -0.8381541175
energy/site = -0.0009524478608
43.881% accepted

energy = -267.6425651
energy/site = -0.3041392785
43.7885% accepted

energy = -29.2909722
energy/site = -0.03328519568
43.9268% accepted

energy = -115.9809828
energy/site = -0.1317965713
44.0596% accepted

energy = -113.7737253
energy/site = -0.1292883242
43.8896% accepted

energy = -3.661520933
energy/site = -0.004160819243
43.7902% accepted

energy = -7.609234004
energy/site = -0.008646856823
43.8034% accepted

energy = -194.2958074
energy/site = -0.2207906902
43.8907% accepted

energy = -382.3378831
energy/site = -0.4344748672
43.8599% accepted

energy = -2.886044931
energy/site = -0.003279596512
43.9116% accepted

energy = -77.82251466
energy/site = -0.08843467575
43.7671% accepted

energy = -10.44049088
energy/site = -0.01186419418
44.014% accepted

energy = -86.37778207
energy/site = -0.09815657054
43.8917% accepted

energy = -64.07076527
energy/site = -0.0728076878
43.9368% accepted

energy = -2.631718407
energy/site = -0.002990589098
43.9151% accepted

energy = -251.681663
energy/site = -0.2860018898
43.889% accepted

energy = -8.541104186
energy/site = -0.009705800211
43.9326% accepted

energy = -228.7641154
energy/site = -0.259959222
43.8574% accepted

energy = -48.82451158
energy/site = -0.05548239952
43.8522% accepted

energy = -3.584881843
energy/site = -0.004073729367
43.7944% accepted

energy = -105.1858195
energy/site = -0.1195293403
43.7153% accepted

energy = -4.492503474
energy/site = -0.005105117584
43.8367% accepted

energy = -12.94303744
energy/site = -0.01470799709
43.7967% accepted

energy = -7.233705896
energy/site = -0.008220120336
43.9043% accepted

energy = -236.2312784
energy/site = -0.2684446345
43.6969% accepted

energy = -7.493485797
energy/site = -0.008515324769
43.7406% accepted

energy = -95.30609333
energy/site = -0.1083023788
43.9764% accepted

energy = -2.851648968
energy/site = -0.003240510191
43.8075% accepted

energy = -206.6818045
energy/site = -0.2348656869
43.8128% accepted

energy = -3.330386038
energy/site = -0.003784529588
43.8402% accepted

energy = -31.52460682
energy/site = -0.03582341684
44.0088% accepted

energy = -150.6478297
energy/site = -0.1711907156
43.8076% accepted

energy = -120.0194293
energy/site = -0.1363857151
43.9731% accepted

energy = -13.13934882
energy/site = -0.01493107821
43.837% accepted

energy = -11.47554909
energy/site = -0.01304039669
43.9015% accepted

energy = -83.6704187
energy/site = -0.09508002125
43.8487% accepted

energy = -56.84264001
energy/site = -0.06459390911
43.9421% accepted

energy = -642.2979719
energy/site = -0.729884059
44.0418% accepted

energy = -178.2408911
energy/site = -0.2025464672
43.9524% accepted

energy = -259.0258423
energy/site = -0.2943475481
43.9105% accepted

energy = -6.99823103
energy/site = -0.007952535261
43.7563% accepted

energy = -152.199288
energy/site = -0.1729537363
43.941% accepted

energy = -12.1512758
energy/site = -0.01380826796
43.8393% accepted

energy = -91.29939212
energy/site = -0.1037493092
44.0144% accepted

energy = -5.478538613
energy/site = -0.00622561206
43.9097% accepted

energy = -16.90391187
energy/site = -0.01920899076
43.8891% accepted

energy = -25.34528634
energy/site = -0.02880146175
43.8381% accepted

energy = -13.87741974
energy/site = -0.01576979516
43.7733% accepted

energy = -6016.894162
energy/site = -6.837379729
43.893% accepted

energy = -186.5955091
energy/site = -0.2120403513
43.9014% accepted

energy = -237.8398569
energy/site = -0.2702725646
44.058% accepted

energy = -184.3120609
energy/site = -0.2094455237
43.8253% accepted

energy = -51.38144845
energy/site = -0.05838800961
43.7757% accepted

energy = -13.29119995
energy/site = -0.01510363631
43.9426% accepted

energy = -15.5340472
energy/site = -0.01765232636
43.7974% accepted

energy = -646.1991417
energy/site = -0.7343172065
43.8782% accepted

energy = -45.25397951
energy/site = -0.05142497671
43.9421% accepted

energy = -60.7206299
energy/site = -0.0690007158
43.7549% accepted

energy = -145.6538646
energy/site = -0.1655157552
43.8879% accepted

energy = -48.67517606
energy/site = -0.05531270007
43.8567% accepted

energy = -226.4116331
energy/site = -0.2572859468
43.9233% accepted

energy = -3310.87565
energy/site = -3.762358694
43.9049% accepted

energy = -204.3489836
energy/site = -0.2322147541
43.7916% accepted

energy = -332.9152482
energy/site = -0.378312782
43.8417% accepted

energy = -1652.782902
energy/site = -1.878162389
43.9028% accepted

energy = -310.3818263
energy/site = -0.3527066208
43.9728% accepted

energy = -201.8889735
energy/site = -0.2294192881
43.9114% accepted

energy = -0.3769956601
energy/site = -0.0004284041592
43.7674% accepted

energy = -92.08927663
energy/site = -0.1046469053
43.9069% accepted

energy = -600.9004131
energy/site = -0.6828413785
43.892% accepted

energy = -660.0193457
energy/site = -0.7500219837
43.9069% accepted

energy = -8.412078577
energy/site = -0.009559180202
43.813% accepted

energy = -135.0220655
energy/site = -0.1534341653
43.8945% accepted

energy = -631.7563057
energy/site = -0.7179048928
43.8839% accepted

User defined signal 2

------------------------------------------------------------
Sender: LSF System <lsfadmin@wha673>
Subject: Job 3908580: <./torus12> Exited

Job <./torus12> was submitted from host <wha780> by user <akallin>.
Job was executed on host(s) <wha673>, in queue <serial>, as user <akallin>.
</home/akallin> was used as the home directory.
</work/akallin/TORUS/OBC/11leg/12> was used as the working directory.
Started at Sat Jun 26 17:02:15 2010
Results reported at Sat Jul  3 16:39:44 2010

Your job looked like:

------------------------------------------------------------
# LSBATCH: User input
./torus12
------------------------------------------------------------

TERM_RUNLIMIT: job killed after reaching LSF run time limit.
Exited with exit code 140.

Resource usage summary:

    CPU time   : 415918.00 sec.
    Max Memory :         6 MB
    Max Swap   :       122 MB

    Max Processes  :         4
    Max Threads    :         4

The output (if any) is above this job summary.


weighting by <swap_x> where x = 12
11 x 40 x 1 system
r   = 3  bondops changed per step 
n/N = 80  bond operators / site
its = 1000000  iterations/loop for 100000 loops

energy = -633.7882289
energy/site = -0.7202138964
43.839% accepted

energy = -30.46090465
energy/site = -0.03461466438
43.8803% accepted

energy = -225.4862178
energy/site = -0.2562343384
43.9883% accepted

energy = -2807.117144
energy/site = -3.189905846
43.9197% accepted

energy = -5.323107133
energy/site = -0.006048985378
43.9511% accepted

energy = -418.753587
energy/site = -0.4758563489
43.7905% accepted

energy = -407.9580703
energy/site = -0.4635887162
43.9043% accepted

energy = -1067.043345
energy/site = -1.212549255
43.7507% accepted

energy = -242.4518494
energy/site = -0.2755134652
43.7322% accepted

energy = -66.69129286
energy/site = -0.07578556007
43.8413% accepted

energy = -183.6530083
energy/site = -0.2086966004
43.8311% accepted

energy = -0.1880361648
energy/site = -0.00021367746
43.8994% accepted

energy = -11.20824739
energy/site = -0.01273664476
43.9073% accepted

energy = -7032.819916
energy/site = -7.991840814
44.0737% accepted

energy = -2.92852652
energy/site = -0.003327871045
43.7024% accepted

energy = -44.20951953
energy/site = -0.05023809037
43.6962% accepted

energy = -46.50910019
energy/site = -0.05285125022
43.8496% accepted

energy = -0.5266861363
energy/site = -0.000598506973
43.8894% accepted

energy = -25.6273976
energy/site = -0.02912204272
43.7835% accepted

energy = -19.98338994
energy/site = -0.02270839765
43.9702% accepted

energy = -45.01122765
energy/site = -0.05114912233
43.8506% accepted

energy = -13.60605367
energy/site = -0.01546142463
43.7538% accepted

energy = -2.673888563
energy/site = -0.003038509731
43.8243% accepted

energy = -1772.277475
energy/site = -2.013951677
43.9368% accepted

energy = -96.55999503
energy/site = -0.1097272671
43.8982% accepted

energy = -47.32467354
energy/site = -0.05377803811
43.8382% accepted

energy = -41.92905242
energy/site = -0.04764665048
43.8888% accepted

energy = -50.22321235
energy/site = -0.05707183222
43.7501% accepted

energy = -105.1402117
energy/site = -0.1194775133
43.875% accepted

energy = -16.09948659
energy/site = -0.01829487113
43.8846% accepted

energy = -1.184787863
energy/site = -0.001346349844
43.8872% accepted

energy = -55.14834102
energy/site = -0.06266856934
43.8883% accepted

energy = -207.2594178
energy/site = -0.2355220656
43.8561% accepted

energy = -8.669058406
energy/site = -0.009851202734
43.848% accepted

energy = -200.855955
energy/site = -0.2282454034
43.8974% accepted

energy = -1276.343374
energy/site = -1.450390198
43.9628% accepted

energy = -7.596470861
energy/site = -0.008632353251
43.622% accepted

energy = -51.0742771
energy/site = -0.05803895124
43.9179% accepted

energy = -21.33082505
energy/site = -0.02423957392
43.8443% accepted

energy = -1562.518004
energy/site = -1.77558864
43.9984% accepted

energy = -5.684004507
energy/site = -0.006459096031
43.8542% accepted

energy = -60.49051396
energy/site = -0.06873922041
43.8336% accepted

energy = -777.930184
energy/site = -0.8840115727
43.9167% accepted

energy = -7.482424003
energy/site = -0.008502754549
43.7174% accepted

energy = -197.4036914
energy/site = -0.2243223766
43.8963% accepted

energy = -44.2662517
energy/site = -0.05030255875
43.8569% accepted

energy = -206.1857601
energy/site = -0.2343020001
43.8107% accepted

energy = -269.6848076
energy/site = -0.3064600086
43.8777% accepted

energy = -3262.568859
energy/site = -3.707464612
43.8169% accepted

energy = -66.34672811
energy/site = -0.07539400921
43.8469% accepted

energy = -392.0190217
energy/site = -0.445476161
43.8616% accepted

energy = -29.81611155
energy/site = -0.03388194495
43.9205% accepted

energy = -14.71430804
energy/site = -0.01672080459
43.7317% accepted

energy = -1329.436441
energy/site = -1.510723228
43.8833% accepted

energy = -64.63860735
energy/site = -0.0734529629
43.8135% accepted

energy = -53.01812222
energy/site = -0.06024786616
43.788% accepted

energy = -132.5787553
energy/site = -0.1506576765
43.9608% accepted

energy = -47.57325562
energy/site = -0.05406051775
43.7884% accepted

energy = -1.392463978
energy/site = -0.00158234543
44.0274% accepted

energy = -20.91219728
energy/site = -0.02376386054
43.9236% accepted

energy = -2.512730375
energy/site = -0.002855375427
43.7335% accepted

energy = -42.0271031
energy/site = -0.04775807171
43.7475% accepted

energy = -48.42854654
energy/site = -0.05503243925
43.9123% accepted

energy = -100.957248
energy/site = -0.1147241455
43.9629% accepted

energy = -470.3644321
energy/site = -0.5345050365
43.8546% accepted

energy = -47.01034432
energy/site = -0.05342084582
43.7386% accepted

energy = -7.418317643
energy/site = -0.008429906412
43.8846% accepted

energy = -6109.629905
energy/site = -6.942761256
43.7899% accepted

energy = -67.79162823
energy/site = -0.07703594117
43.8249% accepted

energy = -88.1074529
energy/site = -0.1001221056
43.9414% accepted

energy = -7.257948158
energy/site = -0.008247668361
43.8953% accepted

energy = -2.519587665
energy/site = -0.002863167801
43.8268% accepted

energy = -51.07552238
energy/site = -0.05804036634
43.9495% accepted

energy = -33.39482963
energy/site = -0.03794867003
43.808% accepted

energy = -9.104945697
energy/site = -0.0103465292
43.8422% accepted

energy = -18.65406574
energy/site = -0.02119780197
43.9383% accepted

energy = -505.9465134
energy/site = -0.5749392197
43.8625% accepted

energy = -551.8083383
energy/site = -0.6270549299
43.9975% accepted

energy = -2.451796106
energy/site = -0.002786131939
43.8314% accepted

energy = -1.437212356
energy/site = -0.001633195859
43.8602% accepted

energy = -76.03844413
energy/site = -0.08640732287
43.7614% accepted

energy = -11.76766034
energy/site = -0.01337234129
43.6359% accepted

energy = -149.608177
energy/site = -0.170009292
43.8654% accepted

energy = -240.3471132
energy/site = -0.2731217196
43.8471% accepted

energy = -146.24643
energy/site = -0.166189125
43.8769% accepted

energy = -5.559104667
energy/site = -0.006317164395
43.8297% accepted

energy = -873.7829501
energy/site = -0.9929351705
43.8187% accepted

energy = -2.251639364
energy/site = -0.002558681096
43.8467% accepted

energy = -4140.176772
energy/site = -4.704746332
43.7495% accepted

energy = -57.11622871
energy/site = -0.06490480535
43.8408% accepted

energy = -863.8240689
energy/site = -0.9816182601
43.8288% accepted

energy = -128.7120627
energy/site = -0.1462637076
43.8132% accepted

energy = -5.186240313
energy/site = -0.005893454901
43.7115% accepted

energy = -116.2648324
energy/site = -0.1321191278
43.8313% accepted

energy = -260.7419955
energy/site = -0.2962977222
43.9748% accepted

energy = -7201.374501
energy/site = -8.183380115
43.7152% accepted

energy = -51.8547085
energy/site = -0.05892580511
43.866% accepted

energy = -6.799512279
energy/site = -0.007726718498
43.7207% accepted

energy = -2207.245307
energy/site = -2.508233304
43.9572% accepted

energy = -218.1498186
energy/site = -0.2478975212
43.85% accepted

energy = -41.87435481
energy/site = -0.0475844941
43.9055% accepted

energy = -125.2498523
energy/site = -0.1423293777
43.8024% accepted

energy = -9.166593835
energy/site = -0.0104165839
43.9077% accepted

energy = -28.52602089
energy/site = -0.03241593283
43.8734% accepted

energy = -35.56255416
energy/site = -0.04041199337
43.8662% accepted

energy = -391.4080811
energy/site = -0.4447819104
43.8629% accepted

energy = -36743.82831
energy/site = -41.75435035
43.7626% accepted

energy = -8.786697365
energy/site = -0.009984883369
43.7332% accepted

energy = -34.90068405
energy/site = -0.03965986823
43.9427% accepted

energy = -223.2110773
energy/site = -0.2536489515
43.8106% accepted

energy = -37.95246417
energy/site = -0.04312780019
43.9889% accepted

energy = -1.619148334
energy/site = -0.001839941288
43.7621% accepted

energy = -17.6922776
energy/site = -0.02010486091
43.9352% accepted

energy = -5.263345595
energy/site = -0.00598107454
43.8341% accepted

energy = -9.64974369
energy/site = -0.01096561783
43.9427% accepted

energy = -35.99667764
energy/site = -0.0409053155
43.7857% accepted

energy = -2.730626391
energy/site = -0.003102984535
43.9401% accepted

energy = -4.459687107
energy/site = -0.005067826258
44.023% accepted

energy = -183.8753182
energy/site = -0.2089492252
43.7937% accepted

energy = -7.497689995
energy/site = -0.008520102267
43.9283% accepted

energy = -5550.199836
energy/site = -6.307045268
43.8511% accepted

energy = -2.919898269
energy/site = -0.003318066214
43.7854% accepted

energy = -5879.896798
energy/site = -6.681700907
43.875% accepted

energy = -57.44160665
energy/site = -0.06527455301
43.783% accepted

energy = -275.4903592
energy/site = -0.3130572264
43.9464% accepted

energy = -317.7517003
energy/site = -0.3610814776
43.8361% accepted

energy = -80.2771436
energy/site = -0.09122402682
43.7847% accepted

energy = -7.16438208
energy/site = -0.008141343273
43.9556% accepted

energy = -79.80888043
energy/site = -0.09069190958
43.9445% accepted

energy = -11.97240518
energy/site = -0.01360500589
43.9087% accepted

energy = -14.04963017
energy/site = -0.01596548883
43.7627% accepted

energy = -1.687231396
energy/site = -0.001917308404
43.7781% accepted

energy = -7.8550345
energy/site = -0.008926175568
43.8012% accepted

energy = -1.771286978
energy/site = -0.002012826112
43.872% accepted

energy = -2.157828099
energy/site = -0.002452077385
43.9079% accepted

energy = -37.27957561
energy/site = -0.0423631541
43.8041% accepted

energy = -530.5500826
energy/site = -0.6028978212
43.9765% accepted

energy = -13.79355079
energy/site = -0.01567448953
43.7176% accepted

energy = -75.8435723
energy/site = -0.08618587761
43.8828% accepted

energy = -22.00452893
energy/site = -0.02500514652
43.8386% accepted

energy = -6.825553989
energy/site = -0.007756311351
43.8559% accepted

energy = -13.36709758
energy/site = -0.01518988362
43.7504% accepted

energy = -20.917298
energy/site = -0.02376965682
43.8493% accepted

energy = -359.0992336
energy/site = -0.4080673109
43.8602% accepted

energy = -30.64690085
energy/site = -0.03482602369
43.7914% accepted

energy = -146.4506793
energy/site = -0.1664212265
43.8948% accepted

energy = -3.951597354
energy/site = -0.004490451539
43.7973% accepted

energy = -100.9163627
energy/site = -0.1146776848
43.9477% accepted

energy = -193.0123922
energy/site = -0.2193322639
43.8215% accepted

energy = -79.7197064
energy/site = -0.09059057545
44.003% accepted

energy = -422.5556652
energy/site = -0.4801768922
43.8153% accepted

energy = -99.30995321
energy/site = -0.1128522196
43.8621% accepted

energy = -8.688648939
energy/site = -0.009873464703
43.8137% accepted

energy = -3242.434353
energy/site = -3.684584492
43.7389% accepted

energy = -35.29772335
energy/site = -0.04011104926
43.8643% accepted

energy = -94.60762099
energy/site = -0.1075086602
43.9024% accepted

energy = -189.0481399
energy/site = -0.2148274317
43.9458% accepted

energy = -11.81443539
energy/site = -0.01342549476
43.8608% accepted

energy = -2.758329116
energy/site = -0.003134464905
43.8847% accepted

energy = -1.778797412
energy/site = -0.002021360695
43.9806% accepted

energy = -524.3072837
energy/site = -0.5958037315
43.7326% accepted

energy = -419.704695
energy/site = -0.4769371534
43.8236% accepted

energy = -281.053476
energy/site = -0.31937895
43.7657% accepted

energy = -112.9823021
energy/site = -0.1283889796
43.9011% accepted

energy = -9.822220975
energy/site = -0.01116161474
43.8521% accepted

energy = -27.57800786
energy/site = -0.0313386453
43.9406% accepted

energy = -11.24105073
energy/site = -0.01277392128
43.6724% accepted

energy = -8.353959322
energy/site = -0.009493135593
43.7119% accepted

energy = -249.2732776
energy/site = -0.2832650882
43.8522% accepted

energy = -363.9843526
energy/site = -0.4136185825
43.8689% accepted

energy = -7.924407423
energy/site = -0.009005008435
43.8324% accepted

energy = -2091.808705
energy/site = -2.377055346
43.8657% accepted

energy = -98.1378504
energy/site = -0.1115202845
43.7914% accepted

energy = -12.52057903
energy/site = -0.01422793071
43.8377% accepted

energy = -46.45765073
energy/site = -0.05279278492
43.776% accepted

energy = -408.5367263
energy/site = -0.4642462799
43.8481% accepted

energy = -170.6179855
energy/site = -0.1938840744
43.7981% accepted

energy = -95.16582812
energy/site = -0.1081429865
43.8902% accepted

energy = -8.930667042
energy/site = -0.01014848528
43.9524% accepted

energy = -9.324216266
energy/site = -0.0105957003
43.8881% accepted

energy = -28.8423026
energy/site = -0.03277534387
43.9274% accepted

energy = -24.89655426
energy/site = -0.02829153893
44.016% accepted

energy = -176.5728414
energy/site = -0.2006509562
43.8634% accepted

energy = -2.144935939
energy/site = -0.002437427203
43.898% accepted

energy = -334.1006461
energy/site = -0.3796598252
43.9812% accepted

energy = -98.48951533
energy/site = -0.1119199038
43.8499% accepted

energy = -220.1739465
energy/site = -0.2501976665
44.0147% accepted

energy = -17.71654052
energy/site = -0.02013243241
43.8048% accepted

energy = -565.8884674
energy/site = -0.6430550766
43.775% accepted

energy = -184.6245225
energy/site = -0.2098005938
43.8205% accepted

energy = -97.69292497
energy/site = -0.1110146875
43.8779% accepted

energy = -71.9925567
energy/site = -0.08180972352
43.7188% accepted

energy = -2005.471521
energy/site = -2.27894491
43.9276% accepted

energy = -540.075067
energy/site = -0.613721667
43.863% accepted

energy = -1424.549997
energy/site = -1.618806815
43.9878% accepted

energy = -20.28205194
energy/site = -0.02304778629
43.74% accepted

energy = -17.57948752
energy/site = -0.01997669036
43.935% accepted

energy = -98.52460374
energy/site = -0.111959777
43.9542% accepted

energy = -193.9867989
energy/site = -0.2204395442
43.9682% accepted

energy = -4.660708776
energy/site = -0.005296259973
43.8427% accepted

energy = -1966.385337
energy/site = -2.234528792
43.7731% accepted

energy = -4364.914479
energy/site = -4.960130089
43.8637% accepted

energy = -9.018856077
energy/site = -0.01024870009
43.8476% accepted

energy = -359.4290779
energy/site = -0.408442134
43.7706% accepted

energy = -396.7142768
energy/site = -0.4508116782
43.8089% accepted

energy = -61.05567443
energy/site = -0.06938144822
43.8566% accepted

energy = -310.5796335
energy/site = -0.3529314017
43.8173% accepted

energy = -7.257162468
energy/site = -0.008246775531
43.7514% accepted

energy = -32.87598357
energy/site = -0.03735907224
43.8704% accepted

energy = -5.843595887
energy/site = -0.006640449871
43.9175% accepted

energy = -33.41060497
energy/site = -0.03796659656
43.7734% accepted

energy = -53.27785144
energy/site = -0.060543013
43.7447% accepted

energy = -22.18263181
energy/site = -0.02520753615
43.9568% accepted

energy = -107.1879229
energy/site = -0.1218044578
43.8929% accepted

energy = -596.5432678
energy/site = -0.677890077
43.874% accepted

energy = -8.802233621
energy/site = -0.01000253821
43.9498% accepted

energy = -202.9015497
energy/site = -0.2305699429
43.696% accepted

energy = -35.5482743
energy/site = -0.04039576625
43.7242% accepted

energy = -3.850308095
energy/site = -0.004375350109
43.8118% accepted

energy = -10.5508816
energy/site = -0.01198963818
43.87% accepted

energy = -7.510157914
energy/site = -0.008534270357
43.7217% accepted

energy = -8270.434497
energy/site = -9.398221019
43.8882% accepted

User defined signal 2

------------------------------------------------------------
Sender: LSF System <lsfadmin@wha38>
Subject: Job 5120780: <./torus12> Exited

Job <./torus12> was submitted from host <wha780> by user <akallin>.
Job was executed on host(s) <wha38>, in queue <serial>, as user <akallin>.
</home/akallin> was used as the home directory.
</work/akallin/TORUS/OBC/11leg/12> was used as the working directory.
Started at Wed Jul 21 18:01:18 2010
Results reported at Wed Jul 28 18:27:29 2010

Your job looked like:

------------------------------------------------------------
# LSBATCH: User input
./torus12
------------------------------------------------------------

TERM_RUNLIMIT: job killed after reaching LSF run time limit.
Exited with exit code 140.

Resource usage summary:

    CPU time   : 412575.00 sec.
    Max Memory :         6 MB
    Max Swap   :       122 MB

    Max Processes  :         4
    Max Threads    :         4

The output (if any) is above this job summary.


weighting by <swap_x> where x = 12
11 x 40 x 1 system
r   = 3  bondops changed per step 
n/N = 80  bond operators / site
its = 1000000  iterations/loop for 100000 loops

energy = -59.51785206
energy/site = -0.0676339228
43.8122% accepted

energy = -91.65218287
energy/site = -0.1041502078
43.7809% accepted

energy = -483.3999981
energy/site = -0.5493181797
43.8742% accepted

energy = -7.596125148
energy/site = -0.008631960396
43.7544% accepted

energy = -24.10819466
energy/site = -0.02739567575
43.9313% accepted

energy = -34.60101851
energy/site = -0.03931933922
43.7715% accepted

energy = -2.763353378
energy/site = -0.003140174294
43.8859% accepted

energy = -13.93119313
energy/site = -0.01583090128
43.8396% accepted

energy = -6.75690478
energy/site = -0.007678300887
43.7442% accepted

energy = -8458.955857
energy/site = -9.612449837
43.7598% accepted

energy = -6.835401205
energy/site = -0.007767501369
43.9239% accepted

energy = -218.244387
energy/site = -0.2480049853
43.8621% accepted

energy = -46.22335305
energy/site = -0.05252653756
43.8545% accepted

energy = -9478.761154
energy/site = -10.77131949
43.9542% accepted

energy = -248.0693584
energy/site = -0.2818969982
43.8702% accepted

energy = -64.11318429
energy/site = -0.07285589124
43.8308% accepted

energy = -1430.775689
energy/site = -1.625881465
43.7683% accepted

energy = -5.313059591
energy/site = -0.006037567717
43.7154% accepted

energy = -4.206328631
energy/site = -0.004779918899
43.7245% accepted

energy = -78.32480024
energy/site = -0.08900545481
43.9597% accepted

energy = -4707.121416
energy/site = -5.349001609
43.7518% accepted

energy = -147.8915576
energy/site = -0.1680585882
43.7486% accepted

energy = -424.295111
energy/site = -0.4821535352
43.7713% accepted

energy = -10.8276115
energy/site = -0.01230410398
43.8215% accepted

energy = -161.9684412
energy/site = -0.1840550468
44.0631% accepted

energy = -12.75388688
energy/site = -0.01449305327
43.8583% accepted

energy = -44.26268638
energy/site = -0.05029850725
43.8687% accepted

energy = -12.10385705
energy/site = -0.01375438302
43.8333% accepted

energy = -2.767242403
energy/site = -0.00314459364
43.9966% accepted

energy = -70.46657704
energy/site = -0.08007565573
43.9036% accepted

energy = -26.18387678
energy/site = -0.02975440543
43.9941% accepted

energy = -0.3142881248
energy/site = -0.0003571455964
43.8546% accepted

energy = -2.658908853
energy/site = -0.003021487333
43.7579% accepted

energy = -81.44123121
energy/site = -0.09254685364
43.977% accepted

energy = -18.69337844
energy/site = -0.02124247549
44.0016% accepted

energy = -234.7647177
energy/site = -0.2667780883
44.0016% accepted

energy = -109.0200372
energy/site = -0.1238864059
43.8572% accepted

energy = -168.9197268
energy/site = -0.191954235
44.043% accepted

energy = -42.73944217
energy/site = -0.04856754792
43.726% accepted

energy = -106.5662273
energy/site = -0.1210979856
43.9175% accepted

energy = -47.28096644
energy/site = -0.05372837096
43.8002% accepted

energy = -8.334327933
energy/site = -0.009470827197
43.9058% accepted

energy = -39.2648792
energy/site = -0.0446191809
43.9081% accepted

energy = -13.07648402
energy/site = -0.01485964093
43.8144% accepted

energy = -7.098706833
energy/site = -0.00806671231
43.759% accepted

energy = -105.8109804
energy/site = -0.1202397505
43.7829% accepted

energy = -64.65040195
energy/site = -0.07346636585
43.8584% accepted

energy = -5652.786735
energy/site = -6.42362129
43.7123% accepted

energy = -34.77566583
energy/site = -0.03951780208
43.9215% accepted

energy = -124.2189791
energy/site = -0.1411579308
43.7848% accepted

energy = -77.67017498
energy/site = -0.08826156248
43.8757% accepted

energy = -2.8608313
energy/site = -0.00325094466
43.9358% accepted

energy = -107.2057601
energy/site = -0.1218247274
43.8098% accepted

energy = -70.40456047
energy/site = -0.08000518236
43.8024% accepted

energy = -62.03501735
energy/site = -0.0704943379
43.9436% accepted

energy = -140.6577501
energy/site = -0.1598383524
43.8034% accepted

energy = -17.86264676
energy/site = -0.02029846223
43.8582% accepted

energy = -10.55658967
energy/site = -0.01199612463
43.8351% accepted

energy = -38.26932219
energy/site = -0.04348786613
43.7287% accepted

energy = -66.46198215
energy/site = -0.07552497972
43.9239% accepted

energy = -313.1234518
energy/site = -0.3558221043
43.7282% accepted

energy = -511.3933093
energy/site = -0.5811287606
43.8466% accepted

energy = -91.94851588
energy/site = -0.1044869499
43.9709% accepted

energy = -8.813042868
energy/site = -0.01001482144
43.8607% accepted

energy = -138.124408
energy/site = -0.1569595546
43.7436% accepted

energy = -111.7987823
energy/site = -0.1270440708
43.7846% accepted

energy = -68.04630828
energy/site = -0.07732535032
43.7067% accepted

energy = -10.22134841
energy/site = -0.01161516864
43.7965% accepted

energy = -779.9991204
energy/site = -0.8863626368
43.9979% accepted

energy = -54.51292741
energy/site = -0.06194650842
44.0593% accepted

energy = -24.40908161
energy/site = -0.02773759274
43.918% accepted

energy = -120.5344137
energy/site = -0.1369709246
43.8757% accepted

energy = -1034.139894
energy/site = -1.175158971
43.8751% accepted

energy = -11.80147146
energy/site = -0.01341076302
43.9074% accepted

energy = -70.95379665
energy/site = -0.08062931437
43.8495% accepted

energy = -608.9068671
energy/site = -0.6919396217
43.9276% accepted

energy = -711.8074047
energy/site = -0.8088720508
44.0114% accepted

energy = -62.30396872
energy/site = -0.07079996445
43.861% accepted

energy = -114.1655606
energy/site = -0.1297335916
43.8673% accepted

energy = -8.548153571
energy/site = -0.009713810876
43.9029% accepted

energy = -2668.187119
energy/site = -3.032030817
43.6952% accepted

energy = -347.4360725
energy/site = -0.3948137188
43.9501% accepted

energy = -46220.95416
energy/site = -52.52381155
43.7229% accepted

energy = -5.92042486
energy/site = -0.006727755523
43.9444% accepted

energy = -113.208482
energy/site = -0.1286460023
43.8389% accepted

energy = -44.34477891
energy/site = -0.05039179421
43.8611% accepted

energy = -1.544820656
energy/site = -0.001755478018
43.98% accepted

energy = -24.48098011
energy/site = -0.02781929558
43.9906% accepted

energy = -135.3310292
energy/site = -0.1537852605
43.6449% accepted

energy = -14.90952464
energy/site = -0.01694264164
43.8749% accepted

energy = -19.48105972
energy/site = -0.02213756786
43.9019% accepted

energy = -1785.453202
energy/site = -2.028924094
43.7171% accepted

energy = -394.6099695
energy/site = -0.4484204199
43.8003% accepted

energy = -328.0927031
energy/site = -0.3728326172
43.7733% accepted

energy = -12715.19991
energy/site = -14.44909081
43.7561% accepted

energy = -59.93737783
energy/site = -0.06811065663
43.8106% accepted

energy = -25.56831849
energy/site = -0.02905490737
43.8963% accepted

energy = -10.37164205
energy/site = -0.01178595687
43.9036% accepted

energy = -3.550055571
energy/site = -0.004034154058
44.0003% accepted

energy = -8.021761041
energy/site = -0.009115637546
43.8561% accepted

energy = -116.6758609
energy/site = -0.1325862056
43.8555% accepted

energy = -136.0377582
energy/site = -0.1545883616
43.8611% accepted

energy = -6.449599063
energy/site = -0.007329089844
43.7866% accepted

energy = -44.58662218
energy/site = -0.05066661611
43.7686% accepted

energy = -8.628489758
energy/site = -0.009805101998
43.9296% accepted

energy = -115.8214646
energy/site = -0.1316153007
43.9245% accepted

energy = -54.43668766
energy/site = -0.06185987234
43.8921% accepted

energy = -37.75603326
energy/site = -0.04290458325
43.9192% accepted

energy = -327.9875412
energy/site = -0.372713115
43.8541% accepted

energy = -526.8390954
energy/site = -0.5986807902
43.8552% accepted

energy = -348.1469084
energy/site = -0.3956214868
43.8123% accepted

energy = -430.4055834
energy/site = -0.4890972539
44.0168% accepted

energy = -158.0734423
energy/site = -0.1796289118
43.8458% accepted

energy = -66.45679005
energy/site = -0.07551907961
43.8125% accepted

energy = -283.150265
energy/site = -0.3217616648
43.8259% accepted

energy = -56.95259826
energy/site = -0.06471886165
43.7744% accepted

energy = -13.56611182
energy/site = -0.01541603616
43.9423% accepted

energy = -304.1378383
energy/site = -0.3456111798
43.9218% accepted

energy = -78.86327892
energy/site = -0.08961736241
43.7664% accepted

energy = -8.711677264
energy/site = -0.009899633254
43.8395% accepted

energy = -102.5333262
energy/site = -0.1165151434
43.8171% accepted

energy = -8.629555917
energy/site = -0.009806313542
43.886% accepted

energy = -61.42169605
energy/site = -0.06979738188
43.8088% accepted

energy = -130.4715058
energy/site = -0.1482630747
43.874% accepted

energy = -3744.098992
energy/site = -4.254657945
43.8984% accepted

energy = -4.799783521
energy/site = -0.005454299455
43.9175% accepted

energy = -89.55569907
energy/site = -0.1017678399
43.7658% accepted

energy = -129.2506826
energy/site = -0.1468757757
43.7794% accepted

energy = -29.53229973
energy/site = -0.03355943151
43.8739% accepted

energy = -5.653658947
energy/site = -0.00642461244
43.9327% accepted

energy = -178.7753764
energy/site = -0.2031538369
43.8538% accepted

energy = -32.45028985
energy/site = -0.03687532938
43.8198% accepted

energy = -825.8673997
energy/site = -0.9384856814
43.7873% accepted

energy = -479.5190189
energy/site = -0.544907976
43.9054% accepted

energy = -19.3546792
energy/site = -0.02199395363
43.9597% accepted

energy = -3895.78285
energy/site = -4.427025966
43.8501% accepted

energy = -2.163019275
energy/site = -0.002457976449
43.7997% accepted

energy = -8213.290619
energy/site = -9.333284795
43.8277% accepted

energy = -276.4052446
energy/site = -0.3140968688
43.9451% accepted

energy = -10126.2111
energy/site = -11.50705807
43.8575% accepted

energy = -77.06980992
energy/site = -0.08757932946
43.7498% accepted

energy = -220.113618
energy/site = -0.2501291114
43.7168% accepted

energy = -52.46399206
energy/site = -0.05961817279
43.8281% accepted

energy = -114.4271027
energy/site = -0.1300307985
43.8195% accepted

energy = -8.923174394
energy/site = -0.0101399709
43.8381% accepted

energy = -226.4433317
energy/site = -0.2573219678
43.905% accepted

energy = -543.8683036
energy/site = -0.6180321632
43.7081% accepted

energy = -93.11859815
energy/site = -0.1058165888
43.6951% accepted

energy = -17.27474682
energy/site = -0.01963039411
43.8804% accepted

energy = -13561.29234
energy/site = -15.41055948
43.9588% accepted

energy = -15.63084277
energy/site = -0.01776232133
43.7829% accepted

energy = -83.47474883
energy/site = -0.09485766913
43.9241% accepted

energy = -6.716744898
energy/site = -0.007632664657
43.9596% accepted

energy = -5.924336374
energy/site = -0.006732200425
43.8185% accepted

energy = -3.351900833
energy/site = -0.00380897822
43.869% accepted

energy = -167.9517236
energy/site = -0.1908542313
44.0016% accepted

energy = -6.462541183
energy/site = -0.007343796799
43.9579% accepted

energy = -14810.68983
energy/site = -16.83032936
43.7176% accepted

energy = -850.6341601
energy/site = -0.9666297273
43.8634% accepted

energy = -2672.583627
energy/site = -3.037026849
43.9684% accepted

energy = -139.335482
energy/site = -0.158335775
43.872% accepted

energy = -4.723250998
energy/site = -0.005367330679
43.9214% accepted

energy = -81.03965499
energy/site = -0.09209051704
43.8858% accepted

energy = -193.6006116
energy/site = -0.220000695
43.9734% accepted

energy = -490.3978963
energy/site = -0.5572703367
43.7701% accepted

energy = -11.12709485
energy/site = -0.01264442597
43.9194% accepted

energy = -719.5526165
energy/site = -0.8176734278
43.9099% accepted

energy = -66.30326548
energy/site = -0.07534461987
43.9324% accepted

energy = -23.25557202
energy/site = -0.02642678639
43.7872% accepted

energy = -95.36505073
energy/site = -0.1083693758
43.859% accepted

energy = -140.847305
energy/site = -0.1600537556
43.8888% accepted

energy = -12.58034425
energy/site = -0.01429584573
43.9616% accepted

energy = -549.6642285
energy/site = -0.6246184415
43.9111% accepted

energy = -25.72879154
energy/site = -0.02923726311
43.9253% accepted

energy = -14.98505857
energy/site = -0.01702847565
44.0181% accepted

energy = -244.8306327
energy/site = -0.2782166281
43.8281% accepted

energy = -53.2138785
energy/site = -0.06047031648
43.7869% accepted

energy = -13.46510301
energy/site = -0.01530125343
43.8733% accepted

energy = -0.9041358138
energy/site = -0.001027427061
43.9476% accepted

energy = -1.038155286
energy/site = -0.001179721916
43.7398% accepted

energy = -93.0222689
energy/site = -0.1057071237
43.823% accepted

energy = -71.41103156
energy/site = -0.0811488995
43.8079% accepted

energy = -13.3134356
energy/site = -0.01512890409
43.9345% accepted

energy = -406.0983347
energy/site = -0.4614753803
43.8502% accepted

energy = -9.896207317
energy/site = -0.01124569013
44.0209% accepted

energy = -23.40680546
energy/site = -0.02659864257
43.9405% accepted

energy = -17.03694576
energy/site = -0.01936016563
43.9818% accepted

energy = -85.77801365
energy/site = -0.09747501551
43.8403% accepted

energy = -11.51996925
energy/site = -0.01309087415
43.8255% accepted

energy = -3.918117289
energy/site = -0.00445240601
43.8024% accepted

energy = -2.934560071
energy/site = -0.003334727354
43.8072% accepted

energy = -27.2129571
energy/site = -0.03092381489
43.8763% accepted

energy = -29.24048921
energy/site = -0.03322782865
44.0388% accepted

energy = -78.62359972
energy/site = -0.08934499968
43.8595% accepted

energy = -17.8177555
energy/site = -0.02024744943
43.8618% accepted

energy = -2.32678848
energy/site = -0.002644077818
43.7975% accepted

energy = -174.5034258
energy/site = -0.1982993476
43.8271% accepted

energy = -39.16422742
energy/site = -0.04450480389
43.9382% accepted

energy = -55.23967332
energy/site = -0.06277235605
43.9068% accepted

energy = -48.44440076
energy/site = -0.05505045541
43.933% accepted

energy = -266.7503821
energy/site = -0.3031254343
43.9239% accepted

energy = -47.26658812
energy/site = -0.05371203196
43.9065% accepted

energy = -110.6867666
energy/site = -0.1257804166
43.7552% accepted

energy = -17.17972525
energy/site = -0.01952241506
43.9479% accepted

energy = -4639.842544
energy/site = -5.272548346
43.7703% accepted

energy = -9.085695629
energy/site = -0.01032465412
43.9062% accepted

energy = -2.000113022
energy/site = -0.002272855707
43.6981% accepted

energy = -800.7663291
energy/site = -0.9099617376
43.8267% accepted

energy = -305.9425374
energy/site = -0.3476619743
43.8804% accepted

energy = -21.71231779
energy/site = -0.0246730884
43.8148% accepted

energy = -17.22069438
energy/site = -0.01956897089
43.7112% accepted

energy = -30.05668808
energy/site = -0.03415532736
43.9353% accepted

energy = -1.493862882
energy/site = -0.001697571457
43.8201% accepted

User defined signal 2

------------------------------------------------------------
Sender: LSF System <lsfadmin@wha726>
Subject: Job 5493603: <./torus12> Exited

Job <./torus12> was submitted from host <wha781> by user <akallin>.
Job was executed on host(s) <wha726>, in queue <serial>, as user <akallin>.
</home/akallin> was used as the home directory.
</work/akallin/TORUS/OBC/11leg/12> was used as the working directory.
Started at Wed Aug 11 14:43:24 2010
Results reported at Wed Aug 18 15:01:40 2010

Your job looked like:

------------------------------------------------------------
# LSBATCH: User input
./torus12
------------------------------------------------------------

TERM_RUNLIMIT: job killed after reaching LSF run time limit.
Exited with exit code 140.

Resource usage summary:

    CPU time   : 396129.00 sec.
    Max Memory :         6 MB
    Max Swap   :       122 MB

    Max Processes  :         4
    Max Threads    :         4

The output (if any) is above this job summary.


weighting by <swap_x> where x = 12
11 x 40 x 1 system
r   = 3  bondops changed per step 
n/N = 80  bond operators / site
its = 1000000  iterations/loop for 100000 loops

