
weighting by <swap_x> where x = 9
11 x 40 x 1 system
r   = 3  bondops changed per step 
n/N = 80  bond operators / site
its = 1000000  iterations/loop for 100000 loops

energy = -4794.428996
energy/site = -5.448214769
44.7693% accepted

energy = -15775.73712
energy/site = -17.926974
43.9385% accepted

energy = -239.0761237
energy/site = -0.2716774133
43.7347% accepted

energy = -411.2821407
energy/site = -0.467366069
43.8229% accepted

energy = -218.8281987
energy/site = -0.2486684076
43.8305% accepted

energy = -1254.915796
energy/site = -1.426040677
43.8868% accepted

energy = -831.335386
energy/site = -0.9446993023
43.8223% accepted

energy = -2700.076287
energy/site = -3.068268508
43.8679% accepted

energy = -19.42418899
energy/site = -0.02207294204
43.8347% accepted

energy = -109.8833634
energy/site = -0.1248674584
43.8878% accepted

energy = -60.33640209
energy/site = -0.06856409328
44.0118% accepted

energy = -104.0643683
energy/site = -0.118254964
43.815% accepted

energy = -104.2799461
energy/site = -0.1184999388
43.9084% accepted

energy = -88.66811284
energy/site = -0.1007592191
43.9497% accepted

energy = -99.7256418
energy/site = -0.113324593
43.8452% accepted

energy = -31.16300639
energy/site = -0.03541250726
43.9217% accepted

energy = -190.9442427
energy/site = -0.2169820939
43.887% accepted

energy = -798.6394332
energy/site = -0.9075448104
43.8184% accepted

energy = -28.59085016
energy/site = -0.03248960245
43.826% accepted

energy = -301.6526846
energy/site = -0.3427871416
43.8362% accepted

energy = -1079.307424
energy/site = -1.22648571
43.9139% accepted

energy = -61.61877111
energy/site = -0.07002133081
43.8245% accepted

energy = -438.6034449
energy/site = -0.4984130056
43.7572% accepted

energy = -1308.161876
energy/site = -1.486547586
43.8756% accepted

energy = -3362.003171
energy/site = -3.820458149
43.9533% accepted

energy = -1466.195788
energy/site = -1.666131577
43.9001% accepted

energy = -237.1332187
energy/site = -0.2694695667
43.8023% accepted

energy = -1711.595942
energy/site = -1.944995389
43.8836% accepted

energy = -52.36803299
energy/site = -0.0595091284
43.8901% accepted

energy = -2207.351515
energy/site = -2.508353994
43.8162% accepted

energy = -65.98527698
energy/site = -0.07498326929
43.8372% accepted

energy = -212.2058794
energy/site = -0.2411430448
43.8274% accepted

energy = -210.3566808
energy/site = -0.2390416827
43.6281% accepted

energy = -379.4537712
energy/site = -0.4311974673
43.8462% accepted

energy = -458.7958069
energy/site = -0.5213588714
43.7981% accepted

energy = -25.81263106
energy/site = -0.0293325353
43.6685% accepted

energy = -319.3082723
energy/site = -0.3628503094
43.8958% accepted

energy = -21.48668056
energy/site = -0.02441668245
43.693% accepted

energy = -1277.233471
energy/site = -1.451401671
43.9381% accepted

energy = -206.4293704
energy/site = -0.23457883
43.7982% accepted

energy = -14.00908298
energy/site = -0.01591941248
43.9868% accepted

energy = -30.30801229
energy/site = -0.03444092306
43.8766% accepted

energy = -272.4917962
energy/site = -0.3096497684
43.9329% accepted

energy = -193.0556895
energy/site = -0.2193814654
43.9804% accepted

energy = -1077.892178
energy/site = -1.224877475
43.9759% accepted

energy = -4203.844371
energy/site = -4.777095876
43.7556% accepted

energy = -310.6196655
energy/site = -0.3529768926
43.7656% accepted

energy = -114.6491264
energy/site = -0.1302830982
43.8402% accepted

energy = -71.35705347
energy/site = -0.08108756076
43.8794% accepted

energy = -107.0007147
energy/site = -0.1215917212
43.8814% accepted

energy = -16.09375823
energy/site = -0.01828836163
43.7556% accepted

energy = -92.86037823
energy/site = -0.1055231571
43.9253% accepted

energy = -23.55401798
energy/site = -0.02676592952
43.873% accepted

energy = -124.8134873
energy/site = -0.1418335083
43.8584% accepted

energy = -1341.376307
energy/site = -1.524291258
43.8931% accepted

energy = -945.5236204
energy/site = -1.07445866
43.7401% accepted

energy = -930.8129284
energy/site = -1.057741964
43.7927% accepted

energy = -129.8566989
energy/site = -0.1475644305
43.748% accepted

energy = -165.4259831
energy/site = -0.1879840717
43.9507% accepted

energy = -178.3535439
energy/site = -0.2026744818
43.7574% accepted

energy = -125.2306267
energy/site = -0.1423075303
43.9341% accepted

energy = -80.03558498
energy/site = -0.09094952839
43.9151% accepted

energy = -1552.029235
energy/site = -1.763669586
43.9734% accepted

energy = -145.6860361
energy/site = -0.1655523137
43.9293% accepted

energy = -70.22922641
energy/site = -0.0798059391
43.8877% accepted

energy = -401.9343276
energy/site = -0.4567435541
44.025% accepted

energy = -2145.764974
energy/site = -2.438369289
43.8582% accepted

energy = -274.7651059
energy/site = -0.3122330749
43.87% accepted

energy = -1227.742723
energy/site = -1.395162185
43.843% accepted

energy = -163.0217734
energy/site = -0.1852520152
43.8417% accepted

energy = -304.2853821
energy/site = -0.3457788433
43.832% accepted

energy = -27.45745762
energy/site = -0.03120165639
43.7773% accepted

energy = -94.03068654
energy/site = -0.1068530529
43.8454% accepted

energy = -164.9461587
energy/site = -0.1874388167
43.8655% accepted

energy = -200.546668
energy/site = -0.2278939409
43.9744% accepted

energy = -61.20792953
energy/site = -0.06955446538
43.8765% accepted

energy = -77.06990183
energy/site = -0.0875794339
43.9215% accepted

energy = -307.2523317
energy/site = -0.3491503769
43.7372% accepted

energy = -3445.43954
energy/site = -3.915272205
43.8139% accepted

energy = -14.24630454
energy/site = -0.01618898244
43.9187% accepted

energy = -55.68835602
energy/site = -0.06328222275
43.8394% accepted

energy = -314.8881824
energy/site = -0.35782748
43.8317% accepted

energy = -631.883154
energy/site = -0.7180490386
43.9065% accepted

energy = -29.67936308
energy/site = -0.03372654896
43.9937% accepted

energy = -355.1192769
energy/site = -0.4035446328
43.7821% accepted

energy = -1015.040063
energy/site = -1.153454617
43.7061% accepted

energy = -11.69897944
energy/site = -0.01329429481
43.9355% accepted

energy = -17.29705276
energy/site = -0.01965574177
43.9993% accepted

energy = -56.38659161
energy/site = -0.06407567228
43.8432% accepted

energy = -3524.219198
energy/site = -4.004794543
43.9383% accepted

energy = -1766.615969
energy/site = -2.007518147
43.9699% accepted

energy = -329.3936592
energy/site = -0.3743109764
43.6896% accepted

energy = -876.9043795
energy/site = -0.9964822494
43.8625% accepted

energy = -131.7099693
energy/site = -0.1496704196
43.9003% accepted

energy = -283.9424754
energy/site = -0.3226619038
43.944% accepted

energy = -93.13466871
energy/site = -0.1058348508
43.8544% accepted

energy = -243.0518445
energy/site = -0.2761952778
44.0756% accepted

energy = -63.51947558
energy/site = -0.07218122225
43.937% accepted

energy = -206.3736789
energy/site = -0.2345155442
43.8858% accepted

energy = -72.24908061
energy/site = -0.08210122797
43.7655% accepted

energy = -492.0307364
energy/site = -0.5591258368
43.9395% accepted

energy = -142.4886873
energy/site = -0.1619189628
43.9719% accepted

energy = -2659.296107
energy/site = -3.021927394
43.8538% accepted

energy = -1000.308944
energy/site = -1.136714709
43.9255% accepted

energy = -51.67584081
energy/site = -0.05872254638
43.8634% accepted

energy = -406.475416
energy/site = -0.4619038818
43.8953% accepted

energy = -225.6656477
energy/site = -0.256438236
43.9321% accepted

energy = -75.68676561
energy/site = -0.08600768819
43.6359% accepted

energy = -377.4116696
energy/site = -0.4288768973
43.9615% accepted

energy = -254.1052005
energy/site = -0.2887559096
43.9088% accepted

energy = -1303.29802
energy/site = -1.481020477
43.9144% accepted

energy = -52.5416922
energy/site = -0.05970646841
43.8429% accepted

energy = -14.83814318
energy/site = -0.01686152635
43.8469% accepted

energy = -263.6704943
energy/site = -0.2996255617
43.7848% accepted

energy = -1244.1696
energy/site = -1.413829091
43.8594% accepted

energy = -452.6997256
energy/site = -0.5144315064
43.8826% accepted

energy = -278.0523827
energy/site = -0.3159686167
43.9051% accepted

energy = -11.29942944
energy/site = -0.01284026073
43.966% accepted

energy = -248.6985013
energy/site = -0.2826119333
43.9024% accepted

energy = -114.6642199
energy/site = -0.1303002499
44.0292% accepted

energy = -86.48014249
energy/site = -0.09827288919
43.8169% accepted

energy = -10572.93562
energy/site = -12.01469956
43.8393% accepted

energy = -39.93058565
energy/site = -0.04537566552
43.7198% accepted

energy = -20.49683489
energy/site = -0.02329185782
43.8333% accepted

energy = -20.55406362
energy/site = -0.02335689048
43.9863% accepted

energy = -397.93167
energy/site = -0.4521950795
43.8863% accepted

energy = -211.3201242
energy/site = -0.2401365047
43.9362% accepted

energy = -129.9223429
energy/site = -0.1476390261
43.8593% accepted

energy = -36.26655983
energy/site = -0.0412119998
43.7832% accepted

energy = -24.66670061
energy/site = -0.0280303416
43.8824% accepted

energy = -436.567979
energy/site = -0.4960999761
43.9812% accepted

energy = -633.9092821
energy/site = -0.7203514569
43.9198% accepted

energy = -616.2499298
energy/site = -0.7002840112
43.9211% accepted

energy = -47.8520834
energy/site = -0.0543773675
43.8827% accepted

energy = -223.9295939
energy/site = -0.2544654476
43.7901% accepted

energy = -48.28159321
energy/site = -0.05486544683
43.9307% accepted

energy = -397.3336296
energy/site = -0.4515154882
43.9324% accepted

energy = -482.5633565
energy/site = -0.5483674506
43.8941% accepted

energy = -130.4016127
energy/site = -0.1481836508
43.9056% accepted

energy = -7.362173015
energy/site = -0.008366105699
43.9363% accepted

energy = -251.4726025
energy/site = -0.285764321
43.843% accepted

energy = -5082.338274
energy/site = -5.775384403
43.8218% accepted

energy = -186.0956101
energy/site = -0.2114722842
43.9784% accepted

energy = -198.798224
energy/site = -0.2259070727
43.8711% accepted

energy = -148.371494
energy/site = -0.1686039705
43.7446% accepted

energy = -52.60169069
energy/site = -0.05977464852
43.8652% accepted

energy = -1412.404366
energy/site = -1.605004962
43.8692% accepted

energy = -37.34428911
energy/site = -0.04243669217
43.7988% accepted

energy = -93.80260099
energy/site = -0.1065938648
43.8209% accepted

energy = -81.00546693
energy/site = -0.09205166697
43.8408% accepted

energy = -2269.447322
energy/site = -2.578917411
43.7891% accepted

energy = -133.457659
energy/site = -0.1516564306
43.8558% accepted

energy = -51859.86145
energy/site = -58.93166074
43.8361% accepted

energy = -138.4485709
energy/site = -0.1573279214
43.7238% accepted

energy = -117.358754
energy/site = -0.1333622205
43.849% accepted

energy = -105.7608442
energy/site = -0.1201827775
43.8694% accepted

energy = -18.67240314
energy/site = -0.02121863993
44.014% accepted

energy = -69.83775413
energy/site = -0.07936108423
43.8186% accepted

energy = -36.22052406
energy/site = -0.04115968643
43.8701% accepted

energy = -85.12106105
energy/site = -0.09672847846
43.8421% accepted

energy = -419.2326223
energy/site = -0.4764007072
43.8428% accepted

energy = -925.284091
energy/site = -1.051459194
43.753% accepted

energy = -174.0792099
energy/site = -0.197817284
43.9205% accepted

energy = -46.07053359
energy/site = -0.05235287907
43.8581% accepted

energy = -21.75112104
energy/site = -0.024717183
44.0394% accepted

energy = -37.19943759
energy/site = -0.04227208817
43.7897% accepted

energy = -114.711579
energy/site = -0.130354067
43.8733% accepted

energy = -1717.105545
energy/site = -1.951256301
43.9003% accepted

energy = -770.1032649
energy/site = -0.8751173465
43.7889% accepted

energy = -49.5110226
energy/site = -0.05626252568
43.9444% accepted

energy = -60.79774797
energy/site = -0.06908834997
43.9498% accepted

energy = -1792.497702
energy/site = -2.036929207
43.9015% accepted

energy = -49.39697497
energy/site = -0.0561329261
43.8948% accepted

energy = -920.7819651
energy/site = -1.046343142
43.8301% accepted

energy = -217.6061791
energy/site = -0.247279749
43.8445% accepted

energy = -73.23263535
energy/site = -0.08321890381
43.8421% accepted

energy = -115.2533057
energy/site = -0.1309696656
43.958% accepted

energy = -498.6417257
energy/site = -0.5666383247
43.8063% accepted

energy = -173.5021127
energy/site = -0.1971614917
43.7307% accepted

energy = -76.18938436
energy/site = -0.08657884587
43.8408% accepted

energy = -24571.90113
energy/site = -27.92261492
43.888% accepted

energy = -578.7947621
energy/site = -0.6577213205
43.885% accepted

energy = -44.21570837
energy/site = -0.05024512315
43.8557% accepted

energy = -10.73404049
energy/site = -0.01219777328
43.6911% accepted

energy = -606.8564808
energy/site = -0.6896096373
43.8191% accepted

energy = -260.0782801
energy/site = -0.2955435001
43.9712% accepted

energy = -166.0468768
energy/site = -0.1886896327
43.8067% accepted

energy = -50.9220032
energy/site = -0.05786591273
43.8353% accepted

energy = -172.2027755
energy/site = -0.1956849721
43.8066% accepted

energy = -906.5478008
energy/site = -1.030167955
43.7683% accepted

energy = -2626.120776
energy/site = -2.984228155
43.7835% accepted

energy = -83.79227669
energy/site = -0.09521849624
43.8508% accepted

energy = -58.90319753
energy/site = -0.06693545173
43.8941% accepted

energy = -190.8538463
energy/site = -0.2168793708
43.7195% accepted

energy = -310.960783
energy/site = -0.3533645261
43.7475% accepted

energy = -67.74763274
energy/site = -0.0769859463
43.996% accepted

energy = -32.33772145
energy/site = -0.03674741074
43.8747% accepted

energy = -54.91800029
energy/site = -0.06240681852
43.7809% accepted

energy = -63.96302622
energy/site = -0.07268525706
43.7986% accepted

energy = -515.3991835
energy/site = -0.5856808904
43.9847% accepted

energy = -79.27538247
energy/site = -0.09008566189
43.8448% accepted

energy = -734.379431
energy/site = -0.8345220807
43.7953% accepted

energy = -130.0204386
energy/site = -0.1477504984
44.0678% accepted

energy = -315.2996653
energy/site = -0.3582950742
43.8782% accepted

energy = -17108.21761
energy/site = -19.44115638
43.953% accepted

energy = -56.29157356
energy/site = -0.06396769722
43.9809% accepted

energy = -28.56658583
energy/site = -0.03246202936
43.819% accepted

energy = -29.02307274
energy/site = -0.03298076448
43.7808% accepted

energy = -442.1143972
energy/site = -0.5024027241
43.8831% accepted

energy = -2114.352044
energy/site = -2.402672778
43.904% accepted

energy = -812.6753995
energy/site = -0.9234947721
43.8892% accepted

energy = -28396.40139
energy/site = -32.26863794
43.9169% accepted

energy = -351.5478207
energy/site = -0.3994861599
43.7197% accepted

energy = -3836.95807
energy/site = -4.360179625
43.9186% accepted

energy = -73.41240169
energy/site = -0.08342318374
43.7067% accepted

energy = -918.168287
energy/site = -1.043373053
43.876% accepted

energy = -310.2226468
energy/site = -0.352525735
43.9397% accepted

energy = -78.44919293
energy/site = -0.08914681015
43.7808% accepted

energy = -17.28052313
energy/site = -0.0196369581
43.9297% accepted

energy = -537.4578564
energy/site = -0.6107475641
43.8126% accepted

energy = -209.8098523
energy/site = -0.2384202867
43.9831% accepted

energy = -466.6218995
energy/site = -0.5302521585
43.8882% accepted

energy = -565.5941846
energy/site = -0.6427206643
43.92% accepted

energy = -49.35711354
energy/site = -0.05608762902
43.8588% accepted

User defined signal 2

------------------------------------------------------------
Sender: LSF System <lsfadmin@wha705>
Subject: Job 3908577: <./torus09> Exited

Job <./torus09> was submitted from host <wha780> by user <akallin>.
Job was executed on host(s) <wha705>, in queue <serial>, as user <akallin>.
</home/akallin> was used as the home directory.
</work/akallin/TORUS/OBC/11leg/09> was used as the working directory.
Started at Sat Jun 26 17:02:10 2010
Results reported at Sat Jul  3 16:40:11 2010

Your job looked like:

------------------------------------------------------------
# LSBATCH: User input
./torus09
------------------------------------------------------------

TERM_RUNLIMIT: job killed after reaching LSF run time limit.
Exited with exit code 140.

Resource usage summary:

    CPU time   : 415081.00 sec.
    Max Memory :         6 MB
    Max Swap   :       122 MB

    Max Processes  :         4
    Max Threads    :         4

The output (if any) is above this job summary.


weighting by <swap_x> where x = 9
11 x 40 x 1 system
r   = 3  bondops changed per step 
n/N = 80  bond operators / site
its = 1000000  iterations/loop for 100000 loops

energy = -232.5164049
energy/site = -0.2642231874
43.8317% accepted

energy = -254.662353
energy/site = -0.2893890375
43.7981% accepted

energy = -1208.205549
energy/site = -1.372960851
44.0446% accepted

energy = -59.23344038
energy/site = -0.0673107277
43.9328% accepted

energy = -347.0715707
energy/site = -0.3943995121
43.8532% accepted

energy = -145.8030036
energy/site = -0.1656852314
43.7615% accepted

energy = -84.35277329
energy/site = -0.09585542419
43.7021% accepted

energy = -63.29304516
energy/site = -0.07192391495
43.954% accepted

energy = -245.8993345
energy/site = -0.2794310619
43.7396% accepted

energy = -76.91811224
energy/site = -0.08740694573
43.7491% accepted

energy = -344.0359294
energy/site = -0.3909499198
43.8954% accepted

energy = -549.9743574
energy/site = -0.6249708606
43.8248% accepted

energy = -362.8641784
energy/site = -0.4123456573
43.9039% accepted

energy = -59.23784053
energy/site = -0.06731572787
43.9212% accepted

energy = -1038.684634
energy/site = -1.180323447
43.7585% accepted

energy = -100.0944849
energy/site = -0.1137437328
43.8976% accepted

energy = -1087.451919
energy/site = -1.235740817
43.7912% accepted

energy = -989.0592779
energy/site = -1.123930998
43.8234% accepted

energy = -36.37539647
energy/site = -0.0413356778
43.8991% accepted

energy = -28.85321914
energy/site = -0.03278774902
43.9382% accepted

energy = -1864.141746
energy/site = -2.118342893
43.7218% accepted

energy = -115.9774733
energy/site = -0.1317925832
43.8419% accepted

energy = -277.7865799
energy/site = -0.315666568
43.866% accepted

energy = -8.744357706
energy/site = -0.009936770121
43.8222% accepted

energy = -190.0262532
energy/site = -0.2159389241
44.0093% accepted

energy = -56.4583968
energy/site = -0.06415726909
43.7539% accepted

energy = -59.7642779
energy/site = -0.06791395215
43.9617% accepted

energy = -580.6628899
energy/site = -0.6598441931
43.871% accepted

energy = -29218.28242
energy/site = -33.20259366
43.8431% accepted

energy = -96.03340527
energy/site = -0.1091288696
43.9421% accepted

energy = -213.5597819
energy/site = -0.2426815703
43.8564% accepted

energy = -26.619999
energy/site = -0.03024999887
43.8232% accepted

energy = -122.4389589
energy/site = -0.1391351806
43.9223% accepted

energy = -959.2396609
energy/site = -1.090045069
43.7776% accepted

energy = -1159.465464
energy/site = -1.31757439
44.0641% accepted

energy = -59410.62452
energy/site = -67.51207331
43.8444% accepted

energy = -61.03786911
energy/site = -0.0693612149
43.7967% accepted

energy = -620.56972
energy/site = -0.7051928636
43.9191% accepted

energy = -918.0815979
energy/site = -1.043274543
43.7861% accepted

energy = -41.45605478
energy/site = -0.04710915316
43.9516% accepted

energy = -184.0538266
energy/site = -0.2091520757
43.784% accepted

energy = -2149.059297
energy/site = -2.442112837
43.9623% accepted

energy = -300.5367664
energy/site = -0.3415190527
43.9621% accepted

energy = -715.1028564
energy/site = -0.8126168822
43.827% accepted

energy = -72.41770984
energy/site = -0.08229285209
43.8371% accepted

energy = -748.9033245
energy/site = -0.8510265051
43.7051% accepted

energy = -76.56522321
energy/site = -0.08700593547
43.8831% accepted

energy = -1739.466657
energy/site = -1.976666655
43.8964% accepted

energy = -0.8660849723
energy/site = -0.0009841874685
43.8306% accepted

energy = -130.3006675
energy/site = -0.1480689404
43.6959% accepted

energy = -135.8080336
energy/site = -0.154327311
43.8312% accepted

energy = -122.6680176
energy/site = -0.1393954745
43.7819% accepted

energy = -937.9783251
energy/site = -1.06588446
43.8542% accepted

energy = -674.8705659
energy/site = -0.7668983703
43.8344% accepted

energy = -33.14994008
energy/site = -0.03767038646
43.7096% accepted

energy = -1156.066885
energy/site = -1.31371237
43.8039% accepted

energy = -14.69940102
energy/site = -0.0167038648
43.8216% accepted

energy = -4.846410996
energy/site = -0.005507285223
43.7791% accepted

energy = -938.0423409
energy/site = -1.065957206
43.8984% accepted

energy = -699.7225998
energy/site = -0.7951393179
43.9378% accepted

energy = -3249.769027
energy/site = -3.692919348
43.7663% accepted

energy = -165.0526562
energy/site = -0.1875598366
43.7496% accepted

energy = -80.37184729
energy/site = -0.09133164465
43.8002% accepted

energy = -224.2160706
energy/site = -0.2547909893
43.7605% accepted

energy = -14.63132663
energy/site = -0.01662650754
43.7611% accepted

energy = -1095.913982
energy/site = -1.245356798
43.8691% accepted

energy = -89.18089286
energy/site = -0.1013419237
43.6971% accepted

energy = -10305.16344
energy/site = -11.710413
43.9874% accepted

energy = -1753.649641
energy/site = -1.992783683
43.8732% accepted

energy = -10949.70767
energy/site = -12.44284962
43.9317% accepted

energy = -1436.25753
energy/site = -1.632110829
43.8067% accepted

energy = -34.19794736
energy/site = -0.03886130382
43.7851% accepted

energy = -208.5572486
energy/site = -0.2369968734
43.9159% accepted

energy = -19.79603763
energy/site = -0.02249549731
43.7705% accepted

energy = -11.52992562
energy/site = -0.01310218821
43.7304% accepted

energy = -606.4937015
energy/site = -0.6891973881
44.0301% accepted

energy = -570.6533784
energy/site = -0.6484697482
43.8496% accepted

energy = -121.7341528
energy/site = -0.1383342646
43.9935% accepted

energy = -876.0978618
energy/site = -0.995565752
43.7203% accepted

energy = -60.20002623
energy/site = -0.06840912071
43.7225% accepted

energy = -10.91980872
energy/site = -0.01240887355
43.8487% accepted

energy = -99.24992789
energy/site = -0.112784009
43.7902% accepted

energy = -123.6356468
energy/site = -0.1404950532
43.8139% accepted

energy = -1085.754939
energy/site = -1.233812431
43.7842% accepted

energy = -7602.995116
energy/site = -8.639767177
43.8128% accepted

energy = -584.5739026
energy/site = -0.6642885256
43.8759% accepted

energy = -477.8497908
energy/site = -0.5430111259
43.9343% accepted

energy = -36.9372839
energy/site = -0.04197418625
43.9051% accepted

energy = -444.6638016
energy/site = -0.5052997745
43.7146% accepted

energy = -777.4510327
energy/site = -0.8834670827
43.711% accepted

energy = -57.54448434
energy/site = -0.06539145948
43.8482% accepted

energy = -244.6838159
energy/site = -0.2780497908
43.8128% accepted

energy = -74.58676534
energy/site = -0.08475768789
43.8581% accepted

energy = -41.61660314
energy/site = -0.04729159448
43.8818% accepted

energy = -112.9889559
energy/site = -0.1283965408
43.8621% accepted

energy = -59.64462777
energy/site = -0.06777798611
43.7643% accepted

energy = -42.22846963
energy/site = -0.04798689731
43.7779% accepted

energy = -1347.807734
energy/site = -1.531599698
43.7374% accepted

energy = -138.7835087
energy/site = -0.1577085326
43.8672% accepted

energy = -571.8291512
energy/site = -0.6498058536
43.8093% accepted

energy = -368.7879047
energy/site = -0.4190771644
43.8807% accepted

energy = -2362.332716
energy/site = -2.684468996
43.8186% accepted

energy = -87.00616398
energy/site = -0.09887064088
43.9409% accepted

energy = -336.1109464
energy/site = -0.3819442573
43.9478% accepted

energy = -106.9905293
energy/site = -0.1215801469
43.7565% accepted

energy = -6288.073336
energy/site = -7.145537882
43.8393% accepted

energy = -216.5315439
energy/site = -0.2460585726
43.8652% accepted

energy = -4020.54637
energy/site = -4.568802693
43.8641% accepted

energy = -389.1266944
energy/site = -0.4421894254
43.8707% accepted

energy = -574.0821896
energy/site = -0.6523661245
43.8416% accepted

energy = -778.2174413
energy/site = -0.8843380015
43.7289% accepted

energy = -21.98628442
energy/site = -0.02498441412
43.9203% accepted

energy = -1197.117433
energy/site = -1.360360719
43.8462% accepted

energy = -9.265251267
energy/site = -0.01052869462
43.866% accepted

energy = -192.6403481
energy/site = -0.2189094864
43.9261% accepted

energy = -148.3967533
energy/site = -0.1686326742
43.7506% accepted

energy = -1748.335421
energy/site = -1.986744796
43.846% accepted

energy = -8074.659799
energy/site = -9.175749772
43.9423% accepted

energy = -10.80640647
energy/site = -0.01228000736
43.7998% accepted

energy = -54.2065029
energy/site = -0.06159829876
43.8513% accepted

energy = -468.3626425
energy/site = -0.5322302755
43.8619% accepted

energy = -109.3036464
energy/site = -0.1242086891
43.8429% accepted

energy = -362.8663929
energy/site = -0.4123481737
43.6979% accepted

energy = -102.7361906
energy/site = -0.1167456711
43.8962% accepted

energy = -534.6451527
energy/site = -0.6075513098
43.9458% accepted

energy = -8.717177934
energy/site = -0.009905884016
44.0122% accepted

energy = -23.17606429
energy/site = -0.02633643669
43.9838% accepted

energy = -31.88776847
energy/site = -0.03623610053
43.8706% accepted

energy = -685.3169707
energy/site = -0.7787692848
43.9409% accepted

energy = -83.05583125
energy/site = -0.09438162642
43.767% accepted

energy = -32.03307541
energy/site = -0.03640122206
43.8387% accepted

energy = -11.18532822
energy/site = -0.01271060025
43.8247% accepted

energy = -18.69671996
energy/site = -0.02124627268
43.6494% accepted

energy = -430.0687521
energy/site = -0.488714491
43.9062% accepted

energy = -894.3772367
energy/site = -1.016337769
44.0507% accepted

energy = -275.5014967
energy/site = -0.3130698826
43.8976% accepted

energy = -776.3191241
energy/site = -0.8821808228
43.9714% accepted

energy = -38.92987619
energy/site = -0.04423849567
43.722% accepted

energy = -106.394153
energy/site = -0.1209024466
43.9074% accepted

energy = -72.85251981
energy/site = -0.08278695433
43.7236% accepted

energy = -5122.865449
energy/site = -5.82143801
43.7814% accepted

energy = -13.91468142
energy/site = -0.01581213798
43.8234% accepted

energy = -2022.466015
energy/site = -2.298256835
43.9558% accepted

energy = -128.3292717
energy/site = -0.1458287179
43.8667% accepted

energy = -258.5781881
energy/site = -0.2938388501
43.7511% accepted

energy = -131.1757524
energy/site = -0.149063355
43.7829% accepted

energy = -714.5290349
energy/site = -0.8119648123
43.7027% accepted

energy = -2414.082368
energy/site = -2.743275418
43.8328% accepted

energy = -525.3379963
energy/site = -0.5969749958
43.8301% accepted

energy = -51.00127848
energy/site = -0.05795599827
43.839% accepted

energy = -979.3825596
energy/site = -1.112934727
43.8757% accepted

energy = -970.2680459
energy/site = -1.102577325
43.7265% accepted

energy = -3290.958174
energy/site = -3.739725198
43.8611% accepted

energy = -136.1252994
energy/site = -0.1546878402
43.8745% accepted

energy = -1677.18866
energy/site = -1.905896205
43.8652% accepted

energy = -592.10305
energy/site = -0.672844375
43.9142% accepted

energy = -246.6512919
energy/site = -0.280285559
43.9423% accepted

energy = -480.2888274
energy/site = -0.5457827584
43.859% accepted

energy = -154.800527
energy/site = -0.1759096897
43.7403% accepted

energy = -522.4622369
energy/site = -0.5937070873
44.1232% accepted

energy = -77.89573839
energy/site = -0.08851788453
43.8147% accepted

energy = -41.31433608
energy/site = -0.04694810919
43.762% accepted

energy = -152.2097783
energy/site = -0.1729656571
43.8049% accepted

energy = -27.40208712
energy/site = -0.03113873536
44.0586% accepted

energy = -170.3523496
energy/site = -0.1935822154
43.8209% accepted

energy = -319.2608715
energy/site = -0.3627964449
43.9483% accepted

energy = -125.8120589
energy/site = -0.1429682488
44.0017% accepted

energy = -453.4711045
energy/site = -0.5153080733
43.8345% accepted

energy = -81.01328682
energy/site = -0.0920605532
43.7826% accepted

energy = -57.33984236
energy/site = -0.06515891177
43.9306% accepted

energy = -56.26593267
energy/site = -0.06393855985
43.8835% accepted

energy = -387.8963685
energy/site = -0.4407913278
43.9535% accepted

energy = -65.02078143
energy/site = -0.07388725163
43.7178% accepted

energy = -15.75769634
energy/site = -0.01790647311
43.8549% accepted

energy = -567.7640416
energy/site = -0.6451864109
43.7269% accepted

energy = -1126.952013
energy/site = -1.280627287
43.9502% accepted

energy = -4375.8978
energy/site = -4.972611136
43.7998% accepted

energy = -34.17834487
energy/site = -0.03883902826
43.8831% accepted

energy = -42.52548632
energy/site = -0.04832441627
43.9471% accepted

energy = -532.2311899
energy/site = -0.6048081704
43.7353% accepted

energy = -2698.605811
energy/site = -3.066597512
43.9098% accepted

energy = -225.616603
energy/site = -0.2563825034
43.9478% accepted

energy = -12.90898929
energy/site = -0.01466930601
44.0307% accepted

energy = -4307.588272
energy/site = -4.894986673
43.8113% accepted

energy = -547.5234202
energy/site = -0.6221857048
43.9361% accepted

energy = -384.0044862
energy/site = -0.4363687343
43.8918% accepted

energy = -341.4793662
energy/site = -0.3880447343
44.0601% accepted

energy = -152.1248019
energy/site = -0.1728690931
43.7071% accepted

energy = -55.45048752
energy/site = -0.06301191764
43.9098% accepted

energy = -38.33261539
energy/site = -0.04355979022
43.8896% accepted

energy = -4826.014582
energy/site = -5.48410748
43.7582% accepted

energy = -290.0426075
energy/site = -0.3295938722
43.8643% accepted

energy = -197.4398469
energy/site = -0.2243634624
43.9157% accepted

energy = -6411.167549
energy/site = -7.28541767
43.5533% accepted

energy = -52817.51288
energy/site = -60.019901
43.8973% accepted

energy = -218.7026225
energy/site = -0.2485257074
43.8644% accepted

energy = -297.3157926
energy/site = -0.3378588552
43.8184% accepted

energy = -1091.75865
energy/site = -1.240634829
43.8592% accepted

energy = -105.3804256
energy/site = -0.1197504836
43.9137% accepted

energy = -137.0032491
energy/site = -0.1556855104
43.764% accepted

energy = -21.62729407
energy/site = -0.02457647053
43.7511% accepted

energy = -148.2837473
energy/site = -0.1685042583
43.8254% accepted

energy = -147.1169559
energy/site = -0.1671783589
43.9599% accepted

energy = -59.44887609
energy/site = -0.06755554102
43.7897% accepted

energy = -143.6610772
energy/site = -0.1632512241
43.9451% accepted

energy = -265.5374079
energy/site = -0.3017470544
43.87% accepted

energy = -456.4683603
energy/site = -0.5187140458
43.7632% accepted

energy = -1129.340996
energy/site = -1.283342041
43.9275% accepted

energy = -329.3830508
energy/site = -0.3742989214
43.8575% accepted

energy = -250.1299433
energy/site = -0.2842385719
43.732% accepted

energy = -39.93663405
energy/site = -0.04538253869
43.7427% accepted

energy = -4598.644494
energy/site = -5.225732379
43.8326% accepted

energy = -99.23525627
energy/site = -0.1127673367
43.9179% accepted

energy = -2891.476976
energy/site = -3.285769291
43.935% accepted

energy = -25.37112006
energy/site = -0.02883081825
43.8544% accepted

energy = -87.77194172
energy/site = -0.09974084286
43.8303% accepted

energy = -102.4679789
energy/site = -0.1164408851
43.8149% accepted

energy = -10.07724082
energy/site = -0.01145141002
43.7613% accepted

energy = -94.49380591
energy/site = -0.1073793249
43.8081% accepted

energy = -216.9031182
energy/site = -0.2464808162
43.8056% accepted

energy = -1462.483772
energy/site = -1.661913378
43.858% accepted

energy = -996.3061228
energy/site = -1.132166049
43.9234% accepted

energy = -16.8254007
energy/site = -0.01911977352
43.7519% accepted

energy = -1309.341418
energy/site = -1.487887975
43.8251% accepted

energy = -563.8908681
energy/site = -0.6407850774
43.8628% accepted

energy = -310.766896
energy/site = -0.3531442
43.9578% accepted

energy = -135.278017
energy/site = -0.1537250193
43.762% accepted

energy = -35.67277133
energy/site = -0.04053724015
43.8438% accepted

energy = -511.6452152
energy/site = -0.5814150173
43.7947% accepted

energy = -99.06048428
energy/site = -0.1125687321
43.8317% accepted

energy = -6215.499129
energy/site = -7.063067192
43.8245% accepted

energy = -323.7671611
energy/site = -0.3679172285
43.8056% accepted

energy = -1109.845894
energy/site = -1.261188516
43.958% accepted

energy = -389.6146787
energy/site = -0.4427439531
43.8335% accepted

energy = -762.2815238
energy/site = -0.8662290043
43.7829% accepted

energy = -1817.773555
energy/site = -2.065651767
43.8352% accepted

energy = -379.6310959
energy/site = -0.4313989726
43.9338% accepted

energy = -2422.686746
energy/site = -2.753053121
44.0236% accepted

energy = -25.61081372
energy/site = -0.0291031974
43.8615% accepted

energy = -371.5931088
energy/site = -0.4222648963
43.9645% accepted

energy = -1011.299057
energy/site = -1.149203474
43.9578% accepted

energy = -143.9963327
energy/site = -0.1636321962
43.8436% accepted

energy = -4249.019844
energy/site = -4.828431641
43.836% accepted

energy = -183.5629376
energy/site = -0.2085942473
43.8881% accepted

energy = -739.195701
energy/site = -0.8399951148
43.9359% accepted

energy = -247.9956379
energy/site = -0.2818132249
43.8648% accepted

energy = -243.9888265
energy/site = -0.2772600301
43.7481% accepted

energy = -39.48367781
energy/site = -0.04486781569
43.8783% accepted

energy = -21.52154559
energy/site = -0.0244563018
43.9397% accepted

energy = -10400.43307
energy/site = -11.81867395
43.9306% accepted

energy = -74.85075191
energy/site = -0.08505767263
43.8197% accepted

energy = -17.74711622
energy/site = -0.02016717752
43.7628% accepted

energy = -50.93982952
energy/site = -0.05788616991
43.8824% accepted

energy = -188.4791753
energy/site = -0.214180881
43.9886% accepted

energy = -777.09324
energy/site = -0.8830605001
43.9269% accepted

energy = -1476.001722
energy/site = -1.677274684
43.7647% accepted

energy = -20.64630949
energy/site = -0.02346171533
43.8442% accepted

energy = -967.9046899
energy/site = -1.099891693
43.7919% accepted

energy = -60.71899649
energy/site = -0.06899885965
43.9972% accepted

energy = -205.3954462
energy/site = -0.2334039161
43.8387% accepted

energy = -321.2120539
energy/site = -0.3650136976
43.8915% accepted

energy = -43.76349428
energy/site = -0.04973124349
43.9526% accepted

energy = -155.1665518
energy/site = -0.1763256271
43.934% accepted

energy = -4635.619734
energy/site = -5.267749698
43.9726% accepted

energy = -1112.398152
energy/site = -1.264088809
43.9429% accepted

energy = -11.8409741
energy/site = -0.01345565238
43.9569% accepted

energy = -159.9209811
energy/site = -0.1817283876
43.8592% accepted

energy = -44.25459339
energy/site = -0.05028931067
43.8517% accepted

energy = -10714.93149
energy/site = -12.17605851
43.7459% accepted

energy = -67.37268052
energy/site = -0.07655986423
43.8341% accepted

energy = -47.46615895
energy/site = -0.05393881699
43.9251% accepted

energy = -54.12605798
energy/site = -0.06150688407
44.0376% accepted

energy = -19.75143404
energy/site = -0.02244481141
43.8111% accepted

energy = -4016.100253
energy/site = -4.563750288
43.7469% accepted

energy = -140.1383326
energy/site = -0.1592481052
43.9342% accepted

energy = -119.1869306
energy/site = -0.1354396939
43.8572% accepted

energy = -30.05010129
energy/site = -0.03414784237
43.9583% accepted

energy = -555.1727686
energy/site = -0.6308781461
43.8872% accepted

energy = -255.0159732
energy/site = -0.2897908786
43.804% accepted

energy = -8.460912008
energy/site = -0.009614672737
43.8447% accepted

energy = -93.87566875
energy/site = -0.1066768963
43.8168% accepted

energy = -3430.065242
energy/site = -3.897801412
43.9129% accepted

energy = -99.15081354
energy/site = -0.112671379
43.8737% accepted

energy = -25.99331583
energy/site = -0.0295378589
43.7306% accepted

energy = -47.94454707
energy/site = -0.05448243986
43.8943% accepted

energy = -52.0274398
energy/site = -0.05912209068
43.8714% accepted

energy = -1366.747708
energy/site = -1.553122395
43.8113% accepted

energy = -4429.738306
energy/site = -5.03379353
43.7849% accepted

energy = -779.8103182
energy/site = -0.8861480888
43.8969% accepted

energy = -270.4207256
energy/site = -0.3072962791
43.9022% accepted

energy = -113.9971647
energy/site = -0.1295422327
44.0313% accepted

energy = -60.09282342
energy/site = -0.06828729934
43.7383% accepted

energy = -346.1492783
energy/site = -0.3933514527
43.7796% accepted

energy = -383.2311695
energy/site = -0.4354899654
43.8585% accepted

energy = -126.2217583
energy/site = -0.1434338163
43.8192% accepted

energy = -1241.290337
energy/site = -1.410557201
43.8986% accepted

energy = -244.6290216
energy/site = -0.2779875246
43.7741% accepted

energy = -727.1933301
energy/site = -0.8263560569
43.7773% accepted

energy = -54.85381704
energy/site = -0.062333883
43.8784% accepted

energy = -218.2973355
energy/site = -0.2480651539
43.8502% accepted

energy = -1969.021254
energy/site = -2.237524152
43.82% accepted

energy = -46.19585884
energy/site = -0.05249529413
43.7634% accepted

energy = -110.3440002
energy/site = -0.1253909093
43.8064% accepted

energy = -6807.887887
energy/site = -7.736236235
43.8415% accepted

energy = -156.1623186
energy/site = -0.1774571802
43.9379% accepted

energy = -92.79408994
energy/site = -0.1054478295
43.8403% accepted

energy = -551.2407161
energy/site = -0.6264099046
43.8198% accepted

energy = -327.0053601
energy/site = -0.3715970001
43.784% accepted

energy = -273.7317649
energy/site = -0.3110588238
43.8357% accepted

energy = -590.9164735
energy/site = -0.6714959926
44.004% accepted

energy = -9.884433488
energy/site = -0.01123231078
43.9275% accepted

energy = -29.61395952
energy/site = -0.03365222673
43.9132% accepted

energy = -15.18437616
energy/site = -0.01725497291
43.9647% accepted

energy = -18.65678065
energy/site = -0.0212008871
43.8075% accepted

energy = -37.66455622
energy/site = -0.04280063206
44.0301% accepted

User defined signal 2

------------------------------------------------------------
Sender: LSF System <lsfadmin@wha102>
Subject: Job 5120774: <./torus09> Exited

Job <./torus09> was submitted from host <wha780> by user <akallin>.
Job was executed on host(s) <wha102>, in queue <serial>, as user <akallin>.
</home/akallin> was used as the home directory.
</work/akallin/TORUS/OBC/11leg/09> was used as the working directory.
Started at Wed Jul 21 18:01:18 2010
Results reported at Wed Jul 28 18:28:03 2010

Your job looked like:

------------------------------------------------------------
# LSBATCH: User input
./torus09
------------------------------------------------------------

TERM_RUNLIMIT: job killed after reaching LSF run time limit.
Exited with exit code 140.

Resource usage summary:

    CPU time   : 593173.00 sec.
    Max Memory :         6 MB
    Max Swap   :       122 MB

    Max Processes  :         4
    Max Threads    :         4

The output (if any) is above this job summary.


weighting by <swap_x> where x = 9
11 x 40 x 1 system
r   = 3  bondops changed per step 
n/N = 80  bond operators / site
its = 1000000  iterations/loop for 100000 loops

energy = -39431.21797
energy/site = -44.80820224
43.7717% accepted

energy = -59.95895147
energy/site = -0.06813517212
43.8037% accepted

energy = -121.0228119
energy/site = -0.1375259227
43.925% accepted

energy = -105.614327
energy/site = -0.1200162806
43.8082% accepted

energy = -13.55366062
energy/site = -0.01540188707
43.9974% accepted

energy = -680.4367522
energy/site = -0.773223582
43.8218% accepted

energy = -5667.801742
energy/site = -6.440683798
43.7995% accepted

energy = -35.70450539
energy/site = -0.04057330158
43.7551% accepted

energy = -956.3824396
energy/site = -1.086798227
43.921% accepted

energy = -186.4912748
energy/site = -0.2119219032
43.8623% accepted

energy = -124.383389
energy/site = -0.1413447602
43.9487% accepted

energy = -580.109266
energy/site = -0.659215075
43.9281% accepted

energy = -7.31864443
energy/site = -0.008316641398
43.8524% accepted

energy = -809.5263169
energy/site = -0.9199162692
43.8982% accepted

energy = -62.51605125
energy/site = -0.07104096734
43.7557% accepted

energy = -18.9999843
energy/site = -0.02159089125
43.8119% accepted

energy = -20222.51307
energy/site = -22.98012849
43.7565% accepted

energy = -183.2342315
energy/site = -0.2082207176
43.8854% accepted

energy = -14.0022661
energy/site = -0.01591166603
43.9903% accepted

energy = -41.04146231
energy/site = -0.04663802536
43.8893% accepted

energy = -84.57294594
energy/site = -0.09610562039
43.8108% accepted

energy = -346.4764727
energy/site = -0.3937232645
43.8974% accepted

energy = -123.582237
energy/site = -0.1404343603
43.8556% accepted

energy = -20.72613158
energy/site = -0.02355242225
43.9184% accepted

energy = -136.8648915
energy/site = -0.1555282859
43.9094% accepted

energy = -290.1156981
energy/site = -0.3296769296
43.8277% accepted

energy = -51.24203207
energy/site = -0.0582295819
43.7974% accepted

energy = -20.8872919
energy/site = -0.02373555898
43.9117% accepted

energy = -792.0498193
energy/site = -0.9000566128
43.8952% accepted

energy = -5177.521246
energy/site = -5.883546871
43.7836% accepted

energy = -1088.612942
energy/site = -1.237060161
43.9523% accepted

energy = -1470.916321
energy/site = -1.671495819
43.9136% accepted

energy = -59.98892514
energy/site = -0.06816923311
43.8796% accepted

energy = -100.7324381
energy/site = -0.1144686797
43.8032% accepted

energy = -138.8235928
energy/site = -0.1577540827
43.8959% accepted

energy = -2278.109452
energy/site = -2.588760741
43.9121% accepted

energy = -132.5955494
energy/site = -0.1506767606
43.7536% accepted

energy = -25.78356995
energy/site = -0.02929951131
43.9924% accepted

energy = -17366.11871
energy/site = -19.73422581
43.7734% accepted

energy = -1734.115305
energy/site = -1.970585574
43.8065% accepted

energy = -103.0342917
energy/site = -0.1170844224
43.8596% accepted

energy = -21.11939822
energy/site = -0.02399931615
43.7922% accepted

energy = -48.99647036
energy/site = -0.05567780722
43.9142% accepted

energy = -47.71067523
energy/site = -0.0542166764
43.6088% accepted

energy = -383.8658624
energy/site = -0.4362112072
43.7679% accepted

energy = -1565.481221
energy/site = -1.778955933
43.819% accepted

energy = -486.8816476
energy/site = -0.5532745996
43.9021% accepted

energy = -2641.019168
energy/site = -3.001158146
43.7367% accepted

energy = -149.7468399
energy/site = -0.1701668636
43.8761% accepted

energy = -263.6841319
energy/site = -0.2996410589
43.7553% accepted

energy = -1058.541149
energy/site = -1.20288767
43.9121% accepted

energy = -166.8161695
energy/site = -0.1895638289
43.8977% accepted

energy = -51.82330722
energy/site = -0.05889012184
43.9045% accepted

energy = -29.65399471
energy/site = -0.03369772126
43.8802% accepted

energy = -4849.703716
energy/site = -5.51102695
43.8951% accepted

energy = -1081.493339
energy/site = -1.228969703
43.8524% accepted

energy = -4.387739738
energy/site = -0.004986067884
43.9393% accepted

energy = -68.82371808
energy/site = -0.07820877055
43.8753% accepted

energy = -23.41333332
energy/site = -0.02660606059
43.9442% accepted

energy = -41.69335906
energy/site = -0.04737881712
43.7922% accepted

energy = -35.62426905
energy/site = -0.04048212392
43.8937% accepted

energy = -169.4279195
energy/site = -0.1925317267
43.8987% accepted

energy = -372.1272535
energy/site = -0.422871879
43.882% accepted

energy = -3014.766387
energy/site = -3.425870894
43.7498% accepted

energy = -47.51986108
energy/site = -0.05399984214
43.9399% accepted

energy = -212.1561513
energy/site = -0.2410865356
43.9047% accepted

energy = -13.49421805
energy/site = -0.0153343387
43.7602% accepted

energy = -2.414298261
energy/site = -0.002743520751
43.778% accepted

energy = -8058.672335
energy/site = -9.157582199
43.8308% accepted

energy = -115.1810648
energy/site = -0.1308875736
44.0083% accepted

energy = -708.2965568
energy/site = -0.8048824509
43.9986% accepted

energy = -2370.727798
energy/site = -2.694008861
43.8817% accepted

energy = -19.23841265
energy/site = -0.02186183255
43.9357% accepted

energy = -249.7588625
energy/site = -0.2838168892
43.8422% accepted

energy = -486.2270184
energy/site = -0.5525307028
43.7372% accepted

energy = -84.35235833
energy/site = -0.09585495265
43.7416% accepted

energy = -147.7892963
energy/site = -0.1679423822
43.7121% accepted

energy = -2219.322572
energy/site = -2.521957468
43.7211% accepted

energy = -1202.813596
energy/site = -1.366833631
43.7207% accepted

energy = -10.61637701
energy/site = -0.01206406478
43.9054% accepted

energy = -591.5113482
energy/site = -0.6721719866
43.8333% accepted

energy = -268.252683
energy/site = -0.3048325943
43.9264% accepted

energy = -81.68059034
energy/site = -0.09281885266
43.8439% accepted

energy = -13346.97909
energy/site = -15.16702169
43.8129% accepted

energy = -794.6534331
energy/site = -0.9030152649
43.8727% accepted

energy = -312.09217
energy/site = -0.3546501931
43.84% accepted

energy = -31.75192752
energy/site = -0.03608173582
43.7671% accepted

energy = -778.3010787
energy/site = -0.884433044
43.8732% accepted

energy = -167.6682625
energy/site = -0.1905321165
43.8673% accepted

energy = -211.7410863
energy/site = -0.2406148708
43.9441% accepted

energy = -231.8547464
energy/site = -0.2634713027
43.9813% accepted

energy = -297.2832733
energy/site = -0.3378219014
43.8729% accepted

energy = -58.58831689
energy/site = -0.06657763283
43.7495% accepted

energy = -570.760799
energy/site = -0.6485918171
43.7611% accepted

energy = -57.04933304
energy/site = -0.06482878755
43.8041% accepted

energy = -10525.25366
energy/site = -11.96051552
43.8818% accepted

energy = -9.138640564
energy/site = -0.01038481882
43.8052% accepted

energy = -15.80013502
energy/site = -0.01795469888
43.7124% accepted

energy = -361.7669146
energy/site = -0.4110987666
43.9078% accepted

energy = -6521.549714
energy/site = -7.410851948
43.8536% accepted

energy = -34.79266579
energy/site = -0.03953712022
43.8844% accepted

energy = -164.9749209
energy/site = -0.1874715011
43.6953% accepted

energy = -1196.262393
energy/site = -1.359389083
43.8233% accepted

energy = -402.1890788
energy/site = -0.4570330441
43.885% accepted

energy = -27.35792148
energy/site = -0.03108854714
43.7416% accepted

energy = -408.7950816
energy/site = -0.4645398654
43.8412% accepted

energy = -131.4685911
energy/site = -0.1493961262
43.8317% accepted

energy = -431.4510731
energy/site = -0.4902853103
43.7979% accepted

energy = -98.01994053
energy/site = -0.1113862961
43.7942% accepted

energy = -41.98884302
energy/site = -0.04771459434
43.8396% accepted

energy = -59.18921085
energy/site = -0.06726046688
43.8541% accepted

energy = -1111.377225
energy/site = -1.262928665
43.7506% accepted

energy = -703.8042157
energy/site = -0.7997775178
43.8644% accepted

energy = -364.6262082
energy/site = -0.4143479639
43.8165% accepted

energy = -491.3982363
energy/site = -0.5584070867
43.7825% accepted

energy = -300.3070128
energy/site = -0.341257969
43.7525% accepted

energy = -81.88370019
energy/site = -0.09304965931
43.8936% accepted

energy = -89.10624097
energy/site = -0.101257092
43.9349% accepted

energy = -6969.321646
energy/site = -7.919683689
43.8501% accepted

energy = -32.40123512
energy/site = -0.03681958537
43.9378% accepted

energy = -232.6558304
energy/site = -0.2643816255
43.7598% accepted

energy = -13.82942832
energy/site = -0.01571525945
43.8694% accepted

energy = -83.49244335
energy/site = -0.09487777654
43.8606% accepted

energy = -136.4420563
energy/site = -0.1550477912
43.8383% accepted

energy = -2280.380714
energy/site = -2.59134172
43.9906% accepted

energy = -228.4993083
energy/site = -0.2596583049
43.8843% accepted

energy = -177.280134
energy/site = -0.2014546977
43.7279% accepted

energy = -182.5396904
energy/site = -0.2074314664
43.8542% accepted

energy = -1276.883317
energy/site = -1.451003769
44.0187% accepted

energy = -104.2340961
energy/site = -0.1184478364
43.7651% accepted

energy = -2252.673181
energy/site = -2.559855887
43.8439% accepted

energy = -62.61851192
energy/site = -0.07115739991
43.7555% accepted

energy = -1.620143168
energy/site = -0.001841071782
43.778% accepted

energy = -564.8592261
energy/site = -0.6418854842
43.991% accepted

energy = -82.85976931
energy/site = -0.09415882876
43.9749% accepted

energy = -186.1987767
energy/site = -0.211589519
43.9093% accepted

energy = -126.8653039
energy/site = -0.1441651181
43.8306% accepted

energy = -56.85991488
energy/site = -0.06461353964
43.801% accepted

energy = -87.75604792
energy/site = -0.09972278173
43.8315% accepted

energy = -37.86962182
energy/site = -0.04303366116
43.8889% accepted

energy = -51077.25299
energy/site = -58.04233294
43.8327% accepted

energy = -6.825461558
energy/site = -0.007756206316
43.9566% accepted

energy = -23.84209914
energy/site = -0.02709329447
43.8701% accepted

energy = -22.90093329
energy/site = -0.02602378783
43.9101% accepted

energy = -3532.778382
energy/site = -4.014520889
43.8273% accepted

energy = -2916.585796
energy/site = -3.314302041
43.9405% accepted

energy = -164.9694225
energy/site = -0.1874652528
43.7266% accepted

energy = -563.8428916
energy/site = -0.6407305586
43.8349% accepted

energy = -28.75203282
energy/site = -0.03267276457
43.8896% accepted

energy = -1020.787399
energy/site = -1.15998568
43.8953% accepted

energy = -120.6811763
energy/site = -0.1371377004
43.835% accepted

energy = -127.8752519
energy/site = -0.1453127863
44.0159% accepted

energy = -128.939891
energy/site = -0.1465226034
43.7528% accepted

energy = -100.0420417
energy/site = -0.1136841383
43.8448% accepted

energy = -107.9551662
energy/site = -0.1226763252
43.7944% accepted

energy = -88.23074748
energy/site = -0.100262213
43.7883% accepted

energy = -169.5536881
energy/site = -0.1926746455
43.8473% accepted

energy = -749.4166869
energy/site = -0.8516098714
43.9874% accepted

energy = -236.5104519
energy/site = -0.2687618772
43.8572% accepted

energy = -53.43977271
energy/site = -0.06072701444
43.8443% accepted

energy = -9.243769555
energy/site = -0.01050428359
43.9108% accepted

energy = -5138.378592
energy/site = -5.839066582
43.8185% accepted

energy = -1366.500709
energy/site = -1.552841715
43.8942% accepted

energy = -228.6313826
energy/site = -0.2598083893
43.9629% accepted

energy = -134.2320674
energy/site = -0.1525364402
43.8676% accepted

energy = -1329.085925
energy/site = -1.510324915
43.8778% accepted

energy = -42.34080405
energy/site = -0.04811455006
43.892% accepted

energy = -475.1288754
energy/site = -0.5399191766
43.7686% accepted

energy = -682.2617498
energy/site = -0.775297443
43.8925% accepted

energy = -2307.110141
energy/site = -2.62171607
43.7818% accepted

energy = -311.7612545
energy/site = -0.3542741529
43.9341% accepted

energy = -3403.715828
energy/site = -3.867858895
43.8515% accepted

energy = -3173.766437
energy/site = -3.606552769
43.7834% accepted

energy = -68.14818326
energy/site = -0.07744111734
43.8884% accepted

energy = -476027.9065
energy/site = -540.9408028
43.7883% accepted

energy = -166.0196474
energy/site = -0.1886586903
43.8042% accepted

energy = -408.2947714
energy/site = -0.4639713312
43.7436% accepted

energy = -119.7223929
energy/site = -0.1360481737
43.8099% accepted

energy = -619.6127178
energy/site = -0.7041053611
44.0675% accepted

energy = -823.5498246
energy/site = -0.9358520734
44.0071% accepted

energy = -2397.923521
energy/site = -2.724913092
43.9279% accepted

energy = -443.8496012
energy/site = -0.5043745468
43.9082% accepted

energy = -22.35820545
energy/site = -0.02540705165
43.9175% accepted

energy = -806.0224969
energy/site = -0.9159346555
43.8261% accepted

energy = -126.1416597
energy/site = -0.1433427951
43.9787% accepted

energy = -29.98408902
energy/site = -0.03407282843
43.8759% accepted

energy = -597.1685082
energy/site = -0.6786005775
43.9951% accepted

energy = -2264.043302
energy/site = -2.572776479
43.8772% accepted

energy = -138.6343861
energy/site = -0.1575390752
43.9638% accepted

energy = -75.69326487
energy/site = -0.08601507371
43.7906% accepted

energy = -110.0748317
energy/site = -0.125085036
43.8824% accepted

energy = -107.4827236
energy/site = -0.1221394586
43.8706% accepted

energy = -1076.39215
energy/site = -1.223172897
43.9163% accepted

energy = -290.1424675
energy/site = -0.3297073495
43.7828% accepted

energy = -56.34152803
energy/site = -0.06402446367
43.8182% accepted

energy = -465.3790763
energy/site = -0.5288398595
43.8643% accepted

energy = -336.827708
energy/site = -0.3827587591
43.733% accepted

energy = -642.4541089
energy/site = -0.7300614874
43.9382% accepted

energy = -60.91743863
energy/site = -0.06922436208
44.0628% accepted

energy = -16.59563053
energy/site = -0.01885867106
43.845% accepted

energy = -945.7645727
energy/site = -1.074732469
43.9166% accepted

energy = -2323.701918
energy/site = -2.640570361
43.9084% accepted

energy = -38.05453978
energy/site = -0.04324379521
43.6325% accepted

energy = -673.5013399
energy/site = -0.7653424317
43.9678% accepted

energy = -4416.550263
energy/site = -5.018807117
44.0107% accepted

energy = -89.71114462
energy/site = -0.1019444825
43.9161% accepted

energy = -22.88202207
energy/site = -0.02600229781
43.8478% accepted

energy = -840.3029196
energy/site = -0.9548896814
43.7555% accepted

energy = -424.0401287
energy/site = -0.4818637826
43.9444% accepted

energy = -632.0632346
energy/site = -0.7182536757
43.9003% accepted

energy = -1528.321336
energy/site = -1.736728791
43.8498% accepted

User defined signal 2

------------------------------------------------------------
Sender: LSF System <lsfadmin@wha255>
Subject: Job 5493593: <./torus09> Exited

Job <./torus09> was submitted from host <wha781> by user <akallin>.
Job was executed on host(s) <wha255>, in queue <serial>, as user <akallin>.
</home/akallin> was used as the home directory.
</work/akallin/TORUS/OBC/11leg/09> was used as the working directory.
Started at Wed Aug 11 14:43:18 2010
Results reported at Wed Aug 18 15:01:37 2010

Your job looked like:

------------------------------------------------------------
# LSBATCH: User input
./torus09
------------------------------------------------------------

TERM_RUNLIMIT: job killed after reaching LSF run time limit.
Exited with exit code 140.

Resource usage summary:

    CPU time   : 396677.00 sec.
    Max Memory :         6 MB
    Max Swap   :       122 MB

    Max Processes  :         4
    Max Threads    :         4

The output (if any) is above this job summary.


weighting by <swap_x> where x = 9
11 x 40 x 1 system
r   = 3  bondops changed per step 
n/N = 80  bond operators / site
its = 1000000  iterations/loop for 100000 loops

