
weighting by <swap_x> where x = 3
5 x 20 x 1 system
r   = 3  bondops changed per step 
n/N = 80  bond operators / site
its = 1000000  iterations/loop for 10000 loops

energy = -618.8717524
energy/site = -3.094358762
44.782% accepted

energy = -259.4619689
energy/site = -1.297309844
44.5465% accepted

energy = -264.6086313
energy/site = -1.323043156
44.7384% accepted

energy = -409.8802807
energy/site = -2.049401403
44.6896% accepted

energy = -318.8011499
energy/site = -1.594005749
44.6283% accepted

energy = -542.2163953
energy/site = -2.711081977
44.5811% accepted

energy = -352.071723
energy/site = -1.760358615
44.7799% accepted

energy = -445.122826
energy/site = -2.22561413
44.8144% accepted

energy = -346.1134538
energy/site = -1.730567269
44.7035% accepted

energy = -327.8306697
energy/site = -1.639153348
44.7072% accepted

energy = -431.8820872
energy/site = -2.159410436
44.5695% accepted

energy = -398.6860442
energy/site = -1.993430221
44.649% accepted

energy = -241.7503671
energy/site = -1.208751835
44.8128% accepted

energy = -263.7177869
energy/site = -1.318588934
44.5263% accepted

energy = -434.8765457
energy/site = -2.174382728
44.711% accepted

energy = -343.2557526
energy/site = -1.716278763
44.5777% accepted

energy = -355.7208679
energy/site = -1.77860434
44.5209% accepted

energy = -252.8042412
energy/site = -1.264021206
44.6112% accepted

energy = -440.2962924
energy/site = -2.201481462
44.7312% accepted

energy = -374.73008
energy/site = -1.8736504
44.6236% accepted

energy = -434.7441811
energy/site = -2.173720905
44.8048% accepted

energy = -225.5608725
energy/site = -1.127804363
44.8593% accepted

energy = -449.0348294
energy/site = -2.245174147
44.4692% accepted

energy = -269.4229131
energy/site = -1.347114566
44.5336% accepted

energy = -529.1516404
energy/site = -2.645758202
44.6699% accepted

energy = -289.0265671
energy/site = -1.445132835
44.6545% accepted

energy = -264.7962436
energy/site = -1.323981218
44.5839% accepted

energy = -278.6128289
energy/site = -1.393064145
44.6568% accepted

energy = -306.7730326
energy/site = -1.533865163
44.6595% accepted

energy = -283.9510192
energy/site = -1.419755096
44.669% accepted

energy = -383.9551024
energy/site = -1.919775512
44.5858% accepted

energy = -305.0028413
energy/site = -1.525014206
44.7122% accepted

energy = -309.6038604
energy/site = -1.548019302
44.5763% accepted

energy = -290.831892
energy/site = -1.45415946
44.5141% accepted

energy = -404.9301234
energy/site = -2.024650617
44.732% accepted

energy = -486.3907714
energy/site = -2.431953857
44.4405% accepted

energy = -434.4327326
energy/site = -2.172163663
44.8161% accepted

energy = -196.8893704
energy/site = -0.984446852
44.7209% accepted

energy = -279.2377302
energy/site = -1.396188651
44.541% accepted

energy = -465.6938233
energy/site = -2.328469116
44.6241% accepted

energy = -334.7278288
energy/site = -1.673639144
44.524% accepted

energy = -332.1744442
energy/site = -1.660872221
44.6377% accepted

energy = -412.0849252
energy/site = -2.060424626
44.597% accepted

energy = -406.748526
energy/site = -2.03374263
44.6976% accepted

energy = -497.8987149
energy/site = -2.489493575
44.5838% accepted

energy = -508.5219444
energy/site = -2.542609722
44.7368% accepted

energy = -243.2089943
energy/site = -1.216044971
44.5739% accepted

energy = -387.2647292
energy/site = -1.936323646
44.5925% accepted

energy = -347.7954403
energy/site = -1.738977202
44.5566% accepted

energy = -310.5580715
energy/site = -1.552790358
44.5911% accepted

energy = -422.4801298
energy/site = -2.112400649
44.5677% accepted

energy = -357.9645474
energy/site = -1.789822737
44.6249% accepted

energy = -570.2622498
energy/site = -2.851311249
44.7062% accepted

energy = -389.8153233
energy/site = -1.949076617
44.7039% accepted

energy = -309.7649658
energy/site = -1.548824829
44.657% accepted

energy = -400.3120715
energy/site = -2.001560358
44.6019% accepted

energy = -243.1017788
energy/site = -1.215508894
44.6606% accepted

energy = -501.6075192
energy/site = -2.508037596
44.5435% accepted

energy = -413.1612498
energy/site = -2.065806249
44.7048% accepted

energy = -285.1553291
energy/site = -1.425776645
44.4931% accepted

energy = -365.6537423
energy/site = -1.828268712
44.733% accepted

energy = -359.8449795
energy/site = -1.799224897
44.5319% accepted

energy = -290.100825
energy/site = -1.450504125
44.5846% accepted

energy = -529.1919832
energy/site = -2.645959916
44.6426% accepted

energy = -370.4576734
energy/site = -1.852288367
44.7599% accepted

energy = -366.5964947
energy/site = -1.832982474
44.7595% accepted

energy = -334.4097772
energy/site = -1.672048886
44.6295% accepted

energy = -426.3882827
energy/site = -2.131941414
44.7787% accepted

energy = -369.0157554
energy/site = -1.845078777
44.6088% accepted

energy = -316.9467837
energy/site = -1.584733919
44.6151% accepted

energy = -304.4799943
energy/site = -1.522399972
44.6694% accepted

energy = -238.4140134
energy/site = -1.192070067
44.5456% accepted

energy = -312.7871637
energy/site = -1.563935819
44.6029% accepted

energy = -265.0856544
energy/site = -1.325428272
44.6315% accepted

energy = -391.9781845
energy/site = -1.959890923
44.6779% accepted

energy = -359.516834
energy/site = -1.79758417
44.7836% accepted

energy = -360.5370389
energy/site = -1.802685194
44.6208% accepted

energy = -520.4125067
energy/site = -2.602062534
44.5499% accepted

energy = -441.0973091
energy/site = -2.205486545
44.7978% accepted

energy = -476.3300459
energy/site = -2.38165023
44.5443% accepted

energy = -406.4620566
energy/site = -2.032310283
44.616% accepted

energy = -444.7355578
energy/site = -2.223677789
44.649% accepted

energy = -271.153275
energy/site = -1.355766375
44.6213% accepted

energy = -297.0737123
energy/site = -1.485368561
44.5788% accepted

energy = -274.5928013
energy/site = -1.372964007
44.5834% accepted

energy = -311.5674622
energy/site = -1.557837311
44.7774% accepted

energy = -330.229028
energy/site = -1.65114514
44.6155% accepted

energy = -484.6976834
energy/site = -2.423488417
44.6594% accepted

energy = -333.7800314
energy/site = -1.668900157
44.7% accepted

energy = -380.9564805
energy/site = -1.904782402
44.7338% accepted

energy = -242.995451
energy/site = -1.214977255
44.5821% accepted

energy = -396.6617351
energy/site = -1.983308675
44.4414% accepted

energy = -245.4294318
energy/site = -1.227147159
44.6501% accepted

energy = -337.2056118
energy/site = -1.686028059
44.6711% accepted

energy = -319.6859073
energy/site = -1.598429536
44.65% accepted

energy = -266.1666573
energy/site = -1.330833287
44.6839% accepted

energy = -368.372815
energy/site = -1.841864075
44.6374% accepted

energy = -441.0759939
energy/site = -2.205379969
44.6678% accepted

energy = -324.641023
energy/site = -1.623205115
44.6297% accepted

energy = -561.353819
energy/site = -2.806769095
44.7058% accepted

energy = -251.3699324
energy/site = -1.256849662
44.6543% accepted

energy = -367.5273831
energy/site = -1.837636915
44.7139% accepted

energy = -373.782465
energy/site = -1.868912325
44.6671% accepted

energy = -407.6651302
energy/site = -2.038325651
44.7616% accepted

energy = -382.0303436
energy/site = -1.910151718
44.7725% accepted

energy = -384.22737
energy/site = -1.92113685
44.5987% accepted

energy = -543.6184725
energy/site = -2.718092362
44.7406% accepted

energy = -502.5967473
energy/site = -2.512983736
44.6325% accepted

energy = -380.3958539
energy/site = -1.90197927
44.6846% accepted

energy = -430.1472404
energy/site = -2.150736202
44.707% accepted

energy = -302.268222
energy/site = -1.51134111
44.6614% accepted

energy = -745.830822
energy/site = -3.72915411
44.7261% accepted

energy = -512.9815008
energy/site = -2.564907504
44.5991% accepted

energy = -320.615058
energy/site = -1.60307529
44.5573% accepted

energy = -337.3758866
energy/site = -1.686879433
44.5586% accepted

energy = -346.2025397
energy/site = -1.731012698
44.6766% accepted

energy = -344.0341918
energy/site = -1.720170959
44.5483% accepted

energy = -323.9362962
energy/site = -1.619681481
44.6053% accepted

energy = -300.8372171
energy/site = -1.504186086
44.5842% accepted

energy = -381.5236087
energy/site = -1.907618043
44.8453% accepted

energy = -448.6413616
energy/site = -2.243206808
44.7003% accepted

energy = -419.398768
energy/site = -2.09699384
44.5117% accepted

energy = -267.942983
energy/site = -1.339714915
44.7096% accepted

energy = -354.8612736
energy/site = -1.774306368
44.5242% accepted

energy = -374.3957299
energy/site = -1.871978649
44.5798% accepted

energy = -243.8638873
energy/site = -1.219319437
44.6066% accepted

energy = -580.6966845
energy/site = -2.903483423
44.6154% accepted

energy = -419.6498534
energy/site = -2.098249267
44.5267% accepted

energy = -471.5090577
energy/site = -2.357545288
44.6771% accepted

energy = -341.5783112
energy/site = -1.707891556
44.6945% accepted

energy = -388.4859127
energy/site = -1.942429564
44.5961% accepted

energy = -415.9511413
energy/site = -2.079755706
44.7563% accepted

energy = -418.7683195
energy/site = -2.093841597
44.6751% accepted

energy = -488.977978
energy/site = -2.44488989
44.6612% accepted

energy = -397.0871644
energy/site = -1.985435822
44.6178% accepted

energy = -335.3689961
energy/site = -1.676844981
44.6185% accepted

energy = -417.388479
energy/site = -2.086942395
44.5872% accepted

energy = -300.5716993
energy/site = -1.502858496
44.656% accepted

energy = -506.4635522
energy/site = -2.532317761
44.6494% accepted

energy = -409.1869938
energy/site = -2.045934969
44.6771% accepted

energy = -556.2137
energy/site = -2.7810685
44.6075% accepted

energy = -472.0717584
energy/site = -2.360358792
44.6793% accepted

energy = -858.3700748
energy/site = -4.291850374
44.6704% accepted

energy = -383.2214673
energy/site = -1.916107336
44.6783% accepted

energy = -544.6512103
energy/site = -2.723256052
44.6592% accepted

energy = -413.3552469
energy/site = -2.066776235
44.5922% accepted

energy = -432.2156221
energy/site = -2.16107811
44.5683% accepted

energy = -290.2976347
energy/site = -1.451488173
44.5581% accepted

energy = -224.4750786
energy/site = -1.122375393
44.561% accepted

energy = -364.4316602
energy/site = -1.822158301
44.7491% accepted

energy = -334.8207371
energy/site = -1.674103686
44.6142% accepted

energy = -296.357259
energy/site = -1.481786295
44.5783% accepted

energy = -448.6417811
energy/site = -2.243208906
44.5474% accepted

energy = -398.7129449
energy/site = -1.993564725
44.5613% accepted

energy = -363.5032255
energy/site = -1.817516128
44.6146% accepted

energy = -380.1259771
energy/site = -1.900629886
44.5181% accepted

energy = -402.8933781
energy/site = -2.01446689
44.7716% accepted

energy = -322.8167064
energy/site = -1.614083532
44.642% accepted

energy = -388.0651523
energy/site = -1.940325762
44.7006% accepted

energy = -307.1993047
energy/site = -1.535996524
44.6392% accepted

energy = -266.6662085
energy/site = -1.333331043
44.7847% accepted

energy = -296.9201172
energy/site = -1.484600586
44.641% accepted

energy = -621.283578
energy/site = -3.10641789
44.6185% accepted

energy = -411.6183448
energy/site = -2.058091724
44.605% accepted

energy = -349.4523445
energy/site = -1.747261722
44.6871% accepted

energy = -354.5426143
energy/site = -1.772713072
44.726% accepted

energy = -465.2107419
energy/site = -2.326053709
44.6794% accepted

energy = -388.6273113
energy/site = -1.943136556
44.7563% accepted

energy = -524.1211831
energy/site = -2.620605916
44.6765% accepted

energy = -206.6906224
energy/site = -1.033453112
44.6432% accepted

energy = -268.6330067
energy/site = -1.343165033
44.6876% accepted

energy = -302.8045877
energy/site = -1.514022939
44.7201% accepted

energy = -346.4761901
energy/site = -1.73238095
44.7761% accepted

energy = -344.7288855
energy/site = -1.723644427
44.4759% accepted

energy = -386.920932
energy/site = -1.93460466
44.7677% accepted

energy = -319.6713342
energy/site = -1.598356671
44.7245% accepted

energy = -401.6222361
energy/site = -2.00811118
44.5928% accepted

energy = -310.9834025
energy/site = -1.554917012
44.617% accepted

energy = -352.1697872
energy/site = -1.760848936
44.7631% accepted

energy = -272.8756686
energy/site = -1.364378343
44.5151% accepted

energy = -249.1696619
energy/site = -1.24584831
44.594% accepted

energy = -385.9348379
energy/site = -1.929674189
44.6554% accepted

energy = -417.8680583
energy/site = -2.089340292
44.7232% accepted

energy = -307.9262545
energy/site = -1.539631272
44.6854% accepted

energy = -505.0804411
energy/site = -2.525402205
44.6019% accepted

energy = -330.6582156
energy/site = -1.653291078
44.773% accepted

energy = -291.9952905
energy/site = -1.459976453
44.7308% accepted

energy = -347.3951667
energy/site = -1.736975834
44.7673% accepted

energy = -613.4567583
energy/site = -3.067283792
44.6275% accepted

energy = -658.5245849
energy/site = -3.292622924
44.7379% accepted

energy = -338.6019216
energy/site = -1.693009608
44.7273% accepted

energy = -389.5068294
energy/site = -1.947534147
44.5516% accepted

energy = -492.9068965
energy/site = -2.464534482
44.5169% accepted

energy = -490.1473134
energy/site = -2.450736567
44.7419% accepted

energy = -458.8064158
energy/site = -2.294032079
44.7435% accepted

energy = -461.8057366
energy/site = -2.309028683
44.6693% accepted

energy = -212.5941402
energy/site = -1.062970701
44.5939% accepted

energy = -257.1429352
energy/site = -1.285714676
44.5794% accepted

energy = -552.9672582
energy/site = -2.764836291
44.6376% accepted

energy = -307.7110028
energy/site = -1.538555014
44.6821% accepted

energy = -343.0350296
energy/site = -1.715175148
44.6454% accepted

energy = -343.9558169
energy/site = -1.719779084
44.6405% accepted

energy = -414.3194961
energy/site = -2.07159748
44.6476% accepted

energy = -523.8266883
energy/site = -2.619133441
44.6735% accepted

energy = -451.3689376
energy/site = -2.256844688
44.6667% accepted

energy = -498.005561
energy/site = -2.490027805
44.7039% accepted

energy = -451.0197732
energy/site = -2.255098866
44.8144% accepted

energy = -416.4374483
energy/site = -2.082187242
44.7028% accepted

energy = -331.1683949
energy/site = -1.655841974
44.6746% accepted

energy = -260.9931219
energy/site = -1.30496561
44.5502% accepted

energy = -380.5519779
energy/site = -1.90275989
44.6158% accepted

energy = -456.5379866
energy/site = -2.282689933
44.8882% accepted

energy = -445.2892438
energy/site = -2.226446219
44.6004% accepted

energy = -245.6445551
energy/site = -1.228222775
44.6967% accepted

energy = -311.2643583
energy/site = -1.556321792
44.5618% accepted

energy = -297.5066781
energy/site = -1.48753339
44.5985% accepted

energy = -407.3229571
energy/site = -2.036614785
44.6232% accepted

energy = -341.243587
energy/site = -1.706217935
44.7618% accepted

energy = -444.3920052
energy/site = -2.221960026
44.6755% accepted

energy = -538.6469236
energy/site = -2.693234618
44.4342% accepted

energy = -325.620511
energy/site = -1.628102555
44.6531% accepted

energy = -320.3578383
energy/site = -1.601789191
44.711% accepted

energy = -434.9481388
energy/site = -2.174740694
44.6663% accepted

energy = -280.4351446
energy/site = -1.402175723
44.5657% accepted

energy = -290.8387616
energy/site = -1.454193808
44.6331% accepted

energy = -392.9183749
energy/site = -1.964591875
44.6365% accepted

energy = -255.8328326
energy/site = -1.279164163
44.5986% accepted

energy = -345.2251718
energy/site = -1.726125859
44.7007% accepted

energy = -290.0043867
energy/site = -1.450021934
44.7174% accepted

energy = -256.0902927
energy/site = -1.280451464
44.5979% accepted

energy = -332.2260793
energy/site = -1.661130396
44.6056% accepted

energy = -373.2402756
energy/site = -1.866201378
44.6419% accepted

energy = -306.1554188
energy/site = -1.530777094
44.7437% accepted

energy = -428.0823077
energy/site = -2.140411539
44.5303% accepted

energy = -408.4748625
energy/site = -2.042374312
44.7023% accepted

energy = -394.4344594
energy/site = -1.972172297
44.8356% accepted

energy = -399.8052743
energy/site = -1.999026371
44.7018% accepted

energy = -313.7918946
energy/site = -1.568959473
44.5803% accepted

energy = -342.8600149
energy/site = -1.714300075
44.5887% accepted

energy = -409.0211449
energy/site = -2.045105724
44.7786% accepted

energy = -378.7992721
energy/site = -1.89399636
44.6476% accepted

energy = -410.3275683
energy/site = -2.051637842
44.4998% accepted

energy = -387.6128201
energy/site = -1.938064101
44.7011% accepted

energy = -276.399714
energy/site = -1.38199857
44.5294% accepted

energy = -296.0721224
energy/site = -1.480360612
44.747% accepted

energy = -404.5013984
energy/site = -2.022506992
44.7207% accepted

energy = -450.251442
energy/site = -2.25125721
44.7172% accepted

energy = -424.557564
energy/site = -2.12278782
44.629% accepted

energy = -448.0293622
energy/site = -2.240146811
44.7937% accepted

energy = -496.7835758
energy/site = -2.483917879
44.5196% accepted

energy = -480.2701737
energy/site = -2.401350869
44.6002% accepted

energy = -264.9776456
energy/site = -1.324888228
44.6678% accepted

energy = -346.7523046
energy/site = -1.733761523
44.6064% accepted

energy = -268.019476
energy/site = -1.34009738
44.6117% accepted

energy = -405.3779399
energy/site = -2.0268897
44.8397% accepted

energy = -357.3973969
energy/site = -1.786986984
44.7207% accepted

energy = -289.6493375
energy/site = -1.448246688
44.7025% accepted

energy = -651.7284685
energy/site = -3.258642343
44.6392% accepted

energy = -298.2878657
energy/site = -1.491439328
44.642% accepted

energy = -448.1487854
energy/site = -2.240743927
44.6468% accepted

energy = -406.7292473
energy/site = -2.033646236
44.8295% accepted

energy = -282.4956158
energy/site = -1.412478079
44.6688% accepted

energy = -323.1192346
energy/site = -1.615596173
44.4298% accepted

energy = -432.6253758
energy/site = -2.163126879
44.596% accepted

energy = -286.0765546
energy/site = -1.430382773
44.6156% accepted

energy = -360.9302368
energy/site = -1.804651184
44.7571% accepted

energy = -408.2285411
energy/site = -2.041142705
44.6484% accepted

energy = -278.6746644
energy/site = -1.393373322
44.5672% accepted

energy = -331.4557258
energy/site = -1.657278629
44.7069% accepted

energy = -346.7682642
energy/site = -1.733841321
44.6988% accepted

energy = -515.1652276
energy/site = -2.575826138
44.7048% accepted

energy = -335.4216418
energy/site = -1.677108209
44.7033% accepted

energy = -449.1566471
energy/site = -2.245783236
44.5384% accepted

energy = -385.6507811
energy/site = -1.928253906
44.624% accepted

energy = -275.145549
energy/site = -1.375727745
44.7906% accepted

energy = -446.4927104
energy/site = -2.232463552
44.6326% accepted

energy = -341.2631173
energy/site = -1.706315586
44.634% accepted

energy = -394.5611291
energy/site = -1.972805645
44.6705% accepted

energy = -328.8730396
energy/site = -1.644365198
44.5395% accepted

energy = -340.5042632
energy/site = -1.702521316
44.7016% accepted

energy = -328.8340401
energy/site = -1.644170201
44.4981% accepted

energy = -347.6148812
energy/site = -1.738074406
44.5339% accepted

energy = -223.516948
energy/site = -1.11758474
44.7373% accepted

energy = -325.3280429
energy/site = -1.626640214
44.6535% accepted

energy = -312.2848753
energy/site = -1.561424377
44.6536% accepted

energy = -469.9505378
energy/site = -2.349752689
44.7165% accepted

energy = -346.9025736
energy/site = -1.734512868
44.6609% accepted

energy = -413.9994992
energy/site = -2.069997496
44.6743% accepted

energy = -400.4375726
energy/site = -2.002187863
44.4352% accepted

energy = -313.8121775
energy/site = -1.569060887
44.6945% accepted

energy = -283.6403195
energy/site = -1.418201597
44.7079% accepted

energy = -374.4931275
energy/site = -1.872465638
44.5946% accepted

energy = -402.7136522
energy/site = -2.013568261
44.7088% accepted

energy = -342.4103391
energy/site = -1.712051696
44.7572% accepted

energy = -377.5231541
energy/site = -1.887615771
44.6058% accepted

energy = -595.654371
energy/site = -2.978271855
44.6049% accepted

energy = -420.4444697
energy/site = -2.102222348
44.6337% accepted

energy = -313.2869585
energy/site = -1.566434793
44.7879% accepted

energy = -423.2272033
energy/site = -2.116136017
44.7012% accepted

energy = -415.7586316
energy/site = -2.078793158
44.6669% accepted

energy = -372.1301799
energy/site = -1.860650899
44.8083% accepted

energy = -374.4481232
energy/site = -1.872240616
44.8415% accepted

energy = -304.3602243
energy/site = -1.521801121
44.7238% accepted

energy = -664.9081148
energy/site = -3.324540574
44.6758% accepted

energy = -323.527883
energy/site = -1.617639415
44.6805% accepted

energy = -280.3649976
energy/site = -1.401824988
44.6402% accepted

energy = -462.1737151
energy/site = -2.310868576
44.618% accepted

energy = -328.1248776
energy/site = -1.640624388
44.6313% accepted

energy = -246.443494
energy/site = -1.23221747
44.5439% accepted

energy = -451.841377
energy/site = -2.259206885
44.5917% accepted

energy = -559.517838
energy/site = -2.79758919
44.7052% accepted

energy = -391.9019188
energy/site = -1.959509594
44.7532% accepted

energy = -438.4102811
energy/site = -2.192051406
44.6234% accepted

energy = -340.9768083
energy/site = -1.704884042
44.8034% accepted

energy = -326.8277576
energy/site = -1.634138788
44.66% accepted

energy = -384.9572134
energy/site = -1.924786067
44.6077% accepted

energy = -487.0819159
energy/site = -2.435409579
44.5729% accepted

energy = -389.6098584
energy/site = -1.948049292
44.5816% accepted

energy = -505.380785
energy/site = -2.526903925
44.8203% accepted

energy = -340.226448
energy/site = -1.70113224
44.6917% accepted

energy = -282.7802928
energy/site = -1.413901464
44.7361% accepted

energy = -587.4220439
energy/site = -2.93711022
44.6781% accepted

energy = -292.2493088
energy/site = -1.461246544
44.7279% accepted

energy = -272.3145472
energy/site = -1.361572736
44.7902% accepted

energy = -510.1927036
energy/site = -2.550963518
44.4914% accepted

energy = -259.8932609
energy/site = -1.299466305
44.7729% accepted

energy = -371.679442
energy/site = -1.85839721
44.6186% accepted

energy = -414.474502
energy/site = -2.07237251
44.6539% accepted

energy = -329.1115922
energy/site = -1.645557961
44.7841% accepted

energy = -274.0344517
energy/site = -1.370172258
44.7467% accepted

energy = -261.8285391
energy/site = -1.309142696
44.5712% accepted

energy = -407.5104158
energy/site = -2.037552079
44.4677% accepted

energy = -257.2836488
energy/site = -1.286418244
44.5917% accepted

energy = -383.8992054
energy/site = -1.919496027
44.7081% accepted

energy = -614.8500724
energy/site = -3.074250362
44.6726% accepted

energy = -267.3333632
energy/site = -1.336666816
44.5688% accepted

energy = -338.0491347
energy/site = -1.690245673
44.5544% accepted

energy = -357.9896532
energy/site = -1.789948266
44.6977% accepted

energy = -489.5310564
energy/site = -2.447655282
44.5066% accepted

energy = -263.8727903
energy/site = -1.319363951
44.7027% accepted

energy = -478.8800713
energy/site = -2.394400356
44.5345% accepted

energy = -341.2070875
energy/site = -1.706035437
44.6433% accepted

energy = -321.0848446
energy/site = -1.605424223
44.7638% accepted

energy = -877.6838299
energy/site = -4.388419149
44.6961% accepted

energy = -258.1016881
energy/site = -1.29050844
44.6848% accepted

energy = -313.4544266
energy/site = -1.567272133
44.6145% accepted

energy = -499.1460467
energy/site = -2.495730234
44.6395% accepted

energy = -508.9135631
energy/site = -2.544567816
44.5572% accepted

energy = -276.6266294
energy/site = -1.383133147
44.7144% accepted

energy = -330.7386161
energy/site = -1.653693081
44.6333% accepted

energy = -447.0520777
energy/site = -2.235260389
44.6897% accepted

energy = -615.4288228
energy/site = -3.077144114
44.7968% accepted

energy = -431.9642147
energy/site = -2.159821074
44.6467% accepted

energy = -634.507715
energy/site = -3.172538575
44.7888% accepted

energy = -1366.75948
energy/site = -6.833797402
44.6215% accepted

energy = -555.5498361
energy/site = -2.777749181
44.6843% accepted

energy = -339.4128134
energy/site = -1.697064067
44.7867% accepted

energy = -432.6972117
energy/site = -2.163486058
44.7157% accepted

energy = -351.7718408
energy/site = -1.758859204
44.6693% accepted

energy = -430.2054695
energy/site = -2.151027347
44.6764% accepted

energy = -222.97395
energy/site = -1.11486975
44.5462% accepted

energy = -385.990095
energy/site = -1.929950475
44.621% accepted

energy = -450.4482873
energy/site = -2.252241436
44.6317% accepted

energy = -395.1635091
energy/site = -1.975817545
44.713% accepted

energy = -281.4340097
energy/site = -1.407170048
44.5964% accepted

energy = -479.8853923
energy/site = -2.399426961
44.7068% accepted

energy = -300.9642771
energy/site = -1.504821386
44.6493% accepted

energy = -484.066491
energy/site = -2.420332455
44.6149% accepted

energy = -308.2720296
energy/site = -1.541360148
44.5735% accepted

energy = -463.733863
energy/site = -2.318669315
44.7203% accepted

energy = -596.0055072
energy/site = -2.980027536
44.749% accepted

energy = -255.5811764
energy/site = -1.277905882
44.7707% accepted

energy = -363.1825709
energy/site = -1.815912855
44.6167% accepted

energy = -549.4809507
energy/site = -2.747404754
44.5774% accepted

energy = -424.4721701
energy/site = -2.122360851
44.5441% accepted

energy = -426.6466808
energy/site = -2.133233404
44.4604% accepted

energy = -475.4404082
energy/site = -2.377202041
44.7231% accepted

energy = -467.5509587
energy/site = -2.337754793
44.5868% accepted

energy = -375.7569607
energy/site = -1.878784803
44.6017% accepted

energy = -238.9843614
energy/site = -1.194921807
44.5718% accepted

energy = -374.7727465
energy/site = -1.873863732
44.5999% accepted

energy = -400.6991327
energy/site = -2.003495664
44.6445% accepted

energy = -318.5097678
energy/site = -1.592548839
44.6603% accepted

energy = -286.5659694
energy/site = -1.432829847
44.586% accepted

energy = -446.8458575
energy/site = -2.234229288
44.6961% accepted

energy = -432.3325392
energy/site = -2.161662696
44.7554% accepted

energy = -229.5651047
energy/site = -1.147825523
44.7513% accepted

energy = -388.0675207
energy/site = -1.940337603
44.6514% accepted

energy = -367.0861438
energy/site = -1.835430719
44.6097% accepted

energy = -270.203567
energy/site = -1.351017835
44.4748% accepted

energy = -444.5718866
energy/site = -2.222859433
44.5934% accepted

energy = -246.6368148
energy/site = -1.233184074
44.7461% accepted

energy = -419.5926735
energy/site = -2.097963367
44.5646% accepted

energy = -300.4067519
energy/site = -1.50203376
44.8124% accepted

energy = -437.321846
energy/site = -2.18660923
44.5978% accepted

energy = -304.8837048
energy/site = -1.524418524
44.688% accepted

energy = -439.2879569
energy/site = -2.196439785
44.5184% accepted

energy = -409.3333081
energy/site = -2.04666654
44.6925% accepted

energy = -469.041756
energy/site = -2.34520878
44.63% accepted

energy = -329.1296255
energy/site = -1.645648127
44.7077% accepted

energy = -368.664624
energy/site = -1.84332312
44.7208% accepted

energy = -633.5069593
energy/site = -3.167534796
44.548% accepted

energy = -181.1287252
energy/site = -0.9056436258
44.6066% accepted

energy = -568.9453762
energy/site = -2.844726881
44.4945% accepted

energy = -388.3978909
energy/site = -1.941989455
44.7199% accepted

energy = -328.6010595
energy/site = -1.643005298
44.6325% accepted

energy = -435.0610388
energy/site = -2.175305194
44.7361% accepted

energy = -578.8682722
energy/site = -2.894341361
44.6073% accepted

energy = -270.6963202
energy/site = -1.353481601
44.6782% accepted

energy = -476.3644117
energy/site = -2.381822058
44.5756% accepted

energy = -281.3432101
energy/site = -1.40671605
44.6435% accepted

energy = -564.9244467
energy/site = -2.824622233
44.6026% accepted

energy = -343.9935874
energy/site = -1.719967937
44.7866% accepted

energy = -364.0942386
energy/site = -1.820471193
44.5713% accepted

energy = -398.2697626
energy/site = -1.991348813
44.7409% accepted

energy = -341.6830588
energy/site = -1.708415294
44.7266% accepted

energy = -258.1498829
energy/site = -1.290749415
44.6716% accepted

energy = -315.6192287
energy/site = -1.578096144
44.657% accepted

energy = -412.9630183
energy/site = -2.064815092
44.6612% accepted

energy = -472.4802561
energy/site = -2.362401281
44.7458% accepted

energy = -371.0141794
energy/site = -1.855070897
44.6641% accepted

energy = -320.8977426
energy/site = -1.604488713
44.7441% accepted

energy = -363.1253171
energy/site = -1.815626586
44.5993% accepted

energy = -341.76691
energy/site = -1.70883455
44.5761% accepted

energy = -348.1585327
energy/site = -1.740792663
44.5601% accepted

energy = -298.2413527
energy/site = -1.491206764
44.7444% accepted

energy = -393.2230309
energy/site = -1.966115155
44.6997% accepted

energy = -387.7546397
energy/site = -1.938773199
44.7601% accepted

energy = -303.2489575
energy/site = -1.516244787
44.6306% accepted

energy = -237.026302
energy/site = -1.18513151
44.6716% accepted

energy = -342.8724273
energy/site = -1.714362136
44.6188% accepted

energy = -322.1350282
energy/site = -1.610675141
44.6682% accepted

energy = -520.6768095
energy/site = -2.603384047
44.6004% accepted

energy = -291.0434576
energy/site = -1.455217288
44.6179% accepted

energy = -359.8923984
energy/site = -1.799461992
44.6438% accepted

energy = -255.0026356
energy/site = -1.275013178
44.7901% accepted

energy = -466.4794098
energy/site = -2.332397049
44.8574% accepted

energy = -325.8789901
energy/site = -1.629394951
44.74% accepted

energy = -247.985952
energy/site = -1.23992976
44.5802% accepted

energy = -287.2646555
energy/site = -1.436323278
44.5653% accepted

energy = -223.8849946
energy/site = -1.119424973
44.6112% accepted

energy = -374.9822333
energy/site = -1.874911166
44.6919% accepted

energy = -440.9715333
energy/site = -2.204857666
44.6832% accepted

energy = -727.8997462
energy/site = -3.639498731
44.6668% accepted

energy = -306.98933
energy/site = -1.53494665
44.6169% accepted

energy = -338.372582
energy/site = -1.69186291
44.8681% accepted

energy = -593.3312898
energy/site = -2.966656449
44.5964% accepted

energy = -339.2757776
energy/site = -1.696378888
44.6558% accepted

energy = -355.8302491
energy/site = -1.779151245
44.6443% accepted

energy = -359.3763595
energy/site = -1.796881797
44.5527% accepted

energy = -367.7969497
energy/site = -1.838984749
44.773% accepted

energy = -184.8464252
energy/site = -0.9242321258
44.6789% accepted

energy = -370.440226
energy/site = -1.85220113
44.6662% accepted

energy = -227.0180117
energy/site = -1.135090058
44.5029% accepted

energy = -369.5465548
energy/site = -1.847732774
44.6667% accepted

energy = -355.0346905
energy/site = -1.775173453
44.7566% accepted

energy = -315.0049911
energy/site = -1.575024956
44.6477% accepted

energy = -424.8403699
energy/site = -2.124201849
44.7276% accepted

energy = -526.9530609
energy/site = -2.634765304
44.7585% accepted

