
weighting by <swap_x> where x = 5
4 x 16 x 1 system
r   = 3  bondops changed per step 
n/N = 80  bond operators / site
its = 1000000  iterations/loop for 10000 loops

energy = -148.3226295
energy/site = -1.158770543
44.2326% accepted

energy = -217.6936082
energy/site = -1.700731314
44.1134% accepted

energy = -215.1249258
energy/site = -1.680663483
44.1302% accepted

energy = -125.9751863
energy/site = -0.984181143
44.085% accepted

energy = -221.0025245
energy/site = -1.726582223
44.1723% accepted

energy = -134.4331844
energy/site = -1.050259253
44.2694% accepted

energy = -97.44611354
energy/site = -0.7612977621
44.1785% accepted

energy = -117.2095178
energy/site = -0.9156993575
44.0379% accepted

energy = -99.34379203
energy/site = -0.7761233752
44.0985% accepted

energy = -174.8843457
energy/site = -1.366283951
44.0955% accepted

energy = -130.4284735
energy/site = -1.018972449
43.9598% accepted

energy = -170.2315449
energy/site = -1.329933944
44.2846% accepted

energy = -146.0868663
energy/site = -1.141303643
44.0183% accepted

energy = -144.3598199
energy/site = -1.127811093
43.9727% accepted

energy = -148.7085002
energy/site = -1.161785158
44.0532% accepted

energy = -126.1093169
energy/site = -0.9852290382
43.9598% accepted

energy = -99.79646466
energy/site = -0.7796598801
44.1133% accepted

energy = -135.8113594
energy/site = -1.061026246
44.0448% accepted

energy = -227.281886
energy/site = -1.775639735
44.0454% accepted

energy = -192.5627671
energy/site = -1.504396618
44.1216% accepted

energy = -143.6221747
energy/site = -1.12204824
44.0491% accepted

energy = -125.4307961
energy/site = -0.9799280948
44.0238% accepted

energy = -123.487982
energy/site = -0.9647498591
44.0152% accepted

energy = -137.6127967
energy/site = -1.075099975
44.1899% accepted

energy = -93.81823866
energy/site = -0.7329549895
43.9475% accepted

energy = -141.892837
energy/site = -1.108537789
44.0302% accepted

energy = -203.7309257
energy/site = -1.591647857
44.0948% accepted

energy = -115.5810428
energy/site = -0.902976897
43.9407% accepted

energy = -122.0940023
energy/site = -0.9538593926
44.2087% accepted

energy = -152.1637254
energy/site = -1.188779105
44.0263% accepted

energy = -174.6084924
energy/site = -1.364128847
44.1886% accepted

energy = -200.8946122
energy/site = -1.569489157
44.1285% accepted

energy = -237.2551249
energy/site = -1.853555663
44.1868% accepted

energy = -184.3655834
energy/site = -1.44035612
44.0789% accepted

energy = -172.9630552
energy/site = -1.351273869
44.0603% accepted

energy = -114.0862481
energy/site = -0.891298813
43.9905% accepted

energy = -93.16487055
energy/site = -0.7278505511
43.9113% accepted

energy = -173.0524131
energy/site = -1.351971977
44.0736% accepted

energy = -173.4342341
energy/site = -1.354954954
44.1527% accepted

energy = -149.5860271
energy/site = -1.168640837
44.0674% accepted

energy = -221.3930121
energy/site = -1.729632907
44.1144% accepted

energy = -163.2765665
energy/site = -1.275598176
44.1136% accepted

energy = -137.7928523
energy/site = -1.076506659
44.0517% accepted

energy = -121.0827418
energy/site = -0.9459589203
44.1972% accepted

energy = -148.3960882
energy/site = -1.159344439
44.1081% accepted

energy = -131.6808939
energy/site = -1.028756984
44.0424% accepted

energy = -134.7193189
energy/site = -1.052494679
44.1053% accepted

energy = -141.9013065
energy/site = -1.108603957
44.2185% accepted

energy = -106.8292992
energy/site = -0.8346038997
43.9545% accepted

energy = -229.3045625
energy/site = -1.791441894
43.9743% accepted

energy = -228.1852443
energy/site = -1.782697221
44.153% accepted

energy = -174.6434814
energy/site = -1.364402199
44.1117% accepted

energy = -169.3693238
energy/site = -1.323197842
43.9298% accepted

energy = -122.4857411
energy/site = -0.9569198525
44.0262% accepted

energy = -131.7128991
energy/site = -1.029007024
43.9584% accepted

energy = -139.6995889
energy/site = -1.091403038
44.1257% accepted

energy = -207.5225263
energy/site = -1.621269737
44.1247% accepted

energy = -97.18780826
energy/site = -0.759279752
44.0958% accepted

energy = -155.4447839
energy/site = -1.214412374
44.1643% accepted

energy = -85.92106449
energy/site = -0.6712583163
44.0148% accepted

energy = -87.51405886
energy/site = -0.6837035849
44.1217% accepted

energy = -123.9432813
energy/site = -0.968306885
44.2677% accepted

energy = -143.2082149
energy/site = -1.118814179
44.1147% accepted

energy = -95.17733251
energy/site = -0.7435729103
44.0394% accepted

energy = -136.3988807
energy/site = -1.065616256
44.032% accepted

energy = -121.2548522
energy/site = -0.9473035326
44.0822% accepted

energy = -113.5137551
energy/site = -0.8868262115
44.1716% accepted

energy = -118.7550258
energy/site = -0.927773639
43.9953% accepted

energy = -206.65024
energy/site = -1.614455
44.1209% accepted

energy = -153.2878513
energy/site = -1.197561339
44.0757% accepted

energy = -152.6708011
energy/site = -1.192740633
44.1325% accepted

energy = -117.2476256
energy/site = -0.9159970748
43.9258% accepted

energy = -190.0557335
energy/site = -1.484810418
44.1425% accepted

energy = -180.3970342
energy/site = -1.40935183
44.1666% accepted

energy = -90.25304485
energy/site = -0.7051019129
44.2894% accepted

energy = -108.2021625
energy/site = -0.8453293944
44.1293% accepted

energy = -158.8504227
energy/site = -1.241018928
44.0651% accepted

energy = -124.2031838
energy/site = -0.9703373734
43.994% accepted

energy = -225.7230001
energy/site = -1.763460938
44.105% accepted

energy = -120.24197
energy/site = -0.9393903904
44.1098% accepted

energy = -99.34036238
energy/site = -0.7760965811
44.2107% accepted

energy = -188.6177303
energy/site = -1.473576018
44.0513% accepted

energy = -140.8794476
energy/site = -1.100620684
44.0214% accepted

energy = -137.8352168
energy/site = -1.076837632
44.0588% accepted

energy = -134.8413391
energy/site = -1.053447962
44.0543% accepted

energy = -212.9177522
energy/site = -1.663419939
44.1672% accepted

energy = -99.99789182
energy/site = -0.7812335299
44.1168% accepted

energy = -223.4655157
energy/site = -1.745824342
43.8685% accepted

energy = -118.7743732
energy/site = -0.9279247905
44.0535% accepted

energy = -156.0751773
energy/site = -1.219337323
44.0283% accepted

energy = -221.207903
energy/site = -1.728186743
43.9967% accepted

energy = -135.9724778
energy/site = -1.062284983
44.0356% accepted

energy = -272.2086655
energy/site = -2.126630199
44.0697% accepted

energy = -124.4859336
energy/site = -0.9725463566
44.1029% accepted

energy = -104.7879711
energy/site = -0.8186560243
44.1787% accepted

energy = -124.6530234
energy/site = -0.9738517455
44.1523% accepted

energy = -158.7110918
energy/site = -1.239930405
44.1251% accepted

energy = -105.1426629
energy/site = -0.8214270535
43.9931% accepted

energy = -115.5760155
energy/site = -0.9029376212
44.0413% accepted

energy = -114.7621867
energy/site = -0.8965795836
44.0986% accepted

energy = -198.9299418
energy/site = -1.55414017
44.022% accepted

energy = -116.7397452
energy/site = -0.9120292593
44.0961% accepted

energy = -181.0822993
energy/site = -1.414705463
44.3214% accepted

energy = -234.4738149
energy/site = -1.831826679
43.9962% accepted

energy = -104.4711127
energy/site = -0.8161805683
43.982% accepted

energy = -168.6232866
energy/site = -1.317369427
44.0771% accepted

energy = -76.50873387
energy/site = -0.5977244834
44.1229% accepted

energy = -260.3721991
energy/site = -2.034157806
44.0557% accepted

energy = -142.2702845
energy/site = -1.111486598
44.1138% accepted

energy = -127.6605444
energy/site = -0.9973480034
43.975% accepted

energy = -257.6836276
energy/site = -2.013153341
44.0411% accepted

energy = -200.0213911
energy/site = -1.562667118
44.1581% accepted

energy = -159.309174
energy/site = -1.244602922
44.0992% accepted

energy = -121.7310511
energy/site = -0.9510238367
44.0773% accepted

energy = -84.30695014
energy/site = -0.6586480479
44.0484% accepted

energy = -184.5487068
energy/site = -1.441786772
44.0951% accepted

energy = -305.6316053
energy/site = -2.387746916
44.0343% accepted

energy = -109.1385144
energy/site = -0.8526446435
44.122% accepted

energy = -184.241907
energy/site = -1.439389899
44.172% accepted

energy = -97.58272816
energy/site = -0.7623650637
44.0868% accepted

energy = -93.02085341
energy/site = -0.7267254173
44.1426% accepted

energy = -118.7920311
energy/site = -0.9280627433
44.174% accepted

energy = -254.0210251
energy/site = -1.984539258
44.1867% accepted

energy = -111.5597343
energy/site = -0.8715604242
44.0943% accepted

energy = -137.9039964
energy/site = -1.077374972
44.1031% accepted

energy = -173.7378854
energy/site = -1.35732723
44.104% accepted

energy = -119.9344255
energy/site = -0.9369876994
44.2494% accepted

energy = -518.0626569
energy/site = -4.047364507
44.1034% accepted

energy = -185.3671084
energy/site = -1.448180535
44.0419% accepted

energy = -175.3038105
energy/site = -1.36956102
43.9799% accepted

energy = -126.8006804
energy/site = -0.9906303157
44.2055% accepted

energy = -127.0834558
energy/site = -0.9928394986
44.2078% accepted

energy = -149.4173539
energy/site = -1.167323077
44.0553% accepted

energy = -128.6493078
energy/site = -1.005072717
44.102% accepted

energy = -161.8243128
energy/site = -1.264252444
44.0409% accepted

energy = -191.1213182
energy/site = -1.493135299
44.1373% accepted

energy = -100.1783139
energy/site = -0.7826430775
44.0847% accepted

energy = -169.4197501
energy/site = -1.323591798
44.1559% accepted

energy = -112.3228807
energy/site = -0.8775225054
44.0749% accepted

energy = -127.5634506
energy/site = -0.9965894578
44.0042% accepted

energy = -138.2005328
energy/site = -1.079691662
44.0564% accepted

energy = -117.3809528
energy/site = -0.9170386938
44.051% accepted

energy = -212.4558346
energy/site = -1.659811208
44.1171% accepted

energy = -136.5689958
energy/site = -1.06694528
44.1401% accepted

energy = -117.4097592
energy/site = -0.9172637437
43.8858% accepted

energy = -171.9923941
energy/site = -1.343690579
44.104% accepted

energy = -239.9071721
energy/site = -1.874274782
44.0464% accepted

energy = -122.8794542
energy/site = -0.9599957356
44.1834% accepted

energy = -151.6850929
energy/site = -1.185039788
44.1161% accepted

energy = -189.5530555
energy/site = -1.480883246
44.0898% accepted

energy = -107.6105007
energy/site = -0.8407070365
44.0827% accepted

energy = -257.1791275
energy/site = -2.009211933
44.1723% accepted

energy = -197.6866704
energy/site = -1.544427113
44.1426% accepted

energy = -178.0927296
energy/site = -1.39134945
44.089% accepted

energy = -139.6583265
energy/site = -1.091080676
44.0742% accepted

energy = -156.3952035
energy/site = -1.221837527
44.0404% accepted

energy = -265.267636
energy/site = -2.072403406
44.1366% accepted

energy = -172.7948479
energy/site = -1.349959749
44.1636% accepted

energy = -87.04816299
energy/site = -0.6800637734
43.9845% accepted

energy = -301.27124
energy/site = -2.353681562
44.0518% accepted

energy = -169.6780557
energy/site = -1.32560981
43.9744% accepted

energy = -140.0682357
energy/site = -1.094283091
44.019% accepted

energy = -147.0294135
energy/site = -1.148667293
44.104% accepted

energy = -120.7937795
energy/site = -0.9437014026
44.2128% accepted

energy = -95.26780745
energy/site = -0.7442797457
44.1119% accepted

energy = -136.1118332
energy/site = -1.063373697
44.0397% accepted

energy = -153.2745503
energy/site = -1.197457424
44.1441% accepted

energy = -176.1623463
energy/site = -1.376268331
44.0763% accepted

energy = -142.2533594
energy/site = -1.11135437
44.0332% accepted

energy = -117.7835024
energy/site = -0.9201836126
44.1797% accepted

energy = -143.1856659
energy/site = -1.118638015
43.9871% accepted

energy = -198.6345579
energy/site = -1.551832484
44.0243% accepted

energy = -143.5799851
energy/site = -1.121718634
44.1385% accepted

energy = -122.9766656
energy/site = -0.9607551999
44.1038% accepted

energy = -169.4049129
energy/site = -1.323475882
44.2058% accepted

energy = -156.8761508
energy/site = -1.225594928
43.9926% accepted

energy = -96.79167409
energy/site = -0.7561849538
43.9387% accepted

energy = -184.4177102
energy/site = -1.440763361
44.1766% accepted

energy = -92.65129513
energy/site = -0.7238382432
43.9684% accepted

energy = -132.8869831
energy/site = -1.038179556
44.0066% accepted

energy = -227.3746951
energy/site = -1.776364806
44.1319% accepted

energy = -102.6965741
energy/site = -0.8023169852
44.1635% accepted

energy = -207.2114593
energy/site = -1.618839526
44.0482% accepted

energy = -144.3573527
energy/site = -1.127791818
44.0138% accepted

energy = -109.6809503
energy/site = -0.8568824242
44.1288% accepted

energy = -127.0327203
energy/site = -0.9924431272
44.0792% accepted

energy = -167.6146871
energy/site = -1.309489743
44.1609% accepted

energy = -139.1084843
energy/site = -1.086785034
44.0346% accepted

energy = -141.6198397
energy/site = -1.106404998
44.0729% accepted

energy = -141.5487103
energy/site = -1.1058493
44.1656% accepted

energy = -175.3441082
energy/site = -1.369875846
44.131% accepted

energy = -123.9017223
energy/site = -0.9679822057
44.1504% accepted

energy = -139.9277535
energy/site = -1.093185574
44.0465% accepted

energy = -123.4047442
energy/site = -0.9640995642
44.1382% accepted

energy = -205.1710563
energy/site = -1.602898877
44.0718% accepted

energy = -151.8063833
energy/site = -1.18598737
44.0388% accepted

energy = -123.0685701
energy/site = -0.961473204
44.0947% accepted

energy = -176.1398454
energy/site = -1.376092542
44.0724% accepted

energy = -100.772393
energy/site = -0.7872843203
44.2787% accepted

energy = -166.7821195
energy/site = -1.302985308
44.1314% accepted

energy = -96.60547258
energy/site = -0.7547302545
44.1405% accepted

energy = -111.1457818
energy/site = -0.8683264206
44.0456% accepted

energy = -125.2778436
energy/site = -0.9787331533
44.1096% accepted

energy = -163.4455258
energy/site = -1.27691817
44.0755% accepted

energy = -183.63452
energy/site = -1.434644688
44.1644% accepted

energy = -187.5252363
energy/site = -1.465040909
44.0791% accepted

energy = -128.7557918
energy/site = -1.005904623
44.2041% accepted

energy = -150.9069562
energy/site = -1.178960595
44.115% accepted

energy = -208.5922157
energy/site = -1.629626685
44.033% accepted

energy = -80.97153357
energy/site = -0.632590106
44.0296% accepted

energy = -108.152854
energy/site = -0.8449441719
44.1916% accepted

energy = -172.2572305
energy/site = -1.345759613
44.1931% accepted

energy = -109.4159543
energy/site = -0.8548121432
44.0792% accepted

energy = -121.6675574
energy/site = -0.950527792
44.1469% accepted

energy = -190.5721688
energy/site = -1.488845069
44.2378% accepted

energy = -145.7808993
energy/site = -1.138913276
44.07% accepted

energy = -243.3298252
energy/site = -1.90101426
44.1563% accepted

energy = -138.2743307
energy/site = -1.080268209
44.081% accepted

energy = -148.8146216
energy/site = -1.162614231
44.1336% accepted

energy = -190.0871997
energy/site = -1.485056248
44.0511% accepted

energy = -105.4204091
energy/site = -0.8235969458
44.008% accepted

energy = -166.6175045
energy/site = -1.301699254
44.0074% accepted

energy = -142.2389682
energy/site = -1.111241939
44.1921% accepted

energy = -190.1602517
energy/site = -1.485626966
44.1261% accepted

energy = -164.7284271
energy/site = -1.286940837
44.1504% accepted

energy = -312.6426527
energy/site = -2.442520724
44.0201% accepted

energy = -275.7993615
energy/site = -2.154682512
44.3138% accepted

energy = -149.6490749
energy/site = -1.169133398
44.1553% accepted

energy = -102.1760926
energy/site = -0.7982507234
44.115% accepted

energy = -186.4914703
energy/site = -1.456964612
44.0723% accepted

energy = -94.61367851
energy/site = -0.7391693633
44.0936% accepted

energy = -235.3015405
energy/site = -1.838293285
43.9774% accepted

energy = -104.0417353
energy/site = -0.8128260573
44.1774% accepted

energy = -154.4312079
energy/site = -1.206493812
44.0867% accepted

energy = -148.1453661
energy/site = -1.157385673
44.1285% accepted

energy = -181.0216561
energy/site = -1.414231688
44.0237% accepted

energy = -219.3798687
energy/site = -1.713905224
43.9991% accepted

energy = -159.5653822
energy/site = -1.246604549
43.9996% accepted

energy = -102.86225
energy/site = -0.8036113281
44.1042% accepted

energy = -172.4778374
energy/site = -1.347483105
44.1761% accepted

energy = -152.3997957
energy/site = -1.190623404
44.0944% accepted

energy = -119.355291
energy/site = -0.9324632106
44.2915% accepted

energy = -175.7174324
energy/site = -1.372792441
44.102% accepted

energy = -109.8118761
energy/site = -0.8579052819
44.0391% accepted

energy = -135.941428
energy/site = -1.062042406
44.0366% accepted

energy = -119.9833984
energy/site = -0.9373702998
44.0395% accepted

energy = -116.3174876
energy/site = -0.9087303716
44.2071% accepted

energy = -106.5202871
energy/site = -0.8321897433
44.0892% accepted

energy = -103.9546935
energy/site = -0.8121460427
43.9005% accepted

energy = -142.5159613
energy/site = -1.113405947
44.2025% accepted

energy = -98.96313187
energy/site = -0.7731494677
44.1054% accepted

energy = -203.9789391
energy/site = -1.593585461
44.1232% accepted

energy = -102.152968
energy/site = -0.7980700625
44.1868% accepted

energy = -141.7489137
energy/site = -1.107413389
44.0946% accepted

energy = -224.3113018
energy/site = -1.752432045
44.2468% accepted

energy = -132.7917077
energy/site = -1.037435217
44.1464% accepted

energy = -149.2565157
energy/site = -1.166066529
44.1537% accepted

energy = -106.9157308
energy/site = -0.8352791467
44.1639% accepted

energy = -161.6697576
energy/site = -1.263044982
44.1268% accepted

energy = -228.80807
energy/site = -1.787563047
44.0916% accepted

energy = -113.3599851
energy/site = -0.8856248837
44.1093% accepted

energy = -186.5853688
energy/site = -1.457698194
44.1454% accepted

energy = -125.9600167
energy/site = -0.9840626309
43.9167% accepted

energy = -193.6604468
energy/site = -1.51297224
44.0961% accepted

energy = -218.3580435
energy/site = -1.705922215
44.0649% accepted

energy = -109.0830532
energy/site = -0.8522113533
44.0556% accepted

energy = -133.5174367
energy/site = -1.043104974
44.01% accepted

energy = -186.6378059
energy/site = -1.458107858
44.0236% accepted

energy = -108.3850591
energy/site = -0.8467582738
43.9668% accepted

energy = -212.8273351
energy/site = -1.662713555
44.101% accepted

energy = -147.2821497
energy/site = -1.150641795
44.1753% accepted

energy = -202.4138401
energy/site = -1.581358126
44.0425% accepted

energy = -153.7807228
energy/site = -1.201411897
44.0477% accepted

energy = -103.9675514
energy/site = -0.8122464957
44.2127% accepted

energy = -220.1458547
energy/site = -1.71988949
44.1576% accepted

energy = -100.7599064
energy/site = -0.787186769
44.1107% accepted

energy = -260.326413
energy/site = -2.033800102
44.1261% accepted

energy = -118.4198287
energy/site = -0.9251549115
44.0853% accepted

energy = -138.6810659
energy/site = -1.083445828
44.1739% accepted

energy = -166.0726785
energy/site = -1.297442801
43.9962% accepted

energy = -120.418678
energy/site = -0.9407709217
44.0961% accepted

energy = -153.7530022
energy/site = -1.20119533
43.9281% accepted

energy = -148.0305427
energy/site = -1.156488615
44.1225% accepted

energy = -140.554669
energy/site = -1.098083352
44.0949% accepted

energy = -168.0154598
energy/site = -1.312620779
44.1311% accepted

energy = -152.972831
energy/site = -1.195100242
44.1561% accepted

energy = -107.4208174
energy/site = -0.839225136
44.2257% accepted

energy = -97.89081706
energy/site = -0.7647720083
44.1921% accepted

energy = -145.2919668
energy/site = -1.13509349
43.9121% accepted

energy = -218.5467731
energy/site = -1.707396665
44.0344% accepted

energy = -157.9734695
energy/site = -1.23416773
43.9745% accepted

energy = -141.3464202
energy/site = -1.104268908
44.2254% accepted

energy = -205.883609
energy/site = -1.608465695
44.1834% accepted

energy = -107.4705447
energy/site = -0.8396136304
44.0622% accepted

energy = -193.9011307
energy/site = -1.514852584
44.1081% accepted

energy = -193.0597689
energy/site = -1.508279445
44.0545% accepted

energy = -125.763437
energy/site = -0.9825268519
43.9632% accepted

energy = -299.2794469
energy/site = -2.338120679
44.0282% accepted

energy = -93.21711641
energy/site = -0.7282587219
44.0466% accepted

energy = -120.9707289
energy/site = -0.9450838194
44.0793% accepted

energy = -171.9256524
energy/site = -1.34316916
44.2132% accepted

energy = -104.1666498
energy/site = -0.8138019516
43.9192% accepted

energy = -135.5552936
energy/site = -1.059025731
44.1381% accepted

energy = -276.2259879
energy/site = -2.158015531
44.0932% accepted

energy = -171.2503566
energy/site = -1.337893411
44.0657% accepted

energy = -228.4294891
energy/site = -1.784605384
44.0823% accepted

energy = -171.5868338
energy/site = -1.340522139
44.0687% accepted

energy = -189.4282481
energy/site = -1.479908188
44.1355% accepted

energy = -265.080683
energy/site = -2.070942836
44.1783% accepted

energy = -153.4502168
energy/site = -1.198829819
43.972% accepted

energy = -197.899126
energy/site = -1.546086922
44.2157% accepted

energy = -120.0178766
energy/site = -0.9376396611
44.0985% accepted

energy = -120.4890366
energy/site = -0.9413205981
44.1801% accepted

energy = -121.4116063
energy/site = -0.9485281745
43.9989% accepted

energy = -117.2941365
energy/site = -0.9163604411
44.0932% accepted

energy = -198.6480549
energy/site = -1.551937929
44.1091% accepted

energy = -96.86872498
energy/site = -0.7567869139
43.9988% accepted

energy = -102.8535599
energy/site = -0.8035434365
44.0107% accepted

energy = -181.9433777
energy/site = -1.421432638
44.1523% accepted

energy = -126.3605992
energy/site = -0.9871921814
44.0359% accepted

energy = -145.4258193
energy/site = -1.136139214
43.9724% accepted

energy = -123.2656458
energy/site = -0.9630128576
44.1617% accepted

energy = -179.7627345
energy/site = -1.404396364
44.1876% accepted

energy = -171.8291474
energy/site = -1.342415214
44.1465% accepted

energy = -122.9108563
energy/site = -0.960241065
43.9595% accepted

energy = -157.9842714
energy/site = -1.23425212
44.1553% accepted

energy = -188.9716888
energy/site = -1.476341319
44.2516% accepted

energy = -186.3107843
energy/site = -1.455553002
44.1233% accepted

energy = -152.2625246
energy/site = -1.189550973
44.1312% accepted

energy = -150.0890985
energy/site = -1.172571082
44.0766% accepted

energy = -138.1882384
energy/site = -1.079595612
44.0276% accepted

energy = -248.6598338
energy/site = -1.942654952
44.161% accepted

energy = -136.28779
energy/site = -1.06474836
44.0733% accepted

energy = -144.5721434
energy/site = -1.12946987
44.178% accepted

energy = -202.4099148
energy/site = -1.581327459
44.1107% accepted

energy = -188.922357
energy/site = -1.475955914
44.1% accepted

energy = -180.8305856
energy/site = -1.41273895
44.2171% accepted

energy = -156.3586841
energy/site = -1.221552219
44.1658% accepted

energy = -358.3995369
energy/site = -2.799996382
44.1448% accepted

energy = -173.6056469
energy/site = -1.356294116
44.0838% accepted

energy = -216.8288282
energy/site = -1.69397522
44.1037% accepted

energy = -107.7536778
energy/site = -0.8418256075
44.1714% accepted

energy = -126.0562044
energy/site = -0.9848140967
44.0652% accepted

energy = -91.68764264
energy/site = -0.7163097081
44.0356% accepted

energy = -104.0229663
energy/site = -0.8126794244
44.0397% accepted

energy = -95.86514424
energy/site = -0.7489464394
44.0885% accepted

energy = -112.732144
energy/site = -0.8807198751
44.0655% accepted

energy = -122.6413947
energy/site = -0.9581358965
44.1354% accepted

energy = -104.4471595
energy/site = -0.8159934332
44.0535% accepted

energy = -256.414871
energy/site = -2.00324118
44.1005% accepted

energy = -154.8367113
energy/site = -1.209661807
43.9111% accepted

energy = -106.7385496
energy/site = -0.8338949189
44.0976% accepted

energy = -155.6961865
energy/site = -1.216376457
44.0181% accepted

energy = -224.1739808
energy/site = -1.751359225
43.9611% accepted

energy = -125.197809
energy/site = -0.9781078829
44.2125% accepted

energy = -118.4340416
energy/site = -0.9252659501
44.1068% accepted

energy = -136.1352214
energy/site = -1.063556417
44.3038% accepted

energy = -129.7184709
energy/site = -1.013425554
44.2747% accepted

energy = -143.8697407
energy/site = -1.123982349
44.113% accepted

energy = -101.5580072
energy/site = -0.7934219312
43.9596% accepted

energy = -143.4497944
energy/site = -1.120701519
43.9628% accepted

energy = -123.2409883
energy/site = -0.9628202212
43.8887% accepted

energy = -137.9437625
energy/site = -1.077685645
44.0202% accepted

energy = -117.4081933
energy/site = -0.9172515099
44.0473% accepted

energy = -153.623375
energy/site = -1.200182617
43.9406% accepted

energy = -197.0974194
energy/site = -1.539823589
44.0562% accepted

energy = -184.2311784
energy/site = -1.439306081
44.1864% accepted

energy = -112.5689735
energy/site = -0.8794451053
44.0697% accepted

energy = -238.8041359
energy/site = -1.865657311
44.1691% accepted

energy = -228.8150341
energy/site = -1.787617454
44.0822% accepted

energy = -179.2513312
energy/site = -1.400401025
44.1792% accepted

energy = -172.9550842
energy/site = -1.351211596
44.1594% accepted

energy = -192.2673462
energy/site = -1.502088642
44.0488% accepted

energy = -113.0762011
energy/site = -0.8834078212
44.1395% accepted

energy = -107.1947674
energy/site = -0.8374591205
44.0693% accepted

energy = -162.6010042
energy/site = -1.270320345
44.1655% accepted

energy = -239.2901332
energy/site = -1.869454165
44.1422% accepted

energy = -104.4582226
energy/site = -0.8160798637
44.0194% accepted

energy = -125.969014
energy/site = -0.9841329217
43.9549% accepted

energy = -138.8928006
energy/site = -1.085100005
43.9967% accepted

energy = -102.0224338
energy/site = -0.797050264
43.9722% accepted

energy = -151.37431
energy/site = -1.182611797
44.0879% accepted

energy = -164.0508169
energy/site = -1.281647007
44.1052% accepted

energy = -154.6696127
energy/site = -1.208356349
44.1507% accepted

energy = -140.2436148
energy/site = -1.095653241
44.1332% accepted

energy = -160.7631806
energy/site = -1.255962348
43.9979% accepted

energy = -192.9997147
energy/site = -1.507810271
44.2779% accepted

energy = -179.1482916
energy/site = -1.399596028
43.9357% accepted

energy = -139.929353
energy/site = -1.09319807
43.9706% accepted

energy = -135.058989
energy/site = -1.055148352
44.0512% accepted

energy = -129.4594336
energy/site = -1.011401825
44.0709% accepted

energy = -104.1817581
energy/site = -0.8139199849
44.0423% accepted

energy = -128.2460701
energy/site = -1.001922423
43.9697% accepted

energy = -194.9640832
energy/site = -1.5231569
44.2788% accepted

energy = -164.426202
energy/site = -1.284579703
44.098% accepted

energy = -132.6837921
energy/site = -1.036592126
44.0885% accepted

energy = -127.0611509
energy/site = -0.9926652417
44.1657% accepted

energy = -91.2086248
energy/site = -0.7125673813
44.0421% accepted

energy = -121.4933711
energy/site = -0.949166962
44.027% accepted

energy = -133.7298097
energy/site = -1.044764138
44.0875% accepted

energy = -118.2270214
energy/site = -0.9236486044
44.1247% accepted

energy = -218.7571218
energy/site = -1.709040014
44.1684% accepted

energy = -115.8076812
energy/site = -0.9047475092
43.9977% accepted

energy = -134.8849158
energy/site = -1.053788405
43.9534% accepted

energy = -79.05149664
energy/site = -0.6175898175
43.9684% accepted

energy = -116.5945057
energy/site = -0.9108945757
43.982% accepted

energy = -138.3265767
energy/site = -1.08067638
44.1183% accepted

energy = -101.0870804
energy/site = -0.7897428159
44.0131% accepted

energy = -76.38210884
energy/site = -0.5967352253
44.0459% accepted

energy = -109.561016
energy/site = -0.8559454377
43.9408% accepted

energy = -205.475328
energy/site = -1.605276
43.8296% accepted

energy = -147.9841521
energy/site = -1.156126188
43.9833% accepted

energy = -140.9597724
energy/site = -1.101248222
44.0335% accepted

energy = -103.3115367
energy/site = -0.8071213803
44.1907% accepted

energy = -219.1100197
energy/site = -1.711797029
44.0909% accepted

energy = -128.1879491
energy/site = -1.001468352
44.128% accepted

energy = -336.8308664
energy/site = -2.631491143
44.133% accepted

energy = -192.7590583
energy/site = -1.505930143
44.2366% accepted

energy = -93.57970785
energy/site = -0.7310914676
44.1383% accepted

energy = -94.9245427
energy/site = -0.7415979898
44.1904% accepted

energy = -180.5308155
energy/site = -1.410396996
44.0065% accepted

energy = -94.85144299
energy/site = -0.7410268983
44.1005% accepted

energy = -137.5843313
energy/site = -1.074877588
44.092% accepted

energy = -166.6545498
energy/site = -1.30198867
44.1078% accepted

energy = -185.6425272
energy/site = -1.450332244
44.1709% accepted

energy = -139.0534205
energy/site = -1.086354848
44.1384% accepted

energy = -165.6085073
energy/site = -1.293816464
44.2949% accepted

energy = -120.296523
energy/site = -0.9398165859
44.1751% accepted

energy = -180.9426286
energy/site = -1.413614286
44.0305% accepted

energy = -216.4602648
energy/site = -1.691095819
43.9857% accepted

energy = -87.32910236
energy/site = -0.6822586122
44.1453% accepted

energy = -130.2216444
energy/site = -1.017356597
44.1635% accepted

energy = -175.6346193
energy/site = -1.372145464
43.9236% accepted

energy = -171.4483048
energy/site = -1.339439881
44.0688% accepted

energy = -155.6732706
energy/site = -1.216197427
44.2358% accepted

energy = -125.2048193
energy/site = -0.9781626508
44.0269% accepted

energy = -154.6247054
energy/site = -1.208005511
44.0528% accepted

energy = -103.4448438
energy/site = -0.8081628423
43.9942% accepted

energy = -130.4739389
energy/site = -1.019327647
43.9947% accepted

energy = -108.6676736
energy/site = -0.8489662004
44.0725% accepted

energy = -106.9039693
energy/site = -0.8351872602
44.1297% accepted

energy = -163.0598903
energy/site = -1.273905393
44.0196% accepted

energy = -129.3206685
energy/site = -1.010317723
44.0587% accepted

energy = -212.3026504
energy/site = -1.658614457
44.0313% accepted

energy = -136.5329118
energy/site = -1.066663373
44.034% accepted

energy = -123.375982
energy/site = -0.9638748597
44.0171% accepted

energy = -258.710928
energy/site = -2.021179125
44.1573% accepted

energy = -253.5264778
energy/site = -1.980675608
44.1267% accepted

energy = -153.2773908
energy/site = -1.197479616
44.0686% accepted

energy = -152.0895847
energy/site = -1.18819988
44.1276% accepted

energy = -115.371828
energy/site = -0.9013424064
44.0409% accepted

energy = -172.3944158
energy/site = -1.346831374
44.1167% accepted

energy = -193.5941928
energy/site = -1.512454631
44.2607% accepted

energy = -129.7715402
energy/site = -1.013840158
44.1271% accepted

energy = -127.6171483
energy/site = -0.9970089713
43.9814% accepted

energy = -148.4342589
energy/site = -1.159642648
44.0163% accepted

energy = -207.5233261
energy/site = -1.621275985
44.0994% accepted

energy = -164.601606
energy/site = -1.285950047
44.0127% accepted

energy = -187.3617125
energy/site = -1.463763379
43.9738% accepted

energy = -89.73702954
energy/site = -0.7010705433
43.9815% accepted

energy = -153.8706374
energy/site = -1.202114355
44.1515% accepted

energy = -163.2606352
energy/site = -1.275473712
44.0348% accepted

energy = -141.4475754
energy/site = -1.105059182
44.132% accepted

energy = -139.8943269
energy/site = -1.092924429
44.06% accepted

energy = -216.4513499
energy/site = -1.691026171
44.0262% accepted

energy = -140.2213529
energy/site = -1.095479319
44.1389% accepted

energy = -131.8483133
energy/site = -1.030064948
44.0844% accepted

energy = -262.2343876
energy/site = -2.048706153
44.0848% accepted

energy = -146.4337955
energy/site = -1.144014028
44.0804% accepted

energy = -244.8514153
energy/site = -1.912901682
44.0055% accepted

energy = -114.1862502
energy/site = -0.8920800798
44.1235% accepted

energy = -94.68550527
energy/site = -0.73973051
44.0179% accepted

energy = -147.7062235
energy/site = -1.153954871
44.1319% accepted

energy = -158.2528525
energy/site = -1.23635041
44.1793% accepted

energy = -235.2607671
energy/site = -1.837974743
44.0894% accepted

energy = -112.4663643
energy/site = -0.878643471
43.9856% accepted

energy = -103.7693935
energy/site = -0.8106983869
44.0865% accepted

energy = -300.7834396
energy/site = -2.349870622
44.0746% accepted

energy = -159.8405018
energy/site = -1.248753921
44.0966% accepted

energy = -172.0298431
energy/site = -1.343983149
44.1745% accepted

energy = -131.4934008
energy/site = -1.027292194
44.059% accepted

energy = -212.1183084
energy/site = -1.657174285
44.0537% accepted

energy = -127.8890363
energy/site = -0.9991330958
43.9749% accepted

energy = -177.9035212
energy/site = -1.389871259
44.0236% accepted

energy = -207.0501464
energy/site = -1.617579269
44.1489% accepted

energy = -85.90898342
energy/site = -0.671163933
44.0579% accepted

energy = -116.6695088
energy/site = -0.9114805372
44.0342% accepted

energy = -137.0823616
energy/site = -1.07095595
44.2413% accepted

energy = -108.1125785
energy/site = -0.8446295194
44.1695% accepted

energy = -143.915401
energy/site = -1.12433907
44.0764% accepted

energy = -122.4283304
energy/site = -0.956471331
44.1204% accepted

energy = -128.3815974
energy/site = -1.00298123
44.1659% accepted

energy = -157.9335789
energy/site = -1.233856085
44.1554% accepted

energy = -163.932443
energy/site = -1.280722211
44.1625% accepted

energy = -257.9566599
energy/site = -2.015286406
44.0554% accepted

energy = -141.8272179
energy/site = -1.10802514
44.0866% accepted

energy = -111.3306946
energy/site = -0.8697710514
44.1194% accepted

energy = -98.85620459
energy/site = -0.7723140984
44.0564% accepted

energy = -207.3709305
energy/site = -1.620085395
44.0319% accepted

energy = -116.255413
energy/site = -0.9082454141
44.0848% accepted

energy = -110.209866
energy/site = -0.8610145779
44.1268% accepted

energy = -86.68281591
energy/site = -0.6772094993
44.0919% accepted

energy = -114.263412
energy/site = -0.8926829063
44.0693% accepted

energy = -180.8755522
energy/site = -1.413090252
44.0616% accepted

energy = -159.98978
energy/site = -1.249920156
44.1645% accepted

energy = -206.4471096
energy/site = -1.612868044
44.1919% accepted

energy = -146.855147
energy/site = -1.147305836
44.2412% accepted

energy = -117.9293058
energy/site = -0.9213227015
43.9936% accepted

energy = -96.22229744
energy/site = -0.7517366988
44.073% accepted

energy = -105.1588659
energy/site = -0.8215536402
44.0849% accepted

energy = -81.40186726
energy/site = -0.635952088
44.0787% accepted

energy = -140.7411892
energy/site = -1.09954054
44.0857% accepted

energy = -211.2784786
energy/site = -1.650613114
43.9341% accepted

energy = -107.3782928
energy/site = -0.8388929125
44.0045% accepted

energy = -105.2759956
energy/site = -0.8224687158
44.0657% accepted

energy = -134.8516675
energy/site = -1.053528653
44.1181% accepted

energy = -152.6512645
energy/site = -1.192588004
44.0967% accepted

energy = -207.6243477
energy/site = -1.622065217
44.0596% accepted

energy = -93.69952425
energy/site = -0.7320275332
44.1047% accepted

energy = -92.1567056
energy/site = -0.7199742625
44.1193% accepted

energy = -113.5229236
energy/site = -0.8868978409
44.0628% accepted

energy = -75.92881523
energy/site = -0.593193869
44.1479% accepted

energy = -174.4918968
energy/site = -1.363217944
44.032% accepted

energy = -139.0842128
energy/site = -1.086595413
44.3851% accepted

energy = -142.0225349
energy/site = -1.109551054
43.9731% accepted

energy = -210.0268422
energy/site = -1.640834705
44.2768% accepted

energy = -202.3394611
energy/site = -1.58077704
43.9598% accepted

energy = -215.0766437
energy/site = -1.680286279
44.0723% accepted

energy = -80.92028998
energy/site = -0.6321897655
44.193% accepted

energy = -129.9628727
energy/site = -1.015334943
44.0634% accepted

energy = -99.93539465
energy/site = -0.7807452707
43.9513% accepted

energy = -261.6627071
energy/site = -2.044239899
43.978% accepted

energy = -125.7180922
energy/site = -0.9821725949
44.014% accepted

energy = -222.7082947
energy/site = -1.739908552
44.2053% accepted

energy = -155.9616322
energy/site = -1.218450252
44.1823% accepted

energy = -225.900119
energy/site = -1.764844679
44.0472% accepted

energy = -97.01134813
energy/site = -0.7579011573
44.0378% accepted

energy = -170.7859383
energy/site = -1.334265143
44.1028% accepted

energy = -186.2171039
energy/site = -1.454821124
44.0645% accepted

energy = -176.0218924
energy/site = -1.375171034
44.0353% accepted

energy = -145.7404369
energy/site = -1.138597163
44.1654% accepted

energy = -162.4559334
energy/site = -1.26918698
43.9969% accepted

energy = -204.031385
energy/site = -1.593995195
44.33% accepted

energy = -132.8661251
energy/site = -1.038016602
44.0326% accepted

energy = -132.3810343
energy/site = -1.03422683
44.1204% accepted

energy = -159.4899503
energy/site = -1.246015237
44.1551% accepted

energy = -266.1187597
energy/site = -2.07905281
44.1656% accepted

energy = -118.5392867
energy/site = -0.9260881771
43.9777% accepted

energy = -126.6802834
energy/site = -0.9896897142
44.0703% accepted

energy = -186.665911
energy/site = -1.45832743
44.1875% accepted

energy = -129.3148591
energy/site = -1.010272336
44.0014% accepted

energy = -103.7700745
energy/site = -0.8107037069
44.3031% accepted

energy = -126.7939594
energy/site = -0.9905778078
44.2348% accepted

energy = -226.8022717
energy/site = -1.771892748
44.1674% accepted

energy = -245.318112
energy/site = -1.91654775
44.0887% accepted

energy = -107.8777512
energy/site = -0.8427949316
43.9002% accepted

energy = -150.1333061
energy/site = -1.172916454
43.9438% accepted

energy = -103.1831363
energy/site = -0.8061182523
44.0583% accepted

energy = -111.4806379
energy/site = -0.8709424835
44.1532% accepted

energy = -134.9568237
energy/site = -1.054350185
44.1496% accepted

energy = -132.2335611
energy/site = -1.033074696
44.0935% accepted

energy = -106.2199861
energy/site = -0.829843641
44.0586% accepted

energy = -146.2892228
energy/site = -1.142884553
43.977% accepted

energy = -141.2111022
energy/site = -1.103211736
44.0285% accepted

energy = -116.1779418
energy/site = -0.9076401702
43.9206% accepted

energy = -153.7969429
energy/site = -1.201538616
44.0899% accepted

energy = -155.2311177
energy/site = -1.212743107
43.9408% accepted

energy = -150.0044511
energy/site = -1.171909774
44.172% accepted

energy = -178.1913117
energy/site = -1.392119623
44.1119% accepted

energy = -218.2868942
energy/site = -1.705366361
44.0118% accepted

energy = -120.7213945
energy/site = -0.9431358948
44.0518% accepted

energy = -141.5465434
energy/site = -1.105832371
44.1216% accepted

energy = -185.1298064
energy/site = -1.446326612
44.2333% accepted

energy = -127.0631828
energy/site = -0.9926811158
44.1586% accepted

energy = -244.5337505
energy/site = -1.910419926
44.1428% accepted

energy = -151.6576559
energy/site = -1.184825437
44.0423% accepted

energy = -101.9774969
energy/site = -0.7966991946
44.0592% accepted

energy = -121.7886299
energy/site = -0.9514736711
44.0057% accepted

energy = -146.7226526
energy/site = -1.146270724
44.1237% accepted

energy = -277.6339871
energy/site = -2.169015524
44.0825% accepted

energy = -227.6410294
energy/site = -1.778445543
44.0674% accepted

energy = -127.9181078
energy/site = -0.9993602175
43.9899% accepted

energy = -128.2939877
energy/site = -1.002296779
44.1909% accepted

energy = -77.29107748
energy/site = -0.6038365428
43.9567% accepted

energy = -136.719552
energy/site = -1.0681215
44.081% accepted

energy = -104.5274408
energy/site = -0.8166206313
44.0656% accepted

energy = -159.3799409
energy/site = -1.245155788
44.0893% accepted

energy = -113.3535111
energy/site = -0.8855743053
44.0271% accepted

energy = -97.36415469
energy/site = -0.7606574585
43.9035% accepted

energy = -122.0453394
energy/site = -0.9534792138
44.2397% accepted

energy = -125.663633
energy/site = -0.9817471325
44.1776% accepted

energy = -196.6652411
energy/site = -1.536447196
44.2202% accepted

energy = -94.58671414
energy/site = -0.7389587042
44.1172% accepted

energy = -149.535489
energy/site = -1.168246008
43.9998% accepted

energy = -97.24217649
energy/site = -0.7597045038
44.1082% accepted

energy = -134.193989
energy/site = -1.048390539
44.0322% accepted

energy = -109.1704541
energy/site = -0.8528941726
44.063% accepted

energy = -159.8643665
energy/site = -1.248940363
44.0475% accepted

energy = -150.8518557
energy/site = -1.178530123
44.0709% accepted

energy = -120.8840559
energy/site = -0.944406687
44.0585% accepted

energy = -216.782385
energy/site = -1.693612383
44.0954% accepted

energy = -127.5172748
energy/site = -0.996228709
44.0388% accepted

energy = -220.3194717
energy/site = -1.721245872
44.0672% accepted

energy = -112.3886463
energy/site = -0.8780362994
44.1929% accepted

energy = -108.5583346
energy/site = -0.8481119888
44.1775% accepted

energy = -120.2787621
energy/site = -0.9396778292
44.0992% accepted

energy = -75.89607538
energy/site = -0.5929380889
43.9091% accepted

energy = -80.29045508
energy/site = -0.6272691803
44.0311% accepted

energy = -207.9301562
energy/site = -1.624454345
44.0206% accepted

energy = -157.4560142
energy/site = -1.230125111
43.9399% accepted

energy = -123.9358367
energy/site = -0.9682487242
44.127% accepted

energy = -168.5604948
energy/site = -1.316878865
44.0221% accepted

energy = -111.1850943
energy/site = -0.8686335493
43.999% accepted

energy = -161.6855881
energy/site = -1.263168657
44.1165% accepted

energy = -137.6218855
energy/site = -1.075170981
43.9443% accepted

energy = -161.9314715
energy/site = -1.265089621
44.0398% accepted

energy = -119.1637308
energy/site = -0.930966647
44.0732% accepted

energy = -156.3102631
energy/site = -1.22117393
44.1905% accepted

energy = -180.3036455
energy/site = -1.40862223
44.1212% accepted

energy = -134.9858036
energy/site = -1.054576591
44.0916% accepted

energy = -136.5038469
energy/site = -1.066436304
43.9022% accepted

energy = -129.9950809
energy/site = -1.015586569
44.0821% accepted

energy = -144.5669081
energy/site = -1.12942897
44.0432% accepted

energy = -168.182847
energy/site = -1.313928492
44.1234% accepted

energy = -167.6367087
energy/site = -1.309661787
44.0926% accepted

energy = -148.3492973
energy/site = -1.158978885
44.0103% accepted

energy = -88.74895673
energy/site = -0.6933512244
43.9993% accepted

energy = -112.826922
energy/site = -0.881460328
44.0465% accepted

energy = -241.0229973
energy/site = -1.882992166
44.1669% accepted

energy = -129.9898876
energy/site = -1.015545997
44.11% accepted

energy = -158.7347334
energy/site = -1.240115105
44.0381% accepted

energy = -134.340382
energy/site = -1.049534234
44.1218% accepted

energy = -145.2558406
energy/site = -1.134811255
44.106% accepted

energy = -109.864823
energy/site = -0.8583189296
43.9976% accepted

energy = -181.7788256
energy/site = -1.420147075
43.9213% accepted

energy = -123.1871339
energy/site = -0.9623994839
44.0516% accepted

energy = -140.474726
energy/site = -1.097458797
44.047% accepted

energy = -236.4068319
energy/site = -1.846928374
44.2483% accepted

energy = -119.0352195
energy/site = -0.9299626525
44.0351% accepted

energy = -167.4970706
energy/site = -1.308570864
44.1895% accepted

energy = -121.942676
energy/site = -0.952677156
44.2316% accepted

energy = -219.1967289
energy/site = -1.712474445
43.9572% accepted

energy = -131.9486099
energy/site = -1.030848515
44.0207% accepted

energy = -118.6517369
energy/site = -0.9269666943
43.8359% accepted

energy = -255.1705737
energy/site = -1.993520107
44.2403% accepted

energy = -120.7820239
energy/site = -0.9436095617
44.0524% accepted

energy = -105.8607726
energy/site = -0.827037286
44.0909% accepted

energy = -105.5181585
energy/site = -0.8243606135
44.1799% accepted

energy = -135.0902274
energy/site = -1.055392402
44.129% accepted

energy = -118.162637
energy/site = -0.9231456019
44.1825% accepted

energy = -263.5676805
energy/site = -2.059122504
43.9901% accepted

energy = -119.188996
energy/site = -0.9311640314
44.0704% accepted

energy = -109.1096402
energy/site = -0.8524190638
44.1433% accepted

energy = -137.4634669
energy/site = -1.073933335
43.9753% accepted

energy = -191.4223209
energy/site = -1.495486882
44.1053% accepted

energy = -162.042432
energy/site = -1.2659565
44.2024% accepted

energy = -129.0566991
energy/site = -1.008255462
43.9862% accepted

energy = -157.4270692
energy/site = -1.229898978
44.0065% accepted

energy = -123.8966201
energy/site = -0.9679423449
44.1461% accepted

energy = -179.6112359
energy/site = -1.403212781
44.0415% accepted

energy = -179.8494511
energy/site = -1.405073837
44.1398% accepted

energy = -119.2826561
energy/site = -0.9318957512
43.978% accepted

energy = -87.49098859
energy/site = -0.6835233483
43.9957% accepted

energy = -148.7987523
energy/site = -1.162490253
44.0677% accepted

energy = -133.8689651
energy/site = -1.04585129
44.0912% accepted

energy = -103.0827215
energy/site = -0.8053337618
44.101% accepted

energy = -232.0099225
energy/site = -1.81257752
43.9497% accepted

energy = -159.7526724
energy/site = -1.248067753
44.1189% accepted

energy = -119.6780261
energy/site = -0.9349845786
44.2782% accepted

energy = -197.9823112
energy/site = -1.546736807
44.4015% accepted

energy = -146.5183137
energy/site = -1.144674326
44.0856% accepted

energy = -125.4848719
energy/site = -0.9803505619
44.0051% accepted

energy = -297.7891114
energy/site = -2.326477433
44.3848% accepted

energy = -112.0009862
energy/site = -0.875007705
44.1548% accepted

energy = -118.6249834
energy/site = -0.9267576831
44.1207% accepted

energy = -138.1920513
energy/site = -1.079625401
44.0237% accepted

energy = -132.7937326
energy/site = -1.037451036
44.0126% accepted

energy = -113.8890182
energy/site = -0.8897579549
44.0736% accepted

energy = -134.1295614
energy/site = -1.047887199
44.0556% accepted

energy = -132.2710147
energy/site = -1.033367302
44.0555% accepted

energy = -346.6637293
energy/site = -2.708310385
44.0268% accepted

energy = -120.1915946
energy/site = -0.9389968324
44.169% accepted

energy = -145.2010064
energy/site = -1.134382863
44.208% accepted

energy = -96.22742861
energy/site = -0.751776786
43.9994% accepted

energy = -160.9906432
energy/site = -1.2577394
44.0237% accepted

energy = -208.2759181
energy/site = -1.62715561
44.0332% accepted

energy = -156.2755015
energy/site = -1.220902355
44.0869% accepted

energy = -143.7218502
energy/site = -1.122826955
43.9796% accepted

energy = -150.5808536
energy/site = -1.176412919
43.9041% accepted

energy = -135.8130964
energy/site = -1.061039816
44.0989% accepted

energy = -192.055913
energy/site = -1.50043682
43.9587% accepted

energy = -142.0216298
energy/site = -1.109543983
44.1704% accepted

energy = -158.8356431
energy/site = -1.240903461
44.0679% accepted

energy = -108.0913135
energy/site = -0.844463387
44.1092% accepted

energy = -254.3927952
energy/site = -1.987443713
44.1414% accepted

energy = -135.9911075
energy/site = -1.062430527
43.9391% accepted

energy = -281.5807328
energy/site = -2.199849475
43.9966% accepted

energy = -439.2504382
energy/site = -3.431644048
44.004% accepted

energy = -151.0333384
energy/site = -1.179947956
44.0385% accepted

energy = -183.679552
energy/site = -1.4349965
44.1113% accepted

energy = -117.0470108
energy/site = -0.9144297722
44.1761% accepted

energy = -140.0103412
energy/site = -1.093830791
44.1075% accepted

energy = -142.9014719
energy/site = -1.116417749
44.1211% accepted

energy = -117.7096855
energy/site = -0.9196069178
44.219% accepted

energy = -129.4375966
energy/site = -1.011231224
44.0999% accepted

energy = -145.440112
energy/site = -1.136250875
44.0582% accepted

energy = -149.6474702
energy/site = -1.169120861
44.0154% accepted

energy = -128.8730723
energy/site = -1.006820877
44.0936% accepted

energy = -103.2439015
energy/site = -0.8065929804
44.153% accepted

energy = -170.4883371
energy/site = -1.331940133
44.1922% accepted

energy = -173.4261006
energy/site = -1.354891411
44.0689% accepted

