
weighting by <swap_x> where x = 6
6 x 24 x 1 system
r   = 3  bondops changed per step 
n/N = 80  bond operators / site
its = 1000000  iterations/loop for 10000 loops

energy = -716.5894523
energy/site = -2.488157821
44.1888% accepted

energy = -1850.730332
energy/site = -6.426146987
43.8433% accepted

energy = -1089.46612
energy/site = -3.782868473
43.8704% accepted

energy = -750.6813234
energy/site = -2.606532373
43.8606% accepted

energy = -974.4931864
energy/site = -3.383656897
43.8542% accepted

energy = -1428.192963
energy/site = -4.959003345
43.6784% accepted

energy = -570.0918453
energy/site = -1.979485574
43.7838% accepted

energy = -207.5346091
energy/site = -0.7206062815
43.846% accepted

energy = -528.797318
energy/site = -1.836101799
43.5925% accepted

energy = -677.7602756
energy/site = -2.35333429
43.8801% accepted

energy = -860.2478511
energy/site = -2.986971705
43.7551% accepted

energy = -943.1723106
energy/site = -3.274903856
43.8387% accepted

energy = -2299.20929
energy/site = -7.983365592
43.6984% accepted

energy = -3608.187063
energy/site = -12.5284273
43.7251% accepted

energy = -2264.7281
energy/site = -7.863639236
43.6412% accepted

energy = -589.8129689
energy/site = -2.047961698
43.9029% accepted

energy = -415.3146289
energy/site = -1.442064684
43.8023% accepted

energy = -593.9616183
energy/site = -2.06236673
43.7902% accepted

energy = -510.3251176
energy/site = -1.771962214
43.9194% accepted

energy = -288.6450177
energy/site = -1.002239645
43.8473% accepted

energy = -578.3468102
energy/site = -2.008148647
43.7785% accepted

energy = -1596.368013
energy/site = -5.54294449
43.8031% accepted

energy = -431.3479646
energy/site = -1.497735988
43.9% accepted

energy = -1050.391157
energy/site = -3.647191517
43.7308% accepted

energy = -648.0981515
energy/site = -2.250340804
43.8126% accepted

energy = -350.5350817
energy/site = -1.217135701
43.7017% accepted

energy = -454.3577332
energy/site = -1.577631018
43.5414% accepted

energy = -226.404237
energy/site = -0.786125823
43.8221% accepted

energy = -540.2533996
energy/site = -1.87587986
43.8055% accepted

energy = -970.2677702
energy/site = -3.368985313
43.8227% accepted

energy = -505.308586
energy/site = -1.754543701
43.6933% accepted

energy = -560.5780591
energy/site = -1.946451594
43.7949% accepted

energy = -356.4082656
energy/site = -1.2375287
43.6732% accepted

energy = -280.6626126
energy/site = -0.9745229603
43.9275% accepted

energy = -1094.308069
energy/site = -3.799680794
43.8213% accepted

energy = -484.2839219
energy/site = -1.681541396
43.8724% accepted

energy = -689.7384685
energy/site = -2.394925238
43.7474% accepted

energy = -582.3466476
energy/site = -2.022036971
43.7465% accepted

energy = -151.2450563
energy/site = -0.5251564455
43.6354% accepted

energy = -1020.90124
energy/site = -3.544795973
43.7047% accepted

energy = -1841.043556
energy/site = -6.392512349
43.8007% accepted

energy = -404.6942503
energy/site = -1.405188369
43.9299% accepted

energy = -387.5391276
energy/site = -1.345621971
43.791% accepted

energy = -623.7069628
energy/site = -2.165649176
43.6909% accepted

energy = -590.2836955
energy/site = -2.049596165
43.7253% accepted

energy = -416.1244002
energy/site = -1.444876389
43.7542% accepted

energy = -259.867312
energy/site = -0.9023170555
43.832% accepted

energy = -1170.466164
energy/site = -4.064118624
43.802% accepted

energy = -501.9799667
energy/site = -1.742985996
43.812% accepted

energy = -784.7939594
energy/site = -2.724979026
43.8096% accepted

energy = -294.3117743
energy/site = -1.021915883
43.7031% accepted

energy = -1054.850989
energy/site = -3.662677046
43.7643% accepted

energy = -745.447629
energy/site = -2.588359823
43.9031% accepted

energy = -779.867139
energy/site = -2.70787201
43.6917% accepted

energy = -1170.00293
energy/site = -4.062510174
43.7671% accepted

energy = -288.8853015
energy/site = -1.003073964
43.7659% accepted

energy = -1116.979959
energy/site = -3.878402635
43.6103% accepted

energy = -964.8854017
energy/site = -3.350296534
43.9073% accepted

energy = -2074.518879
energy/site = -7.203190551
43.704% accepted

energy = -2927.371231
energy/site = -10.16448344
43.8885% accepted

energy = -419.1358681
energy/site = -1.455332875
43.7724% accepted

energy = -309.5091207
energy/site = -1.074684447
43.8717% accepted

energy = -484.915377
energy/site = -1.683733948
43.7495% accepted

energy = -1147.680877
energy/site = -3.985003044
43.7492% accepted

energy = -567.2301942
energy/site = -1.969549285
43.8275% accepted

energy = -409.6848782
energy/site = -1.422516938
43.748% accepted

energy = -144.4855923
energy/site = -0.5016860845
43.9222% accepted

energy = -480.464965
energy/site = -1.668281129
43.8603% accepted

energy = -420.6104215
energy/site = -1.460452853
43.8671% accepted

energy = -994.4154761
energy/site = -3.452831514
43.7926% accepted

energy = -358.5381127
energy/site = -1.244924002
43.8038% accepted

energy = -694.0216015
energy/site = -2.409797227
43.7837% accepted

energy = -560.4136993
energy/site = -1.9458809
43.7297% accepted

energy = -309.2327989
energy/site = -1.073724996
43.7869% accepted

energy = -890.2200321
energy/site = -3.091041778
43.8043% accepted

energy = -399.6107361
energy/site = -1.387537278
43.7817% accepted

energy = -607.4515293
energy/site = -2.109206699
43.9082% accepted

energy = -822.8862121
energy/site = -2.857243792
43.9928% accepted

energy = -353.2448706
energy/site = -1.22654469
43.8043% accepted

energy = -575.501647
energy/site = -1.998269608
43.6247% accepted

energy = -355.3357383
energy/site = -1.233804647
43.9227% accepted

energy = -2413.499746
energy/site = -8.38020745
43.9644% accepted

energy = -281.3058325
energy/site = -0.9767563629
43.7807% accepted

energy = -427.0321335
energy/site = -1.482750463
43.7245% accepted

energy = -631.8870443
energy/site = -2.194052237
43.9091% accepted

energy = -311.9869328
energy/site = -1.083287961
43.7888% accepted

energy = -1160.38441
energy/site = -4.029112533
43.7565% accepted

energy = -476.2571872
energy/site = -1.653670789
43.8811% accepted

energy = -463.0501085
energy/site = -1.607812877
43.8161% accepted

energy = -812.8810567
energy/site = -2.822503669
43.8968% accepted

energy = -384.034721
energy/site = -1.333453892
43.7045% accepted

energy = -210.967142
energy/site = -0.7325247985
43.8817% accepted

energy = -719.0999409
energy/site = -2.496874795
43.9348% accepted

energy = -411.8178566
energy/site = -1.429923113
43.8398% accepted

energy = -217.07619
energy/site = -0.7537367709
43.7555% accepted

energy = -406.675229
energy/site = -1.412066767
43.8449% accepted

energy = -547.4667906
energy/site = -1.900926356
43.8214% accepted

energy = -487.8833344
energy/site = -1.694039356
43.7631% accepted

energy = -951.1441361
energy/site = -3.302583806
43.8449% accepted

energy = -640.5521956
energy/site = -2.224139568
43.8014% accepted

energy = -317.1375294
energy/site = -1.101171977
43.6924% accepted

energy = -714.5565605
energy/site = -2.481099168
43.7696% accepted

energy = -361.526402
energy/site = -1.255300007
43.8097% accepted

energy = -934.374611
energy/site = -3.244356288
43.8576% accepted

energy = -442.857824
energy/site = -1.537700778
43.8252% accepted

energy = -829.8566077
energy/site = -2.881446554
43.763% accepted

energy = -326.4289116
energy/site = -1.133433721
43.656% accepted

energy = -882.3958713
energy/site = -3.063874553
43.8789% accepted

energy = -198.8655418
energy/site = -0.6905053534
43.6958% accepted

energy = -822.2386196
energy/site = -2.854995207
43.7838% accepted

energy = -210.937595
energy/site = -0.732422205
43.9262% accepted

energy = -744.7408652
energy/site = -2.585905782
43.9159% accepted

energy = -435.2003633
energy/site = -1.511112373
43.7576% accepted

energy = -616.0846042
energy/site = -2.139182654
43.7379% accepted

energy = -1146.044705
energy/site = -3.979321891
43.7464% accepted

energy = -504.7338032
energy/site = -1.752547928
43.8166% accepted

energy = -1161.132621
energy/site = -4.031710491
43.8445% accepted

energy = -993.5856619
energy/site = -3.449950215
43.839% accepted

energy = -884.0497562
energy/site = -3.069617209
43.6157% accepted

energy = -558.2240204
energy/site = -1.938277849
43.9157% accepted

energy = -375.4320366
energy/site = -1.30358346
43.7978% accepted

energy = -277.9965827
energy/site = -0.9652659122
43.8553% accepted

energy = -372.8150549
energy/site = -1.294496719
43.8958% accepted

energy = -818.4331972
energy/site = -2.841781935
43.7723% accepted

energy = -777.8421064
energy/site = -2.700840647
43.5937% accepted

energy = -616.0641617
energy/site = -2.139111673
43.681% accepted

energy = -896.1040224
energy/site = -3.1114723
43.7285% accepted

energy = -939.9671589
energy/site = -3.263774857
43.7115% accepted

energy = -578.9943386
energy/site = -2.010397009
43.848% accepted

energy = -623.9599002
energy/site = -2.166527431
43.7886% accepted

energy = -382.7615675
energy/site = -1.329033221
43.8471% accepted

energy = -683.1380649
energy/site = -2.37200717
43.9017% accepted

energy = -1339.070663
energy/site = -4.649550914
43.8729% accepted

energy = -267.3960098
energy/site = -0.9284583674
43.8159% accepted

energy = -627.5272567
energy/site = -2.178914086
43.7712% accepted

energy = -784.8477232
energy/site = -2.725165706
43.8166% accepted

energy = -1436.766184
energy/site = -4.988771471
43.79% accepted

energy = -367.4316699
energy/site = -1.275804409
43.8178% accepted

energy = -627.5132805
energy/site = -2.178865557
43.7207% accepted

energy = -999.6229607
energy/site = -3.470913058
43.8414% accepted

energy = -893.6386218
energy/site = -3.102911881
43.7362% accepted

energy = -1079.454927
energy/site = -3.748107386
43.8164% accepted

energy = -691.3665885
energy/site = -2.400578432
43.88% accepted

energy = -3409.74825
energy/site = -11.83940365
43.8095% accepted

energy = -1658.324926
energy/site = -5.758072661
43.8677% accepted

energy = -424.4461964
energy/site = -1.473771515
43.7206% accepted

energy = -922.0510367
energy/site = -3.2015661
43.8712% accepted

energy = -442.0951761
energy/site = -1.535052695
43.9621% accepted

energy = -360.5386921
energy/site = -1.251870459
43.8779% accepted

energy = -1128.687855
energy/site = -3.919055053
43.8413% accepted

energy = -1295.209118
energy/site = -4.49725388
43.7141% accepted

energy = -452.2166223
energy/site = -1.570196605
43.7295% accepted

energy = -500.7577678
energy/site = -1.738742249
43.7768% accepted

energy = -642.5307227
energy/site = -2.231009454
43.7693% accepted

energy = -1459.874828
energy/site = -5.069009819
43.8974% accepted

energy = -563.795819
energy/site = -1.957624372
43.6526% accepted

energy = -1172.027153
energy/site = -4.069538724
43.7649% accepted

energy = -430.8906461
energy/site = -1.496148077
43.6646% accepted

energy = -933.5417465
energy/site = -3.241464397
43.6113% accepted

energy = -660.9692337
energy/site = -2.295032062
43.8356% accepted

energy = -1439.300761
energy/site = -4.997572086
43.5516% accepted

energy = -402.7463993
energy/site = -1.398424998
43.8525% accepted

energy = -265.7109002
energy/site = -0.9226072923
43.8184% accepted

energy = -718.5178651
energy/site = -2.494853698
43.7012% accepted

energy = -656.6822496
energy/site = -2.2801467
43.7269% accepted

energy = -229.9342326
energy/site = -0.7983827521
43.8428% accepted

energy = -394.6667011
energy/site = -1.37037049
43.7168% accepted

energy = -375.3710463
energy/site = -1.303371689
44.0118% accepted

energy = -906.9122389
energy/site = -3.14900083
43.9275% accepted

energy = -437.2720902
energy/site = -1.518305869
43.7514% accepted

energy = -546.1721806
energy/site = -1.896431183
43.6611% accepted

energy = -367.6458088
energy/site = -1.276547947
43.79% accepted

energy = -231.1885865
energy/site = -0.8027381476
43.8237% accepted

energy = -606.7193005
energy/site = -2.106664238
43.6231% accepted

energy = -632.4342997
energy/site = -2.195952429
43.8257% accepted

energy = -901.6026052
energy/site = -3.130564601
43.6608% accepted

energy = -280.1909001
energy/site = -0.97288507
43.8158% accepted

energy = -2032.500373
energy/site = -7.057292961
43.8691% accepted

energy = -356.2180295
energy/site = -1.236868158
43.733% accepted

energy = -202.003719
energy/site = -0.7014018021
43.7147% accepted

energy = -643.3841615
energy/site = -2.233972783
43.7004% accepted

energy = -361.1707174
energy/site = -1.254064991
43.6999% accepted

energy = -444.8235625
energy/site = -1.544526259
43.7943% accepted

energy = -269.0802602
energy/site = -0.9343064591
43.7996% accepted

energy = -498.0617526
energy/site = -1.729381085
43.7514% accepted

energy = -2949.335596
energy/site = -10.2407486
43.8707% accepted

energy = -354.5326143
energy/site = -1.231016022
43.6416% accepted

energy = -733.7821079
energy/site = -2.547854541
43.8218% accepted

energy = -336.5680703
energy/site = -1.168639133
43.7786% accepted

energy = -3449.809378
energy/site = -11.97850478
43.7661% accepted

energy = -905.9150493
energy/site = -3.145538366
43.7062% accepted

energy = -1608.729474
energy/site = -5.585866228
43.7089% accepted

energy = -1584.593064
energy/site = -5.502059251
43.9057% accepted

energy = -474.2293411
energy/site = -1.646629657
43.824% accepted

energy = -666.9301226
energy/site = -2.315729592
43.8977% accepted

energy = -596.2373362
energy/site = -2.070268528
43.8626% accepted

energy = -495.6104319
energy/site = -1.720869555
43.921% accepted

energy = -459.0901275
energy/site = -1.594062943
43.8758% accepted

energy = -510.3346254
energy/site = -1.771995227
43.8036% accepted

energy = -288.4746485
energy/site = -1.001648085
43.7689% accepted

energy = -513.9097013
energy/site = -1.784408685
43.8174% accepted

energy = -550.7968406
energy/site = -1.91248903
43.7724% accepted

energy = -387.2151659
energy/site = -1.344497104
43.9428% accepted

energy = -966.6916495
energy/site = -3.356568227
43.7336% accepted

energy = -983.6378539
energy/site = -3.415409215
43.8448% accepted

energy = -888.1176043
energy/site = -3.083741681
43.6918% accepted

energy = -1029.39744
energy/site = -3.574296667
43.8012% accepted

energy = -265.4622823
energy/site = -0.9217440357
43.8013% accepted

energy = -667.8482702
energy/site = -2.318917605
43.7533% accepted

energy = -759.4153426
energy/site = -2.636858828
43.8139% accepted

energy = -560.7479833
energy/site = -1.947041609
43.7911% accepted

energy = -653.9902836
energy/site = -2.270799596
43.769% accepted

energy = -602.3379515
energy/site = -2.09145122
43.7737% accepted

energy = -3180.092722
energy/site = -11.04198862
43.8388% accepted

energy = -591.1148433
energy/site = -2.052482095
43.7022% accepted

energy = -481.3866577
energy/site = -1.67148145
43.8599% accepted

energy = -555.6762882
energy/site = -1.929431556
43.7908% accepted

energy = -263.1217813
energy/site = -0.913617296
43.7623% accepted

energy = -876.3757906
energy/site = -3.042971495
43.7387% accepted

energy = -2103.469686
energy/site = -7.303714189
43.7479% accepted

energy = -152.7837281
energy/site = -0.530499056
43.7325% accepted

energy = -982.2531823
energy/site = -3.410601327
43.7914% accepted

energy = -1034.50781
energy/site = -3.592041007
43.8138% accepted

energy = -544.0949113
energy/site = -1.889218442
43.7804% accepted

energy = -506.7413257
energy/site = -1.759518492
43.8348% accepted

energy = -850.8076435
energy/site = -2.954193207
43.8451% accepted

energy = -588.392059
energy/site = -2.043027983
43.8383% accepted

energy = -256.0218468
energy/site = -0.888964746
43.7227% accepted

energy = -517.4402416
energy/site = -1.796667506
43.7467% accepted

energy = -413.399255
energy/site = -1.43541408
43.8755% accepted

energy = -257.1585196
energy/site = -0.8929115264
43.825% accepted

energy = -471.3511407
energy/site = -1.636635905
43.7432% accepted

energy = -754.1893342
energy/site = -2.618712966
43.8436% accepted

energy = -771.9731782
energy/site = -2.680462424
43.8613% accepted

energy = -340.761431
energy/site = -1.183199413
43.7224% accepted

energy = -997.8706575
energy/site = -3.464828672
43.9288% accepted

energy = -646.5596736
energy/site = -2.244998867
43.7739% accepted

energy = -615.5860785
energy/site = -2.137451662
43.6233% accepted

energy = -1610.114281
energy/site = -5.590674586
43.8345% accepted

energy = -265.9544162
energy/site = -0.9234528342
43.8707% accepted

energy = -1126.625966
energy/site = -3.911895715
43.64% accepted

energy = -630.9726972
energy/site = -2.190877421
43.8542% accepted

energy = -252.6958644
energy/site = -0.8774161957
43.8198% accepted

energy = -414.9548785
energy/site = -1.44081555
43.8432% accepted

energy = -2103.760877
energy/site = -7.304725269
43.878% accepted

energy = -610.8098867
energy/site = -2.120867662
43.6851% accepted

energy = -614.0392048
energy/site = -2.132080572
43.8203% accepted

energy = -476.0513526
energy/site = -1.652956085
43.8549% accepted

energy = -572.3870421
energy/site = -1.987455007
43.8978% accepted

energy = -955.2145141
energy/site = -3.316717063
43.764% accepted

energy = -671.0557129
energy/site = -2.330054559
43.8524% accepted

energy = -404.9844383
energy/site = -1.406195966
43.8641% accepted

energy = -2083.243473
energy/site = -7.23348428
43.8191% accepted

energy = -565.4175988
energy/site = -1.963255551
43.7566% accepted

energy = -1188.781387
energy/site = -4.127713148
43.7247% accepted

energy = -1325.9364
energy/site = -4.603945833
43.845% accepted

energy = -512.6523372
energy/site = -1.780042837
43.7562% accepted

energy = -1104.699553
energy/site = -3.835762336
43.8866% accepted

energy = -635.6587071
energy/site = -2.207148289
43.6604% accepted

energy = -413.6785392
energy/site = -1.436383817
43.8424% accepted

energy = -666.4358327
energy/site = -2.314013308
43.8305% accepted

energy = -582.1699871
energy/site = -2.021423566
43.828% accepted

energy = -328.1696904
energy/site = -1.139478092
43.8844% accepted

energy = -515.950033
energy/site = -1.79149317
43.691% accepted

energy = -1661.535138
energy/site = -5.769219231
43.8428% accepted

energy = -517.219777
energy/site = -1.795902003
43.7885% accepted

energy = -254.4752853
energy/site = -0.8835947406
43.5994% accepted

energy = -344.9683741
energy/site = -1.197806855
43.5481% accepted

energy = -1199.540963
energy/site = -4.165072787
43.6339% accepted

energy = -547.455979
energy/site = -1.900888816
44.0293% accepted

energy = -1245.561553
energy/site = -4.324866503
43.8611% accepted

energy = -951.1096023
energy/site = -3.302463897
43.8893% accepted

energy = -1171.328501
energy/site = -4.067112851
43.8242% accepted

energy = -325.2804156
energy/site = -1.129445887
43.6635% accepted

energy = -489.209633
energy/site = -1.698644559
43.7697% accepted

energy = -408.6317907
energy/site = -1.418860384
43.7611% accepted

energy = -7062.074978
energy/site = -24.52109367
43.6921% accepted

energy = -257.8126744
energy/site = -0.8951828972
43.7324% accepted

energy = -293.858518
energy/site = -1.020342076
43.6855% accepted

energy = -299.1388759
energy/site = -1.038676652
43.6299% accepted

energy = -676.4465395
energy/site = -2.348772707
43.8553% accepted

energy = -580.2534867
energy/site = -2.014769051
43.7305% accepted

energy = -406.4834077
energy/site = -1.411400721
43.8812% accepted

energy = -595.5043526
energy/site = -2.067723446
43.6731% accepted

energy = -483.238267
energy/site = -1.677910649
43.9158% accepted

energy = -930.4203606
energy/site = -3.230626252
43.872% accepted

energy = -2297.861508
energy/site = -7.978685793
43.7168% accepted

energy = -774.8671224
energy/site = -2.690510841
43.6632% accepted

energy = -303.985398
energy/site = -1.055504854
43.735% accepted

energy = -234.161278
energy/site = -0.813059993
43.8129% accepted

energy = -497.2270174
energy/site = -1.726482699
43.8529% accepted

energy = -613.259976
energy/site = -2.129374917
43.9001% accepted

energy = -2672.699127
energy/site = -9.280205303
44.0086% accepted

energy = -303.8225879
energy/site = -1.054939541
43.7491% accepted

energy = -2247.089193
energy/site = -7.80239303
43.7108% accepted

energy = -294.4339073
energy/site = -1.022339956
43.8336% accepted

energy = -687.6310244
energy/site = -2.387607723
43.9448% accepted

energy = -451.1607069
energy/site = -1.566530232
43.8555% accepted

energy = -472.1529391
energy/site = -1.639419927
43.7836% accepted

energy = -324.1573586
energy/site = -1.125546384
43.7719% accepted

energy = -311.0946006
energy/site = -1.080189585
43.8351% accepted

energy = -298.9350451
energy/site = -1.037968907
43.8031% accepted

energy = -359.5027342
energy/site = -1.248273383
43.7759% accepted

energy = -1130.00574
energy/site = -3.923631042
43.7429% accepted

energy = -743.5618909
energy/site = -2.581812121
43.7814% accepted

energy = -926.3403911
energy/site = -3.216459691
43.9254% accepted

energy = -2133.134487
energy/site = -7.406716968
43.8204% accepted

energy = -248.0593129
energy/site = -0.8613170586
43.884% accepted

energy = -3084.977112
energy/site = -10.71172608
43.7478% accepted

energy = -1404.955297
energy/site = -4.878317004
43.9458% accepted

energy = -2011.853249
energy/site = -6.985601558
43.7832% accepted

energy = -629.8661366
energy/site = -2.187035197
43.8278% accepted

energy = -269.3306115
energy/site = -0.9351757343
43.882% accepted

energy = -524.3815452
energy/site = -1.820769254
43.7487% accepted

energy = -952.724091
energy/site = -3.30806976
43.7791% accepted

energy = -691.705487
energy/site = -2.401755163
43.7106% accepted

energy = -1110.428033
energy/site = -3.855652893
43.8639% accepted

energy = -1501.286176
energy/site = -5.212799222
43.8271% accepted

energy = -760.8544442
energy/site = -2.641855709
43.634% accepted

energy = -785.1150464
energy/site = -2.726093911
43.6714% accepted

energy = -726.2202931
energy/site = -2.52159824
43.7134% accepted

energy = -543.2287574
energy/site = -1.886210963
43.6979% accepted

energy = -262.9060602
energy/site = -0.9128682647
43.7737% accepted

energy = -465.6017617
energy/site = -1.616672784
43.7328% accepted

energy = -299.438106
energy/site = -1.039715646
43.7731% accepted

energy = -283.3163012
energy/site = -0.9837371571
43.8362% accepted

energy = -649.8810917
energy/site = -2.256531568
43.6078% accepted

energy = -5251.668759
energy/site = -18.23496097
43.8591% accepted

energy = -1297.632016
energy/site = -4.505666723
43.7722% accepted

energy = -210.6410371
energy/site = -0.7313924901
43.688% accepted

energy = -893.3437889
energy/site = -3.101888156
43.848% accepted

energy = -337.426783
energy/site = -1.171620774
43.8542% accepted

energy = -1230.471923
energy/site = -4.272471955
43.8668% accepted

energy = -246.4602767
energy/site = -0.8557648497
43.9037% accepted

energy = -372.251871
energy/site = -1.292541219
43.9705% accepted

energy = -653.8733019
energy/site = -2.27039341
43.6087% accepted

energy = -752.0536053
energy/site = -2.611297241
43.8239% accepted

energy = -511.2309385
energy/site = -1.775107425
43.8226% accepted

energy = -1344.911526
energy/site = -4.669831688
43.8378% accepted

energy = -850.1138647
energy/site = -2.951784253
43.7199% accepted

energy = -413.4853256
energy/site = -1.435712936
43.7247% accepted

energy = -779.7733672
energy/site = -2.707546414
43.8208% accepted

energy = -534.1710943
energy/site = -1.854760744
43.7466% accepted

energy = -410.7060281
energy/site = -1.426062597
43.8271% accepted

energy = -316.5220884
energy/site = -1.099035029
43.7741% accepted

energy = -722.6826119
energy/site = -2.509314625
43.7502% accepted

energy = -618.8408988
energy/site = -2.148753121
43.8898% accepted

energy = -588.9629456
energy/site = -2.045010228
43.9514% accepted

energy = -342.3638249
energy/site = -1.188763281
43.8049% accepted

energy = -354.3694961
energy/site = -1.230449639
43.7076% accepted

energy = -948.5512997
energy/site = -3.293580902
43.5901% accepted

energy = -2265.823884
energy/site = -7.86744404
43.9214% accepted

energy = -678.9270136
energy/site = -2.357385464
43.6595% accepted

energy = -567.8844577
energy/site = -1.971821034
43.7403% accepted

energy = -375.7526747
energy/site = -1.304696787
43.8449% accepted

energy = -1362.018882
energy/site = -4.729232228
43.7381% accepted

energy = -234.9548432
energy/site = -0.8158154276
43.8791% accepted

energy = -456.6909235
energy/site = -1.585732373
43.7634% accepted

energy = -139.2985986
energy/site = -0.4836756895
43.7787% accepted

energy = -289.3742118
energy/site = -1.004771569
43.9336% accepted

energy = -1054.319733
energy/site = -3.660832405
43.6662% accepted

energy = -278.1795406
energy/site = -0.9659011826
43.7743% accepted

energy = -857.6529831
energy/site = -2.977961747
43.8042% accepted

energy = -339.4837394
energy/site = -1.178762984
43.7432% accepted

energy = -554.2904311
energy/site = -1.924619553
43.6263% accepted

energy = -938.5061021
energy/site = -3.258701743
43.7956% accepted

energy = -613.8661201
energy/site = -2.131479584
43.7912% accepted

energy = -296.1018717
energy/site = -1.028131499
43.7396% accepted

energy = -210.8491001
energy/site = -0.7321149308
43.7932% accepted

energy = -340.6977015
energy/site = -1.18297813
43.7878% accepted

energy = -985.4831915
energy/site = -3.421816637
43.7467% accepted

energy = -700.3193287
energy/site = -2.431664336
43.7876% accepted

energy = -149.3574779
energy/site = -0.5186023537
43.7363% accepted

energy = -424.1892327
energy/site = -1.47287928
43.7241% accepted

energy = -491.0867394
energy/site = -1.705162289
43.7384% accepted

energy = -385.7302624
energy/site = -1.339341189
43.8296% accepted

energy = -582.0831326
energy/site = -2.021121988
43.8726% accepted

energy = -534.0674347
energy/site = -1.854400815
43.7791% accepted

energy = -694.0440903
energy/site = -2.409875313
43.8927% accepted

energy = -779.8498153
energy/site = -2.707811859
43.7061% accepted

energy = -580.0816766
energy/site = -2.014172488
43.8702% accepted

energy = -726.5907383
energy/site = -2.522884508
43.6003% accepted

energy = -881.3385139
energy/site = -3.060203173
43.6179% accepted

energy = -618.0364001
energy/site = -2.145959723
43.8398% accepted

energy = -800.3381655
energy/site = -2.778951963
43.7772% accepted

energy = -214.2038962
energy/site = -0.7437635283
43.774% accepted

energy = -1037.570323
energy/site = -3.602674732
43.7893% accepted

energy = -206.3380677
energy/site = -0.7164516241
43.8303% accepted

energy = -498.9064745
energy/site = -1.732314147
43.7613% accepted

energy = -724.8556072
energy/site = -2.516859747
43.8587% accepted

energy = -997.9472721
energy/site = -3.465094695
43.8883% accepted

energy = -589.4397382
energy/site = -2.046665758
44.0021% accepted

energy = -303.3269588
energy/site = -1.053218607
43.8203% accepted

energy = -747.0480687
energy/site = -2.593916905
43.7735% accepted

energy = -947.4886536
energy/site = -3.289891159
43.7508% accepted

energy = -1557.594217
energy/site = -5.408313253
43.68% accepted

energy = -514.2369355
energy/site = -1.785544915
43.7535% accepted

energy = -494.3181027
energy/site = -1.716382301
43.7699% accepted

energy = -286.5908742
energy/site = -0.9951072022
43.731% accepted

energy = -3075.076215
energy/site = -10.67734797
43.9382% accepted

energy = -988.7942918
energy/site = -3.433313513
43.9365% accepted

energy = -513.2904775
energy/site = -1.782258602
43.7462% accepted

energy = -796.1174538
energy/site = -2.764296715
43.6536% accepted

energy = -387.1139082
energy/site = -1.344145515
43.836% accepted

energy = -562.5778057
energy/site = -1.953395159
43.7474% accepted

energy = -678.6016959
energy/site = -2.356255888
43.7412% accepted

energy = -1503.03016
energy/site = -5.218854722
43.7557% accepted

energy = -712.1601573
energy/site = -2.472778324
43.7361% accepted

energy = -837.4146229
energy/site = -2.907689663
43.7636% accepted

energy = -900.1218206
energy/site = -3.125422988
43.9162% accepted

energy = -970.0768963
energy/site = -3.368322557
43.852% accepted

energy = -1014.64808
energy/site = -3.523083612
43.7647% accepted

energy = -358.8813399
energy/site = -1.246115764
43.6883% accepted

energy = -918.1101894
energy/site = -3.187882602
43.7443% accepted

energy = -268.4376068
energy/site = -0.9320750236
43.7972% accepted

energy = -621.6088576
energy/site = -2.158364089
43.6816% accepted

energy = -600.5272391
energy/site = -2.085164025
43.6326% accepted

energy = -581.0328387
energy/site = -2.017475134
43.7992% accepted

energy = -421.368605
energy/site = -1.463085434
43.7004% accepted

energy = -437.3405382
energy/site = -1.518543535
43.8228% accepted

energy = -994.2309459
energy/site = -3.452190784
43.9452% accepted

energy = -588.0422233
energy/site = -2.041813275
43.9331% accepted

energy = -795.2846426
energy/site = -2.761405009
43.7076% accepted

energy = -651.6738379
energy/site = -2.262756382
43.8685% accepted

energy = -1444.449623
energy/site = -5.015450079
43.6694% accepted

energy = -313.2494512
energy/site = -1.087671706
43.7289% accepted

energy = -392.737381
energy/site = -1.363671462
43.8142% accepted

energy = -668.1100143
energy/site = -2.319826439
43.6505% accepted

energy = -772.717431
energy/site = -2.683046636
43.592% accepted

energy = -3777.987809
energy/site = -13.11801323
43.877% accepted

energy = -798.5015665
energy/site = -2.772574884
44.0528% accepted

energy = -343.9477512
energy/site = -1.194263025
43.7733% accepted

energy = -948.9220971
energy/site = -3.294868393
43.7596% accepted

energy = -1330.07655
energy/site = -4.618321353
43.8169% accepted

energy = -1371.120567
energy/site = -4.760835304
43.8678% accepted

energy = -642.4523683
energy/site = -2.23073739
43.8614% accepted

energy = -487.8051263
energy/site = -1.6937678
43.8512% accepted

energy = -491.4547744
energy/site = -1.706440189
43.8634% accepted

energy = -900.9207768
energy/site = -3.128197142
43.837% accepted

energy = -892.5639112
energy/site = -3.099180247
43.8031% accepted

energy = -416.3651514
energy/site = -1.445712331
43.7763% accepted

energy = -1048.815649
energy/site = -3.641721003
43.8706% accepted

energy = -585.5867455
energy/site = -2.033287311
43.8872% accepted

energy = -408.6393975
energy/site = -1.418886797
43.7899% accepted

energy = -312.1631444
energy/site = -1.083899807
43.7308% accepted

energy = -248.3299624
energy/site = -0.8622568139
43.7185% accepted

energy = -430.2967317
energy/site = -1.494085874
43.6605% accepted

energy = -363.9733564
energy/site = -1.263796376
43.7713% accepted

energy = -1596.779043
energy/site = -5.544371677
43.7814% accepted

energy = -1590.260635
energy/site = -5.521738316
43.8165% accepted

energy = -329.3707464
energy/site = -1.143648425
43.8273% accepted

energy = -570.3216432
energy/site = -1.980283483
43.6617% accepted

energy = -342.1368395
energy/site = -1.187975137
43.6823% accepted

energy = -680.7629413
energy/site = -2.363760213
43.7442% accepted

energy = -325.5167437
energy/site = -1.130266471
43.7476% accepted

energy = -178.1274341
energy/site = -0.618498035
43.6556% accepted

energy = -1120.339685
energy/site = -3.89006835
43.8284% accepted

energy = -306.5441823
energy/site = -1.064389522
43.8567% accepted

energy = -366.9574587
energy/site = -1.274157843
43.9383% accepted

energy = -462.5902232
energy/site = -1.606216053
43.8062% accepted

energy = -815.7105287
energy/site = -2.832328225
43.7986% accepted

energy = -1946.899237
energy/site = -6.760066797
43.811% accepted

energy = -600.7928991
energy/site = -2.086086455
43.9001% accepted

energy = -407.0449837
energy/site = -1.413350638
43.7919% accepted

energy = -141.7661375
energy/site = -0.4922435331
43.8126% accepted

energy = -499.9277471
energy/site = -1.735860233
43.7664% accepted

energy = -1646.310269
energy/site = -5.716355102
43.8121% accepted

energy = -952.0681327
energy/site = -3.305792127
43.7196% accepted

energy = -250.0984986
energy/site = -0.8683975647
43.7723% accepted

energy = -946.711177
energy/site = -3.287191587
43.8338% accepted

energy = -1072.456294
energy/site = -3.723806578
43.933% accepted

energy = -652.8512843
energy/site = -2.266844737
43.7038% accepted

energy = -1281.757826
energy/site = -4.450548007
43.6753% accepted

energy = -355.9893217
energy/site = -1.236074034
43.6745% accepted

energy = -715.9367336
energy/site = -2.485891436
43.9819% accepted

energy = -570.7559284
energy/site = -1.981791418
43.7226% accepted

energy = -315.4007796
energy/site = -1.095141596
43.7258% accepted

energy = -674.4949562
energy/site = -2.341996376
43.778% accepted

energy = -857.4776617
energy/site = -2.977352992
43.7126% accepted

energy = -410.7182966
energy/site = -1.426105197
43.821% accepted

energy = -451.9391041
energy/site = -1.569233
43.7755% accepted

energy = -531.4049172
energy/site = -1.845155963
43.9934% accepted

energy = -429.8469236
energy/site = -1.49252404
43.8259% accepted

energy = -1184.232191
energy/site = -4.111917331
43.8848% accepted

energy = -1840.94935
energy/site = -6.392185241
43.6989% accepted

energy = -1711.194757
energy/site = -5.941648462
43.9347% accepted

energy = -273.9594009
energy/site = -0.9512479197
43.6715% accepted

energy = -321.3433225
energy/site = -1.115775425
43.9212% accepted

energy = -4046.54981
energy/site = -14.05052017
43.7243% accepted

energy = -512.2423463
energy/site = -1.778619258
43.8947% accepted

energy = -501.6307731
energy/site = -1.741773518
43.8827% accepted

energy = -676.8352573
energy/site = -2.350122421
43.8853% accepted

energy = -545.191015
energy/site = -1.893024358
43.8085% accepted

energy = -418.9080588
energy/site = -1.454541871
43.7068% accepted

energy = -308.2450509
energy/site = -1.070295316
43.7132% accepted

energy = -462.8943386
energy/site = -1.607272009
43.7275% accepted

energy = -681.6428743
energy/site = -2.366815536
43.7686% accepted

energy = -324.5806618
energy/site = -1.127016187
43.7174% accepted

energy = -1253.797848
energy/site = -4.353464749
43.7412% accepted

energy = -561.1100694
energy/site = -1.948298852
43.759% accepted

energy = -993.5603744
energy/site = -3.449862411
43.7087% accepted

energy = -478.4842807
energy/site = -1.661403752
43.9221% accepted

energy = -462.4814445
energy/site = -1.605838349
43.7855% accepted

energy = -333.2761769
energy/site = -1.157208947
43.8333% accepted

energy = -1046.542373
energy/site = -3.633827685
43.5781% accepted

energy = -549.5959391
energy/site = -1.908319233
43.6429% accepted

energy = -516.4968492
energy/site = -1.793391837
43.8665% accepted

energy = -749.268618
energy/site = -2.601627146
43.794% accepted

energy = -593.8234271
energy/site = -2.0618869
43.6277% accepted

energy = -700.9414554
energy/site = -2.433824498
43.8707% accepted

energy = -812.4351579
energy/site = -2.820955409
43.6494% accepted

energy = -758.2626474
energy/site = -2.632856414
43.6877% accepted

energy = -510.7862038
energy/site = -1.773563208
43.9037% accepted

energy = -314.8328444
energy/site = -1.093169599
43.8246% accepted

energy = -252.9573689
energy/site = -0.8783241975
43.7295% accepted

energy = -205.3542852
energy/site = -0.7130357124
43.7364% accepted

energy = -299.5006185
energy/site = -1.039932703
43.8867% accepted

energy = -1024.748982
energy/site = -3.558156186
43.7874% accepted

energy = -791.1133851
energy/site = -2.746921476
43.815% accepted

energy = -1130.653796
energy/site = -3.925881236
43.8275% accepted

energy = -524.1796282
energy/site = -1.820068153
43.7116% accepted

energy = -707.9681918
energy/site = -2.458222888
43.8674% accepted

energy = -298.8965966
energy/site = -1.037835405
43.7951% accepted

energy = -406.9503923
energy/site = -1.413022195
43.8626% accepted

energy = -1707.47933
energy/site = -5.928747673
43.993% accepted

energy = -671.2418621
energy/site = -2.33070091
43.6758% accepted

energy = -479.9711957
energy/site = -1.666566652
43.8998% accepted

energy = -462.7415869
energy/site = -1.606741621
43.8534% accepted

energy = -440.543182
energy/site = -1.529663826
43.8402% accepted

energy = -1680.772655
energy/site = -5.836016162
43.8458% accepted

energy = -157.21278
energy/site = -0.5458777082
43.8139% accepted

energy = -679.899898
energy/site = -2.360763535
43.8332% accepted

energy = -654.2135235
energy/site = -2.271574734
43.7683% accepted

energy = -420.3323902
energy/site = -1.459487466
43.5906% accepted

energy = -171.6533272
energy/site = -0.5960184972
43.7388% accepted

energy = -408.1793671
energy/site = -1.417289469
43.7667% accepted

energy = -330.2885621
energy/site = -1.146835285
43.7757% accepted

energy = -1130.804972
energy/site = -3.926406152
43.7424% accepted

energy = -706.3616519
energy/site = -2.452644625
43.9271% accepted

energy = -497.3799114
energy/site = -1.727013581
43.8473% accepted

energy = -527.3957272
energy/site = -1.831235164
43.6885% accepted

energy = -1411.5382
energy/site = -4.901174305
43.751% accepted

energy = -483.7284
energy/site = -1.6796125
43.6728% accepted

energy = -1293.325718
energy/site = -4.4907143
43.8463% accepted

energy = -339.0341738
energy/site = -1.177201992
43.6915% accepted

energy = -697.3143561
energy/site = -2.421230403
43.7668% accepted

energy = -516.6099487
energy/site = -1.793784544
43.8112% accepted

energy = -888.2853903
energy/site = -3.084324272
43.947% accepted

energy = -804.6026431
energy/site = -2.793759177
43.7984% accepted

energy = -1323.594878
energy/site = -4.59581555
43.9571% accepted

energy = -469.9169875
energy/site = -1.631656206
43.5711% accepted

energy = -1429.465807
energy/site = -4.96342294
43.754% accepted

energy = -624.5387055
energy/site = -2.168537172
43.6907% accepted

energy = -494.4776212
energy/site = -1.716936185
43.7925% accepted

energy = -429.3247132
energy/site = -1.49071081
43.7188% accepted

energy = -594.6640008
energy/site = -2.064805558
43.8423% accepted

energy = -329.062665
energy/site = -1.142578698
43.7386% accepted

energy = -1003.506522
energy/site = -3.484397646
43.8179% accepted

energy = -454.8769489
energy/site = -1.57943385
43.7017% accepted

energy = -1046.964197
energy/site = -3.63529235
43.7517% accepted

energy = -917.2405585
energy/site = -3.18486305
43.8741% accepted

energy = -1040.104158
energy/site = -3.61147277
44.04% accepted

energy = -570.9583321
energy/site = -1.982494209
43.872% accepted

energy = -919.2798203
energy/site = -3.191943821
43.897% accepted

energy = -699.5043337
energy/site = -2.428834492
43.7001% accepted

energy = -307.4627962
energy/site = -1.067579153
43.7797% accepted

energy = -658.7502346
energy/site = -2.287327204
43.7257% accepted

energy = -348.366869
energy/site = -1.209607184
43.7755% accepted

energy = -346.6009913
energy/site = -1.203475664
43.8372% accepted

energy = -414.7542995
energy/site = -1.440119096
43.6531% accepted

energy = -752.7850094
energy/site = -2.613836838
43.657% accepted

energy = -431.5015224
energy/site = -1.498269175
43.9034% accepted

energy = -9415.399723
energy/site = -32.69236015
43.838% accepted

energy = -527.0457882
energy/site = -1.830020098
43.8283% accepted

energy = -1199.558143
energy/site = -4.165132442
43.7556% accepted

energy = -308.0414049
energy/site = -1.069588212
43.7849% accepted

energy = -653.7318562
energy/site = -2.269902278
43.7676% accepted

energy = -1263.925857
energy/site = -4.388631447
43.6849% accepted

energy = -487.2032203
energy/site = -1.691677848
43.8779% accepted

energy = -721.0866636
energy/site = -2.503773137
43.8677% accepted

energy = -315.5673394
energy/site = -1.095719928
43.6623% accepted

energy = -338.1126986
energy/site = -1.174002426
43.7733% accepted

energy = -1665.742611
energy/site = -5.783828511
43.7254% accepted

energy = -848.6613034
energy/site = -2.946740637
43.6224% accepted

energy = -1045.074436
energy/site = -3.628730681
43.8307% accepted

energy = -276.9056519
energy/site = -0.961477958
43.6353% accepted

energy = -1940.68436
energy/site = -6.738487363
43.6704% accepted

energy = -433.2624071
energy/site = -1.504383358
43.8519% accepted

energy = -382.4478084
energy/site = -1.327943779
43.7825% accepted

energy = -961.6673774
energy/site = -3.339122838
43.8618% accepted

energy = -1130.14746
energy/site = -3.924123124
43.8453% accepted

energy = -1166.193244
energy/site = -4.049282099
43.7285% accepted

energy = -739.3979442
energy/site = -2.567353973
43.906% accepted

energy = -775.3428937
energy/site = -2.692162826
43.7983% accepted

energy = -454.3668239
energy/site = -1.577662583
43.7885% accepted

energy = -1847.668409
energy/site = -6.41551531
43.7527% accepted

energy = -586.0377964
energy/site = -2.03485346
43.8863% accepted

energy = -400.551155
energy/site = -1.390802622
43.7767% accepted

energy = -1279.94495
energy/site = -4.444253297
43.7961% accepted

energy = -605.9257802
energy/site = -2.103908959
43.7287% accepted

energy = -663.7577526
energy/site = -2.304714419
43.8508% accepted

energy = -924.2531807
energy/site = -3.209212433
43.6852% accepted

energy = -407.9353923
energy/site = -1.416442335
43.8069% accepted

energy = -332.73796
energy/site = -1.155340139
43.8677% accepted

energy = -995.9517327
energy/site = -3.458165739
43.7647% accepted

energy = -1480.334605
energy/site = -5.140050712
43.6898% accepted

energy = -579.4515857
energy/site = -2.011984673
43.7458% accepted

energy = -451.1772201
energy/site = -1.56658757
43.7034% accepted

energy = -954.3377982
energy/site = -3.31367291
43.9092% accepted

energy = -1006.253065
energy/site = -3.493934253
43.873% accepted

energy = -682.7673605
energy/site = -2.370720002
43.8705% accepted

energy = -815.1673849
energy/site = -2.830442309
43.8571% accepted

energy = -743.47467
energy/site = -2.581509271
43.8915% accepted

energy = -606.9877455
energy/site = -2.107596338
43.6887% accepted

energy = -372.1453297
energy/site = -1.292171284
43.8675% accepted

energy = -595.3464742
energy/site = -2.067175258
43.7594% accepted

energy = -558.7736449
energy/site = -1.940186267
43.6493% accepted

energy = -509.0936596
energy/site = -1.767686318
43.8805% accepted

energy = -551.2056339
energy/site = -1.913908451
43.7314% accepted

energy = -458.6646362
energy/site = -1.592585542
43.7304% accepted

energy = -475.848673
energy/site = -1.652252337
43.7318% accepted

energy = -615.4771893
energy/site = -2.137073574
43.5937% accepted

energy = -1184.064272
energy/site = -4.111334277
43.6927% accepted

energy = -721.8225708
energy/site = -2.506328371
43.7717% accepted

energy = -538.5219117
energy/site = -1.869867749
43.7487% accepted

energy = -565.554728
energy/site = -1.963731694
43.8058% accepted

energy = -338.9780951
energy/site = -1.177007275
43.6789% accepted

energy = -372.5536689
energy/site = -1.293589128
43.8323% accepted

energy = -771.5528976
energy/site = -2.679003117
43.7873% accepted

energy = -499.0736067
energy/site = -1.732894468
43.8819% accepted

energy = -588.1346471
energy/site = -2.042134191
43.7425% accepted

energy = -837.0226762
energy/site = -2.906328737
43.9168% accepted

energy = -947.5517748
energy/site = -3.290110329
43.6591% accepted

energy = -741.6559578
energy/site = -2.575194298
43.9165% accepted

energy = -356.1511889
energy/site = -1.236636073
43.9448% accepted

energy = -466.0941244
energy/site = -1.618382376
43.9062% accepted

energy = -463.6903402
energy/site = -1.610035904
43.8456% accepted

energy = -456.6005149
energy/site = -1.585418454
43.8622% accepted

energy = -480.9835582
energy/site = -1.670081799
43.9141% accepted

energy = -573.2533253
energy/site = -1.990462935
43.7308% accepted

energy = -328.450311
energy/site = -1.140452469
43.8081% accepted

energy = -381.2319244
energy/site = -1.32372196
43.6832% accepted

energy = -428.2522499
energy/site = -1.486986979
43.6411% accepted

energy = -936.5964465
energy/site = -3.252070995
43.7391% accepted

energy = -533.5142138
energy/site = -1.852479909
43.7659% accepted

energy = -227.1024302
energy/site = -0.788550105
43.8017% accepted

energy = -316.8583589
energy/site = -1.100202635
43.7483% accepted

energy = -428.1887091
energy/site = -1.486766351
43.8315% accepted

energy = -432.8775525
energy/site = -1.503047057
43.8559% accepted

energy = -958.002495
energy/site = -3.326397552
43.7351% accepted

energy = -592.739871
energy/site = -2.058124552
43.7215% accepted

energy = -1178.917147
energy/site = -4.093462314
43.7737% accepted

energy = -4225.877036
energy/site = -14.67318415
43.7519% accepted

energy = -406.461579
energy/site = -1.411324927
43.8763% accepted

energy = -1164.144707
energy/site = -4.042169122
43.8916% accepted

energy = -706.3993159
energy/site = -2.452775403
43.8153% accepted

energy = -230.1321973
energy/site = -0.7990701296
43.7317% accepted

energy = -1769.734022
energy/site = -6.144909798
43.7898% accepted

energy = -396.3813012
energy/site = -1.376323962
43.6838% accepted

energy = -304.8953244
energy/site = -1.058664321
43.6717% accepted

energy = -381.2283319
energy/site = -1.323709486
43.8436% accepted

energy = -371.2077217
energy/site = -1.2889157
43.6668% accepted

energy = -502.2474007
energy/site = -1.743914586
43.7539% accepted

energy = -664.6967739
energy/site = -2.307974909
43.5081% accepted

energy = -570.0558832
energy/site = -1.979360705
43.7714% accepted

energy = -1113.917009
energy/site = -3.867767393
43.7154% accepted

energy = -284.3803843
energy/site = -0.98743189
43.6458% accepted

energy = -3915.415614
energy/site = -13.5951931
43.8213% accepted

energy = -540.9093902
energy/site = -1.878157605
43.8662% accepted

energy = -261.350681
energy/site = -0.9074676424
43.8174% accepted

energy = -791.7970521
energy/site = -2.74929532
43.8195% accepted

energy = -677.6844237
energy/site = -2.353070916
43.9989% accepted

energy = -532.087725
energy/site = -1.847526823
43.7232% accepted

energy = -152.3204166
energy/site = -0.5288903353
43.771% accepted

energy = -699.1339074
energy/site = -2.427548289
43.8001% accepted

energy = -426.3924712
energy/site = -1.480529414
43.7293% accepted

energy = -774.5005265
energy/site = -2.689237939
43.7523% accepted

energy = -492.5041398
energy/site = -1.710083819
43.8344% accepted

energy = -858.0784547
energy/site = -2.979439079
43.7029% accepted

energy = -528.749599
energy/site = -1.835936107
43.767% accepted

energy = -855.172144
energy/site = -2.969347722
43.8961% accepted

energy = -484.4657882
energy/site = -1.682172876
43.841% accepted

energy = -805.57506
energy/site = -2.797135625
43.8392% accepted

energy = -436.7029562
energy/site = -1.516329709
43.6881% accepted

energy = -762.4555101
energy/site = -2.647414966
43.7068% accepted

energy = -326.7858975
energy/site = -1.134673255
43.8921% accepted

energy = -364.985584
energy/site = -1.267311056
43.9003% accepted

energy = -540.2950123
energy/site = -1.876024348
43.6703% accepted

energy = -764.9157922
energy/site = -2.655957612
43.8904% accepted

energy = -1138.820051
energy/site = -3.954236287
43.8389% accepted

energy = -480.9862333
energy/site = -1.670091088
43.6346% accepted

energy = -563.8070376
energy/site = -1.957663325
43.9606% accepted

energy = -509.6474355
energy/site = -1.769609151
43.8137% accepted

energy = -836.0100054
energy/site = -2.902812519
43.6843% accepted

energy = -382.6836421
energy/site = -1.328762646
43.8438% accepted

energy = -410.8493372
energy/site = -1.426560198
43.7836% accepted

energy = -327.0532172
energy/site = -1.135601449
43.8101% accepted

energy = -565.8384879
energy/site = -1.964716972
43.7613% accepted

energy = -942.4939311
energy/site = -3.272548372
43.8491% accepted

energy = -632.1166482
energy/site = -2.194849473
43.8411% accepted

energy = -505.508037
energy/site = -1.75523624
43.7676% accepted

energy = -4229.781347
energy/site = -14.68674079
43.8769% accepted

energy = -357.0371254
energy/site = -1.239712241
43.7689% accepted

energy = -532.3949459
energy/site = -1.848593562
43.7235% accepted

energy = -322.9827066
energy/site = -1.121467731
43.9442% accepted

energy = -467.0684134
energy/site = -1.621765324
43.8779% accepted

energy = -660.3812763
energy/site = -2.292990543
43.908% accepted

energy = -1073.8733
energy/site = -3.728726738
43.7746% accepted

energy = -639.6591908
energy/site = -2.221038857
43.8073% accepted

energy = -1497.033491
energy/site = -5.198032955
43.8844% accepted

energy = -783.2941412
energy/site = -2.719771323
43.9556% accepted

energy = -275.452891
energy/site = -0.9564336494
43.6947% accepted

energy = -488.4712174
energy/site = -1.696080616
43.8677% accepted

energy = -3214.784628
energy/site = -11.16244662
43.5672% accepted

energy = -640.8015084
energy/site = -2.225005237
43.7834% accepted

energy = -278.1734522
energy/site = -0.9658800425
43.8504% accepted

energy = -1002.897718
energy/site = -3.482283744
43.794% accepted

energy = -172.0560442
energy/site = -0.5974168202
43.804% accepted

energy = -775.9519443
energy/site = -2.694277584
43.8536% accepted

energy = -400.3756918
energy/site = -1.390193374
43.6441% accepted

energy = -943.4553243
energy/site = -3.275886543
43.8486% accepted

energy = -487.9567706
energy/site = -1.694294342
43.7715% accepted

energy = -324.287691
energy/site = -1.125998927
43.7306% accepted

energy = -272.9509151
energy/site = -0.9477462329
43.7181% accepted

energy = -2030.922718
energy/site = -7.051814994
43.5585% accepted

energy = -658.059115
energy/site = -2.284927483
43.7797% accepted

energy = -413.1127552
energy/site = -1.434419289
43.7843% accepted

energy = -407.8958826
energy/site = -1.416305148
43.9302% accepted

energy = -375.5805325
energy/site = -1.304099071
43.7813% accepted

energy = -551.9012237
energy/site = -1.916323693
43.791% accepted

energy = -395.2078895
energy/site = -1.372249616
43.717% accepted

energy = -762.9718013
energy/site = -2.649207643
43.6914% accepted

energy = -389.2764644
energy/site = -1.35165439
43.8251% accepted

energy = -285.7714573
energy/site = -0.9922620046
43.8636% accepted

energy = -554.1957856
energy/site = -1.924290922
43.9018% accepted

energy = -2646.616993
energy/site = -9.189642337
43.83% accepted

energy = -592.8668185
energy/site = -2.058565342
43.7413% accepted

energy = -395.3887708
energy/site = -1.372877676
43.9109% accepted

energy = -879.961631
energy/site = -3.05542233
43.8722% accepted

energy = -867.4822524
energy/site = -3.012091154
43.7832% accepted

energy = -502.8990275
energy/site = -1.746177179
43.8639% accepted

energy = -1492.484445
energy/site = -5.182237656
43.7179% accepted

energy = -554.2453192
energy/site = -1.924462914
43.821% accepted

energy = -549.3236029
energy/site = -1.907373621
43.79% accepted

energy = -466.0043876
energy/site = -1.61807079
43.9003% accepted

energy = -220.9886822
energy/site = -0.7673218132
43.7941% accepted

energy = -521.9413499
energy/site = -1.812296354
43.7919% accepted

energy = -265.5340934
energy/site = -0.92199338
43.7383% accepted

energy = -734.3966447
energy/site = -2.54998835
43.7717% accepted

energy = -240.8166032
energy/site = -0.8361687611
43.8626% accepted

energy = -358.0049183
energy/site = -1.243072633
43.8257% accepted

energy = -908.8013442
energy/site = -3.155560223
43.7624% accepted

energy = -379.4749044
energy/site = -1.317621196
43.9428% accepted

energy = -419.5643052
energy/site = -1.456820504
43.7759% accepted

energy = -415.2922255
energy/site = -1.441986894
43.7516% accepted

energy = -431.2999601
energy/site = -1.497569306
43.826% accepted

energy = -707.995913
energy/site = -2.458319142
43.8047% accepted

energy = -1928.957971
energy/site = -6.697770734
43.6725% accepted

energy = -356.6350313
energy/site = -1.238316081
43.6065% accepted

energy = -410.4966864
energy/site = -1.425335717
43.7923% accepted

energy = -488.1629854
energy/site = -1.695010366
43.8423% accepted

energy = -407.8869422
energy/site = -1.416274105
43.7818% accepted

energy = -459.3301941
energy/site = -1.594896507
43.7888% accepted

energy = -487.5190619
energy/site = -1.692774521
43.7712% accepted

energy = -1315.239298
energy/site = -4.566803117
43.7515% accepted

energy = -540.0888118
energy/site = -1.875308374
43.8098% accepted

energy = -898.6813639
energy/site = -3.120421402
43.9302% accepted

energy = -663.6404507
energy/site = -2.304307121
43.8628% accepted

energy = -637.3847538
energy/site = -2.213141506
43.9878% accepted

energy = -520.6491063
energy/site = -1.807809397
43.6868% accepted

energy = -383.3193891
energy/site = -1.330970101
43.7813% accepted

energy = -444.8932074
energy/site = -1.544768081
43.6818% accepted

energy = -463.365657
energy/site = -1.608908531
43.8599% accepted

energy = -302.605094
energy/site = -1.050712132
43.7571% accepted

energy = -451.7135966
energy/site = -1.568449988
43.7131% accepted

energy = -358.8362545
energy/site = -1.245959217
43.7209% accepted

energy = -478.6954205
energy/site = -1.662136877
43.9433% accepted

energy = -533.9357039
energy/site = -1.853943416
43.8695% accepted

energy = -477.1336681
energy/site = -1.656714125
43.9117% accepted

energy = -998.627868
energy/site = -3.467457875
43.8149% accepted

energy = -236.9332014
energy/site = -0.8226847271
43.8187% accepted

energy = -554.2694166
energy/site = -1.924546586
43.8616% accepted

energy = -202.3020371
energy/site = -0.7024376288
43.7141% accepted

energy = -713.7548947
energy/site = -2.478315607
43.7612% accepted

energy = -331.8364877
energy/site = -1.152210027
44.01% accepted

energy = -619.1405427
energy/site = -2.149793551
43.9028% accepted

energy = -731.4441817
energy/site = -2.539736742
43.7916% accepted

energy = -3389.712468
energy/site = -11.76983496
43.6513% accepted

energy = -1835.144365
energy/site = -6.372029046
43.792% accepted

energy = -870.950685
energy/site = -3.024134323
43.7732% accepted

energy = -180.5860618
energy/site = -0.6270349369
43.7333% accepted

energy = -875.1016329
energy/site = -3.038547337
43.7782% accepted

energy = -494.0239706
energy/site = -1.715361009
43.6902% accepted

energy = -277.2243598
energy/site = -0.9625845826
43.8639% accepted

energy = -582.0451463
energy/site = -2.020990091
43.7974% accepted

energy = -501.1804993
energy/site = -1.740210067
43.881% accepted

energy = -453.6501615
energy/site = -1.575174172
43.7386% accepted

energy = -320.8191269
energy/site = -1.113955302
43.7153% accepted

energy = -1432.319273
energy/site = -4.973330808
43.7476% accepted

energy = -484.7486072
energy/site = -1.683154886
43.756% accepted

energy = -473.0675442
energy/site = -1.642595639
43.8455% accepted

energy = -423.4808443
energy/site = -1.470419598
43.8522% accepted

energy = -358.4645674
energy/site = -1.244668637
43.7541% accepted

energy = -908.0259074
energy/site = -3.152867734
43.8194% accepted

energy = -378.9847097
energy/site = -1.315919131
43.7958% accepted

energy = -388.2824045
energy/site = -1.348202794
43.9166% accepted

energy = -372.4969591
energy/site = -1.293392219
43.8083% accepted

energy = -540.3763245
energy/site = -1.876306682
43.7864% accepted

energy = -316.4526358
energy/site = -1.098793874
43.8943% accepted

energy = -351.748103
energy/site = -1.22134758
43.5922% accepted

energy = -797.7438223
energy/site = -2.769943828
43.86% accepted

energy = -555.1372302
energy/site = -1.927559827
43.8899% accepted

energy = -395.6036722
energy/site = -1.373623862
43.8002% accepted

energy = -565.0898304
energy/site = -1.962117467
43.8266% accepted

energy = -1161.633525
energy/site = -4.033449739
43.7711% accepted

energy = -239.9387149
energy/site = -0.8331205379
43.8068% accepted

energy = -577.4189095
energy/site = -2.004926769
43.844% accepted

energy = -1478.17358
energy/site = -5.132547153
43.9085% accepted

energy = -336.5888447
energy/site = -1.168711266
43.7192% accepted

energy = -500.6696272
energy/site = -1.738436205
43.7977% accepted

energy = -683.6225211
energy/site = -2.37368931
43.7716% accepted

energy = -553.060039
energy/site = -1.920347358
43.8696% accepted

energy = -920.5447406
energy/site = -3.196335905
43.8897% accepted

energy = -562.0299199
energy/site = -1.951492777
43.6604% accepted

energy = -343.8533193
energy/site = -1.193935136
43.848% accepted

energy = -534.3744446
energy/site = -1.855466821
43.7436% accepted

energy = -349.0995719
energy/site = -1.212151291
43.7048% accepted

energy = -336.7830341
energy/site = -1.169385535
43.764% accepted

energy = -150.2975423
energy/site = -0.5218664663
43.7095% accepted

energy = -885.5708501
energy/site = -3.074898785
43.7437% accepted

energy = -243.6771876
energy/site = -0.846101346
43.7334% accepted

energy = -1178.656707
energy/site = -4.092558011
43.755% accepted

energy = -1420.051429
energy/site = -4.93073413
43.8231% accepted

energy = -647.2122237
energy/site = -2.247264666
43.7859% accepted

energy = -419.5636964
energy/site = -1.45681839
43.8985% accepted

energy = -648.6880556
energy/site = -2.252389082
43.8874% accepted

energy = -1832.679174
energy/site = -6.363469355
43.7577% accepted

energy = -415.6193897
energy/site = -1.443122881
43.7529% accepted

energy = -1208.232197
energy/site = -4.195250685
43.7468% accepted

energy = -359.5176456
energy/site = -1.248325158
43.8084% accepted

energy = -769.0408235
energy/site = -2.670280637
43.8118% accepted

energy = -1312.016026
energy/site = -4.555611202
43.7845% accepted

energy = -778.5404371
energy/site = -2.703265407
43.8491% accepted

energy = -1062.067204
energy/site = -3.687733347
43.7258% accepted

energy = -1291.4964
energy/site = -4.484362502
43.973% accepted

energy = -691.6630966
energy/site = -2.401607974
43.8584% accepted

energy = -616.8518778
energy/site = -2.141846798
43.837% accepted

energy = -1669.74582
energy/site = -5.797728541
43.8402% accepted

energy = -526.2390246
energy/site = -1.827218835
43.8562% accepted

energy = -421.2326035
energy/site = -1.462613207
43.7909% accepted

energy = -425.4032476
energy/site = -1.47709461
43.7663% accepted

energy = -315.8379261
energy/site = -1.096659466
43.9689% accepted

energy = -336.734819
energy/site = -1.169218122
43.8067% accepted

energy = -647.5717608
energy/site = -2.248513058
43.8392% accepted

energy = -832.1678788
energy/site = -2.889471802
43.7917% accepted

energy = -1982.782115
energy/site = -6.884660121
43.6695% accepted

energy = -407.3728011
energy/site = -1.414488893
43.7686% accepted

energy = -568.5691041
energy/site = -1.974198278
43.9436% accepted

energy = -379.9123501
energy/site = -1.319140104
43.7382% accepted

energy = -395.461933
energy/site = -1.373131712
43.6924% accepted

energy = -712.9964527
energy/site = -2.475682127
43.9224% accepted

energy = -1018.280176
energy/site = -3.535695055
43.7948% accepted

energy = -450.7958979
energy/site = -1.565263534
43.8119% accepted

energy = -722.3249262
energy/site = -2.508072661
43.8654% accepted

energy = -592.9592627
energy/site = -2.058886329
43.961% accepted

energy = -411.5792925
energy/site = -1.429094766
44.0722% accepted

energy = -184.5851353
energy/site = -0.6409206088
43.9016% accepted

energy = -1017.11652
energy/site = -3.531654582
43.5543% accepted

energy = -1032.481945
energy/site = -3.585006753
43.6876% accepted

energy = -1888.336945
energy/site = -6.556725504
43.8821% accepted

energy = -2560.685375
energy/site = -8.891268663
43.8748% accepted

energy = -266.0404409
energy/site = -0.9237515309
43.7942% accepted

energy = -893.716215
energy/site = -3.103181302
43.8304% accepted

energy = -1002.128619
energy/site = -3.47961326
43.7239% accepted

energy = -754.0831433
energy/site = -2.618344248
43.6543% accepted

energy = -270.1365908
energy/site = -0.9379742736
43.7321% accepted

energy = -735.7104693
energy/site = -2.554550241
43.7589% accepted

energy = -3558.351131
energy/site = -12.35538587
43.7255% accepted

energy = -311.8725148
energy/site = -1.082890676
43.697% accepted

energy = -423.7611501
energy/site = -1.471392882
43.8791% accepted

energy = -528.9532691
energy/site = -1.836643295
43.6944% accepted

energy = -921.982852
energy/site = -3.201329347
43.7855% accepted

energy = -589.1270309
energy/site = -2.045579968
43.8224% accepted

energy = -295.2073538
energy/site = -1.025025534
43.7826% accepted

energy = -748.7016293
energy/site = -2.599658435
43.8159% accepted

energy = -258.2642275
energy/site = -0.8967507898
43.7633% accepted

energy = -259.8390123
energy/site = -0.9022187928
43.6735% accepted

energy = -526.1335042
energy/site = -1.826852445
43.661% accepted

energy = -382.2092036
energy/site = -1.32711529
43.8021% accepted

energy = -1132.293518
energy/site = -3.931574715
43.8419% accepted

energy = -217.4882863
energy/site = -0.7551676608
43.8081% accepted

energy = -693.4466784
energy/site = -2.407800967
43.8518% accepted

energy = -421.0996277
energy/site = -1.462151485
43.8084% accepted

energy = -574.0703007
energy/site = -1.993299655
43.8989% accepted

energy = -534.7488763
energy/site = -1.856766931
43.704% accepted

energy = -1142.717902
energy/site = -3.967770493
43.859% accepted

energy = -1564.571346
energy/site = -5.432539397
43.8268% accepted

energy = -676.6808086
energy/site = -2.349586141
43.8187% accepted

energy = -365.6840992
energy/site = -1.269736456
43.7713% accepted

energy = -1796.324083
energy/site = -6.237236398
43.8408% accepted

energy = -597.6005466
energy/site = -2.075001898
43.7171% accepted

energy = -615.0948575
energy/site = -2.135746033
43.7124% accepted

energy = -1027.237322
energy/site = -3.566796258
43.7196% accepted

energy = -704.2001867
energy/site = -2.445139537
43.8064% accepted

energy = -907.4827477
energy/site = -3.150981763
43.8269% accepted

energy = -815.112112
energy/site = -2.830250389
43.8449% accepted

energy = -786.608801
energy/site = -2.731280559
43.6845% accepted

energy = -456.4561537
energy/site = -1.584917201
43.8249% accepted

energy = -428.9228499
energy/site = -1.489315451
43.7736% accepted

energy = -1057.939434
energy/site = -3.673400813
43.8602% accepted

energy = -382.3002501
energy/site = -1.327431424
43.7677% accepted

energy = -1580.949065
energy/site = -5.489406475
43.8103% accepted

energy = -376.205041
energy/site = -1.306267503
43.7639% accepted

energy = -927.7233141
energy/site = -3.221261507
43.9475% accepted

energy = -1608.2746
energy/site = -5.584286807
43.708% accepted

energy = -4416.320342
energy/site = -15.33444563
43.8479% accepted

energy = -326.5982203
energy/site = -1.134021598
43.7869% accepted

energy = -247.03649
energy/site = -0.8577655903
43.683% accepted

energy = -421.7812447
energy/site = -1.464518211
43.7936% accepted

energy = -360.1637859
energy/site = -1.250568701
43.7639% accepted

energy = -444.8857855
energy/site = -1.544742311
43.787% accepted

energy = -415.172162
energy/site = -1.441570007
43.6962% accepted

energy = -520.8049779
energy/site = -1.808350618
43.7494% accepted

energy = -408.680211
energy/site = -1.41902851
43.8307% accepted

energy = -465.8654453
energy/site = -1.617588352
43.8493% accepted

energy = -415.9088131
energy/site = -1.444127823
43.8462% accepted

energy = -503.9229914
energy/site = -1.749732609
43.6697% accepted

energy = -490.1601073
energy/site = -1.701944817
43.7004% accepted

energy = -153.2299881
energy/site = -0.5320485697
43.825% accepted

energy = -215.2673015
energy/site = -0.7474559081
43.7706% accepted

energy = -470.7582097
energy/site = -1.634577117
43.8911% accepted

energy = -617.5413851
energy/site = -2.14424092
43.8323% accepted

energy = -529.7331058
energy/site = -1.839351062
43.7882% accepted

energy = -1166.085998
energy/site = -4.048909716
43.7399% accepted

energy = -325.9888687
energy/site = -1.131905794
43.712% accepted

energy = -677.7210246
energy/site = -2.353198002
43.7869% accepted

energy = -751.3020093
energy/site = -2.608687532
43.9058% accepted

energy = -542.3358301
energy/site = -1.883110521
43.63% accepted

energy = -1447.377479
energy/site = -5.025616248
43.8267% accepted

energy = -1333.948961
energy/site = -4.631767225
43.7522% accepted

energy = -987.5762058
energy/site = -3.429084048
43.8804% accepted

energy = -837.4411599
energy/site = -2.907781805
43.8197% accepted

energy = -516.1641323
energy/site = -1.792236571
43.8099% accepted

energy = -451.0338019
energy/site = -1.56608959
43.8376% accepted

energy = -602.9728474
energy/site = -2.09365572
43.7516% accepted

energy = -485.7647671
energy/site = -1.686683219
43.7212% accepted

energy = -174.7502107
energy/site = -0.606771565
43.7027% accepted

energy = -454.2024233
energy/site = -1.577091747
43.7315% accepted

energy = -4559.337261
energy/site = -15.83103216
43.7247% accepted

energy = -545.5958933
energy/site = -1.894430185
43.7083% accepted

energy = -1657.401127
energy/site = -5.754865023
43.7525% accepted

energy = -415.0590985
energy/site = -1.441177425
43.7438% accepted

energy = -627.9701429
energy/site = -2.180451885
43.8998% accepted

energy = -290.7529609
energy/site = -1.009558892
43.7953% accepted

energy = -186.1537787
energy/site = -0.6463672872
43.8022% accepted

energy = -638.2226361
energy/site = -2.21605082
43.7515% accepted

energy = -172.9242559
energy/site = -0.600431444
43.6813% accepted

energy = -951.0239297
energy/site = -3.302166423
43.6612% accepted

energy = -1246.032763
energy/site = -4.326502648
43.7739% accepted

energy = -4364.400957
energy/site = -15.15416999
43.6826% accepted

energy = -2067.703715
energy/site = -7.17952679
43.9594% accepted

energy = -598.9743512
energy/site = -2.079772053
43.6686% accepted

energy = -342.4132566
energy/site = -1.188934919
43.776% accepted

energy = -1307.019323
energy/site = -4.538261539
43.8744% accepted

energy = -673.3327889
energy/site = -2.337961072
43.6831% accepted

energy = -779.6533715
energy/site = -2.707129762
43.8087% accepted

energy = -1384.672739
energy/site = -4.807891454
43.8702% accepted

energy = -708.7065515
energy/site = -2.460786637
43.8133% accepted

energy = -935.5052007
energy/site = -3.248281947
43.8513% accepted

energy = -482.4503458
energy/site = -1.675174812
43.8339% accepted

energy = -378.9835252
energy/site = -1.315915018
43.699% accepted

energy = -344.391566
energy/site = -1.195804049
44.025% accepted

energy = -612.5558277
energy/site = -2.126929957
43.75% accepted

energy = -4549.729978
energy/site = -15.79767353
43.7608% accepted

energy = -2192.499865
energy/site = -7.612846755
43.7555% accepted

energy = -640.1712462
energy/site = -2.222816827
43.7197% accepted

energy = -400.8581495
energy/site = -1.391868575
43.6988% accepted

energy = -893.0880242
energy/site = -3.101000084
43.927% accepted

energy = -177.0739244
energy/site = -0.6148400152
43.8597% accepted

energy = -1077.585282
energy/site = -3.741615562
43.7738% accepted

energy = -347.2805336
energy/site = -1.205835186
43.7714% accepted

energy = -438.5940753
energy/site = -1.522896095
43.7992% accepted

energy = -639.232753
energy/site = -2.21955817
43.833% accepted

energy = -620.786135
energy/site = -2.155507413
43.8253% accepted

energy = -619.6615687
energy/site = -2.151602669
43.8894% accepted

energy = -729.7501971
energy/site = -2.533854851
43.6501% accepted

energy = -448.5259308
energy/site = -1.557381704
43.869% accepted

energy = -488.506239
energy/site = -1.696202219
43.8038% accepted

energy = -840.4205936
energy/site = -2.918127061
43.8817% accepted

