
weighting by <swap_x> where x = 10
8 x 32 x 1 system
r   = 3  bondops changed per step 
n/N = 80  bond operators / site
its = 1000000  iterations/loop for 10000 loops

energy = -2111.193256
energy/site = -4.123424329
44.3231% accepted

energy = -259.5916786
energy/site = -0.5070149973
43.7421% accepted

energy = -290.0931029
energy/site = -0.5665880916
43.6606% accepted

energy = -286.6193963
energy/site = -0.5598035084
43.7753% accepted

energy = -736.7961485
energy/site = -1.439054977
43.8247% accepted

energy = -676.7668003
energy/site = -1.321810157
43.6975% accepted

energy = -2578.375944
energy/site = -5.035890515
43.6654% accepted

energy = -3397.709017
energy/site = -6.636150424
43.7881% accepted

energy = -321.6241155
energy/site = -0.6281721005
43.7608% accepted

energy = -1345.604805
energy/site = -2.628134385
43.7709% accepted

energy = -975.2093418
energy/site = -1.904705746
43.7614% accepted

energy = -224.1003335
energy/site = -0.4376959638
43.7371% accepted

energy = -83344.43404
energy/site = -162.7820977
43.5738% accepted

energy = -638.6059207
energy/site = -1.247277189
43.6211% accepted

energy = -1737.340531
energy/site = -3.393243225
43.7849% accepted

energy = -2319.67849
energy/site = -4.53062205
43.8127% accepted

energy = -167.0588399
energy/site = -0.3262867966
43.6739% accepted

energy = -325.3608597
energy/site = -0.6354704292
43.8506% accepted

energy = -1333.67042
energy/site = -2.604825038
43.7313% accepted

energy = -149.2506199
energy/site = -0.291505117
43.6705% accepted

energy = -225.3172218
energy/site = -0.4400726988
43.6839% accepted

energy = -80.89886435
energy/site = -0.1580055944
43.8512% accepted

energy = -176.4096465
energy/site = -0.3445500909
43.6276% accepted

energy = -303.67594
energy/site = -0.5931170704
43.6638% accepted

energy = -221.9626108
energy/site = -0.4335207243
43.6901% accepted

energy = -1924.848098
energy/site = -3.759468942
43.6217% accepted

energy = -3265.948672
energy/site = -6.378806
43.7328% accepted

energy = -293.0894534
energy/site = -0.5724403387
43.7002% accepted

energy = -5650.452385
energy/site = -11.03603981
43.6492% accepted

energy = -56.03888301
energy/site = -0.1094509434
43.6342% accepted

energy = -181.7913512
energy/site = -0.3550612328
43.7389% accepted

energy = -236.6980437
energy/site = -0.4623008666
43.6435% accepted

energy = -467.9172179
energy/site = -0.9139008162
43.7551% accepted

energy = -1753.278087
energy/site = -3.424371264
43.716% accepted

energy = -224.2644231
energy/site = -0.4380164513
43.6905% accepted

energy = -193.7626945
energy/site = -0.3784427627
43.763% accepted

energy = -557.5544391
energy/site = -1.088973514
43.6103% accepted

energy = -20588.8342
energy/site = -40.2125668
43.8413% accepted

energy = -2149.452474
energy/site = -4.198149364
43.7529% accepted

energy = -749.3904201
energy/site = -1.463653164
43.7972% accepted

energy = -1242.303931
energy/site = -2.426374864
43.812% accepted

energy = -2056.986535
energy/site = -4.017551825
43.8243% accepted

energy = -359.9053152
energy/site = -0.7029400687
43.5211% accepted

energy = -414.4527969
energy/site = -0.8094781189
43.6979% accepted

energy = -2401.264433
energy/site = -4.689969596
43.7202% accepted

energy = -734.9992376
energy/site = -1.435545386
43.7856% accepted

energy = -184.3739175
energy/site = -0.3601053076
43.5995% accepted

energy = -918.688135
energy/site = -1.794312764
43.7013% accepted

energy = -5076.27577
energy/site = -9.914601112
43.7148% accepted

energy = -899.5479431
energy/site = -1.756929576
43.6694% accepted

energy = -684.5421927
energy/site = -1.33699647
43.5862% accepted

energy = -164.6383974
energy/site = -0.3215593699
43.7608% accepted

energy = -995.1366931
energy/site = -1.943626354
43.6423% accepted

energy = -2282.237316
energy/site = -4.457494758
43.6531% accepted

energy = -1091.433368
energy/site = -2.131705797
43.8161% accepted

energy = -281.5693084
energy/site = -0.5499400555
43.7162% accepted

energy = -314.0930748
energy/site = -0.6134630366
43.5837% accepted

energy = -984.6467855
energy/site = -1.923138253
43.859% accepted

energy = -145.0789403
energy/site = -0.2833573053
43.6787% accepted

energy = -450.6899233
energy/site = -0.8802537564
43.6839% accepted

energy = -981.8330849
energy/site = -1.917642744
43.7627% accepted

energy = -1095.801957
energy/site = -2.140238198
43.9117% accepted

energy = -379.8014366
energy/site = -0.7417996809
43.6932% accepted

energy = -479.545398
energy/site = -0.9366121056
43.6237% accepted

energy = -182678.7819
energy/site = -356.7944959
43.746% accepted

energy = -773.4341082
energy/site = -1.510613493
43.7823% accepted

energy = -613.3189162
energy/site = -1.197888508
43.6292% accepted

energy = -63.60944262
energy/site = -0.1242371926
43.9758% accepted

energy = -116.2071034
energy/site = -0.2269669989
43.7253% accepted

energy = -113.6778042
energy/site = -0.2220269613
43.7936% accepted

energy = -591.1739332
energy/site = -1.154636588
43.7469% accepted

energy = -619.8678541
energy/site = -1.210679403
43.7729% accepted

energy = -260.1917018
energy/site = -0.5081869175
43.572% accepted

energy = -113.1745677
energy/site = -0.2210440776
43.736% accepted

energy = -832.5961214
energy/site = -1.6261643
43.7574% accepted

energy = -211.3204796
energy/site = -0.4127353116
43.6074% accepted

energy = -914.239365
energy/site = -1.78562376
43.8175% accepted

energy = -1057.377247
energy/site = -2.065189935
43.7933% accepted

energy = -939.6306134
energy/site = -1.835216042
43.7939% accepted

energy = -270.6778468
energy/site = -0.5286676696
43.6108% accepted

energy = -3092.230431
energy/site = -6.039512561
43.7278% accepted

energy = -1126.67541
energy/site = -2.200537911
43.6249% accepted

energy = -1572.028206
energy/site = -3.07036759
43.7979% accepted

energy = -651.055656
energy/site = -1.271593078
43.7204% accepted

energy = -7249.317255
energy/site = -14.15882276
43.7373% accepted

energy = -246.3802943
energy/site = -0.4812115124
43.5079% accepted

energy = -3662.571277
energy/site = -7.153459525
43.7092% accepted

energy = -236.2822515
energy/site = -0.4614887725
43.7919% accepted

energy = -937.1566688
energy/site = -1.830384119
43.6694% accepted

energy = -7091.761785
energy/site = -13.85109724
43.9215% accepted

energy = -398.4428377
energy/site = -0.7782086674
43.6416% accepted

energy = -1921.947474
energy/site = -3.75380366
43.8517% accepted

energy = -484.4393906
energy/site = -0.9461706848
43.7835% accepted

energy = -932.5031397
energy/site = -1.821295195
43.6241% accepted

energy = -677.2423695
energy/site = -1.322739003
43.7481% accepted

energy = -862.0417547
energy/site = -1.683675302
43.7163% accepted

energy = -992.2163235
energy/site = -1.937922507
43.6989% accepted

energy = -1127.071806
energy/site = -2.201312122
43.782% accepted

energy = -689.2756197
energy/site = -1.346241445
43.5885% accepted

energy = -1314.098765
energy/site = -2.56659915
43.6473% accepted

energy = -85.84254783
energy/site = -0.1676612262
43.6126% accepted

energy = -144.1258317
energy/site = -0.281495765
43.7392% accepted

energy = -1039.465726
energy/site = -2.030206496
43.7934% accepted

energy = -14166.20772
energy/site = -27.66837445
43.7811% accepted

energy = -554.6624935
energy/site = -1.083325183
43.7567% accepted

energy = -808.971744
energy/site = -1.580022938
43.7694% accepted

energy = -403.3989743
energy/site = -0.7878886217
43.5886% accepted

energy = -171.7587036
energy/site = -0.3354662179
43.7287% accepted

energy = -1429.709283
energy/site = -2.792400942
43.6614% accepted

energy = -243.4213015
energy/site = -0.4754322294
43.7318% accepted

energy = -345084.4383
energy/site = -673.9930435
43.8414% accepted

energy = -358.3820589
energy/site = -0.6999649588
43.8162% accepted

energy = -600.2489178
energy/site = -1.172361168
43.8957% accepted

energy = -3198.422902
energy/site = -6.246919731
43.7232% accepted

energy = -689.5163233
energy/site = -1.346711569
43.8408% accepted

energy = -1025.63558
energy/site = -2.003194493
43.7835% accepted

energy = -5500.841329
energy/site = -10.74383072
43.6643% accepted

energy = -6527.16118
energy/site = -12.74836168
43.8466% accepted

energy = -659.5646183
energy/site = -1.288212145
43.7234% accepted

energy = -304.6267483
energy/site = -0.5949741177
43.6662% accepted

energy = -544.9908417
energy/site = -1.064435238
43.7747% accepted

energy = -551.9423824
energy/site = -1.078012466
43.9293% accepted

energy = -516.1997152
energy/site = -1.008202569
43.6628% accepted

energy = -382.4328381
energy/site = -0.746939137
43.7799% accepted

energy = -151.80467
energy/site = -0.2964934961
43.5698% accepted

energy = -2429.38773
energy/site = -4.744897911
43.5444% accepted

energy = -381.2316475
energy/site = -0.7445930616
43.6571% accepted

energy = -1962.807243
energy/site = -3.833607896
43.7292% accepted

energy = -508.9880967
energy/site = -0.9941173764
43.7014% accepted

energy = -1681.832449
energy/site = -3.284829001
43.8375% accepted

energy = -2047.305789
energy/site = -3.998644119
43.7744% accepted

energy = -155.0452233
energy/site = -0.3028227017
43.8109% accepted

energy = -716.0420512
energy/site = -1.398519631
43.8751% accepted

energy = -629.7988695
energy/site = -1.230075917
43.7536% accepted

energy = -911.5911791
energy/site = -1.780451522
43.704% accepted

energy = -1814.618904
energy/site = -3.544177547
43.679% accepted

energy = -162.5307965
energy/site = -0.317442962
43.7774% accepted

energy = -435.4597044
energy/site = -0.8505072351
43.6997% accepted

energy = -392.6399804
energy/site = -0.7668749616
43.5147% accepted

energy = -528.8250644
energy/site = -1.032861454
43.7158% accepted

energy = -279.275724
energy/site = -0.5454603984
43.601% accepted

energy = -1671.921758
energy/site = -3.265472184
43.7987% accepted

energy = -219.1624917
energy/site = -0.4280517415
43.8556% accepted

energy = -285.0266703
energy/site = -0.5566927154
43.7506% accepted

energy = -545.0977824
energy/site = -1.064644106
43.7212% accepted

energy = -677.6600404
energy/site = -1.323554766
43.6478% accepted

energy = -1213.83347
energy/site = -2.370768495
43.6977% accepted

energy = -1290.960849
energy/site = -2.521407908
43.6949% accepted

energy = -550.5119898
energy/site = -1.07521873
43.8463% accepted

energy = -15065.26492
energy/site = -29.42434555
43.8447% accepted

energy = -340.4336445
energy/site = -0.664909462
43.5987% accepted

energy = -110.5169361
energy/site = -0.2158533908
43.7587% accepted

energy = -469.6023838
energy/site = -0.9171921559
43.7387% accepted

energy = -1529.054325
energy/site = -2.986434229
43.71% accepted

energy = -344.9200664
energy/site = -0.6736720047
43.7098% accepted

energy = -735.8512918
energy/site = -1.437209554
43.7018% accepted

energy = -279.1541077
energy/site = -0.5452228666
43.699% accepted

energy = -498.6083986
energy/site = -0.9738445285
43.5298% accepted

energy = -1752.338916
energy/site = -3.422536946
43.5871% accepted

energy = -793.9832805
energy/site = -1.550748595
43.7189% accepted

energy = -5425.110074
energy/site = -10.59591811
43.597% accepted

energy = -230.3405387
energy/site = -0.4498838646
43.7493% accepted

energy = -203.6576553
energy/site = -0.397768858
43.8687% accepted

energy = -382.1025278
energy/site = -0.7462939997
43.6086% accepted

energy = -538.4400787
energy/site = -1.051640779
43.76% accepted

energy = -6340.620996
energy/site = -12.38402538
43.6075% accepted

energy = -105.0679155
energy/site = -0.2052107725
43.6673% accepted

energy = -462.4856243
energy/site = -0.9032922349
43.7715% accepted

energy = -76729.20881
energy/site = -149.861736
43.6762% accepted

energy = -544.3189427
energy/site = -1.063122935
43.6762% accepted

energy = -261.3796001
energy/site = -0.5105070315
43.6646% accepted

energy = -151.1909658
energy/site = -0.2952948552
43.6863% accepted

energy = -2186.399798
energy/site = -4.270312105
43.7488% accepted

energy = -494.0105598
energy/site = -0.9648643745
43.7272% accepted

energy = -1366.996236
energy/site = -2.669914523
43.7025% accepted

energy = -90.7313424
energy/site = -0.1772096531
43.6432% accepted

energy = -1769.077941
energy/site = -3.455230354
43.7638% accepted

energy = -88.36911733
energy/site = -0.1725959323
43.5228% accepted

energy = -592.5847865
energy/site = -1.157392161
44.0391% accepted

energy = -491.3770323
energy/site = -0.9597207661
43.6545% accepted

energy = -182.4272746
energy/site = -0.3563032707
43.799% accepted

energy = -990.9231663
energy/site = -1.935396809
43.8587% accepted

energy = -537.913213
energy/site = -1.050611744
43.768% accepted

energy = -1695.434611
energy/site = -3.311395724
43.7244% accepted

energy = -108.7707463
energy/site = -0.2124428638
43.7129% accepted

energy = -147.6077224
energy/site = -0.2882963329
43.7588% accepted

energy = -1094.54261
energy/site = -2.137778535
43.6991% accepted

energy = -711.5246725
energy/site = -1.389696626
43.7793% accepted

energy = -1986.725426
energy/site = -3.880323098
43.6539% accepted

energy = -475.7975006
energy/site = -0.9292919934
43.7809% accepted

energy = -3136.000206
energy/site = -6.125000402
43.7137% accepted

energy = -155.758191
energy/site = -0.3042152167
43.5372% accepted

energy = -991.5196747
energy/site = -1.936561865
43.609% accepted

energy = -207.3286767
energy/site = -0.4049388217
43.8005% accepted

energy = -313.8072786
energy/site = -0.6129048409
43.8007% accepted

energy = -753.1802876
energy/site = -1.471055249
43.7146% accepted

energy = -14084.49505
energy/site = -27.5087794
43.6983% accepted

energy = -388.3206754
energy/site = -0.7584388191
43.6693% accepted

energy = -159.5675213
energy/site = -0.311655315
43.7006% accepted

energy = -1016.47923
energy/site = -1.985310996
43.7377% accepted

energy = -150.2247793
energy/site = -0.2934077721
43.6901% accepted

energy = -1425.126992
energy/site = -2.783451156
43.7643% accepted

energy = -161.906279
energy/site = -0.3162232011
43.7998% accepted

energy = -467.6115739
energy/site = -0.9133038553
43.802% accepted

energy = -263.5856384
energy/site = -0.5148156999
43.7415% accepted

energy = -983.3190055
energy/site = -1.920544933
43.6597% accepted

energy = -17510.595
energy/site = -34.20038086
43.6156% accepted

energy = -347.8424667
energy/site = -0.6793798179
43.7408% accepted

energy = -199.2849373
energy/site = -0.3892283931
43.7171% accepted

energy = -559.2998433
energy/site = -1.092382506
43.7113% accepted

energy = -611.7568581
energy/site = -1.194837613
43.744% accepted

energy = -1269.82019
energy/site = -2.480117558
43.6412% accepted

energy = -918.2051148
energy/site = -1.793369365
43.6424% accepted

energy = -1982.128994
energy/site = -3.871345692
43.8323% accepted

energy = -312.623723
energy/site = -0.6105932089
43.6281% accepted

energy = -3136.723282
energy/site = -6.12641266
43.7359% accepted

energy = -242.7468684
energy/site = -0.4741149773
43.7015% accepted

energy = -888.2578388
energy/site = -1.734878591
43.6104% accepted

energy = -1256.655895
energy/site = -2.454406045
43.7297% accepted

energy = -140.592783
energy/site = -0.2745952794
43.7899% accepted

energy = -1035.548255
energy/site = -2.022555186
43.7295% accepted

energy = -1627.45151
energy/site = -3.17861623
43.7087% accepted

energy = -444.2616662
energy/site = -0.8676985668
43.5749% accepted

energy = -4004.628925
energy/site = -7.821540869
43.7615% accepted

energy = -117.5293158
energy/site = -0.229549445
43.8262% accepted

energy = -1313.961748
energy/site = -2.566331539
43.6701% accepted

energy = -11137.90892
energy/site = -21.75372835
43.7366% accepted

energy = -651.0721178
energy/site = -1.27162523
43.667% accepted

energy = -448.4969015
energy/site = -0.8759705108
43.7785% accepted

energy = -2747.671507
energy/site = -5.366545911
43.6774% accepted

energy = -89.86901589
energy/site = -0.1755254217
43.7522% accepted

energy = -780.215458
energy/site = -1.523858316
43.5771% accepted

energy = -196.0134452
energy/site = -0.3828387601
43.6695% accepted

energy = -280.9391246
energy/site = -0.5487092277
43.62% accepted

energy = -445.2898035
energy/site = -0.8697066474
43.5951% accepted

energy = -634.9111478
energy/site = -1.240060836
43.8096% accepted

energy = -121.966764
energy/site = -0.238216336
43.6998% accepted

energy = -3653.292384
energy/site = -7.135336687
43.7185% accepted

energy = -170.6356799
energy/site = -0.3332728124
43.6931% accepted

energy = -71.48550675
energy/site = -0.1396201304
43.8609% accepted

energy = -249.3833572
energy/site = -0.4870768696
43.6951% accepted

energy = -301.0877437
energy/site = -0.5880619994
43.7386% accepted

energy = -5945.320242
energy/site = -11.6119536
43.7517% accepted

energy = -297.0042893
energy/site = -0.5800865025
43.6652% accepted

energy = -2904.958727
energy/site = -5.673747513
43.7264% accepted

energy = -399.7068523
energy/site = -0.7806774458
43.6772% accepted

energy = -3084.837694
energy/site = -6.025073621
43.6764% accepted

energy = -1157.079467
energy/site = -2.259920835
43.5063% accepted

energy = -2493.512438
energy/site = -4.870141481
43.8056% accepted

energy = -316.1110583
energy/site = -0.6174044108
43.7226% accepted

energy = -1359.232037
energy/site = -2.654750072
43.6598% accepted

energy = -887.6491874
energy/site = -1.733689819
43.7726% accepted

energy = -1412.06826
energy/site = -2.757945821
43.7442% accepted

energy = -522.8264491
energy/site = -1.021145408
43.6059% accepted

energy = -1151.01973
energy/site = -2.248085411
43.6999% accepted

energy = -144.9019353
energy/site = -0.2830115923
43.8178% accepted

energy = -2091.781334
energy/site = -4.085510419
43.7172% accepted

energy = -790.7465417
energy/site = -1.544426839
43.6841% accepted

energy = -5166.089947
energy/site = -10.09001943
43.6634% accepted

energy = -463.6784138
energy/site = -0.9056219019
43.7643% accepted

energy = -1020.031343
energy/site = -1.992248716
43.8848% accepted

energy = -4040.756411
energy/site = -7.892102365
43.6997% accepted

energy = -2830.486584
energy/site = -5.52829411
43.7875% accepted

energy = -637.7443165
energy/site = -1.245594368
43.8065% accepted

energy = -2129.508018
energy/site = -4.159195348
43.8153% accepted

energy = -2138.397001
energy/site = -4.176556643
43.8442% accepted

energy = -935.1254855
energy/site = -1.826416964
43.7816% accepted

energy = -23.6670111
energy/site = -0.04622463105
43.707% accepted

energy = -456.0658258
energy/site = -0.8907535661
43.6614% accepted

energy = -1616.634478
energy/site = -3.157489215
43.97% accepted

energy = -370.6281215
energy/site = -0.7238830499
43.738% accepted

energy = -1031.619609
energy/site = -2.014882048
43.7511% accepted

energy = -2032.86032
energy/site = -3.970430312
43.6601% accepted

energy = -1442.969357
energy/site = -2.818299525
43.7593% accepted

energy = -2568.930561
energy/site = -5.017442501
43.7638% accepted

energy = -689.1178827
energy/site = -1.345933365
43.6703% accepted

energy = -271.9817639
energy/site = -0.5312143827
43.7569% accepted

energy = -733.3462432
energy/site = -1.432316881
43.6693% accepted

energy = -2793.389725
energy/site = -5.455839307
43.6572% accepted

energy = -3185.019264
energy/site = -6.22074075
43.8365% accepted

energy = -375.8336001
energy/site = -0.7340500002
43.5698% accepted

energy = -831.8851341
energy/site = -1.624775653
43.6328% accepted

energy = -128.2240432
energy/site = -0.2504375844
43.7319% accepted

energy = -3751.176123
energy/site = -7.326515865
43.688% accepted

energy = -249.3419698
energy/site = -0.4869960347
43.7035% accepted

energy = -972.0639163
energy/site = -1.898562337
43.6924% accepted

energy = -681.2876477
energy/site = -1.330639937
43.7562% accepted

energy = -382.9995764
energy/site = -0.7480460477
43.7709% accepted

energy = -3171.461268
energy/site = -6.194260289
43.7971% accepted

energy = -2444.179745
energy/site = -4.773788564
43.7721% accepted

energy = -937.2451268
energy/site = -1.830556888
43.6144% accepted

energy = -1832.038614
energy/site = -3.578200418
43.7988% accepted

energy = -2154.433451
energy/site = -4.207877834
43.8157% accepted

energy = -6945.853989
energy/site = -13.56612107
43.6616% accepted

energy = -1007.300462
energy/site = -1.967383716
43.5814% accepted

energy = -348.7013186
energy/site = -0.6810572629
43.6886% accepted

energy = -2062.938824
energy/site = -4.02917739
43.6795% accepted

energy = -2553.72463
energy/site = -4.987743419
43.7385% accepted

energy = -378.8886251
energy/site = -0.7400168458
43.7133% accepted

energy = -1828.09804
energy/site = -3.570503984
43.651% accepted

energy = -1545.548282
energy/site = -3.018648989
43.7531% accepted

energy = -779.2692364
energy/site = -1.522010227
43.5241% accepted

energy = -437.0131924
energy/site = -0.8535413914
43.5455% accepted

energy = -1851.703221
energy/site = -3.616607853
43.5434% accepted

energy = -214.9690721
energy/site = -0.4198614689
43.8384% accepted

energy = -1012.19727
energy/site = -1.976947793
43.6616% accepted

energy = -4437.438535
energy/site = -8.666872139
43.686% accepted

energy = -199.703825
energy/site = -0.3900465332
43.6714% accepted

energy = -2181.687836
energy/site = -4.261109055
43.6853% accepted

energy = -179.721473
energy/site = -0.3510185019
43.7332% accepted

energy = -158.3081701
energy/site = -0.3091956448
43.6587% accepted

energy = -736.7410245
energy/site = -1.438947313
43.7728% accepted

energy = -6177.356774
energy/site = -12.06514995
43.6638% accepted

energy = -315.9637064
energy/site = -0.6171166141
43.6778% accepted

energy = -879.0558671
energy/site = -1.71690599
43.6674% accepted

energy = -44154.84291
energy/site = -86.23992755
43.7053% accepted

energy = -495.1440428
energy/site = -0.9670782086
43.839% accepted

energy = -555.7755076
energy/site = -1.085499038
43.7234% accepted

energy = -122.4099864
energy/site = -0.2390820047
43.5964% accepted

energy = -1732.335365
energy/site = -3.383467509
43.6213% accepted

energy = -2095.491559
energy/site = -4.092756951
43.9914% accepted

energy = -809.3008355
energy/site = -1.580665694
43.6824% accepted

energy = -1301.414003
energy/site = -2.541824225
43.7445% accepted

energy = -190.7617686
energy/site = -0.3725815794
43.6451% accepted

energy = -2016.838551
energy/site = -3.939137796
43.6091% accepted

energy = -10851.11108
energy/site = -21.19357633
43.7283% accepted

energy = -380.0303935
energy/site = -0.7422468624
43.7562% accepted

energy = -379.889387
energy/site = -0.741971459
43.7208% accepted

energy = -4281.234097
energy/site = -8.361785345
43.8274% accepted

energy = -1737.824857
energy/site = -3.394189174
43.7315% accepted

energy = -589.7707473
energy/site = -1.151895991
43.7005% accepted

energy = -694.1828701
energy/site = -1.355825918
43.6831% accepted

energy = -6758.870128
energy/site = -13.20091822
43.6674% accepted

energy = -196.8696382
energy/site = -0.3845110122
43.9061% accepted

energy = -632.1808849
energy/site = -1.234728291
43.7646% accepted

energy = -638.7632673
energy/site = -1.247584507
43.7371% accepted

energy = -1073.465969
energy/site = -2.09661322
43.7135% accepted

energy = -463.3867051
energy/site = -0.9050521583
43.6283% accepted

energy = -56.6516478
energy/site = -0.1106477496
43.7839% accepted

energy = -2356.530584
energy/site = -4.602598797
43.6469% accepted

energy = -2555.025942
energy/site = -4.990285043
43.7234% accepted

energy = -593.8646057
energy/site = -1.159891808
43.6444% accepted

energy = -552.8556703
energy/site = -1.079796231
43.6893% accepted

energy = -18677.1106
energy/site = -36.47873165
43.7561% accepted

energy = -301.0373183
energy/site = -0.5879635123
43.7198% accepted

energy = -185.882848
energy/site = -0.3630524374
43.6333% accepted

energy = -206.124879
energy/site = -0.4025876542
43.7501% accepted

energy = -283.6414934
energy/site = -0.5539872918
43.7093% accepted

energy = -479.1641901
energy/site = -0.9358675588
43.7819% accepted

energy = -4274.064653
energy/site = -8.347782526
43.8524% accepted

energy = -10009.94295
energy/site = -19.55066983
43.706% accepted

energy = -2579.019823
energy/site = -5.037148092
43.8316% accepted

energy = -179.8957732
energy/site = -0.351358932
43.5578% accepted

energy = -555.1327871
energy/site = -1.084243725
43.667% accepted

energy = -2712.255653
energy/site = -5.297374323
43.7103% accepted

energy = -176.6093082
energy/site = -0.344940055
43.6157% accepted

energy = -556.6990984
energy/site = -1.087302927
43.8205% accepted

energy = -1556.519193
energy/site = -3.040076549
43.7938% accepted

energy = -155.1509665
energy/site = -0.3030292314
43.8633% accepted

energy = -6261.686095
energy/site = -12.22985565
43.7679% accepted

energy = -98.24850436
energy/site = -0.1918916101
43.6881% accepted

energy = -4420.677717
energy/site = -8.634136166
43.77% accepted

energy = -736.4329451
energy/site = -1.438345596
43.8202% accepted

energy = -533.1425511
energy/site = -1.041294045
43.6252% accepted

energy = -189.5915081
energy/site = -0.3702959142
43.7032% accepted

energy = -9279.035733
energy/site = -18.12311667
43.6218% accepted

energy = -393.8777504
energy/site = -0.7692924813
43.5914% accepted

energy = -13565.82731
energy/site = -26.49575646
43.561% accepted

energy = -2897.903818
energy/site = -5.659968394
43.7785% accepted

energy = -23779.76288
energy/site = -46.44484938
43.7879% accepted

energy = -324.3517059
energy/site = -0.6334994256
43.6873% accepted

energy = -3120.284074
energy/site = -6.094304831
43.7774% accepted

energy = -1969.798946
energy/site = -3.847263567
43.7996% accepted

energy = -507.2723524
energy/site = -0.9907663133
43.7077% accepted

energy = -16191.99161
energy/site = -31.62498361
43.8365% accepted

energy = -8222.342611
energy/site = -16.05926291
43.7215% accepted

energy = -1689.238058
energy/site = -3.299293082
43.8413% accepted

energy = -2942.209786
energy/site = -5.746503489
43.7735% accepted

energy = -3981.05305
energy/site = -7.775494238
43.6074% accepted

energy = -491.4013727
energy/site = -0.959768306
43.7273% accepted

energy = -130.7724784
energy/site = -0.2554149968
43.6846% accepted

energy = -2833.883995
energy/site = -5.534929677
43.5855% accepted

energy = -345.8699762
energy/site = -0.6755272972
43.5292% accepted

energy = -324.1754702
energy/site = -0.6331552153
43.6658% accepted

energy = -650.4445416
energy/site = -1.270399495
43.8245% accepted

energy = -85.75610316
energy/site = -0.167492389
43.6088% accepted

energy = -1367.96879
energy/site = -2.671814043
43.5844% accepted

energy = -1041.343364
energy/site = -2.033873759
43.5856% accepted

energy = -224.2910063
energy/site = -0.4380683717
43.7585% accepted

energy = -439.7227204
energy/site = -0.8588334382
43.6248% accepted

energy = -6798.21652
energy/site = -13.27776664
43.6731% accepted

energy = -186.5200818
energy/site = -0.3642970348
43.8917% accepted

energy = -603.6493662
energy/site = -1.179002668
43.6816% accepted

energy = -218.0285686
energy/site = -0.425837048
43.6008% accepted

energy = -12603.47046
energy/site = -24.61615324
43.7394% accepted

energy = -179.9285067
energy/site = -0.3514228646
43.6633% accepted

energy = -1629.237443
energy/site = -3.182104381
43.5582% accepted

energy = -348.079437
energy/site = -0.6798426503
43.7101% accepted

energy = -11569.90347
energy/site = -22.59746771
43.6604% accepted

energy = -1377.355302
energy/site = -2.690147075
43.8796% accepted

energy = -653.4555204
energy/site = -1.276280313
43.7999% accepted

energy = -23379.60766
energy/site = -45.6632962
43.5435% accepted

energy = -15935.15649
energy/site = -31.12335252
43.7054% accepted

energy = -125.02378
energy/site = -0.2441870704
43.5803% accepted

energy = -1266.180597
energy/site = -2.473008979
43.5617% accepted

energy = -4154.54179
energy/site = -8.114339433
43.9075% accepted

energy = -1752.138667
energy/site = -3.422145834
43.7184% accepted

energy = -365.4777154
energy/site = -0.7138236629
43.5965% accepted

energy = -780.5141175
energy/site = -1.524441636
43.8089% accepted

energy = -1746.864555
energy/site = -3.411844834
43.8261% accepted

energy = -886.0312189
energy/site = -1.730529724
43.7021% accepted

energy = -1942.294903
energy/site = -3.793544733
43.8257% accepted

energy = -179.915201
energy/site = -0.3513968769
43.8711% accepted

energy = -831.4271374
energy/site = -1.623881128
43.7331% accepted

energy = -534.8551346
energy/site = -1.044638935
43.9823% accepted

energy = -29918.67359
energy/site = -58.43490936
43.8213% accepted

energy = -654.0140794
energy/site = -1.277371249
43.5965% accepted

energy = -510.7569435
energy/site = -0.9975721553
43.6802% accepted

energy = -414.5088661
energy/site = -0.809587629
43.7432% accepted

energy = -1297.235913
energy/site = -2.533663892
43.7489% accepted

energy = -875.8467935
energy/site = -1.710638269
43.7428% accepted

energy = -1372.16024
energy/site = -2.680000469
43.799% accepted

energy = -604.9937151
energy/site = -1.18162835
43.6257% accepted

energy = -1793.83457
energy/site = -3.503583144
43.6749% accepted

energy = -316.543529
energy/site = -0.61824908
43.586% accepted

energy = -699.9120281
energy/site = -1.36701568
43.6961% accepted

energy = -3055.443422
energy/site = -5.967662933
43.6749% accepted

energy = -4315.068868
energy/site = -8.427868884
43.8498% accepted

energy = -2217.814286
energy/site = -4.331668527
43.5097% accepted

energy = -871.766313
energy/site = -1.70266858
43.568% accepted

energy = -13177.41177
energy/site = -25.73713237
43.7746% accepted

energy = -769.7347972
energy/site = -1.503388276
43.7911% accepted

energy = -1962.95351
energy/site = -3.833893574
43.7786% accepted

energy = -1031.252354
energy/site = -2.014164753
43.8415% accepted

energy = -334.5689718
energy/site = -0.653455023
43.6612% accepted

energy = -2847.117014
energy/site = -5.560775418
43.7638% accepted

energy = -429.980329
energy/site = -0.8398053302
43.7291% accepted

energy = -1918.888548
energy/site = -3.747829196
43.8053% accepted

energy = -386.2478275
energy/site = -0.7543902881
43.6629% accepted

energy = -125.4954356
energy/site = -0.2451082726
43.7119% accepted

energy = -830.9177985
energy/site = -1.622886325
43.6268% accepted

energy = -1162.504633
energy/site = -2.27051686
43.8336% accepted

energy = -290.3841334
energy/site = -0.5671565105
43.719% accepted

energy = -2889.236127
energy/site = -5.643039311
43.8775% accepted

energy = -4209.650207
energy/site = -8.22197306
43.6685% accepted

energy = -28368.65417
energy/site = -55.40752768
43.7692% accepted

energy = -4470.621248
energy/site = -8.731682125
43.8092% accepted

energy = -1300.481232
energy/site = -2.540002405
43.5968% accepted

energy = -167.881752
energy/site = -0.3278940469
43.6348% accepted

energy = -349.6377077
energy/site = -0.6828861478
43.6128% accepted

energy = -171.5670445
energy/site = -0.3350918838
43.6118% accepted

energy = -157.9464221
energy/site = -0.3084891056
43.6426% accepted

energy = -753.3383029
energy/site = -1.471363873
43.5318% accepted

energy = -191.7921739
energy/site = -0.3745940896
43.634% accepted

energy = -5713.474525
energy/site = -11.15912993
43.8131% accepted

energy = -8193.409838
energy/site = -16.00275359
43.6656% accepted

energy = -1303.909932
energy/site = -2.546699087
43.8213% accepted

energy = -1243.904787
energy/site = -2.429501537
43.6649% accepted

energy = -1417.069706
energy/site = -2.76771427
43.7818% accepted

energy = -322.1734426
energy/site = -0.6292450051
43.6283% accepted

energy = -379.7543034
energy/site = -0.7417076239
43.6547% accepted

energy = -2332.551864
energy/site = -4.555765359
43.6689% accepted

energy = -316.121617
energy/site = -0.6174250333
43.7477% accepted

energy = -321.0327394
energy/site = -0.6270170691
43.7605% accepted

energy = -473.2655676
energy/site = -0.9243468118
43.7911% accepted

energy = -525.3927396
energy/site = -1.026157695
43.7702% accepted

energy = -609.6666992
energy/site = -1.190755272
43.7287% accepted

energy = -2846.988704
energy/site = -5.560524812
43.7532% accepted

energy = -48.25119599
energy/site = -0.09424061716
43.7312% accepted

energy = -2029.651407
energy/site = -3.964162904
43.6634% accepted

energy = -1394.619188
energy/site = -2.723865602
43.9016% accepted

energy = -1503.853346
energy/site = -2.937213567
43.6163% accepted

energy = -269.4089802
energy/site = -0.5261894145
43.5555% accepted

energy = -307.7394826
energy/site = -0.6010536769
43.8282% accepted

energy = -161.8496976
energy/site = -0.3161126906
43.7824% accepted

energy = -2432.686839
energy/site = -4.751341482
43.7429% accepted

energy = -233.946254
energy/site = -0.4569262774
43.7546% accepted

energy = -659.0343701
energy/site = -1.287176504
43.7301% accepted

energy = -1391.577335
energy/site = -2.717924483
43.6989% accepted

energy = -804.5783317
energy/site = -1.571442054
43.6552% accepted

energy = -189.8166683
energy/site = -0.3707356803
43.6089% accepted

energy = -216.387916
energy/site = -0.4226326485
43.8499% accepted

energy = -494.5012853
energy/site = -0.9658228228
43.6843% accepted

energy = -241.5310832
energy/site = -0.4717403969
43.7532% accepted

energy = -49.49188228
energy/site = -0.09666383257
43.6749% accepted

energy = -304.9633778
energy/site = -0.5956315973
43.7738% accepted

energy = -1636.018245
energy/site = -3.195348134
43.756% accepted

energy = -4673.035314
energy/site = -9.127022097
43.9113% accepted

energy = -18241.01288
energy/site = -35.62697828
43.8032% accepted

energy = -2803.873023
energy/site = -5.476314498
43.7505% accepted

energy = -201.5430361
energy/site = -0.3936387425
43.6639% accepted

energy = -478.8280207
energy/site = -0.935210978
43.8545% accepted

energy = -438.164376
energy/site = -0.8557897969
43.7047% accepted

energy = -272.1878243
energy/site = -0.5316168443
43.5943% accepted

energy = -626.2641225
energy/site = -1.223172114
43.6328% accepted

energy = -4689.753562
energy/site = -9.159674925
43.84% accepted

energy = -17506.45292
energy/site = -34.19229086
43.7054% accepted

energy = -226.3172966
energy/site = -0.4420259699
43.6729% accepted

energy = -234.2169925
energy/site = -0.4574550634
43.6644% accepted

energy = -1785.920484
energy/site = -3.488125944
43.8684% accepted

energy = -799.4664706
energy/site = -1.56145795
43.7129% accepted

energy = -1095.508471
energy/site = -2.139664983
43.7163% accepted

energy = -3297.122475
energy/site = -6.439692334
43.5536% accepted

energy = -477.4640763
energy/site = -0.932547024
43.7002% accepted

energy = -788.4878065
energy/site = -1.540015247
43.6043% accepted

energy = -3780.531559
energy/site = -7.383850701
43.7378% accepted

energy = -234.0039937
energy/site = -0.4570390501
43.7041% accepted

energy = -430.8270683
energy/site = -0.8414591178
43.6221% accepted

energy = -583.0351329
energy/site = -1.138740494
43.6463% accepted

energy = -323.0136516
energy/site = -0.6308860382
43.7545% accepted

energy = -256.3924664
energy/site = -0.500766536
43.634% accepted

energy = -185.3611019
energy/site = -0.3620334022
43.6391% accepted

energy = -1306.455195
energy/site = -2.551670303
43.7527% accepted

energy = -1010.754098
energy/site = -1.974129097
43.8199% accepted

energy = -1828.522445
energy/site = -3.5713329
43.7252% accepted

energy = -285.4172398
energy/site = -0.5574555465
43.6523% accepted

energy = -266.2614144
energy/site = -0.520041825
43.6615% accepted

energy = -760.0440652
energy/site = -1.484461065
43.6564% accepted

energy = -147.1595064
energy/site = -0.287420911
43.8323% accepted

energy = -3537.464379
energy/site = -6.909110116
43.7245% accepted

energy = -250.2839277
energy/site = -0.4888357962
43.8416% accepted

energy = -1097.662737
energy/site = -2.143872533
43.7066% accepted

energy = -2501.536552
energy/site = -4.885813578
43.6807% accepted

energy = -866.0147061
energy/site = -1.691434973
43.6584% accepted

energy = -2307.966096
energy/site = -4.507746281
43.7656% accepted

energy = -268.219328
energy/site = -0.523865875
43.567% accepted

energy = -2002.75368
energy/site = -3.911628281
43.8185% accepted

energy = -1140.698005
energy/site = -2.22792579
43.8734% accepted

energy = -309.1170651
energy/site = -0.6037442678
43.7123% accepted

