
weighting by <swap_x> where x = 8
9 x 36 x 1 system
r   = 3  bondops changed per step 
n/N = 80  bond operators / site
its = 1000000  iterations/loop for 10000 loops

energy = -3963.834761
energy/site = -6.117028952
45.0248% accepted

energy = -221.259964
energy/site = -0.3414505618
44.2193% accepted

energy = -737.3352859
energy/site = -1.137863096
44.2416% accepted

energy = -1969.950142
energy/site = -3.040046515
44.2386% accepted

energy = -8002.667911
energy/site = -12.34979616
44.3245% accepted

energy = -620.6504636
energy/site = -0.9577939253
44.2106% accepted

energy = -212.5710089
energy/site = -0.3280416804
44.1795% accepted

energy = -826.9032618
energy/site = -1.276085281
44.1762% accepted

energy = -1233.352184
energy/site = -1.903321272
44.3091% accepted

energy = -5727.244854
energy/site = -8.838340824
44.1586% accepted

energy = -2319.463656
energy/site = -3.579419223
44.3065% accepted

energy = -2460.812944
energy/site = -3.79755084
44.2469% accepted

energy = -2173.926435
energy/site = -3.354824745
44.3286% accepted

energy = -547.7651477
energy/site = -0.845316586
44.1763% accepted

energy = -1352.836649
energy/site = -2.087710879
44.2435% accepted

energy = -463.9189881
energy/site = -0.7159243643
44.2852% accepted

energy = -1862.584633
energy/site = -2.874359001
44.2074% accepted

energy = -10950.00358
energy/site = -16.89815367
44.2016% accepted

energy = -4768.656613
energy/site = -7.359037983
44.3188% accepted

energy = -960.0693069
energy/site = -1.481588437
44.2009% accepted

energy = -14607.40986
energy/site = -22.54229917
44.2219% accepted

energy = -473.4253606
energy/site = -0.7305946922
44.3122% accepted

energy = -475.287171
energy/site = -0.7334678564
44.1923% accepted

energy = -1026.204195
energy/site = -1.58364845
44.1111% accepted

energy = -330.7285575
energy/site = -0.5103835764
44.1598% accepted

energy = -1133.43657
energy/site = -1.749130509
44.345% accepted

energy = -5308.727659
energy/site = -8.192480955
44.2053% accepted

energy = -574.9822764
energy/site = -0.8873183277
44.2404% accepted

energy = -1660.1819
energy/site = -2.562009105
44.2772% accepted

energy = -78.99886756
energy/site = -0.1219118327
44.347% accepted

energy = -361.4125629
energy/site = -0.5577354366
44.293% accepted

energy = -1495.847825
energy/site = -2.308407137
44.3379% accepted

energy = -108.9637754
energy/site = -0.1681539744
44.0558% accepted

energy = -5954.744634
energy/site = -9.189420731
44.2595% accepted

energy = -120.5415753
energy/site = -0.1860209496
44.2706% accepted

energy = -7241.483668
energy/site = -11.17512912
44.2801% accepted

energy = -1332.155122
energy/site = -2.055794942
44.2625% accepted

energy = -5757.500507
energy/site = -8.885031647
44.2572% accepted

energy = -762.2513858
energy/site = -1.176313867
44.1825% accepted

energy = -241.0365378
energy/site = -0.3719699658
44.2976% accepted

energy = -149.0909313
energy/site = -0.2300785977
44.219% accepted

energy = -428.6877203
energy/site = -0.6615551239
44.3419% accepted

energy = -414.8460538
energy/site = -0.6401945275
44.1782% accepted

energy = -776.601136
energy/site = -1.198458543
44.224% accepted

energy = -1499.434779
energy/site = -2.31394256
44.0078% accepted

energy = -1423.528843
energy/site = -2.19680377
44.2889% accepted

energy = -216.2163318
energy/site = -0.3336671787
44.3296% accepted

energy = -745.7501021
energy/site = -1.150848923
44.3188% accepted

energy = -2536.168771
energy/site = -3.913840696
44.2521% accepted

energy = -800.413996
energy/site = -1.235206784
44.2515% accepted

energy = -1613.550258
energy/site = -2.490046695
44.3838% accepted

energy = -866.8780964
energy/site = -1.33777484
44.1037% accepted

energy = -72207.24564
energy/site = -111.4309346
44.2456% accepted

energy = -255.8931592
energy/site = -0.3948968506
44.2528% accepted

energy = -9760.038193
energy/site = -15.06178733
44.1982% accepted

energy = -967.9461219
energy/site = -1.493744015
44.1466% accepted

energy = -274.980803
energy/site = -0.4243530911
44.258% accepted

energy = -670.8014599
energy/site = -1.035187438
44.427% accepted

energy = -7108.035654
energy/site = -10.96919082
44.1573% accepted

energy = -311.0906327
energy/site = -0.4800781368
44.1425% accepted

energy = -5549.280195
energy/site = -8.563704004
44.273% accepted

energy = -4542.011019
energy/site = -7.009276263
44.1964% accepted

energy = -10914.68005
energy/site = -16.84364205
44.2332% accepted

energy = -310.7618154
energy/site = -0.4795707028
44.2111% accepted

energy = -1007.726223
energy/site = -1.55513306
44.3096% accepted

energy = -2642.005479
energy/site = -4.07716895
44.3958% accepted

energy = -577.6372097
energy/site = -0.8914154471
44.3903% accepted

energy = -1658.966641
energy/site = -2.560133705
44.3581% accepted

energy = -3760.215263
energy/site = -5.802801332
44.3093% accepted

energy = -1101.365666
energy/site = -1.699638374
44.3281% accepted

energy = -15221.80749
energy/site = -23.49044366
44.2726% accepted

energy = -1127.220927
energy/site = -1.739538468
44.2568% accepted

energy = -1415.454728
energy/site = -2.184343717
44.3144% accepted

energy = -4104.077195
energy/site = -6.333452462
44.2294% accepted

energy = -1196.307235
energy/site = -1.846153141
44.2416% accepted

energy = -4616.621713
energy/site = -7.124416223
44.3242% accepted

energy = -4355.386258
energy/site = -6.721275089
44.3446% accepted

energy = -445.6338716
energy/site = -0.6877065919
44.2882% accepted

energy = -6564.574284
energy/site = -10.13051587
44.2716% accepted

energy = -5825.79054
energy/site = -8.9904175
44.2586% accepted

energy = -1912.955822
energy/site = -2.952092318
44.1877% accepted

energy = -1675.462539
energy/site = -2.585590337
44.3069% accepted

energy = -2070.940962
energy/site = -3.195896546
44.257% accepted

energy = -540.0391973
energy/site = -0.833393823
44.1169% accepted

energy = -668.678315
energy/site = -1.03191098
44.2431% accepted

energy = -479.4262853
energy/site = -0.7398553786
44.2126% accepted

energy = -7460.393533
energy/site = -11.51295298
44.0509% accepted

energy = -794.9647283
energy/site = -1.22679742
44.1785% accepted

energy = -3007.213194
energy/site = -4.640761102
44.1574% accepted

energy = -635.4351523
energy/site = -0.9806098029
44.1807% accepted

energy = -2070.471526
energy/site = -3.195172108
44.2741% accepted

energy = -1144.672795
energy/site = -1.766470363
44.3166% accepted

energy = -599.8200328
energy/site = -0.9256481987
44.1201% accepted

energy = -588.0848604
energy/site = -0.9075383649
44.4233% accepted

energy = -866.3151452
energy/site = -1.336906088
44.1948% accepted

energy = -1113.673829
energy/site = -1.718632452
44.3018% accepted

energy = -543.4165811
energy/site = -0.8386058351
44.3736% accepted

energy = -363.3226417
energy/site = -0.560683089
44.168% accepted

energy = -611.0370105
energy/site = -0.9429583496
44.122% accepted

energy = -1879.804947
energy/site = -2.90093356
44.2644% accepted

energy = -7086.35143
energy/site = -10.93572752
44.2529% accepted

energy = -2429.298349
energy/site = -3.748917206
44.3009% accepted

energy = -1627.36348
energy/site = -2.511363395
44.2891% accepted

energy = -1282.099199
energy/site = -1.978548147
44.2407% accepted

energy = -1285.896367
energy/site = -1.984407974
44.2624% accepted

energy = -520.9800809
energy/site = -0.8039816063
44.2027% accepted

energy = -797.5872232
energy/site = -1.23084448
44.1939% accepted

energy = -7269.732779
energy/site = -11.21872342
44.1369% accepted

energy = -1153.326568
energy/site = -1.77982495
44.3326% accepted

energy = -1196.805368
energy/site = -1.846921864
44.3845% accepted

energy = -3099.906726
energy/site = -4.783806676
44.1435% accepted

energy = -821.6843208
energy/site = -1.268031359
44.3642% accepted

energy = -470.7348085
energy/site = -0.7264426057
44.3864% accepted

energy = -3237.071618
energy/site = -4.995480891
44.3613% accepted

energy = -1248.802768
energy/site = -1.927164766
44.1832% accepted

energy = -3823.965536
energy/site = -5.901181383
44.267% accepted

energy = -990.0737521
energy/site = -1.527891593
44.0589% accepted

energy = -1502.922134
energy/site = -2.319324281
44.2333% accepted

energy = -195.8421301
energy/site = -0.3022255093
44.2451% accepted

energy = -1290.848936
energy/site = -1.992050827
44.2754% accepted

energy = -2573.417015
energy/site = -3.971322554
44.2872% accepted

energy = -520.2035504
energy/site = -0.8027832568
44.1802% accepted

energy = -246.1627543
energy/site = -0.3798807937
44.3905% accepted

energy = -826.8079292
energy/site = -1.275938162
44.2176% accepted

