
weighting by <swap_x> where x = 9
8 x 32 x 1 system
r   = 3  bondops changed per step 
n/N = 80  bond operators / site
its = 1000000  iterations/loop for 10000 loops

energy = -606.2056341
energy/site = -1.183995379
44.2538% accepted

energy = -453.3107322
energy/site = -0.8853725238
43.7766% accepted

energy = -310.4312039
energy/site = -0.6063109451
43.6641% accepted

energy = -2393.087737
energy/site = -4.673999487
43.8522% accepted

energy = -272.2054762
energy/site = -0.5316513207
43.7163% accepted

energy = -28932.40987
energy/site = -56.50861303
43.86% accepted

energy = -92.40028189
energy/site = -0.1804693006
43.7034% accepted

energy = -1010.186161
energy/site = -1.973019846
43.9013% accepted

energy = -1023.210496
energy/site = -1.998457999
43.6255% accepted

energy = -146.4406855
energy/site = -0.2860169639
43.734% accepted

energy = -4836.723861
energy/site = -9.446726292
43.6468% accepted

energy = -1490.534804
energy/site = -2.911200789
43.8346% accepted

energy = -323.408862
energy/site = -0.6316579337
43.6622% accepted

energy = -795.4157989
energy/site = -1.553546482
43.7148% accepted

energy = -6098.365996
energy/site = -11.91087109
43.771% accepted

energy = -3276.951468
energy/site = -6.400295836
43.7743% accepted

energy = -1332.15799
energy/site = -2.601871074
43.658% accepted

energy = -1175.524608
energy/site = -2.295946499
43.7922% accepted

energy = -879.2796916
energy/site = -1.717343148
43.6568% accepted

energy = -6639.712399
energy/site = -12.96818828
43.8481% accepted

energy = -1783.527662
energy/site = -3.483452465
43.8209% accepted

energy = -2712.883073
energy/site = -5.298599752
43.8245% accepted

energy = -1127.015245
energy/site = -2.201201651
43.7216% accepted

energy = -2522.55221
energy/site = -4.926859785
43.6332% accepted

energy = -207.4984098
energy/site = -0.4052703316
43.5919% accepted

energy = -27790.67555
energy/site = -54.27866318
43.6094% accepted

energy = -1015.84306
energy/site = -1.984068477
43.6371% accepted

energy = -1543.712482
energy/site = -3.015063441
43.8311% accepted

energy = -56704.158
energy/site = -110.7503086
43.6684% accepted

energy = -634.0690904
energy/site = -1.238416192
43.6295% accepted

energy = -354.0083894
energy/site = -0.6914226356
43.7351% accepted

energy = -971.0289026
energy/site = -1.896540825
43.7368% accepted

energy = -358.549683
energy/site = -0.7002923496
43.6062% accepted

energy = -1529.604047
energy/site = -2.987507905
43.8002% accepted

energy = -697.8709943
energy/site = -1.363029286
43.7852% accepted

energy = -141.6498826
energy/site = -0.2766599269
43.7923% accepted

energy = -355.7938742
energy/site = -0.6949099105
43.6495% accepted

energy = -262.7311984
energy/site = -0.5131468718
43.5151% accepted

energy = -1073.872272
energy/site = -2.097406781
43.6338% accepted

energy = -1320.766188
energy/site = -2.579621461
43.7787% accepted

energy = -1330.625619
energy/site = -2.598878162
43.7337% accepted

energy = -490.6808042
energy/site = -0.9583609457
43.7662% accepted

energy = -1692.257408
energy/site = -3.30519025
43.5643% accepted

energy = -703.0337017
energy/site = -1.373112699
43.6621% accepted

energy = -310.9750076
energy/site = -0.6073730618
43.7128% accepted

energy = -183.0144182
energy/site = -0.3574500355
43.7406% accepted

energy = -4497.232204
energy/site = -8.783656648
43.6118% accepted

energy = -507.5803578
energy/site = -0.9913678864
43.5395% accepted

energy = -7371.212817
energy/site = -14.39690003
43.8303% accepted

energy = -1236.536129
energy/site = -2.415109627
43.5153% accepted

energy = -409.4618065
energy/site = -0.7997300907
43.6055% accepted

energy = -639.5862024
energy/site = -1.249191802
43.6956% accepted

energy = -877.9672047
energy/site = -1.714779697
43.6655% accepted

energy = -2471.812026
energy/site = -4.827757864
43.6758% accepted

energy = -2353.187971
energy/site = -4.596070256
43.8384% accepted

energy = -383.7808433
energy/site = -0.7495719595
43.7655% accepted

energy = -202.2454281
energy/site = -0.3950106018
43.6298% accepted

energy = -1156.267984
energy/site = -2.258335906
43.6972% accepted

energy = -434.1559335
energy/site = -0.8479608075
43.6098% accepted

energy = -923.5724487
energy/site = -1.803852439
43.6461% accepted

energy = -124.3313628
energy/site = -0.2428346929
43.6087% accepted

energy = -2340.592795
energy/site = -4.571470304
43.7676% accepted

energy = -275.2116457
energy/site = -0.5375227456
43.6446% accepted

energy = -535.7959322
energy/site = -1.04647643
43.797% accepted

energy = -505.2377617
energy/site = -0.9867925034
43.7927% accepted

energy = -79.55434048
energy/site = -0.1553795713
43.7904% accepted

energy = -1670.924929
energy/site = -3.263525252
43.7676% accepted

energy = -148.690864
energy/site = -0.2904118437
43.8119% accepted

energy = -6260.905809
energy/site = -12.22833166
43.8343% accepted

energy = -2916.955227
energy/site = -5.697178177
43.6891% accepted

energy = -1162.684969
energy/site = -2.270869079
43.8139% accepted

energy = -198.8056732
energy/site = -0.3882923306
43.5808% accepted

energy = -783.160187
energy/site = -1.52960974
43.8571% accepted

energy = -1411.295761
energy/site = -2.756437032
43.836% accepted

energy = -6183.603969
energy/site = -12.0773515
43.8012% accepted

energy = -16227.92421
energy/site = -31.69516447
43.7344% accepted

energy = -290.7520988
energy/site = -0.5678751931
43.813% accepted

energy = -641.5006148
energy/site = -1.252930888
43.8805% accepted

energy = -4052.628821
energy/site = -7.915290667
43.609% accepted

energy = -600.45177
energy/site = -1.172757363
43.5928% accepted

energy = -1518.935003
energy/site = -2.966669928
43.7257% accepted

energy = -284.2030492
energy/site = -0.5550840805
43.7799% accepted

energy = -564.4631222
energy/site = -1.102467036
43.7795% accepted

energy = -293.5604191
energy/site = -0.5733601937
43.5685% accepted

energy = -2053.230141
energy/site = -4.010215119
43.7476% accepted

energy = -643.6991064
energy/site = -1.257224817
43.5764% accepted

energy = -54.87075607
energy/site = -0.1071694455
43.6529% accepted

energy = -10960.81088
energy/site = -21.40783375
43.8174% accepted

energy = -4549.218218
energy/site = -8.885191832
43.7529% accepted

energy = -33043.49919
energy/site = -64.53808436
43.7025% accepted

energy = -2364.20418
energy/site = -4.617586288
43.6648% accepted

energy = -426.8089871
energy/site = -0.833611303
43.8718% accepted

energy = -333.2679564
energy/site = -0.6509139774
43.6715% accepted

energy = -1562.687878
energy/site = -3.052124761
43.6595% accepted

energy = -521.4841148
energy/site = -1.018523662
43.6756% accepted

energy = -3267.472703
energy/site = -6.381782624
43.7093% accepted

energy = -1690.945126
energy/site = -3.302627199
43.6311% accepted

energy = -1453.267221
energy/site = -2.838412541
43.8048% accepted

energy = -715.2624371
energy/site = -1.396996947
43.5534% accepted

energy = -175.1332941
energy/site = -0.3420572149
43.618% accepted

energy = -619.0956413
energy/site = -1.209171174
43.5756% accepted

energy = -293.7488994
energy/site = -0.5737283192
43.5622% accepted

energy = -699.1498651
energy/site = -1.36552708
43.7194% accepted

energy = -700.8272416
energy/site = -1.368803206
43.9404% accepted

energy = -1104.874906
energy/site = -2.157958801
43.8593% accepted

energy = -515.4704116
energy/site = -1.006778148
43.6794% accepted

energy = -278.7346681
energy/site = -0.5444036487
43.6073% accepted

energy = -665.860021
energy/site = -1.300507854
43.6261% accepted

energy = -1803.730074
energy/site = -3.522910302
43.6668% accepted

energy = -850.1824502
energy/site = -1.660512598
43.5367% accepted

energy = -1171.796864
energy/site = -2.288665751
43.8429% accepted

energy = -2140.983432
energy/site = -4.181608266
43.7558% accepted

energy = -22246.37021
energy/site = -43.44994181
43.8029% accepted

energy = -1225.180356
energy/site = -2.392930383
43.7501% accepted

energy = -1175.539678
energy/site = -2.295975935
43.6379% accepted

energy = -3707.249726
energy/site = -7.240722122
43.5681% accepted

energy = -631.9466205
energy/site = -1.234270743
43.6717% accepted

energy = -255.835555
energy/site = -0.4996788184
43.717% accepted

energy = -4889.175091
energy/site = -9.549170099
43.8299% accepted

energy = -1535.091666
energy/site = -2.99822591
43.7879% accepted

energy = -1371.667543
energy/site = -2.67903817
43.8527% accepted

energy = -341.3933788
energy/site = -0.6667839429
43.8537% accepted

energy = -360.1698364
energy/site = -0.7034567118
43.7456% accepted

energy = -642.7662708
energy/site = -1.255402873
43.702% accepted

energy = -940.6331459
energy/site = -1.837174113
43.5572% accepted

energy = -728.0308998
energy/site = -1.421935351
43.6593% accepted

energy = -1183.412427
energy/site = -2.311352397
43.7159% accepted

energy = -345.2547327
energy/site = -0.6743256499
43.7112% accepted

energy = -4798.604739
energy/site = -9.37227488
43.703% accepted

energy = -4124.349931
energy/site = -8.05537096
43.766% accepted

energy = -194.863512
energy/site = -0.3805927968
43.6928% accepted

energy = -218.1660977
energy/site = -0.4261056596
43.8793% accepted

energy = -1177.226087
energy/site = -2.299269701
43.8891% accepted

energy = -1567.485408
energy/site = -3.061494938
43.6873% accepted

energy = -170.1156577
energy/site = -0.332257144
43.7125% accepted

energy = -2075.446595
energy/site = -4.053606631
43.7878% accepted

energy = -516.7515298
energy/site = -1.009280332
43.6952% accepted

energy = -238.0884174
energy/site = -0.4650164402
43.7204% accepted

energy = -1040.656124
energy/site = -2.032531492
43.7755% accepted

energy = -586.0086597
energy/site = -1.144548164
43.5885% accepted

energy = -242.3833993
energy/site = -0.4734050768
43.6333% accepted

energy = -1118.004633
energy/site = -2.183602798
43.6286% accepted

energy = -552.8795011
energy/site = -1.079842776
43.845% accepted

energy = -3437.721039
energy/site = -6.714298905
43.733% accepted

energy = -1349.84263
energy/site = -2.636411387
43.7341% accepted

energy = -609.5365568
energy/site = -1.190501087
43.591% accepted

energy = -1515.154625
energy/site = -2.959286377
43.7443% accepted

energy = -1177.650211
energy/site = -2.300098068
43.7309% accepted

energy = -230.0898377
energy/site = -0.4493942142
43.7231% accepted

energy = -1846.885083
energy/site = -3.607197428
43.7202% accepted

energy = -5337.299382
energy/site = -10.42441285
43.614% accepted

energy = -1095.808683
energy/site = -2.140251333
43.6365% accepted

energy = -285.8866129
energy/site = -0.5583722908
43.6722% accepted

energy = -889.4098013
energy/site = -1.737128518
43.7311% accepted

energy = -3686.424365
energy/site = -7.200047588
43.8752% accepted

energy = -213.437396
energy/site = -0.4168699141
43.7243% accepted

energy = -2063.928392
energy/site = -4.031110141
43.6626% accepted

energy = -3034.54238
energy/site = -5.926840587
43.7696% accepted

energy = -4395.63128
energy/site = -8.585217344
43.6892% accepted

energy = -748.2730666
energy/site = -1.461470833
43.6534% accepted

energy = -617.2440157
energy/site = -1.205554718
43.4896% accepted

energy = -2006.307521
energy/site = -3.918569377
43.6821% accepted

energy = -1608.340326
energy/site = -3.141289699
43.8125% accepted

energy = -2743.41364
energy/site = -5.358229766
43.6666% accepted

energy = -808.4567843
energy/site = -1.579017157
43.7202% accepted

energy = -6279.096725
energy/site = -12.26386079
43.6957% accepted

energy = -1141.048105
energy/site = -2.228609581
43.6374% accepted

energy = -940.1334709
energy/site = -1.836198185
43.7388% accepted

energy = -610.6746981
energy/site = -1.19272402
43.7094% accepted

energy = -796.2741234
energy/site = -1.555222897
43.6729% accepted

energy = -110.1966274
energy/site = -0.2152277879
43.7471% accepted

energy = -546.1221484
energy/site = -1.066644821
43.7438% accepted

energy = -288.0663267
energy/site = -0.5626295443
43.7741% accepted

energy = -873.1648639
energy/site = -1.705400125
43.7405% accepted

energy = -1039.640138
energy/site = -2.030547144
43.6269% accepted

energy = -8025.110337
energy/site = -15.67404363
43.7516% accepted

energy = -2061.326819
energy/site = -4.026028943
43.7874% accepted

energy = -182.5535591
energy/site = -0.3565499202
43.6915% accepted

energy = -8248.866965
energy/site = -16.11106829
43.7204% accepted

energy = -359.6888955
energy/site = -0.702517374
43.5576% accepted

energy = -4399.88915
energy/site = -8.593533496
43.7547% accepted

energy = -1049.062186
energy/site = -2.048949582
43.5859% accepted

energy = -184.9041533
energy/site = -0.3611409244
43.6408% accepted

energy = -5759.499969
energy/site = -11.24902338
43.6212% accepted

energy = -876.0991644
energy/site = -1.71113118
43.6495% accepted

energy = -4792.856953
energy/site = -9.361048736
43.8378% accepted

energy = -3618.58458
energy/site = -7.067548008
43.7303% accepted

energy = -336.4986172
energy/site = -0.6572238617
43.7981% accepted

energy = -579.839508
energy/site = -1.132499039
43.6635% accepted

energy = -1681.341739
energy/site = -3.283870584
43.7905% accepted

energy = -3955.148305
energy/site = -7.724899033
43.7507% accepted

energy = -276.5425638
energy/site = -0.5401221949
43.7393% accepted

energy = -6283.681004
energy/site = -12.27281446
43.6251% accepted

energy = -2197.279139
energy/site = -4.291560818
43.813% accepted

energy = -4363.918439
energy/site = -8.523278201
43.7198% accepted

energy = -392.9874106
energy/site = -0.7675535363
43.6704% accepted

energy = -138.0930192
energy/site = -0.2697129282
43.7391% accepted

energy = -1010.770389
energy/site = -1.974160916
43.7409% accepted

energy = -643.2270519
energy/site = -1.256302836
43.7431% accepted

energy = -127.513051
energy/site = -0.2490489277
43.8041% accepted

energy = -821.4359309
energy/site = -1.604367053
43.744% accepted

energy = -153.4037903
energy/site = -0.299616778
43.7818% accepted

energy = -784.6260127
energy/site = -1.532472681
43.8003% accepted

energy = -300.1371217
energy/site = -0.5862053158
43.6727% accepted

energy = -1933.522845
energy/site = -3.776411807
43.9509% accepted

energy = -2924.962922
energy/site = -5.712818208
43.5815% accepted

energy = -176.4523019
energy/site = -0.3446334022
43.7485% accepted

energy = -2721.977283
energy/site = -5.31636188
43.666% accepted

energy = -294.9702475
energy/site = -0.5761137647
43.8322% accepted

energy = -636.48509
energy/site = -1.243134941
43.7229% accepted

energy = -976.5928237
energy/site = -1.907407859
43.7405% accepted

energy = -719.0016608
energy/site = -1.404300119
43.6636% accepted

energy = -874.2283536
energy/site = -1.707477253
43.6275% accepted

energy = -212.1406553
energy/site = -0.4143372173
43.829% accepted

energy = -414.3034888
energy/site = -0.8091865015
43.5435% accepted

energy = -861.8479636
energy/site = -1.683296804
43.7748% accepted

energy = -3036.984892
energy/site = -5.931611116
43.8085% accepted

energy = -680.2352398
energy/site = -1.328584453
43.6665% accepted

energy = -2469.699353
energy/site = -4.823631548
43.5264% accepted

energy = -1574.248833
energy/site = -3.074704753
43.6327% accepted

energy = -462.27516
energy/site = -0.9028811719
43.7389% accepted

energy = -2034.40856
energy/site = -3.973454219
43.7696% accepted

energy = -2049.619365
energy/site = -4.003162823
43.6725% accepted

energy = -1411.398225
energy/site = -2.756637158
43.7463% accepted

energy = -590.58605
energy/site = -1.153488379
43.6749% accepted

energy = -5012.880494
energy/site = -9.790782215
43.8776% accepted

energy = -877.1444648
energy/site = -1.713172783
43.8498% accepted

energy = -375.7644541
energy/site = -0.7339149495
43.7221% accepted

energy = -612.6840976
energy/site = -1.196648628
43.7238% accepted

energy = -7472.089554
energy/site = -14.59392491
43.7848% accepted

energy = -643.4813284
energy/site = -1.25679947
43.7241% accepted

energy = -462.2965779
energy/site = -0.9029230037
43.6185% accepted

energy = -1099.893342
energy/site = -2.148229184
43.687% accepted

energy = -189.2150658
energy/site = -0.3695606754
43.6066% accepted

energy = -634.2192612
energy/site = -1.238709495
43.6802% accepted

energy = -4505.313998
energy/site = -8.799441403
43.7466% accepted

energy = -1122.490576
energy/site = -2.192364407
43.7977% accepted

energy = -5428.166368
energy/site = -10.60188744
43.7388% accepted

energy = -713.5422728
energy/site = -1.393637252
43.6753% accepted

energy = -2398.589005
energy/site = -4.68474415
43.9855% accepted

energy = -573.5972251
energy/site = -1.12030708
43.7198% accepted

energy = -318.8358603
energy/site = -0.6227262896
43.6795% accepted

energy = -258.5637296
energy/site = -0.5050072843
43.6932% accepted

energy = -615.0438086
energy/site = -1.201257439
43.71% accepted

energy = -5790.705887
energy/site = -11.30997244
43.5852% accepted

energy = -1782.325399
energy/site = -3.481104295
43.6771% accepted

energy = -2086.786191
energy/site = -4.075754279
43.7697% accepted

energy = -344.6749335
energy/site = -0.6731932295
43.6923% accepted

energy = -2307.23005
energy/site = -4.506308691
43.7497% accepted

energy = -2753.502561
energy/site = -5.37793469
43.7209% accepted

energy = -453.1804996
energy/site = -0.8851181632
43.8431% accepted

energy = -519.639746
energy/site = -1.014921379
43.8763% accepted

energy = -350.6879303
energy/site = -0.6849373638
43.7311% accepted

energy = -109.9569573
energy/site = -0.2147596823
43.5722% accepted

energy = -55700.20395
energy/site = -108.7894608
43.6692% accepted

energy = -2268.049012
energy/site = -4.429783226
43.8264% accepted

energy = -113.2990519
energy/site = -0.2212872108
43.7495% accepted

energy = -886.9699384
energy/site = -1.732363161
43.8059% accepted

energy = -257.2482504
energy/site = -0.502437989
43.6029% accepted

energy = -1126.751731
energy/site = -2.200686975
43.7974% accepted

energy = -491.6452132
energy/site = -0.9602445571
43.8014% accepted

energy = -1374.430675
energy/site = -2.684434913
43.8265% accepted

energy = -88.45273448
energy/site = -0.172759247
43.7174% accepted

energy = -920.8836938
energy/site = -1.798600964
43.7582% accepted

energy = -30491.02188
energy/site = -59.55277712
43.8474% accepted

energy = -532.3936561
energy/site = -1.03983136
43.6749% accepted

energy = -275.6213006
energy/site = -0.5383228528
43.7591% accepted

energy = -4553.639092
energy/site = -8.893826351
43.558% accepted

energy = -1887.136224
energy/site = -3.685812937
43.7334% accepted

energy = -1969.833446
energy/site = -3.84733095
43.7897% accepted

energy = -1342.855483
energy/site = -2.622764616
43.6892% accepted

energy = -771.6750886
energy/site = -1.507177907
43.6731% accepted

energy = -88.40013886
energy/site = -0.1726565212
43.6581% accepted

energy = -3026.68769
energy/site = -5.911499395
43.7008% accepted

energy = -2207.348803
energy/site = -4.311228132
43.7269% accepted

energy = -427.9433243
energy/site = -0.8358268052
43.686% accepted

energy = -818.5456438
energy/site = -1.59872196
43.6811% accepted

energy = -1720.303975
energy/site = -3.359968701
43.6461% accepted

energy = -1081.219463
energy/site = -2.111756763
43.657% accepted

energy = -398.1029412
energy/site = -0.777544807
43.7862% accepted

energy = -4035.240548
energy/site = -7.881329196
43.5751% accepted

energy = -2945.763557
energy/site = -5.753444448
43.7168% accepted

energy = -2130.427463
energy/site = -4.160991138
43.7444% accepted

energy = -4078.943628
energy/site = -7.966686774
43.7668% accepted

energy = -169.9091866
energy/site = -0.3318538802
43.7903% accepted

energy = -454.7243317
energy/site = -0.8881334604
43.6019% accepted

energy = -5268.283964
energy/site = -10.28961712
43.7567% accepted

energy = -4658.995004
energy/site = -9.099599617
43.6321% accepted

energy = -4777.503403
energy/site = -9.331061334
43.6811% accepted

energy = -467.595396
energy/site = -0.9132722579
43.8122% accepted

energy = -558.3191945
energy/site = -1.090467177
43.5806% accepted

energy = -2888.557366
energy/site = -5.641713605
43.7613% accepted

energy = -332.9597899
energy/site = -0.6503120896
43.7784% accepted

energy = -610.8954891
energy/site = -1.193155252
43.6541% accepted

energy = -503.4866139
energy/site = -0.9833722928
43.598% accepted

energy = -310.4981705
energy/site = -0.6064417393
43.8481% accepted

energy = -395.3519249
energy/site = -0.7721717284
43.6564% accepted

energy = -3155.127508
energy/site = -6.162358415
43.6994% accepted

energy = -1878.392473
energy/site = -3.668735299
43.7094% accepted

energy = -1936.846839
energy/site = -3.782903982
43.6984% accepted

energy = -3725.831884
energy/site = -7.277015399
43.7596% accepted

energy = -1380.543572
energy/site = -2.696374165
43.6527% accepted

energy = -729.3954263
energy/site = -1.424600442
43.8446% accepted

energy = -2892.185386
energy/site = -5.648799582
43.5807% accepted

energy = -2457.36713
energy/site = -4.799545176
43.6835% accepted

energy = -587.3667447
energy/site = -1.147200673
43.6824% accepted

energy = -495.224446
energy/site = -0.967235246
43.8237% accepted

energy = -376.2430142
energy/site = -0.7348496372
43.7657% accepted

energy = -3440.082138
energy/site = -6.718910426
43.8222% accepted

energy = -1382.404358
energy/site = -2.700008511
43.5474% accepted

energy = -1176.417759
energy/site = -2.297690936
43.6442% accepted

energy = -2085.055759
energy/site = -4.07237453
43.8595% accepted

energy = -214.9910852
energy/site = -0.4199044633
43.8015% accepted

energy = -1867.152852
energy/site = -3.646782914
43.6074% accepted

energy = -326.0050022
energy/site = -0.63672852
43.5897% accepted

energy = -253.9754498
energy/site = -0.4960458005
43.6637% accepted

energy = -844.7536792
energy/site = -1.64990953
43.8898% accepted

energy = -470.9520612
energy/site = -0.9198282446
43.69% accepted

energy = -17276.7024
energy/site = -33.74355938
43.689% accepted

energy = -945.9373166
energy/site = -1.847533821
43.6406% accepted

energy = -341.2779798
energy/site = -0.6665585544
43.8249% accepted

energy = -893.7146282
energy/site = -1.745536383
43.6149% accepted

energy = -6542.699459
energy/site = -12.77870988
43.6975% accepted

energy = -3849.670628
energy/site = -7.518887946
43.8646% accepted

energy = -3436.842262
energy/site = -6.712582543
43.7545% accepted

energy = -149.9639271
energy/site = -0.2928982951
43.5805% accepted

energy = -335.5103762
energy/site = -0.6552937035
43.6694% accepted

energy = -1289.850173
energy/site = -2.519238618
43.7195% accepted

energy = -502.7256145
energy/site = -0.9818859658
43.63% accepted

energy = -289.1673211
energy/site = -0.5647799241
43.8001% accepted

energy = -3102.412699
energy/site = -6.059399802
43.6443% accepted

energy = -2263.653629
energy/site = -4.421198494
43.8066% accepted

energy = -6927.733519
energy/site = -13.53072953
43.7752% accepted

energy = -782.502953
energy/site = -1.52832608
43.9051% accepted

energy = -751.2514067
energy/site = -1.467287904
43.8541% accepted

energy = -1291.53898
energy/site = -2.52253707
43.7175% accepted

energy = -371.4094271
energy/site = -0.7254090374
43.6502% accepted

energy = -5690.081772
energy/site = -11.11344096
43.7456% accepted

energy = -1482.957376
energy/site = -2.896401124
43.7261% accepted

energy = -773.4196577
energy/site = -1.510585269
43.5932% accepted

energy = -360.3588008
energy/site = -0.7038257828
43.7069% accepted

energy = -1040.715839
energy/site = -2.032648123
43.6571% accepted

energy = -4833.406165
energy/site = -9.440246415
43.5463% accepted

energy = -1273.479734
energy/site = -2.487265106
43.7261% accepted

energy = -931.647296
energy/site = -1.819623625
43.7851% accepted

energy = -518.8383865
energy/site = -1.013356224
43.7159% accepted

energy = -824.9245191
energy/site = -1.611180701
43.7873% accepted

energy = -533.4409809
energy/site = -1.041876916
43.7179% accepted

energy = -621.9370353
energy/site = -1.214720772
43.8441% accepted

energy = -15386.7753
energy/site = -30.0522955
43.6256% accepted

energy = -817.8281606
energy/site = -1.597320626
43.5636% accepted

energy = -3031.084324
energy/site = -5.92008657
43.9369% accepted

energy = -933.6268738
energy/site = -1.823489988
43.6686% accepted

energy = -732.8974355
energy/site = -1.431440304
43.775% accepted

energy = -370.2503298
energy/site = -0.7231451753
43.5483% accepted

energy = -758.5660875
energy/site = -1.48157439
43.6885% accepted

energy = -1354.505281
energy/site = -2.645518127
43.6173% accepted

energy = -1250.698415
energy/site = -2.442770342
43.7405% accepted

energy = -530.9618846
energy/site = -1.037034931
43.8365% accepted

energy = -1059.901632
energy/site = -2.070120375
43.8738% accepted

energy = -958.2435267
energy/site = -1.871569388
43.548% accepted

energy = -190.6437953
energy/site = -0.3723511628
43.7355% accepted

energy = -171.3643395
energy/site = -0.3346959755
43.614% accepted

energy = -4910.254837
energy/site = -9.590341479
43.7444% accepted

energy = -1546.733213
energy/site = -3.020963307
43.6277% accepted

energy = -2976.031446
energy/site = -5.812561418
43.6826% accepted

energy = -526.8714118
energy/site = -1.029045726
43.5987% accepted

energy = -518.6060555
energy/site = -1.012902452
43.5788% accepted

energy = -235.6281575
energy/site = -0.460211245
43.6527% accepted

energy = -1095.799676
energy/site = -2.140233743
43.774% accepted

energy = -617.2763749
energy/site = -1.20561792
43.6165% accepted

energy = -2738.518624
energy/site = -5.348669187
43.7978% accepted

energy = -370.9004706
energy/site = -0.7244149817
43.689% accepted

energy = -559.3765896
energy/site = -1.092532402
43.8024% accepted

energy = -551.653477
energy/site = -1.077448197
43.7513% accepted

energy = -1020.381651
energy/site = -1.992932912
43.7499% accepted

energy = -246.6785286
energy/site = -0.4817940011
43.6279% accepted

energy = -894.7555262
energy/site = -1.747569387
43.8885% accepted

energy = -8585.615513
energy/site = -16.7687803
43.6256% accepted

energy = -227.1526177
energy/site = -0.4436574565
43.6326% accepted

energy = -6006.971248
energy/site = -11.73236572
43.8035% accepted

energy = -6775.601604
energy/site = -13.23359688
43.7197% accepted

energy = -3275.650445
energy/site = -6.397754775
43.6196% accepted

energy = -312.4443479
energy/site = -0.610242867
43.6881% accepted

energy = -895.6653986
energy/site = -1.749346482
43.6363% accepted

energy = -522.494219
energy/site = -1.020496521
43.6329% accepted

energy = -4265.089106
energy/site = -8.33025216
43.7365% accepted

energy = -1036.662604
energy/site = -2.024731649
43.623% accepted

energy = -1166.037602
energy/site = -2.277417191
43.702% accepted

energy = -775.3978021
energy/site = -1.514448832
43.6645% accepted

energy = -1212.517489
energy/site = -2.368198221
43.7468% accepted

energy = -2981.522507
energy/site = -5.823286147
43.7765% accepted

energy = -818.7309398
energy/site = -1.599083867
43.7847% accepted

energy = -2642.996261
energy/site = -5.162102072
43.7068% accepted

energy = -213.1457869
energy/site = -0.416300365
43.6316% accepted

energy = -73.266291
energy/site = -0.1430982246
43.6374% accepted

energy = -346.0936413
energy/site = -0.6759641431
43.6571% accepted

energy = -77.22662889
energy/site = -0.1508332596
43.6706% accepted

energy = -22297.72032
energy/site = -43.550235
43.7557% accepted

energy = -521.5685806
energy/site = -1.018688634
43.7689% accepted

energy = -672.9671537
energy/site = -1.314388972
43.8302% accepted

energy = -539.5537336
energy/site = -1.053815886
43.709% accepted

energy = -4098.856347
energy/site = -8.005578803
43.5861% accepted

energy = -2745.943055
energy/site = -5.363170029
43.6183% accepted

energy = -2922.355725
energy/site = -5.707726024
43.7612% accepted

energy = -42.82981051
energy/site = -0.08365197365
43.749% accepted

energy = -28876.63461
energy/site = -56.39967698
43.7895% accepted

energy = -3710.613824
energy/site = -7.247292626
43.4597% accepted

energy = -2528.306503
energy/site = -4.938098639
43.856% accepted

energy = -1223.176949
energy/site = -2.389017478
43.7298% accepted

energy = -1933.879455
energy/site = -3.77710831
43.5818% accepted

energy = -4638.433947
energy/site = -9.059441302
43.6736% accepted

energy = -556.5539185
energy/site = -1.087019372
43.723% accepted

energy = -88.85113308
energy/site = -0.1735373693
43.5443% accepted

energy = -460.4191271
energy/site = -0.8992561076
43.7164% accepted

energy = -482.1836626
energy/site = -0.9417649661
43.5886% accepted

energy = -961.5202249
energy/site = -1.877969189
43.5937% accepted

energy = -75.18606043
energy/site = -0.1468477743
43.7368% accepted

energy = -124.7051667
energy/site = -0.2435647787
43.6345% accepted

energy = -858.2129818
energy/site = -1.67619723
43.7547% accepted

energy = -364.0992655
energy/site = -0.711131378
43.6058% accepted

energy = -1469.305603
energy/site = -2.869737506
43.6824% accepted

energy = -3228.235683
energy/site = -6.305147817
43.759% accepted

energy = -5957.440213
energy/site = -11.63562542
43.7072% accepted

energy = -484.1504218
energy/site = -0.9456062926
43.7679% accepted

energy = -714.9804742
energy/site = -1.396446239
43.6183% accepted

energy = -601.4957029
energy/site = -1.174796295
43.6164% accepted

energy = -411.3831666
energy/site = -0.8034827473
43.6063% accepted

energy = -3830.641815
energy/site = -7.481722296
43.6906% accepted

energy = -11346.77094
energy/site = -22.16166198
43.6792% accepted

energy = -1460.328221
energy/site = -2.852203557
43.7659% accepted

energy = -781.3562623
energy/site = -1.52608645
43.8303% accepted

energy = -445.4835376
energy/site = -0.8700850344
43.7313% accepted

energy = -2322.505436
energy/site = -4.536143429
43.7735% accepted

energy = -2498.82897
energy/site = -4.880525332
43.7998% accepted

energy = -2393.117923
energy/site = -4.674058443
43.6787% accepted

energy = -262.4506372
energy/site = -0.5125989007
43.8103% accepted

energy = -459.8972683
energy/site = -0.8982368522
43.7633% accepted

energy = -1935.71987
energy/site = -3.78070287
43.7244% accepted

energy = -580.590288
energy/site = -1.133965406
43.6282% accepted

energy = -1540.903603
energy/site = -3.00957735
43.6884% accepted

energy = -1798.868102
energy/site = -3.513414263
43.7887% accepted

energy = -614.0284668
energy/site = -1.199274349
43.6942% accepted

energy = -328.9101149
energy/site = -0.6424025682
43.7208% accepted

energy = -483.8410161
energy/site = -0.9450019845
43.7682% accepted

energy = -175.4895168
energy/site = -0.3427529626
43.5895% accepted

energy = -1174.744747
energy/site = -2.294423334
43.7658% accepted

energy = -815.9661957
energy/site = -1.593683976
43.6921% accepted

energy = -410.7919196
energy/site = -0.802327968
43.8466% accepted

energy = -255.9043132
energy/site = -0.4998131116
43.5663% accepted

energy = -1465.297025
energy/site = -2.861908251
43.5943% accepted

energy = -856.2390111
energy/site = -1.672341819
43.5743% accepted

energy = -981.0631938
energy/site = -1.91613905
43.6703% accepted

energy = -343.4758273
energy/site = -0.6708512253
43.8143% accepted

energy = -4732.207245
energy/site = -9.242592276
43.6555% accepted

energy = -893.6474653
energy/site = -1.745405206
43.7664% accepted

energy = -4376.551883
energy/site = -8.547952896
43.8196% accepted

energy = -694.6342677
energy/site = -1.356707554
43.6775% accepted

energy = -445.7747994
energy/site = -0.870653905
43.9037% accepted

energy = -978.1029663
energy/site = -1.910357356
43.6749% accepted

energy = -410.3303619
energy/site = -0.8014264882
43.6202% accepted

energy = -5472.449454
energy/site = -10.68837784
43.8364% accepted

energy = -203.4961275
energy/site = -0.397453374
43.6299% accepted

energy = -795.8650165
energy/site = -1.55442386
43.7874% accepted

energy = -2447.108868
energy/site = -4.779509508
43.8543% accepted

energy = -2140.151601
energy/site = -4.179983596
43.849% accepted

energy = -5617.970347
energy/site = -10.97259833
43.7266% accepted

energy = -272.8702873
energy/site = -0.5329497799
43.6486% accepted

energy = -830.5621563
energy/site = -1.622191712
43.6434% accepted

energy = -663.2573076
energy/site = -1.295424429
43.7137% accepted

energy = -2748.225189
energy/site = -5.367627322
43.867% accepted

energy = -79.234809
energy/site = -0.1547554863
43.7348% accepted

energy = -979.2793161
energy/site = -1.912654914
43.6257% accepted

energy = -2387.7574
energy/site = -4.663588672
43.683% accepted

energy = -426.5455083
energy/site = -0.8330966959
43.6942% accepted

energy = -1088.72965
energy/site = -2.126425097
43.6754% accepted

energy = -216.5844675
energy/site = -0.4230165382
43.7231% accepted

energy = -336.4738051
energy/site = -0.6571754006
43.6442% accepted

energy = -473.535353
energy/site = -0.9248737363
43.7014% accepted

energy = -618.850836
energy/site = -1.208693039
43.695% accepted

energy = -4884.701558
energy/site = -9.54043273
43.6541% accepted

energy = -2362.109533
energy/site = -4.613495182
43.6982% accepted

energy = -287.5308583
energy/site = -0.5615837075
43.781% accepted

energy = -3860.161465
energy/site = -7.539377862
43.6901% accepted

energy = -431.3306471
energy/site = -0.8424426702
43.5233% accepted

energy = -1653.652954
energy/site = -3.229790926
43.6692% accepted

energy = -298.2519986
energy/site = -0.5825234347
43.671% accepted

energy = -730.9866548
energy/site = -1.42770831
43.7855% accepted

energy = -26980.67735
energy/site = -52.69663545
43.7143% accepted

energy = -241.2428965
energy/site = -0.4711775322
43.7567% accepted

energy = -349.6224184
energy/site = -0.6828562859
43.7011% accepted

energy = -665.2646525
energy/site = -1.299345024
43.7431% accepted

energy = -1240.246131
energy/site = -2.422355725
43.6134% accepted

energy = -5089.899772
energy/site = -9.941210491
43.6519% accepted

energy = -703.0650356
energy/site = -1.373173898
43.7769% accepted

energy = -1830.5187
energy/site = -3.575231837
43.7241% accepted

energy = -258.4112156
energy/site = -0.5047094056
43.7668% accepted

energy = -136.5143739
energy/site = -0.2666296365
43.6401% accepted

energy = -381.0281669
energy/site = -0.7441956386
43.7085% accepted

energy = -9789.142271
energy/site = -19.1194185
43.7284% accepted

energy = -367.8225555
energy/site = -0.7184034287
43.7135% accepted

energy = -585.410232
energy/site = -1.143379359
43.711% accepted

energy = -41421.59844
energy/site = -80.90155945
43.7164% accepted

energy = -1243.555665
energy/site = -2.428819658
43.753% accepted

energy = -669.0381029
energy/site = -1.306715045
43.595% accepted

energy = -6518.303397
energy/site = -12.73106132
43.745% accepted

energy = -1489.414082
energy/site = -2.90901188
43.8182% accepted

energy = -424.4448624
energy/site = -0.828993872
43.7795% accepted

energy = -4575.9755
energy/site = -8.937452149
43.6858% accepted

energy = -363.3448024
energy/site = -0.7096578172
43.776% accepted

energy = -673.5415758
energy/site = -1.31551089
43.6408% accepted

energy = -899.9922219
energy/site = -1.757797308
43.611% accepted

energy = -1167.746311
energy/site = -2.280754514
43.7039% accepted

energy = -1004.703087
energy/site = -1.962310717
43.8109% accepted

energy = -348.6262876
energy/site = -0.6809107181
43.7319% accepted

energy = -1031.603713
energy/site = -2.014851003
43.6245% accepted

energy = -4285.54652
energy/site = -8.370208047
43.7513% accepted

energy = -727.3339237
energy/site = -1.42057407
43.6882% accepted

energy = -43460.05716
energy/site = -84.88292413
43.7101% accepted

energy = -846.5227927
energy/site = -1.65336483
43.8354% accepted

energy = -759.5820632
energy/site = -1.483558717
43.8751% accepted

energy = -3067.495757
energy/site = -5.99120265
43.8278% accepted

energy = -10240.19932
energy/site = -20.0003893
43.7299% accepted

energy = -893.4221287
energy/site = -1.744965095
43.8411% accepted

energy = -1367.641887
energy/site = -2.671175561
43.8939% accepted

energy = -2852.443889
energy/site = -5.571179471
43.7747% accepted

energy = -2853.862948
energy/site = -5.573951071
43.6819% accepted

energy = -536.623006
energy/site = -1.048091809
43.7871% accepted

energy = -575.2164112
energy/site = -1.123469553
43.7881% accepted

energy = -921.4577193
energy/site = -1.799722108
43.7278% accepted

energy = -1371.149604
energy/site = -2.67802657
43.7808% accepted

energy = -4991.526564
energy/site = -9.749075321
43.8105% accepted

