
weighting by <swap_x> where x = 0
6 x 24 x 1 system
r   = 3  bondops changed per step 
n/N = 80  bond operators / site
its = 1000000  iterations/loop for 10000 loops

energy = -97.88217188
energy/site = -0.3398686523
44.1445% accepted

energy = -96.26191312
energy/site = -0.3342427539
43.813% accepted

energy = -97.27541363
energy/site = -0.3377618529
43.6034% accepted

energy = -97.87010287
energy/site = -0.3398267461
43.9379% accepted

energy = -97.65261975
energy/site = -0.3390715964
43.7332% accepted

energy = -97.3473045
energy/site = -0.338011474
43.8099% accepted

energy = -97.10581538
energy/site = -0.3371729701
43.948% accepted

energy = -97.439823
energy/site = -0.3383327187
43.845% accepted

energy = -96.90688013
energy/site = -0.3364822227
43.8488% accepted

energy = -98.31533588
energy/site = -0.341372694
43.8546% accepted

energy = -97.52634487
energy/site = -0.3386331419
43.895% accepted

energy = -96.11079262
energy/site = -0.3337180299
43.8425% accepted

energy = -96.26745
energy/site = -0.3342619792
43.7421% accepted

energy = -97.580964
energy/site = -0.3388227917
43.7729% accepted

energy = -97.03244625
energy/site = -0.3369182161
43.74% accepted

energy = -97.42380487
energy/site = -0.3382771003
43.7043% accepted

energy = -97.88474738
energy/site = -0.3398775951
43.7098% accepted

energy = -96.18099713
energy/site = -0.3339617956
43.9292% accepted

energy = -96.9767445
energy/site = -0.3367248073
43.8133% accepted

energy = -95.43393863
energy/site = -0.3313678424
43.794% accepted

energy = -96.63798113
energy/site = -0.3355485456
43.9231% accepted

energy = -96.410712
energy/site = -0.3347594167
43.8927% accepted

energy = -96.33722625
energy/site = -0.3345042578
43.7432% accepted

energy = -95.34865913
energy/site = -0.3310717331
43.7118% accepted

energy = -97.47695362
energy/site = -0.3384616445
43.7864% accepted

energy = -97.5395925
energy/site = -0.3386791406
43.8049% accepted

energy = -96.21149362
energy/site = -0.3340676862
43.7109% accepted

energy = -97.480167
energy/site = -0.3384728021
43.7682% accepted

energy = -96.95503013
energy/site = -0.3366494102
43.906% accepted

energy = -95.62002525
energy/site = -0.3320139766
43.7255% accepted

energy = -96.64985625
energy/site = -0.3355897786
43.8185% accepted

energy = -95.41514775
energy/site = -0.3313025964
43.8255% accepted

energy = -97.033176
energy/site = -0.33692075
43.779% accepted

energy = -96.20499375
energy/site = -0.3340451172
43.7325% accepted

energy = -98.06118262
energy/site = -0.3404902174
43.7688% accepted

energy = -97.32197513
energy/site = -0.3379235247
43.8181% accepted

energy = -95.67734213
energy/site = -0.3322129935
43.8199% accepted

energy = -94.80616125
energy/site = -0.3291880599
43.684% accepted

energy = -96.46125225
energy/site = -0.3349349036
43.5373% accepted

energy = -96.81922988
energy/site = -0.3361778815
43.7937% accepted

energy = -97.19541225
energy/site = -0.3374840703
43.831% accepted

energy = -97.38577612
energy/site = -0.338145056
43.8816% accepted

energy = -96.99538575
energy/site = -0.3367895339
43.6931% accepted

energy = -96.14906138
energy/site = -0.3338509076
43.6448% accepted

energy = -96.12929175
energy/site = -0.333782263
43.6749% accepted

energy = -98.527611
energy/site = -0.3421097604
43.6016% accepted

energy = -96.72963525
energy/site = -0.3358667891
43.8015% accepted

energy = -97.07159212
energy/site = -0.3370541393
43.7831% accepted

energy = -97.80998775
energy/site = -0.339618013
43.8311% accepted

energy = -98.98973325
energy/site = -0.3437143516
43.7272% accepted

energy = -96.13843163
energy/site = -0.3338139987
43.638% accepted

energy = -95.53357612
energy/site = -0.331713806
43.787% accepted

energy = -97.74370837
energy/site = -0.3393878763
43.7339% accepted

energy = -97.7294505
energy/site = -0.3393383698
43.72% accepted

energy = -96.43478513
energy/site = -0.3348430039
43.8649% accepted

energy = -98.39589038
energy/site = -0.3416523971
43.7828% accepted

energy = -98.974362
energy/site = -0.3436609792
43.6475% accepted

energy = -96.88607587
energy/site = -0.3364099857
43.8868% accepted

energy = -96.56727113
energy/site = -0.3353030247
43.7638% accepted

energy = -98.51995725
energy/site = -0.3420831849
43.7164% accepted

energy = -97.30967588
energy/site = -0.337880819
43.74% accepted

energy = -96.49282463
energy/site = -0.3350445299
43.7288% accepted

energy = -98.26586362
energy/site = -0.3412009154
43.637% accepted

energy = -95.10023663
energy/site = -0.3302091549
43.7763% accepted

energy = -96.8855535
energy/site = -0.3364081719
43.8149% accepted

energy = -97.44551925
energy/site = -0.3383524974
43.8884% accepted

energy = -97.34952863
energy/site = -0.3380191966
43.8016% accepted

energy = -96.69792525
energy/site = -0.3357566849
43.6898% accepted

energy = -97.79564625
energy/site = -0.3395682161
43.8194% accepted

energy = -96.68640375
energy/site = -0.3357166797
43.7692% accepted

energy = -97.1844585
energy/site = -0.3374460365
43.8227% accepted

energy = -97.8765645
energy/site = -0.3398491823
43.8806% accepted

energy = -97.15282688
energy/site = -0.3373362044
43.9131% accepted

energy = -98.09815238
energy/site = -0.3406185846
43.7471% accepted

energy = -97.570116
energy/site = -0.338785125
43.7749% accepted

energy = -97.94995425
energy/site = -0.3401040078
43.7639% accepted

energy = -97.42613963
energy/site = -0.338285207
43.7387% accepted

energy = -97.73549625
energy/site = -0.339359362
43.9075% accepted

energy = -98.33677725
energy/site = -0.3414471432
43.8168% accepted

energy = -96.298143
energy/site = -0.3343685521
43.6749% accepted

energy = -97.97164088
energy/site = -0.3401793086
43.8505% accepted

energy = -98.61865575
energy/site = -0.342425888
43.8846% accepted

energy = -96.15432038
energy/site = -0.333869168
43.8273% accepted

energy = -96.39051225
energy/site = -0.3346892786
43.8108% accepted

energy = -96.80483138
energy/site = -0.3361278867
43.7862% accepted

energy = -96.95450137
energy/site = -0.3366475742
43.8344% accepted

energy = -96.28169925
energy/site = -0.3343114557
43.681% accepted

energy = -96.94597125
energy/site = -0.3366179557
43.8329% accepted

energy = -96.70956637
energy/site = -0.3357971055
43.8523% accepted

energy = -97.32516225
energy/site = -0.3379345911
43.8704% accepted

energy = -97.65861037
energy/site = -0.3390923971
43.8109% accepted

energy = -97.17264938
energy/site = -0.3374050326
43.7598% accepted

energy = -96.61032525
energy/site = -0.3354525182
43.8339% accepted

energy = -97.56399675
energy/site = -0.3387638776
43.6703% accepted

energy = -97.68173475
energy/site = -0.3391726901
43.6841% accepted

energy = -98.086482
energy/site = -0.3405780625
43.8101% accepted

energy = -97.39378088
energy/site = -0.3381728503
43.689% accepted

energy = -97.24946887
energy/site = -0.3376717669
44.0078% accepted

energy = -97.73447025
energy/site = -0.3393557995
43.7049% accepted

energy = -96.707721
energy/site = -0.3357906979
43.7105% accepted

energy = -97.06903612
energy/site = -0.3370452643
43.7656% accepted

energy = -96.69830738
energy/site = -0.3357580117
43.8344% accepted

energy = -98.728293
energy/site = -0.3428065729
43.728% accepted

energy = -95.91504375
energy/site = -0.3330383464
43.9611% accepted

energy = -95.61795937
energy/site = -0.3320068034
43.8805% accepted

energy = -97.20946762
energy/site = -0.3375328737
43.6553% accepted

energy = -96.2237985
energy/site = -0.3341104115
43.6873% accepted

energy = -96.64045162
energy/site = -0.3355571237
43.8757% accepted

energy = -96.21238688
energy/site = -0.3340707878
43.8118% accepted

energy = -96.287892
energy/site = -0.3343329583
43.6767% accepted

energy = -98.34531788
energy/site = -0.3414767982
43.9786% accepted

energy = -96.581961
energy/site = -0.3353540312
43.7675% accepted

energy = -97.8516645
energy/site = -0.339762724
43.7759% accepted

energy = -97.36675087
energy/site = -0.3380789961
43.762% accepted

energy = -97.148709
energy/site = -0.3373219063
43.809% accepted

energy = -97.90151625
energy/site = -0.3399358203
43.7754% accepted

energy = -96.96541088
energy/site = -0.3366854544
43.6441% accepted

energy = -98.383056
energy/site = -0.3416078333
43.804% accepted

energy = -97.09595662
energy/site = -0.3371387383
43.7115% accepted

energy = -97.808112
energy/site = -0.3396115
43.8055% accepted

energy = -97.55803688
energy/site = -0.3387431836
43.8621% accepted

energy = -97.45270275
energy/site = -0.3383774401
43.7446% accepted

energy = -96.67203075
energy/site = -0.3356667734
43.8342% accepted

energy = -96.69798525
energy/site = -0.3357568932
43.8283% accepted

energy = -96.50626988
energy/site = -0.3350912148
43.6495% accepted

energy = -96.86714587
energy/site = -0.3363442565
43.7821% accepted

energy = -97.22284687
energy/site = -0.3375793294
43.6299% accepted

energy = -96.22212825
energy/site = -0.334104612
43.9405% accepted

energy = -97.30365675
energy/site = -0.3378599193
43.904% accepted

energy = -97.020231
energy/site = -0.3368758021
43.8245% accepted

energy = -96.22094512
energy/site = -0.3341005039
43.8237% accepted

energy = -96.31226363
energy/site = -0.334417582
43.8967% accepted

energy = -98.34262762
energy/site = -0.341467457
44.0012% accepted

energy = -96.11097262
energy/site = -0.3337186549
43.6731% accepted

energy = -96.80263575
energy/site = -0.336120263
43.6941% accepted

energy = -97.23717412
energy/site = -0.3376290768
43.8357% accepted

energy = -97.21578413
energy/site = -0.337554806
43.9022% accepted

energy = -97.639932
energy/site = -0.3390275417
43.8669% accepted

energy = -97.9059435
energy/site = -0.3399511927
43.7635% accepted

energy = -96.11838225
energy/site = -0.3337443828
43.9024% accepted

energy = -97.15522013
energy/site = -0.3373445143
43.6853% accepted

energy = -95.46574538
energy/site = -0.3314782826
43.7815% accepted

energy = -96.87419363
energy/site = -0.3363687279
43.8139% accepted

energy = -97.03064363
energy/site = -0.336911957
43.9014% accepted

energy = -96.523605
energy/site = -0.3351514062
43.602% accepted

energy = -97.30085513
energy/site = -0.3378501914
43.744% accepted

energy = -97.60053938
energy/site = -0.3388907617
43.8863% accepted

energy = -97.34701387
energy/site = -0.3380104648
43.8881% accepted

energy = -95.44596938
energy/site = -0.3314096159
43.7464% accepted

energy = -96.72302213
energy/site = -0.3358438268
43.8013% accepted

energy = -97.83606113
energy/site = -0.3397085456
43.7263% accepted

energy = -96.591369
energy/site = -0.3353866979
43.7779% accepted

energy = -97.64581163
energy/site = -0.339047957
43.8422% accepted

energy = -96.58711087
energy/site = -0.3353719128
43.7874% accepted

energy = -98.09317537
energy/site = -0.3406013034
43.8076% accepted

energy = -97.84409663
energy/site = -0.3397364466
43.8508% accepted

energy = -97.06234762
energy/site = -0.3370220404
43.7106% accepted

energy = -97.41896212
energy/site = -0.3382602852
43.7596% accepted

energy = -97.50718538
energy/site = -0.3385666159
43.7978% accepted

energy = -95.735301
energy/site = -0.3324142396
43.7506% accepted

energy = -98.345391
energy/site = -0.3414770521
43.7288% accepted

energy = -96.04535475
energy/site = -0.3334908151
43.8019% accepted

energy = -96.38803012
energy/site = -0.3346806602
43.8679% accepted

energy = -97.0154895
energy/site = -0.3368593385
43.6876% accepted

energy = -97.55658337
energy/site = -0.3387381367
43.9597% accepted

