
weighting by <swap_x> where x = 4
8 x 32 x 1 system
r   = 3  bondops changed per step 
n/N = 80  bond operators / site
its = 1000000  iterations/loop for 10000 loops

energy = -3523.127376
energy/site = -6.881108156
44.2954% accepted

energy = -1111.994047
energy/site = -2.171863373
43.6991% accepted

energy = -1274.230096
energy/site = -2.488730656
43.6312% accepted

energy = -1186.328366
energy/site = -2.317047589
43.9719% accepted

energy = -1266.231439
energy/site = -2.473108279
43.6982% accepted

energy = -995.8295878
energy/site = -1.944979664
43.6763% accepted

energy = -2689.673475
energy/site = -5.253268507
43.8278% accepted

energy = -1120.23223
energy/site = -2.187953575
43.7639% accepted

energy = -2602.004217
energy/site = -5.082039485
43.5664% accepted

energy = -1706.803586
energy/site = -3.333600753
43.8052% accepted

energy = -1056.464888
energy/site = -2.063407985
43.6248% accepted

energy = -2252.715403
energy/site = -4.399834772
43.7938% accepted

energy = -2245.424628
energy/site = -4.385594977
43.6401% accepted

energy = -1567.649978
energy/site = -3.061816364
43.6672% accepted

energy = -3577.100443
energy/site = -6.986524303
43.7325% accepted

energy = -1643.90214
energy/site = -3.210746368
43.7062% accepted

energy = -2424.16367
energy/site = -4.734694668
43.5857% accepted

energy = -742.1846487
energy/site = -1.449579392
43.7983% accepted

energy = -981.3784072
energy/site = -1.916754702
43.7925% accepted

energy = -939.8686375
energy/site = -1.835680933
43.6997% accepted

energy = -897.1366302
energy/site = -1.752219981
43.7001% accepted

energy = -3098.643477
energy/site = -6.05203804
43.7479% accepted

energy = -2008.779346
energy/site = -3.923397159
43.8184% accepted

energy = -968.792666
energy/site = -1.892173176
43.667% accepted

energy = -741.3732828
energy/site = -1.447994693
43.6886% accepted

energy = -1680.226443
energy/site = -3.281692271
43.6432% accepted

energy = -1977.29174
energy/site = -3.861897929
43.6195% accepted

energy = -3169.827999
energy/site = -6.19107031
43.8059% accepted

energy = -2068.284763
energy/site = -4.039618678
43.7547% accepted

energy = -393.7425392
energy/site = -0.7690283968
43.6696% accepted

energy = -1080.014618
energy/site = -2.109403551
43.6478% accepted

energy = -963.3623939
energy/site = -1.881567176
43.7313% accepted

energy = -2437.5149
energy/site = -4.760771289
43.5427% accepted

energy = -1132.930807
energy/site = -2.212755482
43.8471% accepted

energy = -3644.096158
energy/site = -7.117375309
43.6434% accepted

energy = -1135.161505
energy/site = -2.217112314
43.7092% accepted

energy = -1314.115223
energy/site = -2.566631295
43.6944% accepted

energy = -1171.996809
energy/site = -2.289056267
43.6442% accepted

energy = -2137.084294
energy/site = -4.173992761
43.578% accepted

energy = -1179.461487
energy/site = -2.303635718
43.6867% accepted

energy = -720.2995847
energy/site = -1.406835126
43.6965% accepted

energy = -1112.77863
energy/site = -2.173395762
43.6678% accepted

energy = -2787.738597
energy/site = -5.444801947
43.5514% accepted

energy = -2416.274372
energy/site = -4.719285882
43.6391% accepted

energy = -2427.922303
energy/site = -4.742035749
43.8092% accepted

energy = -1674.500961
energy/site = -3.270509689
43.7219% accepted

energy = -1338.256225
energy/site = -2.613781689
43.6123% accepted

energy = -1552.047366
energy/site = -3.031342512
43.633% accepted

energy = -461.1174511
energy/site = -0.9006200217
43.6749% accepted

energy = -1587.757106
energy/site = -3.101088097
43.6204% accepted

energy = -788.5236977
energy/site = -1.540085347
43.5968% accepted

energy = -1407.343304
energy/site = -2.74871739
43.7098% accepted

energy = -1924.02216
energy/site = -3.757855781
43.8591% accepted

energy = -1408.035205
energy/site = -2.750068761
43.762% accepted

energy = -1685.550603
energy/site = -3.292091022
43.8673% accepted

energy = -1324.943492
energy/site = -2.587780259
43.7507% accepted

energy = -2768.913527
energy/site = -5.408034233
43.6497% accepted

energy = -1506.4977
energy/site = -2.942378319
43.6093% accepted

energy = -1192.018973
energy/site = -2.328162057
43.7618% accepted

energy = -1800.976821
energy/site = -3.517532853
43.5066% accepted

energy = -4481.920072
energy/site = -8.75375014
43.6317% accepted

energy = -1200.568319
energy/site = -2.344859998
43.6574% accepted

energy = -1787.032176
energy/site = -3.490297219
43.694% accepted

energy = -548.1865463
energy/site = -1.070676848
43.5638% accepted

energy = -3423.666507
energy/site = -6.686848646
43.7395% accepted

energy = -1086.375031
energy/site = -2.121826233
43.7128% accepted

energy = -2515.628499
energy/site = -4.913336912
43.7788% accepted

energy = -1679.14262
energy/site = -3.27957543
43.6308% accepted

energy = -4040.108826
energy/site = -7.890837551
43.6795% accepted

energy = -1772.194183
energy/site = -3.461316763
43.6913% accepted

energy = -1129.837521
energy/site = -2.206713907
43.7721% accepted

energy = -1354.386801
energy/site = -2.645286721
43.7426% accepted

energy = -4556.580258
energy/site = -8.899570817
43.7037% accepted

energy = -1645.207268
energy/site = -3.213295445
43.8048% accepted

energy = -1303.996423
energy/site = -2.546868014
43.7517% accepted

energy = -3014.755275
energy/site = -5.888193896
43.7429% accepted

energy = -219.8565339
energy/site = -0.4294072929
43.6664% accepted

energy = -4345.228918
energy/site = -8.48677523
43.8206% accepted

energy = -1103.616966
energy/site = -2.155501887
43.7386% accepted

energy = -2040.552274
energy/site = -3.985453661
43.4855% accepted

energy = -837.4466281
energy/site = -1.635637946
43.639% accepted

energy = -1155.309908
energy/site = -2.256464665
43.7308% accepted

energy = -1229.989625
energy/site = -2.402323486
43.8028% accepted

energy = -1258.359761
energy/site = -2.457733908
43.6096% accepted

energy = -2009.165832
energy/site = -3.924152016
43.8287% accepted

energy = -2972.133853
energy/site = -5.804948932
43.6923% accepted

energy = -3085.265443
energy/site = -6.025909068
43.5984% accepted

energy = -934.8423563
energy/site = -1.825863977
43.7156% accepted

energy = -1764.013429
energy/site = -3.445338728
43.871% accepted

energy = -2740.547765
energy/site = -5.352632354
43.77% accepted

energy = -1243.871253
energy/site = -2.429436041
43.5628% accepted

energy = -1560.240631
energy/site = -3.047344982
43.9111% accepted

energy = -10525.41858
energy/site = -20.55745817
43.6274% accepted

energy = -1357.383095
energy/site = -2.651138857
43.7273% accepted

energy = -706.7720485
energy/site = -1.380414157
43.6953% accepted

energy = -2932.134475
energy/site = -5.726825146
43.6908% accepted

energy = -866.3551433
energy/site = -1.692099889
43.6956% accepted

energy = -3682.990624
energy/site = -7.193341063
43.6729% accepted

energy = -26332.13092
energy/site = -51.4299432
43.575% accepted

energy = -1835.448226
energy/site = -3.584859817
43.838% accepted

energy = -1157.093598
energy/site = -2.259948434
43.7089% accepted

energy = -835.9090998
energy/site = -1.63263496
43.6817% accepted

energy = -2277.006273
energy/site = -4.447277876
43.7254% accepted

energy = -1726.35588
energy/site = -3.371788827
43.7283% accepted

energy = -734.7083854
energy/site = -1.434977315
43.7141% accepted

energy = -1312.332158
energy/site = -2.563148746
43.715% accepted

energy = -6519.781775
energy/site = -12.73394878
43.6057% accepted

energy = -2942.25402
energy/site = -5.746589883
43.7064% accepted

energy = -492.5288611
energy/site = -0.9619704319
43.7333% accepted

energy = -1196.600263
energy/site = -2.337109889
43.6458% accepted

energy = -3774.578692
energy/site = -7.372224008
43.8637% accepted

energy = -1196.5832
energy/site = -2.337076562
43.7437% accepted

energy = -1107.480832
energy/site = -2.163048501
43.6955% accepted

energy = -907.0130914
energy/site = -1.771509944
43.7408% accepted

energy = -4291.945148
energy/site = -8.382705367
43.8879% accepted

energy = -2337.167648
energy/site = -4.564780563
43.6595% accepted

energy = -3072.081613
energy/site = -6.0001594
43.5777% accepted

energy = -1585.743865
energy/site = -3.097155986
43.7629% accepted

energy = -1431.783942
energy/site = -2.796453012
43.7174% accepted

energy = -1260.933031
energy/site = -2.462759827
43.6941% accepted

energy = -1555.573709
energy/site = -3.0382299
43.7916% accepted

energy = -2120.494021
energy/site = -4.141589884
43.8117% accepted

energy = -2659.096377
energy/site = -5.193547611
43.7898% accepted

energy = -4474.478281
energy/site = -8.739215392
43.7164% accepted

energy = -1067.628335
energy/site = -2.085211591
43.6815% accepted

energy = -664.8465087
energy/site = -1.298528337
43.5824% accepted

energy = -2274.778474
energy/site = -4.442926707
43.6788% accepted

energy = -695.6769122
energy/site = -1.358743969
43.7928% accepted

energy = -5862.161938
energy/site = -11.44953504
43.7228% accepted

energy = -396.5288922
energy/site = -0.7744704925
43.8282% accepted

energy = -1554.640901
energy/site = -3.03640801
43.6938% accepted

energy = -1235.26681
energy/site = -2.412630488
43.7882% accepted

energy = -1091.543082
energy/site = -2.131920082
43.7641% accepted

energy = -1092.858821
energy/site = -2.134489885
43.7657% accepted

energy = -2186.462916
energy/site = -4.270435384
43.7381% accepted

energy = -837.5696555
energy/site = -1.635878233
43.7295% accepted

energy = -1433.935144
energy/site = -2.800654577
43.8638% accepted

energy = -1887.611194
energy/site = -3.686740614
43.7623% accepted

energy = -1164.882388
energy/site = -2.275160913
43.7112% accepted

energy = -1047.908952
energy/site = -2.046697172
43.733% accepted

energy = -970.5196708
energy/site = -1.895546232
43.7504% accepted

energy = -1067.018549
energy/site = -2.084020603
43.618% accepted

energy = -2890.688099
energy/site = -5.645875193
43.8277% accepted

energy = -1137.068952
energy/site = -2.220837798
43.7824% accepted

energy = -1573.252623
energy/site = -3.07275903
43.6335% accepted

energy = -543.2784076
energy/site = -1.06109064
43.6139% accepted

energy = -2657.903148
energy/site = -5.191217086
43.7771% accepted

energy = -1201.662119
energy/site = -2.346996326
43.7047% accepted

energy = -2802.962444
energy/site = -5.474536023
43.7112% accepted

energy = -1169.936339
energy/site = -2.285031912
43.8375% accepted

energy = -3291.832963
energy/site = -6.429361256
43.569% accepted

energy = -1479.686084
energy/site = -2.890011883
43.6959% accepted

energy = -516.2260133
energy/site = -1.008253932
43.6717% accepted

energy = -1320.203406
energy/site = -2.578522278
43.7494% accepted

energy = -5387.775887
energy/site = -10.52299978
43.8535% accepted

energy = -1082.083352
energy/site = -2.113444048
43.7302% accepted

energy = -1719.510643
energy/site = -3.358419225
43.593% accepted

energy = -2208.024687
energy/site = -4.312548217
43.607% accepted

energy = -26341.77173
energy/site = -51.44877291
43.7448% accepted

energy = -2641.739455
energy/site = -5.159647373
43.6233% accepted

energy = -2604.74344
energy/site = -5.087389531
43.5364% accepted

energy = -1253.951567
energy/site = -2.449124154
43.8399% accepted

energy = -2174.742881
energy/site = -4.247544689
43.7488% accepted

energy = -5250.93495
energy/site = -10.25573233
43.6014% accepted

energy = -1414.050245
energy/site = -2.761816884
43.7451% accepted

energy = -1479.811315
energy/site = -2.890256475
43.8205% accepted

energy = -4135.238021
energy/site = -8.07663676
43.7476% accepted

energy = -1818.757738
energy/site = -3.552261206
43.6582% accepted

energy = -1856.052199
energy/site = -3.625101951
43.7953% accepted

energy = -1770.517267
energy/site = -3.458041538
43.6308% accepted

energy = -1574.902717
energy/site = -3.075981869
43.4863% accepted

energy = -1693.978032
energy/site = -3.308550844
43.739% accepted

energy = -2674.127903
energy/site = -5.22290606
43.8653% accepted

energy = -1022.460996
energy/site = -1.996994133
43.6289% accepted

energy = -2882.59901
energy/site = -5.630076192
43.7609% accepted

energy = -1174.371018
energy/site = -2.293693394
43.7744% accepted

energy = -4964.29918
energy/site = -9.695896836
43.7503% accepted

energy = -760.0753797
energy/site = -1.484522226
43.7181% accepted

energy = -1689.365617
energy/site = -3.29954222
43.8697% accepted

energy = -4373.31469
energy/site = -8.541630253
43.7171% accepted

energy = -677.8002666
energy/site = -1.323828646
43.7004% accepted

energy = -4689.239954
energy/site = -9.158671785
43.7344% accepted

energy = -1024.149511
energy/site = -2.000292014
43.8101% accepted

energy = -1842.932543
energy/site = -3.599477623
43.7737% accepted

energy = -811.6696894
energy/site = -1.585292362
43.651% accepted

energy = -10155.88758
energy/site = -19.83571793
43.7172% accepted

energy = -2784.636651
energy/site = -5.438743458
43.6592% accepted

energy = -287.9617203
energy/site = -0.5624252349
43.7353% accepted

energy = -1467.359266
energy/site = -2.865936067
43.6519% accepted

energy = -7620.95714
energy/site = -14.88468191
43.6663% accepted

energy = -2843.216346
energy/site = -5.553156926
43.6312% accepted

energy = -680.4173167
energy/site = -1.328940072
43.7344% accepted

energy = -2491.373299
energy/site = -4.865963474
43.7044% accepted

energy = -1378.822793
energy/site = -2.693013268
43.7904% accepted

energy = -1344.104748
energy/site = -2.625204587
43.6491% accepted

energy = -852.4794191
energy/site = -1.664998865
43.7688% accepted

energy = -21537.78351
energy/site = -42.06598341
43.6944% accepted

energy = -674.019773
energy/site = -1.316444869
43.7984% accepted

energy = -1448.74659
energy/site = -2.829583184
43.826% accepted

energy = -981.4500386
energy/site = -1.916894607
43.8584% accepted

energy = -1069.826483
energy/site = -2.08950485
43.88% accepted

energy = -1855.755964
energy/site = -3.624523367
43.6705% accepted

energy = -2318.993726
energy/site = -4.529284622
43.7811% accepted

energy = -818.0743391
energy/site = -1.597801444
43.6472% accepted

energy = -2548.863115
energy/site = -4.978248271
43.7628% accepted

energy = -1062.71152
energy/site = -2.075608437
43.656% accepted

energy = -1425.877902
energy/site = -2.784917778
43.6369% accepted

energy = -852.2035502
energy/site = -1.664460059
43.5906% accepted

energy = -1647.59089
energy/site = -3.217950958
43.8149% accepted

energy = -649.132115
energy/site = -1.267836162
43.8098% accepted

energy = -1074.467233
energy/site = -2.098568815
43.769% accepted

energy = -1236.082803
energy/site = -2.414224225
43.7002% accepted

energy = -1749.407787
energy/site = -3.416812084
43.7582% accepted

energy = -1695.13219
energy/site = -3.310805058
43.7787% accepted

energy = -1597.194084
energy/site = -3.119519695
43.5471% accepted

energy = -679.5468594
energy/site = -1.32723996
43.8373% accepted

energy = -2314.576961
energy/site = -4.520658127
43.7256% accepted

energy = -1407.943231
energy/site = -2.749889124
43.5923% accepted

energy = -910.2462668
energy/site = -1.77782474
43.6011% accepted

energy = -394.3728665
energy/site = -0.770259505
43.7415% accepted

energy = -1230.269731
energy/site = -2.402870568
43.6373% accepted

energy = -778.3289449
energy/site = -1.520173721
43.6778% accepted

energy = -1333.251477
energy/site = -2.604006792
43.6792% accepted

energy = -1656.452165
energy/site = -3.235258134
43.5984% accepted

energy = -1435.035204
energy/site = -2.802803132
43.7162% accepted

energy = -2271.040187
energy/site = -4.435625366
43.635% accepted

energy = -3751.922254
energy/site = -7.327973153
43.7413% accepted

energy = -721.4096769
energy/site = -1.409003275
43.7487% accepted

energy = -1362.86322
energy/site = -2.661842226
43.8057% accepted

energy = -1923.679644
energy/site = -3.757186805
43.7362% accepted

energy = -2413.639148
energy/site = -4.714138961
43.6714% accepted

energy = -1467.459312
energy/site = -2.866131468
43.5938% accepted

energy = -3410.230711
energy/site = -6.660606858
43.7308% accepted

energy = -3224.815922
energy/site = -6.298468598
43.7124% accepted

energy = -2408.564299
energy/site = -4.704227146
43.7155% accepted

energy = -1391.16452
energy/site = -2.717118204
43.8703% accepted

energy = -341.5849705
energy/site = -0.6671581455
43.8144% accepted

energy = -2096.175664
energy/site = -4.094093094
43.8509% accepted

energy = -3895.799449
energy/site = -7.608983299
43.7448% accepted

energy = -856.0976356
energy/site = -1.672065695
43.7978% accepted

energy = -2075.277238
energy/site = -4.053275856
43.6009% accepted

energy = -14513.07153
energy/site = -28.34584283
43.818% accepted

energy = -2113.324204
energy/site = -4.127586335
43.6607% accepted

energy = -1833.065725
energy/site = -3.580206494
43.7118% accepted

energy = -1694.58724
energy/site = -3.309740704
43.67% accepted

energy = -1304.50943
energy/site = -2.54786998
43.6099% accepted

energy = -6118.701516
energy/site = -11.9505889
43.7082% accepted

energy = -540.6101668
energy/site = -1.055879232
43.7519% accepted

energy = -2225.519524
energy/site = -4.346717821
43.7795% accepted

energy = -1415.867654
energy/site = -2.765366512
43.7314% accepted

energy = -373.3862854
energy/site = -0.7292700886
43.6822% accepted

energy = -1992.175782
energy/site = -3.890968324
43.7436% accepted

energy = -874.5477929
energy/site = -1.708101158
43.6836% accepted

energy = -1746.444473
energy/site = -3.411024362
43.6844% accepted

energy = -4690.828519
energy/site = -9.16177445
43.7113% accepted

energy = -2279.983284
energy/site = -4.453092351
43.6707% accepted

energy = -2158.971157
energy/site = -4.216740541
43.7146% accepted

energy = -1415.31895
energy/site = -2.764294825
43.7833% accepted

energy = -515.9977263
energy/site = -1.007808059
43.6562% accepted

energy = -1954.871811
energy/site = -3.818109006
43.7099% accepted

energy = -2277.873324
energy/site = -4.448971336
43.7398% accepted

energy = -526.5020248
energy/site = -1.028324267
43.7165% accepted

energy = -1051.33062
energy/site = -2.053380118
43.7397% accepted

energy = -606.1419579
energy/site = -1.183871012
43.7595% accepted

energy = -612.3840326
energy/site = -1.196062564
43.7467% accepted

energy = -1144.775152
energy/site = -2.235888968
43.7294% accepted

energy = -1006.172611
energy/site = -1.965180881
43.7175% accepted

energy = -1197.28334
energy/site = -2.338444024
43.6692% accepted

energy = -660.0148893
energy/site = -1.289091581
43.6728% accepted

energy = -1449.610254
energy/site = -2.831270027
43.7728% accepted

energy = -1263.811082
energy/site = -2.468381019
43.5418% accepted

energy = -4199.385772
energy/site = -8.201925336
43.7843% accepted

energy = -1605.142487
energy/site = -3.135043919
43.9127% accepted

energy = -1332.251333
energy/site = -2.602053385
43.7663% accepted

energy = -3286.813445
energy/site = -6.41955751
43.6952% accepted

energy = -1980.381448
energy/site = -3.867932517
43.8027% accepted

energy = -2143.001382
energy/site = -4.185549573
43.6486% accepted

energy = -856.376407
energy/site = -1.67261017
43.6983% accepted

energy = -1635.272505
energy/site = -3.19389161
43.594% accepted

energy = -1968.557201
energy/site = -3.844838284
43.7293% accepted

energy = -2441.545498
energy/site = -4.768643551
43.7075% accepted

energy = -9260.723705
energy/site = -18.08735099
43.6467% accepted

energy = -2865.323751
energy/site = -5.596335452
43.7222% accepted

energy = -1277.814007
energy/site = -2.495730483
43.6196% accepted

energy = -3241.203176
energy/site = -6.330474954
43.8219% accepted

energy = -1403.79764
energy/site = -2.741792265
43.7558% accepted

energy = -971.7329479
energy/site = -1.897915914
43.6488% accepted

energy = -6666.502177
energy/site = -13.02051207
43.6638% accepted

energy = -4395.660847
energy/site = -8.585275092
43.783% accepted

energy = -1209.085884
energy/site = -2.361495867
43.7991% accepted

energy = -1199.531395
energy/site = -2.342834755
43.635% accepted

energy = -1530.038099
energy/site = -2.988355661
43.8661% accepted

energy = -1250.978899
energy/site = -2.443318162
43.8713% accepted

energy = -754.5543615
energy/site = -1.473738987
43.6449% accepted

energy = -1321.252682
energy/site = -2.580571645
43.5501% accepted

energy = -2039.803801
energy/site = -3.983991798
43.8418% accepted

energy = -853.0015897
energy/site = -1.66601873
43.7677% accepted

energy = -1091.676342
energy/site = -2.132180355
43.7256% accepted

energy = -2347.324142
energy/site = -4.584617464
43.697% accepted

energy = -720.9979231
energy/site = -1.408199069
43.6815% accepted

energy = -1737.057476
energy/site = -3.392690383
43.9354% accepted

energy = -1094.786805
energy/site = -2.138255479
43.6753% accepted

energy = -1245.767005
energy/site = -2.433138682
43.6015% accepted

energy = -1027.515467
energy/site = -2.006866146
43.4773% accepted

energy = -1298.005532
energy/site = -2.535167055
43.5502% accepted

energy = -646.7976054
energy/site = -1.263276573
43.8203% accepted

energy = -636.1771334
energy/site = -1.242533464
43.6875% accepted

energy = -3181.164379
energy/site = -6.213211678
43.7336% accepted

energy = -1455.978495
energy/site = -2.843707998
43.6101% accepted

energy = -895.5766799
energy/site = -1.749173203
43.6999% accepted

energy = -993.0646628
energy/site = -1.93957942
43.8289% accepted

energy = -1342.488254
energy/site = -2.622047372
43.7687% accepted

energy = -1716.407557
energy/site = -3.35235851
43.8631% accepted

energy = -3116.420666
energy/site = -6.086759113
43.674% accepted

energy = -1449.471305
energy/site = -2.830998642
43.6225% accepted

energy = -895.8498789
energy/site = -1.749706795
43.6805% accepted

energy = -1076.860962
energy/site = -2.103244066
43.7095% accepted

energy = -5678.603685
energy/site = -11.09102282
43.6984% accepted

energy = -1566.472053
energy/site = -3.059515728
43.6504% accepted

energy = -3545.111896
energy/site = -6.924046671
43.6653% accepted

energy = -995.2152838
energy/site = -1.943779851
43.741% accepted

energy = -332.071604
energy/site = -0.6485773516
43.6241% accepted

energy = -1832.092339
energy/site = -3.578305349
43.8248% accepted

energy = -3673.184999
energy/site = -7.174189451
43.7216% accepted

energy = -9368.403194
energy/site = -18.29766249
43.6579% accepted

energy = -962.8983301
energy/site = -1.880660801
43.6635% accepted

energy = -2063.873089
energy/site = -4.031002126
43.6249% accepted

energy = -864.7753323
energy/site = -1.689014321
43.6832% accepted

energy = -1186.892152
energy/site = -2.318148735
43.8985% accepted

energy = -5678.353953
energy/site = -11.09053506
43.5835% accepted

energy = -2816.400434
energy/site = -5.500782098
43.7084% accepted

energy = -979.3009456
energy/site = -1.912697159
43.7759% accepted

energy = -478.3262674
energy/site = -0.9342309911
43.6735% accepted

energy = -1553.850634
energy/site = -3.03486452
43.7893% accepted

energy = -2120.856021
energy/site = -4.142296916
43.7166% accepted

energy = -1710.529196
energy/site = -3.340877336
43.6976% accepted

energy = -1362.747736
energy/site = -2.661616672
43.7196% accepted

energy = -1371.438755
energy/site = -2.678591318
43.7651% accepted

energy = -1682.525408
energy/site = -3.286182437
43.5832% accepted

energy = -1081.165482
energy/site = -2.111651332
43.7616% accepted

energy = -3619.147903
energy/site = -7.068648249
43.617% accepted

energy = -3500.235413
energy/site = -6.83639729
43.759% accepted

energy = -1500.365708
energy/site = -2.930401773
43.7687% accepted

energy = -2582.157669
energy/site = -5.043276698
43.7525% accepted

energy = -535.1567058
energy/site = -1.045227941
43.7762% accepted

energy = -607.034125
energy/site = -1.185613525
43.7266% accepted

energy = -713.3224583
energy/site = -1.393207926
43.7165% accepted

energy = -746.5935561
energy/site = -1.458190539
43.8093% accepted

energy = -822.3636964
energy/site = -1.606179095
43.6393% accepted

energy = -369.601347
energy/site = -0.7218776308
43.6886% accepted

energy = -1342.800825
energy/site = -2.622657861
43.5018% accepted

energy = -1499.127737
energy/site = -2.927983861
43.7258% accepted

energy = -1139.774728
energy/site = -2.226122516
43.6116% accepted

energy = -1093.914701
energy/site = -2.136552151
43.6969% accepted

energy = -2266.80504
energy/site = -4.427353593
43.628% accepted

energy = -749.6968738
energy/site = -1.464251707
43.6625% accepted

energy = -1041.032717
energy/site = -2.033267026
43.7974% accepted

energy = -1744.86228
energy/site = -3.407934142
43.7126% accepted

energy = -1065.389968
energy/site = -2.080839782
43.8215% accepted

energy = -2348.411352
energy/site = -4.586740921
43.6578% accepted

energy = -1319.22656
energy/site = -2.576614376
43.5459% accepted

energy = -453.9530152
energy/site = -0.8866269829
43.7875% accepted

energy = -1234.547672
energy/site = -2.411225922
43.791% accepted

energy = -2218.002085
energy/site = -4.332035322
43.7013% accepted

energy = -1919.963539
energy/site = -3.749928787
43.6086% accepted

energy = -920.0671706
energy/site = -1.797006193
43.7008% accepted

energy = -1373.99716
energy/site = -2.683588203
43.6231% accepted

energy = -897.0304212
energy/site = -1.752012541
43.6538% accepted

energy = -2329.567559
energy/site = -4.549936638
43.6956% accepted

energy = -864.0597016
energy/site = -1.687616605
43.7224% accepted

energy = -2151.391499
energy/site = -4.201936522
43.876% accepted

energy = -1668.23991
energy/site = -3.258281074
43.6285% accepted

energy = -1422.191618
energy/site = -2.777718003
43.655% accepted

energy = -1067.930822
energy/site = -2.085802386
43.7379% accepted

energy = -470.303307
energy/site = -0.9185611465
43.7945% accepted

energy = -1343.016832
energy/site = -2.62307975
43.7106% accepted

energy = -1483.298065
energy/site = -2.897066534
43.733% accepted

energy = -1132.03706
energy/site = -2.211009883
43.7894% accepted

energy = -2112.469556
energy/site = -4.125917101
43.725% accepted

energy = -550.9021053
energy/site = -1.075980674
43.6927% accepted

energy = -905.5923677
energy/site = -1.768735093
43.7093% accepted

energy = -2078.501467
energy/site = -4.059573177
43.6311% accepted

energy = -1565.11482
energy/site = -3.056864883
43.6149% accepted

energy = -1135.113622
energy/site = -2.217018793
43.6763% accepted

energy = -664.0220153
energy/site = -1.296917999
43.6968% accepted

energy = -2252.922689
energy/site = -4.400239628
43.7303% accepted

energy = -1614.06574
energy/site = -3.152472149
43.6911% accepted

energy = -816.159553
energy/site = -1.594061627
43.6323% accepted

energy = -944.156233
energy/site = -1.844055143
43.7018% accepted

energy = -2350.111815
energy/site = -4.59006214
43.6432% accepted

energy = -1247.900772
energy/site = -2.437306195
43.8384% accepted

energy = -1626.864566
energy/site = -3.177469855
43.712% accepted

energy = -1375.493141
energy/site = -2.686510041
43.6974% accepted

energy = -1790.707894
energy/site = -3.497476356
43.6017% accepted

energy = -2820.881258
energy/site = -5.509533708
43.7014% accepted

energy = -1158.08824
energy/site = -2.261891094
43.5622% accepted

energy = -1145.305181
energy/site = -2.236924181
43.7194% accepted

energy = -533.0538044
energy/site = -1.041120712
43.6701% accepted

energy = -750.2812356
energy/site = -1.465393038
43.6311% accepted

energy = -975.3265384
energy/site = -1.904934645
43.7595% accepted

energy = -2240.550002
energy/site = -4.376074222
43.8481% accepted

energy = -1904.608636
energy/site = -3.719938742
43.667% accepted

energy = -2401.514132
energy/site = -4.690457289
43.613% accepted

energy = -2857.351075
energy/site = -5.580763818
43.6702% accepted

energy = -12032.0731
energy/site = -23.50014278
43.8569% accepted

energy = -4713.985365
energy/site = -9.207002665
43.6766% accepted

energy = -1298.219787
energy/site = -2.535585521
43.8118% accepted

energy = -2679.39079
energy/site = -5.233185137
43.6201% accepted

energy = -2071.327057
energy/site = -4.045560659
43.7442% accepted

energy = -1603.028531
energy/site = -3.130915099
43.6758% accepted

energy = -1400.327466
energy/site = -2.735014581
43.6469% accepted

energy = -1497.138522
energy/site = -2.924098677
43.7414% accepted

energy = -1937.370702
energy/site = -3.783927153
43.7539% accepted

energy = -1468.970241
energy/site = -2.869082502
43.5279% accepted

energy = -3801.51331
energy/site = -7.424830683
43.8162% accepted

energy = -937.3456401
energy/site = -1.830753203
43.5942% accepted

energy = -3515.209391
energy/site = -6.865643343
43.5587% accepted

energy = -881.1944463
energy/site = -1.721082903
43.7007% accepted

energy = -4147.477904
energy/site = -8.100542781
43.7264% accepted

energy = -1233.641266
energy/site = -2.409455598
43.6941% accepted

energy = -897.3496945
energy/site = -1.752636122
43.6812% accepted

energy = -1002.42356
energy/site = -1.957858516
43.6369% accepted

energy = -2135.472146
energy/site = -4.170844036
43.6982% accepted

energy = -965.907869
energy/site = -1.886538807
43.6297% accepted

energy = -1330.849627
energy/site = -2.599315677
43.7698% accepted

energy = -2048.462788
energy/site = -4.000903882
43.6284% accepted

energy = -607.9109385
energy/site = -1.187326052
43.6857% accepted

energy = -1386.026672
energy/site = -2.707083343
43.8456% accepted

energy = -1180.299038
energy/site = -2.305271558
43.6618% accepted

energy = -1196.006354
energy/site = -2.335949911
43.6359% accepted

energy = -753.9365094
energy/site = -1.472532245
43.7818% accepted

energy = -2658.880025
energy/site = -5.193125049
43.9077% accepted

energy = -786.5576266
energy/site = -1.536245365
43.5956% accepted

energy = -3179.235948
energy/site = -6.209445211
43.6929% accepted

energy = -4937.647594
energy/site = -9.643842957
43.6856% accepted

energy = -1180.213868
energy/site = -2.305105211
43.5491% accepted

energy = -400.7398409
energy/site = -0.7826950017
43.9392% accepted

energy = -2270.336267
energy/site = -4.434250522
43.726% accepted

energy = -1579.023349
energy/site = -3.084029978
43.608% accepted

energy = -2565.675118
energy/site = -5.011084215
43.7596% accepted

energy = -1345.760673
energy/site = -2.628438814
43.6755% accepted

energy = -723.8830471
energy/site = -1.413834076
43.7657% accepted

energy = -1117.702311
energy/site = -2.183012325
43.7806% accepted

energy = -370.9668951
energy/site = -0.7245447169
43.7719% accepted

energy = -807.7443511
energy/site = -1.577625686
43.5029% accepted

energy = -2606.76923
energy/site = -5.091346151
43.6626% accepted

energy = -1526.114407
energy/site = -2.980692201
43.6836% accepted

energy = -1741.604822
energy/site = -3.401571918
43.7328% accepted

energy = -1656.728468
energy/site = -3.235797789
43.7224% accepted

energy = -2494.952811
energy/site = -4.87295471
43.6893% accepted

energy = -1535.94894
energy/site = -2.999900274
43.5991% accepted

energy = -3525.802916
energy/site = -6.88633382
43.498% accepted

energy = -1043.855079
energy/site = -2.038779451
43.7372% accepted

energy = -1515.967344
energy/site = -2.960873718
43.6365% accepted

energy = -2576.795834
energy/site = -5.032804363
43.7859% accepted

energy = -5042.43823
energy/site = -9.848512167
43.6472% accepted

energy = -682.2799668
energy/site = -1.33257806
43.7235% accepted

energy = -931.9757916
energy/site = -1.820265218
43.6888% accepted

energy = -725.9334847
energy/site = -1.417838837
43.8036% accepted

energy = -1644.443949
energy/site = -3.211804588
43.628% accepted

energy = -3555.73728
energy/site = -6.944799374
43.6986% accepted

energy = -1327.678853
energy/site = -2.593122759
43.6533% accepted

energy = -2972.689469
energy/site = -5.806034119
43.6437% accepted

energy = -1392.531043
energy/site = -2.719787194
43.7776% accepted

energy = -675.5171242
energy/site = -1.319369383
43.6551% accepted

energy = -1026.351076
energy/site = -2.004591945
43.8113% accepted

energy = -1780.925482
energy/site = -3.478370082
43.7097% accepted

energy = -1061.009332
energy/site = -2.072283852
43.702% accepted

energy = -2434.467795
energy/site = -4.754819913
43.5529% accepted

energy = -1107.615349
energy/site = -2.163311229
43.6514% accepted

energy = -3483.447619
energy/site = -6.803608632
44.01% accepted

energy = -2067.78417
energy/site = -4.038640957
43.6985% accepted

energy = -373.2771173
energy/site = -0.7290568696
43.7741% accepted

energy = -2293.990538
energy/site = -4.48045027
43.7492% accepted

energy = -2910.322987
energy/site = -5.684224583
43.6678% accepted

energy = -1333.432007
energy/site = -2.604359388
43.748% accepted

energy = -4634.870842
energy/site = -9.052482114
43.7701% accepted

energy = -1400.637036
energy/site = -2.735619211
43.6472% accepted

energy = -563.3394918
energy/site = -1.100272445
43.635% accepted

energy = -5326.165219
energy/site = -10.40266644
43.5966% accepted

energy = -1503.355246
energy/site = -2.936240715
43.6552% accepted

energy = -1926.684581
energy/site = -3.763055822
43.7333% accepted

energy = -837.8120672
energy/site = -1.636351694
43.7211% accepted

energy = -3139.101403
energy/site = -6.131057428
43.7881% accepted

energy = -721.0252795
energy/site = -1.408252499
43.6574% accepted

energy = -1410.032648
energy/site = -2.753970017
43.6934% accepted

energy = -696.2212177
energy/site = -1.359807066
43.7392% accepted

energy = -8985.225455
energy/site = -17.54926847
43.8242% accepted

energy = -734.7742061
energy/site = -1.435105871
43.7422% accepted

energy = -1160.413462
energy/site = -2.266432543
43.8078% accepted

energy = -2979.133258
energy/site = -5.818619645
43.7755% accepted

energy = -807.1772816
energy/site = -1.576518128
43.6881% accepted

energy = -1239.853813
energy/site = -2.421589478
43.7089% accepted

energy = -3168.345879
energy/site = -6.188175546
43.6187% accepted

energy = -2181.845928
energy/site = -4.261417828
43.6742% accepted

energy = -3252.681903
energy/site = -6.352894341
43.892% accepted

energy = -726.0115381
energy/site = -1.417991285
43.5335% accepted

energy = -958.5950053
energy/site = -1.87225587
43.7732% accepted

energy = -11469.65529
energy/site = -22.40167049
43.7545% accepted

energy = -938.5488897
energy/site = -1.8331033
43.7068% accepted

energy = -1612.716331
energy/site = -3.149836584
43.7814% accepted

energy = -975.3490132
energy/site = -1.904978541
43.8576% accepted

energy = -1906.906848
energy/site = -3.724427438
43.7083% accepted

energy = -4093.516495
energy/site = -7.995149405
43.7241% accepted

energy = -1071.247521
energy/site = -2.092280313
43.6474% accepted

energy = -1843.853612
energy/site = -3.601276587
43.6045% accepted

energy = -1570.085681
energy/site = -3.066573597
43.75% accepted

energy = -718.5951598
energy/site = -1.403506172
43.8152% accepted

energy = -2088.179199
energy/site = -4.078474997
43.7157% accepted

energy = -1216.840154
energy/site = -2.376640925
43.6885% accepted

energy = -1073.857848
energy/site = -2.097378608
43.5078% accepted

energy = -11811.67045
energy/site = -23.06966886
43.6205% accepted

energy = -687.9821583
energy/site = -1.343715153
43.6591% accepted

energy = -1435.074484
energy/site = -2.802879852
43.6789% accepted

energy = -2594.293793
energy/site = -5.066980065
43.7775% accepted

energy = -2577.400569
energy/site = -5.033985486
43.7011% accepted

energy = -867.0560245
energy/site = -1.693468798
43.8105% accepted

energy = -1313.987694
energy/site = -2.566382215
43.7855% accepted

energy = -3132.348287
energy/site = -6.117867748
43.6008% accepted

energy = -590.6264094
energy/site = -1.153567206
43.6391% accepted

energy = -977.7362208
energy/site = -1.909641056
43.7006% accepted

energy = -8106.465309
energy/site = -15.83294006
43.7477% accepted

