
weighting by <swap_x> where x = 9
5 x 20 x 1 system
r   = 3  bondops changed per step 
n/N = 80  bond operators / site
its = 1000000  iterations/loop for 10000 loops

energy = -426.8557458
energy/site = -2.134278729
44.9414% accepted

energy = -279.8509347
energy/site = -1.399254673
44.5884% accepted

energy = -415.0964366
energy/site = -2.075482183
44.6651% accepted

energy = -479.60127
energy/site = -2.39800635
44.6357% accepted

energy = -300.0414337
energy/site = -1.500207169
44.7053% accepted

energy = -491.7461228
energy/site = -2.458730614
44.6373% accepted

energy = -231.9823818
energy/site = -1.159911909
44.7465% accepted

energy = -6408.312281
energy/site = -32.04156141
44.6229% accepted

energy = -156.7393998
energy/site = -0.7836969992
44.7772% accepted

energy = -112.4895093
energy/site = -0.5624475467
44.6495% accepted

energy = -330.7778315
energy/site = -1.653889157
44.6441% accepted

energy = -151.704875
energy/site = -0.7585243749
44.688% accepted

energy = -547.508006
energy/site = -2.73754003
44.6027% accepted

energy = -320.2387726
energy/site = -1.601193863
44.512% accepted

energy = -1740.583228
energy/site = -8.702916139
44.6531% accepted

energy = -278.820991
energy/site = -1.394104955
44.6757% accepted

energy = -132.2114208
energy/site = -0.6610571038
44.6648% accepted

energy = -254.167186
energy/site = -1.27083593
44.7251% accepted

energy = -252.1000575
energy/site = -1.260500287
44.695% accepted

energy = -553.8387029
energy/site = -2.769193514
44.9161% accepted

energy = -466.1371694
energy/site = -2.330685847
44.5907% accepted

energy = -246.1481379
energy/site = -1.23074069
44.8617% accepted

energy = -305.5849513
energy/site = -1.527924757
44.7523% accepted

energy = -250.3504251
energy/site = -1.251752125
44.5822% accepted

energy = -317.1994193
energy/site = -1.585997096
44.8067% accepted

energy = -740.2430884
energy/site = -3.701215442
44.5056% accepted

energy = -327.2684538
energy/site = -1.636342269
44.6745% accepted

energy = -460.081838
energy/site = -2.30040919
44.6459% accepted

energy = -469.7323849
energy/site = -2.348661925
44.7329% accepted

energy = -400.0621035
energy/site = -2.000310518
44.6496% accepted

energy = -680.0293195
energy/site = -3.400146597
44.6321% accepted

energy = -283.0287131
energy/site = -1.415143565
44.799% accepted

energy = -210.2903685
energy/site = -1.051451842
44.5831% accepted

energy = -449.2440384
energy/site = -2.246220192
44.6756% accepted

energy = -329.2067487
energy/site = -1.646033744
44.6545% accepted

energy = -294.7985712
energy/site = -1.473992856
44.5805% accepted

energy = -3596.559522
energy/site = -17.98279761
44.7704% accepted

energy = -348.9861233
energy/site = -1.744930617
44.7439% accepted

energy = -309.822947
energy/site = -1.549114735
44.5099% accepted

energy = -191.03081
energy/site = -0.9551540501
44.6703% accepted

energy = -219.2835218
energy/site = -1.096417609
44.5272% accepted

energy = -634.7376606
energy/site = -3.173688303
44.6496% accepted

energy = -745.5407669
energy/site = -3.727703835
44.7417% accepted

energy = -197.7225828
energy/site = -0.9886129138
44.6412% accepted

energy = -268.3847981
energy/site = -1.341923991
44.6923% accepted

energy = -908.5084411
energy/site = -4.542542205
44.4906% accepted

energy = -169.2675849
energy/site = -0.8463379246
44.6313% accepted

energy = -280.6631914
energy/site = -1.403315957
44.6782% accepted

energy = -725.0240795
energy/site = -3.625120398
44.6807% accepted

energy = -221.2273425
energy/site = -1.106136713
44.6761% accepted

energy = -199.0279198
energy/site = -0.9951395989
44.6043% accepted

energy = -358.6917174
energy/site = -1.793458587
44.5631% accepted

energy = -350.2943126
energy/site = -1.751471563
44.5811% accepted

energy = -350.6871352
energy/site = -1.753435676
44.4672% accepted

energy = -444.1248219
energy/site = -2.22062411
44.5755% accepted

energy = -249.5548817
energy/site = -1.247774409
44.6099% accepted

energy = -384.4707501
energy/site = -1.92235375
44.6813% accepted

energy = -621.3871981
energy/site = -3.10693599
44.775% accepted

energy = -486.4446361
energy/site = -2.432223181
44.7134% accepted

energy = -291.6474663
energy/site = -1.458237331
44.4765% accepted

energy = -308.6572826
energy/site = -1.543286413
44.6154% accepted

energy = -585.0354657
energy/site = -2.925177328
44.6857% accepted

energy = -250.4587707
energy/site = -1.252293853
44.6119% accepted

energy = -633.0902104
energy/site = -3.165451052
44.6622% accepted

energy = -293.1014091
energy/site = -1.465507046
44.7367% accepted

energy = -413.7526057
energy/site = -2.068763028
44.797% accepted

energy = -409.8857648
energy/site = -2.049428824
44.6581% accepted

energy = -208.6677054
energy/site = -1.043338527
44.7803% accepted

energy = -272.3320925
energy/site = -1.361660463
44.7022% accepted

energy = -593.3816061
energy/site = -2.96690803
44.5679% accepted

energy = -394.3735716
energy/site = -1.971867858
44.6328% accepted

energy = -440.1651143
energy/site = -2.200825571
44.5958% accepted

energy = -649.199717
energy/site = -3.245998585
44.6993% accepted

energy = -517.7372302
energy/site = -2.588686151
44.6344% accepted

energy = -392.3363445
energy/site = -1.961681722
44.5839% accepted

energy = -284.2370143
energy/site = -1.421185072
44.6679% accepted

energy = -697.8305968
energy/site = -3.489152984
44.6468% accepted

energy = -174.5069865
energy/site = -0.8725349323
44.5517% accepted

energy = -307.5610569
energy/site = -1.537805285
44.5751% accepted

energy = -570.1412207
energy/site = -2.850706104
44.6256% accepted

energy = -5417.913631
energy/site = -27.08956816
44.5437% accepted

energy = -477.2441058
energy/site = -2.386220529
44.6737% accepted

energy = -631.2431859
energy/site = -3.15621593
44.7216% accepted

energy = -310.2631007
energy/site = -1.551315503
44.5335% accepted

energy = -386.6407507
energy/site = -1.933203753
44.6341% accepted

energy = -369.7798212
energy/site = -1.848899106
44.6073% accepted

energy = -225.2779414
energy/site = -1.126389707
44.4448% accepted

energy = -325.825264
energy/site = -1.62912632
44.5057% accepted

energy = -394.008782
energy/site = -1.97004391
44.5488% accepted

energy = -269.0691579
energy/site = -1.345345789
44.6432% accepted

energy = -337.6873449
energy/site = -1.688436725
44.6904% accepted

energy = -274.442403
energy/site = -1.372212015
44.5349% accepted

energy = -449.1294595
energy/site = -2.245647297
44.5381% accepted

energy = -219.4568304
energy/site = -1.097284152
44.6146% accepted

energy = -310.6641033
energy/site = -1.553320517
44.613% accepted

energy = -519.9097475
energy/site = -2.599548737
44.6349% accepted

energy = -339.7242291
energy/site = -1.698621146
44.6338% accepted

energy = -210.0164862
energy/site = -1.050082431
44.6071% accepted

energy = -592.5207494
energy/site = -2.962603747
44.7103% accepted

energy = -142.2397191
energy/site = -0.7111985954
44.5856% accepted

energy = -261.4311269
energy/site = -1.307155635
44.6186% accepted

energy = -334.1714764
energy/site = -1.670857382
44.7311% accepted

energy = -438.5055969
energy/site = -2.192527985
44.6712% accepted

energy = -760.2491753
energy/site = -3.801245877
44.7529% accepted

energy = -192.6396412
energy/site = -0.9631982062
44.7825% accepted

energy = -397.6832326
energy/site = -1.988416163
44.7029% accepted

energy = -785.4819502
energy/site = -3.927409751
44.6296% accepted

energy = -594.9838839
energy/site = -2.974919419
44.5576% accepted

energy = -425.555335
energy/site = -2.127776675
44.6699% accepted

energy = -357.1047177
energy/site = -1.785523588
44.8093% accepted

energy = -262.2448887
energy/site = -1.311224443
44.7325% accepted

energy = -244.2453685
energy/site = -1.221226842
44.6283% accepted

energy = -208.4380168
energy/site = -1.042190084
44.6983% accepted

energy = -961.1709348
energy/site = -4.805854674
44.5554% accepted

energy = -389.7888337
energy/site = -1.948944168
44.5814% accepted

energy = -293.6539496
energy/site = -1.468269748
44.7162% accepted

energy = -190.0258148
energy/site = -0.9501290741
44.5331% accepted

energy = -277.1286497
energy/site = -1.385643248
44.6609% accepted

energy = -308.307192
energy/site = -1.54153596
44.5705% accepted

energy = -523.3089321
energy/site = -2.616544661
44.7121% accepted

energy = -213.2618082
energy/site = -1.066309041
44.6121% accepted

energy = -224.1825543
energy/site = -1.120912772
44.575% accepted

energy = -445.2789369
energy/site = -2.226394685
44.7813% accepted

energy = -559.5027289
energy/site = -2.797513645
44.6967% accepted

energy = -304.8963035
energy/site = -1.524481518
44.6432% accepted

energy = -177.8801321
energy/site = -0.8894006605
44.7009% accepted

energy = -280.7817271
energy/site = -1.403908636
44.6391% accepted

energy = -312.0009962
energy/site = -1.560004981
44.5521% accepted

energy = -532.5927066
energy/site = -2.662963533
44.6357% accepted

energy = -253.9215008
energy/site = -1.269607504
44.7825% accepted

energy = -484.9508807
energy/site = -2.424754404
44.7666% accepted

energy = -204.9020649
energy/site = -1.024510324
44.674% accepted

energy = -996.8661856
energy/site = -4.984330928
44.4349% accepted

energy = -379.581765
energy/site = -1.897908825
44.5244% accepted

energy = -238.6933267
energy/site = -1.193466634
44.5589% accepted

energy = -1447.331683
energy/site = -7.236658413
44.5374% accepted

energy = -177.6330916
energy/site = -0.8881654582
44.5599% accepted

energy = -227.1839237
energy/site = -1.135919619
44.5902% accepted

energy = -432.7486994
energy/site = -2.163743497
44.7059% accepted

energy = -176.5996828
energy/site = -0.8829984138
44.5241% accepted

energy = -395.4761454
energy/site = -1.977380727
44.6211% accepted

energy = -234.9983702
energy/site = -1.174991851
44.838% accepted

energy = -243.2590577
energy/site = -1.216295289
44.603% accepted

energy = -352.7020922
energy/site = -1.763510461
44.7728% accepted

energy = -1508.137204
energy/site = -7.540686022
44.5884% accepted

energy = -267.8360421
energy/site = -1.339180211
44.5593% accepted

energy = -263.7217372
energy/site = -1.318608686
44.565% accepted

energy = -813.1235825
energy/site = -4.065617913
44.5609% accepted

energy = -187.5472026
energy/site = -0.9377360129
44.631% accepted

energy = -317.9954181
energy/site = -1.589977091
44.728% accepted

energy = -637.502908
energy/site = -3.18751454
44.7139% accepted

energy = -296.7942071
energy/site = -1.483971035
44.5843% accepted

energy = -166.1738363
energy/site = -0.8308691814
44.7417% accepted

energy = -107.798491
energy/site = -0.5389924552
44.6773% accepted

energy = -276.5007349
energy/site = -1.382503675
44.7029% accepted

energy = -712.1038776
energy/site = -3.560519388
44.7319% accepted

energy = -452.4353528
energy/site = -2.262176764
44.6893% accepted

energy = -439.7706293
energy/site = -2.198853147
44.6812% accepted

energy = -164.8616374
energy/site = -0.8243081871
44.7592% accepted

energy = -230.7336952
energy/site = -1.153668476
44.8344% accepted

energy = -137.4622957
energy/site = -0.6873114784
44.6762% accepted

energy = -325.9600313
energy/site = -1.629800157
44.608% accepted

energy = -222.4936898
energy/site = -1.112468449
44.665% accepted

energy = -132.5592638
energy/site = -0.6627963188
44.576% accepted

energy = -326.1729151
energy/site = -1.630864575
44.7731% accepted

energy = -2008.3157
energy/site = -10.0415785
44.817% accepted

energy = -394.3004449
energy/site = -1.971502224
44.6853% accepted

energy = -240.1804289
energy/site = -1.200902145
44.7304% accepted

energy = -322.4937154
energy/site = -1.612468577
44.6955% accepted

energy = -179.1380353
energy/site = -0.8956901763
44.7441% accepted

energy = -423.2298251
energy/site = -2.116149126
44.7831% accepted

energy = -200.9473477
energy/site = -1.004736739
44.7773% accepted

energy = -509.6365986
energy/site = -2.548182993
44.7129% accepted

energy = -609.1091063
energy/site = -3.045545531
44.6622% accepted

energy = -952.0727337
energy/site = -4.760363669
44.6495% accepted

energy = -196.0961277
energy/site = -0.9804806386
44.7813% accepted

energy = -264.533395
energy/site = -1.322666975
44.7375% accepted

energy = -582.2929318
energy/site = -2.911464659
44.6221% accepted

energy = -573.8856127
energy/site = -2.869428064
44.7164% accepted

energy = -680.7900135
energy/site = -3.403950067
44.5604% accepted

energy = -329.9493357
energy/site = -1.649746678
44.6169% accepted

energy = -344.9123109
energy/site = -1.724561554
44.7788% accepted

energy = -1002.578416
energy/site = -5.012892081
44.6305% accepted

energy = -95.91523512
energy/site = -0.4795761756
44.7063% accepted

energy = -228.6680429
energy/site = -1.143340214
44.5202% accepted

energy = -175.5195411
energy/site = -0.8775977057
44.7829% accepted

energy = -562.9072488
energy/site = -2.814536244
44.6108% accepted

energy = -355.0132862
energy/site = -1.775066431
44.6615% accepted

energy = -624.6679337
energy/site = -3.123339668
44.5971% accepted

energy = -209.8845007
energy/site = -1.049422504
44.6354% accepted

energy = -430.4985911
energy/site = -2.152492956
44.7153% accepted

energy = -327.692765
energy/site = -1.638463825
44.7056% accepted

energy = -378.5337273
energy/site = -1.892668637
44.7269% accepted

energy = -824.272707
energy/site = -4.121363535
44.696% accepted

energy = -437.3848911
energy/site = -2.186924456
44.5282% accepted

energy = -832.49135
energy/site = -4.16245675
44.7459% accepted

energy = -202.9920825
energy/site = -1.014960413
44.5427% accepted

energy = -114.3334145
energy/site = -0.5716670726
44.6558% accepted

energy = -584.7474562
energy/site = -2.923737281
44.7888% accepted

energy = -341.2774719
energy/site = -1.706387359
44.6441% accepted

energy = -211.2411444
energy/site = -1.056205722
44.6559% accepted

energy = -217.962695
energy/site = -1.089813475
44.6064% accepted

energy = -607.7179592
energy/site = -3.038589796
44.5765% accepted

energy = -221.4241218
energy/site = -1.107120609
44.6609% accepted

energy = -211.1644322
energy/site = -1.055822161
44.7982% accepted

energy = -146.0893615
energy/site = -0.7304468077
44.6699% accepted

energy = -174.7696988
energy/site = -0.8738484938
44.6956% accepted

energy = -595.5319664
energy/site = -2.977659832
44.6737% accepted

energy = -629.3198438
energy/site = -3.146599219
44.6991% accepted

energy = -247.8429158
energy/site = -1.239214579
44.423% accepted

energy = -235.3226237
energy/site = -1.176613118
44.5503% accepted

energy = -1247.967366
energy/site = -6.239836829
44.7043% accepted

energy = -434.6644383
energy/site = -2.173322192
44.6395% accepted

energy = -577.0070882
energy/site = -2.885035441
44.8333% accepted

energy = -481.7145053
energy/site = -2.408572527
44.6176% accepted

energy = -609.9576014
energy/site = -3.049788007
44.6935% accepted

energy = -230.4956679
energy/site = -1.15247834
44.5253% accepted

energy = -151.5840146
energy/site = -0.757920073
44.5512% accepted

energy = -167.7659127
energy/site = -0.8388295637
44.6819% accepted

energy = -510.1587774
energy/site = -2.550793887
44.5989% accepted

energy = -238.3875829
energy/site = -1.191937914
44.7572% accepted

energy = -454.8921277
energy/site = -2.274460639
44.6191% accepted

energy = -748.601289
energy/site = -3.743006445
44.6937% accepted

energy = -444.48198
energy/site = -2.2224099
44.5761% accepted

energy = -408.9173285
energy/site = -2.044586642
44.7389% accepted

energy = -3822.050829
energy/site = -19.11025415
44.6933% accepted

energy = -301.7613521
energy/site = -1.508806761
44.5863% accepted

energy = -576.6860952
energy/site = -2.883430476
44.6937% accepted

energy = -266.0165879
energy/site = -1.33008294
44.6785% accepted

energy = -398.1675093
energy/site = -1.990837547
44.9076% accepted

energy = -1058.728442
energy/site = -5.293642208
44.7067% accepted

energy = -235.0847167
energy/site = -1.175423583
44.6753% accepted

energy = -221.8355297
energy/site = -1.109177649
44.6326% accepted

energy = -406.7537264
energy/site = -2.033768632
44.7079% accepted

energy = -1039.542613
energy/site = -5.197713064
44.611% accepted

energy = -242.1782478
energy/site = -1.210891239
44.8159% accepted

energy = -183.6207814
energy/site = -0.9181039071
44.6298% accepted

energy = -252.2324773
energy/site = -1.261162387
44.5489% accepted

energy = -258.4959443
energy/site = -1.292479722
44.5974% accepted

energy = -231.9633371
energy/site = -1.159816686
44.7426% accepted

energy = -801.1792923
energy/site = -4.005896461
44.6578% accepted

energy = -1281.786232
energy/site = -6.408931162
44.5711% accepted

energy = -349.9585755
energy/site = -1.749792878
44.7149% accepted

energy = -371.6749593
energy/site = -1.858374797
44.5491% accepted

energy = -1678.94005
energy/site = -8.39470025
44.7223% accepted

energy = -253.0267034
energy/site = -1.265133517
44.7137% accepted

energy = -521.1437298
energy/site = -2.605718649
44.6868% accepted

energy = -331.5385815
energy/site = -1.657692908
44.7526% accepted

energy = -338.6672267
energy/site = -1.693336133
44.8399% accepted

energy = -268.516397
energy/site = -1.342581985
44.6166% accepted

energy = -458.5115611
energy/site = -2.292557806
44.4661% accepted

energy = -222.6678015
energy/site = -1.113339007
44.619% accepted

energy = -178.923237
energy/site = -0.8946161849
44.7431% accepted

energy = -617.2250945
energy/site = -3.086125473
44.5597% accepted

energy = -550.1680939
energy/site = -2.75084047
44.7866% accepted

energy = -1110.7779
energy/site = -5.5538895
44.7336% accepted

energy = -352.652832
energy/site = -1.76326416
44.4761% accepted

energy = -130.4409498
energy/site = -0.6522047489
44.6122% accepted

energy = -246.9838086
energy/site = -1.234919043
44.6447% accepted

energy = -528.9455802
energy/site = -2.644727901
44.5285% accepted

energy = -191.5439763
energy/site = -0.9577198813
44.7826% accepted

energy = -234.6000578
energy/site = -1.173000289
44.607% accepted

energy = -343.657987
energy/site = -1.718289935
44.5326% accepted

energy = -193.9188175
energy/site = -0.9695940874
44.5978% accepted

energy = -392.6582204
energy/site = -1.963291102
44.6781% accepted

energy = -1088.60249
energy/site = -5.443012451
44.4804% accepted

energy = -147.7147621
energy/site = -0.7385738104
44.6748% accepted

energy = -327.0977686
energy/site = -1.635488843
44.5631% accepted

energy = -398.0934483
energy/site = -1.990467242
44.6284% accepted

energy = -200.9052115
energy/site = -1.004526057
44.5662% accepted

energy = -708.0979282
energy/site = -3.540489641
44.7234% accepted

energy = -86.27150249
energy/site = -0.4313575124
44.5386% accepted

energy = -500.4151858
energy/site = -2.502075929
44.6123% accepted

energy = -395.6588393
energy/site = -1.978294197
44.6314% accepted

energy = -287.062256
energy/site = -1.43531128
44.5541% accepted

energy = -585.0177596
energy/site = -2.925088798
44.6898% accepted

energy = -177.8227275
energy/site = -0.8891136377
44.7363% accepted

energy = -552.9669214
energy/site = -2.764834607
44.6175% accepted

energy = -372.4755034
energy/site = -1.862377517
44.6916% accepted

energy = -169.2602789
energy/site = -0.8463013945
44.7917% accepted

energy = -276.1844171
energy/site = -1.380922086
44.6122% accepted

energy = -654.5881553
energy/site = -3.272940776
44.6435% accepted

energy = -305.1620131
energy/site = -1.525810065
44.6791% accepted

energy = -358.2159587
energy/site = -1.791079793
44.6065% accepted

energy = -388.774568
energy/site = -1.94387284
44.7855% accepted

energy = -237.4938982
energy/site = -1.187469491
44.7294% accepted

energy = -150.6422128
energy/site = -0.7532110639
44.639% accepted

energy = -335.8265362
energy/site = -1.679132681
44.689% accepted

energy = -189.0695724
energy/site = -0.9453478619
44.4545% accepted

energy = -216.277809
energy/site = -1.081389045
44.8386% accepted

energy = -254.0212997
energy/site = -1.270106498
44.7322% accepted

energy = -277.7756908
energy/site = -1.388878454
44.6317% accepted

energy = -472.1459973
energy/site = -2.360729986
44.5967% accepted

energy = -355.627036
energy/site = -1.77813518
44.5898% accepted

energy = -177.7858439
energy/site = -0.8889292193
44.5887% accepted

energy = -262.3638938
energy/site = -1.311819469
44.5234% accepted

energy = -282.4737364
energy/site = -1.412368682
44.6537% accepted

energy = -183.9325263
energy/site = -0.9196626313
44.5023% accepted

energy = -302.5226813
energy/site = -1.512613406
44.4765% accepted

energy = -248.6480998
energy/site = -1.243240499
44.6167% accepted

energy = -442.2637942
energy/site = -2.211318971
44.8547% accepted

energy = -255.7080352
energy/site = -1.278540176
44.619% accepted

energy = -744.354652
energy/site = -3.72177326
44.6323% accepted

energy = -274.3503109
energy/site = -1.371751555
44.5861% accepted

energy = -471.2630808
energy/site = -2.356315404
44.6427% accepted

energy = -214.7038049
energy/site = -1.073519024
44.776% accepted

energy = -289.9715078
energy/site = -1.449857539
44.615% accepted

energy = -380.2625599
energy/site = -1.9013128
44.6146% accepted

energy = -291.5045461
energy/site = -1.457522731
44.5761% accepted

energy = -378.2679935
energy/site = -1.891339967
44.478% accepted

energy = -428.7030414
energy/site = -2.143515207
44.5878% accepted

energy = -415.8958261
energy/site = -2.079479131
44.6492% accepted

energy = -260.1173647
energy/site = -1.300586824
44.6685% accepted

energy = -169.6906835
energy/site = -0.8484534176
44.6985% accepted

energy = -262.3007556
energy/site = -1.311503778
44.592% accepted

energy = -328.9745892
energy/site = -1.644872946
44.6371% accepted

energy = -2132.906551
energy/site = -10.66453275
44.4645% accepted

energy = -9014.120184
energy/site = -45.07060092
44.547% accepted

energy = -389.1820288
energy/site = -1.945910144
44.6788% accepted

energy = -191.1036186
energy/site = -0.9555180931
44.6368% accepted

energy = -235.3054742
energy/site = -1.176527371
44.5991% accepted

energy = -960.087995
energy/site = -4.800439975
44.7336% accepted

energy = -250.8770784
energy/site = -1.254385392
44.6269% accepted

energy = -709.8037311
energy/site = -3.549018656
44.8768% accepted

energy = -244.0072041
energy/site = -1.22003602
44.4709% accepted

energy = -313.0369133
energy/site = -1.565184567
44.6574% accepted

energy = -462.2926902
energy/site = -2.311463451
44.7246% accepted

energy = -251.4662299
energy/site = -1.25733115
44.6986% accepted

energy = -235.0905828
energy/site = -1.175452914
44.6475% accepted

energy = -254.1462635
energy/site = -1.270731318
44.6271% accepted

energy = -246.8614387
energy/site = -1.234307193
44.6706% accepted

energy = -392.5592482
energy/site = -1.962796241
44.6446% accepted

energy = -226.9555385
energy/site = -1.134777693
44.65% accepted

energy = -117.6439758
energy/site = -0.5882198789
44.8028% accepted

energy = -845.3494775
energy/site = -4.226747387
44.6303% accepted

energy = -454.4928847
energy/site = -2.272464424
44.714% accepted

energy = -801.1707397
energy/site = -4.005853699
44.5351% accepted

energy = -292.0190636
energy/site = -1.460095318
44.5547% accepted

energy = -394.4991779
energy/site = -1.97249589
44.7587% accepted

energy = -362.8892305
energy/site = -1.814446153
44.7279% accepted

energy = -314.2020578
energy/site = -1.571010289
44.5043% accepted

energy = -126.2282923
energy/site = -0.6311414615
44.6295% accepted

energy = -176.744326
energy/site = -0.8837216299
44.6325% accepted

energy = -222.3821533
energy/site = -1.111910766
44.6086% accepted

energy = -333.8063961
energy/site = -1.669031981
44.6393% accepted

energy = -261.9324891
energy/site = -1.309662445
44.6964% accepted

energy = -623.4962617
energy/site = -3.117481309
44.562% accepted

energy = -535.9299319
energy/site = -2.67964966
44.5841% accepted

energy = -529.2886119
energy/site = -2.646443059
44.6649% accepted

energy = -363.2938393
energy/site = -1.816469197
44.6918% accepted

energy = -371.3034691
energy/site = -1.856517345
44.779% accepted

energy = -492.8339633
energy/site = -2.464169817
44.6888% accepted

energy = -227.7476616
energy/site = -1.138738308
44.5683% accepted

energy = -193.5719664
energy/site = -0.9678598321
44.7004% accepted

energy = -437.3040917
energy/site = -2.186520459
44.6302% accepted

energy = -413.3794659
energy/site = -2.06689733
44.634% accepted

energy = -1133.757046
energy/site = -5.668785228
44.7062% accepted

energy = -523.1940001
energy/site = -2.61597
44.4696% accepted

energy = -523.8827591
energy/site = -2.619413796
44.6451% accepted

energy = -153.5508541
energy/site = -0.7677542705
44.5408% accepted

energy = -389.4381953
energy/site = -1.947190977
44.7045% accepted

energy = -150.1639426
energy/site = -0.7508197129
44.5481% accepted

energy = -258.9920421
energy/site = -1.294960211
44.7215% accepted

energy = -185.5068368
energy/site = -0.9275341839
44.6908% accepted

energy = -225.5179829
energy/site = -1.127589914
44.5911% accepted

energy = -580.4656159
energy/site = -2.90232808
44.6207% accepted

energy = -345.2100742
energy/site = -1.726050371
44.8588% accepted

energy = -250.7454783
energy/site = -1.253727392
44.6867% accepted

energy = -575.0171471
energy/site = -2.875085736
44.6401% accepted

energy = -719.7548953
energy/site = -3.598774476
44.5273% accepted

energy = -416.0538241
energy/site = -2.080269121
44.6519% accepted

energy = -203.0352352
energy/site = -1.015176176
44.7286% accepted

energy = -580.3390261
energy/site = -2.901695131
44.6323% accepted

energy = -711.0794224
energy/site = -3.555397112
44.5575% accepted

energy = -636.8583641
energy/site = -3.184291821
44.5928% accepted

energy = -402.6347282
energy/site = -2.013173641
44.4299% accepted

energy = -305.6907018
energy/site = -1.528453509
44.6708% accepted

energy = -281.7824384
energy/site = -1.408912192
44.5782% accepted

energy = -343.7913719
energy/site = -1.718956859
44.6801% accepted

energy = -581.1528509
energy/site = -2.905764254
44.6757% accepted

energy = -389.0210851
energy/site = -1.945105425
44.5847% accepted

energy = -353.3511763
energy/site = -1.766755881
44.7817% accepted

energy = -400.1577463
energy/site = -2.000788732
44.5925% accepted

energy = -328.5079959
energy/site = -1.642539979
44.6151% accepted

energy = -383.4054097
energy/site = -1.917027048
44.7468% accepted

energy = -336.094517
energy/site = -1.680472585
44.805% accepted

energy = -436.0071522
energy/site = -2.180035761
44.709% accepted

energy = -279.7345211
energy/site = -1.398672606
44.6704% accepted

energy = -559.84107
energy/site = -2.79920535
44.6549% accepted

energy = -1212.725069
energy/site = -6.063625345
44.5103% accepted

energy = -150.628454
energy/site = -0.7531422699
44.6216% accepted

energy = -233.570957
energy/site = -1.167854785
44.6326% accepted

energy = -644.0014671
energy/site = -3.220007335
44.6681% accepted

energy = -1273.49112
energy/site = -6.367455602
44.7698% accepted

energy = -901.8522979
energy/site = -4.509261489
44.6804% accepted

energy = -254.7661139
energy/site = -1.273830569
44.6131% accepted

energy = -193.397507
energy/site = -0.9669875349
44.7397% accepted

energy = -598.021548
energy/site = -2.99010774
44.7339% accepted

energy = -639.3852225
energy/site = -3.196926113
44.6375% accepted

energy = -126.478459
energy/site = -0.6323922948
44.6433% accepted

energy = -307.1499734
energy/site = -1.535749867
44.6857% accepted

energy = -99.14217386
energy/site = -0.4957108693
44.7279% accepted

energy = -351.9701409
energy/site = -1.759850705
44.8078% accepted

energy = -405.2344473
energy/site = -2.026172237
44.6517% accepted

energy = -461.7564682
energy/site = -2.308782341
44.6274% accepted

energy = -520.1042367
energy/site = -2.600521184
44.5807% accepted

energy = -365.6826845
energy/site = -1.828413422
44.7021% accepted

energy = -412.4662429
energy/site = -2.062331215
44.726% accepted

energy = -1577.729912
energy/site = -7.88864956
44.6322% accepted

energy = -503.7021854
energy/site = -2.518510927
44.5834% accepted

energy = -216.6316765
energy/site = -1.083158382
44.5296% accepted

energy = -634.8787719
energy/site = -3.17439386
44.6909% accepted

energy = -374.7223843
energy/site = -1.873611921
44.7084% accepted

energy = -350.6445964
energy/site = -1.753222982
44.6605% accepted

energy = -337.8056797
energy/site = -1.689028399
44.6703% accepted

energy = -278.4654726
energy/site = -1.392327363
44.7139% accepted

energy = -623.9113904
energy/site = -3.119556952
44.635% accepted

energy = -422.8129096
energy/site = -2.114064548
44.5011% accepted

energy = -553.4153296
energy/site = -2.767076648
44.7089% accepted

energy = -436.910144
energy/site = -2.18455072
44.6909% accepted

energy = -129.1978137
energy/site = -0.6459890684
44.5147% accepted

energy = -161.8680154
energy/site = -0.8093400768
44.5508% accepted

energy = -172.1442196
energy/site = -0.8607210982
44.3738% accepted

energy = -353.3089698
energy/site = -1.766544849
44.7122% accepted

energy = -890.6459755
energy/site = -4.453229878
44.6581% accepted

energy = -337.8668851
energy/site = -1.689334426
44.771% accepted

energy = -401.185072
energy/site = -2.00592536
44.6781% accepted

energy = -286.4516442
energy/site = -1.432258221
44.6783% accepted

energy = -229.0324881
energy/site = -1.145162441
44.648% accepted

energy = -252.1533974
energy/site = -1.260766987
44.6395% accepted

energy = -409.9115663
energy/site = -2.049557831
44.556% accepted

energy = -301.9442062
energy/site = -1.509721031
44.7147% accepted

energy = -361.9770263
energy/site = -1.809885131
44.6319% accepted

energy = -483.6137119
energy/site = -2.418068559
44.6769% accepted

energy = -568.8013548
energy/site = -2.844006774
44.6483% accepted

energy = -733.4892326
energy/site = -3.667446163
44.6259% accepted

energy = -257.8997314
energy/site = -1.289498657
44.6204% accepted

energy = -404.6275894
energy/site = -2.023137947
44.8102% accepted

energy = -182.355722
energy/site = -0.9117786098
44.6005% accepted

energy = -284.4975995
energy/site = -1.422487998
44.557% accepted

energy = -492.3093427
energy/site = -2.461546713
44.6953% accepted

energy = -1357.738355
energy/site = -6.788691776
44.7019% accepted

energy = -368.7482278
energy/site = -1.843741139
44.7377% accepted

energy = -270.1899686
energy/site = -1.350949843
44.6461% accepted

energy = -519.8431984
energy/site = -2.599215992
44.5151% accepted

energy = -245.2342555
energy/site = -1.226171278
44.7622% accepted

energy = -679.6071067
energy/site = -3.398035533
44.6877% accepted

energy = -248.3779873
energy/site = -1.241889936
44.6462% accepted

energy = -520.7696603
energy/site = -2.603848301
44.6953% accepted

energy = -1406.494166
energy/site = -7.032470831
44.6866% accepted

energy = -172.9585688
energy/site = -0.864792844
44.6929% accepted

energy = -235.1030277
energy/site = -1.175515139
44.7523% accepted

energy = -516.8146462
energy/site = -2.584073231
44.6302% accepted

energy = -371.7578748
energy/site = -1.858789374
44.6021% accepted

energy = -322.9023156
energy/site = -1.614511578
44.7105% accepted

energy = -382.157829
energy/site = -1.910789145
44.714% accepted

energy = -269.0394818
energy/site = -1.345197409
44.632% accepted

energy = -346.0412515
energy/site = -1.730206257
44.5557% accepted

