
weighting by <swap_x> where x = 6
10 x 40 x 1 system
r   = 3  bondops changed per step 
n/N = 80  bond operators / site
its = 1000000  iterations/loop for 10000 loops

energy = -3948.718884
energy/site = -4.935898605
44.4925% accepted

energy = -4043.017145
energy/site = -5.053771432
43.7377% accepted

energy = -4538.932187
energy/site = -5.673665234
43.8217% accepted

energy = -25484.17336
energy/site = -31.8552167
43.8659% accepted

energy = -12992.13639
energy/site = -16.24017049
43.7937% accepted

energy = -7328.186841
energy/site = -9.160233551
43.6239% accepted

energy = -3621.10131
energy/site = -4.526376638
43.7941% accepted

energy = -1620.788662
energy/site = -2.025985827
43.7307% accepted

energy = -8674.252438
energy/site = -10.84281555
43.6988% accepted

energy = -1246.390243
energy/site = -1.557987804
43.6695% accepted

energy = -15658.83899
energy/site = -19.57354874
43.6054% accepted

energy = -2225.627754
energy/site = -2.782034693
43.7996% accepted

energy = -5325.444933
energy/site = -6.656806166
43.6457% accepted

energy = -155.1847115
energy/site = -0.1939808894
43.6012% accepted

energy = -90717.15704
energy/site = -113.3964463
43.6163% accepted

energy = -1431.958099
energy/site = -1.789947624
43.7044% accepted

energy = -720.0985286
energy/site = -0.9001231608
43.8179% accepted

energy = -1299.193447
energy/site = -1.623991809
43.6345% accepted

energy = -8823.294778
energy/site = -11.02911847
43.5861% accepted

energy = -1518.161865
energy/site = -1.897702331
43.6437% accepted

energy = -4229.070824
energy/site = -5.28633853
43.5144% accepted

energy = -1138.145092
energy/site = -1.422681365
43.7643% accepted

energy = -865.4289077
energy/site = -1.081786135
43.7935% accepted

energy = -6533.92635
energy/site = -8.167407937
43.8467% accepted

energy = -1625.15834
energy/site = -2.031447925
43.7094% accepted

energy = -2671.701517
energy/site = -3.339626896
43.7203% accepted

energy = -2844.522908
energy/site = -3.555653635
43.6388% accepted

energy = -771.2040395
energy/site = -0.9640050494
43.6879% accepted

energy = -955.3716825
energy/site = -1.194214603
43.7657% accepted

energy = -336.3680253
energy/site = -0.4204600317
43.6247% accepted

energy = -602.380432
energy/site = -0.7529755401
43.8138% accepted

energy = -460.0275641
energy/site = -0.5750344551
43.7345% accepted

energy = -387.6660825
energy/site = -0.4845826031
43.7945% accepted

energy = -935.5354687
energy/site = -1.169419336
43.786% accepted

energy = -2191.351181
energy/site = -2.739188976
43.6993% accepted

energy = -1980.469201
energy/site = -2.475586502
43.7123% accepted

energy = -2027.527375
energy/site = -2.534409219
43.5659% accepted

energy = -11704.25458
energy/site = -14.63031823
43.5148% accepted

energy = -3868.433894
energy/site = -4.835542367
43.764% accepted

energy = -185599.1427
energy/site = -231.9989283
43.6985% accepted

energy = -7465.080723
energy/site = -9.331350904
43.585% accepted

energy = -696.4523616
energy/site = -0.870565452
43.5551% accepted

energy = -2549.119084
energy/site = -3.186398855
43.752% accepted

energy = -3073.13493
energy/site = -3.841418663
43.7226% accepted

energy = -19184.24533
energy/site = -23.98030666
43.7646% accepted

energy = -3030.504498
energy/site = -3.788130623
43.762% accepted

energy = -2727.504506
energy/site = -3.409380632
43.7002% accepted

energy = -6059.263693
energy/site = -7.574079617
43.6702% accepted

energy = -357.9190234
energy/site = -0.4473987792
43.543% accepted

energy = -1651.12714
energy/site = -2.063908925
43.5127% accepted

energy = -2261.547365
energy/site = -2.826934206
43.7757% accepted

energy = -4239.017424
energy/site = -5.298771779
43.7367% accepted

energy = -11757.66492
energy/site = -14.69708114
43.6428% accepted

energy = -474.7136904
energy/site = -0.593392113
43.7898% accepted

energy = -4709.883928
energy/site = -5.88735491
43.692% accepted

energy = -3744.102026
energy/site = -4.680127532
43.6381% accepted

energy = -561.5271026
energy/site = -0.7019088782
43.555% accepted

energy = -2149.004592
energy/site = -2.68625574
43.6487% accepted

energy = -2638.406841
energy/site = -3.298008552
43.8535% accepted

energy = -2900.555919
energy/site = -3.625694899
43.758% accepted

energy = -4623.183115
energy/site = -5.778978894
43.7001% accepted

energy = -325.4721429
energy/site = -0.4068401787
43.8304% accepted

energy = -346.213734
energy/site = -0.4327671675
43.547% accepted

energy = -11789.93026
energy/site = -14.73741283
43.6992% accepted

energy = -12572.71767
energy/site = -15.71589708
43.7542% accepted

energy = -270.1095055
energy/site = -0.3376368818
43.8245% accepted

energy = -2181.583259
energy/site = -2.726979073
43.7437% accepted

energy = -6175.919506
energy/site = -7.719899383
43.7829% accepted

energy = -697.1034267
energy/site = -0.8713792834
43.6624% accepted

energy = -831.983347
energy/site = -1.039979184
43.6741% accepted

energy = -638.8299884
energy/site = -0.7985374854
43.6429% accepted

energy = -4880.834189
energy/site = -6.101042737
43.7093% accepted

energy = -1990.230737
energy/site = -2.487788422
43.8632% accepted

energy = -3536.2516
energy/site = -4.4203145
43.7607% accepted

energy = -3379.984481
energy/site = -4.224980601
43.707% accepted

energy = -5228.840333
energy/site = -6.536050416
43.6897% accepted

energy = -19115.49347
energy/site = -23.89436684
43.6561% accepted

energy = -2424.674105
energy/site = -3.030842631
43.6807% accepted

energy = -20109.31762
energy/site = -25.13664703
43.7318% accepted

energy = -2420.875014
energy/site = -3.026093768
43.5733% accepted

energy = -212.7365486
energy/site = -0.2659206857
43.7756% accepted

energy = -4179.008238
energy/site = -5.223760298
43.6483% accepted

energy = -578.5696578
energy/site = -0.7232120723
43.7369% accepted

energy = -9334.160077
energy/site = -11.6677001
43.6607% accepted

energy = -2921.377542
energy/site = -3.651721927
43.7105% accepted

energy = -2477.669
energy/site = -3.09708625
43.8723% accepted

energy = -2562.546335
energy/site = -3.203182918
43.8221% accepted

energy = -9142.184562
energy/site = -11.4277307
43.5575% accepted

energy = -543.1146745
energy/site = -0.6788933431
43.6733% accepted

energy = -20369.50156
energy/site = -25.46187696
43.6691% accepted

energy = -1546.438593
energy/site = -1.933048241
43.569% accepted

energy = -10307.55543
energy/site = -12.88444429
43.5517% accepted

energy = -473.3915224
energy/site = -0.5917394029
43.7132% accepted

energy = -670.8019106
energy/site = -0.8385023882
43.7735% accepted

energy = -2546.977644
energy/site = -3.183722054
43.8422% accepted

energy = -2295.561176
energy/site = -2.869451471
43.7188% accepted

energy = -2596.884797
energy/site = -3.246105996
43.7752% accepted

energy = -1260.153465
energy/site = -1.575191832
43.6486% accepted

energy = -509.5112358
energy/site = -0.6368890447
43.5721% accepted

energy = -13000.66244
energy/site = -16.25082805
43.7429% accepted

energy = -1060.776825
energy/site = -1.325971032
43.5001% accepted

energy = -4074.23133
energy/site = -5.092789162
43.7332% accepted

energy = -6985.100846
energy/site = -8.731376057
43.6708% accepted

energy = -1567.051911
energy/site = -1.958814888
43.6521% accepted

energy = -1104.617233
energy/site = -1.380771542
43.7559% accepted

energy = -649.5732355
energy/site = -0.8119665444
43.6608% accepted

energy = -22704.33865
energy/site = -28.38042332
43.6805% accepted

energy = -7742.841546
energy/site = -9.678551933
43.6368% accepted

energy = -5215.175377
energy/site = -6.518969221
43.7765% accepted

energy = -16321.90878
energy/site = -20.40238598
43.6701% accepted

energy = -896.4330795
energy/site = -1.120541349
43.7232% accepted

energy = -3881.985229
energy/site = -4.852481536
43.7216% accepted

energy = -2434.956598
energy/site = -3.043695748
43.6238% accepted

energy = -1441.266749
energy/site = -1.801583437
43.5591% accepted

energy = -2011.217597
energy/site = -2.514021996
43.715% accepted

energy = -566.3539727
energy/site = -0.7079424659
43.7225% accepted

energy = -1851.795044
energy/site = -2.314743805
43.6813% accepted

energy = -1631.578215
energy/site = -2.039472768
43.6305% accepted

energy = -1148.95736
energy/site = -1.4361967
43.7727% accepted

energy = -3020.198281
energy/site = -3.775247852
43.6859% accepted

energy = -2432.725891
energy/site = -3.040907364
43.6651% accepted

energy = -981.1601083
energy/site = -1.226450135
43.6513% accepted

energy = -285.1117609
energy/site = -0.3563897011
43.728% accepted

energy = -3011.717286
energy/site = -3.764646607
43.6689% accepted

energy = -1099.197974
energy/site = -1.373997467
43.7481% accepted

energy = -2426.499478
energy/site = -3.033124348
43.7421% accepted

energy = -5270.418943
energy/site = -6.588023678
43.6614% accepted

energy = -7091.567807
energy/site = -8.864459759
43.486% accepted

energy = -2126.104634
energy/site = -2.657630793
43.5583% accepted

energy = -1341.133198
energy/site = -1.676416498
43.6536% accepted

energy = -2345.159252
energy/site = -2.931449065
43.7477% accepted

energy = -1247.529177
energy/site = -1.559411471
43.7109% accepted

energy = -4702.594545
energy/site = -5.878243181
43.8913% accepted

energy = -2638.418083
energy/site = -3.298022604
43.6269% accepted

energy = -6246.853242
energy/site = -7.808566553
43.6735% accepted

energy = -29587.0352
energy/site = -36.983794
43.731% accepted

energy = -4909.827312
energy/site = -6.13728414
43.6854% accepted

energy = -1488.380175
energy/site = -1.860475218
43.7115% accepted

energy = -13733.51058
energy/site = -17.16688823
43.6868% accepted

energy = -694.7528813
energy/site = -0.8684411017
43.7319% accepted

energy = -7924.537313
energy/site = -9.905671642
43.6873% accepted

energy = -546.9727388
energy/site = -0.6837159234
43.6535% accepted

energy = -6267.573848
energy/site = -7.83446731
43.6815% accepted

energy = -2690.215477
energy/site = -3.362769347
43.7758% accepted

energy = -775.7877926
energy/site = -0.9697347407
43.5732% accepted

energy = -901.8846731
energy/site = -1.127355841
43.654% accepted

energy = -2369.050203
energy/site = -2.961312753
43.5683% accepted

energy = -98152.17113
energy/site = -122.6902139
43.5764% accepted

energy = -6136.64553
energy/site = -7.670806913
43.7095% accepted

energy = -44982.44429
energy/site = -56.22805536
43.7412% accepted

energy = -1714.988467
energy/site = -2.143735583
43.805% accepted

energy = -3736.552399
energy/site = -4.670690499
43.7188% accepted

energy = -341.7345032
energy/site = -0.427168129
43.6167% accepted

energy = -556.7214022
energy/site = -0.6959017527
43.6089% accepted

energy = -2317.217881
energy/site = -2.896522351
43.7093% accepted

energy = -455.7073261
energy/site = -0.5696341577
43.6268% accepted

energy = -6940.05296
energy/site = -8.6750662
43.6666% accepted

energy = -1009.518839
energy/site = -1.261898549
43.718% accepted

energy = -52823.64498
energy/site = -66.02955622
43.5965% accepted

energy = -1711.264433
energy/site = -2.139080541
43.7318% accepted

energy = -268.724237
energy/site = -0.3359052963
43.6466% accepted

energy = -40489.65934
energy/site = -50.61207418
43.6369% accepted

energy = -51990.10098
energy/site = -64.98762622
43.7651% accepted

energy = -8812.972109
energy/site = -11.01621514
43.6083% accepted

energy = -3363.471409
energy/site = -4.204339262
43.6392% accepted

energy = -58369.24018
energy/site = -72.96155022
43.7378% accepted

energy = -980.0029841
energy/site = -1.22500373
43.7046% accepted

energy = -7847.789076
energy/site = -9.809736346
43.6312% accepted

energy = -6288.144056
energy/site = -7.86018007
43.721% accepted

energy = -7162.479617
energy/site = -8.953099521
43.7717% accepted

energy = -10120.39534
energy/site = -12.65049418
43.6895% accepted

energy = -2197.940634
energy/site = -2.747425792
43.7522% accepted

energy = -778.4349574
energy/site = -0.9730436967
43.879% accepted

energy = -310.6107304
energy/site = -0.388263413
43.7849% accepted

energy = -7083.955374
energy/site = -8.854944217
43.6842% accepted

energy = -236.3875199
energy/site = -0.2954843998
43.5885% accepted

energy = -1123.276752
energy/site = -1.40409594
43.6393% accepted

energy = -697.768684
energy/site = -0.8722108549
43.6511% accepted

energy = -1559.95996
energy/site = -1.94994995
43.5988% accepted

energy = -2423.794607
energy/site = -3.029743258
43.6346% accepted

energy = -1118.317261
energy/site = -1.397896577
43.7245% accepted

energy = -853.3947912
energy/site = -1.066743489
43.7552% accepted

energy = -1009.767766
energy/site = -1.262209708
43.6587% accepted

energy = -548.1445057
energy/site = -0.6851806322
43.7048% accepted

energy = -3174.409859
energy/site = -3.968012324
43.6242% accepted

energy = -3107.571169
energy/site = -3.884463961
43.7598% accepted

energy = -3558.574136
energy/site = -4.44821767
43.7181% accepted

energy = -5071.313443
energy/site = -6.339141804
43.7443% accepted

energy = -2061.331207
energy/site = -2.576664009
43.6314% accepted

energy = -2231.901624
energy/site = -2.789877029
43.7196% accepted

energy = -3032.973539
energy/site = -3.791216924
43.6743% accepted

energy = -1512.026004
energy/site = -1.890032505
43.503% accepted

energy = -16671.71308
energy/site = -20.83964135
43.5819% accepted

energy = -1069.998436
energy/site = -1.337498045
43.5619% accepted

energy = -1945.409639
energy/site = -2.431762048
43.5696% accepted

energy = -758.5704727
energy/site = -0.9482130909
43.8081% accepted

energy = -910.4521631
energy/site = -1.138065204
43.6991% accepted

energy = -4436.264172
energy/site = -5.545330216
43.6512% accepted

energy = -2033.515354
energy/site = -2.541894193
43.7717% accepted

energy = -1005.26653
energy/site = -1.256583163
43.7938% accepted

energy = -6558.575072
energy/site = -8.19821884
43.6603% accepted

energy = -789.7330845
energy/site = -0.9871663556
43.5774% accepted

energy = -1953.757225
energy/site = -2.442196532
43.7794% accepted

energy = -5011.574844
energy/site = -6.264468555
43.6064% accepted

energy = -1649.680164
energy/site = -2.062100205
43.7408% accepted

energy = -550.3183716
energy/site = -0.6878979645
43.7593% accepted

energy = -226.4388215
energy/site = -0.2830485269
43.5684% accepted

energy = -934.6565714
energy/site = -1.168320714
43.8508% accepted

energy = -4995.261444
energy/site = -6.244076805
43.6317% accepted

energy = -10621.28295
energy/site = -13.27660369
43.8605% accepted

energy = -622.9987945
energy/site = -0.7787484931
43.7481% accepted

energy = -4035.354102
energy/site = -5.044192628
43.6748% accepted

energy = -8057.87338
energy/site = -10.07234172
43.7225% accepted

energy = -384.2477788
energy/site = -0.4803097235
43.7195% accepted

energy = -2282.551297
energy/site = -2.853189122
43.7211% accepted

energy = -2733.634342
energy/site = -3.417042928
43.5424% accepted

energy = -1025.533917
energy/site = -1.281917397
43.6915% accepted

energy = -723.1701366
energy/site = -0.9039626707
43.655% accepted

energy = -3746.488846
energy/site = -4.683111057
43.6472% accepted

energy = -1804.971425
energy/site = -2.256214281
43.4781% accepted

energy = -11163.55671
energy/site = -13.95444589
43.8308% accepted

energy = -1214.761484
energy/site = -1.518451855
43.686% accepted

energy = -4948.955052
energy/site = -6.186193815
43.697% accepted

energy = -16531.90174
energy/site = -20.66487718
43.7% accepted

energy = -554.9998826
energy/site = -0.6937498532
43.6927% accepted

energy = -8399.784815
energy/site = -10.49973102
43.6954% accepted

energy = -3493.384549
energy/site = -4.366730686
43.718% accepted

energy = -253.429934
energy/site = -0.3167874175
43.7989% accepted

energy = -1876.530745
energy/site = -2.345663431
43.6587% accepted

energy = -421.1837223
energy/site = -0.5264796529
43.6772% accepted

energy = -4530.292314
energy/site = -5.662865392
43.7181% accepted

energy = -3935.117436
energy/site = -4.918896795
43.6647% accepted

energy = -1255.054938
energy/site = -1.568818673
43.7519% accepted

energy = -2758.151006
energy/site = -3.447688757
43.7333% accepted

energy = -5004.029177
energy/site = -6.255036472
43.6468% accepted

energy = -3829.634178
energy/site = -4.787042723
43.7486% accepted

energy = -890.2525174
energy/site = -1.112815647
43.7368% accepted

energy = -850.415418
energy/site = -1.063019272
43.6458% accepted

energy = -1839.94911
energy/site = -2.299936388
43.7229% accepted

energy = -1994.109514
energy/site = -2.492636893
43.723% accepted

energy = -2739.554418
energy/site = -3.424443022
43.8741% accepted

energy = -2042.101722
energy/site = -2.552627152
43.702% accepted

energy = -742.6279464
energy/site = -0.928284933
43.6177% accepted

energy = -36934.05497
energy/site = -46.16756871
43.5426% accepted

energy = -1285.070492
energy/site = -1.606338115
43.5591% accepted

energy = -3786.610361
energy/site = -4.733262951
43.6299% accepted

energy = -2481.518238
energy/site = -3.101897798
43.8232% accepted

energy = -1193.384394
energy/site = -1.491730493
43.6042% accepted

energy = -21695.19451
energy/site = -27.11899314
43.6767% accepted

energy = -4031.118438
energy/site = -5.038898047
43.8042% accepted

energy = -4772.055608
energy/site = -5.96506951
43.8138% accepted

energy = -811.2546335
energy/site = -1.014068292
43.677% accepted

energy = -8403.652235
energy/site = -10.50456529
43.7795% accepted

energy = -13923.66864
energy/site = -17.4045858
43.7196% accepted

energy = -1549.252255
energy/site = -1.936565319
43.7078% accepted

energy = -1112.361598
energy/site = -1.390451997
43.6852% accepted

energy = -3486.336806
energy/site = -4.357921007
43.6793% accepted

energy = -7759.43332
energy/site = -9.699291651
43.7726% accepted

energy = -807.7171705
energy/site = -1.009646463
43.7127% accepted

energy = -1303.334773
energy/site = -1.629168467
43.7187% accepted

energy = -1198.054315
energy/site = -1.497567894
43.7975% accepted

energy = -4796.060488
energy/site = -5.99507561
43.7814% accepted

energy = -943.6083621
energy/site = -1.179510453
43.5018% accepted

energy = -4547.325686
energy/site = -5.684157107
43.7834% accepted

energy = -531.0987589
energy/site = -0.6638734487
43.7035% accepted

energy = -4856.027286
energy/site = -6.070034107
43.6424% accepted

energy = -1207.465238
energy/site = -1.509331547
43.6326% accepted

energy = -799.1485775
energy/site = -0.9989357219
43.7025% accepted

energy = -2459.024591
energy/site = -3.073780739
43.5606% accepted

energy = -869.6847562
energy/site = -1.087105945
43.6544% accepted

energy = -666.4685803
energy/site = -0.8330857254
43.7604% accepted

energy = -208.8280967
energy/site = -0.2610351209
43.6961% accepted

energy = -355.4246585
energy/site = -0.4442808232
43.5589% accepted

energy = -613.2267505
energy/site = -0.7665334382
43.6095% accepted

energy = -1017.86833
energy/site = -1.272335412
43.7031% accepted

energy = -5561.92623
energy/site = -6.952407787
43.5862% accepted

energy = -12616.65075
energy/site = -15.77081344
43.7406% accepted

energy = -6541.122288
energy/site = -8.176402861
43.651% accepted

energy = -312.9940568
energy/site = -0.391242571
43.7627% accepted

energy = -330.3369938
energy/site = -0.4129212422
43.6776% accepted

energy = -29519.42864
energy/site = -36.8992858
43.6922% accepted

energy = -393.1142806
energy/site = -0.4913928508
43.5762% accepted

energy = -4736.224261
energy/site = -5.920280327
43.7714% accepted

energy = -1975.25842
energy/site = -2.469073025
43.7652% accepted

energy = -891.1746035
energy/site = -1.113968254
43.7112% accepted

energy = -1685.603662
energy/site = -2.107004577
43.7873% accepted

energy = -419.6984835
energy/site = -0.5246231043
43.6887% accepted

energy = -1900.927771
energy/site = -2.376159714
43.7363% accepted

energy = -2072.104694
energy/site = -2.590130868
43.6739% accepted

energy = -2981.285172
energy/site = -3.726606465
43.6772% accepted

energy = -3115.482919
energy/site = -3.894353649
43.7565% accepted

energy = -6256.480256
energy/site = -7.82060032
43.6546% accepted

energy = -2835.013547
energy/site = -3.543766933
43.7173% accepted

energy = -3975.579382
energy/site = -4.969474228
43.9145% accepted

energy = -1768.237527
energy/site = -2.210296909
43.5881% accepted

energy = -572.9571307
energy/site = -0.7161964133
43.6906% accepted

energy = -13729.49899
energy/site = -17.16187374
43.7533% accepted

energy = -3328.960657
energy/site = -4.161200822
43.5918% accepted

energy = -16384.94743
energy/site = -20.48118429
43.6332% accepted

energy = -25637.92546
energy/site = -32.04740682
43.6417% accepted

energy = -643.3563075
energy/site = -0.8041953844
43.7139% accepted

energy = -2219.242064
energy/site = -2.774052581
43.4462% accepted

energy = -1834.221182
energy/site = -2.292776477
43.6504% accepted

energy = -1710.741971
energy/site = -2.138427463
43.6041% accepted

energy = -7147.484789
energy/site = -8.934355987
43.6276% accepted

energy = -757.5920468
energy/site = -0.9469900585
43.6974% accepted

energy = -623.2543235
energy/site = -0.7790679043
43.5513% accepted

energy = -625.5298892
energy/site = -0.7819123615
43.7235% accepted

energy = -1608.759405
energy/site = -2.010949256
43.6064% accepted

energy = -918.9809462
energy/site = -1.148726183
43.6207% accepted

energy = -9401.759266
energy/site = -11.75219908
43.6461% accepted

energy = -20621.74575
energy/site = -25.77718219
43.6732% accepted

energy = -907.4154856
energy/site = -1.134269357
43.6824% accepted

energy = -1928.867623
energy/site = -2.411084528
43.7942% accepted

energy = -1998.358691
energy/site = -2.497948364
43.4767% accepted

energy = -4983.925833
energy/site = -6.229907292
43.7072% accepted

energy = -8310.370673
energy/site = -10.38796334
43.6701% accepted

energy = -3450.703484
energy/site = -4.313379355
43.7447% accepted

energy = -8427.83057
energy/site = -10.53478821
43.7406% accepted

energy = -12681.57925
energy/site = -15.85197406
43.6896% accepted

energy = -9198.591748
energy/site = -11.49823969
43.6306% accepted

energy = -1874.855654
energy/site = -2.343569567
43.6305% accepted

energy = -3257.160964
energy/site = -4.071451205
43.8314% accepted

energy = -625.3500688
energy/site = -0.781687586
43.6716% accepted

energy = -15888.69084
energy/site = -19.86086355
43.8022% accepted

energy = -3739.960234
energy/site = -4.674950293
43.7499% accepted

energy = -792.0233163
energy/site = -0.9900291454
43.6626% accepted

energy = -1673.948291
energy/site = -2.092435364
43.6741% accepted

energy = -3618.295767
energy/site = -4.522869709
43.6438% accepted

energy = -1481.290622
energy/site = -1.851613277
43.5018% accepted

energy = -2964.271592
energy/site = -3.70533949
43.8081% accepted

energy = -1551.346008
energy/site = -1.93918251
43.7884% accepted

energy = -2756.535596
energy/site = -3.445669495
43.8282% accepted

energy = -1384.265867
energy/site = -1.730332334
43.6517% accepted

energy = -3068.681851
energy/site = -3.835852314
43.6675% accepted

energy = -4390.505625
energy/site = -5.488132031
44.5757% accepted

energy = -633.4837985
energy/site = -0.7918547481
43.6289% accepted


------------------------------------------------------------
Sender: LSF System <lsfadmin@wha651>
Subject: Job 3220353: <./torus06> Exited

Job <./torus06> was submitted from host <wha781> by user <akallin>.
Job was executed on host(s) <wha651>, in queue <serial>, as user <akallin>.
</home/akallin> was used as the home directory.
</work/akallin/TORUS/10leg/06> was used as the working directory.
Started at Thu May 27 08:59:33 2010
Results reported at Thu Jun  3 10:04:59 2010

Your job looked like:

------------------------------------------------------------
# LSBATCH: User input
./torus06
------------------------------------------------------------

TERM_RUNLIMIT: job killed after reaching LSF run time limit.
Exited with signal termination: Killed.

Resource usage summary:

    CPU time   : 580175.00 sec.
    Max Memory :         7 MB
    Max Swap   :       131 MB

    Max Processes  :         4
    Max Threads    :         4

The output (if any) is above this job summary.

