
weighting by <swap_x> where x = 5
7 x 28 x 1 system
r   = 3  bondops changed per step 
n/N = 80  bond operators / site
its = 1000000  iterations/loop for 10000 loops

energy = -432.4551372
energy/site = -1.103201881
44.6241% accepted

energy = -1100.096565
energy/site = -2.806368789
44.3742% accepted

energy = -444.1924612
energy/site = -1.133144034
44.4466% accepted

energy = -859.1878305
energy/site = -2.19180569
44.4408% accepted

energy = -514.6687079
energy/site = -1.312930377
44.3147% accepted

energy = -789.9437991
energy/site = -2.015162753
44.3741% accepted

energy = -1344.815628
energy/site = -3.430652112
44.4266% accepted

energy = -611.048788
energy/site = -1.558797928
44.2631% accepted

energy = -307.8666093
energy/site = -0.7853740033
44.3105% accepted

energy = -688.0040092
energy/site = -1.755112268
44.3089% accepted

energy = -427.7305842
energy/site = -1.09114945
44.4239% accepted

energy = -1097.025979
energy/site = -2.798535662
44.52% accepted

energy = -997.2458394
energy/site = -2.543994488
44.3407% accepted

energy = -606.1898379
energy/site = -1.546402648
44.3272% accepted

energy = -639.456037
energy/site = -1.631265401
44.3956% accepted

energy = -2503.872425
energy/site = -6.387429656
44.3646% accepted

energy = -1054.801438
energy/site = -2.690819994
44.3169% accepted

energy = -1230.035309
energy/site = -3.137845176
44.4287% accepted

energy = -599.3238271
energy/site = -1.528887314
44.2948% accepted

energy = -1320.093067
energy/site = -3.367584356
44.3646% accepted

energy = -2257.680912
energy/site = -5.759390082
44.1819% accepted

energy = -721.9135248
energy/site = -1.841616135
44.3461% accepted

energy = -889.7373105
energy/site = -2.269738037
44.3151% accepted

energy = -1503.438383
energy/site = -3.835301998
44.2655% accepted

energy = -433.8675958
energy/site = -1.106805091
44.5897% accepted

energy = -671.6637996
energy/site = -1.71342806
44.2471% accepted

energy = -1593.289007
energy/site = -4.064512773
44.4881% accepted

energy = -3523.007823
energy/site = -8.987264854
44.3939% accepted

energy = -432.4271984
energy/site = -1.103130608
44.39% accepted

energy = -512.0283782
energy/site = -1.306194842
44.4171% accepted

energy = -881.3096585
energy/site = -2.248238925
44.4236% accepted

energy = -2420.860427
energy/site = -6.175664355
44.42% accepted

energy = -1889.744183
energy/site = -4.820775976
44.3806% accepted

energy = -1521.596594
energy/site = -3.881623964
44.3272% accepted

energy = -632.4957786
energy/site = -1.613509639
44.3809% accepted

energy = -672.8821471
energy/site = -1.71653609
44.56% accepted

energy = -988.6191936
energy/site = -2.521987739
44.3796% accepted

energy = -753.9576173
energy/site = -1.923361269
44.4088% accepted

energy = -808.4305024
energy/site = -2.06232271
44.4313% accepted

energy = -857.6162891
energy/site = -2.187796656
44.3559% accepted

energy = -1024.428706
energy/site = -2.613338535
44.3118% accepted

energy = -1096.986876
energy/site = -2.798435908
44.5134% accepted

energy = -596.0710308
energy/site = -1.520589364
44.3425% accepted

energy = -2109.880448
energy/site = -5.382348082
44.4566% accepted

energy = -797.738825
energy/site = -2.035048023
44.4021% accepted

energy = -376.8594681
energy/site = -0.9613761943
44.3953% accepted

energy = -1056.606368
energy/site = -2.695424408
44.3816% accepted

energy = -781.8670114
energy/site = -1.994558703
44.3844% accepted

energy = -899.4543775
energy/site = -2.294526473
44.3238% accepted

energy = -347.9458032
energy/site = -0.8876168448
44.2603% accepted

energy = -858.9780947
energy/site = -2.19127065
44.5042% accepted

energy = -1640.14212
energy/site = -4.18403602
44.4329% accepted

energy = -929.9677772
energy/site = -2.372366778
44.3563% accepted

energy = -663.606623
energy/site = -1.692874038
44.3384% accepted

energy = -1347.90678
energy/site = -3.438537705
44.3879% accepted

energy = -772.7940695
energy/site = -1.971413443
44.4457% accepted

energy = -755.1796129
energy/site = -1.926478604
44.4249% accepted

energy = -726.3594046
energy/site = -1.852957665
44.207% accepted

energy = -547.4024922
energy/site = -1.396434929
44.2987% accepted

energy = -1000.401519
energy/site = -2.552044691
44.4214% accepted

energy = -1269.53545
energy/site = -3.238610841
44.2487% accepted

energy = -1199.65057
energy/site = -3.060333086
44.4053% accepted

energy = -2335.971609
energy/site = -5.959111249
44.37% accepted

energy = -496.048045
energy/site = -1.265428686
44.3882% accepted

energy = -473.8511154
energy/site = -1.208803866
44.2234% accepted

energy = -1173.901658
energy/site = -2.994647086
44.3181% accepted

energy = -724.2223029
energy/site = -1.847505875
44.3065% accepted

energy = -2260.449686
energy/site = -5.76645328
44.4182% accepted

energy = -835.138734
energy/site = -2.130455954
44.3092% accepted

energy = -496.1674208
energy/site = -1.265733216
44.3376% accepted

energy = -2109.853843
energy/site = -5.382280212
44.3427% accepted

energy = -1584.247603
energy/site = -4.041447967
44.3484% accepted

energy = -401.3548456
energy/site = -1.023864402
44.3702% accepted

energy = -896.1831609
energy/site = -2.286181533
44.3247% accepted

energy = -8760.761867
energy/site = -22.34888231
44.2203% accepted

energy = -1687.888196
energy/site = -4.305837234
44.401% accepted

energy = -1335.415207
energy/site = -3.406671448
44.4587% accepted

energy = -543.0504738
energy/site = -1.385332841
44.3843% accepted

energy = -939.7631786
energy/site = -2.397355047
44.1699% accepted

energy = -303.5537022
energy/site = -0.7743716893
44.4891% accepted

energy = -987.6799028
energy/site = -2.519591589
44.3756% accepted

energy = -337.2625157
energy/site = -0.8603635604
44.4459% accepted

energy = -1150.75144
energy/site = -2.935590409
44.3317% accepted

energy = -2285.017299
energy/site = -5.829125764
44.3915% accepted

energy = -2120.970702
energy/site = -5.410639546
44.4914% accepted

energy = -862.2097387
energy/site = -2.19951464
44.3593% accepted

energy = -352.7122718
energy/site = -0.8997762035
44.4175% accepted

energy = -398.9352299
energy/site = -1.017691913
44.3892% accepted

energy = -545.6195718
energy/site = -1.391886663
44.2524% accepted

energy = -8800.270575
energy/site = -22.44966983
44.3952% accepted

energy = -633.4375072
energy/site = -1.615912008
44.4087% accepted

energy = -1297.513781
energy/site = -3.309984136
44.4266% accepted

energy = -645.727516
energy/site = -1.647264071
44.3331% accepted

energy = -910.3764939
energy/site = -2.322389015
44.4117% accepted

energy = -901.1766143
energy/site = -2.298919934
44.3814% accepted

energy = -768.4002903
energy/site = -1.960204822
44.2637% accepted

energy = -652.2271784
energy/site = -1.663844843
44.2688% accepted

energy = -1522.461809
energy/site = -3.883831146
44.2083% accepted

energy = -540.7965721
energy/site = -1.379583092
44.4135% accepted

energy = -1413.318909
energy/site = -3.60540538
44.292% accepted

energy = -1184.201392
energy/site = -3.020921919
44.5065% accepted

energy = -800.2520979
energy/site = -2.041459433
44.3697% accepted

energy = -947.9898139
energy/site = -2.418341362
44.3191% accepted

energy = -821.3252346
energy/site = -2.095217435
44.3376% accepted

energy = -889.4340262
energy/site = -2.268964352
44.4525% accepted

energy = -1581.697737
energy/site = -4.034943207
44.3336% accepted

energy = -798.5930658
energy/site = -2.037227209
44.3943% accepted

energy = -4058.905389
energy/site = -10.35435048
44.4443% accepted

energy = -849.9656834
energy/site = -2.168279805
44.3955% accepted

energy = -1784.235512
energy/site = -4.551621205
44.3319% accepted

energy = -807.0580608
energy/site = -2.058821584
44.3855% accepted

energy = -1300.311498
energy/site = -3.317121168
44.4093% accepted

energy = -1300.419873
energy/site = -3.317397635
44.4864% accepted

energy = -756.0272454
energy/site = -1.928640932
44.3638% accepted

energy = -974.6337161
energy/site = -2.4863105
44.3222% accepted

energy = -1565.111254
energy/site = -3.992630751
44.345% accepted

energy = -1100.317879
energy/site = -2.806933365
44.3192% accepted

energy = -686.8111865
energy/site = -1.752069353
44.5135% accepted

energy = -434.4276181
energy/site = -1.10823372
44.3016% accepted

energy = -1224.969751
energy/site = -3.124922835
44.4161% accepted

energy = -1419.402929
energy/site = -3.620925839
44.2756% accepted

energy = -761.3104898
energy/site = -1.942118596
44.3963% accepted

energy = -979.2119385
energy/site = -2.497989639
44.392% accepted

energy = -472.813811
energy/site = -1.206157681
44.446% accepted

energy = -460.9324341
energy/site = -1.175848046
44.3917% accepted

energy = -8011.413653
energy/site = -20.43727973
44.4568% accepted

energy = -2415.748383
energy/site = -6.162623425
44.3957% accepted

energy = -614.9869569
energy/site = -1.568844278
44.3849% accepted

energy = -1297.089042
energy/site = -3.308900617
44.3493% accepted

energy = -991.9659975
energy/site = -2.530525504
44.3024% accepted

energy = -628.7984987
energy/site = -1.604077803
44.3617% accepted

energy = -3605.700738
energy/site = -9.198216168
44.3535% accepted

energy = -335.3072721
energy/site = -0.8553756942
44.2951% accepted

energy = -1359.512816
energy/site = -3.468144938
44.3193% accepted

energy = -1539.642024
energy/site = -3.927658224
44.437% accepted

energy = -2273.06463
energy/site = -5.79863426
44.4017% accepted

energy = -1836.725803
energy/site = -4.685525008
44.4456% accepted

energy = -469.6376758
energy/site = -1.198055295
44.2453% accepted

energy = -2887.643099
energy/site = -7.366436477
44.4864% accepted

energy = -602.1345478
energy/site = -1.53605752
44.407% accepted

energy = -813.737387
energy/site = -2.075860681
44.1759% accepted

energy = -2144.245235
energy/site = -5.470013354
44.402% accepted

energy = -582.6153641
energy/site = -1.486263684
44.4133% accepted

energy = -390.7730599
energy/site = -0.9968700507
44.1609% accepted

energy = -572.104762
energy/site = -1.459450923
44.337% accepted

energy = -1558.222046
energy/site = -3.97505624
44.3822% accepted

energy = -1210.88113
energy/site = -3.088982476
44.3144% accepted

energy = -550.4781489
energy/site = -1.404280992
44.3792% accepted

energy = -502.387562
energy/site = -1.281600924
44.4453% accepted

energy = -724.817474
energy/site = -1.849024168
44.2671% accepted

energy = -3920.129045
energy/site = -10.0003292
44.2967% accepted

energy = -856.5266787
energy/site = -2.185017038
44.3769% accepted

energy = -917.1509798
energy/site = -2.339670867
44.3249% accepted

energy = -3655.114578
energy/site = -9.324271882
44.4248% accepted

energy = -3229.415839
energy/site = -8.238305712
44.3358% accepted

energy = -1554.772562
energy/site = -3.966256535
44.4781% accepted

energy = -324.2324434
energy/site = -0.82712358
44.5173% accepted

energy = -1054.191032
energy/site = -2.689262838
44.5039% accepted

energy = -2719.16377
energy/site = -6.936642271
44.3276% accepted

energy = -1843.260493
energy/site = -4.702195134
44.5917% accepted

energy = -1105.302596
energy/site = -2.819649479
44.3543% accepted

energy = -857.4664817
energy/site = -2.187414494
44.4082% accepted

energy = -475.3236059
energy/site = -1.212560219
44.3194% accepted

energy = -1473.931391
energy/site = -3.760029058
44.3643% accepted

energy = -471.1846281
energy/site = -1.202001602
44.3892% accepted

energy = -516.9625817
energy/site = -1.318782096
44.4628% accepted

energy = -939.3838564
energy/site = -2.396387389
44.4806% accepted

energy = -358.3296657
energy/site = -0.91410629
44.2499% accepted

energy = -1031.716677
energy/site = -2.631930298
44.4072% accepted

energy = -1825.619913
energy/site = -4.657193655
44.3849% accepted

energy = -560.2198754
energy/site = -1.429132335
44.4138% accepted

energy = -467.5500481
energy/site = -1.192729715
44.5703% accepted

energy = -1036.793317
energy/site = -2.64488091
44.2737% accepted

energy = -12763.43611
energy/site = -32.55978598
44.2473% accepted

energy = -607.6529278
energy/site = -1.55013502
44.4163% accepted

energy = -299.2434738
energy/site = -0.7633762087
44.3074% accepted

energy = -878.4671484
energy/site = -2.240987623
44.3288% accepted

energy = -1260.439901
energy/site = -3.21540791
44.507% accepted

energy = -617.2654687
energy/site = -1.574656808
44.5022% accepted

energy = -543.5716932
energy/site = -1.386662483
44.4109% accepted

energy = -1811.262857
energy/site = -4.620568514
44.3252% accepted

energy = -515.8647337
energy/site = -1.315981464
44.4416% accepted

energy = -6425.655882
energy/site = -16.39197929
44.267% accepted

energy = -656.5699405
energy/site = -1.674923318
44.4058% accepted

energy = -910.176162
energy/site = -2.321877964
44.4392% accepted

energy = -1075.584529
energy/site = -2.743838084
44.1755% accepted

energy = -1148.804047
energy/site = -2.930622569
44.4821% accepted

energy = -1629.406473
energy/site = -4.156649165
44.2884% accepted

energy = -617.2515556
energy/site = -1.574621315
44.3222% accepted

energy = -1258.308961
energy/site = -3.209971838
44.3843% accepted

energy = -523.1546374
energy/site = -1.334578157
44.4164% accepted

energy = -490.8508397
energy/site = -1.252170509
44.4994% accepted

energy = -1264.768352
energy/site = -3.226449877
44.4859% accepted

energy = -890.1691337
energy/site = -2.270839627
44.3243% accepted

energy = -3612.861203
energy/site = -9.216482661
44.3551% accepted

energy = -374.5255006
energy/site = -0.9554221953
44.2363% accepted

energy = -1844.574522
energy/site = -4.705547251
44.3651% accepted

energy = -964.3286905
energy/site = -2.46002217
44.3279% accepted

energy = -927.5633817
energy/site = -2.366233116
44.4145% accepted

energy = -899.7614536
energy/site = -2.295309831
44.36% accepted

energy = -1324.743157
energy/site = -3.379446828
44.2565% accepted

energy = -2751.797236
energy/site = -7.019890908
44.2515% accepted

energy = -1557.902095
energy/site = -3.974240037
44.4146% accepted

energy = -909.5625173
energy/site = -2.320312544
44.4593% accepted

energy = -744.0582709
energy/site = -1.898107834
44.3304% accepted

energy = -1266.073866
energy/site = -3.22978027
44.3265% accepted

energy = -1856.380165
energy/site = -4.735663685
44.2327% accepted

energy = -572.1406328
energy/site = -1.459542431
44.4047% accepted

energy = -912.7715517
energy/site = -2.328498856
44.2989% accepted

energy = -873.7372035
energy/site = -2.228921438
44.3973% accepted

energy = -975.2927552
energy/site = -2.487991722
44.2186% accepted

energy = -1343.040894
energy/site = -3.42612473
44.3799% accepted

energy = -766.5892859
energy/site = -1.955584913
44.4485% accepted

energy = -1981.546717
energy/site = -5.054966115
44.3567% accepted

energy = -806.7781267
energy/site = -2.058107466
44.4302% accepted

energy = -2146.571086
energy/site = -5.475946649
44.3425% accepted

energy = -1904.633096
energy/site = -4.858757899
44.3306% accepted

energy = -1636.547229
energy/site = -4.174865379
44.2573% accepted

energy = -1981.703683
energy/site = -5.055366538
44.2352% accepted

energy = -4757.004142
energy/site = -12.13521465
44.4354% accepted

energy = -714.8873783
energy/site = -1.823692292
44.3797% accepted

energy = -1842.013182
energy/site = -4.69901322
44.496% accepted

energy = -1329.680833
energy/site = -3.392042941
44.2298% accepted

energy = -4849.946402
energy/site = -12.37231225
44.4611% accepted

energy = -1395.422757
energy/site = -3.559751932
44.1876% accepted

energy = -1046.26516
energy/site = -2.669043775
44.5558% accepted

energy = -743.6196876
energy/site = -1.896988999
44.4213% accepted

energy = -437.7557062
energy/site = -1.11672374
44.4388% accepted

energy = -541.9518859
energy/site = -1.382530321
44.2956% accepted

energy = -625.0101102
energy/site = -1.594413546
44.4268% accepted

energy = -1049.220989
energy/site = -2.676584157
44.4879% accepted

energy = -764.398752
energy/site = -1.949996816
44.4461% accepted

energy = -1754.998141
energy/site = -4.477036074
44.3931% accepted

energy = -737.1993084
energy/site = -1.880610481
44.3335% accepted

energy = -782.9007133
energy/site = -1.997195697
44.2396% accepted

energy = -948.8310077
energy/site = -2.420487265
44.3069% accepted

energy = -1486.858189
energy/site = -3.793005585
44.4024% accepted

energy = -751.5930329
energy/site = -1.917329166
44.4748% accepted

energy = -239.8643515
energy/site = -0.611898856
44.3364% accepted

energy = -950.7292114
energy/site = -2.425329621
44.301% accepted

energy = -1185.015537
energy/site = -3.022998818
44.3612% accepted

energy = -2246.382408
energy/site = -5.730567367
44.341% accepted

energy = -1372.817039
energy/site = -3.502084284
44.4964% accepted

energy = -3138.992748
energy/site = -8.007634562
44.5565% accepted

energy = -540.1467328
energy/site = -1.377925339
44.424% accepted

energy = -1690.570879
energy/site = -4.312680813
44.3881% accepted

energy = -611.8803749
energy/site = -1.560919324
44.4169% accepted

energy = -794.1239486
energy/site = -2.0258264
44.284% accepted

energy = -1601.159763
energy/site = -4.084591232
44.448% accepted

energy = -375.8174356
energy/site = -0.9587179479
44.3894% accepted

energy = -896.1013175
energy/site = -2.285972749
44.3078% accepted

energy = -1173.367463
energy/site = -2.993284344
44.4943% accepted

energy = -929.1623741
energy/site = -2.370312179
44.2802% accepted

energy = -1731.443814
energy/site = -4.416948505
44.2754% accepted

energy = -387.8226755
energy/site = -0.98934356
44.3892% accepted

energy = -1387.182595
energy/site = -3.538731109
44.388% accepted

energy = -1250.151517
energy/site = -3.189162034
44.2193% accepted

energy = -724.909693
energy/site = -1.849259421
44.3801% accepted

energy = -349.7153872
energy/site = -0.8921310899
44.3135% accepted

energy = -6372.085959
energy/site = -16.25532132
44.4444% accepted

energy = -935.7561692
energy/site = -2.387133085
44.4604% accepted

energy = -587.7994732
energy/site = -1.499488452
44.4828% accepted

energy = -1932.319984
energy/site = -4.929387716
44.479% accepted

energy = -1094.605508
energy/site = -2.79236099
44.3639% accepted

energy = -416.66765
energy/site = -1.062927678
44.3979% accepted

energy = -1806.026677
energy/site = -4.607210912
44.4936% accepted

energy = -586.5305926
energy/site = -1.496251512
44.2765% accepted

energy = -665.6932749
energy/site = -1.69819713
44.3439% accepted

energy = -530.9881214
energy/site = -1.354561534
44.4409% accepted

energy = -1772.563686
energy/site = -4.521846137
44.2436% accepted

energy = -2319.791091
energy/site = -5.917834416
44.4713% accepted

energy = -1122.101535
energy/site = -2.862503916
44.459% accepted

energy = -1049.128061
energy/site = -2.676347094
44.3958% accepted

energy = -1637.58094
energy/site = -4.177502397
44.3098% accepted

energy = -1312.308173
energy/site = -3.347724932
44.393% accepted

energy = -3128.201707
energy/site = -7.980106396
44.3986% accepted

energy = -1053.145582
energy/site = -2.686595874
44.4385% accepted

energy = -1027.105086
energy/site = -2.620166035
44.4663% accepted

energy = -2374.424187
energy/site = -6.057204559
44.3925% accepted

energy = -458.93873
energy/site = -1.170762066
44.2824% accepted

energy = -955.3524287
energy/site = -2.437123542
44.2776% accepted

energy = -530.8904269
energy/site = -1.354312314
44.352% accepted

energy = -1181.225649
energy/site = -3.013330738
44.2104% accepted

energy = -2341.909803
energy/site = -5.974259701
44.303% accepted

energy = -432.1847283
energy/site = -1.102512062
44.4096% accepted

energy = -598.4861038
energy/site = -1.526750265
44.3905% accepted

energy = -821.9384455
energy/site = -2.096781749
44.3006% accepted

energy = -1182.739783
energy/site = -3.017193324
44.416% accepted

energy = -311.1206458
energy/site = -0.7936751169
44.3749% accepted

energy = -816.5643208
energy/site = -2.083072247
44.4058% accepted

energy = -1954.564676
energy/site = -4.986134377
44.4398% accepted

energy = -468.134885
energy/site = -1.194221645
44.3224% accepted

energy = -528.7363227
energy/site = -1.34881715
44.4964% accepted

energy = -1363.01494
energy/site = -3.477078929
44.4668% accepted

energy = -653.5965856
energy/site = -1.667338229
44.3252% accepted

energy = -448.929968
energy/site = -1.14522951
44.2688% accepted

energy = -723.4450754
energy/site = -1.845523151
44.3616% accepted

energy = -1551.190612
energy/site = -3.957118909
44.3502% accepted

energy = -595.361082
energy/site = -1.51877827
44.3053% accepted

energy = -912.6544092
energy/site = -2.328200024
44.2858% accepted

energy = -780.2223971
energy/site = -1.990363258
44.3992% accepted

energy = -445.3020553
energy/site = -1.135974631
44.3158% accepted

energy = -1651.285456
energy/site = -4.212462898
44.4146% accepted

energy = -688.3188058
energy/site = -1.755915321
44.3075% accepted

energy = -846.4101727
energy/site = -2.159209624
44.3987% accepted

energy = -725.0744175
energy/site = -1.849679636
44.4108% accepted

energy = -736.3479308
energy/site = -1.878438599
44.2945% accepted

energy = -2793.072061
energy/site = -7.12518383
44.3499% accepted

energy = -778.2991267
energy/site = -1.985456956
44.3996% accepted

energy = -646.8217543
energy/site = -1.650055496
44.3306% accepted

energy = -1039.013893
energy/site = -2.650545646
44.3847% accepted

energy = -2114.180602
energy/site = -5.393317861
44.4395% accepted

energy = -544.7394342
energy/site = -1.389641414
44.3134% accepted

energy = -696.9670277
energy/site = -1.777977111
44.2659% accepted

energy = -371.0756911
energy/site = -0.9466216611
44.3468% accepted

energy = -1070.148398
energy/site = -2.729970402
44.3712% accepted

energy = -1002.523098
energy/site = -2.557456882
44.1685% accepted

energy = -222.6173296
energy/site = -0.567901351
44.473% accepted

energy = -1903.597074
energy/site = -4.856114984
44.182% accepted

energy = -990.8398541
energy/site = -2.527652689
44.1698% accepted

energy = -480.0243254
energy/site = -1.22455185
44.2513% accepted

energy = -1210.881796
energy/site = -3.088984174
44.3207% accepted

energy = -849.9372428
energy/site = -2.168207252
44.368% accepted

energy = -1080.431839
energy/site = -2.756203672
44.4407% accepted

energy = -838.0430459
energy/site = -2.137864913
44.4657% accepted

energy = -609.9192329
energy/site = -1.55591641
44.49% accepted

energy = -3868.136898
energy/site = -9.86769617
44.4002% accepted

energy = -1581.387815
energy/site = -4.03415259
44.512% accepted

energy = -841.2607451
energy/site = -2.146073329
44.3356% accepted

energy = -531.1109442
energy/site = -1.354874858
44.3852% accepted

energy = -882.5287339
energy/site = -2.251348811
44.5398% accepted

energy = -729.5763094
energy/site = -1.861164055
44.4327% accepted

energy = -566.7952373
energy/site = -1.445906218
44.4481% accepted

energy = -2419.192898
energy/site = -6.171410454
44.3124% accepted

energy = -1567.383916
energy/site = -3.998428356
44.3022% accepted

energy = -2296.964932
energy/site = -5.859604418
44.3679% accepted

energy = -420.5736486
energy/site = -1.072891961
44.4588% accepted

energy = -660.417721
energy/site = -1.684739084
44.4572% accepted

energy = -2114.085938
energy/site = -5.393076373
44.337% accepted

energy = -401.4240101
energy/site = -1.024040842
44.3558% accepted

energy = -912.7697625
energy/site = -2.328494292
44.4222% accepted

energy = -799.3673401
energy/site = -2.039202398
44.2765% accepted

energy = -522.1835092
energy/site = -1.332100789
44.3901% accepted

energy = -795.8282288
energy/site = -2.030174053
44.4397% accepted

energy = -898.824971
energy/site = -2.292920844
44.4858% accepted

energy = -1482.668882
energy/site = -3.782318577
44.5126% accepted

energy = -1100.215346
energy/site = -2.806671802
44.3705% accepted

energy = -957.2828489
energy/site = -2.442048084
44.4292% accepted

energy = -1224.167899
energy/site = -3.122877294
44.4536% accepted

energy = -244.734867
energy/site = -0.6243236402
44.3115% accepted

energy = -929.5741852
energy/site = -2.371362717
44.2738% accepted

energy = -677.4151947
energy/site = -1.728099986
44.433% accepted

energy = -2596.59946
energy/site = -6.623978215
44.1625% accepted

energy = -3297.359187
energy/site = -8.411630579
44.3001% accepted

energy = -930.9162544
energy/site = -2.374786363
44.4332% accepted

energy = -839.892966
energy/site = -2.142584097
44.3348% accepted

energy = -858.2062314
energy/site = -2.189301611
44.2659% accepted

energy = -1972.876048
energy/site = -5.032847061
44.2077% accepted

energy = -1223.125152
energy/site = -3.120217224
44.3212% accepted

energy = -534.9995744
energy/site = -1.364794833
44.3385% accepted

energy = -1879.489465
energy/site = -4.794615982
44.3491% accepted

energy = -607.2463362
energy/site = -1.549097796
44.327% accepted

energy = -1082.736225
energy/site = -2.762082207
44.2453% accepted

energy = -296.8097397
energy/site = -0.7571677033
44.3019% accepted

energy = -1734.090298
energy/site = -4.423699739
44.3347% accepted

energy = -861.8519033
energy/site = -2.198601794
44.3296% accepted

energy = -2880.806712
energy/site = -7.348996714
44.1678% accepted

energy = -1939.753979
energy/site = -4.948351988
44.4745% accepted

energy = -926.5727288
energy/site = -2.363705941
44.3618% accepted

energy = -2481.846273
energy/site = -6.331240493
44.503% accepted

energy = -1323.646001
energy/site = -3.376647962
44.2872% accepted

energy = -293.827263
energy/site = -0.7495593444
44.264% accepted

energy = -1319.604873
energy/site = -3.366338962
44.459% accepted

energy = -1449.17352
energy/site = -3.696871224
44.4922% accepted

energy = -708.3945725
energy/site = -1.807129011
44.4413% accepted

energy = -1160.798951
energy/site = -2.961221814
44.3037% accepted

energy = -1426.612607
energy/site = -3.639317875
44.4182% accepted

energy = -646.5142996
energy/site = -1.649271172
44.322% accepted

energy = -909.3608884
energy/site = -2.319798185
44.4812% accepted

energy = -2891.712607
energy/site = -7.376817876
44.248% accepted

energy = -792.0159289
energy/site = -2.020448798
44.2796% accepted

energy = -937.4369272
energy/site = -2.391420733
44.4511% accepted

energy = -1174.016316
energy/site = -2.994939581
44.43% accepted

energy = -915.8506985
energy/site = -2.336353823
44.4598% accepted

energy = -1201.07728
energy/site = -3.063972653
44.3313% accepted

energy = -438.9961438
energy/site = -1.119888122
44.3952% accepted

energy = -1011.969445
energy/site = -2.581554707
44.4018% accepted

energy = -719.9026388
energy/site = -1.836486324
44.2851% accepted

energy = -743.3003889
energy/site = -1.896174461
44.3198% accepted

energy = -8764.271503
energy/site = -22.35783547
44.2895% accepted

energy = -828.9511202
energy/site = -2.114671225
44.4772% accepted

energy = -871.5401858
energy/site = -2.2233168
44.4062% accepted

energy = -634.7483414
energy/site = -1.619255973
44.2632% accepted

energy = -808.6433264
energy/site = -2.062865629
44.3716% accepted

energy = -1579.050539
energy/site = -4.02819015
44.2531% accepted

energy = -1499.053238
energy/site = -3.824115402
44.2812% accepted

energy = -686.8940085
energy/site = -1.752280634
44.34% accepted

energy = -1646.242857
energy/site = -4.199599126
44.3815% accepted

energy = -1143.017043
energy/site = -2.915859803
44.4907% accepted

energy = -1492.939411
energy/site = -3.808518905
44.3527% accepted

energy = -603.1434474
energy/site = -1.538631243
44.2493% accepted

energy = -1061.124629
energy/site = -2.706950585
44.3058% accepted

energy = -1925.683471
energy/site = -4.912457833
44.37% accepted

energy = -1841.200761
energy/site = -4.696940717
44.52% accepted

energy = -1171.824781
energy/site = -2.989348932
44.2472% accepted

energy = -443.0624058
energy/site = -1.130261239
44.361% accepted

energy = -421.5533662
energy/site = -1.07539124
44.2161% accepted

energy = -1670.09321
energy/site = -4.260441862
44.6079% accepted

energy = -366.9395131
energy/site = -0.9360701865
44.3327% accepted

energy = -1271.742918
energy/site = -3.244242138
44.3447% accepted

energy = -1656.625571
energy/site = -4.22608564
44.4081% accepted

energy = -1153.698886
energy/site = -2.943109402
44.3106% accepted

energy = -549.8417393
energy/site = -1.402657498
44.3623% accepted

energy = -1789.534783
energy/site = -4.565139753
44.3252% accepted

energy = -1559.47502
energy/site = -3.978252603
44.3084% accepted

energy = -1681.853926
energy/site = -4.290443688
44.44% accepted

energy = -2354.43637
energy/site = -6.006215229
44.4929% accepted

energy = -418.870025
energy/site = -1.068545982
44.4537% accepted

energy = -1231.812976
energy/site = -3.142380042
44.2393% accepted

energy = -1637.490513
energy/site = -4.177271718
44.5331% accepted

energy = -848.028352
energy/site = -2.163337633
44.3155% accepted

energy = -481.7468377
energy/site = -1.228946015
44.4164% accepted

energy = -2247.260352
energy/site = -5.732807021
44.3707% accepted

energy = -694.5899439
energy/site = -1.771913122
44.5461% accepted

energy = -785.8626814
energy/site = -2.004751738
44.4445% accepted

energy = -663.7135512
energy/site = -1.693146814
44.2748% accepted

energy = -1239.257654
energy/site = -3.161371565
44.2809% accepted

energy = -860.9329548
energy/site = -2.196257538
44.456% accepted

energy = -987.8933637
energy/site = -2.520136132
44.3194% accepted

energy = -1645.280899
energy/site = -4.197145151
44.2625% accepted

energy = -764.2667284
energy/site = -1.949660021
44.258% accepted

energy = -341.3819372
energy/site = -0.8708722888
44.3977% accepted

energy = -529.7480452
energy/site = -1.351398075
44.353% accepted

energy = -646.3579114
energy/site = -1.648872223
44.5379% accepted

energy = -857.3452558
energy/site = -2.187105244
44.2926% accepted

energy = -683.5952079
energy/site = -1.743865326
44.3175% accepted

energy = -747.9150266
energy/site = -1.907946496
44.3134% accepted

energy = -9978.173193
energy/site = -25.45452345
44.3832% accepted

energy = -822.9873088
energy/site = -2.099457421
44.2813% accepted

energy = -569.8546425
energy/site = -1.453710823
44.4015% accepted

energy = -4667.143691
energy/site = -11.9059788
44.2255% accepted

energy = -2283.267124
energy/site = -5.824661029
44.3648% accepted

energy = -7957.93023
energy/site = -20.30084242
44.365% accepted

energy = -739.1011137
energy/site = -1.885462025
44.4258% accepted

energy = -1004.778029
energy/site = -2.563209258
44.4219% accepted

energy = -1025.171663
energy/site = -2.615233833
44.2995% accepted

energy = -961.2879393
energy/site = -2.452265151
44.3554% accepted

energy = -948.3521858
energy/site = -2.41926578
44.5027% accepted

energy = -774.2310214
energy/site = -1.975079136
44.3597% accepted

energy = -856.0756581
energy/site = -2.183866475
44.4751% accepted

energy = -708.0936013
energy/site = -1.806361228
44.4151% accepted

energy = -2947.832968
energy/site = -7.51998206
44.4034% accepted

energy = -742.5461425
energy/site = -1.894250363
44.4721% accepted

energy = -2120.796279
energy/site = -5.41019459
44.3096% accepted

energy = -931.5442421
energy/site = -2.376388373
44.4814% accepted

energy = -779.349714
energy/site = -1.988137025
44.3204% accepted

energy = -1854.102789
energy/site = -4.729854054
44.3874% accepted

energy = -1231.296474
energy/site = -3.141062433
44.2714% accepted

energy = -366.1023975
energy/site = -0.9339346876
44.4701% accepted

energy = -547.9070861
energy/site = -1.397722158
44.3784% accepted

energy = -2174.089941
energy/site = -5.546147808
44.3578% accepted

energy = -3059.272961
energy/site = -7.804267759
44.3851% accepted

energy = -851.8545745
energy/site = -2.173098404
44.3399% accepted

energy = -655.0472591
energy/site = -1.671038926
44.193% accepted

energy = -842.1687303
energy/site = -2.148389618
44.2564% accepted

energy = -1196.356679
energy/site = -3.051930303
44.4471% accepted

energy = -776.4714704
energy/site = -1.980794567
44.4172% accepted

energy = -1163.550729
energy/site = -2.968241656
44.535% accepted

energy = -1165.36273
energy/site = -2.972864106
44.2616% accepted

energy = -1224.463932
energy/site = -3.12363248
44.4519% accepted

energy = -829.9468163
energy/site = -2.117211266
44.2985% accepted

energy = -1247.244379
energy/site = -3.181745864
44.3374% accepted

energy = -1267.461121
energy/site = -3.233319186
44.2388% accepted

energy = -1027.125292
energy/site = -2.620217582
44.4403% accepted

energy = -656.6363959
energy/site = -1.675092847
44.2987% accepted

energy = -713.3598615
energy/site = -1.819795565
44.3645% accepted

energy = -577.4958773
energy/site = -1.473203769
44.3966% accepted

energy = -693.0693866
energy/site = -1.768034149
44.2707% accepted

energy = -284.0922001
energy/site = -0.7247250004
44.344% accepted

energy = -1274.346425
energy/site = -3.250883736
44.2992% accepted

energy = -973.666263
energy/site = -2.483842508
44.3618% accepted

energy = -2826.363972
energy/site = -7.210112174
44.4698% accepted

energy = -409.6384026
energy/site = -1.044995925
44.4554% accepted

energy = -1212.369548
energy/site = -3.092779458
44.2936% accepted

energy = -940.6871108
energy/site = -2.399712017
44.532% accepted

energy = -998.5697792
energy/site = -2.547371886
44.3675% accepted

energy = -667.1923083
energy/site = -1.702021195
44.3023% accepted

energy = -522.1700303
energy/site = -1.332066404
44.3114% accepted

energy = -1578.687757
energy/site = -4.027264687
44.4335% accepted

energy = -665.6464067
energy/site = -1.698077568
44.4121% accepted

energy = -661.5157492
energy/site = -1.687540177
44.3777% accepted

energy = -6098.56372
energy/site = -15.55756051
44.5138% accepted

energy = -957.8331021
energy/site = -2.443451791
44.4583% accepted

energy = -2406.485402
energy/site = -6.138993372
44.1769% accepted

energy = -993.5413644
energy/site = -2.534544297
44.5227% accepted

energy = -327.4811215
energy/site = -0.8354110242
44.3686% accepted

energy = -1258.218182
energy/site = -3.209740259
44.4305% accepted

energy = -1771.181679
energy/site = -4.518320609
44.4848% accepted

energy = -854.7315642
energy/site = -2.180437664
44.4112% accepted

energy = -519.9686346
energy/site = -1.326450598
44.2831% accepted

energy = -942.9827508
energy/site = -2.405568242
44.4177% accepted

energy = -1603.799036
energy/site = -4.09132407
44.3025% accepted

energy = -824.9773683
energy/site = -2.104534103
44.4606% accepted

energy = -780.1309099
energy/site = -1.990129872
44.4107% accepted

energy = -1083.375129
energy/site = -2.763712064
44.3994% accepted

energy = -362.5627406
energy/site = -0.9249049504
44.2304% accepted

energy = -1423.329
energy/site = -3.630941328
44.4184% accepted

energy = -807.6916077
energy/site = -2.060437775
44.4481% accepted

energy = -2439.119271
energy/site = -6.222243039
44.4224% accepted

energy = -462.5922985
energy/site = -1.180082394
44.2961% accepted

energy = -2835.543005
energy/site = -7.233528073
44.3758% accepted

energy = -869.7830665
energy/site = -2.218834353
44.2514% accepted

energy = -2281.27804
energy/site = -5.819586836
44.5254% accepted

energy = -1662.812049
energy/site = -4.241867471
44.4767% accepted

energy = -808.66048
energy/site = -2.062909388
44.3565% accepted

energy = -273.3324647
energy/site = -0.6972766956
44.4747% accepted

energy = -1105.038915
energy/site = -2.818976823
44.3335% accepted

energy = -534.416407
energy/site = -1.363307161
44.4024% accepted

energy = -728.7583651
energy/site = -1.859077462
44.4109% accepted

energy = -694.182594
energy/site = -1.770873964
44.4441% accepted

energy = -422.5133188
energy/site = -1.077840099
44.4391% accepted

energy = -1414.711992
energy/site = -3.608959163
44.3987% accepted

energy = -1012.204337
energy/site = -2.582153921
44.4764% accepted

energy = -1069.452879
energy/site = -2.728196119
44.3039% accepted

energy = -949.2137642
energy/site = -2.421463684
44.2149% accepted

energy = -771.1672056
energy/site = -1.96726328
44.3321% accepted

energy = -781.792394
energy/site = -1.994368352
44.3448% accepted

energy = -1283.168839
energy/site = -3.273389895
44.4338% accepted

energy = -622.9693628
energy/site = -1.589207558
44.3421% accepted

energy = -313.7596653
energy/site = -0.8004073095
44.236% accepted

energy = -418.1866917
energy/site = -1.066802785
44.4579% accepted

energy = -758.0750696
energy/site = -1.933864974
44.464% accepted

energy = -1330.597333
energy/site = -3.394380953
44.5083% accepted

energy = -1323.867722
energy/site = -3.377213575
44.3073% accepted

energy = -625.0863464
energy/site = -1.594608026
44.4904% accepted

energy = -688.7569536
energy/site = -1.757033045
44.4036% accepted

energy = -1178.215598
energy/site = -3.005652037
44.413% accepted

energy = -953.6701689
energy/site = -2.432832064
44.386% accepted

energy = -338.3542674
energy/site = -0.8631486412
44.2827% accepted

energy = -668.2642063
energy/site = -1.704755628
44.2786% accepted

energy = -2036.980311
energy/site = -5.196378344
44.2912% accepted

energy = -1678.598204
energy/site = -4.282138276
44.383% accepted

energy = -1454.567354
energy/site = -3.710631006
44.4243% accepted

energy = -5498.935851
energy/site = -14.02789758
44.2537% accepted

energy = -949.955312
energy/site = -2.423355388
44.4115% accepted

energy = -912.2151722
energy/site = -2.327079521
44.3531% accepted

energy = -3413.783095
energy/site = -8.708630344
44.4389% accepted

energy = -660.7397163
energy/site = -1.685560501
44.3424% accepted

energy = -769.0531875
energy/site = -1.961870376
44.4603% accepted

energy = -864.9108361
energy/site = -2.206405194
44.4016% accepted

energy = -1081.542162
energy/site = -2.759036128
44.3517% accepted

energy = -2181.022936
energy/site = -5.563834021
44.3201% accepted

energy = -1060.096181
energy/site = -2.704326992
44.3838% accepted

energy = -1256.524701
energy/site = -3.205420155
44.3921% accepted

energy = -1988.216589
energy/site = -5.071981095
44.3833% accepted

energy = -357.1118147
energy/site = -0.9109995272
44.3658% accepted

energy = -833.4061999
energy/site = -2.126036224
44.3225% accepted

energy = -740.1880108
energy/site = -1.888234721
44.2606% accepted

energy = -803.5694396
energy/site = -2.04992204
44.52% accepted

energy = -522.5855035
energy/site = -1.333126284
44.1437% accepted

energy = -8789.380758
energy/site = -22.42188969
44.487% accepted

energy = -523.4192644
energy/site = -1.335253226
44.3371% accepted

energy = -2054.063834
energy/site = -5.239958761
44.4117% accepted

energy = -995.4056784
energy/site = -2.5393002
44.3235% accepted

energy = -1990.775479
energy/site = -5.078508875
44.3178% accepted

energy = -2468.304004
energy/site = -6.296693887
44.4232% accepted

energy = -526.6100949
energy/site = -1.343393099
44.3788% accepted

energy = -1096.076673
energy/site = -2.79611396
44.4254% accepted

energy = -2783.968947
energy/site = -7.101961599
44.263% accepted

energy = -784.0588519
energy/site = -2.000150132
44.385% accepted

energy = -1901.031613
energy/site = -4.849570443
44.2725% accepted

energy = -530.5384479
energy/site = -1.353414408
44.3838% accepted

energy = -2121.267373
energy/site = -5.41139636
44.3969% accepted

energy = -4617.975455
energy/site = -11.78054963
44.4922% accepted

energy = -565.3025537
energy/site = -1.442098351
44.3617% accepted

energy = -781.8255532
energy/site = -1.994452942
44.5465% accepted

energy = -451.3002679
energy/site = -1.151276193
44.4829% accepted

energy = -497.3865495
energy/site = -1.268843239
44.2005% accepted

energy = -1028.548039
energy/site = -2.623847039
44.5081% accepted

energy = -853.3833507
energy/site = -2.176998344
44.374% accepted

energy = -881.8863698
energy/site = -2.249710127
44.3236% accepted

energy = -1105.891088
energy/site = -2.821150734
44.4827% accepted

energy = -999.2168565
energy/site = -2.549022593
44.3778% accepted

energy = -2737.491237
energy/site = -6.983396013
44.5074% accepted

energy = -1810.90739
energy/site = -4.61966171
44.3296% accepted

energy = -507.8085706
energy/site = -1.295430027
44.261% accepted

energy = -794.7314701
energy/site = -2.027376199
44.3936% accepted

energy = -756.5796764
energy/site = -1.930050195
44.428% accepted

energy = -1456.914863
energy/site = -3.716619548
44.3423% accepted

energy = -787.9239203
energy/site = -2.010010001
44.4348% accepted

energy = -1747.300796
energy/site = -4.457399991
44.3459% accepted

energy = -452.1000263
energy/site = -1.153316394
44.3628% accepted

energy = -560.980671
energy/site = -1.43107314
44.2771% accepted

energy = -1498.353678
energy/site = -3.822330812
44.3125% accepted

energy = -648.8132909
energy/site = -1.655135946
44.326% accepted

energy = -1061.412742
energy/site = -2.707685567
44.4544% accepted

energy = -916.3790267
energy/site = -2.337701599
44.1882% accepted

energy = -648.1132091
energy/site = -1.653350023
44.26% accepted

energy = -553.3720575
energy/site = -1.411663412
44.2698% accepted

energy = -748.0419586
energy/site = -1.908270303
44.3789% accepted

energy = -1081.915121
energy/site = -2.759987553
44.3569% accepted

energy = -693.9973568
energy/site = -1.77040142
44.2875% accepted

energy = -904.8640214
energy/site = -2.308326585
44.447% accepted

energy = -569.1896491
energy/site = -1.452014411
44.4709% accepted

energy = -1349.060223
energy/site = -3.44148016
44.4042% accepted

energy = -839.5969489
energy/site = -2.141828951
44.4371% accepted

energy = -3673.928673
energy/site = -9.372267022
44.2026% accepted

energy = -569.8816249
energy/site = -1.453779655
44.3972% accepted

energy = -1597.309144
energy/site = -4.074768223
44.3949% accepted

energy = -1411.507828
energy/site = -3.600785274
44.4303% accepted

energy = -1094.838377
energy/site = -2.792955043
44.29% accepted

energy = -2421.308329
energy/site = -6.176806962
44.358% accepted

energy = -2578.861568
energy/site = -6.57872849
44.2554% accepted

energy = -843.3578445
energy/site = -2.151423073
44.385% accepted

energy = -2486.602796
energy/site = -6.343374479
44.4103% accepted

energy = -410.6908459
energy/site = -1.047680729
44.3766% accepted

energy = -1103.136059
energy/site = -2.8141226
44.4689% accepted

energy = -847.8798867
energy/site = -2.162958895
44.3437% accepted

energy = -1492.94518
energy/site = -3.808533623
44.494% accepted

energy = -484.3352311
energy/site = -1.235549059
44.463% accepted

energy = -611.854381
energy/site = -1.560853013
44.4323% accepted

energy = -1062.41784
energy/site = -2.710249593
44.2418% accepted

energy = -190.0170292
energy/site = -0.4847373194
44.5086% accepted

energy = -511.2715755
energy/site = -1.304264223
44.2876% accepted

energy = -577.812437
energy/site = -1.474011319
44.2838% accepted

energy = -2232.449462
energy/site = -5.695024138
44.3786% accepted

energy = -1715.652613
energy/site = -4.37666483
44.3735% accepted

energy = -1867.806208
energy/site = -4.764811754
44.369% accepted

energy = -903.7706556
energy/site = -2.305537387
44.334% accepted

energy = -285.8512757
energy/site = -0.729212438
44.5388% accepted

energy = -1639.975735
energy/site = -4.183611569
44.4594% accepted

energy = -708.1991708
energy/site = -1.806630538
44.3597% accepted

energy = -909.5353059
energy/site = -2.320243127
44.3645% accepted

energy = -581.2330057
energy/site = -1.482737259
44.3506% accepted

energy = -1598.912223
energy/site = -4.078857711
44.2415% accepted

energy = -1297.872826
energy/site = -3.310900066
44.3411% accepted

energy = -840.2956348
energy/site = -2.143611313
44.3213% accepted

energy = -1747.963229
energy/site = -4.45908987
44.443% accepted

energy = -1117.608445
energy/site = -2.851041951
44.3092% accepted

energy = -6278.272263
energy/site = -16.01600067
44.4304% accepted

energy = -986.8258503
energy/site = -2.517412883
44.2172% accepted

energy = -543.2499051
energy/site = -1.385841595
44.4544% accepted

energy = -480.2096317
energy/site = -1.225024571
44.3414% accepted

energy = -825.6273069
energy/site = -2.106192109
44.3863% accepted

energy = -895.5631723
energy/site = -2.284599929
44.5947% accepted

energy = -732.4667687
energy/site = -1.868537675
44.3277% accepted

energy = -544.0891361
energy/site = -1.38798249
44.3768% accepted

energy = -968.9192458
energy/site = -2.47173277
44.224% accepted

energy = -1237.728777
energy/site = -3.15747137
44.2961% accepted

energy = -1728.191926
energy/site = -4.408652872
44.2998% accepted

energy = -808.2682814
energy/site = -2.061908881
44.3947% accepted

energy = -350.5386233
energy/site = -0.894231182
44.444% accepted

energy = -1896.80147
energy/site = -4.838779261
44.3633% accepted

energy = -506.2727736
energy/site = -1.291512177
44.2801% accepted

energy = -2651.250586
energy/site = -6.763394351
44.4086% accepted

energy = -3334.988805
energy/site = -8.507624502
44.4142% accepted

energy = -816.282008
energy/site = -2.082352061
44.4314% accepted

energy = -526.3093036
energy/site = -1.342625774
44.4466% accepted

energy = -329.8119678
energy/site = -0.8413570607
44.3855% accepted

energy = -446.9217272
energy/site = -1.140106447
44.2831% accepted

energy = -1109.597609
energy/site = -2.830606145
44.335% accepted

energy = -1793.963047
energy/site = -4.576436343
44.3963% accepted

energy = -727.7455588
energy/site = -1.856493772
44.3258% accepted

energy = -3318.683596
energy/site = -8.466029581
44.244% accepted

energy = -1911.147176
energy/site = -4.87537545
44.4267% accepted

energy = -967.5274733
energy/site = -2.46818233
44.5042% accepted

energy = -1389.644896
energy/site = -3.54501249
44.3032% accepted

energy = -897.1257693
energy/site = -2.288586146
44.4018% accepted

energy = -1228.48236
energy/site = -3.13388357
44.4695% accepted

energy = -1641.418019
energy/site = -4.187290866
44.4568% accepted

energy = -700.1176046
energy/site = -1.786014297
44.331% accepted

energy = -1290.392158
energy/site = -3.291816729
44.445% accepted

energy = -1107.77028
energy/site = -2.825944591
44.3322% accepted

energy = -894.9064779
energy/site = -2.282924688
44.3485% accepted

energy = -1073.769027
energy/site = -2.739206702
44.3189% accepted

energy = -1149.002295
energy/site = -2.931128303
44.2999% accepted

energy = -860.5568896
energy/site = -2.195298188
44.3981% accepted

energy = -2304.659089
energy/site = -5.879232369
44.4745% accepted

energy = -645.3656865
energy/site = -1.646341037
44.6271% accepted

energy = -2199.265474
energy/site = -5.610371108
44.4125% accepted

energy = -250.4200047
energy/site = -0.6388265427
44.3553% accepted

energy = -1777.719723
energy/site = -4.534999294
44.3958% accepted

energy = -639.3235098
energy/site = -1.630927321
44.3894% accepted

energy = -1493.885946
energy/site = -3.810933534
44.3537% accepted

energy = -875.1945258
energy/site = -2.232639097
44.4813% accepted

energy = -785.1551017
energy/site = -2.002946688
44.3149% accepted

energy = -520.2914403
energy/site = -1.327274082
44.3747% accepted

energy = -695.0222969
energy/site = -1.773016064
44.3067% accepted

energy = -1159.67976
energy/site = -2.958366736
44.3645% accepted

energy = -1436.999306
energy/site = -3.665814557
44.3192% accepted

energy = -1404.480461
energy/site = -3.58285832
44.398% accepted

energy = -2637.921216
energy/site = -6.729390858
44.3275% accepted

energy = -244.3709613
energy/site = -0.6233953095
44.1829% accepted

energy = -685.8972595
energy/site = -1.749737907
44.3041% accepted

energy = -1303.118606
energy/site = -3.324282159
44.3835% accepted

energy = -1016.991958
energy/site = -2.594367241
44.2667% accepted

energy = -1296.734773
energy/site = -3.307996869
44.3718% accepted

energy = -671.4789232
energy/site = -1.712956437
44.3502% accepted

energy = -985.9855656
energy/site = -2.5152693
44.351% accepted

energy = -780.3040975
energy/site = -1.990571677
44.3727% accepted

energy = -583.0415322
energy/site = -1.487350847
44.4378% accepted

energy = -917.3531695
energy/site = -2.340186657
44.229% accepted

energy = -693.1854875
energy/site = -1.768330325
44.2144% accepted

energy = -1029.021033
energy/site = -2.625053655
44.404% accepted

energy = -1972.859913
energy/site = -5.0328059
44.3995% accepted

energy = -1088.288026
energy/site = -2.776244965
44.5081% accepted

energy = -995.8589536
energy/site = -2.540456514
44.3243% accepted

energy = -1843.14415
energy/site = -4.701898342
44.4928% accepted

energy = -810.8133027
energy/site = -2.068401282
44.3367% accepted

energy = -1590.787825
energy/site = -4.058132207
44.327% accepted

energy = -1058.762603
energy/site = -2.700925008
44.3517% accepted

energy = -1556.767263
energy/site = -3.971345058
44.3936% accepted

energy = -1167.509064
energy/site = -2.978339449
44.4151% accepted

energy = -333.0105601
energy/site = -0.849516735
44.2828% accepted

energy = -610.1585239
energy/site = -1.556526847
44.408% accepted

energy = -1405.242111
energy/site = -3.584801303
44.3891% accepted

energy = -1437.954935
energy/site = -3.668252386
44.3621% accepted

energy = -4599.915245
energy/site = -11.73447767
44.3994% accepted

