
64 x 1 x 1 system
r   = 3  bondops changed per step 
n/N = 15  bond operators / site
its = 100000  iterations/loop for 1000 loops

C(L/2,L/2) = 0
energy = -28.8427575
energy/site = -0.4506680859
49.762% accepted

C(L/2,L/2) = 0
energy = -28.4282775
energy/site = -0.4441918359
49.807% accepted

C(L/2,L/2) = 0
energy = -28.44351
energy/site = -0.4444298437
49.339% accepted

C(L/2,L/2) = 0
energy = -28.88646
energy/site = -0.4513509375
49.541% accepted

C(L/2,L/2) = 0
energy = -28.7912175
energy/site = -0.4498627734
49.589% accepted

C(L/2,L/2) = 0
energy = -28.358325
energy/site = -0.4430988281
49.307% accepted

C(L/2,L/2) = 0
energy = -28.7195175
energy/site = -0.4487424609
49.287% accepted

C(L/2,L/2) = 0
energy = -28.62864
energy/site = -0.4473225
49.765% accepted

C(L/2,L/2) = 0
energy = -28.3083525
energy/site = -0.4423180078
49.348% accepted

C(L/2,L/2) = 0
energy = -27.999825
energy/site = -0.4374972656
49.483% accepted

C(L/2,L/2) = 0
energy = -28.3158075
energy/site = -0.4424344922
49.355% accepted

C(L/2,L/2) = 0
energy = -28.620345
energy/site = -0.4471928906
49.511% accepted

C(L/2,L/2) = 0
energy = -28.345245
energy/site = -0.4428944531
49.416% accepted

C(L/2,L/2) = 0
energy = -28.147185
energy/site = -0.4397997656
48.955% accepted

C(L/2,L/2) = 0
energy = -28.06977
energy/site = -0.4385901562
49.545% accepted

C(L/2,L/2) = 0
energy = -28.15377
energy/site = -0.4399026563
50.036% accepted

C(L/2,L/2) = 0
energy = -28.642365
energy/site = -0.4475369531
49.416% accepted

C(L/2,L/2) = 0
energy = -28.67196
energy/site = -0.447999375
49.888% accepted

C(L/2,L/2) = 0
energy = -28.5437625
energy/site = -0.4459962891
49.666% accepted

C(L/2,L/2) = 0
energy = -28.2114975
energy/site = -0.4408046484
49.581% accepted

C(L/2,L/2) = 0
energy = -28.5379425
energy/site = -0.4459053516
49.403% accepted

C(L/2,L/2) = 0
energy = -28.6501725
energy/site = -0.4476589453
49.594% accepted

C(L/2,L/2) = 0
energy = -28.3185
energy/site = -0.4424765625
49.584% accepted

C(L/2,L/2) = 0
energy = -28.1633175
energy/site = -0.4400518359
49.764% accepted

C(L/2,L/2) = 0
energy = -28.6935225
energy/site = -0.4483362891
49.416% accepted

C(L/2,L/2) = 0
energy = -28.5078825
energy/site = -0.4454356641
49.567% accepted

C(L/2,L/2) = 0
energy = -28.5956175
energy/site = -0.4468065234
49.355% accepted

C(L/2,L/2) = 0
energy = -28.4338125
energy/site = -0.4442783203
49.789% accepted

C(L/2,L/2) = 0
energy = -28.44705
energy/site = -0.4444851563
49.726% accepted

C(L/2,L/2) = 0
energy = -28.3338225
energy/site = -0.4427159766
49.324% accepted

C(L/2,L/2) = 0
energy = -28.2987975
energy/site = -0.4421687109
49.691% accepted

C(L/2,L/2) = 0
energy = -28.55037
energy/site = -0.4460995313
49.439% accepted

C(L/2,L/2) = 0
energy = -28.0148175
energy/site = -0.4377315234
49.674% accepted

C(L/2,L/2) = 0
energy = -28.1905875
energy/site = -0.4404779297
49.285% accepted

C(L/2,L/2) = 0
energy = -28.83576
energy/site = -0.45055875
49.613% accepted

C(L/2,L/2) = 0
energy = -28.8406125
energy/site = -0.4506345703
50.022% accepted

C(L/2,L/2) = 0
energy = -28.6283775
energy/site = -0.4473183984
50.463% accepted

C(L/2,L/2) = 0
energy = -28.0056675
energy/site = -0.4375885547
49.306% accepted

C(L/2,L/2) = 0
energy = -28.1576175
energy/site = -0.4399627734
49.566% accepted

C(L/2,L/2) = 0
energy = -28.3937925
energy/site = -0.4436530078
49.586% accepted

C(L/2,L/2) = 0
energy = -28.6762125
energy/site = -0.4480658203
49.108% accepted

C(L/2,L/2) = 0
energy = -28.4721
energy/site = -0.4448765625
49.586% accepted

C(L/2,L/2) = 0
energy = -27.976545
energy/site = -0.4371335156
49.673% accepted

C(L/2,L/2) = 0
energy = -28.4822325
energy/site = -0.4450348828
49.434% accepted

C(L/2,L/2) = 0
energy = -28.65282
energy/site = -0.4477003125
49.641% accepted

C(L/2,L/2) = 0
energy = -28.3356675
energy/site = -0.4427448047
49.491% accepted

C(L/2,L/2) = 0
energy = -28.6527225
energy/site = -0.4476987891
49.684% accepted

C(L/2,L/2) = 0
energy = -28.582965
energy/site = -0.4466088281
49.249% accepted

C(L/2,L/2) = 0
energy = -28.6520475
energy/site = -0.4476882422
49.503% accepted

C(L/2,L/2) = 0
energy = -28.044465
energy/site = -0.4381947656
49.597% accepted

C(L/2,L/2) = 0
energy = -28.49166
energy/site = -0.4451821875
49.249% accepted

C(L/2,L/2) = 0
energy = -28.2725925
energy/site = -0.4417592578
50.014% accepted

C(L/2,L/2) = 0
energy = -27.992715
energy/site = -0.4373861719
49.547% accepted

C(L/2,L/2) = 0
energy = -28.731825
energy/site = -0.4489347656
49.576% accepted

C(L/2,L/2) = 0
energy = -28.15704
energy/site = -0.43995375
49.922% accepted

C(L/2,L/2) = 0
energy = -27.6649875
energy/site = -0.4322654297
49.177% accepted

C(L/2,L/2) = 0
energy = -28.2626175
energy/site = -0.4416033984
49.742% accepted

C(L/2,L/2) = 0
energy = -28.3328325
energy/site = -0.4427005078
49.684% accepted

C(L/2,L/2) = 0
energy = -28.75056
energy/site = -0.4492275
49.449% accepted

C(L/2,L/2) = 0
energy = -28.291005
energy/site = -0.4420469531
49.499% accepted

C(L/2,L/2) = 0
energy = -28.3142025
energy/site = -0.4424094141
49.231% accepted

C(L/2,L/2) = 0
energy = -28.458255
energy/site = -0.4446602344
49.195% accepted

C(L/2,L/2) = 0
energy = -28.0314675
energy/site = -0.4379916797
49.43% accepted

C(L/2,L/2) = 0
energy = -28.479945
energy/site = -0.4449991406
49.557% accepted

C(L/2,L/2) = 0
energy = -28.387545
energy/site = -0.4435553906
49.674% accepted

C(L/2,L/2) = 0
energy = -28.4279025
energy/site = -0.4441859766
49.499% accepted

C(L/2,L/2) = 0
energy = -28.476495
energy/site = -0.4449452344
49.703% accepted

C(L/2,L/2) = 0
energy = -28.57437
energy/site = -0.4464745312
49.108% accepted

C(L/2,L/2) = 0
energy = -28.1101425
energy/site = -0.4392209766
49.509% accepted

C(L/2,L/2) = 0
energy = -28.7988225
energy/site = -0.4499816016
49.945% accepted

C(L/2,L/2) = 0
energy = -28.58055
energy/site = -0.4465710937
49.454% accepted

C(L/2,L/2) = 0
energy = -28.3281375
energy/site = -0.4426271484
49.947% accepted

C(L/2,L/2) = 0
energy = -28.2627675
energy/site = -0.4416057422
49.594% accepted

C(L/2,L/2) = 0
energy = -28.241475
energy/site = -0.4412730469
49.184% accepted

C(L/2,L/2) = 0
energy = -28.8212175
energy/site = -0.4503315234
49.906% accepted

C(L/2,L/2) = 0
energy = -28.53213
energy/site = -0.4458145312
49.726% accepted

C(L/2,L/2) = 0
energy = -28.027545
energy/site = -0.4379303906
49.424% accepted

C(L/2,L/2) = 0
energy = -28.553385
energy/site = -0.4461466406
49.692% accepted

C(L/2,L/2) = 0
energy = -28.6355475
energy/site = -0.4474304297
49.506% accepted

C(L/2,L/2) = 0
energy = -28.3704825
energy/site = -0.4432887891
50.122% accepted

C(L/2,L/2) = 0
energy = -28.1979825
energy/site = -0.4405934766
49.944% accepted

C(L/2,L/2) = 0
energy = -28.71177
energy/site = -0.4486214063
48.995% accepted

C(L/2,L/2) = 0
energy = -28.2848925
energy/site = -0.4419514453
49.578% accepted

C(L/2,L/2) = 0
energy = -28.0119525
energy/site = -0.4376867578
49.561% accepted

C(L/2,L/2) = 0
energy = -28.43253
energy/site = -0.4442582812
49.705% accepted

C(L/2,L/2) = 0
energy = -28.35867
energy/site = -0.4431042188
49.723% accepted

C(L/2,L/2) = 0
energy = -28.1711775
energy/site = -0.4401746484
49.687% accepted

C(L/2,L/2) = 0
energy = -28.70439
energy/site = -0.4485060938
49.081% accepted

C(L/2,L/2) = 0
energy = -28.6577475
energy/site = -0.4477773047
49.373% accepted

C(L/2,L/2) = 0
energy = -28.1562
energy/site = -0.439940625
49.874% accepted

C(L/2,L/2) = 0
energy = -28.35675
energy/site = -0.4430742188
49.376% accepted

C(L/2,L/2) = 0
energy = -28.4038575
energy/site = -0.4438102734
49.997% accepted

C(L/2,L/2) = 0
energy = -28.38255
energy/site = -0.4434773437
49.204% accepted

C(L/2,L/2) = 0
energy = -28.38477
energy/site = -0.4435120312
49.817% accepted

C(L/2,L/2) = 0
energy = -28.54806
energy/site = -0.4460634375
49.506% accepted

C(L/2,L/2) = 0
energy = -28.70733
energy/site = -0.4485520312
49.35% accepted

C(L/2,L/2) = 0
energy = -28.1777775
energy/site = -0.4402777734
49.57% accepted

C(L/2,L/2) = 0
energy = -28.30692
energy/site = -0.442295625
49.454% accepted

C(L/2,L/2) = 0
energy = -28.5024675
energy/site = -0.4453510547
49.552% accepted

C(L/2,L/2) = 0
energy = -27.963765
energy/site = -0.4369338281
49.394% accepted

C(L/2,L/2) = 0
energy = -28.61901
energy/site = -0.4471720312
49.728% accepted

C(L/2,L/2) = 0
energy = -28.1090925
energy/site = -0.4392045703
49.271% accepted

C(L/2,L/2) = 0
energy = -28.1600925
energy/site = -0.4400014453
49.486% accepted

C(L/2,L/2) = 0
energy = -28.240095
energy/site = -0.4412514844
49.368% accepted

C(L/2,L/2) = 0
energy = -28.420695
energy/site = -0.4440733594
49.662% accepted

C(L/2,L/2) = 0
energy = -28.4918025
energy/site = -0.4451844141
49.855% accepted

C(L/2,L/2) = 0
energy = -28.297935
energy/site = -0.4421552344
49.386% accepted

C(L/2,L/2) = 0
energy = -28.2908925
energy/site = -0.4420451953
49.968% accepted

C(L/2,L/2) = 0
energy = -28.0563525
energy/site = -0.4383805078
49.162% accepted

C(L/2,L/2) = 0
energy = -28.4672925
energy/site = -0.4448014453
49.886% accepted

C(L/2,L/2) = 0
energy = -27.9380925
energy/site = -0.4365326953
49.904% accepted

C(L/2,L/2) = 0
energy = -28.6932375
energy/site = -0.4483318359
49.881% accepted

C(L/2,L/2) = 0
energy = -28.1693625
energy/site = -0.4401462891
49.555% accepted

C(L/2,L/2) = 0
energy = -28.4237175
energy/site = -0.4441205859
49.372% accepted

C(L/2,L/2) = 0
energy = -28.589805
energy/site = -0.4467157031
49.368% accepted

C(L/2,L/2) = 0
energy = -28.36116
energy/site = -0.443143125
49.184% accepted

C(L/2,L/2) = 0
energy = -28.3940325
energy/site = -0.4436567578
49.613% accepted

C(L/2,L/2) = 0
energy = -28.4059875
energy/site = -0.4438435547
49.971% accepted

C(L/2,L/2) = 0
energy = -28.21284
energy/site = -0.440825625
49.374% accepted

C(L/2,L/2) = 0
energy = -28.200735
energy/site = -0.4406364844
49.68% accepted

C(L/2,L/2) = 0
energy = -28.16919
energy/site = -0.4401435938
50.395% accepted

C(L/2,L/2) = 0
energy = -28.54179
energy/site = -0.4459654687
50.115% accepted

C(L/2,L/2) = 0
energy = -28.1143275
energy/site = -0.4392863672
49.907% accepted

C(L/2,L/2) = 0
energy = -28.388835
energy/site = -0.4435755469
49.365% accepted

C(L/2,L/2) = 0
energy = -28.320675
energy/site = -0.4425105469
49.539% accepted

C(L/2,L/2) = 0
energy = -28.4540025
energy/site = -0.4445937891
49.661% accepted

C(L/2,L/2) = 0
energy = -28.33002
energy/site = -0.4426565625
49.854% accepted

C(L/2,L/2) = 0
energy = -28.3012875
energy/site = -0.4422076172
49.245% accepted

C(L/2,L/2) = 0
energy = -28.2193875
energy/site = -0.4409279297
49.539% accepted

C(L/2,L/2) = 0
energy = -28.4268975
energy/site = -0.4441702734
49.63% accepted

C(L/2,L/2) = 0
energy = -29.0156625
energy/site = -0.4533697266
49.62% accepted

C(L/2,L/2) = 0
energy = -28.1067975
energy/site = -0.4391687109
49.339% accepted

C(L/2,L/2) = 0
energy = -28.158105
energy/site = -0.4399703906
49.893% accepted

C(L/2,L/2) = 0
energy = -28.1784075
energy/site = -0.4402876172
50.09% accepted

C(L/2,L/2) = 0
energy = -28.5933225
energy/site = -0.4467706641
49.677% accepted

C(L/2,L/2) = 0
energy = -28.3957275
energy/site = -0.4436832422
49.729% accepted

C(L/2,L/2) = 0
energy = -28.4194425
energy/site = -0.4440537891
49.797% accepted

C(L/2,L/2) = 0
energy = -28.3998375
energy/site = -0.4437474609
49.132% accepted

C(L/2,L/2) = 0
energy = -28.1896125
energy/site = -0.4404626953
49.237% accepted

C(L/2,L/2) = 0
energy = -28.3031775
energy/site = -0.4422371484
49.278% accepted

C(L/2,L/2) = 0
energy = -28.7015175
energy/site = -0.4484612109
49.774% accepted

C(L/2,L/2) = 0
energy = -28.3901625
energy/site = -0.4435962891
49.902% accepted

C(L/2,L/2) = 0
energy = -28.651275
energy/site = -0.4476761719
49.309% accepted

C(L/2,L/2) = 0
energy = -28.4183325
energy/site = -0.4440364453
49.567% accepted

C(L/2,L/2) = 0
energy = -28.63512
energy/site = -0.44742375
49.899% accepted

C(L/2,L/2) = 0
energy = -28.6164525
energy/site = -0.4471320703
49.079% accepted

C(L/2,L/2) = 0
energy = -28.263495
energy/site = -0.4416171094
49.319% accepted

C(L/2,L/2) = 0
energy = -28.29321
energy/site = -0.4420814062
49.702% accepted

C(L/2,L/2) = 0
energy = -28.4317575
energy/site = -0.4442462109
49.854% accepted

C(L/2,L/2) = 0
energy = -28.314795
energy/site = -0.4424186719
49.566% accepted

C(L/2,L/2) = 0
energy = -28.1107875
energy/site = -0.4392310547
49.313% accepted

C(L/2,L/2) = 0
energy = -28.65021
energy/site = -0.4476595313
49.632% accepted

C(L/2,L/2) = 0
energy = -28.10991
energy/site = -0.4392173437
49.895% accepted

C(L/2,L/2) = 0
energy = -28.5546
energy/site = -0.446165625
49.66% accepted

C(L/2,L/2) = 0
energy = -28.74504
energy/site = -0.44914125
49.405% accepted

C(L/2,L/2) = 0
energy = -28.1205675
energy/site = -0.4393838672
49.486% accepted

C(L/2,L/2) = 0
energy = -28.371525
energy/site = -0.4433050781
49.776% accepted

C(L/2,L/2) = 0
energy = -28.39704
energy/site = -0.44370375
49.569% accepted

C(L/2,L/2) = 0
energy = -28.88886
energy/site = -0.4513884375
49.777% accepted

C(L/2,L/2) = 0
energy = -28.6799925
energy/site = -0.4481248828
49.603% accepted

C(L/2,L/2) = 0
energy = -28.1513325
energy/site = -0.4398645703
49.867% accepted

C(L/2,L/2) = 0
energy = -28.20111
energy/site = -0.4406423437
49.709% accepted

C(L/2,L/2) = 0
energy = -27.798405
energy/site = -0.4343500781
49.254% accepted

C(L/2,L/2) = 0
energy = -28.233915
energy/site = -0.4411549219
49.661% accepted

C(L/2,L/2) = 0
energy = -28.45224
energy/site = -0.44456625
49.599% accepted

C(L/2,L/2) = 0
energy = -28.50747
energy/site = -0.4454292188
50.057% accepted

C(L/2,L/2) = 0
energy = -28.099605
energy/site = -0.4390563281
49.444% accepted

C(L/2,L/2) = 0
energy = -28.71045
energy/site = -0.4486007813
49.661% accepted

C(L/2,L/2) = 0
energy = -28.254045
energy/site = -0.4414694531
49.748% accepted

C(L/2,L/2) = 0
energy = -28.38897
energy/site = -0.4435776563
49.388% accepted

C(L/2,L/2) = 0
energy = -29.0081775
energy/site = -0.4532527734
50.072% accepted

C(L/2,L/2) = 0
energy = -28.63203
energy/site = -0.4473754688
48.893% accepted

C(L/2,L/2) = 0
energy = -28.225545
energy/site = -0.4410241406
49.459% accepted

C(L/2,L/2) = 0
energy = -28.54926
energy/site = -0.4460821875
49.714% accepted

C(L/2,L/2) = 0
energy = -28.16076
energy/site = -0.440011875
49.443% accepted

C(L/2,L/2) = 0
energy = -28.2920025
energy/site = -0.4420625391
50.088% accepted

C(L/2,L/2) = 0
energy = -28.1421225
energy/site = -0.4397206641
49.668% accepted

C(L/2,L/2) = 0
energy = -28.02726
energy/site = -0.4379259375
49.614% accepted

C(L/2,L/2) = 0
energy = -28.5763725
energy/site = -0.4465058203
49.304% accepted

C(L/2,L/2) = 0
energy = -28.7086425
energy/site = -0.4485725391
49.47% accepted

C(L/2,L/2) = 0
energy = -28.4296425
energy/site = -0.4442131641
49.387% accepted

C(L/2,L/2) = 0
energy = -28.0188825
energy/site = -0.4377950391
49.512% accepted

C(L/2,L/2) = 0
energy = -28.392465
energy/site = -0.4436322656
49.551% accepted

C(L/2,L/2) = 0
energy = -28.219155
energy/site = -0.4409242969
49.986% accepted

C(L/2,L/2) = 0
energy = -28.51452
energy/site = -0.445539375
49.39% accepted

C(L/2,L/2) = 0
energy = -27.931575
energy/site = -0.4364308594
49.264% accepted

C(L/2,L/2) = 0
energy = -28.8335475
energy/site = -0.4505241797
49.662% accepted

C(L/2,L/2) = 0
energy = -28.144395
energy/site = -0.4397561719
49.38% accepted

C(L/2,L/2) = 0
energy = -28.77579
energy/site = -0.4496217188
49.973% accepted

C(L/2,L/2) = 0
energy = -28.0234575
energy/site = -0.4378665234
50.138% accepted

C(L/2,L/2) = 0
energy = -28.0577325
energy/site = -0.4384020703
49.547% accepted

C(L/2,L/2) = 0
energy = -28.2300375
energy/site = -0.4410943359
49.912% accepted

C(L/2,L/2) = 0
energy = -28.5256725
energy/site = -0.4457136328
49.279% accepted

C(L/2,L/2) = 0
energy = -28.37829
energy/site = -0.4434107812
49.777% accepted

C(L/2,L/2) = 0
energy = -28.41993
energy/site = -0.4440614063
49.009% accepted

C(L/2,L/2) = 0
energy = -28.3868775
energy/site = -0.4435449609
49.601% accepted

C(L/2,L/2) = 0
energy = -28.4077725
energy/site = -0.4438714453
49.86% accepted

C(L/2,L/2) = 0
energy = -28.54155
energy/site = -0.4459617188
49.495% accepted

C(L/2,L/2) = 0
energy = -28.487655
energy/site = -0.4451196094
49.771% accepted

C(L/2,L/2) = 0
energy = -28.2641775
energy/site = -0.4416277734
49.418% accepted

C(L/2,L/2) = 0
energy = -28.5485625
energy/site = -0.4460712891
49.333% accepted

C(L/2,L/2) = 0
energy = -28.368375
energy/site = -0.4432558594
49.567% accepted

C(L/2,L/2) = 0
energy = -28.5890025
energy/site = -0.4467031641
49.654% accepted

C(L/2,L/2) = 0
energy = -28.0864275
energy/site = -0.4388504297
49.483% accepted

C(L/2,L/2) = 0
energy = -28.3813125
energy/site = -0.4434580078
49.06% accepted

C(L/2,L/2) = 0
energy = -28.238385
energy/site = -0.4412247656
49.871% accepted

C(L/2,L/2) = 0
energy = -28.430475
energy/site = -0.4442261719
49.66% accepted

C(L/2,L/2) = 0
energy = -28.405125
energy/site = -0.4438300781
49.447% accepted

C(L/2,L/2) = 0
energy = -28.2447225
energy/site = -0.4413237891
49.774% accepted

C(L/2,L/2) = 0
energy = -28.2086625
energy/site = -0.4407603516
49.51% accepted

C(L/2,L/2) = 0
energy = -28.60851
energy/site = -0.4470079687
49.509% accepted

C(L/2,L/2) = 0
energy = -28.62522
energy/site = -0.4472690625
49.508% accepted

C(L/2,L/2) = 0
energy = -28.0497675
energy/site = -0.4382776172
50.044% accepted

C(L/2,L/2) = 0
energy = -27.9553425
energy/site = -0.4368022266
49.523% accepted

C(L/2,L/2) = 0
energy = -28.7024775
energy/site = -0.4484762109
49.439% accepted

C(L/2,L/2) = 0
energy = -28.6486425
energy/site = -0.4476350391
49.331% accepted

C(L/2,L/2) = 0
energy = -29.1924825
energy/site = -0.4561325391
49.569% accepted

C(L/2,L/2) = 0
energy = -27.9774525
energy/site = -0.4371476953
49.106% accepted

C(L/2,L/2) = 0
energy = -27.557385
energy/site = -0.4305841406
49.939% accepted

C(L/2,L/2) = 0
energy = -28.5121425
energy/site = -0.4455022266
49.753% accepted

C(L/2,L/2) = 0
energy = -27.8541375
energy/site = -0.4352208984
49.692% accepted

C(L/2,L/2) = 0
energy = -28.6631175
energy/site = -0.4478612109
49.415% accepted

C(L/2,L/2) = 0
energy = -28.43394
energy/site = -0.4442803125
49.632% accepted

C(L/2,L/2) = 0
energy = -28.925535
energy/site = -0.4519614844
50.142% accepted

C(L/2,L/2) = 0
energy = -28.06302
energy/site = -0.4384846875
49.637% accepted

C(L/2,L/2) = 0
energy = -28.4122275
energy/site = -0.4439410547
49.558% accepted

C(L/2,L/2) = 0
energy = -28.5132525
energy/site = -0.4455195703
48.8% accepted

C(L/2,L/2) = 0
energy = -28.1870025
energy/site = -0.4404219141
49.43% accepted

C(L/2,L/2) = 0
energy = -28.448055
energy/site = -0.4445008594
49.461% accepted

C(L/2,L/2) = 0
energy = -28.2657675
energy/site = -0.4416526172
49.395% accepted

C(L/2,L/2) = 0
energy = -28.619055
energy/site = -0.4471727344
49.459% accepted

C(L/2,L/2) = 0
energy = -28.177845
energy/site = -0.4402788281
49.65% accepted

C(L/2,L/2) = 0
energy = -28.4596275
energy/site = -0.4446816797
49.601% accepted

C(L/2,L/2) = 0
energy = -28.45251
energy/site = -0.4445704688
49.567% accepted

C(L/2,L/2) = 0
energy = -28.52997
energy/site = -0.4457807812
49.695% accepted

C(L/2,L/2) = 0
energy = -28.26594
energy/site = -0.4416553125
49.818% accepted

C(L/2,L/2) = 0
energy = -28.73736
energy/site = -0.44902125
49.705% accepted

C(L/2,L/2) = 0
energy = -28.3192275
energy/site = -0.4424879297
49.397% accepted

C(L/2,L/2) = 0
energy = -28.6665375
energy/site = -0.4479146484
49.584% accepted

C(L/2,L/2) = 0
energy = -27.938085
energy/site = -0.4365325781
49.382% accepted

C(L/2,L/2) = 0
energy = -28.3004325
energy/site = -0.4421942578
50.048% accepted

C(L/2,L/2) = 0
energy = -28.5305475
energy/site = -0.4457898047
49.546% accepted

C(L/2,L/2) = 0
energy = -28.41915
energy/site = -0.4440492187
49.481% accepted

C(L/2,L/2) = 0
energy = -28.42188
energy/site = -0.444091875
49.615% accepted

C(L/2,L/2) = 0
energy = -28.673505
energy/site = -0.4480235156
49.687% accepted

C(L/2,L/2) = 0
energy = -28.130025
energy/site = -0.4395316406
49.529% accepted

C(L/2,L/2) = 0
energy = -28.17915
energy/site = -0.4402992187
49.536% accepted

C(L/2,L/2) = 0
energy = -28.26108
energy/site = -0.441579375
48.998% accepted

C(L/2,L/2) = 0
energy = -28.3165275
energy/site = -0.4424457422
49.695% accepted

C(L/2,L/2) = 0
energy = -28.38588
energy/site = -0.443529375
49.549% accepted

C(L/2,L/2) = 0
energy = -28.0819725
energy/site = -0.4387808203
49.443% accepted

C(L/2,L/2) = 0
energy = -28.012545
energy/site = -0.4376960156
49.915% accepted

C(L/2,L/2) = 0
energy = -28.28967
energy/site = -0.4420260938
49.637% accepted

C(L/2,L/2) = 0
energy = -28.6768725
energy/site = -0.4480761328
49.94% accepted

C(L/2,L/2) = 0
energy = -28.2060075
energy/site = -0.4407188672
49.561% accepted

C(L/2,L/2) = 0
energy = -28.474395
energy/site = -0.4449124219
49.337% accepted

C(L/2,L/2) = 0
energy = -28.7069325
energy/site = -0.4485458203
50.102% accepted

C(L/2,L/2) = 0
energy = -28.33902
energy/site = -0.4427971875
49.91% accepted

C(L/2,L/2) = 0
energy = -27.960105
energy/site = -0.4368766406
49.676% accepted

C(L/2,L/2) = 0
energy = -28.5871575
energy/site = -0.4466743359
49.676% accepted

C(L/2,L/2) = 0
energy = -28.1714325
energy/site = -0.4401786328
49.772% accepted

C(L/2,L/2) = 0
energy = -28.1187375
energy/site = -0.4393552734
49.373% accepted

C(L/2,L/2) = 0
energy = -28.1800575
energy/site = -0.4403133984
49.3% accepted

C(L/2,L/2) = 0
energy = -28.2728325
energy/site = -0.4417630078
49.459% accepted

C(L/2,L/2) = 0
energy = -27.92094
energy/site = -0.4362646875
49.953% accepted

C(L/2,L/2) = 0
energy = -28.36416
energy/site = -0.44319
48.99% accepted

C(L/2,L/2) = 0
energy = -28.032735
energy/site = -0.4380114844
49.444% accepted

C(L/2,L/2) = 0
energy = -28.3528275
energy/site = -0.4430129297
49.012% accepted

C(L/2,L/2) = 0
energy = -28.821825
energy/site = -0.4503410156
49.767% accepted

C(L/2,L/2) = 0
energy = -28.36092
energy/site = -0.443139375
49.369% accepted

C(L/2,L/2) = 0
energy = -28.44321
energy/site = -0.4444251563
49.789% accepted

C(L/2,L/2) = 0
energy = -28.768695
energy/site = -0.4495108594
49.96% accepted

C(L/2,L/2) = 0
energy = -28.4419875
energy/site = -0.4444060547
50.104% accepted

C(L/2,L/2) = 0
energy = -28.6015575
energy/site = -0.4468993359
49.734% accepted

C(L/2,L/2) = 0
energy = -28.445205
energy/site = -0.4444563281
49.519% accepted

C(L/2,L/2) = 0
energy = -28.2297075
energy/site = -0.4410891797
49.742% accepted

C(L/2,L/2) = 0
energy = -28.5512775
energy/site = -0.4461137109
49.141% accepted

C(L/2,L/2) = 0
energy = -27.8188275
energy/site = -0.4346691797
49.487% accepted

C(L/2,L/2) = 0
energy = -28.601865
energy/site = -0.4469041406
49.679% accepted

C(L/2,L/2) = 0
energy = -28.2790275
energy/site = -0.4418598047
50.229% accepted

C(L/2,L/2) = 0
energy = -28.2512025
energy/site = -0.4414250391
49.28% accepted

C(L/2,L/2) = 0
energy = -28.42941
energy/site = -0.4442095313
49.759% accepted

C(L/2,L/2) = 0
energy = -28.1737125
energy/site = -0.4402142578
49.803% accepted

C(L/2,L/2) = 0
energy = -28.3062675
energy/site = -0.4422854297
49.865% accepted

C(L/2,L/2) = 0
energy = -28.62621
energy/site = -0.4472845313
49.194% accepted

C(L/2,L/2) = 0
energy = -28.5080025
energy/site = -0.4454375391
50.06% accepted

C(L/2,L/2) = 0
energy = -28.614615
energy/site = -0.4471033594
49.692% accepted

C(L/2,L/2) = 0
energy = -28.3179525
energy/site = -0.4424680078
49.563% accepted

C(L/2,L/2) = 0
energy = -28.5001275
energy/site = -0.4453144922
49.372% accepted

C(L/2,L/2) = 0
energy = -28.26006
energy/site = -0.4415634375
49.639% accepted

C(L/2,L/2) = 0
energy = -28.660755
energy/site = -0.4478242969
49.474% accepted

C(L/2,L/2) = 0
energy = -28.3301475
energy/site = -0.4426585547
49.401% accepted

C(L/2,L/2) = 0
energy = -28.138725
energy/site = -0.4396675781
49.621% accepted

C(L/2,L/2) = 0
energy = -28.5362325
energy/site = -0.4458786328
49.612% accepted

C(L/2,L/2) = 0
energy = -28.32036
energy/site = -0.442505625
49.545% accepted

C(L/2,L/2) = 0
energy = -28.211625
energy/site = -0.4408066406
49.657% accepted

C(L/2,L/2) = 0
energy = -28.30674
energy/site = -0.4422928125
49.143% accepted

C(L/2,L/2) = 0
energy = -28.39128
energy/site = -0.44361375
49.436% accepted

C(L/2,L/2) = 0
energy = -28.5473475
energy/site = -0.4460523047
49.855% accepted

C(L/2,L/2) = 0
energy = -28.15857
energy/site = -0.4399776563
49.615% accepted

C(L/2,L/2) = 0
energy = -28.5979275
energy/site = -0.4468426172
49.86% accepted

C(L/2,L/2) = 0
energy = -28.23606
energy/site = -0.4411884375
49.659% accepted

C(L/2,L/2) = 0
energy = -28.8090375
energy/site = -0.4501412109
49.858% accepted

C(L/2,L/2) = 0
energy = -28.3347225
energy/site = -0.4427300391
49.667% accepted

C(L/2,L/2) = 0
energy = -28.5219225
energy/site = -0.4456550391
49.81% accepted

C(L/2,L/2) = 0
energy = -28.296765
energy/site = -0.4421369531
49.886% accepted

C(L/2,L/2) = 0
energy = -28.01694
energy/site = -0.4377646875
49.699% accepted

C(L/2,L/2) = 0
energy = -28.144635
energy/site = -0.4397599219
49.806% accepted

C(L/2,L/2) = 0
energy = -28.724175
energy/site = -0.4488152344
49.263% accepted

C(L/2,L/2) = 0
energy = -28.774605
energy/site = -0.4496032031
49.187% accepted

C(L/2,L/2) = 0
energy = -28.5891225
energy/site = -0.4467050391
49.57% accepted

C(L/2,L/2) = 0
energy = -28.4256525
energy/site = -0.4441508203
49.586% accepted

C(L/2,L/2) = 0
energy = -28.36671
energy/site = -0.4432298438
49.552% accepted

C(L/2,L/2) = 0
energy = -28.54158
energy/site = -0.4459621875
49.539% accepted

C(L/2,L/2) = 0
energy = -27.88785
energy/site = -0.4357476563
49.927% accepted

C(L/2,L/2) = 0
energy = -28.6977675
energy/site = -0.4484026172
49.724% accepted

C(L/2,L/2) = 0
energy = -28.5321525
energy/site = -0.4458148828
49.935% accepted

C(L/2,L/2) = 0
energy = -28.27272
energy/site = -0.44176125
49.466% accepted

C(L/2,L/2) = 0
energy = -28.293345
energy/site = -0.4420835156
49.443% accepted

C(L/2,L/2) = 0
energy = -28.5554475
energy/site = -0.4461788672
49.343% accepted

C(L/2,L/2) = 0
energy = -28.0965975
energy/site = -0.4390093359
49.391% accepted

C(L/2,L/2) = 0
energy = -28.168815
energy/site = -0.4401377344
49.333% accepted

C(L/2,L/2) = 0
energy = -28.6104675
energy/site = -0.4470385547
49.832% accepted

C(L/2,L/2) = 0
energy = -28.4569275
energy/site = -0.4446394922
49.439% accepted

C(L/2,L/2) = 0
energy = -28.361325
energy/site = -0.4431457031
49.414% accepted

C(L/2,L/2) = 0
energy = -28.167975
energy/site = -0.4401246094
49.285% accepted

C(L/2,L/2) = 0
energy = -28.791
energy/site = -0.449859375
49.669% accepted

C(L/2,L/2) = 0
energy = -28.41432
energy/site = -0.44397375
49.491% accepted

C(L/2,L/2) = 0
energy = -28.412535
energy/site = -0.4439458594
49.276% accepted

C(L/2,L/2) = 0
energy = -28.7424525
energy/site = -0.4491008203
49.953% accepted

C(L/2,L/2) = 0
energy = -27.9803925
energy/site = -0.4371936328
49.519% accepted

C(L/2,L/2) = 0
energy = -28.27887
energy/site = -0.4418573438
49.65% accepted

C(L/2,L/2) = 0
energy = -28.2667275
energy/site = -0.4416676172
49.636% accepted

C(L/2,L/2) = 0
energy = -28.811565
energy/site = -0.4501807031
49.359% accepted

C(L/2,L/2) = 0
energy = -27.97824
energy/site = -0.43716
49.471% accepted

C(L/2,L/2) = 0
energy = -28.1962725
energy/site = -0.4405667578
49.425% accepted

C(L/2,L/2) = 0
energy = -28.1535525
energy/site = -0.4398992578
49.939% accepted

C(L/2,L/2) = 0
energy = -28.2184725
energy/site = -0.4409136328
49.808% accepted

C(L/2,L/2) = 0
energy = -28.390275
energy/site = -0.4435980469
49.851% accepted

C(L/2,L/2) = 0
energy = -28.08285
energy/site = -0.4387945313
49.686% accepted

C(L/2,L/2) = 0
energy = -28.4296425
energy/site = -0.4442131641
49.624% accepted

C(L/2,L/2) = 0
energy = -28.454085
energy/site = -0.4445950781
49.658% accepted

C(L/2,L/2) = 0
energy = -28.66095
energy/site = -0.4478273437
49.803% accepted

C(L/2,L/2) = 0
energy = -27.9720675
energy/site = -0.4370635547
49.19% accepted

C(L/2,L/2) = 0
energy = -28.4811525
energy/site = -0.4450180078
49.403% accepted

C(L/2,L/2) = 0
energy = -28.45317
energy/site = -0.4445807813
49.163% accepted

C(L/2,L/2) = 0
energy = -28.63764
energy/site = -0.447463125
49.725% accepted

C(L/2,L/2) = 0
energy = -28.4577075
energy/site = -0.4446516797
49.489% accepted

C(L/2,L/2) = 0
energy = -28.5214275
energy/site = -0.4456473047
49.534% accepted

C(L/2,L/2) = 0
energy = -28.17492
energy/site = -0.440233125
49.478% accepted

C(L/2,L/2) = 0
energy = -28.6780575
energy/site = -0.4480946484
49.956% accepted

C(L/2,L/2) = 0
energy = -28.2640125
energy/site = -0.4416251953
49.535% accepted

C(L/2,L/2) = 0
energy = -28.7131275
energy/site = -0.4486426172
49.264% accepted

C(L/2,L/2) = 0
energy = -28.9059
energy/site = -0.4516546875
50.231% accepted

C(L/2,L/2) = 0
energy = -28.4187225
energy/site = -0.4440425391
49.516% accepted

C(L/2,L/2) = 0
energy = -27.851415
energy/site = -0.4351783594
49.175% accepted

C(L/2,L/2) = 0
energy = -28.0637025
energy/site = -0.4384953516
49.751% accepted

C(L/2,L/2) = 0
energy = -28.245945
energy/site = -0.4413428906
49.782% accepted

C(L/2,L/2) = 0
energy = -28.6084575
energy/site = -0.4470071484
49.772% accepted

C(L/2,L/2) = 0
energy = -28.57605
energy/site = -0.4465007812
49.76% accepted

C(L/2,L/2) = 0
energy = -28.820115
energy/site = -0.4503142969
49.612% accepted

C(L/2,L/2) = 0
energy = -28.4342325
energy/site = -0.4442848828
49.543% accepted

C(L/2,L/2) = 0
energy = -28.6520175
energy/site = -0.4476877734
49.632% accepted

C(L/2,L/2) = 0
energy = -28.153155
energy/site = -0.4398930469
49.277% accepted

C(L/2,L/2) = 0
energy = -28.070955
energy/site = -0.4386086719
49.18% accepted

C(L/2,L/2) = 0
energy = -28.5048
energy/site = -0.4453875
49.866% accepted

C(L/2,L/2) = 0
energy = -28.4771625
energy/site = -0.4449556641
49.368% accepted

C(L/2,L/2) = 0
energy = -28.7549925
energy/site = -0.4492967578
50.051% accepted

C(L/2,L/2) = 0
energy = -28.6000275
energy/site = -0.4468754297
49.489% accepted

C(L/2,L/2) = 0
energy = -28.053765
energy/site = -0.4383400781
49.659% accepted

C(L/2,L/2) = 0
energy = -28.5982875
energy/site = -0.4468482422
49.436% accepted

C(L/2,L/2) = 0
energy = -28.23543
energy/site = -0.4411785938
49.583% accepted

C(L/2,L/2) = 0
energy = -28.3145775
energy/site = -0.4424152734
48.991% accepted

C(L/2,L/2) = 0
energy = -28.1014425
energy/site = -0.4390850391
49.877% accepted

C(L/2,L/2) = 0
energy = -28.45275
energy/site = -0.4445742188
49.4% accepted

C(L/2,L/2) = 0
energy = -28.3355175
energy/site = -0.4427424609
49.731% accepted

C(L/2,L/2) = 0
energy = -28.2737325
energy/site = -0.4417770703
49.597% accepted

C(L/2,L/2) = 0
energy = -28.443465
energy/site = -0.4444291406
49.381% accepted

C(L/2,L/2) = 0
energy = -28.7681775
energy/site = -0.4495027734
49.833% accepted

C(L/2,L/2) = 0
energy = -28.5962325
energy/site = -0.4468161328
49.636% accepted

C(L/2,L/2) = 0
energy = -28.8291375
energy/site = -0.4504552734
49.624% accepted

C(L/2,L/2) = 0
energy = -28.029135
energy/site = -0.4379552344
49.527% accepted

C(L/2,L/2) = 0
energy = -28.243095
energy/site = -0.4412983594
49.82% accepted

C(L/2,L/2) = 0
energy = -28.3867725
energy/site = -0.4435433203
49.558% accepted

C(L/2,L/2) = 0
energy = -28.5633525
energy/site = -0.4463023828
49.812% accepted

C(L/2,L/2) = 0
energy = -28.4882025
energy/site = -0.4451281641
49.48% accepted

C(L/2,L/2) = 0
energy = -27.8498175
energy/site = -0.4351533984
49.455% accepted

C(L/2,L/2) = 0
energy = -28.3309125
energy/site = -0.4426705078
49.324% accepted

C(L/2,L/2) = 0
energy = -28.3124475
energy/site = -0.4423819922
49.596% accepted

C(L/2,L/2) = 0
energy = -28.1714325
energy/site = -0.4401786328
49.766% accepted

C(L/2,L/2) = 0
energy = -28.085055
energy/site = -0.4388289844
49.424% accepted

C(L/2,L/2) = 0
energy = -28.3797075
energy/site = -0.4434329297
49.942% accepted

C(L/2,L/2) = 0
energy = -28.542495
energy/site = -0.4459764844
49.674% accepted

C(L/2,L/2) = 0
energy = -28.056
energy/site = -0.438375
50.039% accepted

C(L/2,L/2) = 0
energy = -27.966795
energy/site = -0.4369811719
49.561% accepted

C(L/2,L/2) = 0
energy = -28.323135
energy/site = -0.4425489844
49.282% accepted

C(L/2,L/2) = 0
energy = -28.4467875
energy/site = -0.4444810547
49.284% accepted

C(L/2,L/2) = 0
energy = -28.4145675
energy/site = -0.4439776172
49.403% accepted

C(L/2,L/2) = 0
energy = -28.43661
energy/site = -0.4443220313
49.316% accepted

C(L/2,L/2) = 0
energy = -28.303545
energy/site = -0.4422428906
49.751% accepted

C(L/2,L/2) = 0
energy = -28.187055
energy/site = -0.4404227344
49.34% accepted

C(L/2,L/2) = 0
energy = -28.1888775
energy/site = -0.4404512109
49.874% accepted

C(L/2,L/2) = 0
energy = -28.6113825
energy/site = -0.4470528516
49.737% accepted

C(L/2,L/2) = 0
energy = -28.23993
energy/site = -0.4412489063
49.34% accepted

C(L/2,L/2) = 0
energy = -28.200765
energy/site = -0.4406369531
49.491% accepted

C(L/2,L/2) = 0
energy = -28.14969
energy/site = -0.4398389062
49.699% accepted

C(L/2,L/2) = 0
energy = -28.5367275
energy/site = -0.4458863672
49.707% accepted

C(L/2,L/2) = 0
energy = -28.429275
energy/site = -0.4442074219
49.781% accepted

C(L/2,L/2) = 0
energy = -28.3363575
energy/site = -0.4427555859
49.572% accepted

C(L/2,L/2) = 0
energy = -28.26861
energy/site = -0.4416970312
49.508% accepted

C(L/2,L/2) = 0
energy = -28.073475
energy/site = -0.4386480469
49.645% accepted

C(L/2,L/2) = 0
energy = -28.64712
energy/site = -0.44761125
49.293% accepted

C(L/2,L/2) = 0
energy = -28.414695
energy/site = -0.4439796094
49.679% accepted

C(L/2,L/2) = 0
energy = -28.3122675
energy/site = -0.4423791797
49.31% accepted

C(L/2,L/2) = 0
energy = -28.1889375
energy/site = -0.4404521484
49.273% accepted

C(L/2,L/2) = 0
energy = -28.1748975
energy/site = -0.4402327734
49.239% accepted

C(L/2,L/2) = 0
energy = -28.52361
energy/site = -0.4456814063
49.494% accepted

C(L/2,L/2) = 0
energy = -28.1249175
energy/site = -0.4394518359
49.683% accepted

C(L/2,L/2) = 0
energy = -28.301895
energy/site = -0.4422171094
49.5% accepted

C(L/2,L/2) = 0
energy = -28.1712075
energy/site = -0.4401751172
49.594% accepted

C(L/2,L/2) = 0
energy = -28.903545
energy/site = -0.4516178906
49.339% accepted

C(L/2,L/2) = 0
energy = -29.1057375
energy/site = -0.4547771484
49.567% accepted

C(L/2,L/2) = 0
energy = -28.6699875
energy/site = -0.4479685547
49.553% accepted

C(L/2,L/2) = 0
energy = -27.9572175
energy/site = -0.4368315234
49.626% accepted

C(L/2,L/2) = 0
energy = -27.7016475
energy/site = -0.4328382422
49.829% accepted

C(L/2,L/2) = 0
energy = -28.66155
energy/site = -0.4478367187
49.694% accepted

C(L/2,L/2) = 0
energy = -28.71405
energy/site = -0.4486570313
49.843% accepted

C(L/2,L/2) = 0
energy = -28.7827125
energy/site = -0.4497298828
49.669% accepted

C(L/2,L/2) = 0
energy = -28.5485925
energy/site = -0.4460717578
49.414% accepted

C(L/2,L/2) = 0
energy = -28.4667825
energy/site = -0.4447934766
50.022% accepted

C(L/2,L/2) = 0
energy = -28.7520975
energy/site = -0.4492515234
49.737% accepted

C(L/2,L/2) = 0
energy = -28.4706225
energy/site = -0.4448534766
49.404% accepted

C(L/2,L/2) = 0
energy = -28.3686675
energy/site = -0.4432604297
49.161% accepted

C(L/2,L/2) = 0
energy = -28.25082
energy/site = -0.4414190625
49.319% accepted

C(L/2,L/2) = 0
energy = -28.4860725
energy/site = -0.4450948828
49.659% accepted

C(L/2,L/2) = 0
energy = -28.264725
energy/site = -0.4416363281
49.661% accepted

C(L/2,L/2) = 0
energy = -28.27041
energy/site = -0.4417251562
49.654% accepted

C(L/2,L/2) = 0
energy = -28.759485
energy/site = -0.4493669531
49.6% accepted

C(L/2,L/2) = 0
energy = -28.78887
energy/site = -0.4498260937
49.759% accepted

C(L/2,L/2) = 0
energy = -28.56375
energy/site = -0.4463085937
49.445% accepted

C(L/2,L/2) = 0
energy = -28.0803375
energy/site = -0.4387552734
49.309% accepted

C(L/2,L/2) = 0
energy = -28.3852125
energy/site = -0.4435189453
49.274% accepted

C(L/2,L/2) = 0
energy = -28.2092925
energy/site = -0.4407701953
49.736% accepted

C(L/2,L/2) = 0
energy = -28.1552625
energy/site = -0.4399259766
49.771% accepted

C(L/2,L/2) = 0
energy = -28.3611825
energy/site = -0.4431434766
49.909% accepted

C(L/2,L/2) = 0
energy = -28.1670825
energy/site = -0.4401106641
49.675% accepted

C(L/2,L/2) = 0
energy = -28.5092325
energy/site = -0.4454567578
49.325% accepted

C(L/2,L/2) = 0
energy = -28.12044
energy/site = -0.439381875
49.572% accepted

C(L/2,L/2) = 0
energy = -28.5255375
energy/site = -0.4457115234
49.813% accepted

C(L/2,L/2) = 0
energy = -28.1808675
energy/site = -0.4403260547
49.561% accepted

C(L/2,L/2) = 0
energy = -28.1315475
energy/site = -0.4395554297
49.674% accepted

C(L/2,L/2) = 0
energy = -28.35732
energy/site = -0.443083125
49.53% accepted

C(L/2,L/2) = 0
energy = -28.5189375
energy/site = -0.4456083984
49.248% accepted

C(L/2,L/2) = 0
energy = -28.0191975
energy/site = -0.4377999609
49.495% accepted

C(L/2,L/2) = 0
energy = -28.2108225
energy/site = -0.4407941016
49.134% accepted

C(L/2,L/2) = 0
energy = -27.9867525
energy/site = -0.4372930078
49.68% accepted

C(L/2,L/2) = 0
energy = -28.357815
energy/site = -0.4430908594
49.226% accepted

C(L/2,L/2) = 0
energy = -28.3882875
energy/site = -0.4435669922
49.604% accepted

C(L/2,L/2) = 0
energy = -28.3419375
energy/site = -0.4428427734
49.599% accepted

C(L/2,L/2) = 0
energy = -28.7967225
energy/site = -0.4499487891
49.413% accepted

C(L/2,L/2) = 0
energy = -28.4177475
energy/site = -0.4440273047
49.73% accepted

C(L/2,L/2) = 0
energy = -28.3658175
energy/site = -0.4432158984
49.666% accepted

C(L/2,L/2) = 0
energy = -28.3425525
energy/site = -0.4428523828
49.197% accepted

C(L/2,L/2) = 0
energy = -28.40232
energy/site = -0.44378625
49.656% accepted

C(L/2,L/2) = 0
energy = -28.2999525
energy/site = -0.4421867578
49.609% accepted

C(L/2,L/2) = 0
energy = -28.3032825
energy/site = -0.4422387891
49.221% accepted

C(L/2,L/2) = 0
energy = -28.1652825
energy/site = -0.4400825391
49.79% accepted

C(L/2,L/2) = 0
energy = -28.35327
energy/site = -0.4430198437
49.806% accepted

C(L/2,L/2) = 0
energy = -28.62735
energy/site = -0.4473023437
49.525% accepted

C(L/2,L/2) = 0
energy = -28.2654225
energy/site = -0.4416472266
49.34% accepted

C(L/2,L/2) = 0
energy = -28.37976
energy/site = -0.44343375
49.136% accepted

C(L/2,L/2) = 0
energy = -28.3050975
energy/site = -0.4422671484
49.299% accepted

C(L/2,L/2) = 0
energy = -28.2464925
energy/site = -0.4413514453
50.076% accepted

C(L/2,L/2) = 0
energy = -28.4290275
energy/site = -0.4442035547
49.56% accepted

C(L/2,L/2) = 0
energy = -27.8327925
energy/site = -0.4348873828
49.296% accepted

C(L/2,L/2) = 0
energy = -28.36809
energy/site = -0.4432514062
49.678% accepted

C(L/2,L/2) = 0
energy = -28.5506025
energy/site = -0.4461031641
49.374% accepted

C(L/2,L/2) = 0
energy = -28.3385175
energy/site = -0.4427893359
49.578% accepted

C(L/2,L/2) = 0
energy = -28.5154875
energy/site = -0.4455544922
49.192% accepted

C(L/2,L/2) = 0
energy = -28.4609775
energy/site = -0.4447027734
49.731% accepted

C(L/2,L/2) = 0
energy = -28.4173725
energy/site = -0.4440214453
49.698% accepted

C(L/2,L/2) = 0
energy = -28.989945
energy/site = -0.4529678906
49.49% accepted

C(L/2,L/2) = 0
energy = -28.6025475
energy/site = -0.4469148047
49.917% accepted

C(L/2,L/2) = 0
energy = -28.5967725
energy/site = -0.4468245703
49.676% accepted

C(L/2,L/2) = 0
energy = -28.332945
energy/site = -0.4427022656
49.717% accepted

C(L/2,L/2) = 0
energy = -28.55844
energy/site = -0.446225625
49.186% accepted

C(L/2,L/2) = 0
energy = -28.6125
energy/site = -0.4470703125
49.746% accepted

C(L/2,L/2) = 0
energy = -27.9700125
energy/site = -0.4370314453
49.801% accepted

C(L/2,L/2) = 0
energy = -28.1475825
energy/site = -0.4398059766
49.32% accepted

C(L/2,L/2) = 0
energy = -28.126365
energy/site = -0.4394744531
49.528% accepted

C(L/2,L/2) = 0
energy = -28.46694
energy/site = -0.4447959375
49.248% accepted

C(L/2,L/2) = 0
energy = -28.708575
energy/site = -0.4485714844
49.94% accepted

C(L/2,L/2) = 0
energy = -28.56192
energy/site = -0.44628
50.13% accepted

C(L/2,L/2) = 0
energy = -28.533
energy/site = -0.445828125
49.841% accepted

C(L/2,L/2) = 0
energy = -28.27359
energy/site = -0.4417748437
49.348% accepted

C(L/2,L/2) = 0
energy = -28.0461375
energy/site = -0.4382208984
49.503% accepted

C(L/2,L/2) = 0
energy = -28.02996
energy/site = -0.437968125
49.334% accepted

C(L/2,L/2) = 0
energy = -28.4061525
energy/site = -0.4438461328
49.597% accepted

C(L/2,L/2) = 0
energy = -28.4071875
energy/site = -0.4438623047
49.477% accepted

C(L/2,L/2) = 0
energy = -28.84449
energy/site = -0.4506951563
49.743% accepted

C(L/2,L/2) = 0
energy = -28.352685
energy/site = -0.4430107031
50.154% accepted

C(L/2,L/2) = 0
energy = -28.4424675
energy/site = -0.4444135547
49.363% accepted

C(L/2,L/2) = 0
energy = -28.1461575
energy/site = -0.4397837109
49.642% accepted

C(L/2,L/2) = 0
energy = -28.26741
energy/site = -0.4416782813
49.289% accepted

C(L/2,L/2) = 0
energy = -28.6387725
energy/site = -0.4474808203
49.437% accepted

C(L/2,L/2) = 0
energy = -28.1986725
energy/site = -0.4406042578
49.453% accepted

C(L/2,L/2) = 0
energy = -28.467795
energy/site = -0.4448092969
49.522% accepted

C(L/2,L/2) = 0
energy = -28.5562725
energy/site = -0.4461917578
49.304% accepted

C(L/2,L/2) = 0
energy = -28.56801
energy/site = -0.4463751563
49.678% accepted

C(L/2,L/2) = 0
energy = -28.616955
energy/site = -0.4471399219
49.88% accepted

C(L/2,L/2) = 0
energy = -28.0459875
energy/site = -0.4382185547
49.572% accepted

C(L/2,L/2) = 0
energy = -28.91511
energy/site = -0.4517985937
49.736% accepted

C(L/2,L/2) = 0
energy = -28.5334125
energy/site = -0.4458345703
49.683% accepted

C(L/2,L/2) = 0
energy = -28.3654575
energy/site = -0.4432102734
49.693% accepted

C(L/2,L/2) = 0
energy = -28.0974825
energy/site = -0.4390231641
49.375% accepted

C(L/2,L/2) = 0
energy = -28.3703475
energy/site = -0.4432866797
49.646% accepted

C(L/2,L/2) = 0
energy = -27.9927825
energy/site = -0.4373872266
49.302% accepted

C(L/2,L/2) = 0
energy = -28.159875
energy/site = -0.4399980469
49.373% accepted

C(L/2,L/2) = 0
energy = -28.5735975
energy/site = -0.4464624609
49.723% accepted

C(L/2,L/2) = 0
energy = -28.4709075
energy/site = -0.4448579297
49.251% accepted

C(L/2,L/2) = 0
energy = -28.2469125
energy/site = -0.4413580078
49.589% accepted

C(L/2,L/2) = 0
energy = -28.4038875
energy/site = -0.4438107422
49.385% accepted

C(L/2,L/2) = 0
energy = -28.7117625
energy/site = -0.4486212891
49.387% accepted

C(L/2,L/2) = 0
energy = -28.388355
energy/site = -0.4435680469
49.269% accepted

C(L/2,L/2) = 0
energy = -28.48446
energy/site = -0.4450696875
49.888% accepted

C(L/2,L/2) = 0
energy = -28.711815
energy/site = -0.4486221094
49.228% accepted

C(L/2,L/2) = 0
energy = -28.463055
energy/site = -0.4447352344
49.567% accepted

C(L/2,L/2) = 0
energy = -28.3442475
energy/site = -0.4428788672
50.033% accepted

C(L/2,L/2) = 0
energy = -28.5967875
energy/site = -0.4468248047
49.78% accepted

C(L/2,L/2) = 0
energy = -28.5459525
energy/site = -0.4460305078
49.968% accepted

C(L/2,L/2) = 0
energy = -28.6338075
energy/site = -0.4474032422
49.658% accepted

C(L/2,L/2) = 0
energy = -28.5023775
energy/site = -0.4453496484
49.737% accepted

C(L/2,L/2) = 0
energy = -28.73451
energy/site = -0.4489767188
49.184% accepted

C(L/2,L/2) = 0
energy = -28.3322625
energy/site = -0.4426916016
49.444% accepted

C(L/2,L/2) = 0
energy = -28.3712175
energy/site = -0.4433002734
49.133% accepted

C(L/2,L/2) = 0
energy = -28.4345625
energy/site = -0.4442900391
49.63% accepted

C(L/2,L/2) = 0
energy = -27.92118
energy/site = -0.4362684375
49.494% accepted

C(L/2,L/2) = 0
energy = -28.2482325
energy/site = -0.4413786328
49.606% accepted

C(L/2,L/2) = 0
energy = -28.212345
energy/site = -0.4408178906
49.608% accepted

C(L/2,L/2) = 0
energy = -28.099875
energy/site = -0.4390605469
49.37% accepted

C(L/2,L/2) = 0
energy = -28.50222
energy/site = -0.4453471875
49.244% accepted

C(L/2,L/2) = 0
energy = -28.47198
energy/site = -0.4448746875
49.391% accepted

C(L/2,L/2) = 0
energy = -28.622265
energy/site = -0.4472228906
49.764% accepted

C(L/2,L/2) = 0
energy = -28.253895
energy/site = -0.4414671094
49.438% accepted

C(L/2,L/2) = 0
energy = -28.2149175
energy/site = -0.4408580859
49.559% accepted

C(L/2,L/2) = 0
energy = -28.705005
energy/site = -0.4485157031
49.358% accepted

C(L/2,L/2) = 0
energy = -28.54419
energy/site = -0.4460029688
49.073% accepted

C(L/2,L/2) = 0
energy = -28.2563175
energy/site = -0.4415049609
49.814% accepted

C(L/2,L/2) = 0
energy = -28.5539175
energy/site = -0.4461549609
49.539% accepted

C(L/2,L/2) = 0
energy = -28.3996725
energy/site = -0.4437448828
49.509% accepted

C(L/2,L/2) = 0
energy = -28.38903
energy/site = -0.4435785938
49.919% accepted

C(L/2,L/2) = 0
energy = -28.1926425
energy/site = -0.4405100391
49.878% accepted

C(L/2,L/2) = 0
energy = -28.4133075
energy/site = -0.4439579297
49.108% accepted

C(L/2,L/2) = 0
energy = -28.259535
energy/site = -0.4415552344
49.798% accepted

C(L/2,L/2) = 0
energy = -28.4160375
energy/site = -0.4440005859
49.242% accepted

C(L/2,L/2) = 0
energy = -28.49709
energy/site = -0.4452670313
49.423% accepted

C(L/2,L/2) = 0
energy = -28.3477875
energy/site = -0.4429341797
49.474% accepted

C(L/2,L/2) = 0
energy = -28.36497
energy/site = -0.4432026562
49.551% accepted

C(L/2,L/2) = 0
energy = -28.5880125
energy/site = -0.4466876953
49.62% accepted

C(L/2,L/2) = 0
energy = -28.596375
energy/site = -0.4468183594
49.767% accepted

C(L/2,L/2) = 0
energy = -28.713405
energy/site = -0.4486469531
49.429% accepted

C(L/2,L/2) = 0
energy = -28.2312525
energy/site = -0.4411133203
49.455% accepted

C(L/2,L/2) = 0
energy = -28.373955
energy/site = -0.4433430469
49.805% accepted

C(L/2,L/2) = 0
energy = -28.1283
energy/site = -0.4395046875
49.753% accepted

C(L/2,L/2) = 0
energy = -28.344735
energy/site = -0.4428864844
49.672% accepted

C(L/2,L/2) = 0
energy = -28.609905
energy/site = -0.4470297656
49.391% accepted

C(L/2,L/2) = 0
energy = -28.9142025
energy/site = -0.4517844141
49.646% accepted

C(L/2,L/2) = 0
energy = -28.01664
energy/site = -0.43776
49.163% accepted

C(L/2,L/2) = 0
energy = -28.3287075
energy/site = -0.4426360547
49.885% accepted

C(L/2,L/2) = 0
energy = -28.3692525
energy/site = -0.4432695703
49.848% accepted

C(L/2,L/2) = 0
energy = -28.2574575
energy/site = -0.4415227734
49.406% accepted

C(L/2,L/2) = 0
energy = -28.3525275
energy/site = -0.4430082422
49.827% accepted

C(L/2,L/2) = 0
energy = -28.4979525
energy/site = -0.4452805078
49.801% accepted

C(L/2,L/2) = 0
energy = -28.5561825
energy/site = -0.4461903516
49.494% accepted

C(L/2,L/2) = 0
energy = -28.411875
energy/site = -0.4439355469
49.421% accepted

C(L/2,L/2) = 0
energy = -28.59726
energy/site = -0.4468321875
50.013% accepted

C(L/2,L/2) = 0
energy = -27.8280975
energy/site = -0.4348140234
49.595% accepted

C(L/2,L/2) = 0
energy = -28.540365
energy/site = -0.4459432031
49.839% accepted

C(L/2,L/2) = 0
energy = -28.40349
energy/site = -0.4438045313
49.614% accepted

C(L/2,L/2) = 0
energy = -28.35042
energy/site = -0.4429753125
49.639% accepted

C(L/2,L/2) = 0
energy = -28.6411425
energy/site = -0.4475178516
49.652% accepted

C(L/2,L/2) = 0
energy = -28.47303
energy/site = -0.4448910938
49.826% accepted

C(L/2,L/2) = 0
energy = -28.60392
energy/site = -0.44693625
49.396% accepted

C(L/2,L/2) = 0
energy = -28.0293825
energy/site = -0.4379591016
49.327% accepted

C(L/2,L/2) = 0
energy = -28.05141
energy/site = -0.4383032813
49.928% accepted

C(L/2,L/2) = 0
energy = -28.3947
energy/site = -0.4436671875
49.134% accepted

C(L/2,L/2) = 0
energy = -28.26327
energy/site = -0.4416135937
49.993% accepted

C(L/2,L/2) = 0
energy = -28.742355
energy/site = -0.4490992969
49.485% accepted

C(L/2,L/2) = 0
energy = -28.6403175
energy/site = -0.4475049609
49.528% accepted

C(L/2,L/2) = 0
energy = -28.326975
energy/site = -0.4426089844
49.66% accepted

C(L/2,L/2) = 0
energy = -28.3349175
energy/site = -0.4427330859
49.597% accepted

C(L/2,L/2) = 0
energy = -28.417335
energy/site = -0.4440208594
49.421% accepted

C(L/2,L/2) = 0
energy = -28.2774825
energy/site = -0.4418356641
49.506% accepted

C(L/2,L/2) = 0
energy = -28.26945
energy/site = -0.4417101562
50.197% accepted

C(L/2,L/2) = 0
energy = -28.008855
energy/site = -0.4376383594
49.478% accepted

C(L/2,L/2) = 0
energy = -28.69158
energy/site = -0.4483059375
49.844% accepted

C(L/2,L/2) = 0
energy = -28.238205
energy/site = -0.4412219531
49.752% accepted

C(L/2,L/2) = 0
energy = -28.212045
energy/site = -0.4408132031
49.522% accepted

C(L/2,L/2) = 0
energy = -28.1222175
energy/site = -0.4394096484
49.516% accepted

C(L/2,L/2) = 0
energy = -27.8636475
energy/site = -0.4353694922
49.603% accepted

C(L/2,L/2) = 0
energy = -28.811055
energy/site = -0.4501727344
49.368% accepted

C(L/2,L/2) = 0
energy = -28.685145
energy/site = -0.4482053906
49.819% accepted

C(L/2,L/2) = 0
energy = -27.8677275
energy/site = -0.4354332422
49.557% accepted

C(L/2,L/2) = 0
energy = -28.2854775
energy/site = -0.4419605859
49.685% accepted

C(L/2,L/2) = 0
energy = -28.3029
energy/site = -0.4422328125
49.624% accepted

C(L/2,L/2) = 0
energy = -28.6210575
energy/site = -0.4472040234
49.493% accepted

C(L/2,L/2) = 0
energy = -28.347285
energy/site = -0.4429263281
49.483% accepted

C(L/2,L/2) = 0
energy = -28.4281125
energy/site = -0.4441892578
49.413% accepted

C(L/2,L/2) = 0
energy = -27.96621
energy/site = -0.4369720313
49.352% accepted

C(L/2,L/2) = 0
energy = -28.52505
energy/site = -0.4457039063
49.452% accepted

C(L/2,L/2) = 0
energy = -28.5436575
energy/site = -0.4459946484
49.784% accepted

C(L/2,L/2) = 0
energy = -28.6099275
energy/site = -0.4470301172
48.989% accepted

C(L/2,L/2) = 0
energy = -28.56144
energy/site = -0.4462725
49.549% accepted

C(L/2,L/2) = 0
energy = -28.7041275
energy/site = -0.4485019922
49.565% accepted

C(L/2,L/2) = 0
energy = -28.4655
energy/site = -0.4447734375
49.433% accepted

C(L/2,L/2) = 0
energy = -28.5113625
energy/site = -0.4454900391
49.893% accepted

C(L/2,L/2) = 0
energy = -28.20351
energy/site = -0.4406798438
49.95% accepted

C(L/2,L/2) = 0
energy = -27.5762475
energy/site = -0.4308788672
49.646% accepted

C(L/2,L/2) = 0
energy = -28.3130625
energy/site = -0.4423916016
49.593% accepted

C(L/2,L/2) = 0
energy = -28.49067
energy/site = -0.4451667188
49.961% accepted

C(L/2,L/2) = 0
energy = -28.5649275
energy/site = -0.4463269922
49.522% accepted

C(L/2,L/2) = 0
energy = -28.48233
energy/site = -0.4450364063
49.758% accepted

C(L/2,L/2) = 0
energy = -28.422915
energy/site = -0.4441080469
49.436% accepted

C(L/2,L/2) = 0
energy = -28.4832
energy/site = -0.44505
49.631% accepted

C(L/2,L/2) = 0
energy = -28.3884225
energy/site = -0.4435691016
49.516% accepted

C(L/2,L/2) = 0
energy = -28.62303
energy/site = -0.4472348437
49.323% accepted

C(L/2,L/2) = 0
energy = -28.206105
energy/site = -0.4407203906
49.379% accepted

C(L/2,L/2) = 0
energy = -28.1088675
energy/site = -0.4392010547
50.061% accepted

C(L/2,L/2) = 0
energy = -27.8925375
energy/site = -0.4358208984
49.96% accepted

C(L/2,L/2) = 0
energy = -28.1948025
energy/site = -0.4405437891
49.731% accepted

C(L/2,L/2) = 0
energy = -28.3108875
energy/site = -0.4423576172
49.627% accepted

C(L/2,L/2) = 0
energy = -27.6194775
energy/site = -0.4315543359
49.35% accepted

C(L/2,L/2) = 0
energy = -28.0725075
energy/site = -0.4386329297
49.793% accepted

C(L/2,L/2) = 0
energy = -28.4223375
energy/site = -0.4440990234
49.801% accepted

C(L/2,L/2) = 0
energy = -28.5355575
energy/site = -0.4458680859
49.589% accepted

C(L/2,L/2) = 0
energy = -28.0636575
energy/site = -0.4384946484
49.305% accepted

C(L/2,L/2) = 0
energy = -28.520505
energy/site = -0.4456328906
49.839% accepted

C(L/2,L/2) = 0
energy = -28.39893
energy/site = -0.4437332813
49.425% accepted

C(L/2,L/2) = 0
energy = -28.3779675
energy/site = -0.4434057422
49.704% accepted

C(L/2,L/2) = 0
energy = -28.7324175
energy/site = -0.4489440234
49.611% accepted

C(L/2,L/2) = 0
energy = -28.1837475
energy/site = -0.4403710547
49.698% accepted

C(L/2,L/2) = 0
energy = -28.269405
energy/site = -0.4417094531
50.183% accepted

C(L/2,L/2) = 0
energy = -28.3969725
energy/site = -0.4437026953
49.687% accepted

C(L/2,L/2) = 0
energy = -28.0029075
energy/site = -0.4375454297
49.749% accepted

C(L/2,L/2) = 0
energy = -28.5021525
energy/site = -0.4453461328
49.466% accepted

C(L/2,L/2) = 0
energy = -27.95955
energy/site = -0.4368679688
49.52% accepted

C(L/2,L/2) = 0
energy = -28.0550925
energy/site = -0.4383608203
49.885% accepted

C(L/2,L/2) = 0
energy = -28.55643
energy/site = -0.4461942187
49.808% accepted

C(L/2,L/2) = 0
energy = -28.39341
energy/site = -0.4436470312
49.787% accepted

C(L/2,L/2) = 0
energy = -28.41075
energy/site = -0.4439179688
49.477% accepted

C(L/2,L/2) = 0
energy = -28.3393725
energy/site = -0.4428026953
49.251% accepted

C(L/2,L/2) = 0
energy = -28.40493
energy/site = -0.4438270313
49.533% accepted

C(L/2,L/2) = 0
energy = -28.5812325
energy/site = -0.4465817578
49.914% accepted

C(L/2,L/2) = 0
energy = -28.5223875
energy/site = -0.4456623047
50.068% accepted

C(L/2,L/2) = 0
energy = -28.3688325
energy/site = -0.4432630078
49.478% accepted

C(L/2,L/2) = 0
energy = -28.28547
energy/site = -0.4419604688
49.418% accepted

C(L/2,L/2) = 0
energy = -28.6187175
energy/site = -0.4471674609
49.859% accepted

C(L/2,L/2) = 0
energy = -28.6010175
energy/site = -0.4468908984
49.996% accepted

C(L/2,L/2) = 0
energy = -28.626
energy/site = -0.44728125
49.66% accepted

C(L/2,L/2) = 0
energy = -28.0718175
energy/site = -0.4386221484
49.818% accepted

C(L/2,L/2) = 0
energy = -28.356225
energy/site = -0.4430660156
49.245% accepted

C(L/2,L/2) = 0
energy = -28.6574925
energy/site = -0.4477733203
49.485% accepted

C(L/2,L/2) = 0
energy = -28.17165
energy/site = -0.4401820312
49.358% accepted

C(L/2,L/2) = 0
energy = -27.866685
energy/site = -0.4354169531
49.404% accepted

C(L/2,L/2) = 0
energy = -28.4324175
energy/site = -0.4442565234
49.448% accepted

C(L/2,L/2) = 0
energy = -28.58415
energy/site = -0.4466273438
49.753% accepted

C(L/2,L/2) = 0
energy = -28.31733
energy/site = -0.4424582812
49.611% accepted

C(L/2,L/2) = 0
energy = -28.16052
energy/site = -0.440008125
50.035% accepted

C(L/2,L/2) = 0
energy = -28.5875325
energy/site = -0.4466801953
49.636% accepted

C(L/2,L/2) = 0
energy = -28.66338
energy/site = -0.4478653125
49.574% accepted

C(L/2,L/2) = 0
energy = -28.2254475
energy/site = -0.4410226172
49.61% accepted

C(L/2,L/2) = 0
energy = -28.2515025
energy/site = -0.4414297266
49.883% accepted

C(L/2,L/2) = 0
energy = -28.4405475
energy/site = -0.4443835547
49.793% accepted

C(L/2,L/2) = 0
energy = -28.35606
energy/site = -0.4430634375
49.281% accepted

C(L/2,L/2) = 0
energy = -28.6070925
energy/site = -0.4469858203
49.219% accepted

C(L/2,L/2) = 0
energy = -28.06872
energy/site = -0.43857375
49.388% accepted

C(L/2,L/2) = 0
energy = -28.7320425
energy/site = -0.4489381641
49.568% accepted

C(L/2,L/2) = 0
energy = -28.5879975
energy/site = -0.4466874609
49.471% accepted

C(L/2,L/2) = 0
energy = -28.0452375
energy/site = -0.4382068359
49.103% accepted

C(L/2,L/2) = 0
energy = -28.235985
energy/site = -0.4411872656
49.817% accepted

C(L/2,L/2) = 0
energy = -28.260165
energy/site = -0.4415650781
49.889% accepted

C(L/2,L/2) = 0
energy = -28.28472
energy/site = -0.44194875
49.422% accepted

C(L/2,L/2) = 0
energy = -28.1495175
energy/site = -0.4398362109
49.206% accepted

C(L/2,L/2) = 0
energy = -28.5907575
energy/site = -0.4467305859
49.69% accepted

C(L/2,L/2) = 0
energy = -28.43085
energy/site = -0.4442320312
49.728% accepted

C(L/2,L/2) = 0
energy = -28.6413075
energy/site = -0.4475204297
49.642% accepted

C(L/2,L/2) = 0
energy = -28.067955
energy/site = -0.4385617969
49.189% accepted

C(L/2,L/2) = 0
energy = -28.5004575
energy/site = -0.4453196484
49.888% accepted

C(L/2,L/2) = 0
energy = -27.9127125
energy/site = -0.4361361328
49.414% accepted

C(L/2,L/2) = 0
energy = -28.7790825
energy/site = -0.4496731641
49.895% accepted

C(L/2,L/2) = 0
energy = -28.57647
energy/site = -0.4465073438
49.845% accepted

C(L/2,L/2) = 0
energy = -28.0912125
energy/site = -0.4389251953
49.651% accepted

C(L/2,L/2) = 0
energy = -28.0377
energy/site = -0.4380890625
49.73% accepted

C(L/2,L/2) = 0
energy = -28.530885
energy/site = -0.4457950781
49.439% accepted

C(L/2,L/2) = 0
energy = -28.696065
energy/site = -0.4483760156
49.415% accepted

C(L/2,L/2) = 0
energy = -28.4506275
energy/site = -0.4445410547
50.131% accepted

C(L/2,L/2) = 0
energy = -28.187025
energy/site = -0.4404222656
50.077% accepted

C(L/2,L/2) = 0
energy = -28.6178175
energy/site = -0.4471533984
49.498% accepted

C(L/2,L/2) = 0
energy = -28.5598725
energy/site = -0.4462480078
49.688% accepted

C(L/2,L/2) = 0
energy = -28.30629
energy/site = -0.4422857813
49.037% accepted

C(L/2,L/2) = 0
energy = -27.85824
energy/site = -0.435285
49.582% accepted

C(L/2,L/2) = 0
energy = -28.53159
energy/site = -0.4458060938
49.467% accepted

C(L/2,L/2) = 0
energy = -28.36389
energy/site = -0.4431857813
49.17% accepted

C(L/2,L/2) = 0
energy = -27.965985
energy/site = -0.4369685156
49.525% accepted

C(L/2,L/2) = 0
energy = -28.448955
energy/site = -0.4445149219
49.87% accepted

C(L/2,L/2) = 0
energy = -28.6631475
energy/site = -0.4478616797
49.647% accepted

C(L/2,L/2) = 0
energy = -28.6654875
energy/site = -0.4478982422
49.44% accepted

C(L/2,L/2) = 0
energy = -28.2519525
energy/site = -0.4414367578
50.138% accepted

C(L/2,L/2) = 0
energy = -28.16601
energy/site = -0.4400939062
49.483% accepted

C(L/2,L/2) = 0
energy = -28.13385
energy/site = -0.4395914062
49.343% accepted

C(L/2,L/2) = 0
energy = -28.5906975
energy/site = -0.4467296484
50.174% accepted

C(L/2,L/2) = 0
energy = -28.3226925
energy/site = -0.4425420703
49.65% accepted

C(L/2,L/2) = 0
energy = -28.1684775
energy/site = -0.4401324609
49.741% accepted

C(L/2,L/2) = 0
energy = -28.31433
energy/site = -0.4424114063
49.494% accepted

C(L/2,L/2) = 0
energy = -28.201095
energy/site = -0.4406421094
49.269% accepted

C(L/2,L/2) = 0
energy = -28.17543
energy/site = -0.4402410937
49.77% accepted

C(L/2,L/2) = 0
energy = -28.5354975
energy/site = -0.4458671484
49.773% accepted

C(L/2,L/2) = 0
energy = -28.70544
energy/site = -0.4485225
49.464% accepted

C(L/2,L/2) = 0
energy = -28.8084525
energy/site = -0.4501320703
49.628% accepted

C(L/2,L/2) = 0
energy = -28.18017
energy/site = -0.4403151563
49.676% accepted

C(L/2,L/2) = 0
energy = -28.4631975
energy/site = -0.4447374609
49.328% accepted

C(L/2,L/2) = 0
energy = -28.028085
energy/site = -0.4379388281
49.673% accepted

C(L/2,L/2) = 0
energy = -28.9643925
energy/site = -0.4525686328
49.947% accepted

C(L/2,L/2) = 0
energy = -28.1020125
energy/site = -0.4390939453
49.836% accepted

C(L/2,L/2) = 0
energy = -28.14
energy/site = -0.4396875
49.722% accepted

C(L/2,L/2) = 0
energy = -28.132605
energy/site = -0.4395719531
49.793% accepted

C(L/2,L/2) = 0
energy = -28.341795
energy/site = -0.4428405469
50.049% accepted

C(L/2,L/2) = 0
energy = -28.4387625
energy/site = -0.4443556641
49.121% accepted

C(L/2,L/2) = 0
energy = -28.3229925
energy/site = -0.4425467578
49.285% accepted

C(L/2,L/2) = 0
energy = -28.4137425
energy/site = -0.4439647266
49.589% accepted

C(L/2,L/2) = 0
energy = -28.0761675
energy/site = -0.4386901172
49.42% accepted

C(L/2,L/2) = 0
energy = -28.62036
energy/site = -0.447193125
49.626% accepted

C(L/2,L/2) = 0
energy = -28.3542075
energy/site = -0.4430344922
49.519% accepted

C(L/2,L/2) = 0
energy = -28.368915
energy/site = -0.4432642969
49.788% accepted

C(L/2,L/2) = 0
energy = -28.5113775
energy/site = -0.4454902734
49.964% accepted

C(L/2,L/2) = 0
energy = -28.16784
energy/site = -0.4401225
49.767% accepted

C(L/2,L/2) = 0
energy = -28.0409025
energy/site = -0.4381391016
49.55% accepted

C(L/2,L/2) = 0
energy = -28.296645
energy/site = -0.4421350781
49.545% accepted

C(L/2,L/2) = 0
energy = -28.5177525
energy/site = -0.4455898828
50.069% accepted

C(L/2,L/2) = 0
energy = -28.2668475
energy/site = -0.4416694922
49.428% accepted

C(L/2,L/2) = 0
energy = -29.0506575
energy/site = -0.4539165234
49.928% accepted

C(L/2,L/2) = 0
energy = -28.4963325
energy/site = -0.4452551953
49.486% accepted

C(L/2,L/2) = 0
energy = -28.3606125
energy/site = -0.4431345703
49.809% accepted

C(L/2,L/2) = 0
energy = -28.540455
energy/site = -0.4459446094
49.721% accepted

C(L/2,L/2) = 0
energy = -28.3581225
energy/site = -0.4430956641
49.652% accepted

C(L/2,L/2) = 0
energy = -28.3863375
energy/site = -0.4435365234
49.507% accepted

C(L/2,L/2) = 0
energy = -28.3390125
energy/site = -0.4427970703
49.537% accepted

C(L/2,L/2) = 0
energy = -28.529775
energy/site = -0.4457777344
49.568% accepted

C(L/2,L/2) = 0
energy = -28.24158
energy/site = -0.4412746875
49.962% accepted

C(L/2,L/2) = 0
energy = -28.358205
energy/site = -0.4430969531
49.605% accepted

C(L/2,L/2) = 0
energy = -28.4108625
energy/site = -0.4439197266
49.564% accepted

C(L/2,L/2) = 0
energy = -28.6730025
energy/site = -0.4480156641
49.793% accepted

C(L/2,L/2) = 0
energy = -28.45857
energy/site = -0.4446651563
50.027% accepted

C(L/2,L/2) = 0
energy = -28.236975
energy/site = -0.4412027344
49.674% accepted

C(L/2,L/2) = 0
energy = -28.4944425
energy/site = -0.4452256641
49.291% accepted

C(L/2,L/2) = 0
energy = -28.4221425
energy/site = -0.4440959766
50.243% accepted

C(L/2,L/2) = 0
energy = -29.0928225
energy/site = -0.4545753516
50.01% accepted

C(L/2,L/2) = 0
energy = -28.6221525
energy/site = -0.4472211328
49.612% accepted

C(L/2,L/2) = 0
energy = -28.6750725
energy/site = -0.4480480078
49.219% accepted

C(L/2,L/2) = 0
energy = -28.496115
energy/site = -0.4452517969
49.547% accepted

C(L/2,L/2) = 0
energy = -28.41978
energy/site = -0.4440590625
49.523% accepted

C(L/2,L/2) = 0
energy = -28.73037
energy/site = -0.4489120313
49.306% accepted

C(L/2,L/2) = 0
energy = -28.5889575
energy/site = -0.4467024609
49.533% accepted

C(L/2,L/2) = 0
energy = -28.7768025
energy/site = -0.4496375391
49.392% accepted

C(L/2,L/2) = 0
energy = -28.47264
energy/site = -0.444885
49.325% accepted

C(L/2,L/2) = 0
energy = -28.4285475
energy/site = -0.4441960547
49.685% accepted

C(L/2,L/2) = 0
energy = -28.2790275
energy/site = -0.4418598047
49.842% accepted

C(L/2,L/2) = 0
energy = -27.91812
energy/site = -0.436220625
49.781% accepted

C(L/2,L/2) = 0
energy = -28.365765
energy/site = -0.4432150781
49.58% accepted

C(L/2,L/2) = 0
energy = -28.3851225
energy/site = -0.4435175391
49.865% accepted

C(L/2,L/2) = 0
energy = -28.3811175
energy/site = -0.4434549609
49.559% accepted

C(L/2,L/2) = 0
energy = -28.2398175
energy/site = -0.4412471484
49.2% accepted

C(L/2,L/2) = 0
energy = -28.405425
energy/site = -0.4438347656
49.722% accepted

C(L/2,L/2) = 0
energy = -28.53585
energy/site = -0.4458726562
49.874% accepted

C(L/2,L/2) = 0
energy = -28.46508
energy/site = -0.444766875
49.711% accepted

C(L/2,L/2) = 0
energy = -28.3968525
energy/site = -0.4437008203
49.485% accepted

C(L/2,L/2) = 0
energy = -28.43841
energy/site = -0.4443501563
49.72% accepted

C(L/2,L/2) = 0
energy = -28.0378875
energy/site = -0.4380919922
49.403% accepted

C(L/2,L/2) = 0
energy = -27.61809
energy/site = -0.4315326562
49.685% accepted

C(L/2,L/2) = 0
energy = -28.0223325
energy/site = -0.4378489453
49.277% accepted

C(L/2,L/2) = 0
energy = -28.8399
energy/site = -0.4506234375
49.429% accepted

C(L/2,L/2) = 0
energy = -28.22895
energy/site = -0.4410773438
49.785% accepted

C(L/2,L/2) = 0
energy = -28.310985
energy/site = -0.4423591406
49.425% accepted

C(L/2,L/2) = 0
energy = -28.03473
energy/site = -0.4380426562
49.792% accepted

C(L/2,L/2) = 0
energy = -28.2625575
energy/site = -0.4416024609
49.655% accepted

C(L/2,L/2) = 0
energy = -28.24974
energy/site = -0.4414021875
49.729% accepted

C(L/2,L/2) = 0
energy = -28.3028175
energy/site = -0.4422315234
49.475% accepted

C(L/2,L/2) = 0
energy = -28.6539375
energy/site = -0.4477177734
49.724% accepted

C(L/2,L/2) = 0
energy = -28.182585
energy/site = -0.4403528906
49.56% accepted

C(L/2,L/2) = 0
energy = -28.5082275
energy/site = -0.4454410547
49.533% accepted

C(L/2,L/2) = 0
energy = -28.490385
energy/site = -0.4451622656
50.132% accepted

C(L/2,L/2) = 0
energy = -28.28868
energy/site = -0.442010625
49.087% accepted

C(L/2,L/2) = 0
energy = -28.413525
energy/site = -0.4439613281
49.969% accepted

C(L/2,L/2) = 0
energy = -28.46271
energy/site = -0.4447298438
49.908% accepted

C(L/2,L/2) = 0
energy = -28.332165
energy/site = -0.4426900781
49.979% accepted

C(L/2,L/2) = 0
energy = -28.7494425
energy/site = -0.4492100391
49.77% accepted

C(L/2,L/2) = 0
energy = -28.100445
energy/site = -0.4390694531
49.725% accepted

C(L/2,L/2) = 0
energy = -28.2543525
energy/site = -0.4414742578
49.348% accepted

C(L/2,L/2) = 0
energy = -28.410945
energy/site = -0.4439210156
49.763% accepted

C(L/2,L/2) = 0
energy = -28.4553075
energy/site = -0.4446141797
49.86% accepted

C(L/2,L/2) = 0
energy = -28.2905775
energy/site = -0.4420402734
49.635% accepted

C(L/2,L/2) = 0
energy = -28.9174125
energy/site = -0.4518345703
49.267% accepted

C(L/2,L/2) = 0
energy = -28.2630825
energy/site = -0.4416106641
49.596% accepted

C(L/2,L/2) = 0
energy = -28.33467
energy/site = -0.4427292187
49.95% accepted

C(L/2,L/2) = 0
energy = -28.67136
energy/site = -0.44799
49.814% accepted

C(L/2,L/2) = 0
energy = -28.226145
energy/site = -0.4410335156
49.396% accepted

C(L/2,L/2) = 0
energy = -28.2618675
energy/site = -0.4415916797
49.507% accepted

C(L/2,L/2) = 0
energy = -28.37808
energy/site = -0.4434075
49.202% accepted

C(L/2,L/2) = 0
energy = -28.6085625
energy/site = -0.4470087891
49.837% accepted

C(L/2,L/2) = 0
energy = -28.2697875
energy/site = -0.4417154297
49.334% accepted

C(L/2,L/2) = 0
energy = -28.31532
energy/site = -0.442426875
49.488% accepted

C(L/2,L/2) = 0
energy = -28.866915
energy/site = -0.4510455469
49.457% accepted

C(L/2,L/2) = 0
energy = -28.4557875
energy/site = -0.4446216797
49.544% accepted

C(L/2,L/2) = 0
energy = -27.7601025
energy/site = -0.4337516016
49.439% accepted

C(L/2,L/2) = 0
energy = -28.686615
energy/site = -0.4482283594
49.683% accepted

C(L/2,L/2) = 0
energy = -28.3207875
energy/site = -0.4425123047
49.272% accepted

C(L/2,L/2) = 0
energy = -28.0758225
energy/site = -0.4386847266
49.42% accepted

C(L/2,L/2) = 0
energy = -28.18617
energy/site = -0.4404089063
49.659% accepted

C(L/2,L/2) = 0
energy = -28.4052975
energy/site = -0.4438327734
49.755% accepted

C(L/2,L/2) = 0
energy = -28.7483475
energy/site = -0.4491929297
49.651% accepted

C(L/2,L/2) = 0
energy = -28.07568
energy/site = -0.4386825
49.238% accepted

C(L/2,L/2) = 0
energy = -28.2297525
energy/site = -0.4410898828
49.613% accepted

C(L/2,L/2) = 0
energy = -28.3082925
energy/site = -0.4423170703
49.676% accepted

C(L/2,L/2) = 0
energy = -28.37199
energy/site = -0.4433123438
49.358% accepted

C(L/2,L/2) = 0
energy = -28.127505
energy/site = -0.4394922656
49.553% accepted

C(L/2,L/2) = 0
energy = -28.1812275
energy/site = -0.4403316797
49.433% accepted

C(L/2,L/2) = 0
energy = -27.7231425
energy/site = -0.4331741016
49.458% accepted

C(L/2,L/2) = 0
energy = -28.5228675
energy/site = -0.4456698047
49.938% accepted

C(L/2,L/2) = 0
energy = -28.23219
energy/site = -0.4411279687
50.238% accepted

C(L/2,L/2) = 0
energy = -28.61994
energy/site = -0.4471865625
49.5% accepted

C(L/2,L/2) = 0
energy = -28.0716825
energy/site = -0.4386200391
49.54% accepted

C(L/2,L/2) = 0
energy = -28.20522
energy/site = -0.4407065625
49.603% accepted

C(L/2,L/2) = 0
energy = -28.12002
energy/site = -0.4393753125
49.543% accepted

C(L/2,L/2) = 0
energy = -27.7942875
energy/site = -0.4342857422
49.558% accepted

C(L/2,L/2) = 0
energy = -28.4992125
energy/site = -0.4453001953
49.723% accepted

C(L/2,L/2) = 0
energy = -28.4602275
energy/site = -0.4446910547
49.335% accepted

C(L/2,L/2) = 0
energy = -28.26627
energy/site = -0.4416604687
49.427% accepted

C(L/2,L/2) = 0
energy = -27.719865
energy/site = -0.4331228906
49.617% accepted

C(L/2,L/2) = 0
energy = -27.8829375
energy/site = -0.4356708984
49.813% accepted

C(L/2,L/2) = 0
energy = -28.0146975
energy/site = -0.4377296484
49.521% accepted

C(L/2,L/2) = 0
energy = -28.3911
energy/site = -0.4436109375
49.388% accepted

C(L/2,L/2) = 0
energy = -28.3827975
energy/site = -0.4434812109
49.6% accepted

C(L/2,L/2) = 0
energy = -28.6823475
energy/site = -0.4481616797
49.926% accepted

C(L/2,L/2) = 0
energy = -28.3194225
energy/site = -0.4424909766
50.017% accepted

C(L/2,L/2) = 0
energy = -28.72617
energy/site = -0.4488464062
49.925% accepted

C(L/2,L/2) = 0
energy = -28.556565
energy/site = -0.4461963281
49.688% accepted

C(L/2,L/2) = 0
energy = -28.7790375
energy/site = -0.4496724609
49.441% accepted

C(L/2,L/2) = 0
energy = -28.7665875
energy/site = -0.4494779297
48.932% accepted

C(L/2,L/2) = 0
energy = -27.9893925
energy/site = -0.4373342578
49.807% accepted

C(L/2,L/2) = 0
energy = -28.4220675
energy/site = -0.4440948047
49.284% accepted

C(L/2,L/2) = 0
energy = -28.0692075
energy/site = -0.4385813672
49.555% accepted

C(L/2,L/2) = 0
energy = -28.78935
energy/site = -0.4498335937
49.6% accepted

C(L/2,L/2) = 0
energy = -28.35276
energy/site = -0.443011875
49.734% accepted

C(L/2,L/2) = 0
energy = -28.326435
energy/site = -0.4426005469
49.308% accepted

C(L/2,L/2) = 0
energy = -28.33407
energy/site = -0.4427198438
49.318% accepted

C(L/2,L/2) = 0
energy = -28.19148
energy/site = -0.440491875
49.182% accepted

C(L/2,L/2) = 0
energy = -28.44204
energy/site = -0.444406875
49.959% accepted

C(L/2,L/2) = 0
energy = -28.3554375
energy/site = -0.4430537109
49.728% accepted

C(L/2,L/2) = 0
energy = -28.523355
energy/site = -0.4456774219
49.074% accepted

C(L/2,L/2) = 0
energy = -27.82524
energy/site = -0.434769375
49.796% accepted

C(L/2,L/2) = 0
energy = -28.2825225
energy/site = -0.4419144141
49.749% accepted

C(L/2,L/2) = 0
energy = -28.3825875
energy/site = -0.4434779297
49.614% accepted

C(L/2,L/2) = 0
energy = -28.4037825
energy/site = -0.4438091016
49.343% accepted

C(L/2,L/2) = 0
energy = -28.21473
energy/site = -0.4408551562
49.612% accepted

C(L/2,L/2) = 0
energy = -28.335435
energy/site = -0.4427411719
49.579% accepted

C(L/2,L/2) = 0
energy = -28.5537225
energy/site = -0.4461519141
49.914% accepted

C(L/2,L/2) = 0
energy = -28.1369475
energy/site = -0.4396398047
49.553% accepted

C(L/2,L/2) = 0
energy = -28.7419725
energy/site = -0.4490933203
49.624% accepted

C(L/2,L/2) = 0
energy = -28.2154275
energy/site = -0.4408660547
49.559% accepted

C(L/2,L/2) = 0
energy = -28.44936
energy/site = -0.44452125
49.626% accepted

C(L/2,L/2) = 0
energy = -28.1042175
energy/site = -0.4391283984
49.827% accepted

C(L/2,L/2) = 0
energy = -28.6433025
energy/site = -0.4475516016
49.679% accepted

C(L/2,L/2) = 0
energy = -28.479045
energy/site = -0.4449850781
49.696% accepted

C(L/2,L/2) = 0
energy = -28.042665
energy/site = -0.4381666406
49.525% accepted

C(L/2,L/2) = 0
energy = -28.652655
energy/site = -0.4476977344
49.832% accepted

C(L/2,L/2) = 0
energy = -28.4814225
energy/site = -0.4450222266
49.799% accepted

C(L/2,L/2) = 0
energy = -28.4410125
energy/site = -0.4443908203
49.533% accepted

C(L/2,L/2) = 0
energy = -28.0823925
energy/site = -0.4387873828
49.866% accepted

C(L/2,L/2) = 0
energy = -28.5093525
energy/site = -0.4454586328
49.974% accepted

C(L/2,L/2) = 0
energy = -28.630905
energy/site = -0.4473578906
49.355% accepted

C(L/2,L/2) = 0
energy = -28.37862
energy/site = -0.4434159375
49.792% accepted

C(L/2,L/2) = 0
energy = -28.8930675
energy/site = -0.4514541797
49.825% accepted

C(L/2,L/2) = 0
energy = -28.4310975
energy/site = -0.4442358984
49.719% accepted

C(L/2,L/2) = 0
energy = -28.2776025
energy/site = -0.4418375391
49.965% accepted

C(L/2,L/2) = 0
energy = -28.139205
energy/site = -0.4396750781
49.82% accepted

C(L/2,L/2) = 0
energy = -28.5080325
energy/site = -0.4454380078
49.371% accepted

C(L/2,L/2) = 0
energy = -28.07196
energy/site = -0.438624375
49.831% accepted

C(L/2,L/2) = 0
energy = -28.347585
energy/site = -0.4429310156
49.892% accepted

C(L/2,L/2) = 0
energy = -28.2390225
energy/site = -0.4412347266
49.428% accepted

C(L/2,L/2) = 0
energy = -28.2569925
energy/site = -0.4415155078
49.115% accepted

C(L/2,L/2) = 0
energy = -28.15122
energy/site = -0.4398628125
49.757% accepted

C(L/2,L/2) = 0
energy = -28.14312
energy/site = -0.43973625
49.483% accepted

C(L/2,L/2) = 0
energy = -28.0288875
energy/site = -0.4379513672
49.094% accepted

C(L/2,L/2) = 0
energy = -28.3951275
energy/site = -0.4436738672
49.865% accepted

C(L/2,L/2) = 0
energy = -28.8256575
energy/site = -0.4504008984
49.777% accepted

C(L/2,L/2) = 0
energy = -28.267605
energy/site = -0.4416813281
49.419% accepted

C(L/2,L/2) = 0
energy = -28.93428
energy/site = -0.452098125
49.492% accepted

C(L/2,L/2) = 0
energy = -28.53399
energy/site = -0.4458435937
49.556% accepted

C(L/2,L/2) = 0
energy = -27.69147
energy/site = -0.4326792187
49.689% accepted

C(L/2,L/2) = 0
energy = -28.360995
energy/site = -0.4431405469
50.377% accepted

C(L/2,L/2) = 0
energy = -28.500615
energy/site = -0.4453221094
50.095% accepted

C(L/2,L/2) = 0
energy = -27.9338925
energy/site = -0.4364670703
49.563% accepted

C(L/2,L/2) = 0
energy = -28.706175
energy/site = -0.4485339844
49.42% accepted

C(L/2,L/2) = 0
energy = -28.6333125
energy/site = -0.4473955078
50.229% accepted

C(L/2,L/2) = 0
energy = -28.46214
energy/site = -0.4447209375
49.577% accepted

C(L/2,L/2) = 0
energy = -28.31646
energy/site = -0.4424446875
49.514% accepted

C(L/2,L/2) = 0
energy = -28.2954975
energy/site = -0.4421171484
49.588% accepted

C(L/2,L/2) = 0
energy = -28.4049975
energy/site = -0.4438280859
49.216% accepted

C(L/2,L/2) = 0
energy = -28.2121125
energy/site = -0.4408142578
49.367% accepted

C(L/2,L/2) = 0
energy = -28.578405
energy/site = -0.4465375781
49.335% accepted

C(L/2,L/2) = 0
energy = -28.4877825
energy/site = -0.4451216016
49.741% accepted

C(L/2,L/2) = 0
energy = -27.9103575
energy/site = -0.4360993359
49.598% accepted

C(L/2,L/2) = 0
energy = -28.3878825
energy/site = -0.4435606641
49.427% accepted

C(L/2,L/2) = 0
energy = -28.2793575
energy/site = -0.4418649609
49.505% accepted

C(L/2,L/2) = 0
energy = -28.1575425
energy/site = -0.4399616016
49.751% accepted

C(L/2,L/2) = 0
energy = -28.1721
energy/site = -0.4401890625
49.671% accepted

C(L/2,L/2) = 0
energy = -28.7717925
energy/site = -0.4495592578
49.755% accepted

C(L/2,L/2) = 0
energy = -28.5601125
energy/site = -0.4462517578
49.41% accepted

C(L/2,L/2) = 0
energy = -28.208715
energy/site = -0.4407611719
49.679% accepted

C(L/2,L/2) = 0
energy = -28.102875
energy/site = -0.4391074219
49.548% accepted

C(L/2,L/2) = 0
energy = -28.1890875
energy/site = -0.4404544922
49.399% accepted

C(L/2,L/2) = 0
energy = -28.72704
energy/site = -0.44886
49.536% accepted

C(L/2,L/2) = 0
energy = -28.1325075
energy/site = -0.4395704297
49.323% accepted

C(L/2,L/2) = 0
energy = -28.3952625
energy/site = -0.4436759766
49.552% accepted

C(L/2,L/2) = 0
energy = -28.1120775
energy/site = -0.4392512109
49.864% accepted

C(L/2,L/2) = 0
energy = -28.28301
energy/site = -0.4419220313
49.887% accepted

C(L/2,L/2) = 0
energy = -28.1995725
energy/site = -0.4406183203
49.325% accepted

C(L/2,L/2) = 0
energy = -28.2730125
energy/site = -0.4417658203
49.682% accepted

C(L/2,L/2) = 0
energy = -28.5621075
energy/site = -0.4462829297
49.639% accepted

C(L/2,L/2) = 0
energy = -28.1460675
energy/site = -0.4397823047
49.886% accepted

C(L/2,L/2) = 0
energy = -28.16577
energy/site = -0.4400901562
49.506% accepted

C(L/2,L/2) = 0
energy = -28.4160975
energy/site = -0.4440015234
50.025% accepted

C(L/2,L/2) = 0
energy = -28.3964925
energy/site = -0.4436951953
49.562% accepted

C(L/2,L/2) = 0
energy = -28.4780625
energy/site = -0.4449697266
49.407% accepted

C(L/2,L/2) = 0
energy = -28.00713
energy/site = -0.4376114063
49.352% accepted

C(L/2,L/2) = 0
energy = -28.26702
energy/site = -0.4416721875
50.155% accepted

C(L/2,L/2) = 0
energy = -28.53948
energy/site = -0.445929375
49.58% accepted

C(L/2,L/2) = 0
energy = -28.7315475
energy/site = -0.4489304297
49.322% accepted

C(L/2,L/2) = 0
energy = -28.388385
energy/site = -0.4435685156
49.654% accepted

C(L/2,L/2) = 0
energy = -28.3087875
energy/site = -0.4423248047
49.712% accepted

C(L/2,L/2) = 0
energy = -28.43595
energy/site = -0.4443117187
50.013% accepted

C(L/2,L/2) = 0
energy = -28.1433225
energy/site = -0.4397394141
49.697% accepted

C(L/2,L/2) = 0
energy = -27.9711975
energy/site = -0.4370499609
50.023% accepted

C(L/2,L/2) = 0
energy = -28.582125
energy/site = -0.4465957031
49.305% accepted

C(L/2,L/2) = 0
energy = -28.14432
energy/site = -0.439755
49.841% accepted

C(L/2,L/2) = 0
energy = -28.194015
energy/site = -0.4405314844
49.732% accepted

C(L/2,L/2) = 0
energy = -28.179765
energy/site = -0.4403088281
49.563% accepted

C(L/2,L/2) = 0
energy = -28.68861
energy/site = -0.4482595313
49.705% accepted

C(L/2,L/2) = 0
energy = -28.27416
energy/site = -0.44178375
50.003% accepted

C(L/2,L/2) = 0
energy = -28.5959175
energy/site = -0.4468112109
49.449% accepted

C(L/2,L/2) = 0
energy = -27.9580125
energy/site = -0.4368439453
49.646% accepted

C(L/2,L/2) = 0
energy = -28.4119275
energy/site = -0.4439363672
49.746% accepted

C(L/2,L/2) = 0
energy = -28.6561125
energy/site = -0.4477517578
49.308% accepted

C(L/2,L/2) = 0
energy = -28.2236925
energy/site = -0.4409951953
49.511% accepted

C(L/2,L/2) = 0
energy = -28.1296725
energy/site = -0.4395261328
49.395% accepted

C(L/2,L/2) = 0
energy = -28.293285
energy/site = -0.4420825781
49.499% accepted

C(L/2,L/2) = 0
energy = -27.97113
energy/site = -0.4370489062
49.324% accepted

C(L/2,L/2) = 0
energy = -28.639605
energy/site = -0.4474938281
49.336% accepted

C(L/2,L/2) = 0
energy = -28.92441
energy/site = -0.4519439063
49.836% accepted

C(L/2,L/2) = 0
energy = -28.3619625
energy/site = -0.4431556641
49.581% accepted

C(L/2,L/2) = 0
energy = -28.0088175
energy/site = -0.4376377734
49.281% accepted

C(L/2,L/2) = 0
energy = -28.3171425
energy/site = -0.4424553516
49.17% accepted

C(L/2,L/2) = 0
energy = -28.590795
energy/site = -0.4467311719
49.665% accepted

C(L/2,L/2) = 0
energy = -27.985425
energy/site = -0.4372722656
49.466% accepted

C(L/2,L/2) = 0
energy = -28.713015
energy/site = -0.4486408594
49.608% accepted

C(L/2,L/2) = 0
energy = -28.3052475
energy/site = -0.4422694922
49.668% accepted

C(L/2,L/2) = 0
energy = -28.37823
energy/site = -0.4434098437
49.926% accepted

C(L/2,L/2) = 0
energy = -28.44429
energy/site = -0.4444420312
49.826% accepted

C(L/2,L/2) = 0
energy = -28.3901775
energy/site = -0.4435965234
49.682% accepted

C(L/2,L/2) = 0
energy = -28.3946325
energy/site = -0.4436661328
49.606% accepted

C(L/2,L/2) = 0
energy = -28.29015
energy/site = -0.4420335938
49.506% accepted

C(L/2,L/2) = 0
energy = -28.5522075
energy/site = -0.4461282422
49.335% accepted

C(L/2,L/2) = 0
energy = -28.0608
energy/site = -0.43845
49.766% accepted

C(L/2,L/2) = 0
energy = -27.9103875
energy/site = -0.4360998047
49.381% accepted

C(L/2,L/2) = 0
energy = -28.121955
energy/site = -0.4394055469
49.927% accepted

C(L/2,L/2) = 0
energy = -28.5704775
energy/site = -0.4464137109
49.657% accepted

C(L/2,L/2) = 0
energy = -28.2883875
energy/site = -0.4420060547
49.374% accepted

C(L/2,L/2) = 0
energy = -28.38261
energy/site = -0.4434782812
49.623% accepted

C(L/2,L/2) = 0
energy = -28.4294325
energy/site = -0.4442098828
50.098% accepted

C(L/2,L/2) = 0
energy = -28.5845925
energy/site = -0.4466342578
49.768% accepted

C(L/2,L/2) = 0
energy = -28.02408
energy/site = -0.43787625
49.16% accepted

C(L/2,L/2) = 0
energy = -28.30194
energy/site = -0.4422178125
49.585% accepted

C(L/2,L/2) = 0
energy = -28.673805
energy/site = -0.4480282031
49.482% accepted

C(L/2,L/2) = 0
energy = -28.33677
energy/site = -0.4427620313
49.805% accepted

C(L/2,L/2) = 0
energy = -28.8190125
energy/site = -0.4502970703
49.481% accepted

C(L/2,L/2) = 0
energy = -28.3255725
energy/site = -0.4425870703
49.437% accepted

C(L/2,L/2) = 0
energy = -27.9578775
energy/site = -0.4368418359
49.768% accepted

C(L/2,L/2) = 0
energy = -27.891465
energy/site = -0.4358041406
48.968% accepted

C(L/2,L/2) = 0
energy = -28.3649475
energy/site = -0.4432023047
49.698% accepted

C(L/2,L/2) = 0
energy = -28.153965
energy/site = -0.4399057031
49.341% accepted

C(L/2,L/2) = 0
energy = -28.19937
energy/site = -0.4406151562
49.517% accepted

C(L/2,L/2) = 0
energy = -28.272405
energy/site = -0.4417563281
49.135% accepted

C(L/2,L/2) = 0
energy = -28.84596
energy/site = -0.450718125
49.641% accepted

C(L/2,L/2) = 0
energy = -28.5887625
energy/site = -0.4466994141
49.406% accepted

C(L/2,L/2) = 0
energy = -28.1424375
energy/site = -0.4397255859
49.298% accepted

C(L/2,L/2) = 0
energy = -28.365345
energy/site = -0.4432085156
49.679% accepted

C(L/2,L/2) = 0
energy = -28.28604
energy/site = -0.441969375
49.645% accepted

C(L/2,L/2) = 0
energy = -28.23807
energy/site = -0.4412198438
49.353% accepted

C(L/2,L/2) = 0
energy = -28.408335
energy/site = -0.4438802344
49.471% accepted

C(L/2,L/2) = 0
energy = -28.2177675
energy/site = -0.4409026172
49.308% accepted


------------------------------------------------------------
Sender: LSF System <lsfadmin@wha490>
Subject: Job 8865118: <./dubproj01L64> Done

Job <./dubproj01L64> was submitted from host <wha780> by user <akallin>.
Job was executed on host(s) <wha490>, in queue <serial>, as user <akallin>.
</home/akallin> was used as the home directory.
</work/akallin/sharcruns/dub_proj/bondlength/01L64> was used as the working directory.
Started at Wed Nov 18 18:56:42 2009
Results reported at Wed Nov 18 19:26:29 2009

Your job looked like:

------------------------------------------------------------
# LSBATCH: User input
./dubproj01L64
------------------------------------------------------------

Successfully completed.

Resource usage summary:

    CPU time   :   1766.75 sec.
    Max Memory :         5 MB
    Max Swap   :       127 MB

    Max Processes  :         4
    Max Threads    :         4

The output (if any) is above this job summary.

