
weighting by <swap_x> where x = 17
10 x 40 x 1 system
r   = 3  bondops changed per step 
n/N = 80  bond operators / site
its = 1000000  iterations/loop for 10000 loops

energy = -7185.767594
energy/site = -8.982209493
44.6634% accepted

energy = -986.7503499
energy/site = -1.233437937
43.7496% accepted

energy = -41.90682001
energy/site = -0.05238352502
43.7415% accepted

energy = -38.23539807
energy/site = -0.04779424758
43.7365% accepted

energy = -11.28689731
energy/site = -0.01410862163
43.7484% accepted

energy = -215.248492
energy/site = -0.269060615
43.7002% accepted

energy = -305.7931836
energy/site = -0.3822414795
43.771% accepted

energy = -297.8496242
energy/site = -0.3723120303
43.6258% accepted

energy = -542.8448065
energy/site = -0.6785560082
43.7735% accepted

energy = -14.09185716
energy/site = -0.01761482145
43.5721% accepted

energy = -545.8805172
energy/site = -0.6823506465
43.5892% accepted

energy = -9.441369704
energy/site = -0.01180171213
43.782% accepted

energy = -127.3865625
energy/site = -0.1592332032
43.7416% accepted

energy = -132.2228454
energy/site = -0.1652785567
43.5816% accepted

energy = -1030.568259
energy/site = -1.288210324
43.7519% accepted

energy = -706.0532859
energy/site = -0.8825666074
43.5496% accepted

energy = -106.5901245
energy/site = -0.1332376556
43.8389% accepted

energy = -233.1206482
energy/site = -0.2914008103
43.6332% accepted

energy = -144.8436355
energy/site = -0.1810545443
43.5886% accepted

energy = -377.7998917
energy/site = -0.4722498647
43.5852% accepted

energy = -13135.88714
energy/site = -16.41985893
43.6607% accepted

energy = -49.03810596
energy/site = -0.06129763245
43.6091% accepted

energy = -537.5394266
energy/site = -0.6719242833
43.6963% accepted

energy = -4.292169119
energy/site = -0.005365211399
43.8204% accepted

energy = -179.4985123
energy/site = -0.2243731404
43.6751% accepted

energy = -195.9068038
energy/site = -0.2448835047
43.7243% accepted

energy = -501.7272873
energy/site = -0.6271591092
43.8331% accepted

energy = -2353.025958
energy/site = -2.941282448
43.6022% accepted

energy = -1018.548923
energy/site = -1.273186153
43.8167% accepted

