
weighting by <swap_x> where x = 15
11 x 40 x 1 system
r   = 3  bondops changed per step 
n/N = 80  bond operators / site
its = 1000000  iterations/loop for 100000 loops

energy = -3298.452239
energy/site = -3.74824118
44.8667% accepted

energy = -19.73309075
energy/site = -0.02242396676
43.8758% accepted

energy = -362.4487765
energy/site = -0.4118736097
43.8373% accepted

energy = -6.938043226
energy/site = -0.007884140029
43.9255% accepted

energy = -12.55138988
energy/site = -0.01426294305
43.9111% accepted

energy = -20.09764505
energy/site = -0.02283823301
43.8748% accepted

energy = -74.47531887
energy/site = -0.08463104417
43.7856% accepted

energy = -348.1977131
energy/site = -0.3956792195
43.7872% accepted

energy = -1.424664268
energy/site = -0.001618936669
43.9448% accepted

energy = -97.15955531
energy/site = -0.1104085856
43.9507% accepted

energy = -40.88901232
energy/site = -0.04646478672
43.9285% accepted

energy = -0.8521181649
energy/site = -0.0009683160965
43.8044% accepted

energy = -0.1509785909
energy/site = -0.0001715665806
43.9427% accepted

energy = -24.93625905
energy/site = -0.02833665801
43.838% accepted

energy = -1440.734755
energy/site = -1.637198586
43.7922% accepted

energy = -0.9076603742
energy/site = -0.001031432243
43.9787% accepted

energy = -0.8260466877
energy/site = -0.0009386894179
43.8348% accepted

energy = -6.686394899
energy/site = -0.007598176022
43.7499% accepted

energy = -8.296951323
energy/site = -0.009428353777
43.7842% accepted

energy = -0.158499281
energy/site = -0.0001801128194
43.8828% accepted

energy = -469.3683289
energy/site = -0.533373101
43.8398% accepted

energy = -2912.006348
energy/site = -3.309098122
43.9149% accepted

energy = -0.6448869782
energy/site = -0.0007328261116
43.9483% accepted

energy = -1.274908321
energy/site = -0.001448759456
43.7256% accepted

energy = -14.26766468
energy/site = -0.01621325532
43.7134% accepted

energy = -0.203797848
energy/site = -0.0002315884636
43.9417% accepted

energy = -5.637716621
energy/site = -0.006406496161
43.6611% accepted

energy = -12.8505838
energy/site = -0.01460293614
43.936% accepted

energy = -128.898039
energy/site = -0.1464750443
43.8444% accepted

energy = -228.426182
energy/site = -0.2595752068
43.9742% accepted

energy = -15.61577902
energy/site = -0.01774520343
43.8771% accepted

energy = -6.090000574
energy/site = -0.006920455198
43.6905% accepted

energy = -1.634203919
energy/site = -0.001857049908
43.7827% accepted

energy = -1471.067632
energy/site = -1.671667764
43.831% accepted

energy = -66.6015316
energy/site = -0.07568355864
43.9255% accepted

energy = -99.40546262
energy/site = -0.112960753
43.8233% accepted

energy = -13.78745996
energy/site = -0.01566756813
43.9785% accepted

energy = -0.7211252189
energy/site = -0.0008194604761
43.8412% accepted

energy = -29.25947956
energy/site = -0.03324940859
43.9243% accepted

energy = -0.7490005469
energy/site = -0.0008511369851
43.804% accepted

energy = -137.8854202
energy/site = -0.1566879775
43.8262% accepted

energy = -15.46926695
energy/site = -0.01757871244
43.8742% accepted

energy = -3.5982102
energy/site = -0.004088875227
43.9928% accepted

energy = -11.76820388
energy/site = -0.01337295896
43.9296% accepted

energy = -2.679552773
energy/site = -0.003044946332
44.0302% accepted

energy = -116.2201217
energy/site = -0.1320683201
43.7421% accepted

energy = -72.29563566
energy/site = -0.08215413143
43.7141% accepted

energy = -14.56274201
energy/site = -0.01654857046
43.7101% accepted

energy = -3.361219263
energy/site = -0.003819567345
43.7911% accepted

energy = -0.3765591934
energy/site = -0.0004279081743
43.8349% accepted

energy = -130.7798794
energy/site = -0.1486134993
43.8697% accepted

energy = -367.5882289
energy/site = -0.4177138965
43.7828% accepted

energy = -53.03858254
energy/site = -0.06027111653
43.9191% accepted

energy = -10.0583947
energy/site = -0.01142999397
43.7438% accepted

energy = -0.9584398549
energy/site = -0.001089136199
43.7501% accepted

energy = -17.88710373
energy/site = -0.02032625423
43.7446% accepted

energy = -7.457215267
energy/site = -0.008474108258
43.8315% accepted

energy = -2.545630234
energy/site = -0.002892761629
43.9522% accepted

energy = -0.8211464304
energy/site = -0.0009331209436
43.96% accepted

energy = -2.078314306
energy/site = -0.002361720803
43.744% accepted

energy = -10.40901852
energy/site = -0.01182843013
43.9543% accepted

energy = -269.3353747
energy/site = -0.3060629258
43.7893% accepted

energy = -1634.505137
energy/site = -1.857392201
43.9034% accepted

energy = -94.5855915
energy/site = -0.1074836267
43.9502% accepted

energy = -88077.87603
energy/site = -100.0884955
44.0934% accepted

energy = -64.82099608
energy/site = -0.07366022282
43.9685% accepted

energy = -300.2453052
energy/site = -0.3411878469
43.8125% accepted

energy = -22.64619481
energy/site = -0.02573431229
44.0114% accepted

energy = -4.188114815
energy/site = -0.00475922138
43.836% accepted

energy = -148.8711203
energy/site = -0.1691717277
43.9479% accepted

energy = -11.11516968
energy/site = -0.01263087464
43.7141% accepted

energy = -17.15602561
energy/site = -0.01949548365
43.8302% accepted

energy = -35.81762116
energy/site = -0.04070184222
43.7939% accepted

energy = -1.311843791
energy/site = -0.001490731581
43.9233% accepted

energy = -27.11982734
energy/site = -0.03081798562
43.9431% accepted

energy = -83.93893317
energy/site = -0.09538515133
43.8957% accepted

energy = -3.340105639
energy/site = -0.00379557459
43.9144% accepted

energy = -94.19544401
energy/site = -0.1070402773
43.7421% accepted

energy = -8049.611241
energy/site = -9.147285502
43.9229% accepted

energy = -0.2989136703
energy/site = -0.0003396746254
43.8182% accepted

energy = -547.2787823
energy/site = -0.6219077072
43.8545% accepted

energy = -1.157247482
energy/site = -0.001315053956
43.903% accepted

energy = -273.3470601
energy/site = -0.3106216591
43.8702% accepted

energy = -8.031611215
energy/site = -0.009126830926
43.893% accepted

energy = -198.9363511
energy/site = -0.2260640353
43.9473% accepted

energy = -4.355878033
energy/site = -0.004949861401
43.8501% accepted

energy = -29.45440888
energy/site = -0.03347091918
43.9057% accepted

energy = -317.5582435
energy/site = -0.3608616404
43.8803% accepted

energy = -7.020250673
energy/site = -0.007977557583
43.862% accepted

energy = -8.738005507
energy/site = -0.009929551713
43.8758% accepted

energy = -2.133372869
energy/site = -0.002424287351
43.8487% accepted

energy = -2.161896172
energy/site = -0.002456700196
43.8241% accepted

energy = -260.1604731
energy/site = -0.2956369013
43.8108% accepted

energy = -29.38941993
energy/site = -0.0333970681
43.9991% accepted

energy = -0.8220616977
energy/site = -0.0009341610201
43.9376% accepted

energy = -7.14123286
energy/site = -0.008115037341
43.7499% accepted

energy = -92.37607265
energy/site = -0.1049728098
44.0247% accepted

energy = -0.2810363576
energy/site = -0.0003193594973
43.8378% accepted

energy = -10.7690633
energy/site = -0.01223757193
43.8904% accepted

energy = -13.44577703
energy/site = -0.01527929207
43.7629% accepted

energy = -22.94574342
energy/site = -0.02607470843
43.9101% accepted

energy = -225.8375985
energy/site = -0.2566336347
43.838% accepted

energy = -1.551003957
energy/site = -0.001762504496
43.9553% accepted

energy = -7.800944558
energy/site = -0.008864709724
43.9432% accepted

energy = -217.4023792
energy/site = -0.2470481582
43.7226% accepted

energy = -60.6741663
energy/site = -0.06894791625
43.9286% accepted

energy = -1024.835173
energy/site = -1.164585424
44.018% accepted

energy = -3.794304338
energy/site = -0.004311709475
43.8617% accepted

energy = -9.486599429
energy/site = -0.01078022662
43.7881% accepted

energy = -186.0214756
energy/site = -0.2113880404
43.7219% accepted

energy = -793.9218526
energy/site = -0.9021839234
43.8582% accepted

energy = -46.21976533
energy/site = -0.0525224606
43.7626% accepted

energy = -36.57398839
energy/site = -0.04156135044
43.9022% accepted

energy = -0.1728102096
energy/site = -0.0001963752382
43.7229% accepted

energy = -33.29539169
energy/site = -0.03783567238
43.8588% accepted

energy = -37.21566056
energy/site = -0.04229052336
43.8192% accepted

energy = -99.95557792
energy/site = -0.113585884
43.6432% accepted

energy = -0.5940905937
energy/site = -0.0006751029474
43.9547% accepted

energy = -6166.998809
energy/site = -7.007953192
43.9994% accepted

energy = -5.797157439
energy/site = -0.006587678908
43.8531% accepted

energy = -0.7887266005
energy/site = -0.0008962802278
43.9448% accepted

energy = -2.960318237
energy/site = -0.003363997997
43.8649% accepted

energy = -9.759112642
energy/site = -0.01108990073
43.7959% accepted

energy = -144.932536
energy/site = -0.1646960637
43.9941% accepted

energy = -15.59867669
energy/site = -0.01772576896
43.824% accepted

energy = -50.66668018
energy/site = -0.05757577293
43.8529% accepted

energy = -81.71995737
energy/site = -0.09286358792
43.9197% accepted

energy = -0.02314791247
energy/site = -2.630444599e-05
43.7884% accepted

energy = -8.463746603
energy/site = -0.009617893867
43.9243% accepted

energy = -7.991833707
energy/site = -0.009081629213
43.9163% accepted

energy = -12203.6915
energy/site = -13.86783125
43.9709% accepted

energy = -3.255477622
energy/site = -0.003699406389
43.8387% accepted

energy = -34.45866804
energy/site = -0.03915757732
43.9803% accepted

energy = -1.386625147
energy/site = -0.001575710394
43.8131% accepted

energy = -3.131721698
energy/site = -0.003558774656
43.771% accepted

energy = -1.415127093
energy/site = -0.00160809897
43.7477% accepted

energy = -15.37706056
energy/site = -0.01747393245
43.8833% accepted

energy = -163.4130286
energy/site = -0.1856966234
43.8379% accepted

energy = -382.2737813
energy/site = -0.4344020242
43.9487% accepted

energy = -45.39661493
energy/site = -0.05158706243
43.8679% accepted

energy = -13.46809311
energy/site = -0.01530465126
43.9693% accepted

energy = -426.3837541
energy/site = -0.4845269933
43.8087% accepted

energy = -48.11405325
energy/site = -0.05467506051
43.9562% accepted

energy = -25.67633022
energy/site = -0.02917764798
43.8491% accepted

energy = -1664.548784
energy/site = -1.891532709
43.7289% accepted

energy = -9.118944781
energy/site = -0.01036243725
43.9126% accepted

energy = -33.33518083
energy/site = -0.03788088731
43.8741% accepted

energy = -20024.97942
energy/site = -22.75565844
43.9069% accepted

energy = -44.5104573
energy/site = -0.05058006512
43.7063% accepted

energy = -8.026436074
energy/site = -0.009120950084
43.9032% accepted

energy = -58.86738435
energy/site = -0.06689475494
43.661% accepted

energy = -262.7092158
energy/site = -0.2985331998
43.8931% accepted

energy = -100.3327753
energy/site = -0.1140145174
43.7773% accepted

energy = -6.606845284
energy/site = -0.007507778732
43.7497% accepted

energy = -12.98402808
energy/site = -0.01475457736
43.9615% accepted

energy = -0.5917594437
energy/site = -0.0006724539133
43.8719% accepted

energy = -7.416678262
energy/site = -0.008428043479
44.0109% accepted

energy = -11.1922207
energy/site = -0.01271843262
43.9046% accepted

energy = -34.31449558
energy/site = -0.03899374498
43.7527% accepted

energy = -110.5824478
energy/site = -0.1256618725
43.8774% accepted

energy = -30.44934009
energy/site = -0.03460152283
43.9407% accepted

energy = -13.63266297
energy/site = -0.01549166247
43.8579% accepted

energy = -1.360272199
energy/site = -0.001545763862
43.8545% accepted

energy = -221.8703927
energy/site = -0.2521254463
43.8801% accepted

energy = -3.038943417
energy/site = -0.003453344792
44.0346% accepted

energy = -2318.652265
energy/site = -2.63483212
43.842% accepted

energy = -52.11097075
energy/site = -0.05921701222
43.7595% accepted

energy = -125.8603018
energy/site = -0.1430230703
43.8253% accepted

energy = -323.0130081
energy/site = -0.3670602365
43.7902% accepted

energy = -258.738371
energy/site = -0.2940208762
43.8875% accepted

energy = -270.6036809
energy/site = -0.3075041829
43.7758% accepted

energy = -1.901962826
energy/site = -0.002161321394
43.9131% accepted

energy = -9.993736359
energy/site = -0.01135651859
43.8408% accepted

energy = -5.723007111
energy/site = -0.006503417171
43.7379% accepted

energy = -0.5447454838
energy/site = -0.0006190289588
43.9033% accepted

energy = -4.007498919
energy/site = -0.004553976044
43.8786% accepted

energy = -3.829444199
energy/site = -0.004351641135
44.0583% accepted

energy = -8.589955432
energy/site = -0.009761312991
43.9189% accepted

energy = -89.44953268
energy/site = -0.1016471962
43.8788% accepted

energy = -1.43427119
energy/site = -0.001629853625
43.6712% accepted

energy = -16.59641027
energy/site = -0.01885955712
43.8922% accepted

energy = -5.705715318
energy/site = -0.006483767407
43.8792% accepted

energy = -745.68724
energy/site = -0.8473718637
44.0809% accepted

energy = -50.01626949
energy/site = -0.05683666987
43.7196% accepted

energy = -4005.795719
energy/site = -4.552040589
43.9032% accepted

energy = -291.8635444
energy/site = -0.3316631186
43.8935% accepted

energy = -27.30186117
energy/site = -0.03102484223
43.9026% accepted

energy = -36.80514967
energy/site = -0.04182403372
43.8182% accepted

energy = -7.740124465
energy/site = -0.008795595982
43.7521% accepted

energy = -6.731772783
energy/site = -0.007649741799
43.9504% accepted

energy = -340.1036573
energy/site = -0.3864814288
43.7499% accepted

energy = -47.58707353
energy/site = -0.05407621992
43.7937% accepted

energy = -2.22936736
energy/site = -0.002533372
43.9649% accepted

energy = -387.9096775
energy/site = -0.4408064517
43.764% accepted

energy = -781.036627
energy/site = -0.8875416216
43.9327% accepted

energy = -39.09238294
energy/site = -0.04442316243
43.8944% accepted

energy = -52.97093604
energy/site = -0.0601942455
43.8471% accepted

energy = -21.74546699
energy/site = -0.02471075794
43.7277% accepted

energy = -3.603994175
energy/site = -0.004095447926
43.8123% accepted

energy = -3.378539316
energy/site = -0.003839249223
43.7772% accepted

energy = -14.40614307
energy/site = -0.01637061712
43.8175% accepted

energy = -43.67524261
energy/site = -0.04963095751
43.6868% accepted

energy = -1.398937269
energy/site = -0.001589701442
43.8807% accepted

energy = -33.30793229
energy/site = -0.03784992306
43.8978% accepted

energy = -122.1103639
energy/site = -0.1387617771
43.9429% accepted

energy = -25.15361451
energy/site = -0.02858365285
43.9524% accepted

energy = -98.50470593
energy/site = -0.1119371658
43.8172% accepted

energy = -524.7084785
energy/site = -0.5962596347
43.7971% accepted

energy = -46.04047117
energy/site = -0.05231871723
44.0166% accepted

energy = -27.97477811
energy/site = -0.03178952058
43.7382% accepted

energy = -217.7095837
energy/site = -0.2473972542
43.7264% accepted

energy = -37.77497112
energy/site = -0.04292610355
44.037% accepted

energy = -2.821910425
energy/site = -0.003206716392
43.6957% accepted

energy = -95.36208037
energy/site = -0.1083660004
43.7818% accepted

energy = -5721.056677
energy/site = -6.50120077
43.8617% accepted

energy = -697.9550431
energy/site = -0.7931307308
43.8808% accepted

energy = -71.07186796
energy/site = -0.08076348632
43.8744% accepted

energy = -46.21425854
energy/site = -0.05251620289
43.8136% accepted

energy = -8.396774652
energy/site = -0.009541789378
44.0156% accepted

energy = -3729.271555
energy/site = -4.237808585
43.8652% accepted

energy = -4.67977569
energy/site = -0.00531792692
43.9502% accepted

energy = -37.48162656
energy/site = -0.04259275745
43.8939% accepted

energy = -23.90815008
energy/site = -0.02716835236
43.8477% accepted

energy = -6.171460527
energy/site = -0.007013023326
43.9266% accepted

energy = -1.171720973
energy/site = -0.001331501106
43.7952% accepted

energy = -109.6205951
energy/site = -0.1245688581
43.8718% accepted

energy = -5.090602124
energy/site = -0.005784775141
43.8564% accepted

energy = -88.27939888
energy/site = -0.1003174987
43.7298% accepted

User defined signal 2

------------------------------------------------------------
Sender: LSF System <lsfadmin@wha672>
Subject: Job 3908583: <./torus15> Exited

Job <./torus15> was submitted from host <wha780> by user <akallin>.
Job was executed on host(s) <wha672>, in queue <serial>, as user <akallin>.
</home/akallin> was used as the home directory.
</work/akallin/TORUS/OBC/11leg/15> was used as the working directory.
Started at Sat Jun 26 17:02:15 2010
Results reported at Sat Jul  3 16:40:14 2010

Your job looked like:

------------------------------------------------------------
# LSBATCH: User input
./torus15
------------------------------------------------------------

TERM_RUNLIMIT: job killed after reaching LSF run time limit.
Exited with exit code 140.

Resource usage summary:

    CPU time   : 418567.00 sec.
    Max Memory :         6 MB
    Max Swap   :       122 MB

    Max Processes  :         4
    Max Threads    :         4

The output (if any) is above this job summary.


weighting by <swap_x> where x = 15
11 x 40 x 1 system
r   = 3  bondops changed per step 
n/N = 80  bond operators / site
its = 1000000  iterations/loop for 100000 loops

energy = -9.500495716
energy/site = -0.01079601786
43.8625% accepted

energy = -25.84167616
energy/site = -0.02936554109
43.861% accepted

energy = -51.89326471
energy/site = -0.05896961899
44.0998% accepted

energy = -766.3492859
energy/site = -0.8708514612
43.7666% accepted

energy = -0.3867938983
energy/site = -0.0004395385208
43.9375% accepted

energy = -1.14621367
energy/site = -0.001302515534
43.8591% accepted

energy = -343.2514709
energy/site = -0.3900584896
43.8813% accepted

energy = -97.739444
energy/site = -0.11106755
43.8035% accepted

energy = -19.33967892
energy/site = -0.02197690787
43.8649% accepted

energy = -4.136863215
energy/site = -0.004700980926
43.7517% accepted

energy = -0.1319048215
energy/site = -0.0001498918426
43.8281% accepted

energy = -3.268335023
energy/site = -0.003714017072
43.7665% accepted

energy = -11.07394064
energy/site = -0.01258402346
43.8952% accepted

energy = -1.728463148
energy/site = -0.001964162668
43.7742% accepted

energy = -0.5290530049
energy/site = -0.0006011965965
43.9414% accepted

energy = -4158.746707
energy/site = -4.725848531
43.8328% accepted

energy = -26.86415848
energy/site = -0.03052745282
43.659% accepted

energy = -5.003115
energy/site = -0.005685357954
43.8994% accepted

energy = -15.8711187
energy/site = -0.01803536216
43.9901% accepted

energy = -6.156479284
energy/site = -0.006995999186
44.0725% accepted

energy = -957.9199622
energy/site = -1.088545412
43.8598% accepted

energy = -74.57707256
energy/site = -0.08474667336
43.7761% accepted

energy = -243.4907355
energy/site = -0.2766940177
43.8927% accepted

energy = -86.92193669
energy/site = -0.09877492806
43.9867% accepted

energy = -41613.11644
energy/site = -47.28763231
43.8633% accepted

energy = -177.9351894
energy/site = -0.2021990789
43.9166% accepted

energy = -1.223341527
energy/site = -0.001390160826
43.9859% accepted

energy = -20.94037739
energy/site = -0.02379588339
43.777% accepted

energy = -118.3791549
energy/site = -0.1345217669
43.9437% accepted

energy = -2.212425515
energy/site = -0.002514119904
43.909% accepted

energy = -1.162769603
energy/site = -0.001321329094
43.93% accepted

energy = -2.536374151
energy/site = -0.002882243353
43.7966% accepted

energy = -1.746948227
energy/site = -0.00198516844
43.9683% accepted

energy = -7.865271371
energy/site = -0.008937808376
43.7169% accepted

energy = -8.126273461
energy/site = -0.00923440166
43.8229% accepted

energy = -450.5737397
energy/site = -0.5120156132
43.9466% accepted

energy = -3.672936094
energy/site = -0.004173791016
43.7384% accepted

energy = -0.7949021993
energy/site = -0.0009032979538
43.923% accepted

energy = -262.3299012
energy/site = -0.2981021605
43.8448% accepted

energy = -141.5867459
energy/site = -0.1608940294
43.9136% accepted

energy = -195.8969429
energy/site = -0.2226101624
43.9678% accepted

energy = -219.5439809
energy/site = -0.2494817965
43.8557% accepted

energy = -6.480327429
energy/site = -0.007364008442
43.8204% accepted

energy = -2.419530673
energy/site = -0.002749466674
43.7326% accepted

energy = -1.837240665
energy/site = -0.002087773483
43.8454% accepted

energy = -7.752557691
energy/site = -0.008809724649
43.7245% accepted

energy = -246.9032887
energy/site = -0.280571919
43.8803% accepted

energy = -104.9306221
energy/site = -0.1192393433
43.8671% accepted

energy = -28.09514389
energy/site = -0.03192629987
43.8799% accepted

energy = -50.10244884
energy/site = -0.05693460095
43.7918% accepted

energy = -48.27830976
energy/site = -0.05486171564
43.8586% accepted

energy = -0.4540026768
energy/site = -0.0005159121327
43.9011% accepted

energy = -43.47915701
energy/site = -0.04940813297
44.0695% accepted

energy = -4.735259821
energy/site = -0.005380977069
43.9384% accepted

energy = -0.4445514702
energy/site = -0.0005051721252
43.8029% accepted

energy = -170.1132212
energy/site = -0.1933104786
43.8383% accepted

energy = -0.329941231
energy/site = -0.000374933217
43.8118% accepted

energy = -11.38707034
energy/site = -0.01293985266
43.8426% accepted

energy = -3.745410882
energy/site = -0.004256148729
43.891% accepted

energy = -9.521101753
energy/site = -0.01081943381
43.9487% accepted

energy = -19.46178242
energy/site = -0.02211566184
43.7908% accepted

energy = -3158.300209
energy/site = -3.588977511
43.7645% accepted

energy = -0.4195715229
energy/site = -0.0004767858214
44.0451% accepted

energy = -3.999801247
energy/site = -0.00454522869
43.7924% accepted

energy = -2.393121197
energy/site = -0.002719455906
43.759% accepted

energy = -232.608117
energy/site = -0.2643274056
43.895% accepted

energy = -1.843102682
energy/site = -0.002094434866
43.7034% accepted

energy = -9.420071514
energy/site = -0.01070462672
44.0035% accepted

energy = -237.9353722
energy/site = -0.2703811048
43.9168% accepted

energy = -2.191226821
energy/site = -0.002490030479
43.8538% accepted

energy = -76.81730671
energy/site = -0.08729239399
43.8235% accepted

energy = -6.990011546
energy/site = -0.007943194938
43.7951% accepted

energy = -2.188707562
energy/site = -0.002487167684
43.9144% accepted

energy = -0.5615042593
energy/site = -0.0006380730219
43.841% accepted

energy = -4.764390429
energy/site = -0.005414080033
43.6545% accepted

energy = -0.260926143
energy/site = -0.0002965069807
43.9322% accepted

energy = -0.7674109998
energy/site = -0.0008720579544
43.7607% accepted

energy = -6.86924959
energy/site = -0.007805965443
43.9511% accepted

energy = -605.356234
energy/site = -0.6879048114
43.8356% accepted

energy = -15.21516554
energy/site = -0.01728996084
43.7984% accepted

energy = -3.521557364
energy/site = -0.004001769732
43.7361% accepted

energy = -68.19964182
energy/site = -0.07749959298
43.8428% accepted

energy = -18.98889216
energy/site = -0.02157828655
43.7984% accepted

energy = -4.957829745
energy/site = -0.005633897438
43.9174% accepted

energy = -4.128834648
energy/site = -0.004691857554
43.9019% accepted

energy = -3467.311788
energy/site = -3.940127032
43.9093% accepted

energy = -20.05249703
energy/site = -0.02278692844
43.7582% accepted

energy = -13.71758332
energy/site = -0.01558816286
44.0247% accepted

energy = -39.23666278
energy/site = -0.0445871168
43.7304% accepted

energy = -4.809904974
energy/site = -0.005465801107
43.8418% accepted

energy = -540.0860208
energy/site = -0.6137341146
43.7857% accepted

energy = -50.10318445
energy/site = -0.05693543688
43.8891% accepted

energy = -3.344566834
energy/site = -0.00380064413
43.9226% accepted

energy = -1.881989951
energy/site = -0.002138624944
43.7653% accepted

energy = -16.62115295
energy/site = -0.0188876738
43.7124% accepted

energy = -268.437664
energy/site = -0.3050428
43.7892% accepted

energy = -3360.661452
energy/site = -3.818933468
43.867% accepted

energy = -13437.20332
energy/site = -15.26954922
43.7496% accepted

energy = -21.25038436
energy/site = -0.02414816405
43.8315% accepted

energy = -7.830233694
energy/site = -0.008897992834
43.9863% accepted

energy = -0.2905639584
energy/site = -0.0003301863164
43.9382% accepted

energy = -422.6138596
energy/site = -0.4802430222
43.972% accepted

energy = -6.624241765
energy/site = -0.00752754746
43.8984% accepted

energy = -5.296943976
energy/site = -0.006019254519
43.9224% accepted

energy = -175.7442484
energy/site = -0.1997093732
43.8872% accepted

energy = -10.6757434
energy/site = -0.01213152659
43.9212% accepted

energy = -1.370883067
energy/site = -0.001557821667
43.7911% accepted

energy = -3.179574379
energy/site = -0.003613152703
43.9291% accepted

energy = -0.4885687034
energy/site = -0.0005551917084
43.8516% accepted

energy = -1352.828226
energy/site = -1.537304802
43.7806% accepted

energy = -1475.003492
energy/site = -1.676140332
43.7633% accepted

energy = -0.6893433373
energy/site = -0.0007833447015
43.7885% accepted

energy = -5.667633648
energy/site = -0.006440492782
43.898% accepted

energy = -3.700732762
energy/site = -0.004205378139
43.8208% accepted

energy = -45.86726687
energy/site = -0.05212189417
43.8456% accepted

energy = -531.3887568
energy/site = -0.60385086
43.7877% accepted

energy = -75.52943924
energy/site = -0.08582890823
43.8316% accepted

energy = -24.47253658
energy/site = -0.02780970066
43.8965% accepted

energy = -357.5930744
energy/site = -0.4063557663
43.8636% accepted

energy = -4.948591693
energy/site = -0.005623399651
43.9296% accepted

energy = -25.29943717
energy/site = -0.02874936042
43.8224% accepted

energy = -1.007850012
energy/site = -0.001145284105
43.8913% accepted

energy = -40.17533045
energy/site = -0.0456537846
43.8258% accepted

energy = -27.17620104
energy/site = -0.03088204663
43.91% accepted

energy = -1592.699903
energy/site = -1.809886253
43.8848% accepted

energy = -47.70361439
energy/site = -0.05420865271
44.0062% accepted

energy = -768.0891187
energy/site = -0.872828544
43.6866% accepted

energy = -60.13296475
energy/site = -0.06833291448
43.8899% accepted

energy = -2.411181785
energy/site = -0.002739979301
43.8392% accepted

energy = -9.577631259
energy/site = -0.01088367188
43.7875% accepted

energy = -205.6493633
energy/site = -0.2336924583
43.8518% accepted

energy = -1.038041357
energy/site = -0.001179592451
43.7457% accepted

energy = -10.0809271
energy/site = -0.01145559898
43.7625% accepted

energy = -37.00271138
energy/site = -0.04204853566
43.8243% accepted

energy = -49.84292466
energy/site = -0.05663968711
43.9655% accepted

energy = -6.488148667
energy/site = -0.007372896213
43.9752% accepted

energy = -14.10966954
energy/site = -0.01603371539
43.869% accepted

energy = -50.23502835
energy/site = -0.05708525949
43.8407% accepted

energy = -2.59739552
energy/site = -0.002951585819
43.8811% accepted

energy = -5.497141755
energy/site = -0.006246751994
43.804% accepted

energy = -12.12961706
energy/site = -0.01378365575
43.8433% accepted

energy = -30.75160806
energy/site = -0.03494500916
43.8328% accepted

energy = -893.7717341
energy/site = -1.015649698
43.8705% accepted

energy = -28.97331855
energy/site = -0.03292422563
43.862% accepted

energy = -11.97834256
energy/site = -0.01361175291
43.9716% accepted

energy = -7.781426315
energy/site = -0.008842529903
43.8461% accepted

energy = -11.94005244
energy/site = -0.01356824141
43.8105% accepted

energy = -0.2116277722
energy/site = -0.0002404861048
43.8071% accepted

energy = -30.0059257
energy/site = -0.03409764284
43.9166% accepted

energy = -3313.72787
energy/site = -3.765599852
43.7116% accepted

energy = -9.120535989
energy/site = -0.01036424544
43.8108% accepted

energy = -35.76985171
energy/site = -0.04064755877
43.908% accepted

energy = -0.7746048622
energy/site = -0.000880232798
43.7366% accepted

energy = -83.85154007
energy/site = -0.09528584099
43.8511% accepted

energy = -39.74488513
energy/site = -0.04516464219
43.8119% accepted

energy = -4.312681756
energy/site = -0.004900774723
43.9893% accepted

energy = -0.894893691
energy/site = -0.001016924649
43.9064% accepted

energy = -56.63162142
energy/site = -0.06435411525
43.8194% accepted

energy = -16.94498981
energy/site = -0.01925567024
43.7934% accepted

energy = -48.30923086
energy/site = -0.05489685325
43.941% accepted

energy = -4.036110223
energy/site = -0.00458648889
43.9531% accepted

energy = -32.29271518
energy/site = -0.03669626725
43.7932% accepted

energy = -47.71203728
energy/site = -0.05421822419
43.8992% accepted

energy = -18.97582171
energy/site = -0.02156343376
43.889% accepted

energy = -7.849496288
energy/site = -0.008919882146
43.8813% accepted

energy = -25.75694177
energy/site = -0.02926925202
43.7558% accepted

energy = -318.4322741
energy/site = -0.361854857
43.8036% accepted

energy = -61.00033201
energy/site = -0.0693185591
43.7851% accepted

energy = -97.70686308
energy/site = -0.1110305262
43.8824% accepted

energy = -5.566033253
energy/site = -0.006325037787
43.7812% accepted

energy = -6.11688952
energy/site = -0.006951010818
43.7386% accepted

energy = -82.69942057
energy/site = -0.09397661428
43.8048% accepted

energy = -5539.072064
energy/site = -6.294400073
43.8245% accepted

energy = -0.1320120477
energy/site = -0.0001500136906
43.7268% accepted

energy = -0.1817703452
energy/site = -0.0002065572105
43.8733% accepted

energy = -4.754051201
energy/site = -0.00540233091
43.8839% accepted

energy = -460.0428232
energy/site = -0.5227759354
43.8832% accepted

energy = -13.97114513
energy/site = -0.01587630128
43.9845% accepted

energy = -0.634363765
energy/site = -0.0007208679148
43.7872% accepted

energy = -12.42643252
energy/site = -0.01412094605
43.9065% accepted

energy = -2.162297138
energy/site = -0.002457155838
43.8584% accepted

energy = -49.30329393
energy/site = -0.05602647038
43.9323% accepted

energy = -29.59885847
energy/site = -0.03363506644
43.7723% accepted

energy = -22.50465942
energy/site = -0.02557347661
43.9181% accepted

energy = -11.46604923
energy/site = -0.0130296014
43.9204% accepted

energy = -675.4232734
energy/site = -0.7675264471
43.6594% accepted

energy = -6.791125165
energy/site = -0.007717187687
43.9712% accepted

energy = -28.220332
energy/site = -0.03206855909
43.8% accepted

energy = -15699.19112
energy/site = -17.83998991
43.982% accepted

energy = -29.68010067
energy/site = -0.03372738713
43.7978% accepted

energy = -0.7260675013
energy/site = -0.000825076706
43.7217% accepted

energy = -367.5892845
energy/site = -0.4177150961
43.8646% accepted

energy = -13.97543822
energy/site = -0.0158811798
44.0114% accepted

energy = -0.9092719206
energy/site = -0.001033263546
43.7991% accepted

energy = -30.47678039
energy/site = -0.03463270499
43.8314% accepted

energy = -4.240907324
energy/site = -0.004819212868
43.8499% accepted

energy = -241.4270541
energy/site = -0.2743489251
43.9289% accepted

energy = -2.035737734
energy/site = -0.002313338334
43.9187% accepted

energy = -106.9013555
energy/site = -0.1214788131
43.8648% accepted

energy = -0.4297958068
energy/site = -0.0004884043259
43.944% accepted

energy = -9482.433036
energy/site = -10.77549209
43.9174% accepted

energy = -20.89571361
energy/site = -0.0237451291
43.8398% accepted

energy = -551.3803785
energy/site = -0.626568612
43.7812% accepted

energy = -13.55089541
energy/site = -0.01539874479
43.8714% accepted

energy = -82.22229186
energy/site = -0.09343442257
43.8641% accepted

energy = -1.265515217
energy/site = -0.001438085473
43.8426% accepted

energy = -4.137643033
energy/site = -0.004701867083
43.8847% accepted

energy = -8.13573993
energy/site = -0.009245159011
43.8063% accepted

energy = -33.18503186
energy/site = -0.03771026348
43.7656% accepted

energy = -4.519032699
energy/site = -0.00513526443
43.8941% accepted

energy = -362.0981612
energy/site = -0.4114751832
43.7962% accepted

energy = -165.6528869
energy/site = -0.1882419169
43.8554% accepted

energy = -15.65046455
energy/site = -0.0177846188
43.7022% accepted

energy = -0.4738849828
energy/site = -0.0005385056623
43.9636% accepted

energy = -26.67848152
energy/site = -0.03031645628
43.8364% accepted

energy = -5299.074996
energy/site = -6.021676132
43.9117% accepted

energy = -9.122686084
energy/site = -0.01036668873
44.0427% accepted

energy = -5.214581029
energy/site = -0.00592566026
43.8775% accepted

energy = -205.8029725
energy/site = -0.2338670143
43.791% accepted

energy = -156.7637352
energy/site = -0.1781406082
43.856% accepted

energy = -3.198704747
energy/site = -0.003634891758
43.9151% accepted

energy = -4.92169764
energy/site = -0.005592838227
44.0407% accepted

energy = -50.38646423
energy/site = -0.05725734572
43.8291% accepted

energy = -202.2752287
energy/site = -0.2298582144
43.8675% accepted

energy = -17.45051232
energy/site = -0.01983012764
43.6925% accepted

energy = -168.0451708
energy/site = -0.1909604213
43.9455% accepted

energy = -0.60846724
energy/site = -0.0006914400454
43.8337% accepted

energy = -18.30864974
energy/site = -0.0208052838
43.9375% accepted

energy = -842.9536411
energy/site = -0.9579018649
43.8584% accepted

energy = -4.899400991
energy/site = -0.005567501126
43.9341% accepted

energy = -331.586462
energy/site = -0.3768027977
43.7856% accepted

energy = -50.56381546
energy/site = -0.0574588812
43.8749% accepted

energy = -105.8605132
energy/site = -0.1202960377
43.8386% accepted

energy = -5.661123297
energy/site = -0.006433094656
43.8501% accepted

energy = -6.692572532
energy/site = -0.00760519606
43.8574% accepted

energy = -362.1314278
energy/site = -0.4115129862
43.8429% accepted

energy = -10.54234729
energy/site = -0.01197994011
43.8993% accepted

energy = -83.53264165
energy/site = -0.09492345642
43.8516% accepted

energy = -121.443645
energy/site = -0.138004142
43.9219% accepted

energy = -1.035737296
energy/site = -0.001176974201
43.8398% accepted

energy = -115.30213
energy/site = -0.1310251477
43.7998% accepted

energy = -10.01686768
energy/site = -0.01138280418
43.8227% accepted

energy = -95.77974477
energy/site = -0.1088406191
43.8386% accepted

energy = -59.28775685
energy/site = -0.06737245097
43.8867% accepted

energy = -4.674731876
energy/site = -0.005312195314
43.8529% accepted

energy = -189.2611725
energy/site = -0.2150695142
43.99% accepted

energy = -0.9299154483
energy/site = -0.0010567221
43.8471% accepted

energy = -10.07693379
energy/site = -0.01145106113
43.7513% accepted

energy = -391.7177318
energy/site = -0.4451337862
43.7945% accepted

energy = -729.8080376
energy/site = -0.8293273154
43.7575% accepted

energy = -17.09657839
energy/site = -0.01942792998
43.7822% accepted

energy = -3.207541947
energy/site = -0.00364493403
43.8175% accepted

energy = -0.6804223433
energy/site = -0.0007732072083
43.8174% accepted

energy = -82.17770918
energy/site = -0.09338376044
43.8663% accepted

energy = -13.08800727
energy/site = -0.01487273554
43.8564% accepted

energy = -26.03661287
energy/site = -0.02958706008
43.8086% accepted

energy = -4.820505073
energy/site = -0.005477846673
43.7922% accepted

energy = -23.51395512
energy/site = -0.02672040355
44.0127% accepted

energy = -49.0610809
energy/site = -0.05575122829
43.8244% accepted

energy = -6.999003461
energy/site = -0.007953413024
43.8658% accepted

energy = -2.532550534
energy/site = -0.002877898334
44.0205% accepted

energy = -22.94873356
energy/site = -0.02607810632
43.823% accepted

energy = -15.48353045
energy/site = -0.01759492097
43.9738% accepted

energy = -1022.406447
energy/site = -1.161825508
43.9706% accepted

energy = -1.884412076
energy/site = -0.002141377359
43.8385% accepted

energy = -20.22227645
energy/site = -0.0229798596
43.9575% accepted

energy = -243.0572172
energy/site = -0.2762013832
43.8242% accepted

energy = -1.415310293
energy/site = -0.001608307151
43.7856% accepted

energy = -41.27445782
energy/site = -0.04690279298
43.9729% accepted

energy = -10.14100127
energy/site = -0.01152386508
43.8517% accepted

energy = -3.583070192
energy/site = -0.004071670672
43.9131% accepted

energy = -5.68300699
energy/site = -0.006457962489
43.9608% accepted

energy = -32.79224288
energy/site = -0.03726391237
43.9082% accepted

energy = -7.990823365
energy/site = -0.009080481096
43.8769% accepted

energy = -13.03307962
energy/site = -0.01481031775
43.8074% accepted

energy = -57910.31067
energy/site = -65.80717122
43.9722% accepted

energy = -10.23939398
energy/site = -0.01163567497
43.9991% accepted

energy = -49.04121365
energy/site = -0.05572865187
43.9442% accepted

energy = -1.871304477
energy/site = -0.002126482361
43.8799% accepted

energy = -33.92087088
energy/site = -0.03854644419
43.8729% accepted

energy = -164.1249538
energy/site = -0.1865056293
43.7669% accepted

energy = -15.49364031
energy/site = -0.01760640945
43.869% accepted

energy = -585.731859
energy/site = -0.6656043852
43.7686% accepted

energy = -23.01255234
energy/site = -0.02615062765
43.8654% accepted

energy = -171.313025
energy/site = -0.1946738921
43.9986% accepted

energy = -452.9687275
energy/site = -0.5147371904
44.0353% accepted

energy = -8.222049835
energy/site = -0.009343238448
43.7729% accepted

energy = -1.62463083
energy/site = -0.001846171398
43.8511% accepted

energy = -24.02025178
energy/site = -0.02729574066
43.8527% accepted

energy = -8.966125027
energy/site = -0.01018877844
43.8708% accepted

energy = -24.4926046
energy/site = -0.02783250523
43.9396% accepted

energy = -61.86478892
energy/site = -0.0703008965
43.8543% accepted

energy = -75.04155653
energy/site = -0.08527449606
44.0214% accepted

energy = -2.809888556
energy/site = -0.003193055177
43.9638% accepted

energy = -3.858405284
energy/site = -0.004384551459
43.8403% accepted

energy = -2.002342269
energy/site = -0.002275388942
43.7945% accepted

energy = -4091.71767
energy/site = -4.64967917
43.8965% accepted

energy = -1.328030326
energy/site = -0.001509125371
43.8811% accepted

energy = -16.48044882
energy/site = -0.01872778275
43.7672% accepted

energy = -3.475720706
energy/site = -0.003949682621
43.8009% accepted

energy = -80.79812397
energy/site = -0.09181604997
43.7515% accepted

energy = -0.9872892262
energy/site = -0.001121919575
43.7598% accepted

energy = -14.75644413
energy/site = -0.01676868651
43.8212% accepted

energy = -1.682711441
energy/site = -0.001912172092
43.9101% accepted

energy = -21.95240836
energy/site = -0.02494591859
44.0197% accepted

energy = -7.955067883
energy/site = -0.009039849866
43.9251% accepted

energy = -3.559305698
energy/site = -0.004044665566
43.8599% accepted

energy = -283.3088021
energy/site = -0.3219418205
43.8322% accepted

energy = -3.85641934
energy/site = -0.004382294704
43.9342% accepted

energy = -24.33397627
energy/site = -0.02765224576
43.9497% accepted

energy = -1.444482716
energy/site = -0.001641457632
43.9298% accepted

energy = -10.7063567
energy/site = -0.01216631443
43.785% accepted

User defined signal 2

------------------------------------------------------------
Sender: LSF System <lsfadmin@wha364>
Subject: Job 5120786: <./torus15> Exited

Job <./torus15> was submitted from host <wha780> by user <akallin>.
Job was executed on host(s) <wha364>, in queue <serial>, as user <akallin>.
</home/akallin> was used as the home directory.
</work/akallin/TORUS/OBC/11leg/15> was used as the working directory.
Started at Wed Jul 21 18:05:29 2010
Results reported at Wed Jul 28 18:31:58 2010

Your job looked like:

------------------------------------------------------------
# LSBATCH: User input
./torus15
------------------------------------------------------------

TERM_RUNLIMIT: job killed after reaching LSF run time limit.
Exited with exit code 140.

Resource usage summary:

    CPU time   : 588634.00 sec.
    Max Memory :         6 MB
    Max Swap   :       122 MB

    Max Processes  :         4
    Max Threads    :         4

The output (if any) is above this job summary.


weighting by <swap_x> where x = 15
11 x 40 x 1 system
r   = 3  bondops changed per step 
n/N = 80  bond operators / site
its = 1000000  iterations/loop for 100000 loops

energy = -0.9870882964
energy/site = -0.001121691246
43.9091% accepted

energy = -500.3172611
energy/site = -0.5685423421
43.831% accepted

energy = -21.3725665
energy/site = -0.02428700739
43.9954% accepted

energy = -88.6538587
energy/site = -0.1007430212
44.0629% accepted

energy = -47.73853911
energy/site = -0.0542483399
43.9697% accepted

energy = -3.270149987
energy/site = -0.003716079531
43.7834% accepted

energy = -165.1184594
energy/site = -0.1876346129
43.9272% accepted

energy = -147.4284626
energy/site = -0.1675323438
43.8844% accepted

energy = -27.41871015
energy/site = -0.03115762516
43.9102% accepted

energy = -24.58432875
energy/site = -0.02793673721
43.8305% accepted

energy = -3.209109087
energy/site = -0.003646714871
43.7384% accepted

energy = -5.219203668
energy/site = -0.005930913259
43.8008% accepted

energy = -1.402815129
energy/site = -0.001594108101
43.8635% accepted

energy = -70.40039017
energy/site = -0.08000044338
43.8613% accepted

energy = -0.4414192066
energy/site = -0.0005016127348
43.806% accepted

energy = -6.146751792
energy/site = -0.006984945218
43.8363% accepted

energy = -6.511781741
energy/site = -0.007399751978
43.8003% accepted

energy = -6.6622428
energy/site = -0.007570730454
43.8481% accepted

energy = -13.52823214
energy/site = -0.01537299107
43.8176% accepted

energy = -7.876898319
energy/site = -0.008951020817
43.9515% accepted

energy = -0.8627748527
energy/site = -0.000980425969
43.8573% accepted

energy = -3.969312848
energy/site = -0.004510582782
43.8188% accepted

energy = -5.835605818
energy/site = -0.006631370248
43.7764% accepted

energy = -11.63989301
energy/site = -0.01322715115
43.9856% accepted

energy = -11.88159031
energy/site = -0.01350180718
43.8341% accepted

energy = -4.997313689
energy/site = -0.005678765556
43.771% accepted

energy = -39.2231705
energy/site = -0.04457178465
43.9799% accepted

energy = -82.53413159
energy/site = -0.09378878589
43.9006% accepted

energy = -1.981775329
energy/site = -0.00225201742
43.9535% accepted

energy = -1.323938094
energy/site = -0.001504475107
43.8009% accepted

energy = -29.52309164
energy/site = -0.03354896777
43.952% accepted

energy = -27.93958532
energy/site = -0.03174952878
43.9172% accepted

energy = -76.38091058
energy/site = -0.0867964893
43.8261% accepted

energy = -2085.723487
energy/site = -2.370140326
43.8708% accepted

energy = -265.9414788
energy/site = -0.3022062259
44.0074% accepted

energy = -25.7475857
energy/site = -0.02925862011
43.809% accepted

energy = -0.7119468245
energy/site = -0.0008090304824
43.8573% accepted

energy = -8.889453734
energy/site = -0.01010165197
43.9463% accepted

energy = -0.4888066026
energy/site = -0.0005554620484
43.7848% accepted

energy = -11.59493933
energy/site = -0.01317606742
43.85% accepted

energy = -0.03807245249
energy/site = -4.326415056e-05
43.8536% accepted

energy = -1.293411327
energy/site = -0.001469785599
43.8972% accepted

energy = -35.68818757
energy/site = -0.0405547586
43.965% accepted

energy = -50.25053221
energy/site = -0.05710287751
43.7988% accepted

energy = -2.033145725
energy/site = -0.002310392869
43.8174% accepted

energy = -317.8105587
energy/site = -0.3611483621
43.8995% accepted

energy = -1.105443489
energy/site = -0.001256185783
43.894% accepted

energy = -43.16972879
energy/site = -0.04905650999
43.8319% accepted

energy = -1.877221774
energy/site = -0.002133206562
43.9999% accepted

energy = -5.620409572
energy/site = -0.006386829059
43.8618% accepted

energy = -0.8291929123
energy/site = -0.000942264673
43.8472% accepted

energy = -10.20733596
energy/site = -0.01159924541
43.8672% accepted

energy = -22.31928822
energy/site = -0.02536282753
43.7626% accepted

energy = -2.131231592
energy/site = -0.002421854082
43.8403% accepted

energy = -1612.117209
energy/site = -1.831951374
43.833% accepted

energy = -70.54741473
energy/site = -0.08016751674
43.8775% accepted

energy = -2.877046771
energy/site = -0.003269371331
43.8967% accepted

energy = -0.2319682639
energy/site = -0.0002636002999
43.8323% accepted

energy = -4.09995114
energy/site = -0.004659035387
43.8233% accepted

energy = -58.61863777
energy/site = -0.06661208837
43.9398% accepted

energy = -6.316979287
energy/site = -0.007178385553
43.7385% accepted

energy = -911.6987139
energy/site = -1.036021266
43.8008% accepted

energy = -16.0235603
energy/site = -0.01820859125
43.9294% accepted

energy = -0.9788036238
energy/site = -0.001112276845
43.9264% accepted

energy = -105.9782061
energy/site = -0.1204297797
43.7892% accepted

energy = -0.4468354318
energy/site = -0.0005077675362
43.9817% accepted

energy = -2.052918872
energy/site = -0.002332862354
43.7564% accepted

energy = -454.0948947
energy/site = -0.5160169258
43.8727% accepted

energy = -16.27790948
energy/site = -0.01849762441
43.8273% accepted

energy = -2.186649141
energy/site = -0.00248482857
43.8685% accepted

energy = -2.320384998
energy/site = -0.002636801135
43.8866% accepted

energy = -1.609828251
energy/site = -0.001829350285
43.8195% accepted

energy = -6.73479061
energy/site = -0.007653171148
43.8822% accepted

energy = -1.538575653
energy/site = -0.001748381424
43.9331% accepted

energy = -331.5472258
energy/site = -0.3767582112
43.8173% accepted

energy = -376.667554
energy/site = -0.4280313114
43.9638% accepted

energy = -123.3173324
energy/site = -0.1401333322
43.809% accepted

energy = -5.250823972
energy/site = -0.005966845422
43.8902% accepted

energy = -18.53845737
energy/site = -0.02106642883
43.7264% accepted

energy = -757.2991362
energy/site = -0.8605672002
43.9727% accepted

energy = -405.0709799
energy/site = -0.4603079317
43.7262% accepted

energy = -174.0181633
energy/site = -0.1977479128
43.8212% accepted

energy = -7.748100189
energy/site = -0.008804659306
43.9778% accepted

energy = -0.7448009033
energy/site = -0.0008463646628
43.9225% accepted

energy = -4.546542735
energy/site = -0.005166525835
43.7908% accepted

energy = -215.4607276
energy/site = -0.2448417359
43.8336% accepted

energy = -1.960836738
energy/site = -0.002228223566
43.9235% accepted

energy = -7.493375435
energy/site = -0.008515199358
43.8714% accepted

energy = -49.75015119
energy/site = -0.05653426272
43.8024% accepted

energy = -254.8431079
energy/site = -0.2895944408
43.7601% accepted

energy = -10.02309811
energy/site = -0.01138988422
43.7932% accepted

energy = -2.417631199
energy/site = -0.00274730818
43.8505% accepted

energy = -5.045164179
energy/site = -0.005733141113
43.8483% accepted

energy = -1.63560632
energy/site = -0.001858643545
43.8495% accepted

energy = -2.5662638
energy/site = -0.002916208863
43.748% accepted

energy = -0.6218829042
energy/site = -0.0007066851184
43.9418% accepted

energy = -392.5889462
energy/site = -0.4461238025
43.8849% accepted

energy = -5212.962154
energy/site = -5.92382063
43.796% accepted

energy = -53.77668167
energy/site = -0.06110986553
43.7272% accepted

energy = -25.43235234
energy/site = -0.02890040039
43.9232% accepted

energy = -0.1735592898
energy/site = -0.0001972264657
43.8427% accepted

energy = -29.86429744
energy/site = -0.03393670163
43.9029% accepted

energy = -0.6839453173
energy/site = -0.0007772105878
43.8513% accepted

energy = -17.4299902
energy/site = -0.01980680705
43.8319% accepted

energy = -0.4843705639
energy/site = -0.0005504210954
43.8397% accepted

energy = -0.2516106716
energy/site = -0.0002859212177
43.7409% accepted

energy = -6.346461331
energy/site = -0.007211887876
43.797% accepted

energy = -1.06103942
energy/site = -0.001205726613
43.8487% accepted

energy = -0.6036305594
energy/site = -0.0006859438175
43.8215% accepted

energy = -10.46714909
energy/site = -0.0118944876
43.9907% accepted

energy = -49.42147925
energy/site = -0.05616077188
43.7595% accepted

energy = -6.560486958
energy/site = -0.007455098816
43.8649% accepted

energy = -0.2733177211
energy/site = -0.0003105883195
43.7439% accepted

energy = -0.1486688746
energy/site = -0.0001689419029
43.845% accepted

energy = -9.764754318
energy/site = -0.01109631173
43.9599% accepted

energy = -1.358349498
energy/site = -0.001543578975
43.748% accepted

energy = -22.53193033
energy/site = -0.02560446628
43.7994% accepted

energy = -1908.485588
energy/site = -2.168733623
43.8523% accepted

energy = -5.493661677
energy/site = -0.006242797361
43.8264% accepted

energy = -2.464998739
energy/site = -0.002801134931
44.0044% accepted

energy = -7034.017848
energy/site = -7.9932021
43.8774% accepted

energy = -12.8268123
energy/site = -0.01457592307
43.9297% accepted

energy = -22.25338594
energy/site = -0.02528793857
43.8122% accepted

energy = -1.292116883
energy/site = -0.001468314639
43.8441% accepted

energy = -2.581477147
energy/site = -0.002933496758
43.9492% accepted

energy = -1.628788689
energy/site = -0.001850896237
44.0502% accepted

energy = -4.465576781
energy/site = -0.005074519069
43.8344% accepted

energy = -23.56680758
energy/site = -0.02678046316
43.8868% accepted

energy = -15.54981305
energy/site = -0.0176702421
43.9612% accepted

energy = -214.514095
energy/site = -0.243766017
43.7432% accepted

energy = -8.965355859
energy/site = -0.01018790439
43.8525% accepted

energy = -140.6658205
energy/site = -0.1598475233
43.8128% accepted

energy = -2.501434203
energy/site = -0.002842538867
43.7381% accepted

energy = -0.5969725674
energy/site = -0.0006783779175
43.8159% accepted

energy = -94.84653545
energy/site = -0.1077801539
44.1641% accepted

energy = -1.786479288
energy/site = -0.0020300901
43.9244% accepted

energy = -5.788840034
energy/site = -0.006578227312
43.7869% accepted

energy = -77.5334482
energy/site = -0.08810619113
43.9658% accepted

energy = -3.580213299
energy/site = -0.004068424203
43.8513% accepted

energy = -20.35762381
energy/site = -0.02313366342
43.8741% accepted

energy = -10.83498725
energy/site = -0.01231248552
43.8812% accepted

energy = -35.40114203
energy/site = -0.04022857049
43.8531% accepted

energy = -9.554381984
energy/site = -0.01085725225
43.7764% accepted

energy = -14.46691411
energy/site = -0.01643967512
43.7216% accepted

energy = -76.13201512
energy/site = -0.08651365354
43.851% accepted

energy = -1.379645429
energy/site = -0.001567778897
43.9228% accepted

energy = -2.469616311
energy/site = -0.002806382172
43.8139% accepted

energy = -39.8647919
energy/site = -0.04530089988
43.8733% accepted

energy = -229.0782708
energy/site = -0.2603162168
43.8519% accepted

energy = -163.0906935
energy/site = -0.1853303335
43.8776% accepted

energy = -1643.023442
energy/site = -1.867072093
43.7064% accepted

energy = -13.82938858
energy/site = -0.0157152143
43.9099% accepted

energy = -5.957944807
energy/site = -0.006770391826
43.8665% accepted

energy = -0.5229361528
energy/site = -0.0005942456281
43.8908% accepted

energy = -74.51457319
energy/site = -0.08467565135
43.9072% accepted

energy = -18.41115877
energy/site = -0.02092177133
43.8685% accepted

energy = -0.3446322736
energy/site = -0.0003916275837
43.9534% accepted

energy = -38.43503309
energy/site = -0.04367617396
43.8101% accepted

energy = -1.706372319
energy/site = -0.001939059454
43.8195% accepted

energy = -36.2294267
energy/site = -0.04116980307
43.9608% accepted

energy = -2.405981192
energy/site = -0.002734069536
43.906% accepted

energy = -2.325262764
energy/site = -0.00264234405
43.7807% accepted

energy = -2341.230227
energy/site = -2.660488894
43.9431% accepted

energy = -22.82431063
energy/site = -0.02593671663
43.9476% accepted

energy = -2005.425533
energy/site = -2.278892651
43.8325% accepted

energy = -493.474377
energy/site = -0.5607663375
43.8948% accepted

energy = -0.3473439107
energy/site = -0.0003947089895
43.8117% accepted

energy = -0.2875670769
energy/site = -0.0003267807692
43.8693% accepted

energy = -0.8541059378
energy/site = -0.0009705749293
43.8293% accepted

energy = -70.94500375
energy/site = -0.08061932245
43.8746% accepted

energy = -2.134588682
energy/site = -0.002425668957
43.8236% accepted

energy = -1444.396973
energy/site = -1.641360197
43.9571% accepted

energy = -397.5482546
energy/site = -0.4517593803
43.8799% accepted

energy = -41.52786363
energy/site = -0.04719075412
43.8516% accepted

energy = -28.74251112
energy/site = -0.03266194446
43.8878% accepted

energy = -135.2972134
energy/site = -0.1537468334
43.853% accepted

energy = -395.0717883
energy/site = -0.4489452139
43.6635% accepted

energy = -9.847051691
energy/site = -0.01118983147
44.0113% accepted

energy = -139.939901
energy/site = -0.1590226148
43.8722% accepted

energy = -4.465542092
energy/site = -0.00507447965
43.95% accepted

energy = -84.60198238
energy/site = -0.09613861634
43.7952% accepted

energy = -25.05181932
energy/site = -0.0284679765
43.8501% accepted

energy = -8.769202995
energy/site = -0.009965003404
43.9766% accepted

energy = -11.82318233
energy/site = -0.01343543447
43.7403% accepted

energy = -400.116092
energy/site = -0.4546773773
44.0037% accepted

energy = -1.498361602
energy/site = -0.001702683639
43.8102% accepted

energy = -36.94819014
energy/site = -0.0419865797
44.034% accepted

energy = -0.9413808326
energy/site = -0.001069750946
43.764% accepted

energy = -55.67116707
energy/site = -0.06326268985
43.8691% accepted

energy = -3.756274917
energy/site = -0.004268494223
43.844% accepted

energy = -4.341010361
energy/site = -0.00493296632
43.8531% accepted

energy = -94.68488874
energy/site = -0.1075964645
43.9611% accepted

energy = -1483.648147
energy/site = -1.685963804
43.92% accepted

energy = -1.138559817
energy/site = -0.001293817974
43.686% accepted

energy = -2.318111088
energy/site = -0.002634217145
43.8356% accepted

energy = -6.964629679
energy/site = -0.007914351908
43.6495% accepted

energy = -4.464522937
energy/site = -0.005073321519
43.9983% accepted

energy = -248.8604082
energy/site = -0.2827959184
43.888% accepted

energy = -0.5214838273
energy/site = -0.0005925952583
43.8974% accepted

energy = -13.33793461
energy/site = -0.01515674388
43.761% accepted

energy = -281.9281772
energy/site = -0.3203729287
43.7645% accepted

energy = -164.4944577
energy/site = -0.1869255201
43.846% accepted

energy = -227.497677
energy/site = -0.2585200875
43.7905% accepted

energy = -38.92805289
energy/site = -0.04423642374
43.9614% accepted

energy = -6.882932473
energy/site = -0.007821514173
43.8479% accepted

energy = -14.6152674
energy/site = -0.01660825841
43.9134% accepted

energy = -2.275743148
energy/site = -0.002586071759
43.739% accepted

energy = -25922.18301
energy/site = -29.45702614
43.7867% accepted

energy = -12.05589134
energy/site = -0.01369987652
43.807% accepted

User defined signal 2

------------------------------------------------------------
Sender: LSF System <lsfadmin@wha40>
Subject: Job 5493611: <./torus15> Exited

Job <./torus15> was submitted from host <wha781> by user <akallin>.
Job was executed on host(s) <wha40>, in queue <serial>, as user <akallin>.
</home/akallin> was used as the home directory.
</work/akallin/TORUS/OBC/11leg/15> was used as the working directory.
Started at Wed Aug 11 14:43:50 2010
Results reported at Wed Aug 18 15:01:43 2010

Your job looked like:

------------------------------------------------------------
# LSBATCH: User input
./torus15
------------------------------------------------------------

TERM_RUNLIMIT: job killed after reaching LSF run time limit.
Exited with exit code 140.

Resource usage summary:

    CPU time   : 396284.00 sec.
    Max Memory :         6 MB
    Max Swap   :       122 MB

    Max Processes  :         4
    Max Threads    :         4

The output (if any) is above this job summary.


weighting by <swap_x> where x = 15
11 x 40 x 1 system
r   = 3  bondops changed per step 
n/N = 80  bond operators / site
its = 1000000  iterations/loop for 100000 loops

