
weighting by <swap_x> where x = 6
4 x 16 x 1 system
r   = 3  bondops changed per step 
n/N = 80  bond operators / site
its = 1000000  iterations/loop for 10000 loops

energy = -169.0770805
energy/site = -1.320914691
44.1767% accepted

energy = -164.7469965
energy/site = -1.287085911
44.1145% accepted

energy = -110.4992515
energy/site = -0.863275402
44.0766% accepted

energy = -111.874623
energy/site = -0.8740204923
44.1722% accepted

energy = -81.56652649
energy/site = -0.6372384882
44.1456% accepted

energy = -190.1101434
energy/site = -1.485235495
44.3227% accepted

energy = -121.2852419
energy/site = -0.947540952
44.0912% accepted

energy = -174.2202805
energy/site = -1.361095941
44.0693% accepted

energy = -136.5188568
energy/site = -1.066553569
44.1321% accepted

energy = -112.7043008
energy/site = -0.8805023503
44.0514% accepted

energy = -263.4231704
energy/site = -2.057993519
43.9971% accepted

energy = -123.2464195
energy/site = -0.9628626523
44.11% accepted

energy = -186.8703703
energy/site = -1.459924768
44.2183% accepted

energy = -121.3249346
energy/site = -0.9478510515
43.972% accepted

energy = -197.6484112
energy/site = -1.544128213
44.0418% accepted

energy = -101.1058909
energy/site = -0.789889773
43.9757% accepted

energy = -137.510613
energy/site = -1.074301664
44.0303% accepted

energy = -134.8991404
energy/site = -1.053899534
44.1748% accepted

energy = -143.4808424
energy/site = -1.120944081
44.0017% accepted

energy = -117.2132212
energy/site = -0.9157282903
44.0695% accepted

energy = -184.7470583
energy/site = -1.443336393
44.0437% accepted

energy = -129.3957543
energy/site = -1.010904331
43.9962% accepted

energy = -151.7265872
energy/site = -1.185363962
44.1056% accepted

energy = -241.2125633
energy/site = -1.884473151
44.087% accepted

energy = -109.5142653
energy/site = -0.8555801979
44.0689% accepted

energy = -101.9400458
energy/site = -0.7964066077
44.2368% accepted

energy = -109.1424566
energy/site = -0.8526754425
44.1572% accepted

energy = -99.49486931
energy/site = -0.7773036665
43.9794% accepted

energy = -203.2403028
energy/site = -1.587814866
44.1263% accepted

energy = -158.2851181
energy/site = -1.236602486
44.0551% accepted

energy = -107.2060052
energy/site = -0.8375469158
44.1293% accepted

energy = -159.3549651
energy/site = -1.244960665
44.0862% accepted

energy = -122.5457968
energy/site = -0.9573890376
44.23% accepted

energy = -108.6074334
energy/site = -0.8484955737
44.0261% accepted

energy = -175.9725061
energy/site = -1.374785204
44.1808% accepted

energy = -149.4846983
energy/site = -1.167849205
44.2275% accepted

energy = -138.2338755
energy/site = -1.079952153
44.0153% accepted

energy = -241.5338077
energy/site = -1.886982873
43.9228% accepted

energy = -148.0344258
energy/site = -1.156518951
44.1619% accepted

energy = -95.42449575
energy/site = -0.745503873
44.1494% accepted

energy = -191.2455878
energy/site = -1.494106154
44.0476% accepted

energy = -104.9514569
energy/site = -0.8199332573
44.0697% accepted

energy = -685.6895895
energy/site = -5.356949918
44.0191% accepted

energy = -99.20583146
energy/site = -0.7750455583
44.0589% accepted

energy = -201.8394779
energy/site = -1.576870921
44.2179% accepted

energy = -173.9763951
energy/site = -1.359190587
44.0588% accepted

energy = -173.4234617
energy/site = -1.354870795
43.9864% accepted

energy = -170.8648831
energy/site = -1.334881899
44.0109% accepted

energy = -140.3075262
energy/site = -1.096152548
44.1403% accepted

energy = -94.99914951
energy/site = -0.7421808555
43.9772% accepted

energy = -103.1446011
energy/site = -0.8058171957
44.0795% accepted

energy = -209.584456
energy/site = -1.637378563
43.9915% accepted

energy = -169.0818874
energy/site = -1.320952245
43.9793% accepted

energy = -123.1765407
energy/site = -0.9623167246
44.0067% accepted

energy = -338.9243892
energy/site = -2.64784679
44.1071% accepted

energy = -159.8543635
energy/site = -1.248862215
44.0204% accepted

energy = -205.0366602
energy/site = -1.601848908
44.0315% accepted

energy = -258.1636899
energy/site = -2.016903827
44.0366% accepted

energy = -153.5233082
energy/site = -1.199400846
44.1506% accepted

energy = -142.4687404
energy/site = -1.113037034
44.027% accepted

energy = -111.7178419
energy/site = -0.8727956402
44.1272% accepted

energy = -180.2927958
energy/site = -1.408537467
44.1674% accepted

energy = -125.6629702
energy/site = -0.9817419551
44.0622% accepted

energy = -152.9064788
energy/site = -1.194581866
44.0937% accepted

energy = -132.5898327
energy/site = -1.035858068
44.0584% accepted

energy = -107.0773794
energy/site = -0.8365420265
44.0276% accepted

energy = -98.88602889
energy/site = -0.7725471007
44.0537% accepted

energy = -97.85575106
energy/site = -0.7644980552
44.1232% accepted

energy = -681.4479272
energy/site = -5.323811931
43.9749% accepted

energy = -280.5840699
energy/site = -2.192063046
44.0895% accepted

energy = -211.1302925
energy/site = -1.64945541
44.0899% accepted

energy = -126.1667818
energy/site = -0.9856779825
44.0491% accepted

energy = -152.1368609
energy/site = -1.188569226
44.0956% accepted

energy = -134.154241
energy/site = -1.048080008
44.2414% accepted

energy = -85.47978269
energy/site = -0.6678108022
44.1226% accepted

energy = -155.4991582
energy/site = -1.214837174
44.0644% accepted

energy = -160.2070536
energy/site = -1.251617606
43.9902% accepted

energy = -97.22907089
energy/site = -0.7596021163
44.0264% accepted

energy = -432.6500177
energy/site = -3.380078263
44.07% accepted

energy = -161.4515844
energy/site = -1.261340503
44.0337% accepted

energy = -104.2042559
energy/site = -0.8140957494
44.0747% accepted

energy = -106.4564236
energy/site = -0.8316908095
44.0877% accepted

energy = -77.75938498
energy/site = -0.6074951951
43.9834% accepted

energy = -134.355863
energy/site = -1.04965518
44.0563% accepted

energy = -96.55763943
energy/site = -0.754356558
43.9623% accepted

energy = -90.50628018
energy/site = -0.7070803139
44.0712% accepted

energy = -217.4853122
energy/site = -1.699104002
44.1056% accepted

energy = -605.2312677
energy/site = -4.728369279
43.9743% accepted

energy = -252.5507926
energy/site = -1.973053067
44.11% accepted

energy = -137.4398649
energy/site = -1.073748945
43.8518% accepted

energy = -156.7709291
energy/site = -1.224772884
44.1107% accepted

energy = -114.587065
energy/site = -0.8952114455
44.1246% accepted

energy = -175.9180297
energy/site = -1.374359607
44.0745% accepted

energy = -126.2347349
energy/site = -0.9862088668
44.0355% accepted

energy = -112.7830477
energy/site = -0.8811175605
44.1641% accepted

energy = -264.5340055
energy/site = -2.066671918
43.9842% accepted

energy = -141.3036073
energy/site = -1.103934432
44.1802% accepted

energy = -110.3916354
energy/site = -0.8624346514
44.02% accepted

energy = -141.2358441
energy/site = -1.103405032
43.9413% accepted

energy = -223.2702464
energy/site = -1.7442988
44.1517% accepted

energy = -176.3698088
energy/site = -1.377889131
44.0057% accepted

energy = -156.6982125
energy/site = -1.224204785
44.0921% accepted

energy = -173.6678127
energy/site = -1.356779787
44.1694% accepted

energy = -102.5732206
energy/site = -0.8013532861
44.1128% accepted

energy = -229.4612976
energy/site = -1.792666388
44.0964% accepted

energy = -157.1815218
energy/site = -1.227980639
44.065% accepted

energy = -92.28593239
energy/site = -0.7209838468
44.1492% accepted

energy = -165.1551051
energy/site = -1.290274258
44.0628% accepted

energy = -159.004686
energy/site = -1.242224109
44.2623% accepted

energy = -211.9159195
energy/site = -1.655593121
44.0656% accepted

energy = -157.489936
energy/site = -1.230390125
44.1053% accepted

energy = -115.3547188
energy/site = -0.9012087408
44.1519% accepted

energy = -140.2373516
energy/site = -1.095604309
44.1257% accepted

energy = -132.0825167
energy/site = -1.031894661
44.0033% accepted

energy = -177.384407
energy/site = -1.38581568
44.2336% accepted

energy = -183.6688715
energy/site = -1.434913058
44.2211% accepted

energy = -206.6553093
energy/site = -1.614494604
44.0942% accepted

energy = -169.3973812
energy/site = -1.32341704
44.0886% accepted

energy = -164.7675245
energy/site = -1.287246285
44.1133% accepted

energy = -156.5990012
energy/site = -1.223429697
43.9085% accepted

energy = -132.3989434
energy/site = -1.034366745
43.9791% accepted

energy = -187.2259721
energy/site = -1.462702907
44.2153% accepted

energy = -194.626161
energy/site = -1.520516882
44.2233% accepted

energy = -182.1900348
energy/site = -1.423359647
44.1912% accepted

energy = -244.3305496
energy/site = -1.908832418
44.1352% accepted

energy = -73.09125332
energy/site = -0.5710254166
43.9722% accepted

energy = -116.4502779
energy/site = -0.9097677959
43.9619% accepted

energy = -406.4133971
energy/site = -3.175104665
44.0436% accepted

energy = -611.6991698
energy/site = -4.778899764
44.0236% accepted

energy = -188.2772033
energy/site = -1.470915651
44.1929% accepted

energy = -136.5614161
energy/site = -1.066886063
44.1232% accepted

energy = -111.7232044
energy/site = -0.8728375343
44.2539% accepted

energy = -121.8452973
energy/site = -0.951916385
44.0708% accepted

energy = -154.592871
energy/site = -1.207756805
44.0939% accepted

energy = -199.0979258
energy/site = -1.555452546
44.063% accepted

energy = -140.4156481
energy/site = -1.096997251
44.0773% accepted

energy = -116.5766432
energy/site = -0.9107550252
44.1713% accepted

energy = -169.6060439
energy/site = -1.325047218
44.1241% accepted

energy = -511.6024729
energy/site = -3.99689432
44.1089% accepted

energy = -157.6339352
energy/site = -1.231515119
44.105% accepted

energy = -96.5975769
energy/site = -0.7546685695
43.921% accepted

energy = -148.4861111
energy/site = -1.160047743
43.9363% accepted

energy = -220.0548832
energy/site = -1.719178775
44.0323% accepted

energy = -107.3994677
energy/site = -0.8390583418
44.1318% accepted

energy = -138.8910451
energy/site = -1.08508629
44.0749% accepted

energy = -109.0370456
energy/site = -0.8518519185
44.0574% accepted

energy = -128.9551145
energy/site = -1.007461832
44.0539% accepted

energy = -119.2677076
energy/site = -0.9317789658
44.0945% accepted

energy = -129.9809092
energy/site = -1.015475853
44.1867% accepted

energy = -98.55275904
energy/site = -0.76994343
44.1052% accepted

energy = -127.5977124
energy/site = -0.9968571278
44.1786% accepted

energy = -120.2522327
energy/site = -0.9394705679
44.066% accepted

energy = -123.1532985
energy/site = -0.9621351442
44.0888% accepted

energy = -211.0313987
energy/site = -1.648682802
44.0178% accepted

energy = -110.866958
energy/site = -0.8661481095
44.0035% accepted

energy = -268.8676511
energy/site = -2.100528524
44.0316% accepted

energy = -273.9059625
energy/site = -2.139890332
43.9613% accepted

energy = -99.46270143
energy/site = -0.777052355
43.908% accepted

energy = -125.3436096
energy/site = -0.97924695
44.1185% accepted

energy = -115.6181712
energy/site = -0.9032669622
44.2087% accepted

energy = -98.34545579
energy/site = -0.7683238734
44.1313% accepted

energy = -136.7279253
energy/site = -1.068186916
44.1499% accepted

energy = -207.2321709
energy/site = -1.619001335
44.1404% accepted

energy = -179.7469521
energy/site = -1.404273063
44.1153% accepted

energy = -117.5944347
energy/site = -0.9187065208
44.1222% accepted

energy = -281.866929
energy/site = -2.202085383
44.13% accepted

energy = -154.7471542
energy/site = -1.208962142
44.0877% accepted

energy = -276.4352092
energy/site = -2.159650072
44.0222% accepted

energy = -197.7152823
energy/site = -1.544650643
44.0924% accepted

energy = -166.4111436
energy/site = -1.300087059
44.0997% accepted

energy = -259.5041012
energy/site = -2.027375791
43.9628% accepted

energy = -168.6601253
energy/site = -1.317657229
44.1372% accepted

energy = -163.5541101
energy/site = -1.277766485
44.3197% accepted

energy = -160.0442488
energy/site = -1.250345693
43.9377% accepted

energy = -87.30470045
energy/site = -0.6820679722
44.1216% accepted

energy = -80.46345557
energy/site = -0.6286207466
44.0446% accepted

energy = -190.5407831
energy/site = -1.488599868
43.9638% accepted

energy = -105.140084
energy/site = -0.8214069065
44.0774% accepted

energy = -254.8791545
energy/site = -1.991243394
43.9297% accepted

energy = -146.5024529
energy/site = -1.144550413
44.0684% accepted

energy = -203.9658731
energy/site = -1.593483383
44.0843% accepted

energy = -218.0648655
energy/site = -1.703631762
44.1251% accepted

energy = -103.9923031
energy/site = -0.8124398683
43.9399% accepted

energy = -209.1886225
energy/site = -1.634286113
44.2376% accepted

energy = -112.413023
energy/site = -0.8782267422
44.1474% accepted

energy = -88.55754711
energy/site = -0.6918558368
43.9783% accepted

energy = -197.8247855
energy/site = -1.545506136
44.1882% accepted

energy = -112.9986675
energy/site = -0.88280209
44.2094% accepted

energy = -111.0228053
energy/site = -0.8673656662
44.0474% accepted

energy = -113.7383455
energy/site = -0.8885808243
44.1303% accepted

energy = -146.2190184
energy/site = -1.142336081
44.1341% accepted

energy = -145.3363553
energy/site = -1.135440276
44.0466% accepted

energy = -209.6514094
energy/site = -1.637901636
43.9923% accepted

energy = -184.8530881
energy/site = -1.444164751
43.9633% accepted

energy = -192.7015337
energy/site = -1.505480732
44.1501% accepted

energy = -94.40853417
energy/site = -0.7375666732
44.123% accepted

energy = -131.6154929
energy/site = -1.028246039
44.0133% accepted

energy = -164.7735117
energy/site = -1.28729306
44.1641% accepted

energy = -175.7131951
energy/site = -1.372759337
44.2558% accepted

energy = -92.37868458
energy/site = -0.7217084733
44.1447% accepted

energy = -166.2238985
energy/site = -1.298624207
44.0675% accepted

energy = -152.0368695
energy/site = -1.187788043
44.0409% accepted

energy = -170.4629251
energy/site = -1.331741602
44.205% accepted

energy = -91.75778183
energy/site = -0.7168576705
44.0292% accepted

energy = -110.928331
energy/site = -0.8666275862
44.2665% accepted

energy = -214.6583877
energy/site = -1.677018654
44.0028% accepted

energy = -161.0120346
energy/site = -1.25790652
44.0301% accepted

energy = -198.6264449
energy/site = -1.551769101
44.1093% accepted

energy = -144.1903372
energy/site = -1.12648701
44.1477% accepted

energy = -138.4823788
energy/site = -1.081893585
44.1389% accepted

energy = -260.2882468
energy/site = -2.033501928
44.1127% accepted

energy = -185.1176245
energy/site = -1.446231441
44.0445% accepted

energy = -174.5783653
energy/site = -1.363893479
44.2073% accepted

energy = -90.15606676
energy/site = -0.7043442716
44.0715% accepted

energy = -310.8171296
energy/site = -2.428258825
44.1782% accepted

energy = -86.91957992
energy/site = -0.6790592181
44.0087% accepted

energy = -284.8534265
energy/site = -2.225417395
43.9515% accepted

energy = -198.4845973
energy/site = -1.550660917
44.0919% accepted

energy = -87.50777731
energy/site = -0.6836545103
44.0782% accepted

energy = -166.8316633
energy/site = -1.303372369
44.0302% accepted

energy = -135.4946822
energy/site = -1.058552205
44.2364% accepted

