
weighting by <swap_x> where x = 19
11 x 40 x 1 system
r   = 3  bondops changed per step 
n/N = 80  bond operators / site
its = 1000000  iterations/loop for 100000 loops

energy = -1293.494627
energy/site = -1.469880258
45.0489% accepted

energy = -1.357854369
energy/site = -0.001543016329
43.875% accepted

energy = -6.642626636
energy/site = -0.007548439359
43.9087% accepted

energy = -0.1835940656
energy/site = -0.00020862962
43.9536% accepted

energy = -1.503048089
energy/site = -0.001708009192
43.8832% accepted

energy = -0.203101525
energy/site = -0.0002307971875
43.708% accepted

energy = -0.8012390418
energy/site = -0.0009104989111
43.7891% accepted

energy = -5.28777848
energy/site = -0.006008839182
43.8999% accepted

energy = -0.02881876099
energy/site = -3.274859203e-05
43.7829% accepted

energy = -1.077246725
energy/site = -0.001224144006
43.9869% accepted

energy = -90.13602121
energy/site = -0.1024272968
43.8849% accepted

energy = -6.612435203
energy/site = -0.007514130913
43.7929% accepted

energy = -6.050571878
energy/site = -0.006875649861
43.9033% accepted

energy = -4.820310333
energy/site = -0.005477625379
43.9583% accepted

energy = -1.950040222
energy/site = -0.002215954798
43.8016% accepted

energy = -37.98427814
energy/site = -0.04316395243
43.916% accepted

energy = -44.7578991
energy/site = -0.05086124898
43.7694% accepted

energy = -0.4085950961
energy/site = -0.0004643126092
43.8419% accepted

energy = -0.466700396
energy/site = -0.0005303413591
43.9751% accepted

energy = -0.8060779544
energy/site = -0.0009159976755
43.9351% accepted

energy = -0.06303821278
energy/site = -7.163433271e-05
43.7781% accepted

energy = -1.396217347
energy/site = -0.001586610622
43.824% accepted

energy = -1.005787603
energy/site = -0.001142940458
43.6953% accepted

energy = -125.2645108
energy/site = -0.142346035
43.8784% accepted

energy = -0.1324151638
energy/site = -0.0001504717771
43.8264% accepted

energy = -0.1506533396
energy/site = -0.0001711969768
43.8925% accepted

energy = -18.52840243
energy/site = -0.02105500276
43.7461% accepted

energy = -2.05937809
energy/site = -0.002340202375
43.9827% accepted

energy = -34.87683183
energy/site = -0.03963276344
43.8948% accepted

energy = -1.834355237
energy/site = -0.002084494588
43.8666% accepted

energy = -0.3744745033
energy/site = -0.0004255392083
43.7467% accepted

energy = -2.729697461
energy/site = -0.003101928933
43.9839% accepted

energy = -6.168602231
energy/site = -0.007009775262
43.868% accepted

energy = -0.03451589976
energy/site = -3.922261336e-05
43.8212% accepted

energy = -2.542513776
energy/site = -0.0028892202
43.8555% accepted

energy = -8.772857617
energy/site = -0.009969156383
43.9332% accepted

energy = -0.3029600137
energy/site = -0.0003442727429
43.9039% accepted

energy = -0.2527692789
energy/site = -0.000287237817
43.7771% accepted

energy = -0.9195520514
energy/site = -0.001044945513
44.0009% accepted

energy = -0.1678176983
energy/site = -0.0001907019299
43.7705% accepted

energy = -29.76455512
energy/site = -0.0338233581
43.9224% accepted

energy = -143.241472
energy/site = -0.1627744
43.7367% accepted

energy = -4.377075207
energy/site = -0.004973949099
44.0494% accepted

energy = -7.416703613
energy/site = -0.008428072287
43.9358% accepted

energy = -1.023888217
energy/site = -0.001163509337
43.822% accepted

energy = -1537.581692
energy/site = -1.747251923
43.781% accepted

energy = -6.042388058
energy/site = -0.006866350066
43.778% accepted

energy = -97.68344588
energy/site = -0.1110039158
43.8317% accepted

energy = -16.15834401
energy/site = -0.01836175455
43.7968% accepted

energy = -5.727971366
energy/site = -0.00650905837
43.7436% accepted

energy = -15.41095322
energy/site = -0.01751244684
43.8903% accepted

energy = -2.990826166
energy/site = -0.003398666097
43.8805% accepted

energy = -3.238861199
energy/site = -0.00368052409
43.8668% accepted

energy = -2.372283925
energy/site = -0.002695777188
43.8808% accepted

energy = -0.2627187297
energy/site = -0.0002985440111
43.9161% accepted

energy = -0.2652601138
energy/site = -0.0003014319475
43.9233% accepted

energy = -35.04564384
energy/site = -0.03982459527
43.8582% accepted

energy = -1.997639926
energy/site = -0.002270045371
43.8379% accepted

energy = -33.72904745
energy/site = -0.03832846302
44.0206% accepted

energy = -2.646818005
energy/site = -0.003007747733
43.7764% accepted

energy = -0.2564299101
energy/site = -0.0002913976251
43.9623% accepted

energy = -2.300880738
energy/site = -0.002614637203
43.8204% accepted

energy = -11.57384824
energy/site = -0.01315210028
43.9388% accepted

energy = -19.52796725
energy/site = -0.02219087188
43.9003% accepted

energy = -28.52847484
energy/site = -0.03241872141
43.9112% accepted

energy = -12.43831061
energy/site = -0.01413444387
44.0232% accepted

energy = -12.87218643
energy/site = -0.01462748458
43.9949% accepted

energy = -3.511975972
energy/site = -0.003990881786
43.8719% accepted

energy = -0.622698824
energy/site = -0.0007076123
43.8632% accepted

energy = -1.097036699
energy/site = -0.001246632612
43.829% accepted

energy = -0.3424491224
energy/site = -0.0003891467299
43.8328% accepted

energy = -33.12430033
energy/site = -0.03764125037
43.716% accepted

energy = -1.071185567
energy/site = -0.001217256326
43.9206% accepted

energy = -1.086630097
energy/site = -0.001234806929
43.823% accepted

energy = -0.2893412771
energy/site = -0.0003287969058
43.7797% accepted

energy = -0.5405107947
energy/site = -0.0006142168121
44.0072% accepted

energy = -0.02163878686
energy/site = -2.458953052e-05
43.8619% accepted

energy = -0.01145119781
energy/site = -1.301272478e-05
43.8436% accepted

energy = -0.06035010587
energy/site = -6.857966576e-05
43.7489% accepted

energy = -16.11439949
energy/site = -0.0183118176
43.721% accepted

energy = -4.007165714
energy/site = -0.004553597403
43.7406% accepted

energy = -3.041330508
energy/site = -0.003456057396
43.9918% accepted

energy = -70.51466952
energy/site = -0.08013030627
43.9255% accepted

energy = -0.5839462598
energy/site = -0.0006635752952
43.9343% accepted

energy = -0.1002644396
energy/site = -0.0001139368632
43.8642% accepted

energy = -5.932605666
energy/site = -0.006741597348
43.8059% accepted

energy = -3.160698278
energy/site = -0.003591702589
43.9408% accepted

energy = -2.711915255
energy/site = -0.003081721881
43.9107% accepted

energy = -0.3043687851
energy/site = -0.0003458736194
43.7897% accepted

energy = -7653.150453
energy/site = -8.696761878
43.8775% accepted

energy = -0.1884050124
energy/site = -0.000214096605
43.8075% accepted

energy = -8.102703756
energy/site = -0.009207617905
43.7905% accepted

energy = -0.07152277341
energy/site = -8.127587888e-05
43.7702% accepted

energy = -2.838014629
energy/site = -0.003225016624
43.9094% accepted

energy = -0.3718843189
energy/site = -0.000422595817
43.7946% accepted

energy = -0.3111774464
energy/site = -0.0003536107346
43.8128% accepted

energy = -1.318703419
energy/site = -0.001498526613
43.7845% accepted

energy = -12.29162626
energy/site = -0.01396775711
43.9221% accepted

energy = -1.163148554
energy/site = -0.001321759721
43.8836% accepted

energy = -12.49185046
energy/site = -0.01419528461
43.7759% accepted

energy = -0.3187149991
energy/site = -0.0003621761354
43.7194% accepted

energy = -5.228544042
energy/site = -0.005941527321
43.9366% accepted

energy = -604.2009617
energy/site = -0.6865920019
43.8622% accepted

energy = -1.47823189
energy/site = -0.001679808966
43.8062% accepted

energy = -10.42426151
energy/site = -0.01184575172
43.7779% accepted

energy = -7176.926846
energy/site = -8.155598689
43.9778% accepted

energy = -81.08133938
energy/site = -0.09213788566
43.9513% accepted

energy = -41.74303927
energy/site = -0.0474352719
43.8136% accepted

energy = -0.1196882091
energy/site = -0.0001360093285
43.9106% accepted

energy = -0.5796867515
energy/site = -0.0006587349449
43.8173% accepted

energy = -10.78172356
energy/site = -0.01225195859
43.8179% accepted

energy = -47.3572484
energy/site = -0.053815055
43.8503% accepted

energy = -1.404920584
energy/site = -0.001596500664
43.8321% accepted

energy = -6183.268079
energy/site = -7.026440999
43.8256% accepted

energy = -5.110082858
energy/site = -0.005806912339
44.0749% accepted

energy = -120.822
energy/site = -0.1372977273
43.9196% accepted

energy = -0.03432250804
energy/site = -3.900285005e-05
43.8114% accepted

energy = -0.09439633645
energy/site = -0.0001072685642
43.8531% accepted

energy = -0.1119365272
energy/site = -0.0001272005991
43.847% accepted

energy = -0.6111403786
energy/site = -0.0006944777029
43.9091% accepted

energy = -0.05060033795
energy/site = -5.750038403e-05
43.9227% accepted

energy = -0.3457793759
energy/site = -0.000392931109
43.8644% accepted

energy = -3.257377105
energy/site = -0.003701564892
43.7443% accepted

energy = -1.608182019
energy/site = -0.001827479567
43.7841% accepted

energy = -22.93965427
energy/site = -0.02606778894
43.8538% accepted

energy = -0.1208370401
energy/site = -0.0001373148183
43.9025% accepted

energy = -0.1950498256
energy/site = -0.0002216475291
43.9456% accepted

energy = -1.139910468
energy/site = -0.001295352804
43.837% accepted

energy = -0.05356793454
energy/site = -6.087265289e-05
43.8386% accepted

energy = -80.87348215
energy/site = -0.09190168426
44.0313% accepted

energy = -119.2946768
energy/site = -0.1355621328
43.9651% accepted

energy = -0.3688381329
energy/site = -0.0004191342419
43.8687% accepted

energy = -0.7098390694
energy/site = -0.0008066353062
43.9269% accepted

energy = -1.191235333
energy/site = -0.001353676514
43.8483% accepted

energy = -0.1312440794
energy/site = -0.0001491409993
43.8452% accepted

energy = -0.1665622067
energy/site = -0.0001892752349
43.8116% accepted

energy = -0.2711681632
energy/site = -0.0003081456401
43.9613% accepted

energy = -0.225459243
energy/site = -0.0002562036853
43.8655% accepted

energy = -0.9368987307
energy/site = -0.001064657649
43.8281% accepted

energy = -1.298681987
energy/site = -0.001475774985
43.8408% accepted

energy = -71.04073787
energy/site = -0.08072811122
43.9078% accepted

energy = -39.42619015
energy/site = -0.04480248881
43.7822% accepted

energy = -0.9874992023
energy/site = -0.001122158184
43.928% accepted

energy = -0.2663271231
energy/site = -0.0003026444581
43.9792% accepted

energy = -0.8202782454
energy/site = -0.0009321343698
43.7567% accepted

energy = -0.5222510811
energy/site = -0.0005934671376
43.9178% accepted

energy = -0.4382238921
energy/site = -0.0004979816955
43.8556% accepted

energy = -1.514654935
energy/site = -0.00172119879
43.953% accepted

energy = -2.015394442
energy/site = -0.002290220957
43.7066% accepted

energy = -40.76501635
energy/site = -0.04632388221
43.899% accepted

energy = -0.0472861961
energy/site = -5.373431375e-05
43.7233% accepted

energy = -6.986309722
energy/site = -0.007938988321
43.8994% accepted

energy = -0.5385556931
energy/site = -0.0006119951058
43.936% accepted

energy = -50.16537598
energy/site = -0.05700610907
43.7433% accepted

energy = -14.88441497
energy/site = -0.01691410793
43.9296% accepted

energy = -3.641246449
energy/site = -0.004137780056
43.9286% accepted

energy = -4.96931303
energy/site = -0.005646946625
43.946% accepted

energy = -2.166341127
energy/site = -0.002461751281
43.7472% accepted

energy = -1.018994479
energy/site = -0.001157948272
43.7128% accepted

energy = -12.46537372
energy/site = -0.01416519741
43.8539% accepted

energy = -6.577446271
energy/site = -0.007474370762
43.9911% accepted

energy = -1.259172406
energy/site = -0.001430877734
43.9429% accepted

energy = -20.68210979
energy/site = -0.02350239749
43.8936% accepted

energy = -1.44204648
energy/site = -0.001638689181
43.916% accepted

energy = -0.1845124333
energy/site = -0.0002096732197
43.8727% accepted

energy = -0.5091006872
energy/site = -0.0005785235082
43.7541% accepted

energy = -59.27767791
energy/site = -0.06736099763
43.842% accepted

energy = -6.562880713
energy/site = -0.007457818992
43.914% accepted

energy = -0.4211438309
energy/site = -0.0004785725351
43.8072% accepted

energy = -0.1856221592
energy/site = -0.0002109342719
43.998% accepted

energy = -0.2858576198
energy/site = -0.0003248382044
43.9892% accepted

energy = -11.62842615
energy/site = -0.01321412063
43.8794% accepted

energy = -7.124782797
energy/site = -0.008096344087
43.9395% accepted

energy = -6.162010511
energy/site = -0.007002284672
43.8656% accepted

energy = -1.267527905
energy/site = -0.00144037262
44.0083% accepted

energy = -0.7337914188
energy/site = -0.000833853885
43.8129% accepted

energy = -1.004781377
energy/site = -0.001141797019
44.0343% accepted

energy = -61.43170757
energy/site = -0.0698087586
43.8629% accepted

energy = -0.5580577359
energy/site = -0.000634156518
43.7039% accepted

energy = -6.196799509
energy/site = -0.007041817624
43.7981% accepted

energy = -695.2055045
energy/site = -0.7900062552
43.8312% accepted

energy = -0.5431286683
energy/site = -0.0006171916685
43.7869% accepted

energy = -13.35594559
energy/site = -0.0151772109
43.8829% accepted

energy = -6.669510864
energy/site = -0.007578989618
43.8439% accepted

energy = -1.08128993
energy/site = -0.001228738557
43.9002% accepted

energy = -1.367273109
energy/site = -0.001553719443
43.7836% accepted

energy = -144.7950834
energy/site = -0.1645398675
43.8948% accepted

energy = -1.738460124
energy/site = -0.001975522868
43.8285% accepted

energy = -0.3517910589
energy/site = -0.000399762567
43.8735% accepted

energy = -1.645272943
energy/site = -0.001869628344
43.8743% accepted

energy = -56.97342325
energy/site = -0.06474252642
43.8321% accepted

energy = -0.1186559096
energy/site = -0.0001348362609
43.9024% accepted

energy = -0.1580540188
energy/site = -0.0001796068396
43.8636% accepted

energy = -5.510068438
energy/site = -0.006261441407
43.7888% accepted

energy = -3.050031977
energy/site = -0.003465945429
43.753% accepted

energy = -231.1952952
energy/site = -0.2627219263
43.8998% accepted

energy = -6.6527994
energy/site = -0.007559999318
43.8885% accepted

energy = -0.4089526215
energy/site = -0.0004647188881
43.7727% accepted

energy = -0.01671794933
energy/site = -1.89976697e-05
43.8328% accepted

energy = -1.138434401
energy/site = -0.001293675456
43.837% accepted

energy = -13.57423311
energy/site = -0.01542526489
43.7316% accepted

energy = -14.5346149
energy/site = -0.01651660784
43.7271% accepted

energy = -0.2201634922
energy/site = -0.0002501857866
43.8905% accepted

energy = -6.875417364
energy/site = -0.007812974277
43.9009% accepted

energy = -5.024143618
energy/site = -0.005709254111
43.9137% accepted

energy = -16.92741414
energy/site = -0.01923569788
43.9988% accepted

energy = -32.17400999
energy/site = -0.03656137499
43.802% accepted

energy = -9.798146222
energy/site = -0.01113425707
43.963% accepted

energy = -0.7741414529
energy/site = -0.0008797061964
43.8996% accepted

energy = -77.50964494
energy/site = -0.08807914197
43.8785% accepted

energy = -2.98674558
energy/site = -0.003394029068
43.7287% accepted

energy = -0.0591176469
energy/site = -6.71791442e-05
43.8557% accepted

energy = -0.09322559099
energy/site = -0.0001059381716
43.7882% accepted

energy = -198.0688221
energy/site = -0.225078207
43.8469% accepted

energy = -0.06674344831
energy/site = -7.584482762e-05
43.8854% accepted

energy = -1.55838611
energy/site = -0.001770893307
43.8941% accepted

energy = -91.46905591
energy/site = -0.103942109
43.7474% accepted

energy = -2.395420188
energy/site = -0.002722068395
43.9119% accepted

energy = -6.093781069
energy/site = -0.006924751214
43.9837% accepted

energy = -30.89257116
energy/site = -0.0351051945
43.9065% accepted

energy = -0.2512340348
energy/site = -0.0002854932214
43.836% accepted

energy = -3.960722397
energy/site = -0.004500820906
43.8756% accepted

energy = -0.2303321163
energy/site = -0.0002617410412
43.8763% accepted

User defined signal 2

------------------------------------------------------------
Sender: LSF System <lsfadmin@wha671>
Subject: Job 3908587: <./torus19> Exited

Job <./torus19> was submitted from host <wha780> by user <akallin>.
Job was executed on host(s) <wha671>, in queue <serial>, as user <akallin>.
</home/akallin> was used as the home directory.
</work/akallin/TORUS/OBC/11leg/19> was used as the working directory.
Started at Sat Jun 26 17:02:21 2010
Results reported at Sat Jul  3 16:40:20 2010

Your job looked like:

------------------------------------------------------------
# LSBATCH: User input
./torus19
------------------------------------------------------------

TERM_RUNLIMIT: job killed after reaching LSF run time limit.
Exited with exit code 140.

Resource usage summary:

    CPU time   : 415583.00 sec.
    Max Memory :         6 MB
    Max Swap   :       122 MB

    Max Processes  :         4
    Max Threads    :         4

The output (if any) is above this job summary.


weighting by <swap_x> where x = 19
11 x 40 x 1 system
r   = 3  bondops changed per step 
n/N = 80  bond operators / site
its = 1000000  iterations/loop for 100000 loops

energy = -0.06411406737
energy/site = -7.285689474e-05
43.8244% accepted

energy = -0.0280188863
energy/site = -3.183964352e-05
43.8212% accepted

energy = -0.9168816511
energy/site = -0.001041910967
43.9074% accepted

energy = -1.514664695
energy/site = -0.001721209881
43.8082% accepted

energy = -408.8073003
energy/site = -0.4645537503
43.9354% accepted

energy = -0.09474856673
energy/site = -0.0001076688258
43.8536% accepted

energy = -11.96037197
energy/site = -0.01359133178
43.8005% accepted

energy = -0.3386996926
energy/site = -0.0003848860143
43.7696% accepted

energy = -7.676286677
energy/site = -0.008723053042
43.8204% accepted

energy = -0.009383444105
energy/site = -1.066300467e-05
43.8467% accepted

energy = -14.59946242
energy/site = -0.0165902982
43.9482% accepted

energy = -0.6016673927
energy/site = -0.0006837129462
43.8354% accepted

energy = -25.23953017
energy/site = -0.02868128428
43.8754% accepted

energy = -14.18306045
energy/site = -0.01611711415
44.0418% accepted

energy = -0.7271563556
energy/site = -0.0008263140405
43.7674% accepted

energy = -777.9811448
energy/site = -0.8840694827
43.8737% accepted

energy = -31.5277597
energy/site = -0.03582699966
43.7811% accepted

energy = -122.7803091
energy/site = -0.1395230785
43.8324% accepted

energy = -116.5809519
energy/site = -0.1324783544
43.709% accepted

energy = -2.31838624
energy/site = -0.002634529818
43.8475% accepted

energy = -0.4475748489
energy/site = -0.0005086077828
43.7769% accepted

energy = -0.01906636814
energy/site = -2.166632744e-05
43.8195% accepted

energy = -1.360248881
energy/site = -0.001545737365
43.8577% accepted

energy = -0.337602252
energy/site = -0.0003836389228
43.9131% accepted

energy = -3.260008682
energy/site = -0.00370455532
43.9791% accepted

energy = -3.543804516
energy/site = -0.004027050587
43.7746% accepted

energy = -486.2275129
energy/site = -0.5525312647
44.0597% accepted

energy = -23.71153197
energy/site = -0.02694492269
43.8749% accepted

energy = -0.7498859618
energy/site = -0.0008521431384
43.8378% accepted

energy = -12.94945011
energy/site = -0.01471528422
43.9212% accepted

energy = -1.146320717
energy/site = -0.001302637179
43.7911% accepted

energy = -1.119276821
energy/site = -0.001271905479
43.8076% accepted

energy = -0.05528206545
energy/site = -6.282052893e-05
43.9576% accepted

energy = -27.60915064
energy/site = -0.03137403482
43.8068% accepted

energy = -0.06488604615
energy/site = -7.373414335e-05
43.9553% accepted

energy = -2.423265681
energy/site = -0.002753711001
44.0032% accepted

energy = -0.8096296835
energy/site = -0.0009200337313
43.8098% accepted

energy = -0.798322715
energy/site = -0.0009071849035
43.7478% accepted

energy = -123.9127949
energy/site = -0.1408099943
43.7801% accepted

energy = -0.5005891188
energy/site = -0.0005688512713
43.8657% accepted

energy = -1.395733569
energy/site = -0.001586060874
43.7511% accepted

energy = -0.6595092827
energy/site = -0.0007494423667
43.8815% accepted

energy = -9327.394242
energy/site = -10.59931164
43.9219% accepted

energy = -0.5614953737
energy/site = -0.0006380629247
43.6555% accepted

energy = -0.06660063777
energy/site = -7.568254292e-05
43.7568% accepted

energy = -1235.002874
energy/site = -1.403412357
43.7952% accepted

energy = -0.02218977294
energy/site = -2.521565107e-05
43.6014% accepted

energy = -51.9096028
energy/site = -0.058988185
43.8554% accepted

energy = -0.0947609904
energy/site = -0.0001076829436
43.8935% accepted

energy = -202.8512511
energy/site = -0.2305127854
43.9232% accepted

energy = -0.2190256046
energy/site = -0.0002488927325
43.9668% accepted

energy = -2.085794789
energy/site = -0.002370221352
43.8088% accepted

energy = -14.63288873
energy/site = -0.01662828264
43.8298% accepted

energy = -205.7626922
energy/site = -0.2338212411
43.9905% accepted

energy = -0.13414798
energy/site = -0.0001524408864
43.9003% accepted

energy = -1.051460927
energy/site = -0.001194841963
43.8151% accepted

energy = -3.768113966
energy/site = -0.004281947688
43.7327% accepted

energy = -0.4272974729
energy/site = -0.0004855653101
43.8578% accepted

energy = -5.715634447
energy/site = -0.006495039144
43.9289% accepted

energy = -4.174881356
energy/site = -0.004744183359
43.9689% accepted

energy = -242.9427276
energy/site = -0.2760712813
43.7798% accepted

energy = -5.435024108
energy/site = -0.006176163759
43.8314% accepted

energy = -0.1792972005
energy/site = -0.0002037468187
43.8959% accepted

energy = -0.7543377522
energy/site = -0.0008572019911
43.7881% accepted

energy = -6.633008033
energy/site = -0.007537509129
43.8221% accepted

energy = -0.6724617614
energy/site = -0.0007641610925
43.8116% accepted

energy = -0.01083452437
energy/site = -1.231195952e-05
43.6276% accepted

energy = -0.1704561571
energy/site = -0.0001937001785
43.9344% accepted

energy = -3.667636721
energy/site = -0.004167769001
43.8708% accepted

energy = -0.8302134847
energy/site = -0.0009434244144
43.8661% accepted

energy = -0.3530724328
energy/site = -0.0004012186736
43.9707% accepted

energy = -39.52361937
energy/site = -0.04491320383
43.7199% accepted

energy = -0.27443808
energy/site = -0.0003118614546
43.8211% accepted

energy = -0.4881850568
energy/site = -0.0005547557463
43.8119% accepted

energy = -0.3318668914
energy/site = -0.0003771214675
43.7231% accepted

energy = -0.1336802144
energy/site = -0.0001519093346
43.9388% accepted

energy = -56.97226436
energy/site = -0.0647412095
43.8431% accepted

energy = -0.1332467387
energy/site = -0.0001514167485
43.9326% accepted

energy = -0.0595769012
energy/site = -6.770102409e-05
43.8073% accepted

energy = -0.186376144
energy/site = -0.0002117910727
43.7746% accepted

energy = -0.1603040472
energy/site = -0.00018216369
43.8753% accepted

energy = -52.63964128
energy/site = -0.05981777418
43.8629% accepted

energy = -13.08985822
energy/site = -0.01487483889
43.8043% accepted

energy = -1.570112494
energy/site = -0.001784218744
43.8159% accepted

energy = -15632.77193
energy/site = -17.76451356
43.9185% accepted

energy = -4555.324862
energy/site = -5.176505526
43.8042% accepted

energy = -1.073481734
energy/site = -0.001219865607
43.8789% accepted

energy = -6.070763061
energy/site = -0.006898594388
44.0115% accepted

energy = -2.03248459
energy/site = -0.00230964158
43.8846% accepted

energy = -0.618436402
energy/site = -0.0007027686387
43.8993% accepted

energy = -0.2463953754
energy/site = -0.0002799947448
43.8557% accepted

energy = -0.6051957956
energy/site = -0.000687722495
43.945% accepted

energy = -0.1197833663
energy/site = -0.0001361174617
43.8594% accepted

energy = -21664.12115
energy/site = -24.61831949
43.8771% accepted

energy = -42.84768793
energy/site = -0.04869055447
43.8632% accepted

energy = -0.501609934
energy/site = -0.0005700112886
43.8874% accepted

energy = -0.04517705387
energy/site = -5.133756122e-05
43.7997% accepted

energy = -0.3309939809
energy/site = -0.0003761295237
43.8723% accepted

energy = -0.3242825515
energy/site = -0.0003685028995
43.8826% accepted

energy = -66.28544326
energy/site = -0.07532436735
43.7354% accepted

energy = -0.04582013357
energy/site = -5.20683336e-05
43.9524% accepted

energy = -0.06070488227
energy/site = -6.898282076e-05
43.826% accepted

energy = -0.4559730111
energy/site = -0.000518151149
43.8693% accepted

energy = -0.01039190396
energy/site = -1.180898178e-05
43.778% accepted

energy = -2.228305757
energy/site = -0.002532165633
43.8637% accepted

energy = -0.2276833792
energy/site = -0.0002587311128
43.9824% accepted

energy = -0.462805215
energy/site = -0.000525915017
43.7978% accepted

energy = -71.32722935
energy/site = -0.08105366972
43.7408% accepted

energy = -0.0126577679
energy/site = -1.438382716e-05
43.9265% accepted

energy = -0.3077854427
energy/site = -0.0003497561849
43.9057% accepted

energy = -2.925733059
energy/site = -0.003324696658
43.7638% accepted

energy = -0.4513560727
energy/site = -0.0005129046281
43.8849% accepted

energy = -0.7375596722
energy/site = -0.0008381359911
43.9839% accepted

energy = -3.579932581
energy/site = -0.004068105206
43.8435% accepted

energy = -28.2314842
energy/site = -0.03208123204
43.8779% accepted

energy = -0.1934370581
energy/site = -0.0002198148387
43.7393% accepted

energy = -8.674886499
energy/site = -0.009857825567
43.9319% accepted

energy = -0.1320441717
energy/site = -0.0001500501951
43.8794% accepted

energy = -0.1844229975
energy/site = -0.0002095715881
43.7976% accepted

energy = -55.82421419
energy/site = -0.06343660704
43.7917% accepted

energy = -0.05204311891
energy/site = -5.913990785e-05
43.7847% accepted

energy = -0.3446664486
energy/site = -0.0003916664189
43.8544% accepted

energy = -149.998077
energy/site = -0.1704523602
43.8353% accepted

energy = -0.01218987131
energy/site = -1.385212649e-05
43.909% accepted

energy = -726.4466571
energy/site = -0.8255075648
43.8471% accepted

energy = -0.4368469428
energy/site = -0.0004964169804
43.8539% accepted

energy = -3.197812549
energy/site = -0.003633877896
43.8913% accepted

energy = -0.7123532616
energy/site = -0.0008094923428
43.7126% accepted

energy = -0.05500759008
energy/site = -6.250862509e-05
43.8053% accepted

energy = -4.437686931
energy/site = -0.005042826058
43.9319% accepted

energy = -1.365458878
energy/site = -0.001551657816
43.8036% accepted

energy = -16.01754089
energy/site = -0.01820175101
43.778% accepted

energy = -0.1321733217
energy/site = -0.0001501969564
43.7201% accepted

energy = -0.7718940763
energy/site = -0.0008771523595
43.8207% accepted

energy = -0.1366005838
energy/site = -0.0001552279361
43.828% accepted

energy = -3.758047735
energy/site = -0.00427050879
43.9034% accepted

energy = -0.05907652345
energy/site = -6.713241302e-05
43.9545% accepted

energy = -0.3365932687
energy/site = -0.0003824923508
43.7657% accepted

energy = -22.22044258
energy/site = -0.02525050294
43.8364% accepted

energy = -0.2337789455
energy/site = -0.0002656578927
43.7844% accepted

energy = -1.221861582
energy/site = -0.001388479071
43.7567% accepted

energy = -10.93056515
energy/site = -0.01242109677
43.9109% accepted

energy = -9.7906007
energy/site = -0.01112568261
43.8294% accepted

energy = -20.13231279
energy/site = -0.02287762817
44.022% accepted

energy = -10.10506172
energy/site = -0.01148302469
43.7409% accepted

energy = -9.896815205
energy/site = -0.01124638092
43.8814% accepted

energy = -0.05688154563
energy/site = -6.463812003e-05
43.8572% accepted

energy = -0.6512125633
energy/site = -0.0007400142764
43.886% accepted

energy = -0.1728854087
energy/site = -0.0001964606917
43.8927% accepted

energy = -2.028037261
energy/site = -0.002304587796
43.8774% accepted

energy = -0.04821256469
energy/site = -5.478700534e-05
43.7993% accepted

energy = -13.40829767
energy/site = -0.0152367019
43.8806% accepted

energy = -0.9449702895
energy/site = -0.001073829874
43.8845% accepted

energy = -0.3554589506
energy/site = -0.0004039306257
43.7675% accepted

energy = -0.2677729819
energy/site = -0.0003042874794
43.9199% accepted

energy = -0.2752696762
energy/site = -0.0003128064502
43.8531% accepted

energy = -17.39193339
energy/site = -0.01976356067
43.7363% accepted

energy = -12.08418222
energy/site = -0.01373202525
43.8695% accepted

energy = -69.32451248
energy/site = -0.07877785509
43.8034% accepted

energy = -8.377082466
energy/site = -0.009519411893
43.9606% accepted

energy = -12.99341669
energy/site = -0.01476524624
43.9795% accepted

energy = -9.589358934
energy/site = -0.01089699879
43.821% accepted

energy = -20.22434515
energy/site = -0.0229822104
44.0322% accepted

energy = -2.109696397
energy/site = -0.002397382269
43.7829% accepted

energy = -4.593619318
energy/site = -0.005220021952
44.0196% accepted

energy = -0.1867906656
energy/site = -0.00021226212
43.9011% accepted

energy = -0.1757875754
energy/site = -0.0001997586084
43.8746% accepted

energy = -0.5336012905
energy/site = -0.0006063651028
43.7175% accepted

energy = -1.991031887
energy/site = -0.002262536235
43.8016% accepted

energy = -29.67451296
energy/site = -0.03372103746
43.8217% accepted

energy = -1.431424178
energy/site = -0.001626618384
43.86% accepted

energy = -0.05725647773
energy/site = -6.506417924e-05
43.9637% accepted

energy = -1.272736888
energy/site = -0.001446291919
43.7211% accepted

energy = -0.1404832445
energy/site = -0.0001596400505
43.7941% accepted

energy = -0.02993462154
energy/site = -3.401661539e-05
43.8458% accepted

energy = -0.4003229614
energy/site = -0.0004549124562
43.8973% accepted

energy = -11.8881529
energy/site = -0.01350926466
43.7671% accepted

energy = -3.140177071
energy/site = -0.003568383036
43.7946% accepted

energy = -3.95483069
energy/site = -0.004494125785
43.9072% accepted

energy = -71.85204364
energy/site = -0.08165004959
43.7419% accepted

energy = -1.223909759
energy/site = -0.001390806545
43.8012% accepted

energy = -0.1925036235
energy/site = -0.0002187541176
43.9681% accepted

energy = -1.016302402
energy/site = -0.001154889093
43.8945% accepted

energy = -0.1187960817
energy/site = -0.0001349955473
43.7868% accepted

energy = -48.58553949
energy/site = -0.05521084033
43.8515% accepted

energy = -0.535643645
energy/site = -0.0006086859602
43.9092% accepted

energy = -1.44493505
energy/site = -0.001641971648
43.9586% accepted

energy = -34.74628395
energy/site = -0.03948441358
43.6957% accepted

energy = -0.06990403034
energy/site = -7.943639811e-05
43.8203% accepted

energy = -2.906676723
energy/site = -0.003303041731
43.8239% accepted

energy = -0.5180753651
energy/site = -0.0005887220058
43.9313% accepted

energy = -0.06488620794
energy/site = -7.373432721e-05
43.7891% accepted

energy = -0.9718934514
energy/site = -0.001104424377
43.9717% accepted

energy = -0.1023287123
energy/site = -0.0001162826276
43.8015% accepted

energy = -98.82231935
energy/site = -0.1122980902
43.9514% accepted

energy = -3.744778333
energy/site = -0.004255429924
43.8943% accepted

energy = -2.272385725
energy/site = -0.002582256506
44.0423% accepted

energy = -0.1555643099
energy/site = -0.0001767776249
43.7896% accepted

energy = -0.6716654
energy/site = -0.0007632561364
43.8482% accepted

energy = -4.590386401
energy/site = -0.005216348183
43.9518% accepted

energy = -17.26724116
energy/site = -0.01962186496
43.7595% accepted

energy = -0.0625671727
energy/site = -7.109905988e-05
43.794% accepted

energy = -0.4143019136
energy/site = -0.0004707976291
43.7187% accepted

energy = -1.174587077
energy/site = -0.001334758042
43.9386% accepted

energy = -2.749552055
energy/site = -0.003124490972
43.9294% accepted

energy = -0.2946260587
energy/site = -0.0003348023394
43.8572% accepted

energy = -6.622560218
energy/site = -0.007525636611
43.7428% accepted

energy = -0.5333843942
energy/site = -0.0006061186298
43.8328% accepted

energy = -4.402509506
energy/site = -0.005002851712
43.8365% accepted

energy = -0.0789085291
energy/site = -8.966878307e-05
43.8246% accepted

energy = -15.81127515
energy/site = -0.01796735813
43.7724% accepted

energy = -0.5389806192
energy/site = -0.0006124779764
43.9115% accepted

energy = -1.760941075
energy/site = -0.002001069404
43.7143% accepted

energy = -1.733444578
energy/site = -0.001969823384
43.9432% accepted

energy = -0.02812276974
energy/site = -3.195769289e-05
43.839% accepted

energy = -0.1877726664
energy/site = -0.00021337803
43.8453% accepted

energy = -19.22295191
energy/site = -0.02184426354
43.8328% accepted

energy = -0.03586103593
energy/site = -4.075117719e-05
43.7958% accepted

energy = -2.74739231
energy/site = -0.003122036716
43.9528% accepted

energy = -3.785719664
energy/site = -0.004301954164
43.8401% accepted

energy = -1.687462208
energy/site = -0.001917570691
43.8984% accepted

energy = -15.08435646
energy/site = -0.01714131416
43.8441% accepted

energy = -3.314440815
energy/site = -0.003766410017
43.8367% accepted

energy = -0.1104828419
energy/site = -0.000125548684
43.8879% accepted

energy = -1.548123994
energy/site = -0.001759231811
43.8037% accepted

energy = -0.6818388899
energy/site = -0.0007748169204
43.8776% accepted

energy = -614.8085748
energy/site = -0.6986461077
43.8068% accepted

energy = -0.7152709124
energy/site = -0.000812807855
43.8936% accepted

energy = -2.21565272
energy/site = -0.002517787182
43.6704% accepted

energy = -2.200364845
energy/site = -0.002500414596
43.8722% accepted

energy = -10.18712199
energy/site = -0.01157627499
43.9144% accepted

energy = -310.9063627
energy/site = -0.3533026849
43.8487% accepted

energy = -139.5497523
energy/site = -0.158579264
43.8356% accepted

energy = -0.1118679906
energy/site = -0.0001271227166
43.8033% accepted

energy = -212.3134742
energy/site = -0.2412653116
43.8661% accepted

energy = -9.975656056
energy/site = -0.01133597279
43.9548% accepted

energy = -0.5174230559
energy/site = -0.0005879807454
43.895% accepted

energy = -1.937594541
energy/site = -0.002201811978
43.8033% accepted

energy = -0.01195655991
energy/site = -1.35869999e-05
43.7992% accepted

energy = -0.3748082066
energy/site = -0.0004259184166
43.8784% accepted

energy = -3.481902463
energy/site = -0.003956707345
43.8776% accepted

energy = -31.86383537
energy/site = -0.03620890383
43.8026% accepted

energy = -0.07962641595
energy/site = -9.048456358e-05
43.9409% accepted

energy = -0.2450704584
energy/site = -0.0002784891572
43.9242% accepted

energy = -0.01902585167
energy/site = -2.162028598e-05
43.868% accepted

energy = -1.115625022
energy/site = -0.001267755707
43.8369% accepted

energy = -0.03767788738
energy/site = -4.281578111e-05
43.7273% accepted

energy = -311.4635631
energy/site = -0.3539358671
43.844% accepted

energy = -1.791418344
energy/site = -0.002035702664
43.7241% accepted

energy = -8.154348135
energy/site = -0.009266304699
43.7806% accepted

energy = -0.4307928461
energy/site = -0.0004895373251
43.839% accepted

energy = -0.2655006851
energy/site = -0.000301705324
43.9304% accepted

energy = -0.0592847509
energy/site = -6.736903512e-05
43.8434% accepted

energy = -0.3631196873
energy/site = -0.0004126360083
43.9221% accepted

energy = -0.1622049278
energy/site = -0.0001843237816
43.8616% accepted

energy = -1.855065459
energy/site = -0.002108028931
43.9194% accepted

energy = -4.868386478
energy/site = -0.005532257362
43.8147% accepted

energy = -0.4761298506
energy/site = -0.0005410566484
43.8176% accepted

energy = -1.240676561
energy/site = -0.001409859729
43.8207% accepted

energy = -0.1223568778
energy/site = -0.0001390419066
43.9726% accepted

energy = -2.899782065
energy/site = -0.003295206892
43.8248% accepted

energy = -26.67513592
energy/site = -0.03031265445
44.0094% accepted

energy = -1.165436626
energy/site = -0.001324359802
43.8852% accepted

energy = -5.326529534
energy/site = -0.00605287447
43.9317% accepted

energy = -0.03053110836
energy/site = -3.469444132e-05
43.9113% accepted

energy = -0.161271228
energy/site = -0.0001832627591
43.8848% accepted

energy = -0.5822786755
energy/site = -0.0006616803131
43.937% accepted

energy = -0.07531543425
energy/site = -8.558572074e-05
43.8782% accepted

energy = -1.896699235
energy/site = -0.00215534004
43.8567% accepted

energy = -0.2374392239
energy/site = -0.0002698172999
43.9052% accepted

energy = -6.372263104
energy/site = -0.007241208073
43.8381% accepted

energy = -9.585224564
energy/site = -0.01089230064
44.0821% accepted

energy = -0.5865308445
energy/site = -0.0006665123233
43.872% accepted

energy = -7.351679468
energy/site = -0.008354181214
43.7821% accepted

energy = -5.026608927
energy/site = -0.005712055599
43.9084% accepted

energy = -103.5815448
energy/site = -0.1177063009
43.9879% accepted

energy = -0.07073599011
energy/site = -8.038180694e-05
43.8566% accepted

energy = -6.786543668
energy/site = -0.007711981441
43.9851% accepted

energy = -0.724239158
energy/site = -0.0008229990432
43.8659% accepted

energy = -0.7832534595
energy/site = -0.0008900607495
43.8728% accepted

energy = -27.13721415
energy/site = -0.03083774335
43.7664% accepted

energy = -0.5392949336
energy/site = -0.0006128351518
43.7801% accepted

energy = -4641.049758
energy/site = -5.273920179
43.8847% accepted

energy = -0.3732920327
energy/site = -0.0004241954917
43.8295% accepted

energy = -0.3733846184
energy/site = -0.0004243007027
43.798% accepted

energy = -3.675085532
energy/site = -0.004176233559
43.8518% accepted

energy = -3.518358308
energy/site = -0.003998134441
43.7904% accepted

energy = -25.01617156
energy/site = -0.02842746768
43.7973% accepted

energy = -0.4296289057
energy/site = -0.0004882146656
43.9276% accepted

energy = -0.07572095857
energy/site = -8.604654383e-05
43.8566% accepted

energy = -2.24833435
energy/site = -0.002554925398
43.989% accepted

energy = -3.561215031
energy/site = -0.004046835263
43.8711% accepted

energy = -0.6899275391
energy/site = -0.0007840085672
43.8997% accepted

energy = -2.088370567
energy/site = -0.002373148372
43.9101% accepted

energy = -23.12711082
energy/site = -0.02628080775
43.9144% accepted

User defined signal 2

------------------------------------------------------------
Sender: LSF System <lsfadmin@wha125>
Subject: Job 5120793: <./torus19> Exited

Job <./torus19> was submitted from host <wha780> by user <akallin>.
Job was executed on host(s) <wha125>, in queue <serial>, as user <akallin>.
</home/akallin> was used as the home directory.
</work/akallin/TORUS/OBC/11leg/19> was used as the working directory.
Started at Wed Jul 21 18:05:29 2010
Results reported at Wed Jul 28 18:31:39 2010

Your job looked like:

------------------------------------------------------------
# LSBATCH: User input
./torus19
------------------------------------------------------------

TERM_RUNLIMIT: job killed after reaching LSF run time limit.
Exited with exit code 140.

Resource usage summary:

    CPU time   : 551058.00 sec.
    Max Memory :         6 MB
    Max Swap   :       122 MB

    Max Processes  :         4
    Max Threads    :         4

The output (if any) is above this job summary.


weighting by <swap_x> where x = 19
11 x 40 x 1 system
r   = 3  bondops changed per step 
n/N = 80  bond operators / site
its = 1000000  iterations/loop for 100000 loops

energy = -4.583699072
energy/site = -0.005208748946
43.8243% accepted

energy = -114.1214637
energy/site = -0.1296834815
43.8026% accepted

energy = -69.8537231
energy/site = -0.07937923079
43.9941% accepted

energy = -1.5582845
energy/site = -0.001770777841
43.7696% accepted

energy = -12.94268532
energy/site = -0.01470759696
43.733% accepted

energy = -26.5677598
energy/site = -0.03019063613
43.868% accepted

energy = -0.1906560118
energy/site = -0.0002166545589
43.8477% accepted

energy = -0.7880215451
energy/site = -0.0008954790286
43.818% accepted

energy = -1.544623092
energy/site = -0.001755253513
43.8864% accepted

energy = -1.244821129
energy/site = -0.001414569464
43.7558% accepted

energy = -5.576332726
energy/site = -0.006336741734
43.8544% accepted

energy = -0.3720601064
energy/site = -0.0004227955754
43.8233% accepted

energy = -0.08270752173
energy/site = -9.398582015e-05
43.9238% accepted

energy = -1.008511145
energy/site = -0.001146035393
43.9446% accepted

energy = -1.835230357
energy/site = -0.002085489042
43.8036% accepted

energy = -4.017363025
energy/site = -0.004565185256
43.9441% accepted

energy = -1.69742365
energy/site = -0.001928890511
43.9058% accepted

energy = -0.1742881611
energy/site = -0.0001980547285
43.8072% accepted

energy = -0.9233339096
energy/site = -0.001049243079
43.7564% accepted

energy = -3.254170166
energy/site = -0.003697920643
44.0049% accepted

energy = -14455.07729
energy/site = -16.42622419
43.822% accepted

energy = -0.4895850798
energy/site = -0.0005563466816
43.9111% accepted

energy = -2.751076834
energy/site = -0.003126223675
43.8246% accepted

energy = -0.1572839962
energy/site = -0.0001787318139
43.9429% accepted

energy = -0.1121655649
energy/site = -0.0001274608693
43.9417% accepted

energy = -7847.735327
energy/site = -8.917881054
43.8215% accepted

energy = -46.8444077
energy/site = -0.05323228148
43.9202% accepted

energy = -108.3536618
energy/site = -0.1231291611
43.9471% accepted

energy = -82.98044322
energy/site = -0.09429595821
43.8882% accepted

energy = -2.536572258
energy/site = -0.002882468476
43.8863% accepted

energy = -0.04196873785
energy/site = -4.769174756e-05
43.8919% accepted

energy = -464.9390362
energy/site = -0.5283398139
43.9158% accepted

energy = -0.3645793889
energy/site = -0.0004142947601
43.8898% accepted

energy = -0.04976541724
energy/site = -5.65516105e-05
43.8307% accepted

energy = -6.366380777
energy/site = -0.007234523611
43.9239% accepted

energy = -0.003479527626
energy/site = -3.954008666e-06
43.8412% accepted

energy = -0.6904077462
energy/site = -0.0007845542571
43.6759% accepted

energy = -0.3487009093
energy/site = -0.0003962510333
43.9492% accepted

energy = -0.1615347309
energy/site = -0.0001835621942
43.7435% accepted

energy = -1.089286803
energy/site = -0.001237825913
43.8701% accepted

energy = -13.77724256
energy/site = -0.01565595745
43.9261% accepted

energy = -0.5699950614
energy/site = -0.0006477216607
43.9155% accepted

energy = -8.572863558
energy/site = -0.009741890406
43.8447% accepted

energy = -29.69619803
energy/site = -0.03374567958
43.884% accepted

energy = -2735.288738
energy/site = -3.108282657
43.892% accepted

energy = -0.5572117107
energy/site = -0.0006331951258
43.8916% accepted

energy = -0.7340734476
energy/site = -0.0008341743723
43.7636% accepted

energy = -3.101323408
energy/site = -0.003524231145
43.8656% accepted

energy = -0.1439888459
energy/site = -0.0001636236885
43.778% accepted

energy = -0.06126321761
energy/site = -6.961729274e-05
43.926% accepted

energy = -0.1289461359
energy/site = -0.0001465296999
43.8713% accepted

energy = -0.1096783691
energy/site = -0.0001246345103
43.9401% accepted

energy = -0.08845662971
energy/site = -0.0001005188974
43.8391% accepted

energy = -17.19843455
energy/site = -0.01954367563
43.8422% accepted

energy = -6.055103676
energy/site = -0.006880799631
43.8617% accepted

energy = -9.423437257
energy/site = -0.01070845143
43.8113% accepted

energy = -2.059498595
energy/site = -0.002340339312
43.9293% accepted

energy = -13.07675749
energy/site = -0.0148599517
43.8872% accepted

energy = -0.6560997744
energy/site = -0.0007455679255
43.9362% accepted

energy = -540.2045428
energy/site = -0.6138687986
44.0097% accepted

energy = -0.9617650624
energy/site = -0.001092914844
43.6606% accepted

energy = -249.4080413
energy/site = -0.2834182287
43.8097% accepted

energy = -0.04003190445
energy/site = -4.549080051e-05
43.9214% accepted

energy = -9.871434481
energy/site = -0.01121753918
43.8435% accepted

energy = -1.077333642
energy/site = -0.001224242775
43.7307% accepted

energy = -0.2673697913
energy/site = -0.0003038293083
43.9227% accepted

energy = -0.04472305732
energy/site = -5.082165605e-05
43.7346% accepted

energy = -50.49431181
energy/site = -0.05737989979
43.8379% accepted

energy = -0.08614956981
energy/site = -9.789723842e-05
43.9587% accepted

energy = -17.53892301
energy/site = -0.01993059433
43.7778% accepted

energy = -2.848995336
energy/site = -0.0032374947
43.8664% accepted

energy = -6.275466063
energy/site = -0.007131211435
43.8462% accepted

energy = -16.2348188
energy/site = -0.01844865773
43.9558% accepted

energy = -2.336465628
energy/site = -0.002655074577
43.8013% accepted

energy = -59.99848207
energy/site = -0.06818009327
43.6736% accepted

energy = -0.7687461511
energy/site = -0.0008735751717
43.8758% accepted

energy = -107.0077989
energy/site = -0.1215997715
43.7853% accepted

energy = -11.36651574
energy/site = -0.01291649516
43.8853% accepted

energy = -8.240363123
energy/site = -0.009364049003
43.6719% accepted

energy = -3.163412642
energy/site = -0.003594787094
43.7974% accepted

energy = -1.806440546
energy/site = -0.002052773348
43.761% accepted

energy = -10.28672588
energy/site = -0.01168946122
43.8964% accepted

energy = -2.195325655
energy/site = -0.002494688245
43.8728% accepted

energy = -1.765645578
energy/site = -0.00200641543
43.8724% accepted

energy = -1745.289582
energy/site = -1.983283616
43.8844% accepted

energy = -189.0267549
energy/site = -0.2148031306
43.9075% accepted

energy = -52.55160603
energy/site = -0.05971773412
43.8951% accepted

energy = -0.926573268
energy/site = -0.001052924168
43.8802% accepted

energy = -0.0853167513
energy/site = -9.695085375e-05
43.7282% accepted

energy = -0.08100465939
energy/site = -9.205074931e-05
43.8875% accepted

energy = -14.99342472
energy/site = -0.01703798263
43.8736% accepted

energy = -130.3312016
energy/site = -0.1481036382
43.9485% accepted

energy = -1714.526024
energy/site = -1.948325027
43.852% accepted

energy = -10.63760352
energy/site = -0.01208818582
43.831% accepted

energy = -0.1209729351
energy/site = -0.0001374692444
43.8912% accepted

energy = -2.114311438
energy/site = -0.002402626634
43.8145% accepted

energy = -76.80448014
energy/site = -0.08727781835
44.0261% accepted

energy = -0.6340317994
energy/site = -0.0007204906811
43.7087% accepted

energy = -37.74396038
energy/site = -0.04289086407
44.0059% accepted

energy = -11.84771185
energy/site = -0.01346330893
43.8604% accepted

energy = -134.8808166
energy/site = -0.1532736552
43.8433% accepted

energy = -0.7580072881
energy/site = -0.0008613719183
43.6981% accepted

energy = -1.855647039
energy/site = -0.002108689817
44.0032% accepted

energy = -0.1148963713
energy/site = -0.0001305640582
43.7749% accepted

energy = -0.912128584
energy/site = -0.001036509755
43.7455% accepted

energy = -6.695937524
energy/site = -0.007609019914
44.0265% accepted

energy = -2.240112396
energy/site = -0.002545582268
43.9559% accepted

energy = -0.5778679932
energy/site = -0.0006566681741
43.8316% accepted

energy = -1.659979019
energy/site = -0.001886339794
43.7574% accepted

energy = -0.005289762201
energy/site = -6.011093411e-06
43.8286% accepted

energy = -0.2944221255
energy/site = -0.0003345705972
43.7037% accepted

energy = -42.60360004
energy/site = -0.04841318186
43.902% accepted

energy = -7.156765526
energy/site = -0.008132688098
43.9275% accepted

energy = -0.3423758009
energy/site = -0.0003890634102
43.8256% accepted

energy = -2.039081644
energy/site = -0.002317138232
43.9539% accepted

energy = -0.2811300507
energy/site = -0.0003194659667
43.8956% accepted

energy = -0.1578370311
energy/site = -0.0001793602627
43.7937% accepted

energy = -0.1871842638
energy/site = -0.0002127093907
43.9321% accepted

energy = -0.1584316724
energy/site = -0.0001800359914
43.7971% accepted

energy = -19.16279698
energy/site = -0.02177590565
43.8973% accepted

energy = -0.1664105918
energy/site = -0.0001891029453
43.9201% accepted

energy = -0.331259754
energy/site = -0.0003764315387
43.9227% accepted

energy = -1.162216217
energy/site = -0.001320700246
43.8294% accepted

energy = -0.4917643704
energy/site = -0.0005588231482
43.8365% accepted

energy = -292.7910347
energy/site = -0.3327170849
43.8648% accepted

energy = -15.59248154
energy/site = -0.01771872902
43.9611% accepted

energy = -2.415483616
energy/site = -0.002744867745
43.7209% accepted

energy = -2.217942859
energy/site = -0.002520389612
43.9103% accepted

energy = -1.848487726
energy/site = -0.002100554234
43.8524% accepted

energy = -54.26100016
energy/site = -0.06166022746
43.8557% accepted

energy = -1.094161545
energy/site = -0.001243365392
43.7869% accepted

energy = -0.02363835129
energy/site = -2.686176283e-05
43.8655% accepted

energy = -0.003640277862
energy/site = -4.136679389e-06
43.6005% accepted

energy = -217.1012107
energy/site = -0.2467059213
43.9208% accepted

energy = -0.242862896
energy/site = -0.0002759805636
43.9555% accepted

energy = -0.2256227616
energy/site = -0.0002563895019
44.1215% accepted

energy = -0.08494218747
energy/site = -9.652521303e-05
43.7426% accepted

energy = -2.841491317
energy/site = -0.003228967405
43.8405% accepted

energy = -0.009159120217
energy/site = -1.040809116e-05
43.9437% accepted

energy = -0.0375344302
energy/site = -4.265276159e-05
43.888% accepted

energy = -110.2057303
energy/site = -0.1252337844
43.8461% accepted

energy = -4.080604201
energy/site = -0.004637050228
43.8856% accepted

energy = -0.1319157929
energy/site = -0.0001499043101
43.9638% accepted

energy = -71.61848301
energy/site = -0.08138463979
43.818% accepted

energy = -0.2174185452
energy/site = -0.0002470665286
43.87% accepted

energy = -0.1007546534
energy/site = -0.0001144939244
43.7882% accepted

energy = -27.41579507
energy/site = -0.03115431258
43.8159% accepted

energy = -4.618918502
energy/site = -0.005248771025
43.8583% accepted

energy = -15.18889576
energy/site = -0.01726010882
43.7743% accepted

energy = -5.106044763
energy/site = -0.005802323595
43.8112% accepted

energy = -12.6107744
energy/site = -0.01433042546
43.8131% accepted

energy = -5.766666466
energy/site = -0.006553030075
43.7346% accepted

energy = -2.965035094
energy/site = -0.003369358061
43.8442% accepted

energy = -0.4389163527
energy/site = -0.0004987685826
43.9779% accepted

energy = -1.77459549
energy/site = -0.002016585784
43.9416% accepted

energy = -0.40415316
energy/site = -0.0004592649546
43.8701% accepted

energy = -0.09544303415
energy/site = -0.0001084579933
43.8568% accepted

energy = -0.7569867124
energy/site = -0.0008602121731
43.9379% accepted

energy = -0.2313315071
energy/site = -0.0002628767127
43.9495% accepted

energy = -0.2198415139
energy/site = -0.0002498199021
43.9662% accepted

energy = -5.401875275
energy/site = -0.006138494631
44.0455% accepted

energy = -1.725683687
energy/site = -0.00196100419
43.9357% accepted

energy = -51.37626874
energy/site = -0.05838212357
43.8828% accepted

energy = -2.182821
energy/site = -0.002480478409
43.9186% accepted

energy = -1.399081642
energy/site = -0.001589865502
43.8232% accepted

energy = -3.724099778
energy/site = -0.004231931566
43.82% accepted

energy = -1.803901824
energy/site = -0.002049888436
43.9825% accepted

energy = -0.08360703447
energy/site = -9.500799372e-05
43.8893% accepted

energy = -0.003370874065
energy/site = -3.83053871e-06
43.8734% accepted

energy = -57.5335817
energy/site = -0.06537907012
43.8683% accepted

energy = -0.9597031258
energy/site = -0.001090571734
43.7507% accepted

energy = -2.036018952
energy/site = -0.0023136579
43.808% accepted

energy = -5.772247535
energy/site = -0.006559372199
43.8325% accepted

energy = -0.03289803297
energy/site = -3.738412838e-05
43.9342% accepted

energy = -0.4683227993
energy/site = -0.0005321849992
43.862% accepted

energy = -0.3191930103
energy/site = -0.0003627193299
43.8576% accepted

energy = -0.56511919
energy/site = -0.0006421808977
43.7054% accepted

energy = -0.1962992833
energy/site = -0.0002230673674
43.8869% accepted

energy = -0.04697328402
energy/site = -5.337873184e-05
44.0321% accepted

energy = -1639.319443
energy/site = -1.862863003
43.793% accepted

energy = -0.337570527
energy/site = -0.0003836028716
43.9421% accepted

energy = -4.15507561
energy/site = -0.00472167683
43.8833% accepted

energy = -0.2623461434
energy/site = -0.0002981206175
43.889% accepted

energy = -0.250593085
energy/site = -0.0002847648694
43.8199% accepted

energy = -5.367083683
energy/site = -0.006098958731
44.0212% accepted

energy = -0.2441600203
energy/site = -0.0002774545685
43.8307% accepted

energy = -0.23612544
energy/site = -0.0002683243636
43.9322% accepted

energy = -0.1302550377
energy/site = -0.0001480170883
43.7873% accepted

energy = -369.7377501
energy/site = -0.4201565342
43.8095% accepted

energy = -0.09961721453
energy/site = -0.0001132013801
43.7859% accepted

energy = -0.4286697434
energy/site = -0.0004871247084
43.7646% accepted

energy = -67.65941848
energy/site = -0.07688570282
44.035% accepted

energy = -6.484118869
energy/site = -0.007368316897
43.9772% accepted

energy = -0.384055519
energy/site = -0.0004364267262
43.8073% accepted

energy = -10.00323969
energy/site = -0.01136731783
43.8781% accepted

energy = -0.4248344877
energy/site = -0.0004827664633
43.8715% accepted

energy = -6.711870844
energy/site = -0.007627125959
43.8681% accepted

energy = -10.13126438
energy/site = -0.01151280043
43.9016% accepted

energy = -0.7465882403
energy/site = -0.0008483957277
43.9347% accepted

energy = -0.9848322331
energy/site = -0.001119127538
43.8352% accepted

energy = -20.89320059
energy/site = -0.0237422734
43.8559% accepted

energy = -0.06351796284
energy/site = -7.217950323e-05
43.8384% accepted

energy = -1.778438904
energy/site = -0.0020209533
43.8801% accepted

energy = -0.05431566989
energy/site = -6.172235215e-05
43.8998% accepted

energy = -9.969859117
energy/site = -0.01132938536
43.75% accepted

energy = -2.844930926
energy/site = -0.003232876052
43.853% accepted

energy = -0.3783100873
energy/site = -0.0004298978265
43.6169% accepted

energy = -1059.130639
energy/site = -1.203557544
43.838% accepted

energy = -3.654344341
energy/site = -0.004152664024
43.8547% accepted

energy = -31.9934292
energy/site = -0.03635616954
43.9284% accepted

User defined signal 2

------------------------------------------------------------
Sender: LSF System <lsfadmin@wha47>
Subject: Job 5493627: <./torus19> Exited

Job <./torus19> was submitted from host <wha781> by user <akallin>.
Job was executed on host(s) <wha47>, in queue <serial>, as user <akallin>.
</home/akallin> was used as the home directory.
</work/akallin/TORUS/OBC/11leg/19> was used as the working directory.
Started at Wed Aug 11 14:43:45 2010
Results reported at Wed Aug 18 15:01:49 2010

Your job looked like:

------------------------------------------------------------
# LSBATCH: User input
./torus19
------------------------------------------------------------

TERM_RUNLIMIT: job killed after reaching LSF run time limit.
Exited with exit code 140.

Resource usage summary:

    CPU time   : 396531.00 sec.
    Max Memory :         6 MB
    Max Swap   :       124 MB

    Max Processes  :         4
    Max Threads    :         4

The output (if any) is above this job summary.


weighting by <swap_x> where x = 19
11 x 40 x 1 system
r   = 3  bondops changed per step 
n/N = 80  bond operators / site
its = 1000000  iterations/loop for 100000 loops

