
weighting by <swap_x> where x = 2
4 x 16 x 1 system
r   = 3  bondops changed per step 
n/N = 80  bond operators / site
its = 1000000  iterations/loop for 10000 loops

energy = -153.4185794
energy/site = -1.198582652
44.2495% accepted

energy = -152.916786
energy/site = -1.194662391
44.1362% accepted

energy = -169.8828727
energy/site = -1.327209943
44.149% accepted

energy = -125.6590403
energy/site = -0.9817112523
44.1079% accepted

energy = -132.4666951
energy/site = -1.034896056
44.0724% accepted

energy = -154.54302
energy/site = -1.207367344
44.2131% accepted

energy = -153.3214113
energy/site = -1.197823526
44.2266% accepted

energy = -126.5717226
energy/site = -0.9888415825
44.0783% accepted

energy = -146.8455381
energy/site = -1.147230766
44.0154% accepted

energy = -100.0108589
energy/site = -0.7813348354
44.1685% accepted

energy = -112.3072043
energy/site = -0.8774000335
43.9182% accepted

energy = -117.0195476
energy/site = -0.9142152159
44.158% accepted

energy = -129.7790712
energy/site = -1.013898994
43.977% accepted

energy = -164.1129424
energy/site = -1.282132362
43.9645% accepted

energy = -133.223805
energy/site = -1.040810977
43.93% accepted

energy = -189.8977869
energy/site = -1.48357646
44.164% accepted

energy = -103.256023
energy/site = -0.8066876797
44.0286% accepted

energy = -103.6089308
energy/site = -0.8094447719
44.0135% accepted

energy = -144.9123439
energy/site = -1.132127687
44.2015% accepted

energy = -129.6383319
energy/site = -1.012799468
44.0674% accepted

energy = -143.5038801
energy/site = -1.121124063
44.0775% accepted

energy = -123.1467405
energy/site = -0.9620839102
43.979% accepted

energy = -167.1880829
energy/site = -1.306156898
44.0773% accepted

energy = -110.9478639
energy/site = -0.866780187
44.1496% accepted

energy = -114.7322781
energy/site = -0.896345923
43.9701% accepted

energy = -124.1615458
energy/site = -0.9700120762
44.1029% accepted

energy = -129.6324716
energy/site = -1.012753685
44.0512% accepted

energy = -137.4166955
energy/site = -1.073567934
44.0183% accepted

energy = -132.3303184
energy/site = -1.033830612
44.1796% accepted

energy = -155.6899106
energy/site = -1.216327427
44.0116% accepted

energy = -112.9823962
energy/site = -0.8826749703
43.9802% accepted

energy = -114.5331106
energy/site = -0.8947899268
44.2121% accepted

energy = -120.885675
energy/site = -0.9444193357
43.9942% accepted

energy = -169.0406364
energy/site = -1.320629972
44.0445% accepted

energy = -156.4756923
energy/site = -1.222466346
44.0497% accepted

energy = -95.94162548
energy/site = -0.7495439491
44.1462% accepted

energy = -133.4005081
energy/site = -1.042191469
43.8736% accepted

energy = -120.1355719
energy/site = -0.9385591556
43.978% accepted

energy = -104.6860045
energy/site = -0.81785941
44.0654% accepted

energy = -136.9596969
energy/site = -1.069997632
44.1343% accepted

energy = -172.1644964
energy/site = -1.345035128
43.995% accepted

energy = -131.223784
energy/site = -1.025185813
44.1209% accepted

energy = -113.9540313
energy/site = -0.8902658694
44.1388% accepted

energy = -113.9467448
energy/site = -0.8902089441
44.0589% accepted

energy = -134.3814234
energy/site = -1.049854871
44.0954% accepted

energy = -120.5636516
energy/site = -0.9419035278
44.1538% accepted

energy = -99.22349577
energy/site = -0.7751835607
44.0598% accepted

energy = -127.1357346
energy/site = -0.9932479266
44.1267% accepted

energy = -124.9401793
energy/site = -0.976095151
44.0614% accepted

energy = -157.9552066
energy/site = -1.234025052
44.0984% accepted

energy = -138.299744
energy/site = -1.08046675
44.0968% accepted

energy = -118.9069714
energy/site = -0.9289607139
44.1468% accepted

energy = -136.7068418
energy/site = -1.068022201
43.9082% accepted

energy = -132.1411226
energy/site = -1.03235252
43.977% accepted

energy = -182.5924324
energy/site = -1.426503378
44.1186% accepted

energy = -123.6063786
energy/site = -0.9656748328
44.2058% accepted

energy = -116.6594381
energy/site = -0.91140186
44.088% accepted

energy = -174.5310291
energy/site = -1.363523665
44.1622% accepted

energy = -182.5828177
energy/site = -1.426428263
44.1396% accepted

energy = -129.4254739
energy/site = -1.011136515
44.1274% accepted

energy = -164.4893001
energy/site = -1.285072657
44.2046% accepted

energy = -112.2138265
energy/site = -0.8766705197
44.1428% accepted

energy = -155.4779536
energy/site = -1.214671512
44.0022% accepted

energy = -109.2338523
energy/site = -0.8533894708
43.9319% accepted

energy = -164.3545867
energy/site = -1.284020209
44.0384% accepted

energy = -99.65165596
energy/site = -0.7785285622
44.0676% accepted

energy = -126.1766538
energy/site = -0.985755108
44.0263% accepted

energy = -140.3676872
energy/site = -1.096622556
44.1615% accepted

energy = -142.4947571
energy/site = -1.11324029
44.1375% accepted

energy = -162.4474967
energy/site = -1.269121068
44.0618% accepted

energy = -136.6093076
energy/site = -1.067260216
44.1256% accepted

energy = -173.8921907
energy/site = -1.35853274
44.1215% accepted

energy = -138.2714809
energy/site = -1.080245945
44.0471% accepted

energy = -160.5373826
energy/site = -1.254198302
44.167% accepted

energy = -199.2249936
energy/site = -1.556445263
44.2725% accepted

energy = -84.5312553
energy/site = -0.6604004321
44.0109% accepted

energy = -132.9207442
energy/site = -1.038443314
43.9658% accepted

energy = -112.3293932
energy/site = -0.8775733844
43.9769% accepted

energy = -171.0445266
energy/site = -1.336285364
44.0607% accepted

energy = -149.749084
energy/site = -1.169914718
44.157% accepted

energy = -133.9437714
energy/site = -1.046435714
44.1351% accepted

energy = -141.6734525
energy/site = -1.106823848
44.1226% accepted

energy = -135.3051774
energy/site = -1.057071698
44.1476% accepted

energy = -116.3103021
energy/site = -0.908674235
43.9383% accepted

energy = -132.4050678
energy/site = -1.034414592
44.089% accepted

energy = -103.3761301
energy/site = -0.8076260166
44.2421% accepted

energy = -152.6436591
energy/site = -1.192528587
44.1928% accepted

energy = -117.8407859
energy/site = -0.9206311396
44.0619% accepted

energy = -103.0760039
energy/site = -0.8052812808
44.1537% accepted

energy = -93.75877698
energy/site = -0.7324904452
44.0169% accepted

energy = -147.8393811
energy/site = -1.154995165
44.1818% accepted

energy = -114.3796258
energy/site = -0.8935908268
44.0905% accepted

energy = -100.1320476
energy/site = -0.7822816215
44.0256% accepted

energy = -112.8024176
energy/site = -0.8812688872
44.0209% accepted

energy = -125.8695161
energy/site = -0.9833555946
44.176% accepted

energy = -140.7170545
energy/site = -1.099351989
44.2245% accepted

energy = -145.4683426
energy/site = -1.136471427
44.1028% accepted

energy = -135.6960822
energy/site = -1.060125643
44.0268% accepted

energy = -158.2500722
energy/site = -1.236328689
43.9723% accepted

energy = -111.8135387
energy/site = -0.8735432709
44.1891% accepted

energy = -132.4029732
energy/site = -1.034398228
44.0122% accepted

energy = -110.1780027
energy/site = -0.8607656464
44.1505% accepted

energy = -121.8219204
energy/site = -0.951733753
44.213% accepted

energy = -130.9060126
energy/site = -1.022703224
44.17% accepted

energy = -121.7566379
energy/site = -0.9512237337
44.0454% accepted

energy = -141.2424904
energy/site = -1.103456956
44.0671% accepted

energy = -132.3982888
energy/site = -1.034361631
43.8948% accepted

energy = -178.3451554
energy/site = -1.393321527
43.8901% accepted

energy = -116.7925642
energy/site = -0.9124419074
44.093% accepted

energy = -141.2449161
energy/site = -1.103475907
43.8816% accepted

energy = -148.574012
energy/site = -1.160734469
44.0808% accepted

energy = -164.8979957
energy/site = -1.288265591
44.0445% accepted

energy = -140.8841707
energy/site = -1.100657584
44.118% accepted

energy = -117.8820048
energy/site = -0.9209531625
44.0998% accepted

energy = -115.2111209
energy/site = -0.9000868819
44.0987% accepted

energy = -119.5815245
energy/site = -0.9342306603
43.9938% accepted

energy = -102.7801546
energy/site = -0.8029699576
44.1684% accepted

energy = -110.7150767
energy/site = -0.8649615365
44.1323% accepted

energy = -147.8092811
energy/site = -1.154760008
44.159% accepted

energy = -165.5713241
energy/site = -1.293525969
44.2275% accepted

energy = -131.0553019
energy/site = -1.023869546
44.1206% accepted

energy = -130.4126018
energy/site = -1.018848451
44.0785% accepted

energy = -126.8521708
energy/site = -0.9910325844
44.054% accepted

energy = -103.5546493
energy/site = -0.8090206973
44.1179% accepted

energy = -98.66701161
energy/site = -0.7708360282
44.1227% accepted

energy = -141.5272284
energy/site = -1.105681472
44.1263% accepted

energy = -140.4171367
energy/site = -1.09700888
44.0642% accepted

energy = -153.8739325
energy/site = -1.202140098
44.002% accepted

energy = -101.9788792
energy/site = -0.7967099938
43.9963% accepted

energy = -154.6304306
energy/site = -1.208050239
44.0414% accepted

energy = -184.4662115
energy/site = -1.441142277
43.9628% accepted

energy = -116.6878074
energy/site = -0.9116234953
43.9899% accepted

energy = -161.8846768
energy/site = -1.264724037
43.9958% accepted

energy = -123.2093126
energy/site = -0.9625727547
44.0438% accepted

energy = -164.3873785
energy/site = -1.284276395
44.0903% accepted

energy = -140.1567742
energy/site = -1.094974799
44.1634% accepted

energy = -118.3453905
energy/site = -0.9245733636
44.0253% accepted

energy = -158.2260166
energy/site = -1.236140755
44.1736% accepted

energy = -136.1799703
energy/site = -1.063906018
44.0487% accepted

energy = -174.7248601
energy/site = -1.365037969
44.0718% accepted

energy = -119.6390689
energy/site = -0.9346802259
44.131% accepted

energy = -155.770895
energy/site = -1.216960117
44.1654% accepted

energy = -153.7240981
energy/site = -1.200969517
44.1961% accepted

energy = -141.6027605
energy/site = -1.106271567
44.073% accepted

energy = -78.29022471
energy/site = -0.6116423805
44.0653% accepted

energy = -152.2021694
energy/site = -1.189079448
44.1997% accepted

energy = -167.8043861
energy/site = -1.310971766
44.0867% accepted

energy = -183.1699665
energy/site = -1.431015363
44.0027% accepted

energy = -143.6903956
energy/site = -1.122581216
44.1312% accepted

energy = -134.2027435
energy/site = -1.048458934
44.0145% accepted

energy = -116.8712729
energy/site = -0.9130568198
44.169% accepted

energy = -148.9408207
energy/site = -1.163600162
44.1396% accepted

energy = -109.239842
energy/site = -0.8534362657
43.9754% accepted

energy = -133.3928544
energy/site = -1.042131675
44.0355% accepted

energy = -145.2535686
energy/site = -1.134793505
44.0669% accepted

energy = -133.5793438
energy/site = -1.043588623
43.9342% accepted

energy = -178.3195408
energy/site = -1.393121412
44.031% accepted

energy = -162.7660016
energy/site = -1.271609388
44.0642% accepted

energy = -133.4270462
energy/site = -1.042398799
44.038% accepted

energy = -98.91813961
energy/site = -0.7727979657
44.0177% accepted

energy = -114.5687603
energy/site = -0.89506844
44.1229% accepted

energy = -137.0748702
energy/site = -1.070897423
44.0374% accepted

energy = -130.6311107
energy/site = -1.020555553
44.2626% accepted

energy = -117.1731562
energy/site = -0.9154152831
44.0944% accepted

energy = -142.6998306
energy/site = -1.114842427
43.9563% accepted

energy = -118.2121417
energy/site = -0.9235323566
44.1991% accepted

energy = -118.4715977
energy/site = -0.9255593567
44.1624% accepted

energy = -109.1969447
energy/site = -0.8531011303
44.0311% accepted

energy = -138.9577096
energy/site = -1.085607106
43.9801% accepted

energy = -148.5710017
energy/site = -1.160710951
44.1726% accepted

energy = -166.6196209
energy/site = -1.301715788
43.9707% accepted

energy = -123.7088865
energy/site = -0.9664756758
44.08% accepted

energy = -129.9444638
energy/site = -1.015191123
44.131% accepted

energy = -159.5736729
energy/site = -1.24666932
44.1421% accepted

energy = -142.2348037
energy/site = -1.111209404
44.0428% accepted

energy = -119.8292762
energy/site = -0.9361662205
44.215% accepted

energy = -160.8046033
energy/site = -1.256285964
44.1016% accepted

energy = -142.8108278
energy/site = -1.115709592
44.1645% accepted

energy = -105.3458666
energy/site = -0.8230145826
43.9505% accepted

energy = -143.2554308
energy/site = -1.119183053
44.0711% accepted

energy = -177.5386141
energy/site = -1.387020423
44.0597% accepted

energy = -94.20428275
energy/site = -0.735970959
44.1393% accepted

energy = -123.0503543
energy/site = -0.9613308926
44.2009% accepted

energy = -146.5649149
energy/site = -1.145038398
44.1465% accepted

energy = -107.9968777
energy/site = -0.843725607
44.0325% accepted

energy = -135.5458968
energy/site = -1.058952319
43.9155% accepted

energy = -144.9968951
energy/site = -1.132788243
44.0491% accepted

energy = -163.6128535
energy/site = -1.278225418
44.1696% accepted

energy = -149.0261197
energy/site = -1.16426656
44.0106% accepted

energy = -113.5574587
energy/site = -0.8871676461
44.0199% accepted

energy = -137.6637636
energy/site = -1.075498153
44.1086% accepted

energy = -133.2045707
energy/site = -1.040660708
43.9848% accepted

energy = -131.0137275
energy/site = -1.023544746
44.1101% accepted

energy = -150.482818
energy/site = -1.175647016
43.969% accepted

energy = -159.5930356
energy/site = -1.246820591
44.008% accepted

energy = -141.1721952
energy/site = -1.102907775
44.1692% accepted

energy = -137.537588
energy/site = -1.074512407
44.1646% accepted

energy = -153.6065188
energy/site = -1.200050928
44.0153% accepted

energy = -133.6116966
energy/site = -1.04384138
44.1704% accepted

energy = -137.9359686
energy/site = -1.077624755
44.0798% accepted

energy = -105.6825136
energy/site = -0.8256446377
44.0549% accepted

energy = -183.2548599
energy/site = -1.431678593
44.0595% accepted

energy = -164.0861454
energy/site = -1.281923011
44.0732% accepted

energy = -126.11309
energy/site = -0.9852585158
44.1518% accepted

energy = -200.6198311
energy/site = -1.56734243
44.1324% accepted

energy = -145.9586297
energy/site = -1.140301795
43.9878% accepted

energy = -162.7398179
energy/site = -1.271404827
44.0784% accepted

energy = -148.636332
energy/site = -1.161221344
44.0951% accepted

energy = -129.6615985
energy/site = -1.012981238
44.1126% accepted

energy = -170.2777014
energy/site = -1.330294542
44.0974% accepted

energy = -101.7737716
energy/site = -0.7951075908
44.1863% accepted

energy = -102.6785346
energy/site = -0.8021760518
44.1424% accepted

energy = -107.8118313
energy/site = -0.8422799322
44.0361% accepted

energy = -92.61053646
energy/site = -0.7235198161
44.2045% accepted

energy = -190.5479888
energy/site = -1.488656163
44.1826% accepted

energy = -120.9047445
energy/site = -0.9445683165
43.9621% accepted

energy = -176.1366658
energy/site = -1.376067702
43.9995% accepted

energy = -113.6960891
energy/site = -0.8882506957
44.1103% accepted

energy = -144.3972398
energy/site = -1.128103436
44.1957% accepted

energy = -143.7178813
energy/site = -1.122795948
44.0563% accepted

energy = -118.3707606
energy/site = -0.9247715668
44.2102% accepted

energy = -116.3108769
energy/site = -0.9086787259
44.096% accepted

energy = -203.4916101
energy/site = -1.589778204
44.0752% accepted

energy = -146.8055748
energy/site = -1.146918553
44.1192% accepted

energy = -115.6435916
energy/site = -0.9034655598
44.126% accepted

energy = -148.3043699
energy/site = -1.15862789
44.1825% accepted

energy = -110.1272654
energy/site = -0.8603692611
44.061% accepted

energy = -130.2009156
energy/site = -1.017194653
43.9906% accepted

energy = -149.2527006
energy/site = -1.166036724
44.0438% accepted

energy = -142.5292103
energy/site = -1.113509456
44.0107% accepted

energy = -123.4678786
energy/site = -0.9645928012
44.0613% accepted

energy = -134.6688724
energy/site = -1.052100565
44.1432% accepted

energy = -190.81413
energy/site = -1.490735391
44.0305% accepted

energy = -116.5701634
energy/site = -0.9107044016
43.9071% accepted

energy = -132.7289437
energy/site = -1.036944872
44.196% accepted

energy = -138.3520625
energy/site = -1.080875488
44.1394% accepted

energy = -123.5321514
energy/site = -0.9650949331
44.1494% accepted

energy = -108.9247068
energy/site = -0.8509742721
43.9137% accepted

energy = -92.96382335
energy/site = -0.7262798699
44.0582% accepted

energy = -107.3333895
energy/site = -0.8385421057
44.131% accepted

energy = -137.035842
energy/site = -1.070592516
44.1706% accepted

energy = -104.8779339
energy/site = -0.8193588587
44.1831% accepted

energy = -123.9125183
energy/site = -0.9680665494
44.0763% accepted

energy = -135.2560116
energy/site = -1.056687591
44.1223% accepted

energy = -144.9574216
energy/site = -1.132479856
43.9249% accepted

energy = -98.0643485
energy/site = -0.7661277226
44.0539% accepted

energy = -129.3112301
energy/site = -1.010243985
44.1344% accepted

energy = -140.3873261
energy/site = -1.096775986
44.1019% accepted

energy = -142.6862562
energy/site = -1.114736377
43.9255% accepted

energy = -99.86112517
energy/site = -0.7801650404
44.085% accepted

energy = -148.5218704
energy/site = -1.160327113
44.1693% accepted

energy = -153.8277541
energy/site = -1.201779329
44.0875% accepted

energy = -89.04101498
energy/site = -0.6956329295
44.0384% accepted

energy = -103.7918165
energy/site = -0.8108735668
44.1731% accepted

energy = -138.5928573
energy/site = -1.082756698
44.102% accepted

energy = -159.9653499
energy/site = -1.249729296
43.9629% accepted

energy = -163.039734
energy/site = -1.273747922
44.1508% accepted

energy = -138.2138337
energy/site = -1.079795575
44.2055% accepted

energy = -157.502269
energy/site = -1.230486477
44.0997% accepted

energy = -172.5776336
energy/site = -1.348262762
43.9635% accepted

energy = -139.9498119
energy/site = -1.093357906
44.1974% accepted

energy = -168.8474043
energy/site = -1.319120346
44.0254% accepted

energy = -175.9894131
energy/site = -1.37491729
44.012% accepted

energy = -108.9545391
energy/site = -0.8512073367
44.1057% accepted

energy = -165.9449319
energy/site = -1.296444781
44.11% accepted

energy = -98.95895576
energy/site = -0.7731168419
44.1079% accepted

energy = -125.8833662
energy/site = -0.9834637987
44.0073% accepted

energy = -164.8071017
energy/site = -1.287555482
44.2018% accepted

energy = -166.9447483
energy/site = -1.304255846
44.0973% accepted

energy = -116.8019333
energy/site = -0.9125151037
44.0595% accepted

energy = -161.1662012
energy/site = -1.259110947
44.0442% accepted

energy = -128.5853154
energy/site = -1.004572776
44.071% accepted

energy = -128.5044092
energy/site = -1.003940697
44.0331% accepted

energy = -107.6016638
energy/site = -0.8406379988
44.0545% accepted

energy = -120.8036594
energy/site = -0.9437785887
44.0737% accepted

energy = -156.7963617
energy/site = -1.224971576
44.118% accepted

energy = -136.1280909
energy/site = -1.06350071
44.0916% accepted

energy = -174.8954999
energy/site = -1.366371093
44.0188% accepted

energy = -116.9069661
energy/site = -0.9133356724
44.1102% accepted

energy = -183.5489586
energy/site = -1.433976239
44.082% accepted

energy = -150.1579452
energy/site = -1.173108947
44.0266% accepted

energy = -119.26058
energy/site = -0.9317232809
44.0436% accepted

energy = -123.881181
energy/site = -0.9678217262
44.0415% accepted

energy = -106.9931757
energy/site = -0.8358841852
44.057% accepted

energy = -109.3045214
energy/site = -0.8539415733
43.9795% accepted

energy = -134.3150889
energy/site = -1.049336632
44.2811% accepted

energy = -128.0195343
energy/site = -1.000152612
44.1554% accepted

energy = -138.7713066
energy/site = -1.084150833
44.1084% accepted

energy = -102.1513841
energy/site = -0.798057688
44.0644% accepted

energy = -115.7391438
energy/site = -0.9042120611
43.9353% accepted

energy = -130.5822261
energy/site = -1.020173641
43.8901% accepted

energy = -111.4276074
energy/site = -0.8705281827
44.019% accepted

energy = -95.32964466
energy/site = -0.7447628489
44.1694% accepted

energy = -151.7974365
energy/site = -1.185917473
44.1932% accepted

energy = -156.3208397
energy/site = -1.22125656
44.1183% accepted

energy = -148.8529045
energy/site = -1.162913317
44.1174% accepted

energy = -128.850488
energy/site = -1.006644438
43.9731% accepted

energy = -98.85839513
energy/site = -0.772331212
44.1343% accepted

energy = -138.4433727
energy/site = -1.08158885
44.1226% accepted

energy = -186.5960183
energy/site = -1.457781393
44.0044% accepted

energy = -121.6931318
energy/site = -0.9507275919
44.0811% accepted

energy = -135.5547901
energy/site = -1.059021797
44.0885% accepted

energy = -105.2680874
energy/site = -0.8224069324
44.1174% accepted

energy = -104.8543436
energy/site = -0.8191745596
44.0254% accepted

energy = -121.8429594
energy/site = -0.95189812
44.1654% accepted

energy = -146.9373519
energy/site = -1.147948062
43.9982% accepted

energy = -143.7102264
energy/site = -1.122736144
43.9309% accepted

energy = -99.65552034
energy/site = -0.7785587526
44.0139% accepted

energy = -127.5198087
energy/site = -0.9962485055
44.1405% accepted

energy = -115.4093904
energy/site = -0.9016358627
43.9587% accepted

energy = -128.2020363
energy/site = -1.001578409
44.1025% accepted

energy = -166.9680358
energy/site = -1.30443778
44.1977% accepted

energy = -168.3797074
energy/site = -1.315466464
44.0163% accepted

energy = -108.6458732
energy/site = -0.848795884
43.9806% accepted

energy = -123.9446135
energy/site = -0.9683172931
44.1269% accepted

energy = -132.9114918
energy/site = -1.03837103
43.9906% accepted

energy = -154.8276715
energy/site = -1.209591184
44.1536% accepted

energy = -98.41709757
energy/site = -0.7688835748
44.0594% accepted

energy = -147.7335023
energy/site = -1.154167987
44.1831% accepted

energy = -150.9200886
energy/site = -1.179063192
44.2076% accepted

energy = -132.2101665
energy/site = -1.032891925
43.9664% accepted

energy = -143.6019126
energy/site = -1.121889942
44.1245% accepted

energy = -123.9398204
energy/site = -0.9682798468
43.9919% accepted

energy = -151.1600971
energy/site = -1.180938258
44.1359% accepted

energy = -130.9669866
energy/site = -1.023179583
44.1866% accepted

energy = -146.6373493
energy/site = -1.145604291
44.1255% accepted

energy = -201.798256
energy/site = -1.576548875
44.1562% accepted

energy = -125.6402509
energy/site = -0.9815644604
44.0201% accepted

energy = -127.6461062
energy/site = -0.9972352044
44.1412% accepted

energy = -158.0515327
energy/site = -1.234777599
44.1222% accepted

energy = -140.9845238
energy/site = -1.101441592
44.145% accepted

energy = -202.554406
energy/site = -1.582456297
44.1273% accepted

energy = -90.78771202
energy/site = -0.7092790002
44.2196% accepted

energy = -172.2866991
energy/site = -1.345989837
44.1105% accepted

energy = -125.8808053
energy/site = -0.9834437914
44.2505% accepted

energy = -145.206822
energy/site = -1.134428297
44.0274% accepted

energy = -110.1329604
energy/site = -0.8604137528
44.0697% accepted

energy = -117.011751
energy/site = -0.9141543043
44.2546% accepted

energy = -118.0730846
energy/site = -0.9224459731
44.1765% accepted

energy = -144.6106203
energy/site = -1.129770471
43.9985% accepted

energy = -168.2872119
energy/site = -1.314743843
44.0949% accepted

energy = -172.9516166
energy/site = -1.351184505
44.236% accepted

energy = -125.9846375
energy/site = -0.9842549807
44.2255% accepted

energy = -110.9521865
energy/site = -0.8668139566
44.0532% accepted

energy = -179.5734716
energy/site = -1.402917747
43.9904% accepted

energy = -107.4545974
energy/site = -0.8394890425
44.2107% accepted

energy = -127.7330285
energy/site = -0.997914285
44.1172% accepted

energy = -117.6825359
energy/site = -0.919394812
44.1449% accepted

energy = -124.1347543
energy/site = -0.9698027683
43.9702% accepted

energy = -119.5133648
energy/site = -0.9336981625
44.053% accepted

energy = -105.3004551
energy/site = -0.8226598055
44.0025% accepted

energy = -129.8059225
energy/site = -1.01410877
43.9317% accepted

energy = -98.55630968
energy/site = -0.7699711694
44.0216% accepted

energy = -102.8899186
energy/site = -0.8038274892
44.0945% accepted

energy = -113.9224204
energy/site = -0.890018909
44.1323% accepted

energy = -79.93249525
energy/site = -0.6244726192
44.1843% accepted

energy = -129.4264816
energy/site = -1.011144388
44.1878% accepted

energy = -117.1259905
energy/site = -0.915046801
44.2007% accepted

energy = -128.9534788
energy/site = -1.007449053
44.1575% accepted

energy = -175.8914974
energy/site = -1.374152323
44.0601% accepted

energy = -157.0550347
energy/site = -1.226992458
44.0365% accepted

energy = -105.8548315
energy/site = -0.8269908712
44.1284% accepted

energy = -179.4458535
energy/site = -1.401920731
44.0496% accepted

energy = -110.0248791
energy/site = -0.8595693682
44.1471% accepted

energy = -113.7792694
energy/site = -0.8889005421
43.9613% accepted

energy = -129.1322294
energy/site = -1.008845542
44.1582% accepted

energy = -137.9303348
energy/site = -1.077580741
44.273% accepted

energy = -184.7879182
energy/site = -1.443655611
43.9786% accepted

energy = -137.1602905
energy/site = -1.071564769
44.0509% accepted

energy = -129.309672
energy/site = -1.010231813
43.8717% accepted

energy = -140.2052678
energy/site = -1.095353655
44.2621% accepted

energy = -144.0859445
energy/site = -1.125671441
44.008% accepted

energy = -145.5811332
energy/site = -1.137352603
43.9101% accepted

energy = -141.1505334
energy/site = -1.102738542
44.0626% accepted

energy = -89.97327742
energy/site = -0.7029162299
44.096% accepted

energy = -136.8626566
energy/site = -1.069239504
44.0819% accepted

energy = -117.7034136
energy/site = -0.9195579186
44.2317% accepted

energy = -115.4491093
energy/site = -0.9019461665
44.0766% accepted

energy = -148.7687089
energy/site = -1.162255538
44.3201% accepted

energy = -142.5437161
energy/site = -1.113622782
44.12% accepted

energy = -126.628959
energy/site = -0.9892887424
44.1407% accepted

energy = -126.308634
energy/site = -0.9867862028
44.239% accepted

energy = -138.5659205
energy/site = -1.082546254
44.1599% accepted

energy = -136.1639115
energy/site = -1.063780559
44.0854% accepted

energy = -128.3587592
energy/site = -1.002802806
44.1492% accepted

energy = -123.9109118
energy/site = -0.9680539982
44.0417% accepted

energy = -149.1872413
energy/site = -1.165525323
44.2001% accepted

energy = -126.5303207
energy/site = -0.9885181302
43.9983% accepted

energy = -169.8224878
energy/site = -1.326738186
44.0039% accepted

energy = -122.5350776
energy/site = -0.9573052937
43.9647% accepted

energy = -160.1422695
energy/site = -1.25111148
44.1027% accepted

energy = -125.7276436
energy/site = -0.9822472153
43.9921% accepted

energy = -106.7293294
energy/site = -0.8338228859
44.0205% accepted

energy = -166.2434599
energy/site = -1.29877703
44.0787% accepted

energy = -102.0631264
energy/site = -0.7973681748
43.92% accepted

energy = -118.2178897
energy/site = -0.9235772631
44.0931% accepted

energy = -129.3790153
energy/site = -1.010773557
44.0848% accepted

energy = -160.42294
energy/site = -1.253304218
44.0521% accepted

energy = -125.9818538
energy/site = -0.984233233
44.0822% accepted

energy = -148.9947795
energy/site = -1.164021715
44.0152% accepted

energy = -136.1263496
energy/site = -1.063487106
44.1614% accepted

energy = -147.1837347
energy/site = -1.149872927
44.0677% accepted

energy = -100.5947149
energy/site = -0.7858962098
44.1095% accepted

energy = -100.3132896
energy/site = -0.783697575
43.9766% accepted

energy = -140.2447892
energy/site = -1.095662416
44.2749% accepted

energy = -133.9661314
energy/site = -1.046610402
44.0247% accepted

energy = -111.3809878
energy/site = -0.8701639673
44.1191% accepted

energy = -125.5356242
energy/site = -0.9807470641
44.0639% accepted

energy = -92.91471063
energy/site = -0.7258961768
44.089% accepted

energy = -92.28961878
energy/site = -0.7210126467
44.1078% accepted

energy = -165.2230921
energy/site = -1.290805407
44.1167% accepted

energy = -125.1628971
energy/site = -0.9778351337
44.1077% accepted

energy = -161.1517255
energy/site = -1.258997855
44.0964% accepted

energy = -116.4380046
energy/site = -0.9096719108
44.1918% accepted

energy = -135.6317966
energy/site = -1.059623411
44.1732% accepted

energy = -134.4238665
energy/site = -1.050186457
44.0693% accepted

energy = -155.0287994
energy/site = -1.211162496
44.145% accepted

energy = -131.7826536
energy/site = -1.029551981
44.3289% accepted

energy = -117.5563312
energy/site = -0.9184088376
44.1207% accepted

energy = -146.1863069
energy/site = -1.142080523
44.0743% accepted

energy = -213.0678769
energy/site = -1.664592789
44.0878% accepted

energy = -141.0511204
energy/site = -1.101961878
44.0328% accepted

energy = -107.2952976
energy/site = -0.8382445122
44.1243% accepted

energy = -92.22305938
energy/site = -0.7204926514
43.9412% accepted

energy = -122.1255355
energy/site = -0.954105746
44.2048% accepted

energy = -136.4221111
energy/site = -1.065797743
44.0849% accepted

energy = -129.7785514
energy/site = -1.013894933
44.1364% accepted

energy = -121.3623579
energy/site = -0.9481434213
44.103% accepted

energy = -140.870067
energy/site = -1.100547398
44.087% accepted

energy = -113.8429958
energy/site = -0.8893984043
44.0379% accepted

energy = -160.0005318
energy/site = -1.250004154
44.0863% accepted

energy = -98.30606631
energy/site = -0.7680161431
44.0575% accepted

energy = -147.1104559
energy/site = -1.149300436
43.9377% accepted

energy = -149.6373241
energy/site = -1.169041595
44.1366% accepted

energy = -138.0385762
energy/site = -1.078426377
44.0508% accepted

energy = -112.2430514
energy/site = -0.8768988387
44.1726% accepted

energy = -122.0337383
energy/site = -0.9533885804
43.9325% accepted

energy = -114.590129
energy/site = -0.8952353828
43.9308% accepted

energy = -128.9638063
energy/site = -1.007529737
44.0747% accepted

energy = -171.1279519
energy/site = -1.336937125
44.0763% accepted

energy = -158.1049405
energy/site = -1.235194848
44.1523% accepted

energy = -110.5284264
energy/site = -0.863503331
43.9578% accepted

energy = -134.6365035
energy/site = -1.051847683
43.9062% accepted

energy = -108.930025
energy/site = -0.8510158205
44.0691% accepted

energy = -158.2956074
energy/site = -1.236684432
43.9743% accepted

energy = -147.5478384
energy/site = -1.152717488
44.1293% accepted

energy = -162.9747745
energy/site = -1.273240426
44.1348% accepted

energy = -182.6793989
energy/site = -1.427182804
44.1473% accepted

energy = -124.5749076
energy/site = -0.973241466
43.9324% accepted

energy = -154.3655551
energy/site = -1.205980899
43.9821% accepted

energy = -144.6591411
energy/site = -1.13014954
44.1182% accepted

energy = -134.4416247
energy/site = -1.050325193
44.1001% accepted

energy = -100.914336
energy/site = -0.7883932498
44.0915% accepted

energy = -111.965233
energy/site = -0.8747283828
44.0662% accepted

energy = -152.1781314
energy/site = -1.188891651
44.0706% accepted

energy = -149.1393437
energy/site = -1.165151123
44.0689% accepted

energy = -182.1167243
energy/site = -1.422786909
44.2934% accepted

energy = -132.8709613
energy/site = -1.038054385
44.0824% accepted

energy = -118.574286
energy/site = -0.926361609
44.1071% accepted

energy = -130.9122631
energy/site = -1.022752056
44.041% accepted

energy = -156.1444108
energy/site = -1.21987821
43.9781% accepted

energy = -114.8943231
energy/site = -0.897611899
44.1019% accepted

energy = -122.1692849
energy/site = -0.9544475383
44.0522% accepted

energy = -129.3130813
energy/site = -1.010258448
44.0159% accepted

energy = -123.7793686
energy/site = -0.9670263171
43.9738% accepted

energy = -122.5539073
energy/site = -0.9574524006
44.0287% accepted

energy = -91.82950667
energy/site = -0.7174180209
44.0982% accepted

energy = -103.3852144
energy/site = -0.8076969871
44.0246% accepted

energy = -129.7643682
energy/site = -1.013784127
44.0975% accepted

energy = -134.4039359
energy/site = -1.050030749
44.0478% accepted

energy = -94.8511355
energy/site = -0.7410244961
44.0359% accepted

energy = -140.5383128
energy/site = -1.097955569
44.1877% accepted

energy = -87.48093024
energy/site = -0.6834447675
44.0125% accepted

energy = -127.8948119
energy/site = -0.9991782177
44.1724% accepted

energy = -161.2233094
energy/site = -1.259557104
44.1581% accepted

energy = -142.956227
energy/site = -1.116845524
44.1113% accepted

energy = -115.6448961
energy/site = -0.9034757509
44.0539% accepted

energy = -114.4231274
energy/site = -0.8939306828
44.0595% accepted

energy = -139.5580288
energy/site = -1.0902971
44.0637% accepted

energy = -118.6730687
energy/site = -0.9271333492
44.1214% accepted

energy = -130.1633831
energy/site = -1.016901431
44.1161% accepted

energy = -120.5528829
energy/site = -0.9418193974
44.0788% accepted

energy = -98.76370235
energy/site = -0.7715914246
43.9798% accepted

energy = -122.7574434
energy/site = -0.9590425268
44.0208% accepted

energy = -154.368463
energy/site = -1.206003617
44.0066% accepted

energy = -103.1945035
energy/site = -0.8062070584
43.9935% accepted

energy = -134.6380823
energy/site = -1.051860018
43.927% accepted

energy = -98.95536257
energy/site = -0.7730887701
43.9572% accepted

energy = -149.320939
energy/site = -1.166569836
44.0691% accepted

energy = -99.89248156
energy/site = -0.7804100122
43.9725% accepted

energy = -128.616315
energy/site = -1.004814961
44.0687% accepted

energy = -122.2778314
energy/site = -0.955295558
44.1657% accepted

energy = -119.354697
energy/site = -0.9324585702
44.1135% accepted

energy = -202.9125968
energy/site = -1.585254663
44.1509% accepted

energy = -115.4697835
energy/site = -0.9021076834
44.1264% accepted

energy = -143.9878802
energy/site = -1.124905314
44.1126% accepted

energy = -188.7185351
energy/site = -1.474363556
44.0758% accepted

energy = -138.9606126
energy/site = -1.085629786
43.9985% accepted

energy = -100.5078046
energy/site = -0.7852172233
44.0752% accepted

energy = -110.8727323
energy/site = -0.8661932212
44.153% accepted

energy = -128.6957928
energy/site = -1.005435881
43.9562% accepted

energy = -160.2668584
energy/site = -1.252084831
44.1978% accepted

energy = -155.5926642
energy/site = -1.215567689
44.0136% accepted

energy = -148.6291759
energy/site = -1.161165436
44.0939% accepted

energy = -154.4357786
energy/site = -1.20652952
44.1912% accepted

energy = -148.0482038
energy/site = -1.156626592
44.1341% accepted

energy = -184.4853117
energy/site = -1.441291498
44.1962% accepted

energy = -110.3928069
energy/site = -0.8624438042
44.0099% accepted

energy = -117.179265
energy/site = -0.915463008
44.1058% accepted

energy = -131.7785381
energy/site = -1.029519829
44.2069% accepted

energy = -137.641768
energy/site = -1.075326313
44.1188% accepted

energy = -129.8177124
energy/site = -1.014200878
44.0285% accepted

energy = -174.7024265
energy/site = -1.364862707
44.0015% accepted

energy = -128.3008653
energy/site = -1.00235051
44.0633% accepted

energy = -122.2108447
energy/site = -0.9547722243
44.1063% accepted

energy = -144.0510035
energy/site = -1.125398465
44.2337% accepted

energy = -155.4747674
energy/site = -1.21464662
44.0796% accepted

energy = -168.0507881
energy/site = -1.312896782
44.0075% accepted

energy = -144.7641951
energy/site = -1.130970274
44.0134% accepted

energy = -114.2403638
energy/site = -0.8925028424
44.133% accepted

energy = -113.5255812
energy/site = -0.8869186033
43.995% accepted

energy = -124.979267
energy/site = -0.9764005237
44.1489% accepted

energy = -116.758282
energy/site = -0.9121740784
43.9873% accepted

energy = -182.1450181
energy/site = -1.423007954
44.176% accepted

energy = -130.0567464
energy/site = -1.016068331
43.951% accepted

energy = -123.014461
energy/site = -0.9610504763
44.1862% accepted

energy = -149.7384279
energy/site = -1.169831468
44.165% accepted

energy = -159.325329
energy/site = -1.244729133
44.048% accepted

energy = -115.5534071
energy/site = -0.9027609929
44.0557% accepted

energy = -109.4770101
energy/site = -0.8552891417
44.1628% accepted

energy = -110.9136144
energy/site = -0.8665126122
44.0669% accepted

energy = -138.8660307
energy/site = -1.084890865
44.0437% accepted

energy = -129.909932
energy/site = -1.014921344
44.0505% accepted

energy = -159.8629719
energy/site = -1.248929468
44.141% accepted

energy = -124.1116953
energy/site = -0.9696226193
44.1059% accepted

energy = -141.2905346
energy/site = -1.103832301
44.0453% accepted

energy = -134.1709573
energy/site = -1.048210604
44.1257% accepted

energy = -164.8954532
energy/site = -1.288245728
44.0455% accepted

energy = -134.4817124
energy/site = -1.050638378
44.1124% accepted

energy = -150.5826714
energy/site = -1.17642712
44.0612% accepted

energy = -117.0835476
energy/site = -0.9147152157
44.14% accepted

energy = -133.6355474
energy/site = -1.044027714
44.0892% accepted

energy = -147.3708107
energy/site = -1.151334459
44.345% accepted

energy = -105.9298356
energy/site = -0.8275768405
44.1134% accepted

energy = -128.6119121
energy/site = -1.004780563
44.2031% accepted

energy = -97.7481643
energy/site = -0.7636575336
44.0021% accepted

energy = -107.8729369
energy/site = -0.8427573193
44.1397% accepted

energy = -216.1510944
energy/site = -1.688680425
44.0472% accepted

energy = -134.6876303
energy/site = -1.052247112
44.0153% accepted

energy = -130.1540833
energy/site = -1.016828776
44.1391% accepted

energy = -127.8609485
energy/site = -0.9989136601
43.9843% accepted

energy = -101.2808078
energy/site = -0.7912563106
44.0785% accepted

energy = -122.0775641
energy/site = -0.9537309697
44.2081% accepted

energy = -145.6517911
energy/site = -1.137904618
44.3308% accepted

energy = -128.5683407
energy/site = -1.004440162
44.1896% accepted

energy = -112.8594689
energy/site = -0.8817146008
43.9906% accepted

energy = -165.3270358
energy/site = -1.291617468
43.9141% accepted

energy = -129.8998591
energy/site = -1.014842649
44.1863% accepted

energy = -105.7023376
energy/site = -0.8257995127
44.1583% accepted

energy = -144.201609
energy/site = -1.12657507
44.1696% accepted

energy = -133.9289087
energy/site = -1.046319599
44.0963% accepted

energy = -155.9985193
energy/site = -1.218738432
44.0023% accepted

energy = -128.3197298
energy/site = -1.002497889
44.1708% accepted

energy = -140.9483302
energy/site = -1.101158829
44.0816% accepted

energy = -157.6973879
energy/site = -1.232010843
44.004% accepted

energy = -146.483471
energy/site = -1.144402117
44.0799% accepted

energy = -135.2426679
energy/site = -1.056583343
44.2104% accepted

energy = -123.1100953
energy/site = -0.9617976194
43.9946% accepted

energy = -168.3500815
energy/site = -1.315235012
44.2417% accepted

energy = -122.9574024
energy/site = -0.9606047061
44.1105% accepted

energy = -81.68109101
energy/site = -0.6381335235
44.007% accepted

energy = -138.7942927
energy/site = -1.084330411
44.0226% accepted

energy = -127.9857598
energy/site = -0.9998887482
44.1447% accepted

energy = -134.2452934
energy/site = -1.048791354
44.1395% accepted

energy = -169.6058557
energy/site = -1.325045748
44.1221% accepted

energy = -125.8873306
energy/site = -0.9834947706
44.0491% accepted

energy = -137.1847005
energy/site = -1.071755473
44.1506% accepted

energy = -115.4679774
energy/site = -0.9020935732
44.0063% accepted

energy = -124.5698541
energy/site = -0.9732019853
44.0221% accepted

energy = -147.678849
energy/site = -1.153741008
44.1436% accepted

energy = -97.14817929
energy/site = -0.7589701507
43.8915% accepted

energy = -124.2141214
energy/site = -0.9704228233
44.1127% accepted

energy = -144.7661471
energy/site = -1.130985524
44.1066% accepted

energy = -126.5450591
energy/site = -0.9886332742
43.9318% accepted

energy = -171.8945116
energy/site = -1.342925872
44.1933% accepted

energy = -139.6576669
energy/site = -1.091075522
44.2025% accepted

energy = -146.6450588
energy/site = -1.145664522
44.0712% accepted

energy = -155.9484333
energy/site = -1.218347135
44.0752% accepted

energy = -193.3522159
energy/site = -1.510564187
44.071% accepted

energy = -153.4657896
energy/site = -1.198951481
44.1406% accepted

energy = -118.7744283
energy/site = -0.9279252207
44.1381% accepted

energy = -176.6447931
energy/site = -1.380037446
44.1445% accepted

energy = -132.0588358
energy/site = -1.031709655
44.2329% accepted

energy = -177.5523263
energy/site = -1.387127549
44.1103% accepted

energy = -165.9511252
energy/site = -1.296493165
44.0839% accepted

energy = -146.3010112
energy/site = -1.14297665
44.1047% accepted

energy = -119.6366095
energy/site = -0.934661012
44.0791% accepted

energy = -126.3652247
energy/site = -0.9872283176
44.1042% accepted

energy = -134.3397969
energy/site = -1.049529663
44.0017% accepted

energy = -121.3537064
energy/site = -0.9480758315
44.1303% accepted

energy = -105.3587906
energy/site = -0.8231155519
44.079% accepted

energy = -117.9798037
energy/site = -0.9217172162
44.0882% accepted

energy = -120.2138131
energy/site = -0.9391704149
44.108% accepted

energy = -106.7674571
energy/site = -0.8341207584
44.0889% accepted

energy = -126.4170725
energy/site = -0.9876333792
44.0262% accepted

energy = -111.9970834
energy/site = -0.8749772137
44.1668% accepted

energy = -107.4190734
energy/site = -0.8392115106
44.0631% accepted

energy = -136.5643418
energy/site = -1.066908921
44.2136% accepted

energy = -113.345343
energy/site = -0.8855104923
44.02% accepted

energy = -115.7337641
energy/site = -0.9041700318
44.0048% accepted

energy = -81.69709642
energy/site = -0.6382585658
44.0751% accepted

energy = -123.1940737
energy/site = -0.9624537006
44.0813% accepted

energy = -159.0151545
energy/site = -1.242305894
44.0132% accepted

energy = -108.4995829
energy/site = -0.8476529918
44.1852% accepted

energy = -136.4288557
energy/site = -1.065850435
43.9693% accepted

energy = -163.3696905
energy/site = -1.276325707
44.2137% accepted

energy = -120.1748209
energy/site = -0.9388657881
44.0872% accepted

energy = -155.5244241
energy/site = -1.215034564
44.0642% accepted

energy = -133.4917454
energy/site = -1.042904261
44.1487% accepted

energy = -160.8878226
energy/site = -1.256936114
44.1826% accepted

energy = -128.2104943
energy/site = -1.001644487
44.0827% accepted

energy = -127.2157164
energy/site = -0.9938727843
44.1021% accepted

energy = -133.4761857
energy/site = -1.042782701
44.1402% accepted

energy = -170.3815207
energy/site = -1.33110563
44.21% accepted

energy = -155.9913434
energy/site = -1.218682371
43.876% accepted

energy = -116.4410288
energy/site = -0.9096955378
44.0278% accepted

energy = -150.2411925
energy/site = -1.173759316
44.1753% accepted

energy = -116.0560745
energy/site = -0.9066880818
44.0275% accepted

energy = -93.00433512
energy/site = -0.7265963681
44.1605% accepted

energy = -110.8469033
energy/site = -0.8659914322
44.224% accepted

energy = -117.085278
energy/site = -0.9147287347
44.0685% accepted

energy = -126.903407
energy/site = -0.9914328673
43.9706% accepted

energy = -94.9086908
energy/site = -0.7414741469
44.1676% accepted

energy = -136.771639
energy/site = -1.06852843
44.0337% accepted

energy = -138.3693321
energy/site = -1.081010407
44.1587% accepted

energy = -126.1936386
energy/site = -0.9858878014
44.1284% accepted

energy = -139.4452497
energy/site = -1.089416013
44.1791% accepted

energy = -113.6425478
energy/site = -0.8878324047
44.1421% accepted

energy = -130.9244167
energy/site = -1.022847005
44.0835% accepted

energy = -166.5249253
energy/site = -1.300975979
44.0612% accepted

energy = -137.6956882
energy/site = -1.075747564
44.2237% accepted

energy = -114.3223167
energy/site = -0.8931430992
44.0785% accepted

energy = -111.3091277
energy/site = -0.8696025601
43.9855% accepted

energy = -128.6795435
energy/site = -1.005308933
43.9091% accepted

energy = -124.8759387
energy/site = -0.9755932712
44.0946% accepted

energy = -143.9610322
energy/site = -1.124695564
44.1104% accepted

energy = -103.6155306
energy/site = -0.8094963331
44.0103% accepted

energy = -122.6564662
energy/site = -0.9582536418
44.0679% accepted

energy = -200.9216819
energy/site = -1.56970064
44.1071% accepted

energy = -126.4245769
energy/site = -0.987692007
44.1467% accepted

energy = -128.8488541
energy/site = -1.006631673
44.0749% accepted

energy = -108.2547155
energy/site = -0.845739965
44.0299% accepted

energy = -129.1881316
energy/site = -1.009282278
44.1747% accepted

energy = -151.8654216
energy/site = -1.186448606
44.0801% accepted

energy = -132.775092
energy/site = -1.037305406
44.0687% accepted

energy = -174.6112371
energy/site = -1.36415029
44.0751% accepted

energy = -109.0968352
energy/site = -0.8523190251
44.0017% accepted

energy = -119.9774745
energy/site = -0.9373240199
44.1403% accepted

energy = -96.29797218
energy/site = -0.7523279077
44.0414% accepted

energy = -133.4895201
energy/site = -1.042886876
44.0402% accepted

energy = -129.0656198
energy/site = -1.008325155
44.1356% accepted

energy = -140.392743
energy/site = -1.096818305
44.1574% accepted

energy = -161.0733558
energy/site = -1.258385592
44.0749% accepted

energy = -126.4237909
energy/site = -0.9876858663
44.0362% accepted

energy = -168.90516
energy/site = -1.319571563
44.0475% accepted

energy = -181.3524607
energy/site = -1.416816099
44.0712% accepted

energy = -126.1351166
energy/site = -0.9854305986
44.1043% accepted

energy = -168.2504567
energy/site = -1.314456693
43.9697% accepted

energy = -141.8987085
energy/site = -1.10858366
44.2143% accepted

energy = -118.8865156
energy/site = -0.9288009032
44.0681% accepted

energy = -178.8482877
energy/site = -1.397252248
43.9747% accepted

energy = -110.9135911
energy/site = -0.8665124306
44.059% accepted

energy = -101.758388
energy/site = -0.7949874062
44.1292% accepted

energy = -149.655728
energy/site = -1.169185375
44.0689% accepted

energy = -147.4215195
energy/site = -1.151730621
44.1409% accepted

energy = -153.1194013
energy/site = -1.196245323
44.1247% accepted

energy = -148.6705984
energy/site = -1.16148905
44.0032% accepted

energy = -122.0307037
energy/site = -0.953364873
44.0632% accepted

energy = -102.9029905
energy/site = -0.8039296134
43.9657% accepted

energy = -142.5603148
energy/site = -1.113752459
44.0905% accepted

energy = -138.9561696
energy/site = -1.085595075
43.9813% accepted

energy = -140.6660988
energy/site = -1.098953897
44.0261% accepted

energy = -121.173586
energy/site = -0.9466686409
44.2481% accepted

energy = -116.8280518
energy/site = -0.9127191549
44.1079% accepted

energy = -129.4247167
energy/site = -1.011130599
44.1119% accepted

energy = -158.9944624
energy/site = -1.242144238
44.1155% accepted

energy = -118.377312
energy/site = -0.9248227497
44.0348% accepted

energy = -124.192132
energy/site = -0.9702510309
43.992% accepted

energy = -116.5536342
energy/site = -0.9105752671
44.0515% accepted

energy = -128.1114677
energy/site = -1.000870841
44.1451% accepted

energy = -139.5832642
energy/site = -1.090494251
44.0636% accepted

energy = -116.0859525
energy/site = -0.9069215036
44.0852% accepted

energy = -142.245049
energy/site = -1.111289445
44.1653% accepted

energy = -175.1640127
energy/site = -1.368468849
44.0266% accepted

energy = -115.4773939
energy/site = -0.9021671402
44.0726% accepted

energy = -99.94636524
energy/site = -0.7808309784
43.939% accepted

energy = -173.9817776
energy/site = -1.359232638
44.1461% accepted

energy = -142.3806579
energy/site = -1.11234889
43.9515% accepted

energy = -122.2155988
energy/site = -0.9548093653
44.1603% accepted

energy = -128.5321157
energy/site = -1.004157154
44.254% accepted

energy = -159.5619297
energy/site = -1.246577576
44.1297% accepted

energy = -109.8120247
energy/site = -0.8579064431
43.9236% accepted

