
weighting by <swap_x> where x = 5
11 x 40 x 1 system
r   = 3  bondops changed per step 
n/N = 80  bond operators / site
its = 1000000  iterations/loop for 100000 loops

energy = -1588.097542
energy/site = -1.804656298
44.8668% accepted

energy = -139.8161756
energy/site = -0.1588820177
43.7466% accepted

energy = -2595.626702
energy/site = -2.949575798
43.8557% accepted

energy = -491.390814
energy/site = -0.5583986522
43.8658% accepted

energy = -870.8104118
energy/site = -0.9895572861
43.9277% accepted

energy = -246.5997995
energy/site = -0.2802270449
43.8925% accepted

energy = -283.6777488
energy/site = -0.3223610782
43.8375% accepted

energy = -984.6026355
energy/site = -1.118866631
43.9615% accepted

energy = -88.78125811
energy/site = -0.1008877933
43.7817% accepted

energy = -176.9270737
energy/site = -0.2010534928
43.9366% accepted

energy = -556.4858112
energy/site = -0.63237024
43.9018% accepted

energy = -1454.975518
energy/site = -1.653381271
43.8657% accepted

energy = -301.1489587
energy/site = -0.3422147259
43.902% accepted

energy = -3086.842756
energy/site = -3.507775859
43.9637% accepted

energy = -2348.765989
energy/site = -2.66905226
43.8171% accepted

energy = -90.56179885
energy/site = -0.1029111351
43.9375% accepted

energy = -1504.331419
energy/site = -1.709467522
43.7132% accepted

energy = -200.4849022
energy/site = -0.2278237525
43.802% accepted

energy = -1600.819207
energy/site = -1.819112735
43.8599% accepted

energy = -920.358861
energy/site = -1.045862342
43.7779% accepted

energy = -535.0245901
energy/site = -0.6079824888
43.9098% accepted

energy = -5715.93632
energy/site = -6.495382182
43.7203% accepted

energy = -679.0168914
energy/site = -0.7716101039
43.844% accepted

energy = -330.0206689
energy/site = -0.3750234873
43.9333% accepted

energy = -501.5017825
energy/site = -0.5698883892
43.908% accepted

energy = -3581.30934
energy/site = -4.069669704
44.07% accepted

energy = -826.1930663
energy/site = -0.9388557572
43.7421% accepted

energy = -876.8812288
energy/site = -0.9964559418
43.8554% accepted

energy = -3274.379932
energy/site = -3.720886287
43.8955% accepted

energy = -7536.818474
energy/site = -8.564566448
43.881% accepted

energy = -923.554728
energy/site = -1.049494009
43.9164% accepted

energy = -526.9635899
energy/site = -0.5988222613
43.8518% accepted

energy = -345.2409889
energy/site = -0.3923193055
43.8598% accepted

energy = -796.8062251
energy/site = -0.9054616194
43.8539% accepted

energy = -1822.953757
energy/site = -2.07153836
43.9303% accepted

energy = -2720.192352
energy/site = -3.091127673
43.8105% accepted

energy = -6049.251524
energy/site = -6.874149459
43.8793% accepted

energy = -350.8714701
energy/site = -0.3987175796
43.804% accepted

energy = -204.5104328
energy/site = -0.2323982191
43.9258% accepted

energy = -130.2698104
energy/site = -0.1480338755
43.774% accepted

energy = -137.5720196
energy/site = -0.1563318404
43.9381% accepted

energy = -765.6977774
energy/site = -0.8701111107
43.7611% accepted

energy = -789.7334902
energy/site = -0.8974244207
43.8648% accepted

energy = -8537.052699
energy/site = -9.701196249
43.7481% accepted

energy = -30370.55478
energy/site = -34.51199407
43.7971% accepted

energy = -531.4157824
energy/site = -0.6038815709
43.7818% accepted

energy = -359.719919
energy/site = -0.4087726353
43.7911% accepted

energy = -263.4182466
energy/site = -0.2993389165
43.8818% accepted

energy = -918.9657228
energy/site = -1.04427923
43.9536% accepted

energy = -613.6476005
energy/site = -0.6973268187
43.8848% accepted

energy = -774.1231818
energy/site = -0.8796854338
43.7962% accepted

energy = -805.3716048
energy/site = -0.9151950055
43.9468% accepted

energy = -402.232563
energy/site = -0.4570824579
43.8838% accepted

energy = -1864.503119
energy/site = -2.118753544
43.902% accepted

energy = -479.1764191
energy/site = -0.5445186581
43.8958% accepted

energy = -123.7372699
energy/site = -0.140610534
43.742% accepted

energy = -365.5671267
energy/site = -0.4154171894
43.8225% accepted

energy = -224.6113236
energy/site = -0.2552401405
43.8225% accepted

energy = -377.7858444
energy/site = -0.4293020959
43.9922% accepted

energy = -4013.692067
energy/site = -4.561013712
43.6018% accepted

energy = -1130.866995
energy/site = -1.285076131
43.7632% accepted

energy = -2878.062834
energy/site = -3.270525948
43.8153% accepted

energy = -880.3078676
energy/site = -1.00034985
43.9137% accepted

energy = -726.8803822
energy/site = -0.8260004343
43.8291% accepted

energy = -339.0666942
energy/site = -0.3853030616
43.8113% accepted

energy = -516.8270135
energy/site = -0.5873034244
43.8418% accepted

energy = -280.7128917
energy/site = -0.3189919224
43.8991% accepted

energy = -235.1391076
energy/site = -0.2672035313
43.8972% accepted

energy = -831.5356735
energy/site = -0.9449269017
44.0407% accepted

energy = -1081.14877
energy/site = -1.228578148
43.8821% accepted

energy = -81.71649168
energy/site = -0.09285964963
43.7581% accepted

energy = -1788.511461
energy/site = -2.032399388
43.9257% accepted

energy = -5916.379063
energy/site = -6.723158026
43.8341% accepted

energy = -1956.966133
energy/site = -2.223825151
43.8771% accepted

energy = -242.2001053
energy/site = -0.2752273924
43.7641% accepted

energy = -1370.330936
energy/site = -1.557194245
43.8402% accepted

energy = -241.7072696
energy/site = -0.2746673518
43.8404% accepted

energy = -404.5372391
energy/site = -0.4597014081
43.7606% accepted

energy = -3212.767033
energy/site = -3.650871628
43.8339% accepted

energy = -830.0197138
energy/site = -0.9432042203
43.8111% accepted

energy = -245.2025275
energy/site = -0.2786392358
43.9137% accepted

energy = -6199.836286
energy/site = -7.045268506
43.9738% accepted

energy = -2405.341485
energy/site = -2.733342597
44.0126% accepted

energy = -2005.046412
energy/site = -2.278461831
43.7104% accepted

energy = -2551.443602
energy/site = -2.89936773
43.8714% accepted

energy = -3230.927347
energy/site = -3.671508349
43.9353% accepted

energy = -323.6917033
energy/site = -0.367831481
43.9947% accepted

energy = -957.4256848
energy/site = -1.087983733
43.7981% accepted

energy = -348.4737518
energy/site = -0.3959928998
43.7443% accepted

energy = -341.6501224
energy/site = -0.3882387755
44.0032% accepted

energy = -1806.122869
energy/site = -2.052412351
43.9817% accepted

energy = -1528.948715
energy/site = -1.737441722
43.9737% accepted

energy = -1987.654385
energy/site = -2.258698165
43.8935% accepted

energy = -627.6356587
energy/site = -0.7132223394
43.9067% accepted

energy = -1213.195803
energy/site = -1.378631595
43.9826% accepted

energy = -83.87860275
energy/site = -0.09531659404
43.8358% accepted

energy = -251.1825422
energy/site = -0.2854347071
43.7662% accepted

energy = -19141.88704
energy/site = -21.75214436
43.9919% accepted

energy = -786.6161656
energy/site = -0.8938820063
43.876% accepted

energy = -856.7134732
energy/site = -0.9735380377
43.8551% accepted

energy = -20206.29409
energy/site = -22.96169783
43.9086% accepted

energy = -588.8560215
energy/site = -0.6691545699
43.7386% accepted

energy = -435.4398791
energy/site = -0.4948180444
43.9616% accepted

energy = -5674.728386
energy/site = -6.448554984
43.8617% accepted

energy = -469.9621338
energy/site = -0.5340478793
43.7504% accepted

energy = -2015.470007
energy/site = -2.290306826
43.7504% accepted

energy = -642.6017267
energy/site = -0.7302292349
43.8782% accepted

energy = -950.9477963
energy/site = -1.080622496
43.7214% accepted

energy = -6862.515562
energy/site = -7.798313138
44.0284% accepted

energy = -1734.862741
energy/site = -1.971434933
43.8157% accepted

energy = -69.06386229
energy/site = -0.07848166169
44.042% accepted

energy = -558.400496
energy/site = -0.6345460182
43.7795% accepted

energy = -1392.775843
energy/site = -1.582699822
43.9109% accepted

energy = -2089.715006
energy/site = -2.374676143
43.7812% accepted

energy = -163.4776071
energy/site = -0.1857700081
43.8377% accepted

energy = -3361.431506
energy/site = -3.81980853
43.7766% accepted

energy = -457.3986018
energy/site = -0.5197711384
43.9929% accepted

energy = -1210.403302
energy/site = -1.375458298
43.8195% accepted

energy = -3060.092821
energy/site = -3.477378206
43.8399% accepted

energy = -11803.05101
energy/site = -13.41255797
44.0326% accepted

energy = -2924.993465
energy/site = -3.323856211
43.9417% accepted

energy = -3692.014066
energy/site = -4.19547053
43.8039% accepted

energy = -705.636717
energy/site = -0.8018599056
43.8303% accepted

energy = -148.2184147
energy/site = -0.1684300167
43.8632% accepted

energy = -476.2547248
energy/site = -0.5411985509
43.8188% accepted

energy = -776.3068437
energy/site = -0.8821668679
43.929% accepted

energy = -935.43888
energy/site = -1.062998727
44.1733% accepted

energy = -373.4534751
energy/site = -0.424378949
43.7973% accepted

energy = -1213.693043
energy/site = -1.37919664
43.7898% accepted

energy = -566.7327476
energy/site = -0.6440144859
43.963% accepted

energy = -3245.973644
energy/site = -3.688606414
43.7746% accepted

energy = -170.7066974
energy/site = -0.1939848834
43.8658% accepted

energy = -1884.722512
energy/site = -2.141730128
43.9531% accepted

energy = -542.5639311
energy/site = -0.6165499217
43.8363% accepted

energy = -77.94553202
energy/site = -0.08857446821
43.8068% accepted

energy = -973.6059089
energy/site = -1.106370351
43.8496% accepted

energy = -223.9886198
energy/site = -0.2545325225
43.8653% accepted

energy = -727.4480537
energy/site = -0.8266455156
43.9179% accepted

energy = -1117.895653
energy/site = -1.27033597
43.8251% accepted

energy = -1810.105621
energy/site = -2.056938206
43.9051% accepted

energy = -301.6796901
energy/site = -0.3428178296
43.9095% accepted

energy = -504.1074763
energy/site = -0.5728494048
43.7065% accepted

energy = -731.8006797
energy/site = -0.8315916815
43.9335% accepted

energy = -4925.275474
energy/site = -5.596903948
43.8007% accepted

energy = -227.6680521
energy/site = -0.2587136955
43.6807% accepted

energy = -10721.12589
energy/site = -12.1830976
43.8636% accepted

energy = -75.03296092
energy/site = -0.08526472831
43.9944% accepted

energy = -1315.694018
energy/site = -1.495106838
43.8228% accepted

energy = -333.6043211
energy/site = -0.3790958195
43.8789% accepted

energy = -762.5113849
energy/site = -0.8664902101
43.9143% accepted

energy = -1107.031586
energy/site = -1.257990438
43.8628% accepted

energy = -279.0238443
energy/site = -0.3170725504
43.8301% accepted

energy = -213.7242482
energy/site = -0.2428684639
43.6894% accepted

energy = -157.3849455
energy/site = -0.178846529
43.7858% accepted

energy = -224.533362
energy/site = -0.2551515478
43.9054% accepted

energy = -558.2501916
energy/site = -0.6343752177
43.7977% accepted

energy = -3454.870395
energy/site = -3.925989085
43.8867% accepted

energy = -1802.591046
energy/site = -2.048398916
43.9247% accepted

energy = -661.3677721
energy/site = -0.7515542864
43.7941% accepted

energy = -13433.7646
energy/site = -15.26564159
43.886% accepted

energy = -1335.974297
energy/site = -1.518152611
43.8751% accepted

energy = -2270.875649
energy/site = -2.58054051
43.8454% accepted

energy = -396.8316666
energy/site = -0.4509450757
43.7921% accepted

energy = -298.5577196
energy/site = -0.3392701359
43.8369% accepted

energy = -1419.072726
energy/site = -1.612582644
44.0353% accepted

energy = -735.4492962
energy/site = -0.8357378366
43.9042% accepted

energy = -2162.974388
energy/site = -2.457925441
43.9438% accepted

energy = -2495.062302
energy/site = -2.83529807
43.8722% accepted

energy = -6332.433035
energy/site = -7.195946631
43.802% accepted

energy = -1185.077753
energy/site = -1.346679265
43.9289% accepted

energy = -1898.021466
energy/site = -2.156842575
43.8909% accepted

energy = -5986.718373
energy/site = -6.80308906
43.7953% accepted

energy = -169.4774078
energy/site = -0.1925879634
43.8941% accepted

energy = -1963.335391
energy/site = -2.231062945
43.7755% accepted

energy = -2226.483349
energy/site = -2.530094715
43.8174% accepted

energy = -293.443889
energy/site = -0.3334589648
43.7414% accepted

energy = -421.0104058
energy/site = -0.4784209156
43.9971% accepted

energy = -9086.943482
energy/site = -10.32607214
43.8388% accepted

energy = -606.5605796
energy/site = -0.689273386
43.8067% accepted

energy = -423.3121624
energy/site = -0.4810365482
43.8622% accepted

energy = -1597.609548
energy/site = -1.815465395
43.799% accepted

energy = -350.4005906
energy/site = -0.3981824893
43.7603% accepted

energy = -35118.7071
energy/site = -39.90762171
43.8946% accepted

energy = -4575.256905
energy/site = -5.199155574
43.8753% accepted

energy = -50.6055838
energy/site = -0.05750634523
43.9205% accepted

energy = -640.9958058
energy/site = -0.7284043247
43.8236% accepted

energy = -618.5470465
energy/site = -0.7028943711
43.9156% accepted

energy = -747.4875805
energy/site = -0.8494177051
43.7248% accepted

energy = -239.1994034
energy/site = -0.2718175039
43.8221% accepted

energy = -3574.350775
energy/site = -4.061762245
43.9026% accepted

energy = -321.7071015
energy/site = -0.3655762517
43.9383% accepted

energy = -570.3359486
energy/site = -0.6481090325
43.8798% accepted

energy = -251.3425685
energy/site = -0.2856165551
43.9938% accepted

energy = -1622.337809
energy/site = -1.843565692
43.8733% accepted

energy = -12791.741
energy/site = -14.53606932
43.7302% accepted

energy = -1018.290988
energy/site = -1.15714885
43.9927% accepted

energy = -1352.068655
energy/site = -1.536441654
43.9092% accepted

energy = -883.3197103
energy/site = -1.003772398
43.7412% accepted

energy = -641.8282236
energy/site = -0.729350254
43.7727% accepted

energy = -2518.271264
energy/site = -2.861671891
43.8472% accepted

energy = -2166.432299
energy/site = -2.461854885
43.9635% accepted

energy = -2381.313212
energy/site = -2.706037741
43.7103% accepted

energy = -1175.985014
energy/site = -1.336346607
43.8505% accepted

energy = -2296.56802
energy/site = -2.609736387
43.9752% accepted

energy = -3684.276635
energy/site = -4.186677995
43.9915% accepted

energy = -6022.091799
energy/site = -6.843286136
43.916% accepted

energy = -511.734744
energy/site = -0.5815167545
43.7923% accepted

energy = -1587.096423
energy/site = -1.803518662
43.7939% accepted

energy = -15594.5509
energy/site = -17.72108057
43.92% accepted

energy = -344.051296
energy/site = -0.3909673818
43.788% accepted

energy = -520.6139435
energy/site = -0.591606754
43.7311% accepted

energy = -1907.637548
energy/site = -2.167769941
43.9003% accepted

energy = -257.1292117
energy/site = -0.2921922861
43.8434% accepted

energy = -367.7995236
energy/site = -0.417954004
43.9407% accepted

energy = -1358.792631
energy/site = -1.544082535
43.8075% accepted

energy = -2388.662276
energy/site = -2.71438895
43.8568% accepted

energy = -1472.852154
energy/site = -1.67369563
43.9108% accepted

energy = -482.5540761
energy/site = -0.5483569047
43.8212% accepted

energy = -357.5405766
energy/site = -0.4062961098
43.819% accepted

energy = -135.0575783
energy/site = -0.1534745208
43.7605% accepted

energy = -6859.499117
energy/site = -7.79488536
44.0087% accepted

energy = -748.852503
energy/site = -0.8509687534
43.8231% accepted

energy = -874.287263
energy/site = -0.9935082534
43.9801% accepted

energy = -375.836042
energy/site = -0.4270864113
43.9144% accepted

energy = -1350.549057
energy/site = -1.534714837
43.8026% accepted

energy = -686.6527371
energy/site = -0.7802872012
43.9063% accepted

energy = -186.027999
energy/site = -0.2113954534
43.8834% accepted

energy = -1583.979433
energy/site = -1.799976628
43.8411% accepted

energy = -2295.599416
energy/site = -2.6086357
43.9225% accepted

energy = -205.4849279
energy/site = -0.2335055999
43.9093% accepted

energy = -4229.450061
energy/site = -4.806193251
43.8104% accepted

energy = -282.8266187
energy/site = -0.3213938849
43.9815% accepted

User defined signal 2

------------------------------------------------------------
Sender: LSF System <lsfadmin@wha596>
Subject: Job 3908573: <./torus05> Exited

Job <./torus05> was submitted from host <wha780> by user <akallin>.
Job was executed on host(s) <wha596>, in queue <serial>, as user <akallin>.
</home/akallin> was used as the home directory.
</work/akallin/TORUS/OBC/11leg/05> was used as the working directory.
Started at Sat Jun 26 17:02:04 2010
Results reported at Sat Jul  3 16:40:52 2010

Your job looked like:

------------------------------------------------------------
# LSBATCH: User input
./torus05
------------------------------------------------------------

TERM_RUNLIMIT: job killed after reaching LSF run time limit.
Exited with exit code 140.

Resource usage summary:

    CPU time   : 428663.00 sec.
    Max Memory :         6 MB
    Max Swap   :       122 MB

    Max Processes  :         4
    Max Threads    :         4

The output (if any) is above this job summary.


weighting by <swap_x> where x = 5
11 x 40 x 1 system
r   = 3  bondops changed per step 
n/N = 80  bond operators / site
its = 1000000  iterations/loop for 100000 loops

energy = -2183.815677
energy/site = -2.481608724
43.8741% accepted

energy = -2778.228735
energy/site = -3.157078108
43.9206% accepted

energy = -734.4260948
energy/site = -0.8345751077
43.899% accepted

energy = -1170.508148
energy/site = -1.330122895
43.7379% accepted

energy = -1067.215595
energy/site = -1.212744994
43.8704% accepted

energy = -4690.400067
energy/site = -5.330000076
43.8888% accepted

energy = -415.7669648
energy/site = -0.4724624601
43.7581% accepted

energy = -120.3668728
energy/site = -0.1367805373
43.7709% accepted

energy = -2296.861929
energy/site = -2.610070374
43.8416% accepted

energy = -930.558808
energy/site = -1.057453191
43.6908% accepted

energy = -264.3037705
energy/site = -0.3003451937
43.959% accepted

energy = -357.194188
energy/site = -0.4059024864
43.8313% accepted

energy = -262.8506225
energy/site = -0.2986938892
43.9053% accepted

energy = -298.7678156
energy/site = -0.3395088814
43.9598% accepted

energy = -2110.366586
energy/site = -2.398143847
43.729% accepted

energy = -581.1766624
energy/site = -0.6604280254
43.8233% accepted

energy = -1480.799071
energy/site = -1.682726217
43.7184% accepted

energy = -248.6967085
energy/site = -0.282609896
43.8188% accepted

energy = -10933.28495
energy/site = -12.42418744
43.8508% accepted

energy = -466.7995458
energy/site = -0.5304540294
43.9092% accepted

energy = -474.8394064
energy/site = -0.5395902345
43.7808% accepted

energy = -979.2424
energy/site = -1.112775455
43.8791% accepted

energy = -1185.369409
energy/site = -1.347010692
43.767% accepted

energy = -5081.313793
energy/site = -5.77422022
43.9184% accepted

energy = -722.7440455
energy/site = -0.8213000517
43.8142% accepted

energy = -126.8659358
energy/site = -0.1441658361
43.8593% accepted

energy = -8826.774767
energy/site = -10.03042587
43.8591% accepted

energy = -1321.81415
energy/site = -1.502061534
43.7243% accepted

energy = -3034.793877
energy/site = -3.448629405
43.9941% accepted

energy = -1182.232759
energy/site = -1.343446317
43.8525% accepted

energy = -238.8211264
energy/site = -0.2713876437
43.9469% accepted

energy = -933.9490269
energy/site = -1.061305712
43.8403% accepted

energy = -1233.851505
energy/site = -1.402103983
43.9623% accepted

energy = -521.9881492
energy/site = -0.5931683514
43.7919% accepted

energy = -77.08507858
energy/site = -0.0875966802
44.01% accepted

energy = -491.5526887
energy/site = -0.5585826007
43.936% accepted

energy = -256.1333268
energy/site = -0.2910605987
43.6531% accepted

energy = -440.8673463
energy/site = -0.5009856208
43.9009% accepted

energy = -543.6784556
energy/site = -0.6178164268
43.8527% accepted

energy = -431.0750939
energy/site = -0.4898580612
43.8722% accepted

energy = -503.6889622
energy/site = -0.5723738207
43.9911% accepted

energy = -843.7503696
energy/site = -0.9588072382
43.8859% accepted

energy = -231.6774185
energy/site = -0.2632697938
43.8219% accepted

energy = -1225.198465
energy/site = -1.392270983
43.7856% accepted

energy = -1340.21905
energy/site = -1.522976194
43.9331% accepted

energy = -137.6887641
energy/site = -0.1564645046
43.8142% accepted

energy = -690.6309075
energy/site = -0.7848078495
43.8615% accepted

energy = -2732.991659
energy/site = -3.105672339
43.7491% accepted

energy = -5061.346111
energy/site = -5.751529672
43.8638% accepted

energy = -418.3458439
energy/site = -0.4753930044
43.9119% accepted

energy = -1245.732718
energy/site = -1.415605362
43.966% accepted

energy = -782.2810755
energy/site = -0.8889557676
43.9308% accepted

energy = -267.5218533
energy/site = -0.3040021061
43.7002% accepted

energy = -698.8847297
energy/site = -0.7941871929
44.0079% accepted

energy = -463.8881821
energy/site = -0.5271456615
43.7389% accepted

energy = -608.8541314
energy/site = -0.6918796948
43.7786% accepted

energy = -1112.008554
energy/site = -1.263646084
43.918% accepted

energy = -472.4010831
energy/site = -0.5368194126
43.7451% accepted

energy = -2064.929191
energy/site = -2.346510445
43.6739% accepted

energy = -106.8108329
energy/site = -0.1213759465
43.9939% accepted

energy = -850.0559635
energy/site = -0.9659726858
43.9459% accepted

energy = -281.725218
energy/site = -0.3201422931
43.8746% accepted

energy = -318.5365502
energy/site = -0.3619733524
43.9686% accepted

energy = -393.3945076
energy/site = -0.4470392132
43.8986% accepted

energy = -338.7693539
energy/site = -0.3849651749
43.7255% accepted

energy = -757.4948967
energy/site = -0.8607896554
43.7931% accepted

energy = -317.8909309
energy/site = -0.3612396942
43.8303% accepted

energy = -733.4797837
energy/site = -0.8334997541
43.9501% accepted

energy = -164.5335595
energy/site = -0.186969954
43.9222% accepted

energy = -444.0362517
energy/site = -0.5045866496
43.7546% accepted

energy = -245.2130447
energy/site = -0.2786511871
43.8522% accepted

energy = -6127.890268
energy/site = -6.963511668
43.89% accepted

energy = -669.9769992
energy/site = -0.7613374991
43.9814% accepted

energy = -242.0791371
energy/site = -0.2750899286
43.8714% accepted

energy = -4229.330698
energy/site = -4.806057611
43.8352% accepted

energy = -291.2000692
energy/site = -0.3309091696
43.9313% accepted

energy = -1433.358786
energy/site = -1.628816802
43.9624% accepted

energy = -1011.338236
energy/site = -1.149247996
43.8831% accepted

energy = -323.6853586
energy/site = -0.3678242711
43.8356% accepted

energy = -2230.935344
energy/site = -2.5351538
43.7776% accepted

energy = -357.2839825
energy/site = -0.4060045255
43.7865% accepted

energy = -455.0640658
energy/site = -0.5171182566
44.025% accepted

energy = -6582.504196
energy/site = -7.480118405
43.8432% accepted

energy = -146.9614015
energy/site = -0.1670015926
43.7903% accepted

energy = -1539.512326
energy/site = -1.749445825
43.689% accepted

energy = -829.0538821
energy/site = -0.9421066842
43.9112% accepted

energy = -692.390657
energy/site = -0.7868075648
43.8768% accepted

energy = -2111.377614
energy/site = -2.399292743
43.9589% accepted

energy = -337.0003957
energy/site = -0.3829549951
43.5643% accepted

energy = -2378.843083
energy/site = -2.703230777
43.918% accepted

energy = -3219.896093
energy/site = -3.658972833
43.949% accepted

energy = -1616.140784
energy/site = -1.836523619
43.9273% accepted

energy = -64.91322068
energy/site = -0.0737650235
43.8861% accepted

energy = -1534.299052
energy/site = -1.74352165
43.779% accepted

energy = -224.5310427
energy/site = -0.2551489122
43.8664% accepted

energy = -1362.520442
energy/site = -1.548318684
43.7111% accepted

energy = -2539.029171
energy/site = -2.885260421
43.8332% accepted

energy = -231.9786251
energy/site = -0.263612074
43.8249% accepted

energy = -628.403177
energy/site = -0.7140945193
43.8473% accepted

energy = -580.4238875
energy/site = -0.6595725994
43.936% accepted

energy = -311.3558036
energy/site = -0.3538134132
43.8404% accepted

energy = -91.589006
energy/site = -0.1040784159
43.8049% accepted

energy = -1145.789928
energy/site = -1.302034009
43.7268% accepted

energy = -5663.548203
energy/site = -6.435850231
43.9219% accepted

energy = -5086.500354
energy/site = -5.780114039
43.7909% accepted

energy = -7363.466793
energy/site = -8.367575902
43.9803% accepted

energy = -651.7653632
energy/site = -0.7406424581
43.7388% accepted

energy = -1729.871062
energy/site = -1.965762571
43.7806% accepted

energy = -746.8333795
energy/site = -0.8486742949
43.8931% accepted

energy = -5204.022283
energy/site = -5.913661685
43.9395% accepted

energy = -867.1823532
energy/site = -0.9854344922
43.7047% accepted

energy = -13607.94961
energy/site = -15.4635791
43.8375% accepted

energy = -466.9401222
energy/site = -0.5306137752
43.8869% accepted

energy = -543.4150665
energy/site = -0.6175171211
43.8557% accepted

energy = -3293.153545
energy/site = -3.742219937
44.0266% accepted

energy = -1600.265759
energy/site = -1.818483817
43.7444% accepted

energy = -1028.311696
energy/site = -1.168536018
43.9583% accepted

energy = -391.7279831
energy/site = -0.4451454354
43.9493% accepted

energy = -1102.578237
energy/site = -1.252929814
43.8333% accepted

energy = -1074.88696
energy/site = -1.221462455
43.9032% accepted

energy = -758.4066632
energy/site = -0.8618257536
43.8687% accepted

energy = -575.6867412
energy/site = -0.6541894786
43.8004% accepted

energy = -506.2458862
energy/site = -0.5752794161
43.8324% accepted

energy = -2488.751142
energy/site = -2.828126297
43.9554% accepted

energy = -862.4577493
energy/site = -0.9800656242
44.0281% accepted

energy = -6524.122207
energy/site = -7.413775235
43.807% accepted

energy = -1197.993966
energy/site = -1.36135678
43.7398% accepted

energy = -748.9115636
energy/site = -0.8510358677
43.8179% accepted

energy = -319.5670896
energy/site = -0.36314442
44.0126% accepted

energy = -385.3269405
energy/site = -0.4378715233
43.7818% accepted

energy = -774.0251655
energy/site = -0.8795740517
43.814% accepted

energy = -2085.514742
energy/site = -2.369903116
43.8194% accepted

energy = -5483.101993
energy/site = -6.230797719
43.7986% accepted

energy = -431.0090526
energy/site = -0.4897830143
43.779% accepted

energy = -1077.504548
energy/site = -1.224436986
43.8878% accepted

energy = -407.5121325
energy/site = -0.4630819688
43.8301% accepted

energy = -1555.728369
energy/site = -1.767873146
43.9244% accepted

energy = -322.0193403
energy/site = -0.3659310685
43.834% accepted

energy = -7536.868695
energy/site = -8.564623517
43.8477% accepted

energy = -469.4070129
energy/site = -0.5334170602
43.9556% accepted

energy = -2658.947927
energy/site = -3.021531735
43.8018% accepted

energy = -825.9483797
energy/site = -0.9385777042
43.9367% accepted

energy = -1267.096652
energy/site = -1.439882559
43.9008% accepted

energy = -161.8172136
energy/site = -0.1838831973
43.8263% accepted

energy = -565.350744
energy/site = -0.6424440273
43.8177% accepted

energy = -153.3939313
energy/site = -0.1743112855
43.8458% accepted

energy = -319.3011716
energy/site = -0.3628422404
43.6912% accepted

energy = -1227.219721
energy/site = -1.394567865
43.8736% accepted

energy = -766.6043671
energy/site = -0.8711413263
43.8099% accepted

energy = -8249.403497
energy/site = -9.374322155
43.7546% accepted

energy = -1790.216747
energy/site = -2.034337212
43.9118% accepted

energy = -1439.854166
energy/site = -1.636197916
43.8602% accepted

energy = -993.1615655
energy/site = -1.128592688
43.836% accepted

energy = -937.2017238
energy/site = -1.065001959
43.7804% accepted

energy = -1401.31024
energy/site = -1.592398
43.7499% accepted

energy = -475.6292867
energy/site = -0.5404878257
43.8747% accepted

energy = -258.6449296
energy/site = -0.2939146927
43.9418% accepted

energy = -374.1733491
energy/site = -0.4251969876
43.8031% accepted

energy = -282.6037467
energy/site = -0.3211406212
43.8719% accepted

energy = -4906.72131
energy/site = -5.575819671
43.9197% accepted

energy = -797.4009566
energy/site = -0.9061374506
43.8922% accepted

energy = -10040.85106
energy/site = -11.41005802
43.84% accepted

energy = -452.0979676
energy/site = -0.5137476905
43.9264% accepted

energy = -781.8600534
energy/site = -0.8884773334
44.0197% accepted

energy = -653.410231
energy/site = -0.7425116261
43.8798% accepted

energy = -2683.382255
energy/site = -3.049298017
43.778% accepted

energy = -1924.530534
energy/site = -2.186966516
43.8763% accepted

energy = -46.9827859
energy/site = -0.05338952944
43.7848% accepted

energy = -309.7767831
energy/site = -0.3520190717
43.8542% accepted

energy = -2055.1697
energy/site = -2.335420114
43.8521% accepted

energy = -278.3381665
energy/site = -0.316293371
43.8829% accepted

energy = -3547.697985
energy/site = -4.031474983
43.9177% accepted

energy = -1073.456927
energy/site = -1.219837417
43.693% accepted

energy = -3798.748871
energy/site = -4.316760081
43.8888% accepted

energy = -243.1190228
energy/site = -0.2762716168
43.7779% accepted

energy = -287.608873
energy/site = -0.3268282648
43.8673% accepted

energy = -635.4054462
energy/site = -0.7220516434
43.9208% accepted

energy = -3767.667097
energy/site = -4.281439883
43.8966% accepted

energy = -336.6886742
energy/site = -0.3826007662
44.0063% accepted

energy = -439.7953624
energy/site = -0.4997674572
43.9722% accepted

energy = -211.6793051
energy/site = -0.2405446649
43.7379% accepted

energy = -4082.28658
energy/site = -4.638962023
43.7667% accepted

energy = -1309.240177
energy/site = -1.487772928
43.8885% accepted

energy = -415.2520244
energy/site = -0.4718773004
43.8442% accepted

energy = -351.569941
energy/site = -0.3995112966
43.951% accepted

energy = -2405.367081
energy/site = -2.733371683
43.7525% accepted

energy = -1022.220334
energy/site = -1.161614016
43.9506% accepted

energy = -235.0128965
energy/site = -0.2670601096
43.8003% accepted

energy = -1200.02139
energy/site = -1.36366067
43.9037% accepted

energy = -182.9812252
energy/site = -0.2079332104
43.9604% accepted

energy = -457.1288796
energy/site = -0.5194646359
43.8492% accepted

energy = -214.6079587
energy/site = -0.2438726804
43.9062% accepted

energy = -709.8395139
energy/site = -0.8066358113
43.9253% accepted

energy = -263.7032903
energy/site = -0.2996628298
43.6096% accepted

energy = -1062.284522
energy/site = -1.207141503
44.052% accepted

energy = -4797.385341
energy/site = -5.451574251
43.8298% accepted

energy = -664.6495881
energy/site = -0.7552836228
43.8669% accepted

energy = -216.3921352
energy/site = -0.2459001536
43.8019% accepted

energy = -3644.213582
energy/site = -4.141151798
43.8965% accepted

energy = -130.2962657
energy/site = -0.1480639383
43.7742% accepted

energy = -3023.21748
energy/site = -3.435474409
43.7127% accepted

energy = -381.7796451
energy/site = -0.4338405058
43.8651% accepted

energy = -485.1613566
energy/site = -0.5513197234
43.8262% accepted

energy = -217.0655007
energy/site = -0.2466653417
43.851% accepted

energy = -501.6717436
energy/site = -0.5700815268
43.9486% accepted

energy = -147.68872
energy/site = -0.1678280909
43.8247% accepted

energy = -1263.239506
energy/site = -1.435499439
43.9014% accepted

energy = -398.3792243
energy/site = -0.452703664
43.9613% accepted

energy = -3820.739186
energy/site = -4.341749075
43.9691% accepted

energy = -373.7428243
energy/site = -0.4247077549
43.9006% accepted

energy = -1459.335253
energy/site = -1.658335515
43.8777% accepted

energy = -751.2387247
energy/site = -0.853680369
43.7888% accepted

energy = -1657.060705
energy/site = -1.883023529
43.9362% accepted

energy = -348.7650466
energy/site = -0.3963239166
43.852% accepted

energy = -1375.919533
energy/site = -1.563544924
43.9307% accepted

energy = -749.0866093
energy/site = -0.8512347833
43.9257% accepted

energy = -758.5334041
energy/site = -0.8619697773
43.744% accepted

energy = -1794.221834
energy/site = -2.038888448
43.794% accepted

energy = -2264.910144
energy/site = -2.573761527
43.8951% accepted

energy = -449.4099061
energy/site = -0.5106930751
43.9238% accepted

energy = -193.8292725
energy/site = -0.2202605369
43.6826% accepted

energy = -505.335259
energy/site = -0.5742446125
43.8796% accepted

energy = -4893.183645
energy/site = -5.56043596
43.797% accepted

energy = -9867.523754
energy/site = -11.21309517
43.7884% accepted

energy = -1308.396346
energy/site = -1.486814029
43.7561% accepted

energy = -7233.507683
energy/site = -8.219895094
43.9215% accepted

energy = -144.2890274
energy/site = -0.1639648039
43.8224% accepted

energy = -1209.176205
energy/site = -1.374063869
43.8934% accepted

energy = -197.54602
energy/site = -0.2244841136
43.772% accepted

energy = -2047.194386
energy/site = -2.326357256
43.8451% accepted

energy = -547.590746
energy/site = -0.6222622114
43.9429% accepted

energy = -323.2446213
energy/site = -0.3673234333
43.944% accepted

energy = -2174.227079
energy/site = -2.47071259
43.7347% accepted

energy = -661.684269
energy/site = -0.751913942
43.7965% accepted

energy = -258.9918564
energy/site = -0.2943089278
43.8757% accepted

energy = -410.6117525
energy/site = -0.4666042642
43.8638% accepted

energy = -4031.313487
energy/site = -4.581038053
43.9515% accepted

energy = -1093.432978
energy/site = -1.242537476
43.7585% accepted

energy = -3818.787656
energy/site = -4.339531427
43.9119% accepted

energy = -3784.560402
energy/site = -4.300636821
43.9619% accepted

energy = -567.5336092
energy/site = -0.6449245559
43.8673% accepted

energy = -1028.439681
energy/site = -1.168681456
43.8476% accepted

energy = -285.6533163
energy/site = -0.3246060413
43.7902% accepted

energy = -361.9914868
energy/site = -0.4113539623
43.8404% accepted

energy = -546.2706706
energy/site = -0.6207621257
43.9617% accepted

energy = -623.1843449
energy/site = -0.7081640283
43.8876% accepted

energy = -355.4367255
energy/site = -0.4039053699
43.8065% accepted

energy = -681.344486
energy/site = -0.7742550977
43.8048% accepted

energy = -1393.191028
energy/site = -1.583171623
43.8781% accepted

energy = -2525.631721
energy/site = -2.870036047
43.7742% accepted

energy = -982.7070453
energy/site = -1.116712551
43.9136% accepted

energy = -1116.074463
energy/site = -1.268266435
43.9119% accepted

energy = -8010.133031
energy/site = -9.102423898
43.8197% accepted

energy = -3097.875158
energy/site = -3.52031268
43.846% accepted

energy = -11960.62464
energy/site = -13.59161891
43.8575% accepted

energy = -132.0254329
energy/site = -0.150028901
43.9401% accepted

energy = -576.8300299
energy/site = -0.6554886703
43.8185% accepted

energy = -243.1823919
energy/site = -0.2763436272
43.8721% accepted

energy = -123.0617197
energy/site = -0.1398428633
43.8995% accepted

energy = -2665.502055
energy/site = -3.028979608
43.8611% accepted

energy = -1006.179599
energy/site = -1.143385908
43.8933% accepted

energy = -1627.802074
energy/site = -1.849775084
43.9689% accepted

energy = -426.2998333
energy/site = -0.4844316287
43.9662% accepted

energy = -1182.801366
energy/site = -1.344092461
43.8218% accepted

energy = -221.2052983
energy/site = -0.2513696572
43.9593% accepted

energy = -553.0790865
energy/site = -0.6284989619
43.9325% accepted

User defined signal 2

------------------------------------------------------------
Sender: LSF System <lsfadmin@wha463>
Subject: Job 5120767: <./torus05> Exited

Job <./torus05> was submitted from host <wha780> by user <akallin>.
Job was executed on host(s) <wha463>, in queue <serial>, as user <akallin>.
</home/akallin> was used as the home directory.
</work/akallin/TORUS/OBC/11leg/05> was used as the working directory.
Started at Wed Jul 21 18:01:18 2010
Results reported at Wed Jul 28 18:27:40 2010

Your job looked like:

------------------------------------------------------------
# LSBATCH: User input
./torus05
------------------------------------------------------------

TERM_RUNLIMIT: job killed after reaching LSF run time limit.
Exited with exit code 140.

Resource usage summary:

    CPU time   : 501284.00 sec.
    Max Memory :         6 MB
    Max Swap   :       122 MB

    Max Processes  :         4
    Max Threads    :         4

The output (if any) is above this job summary.


weighting by <swap_x> where x = 5
11 x 40 x 1 system
r   = 3  bondops changed per step 
n/N = 80  bond operators / site
its = 1000000  iterations/loop for 100000 loops

energy = -579.7169285
energy/site = -0.658769237
43.9016% accepted

energy = -419.289338
energy/site = -0.4764651569
43.7138% accepted

energy = -526.2099677
energy/site = -0.5979658723
43.9525% accepted

energy = -777.8721672
energy/site = -0.8839456446
43.7777% accepted

energy = -808.9706106
energy/site = -0.9192847848
43.8763% accepted

energy = -689.361478
energy/site = -0.7833653159
43.7954% accepted

energy = -2088.820655
energy/site = -2.373659835
43.9079% accepted

energy = -1854.980349
energy/site = -2.107932215
43.8659% accepted

energy = -1299.705541
energy/site = -1.476938115
43.8402% accepted

energy = -411.0360976
energy/site = -0.4670864745
43.8276% accepted

energy = -3157.829888
energy/site = -3.588443055
43.9718% accepted

energy = -425.7870432
energy/site = -0.4838489128
43.8897% accepted

energy = -398.4140204
energy/site = -0.452743205
43.9017% accepted

energy = -862.3884469
energy/site = -0.9799868715
43.8175% accepted

energy = -560.4131817
energy/site = -0.636833161
43.9765% accepted

energy = -596.889971
energy/site = -0.6782840579
43.8225% accepted

energy = -583.7345051
energy/site = -0.6633346649
43.7664% accepted

energy = -774.7824412
energy/site = -0.8804345923
43.8938% accepted

energy = -1113.714134
energy/site = -1.265584243
43.7493% accepted

energy = -290.8069551
energy/site = -0.330462449
43.8851% accepted

energy = -392.8490017
energy/site = -0.4464193201
43.8704% accepted

energy = -2736.543883
energy/site = -3.109708958
43.7474% accepted

energy = -544.2995947
energy/site = -0.6185222667
43.8982% accepted

energy = -472.8491483
energy/site = -0.5373285776
43.7971% accepted

energy = -1500.815261
energy/site = -1.705471888
43.9242% accepted

energy = -249.1517576
energy/site = -0.2831269973
43.8118% accepted

energy = -59.80981719
energy/site = -0.06796570135
44.0638% accepted

energy = -1101.479507
energy/site = -1.251681258
43.8227% accepted

energy = -92.15549288
energy/site = -0.104722151
43.955% accepted

energy = -4679.78693
energy/site = -5.317939694
43.7701% accepted

energy = -1849.991069
energy/site = -2.102262579
43.8864% accepted

energy = -183.7541557
energy/site = -0.2088115406
43.8058% accepted

energy = -253.4742382
energy/site = -0.2880389071
43.8929% accepted

energy = -5008.965206
energy/site = -5.692005916
43.8335% accepted

energy = -1948.862014
energy/site = -2.214615925
44.0713% accepted

energy = -2680.251542
energy/site = -3.045740388
44.0652% accepted

energy = -248.3593842
energy/site = -0.2822265729
43.7599% accepted

energy = -204.2363006
energy/site = -0.2320867053
44.0366% accepted

energy = -477.8651272
energy/site = -0.5430285536
43.7971% accepted

energy = -296.9302548
energy/site = -0.3374207441
43.9597% accepted

energy = -444.2454718
energy/site = -0.5048243998
43.9208% accepted

energy = -4319.809328
energy/site = -4.908874237
43.8677% accepted

energy = -2945.899138
energy/site = -3.347612657
43.9348% accepted

energy = -1978.909319
energy/site = -2.24876059
43.7783% accepted

energy = -1221.312138
energy/site = -1.387854702
43.9366% accepted

energy = -3409.225794
energy/site = -3.87412022
43.8599% accepted

energy = -6965.048962
energy/site = -7.914828366
43.8926% accepted

energy = -4109.598816
energy/site = -4.669998655
43.8039% accepted

energy = -429.0781348
energy/site = -0.4875887895
43.9573% accepted

energy = -1196.364732
energy/site = -1.359505377
43.8175% accepted

energy = -1721.888927
energy/site = -1.956691962
43.9236% accepted

energy = -251.1136829
energy/site = -0.2853564578
43.7982% accepted

energy = -1384.50466
energy/site = -1.57330075
43.7526% accepted

energy = -1385.991489
energy/site = -1.574990328
43.9306% accepted

energy = -426.2471438
energy/site = -0.4843717544
43.9144% accepted

energy = -915.4578677
energy/site = -1.040293031
43.6937% accepted

energy = -323.4643967
energy/site = -0.3675731781
43.8104% accepted

energy = -789.6695712
energy/site = -0.8973517855
43.8754% accepted

energy = -2692.714774
energy/site = -3.059903152
43.8283% accepted

energy = -4423.18957
energy/site = -5.026351784
44.0159% accepted

energy = -1902.247302
energy/site = -2.161644661
43.7643% accepted

energy = -863.7264791
energy/site = -0.9815073626
43.9352% accepted

energy = -421.0667883
energy/site = -0.4784849867
43.8486% accepted

energy = -92.93837143
energy/site = -0.1056117857
43.7766% accepted

energy = -1009.491417
energy/site = -1.147149338
43.8804% accepted

energy = -2641.167123
energy/site = -3.001326276
43.8807% accepted

energy = -9605.873886
energy/site = -10.91576578
43.8093% accepted

energy = -584.12928
energy/site = -0.6637832727
43.9814% accepted

energy = -245.4853103
energy/site = -0.2789605799
43.8442% accepted

energy = -5605.208607
energy/site = -6.369555235
43.8584% accepted

energy = -331.1420271
energy/site = -0.376297758
43.9908% accepted

energy = -1945.455105
energy/site = -2.210744438
43.7868% accepted

energy = -1248.282295
energy/site = -1.418502607
43.9284% accepted

energy = -2286.759502
energy/site = -2.598590343
43.931% accepted

energy = -1746.945779
energy/site = -1.985165658
43.8732% accepted

energy = -360.398725
energy/site = -0.4095440057
43.8523% accepted

energy = -523.8159183
energy/site = -0.5952453617
43.8099% accepted

energy = -1541.989941
energy/site = -1.752261297
43.8598% accepted

energy = -1103.626872
energy/site = -1.254121446
43.7598% accepted

energy = -1330.546476
energy/site = -1.511984632
43.8439% accepted

energy = -607.4586637
energy/site = -0.690293936
43.9725% accepted

energy = -312.1932909
energy/site = -0.3547651033
43.9934% accepted

energy = -3694.866679
energy/site = -4.198712136
43.8926% accepted

energy = -3105.112622
energy/site = -3.52853707
43.8222% accepted

energy = -343.8946141
energy/site = -0.3907893342
43.8816% accepted

energy = -195.7898307
energy/site = -0.222488444
43.8359% accepted

energy = -197.2268834
energy/site = -0.2241214585
43.8889% accepted

energy = -5134.105871
energy/site = -5.834211217
43.8427% accepted

energy = -2705.386058
energy/site = -3.074302339
43.8044% accepted

energy = -847.8592534
energy/site = -0.9634764243
43.8329% accepted

energy = -73.85532981
energy/site = -0.08392651115
43.8957% accepted

energy = -743.6054918
energy/site = -0.8450062407
43.8413% accepted

energy = -124.0484257
energy/site = -0.1409641201
43.7696% accepted

energy = -2015.737672
energy/site = -2.290610991
43.8878% accepted

energy = -17377.03099
energy/site = -19.74662613
43.7938% accepted

energy = -106.1020533
energy/site = -0.1205705152
43.8795% accepted

energy = -4587.757587
energy/site = -5.213360894
43.7577% accepted

energy = -428.2586006
energy/site = -0.4866575007
43.6923% accepted

energy = -631.4334212
energy/site = -0.7175379787
43.9366% accepted

energy = -760.6721502
energy/site = -0.8644001707
43.8366% accepted

energy = -3217.665234
energy/site = -3.656437766
43.9475% accepted

energy = -484.0650453
energy/site = -0.5500739151
43.9976% accepted

energy = -1925.294783
energy/site = -2.187834981
43.7212% accepted

energy = -3847.823356
energy/site = -4.372526541
43.7958% accepted

energy = -17185.17962
energy/site = -19.52861321
43.7702% accepted

energy = -1978.792201
energy/site = -2.248627501
43.8875% accepted

energy = -2715.058889
energy/site = -3.085294192
43.9629% accepted

energy = -2565.86004
energy/site = -2.915750046
43.8545% accepted

energy = -525.2037641
energy/site = -0.5968224592
43.9456% accepted

energy = -1207.188017
energy/site = -1.371804565
44.0219% accepted

energy = -6291.11069
energy/site = -7.14898942
43.8538% accepted

energy = -3130.109575
energy/site = -3.556942698
44.0269% accepted

energy = -1162.727692
energy/site = -1.321281468
43.9351% accepted

energy = -4279.702976
energy/site = -4.863298836
43.8271% accepted

energy = -4018.203744
energy/site = -4.566140618
43.9817% accepted

energy = -474.5951112
energy/site = -0.5393126264
43.8522% accepted

energy = -128.4062191
energy/site = -0.1459161581
43.8489% accepted

energy = -399.769519
energy/site = -0.4542835443
43.9061% accepted

energy = -304.4782917
energy/site = -0.3459980588
43.7506% accepted

energy = -1367.717636
energy/site = -1.554224587
43.752% accepted

energy = -809.4073577
energy/site = -0.9197810883
43.8064% accepted

energy = -175.8323837
energy/site = -0.1998095269
43.7871% accepted

energy = -1568.881351
energy/site = -1.782819718
43.8441% accepted

energy = -2422.559397
energy/site = -2.752908406
43.8538% accepted

energy = -400.2103446
energy/site = -0.4547844825
43.9395% accepted

energy = -1395.054908
energy/site = -1.585289668
43.9154% accepted

energy = -1336.130429
energy/site = -1.518330033
43.917% accepted

energy = -1983.388403
energy/site = -2.253850458
43.8334% accepted

energy = -181.8405844
energy/site = -0.2066370277
43.8011% accepted

energy = -8837.043392
energy/site = -10.04209476
43.8356% accepted

energy = -1419.148295
energy/site = -1.612668517
43.8949% accepted

energy = -278.4338389
energy/site = -0.3164020897
43.9019% accepted

energy = -260.3131422
energy/site = -0.2958103889
43.595% accepted

energy = -622.8258918
energy/site = -0.7077566952
43.8852% accepted

energy = -1462.340289
energy/site = -1.661750329
43.9171% accepted

energy = -1276.292464
energy/site = -1.450332345
43.8362% accepted

energy = -436.7982015
energy/site = -0.4963615926
43.8146% accepted

energy = -722.9448055
energy/site = -0.8215281881
43.7983% accepted

energy = -375.8661862
energy/site = -0.4271206661
43.8503% accepted

energy = -78.86599989
energy/site = -0.08962045442
43.9518% accepted

energy = -70.07663113
energy/site = -0.07963253537
43.7919% accepted

energy = -122.112861
energy/site = -0.1387646148
43.8254% accepted

energy = -389.2588442
energy/site = -0.4423395957
43.8865% accepted

energy = -264.1441851
energy/site = -0.3001638467
43.7645% accepted

energy = -907.2374118
energy/site = -1.030951604
43.7127% accepted

energy = -596.7801209
energy/site = -0.6781592283
43.8546% accepted

energy = -196.0403616
energy/site = -0.2227731382
43.6471% accepted

energy = -970.3992147
energy/site = -1.10272638
43.7394% accepted

energy = -1075.637416
energy/site = -1.222315245
43.7653% accepted

energy = -201.7851292
energy/site = -0.2293012832
43.9442% accepted

energy = -271.9517453
energy/site = -0.3090360742
43.7831% accepted

energy = -107.690668
energy/site = -0.1223757591
43.9506% accepted

energy = -405.0711048
energy/site = -0.4603080736
43.9348% accepted

energy = -1993.14629
energy/site = -2.264938966
43.8076% accepted

energy = -3138.37743
energy/site = -3.566337989
43.7944% accepted

energy = -263.1575015
energy/site = -0.2990426154
43.9566% accepted

energy = -575.5904499
energy/site = -0.6540800567
43.8516% accepted

energy = -1491.118513
energy/site = -1.694452856
43.8871% accepted

energy = -740.2329067
energy/site = -0.8411737576
43.7868% accepted

energy = -1481.87644
energy/site = -1.6839505
44.0135% accepted

energy = -459.9398862
energy/site = -0.5226589616
43.8748% accepted

energy = -180.9135779
energy/site = -0.2055836113
43.93% accepted

energy = -419.0691081
energy/site = -0.4762148956
43.863% accepted

energy = -618.6193008
energy/site = -0.7029764782
43.9485% accepted

energy = -207.3205101
energy/site = -0.2355914887
43.9% accepted

energy = -2264.722528
energy/site = -2.573548327
43.7836% accepted

energy = -271.3537925
energy/site = -0.3083565824
43.9999% accepted

energy = -377.5128244
energy/site = -0.4289918459
43.852% accepted

energy = -337.9271214
energy/site = -0.3840080925
43.924% accepted

energy = -1947.622063
energy/site = -2.213206889
43.8685% accepted

energy = -702.1583639
energy/site = -0.7979072317
43.8662% accepted

energy = -1137.146321
energy/site = -1.292211728
43.8124% accepted

energy = -588.1384056
energy/site = -0.6683390972
43.7204% accepted

energy = -453.6966346
energy/site = -0.5155643575
43.7993% accepted

energy = -3266.681676
energy/site = -3.712138268
43.8476% accepted

energy = -102.3610394
energy/site = -0.116319363
43.8191% accepted

energy = -818.8825496
energy/site = -0.9305483518
43.7786% accepted

energy = -650.0212833
energy/site = -0.7386605492
44.0485% accepted

energy = -213.0227088
energy/site = -0.24207126
43.9878% accepted

energy = -159.8140424
energy/site = -0.1816068664
43.9113% accepted

energy = -1222.47872
energy/site = -1.389180364
43.8392% accepted

energy = -3354.980511
energy/site = -3.812477854
43.918% accepted

energy = -2572.505436
energy/site = -2.923301631
44.0223% accepted

energy = -422.0086784
energy/site = -0.4795553164
43.8664% accepted

energy = -138.0899887
energy/site = -0.1569204417
43.8668% accepted

energy = -864.2881187
energy/site = -0.9821455895
43.9883% accepted

energy = -320.4569905
energy/site = -0.364155671
43.9422% accepted

energy = -295.7393713
energy/site = -0.3360674673
43.9071% accepted

energy = -2267.836058
energy/site = -2.57708643
43.9009% accepted

energy = -2047.235053
energy/site = -2.326403469
43.6728% accepted

energy = -1402.213689
energy/site = -1.593424647
43.9485% accepted

energy = -1223.574575
energy/site = -1.390425653
43.8256% accepted

energy = -556.7785379
energy/site = -0.632702884
43.9709% accepted

energy = -1361.113035
energy/site = -1.546719358
43.7219% accepted

energy = -647.8144696
energy/site = -0.7361528064
44.0411% accepted

energy = -312.4071342
energy/site = -0.3550081071
43.726% accepted

energy = -465.3315592
energy/site = -0.5287858627
43.8818% accepted

energy = -621.6122358
energy/site = -0.7063775406
43.8474% accepted

energy = -113.5054638
energy/site = -0.1289834816
43.7531% accepted

energy = -1226.632585
energy/site = -1.393900665
43.7944% accepted

energy = -3739.658692
energy/site = -4.24961215
43.8381% accepted

energy = -399.8221918
energy/site = -0.4543433998
43.762% accepted

energy = -6685.427866
energy/site = -7.59707712
43.8315% accepted

energy = -2737.522547
energy/site = -3.110821077
43.9369% accepted

energy = -160.2236951
energy/site = -0.1820723808
43.8372% accepted

energy = -177.3545722
energy/site = -0.2015392865
43.9624% accepted

energy = -129.3657443
energy/site = -0.1470065276
43.7288% accepted

energy = -2113.088279
energy/site = -2.40123668
43.9204% accepted

energy = -2064.708424
energy/site = -2.346259573
43.772% accepted

energy = -2168.295836
energy/site = -2.463972541
43.8885% accepted

energy = -949.5315752
energy/site = -1.079013154
43.8221% accepted

User defined signal 2

------------------------------------------------------------
Sender: LSF System <lsfadmin@wha117>
Subject: Job 5493580: <./torus05> Exited

Job <./torus05> was submitted from host <wha781> by user <akallin>.
Job was executed on host(s) <wha117>, in queue <serial>, as user <akallin>.
</home/akallin> was used as the home directory.
</work/akallin/TORUS/OBC/11leg/05> was used as the working directory.
Started at Wed Aug 11 14:43:13 2010
Results reported at Wed Aug 18 15:01:51 2010

Your job looked like:

------------------------------------------------------------
# LSBATCH: User input
./torus05
------------------------------------------------------------

TERM_RUNLIMIT: job killed after reaching LSF run time limit.
Exited with exit code 140.

Resource usage summary:

    CPU time   : 396383.00 sec.
    Max Memory :         6 MB
    Max Swap   :       122 MB

    Max Processes  :         4
    Max Threads    :         4

The output (if any) is above this job summary.


weighting by <swap_x> where x = 5
11 x 40 x 1 system
r   = 3  bondops changed per step 
n/N = 80  bond operators / site
its = 1000000  iterations/loop for 100000 loops

