
64 x 12 x 1 system
r   = 3  bondops changed per step 
n/N = 15  bond operators / site
its = 100000  iterations/loop for 1000 loops

C(L/2,L/2) = 0.1299
energy = -519.9320175
energy/site = -0.6769948145
45.996% accepted

C(L/2,L/2) = 0.055095
energy = -520.1508975
energy/site = -0.6772798145
43.774% accepted

C(L/2,L/2) = 0.1019475
energy = -505.6560375
energy/site = -0.6584062988
43.618% accepted

C(L/2,L/2) = 0.140535
energy = -508.9821675
energy/site = -0.6627371973
43.425% accepted

C(L/2,L/2) = 0.13899
energy = -516.2611275
energy/site = -0.6722150098
44.067% accepted

C(L/2,L/2) = 0.10209
energy = -520.12263
energy/site = -0.6772430078
44.398% accepted

C(L/2,L/2) = 0.15159
energy = -509.2614375
energy/site = -0.6631008301
43.878% accepted

C(L/2,L/2) = 0.0917175
energy = -514.5707325
energy/site = -0.6700139746
44.249% accepted

C(L/2,L/2) = 0.1219725
energy = -505.44411
energy/site = -0.6581303516
43.876% accepted

C(L/2,L/2) = 0.0401325
energy = -515.6880675
energy/site = -0.6714688379
43.748% accepted

C(L/2,L/2) = 0.09903
energy = -514.567245
energy/site = -0.6700094336
43.626% accepted

C(L/2,L/2) = 0.173925
energy = -510.46173
energy/site = -0.6646637109
43.984% accepted

C(L/2,L/2) = 0.04335
energy = -499.16367
energy/site = -0.6499526953
43.957% accepted

C(L/2,L/2) = 0.135315
energy = -515.0702775
energy/site = -0.6706644238
43.882% accepted

C(L/2,L/2) = 0.0715425
energy = -509.3449425
energy/site = -0.6632095605
43.864% accepted

C(L/2,L/2) = 0.0676275
energy = -514.00533
energy/site = -0.6692777734
43.891% accepted

C(L/2,L/2) = 0.1650525
energy = -516.14073
energy/site = -0.6720582422
43.676% accepted

C(L/2,L/2) = 0.100695
energy = -502.2078375
energy/site = -0.6539164551
43.933% accepted

C(L/2,L/2) = 0.155685
energy = -516.9181875
energy/site = -0.6730705566
43.578% accepted

C(L/2,L/2) = 0.055785
energy = -511.6816425
energy/site = -0.6662521387
43.761% accepted

C(L/2,L/2) = 0.1141125
energy = -517.30656
energy/site = -0.67357625
44.073% accepted

C(L/2,L/2) = 0.12699
energy = -514.4304975
energy/site = -0.669831377
44.069% accepted

C(L/2,L/2) = 0.06324
energy = -505.5389175
energy/site = -0.6582537988
44.115% accepted

C(L/2,L/2) = 0.091725
energy = -520.46679
energy/site = -0.6776911328
43.552% accepted

C(L/2,L/2) = 0.10962
energy = -516.82467
energy/site = -0.6729487891
44.502% accepted

C(L/2,L/2) = 0.1324275
energy = -510.385665
energy/site = -0.664564668
43.76% accepted

C(L/2,L/2) = 0.1016475
energy = -509.345415
energy/site = -0.6632101758
43.719% accepted

C(L/2,L/2) = 0.0914925
energy = -516.456705
energy/site = -0.672469668
43.951% accepted

C(L/2,L/2) = 0.06477
energy = -521.61693
energy/site = -0.6791887109
43.964% accepted

C(L/2,L/2) = 0.062775
energy = -521.7511125
energy/site = -0.6793634277
43.563% accepted

C(L/2,L/2) = 0.1507425
energy = -517.84374
energy/site = -0.6742757031
43.881% accepted

C(L/2,L/2) = 0.0905175
energy = -509.8407825
energy/site = -0.6638551855
44.011% accepted

C(L/2,L/2) = 0.1125675
energy = -522.0942375
energy/site = -0.6798102051
43.959% accepted

C(L/2,L/2) = 0.14745
energy = -517.21035
energy/site = -0.6734509766
43.762% accepted

C(L/2,L/2) = 0.0563925
energy = -511.4881725
energy/site = -0.6660002246
44.154% accepted

C(L/2,L/2) = 0.08214
energy = -513.60153
energy/site = -0.6687519922
44.125% accepted

C(L/2,L/2) = 0.092505
energy = -518.3839575
energy/site = -0.6749791113
44.076% accepted

C(L/2,L/2) = 0.07884
energy = -522.6907875
energy/site = -0.6805869629
43.743% accepted

C(L/2,L/2) = 0.03756
energy = -518.617695
energy/site = -0.675283457
44.003% accepted

C(L/2,L/2) = 0.139755
energy = -519.4328325
energy/site = -0.676344834
44.25% accepted

C(L/2,L/2) = 0.1011825
energy = -507.8165475
energy/site = -0.6612194629
44.297% accepted

C(L/2,L/2) = 0.06789
energy = -525.6099825
energy/site = -0.684387998
43.687% accepted

C(L/2,L/2) = 0.10362
energy = -522.9988575
energy/site = -0.6809880957
44.228% accepted

C(L/2,L/2) = 0.110385
energy = -524.15733
energy/site = -0.6824965234
44.451% accepted

C(L/2,L/2) = 0.1266
energy = -512.7311475
energy/site = -0.6676186816
43.942% accepted

C(L/2,L/2) = 0.05763
energy = -508.3467825
energy/site = -0.661909873
43.739% accepted

C(L/2,L/2) = 0.1307175
energy = -511.890555
energy/site = -0.6665241602
43.604% accepted

C(L/2,L/2) = 0.0132375
energy = -513.1009275
energy/site = -0.668100166
43.786% accepted

C(L/2,L/2) = 0.1255125
energy = -515.299875
energy/site = -0.6709633789
43.757% accepted

C(L/2,L/2) = 0.1546275
energy = -515.5080225
energy/site = -0.6712344043
43.952% accepted

C(L/2,L/2) = 0.1073475
energy = -508.3344525
energy/site = -0.6618938184
43.437% accepted

C(L/2,L/2) = 0.1211175
energy = -518.369895
energy/site = -0.6749608008
43.735% accepted

C(L/2,L/2) = 0.0976275
energy = -519.1363425
energy/site = -0.6759587793
43.872% accepted

C(L/2,L/2) = 0.104715
energy = -511.3614375
energy/site = -0.6658352051
43.513% accepted

C(L/2,L/2) = 0.076755
energy = -506.3401275
energy/site = -0.659297041
44.239% accepted

C(L/2,L/2) = 0.117015
energy = -522.3233175
energy/site = -0.6801084863
43.7% accepted

C(L/2,L/2) = 0.1475475
energy = -509.2718175
energy/site = -0.6631143457
43.669% accepted

C(L/2,L/2) = 0.1699275
energy = -511.24347
energy/site = -0.6656816016
43.794% accepted

C(L/2,L/2) = 0.139425
energy = -508.298625
energy/site = -0.661847168
44.459% accepted

C(L/2,L/2) = 0.0651975
energy = -516.4337475
energy/site = -0.6724397754
43.848% accepted

C(L/2,L/2) = 0.053595
energy = -516.1762425
energy/site = -0.6721044824
43.989% accepted

C(L/2,L/2) = 0.110535
energy = -520.3092525
energy/site = -0.6774860059
44.328% accepted

C(L/2,L/2) = 0.0981525
energy = -514.2559725
energy/site = -0.6696041309
44.113% accepted

C(L/2,L/2) = 0.1174875
energy = -512.381055
energy/site = -0.667162832
44.14% accepted

C(L/2,L/2) = 0.092205
energy = -507.765435
energy/site = -0.6611529102
43.729% accepted

C(L/2,L/2) = 0.1035525
energy = -504.1453725
energy/site = -0.6564392871
43.757% accepted

C(L/2,L/2) = 0.07341
energy = -518.3146425
energy/site = -0.6748888574
44.137% accepted

C(L/2,L/2) = 0.0997575
energy = -520.8299625
energy/site = -0.6781640137
44.219% accepted

C(L/2,L/2) = 0.0486975
energy = -511.854315
energy/site = -0.6664769727
44.038% accepted

C(L/2,L/2) = 0.1281825
energy = -509.7597675
energy/site = -0.6637496973
43.811% accepted

C(L/2,L/2) = 0.1073325
energy = -513.9197775
energy/site = -0.669166377
44.037% accepted

C(L/2,L/2) = 0.1549125
energy = -515.6506575
energy/site = -0.671420127
44.002% accepted

C(L/2,L/2) = 0.0862125
energy = -507.5838
energy/site = -0.6609164062
43.975% accepted

C(L/2,L/2) = 0.033495
energy = -509.03577
energy/site = -0.6628069922
44.204% accepted

C(L/2,L/2) = 0.09918
energy = -517.2192075
energy/site = -0.6734625098
43.558% accepted

C(L/2,L/2) = 0.11454
energy = -508.9661625
energy/site = -0.6627163574
43.902% accepted

C(L/2,L/2) = 0.156165
energy = -504.917955
energy/site = -0.6574452539
43.738% accepted

C(L/2,L/2) = 0.0309525
energy = -512.4465075
energy/site = -0.6672480566
44.267% accepted

C(L/2,L/2) = 0.0904575
energy = -509.7441225
energy/site = -0.6637293262
43.722% accepted

C(L/2,L/2) = 0.0673275
energy = -506.20305
energy/site = -0.6591185547
44.089% accepted

C(L/2,L/2) = 0.0997875
energy = -509.413185
energy/site = -0.663298418
44.025% accepted

C(L/2,L/2) = 0.09129
energy = -513.2921025
energy/site = -0.6683490918
43.874% accepted

C(L/2,L/2) = 0.06153
energy = -506.907255
energy/site = -0.6600354883
43.685% accepted

C(L/2,L/2) = 0.1183425
energy = -523.9748625
energy/site = -0.6822589355
43.879% accepted

C(L/2,L/2) = 0.1100925
energy = -517.40961
energy/site = -0.6737104297
43.83% accepted

C(L/2,L/2) = 0.1173075
energy = -513.334935
energy/site = -0.6684048633
44.194% accepted

C(L/2,L/2) = 0.09867
energy = -511.6781025
energy/site = -0.6662475293
44.475% accepted

C(L/2,L/2) = 0.1575225
energy = -514.12983
energy/site = -0.6694398828
44.302% accepted

C(L/2,L/2) = 0.1117275
energy = -507.71751
energy/site = -0.6610905078
44.023% accepted

C(L/2,L/2) = 0.0579075
energy = -503.16813
energy/site = -0.6551668359
43.678% accepted

C(L/2,L/2) = 0.14676
energy = -520.057155
energy/site = -0.6771577539
44.27% accepted

C(L/2,L/2) = 0.1553175
energy = -516.6002025
energy/site = -0.6726565137
44.091% accepted

C(L/2,L/2) = 0.0341175
energy = -509.750205
energy/site = -0.6637372461
43.697% accepted

C(L/2,L/2) = 0.1216875
energy = -508.7967675
energy/site = -0.662495791
44.443% accepted

C(L/2,L/2) = 0.0672975
energy = -516.48618
energy/site = -0.6725080469
43.954% accepted

C(L/2,L/2) = 0.093405
energy = -522.9745425
energy/site = -0.6809564355
43.792% accepted

C(L/2,L/2) = 0.10716
energy = -514.6401075
energy/site = -0.6701043066
44.159% accepted

C(L/2,L/2) = 0.0527625
energy = -518.1970275
energy/site = -0.6747357129
44.143% accepted

C(L/2,L/2) = 0.1866975
energy = -513.0464175
energy/site = -0.6680291895
43.899% accepted

C(L/2,L/2) = 0.1184475
energy = -513.7459575
energy/site = -0.6689400488
43.899% accepted

C(L/2,L/2) = 0.1289325
energy = -507.869205
energy/site = -0.6612880273
43.539% accepted

C(L/2,L/2) = 0.0554175
energy = -517.57074
energy/site = -0.6739202344
44.082% accepted

C(L/2,L/2) = 0.126975
energy = -507.81534
energy/site = -0.6612178906
44.334% accepted

C(L/2,L/2) = 0.1284375
energy = -513.6758925
energy/site = -0.6688488184
44.161% accepted

C(L/2,L/2) = 0.069105
energy = -518.90241
energy/site = -0.6756541797
44.11% accepted

C(L/2,L/2) = 0.062625
energy = -519.878505
energy/site = -0.6769251367
44.353% accepted

C(L/2,L/2) = 0.1057125
energy = -519.3561975
energy/site = -0.6762450488
43.827% accepted

C(L/2,L/2) = 0.0781125
energy = -509.35554
energy/site = -0.6632233594
44.158% accepted

C(L/2,L/2) = 0.0980475
energy = -516.7337175
energy/site = -0.6728303613
44.07% accepted

C(L/2,L/2) = 0.1625025
energy = -518.294655
energy/site = -0.674862832
43.949% accepted

C(L/2,L/2) = 0.1575975
energy = -505.312695
energy/site = -0.6579592383
44.378% accepted

C(L/2,L/2) = 0.058995
energy = -512.9024325
energy/site = -0.667841709
44.109% accepted

C(L/2,L/2) = 0.1317525
energy = -519.1364475
energy/site = -0.675958916
43.836% accepted

C(L/2,L/2) = 0.09816
energy = -503.6333025
energy/site = -0.6557725293
43.499% accepted

C(L/2,L/2) = 0.0992175
energy = -513.216165
energy/site = -0.6682502148
43.772% accepted

C(L/2,L/2) = 0.1101675
energy = -512.6057325
energy/site = -0.6674553809
44.122% accepted

C(L/2,L/2) = 0.1054275
energy = -505.16166
energy/site = -0.6577625781
43.471% accepted

C(L/2,L/2) = 0.0458475
energy = -515.480985
energy/site = -0.6711991992
43.885% accepted

C(L/2,L/2) = 0.12594
energy = -518.492325
energy/site = -0.6751202148
43.707% accepted

C(L/2,L/2) = 0.165375
energy = -509.16381
energy/site = -0.6629737109
43.67% accepted

C(L/2,L/2) = 0.1567875
energy = -517.623165
energy/site = -0.6739884961
44.235% accepted

C(L/2,L/2) = 0.14499
energy = -516.0139875
energy/site = -0.6718932129
44.134% accepted

C(L/2,L/2) = 0.21342
energy = -511.26225
energy/site = -0.6657060547
44.161% accepted

C(L/2,L/2) = 0.1794525
energy = -518.9948775
energy/site = -0.6757745801
43.996% accepted

C(L/2,L/2) = 0.1462425
energy = -510.4895175
energy/site = -0.6646998926
44.271% accepted

C(L/2,L/2) = 0.140415
energy = -513.8681175
energy/site = -0.6690991113
43.95% accepted

C(L/2,L/2) = 0.06267
energy = -508.9589775
energy/site = -0.662707002
43.872% accepted

C(L/2,L/2) = 0.0688875
energy = -513.1522425
energy/site = -0.6681669824
44.161% accepted

C(L/2,L/2) = 0.08349
energy = -512.5752
energy/site = -0.667415625
43.858% accepted

C(L/2,L/2) = 0.19572
energy = -526.07352
energy/site = -0.6849915625
44.009% accepted

C(L/2,L/2) = 0.038235
energy = -520.447935
energy/site = -0.677666582
43.536% accepted

C(L/2,L/2) = 0.1129575
energy = -507.748155
energy/site = -0.6611304102
43.695% accepted

C(L/2,L/2) = 0.071415
energy = -508.0572825
energy/site = -0.6615329199
43.174% accepted

C(L/2,L/2) = 0.1201275
energy = -507.1859475
energy/site = -0.6603983691
43.095% accepted

C(L/2,L/2) = 0.082065
energy = -515.9795025
energy/site = -0.6718483105
43.847% accepted

C(L/2,L/2) = 0.12678
energy = -515.8490625
energy/site = -0.6716784668
44.267% accepted

C(L/2,L/2) = 0.0744825
energy = -511.2093075
energy/site = -0.6656371191
44.022% accepted

C(L/2,L/2) = 0.083355
energy = -525.2078325
energy/site = -0.6838643652
43.961% accepted

C(L/2,L/2) = 0.0951
energy = -507.7375725
energy/site = -0.6611166309
43.75% accepted

C(L/2,L/2) = 0.1197225
energy = -517.3832625
energy/site = -0.673676123
43.739% accepted

C(L/2,L/2) = 0.0774525
energy = -517.7259375
energy/site = -0.6741223145
43.655% accepted

C(L/2,L/2) = 0.0994875
energy = -513.7970925
energy/site = -0.6690066309
43.799% accepted

C(L/2,L/2) = 0.15852
energy = -507.49647
energy/site = -0.6608026953
43.667% accepted

C(L/2,L/2) = 0.1233075
energy = -521.3258625
energy/site = -0.6788097168
44.378% accepted

C(L/2,L/2) = 0.130875
energy = -506.1864
energy/site = -0.659096875
44.122% accepted

C(L/2,L/2) = 0.1665
energy = -515.070525
energy/site = -0.6706647461
44.297% accepted

C(L/2,L/2) = 0.09225
energy = -518.1762
energy/site = -0.6747085937
43.927% accepted

C(L/2,L/2) = 0.0398475
energy = -518.4360375
energy/site = -0.6750469238
43.932% accepted

C(L/2,L/2) = 0.13449
energy = -518.278155
energy/site = -0.6748413477
43.914% accepted

C(L/2,L/2) = 0.1120125
energy = -513.9362025
energy/site = -0.6691877637
44.098% accepted

C(L/2,L/2) = 0.0714375
energy = -522.3078975
energy/site = -0.6800884082
44.178% accepted

C(L/2,L/2) = 0.103755
energy = -512.495145
energy/site = -0.6673113867
44.019% accepted

C(L/2,L/2) = 0.0792075
energy = -514.707015
energy/site = -0.6701914258
43.988% accepted

C(L/2,L/2) = 0.06669
energy = -512.7790275
energy/site = -0.6676810254
43.889% accepted

C(L/2,L/2) = 0.08892
energy = -510.737295
energy/site = -0.6650225195
43.979% accepted

C(L/2,L/2) = 0.0908775
energy = -517.3029375
energy/site = -0.6735715332
44.022% accepted

C(L/2,L/2) = 0.112695
energy = -524.1688725
energy/site = -0.6825115527
44.071% accepted

C(L/2,L/2) = 0.064185
energy = -513.6686625
energy/site = -0.6688394043
43.871% accepted

C(L/2,L/2) = 0.1094175
energy = -502.39935
energy/site = -0.6541658203
43.762% accepted

C(L/2,L/2) = 0.14637
energy = -511.4139975
energy/site = -0.6659036426
43.647% accepted

C(L/2,L/2) = 0.0716775
energy = -515.5536
energy/site = -0.67129375
43.854% accepted

C(L/2,L/2) = 0.085935
energy = -521.79501
energy/site = -0.6794205859
43.993% accepted

C(L/2,L/2) = 0.0532425
energy = -510.3853875
energy/site = -0.6645643066
43.935% accepted

C(L/2,L/2) = 0.045255
energy = -519.9101925
energy/site = -0.6769663965
43.795% accepted

C(L/2,L/2) = 0.1067175
energy = -522.0940275
energy/site = -0.6798099316
44.202% accepted

C(L/2,L/2) = 0.1357575
energy = -517.216095
energy/site = -0.673458457
43.879% accepted

C(L/2,L/2) = 0.0902175
energy = -508.055355
energy/site = -0.6615304102
44.121% accepted

C(L/2,L/2) = 0.127275
energy = -509.5696275
energy/site = -0.6635021191
44.462% accepted

C(L/2,L/2) = 0.160695
energy = -517.6772475
energy/site = -0.674058916
43.955% accepted

C(L/2,L/2) = 0.11112
energy = -505.8084825
energy/site = -0.6586047949
43.917% accepted

C(L/2,L/2) = 0.100965
energy = -517.8136275
energy/site = -0.6742364941
44.211% accepted

C(L/2,L/2) = 0.1901775
energy = -513.359985
energy/site = -0.6684374805
43.903% accepted

C(L/2,L/2) = 0.1017975
energy = -512.1292125
energy/site = -0.6668349121
43.601% accepted

C(L/2,L/2) = 0.100965
energy = -509.4322425
energy/site = -0.6633232324
43.887% accepted

C(L/2,L/2) = 0.0923325
energy = -513.307905
energy/site = -0.668369668
44.188% accepted

C(L/2,L/2) = 0.1044825
energy = -512.087415
energy/site = -0.6667804883
44.106% accepted

C(L/2,L/2) = 0.0390825
energy = -507.7763775
energy/site = -0.6611671582
44.351% accepted

C(L/2,L/2) = 0.1219125
energy = -507.83916
energy/site = -0.6612489062
43.783% accepted

C(L/2,L/2) = 0.0787575
energy = -508.42179
energy/site = -0.6620075391
43.818% accepted

C(L/2,L/2) = 0.1264875
energy = -522.920205
energy/site = -0.6808856836
43.88% accepted

C(L/2,L/2) = 0.0344325
energy = -511.6513725
energy/site = -0.6662127246
43.681% accepted

C(L/2,L/2) = 0.065715
energy = -510.37749
energy/site = -0.6645540234
44.075% accepted

C(L/2,L/2) = 0.115935
energy = -514.655535
energy/site = -0.6701243945
43.848% accepted

C(L/2,L/2) = 0.15591
energy = -518.0442825
energy/site = -0.6745368262
44.415% accepted

C(L/2,L/2) = 0.1192425
energy = -512.357715
energy/site = -0.6671324414
44.19% accepted

C(L/2,L/2) = 0.21546
energy = -525.2805675
energy/site = -0.6839590723
44.322% accepted

C(L/2,L/2) = 0.0887775
energy = -511.035
energy/site = -0.6654101563
43.887% accepted

C(L/2,L/2) = 0.1308375
energy = -503.2712475
energy/site = -0.6553011035
43.605% accepted

C(L/2,L/2) = 0.1548975
energy = -516.25431
energy/site = -0.6722061328
43.898% accepted

C(L/2,L/2) = 0.140145
energy = -504.7620375
energy/site = -0.6572422363
44.171% accepted

C(L/2,L/2) = 0.1303125
energy = -519.6779775
energy/site = -0.6766640332
43.443% accepted

C(L/2,L/2) = 0.0822
energy = -519.576405
energy/site = -0.6765317773
43.87% accepted

C(L/2,L/2) = 0.0745275
energy = -513.469395
energy/site = -0.6685799414
44.296% accepted

C(L/2,L/2) = 0.0220125
energy = -503.9535375
energy/site = -0.656189502
44.291% accepted

C(L/2,L/2) = 0.1404
energy = -514.39098
energy/site = -0.6697799219
43.781% accepted

C(L/2,L/2) = 0.102435
energy = -510.6846825
energy/site = -0.6649540137
43.854% accepted

C(L/2,L/2) = 0.028845
energy = -517.879425
energy/site = -0.674322168
44.083% accepted

C(L/2,L/2) = 0.1770675
energy = -509.4898875
energy/site = -0.663398291
44.068% accepted

C(L/2,L/2) = 0.1627425
energy = -503.32755
energy/site = -0.6553744141
44.062% accepted

C(L/2,L/2) = 0.067575
energy = -516.354765
energy/site = -0.6723369336
43.566% accepted

C(L/2,L/2) = 0.0461475
energy = -520.59723
energy/site = -0.6778609766
43.834% accepted

C(L/2,L/2) = 0.0785175
energy = -517.6722075
energy/site = -0.6740523535
44.085% accepted

C(L/2,L/2) = 0.1288275
energy = -515.0176125
energy/site = -0.6705958496
43.963% accepted

C(L/2,L/2) = 0.1082325
energy = -520.9826025
energy/site = -0.6783627637
44.344% accepted

C(L/2,L/2) = 0.162945
energy = -516.3654825
energy/site = -0.6723508887
43.588% accepted

C(L/2,L/2) = 0.1428075
energy = -512.968425
energy/site = -0.6679276367
43.968% accepted

C(L/2,L/2) = 0.1077525
energy = -507.3972375
energy/site = -0.6606734863
44.444% accepted

C(L/2,L/2) = 0.094635
energy = -519.284775
energy/site = -0.6761520508
44.114% accepted

C(L/2,L/2) = 0.136815
energy = -508.9059075
energy/site = -0.6626379004
43.841% accepted

C(L/2,L/2) = 0.0700275
energy = -511.800375
energy/site = -0.6664067383
44.235% accepted

C(L/2,L/2) = 0.163425
energy = -521.1723525
energy/site = -0.678609834
44.12% accepted

C(L/2,L/2) = 0.125925
energy = -512.953575
energy/site = -0.6679083008
44.193% accepted

C(L/2,L/2) = 0.12102
energy = -517.3756875
energy/site = -0.6736662598
43.862% accepted

C(L/2,L/2) = 0.1400625
energy = -514.013955
energy/site = -0.6692890039
44.226% accepted

C(L/2,L/2) = 0.148965
energy = -507.44451
energy/site = -0.6607350391
44.207% accepted

C(L/2,L/2) = 0.045585
energy = -510.8621625
energy/site = -0.6651851074
44.098% accepted

C(L/2,L/2) = 0.076725
energy = -512.6696925
energy/site = -0.6675386621
43.892% accepted

C(L/2,L/2) = 0.1179375
energy = -513.56985
energy/site = -0.6687107422
43.893% accepted

C(L/2,L/2) = 0.1195725
energy = -512.1544725
energy/site = -0.6668678027
44.39% accepted

C(L/2,L/2) = 0.0951825
energy = -514.330275
energy/site = -0.6697008789
44.113% accepted

C(L/2,L/2) = 0.0829575
energy = -505.25706
energy/site = -0.6578867969
44.227% accepted

C(L/2,L/2) = 0.0923475
energy = -514.0092975
energy/site = -0.6692829395
43.771% accepted

C(L/2,L/2) = 0.14379
energy = -510.9358425
energy/site = -0.6652810449
44.103% accepted

C(L/2,L/2) = 0.125955
energy = -515.409
energy/site = -0.6711054687
43.911% accepted

C(L/2,L/2) = 0.1871475
energy = -511.9653
energy/site = -0.6666214844
43.909% accepted

C(L/2,L/2) = 0.0988275
energy = -518.630655
energy/site = -0.675300332
43.79% accepted

C(L/2,L/2) = 0.186675
energy = -524.49201
energy/site = -0.6829323047
43.843% accepted

C(L/2,L/2) = 0.07629
energy = -514.6084875
energy/site = -0.6700631348
43.891% accepted

C(L/2,L/2) = 0.0839325
energy = -523.237305
energy/site = -0.6812985742
44.021% accepted

C(L/2,L/2) = 0.167955
energy = -514.60689
energy/site = -0.6700610547
44.232% accepted

C(L/2,L/2) = 0.1454325
energy = -505.582635
energy/site = -0.6583107227
43.653% accepted

C(L/2,L/2) = 0.1571025
energy = -514.8683775
energy/site = -0.6704015332
44.012% accepted

C(L/2,L/2) = 0.0747
energy = -512.637465
energy/site = -0.6674966992
43.959% accepted

C(L/2,L/2) = 0.06372
energy = -515.4883875
energy/site = -0.6712088379
44.415% accepted

C(L/2,L/2) = 0.0654825
energy = -517.279785
energy/site = -0.6735413867
43.94% accepted

C(L/2,L/2) = 0.10518
energy = -520.7195775
energy/site = -0.6780202832
43.821% accepted

C(L/2,L/2) = 0.172125
energy = -503.121975
energy/site = -0.6551067383
44.289% accepted

C(L/2,L/2) = 0.0598125
energy = -513.2517525
energy/site = -0.6682965527
43.974% accepted

C(L/2,L/2) = 0.033405
energy = -518.0608425
energy/site = -0.6745583887
43.984% accepted

C(L/2,L/2) = 0.075
energy = -515.2265175
energy/site = -0.6708678613
43.641% accepted

C(L/2,L/2) = 0.092025
energy = -518.34447
energy/site = -0.6749276953
44.375% accepted

C(L/2,L/2) = 0.08346
energy = -516.8908725
energy/site = -0.6730349902
43.732% accepted

C(L/2,L/2) = 0.0559575
energy = -521.57613
energy/site = -0.6791355859
43.874% accepted

C(L/2,L/2) = 0.1355625
energy = -511.33014
energy/site = -0.6657944531
43.978% accepted

C(L/2,L/2) = 0.1189725
energy = -514.4907
energy/site = -0.6699097656
44.031% accepted

C(L/2,L/2) = 0.046785
energy = -516.9936525
energy/site = -0.6731688184
44.141% accepted

C(L/2,L/2) = 0.0664575
energy = -529.7316075
energy/site = -0.6897546973
44.144% accepted

C(L/2,L/2) = 0.13134
energy = -513.9244725
energy/site = -0.6691724902
44.358% accepted

C(L/2,L/2) = 0.066435
energy = -515.1538875
energy/site = -0.670773291
44.369% accepted

C(L/2,L/2) = 0.1349625
energy = -523.85967
energy/site = -0.6821089453
43.608% accepted

C(L/2,L/2) = 0.1290825
energy = -517.0947
energy/site = -0.6733003906
44.47% accepted

C(L/2,L/2) = 0.08457
energy = -511.442325
energy/site = -0.6659405273
43.492% accepted

C(L/2,L/2) = 0.116985
energy = -513.3336225
energy/site = -0.6684031543
43.808% accepted

C(L/2,L/2) = 0.121245
energy = -514.9635375
energy/site = -0.6705254395
43.558% accepted

C(L/2,L/2) = 0.053595
energy = -508.7751825
energy/site = -0.6624676855
44.192% accepted

C(L/2,L/2) = 0.1387725
energy = -519.106515
energy/site = -0.6759199414
44.262% accepted

C(L/2,L/2) = 0.1299825
energy = -514.80954
energy/site = -0.6703249219
43.873% accepted

C(L/2,L/2) = 0.084885
energy = -512.051805
energy/site = -0.6667341211
44.183% accepted

C(L/2,L/2) = 0.113385
energy = -515.527815
energy/site = -0.6712601758
44.016% accepted

C(L/2,L/2) = 0.0482025
energy = -516.140745
energy/site = -0.6720582617
43.682% accepted

C(L/2,L/2) = 0.04188
energy = -521.40633
energy/site = -0.6789144922
44.17% accepted

C(L/2,L/2) = 0.110895
energy = -513.9922725
energy/site = -0.6692607715
43.855% accepted

C(L/2,L/2) = 0.1516875
energy = -509.6058225
energy/site = -0.663549248
44.137% accepted

C(L/2,L/2) = 0.140415
energy = -512.40615
energy/site = -0.6671955078
43.91% accepted

C(L/2,L/2) = 0.1126425
energy = -507.5919675
energy/site = -0.660927041
44.084% accepted

C(L/2,L/2) = 0.0351525
energy = -513.4909575
energy/site = -0.6686080176
43.814% accepted

C(L/2,L/2) = 0.035475
energy = -519.7288725
energy/site = -0.6767303027
43.73% accepted

C(L/2,L/2) = 0.0963675
energy = -523.501665
energy/site = -0.681642793
43.654% accepted

C(L/2,L/2) = 0.121815
energy = -506.08407
energy/site = -0.6589636328
43.666% accepted

C(L/2,L/2) = 0.0850425
energy = -515.55927
energy/site = -0.6713011328
43.922% accepted

C(L/2,L/2) = 0.072735
energy = -525.1391475
energy/site = -0.6837749316
43.654% accepted

C(L/2,L/2) = 0.1558425
energy = -523.6397325
energy/site = -0.6818225684
43.728% accepted

C(L/2,L/2) = 0.088425
energy = -515.0066475
energy/site = -0.6705815723
44.411% accepted

C(L/2,L/2) = 0.03606
energy = -501.14685
energy/site = -0.6525349609
43.343% accepted

C(L/2,L/2) = 0.1022325
energy = -518.5854975
energy/site = -0.6752415332
44.526% accepted

C(L/2,L/2) = 0.08046
energy = -508.0167975
energy/site = -0.6614802051
43.925% accepted

C(L/2,L/2) = 0.144765
energy = -525.77697
energy/site = -0.6846054297
44.357% accepted

C(L/2,L/2) = 0.1002075
energy = -516.2948025
energy/site = -0.6722588574
44.074% accepted

C(L/2,L/2) = 0.180855
energy = -516.188385
energy/site = -0.672120293
44.062% accepted

C(L/2,L/2) = 0.0841425
energy = -520.2108
energy/site = -0.6773578125
43.922% accepted

C(L/2,L/2) = 0.1760925
energy = -512.5396875
energy/site = -0.6673693848
43.907% accepted

C(L/2,L/2) = 0.083745
energy = -501.8835375
energy/site = -0.6534941895
43.777% accepted

C(L/2,L/2) = 0.1217775
energy = -517.2132075
energy/site = -0.6734546973
44.061% accepted

C(L/2,L/2) = 0.1524975
energy = -507.690435
energy/site = -0.6610552539
43.98% accepted

C(L/2,L/2) = 0.158955
energy = -511.69293
energy/site = -0.6662668359
44.337% accepted

C(L/2,L/2) = 0.137745
energy = -511.915785
energy/site = -0.6665570117
43.819% accepted

C(L/2,L/2) = 0.14007
energy = -511.9439475
energy/site = -0.6665936816
43.9% accepted

C(L/2,L/2) = 0.1352175
energy = -512.47608
energy/site = -0.6672865625
43.796% accepted

C(L/2,L/2) = 0.083565
energy = -508.1985825
energy/site = -0.6617169043
43.908% accepted

C(L/2,L/2) = 0.16218
energy = -510.4886175
energy/site = -0.6646987207
44.078% accepted

C(L/2,L/2) = 0.1462275
energy = -505.08834
energy/site = -0.6576671094
43.65% accepted

C(L/2,L/2) = 0.11742
energy = -507.61872
energy/site = -0.660961875
44.152% accepted

C(L/2,L/2) = 0.08262
energy = -510.0176775
energy/site = -0.6640855176
44.256% accepted

C(L/2,L/2) = 0.1086225
energy = -519.61125
energy/site = -0.6765771484
43.739% accepted

C(L/2,L/2) = 0.0929175
energy = -508.2912525
energy/site = -0.6618375684
44.053% accepted

C(L/2,L/2) = 0.11898
energy = -507.891615
energy/site = -0.661317207
43.606% accepted

C(L/2,L/2) = 0.09303
energy = -511.1727075
energy/site = -0.6655894629
43.615% accepted

C(L/2,L/2) = 0.0566175
energy = -522.1865475
energy/site = -0.6799304004
44.28% accepted

C(L/2,L/2) = 0.072105
energy = -519.375705
energy/site = -0.6762704492
43.842% accepted

C(L/2,L/2) = 0.1246425
energy = -508.1933475
energy/site = -0.6617100879
43.303% accepted

C(L/2,L/2) = 0.12693
energy = -518.4731175
energy/site = -0.6750952051
43.757% accepted

C(L/2,L/2) = 0.111015
energy = -517.22607
energy/site = -0.6734714453
44.253% accepted

C(L/2,L/2) = 0.1312575
energy = -507.8345025
energy/site = -0.6612428418
43.987% accepted

C(L/2,L/2) = 0.180165
energy = -511.4714775
energy/site = -0.6659784863
43.602% accepted

C(L/2,L/2) = 0.0772425
energy = -518.3123325
energy/site = -0.6748858496
43.998% accepted

C(L/2,L/2) = 0.082425
energy = -518.2135425
energy/site = -0.6747572168
44.277% accepted

C(L/2,L/2) = 0.1858725
energy = -517.0931325
energy/site = -0.6732983496
44.008% accepted

C(L/2,L/2) = 0.143235
energy = -516.1555875
energy/site = -0.6720775879
44.338% accepted

C(L/2,L/2) = 0.10212
energy = -508.577235
energy/site = -0.6622099414
44.087% accepted

C(L/2,L/2) = 0.1160175
energy = -523.1754975
energy/site = -0.6812180957
43.667% accepted

C(L/2,L/2) = 0.099135
energy = -523.156905
energy/site = -0.6811938867
44.194% accepted

C(L/2,L/2) = 0.12045
energy = -519.2485275
energy/site = -0.6761048535
43.606% accepted

C(L/2,L/2) = 0.11016
energy = -514.065
energy/site = -0.6693554688
44.092% accepted

C(L/2,L/2) = 0.0929175
energy = -509.680875
energy/site = -0.6636469727
44.15% accepted

C(L/2,L/2) = 0.1255125
energy = -520.3166925
energy/site = -0.6774956934
43.934% accepted

C(L/2,L/2) = 0.140475
energy = -502.5872475
energy/site = -0.6544104785
43.742% accepted

C(L/2,L/2) = 0.0833775
energy = -512.8559325
energy/site = -0.6677811621
44.015% accepted

C(L/2,L/2) = 0.0906225
energy = -520.99224
energy/site = -0.6783753125
44.328% accepted

C(L/2,L/2) = 0.1005
energy = -515.8727025
energy/site = -0.671709248
44.07% accepted

C(L/2,L/2) = 0.08307
energy = -513.98154
energy/site = -0.6692467969
43.957% accepted

C(L/2,L/2) = 0.065715
energy = -511.544295
energy/site = -0.6660733008
44.126% accepted

C(L/2,L/2) = 0.08376
energy = -517.9435575
energy/site = -0.6744056738
44.387% accepted

C(L/2,L/2) = 0.0874425
energy = -516.07863
energy/site = -0.6719773828
43.68% accepted

C(L/2,L/2) = 0.0888825
energy = -508.953465
energy/site = -0.6626998242
44.182% accepted

C(L/2,L/2) = 0.1251
energy = -502.691655
energy/site = -0.6545464258
43.855% accepted

C(L/2,L/2) = 0.12288
energy = -512.019345
energy/site = -0.6666918555
44.414% accepted

C(L/2,L/2) = 0.11487
energy = -509.2557525
energy/site = -0.6630934277
44.091% accepted

C(L/2,L/2) = 0.1105125
energy = -510.6832575
energy/site = -0.6649521582
43.721% accepted

C(L/2,L/2) = 0.0519225
energy = -515.2890825
energy/site = -0.6709493262
43.877% accepted

C(L/2,L/2) = 0.054795
energy = -517.30998
energy/site = -0.6735807031
44.415% accepted

C(L/2,L/2) = 0.1094625
energy = -506.2874925
energy/site = -0.6592285059
44.151% accepted

C(L/2,L/2) = 0.105495
energy = -503.6428875
energy/site = -0.6557850098
44.357% accepted

C(L/2,L/2) = 0.064155
energy = -514.2401325
energy/site = -0.6695835059
44.106% accepted

C(L/2,L/2) = 0.1095975
energy = -509.14617
energy/site = -0.6629507422
44.004% accepted

C(L/2,L/2) = 0.0716925
energy = -508.95381
energy/site = -0.6627002734
44.131% accepted

C(L/2,L/2) = 0.0702
energy = -506.4493275
energy/site = -0.6594392285
43.599% accepted

C(L/2,L/2) = 0.12342
energy = -518.4662625
energy/site = -0.6750862793
43.757% accepted

C(L/2,L/2) = 0.1416375
energy = -521.852025
energy/site = -0.6794948242
44.149% accepted

C(L/2,L/2) = 0.124095
energy = -512.6984475
energy/site = -0.6675761035
43.386% accepted

C(L/2,L/2) = 0.100215
energy = -512.911785
energy/site = -0.6678538867
44.374% accepted

C(L/2,L/2) = 0.117855
energy = -512.57574
energy/site = -0.6674163281
44.12% accepted

C(L/2,L/2) = 0.11313
energy = -509.560935
energy/site = -0.6634908008
43.776% accepted

C(L/2,L/2) = 0.065925
energy = -507.9387825
energy/site = -0.661378623
43.971% accepted

C(L/2,L/2) = 0.059625
energy = -506.22318
energy/site = -0.6591447656
43.775% accepted

C(L/2,L/2) = 0.125655
energy = -509.3249925
energy/site = -0.663183584
43.68% accepted

C(L/2,L/2) = 0.0700575
energy = -511.924875
energy/site = -0.6665688477
44.041% accepted

C(L/2,L/2) = 0.105405
energy = -510.236175
energy/site = -0.6643700195
43.692% accepted

C(L/2,L/2) = 0.1056
energy = -517.4343225
energy/site = -0.6737426074
43.962% accepted

C(L/2,L/2) = 0.1212975
energy = -509.2626675
energy/site = -0.6631024316
43.674% accepted

C(L/2,L/2) = 0.0579
energy = -518.39145
energy/site = -0.6749888672
44.108% accepted

C(L/2,L/2) = 0.1264875
energy = -512.8602
energy/site = -0.6677867187
43.795% accepted

C(L/2,L/2) = 0.1719225
energy = -520.7581575
energy/site = -0.6780705176
44.464% accepted

C(L/2,L/2) = 0.1682025
energy = -518.794755
energy/site = -0.6755140039
44.182% accepted

C(L/2,L/2) = 0.0894975
energy = -519.559575
energy/site = -0.6765098633
43.959% accepted

C(L/2,L/2) = 0.146475
energy = -511.054875
energy/site = -0.6654360352
43.911% accepted

C(L/2,L/2) = 0.158265
energy = -520.98693
energy/site = -0.6783683984
43.677% accepted

C(L/2,L/2) = 0.1082625
energy = -516.9625725
energy/site = -0.6731283496
44.629% accepted

C(L/2,L/2) = 0.1215825
energy = -515.65308
energy/site = -0.6714232813
43.476% accepted

C(L/2,L/2) = 0.09231
energy = -514.80588
energy/site = -0.6703201563
43.825% accepted

C(L/2,L/2) = 0.1152
energy = -514.4319975
energy/site = -0.6698333301
43.784% accepted

C(L/2,L/2) = 0.137325
energy = -510.435645
energy/site = -0.6646297461
44.406% accepted

C(L/2,L/2) = 0.12447
energy = -514.76478
energy/site = -0.6702666406
44.158% accepted

C(L/2,L/2) = 0.1156575
energy = -514.34844
energy/site = -0.6697245312
44.331% accepted

C(L/2,L/2) = 0.0510375
energy = -521.62893
energy/site = -0.6792043359
44.225% accepted

C(L/2,L/2) = 0.13197
energy = -513.7790625
energy/site = -0.6689831543
44.075% accepted

C(L/2,L/2) = 0.1400925
energy = -520.8483
energy/site = -0.6781878906
44.014% accepted

C(L/2,L/2) = 0.08343
energy = -507.88218
energy/site = -0.6613049219
44.122% accepted

C(L/2,L/2) = 0.15528
energy = -510.8417175
energy/site = -0.6651584863
44.296% accepted

C(L/2,L/2) = 0.126585
energy = -518.970405
energy/site = -0.6757427148
44.09% accepted

C(L/2,L/2) = 0.0982275
energy = -519.137265
energy/site = -0.6759599805
44.432% accepted

C(L/2,L/2) = 0.04344
energy = -511.8402225
energy/site = -0.666458623
43.835% accepted

C(L/2,L/2) = 0.0969975
energy = -513.584415
energy/site = -0.668729707
44.013% accepted

C(L/2,L/2) = 0.10758
energy = -514.7814675
energy/site = -0.6702883691
43.474% accepted

C(L/2,L/2) = 0.0327525
energy = -509.589885
energy/site = -0.6635284961
43.82% accepted

C(L/2,L/2) = 0.11925
energy = -521.061375
energy/site = -0.678465332
43.818% accepted

C(L/2,L/2) = 0.1071375
energy = -511.1412975
energy/site = -0.6655485645
44.2% accepted

C(L/2,L/2) = 0.08019
energy = -513.59112
energy/site = -0.6687384375
44.068% accepted

C(L/2,L/2) = 0.0590625
energy = -511.00413
energy/site = -0.6653699609
43.375% accepted

C(L/2,L/2) = 0.1240875
energy = -508.74099
energy/site = -0.6624231641
44.377% accepted

C(L/2,L/2) = 0.13995
energy = -513.3374925
energy/site = -0.6684081934
44.143% accepted

C(L/2,L/2) = 0.055065
energy = -504.745785
energy/site = -0.6572210742
44.349% accepted

C(L/2,L/2) = 0.1570275
energy = -513.8155425
energy/site = -0.6690306543
43.916% accepted

C(L/2,L/2) = 0.1321575
energy = -518.004195
energy/site = -0.6744846289
43.95% accepted

C(L/2,L/2) = 0.0676425
energy = -514.551705
energy/site = -0.6699891992
43.679% accepted

C(L/2,L/2) = 0.1607475
energy = -506.6579025
energy/site = -0.6597108105
44.06% accepted

C(L/2,L/2) = 0.123285
energy = -521.9523
energy/site = -0.6796253906
44.137% accepted

C(L/2,L/2) = 0.0768975
energy = -509.9589225
energy/site = -0.6640090137
43.422% accepted

C(L/2,L/2) = 0.116565
energy = -501.1850025
energy/site = -0.6525846387
43.608% accepted

C(L/2,L/2) = 0.07677
energy = -517.611285
energy/site = -0.6739730273
43.897% accepted

C(L/2,L/2) = 0.1240725
energy = -516.42936
energy/site = -0.6724340625
44.363% accepted

C(L/2,L/2) = 0.1020675
energy = -509.8067775
energy/site = -0.6638109082
43.672% accepted

C(L/2,L/2) = 0.1416525
energy = -524.139465
energy/site = -0.6824732617
44.219% accepted

C(L/2,L/2) = 0.12054
energy = -511.4193075
energy/site = -0.6659105566
43.486% accepted

C(L/2,L/2) = 0.08907
energy = -518.85552
energy/site = -0.675593125
44.252% accepted

C(L/2,L/2) = 0.070905
energy = -522.2619975
energy/site = -0.6800286426
43.812% accepted

C(L/2,L/2) = 0.0518625
energy = -516.507765
energy/site = -0.6725361523
43.61% accepted

C(L/2,L/2) = 0.071085
energy = -517.9911225
energy/site = -0.6744676074
44.072% accepted

C(L/2,L/2) = 0.055245
energy = -511.6419975
energy/site = -0.6662005176
44.324% accepted

C(L/2,L/2) = 0.1507425
energy = -522.70848
energy/site = -0.68061
43.892% accepted

C(L/2,L/2) = 0.043935
energy = -516.19029
energy/site = -0.6721227734
44.328% accepted

C(L/2,L/2) = 0.082425
energy = -513.6375975
energy/site = -0.6687989551
44.116% accepted

C(L/2,L/2) = 0.1582725
energy = -520.5118725
energy/site = -0.677749834
44.137% accepted

C(L/2,L/2) = 0.116385
energy = -512.581065
energy/site = -0.6674232617
44.258% accepted

C(L/2,L/2) = 0.1268025
energy = -515.4474375
energy/site = -0.6711555176
43.858% accepted

C(L/2,L/2) = 0.066795
energy = -512.5929675
energy/site = -0.6674387598
43.768% accepted

C(L/2,L/2) = 0.1207725
energy = -514.9814925
energy/site = -0.6705488184
44.011% accepted

C(L/2,L/2) = 0.111405
energy = -508.9471425
energy/site = -0.6626915918
43.857% accepted

C(L/2,L/2) = 0.1641375
energy = -522.98286
energy/site = -0.6809672656
43.782% accepted

C(L/2,L/2) = 0.0932775
energy = -513.818835
energy/site = -0.6690349414
43.78% accepted

C(L/2,L/2) = 0.0788325
energy = -505.9255125
energy/site = -0.6587571777
43.626% accepted

C(L/2,L/2) = 0.136785
energy = -517.3114875
energy/site = -0.673582666
44.318% accepted

C(L/2,L/2) = 0.059535
energy = -524.3913975
energy/site = -0.6828012988
44.38% accepted

C(L/2,L/2) = 0.12816
energy = -521.2211325
energy/site = -0.6786733496
43.838% accepted

C(L/2,L/2) = 0.114975
energy = -520.0669575
energy/site = -0.6771705176
43.733% accepted

C(L/2,L/2) = 0.09234
energy = -515.1516375
energy/site = -0.6707703613
43.913% accepted

C(L/2,L/2) = 0.062775
energy = -508.7528025
energy/site = -0.6624385449
44.106% accepted

C(L/2,L/2) = 0.06396
energy = -518.7405825
energy/site = -0.6754434668
43.792% accepted

C(L/2,L/2) = 0.0752325
energy = -504.2456475
energy/site = -0.6565698535
43.786% accepted

C(L/2,L/2) = 0.039975
energy = -519.3884925
energy/site = -0.6762870996
44.047% accepted

C(L/2,L/2) = 0.082545
energy = -521.2556925
energy/site = -0.6787183496
44.062% accepted

C(L/2,L/2) = 0.066135
energy = -508.1916675
energy/site = -0.6617079004
44.235% accepted

C(L/2,L/2) = 0.13302
energy = -518.9806575
energy/site = -0.6757560645
43.859% accepted

C(L/2,L/2) = 0.11028
energy = -514.3439025
energy/site = -0.669718623
43.934% accepted

C(L/2,L/2) = 0.10725
energy = -504.7774575
energy/site = -0.6572623145
43.986% accepted

C(L/2,L/2) = 0.103155
energy = -503.42385
energy/site = -0.6554998047
43.775% accepted

C(L/2,L/2) = 0.085875
energy = -515.6633775
energy/site = -0.6714366895
43.685% accepted

C(L/2,L/2) = 0.07245
energy = -508.625655
energy/site = -0.6622729883
43.975% accepted

C(L/2,L/2) = 0.11358
energy = -522.016125
energy/site = -0.6797084961
44.15% accepted

C(L/2,L/2) = 0.0980325
energy = -512.64894
energy/site = -0.6675116406
44.345% accepted

C(L/2,L/2) = 0.132495
energy = -508.4336175
energy/site = -0.6620229395
43.557% accepted

C(L/2,L/2) = 0.1253325
energy = -519.0385425
energy/site = -0.6758314355
44.486% accepted

C(L/2,L/2) = 0.136635
energy = -508.8568875
energy/site = -0.6625740723
43.9% accepted

C(L/2,L/2) = 0.12873
energy = -514.5677325
energy/site = -0.6700100684
44.307% accepted

C(L/2,L/2) = 0.0767925
energy = -520.756905
energy/site = -0.6780688867
43.681% accepted

C(L/2,L/2) = 0.09891
energy = -510.16785
energy/site = -0.6642810547
43.718% accepted

C(L/2,L/2) = 0.0987225
energy = -511.9063425
energy/site = -0.6665447168
43.688% accepted

C(L/2,L/2) = 0.1090125
energy = -511.14249
energy/site = -0.6655501172
43.774% accepted

C(L/2,L/2) = 0.0867525
energy = -507.526245
energy/site = -0.6608414648
43.637% accepted

C(L/2,L/2) = 0.10239
energy = -505.2308025
energy/site = -0.6578526074
43.377% accepted

C(L/2,L/2) = 0.113775
energy = -518.7110475
energy/site = -0.6754050098
43.83% accepted

C(L/2,L/2) = 0.1324575
energy = -515.2234425
energy/site = -0.6708638574
43.764% accepted

C(L/2,L/2) = 0.1218525
energy = -519.40728
energy/site = -0.6763115625
43.586% accepted

C(L/2,L/2) = 0.101175
energy = -520.4463225
energy/site = -0.6776644824
44.377% accepted

C(L/2,L/2) = 0.1022925
energy = -507.4881525
energy/site = -0.6607918652
43.965% accepted

C(L/2,L/2) = 0.119745
energy = -515.2889625
energy/site = -0.6709491699
43.256% accepted

C(L/2,L/2) = 0.16701
energy = -507.24048
energy/site = -0.660469375
43.636% accepted

C(L/2,L/2) = 0.1159725
energy = -512.975325
energy/site = -0.6679366211
44.061% accepted

C(L/2,L/2) = 0.114915
energy = -510.01635
energy/site = -0.6640837891
43.743% accepted

C(L/2,L/2) = 0.12729
energy = -515.3567925
energy/site = -0.6710374902
44.199% accepted

C(L/2,L/2) = 0.054585
energy = -516.881985
energy/site = -0.673023418
44.032% accepted

C(L/2,L/2) = 0.1040325
energy = -513.845835
energy/site = -0.6690700977
43.667% accepted

C(L/2,L/2) = 0.076995
energy = -513.0898875
energy/site = -0.668085791
44.21% accepted

C(L/2,L/2) = 0.0673125
energy = -508.083495
energy/site = -0.6615670508
44.109% accepted

C(L/2,L/2) = 0.09027
energy = -513.29859
energy/site = -0.6683575391
44.069% accepted

C(L/2,L/2) = 0.0670575
energy = -520.7788575
energy/site = -0.6780974707
43.876% accepted

C(L/2,L/2) = 0.111375
energy = -519.2369175
energy/site = -0.6760897363
43.982% accepted

C(L/2,L/2) = 0.135495
energy = -506.877645
energy/site = -0.6599969336
43.729% accepted

C(L/2,L/2) = 0.11538
energy = -528.21951
energy/site = -0.6877858203
44.112% accepted

C(L/2,L/2) = 0.1077075
energy = -516.86055
energy/site = -0.6729955078
43.893% accepted

C(L/2,L/2) = 0.12288
energy = -509.68014
energy/site = -0.6636460156
43.984% accepted

C(L/2,L/2) = 0.154815
energy = -521.638395
energy/site = -0.6792166602
43.711% accepted

C(L/2,L/2) = 0.1519125
energy = -517.7945025
energy/site = -0.6742115918
44.415% accepted

C(L/2,L/2) = 0.1054875
energy = -519.6115275
energy/site = -0.6765775098
43.741% accepted

C(L/2,L/2) = 0.1174575
energy = -504.6075525
energy/site = -0.657041084
43.954% accepted

C(L/2,L/2) = 0.080535
energy = -513.097155
energy/site = -0.6680952539
44.055% accepted

C(L/2,L/2) = 0.1222875
energy = -510.6404625
energy/site = -0.6648964355
43.792% accepted

C(L/2,L/2) = 0.0806175
energy = -505.2556275
energy/site = -0.6578849316
43.695% accepted

C(L/2,L/2) = 0.042495
energy = -509.43045
energy/site = -0.6633208984
44.262% accepted

C(L/2,L/2) = 0.11409
energy = -518.68056
energy/site = -0.6753653125
44.381% accepted

C(L/2,L/2) = 0.09369
energy = -518.321295
energy/site = -0.6748975195
43.79% accepted

C(L/2,L/2) = 0.106035
energy = -516.86076
energy/site = -0.6729957813
43.854% accepted

C(L/2,L/2) = 0.105165
energy = -507.687285
energy/site = -0.6610511523
43.903% accepted

C(L/2,L/2) = 0.1493925
energy = -514.8121725
energy/site = -0.6703283496
43.656% accepted

C(L/2,L/2) = 0.188985
energy = -515.65716
energy/site = -0.6714285937
43.843% accepted

C(L/2,L/2) = 0.0519675
energy = -514.5972525
energy/site = -0.6700485059
43.928% accepted

C(L/2,L/2) = 0.0675225
energy = -510.39471
energy/site = -0.6645764453
43.69% accepted

C(L/2,L/2) = 0.1379325
energy = -519.59595
energy/site = -0.6765572266
43.89% accepted

C(L/2,L/2) = 0.13323
energy = -515.5177425
energy/site = -0.6712470605
44.416% accepted

C(L/2,L/2) = 0.039765
energy = -512.7734775
energy/site = -0.6676737988
43.868% accepted

C(L/2,L/2) = 0.082215
energy = -509.8657425
energy/site = -0.6638876855
44.06% accepted

C(L/2,L/2) = 0.0791925
energy = -514.6237575
energy/site = -0.6700830176
43.875% accepted

C(L/2,L/2) = 0.0310725
energy = -505.86003
energy/site = -0.6586719141
44.059% accepted

C(L/2,L/2) = 0.0451875
energy = -511.1906925
energy/site = -0.6656128809
44.652% accepted

C(L/2,L/2) = 0.06942
energy = -505.81815
energy/site = -0.6586173828
43.943% accepted

C(L/2,L/2) = 0.086775
energy = -515.1563325
energy/site = -0.6707764746
44.201% accepted

C(L/2,L/2) = 0.12528
energy = -519.9543975
energy/site = -0.6770239551
44.092% accepted

C(L/2,L/2) = 0.0666225
energy = -517.3036875
energy/site = -0.6735725098
43.82% accepted

C(L/2,L/2) = 0.094035
energy = -518.03556
energy/site = -0.6745254688
43.942% accepted

C(L/2,L/2) = 0.14199
energy = -520.6449525
energy/site = -0.6779231152
44.151% accepted

C(L/2,L/2) = 0.1027725
energy = -517.570725
energy/site = -0.6739202148
43.49% accepted

C(L/2,L/2) = 0.089025
energy = -514.5210675
energy/site = -0.6699493066
43.777% accepted

C(L/2,L/2) = 0.093045
energy = -508.0801875
energy/site = -0.6615627441
43.928% accepted

C(L/2,L/2) = 0.097215
energy = -512.7952875
energy/site = -0.6677021973
44.152% accepted

C(L/2,L/2) = 0.1010025
energy = -507.937935
energy/site = -0.6613775195
43.571% accepted

C(L/2,L/2) = 0.115005
energy = -507.8227575
energy/site = -0.6612275488
43.413% accepted

C(L/2,L/2) = 0.16074
energy = -519.4950075
energy/site = -0.676425791
43.438% accepted

C(L/2,L/2) = 0.133575
energy = -516.5521575
energy/site = -0.6725939551
43.363% accepted

C(L/2,L/2) = 0.0869475
energy = -520.200885
energy/site = -0.6773449023
43.607% accepted

C(L/2,L/2) = 0.13554
energy = -514.9338075
energy/site = -0.6704867285
44.117% accepted

C(L/2,L/2) = 0.1873725
energy = -519.3504075
energy/site = -0.6762375098
44.217% accepted

C(L/2,L/2) = 0.0971475
energy = -512.0393175
energy/site = -0.6667178613
44.199% accepted

C(L/2,L/2) = 0.1550325
energy = -518.4472275
energy/site = -0.6750614941
43.498% accepted

C(L/2,L/2) = 0.0510825
energy = -518.93757
energy/site = -0.6756999609
43.668% accepted

C(L/2,L/2) = 0.1383975
energy = -518.16564
energy/site = -0.6746948438
44.13% accepted

C(L/2,L/2) = 0.1350075
energy = -512.8846575
energy/site = -0.6678185645
43.68% accepted

C(L/2,L/2) = 0.04737
energy = -508.9424925
energy/site = -0.6626855371
44.09% accepted

C(L/2,L/2) = 0.0773625
energy = -516.9785175
energy/site = -0.6731491113
43.912% accepted

C(L/2,L/2) = 0.147225
energy = -510.8452575
energy/site = -0.6651630957
43.904% accepted

C(L/2,L/2) = 0.1117125
energy = -518.7076875
energy/site = -0.6754006348
43.839% accepted

C(L/2,L/2) = 0.083025
energy = -511.35696
energy/site = -0.665829375
44.344% accepted

C(L/2,L/2) = 0.110235
energy = -518.840115
energy/site = -0.6755730664
43.587% accepted

C(L/2,L/2) = 0.072405
energy = -513.4722075
energy/site = -0.6685836035
43.678% accepted

C(L/2,L/2) = 0.0994425
energy = -521.92119
energy/site = -0.6795848828
43.912% accepted

C(L/2,L/2) = 0.1451625
energy = -509.99322
energy/site = -0.6640536719
43.991% accepted

C(L/2,L/2) = 0.15804
energy = -517.4407275
energy/site = -0.6737509473
44.288% accepted

C(L/2,L/2) = 0.10392
energy = -502.1436825
energy/site = -0.6538329199
43.832% accepted

C(L/2,L/2) = 0.1129725
energy = -517.9231125
energy/site = -0.6743790527
44.049% accepted

C(L/2,L/2) = 0.113835
energy = -526.5128025
energy/site = -0.6855635449
44.002% accepted

C(L/2,L/2) = 0.142965
energy = -507.82512
energy/site = -0.661230625
43.528% accepted

C(L/2,L/2) = 0.1641225
energy = -515.0174625
energy/site = -0.6705956543
43.979% accepted

C(L/2,L/2) = 0.12192
energy = -517.7573775
energy/site = -0.674163252
44.021% accepted

C(L/2,L/2) = 0.0784275
energy = -514.771995
energy/site = -0.6702760352
44.298% accepted

C(L/2,L/2) = 0.13797
energy = -510.4300875
energy/site = -0.6646225098
43.591% accepted

C(L/2,L/2) = 0.0856725
energy = -513.615225
energy/site = -0.6687698242
43.984% accepted

C(L/2,L/2) = 0.076545
energy = -522.6185475
energy/site = -0.6804929004
43.646% accepted

C(L/2,L/2) = 0.1471275
energy = -528.28908
energy/site = -0.6878764063
43.966% accepted

C(L/2,L/2) = 0.1348875
energy = -519.805125
energy/site = -0.6768295898
43.915% accepted

C(L/2,L/2) = 0.1189725
energy = -518.2389525
energy/site = -0.6747903027
44.148% accepted

C(L/2,L/2) = 0.071715
energy = -529.4469375
energy/site = -0.6893840332
44.17% accepted

C(L/2,L/2) = 0.0980625
energy = -520.1474325
energy/site = -0.6772753027
43.846% accepted

C(L/2,L/2) = 0.136155
energy = -512.3998125
energy/site = -0.6671872559
43.751% accepted

C(L/2,L/2) = 0.1315275
energy = -516.3913425
energy/site = -0.6723845605
44.584% accepted

C(L/2,L/2) = 0.0952725
energy = -517.1728575
energy/site = -0.6734021582
44.388% accepted

C(L/2,L/2) = 0.1136175
energy = -522.4164525
energy/site = -0.6802297559
44.219% accepted

C(L/2,L/2) = 0.1028475
energy = -515.18211
energy/site = -0.6708100391
44.4% accepted

C(L/2,L/2) = 0.124635
energy = -524.3301675
energy/site = -0.6827215723
44.592% accepted

C(L/2,L/2) = 0.094995
energy = -511.9108575
energy/site = -0.6665505957
44.1% accepted

C(L/2,L/2) = 0.156795
energy = -511.26825
energy/site = -0.6657138672
43.979% accepted

C(L/2,L/2) = 0.15954
energy = -520.75671
energy/site = -0.6780686328
44.193% accepted

C(L/2,L/2) = 0.1008825
energy = -521.24916
energy/site = -0.6787098437
43.839% accepted

C(L/2,L/2) = 0.1167225
energy = -506.6227275
energy/site = -0.6596650098
44.023% accepted

C(L/2,L/2) = 0.1482675
energy = -510.3400275
energy/site = -0.6645052441
44.284% accepted

C(L/2,L/2) = 0.088185
energy = -510.83463
energy/site = -0.6651492578
43.953% accepted

C(L/2,L/2) = 0.1546875
energy = -520.6586175
energy/site = -0.6779409082
44.109% accepted

C(L/2,L/2) = 0.0656475
energy = -515.9525775
energy/site = -0.671813252
43.924% accepted

C(L/2,L/2) = 0.1160475
energy = -510.0954
energy/site = -0.6641867187
43.485% accepted

C(L/2,L/2) = 0.1208325
energy = -510.176655
energy/site = -0.6642925195
43.892% accepted

C(L/2,L/2) = 0.0656775
energy = -521.917575
energy/site = -0.6795801758
44.097% accepted

C(L/2,L/2) = 0.1315875
energy = -515.998935
energy/site = -0.6718736133
44.502% accepted

C(L/2,L/2) = 0.0963
energy = -510.5010225
energy/site = -0.664714873
43.922% accepted

C(L/2,L/2) = 0.12648
energy = -522.8617275
energy/site = -0.680809541
44.252% accepted

C(L/2,L/2) = 0.11367
energy = -525.1783725
energy/site = -0.6838260059
44.222% accepted

C(L/2,L/2) = 0.1018725
energy = -511.443945
energy/site = -0.6659426367
44.174% accepted

C(L/2,L/2) = 0.1281225
energy = -514.54344
energy/site = -0.6699784375
43.973% accepted

C(L/2,L/2) = 0.1502625
energy = -507.85914
energy/site = -0.6612749219
43.771% accepted

C(L/2,L/2) = 0.0782625
energy = -515.127195
energy/site = -0.6707385352
43.381% accepted

C(L/2,L/2) = 0.0938925
energy = -519.671175
energy/site = -0.6766551758
43.504% accepted

C(L/2,L/2) = 0.099495
energy = -507.40764
energy/site = -0.6606870313
43.418% accepted

C(L/2,L/2) = 0.080445
energy = -520.2634875
energy/site = -0.677426416
44.198% accepted

C(L/2,L/2) = 0.0499575
energy = -518.064285
energy/site = -0.6745628711
43.718% accepted

C(L/2,L/2) = 0.079515
energy = -521.40531
energy/site = -0.6789131641
44.083% accepted

C(L/2,L/2) = 0.1022925
energy = -515.16918
energy/site = -0.6707932031
44.049% accepted

C(L/2,L/2) = 0.1360125
energy = -523.9310925
energy/site = -0.6822019434
44.334% accepted

C(L/2,L/2) = 0.12735
energy = -515.850465
energy/site = -0.671680293
43.973% accepted

C(L/2,L/2) = 0.1167675
energy = -513.9239925
energy/site = -0.6691718652
43.826% accepted

C(L/2,L/2) = 0.1146
energy = -511.85325
energy/site = -0.6664755859
43.621% accepted

C(L/2,L/2) = 0.012675
energy = -516.2181075
energy/site = -0.6721589941
43.582% accepted

C(L/2,L/2) = 0.12717
energy = -511.558125
energy/site = -0.6660913086
43.87% accepted

C(L/2,L/2) = 0.0816525
energy = -515.8272075
energy/site = -0.6716500098
44.299% accepted

C(L/2,L/2) = 0.14847
energy = -521.693865
energy/site = -0.6792888867
44.068% accepted

C(L/2,L/2) = 0.1543725
energy = -511.94133
energy/site = -0.6665902734
44.382% accepted

C(L/2,L/2) = 0.1357875
energy = -508.881135
energy/site = -0.6626056445
44.316% accepted

C(L/2,L/2) = 0.113175
energy = -515.5705425
energy/site = -0.6713158105
43.477% accepted

C(L/2,L/2) = 0.1021575
energy = -510.11499
energy/site = -0.6642122266
44.299% accepted

C(L/2,L/2) = 0.1370775
energy = -505.3850025
energy/site = -0.6580533887
44.623% accepted

C(L/2,L/2) = 0.0670125
energy = -518.5011525
energy/site = -0.675131709
43.645% accepted

C(L/2,L/2) = 0.12006
energy = -518.8229325
energy/site = -0.6755506934
44.316% accepted

C(L/2,L/2) = 0.1240125
energy = -521.5422225
energy/site = -0.6790914355
43.791% accepted

C(L/2,L/2) = 0.1281075
energy = -526.33794
energy/site = -0.6853358594
44.488% accepted

C(L/2,L/2) = 0.1349325
energy = -510.93942
energy/site = -0.6652857031
44.248% accepted

C(L/2,L/2) = 0.1147875
energy = -520.521105
energy/site = -0.6777618555
43.463% accepted

C(L/2,L/2) = 0.1121925
energy = -512.3790375
energy/site = -0.6671602051
44.104% accepted

C(L/2,L/2) = 0.13533
energy = -508.785885
energy/site = -0.6624816211
43.658% accepted

C(L/2,L/2) = 0.1446
energy = -510.77157
energy/site = -0.6650671484
43.891% accepted

C(L/2,L/2) = 0.1455375
energy = -520.60347
energy/site = -0.6778691016
43.862% accepted

C(L/2,L/2) = 0.0862875
energy = -510.0188475
energy/site = -0.664087041
43.948% accepted

C(L/2,L/2) = 0.068985
energy = -511.5870375
energy/site = -0.6661289551
43.579% accepted

C(L/2,L/2) = 0.062385
energy = -513.28662
energy/site = -0.6683419531
43.882% accepted

C(L/2,L/2) = 0.13227
energy = -520.27188
energy/site = -0.6774373438
43.618% accepted

C(L/2,L/2) = 0.0946875
energy = -512.16729
energy/site = -0.6668844922
43.801% accepted

C(L/2,L/2) = 0.14529
energy = -511.1017125
energy/site = -0.6654970215
44.137% accepted

C(L/2,L/2) = 0.113025
energy = -515.4083475
energy/site = -0.6711046191
44.384% accepted

C(L/2,L/2) = 0.0651075
energy = -508.1510025
energy/site = -0.6616549512
44.061% accepted

C(L/2,L/2) = 0.07059
energy = -511.040475
energy/site = -0.6654172852
44.094% accepted

C(L/2,L/2) = 0.0787425
energy = -522.0035775
energy/site = -0.6796921582
44.213% accepted

C(L/2,L/2) = 0.1164675
energy = -521.9989125
energy/site = -0.679686084
43.822% accepted

C(L/2,L/2) = 0.0996825
energy = -520.5275325
energy/site = -0.6777702246
43.634% accepted

C(L/2,L/2) = 0.1885275
energy = -505.956465
energy/site = -0.6587974805
44.019% accepted

C(L/2,L/2) = 0.1009275
energy = -504.6277725
energy/site = -0.6570674121
43.762% accepted

C(L/2,L/2) = 0.09948
energy = -509.5778775
energy/site = -0.6635128613
43.529% accepted

C(L/2,L/2) = 0.1335375
energy = -508.222575
energy/site = -0.6617481445
43.358% accepted

C(L/2,L/2) = 0.140835
energy = -521.411925
energy/site = -0.6789217773
43.596% accepted

C(L/2,L/2) = 0.152175
energy = -510.96069
energy/site = -0.6653133984
44.132% accepted

C(L/2,L/2) = 0.0597525
energy = -512.9417175
energy/site = -0.6678928613
43.876% accepted

C(L/2,L/2) = 0.0890775
energy = -516.7880175
energy/site = -0.6729010645
44.007% accepted

C(L/2,L/2) = 0.1272225
energy = -513.7726875
energy/site = -0.6689748535
43.468% accepted

C(L/2,L/2) = 0.035835
energy = -511.00257
energy/site = -0.6653679297
43.992% accepted

C(L/2,L/2) = 0.1241775
energy = -519.038625
energy/site = -0.675831543
44.217% accepted

C(L/2,L/2) = 0.0692175
energy = -513.96717
energy/site = -0.6692280859
44.247% accepted

C(L/2,L/2) = 0.12702
energy = -509.1591975
energy/site = -0.6629677051
44.17% accepted

C(L/2,L/2) = 0.061665
energy = -514.96686
energy/site = -0.6705297656
44.359% accepted

C(L/2,L/2) = 0.07038
energy = -515.4432675
energy/site = -0.6711500879
44.261% accepted

C(L/2,L/2) = 0.065535
energy = -517.1437275
energy/site = -0.6733642285
44.43% accepted

C(L/2,L/2) = 0.10038
energy = -525.2077725
energy/site = -0.6838642871
44.151% accepted

C(L/2,L/2) = 0.0856875
energy = -520.4787225
energy/site = -0.6777066699
44.048% accepted

C(L/2,L/2) = 0.1406625
energy = -518.4084075
energy/site = -0.6750109473
43.49% accepted

C(L/2,L/2) = 0.1577925
energy = -524.405475
energy/site = -0.6828196289
43.696% accepted

C(L/2,L/2) = 0.1566525
energy = -511.570665
energy/site = -0.6661076367
43.683% accepted

C(L/2,L/2) = 0.1192425
energy = -516.621615
energy/site = -0.6726843945
43.515% accepted

C(L/2,L/2) = 0.1267725
energy = -518.7319425
energy/site = -0.6754322168
43.874% accepted

C(L/2,L/2) = 0.117795
energy = -519.1593975
energy/site = -0.6759887988
43.623% accepted

C(L/2,L/2) = 0.180735
energy = -511.31058
energy/site = -0.6657689844
44.326% accepted

C(L/2,L/2) = 0.1171275
energy = -511.2026175
energy/site = -0.6656284082
43.991% accepted

C(L/2,L/2) = 0.1265175
energy = -510.91782
energy/site = -0.6652575781
43.807% accepted

C(L/2,L/2) = 0.1193775
energy = -511.9090125
energy/site = -0.6665481934
43.254% accepted

C(L/2,L/2) = 0.11013
energy = -510.8303475
energy/site = -0.6651436816
43.945% accepted

C(L/2,L/2) = 0.0921975
energy = -511.3029825
energy/site = -0.6657590918
43.889% accepted

C(L/2,L/2) = 0.1797675
energy = -521.35437
energy/site = -0.6788468359
43.718% accepted

C(L/2,L/2) = 0.1163775
energy = -509.5281375
energy/site = -0.6634480957
43.863% accepted

C(L/2,L/2) = 0.0885675
energy = -514.59165
energy/site = -0.6700412109
43.783% accepted

C(L/2,L/2) = 0.0835125
energy = -520.4980725
energy/site = -0.6777318652
43.39% accepted

C(L/2,L/2) = 0.1222125
energy = -522.34842
energy/site = -0.6801411719
43.985% accepted

C(L/2,L/2) = 0.0602775
energy = -515.5772775
energy/site = -0.6713245801
44.019% accepted

C(L/2,L/2) = 0.0903225
energy = -515.6794425
energy/site = -0.6714576074
44.163% accepted

C(L/2,L/2) = 0.13449
energy = -514.1311425
energy/site = -0.6694415918
44.563% accepted

C(L/2,L/2) = 0.1158
energy = -512.03268
energy/site = -0.6667092188
43.993% accepted

C(L/2,L/2) = 0.08343
energy = -520.1624625
energy/site = -0.677294873
44.25% accepted

C(L/2,L/2) = 0.1415475
energy = -514.7807175
energy/site = -0.6702873926
44.148% accepted

C(L/2,L/2) = 0.090765
energy = -519.5802075
energy/site = -0.6765367285
43.793% accepted

C(L/2,L/2) = 0.052695
energy = -501.3952425
energy/site = -0.6528583887
43.62% accepted

C(L/2,L/2) = 0.077805
energy = -500.682465
energy/site = -0.651930293
43.594% accepted

C(L/2,L/2) = 0.087765
energy = -507.4033425
energy/site = -0.6606814355
44.345% accepted

C(L/2,L/2) = 0.0651825
energy = -521.1542625
energy/site = -0.6785862793
43.805% accepted

C(L/2,L/2) = 0.05838
energy = -513.777795
energy/site = -0.6689815039
43.866% accepted

C(L/2,L/2) = 0.1436175
energy = -512.14752
energy/site = -0.66685875
44.177% accepted

C(L/2,L/2) = 0.118275
energy = -503.695215
energy/site = -0.6558531445
43.66% accepted

C(L/2,L/2) = 0.133275
energy = -520.0842525
energy/site = -0.6771930371
44.263% accepted

C(L/2,L/2) = 0.077025
energy = -515.4911025
energy/site = -0.671212373
44.242% accepted

C(L/2,L/2) = 0.064545
energy = -515.9981625
energy/site = -0.6718726074
43.539% accepted

C(L/2,L/2) = 0.11604
energy = -513.6652725
energy/site = -0.6688349902
43.822% accepted

C(L/2,L/2) = 0.1026525
energy = -506.0695125
energy/site = -0.6589446777
43.411% accepted

C(L/2,L/2) = 0.1305675
energy = -510.3829575
energy/site = -0.6645611426
43.67% accepted

C(L/2,L/2) = 0.0753825
energy = -507.9366675
energy/site = -0.6613758691
44.294% accepted

C(L/2,L/2) = 0.05949
energy = -519.0442875
energy/site = -0.675838916
44.481% accepted

C(L/2,L/2) = 0.11925
energy = -514.4218125
energy/site = -0.6698200684
43.857% accepted

C(L/2,L/2) = 0.1383525
energy = -517.2463875
energy/site = -0.6734979004
43.518% accepted

C(L/2,L/2) = 0.1523775
energy = -513.4473825
energy/site = -0.6685512793
44.044% accepted

C(L/2,L/2) = 0.111915
energy = -509.170245
energy/site = -0.6629820898
43.805% accepted

C(L/2,L/2) = 0.0927
energy = -512.4407325
energy/site = -0.6672405371
44.281% accepted

C(L/2,L/2) = 0.119805
energy = -519.78786
energy/site = -0.6768071094
43.854% accepted

C(L/2,L/2) = 0.0669675
energy = -508.8318375
energy/site = -0.6625414551
44.011% accepted

C(L/2,L/2) = 0.0959775
energy = -511.4441775
energy/site = -0.6659429395
43.811% accepted

C(L/2,L/2) = 0.101025
energy = -522.730215
energy/site = -0.6806383008
44.077% accepted

C(L/2,L/2) = 0.097455
energy = -507.6614175
energy/site = -0.6610174707
43.847% accepted

C(L/2,L/2) = 0.0936
energy = -522.7757625
energy/site = -0.6806976074
44.113% accepted

C(L/2,L/2) = 0.114615
energy = -520.7082
energy/site = -0.6780054688
44.036% accepted

C(L/2,L/2) = 0.070485
energy = -519.6803175
energy/site = -0.6766670801
43.89% accepted

C(L/2,L/2) = 0.108975
energy = -503.6985975
energy/site = -0.6558575488
44.024% accepted

C(L/2,L/2) = 0.05541
energy = -512.689965
energy/site = -0.6675650586
43.853% accepted

C(L/2,L/2) = 0.0871125
energy = -514.14468
energy/site = -0.6694592187
44.182% accepted

C(L/2,L/2) = 0.0626475
energy = -511.1004
energy/site = -0.6654953125
43.974% accepted

C(L/2,L/2) = 0.116745
energy = -500.87616
energy/site = -0.6521825
44.147% accepted

C(L/2,L/2) = 0.089835
energy = -524.086755
energy/site = -0.6824046289
44.793% accepted

C(L/2,L/2) = 0.0808425
energy = -522.0642075
energy/site = -0.6797711035
43.702% accepted

C(L/2,L/2) = 0.0271125
energy = -516.3169575
energy/site = -0.6722877051
44.169% accepted

C(L/2,L/2) = 0.088755
energy = -504.1244775
energy/site = -0.6564120801
44.179% accepted

C(L/2,L/2) = 0.135255
energy = -518.5353225
energy/site = -0.6751762012
44.247% accepted

C(L/2,L/2) = 0.1671375
energy = -517.305435
energy/site = -0.6735747852
44.233% accepted

C(L/2,L/2) = 0.0993675
energy = -511.9561875
energy/site = -0.6666096191
44.293% accepted

C(L/2,L/2) = 0.0958875
energy = -513.98574
energy/site = -0.6692522656
43.708% accepted

C(L/2,L/2) = 0.0947325
energy = -515.41533
energy/site = -0.6711137109
43.564% accepted

C(L/2,L/2) = 0.0723525
energy = -508.248975
energy/site = -0.6617825195
44.019% accepted

C(L/2,L/2) = 0.0684075
energy = -513.345465
energy/site = -0.6684185742
44.025% accepted

C(L/2,L/2) = 0.0897225
energy = -519.57153
energy/site = -0.6765254297
44.363% accepted

C(L/2,L/2) = 0.0930225
energy = -525.912555
energy/site = -0.6847819727
43.701% accepted

C(L/2,L/2) = 0.0947925
energy = -518.851815
energy/site = -0.6755883008
44.321% accepted

C(L/2,L/2) = 0.12099
energy = -523.1397675
energy/site = -0.6811715723
44.278% accepted

C(L/2,L/2) = 0.1027425
energy = -516.15741
energy/site = -0.6720799609
43.769% accepted

C(L/2,L/2) = 0.10299
energy = -518.9192775
energy/site = -0.6756761426
43.828% accepted

C(L/2,L/2) = 0.060255
energy = -515.2108725
energy/site = -0.6708474902
43.993% accepted

C(L/2,L/2) = 0.119775
energy = -508.6566975
energy/site = -0.6623134082
43.488% accepted

C(L/2,L/2) = 0.1205925
energy = -510.1291275
energy/site = -0.6642306348
44.003% accepted

C(L/2,L/2) = 0.1040775
energy = -507.94314
energy/site = -0.6613842969
43.53% accepted

C(L/2,L/2) = 0.1086
energy = -512.5696275
energy/site = -0.6674083691
44.012% accepted

C(L/2,L/2) = 0.1596825
energy = -518.0664525
energy/site = -0.6745656934
43.934% accepted

C(L/2,L/2) = 0.0946575
energy = -515.18193
energy/site = -0.6708098047
44.25% accepted

C(L/2,L/2) = 0.070185
energy = -507.45276
energy/site = -0.6607457813
44.09% accepted

C(L/2,L/2) = 0.08838
energy = -522.1294875
energy/site = -0.6798561035
44.131% accepted

C(L/2,L/2) = 0.123255
energy = -526.45098
energy/site = -0.6854830469
44.682% accepted

C(L/2,L/2) = 0.092445
energy = -515.6047275
energy/site = -0.6713603223
43.812% accepted

C(L/2,L/2) = 0.0719175
energy = -509.8242825
energy/site = -0.6638337012
43.714% accepted

C(L/2,L/2) = 0.0343425
energy = -513.9958275
energy/site = -0.6692654004
43.02% accepted

C(L/2,L/2) = 0.130635
energy = -524.67387
energy/site = -0.6831691016
44.006% accepted

C(L/2,L/2) = 0.04365
energy = -510.11586
energy/site = -0.6642133594
44.395% accepted

C(L/2,L/2) = 0.1152825
energy = -521.0415075
energy/site = -0.6784394629
43.55% accepted

C(L/2,L/2) = 0.08325
energy = -509.1345675
energy/site = -0.6629356348
43.764% accepted

C(L/2,L/2) = 0.08643
energy = -520.5809925
energy/site = -0.677839834
43.669% accepted

C(L/2,L/2) = 0.1307475
energy = -516.52173
energy/site = -0.6725543359
44.175% accepted

C(L/2,L/2) = 0.1311675
energy = -515.8699875
energy/site = -0.6717057129
44.018% accepted

C(L/2,L/2) = 0.1269825
energy = -510.8850225
energy/site = -0.665214873
43.987% accepted

C(L/2,L/2) = 0.09135
energy = -514.262325
energy/site = -0.6696124023
43.973% accepted

C(L/2,L/2) = 0.1427025
energy = -506.9168025
energy/site = -0.6600479199
43.702% accepted

C(L/2,L/2) = 0.0917925
energy = -517.8888825
energy/site = -0.6743344824
44.359% accepted

C(L/2,L/2) = 0.0770325
energy = -509.09793
energy/site = -0.6628879297
43.623% accepted

C(L/2,L/2) = 0.14244
energy = -519.149265
energy/site = -0.6759756055
43.952% accepted

C(L/2,L/2) = 0.150555
energy = -515.4875175
energy/site = -0.6712077051
43.494% accepted

C(L/2,L/2) = 0.123825
energy = -524.07849
energy/site = -0.6823938672
44.044% accepted

C(L/2,L/2) = 0.1451625
energy = -522.12081
energy/site = -0.6798448047
43.556% accepted

C(L/2,L/2) = 0.10575
energy = -522.10899
energy/site = -0.6798294141
43.958% accepted

C(L/2,L/2) = 0.0902025
energy = -516.607755
energy/site = -0.6726663477
43.266% accepted

C(L/2,L/2) = 0.0807675
energy = -520.4946375
energy/site = -0.6777273926
43.675% accepted

C(L/2,L/2) = 0.1337175
energy = -515.4999525
energy/site = -0.6712238965
43.851% accepted

C(L/2,L/2) = 0.095715
energy = -513.4841775
energy/site = -0.6685991895
43.732% accepted

C(L/2,L/2) = 0.1341375
energy = -520.542705
energy/site = -0.6777899805
44.049% accepted

C(L/2,L/2) = 0.1380525
energy = -515.386545
energy/site = -0.6710762305
43.634% accepted

C(L/2,L/2) = 0.114975
energy = -516.0456825
energy/site = -0.6719344824
43.814% accepted

C(L/2,L/2) = 0.09708
energy = -507.138465
energy/site = -0.660336543
43.926% accepted

C(L/2,L/2) = 0.11382
energy = -507.4535025
energy/site = -0.660746748
43.489% accepted

C(L/2,L/2) = 0.07827
energy = -516.1939575
energy/site = -0.6721275488
44.313% accepted

C(L/2,L/2) = 0.125145
energy = -506.18082
energy/site = -0.6590896094
43.879% accepted

C(L/2,L/2) = 0.1663425
energy = -512.981115
energy/site = -0.6679441602
44.431% accepted

C(L/2,L/2) = 0.0848625
energy = -510.1302825
energy/site = -0.6642321387
43.878% accepted

C(L/2,L/2) = 0.11841
energy = -522.0309975
energy/site = -0.6797278613
43.454% accepted

C(L/2,L/2) = 0.1151325
energy = -522.238635
energy/site = -0.6799982227
44.377% accepted

C(L/2,L/2) = 0.1210125
energy = -508.39122
energy/site = -0.6619677344
43.886% accepted

C(L/2,L/2) = 0.0546525
energy = -506.2614375
energy/site = -0.6591945801
43.768% accepted

C(L/2,L/2) = 0.071625
energy = -515.22195
energy/site = -0.6708619141
43.889% accepted

C(L/2,L/2) = 0.11319
energy = -514.8957075
energy/site = -0.6704371191
43.833% accepted

C(L/2,L/2) = 0.1686675
energy = -516.2811825
energy/site = -0.672241123
43.802% accepted

C(L/2,L/2) = 0.11559
energy = -517.2956625
energy/site = -0.6735620605
43.599% accepted

C(L/2,L/2) = 0.14979
energy = -517.89507
energy/site = -0.6743425391
43.866% accepted

C(L/2,L/2) = 0.0641175
energy = -514.1311875
energy/site = -0.6694416504
44.384% accepted

C(L/2,L/2) = 0.0929775
energy = -503.142
energy/site = -0.6551328125
43.93% accepted

C(L/2,L/2) = 0.098775
energy = -512.0892
energy/site = -0.6667828125
43.68% accepted

C(L/2,L/2) = 0.16029
energy = -511.8795675
energy/site = -0.6665098535
44.282% accepted

C(L/2,L/2) = 0.08763
energy = -514.4372325
energy/site = -0.6698401465
44.53% accepted

C(L/2,L/2) = 0.113865
energy = -518.9998725
energy/site = -0.675781084
43.959% accepted

C(L/2,L/2) = 0.0625725
energy = -517.9062375
energy/site = -0.6743570801
43.439% accepted

C(L/2,L/2) = 0.1542975
energy = -508.17369
energy/site = -0.6616844922
43.637% accepted

C(L/2,L/2) = 0.140685
energy = -515.8048575
energy/site = -0.6716209082
43.905% accepted

C(L/2,L/2) = 0.0558225
energy = -507.476775
energy/site = -0.6607770508
43.699% accepted

C(L/2,L/2) = 0.0952425
energy = -516.381045
energy/site = -0.6723711523
44.705% accepted

C(L/2,L/2) = 0.1413225
energy = -517.67667
energy/site = -0.6740581641
44.227% accepted

C(L/2,L/2) = 0.134685
energy = -523.2417675
energy/site = -0.6813043848
44.227% accepted

C(L/2,L/2) = 0.113535
energy = -525.51354
energy/site = -0.6842624219
44.028% accepted

C(L/2,L/2) = 0.0915
energy = -524.45394
energy/site = -0.6828827344
44.364% accepted

C(L/2,L/2) = 0.11514
energy = -506.581335
energy/site = -0.6596111133
44.041% accepted

C(L/2,L/2) = 0.050085
energy = -514.5321975
energy/site = -0.6699637988
44.258% accepted

C(L/2,L/2) = 0.0881775
energy = -514.04865
energy/site = -0.6693341797
43.884% accepted

C(L/2,L/2) = 0.09942
energy = -514.2990075
energy/site = -0.669660166
44.144% accepted

C(L/2,L/2) = 0.1174425
energy = -514.0072875
energy/site = -0.6692803223
43.777% accepted

C(L/2,L/2) = 0.15141
energy = -513.0382275
energy/site = -0.6680185254
43.87% accepted

C(L/2,L/2) = 0.11595
energy = -506.4086475
energy/site = -0.6593862598
44.119% accepted

C(L/2,L/2) = 0.0718125
energy = -511.712535
energy/site = -0.6662923633
44.298% accepted

C(L/2,L/2) = 0.16503
energy = -522.8966475
energy/site = -0.6808550098
43.989% accepted

C(L/2,L/2) = 0.11253
energy = -521.3711175
energy/site = -0.6788686426
43.749% accepted

C(L/2,L/2) = 0.056535
energy = -513.891075
energy/site = -0.6691290039
44.652% accepted

C(L/2,L/2) = 0.133965
energy = -514.9899825
energy/site = -0.670559873
44.007% accepted

C(L/2,L/2) = 0.06921
energy = -515.40408
energy/site = -0.6710990625
43.566% accepted

C(L/2,L/2) = 0.12561
energy = -511.9240275
energy/site = -0.6665677441
44.011% accepted

C(L/2,L/2) = 0.0970875
energy = -513.2346675
energy/site = -0.6682743066
44.089% accepted

C(L/2,L/2) = 0.1103025
energy = -514.0805475
energy/site = -0.6693757129
44.055% accepted

C(L/2,L/2) = 0.084345
energy = -524.139255
energy/site = -0.6824729883
44.081% accepted

C(L/2,L/2) = 0.1047225
energy = -508.7664525
energy/site = -0.6624563184
44.032% accepted

C(L/2,L/2) = 0.1578
energy = -516.6369675
energy/site = -0.6727043848
43.88% accepted

C(L/2,L/2) = 0.090345
energy = -514.9625625
energy/site = -0.6705241699
43.844% accepted

C(L/2,L/2) = 0.11079
energy = -511.3263975
energy/site = -0.6657895801
44.322% accepted

C(L/2,L/2) = 0.13641
energy = -516.3412275
energy/site = -0.6723193066
44.046% accepted

C(L/2,L/2) = 0.0953325
energy = -511.20684
energy/site = -0.6656339062
44.089% accepted

C(L/2,L/2) = 0.0987825
energy = -518.424495
energy/site = -0.6750318945
43.908% accepted

C(L/2,L/2) = 0.13437
energy = -522.3708225
energy/site = -0.6801703418
43.799% accepted

C(L/2,L/2) = 0.11457
energy = -509.720415
energy/site = -0.663698457
43.605% accepted

C(L/2,L/2) = 0.10767
energy = -513.62826
energy/site = -0.6687867969
43.949% accepted

C(L/2,L/2) = 0.11517
energy = -508.8165375
energy/site = -0.6625215332
44.146% accepted

C(L/2,L/2) = 0.11232
energy = -511.4199825
energy/site = -0.6659114355
44.04% accepted

C(L/2,L/2) = 0.1580025
energy = -513.71256
energy/site = -0.6688965625
44.305% accepted

C(L/2,L/2) = 0.0924675
energy = -518.420505
energy/site = -0.6750266992
44.331% accepted

C(L/2,L/2) = 0.0922575
energy = -517.44081
energy/site = -0.6737510547
43.932% accepted

C(L/2,L/2) = 0.1302525
energy = -511.3784625
energy/site = -0.665857373
43.804% accepted

C(L/2,L/2) = 0.1100775
energy = -517.8681075
energy/site = -0.6743074316
43.6% accepted

C(L/2,L/2) = 0.16749
energy = -516.3924375
energy/site = -0.6723859863
43.611% accepted

C(L/2,L/2) = 0.1497075
energy = -522.145995
energy/site = -0.6798775977
43.472% accepted

C(L/2,L/2) = 0.0783075
energy = -526.529655
energy/site = -0.6855854883
43.848% accepted

C(L/2,L/2) = 0.0834975
energy = -521.157345
energy/site = -0.678590293
44.31% accepted

C(L/2,L/2) = 0.1560225
energy = -513.6549825
energy/site = -0.6688215918
44.149% accepted

C(L/2,L/2) = 0.08616
energy = -522.342105
energy/site = -0.6801329492
43.62% accepted

C(L/2,L/2) = 0.1033575
energy = -511.1415675
energy/site = -0.665548916
44.439% accepted

C(L/2,L/2) = 0.1689825
energy = -515.557965
energy/site = -0.6712994336
44.108% accepted

C(L/2,L/2) = 0.113025
energy = -514.8012
energy/site = -0.6703140625
44.147% accepted

C(L/2,L/2) = 0.1233225
energy = -516.4148325
energy/site = -0.6724151465
44.714% accepted

C(L/2,L/2) = 0.1075425
energy = -517.7716725
energy/site = -0.6741818652
44.103% accepted

C(L/2,L/2) = 0.06642
energy = -500.7144
energy/site = -0.651971875
43.967% accepted

C(L/2,L/2) = 0.1145325
energy = -507.943815
energy/site = -0.6613851758
43.895% accepted

C(L/2,L/2) = 0.050205
energy = -514.888305
energy/site = -0.6704274805
43.976% accepted

C(L/2,L/2) = 0.15042
energy = -512.5766775
energy/site = -0.6674175488
44.031% accepted

C(L/2,L/2) = 0.109605
energy = -510.700065
energy/site = -0.664974043
44.173% accepted

C(L/2,L/2) = 0.1000275
energy = -514.5900675
energy/site = -0.6700391504
43.775% accepted

C(L/2,L/2) = 0.16395
energy = -503.0709375
energy/site = -0.6550402832
43.883% accepted

C(L/2,L/2) = 0.1274925
energy = -507.59319
energy/site = -0.6609286328
44.322% accepted

C(L/2,L/2) = 0.07272
energy = -503.50008
energy/site = -0.6555990625
43.202% accepted

C(L/2,L/2) = 0.1049475
energy = -510.8657325
energy/site = -0.6651897559
43.884% accepted

C(L/2,L/2) = 0.030675
energy = -514.89066
energy/site = -0.6704305469
43.787% accepted

C(L/2,L/2) = 0.064845
energy = -520.36089
energy/site = -0.6775532422
43.789% accepted

C(L/2,L/2) = 0.03114
energy = -507.850725
energy/site = -0.6612639648
43.895% accepted

C(L/2,L/2) = 0.0807
energy = -516.8101125
energy/site = -0.672929834
44.156% accepted

C(L/2,L/2) = 0.0196425
energy = -516.4854825
energy/site = -0.6725071387
43.715% accepted

C(L/2,L/2) = 0.1192875
energy = -504.2076825
energy/site = -0.6565204199
43.604% accepted

C(L/2,L/2) = 0.1437675
energy = -514.5388725
energy/site = -0.6699724902
43.855% accepted

C(L/2,L/2) = 0.0977325
energy = -518.087715
energy/site = -0.6745933789
44.58% accepted

C(L/2,L/2) = 0.0686925
energy = -521.1056925
energy/site = -0.6785230371
44.017% accepted

C(L/2,L/2) = 0.0924975
energy = -510.374415
energy/site = -0.6645500195
43.915% accepted

C(L/2,L/2) = 0.133365
energy = -519.3389925
energy/site = -0.6762226465
44.298% accepted

C(L/2,L/2) = 0.1354725
energy = -520.71153
energy/site = -0.6780098047
43.975% accepted

C(L/2,L/2) = 0.1663575
energy = -509.814585
energy/site = -0.6638210742
44.311% accepted

C(L/2,L/2) = 0.149145
energy = -507.8215575
energy/site = -0.6612259863
44.025% accepted

C(L/2,L/2) = 0.0908025
energy = -514.6278525
energy/site = -0.6700883496
43.674% accepted

C(L/2,L/2) = 0.090435
energy = -506.342355
energy/site = -0.6592999414
44.023% accepted

C(L/2,L/2) = 0.0338475
energy = -509.6616975
energy/site = -0.663622002
44.091% accepted

C(L/2,L/2) = 0.1490325
energy = -507.317625
energy/site = -0.6605698242
43.641% accepted

C(L/2,L/2) = 0.1314375
energy = -515.1077325
energy/site = -0.6707131934
43.734% accepted

C(L/2,L/2) = 0.1419
energy = -515.135685
energy/site = -0.6707495898
43.909% accepted

C(L/2,L/2) = 0.05112
energy = -513.91383
energy/site = -0.6691586328
44.027% accepted

C(L/2,L/2) = 0.0812925
energy = -519.1592175
energy/site = -0.6759885645
43.716% accepted

C(L/2,L/2) = 0.1793025
energy = -522.772575
energy/site = -0.680693457
43.345% accepted

C(L/2,L/2) = 0.0984225
energy = -513.08169
energy/site = -0.6680751172
44.126% accepted

C(L/2,L/2) = 0.0642
energy = -517.9503075
energy/site = -0.6744144629
43.649% accepted

C(L/2,L/2) = 0.08097
energy = -509.6486625
energy/site = -0.6636050293
43.447% accepted

C(L/2,L/2) = 0.0461925
energy = -506.76786
energy/site = -0.6598539844
43.933% accepted

C(L/2,L/2) = 0.1296375
energy = -518.3836275
energy/site = -0.6749786816
43.711% accepted

C(L/2,L/2) = 0.145875
energy = -518.3911875
energy/site = -0.6749885254
44.115% accepted

C(L/2,L/2) = 0.0853875
energy = -510.597735
energy/site = -0.6648408008
44.046% accepted

C(L/2,L/2) = 0.1156425
energy = -513.92106
energy/site = -0.6691680469
43.38% accepted

C(L/2,L/2) = 0.0862425
energy = -511.7168025
energy/site = -0.6662979199
43.959% accepted

C(L/2,L/2) = 0.1511475
energy = -513.7218825
energy/site = -0.6689087012
44.272% accepted

C(L/2,L/2) = 0.1024125
energy = -509.8262775
energy/site = -0.6638362988
44.499% accepted

C(L/2,L/2) = 0.0796275
energy = -512.1110325
energy/site = -0.6668112402
44.226% accepted

C(L/2,L/2) = 0.08859
energy = -507.3777075
energy/site = -0.6606480566
43.604% accepted

C(L/2,L/2) = 0.136695
energy = -502.0558275
energy/site = -0.6537185254
43.677% accepted

C(L/2,L/2) = 0.1719975
energy = -514.558755
energy/site = -0.6699983789
43.921% accepted

C(L/2,L/2) = 0.137235
energy = -516.4020825
energy/site = -0.6723985449
44.227% accepted

C(L/2,L/2) = 0.0795225
energy = -515.8629525
energy/site = -0.6716965527
44.103% accepted

C(L/2,L/2) = 0.087285
energy = -515.9808525
energy/site = -0.6718500684
43.968% accepted

C(L/2,L/2) = 0.08355
energy = -505.1052825
energy/site = -0.6576891699
43.667% accepted

C(L/2,L/2) = 0.1328775
energy = -521.2174725
energy/site = -0.678668584
43.907% accepted

C(L/2,L/2) = 0.077355
energy = -518.97267
energy/site = -0.6757456641
44.199% accepted

C(L/2,L/2) = 0.045975
energy = -515.1301425
energy/site = -0.670742373
43.831% accepted

C(L/2,L/2) = 0.104865
energy = -512.139585
energy/site = -0.666848418
44.011% accepted

C(L/2,L/2) = 0.09753
energy = -511.1291925
energy/site = -0.6655328027
44.249% accepted

C(L/2,L/2) = 0.1204275
energy = -526.1123325
energy/site = -0.6850420996
44.132% accepted

C(L/2,L/2) = 0.0752475
energy = -514.120035
energy/site = -0.6694271289
43.461% accepted

C(L/2,L/2) = 0.0960525
energy = -520.9564275
energy/site = -0.6783286816
43.955% accepted

C(L/2,L/2) = 0.1004025
energy = -516.9116325
energy/site = -0.6730620215
43.819% accepted

C(L/2,L/2) = 0.11736
energy = -518.662425
energy/site = -0.6753416992
44.238% accepted

C(L/2,L/2) = 0.13533
energy = -509.8984575
energy/site = -0.6639302832
43.535% accepted

C(L/2,L/2) = 0.0679275
energy = -515.8128375
energy/site = -0.6716312988
43.763% accepted

C(L/2,L/2) = 0.1545
energy = -517.9349925
energy/site = -0.6743945215
43.705% accepted

C(L/2,L/2) = 0.153765
energy = -507.0557625
energy/site = -0.6602288574
43.503% accepted

C(L/2,L/2) = 0.1573125
energy = -516.59121
energy/site = -0.6726448047
44.311% accepted

C(L/2,L/2) = 0.096015
energy = -504.5744475
energy/site = -0.6569979785
43.649% accepted

C(L/2,L/2) = 0.0680625
energy = -508.8743775
energy/site = -0.6625968457
44.601% accepted

C(L/2,L/2) = 0.07425
energy = -514.0929825
energy/site = -0.6693919043
43.94% accepted

C(L/2,L/2) = 0.118815
energy = -512.3450175
energy/site = -0.6671159082
44.212% accepted

C(L/2,L/2) = 0.1178475
energy = -514.2954
energy/site = -0.6696554687
43.891% accepted

C(L/2,L/2) = 0.06222
energy = -505.1800725
energy/site = -0.6577865527
43.607% accepted

C(L/2,L/2) = 0.11964
energy = -516.8663475
energy/site = -0.6730030566
43.876% accepted

C(L/2,L/2) = 0.14697
energy = -514.621215
energy/site = -0.670079707
44.102% accepted

C(L/2,L/2) = 0.077295
energy = -514.316295
energy/site = -0.6696826758
43.236% accepted

C(L/2,L/2) = 0.0905025
energy = -521.315925
energy/site = -0.6787967773
44.095% accepted

C(L/2,L/2) = 0.0521775
energy = -515.769
energy/site = -0.6715742188
43.963% accepted

C(L/2,L/2) = 0.1202175
energy = -502.8688275
energy/site = -0.6547771191
43.791% accepted

C(L/2,L/2) = 0.1304925
energy = -512.0450625
energy/site = -0.6667253418
43.729% accepted

C(L/2,L/2) = 0.1310175
energy = -520.6831125
energy/site = -0.6779728027
44.084% accepted

C(L/2,L/2) = 0.110385
energy = -510.9840825
energy/site = -0.6653438574
43.851% accepted

C(L/2,L/2) = 0.07401
energy = -510.358545
energy/site = -0.6645293555
44.166% accepted

C(L/2,L/2) = 0.063855
energy = -514.2048075
energy/site = -0.6695375098
43.576% accepted

C(L/2,L/2) = 0.1686525
energy = -513.8116275
energy/site = -0.6690255566
43.819% accepted

C(L/2,L/2) = 0.0687525
energy = -506.4963
energy/site = -0.6595003906
43.928% accepted

C(L/2,L/2) = 0.05661
energy = -512.1389475
energy/site = -0.6668475879
43.645% accepted

C(L/2,L/2) = 0.1058775
energy = -517.9274475
energy/site = -0.6743846973
44.093% accepted

C(L/2,L/2) = 0.06381
energy = -510.2247225
energy/site = -0.6643551074
44.053% accepted

C(L/2,L/2) = 0.1608975
energy = -523.368675
energy/site = -0.6814696289
43.941% accepted

C(L/2,L/2) = 0.1388025
energy = -510.4808775
energy/site = -0.6646886426
43.865% accepted

C(L/2,L/2) = 0.0741675
energy = -507.7709025
energy/site = -0.6611600293
44.262% accepted

C(L/2,L/2) = 0.065895
energy = -504.3819825
energy/site = -0.656747373
43.864% accepted

C(L/2,L/2) = 0.0873
energy = -522.12243
energy/site = -0.6798469141
43.794% accepted

C(L/2,L/2) = 0.0850575
energy = -517.3099275
energy/site = -0.6735806348
43.78% accepted

C(L/2,L/2) = 0.1340175
energy = -509.9706825
energy/site = -0.6640243262
43.725% accepted

C(L/2,L/2) = 0.1362525
energy = -507.2739075
energy/site = -0.6605129004
43.809% accepted

C(L/2,L/2) = 0.17781
energy = -512.98488
energy/site = -0.6679490625
44.512% accepted

C(L/2,L/2) = 0.1510725
energy = -515.31372
energy/site = -0.6709814062
44.361% accepted

C(L/2,L/2) = 0.1035825
energy = -518.7515025
energy/site = -0.6754576855
44.224% accepted

C(L/2,L/2) = 0.0516075
energy = -501.3525975
energy/site = -0.6528028613
43.67% accepted

C(L/2,L/2) = 0.097725
energy = -514.0943625
energy/site = -0.6693937012
43.412% accepted

C(L/2,L/2) = 0.149895
energy = -516.4708125
energy/site = -0.6724880371
44.534% accepted

C(L/2,L/2) = 0.1441125
energy = -517.47093
energy/site = -0.6737902734
44.458% accepted

C(L/2,L/2) = 0.096135
energy = -509.461215
energy/site = -0.663360957
43.793% accepted

C(L/2,L/2) = 0.1786125
energy = -516.3983025
energy/site = -0.672393623
43.594% accepted

C(L/2,L/2) = 0.127845
energy = -508.5258975
energy/site = -0.6621430957
43.729% accepted

C(L/2,L/2) = 0.1506075
energy = -509.891055
energy/site = -0.6639206445
43.66% accepted

C(L/2,L/2) = 0.08616
energy = -510.136665
energy/site = -0.6642404492
43.959% accepted

C(L/2,L/2) = 0.0555075
energy = -511.9080375
energy/site = -0.6665469238
43.763% accepted

C(L/2,L/2) = 0.10722
energy = -519.4983975
energy/site = -0.6764302051
43.075% accepted

C(L/2,L/2) = 0.048225
energy = -515.7775125
energy/site = -0.6715853027
43.572% accepted

C(L/2,L/2) = 0.0706725
energy = -523.52862
energy/site = -0.6816778906
43.884% accepted

C(L/2,L/2) = 0.1558575
energy = -512.8756875
energy/site = -0.6678068848
44.419% accepted

C(L/2,L/2) = 0.09279
energy = -509.5728525
energy/site = -0.6635063184
43.963% accepted

C(L/2,L/2) = 0.1338375
energy = -518.02566
energy/site = -0.6745125781
44.222% accepted

C(L/2,L/2) = 0.09969
energy = -506.802525
energy/site = -0.6598991211
43.796% accepted

C(L/2,L/2) = 0.1006125
energy = -517.3891875
energy/site = -0.6736838379
43.916% accepted

C(L/2,L/2) = 0.1292025
energy = -523.0254975
energy/site = -0.6810227832
44.013% accepted

C(L/2,L/2) = 0.066075
energy = -519.827505
energy/site = -0.6768587305
44.053% accepted

C(L/2,L/2) = 0.132735
energy = -517.4349075
energy/site = -0.6737433691
43.983% accepted

C(L/2,L/2) = 0.0660975
energy = -515.2347
energy/site = -0.6708785156
43.639% accepted

C(L/2,L/2) = 0.09969
energy = -509.6796
energy/site = -0.6636453125
43.794% accepted

C(L/2,L/2) = 0.09495
energy = -515.0052525
energy/site = -0.6705797559
44.15% accepted

C(L/2,L/2) = 0.0868725
energy = -514.154955
energy/site = -0.6694725977
43.817% accepted

C(L/2,L/2) = 0.1158375
energy = -519.2334
energy/site = -0.6760851562
43.988% accepted

C(L/2,L/2) = 0.16206
energy = -520.0556325
energy/site = -0.6771557715
43.731% accepted

C(L/2,L/2) = 0.06918
energy = -517.158405
energy/site = -0.6733833398
43.675% accepted

C(L/2,L/2) = 0.053445
energy = -517.344795
energy/site = -0.6736260352
44.031% accepted

C(L/2,L/2) = 0.123
energy = -521.958375
energy/site = -0.6796333008
44.196% accepted

C(L/2,L/2) = 0.1795575
energy = -509.9869575
energy/site = -0.6640455176
43.657% accepted

C(L/2,L/2) = 0.0801975
energy = -514.1261025
energy/site = -0.6694350293
43.337% accepted

C(L/2,L/2) = 0.1479225
energy = -510.3444225
energy/site = -0.6645109668
43.793% accepted

C(L/2,L/2) = 0.118335
energy = -509.052225
energy/site = -0.662828418
43.861% accepted

C(L/2,L/2) = 0.1177125
energy = -521.70774
energy/site = -0.6793069531
43.587% accepted

C(L/2,L/2) = 0.0892575
energy = -521.014545
energy/site = -0.6784043555
44.157% accepted

C(L/2,L/2) = 0.0399525
energy = -510.1298475
energy/site = -0.6642315723
44.037% accepted

C(L/2,L/2) = 0.0797775
energy = -513.67683
energy/site = -0.6688500391
44.295% accepted

C(L/2,L/2) = 0.12183
energy = -500.1420375
energy/site = -0.6512266113
43.657% accepted

C(L/2,L/2) = 0.0417525
energy = -504.96309
energy/site = -0.6575040234
43.884% accepted

C(L/2,L/2) = 0.1453425
energy = -515.9460675
energy/site = -0.6718047754
44.132% accepted

C(L/2,L/2) = 0.11175
energy = -515.0850075
energy/site = -0.6706836035
43.489% accepted

C(L/2,L/2) = 0.11229
energy = -524.80314
energy/site = -0.6833374219
44.009% accepted

C(L/2,L/2) = 0.152355
energy = -512.8809975
energy/site = -0.6678137988
43.978% accepted

C(L/2,L/2) = 0.124455
energy = -509.75409
energy/site = -0.6637423047
44.298% accepted

C(L/2,L/2) = 0.1466325
energy = -517.72014
energy/site = -0.6741147656
43.951% accepted

C(L/2,L/2) = 0.1151475
energy = -512.350815
energy/site = -0.667123457
44.239% accepted

C(L/2,L/2) = 0.108825
energy = -517.26465
energy/site = -0.6735216797
43.829% accepted

C(L/2,L/2) = 0.090435
energy = -511.504005
energy/site = -0.6660208398
43.799% accepted

C(L/2,L/2) = 0.12429
energy = -505.5769125
energy/site = -0.6583032715
43.701% accepted

C(L/2,L/2) = 0.06099
energy = -513.687
energy/site = -0.6688632813
44.075% accepted

C(L/2,L/2) = 0.0839625
energy = -517.1390925
energy/site = -0.6733581934
43.898% accepted

C(L/2,L/2) = 0.13065
energy = -518.9418
energy/site = -0.6757054687
44.237% accepted

C(L/2,L/2) = 0.0838875
energy = -511.032555
energy/site = -0.6654069727
43.703% accepted

C(L/2,L/2) = 0.065145
energy = -510.8547525
energy/site = -0.665175459
43.795% accepted

C(L/2,L/2) = 0.1199925
energy = -508.2271425
energy/site = -0.6617540918
43.904% accepted

C(L/2,L/2) = 0.187215
energy = -514.6923525
energy/site = -0.670172334
43.752% accepted

C(L/2,L/2) = 0.0737175
energy = -520.3829475
energy/site = -0.6775819629
44.044% accepted

C(L/2,L/2) = 0.1001925
energy = -524.7462825
energy/site = -0.6832633887
44.23% accepted

C(L/2,L/2) = 0.0802875
energy = -517.2327825
energy/site = -0.6734801855
43.991% accepted

C(L/2,L/2) = 0.1070625
energy = -516.0525825
energy/site = -0.6719434668
43.481% accepted

C(L/2,L/2) = 0.1011525
energy = -508.4213475
energy/site = -0.6620069629
44.186% accepted

C(L/2,L/2) = 0.0650475
energy = -511.705545
energy/site = -0.6662832617
44.31% accepted

C(L/2,L/2) = 0.0344775
energy = -508.9638675
energy/site = -0.6627133691
44.185% accepted

C(L/2,L/2) = 0.112185
energy = -515.5595625
energy/site = -0.6713015137
44.043% accepted

C(L/2,L/2) = 0.079665
energy = -527.719095
energy/site = -0.6871342383
44.348% accepted

C(L/2,L/2) = 0.184395
energy = -505.7828175
energy/site = -0.658571377
43.964% accepted

C(L/2,L/2) = 0.1156275
energy = -510.1978275
energy/site = -0.6643200879
43.532% accepted

C(L/2,L/2) = 0.121485
energy = -506.8904925
energy/site = -0.6600136621
44.25% accepted

C(L/2,L/2) = 0.093105
energy = -518.4444825
energy/site = -0.6750579199
43.36% accepted

C(L/2,L/2) = 0.0654675
energy = -517.373775
energy/site = -0.6736637695
44.116% accepted

C(L/2,L/2) = 0.1548
energy = -509.2220175
energy/site = -0.663049502
43.953% accepted

C(L/2,L/2) = 0.08922
energy = -514.5932175
energy/site = -0.670043252
43.72% accepted

C(L/2,L/2) = 0.134505
energy = -517.5674325
energy/site = -0.6739159277
43.514% accepted

C(L/2,L/2) = 0.119445
energy = -511.4855775
energy/site = -0.6659968457
43.968% accepted

C(L/2,L/2) = 0.0989475
energy = -505.2448725
energy/site = -0.6578709277
43.776% accepted

C(L/2,L/2) = 0.0984975
energy = -510.78849
energy/site = -0.6650891797
44.433% accepted

C(L/2,L/2) = 0.054225
energy = -522.042435
energy/site = -0.6797427539
44.178% accepted

C(L/2,L/2) = 0.1239825
energy = -520.8278475
energy/site = -0.6781612598
43.638% accepted

C(L/2,L/2) = 0.1125675
energy = -519.8597775
energy/site = -0.676900752
44.026% accepted

C(L/2,L/2) = 0.099345
energy = -509.86596
energy/site = -0.6638879687
43.828% accepted

C(L/2,L/2) = 0.1101075
energy = -512.888055
energy/site = -0.6678229883
43.971% accepted

C(L/2,L/2) = 0.101115
energy = -512.7290475
energy/site = -0.6676159473
43.975% accepted

C(L/2,L/2) = 0.1309725
energy = -516.318165
energy/site = -0.6722892773
43.865% accepted

C(L/2,L/2) = 0.0677775
energy = -511.1684625
energy/site = -0.6655839355
43.451% accepted

C(L/2,L/2) = 0.1283025
energy = -503.9851125
energy/site = -0.6562306152
44.47% accepted

C(L/2,L/2) = 0.1155075
energy = -522.0093675
energy/site = -0.6796996973
44.425% accepted

C(L/2,L/2) = 0.07977
energy = -512.856735
energy/site = -0.667782207
43.74% accepted

C(L/2,L/2) = 0.02076
energy = -509.46978
energy/site = -0.6633721094
43.749% accepted

C(L/2,L/2) = 0.11328
energy = -512.78901
energy/site = -0.6676940234
43.825% accepted

C(L/2,L/2) = 0.1221975
energy = -512.9506125
energy/site = -0.6679044434
43.892% accepted

C(L/2,L/2) = 0.1221975
energy = -515.734365
energy/site = -0.6715291211
44.004% accepted

C(L/2,L/2) = 0.13773
energy = -509.9934975
energy/site = -0.6640540332
43.578% accepted

C(L/2,L/2) = 0.07236
energy = -508.519995
energy/site = -0.6621354102
43.862% accepted

C(L/2,L/2) = 0.09837
energy = -515.8567875
energy/site = -0.6716885254
44.514% accepted

C(L/2,L/2) = 0.1099425
energy = -509.192565
energy/site = -0.6630111523
43.843% accepted

C(L/2,L/2) = 0.0649875
energy = -514.0119225
energy/site = -0.6692863574
43.73% accepted

C(L/2,L/2) = 0.18312
energy = -508.7402175
energy/site = -0.6624221582
43.234% accepted

C(L/2,L/2) = 0.1782225
energy = -521.8374375
energy/site = -0.6794758301
43.882% accepted


------------------------------------------------------------
Sender: LSF System <lsfadmin@wha585>
Subject: Job 8865157: <./dubproj12L64> Done

Job <./dubproj12L64> was submitted from host <wha780> by user <akallin>.
Job was executed on host(s) <wha585>, in queue <serial>, as user <akallin>.
</home/akallin> was used as the home directory.
</work/akallin/sharcruns/dub_proj/bondlength/12L64> was used as the working directory.
Started at Wed Nov 18 18:56:42 2009
Results reported at Thu Nov 19 01:37:24 2009

Your job looked like:

------------------------------------------------------------
# LSBATCH: User input
./dubproj12L64
------------------------------------------------------------

Successfully completed.

Resource usage summary:

    CPU time   :  23606.76 sec.
    Max Memory :         8 MB
    Max Swap   :       129 MB

    Max Processes  :         4
    Max Threads    :         4

The output (if any) is above this job summary.

