
weighting by <swap_x> where x = 2
8 x 32 x 1 system
r   = 3  bondops changed per step 
n/N = 80  bond operators / site
its = 1000000  iterations/loop for 10000 loops

energy = -860.7302395
energy/site = -1.681113749
44.2224% accepted

energy = -984.0571485
energy/site = -1.921986618
43.7665% accepted

energy = -1063.008759
energy/site = -2.076188983
43.667% accepted

energy = -730.0152096
energy/site = -1.425810956
43.8355% accepted

energy = -3214.776114
energy/site = -6.278859597
43.793% accepted

energy = -1700.086016
energy/site = -3.3204805
43.6073% accepted

energy = -1183.234472
energy/site = -2.311004827
43.7044% accepted

energy = -9877.304389
energy/site = -19.29161013
43.6774% accepted

energy = -1836.746212
energy/site = -3.587394945
43.7677% accepted

energy = -1207.677859
energy/site = -2.358745819
43.8641% accepted

energy = -1366.984665
energy/site = -2.669891923
43.6952% accepted

energy = -2077.800801
energy/site = -4.05820469
43.7651% accepted

energy = -4185.823543
energy/site = -8.175436608
43.6653% accepted

energy = -2496.810946
energy/site = -4.876583878
43.5761% accepted

energy = -2044.851712
energy/site = -3.993851
43.6171% accepted

energy = -1192.864786
energy/site = -2.329814035
43.717% accepted

energy = -966.0866476
energy/site = -1.886887984
43.6281% accepted

energy = -1493.302428
energy/site = -2.916606305
43.6147% accepted

energy = -2322.589265
energy/site = -4.536307157
43.6795% accepted

energy = -1575.868461
energy/site = -3.077868089
43.6779% accepted

energy = -1387.663608
energy/site = -2.710280484
43.6509% accepted

energy = -2061.420839
energy/site = -4.026212577
43.611% accepted

energy = -2665.391225
energy/site = -5.205842236
43.8288% accepted

energy = -1284.248975
energy/site = -2.508298779
43.7001% accepted

energy = -1605.162733
energy/site = -3.135083462
43.6999% accepted

energy = -1199.018575
energy/site = -2.341833155
43.6468% accepted

energy = -1246.627358
energy/site = -2.434819058
43.7427% accepted

energy = -3585.246866
energy/site = -7.002435285
43.7352% accepted

energy = -782.953308
energy/site = -1.52920568
43.6512% accepted

energy = -1683.775066
energy/site = -3.288623176
43.6747% accepted

energy = -1816.659763
energy/site = -3.5481636
43.7707% accepted

energy = -1537.072258
energy/site = -3.002094253
43.6743% accepted

energy = -822.9336156
energy/site = -1.607292218
43.6444% accepted

energy = -1020.46271
energy/site = -1.99309123
43.6737% accepted

energy = -2880.056077
energy/site = -5.625109526
43.6186% accepted

energy = -1338.884007
energy/site = -2.615007827
43.8481% accepted

energy = -842.8669962
energy/site = -1.646224602
43.6891% accepted

energy = -1316.54523
energy/site = -2.571377402
43.5724% accepted

energy = -720.4941668
energy/site = -1.407215169
43.6434% accepted

energy = -1290.784886
energy/site = -2.52106423
43.7698% accepted

energy = -1556.741825
energy/site = -3.040511376
43.721% accepted

energy = -2579.650078
energy/site = -5.038379058
43.7992% accepted

energy = -1044.213022
energy/site = -2.039478559
43.5339% accepted

energy = -1743.228482
energy/site = -3.404743129
43.6677% accepted

energy = -1936.953264
energy/site = -3.783111844
43.7542% accepted

energy = -1918.370242
energy/site = -3.746816878
43.6586% accepted

energy = -1152.637073
energy/site = -2.251244284
43.6936% accepted

energy = -2349.4837
energy/site = -4.588835351
43.6994% accepted

energy = -1945.48066
energy/site = -3.799766914
43.7274% accepted

energy = -843.0095224
energy/site = -1.646502974
43.6628% accepted

energy = -1757.797777
energy/site = -3.433198784
43.4988% accepted

energy = -2322.475883
energy/site = -4.53608571
43.6875% accepted

energy = -3003.522847
energy/site = -5.86625556
43.7439% accepted

energy = -1491.216148
energy/site = -2.912531539
43.734% accepted

energy = -1918.532649
energy/site = -3.747134081
43.6723% accepted

energy = -764.0527201
energy/site = -1.492290469
43.6837% accepted

energy = -916.7533821
energy/site = -1.790533949
43.5056% accepted

energy = -986.6408107
energy/site = -1.927032833
43.8212% accepted

energy = -733.9859463
energy/site = -1.433566301
43.7027% accepted

energy = -2043.569748
energy/site = -3.991347164
43.6096% accepted

energy = -986.4641464
energy/site = -1.926687786
43.6746% accepted

energy = -547.6005386
energy/site = -1.069532302
43.7632% accepted

energy = -683.106438
energy/site = -1.334192262
43.6753% accepted

energy = -1466.993319
energy/site = -2.865221326
43.6243% accepted

energy = -1559.782129
energy/site = -3.04644947
43.6836% accepted

energy = -997.6584625
energy/site = -1.948551685
43.6884% accepted

energy = -1457.11835
energy/site = -2.845934278
43.8653% accepted

energy = -7229.293114
energy/site = -14.11971311
43.7845% accepted

energy = -1649.492351
energy/site = -3.221664748
43.7629% accepted

energy = -667.9160344
energy/site = -1.304523505
43.8333% accepted

energy = -1632.915292
energy/site = -3.189287679
43.8846% accepted

energy = -1069.618768
energy/site = -2.089099156
43.7296% accepted

energy = -1107.000024
energy/site = -2.162109421
43.9024% accepted

energy = -3446.243443
energy/site = -6.730944225
43.6124% accepted

energy = -894.7849413
energy/site = -1.747626838
43.5651% accepted

energy = -2411.397758
energy/site = -4.709761247
43.8118% accepted

energy = -2095.730243
energy/site = -4.09322313
43.66% accepted

energy = -1861.520697
energy/site = -3.635782611
43.7637% accepted

energy = -5700.454154
energy/site = -11.13369952
43.747% accepted

energy = -1168.913685
energy/site = -2.283034542
43.6962% accepted

energy = -1438.238605
energy/site = -2.809059776
43.662% accepted

energy = -1140.411457
energy/site = -2.227366126
43.7911% accepted

energy = -3308.503701
energy/site = -6.461921291
43.7594% accepted

energy = -2411.35768
energy/site = -4.709682968
43.7375% accepted

energy = -1558.380772
energy/site = -3.043712445
43.8528% accepted

energy = -1429.193762
energy/site = -2.791394066
43.6863% accepted

energy = -2430.566446
energy/site = -4.74720009
43.746% accepted

energy = -1658.354546
energy/site = -3.238973723
43.8238% accepted

energy = -1232.449071
energy/site = -2.407127093
43.6884% accepted

energy = -1583.67109
energy/site = -3.093107598
43.8026% accepted

energy = -1339.884412
energy/site = -2.616961743
43.5826% accepted

energy = -838.4189461
energy/site = -1.637537004
43.7821% accepted

energy = -1002.70819
energy/site = -1.958414434
43.8281% accepted

energy = -2594.307219
energy/site = -5.067006287
43.5729% accepted

energy = -756.7742691
energy/site = -1.478074744
43.6642% accepted

energy = -1286.138436
energy/site = -2.511989132
43.7316% accepted

energy = -1003.379413
energy/site = -1.959725416
43.737% accepted

energy = -1887.460708
energy/site = -3.686446696
43.8501% accepted

energy = -1407.902255
energy/site = -2.749809091
43.526% accepted

energy = -1627.942893
energy/site = -3.179575963
43.8329% accepted

energy = -626.2925079
energy/site = -1.223227555
43.8683% accepted

energy = -1112.082431
energy/site = -2.172035997
43.6487% accepted

energy = -691.3065606
energy/site = -1.350208126
43.7361% accepted

energy = -1804.064469
energy/site = -3.523563415
43.7085% accepted

energy = -1361.807753
energy/site = -2.659780768
43.8506% accepted

energy = -1215.012303
energy/site = -2.373070905
43.8775% accepted

energy = -1756.918869
energy/site = -3.431482166
43.6332% accepted

energy = -1358.967156
energy/site = -2.654232727
43.738% accepted

energy = -1523.352444
energy/site = -2.975297741
43.8325% accepted

energy = -1129.328717
energy/site = -2.205720151
43.5378% accepted

energy = -2548.585944
energy/site = -4.977706921
43.8661% accepted

energy = -1477.550741
energy/site = -2.885841291
43.571% accepted

energy = -1252.806272
energy/site = -2.446887249
43.722% accepted

energy = -1143.598749
energy/site = -2.233591306
43.7928% accepted

energy = -1946.535803
energy/site = -3.80182774
43.7705% accepted

energy = -1935.410183
energy/site = -3.780098014
43.7278% accepted

energy = -1296.663951
energy/site = -2.53254678
43.5989% accepted

energy = -1058.920678
energy/site = -2.06820445
43.6436% accepted

energy = -2409.61155
energy/site = -4.706272558
43.7307% accepted

energy = -2676.637836
energy/site = -5.227808274
43.5679% accepted

energy = -2236.521637
energy/site = -4.368206323
43.8305% accepted

energy = -1452.996023
energy/site = -2.837882857
43.7689% accepted

energy = -1262.582889
energy/site = -2.465982206
43.7893% accepted

energy = -1704.849331
energy/site = -3.32978385
43.8419% accepted

energy = -1100.049734
energy/site = -2.148534636
43.6225% accepted

energy = -1215.480079
energy/site = -2.373984529
43.6447% accepted

energy = -1429.556408
energy/site = -2.792102359
43.8952% accepted

energy = -1769.457711
energy/site = -3.455972092
43.5649% accepted

energy = -2500.041988
energy/site = -4.882894508
43.6973% accepted

energy = -1441.363921
energy/site = -2.815163909
43.8767% accepted

energy = -1701.437445
energy/site = -3.323120011
43.6898% accepted

energy = -1247.476286
energy/site = -2.436477121
43.8256% accepted

energy = -1894.258509
energy/site = -3.699723651
43.8358% accepted

energy = -1501.827464
energy/site = -2.933256765
43.6261% accepted

energy = -1933.329582
energy/site = -3.77603434
43.6507% accepted

energy = -1126.14985
energy/site = -2.199511426
43.7119% accepted

energy = -1178.641028
energy/site = -2.302033257
43.7394% accepted

energy = -1277.094809
energy/site = -2.494325798
43.6582% accepted

energy = -1551.575681
energy/site = -3.030421252
43.7785% accepted

energy = -1089.197256
energy/site = -2.12733839
43.7563% accepted

energy = -1691.677959
energy/site = -3.304058515
43.5961% accepted

energy = -1196.924272
energy/site = -2.337742719
43.7319% accepted

energy = -2716.354621
energy/site = -5.30538012
43.8786% accepted

energy = -2017.525668
energy/site = -3.94047982
43.7608% accepted

energy = -972.4149556
energy/site = -1.89924796
43.7147% accepted

energy = -572.4883689
energy/site = -1.118141345
43.5672% accepted

energy = -1078.872053
energy/site = -2.107171978
43.8447% accepted

energy = -1492.052557
energy/site = -2.914165149
43.5887% accepted

energy = -810.9005508
energy/site = -1.583790138
43.9007% accepted

energy = -618.3107643
energy/site = -1.207638212
43.7168% accepted

energy = -1395.293916
energy/site = -2.72518343
43.5774% accepted

energy = -1490.476556
energy/site = -2.911087024
43.7057% accepted

energy = -1277.834438
energy/site = -2.495770387
43.7111% accepted

energy = -2263.715781
energy/site = -4.421319885
43.7208% accepted

energy = -1193.47495
energy/site = -2.331005763
43.888% accepted

energy = -1829.608944
energy/site = -3.573454969
43.6643% accepted

energy = -1324.789526
energy/site = -2.587479543
43.5583% accepted

energy = -1666.440047
energy/site = -3.254765717
43.7351% accepted

energy = -4329.740882
energy/site = -8.456525161
43.7279% accepted

energy = -1411.640463
energy/site = -2.757110278
43.6928% accepted

energy = -908.3142867
energy/site = -1.774051341
43.5014% accepted

energy = -1024.022164
energy/site = -2.000043289
43.6142% accepted

energy = -1630.404458
energy/site = -3.184383708
43.6743% accepted

energy = -1584.667672
energy/site = -3.095054046
43.7151% accepted

energy = -1908.440716
energy/site = -3.727423274
43.7863% accepted

energy = -1092.077398
energy/site = -2.132963669
43.7543% accepted

energy = -1818.123675
energy/site = -3.551022804
43.773% accepted

energy = -4390.409114
energy/site = -8.5750178
43.7388% accepted

energy = -904.6933074
energy/site = -1.766979116
43.7155% accepted

energy = -1149.392783
energy/site = -2.244907779
43.6178% accepted

energy = -767.4492383
energy/site = -1.498924294
43.5597% accepted

energy = -1653.710311
energy/site = -3.229902951
43.818% accepted

energy = -1503.788183
energy/site = -2.937086296
43.7932% accepted

energy = -1207.828457
energy/site = -2.359039956
43.6648% accepted

energy = -749.5776773
energy/site = -1.464018901
43.7285% accepted

energy = -1536.299278
energy/site = -3.000584527
43.6739% accepted

energy = -2608.795649
energy/site = -5.095304002
43.8588% accepted

energy = -2150.956073
energy/site = -4.20108608
43.636% accepted

energy = -2396.2884
energy/site = -4.680250782
43.7689% accepted

energy = -1083.450475
energy/site = -2.116114208
43.6686% accepted

energy = -986.8804835
energy/site = -1.927500944
43.7293% accepted

energy = -781.077386
energy/site = -1.52554177
43.7433% accepted

energy = -2294.563311
energy/site = -4.481568967
43.6748% accepted

energy = -2273.272472
energy/site = -4.439985297
43.7558% accepted

energy = -1499.04289
energy/site = -2.927818144
43.6636% accepted

energy = -2345.923489
energy/site = -4.581881815
43.8593% accepted

energy = -1787.085201
energy/site = -3.490400783
43.6281% accepted

energy = -882.3712327
energy/site = -1.723381314
43.652% accepted

energy = -1688.982131
energy/site = -3.298793225
43.6627% accepted

energy = -704.120581
energy/site = -1.37523551
43.6628% accepted

energy = -2861.09225
energy/site = -5.5880708
43.5925% accepted

energy = -1268.033259
energy/site = -2.476627459
43.6607% accepted

energy = -2366.247482
energy/site = -4.621577114
43.7561% accepted

energy = -3528.672642
energy/site = -6.891938754
43.574% accepted

energy = -1184.825658
energy/site = -2.314112613
43.5597% accepted

energy = -1641.81659
energy/site = -3.206673028
43.649% accepted

energy = -1249.277672
energy/site = -2.439995453
43.6915% accepted

energy = -976.1467796
energy/site = -1.906536679
43.7772% accepted

energy = -1649.689236
energy/site = -3.222049289
43.7706% accepted

energy = -2240.81013
energy/site = -4.376582286
43.767% accepted

energy = -894.7474006
energy/site = -1.747553517
43.7389% accepted

energy = -2537.564695
energy/site = -4.956181045
43.7321% accepted

energy = -2102.399336
energy/site = -4.106248703
43.7881% accepted

energy = -856.1265067
energy/site = -1.672122083
43.7519% accepted

energy = -1481.128722
energy/site = -2.892829534
43.7736% accepted

energy = -1476.22971
energy/site = -2.883261153
43.7594% accepted

energy = -1074.619245
energy/site = -2.098865713
43.6182% accepted

energy = -1302.913584
energy/site = -2.544753093
43.7043% accepted

energy = -1105.078285
energy/site = -2.158356025
43.7682% accepted

energy = -1302.01603
energy/site = -2.543000058
43.6901% accepted

energy = -912.7040283
energy/site = -1.782625055
43.8164% accepted

energy = -1088.59293
energy/site = -2.126158066
43.9983% accepted

energy = -4130.636078
energy/site = -8.067648589
43.637% accepted

energy = -1376.488718
energy/site = -2.688454527
43.7607% accepted

energy = -1742.630619
energy/site = -3.403575429
43.5599% accepted

energy = -999.0112426
energy/site = -1.951193833
43.7111% accepted

energy = -1659.096957
energy/site = -3.240423743
43.7208% accepted

energy = -3892.172201
energy/site = -7.60189883
43.6864% accepted

energy = -1639.432786
energy/site = -3.202017161
43.6378% accepted

energy = -737.362461
energy/site = -1.440161057
43.8252% accepted

energy = -1278.58666
energy/site = -2.497239571
43.657% accepted

energy = -1068.501765
energy/site = -2.08691751
43.6704% accepted

energy = -1566.145009
energy/site = -3.058876971
43.5568% accepted

energy = -1457.883661
energy/site = -2.847429025
43.6123% accepted

energy = -1088.90699
energy/site = -2.126771465
43.7314% accepted

energy = -1472.610959
energy/site = -2.87619328
43.6644% accepted

energy = -2380.731065
energy/site = -4.649865362
43.7088% accepted

energy = -1423.769698
energy/site = -2.780800191
43.6642% accepted

energy = -1773.71344
energy/site = -3.464284063
43.5973% accepted

energy = -2194.117757
energy/site = -4.285386245
43.7033% accepted

energy = -1196.890671
energy/site = -2.337677093
43.7213% accepted

energy = -892.8901473
energy/site = -1.743926069
43.628% accepted

energy = -2721.26632
energy/site = -5.314973281
43.8621% accepted

energy = -1004.548266
energy/site = -1.962008331
43.737% accepted

energy = -807.7475872
energy/site = -1.577632006
43.6782% accepted

energy = -1372.424655
energy/site = -2.680516904
43.7808% accepted

energy = -850.455912
energy/site = -1.661046703
43.8806% accepted

energy = -1081.884927
energy/site = -2.113056499
43.6841% accepted

energy = -1367.845045
energy/site = -2.671572353
43.7856% accepted

energy = -2151.143606
energy/site = -4.201452356
43.8057% accepted

energy = -1373.244142
energy/site = -2.682117466
43.7652% accepted

energy = -2234.160585
energy/site = -4.363594892
43.7964% accepted

energy = -778.4583664
energy/site = -1.520426497
43.7961% accepted

energy = -1542.53436
energy/site = -3.012762422
43.702% accepted

energy = -1685.497156
energy/site = -3.291986632
43.6857% accepted

energy = -1427.615768
energy/site = -2.788312047
43.6957% accepted

energy = -2974.091282
energy/site = -5.808772035
43.7906% accepted

energy = -1585.759975
energy/site = -3.097187451
43.576% accepted

energy = -1179.731665
energy/site = -2.304163408
43.7961% accepted

energy = -1515.505641
energy/site = -2.959971956
43.7149% accepted

energy = -1845.5401
energy/site = -3.604570509
43.6768% accepted

energy = -1095.234576
energy/site = -2.13913003
43.7213% accepted

energy = -1203.387365
energy/site = -2.350365946
43.5929% accepted

energy = -2226.231543
energy/site = -4.348108483
43.6446% accepted

energy = -898.1465431
energy/site = -1.754192467
43.7247% accepted

energy = -1928.308985
energy/site = -3.766228487
43.6598% accepted

energy = -1247.068575
energy/site = -2.43568081
43.7709% accepted

energy = -2987.713507
energy/site = -5.835377943
43.7701% accepted

energy = -1201.266312
energy/site = -2.346223265
43.7133% accepted

energy = -2316.339933
energy/site = -4.524101432
43.8324% accepted

energy = -1236.65507
energy/site = -2.415341933
43.8333% accepted

energy = -1072.391878
energy/site = -2.094515388
43.7173% accepted

energy = -1230.883195
energy/site = -2.404068741
43.7783% accepted

energy = -848.9783031
energy/site = -1.658160748
43.9131% accepted

energy = -2270.799647
energy/site = -4.43515556
43.8301% accepted

energy = -1359.415165
energy/site = -2.655107745
43.8342% accepted

energy = -1433.105382
energy/site = -2.799033948
43.6448% accepted

energy = -1531.824759
energy/site = -2.991845232
43.6152% accepted

energy = -1680.292642
energy/site = -3.281821566
43.6697% accepted

energy = -1116.368527
energy/site = -2.180407279
43.8281% accepted

energy = -2136.632048
energy/site = -4.173109468
43.899% accepted

energy = -1303.6977
energy/site = -2.54628457
43.7949% accepted

energy = -1566.167549
energy/site = -3.058920995
43.5948% accepted

energy = -1211.880214
energy/site = -2.366953544
43.715% accepted

energy = -1730.874747
energy/site = -3.38061474
43.7459% accepted

energy = -1136.225449
energy/site = -2.21919033
43.7524% accepted

energy = -2074.74373
energy/site = -4.052233847
43.7525% accepted

energy = -3012.076901
energy/site = -5.882962698
43.6273% accepted

energy = -1974.533688
energy/site = -3.85651111
43.737% accepted

energy = -1369.563734
energy/site = -2.674929169
43.8244% accepted

energy = -516.689703
energy/site = -1.009159576
43.4809% accepted

energy = -745.1172518
energy/site = -1.455307132
43.7311% accepted

energy = -1136.995456
energy/site = -2.220694249
43.6576% accepted

energy = -1354.684804
energy/site = -2.645868758
43.6847% accepted

energy = -1122.122568
energy/site = -2.19164564
43.6312% accepted

energy = -1181.832514
energy/site = -2.308266629
43.6226% accepted

energy = -1045.596554
energy/site = -2.04218077
43.7601% accepted

energy = -5063.707725
energy/site = -9.890054151
43.7163% accepted

energy = -1372.878126
energy/site = -2.681402591
43.634% accepted

energy = -1255.230023
energy/site = -2.451621138
43.7521% accepted

energy = -1216.894433
energy/site = -2.37674694
43.5829% accepted

energy = -1133.547336
energy/site = -2.21395964
43.6635% accepted

energy = -893.021371
energy/site = -1.744182365
43.8197% accepted

energy = -4386.328536
energy/site = -8.567047922
43.6993% accepted

energy = -2183.401064
energy/site = -4.264455204
43.5689% accepted

energy = -1380.076691
energy/site = -2.695462288
43.6673% accepted

energy = -893.6754196
energy/site = -1.745459804
43.7584% accepted

energy = -2127.575522
energy/site = -4.155420942
43.7547% accepted

energy = -1659.869647
energy/site = -3.241932905
43.748% accepted

energy = -1086.830814
energy/site = -2.122716434
43.7169% accepted

energy = -2514.897489
energy/site = -4.911909158
43.6618% accepted

energy = -1537.828139
energy/site = -3.003570583
43.6593% accepted

energy = -1122.75653
energy/site = -2.192883848
43.5195% accepted

energy = -1058.31299
energy/site = -2.067017558
43.6722% accepted

energy = -1695.060106
energy/site = -3.310664269
43.6884% accepted

energy = -1558.701117
energy/site = -3.044338119
43.6464% accepted

energy = -854.3294241
energy/site = -1.668612157
43.7497% accepted

energy = -644.0447059
energy/site = -1.257899816
43.7186% accepted

energy = -1120.463607
energy/site = -2.188405483
43.7386% accepted

energy = -1172.150747
energy/site = -2.289356927
43.5936% accepted

energy = -928.2782065
energy/site = -1.813043372
43.7458% accepted

energy = -2388.09493
energy/site = -4.664247911
43.7535% accepted

energy = -1371.701262
energy/site = -2.679104027
43.7289% accepted

energy = -1167.178361
energy/site = -2.279645236
43.6841% accepted

energy = -961.6960727
energy/site = -1.878312642
43.6581% accepted

energy = -2157.858721
energy/site = -4.214567815
43.6837% accepted

energy = -2390.712182
energy/site = -4.66935973
43.7273% accepted

energy = -1852.956934
energy/site = -3.619056511
43.8502% accepted

energy = -1318.262601
energy/site = -2.574731643
43.6445% accepted

energy = -2924.003158
energy/site = -5.710943668
43.5814% accepted

energy = -1792.827745
energy/site = -3.50161669
43.782% accepted

energy = -1245.885299
energy/site = -2.433369724
43.6522% accepted

energy = -1576.981494
energy/site = -3.08004198
43.9256% accepted

energy = -1446.149826
energy/site = -2.82451138
43.6936% accepted

energy = -1893.362651
energy/site = -3.697973928
43.5887% accepted

energy = -939.0210162
energy/site = -1.834025422
43.6194% accepted

energy = -1321.498278
energy/site = -2.581051324
43.6307% accepted

energy = -1408.736953
energy/site = -2.751439361
43.5668% accepted

energy = -1300.662714
energy/site = -2.540356864
43.7315% accepted

energy = -1877.425061
energy/site = -3.666845822
43.7176% accepted

energy = -1145.238728
energy/site = -2.236794391
43.611% accepted

energy = -1713.081822
energy/site = -3.345862934
43.7795% accepted

energy = -3087.574526
energy/site = -6.030418996
43.8113% accepted

energy = -1281.277829
energy/site = -2.50249576
43.8131% accepted

energy = -1345.965323
energy/site = -2.628838522
43.8364% accepted

energy = -2684.466698
energy/site = -5.243099019
43.4984% accepted

energy = -1335.52209
energy/site = -2.608441583
43.6972% accepted

energy = -1086.762534
energy/site = -2.122583075
43.7722% accepted

energy = -1110.010058
energy/site = -2.167988395
43.6893% accepted

energy = -1498.226196
energy/site = -2.92622304
43.6982% accepted

energy = -1837.132267
energy/site = -3.588148958
43.6668% accepted

energy = -1119.418451
energy/site = -2.186364161
43.7631% accepted

energy = -1405.688118
energy/site = -2.745484605
43.6564% accepted

energy = -1519.863622
energy/site = -2.968483636
43.8765% accepted

energy = -1068.311687
energy/site = -2.086546263
43.5995% accepted

energy = -1328.56953
energy/site = -2.594862363
43.5818% accepted

energy = -2280.444407
energy/site = -4.453992983
43.6837% accepted

energy = -1557.075977
energy/site = -3.041164018
43.8713% accepted

energy = -1196.915199
energy/site = -2.337724997
43.699% accepted

energy = -1660.101688
energy/site = -3.242386109
43.682% accepted

energy = -761.0221053
energy/site = -1.486371299
43.7205% accepted

energy = -598.9209925
energy/site = -1.169767563
43.7327% accepted

energy = -1757.511253
energy/site = -3.432639166
43.5843% accepted

energy = -2001.146925
energy/site = -3.908490087
43.8563% accepted

energy = -1362.178127
energy/site = -2.660504154
43.5292% accepted

energy = -1595.105201
energy/site = -3.115439846
43.6403% accepted

energy = -823.7380297
energy/site = -1.608863339
43.7243% accepted

energy = -1693.909161
energy/site = -3.30841633
43.7166% accepted

energy = -1171.160111
energy/site = -2.287422091
43.7824% accepted

energy = -946.4265273
energy/site = -1.848489311
43.8666% accepted

energy = -1667.604222
energy/site = -3.257039496
43.6154% accepted

energy = -2206.680649
energy/site = -4.309923142
43.8663% accepted

energy = -1129.071719
energy/site = -2.205218202
43.7066% accepted

energy = -1730.082134
energy/site = -3.379066667
43.749% accepted

energy = -737.8526035
energy/site = -1.441118366
43.7371% accepted

energy = -1984.578626
energy/site = -3.87613013
43.6274% accepted

energy = -1292.656221
energy/site = -2.524719182
43.6757% accepted

energy = -1442.8139
energy/site = -2.817995898
43.7607% accepted

energy = -2341.156747
energy/site = -4.572571772
43.6195% accepted

energy = -1794.796205
energy/site = -3.505461338
43.6951% accepted

energy = -2237.420421
energy/site = -4.369961759
43.6046% accepted

energy = -1945.046465
energy/site = -3.798918876
43.7295% accepted

energy = -1654.257537
energy/site = -3.230971752
43.5741% accepted

energy = -1852.964906
energy/site = -3.619072081
43.9079% accepted

energy = -2247.250409
energy/site = -4.389160955
43.6911% accepted

energy = -2679.528378
energy/site = -5.233453862
43.8524% accepted

energy = -1030.117858
energy/site = -2.011948941
43.6547% accepted

energy = -875.3341504
energy/site = -1.709637013
43.6846% accepted

energy = -1291.87496
energy/site = -2.523193282
43.7684% accepted

energy = -936.5619909
energy/site = -1.829222639
43.7107% accepted

energy = -1026.682211
energy/site = -2.005238693
43.7448% accepted

energy = -2497.096932
energy/site = -4.877142446
43.7026% accepted

energy = -2180.028093
energy/site = -4.257867369
43.7142% accepted

energy = -1736.607865
energy/site = -3.391812236
43.6713% accepted

energy = -1503.510082
energy/site = -2.936543129
43.7634% accepted

energy = -1240.753931
energy/site = -2.423347521
43.7113% accepted

energy = -1732.653281
energy/site = -3.38408844
43.6097% accepted

energy = -1340.620317
energy/site = -2.618399056
43.7361% accepted

energy = -1646.492172
energy/site = -3.215805023
43.7005% accepted

energy = -1609.381481
energy/site = -3.143323205
43.6672% accepted

energy = -1185.145699
energy/site = -2.314737693
43.7246% accepted

energy = -2270.783075
energy/site = -4.435123192
43.7291% accepted

energy = -1138.516144
energy/site = -2.223664343
43.6848% accepted

energy = -1580.268506
energy/site = -3.086461926
43.6692% accepted

energy = -1356.815077
energy/site = -2.650029447
43.5403% accepted

energy = -1056.733328
energy/site = -2.063932282
43.743% accepted

energy = -1364.295886
energy/site = -2.664640403
43.7121% accepted

energy = -1592.467623
energy/site = -3.110288326
43.7115% accepted

energy = -639.6947557
energy/site = -1.24940382
43.6782% accepted

energy = -4277.249734
energy/site = -8.354003387
43.7471% accepted

energy = -3151.679276
energy/site = -6.155623585
43.8358% accepted

energy = -1042.871478
energy/site = -2.036858355
43.8353% accepted

energy = -2510.281309
energy/site = -4.902893181
43.6888% accepted

energy = -1873.596081
energy/site = -3.659367346
43.5789% accepted

energy = -1664.03394
energy/site = -3.250066289
43.7035% accepted

energy = -3226.174749
energy/site = -6.301122556
43.7361% accepted

energy = -2104.825362
energy/site = -4.110987034
43.719% accepted

energy = -1160.369318
energy/site = -2.266346324
43.6477% accepted

energy = -1436.719853
energy/site = -2.806093463
43.6853% accepted

energy = -1278.098059
energy/site = -2.496285271
43.615% accepted

energy = -1111.290104
energy/site = -2.170488485
43.6433% accepted

energy = -2370.719808
energy/site = -4.630312125
43.7072% accepted

energy = -1628.817766
energy/site = -3.1812847
43.6908% accepted

energy = -2388.231612
energy/site = -4.664514867
43.6982% accepted

energy = -1214.555677
energy/site = -2.372179057
43.8002% accepted

energy = -1627.066837
energy/site = -3.177864916
43.5957% accepted

energy = -632.6553417
energy/site = -1.235654964
43.5975% accepted

energy = -1145.987774
energy/site = -2.238257371
43.7572% accepted

energy = -1020.398696
energy/site = -1.992966203
43.6248% accepted

energy = -1670.332225
energy/site = -3.262367627
43.7117% accepted

energy = -1340.525077
energy/site = -2.618213041
43.7298% accepted

energy = -1642.01975
energy/site = -3.207069824
43.763% accepted

energy = -1257.815529
energy/site = -2.456670955
43.7279% accepted

energy = -1210.675318
energy/site = -2.36460023
43.7991% accepted

energy = -1174.370198
energy/site = -2.293691792
43.7496% accepted

energy = -1265.69185
energy/site = -2.472054395
43.5681% accepted

energy = -1329.88198
energy/site = -2.597425742
43.6756% accepted

energy = -3464.325344
energy/site = -6.766260437
43.6665% accepted

energy = -1086.171166
energy/site = -2.121428058
43.7072% accepted

energy = -1675.165683
energy/site = -3.271807974
43.8186% accepted

energy = -1483.518858
energy/site = -2.897497769
43.7593% accepted

energy = -2669.624735
energy/site = -5.21411081
44.0794% accepted

energy = -1176.670523
energy/site = -2.298184616
43.7143% accepted

energy = -974.6501891
energy/site = -1.903613651
43.6424% accepted

energy = -1573.760085
energy/site = -3.073750166
43.593% accepted

energy = -1220.214491
energy/site = -2.383231428
43.6047% accepted

energy = -1045.328451
energy/site = -2.041657131
43.7455% accepted

energy = -630.333316
energy/site = -1.231119758
43.8162% accepted

energy = -861.5016764
energy/site = -1.682620462
43.7659% accepted

energy = -1896.021285
energy/site = -3.703166572
43.6738% accepted

energy = -863.428041
energy/site = -1.686382893
43.5866% accepted

energy = -1163.417868
energy/site = -2.272300524
43.8253% accepted

energy = -1211.971934
energy/site = -2.367132684
43.7141% accepted

energy = -1736.825666
energy/site = -3.392237629
43.8001% accepted

energy = -1440.863559
energy/site = -2.814186639
43.6565% accepted

energy = -842.9004701
energy/site = -1.646289981
43.7567% accepted

energy = -1616.635607
energy/site = -3.15749142
43.6505% accepted

energy = -1383.535985
energy/site = -2.70221872
43.6076% accepted

energy = -1405.398204
energy/site = -2.744918367
43.6215% accepted

energy = -1280.471786
energy/site = -2.500921458
43.6991% accepted

energy = -1323.033139
energy/site = -2.584049099
43.7453% accepted

energy = -1306.366712
energy/site = -2.551497484
43.5855% accepted

energy = -1775.208048
energy/site = -3.467203219
43.455% accepted

energy = -1190.299274
energy/site = -2.324803269
43.6884% accepted

energy = -673.9683989
energy/site = -1.316344529
43.7169% accepted

energy = -1322.805295
energy/site = -2.583604093
43.6173% accepted

energy = -971.4900568
energy/site = -1.897441517
43.8352% accepted

energy = -1687.070884
energy/site = -3.29506032
43.7222% accepted

energy = -1959.879866
energy/site = -3.827890364
43.7982% accepted

energy = -1845.902026
energy/site = -3.605277394
43.4945% accepted

energy = -605.0607346
energy/site = -1.181759247
43.6767% accepted

energy = -2658.902652
energy/site = -5.193169242
43.7221% accepted

energy = -1077.330391
energy/site = -2.10416092
43.7411% accepted

energy = -1364.886036
energy/site = -2.665793039
43.8881% accepted

energy = -1685.692602
energy/site = -3.292368363
43.7718% accepted

energy = -899.6631645
energy/site = -1.757154618
43.9005% accepted

energy = -1946.231878
energy/site = -3.801234136
43.8052% accepted

energy = -2323.720078
energy/site = -4.538515778
43.6339% accepted

energy = -1333.643458
energy/site = -2.604772379
43.6873% accepted

energy = -1378.386849
energy/site = -2.692161814
43.6175% accepted

energy = -1806.607936
energy/site = -3.528531125
43.7555% accepted

energy = -1145.920871
energy/site = -2.238126702
43.6225% accepted

energy = -2330.303792
energy/site = -4.551374593
43.6071% accepted

energy = -1005.336323
energy/site = -1.963547505
43.6252% accepted

energy = -1041.26304
energy/site = -2.033716876
43.7817% accepted

energy = -1067.50436
energy/site = -2.084969454
43.6274% accepted

energy = -1565.415513
energy/site = -3.057452173
43.751% accepted

energy = -1027.864103
energy/site = -2.007547077
43.7784% accepted

energy = -862.5158073
energy/site = -1.684601186
43.6067% accepted

energy = -740.9386699
energy/site = -1.44714584
43.582% accepted

energy = -2340.145738
energy/site = -4.570597144
43.6662% accepted

energy = -1661.448578
energy/site = -3.245016753
43.7265% accepted

energy = -1173.209871
energy/site = -2.291425528
43.6151% accepted

energy = -1096.983573
energy/site = -2.142546041
43.7352% accepted

energy = -4365.959304
energy/site = -8.527264265
43.7256% accepted

energy = -414.8985947
energy/site = -0.8103488177
43.6951% accepted

energy = -1208.965316
energy/site = -2.361260382
43.6169% accepted

energy = -439.7465148
energy/site = -0.8588799116
43.7977% accepted

energy = -1865.585912
energy/site = -3.643722484
43.7052% accepted

energy = -1593.150261
energy/site = -3.111621603
43.7437% accepted

energy = -1825.002207
energy/site = -3.564457435
43.6844% accepted

energy = -1904.10455
energy/site = -3.718954199
43.6994% accepted

energy = -2181.726899
energy/site = -4.26118535
43.7137% accepted

energy = -1614.76245
energy/site = -3.15383291
43.6877% accepted

energy = -1844.632765
energy/site = -3.60279837
43.531% accepted

energy = -1139.371346
energy/site = -2.225334661
43.8451% accepted

energy = -1886.50938
energy/site = -3.684588633
43.677% accepted

energy = -1789.332265
energy/site = -3.494789581
43.7287% accepted

energy = -3016.123004
energy/site = -5.890865242
43.5931% accepted

energy = -1166.663062
energy/site = -2.278638793
43.6286% accepted

energy = -4769.822422
energy/site = -9.316059419
43.7003% accepted

energy = -1199.023529
energy/site = -2.341842829
43.7814% accepted

energy = -1851.255188
energy/site = -3.615732789
43.8304% accepted

energy = -1352.228443
energy/site = -2.641071179
43.7457% accepted

energy = -1195.17544
energy/site = -2.334327031
43.7475% accepted

energy = -1752.61387
energy/site = -3.423073964
43.7129% accepted

energy = -729.2446487
energy/site = -1.424305955
43.6026% accepted

energy = -1265.148588
energy/site = -2.470993335
43.6229% accepted

energy = -1814.823273
energy/site = -3.544576704
43.6705% accepted

energy = -783.2387072
energy/site = -1.5297631
43.8616% accepted

energy = -1637.683504
energy/site = -3.198600594
43.7161% accepted

energy = -1027.517507
energy/site = -2.00687013
43.6296% accepted

energy = -1480.465006
energy/site = -2.891533215
43.7956% accepted

energy = -1557.380819
energy/site = -3.041759411
43.602% accepted

energy = -1507.746927
energy/site = -2.944818216
43.5594% accepted

energy = -1398.023868
energy/site = -2.730515368
43.7419% accepted

energy = -1139.131416
energy/site = -2.224866048
43.6955% accepted

energy = -2517.469113
energy/site = -4.916931861
43.6494% accepted

energy = -1342.613754
energy/site = -2.622292487
43.6812% accepted

energy = -1203.727584
energy/site = -2.351030437
43.6364% accepted

energy = -1085.726521
energy/site = -2.120559612
43.7541% accepted

energy = -2222.673691
energy/site = -4.341159552
43.8906% accepted

energy = -2057.455452
energy/site = -4.018467679
43.7345% accepted

energy = -8767.939797
energy/site = -17.12488242
43.7174% accepted

