
weighting by <swap_x> where x = 2
3 x 12 x 1 system
r   = 3  bondops changed per step 
n/N = 80  bond operators / site
its = 1000000  iterations/loop for 10000 loops

energy = -74.15999013
energy/site = -1.029999863
45.7883% accepted

energy = -109.7032727
energy/site = -1.523656565
45.7701% accepted

energy = -74.91766772
energy/site = -1.040523163
45.8292% accepted

energy = -66.39242077
energy/site = -0.9221169551
45.8354% accepted

energy = -80.73350316
energy/site = -1.121298655
45.7864% accepted

energy = -82.31286846
energy/site = -1.143234284
45.8001% accepted

energy = -81.63844104
energy/site = -1.133867237
45.7891% accepted

energy = -103.4508004
energy/site = -1.436816672
45.7619% accepted

energy = -77.0855922
energy/site = -1.070633225
45.8487% accepted

energy = -77.49527454
energy/site = -1.076323257
45.6978% accepted

energy = -82.12660814
energy/site = -1.140647335
45.6078% accepted

energy = -84.78057502
energy/site = -1.177507986
45.744% accepted

energy = -73.41760268
energy/site = -1.019688926
45.685% accepted

energy = -90.06531645
energy/site = -1.250907173
45.783% accepted

energy = -68.91595554
energy/site = -0.9571660492
45.649% accepted

energy = -79.91017235
energy/site = -1.109863505
45.6786% accepted

energy = -70.07266453
energy/site = -0.9732314518
45.7365% accepted

energy = -73.63480385
energy/site = -1.022705609
45.7792% accepted

energy = -83.57614127
energy/site = -1.16077974
45.8116% accepted

energy = -70.61972498
energy/site = -0.9808295137
45.7787% accepted

energy = -84.90277622
energy/site = -1.179205225
45.5701% accepted

energy = -71.29819139
energy/site = -0.9902526582
45.6364% accepted

energy = -73.8975656
energy/site = -1.026355078
45.6823% accepted

energy = -78.1397355
energy/site = -1.085274104
45.72% accepted

energy = -78.33840937
energy/site = -1.088033464
45.6508% accepted

energy = -77.16002449
energy/site = -1.071667007
45.641% accepted

energy = -87.28979442
energy/site = -1.212358256
45.7191% accepted

energy = -92.07638784
energy/site = -1.27883872
45.5974% accepted

energy = -75.57811341
energy/site = -1.04969602
45.6771% accepted

energy = -85.55855402
energy/site = -1.18831325
45.7472% accepted

energy = -90.95044385
energy/site = -1.263200609
45.761% accepted

energy = -89.58435963
energy/site = -1.244227217
45.5958% accepted

energy = -78.14292401
energy/site = -1.085318389
45.7195% accepted

energy = -71.77514747
energy/site = -0.9968770482
45.6315% accepted

energy = -79.38639035
energy/site = -1.102588755
45.797% accepted

energy = -78.19230035
energy/site = -1.086004172
45.8023% accepted

energy = -87.07882767
energy/site = -1.209428162
45.6151% accepted

energy = -92.4343316
energy/site = -1.283810161
45.7102% accepted

energy = -85.82228522
energy/site = -1.191976184
45.7901% accepted

energy = -79.96964459
energy/site = -1.110689508
45.6978% accepted

energy = -67.89532821
energy/site = -0.9429906696
45.5945% accepted

energy = -86.21289607
energy/site = -1.197401334
45.6561% accepted

energy = -80.19767187
energy/site = -1.113856554
45.7394% accepted

energy = -88.47208348
energy/site = -1.228778937
45.5961% accepted

energy = -88.12176101
energy/site = -1.223913347
45.8149% accepted

energy = -78.06616889
energy/site = -1.084252346
45.8158% accepted

energy = -81.33823746
energy/site = -1.129697743
45.6254% accepted

energy = -78.47536465
energy/site = -1.08993562
45.8132% accepted

energy = -77.17526395
energy/site = -1.071878666
45.6682% accepted

energy = -76.37536641
energy/site = -1.060768978
45.5971% accepted

energy = -80.41278098
energy/site = -1.11684418
45.7249% accepted

energy = -83.38180193
energy/site = -1.158080582
45.6984% accepted

energy = -82.65551046
energy/site = -1.147993201
45.6152% accepted

energy = -71.11799817
energy/site = -0.9877499746
45.7348% accepted

energy = -88.89832252
energy/site = -1.234698924
45.7831% accepted

energy = -75.80093182
energy/site = -1.05279072
45.6746% accepted

energy = -73.94332608
energy/site = -1.02699064
45.6179% accepted

energy = -75.81298706
energy/site = -1.052958154
45.6794% accepted

energy = -76.44157289
energy/site = -1.061688512
45.7882% accepted

energy = -82.26454861
energy/site = -1.142563175
45.7492% accepted

energy = -96.9703582
energy/site = -1.346810531
45.8372% accepted

energy = -80.33961811
energy/site = -1.115828029
45.7564% accepted

energy = -94.5516247
energy/site = -1.31321701
45.657% accepted

energy = -76.00359328
energy/site = -1.055605462
45.7588% accepted

energy = -86.5906594
energy/site = -1.202648047
45.7387% accepted

energy = -80.98645083
energy/site = -1.124811817
45.6728% accepted

energy = -78.1060763
energy/site = -1.084806615
45.757% accepted

energy = -80.00434887
energy/site = -1.111171512
45.6811% accepted

energy = -87.84870762
energy/site = -1.220120939
45.7607% accepted

energy = -80.59998293
energy/site = -1.119444207
45.6822% accepted

energy = -80.93772471
energy/site = -1.124135065
45.862% accepted

energy = -88.30423153
energy/site = -1.22644766
45.6333% accepted

energy = -71.91816755
energy/site = -0.9988634382
45.7774% accepted

energy = -84.33895809
energy/site = -1.171374418
45.8415% accepted

energy = -67.32996427
energy/site = -0.9351383926
45.8463% accepted

energy = -75.22949749
energy/site = -1.044854132
45.6545% accepted

energy = -84.36850741
energy/site = -1.171784825
45.5384% accepted

energy = -93.51067125
energy/site = -1.298759323
45.6825% accepted

energy = -79.46550429
energy/site = -1.10368756
45.7745% accepted

energy = -103.3968936
energy/site = -1.436067966
45.6897% accepted

energy = -85.38051715
energy/site = -1.185840516
45.7125% accepted

energy = -84.41342646
energy/site = -1.172408701
45.7286% accepted

energy = -79.73105845
energy/site = -1.107375812
45.6739% accepted

energy = -83.8774463
energy/site = -1.164964532
45.5871% accepted

energy = -79.16820323
energy/site = -1.099558378
45.5346% accepted

energy = -107.580765
energy/site = -1.494177292
45.7175% accepted

energy = -85.20879914
energy/site = -1.183455544
45.66% accepted

energy = -89.86766522
energy/site = -1.248162017
45.5153% accepted

energy = -90.62974455
energy/site = -1.258746452
45.603% accepted

energy = -82.76655227
energy/site = -1.149535448
45.6397% accepted

energy = -80.36654367
energy/site = -1.116201995
45.7201% accepted

energy = -86.07903223
energy/site = -1.195542114
45.8277% accepted

energy = -71.45416912
energy/site = -0.9924190156
45.7289% accepted

energy = -89.15652387
energy/site = -1.238285054
45.7703% accepted

energy = -83.34598373
energy/site = -1.157583107
45.6868% accepted

energy = -110.6599384
energy/site = -1.536943589
45.631% accepted

energy = -83.37455395
energy/site = -1.157979916
45.7393% accepted

energy = -77.6408543
energy/site = -1.078345199
45.6957% accepted

energy = -85.22173809
energy/site = -1.183635251
45.6934% accepted

energy = -82.93325231
energy/site = -1.151850727
45.7808% accepted

energy = -88.03235222
energy/site = -1.222671559
45.6665% accepted

energy = -81.2030756
energy/site = -1.127820494
45.7712% accepted

energy = -81.20001415
energy/site = -1.127777974
45.8399% accepted

energy = -88.56350128
energy/site = -1.230048629
45.6881% accepted

energy = -86.6978793
energy/site = -1.204137213
45.7052% accepted

energy = -88.87130634
energy/site = -1.234323699
45.6757% accepted

energy = -63.72124805
energy/site = -0.885017334
45.6513% accepted

energy = -83.49081792
energy/site = -1.159594693
45.6289% accepted

energy = -69.06524932
energy/site = -0.9592395739
45.6294% accepted

energy = -76.46057365
energy/site = -1.061952412
45.7165% accepted

energy = -82.76686134
energy/site = -1.149539741
45.6867% accepted

energy = -79.52857268
energy/site = -1.104563509
45.7315% accepted

energy = -69.6012353
energy/site = -0.9666838236
45.6059% accepted

energy = -82.99565161
energy/site = -1.152717383
45.5537% accepted

energy = -95.72970319
energy/site = -1.329579211
45.5269% accepted

energy = -82.7545755
energy/site = -1.149369104
45.7712% accepted

energy = -70.48590143
energy/site = -0.9789708532
45.6199% accepted

energy = -81.0598035
energy/site = -1.125830604
45.7635% accepted

energy = -98.30763855
energy/site = -1.365383869
45.7827% accepted

energy = -89.9274844
energy/site = -1.248992839
45.7186% accepted

energy = -81.35846815
energy/site = -1.129978724
45.598% accepted

energy = -90.65368022
energy/site = -1.259078892
45.6077% accepted

energy = -68.4022628
energy/site = -0.9500314277
45.7363% accepted

energy = -83.66712778
energy/site = -1.162043441
45.7362% accepted

energy = -90.78474705
energy/site = -1.260899265
45.8424% accepted

energy = -70.82051419
energy/site = -0.9836182526
45.7645% accepted

energy = -68.32844871
energy/site = -0.9490062321
45.8124% accepted

energy = -87.66681865
energy/site = -1.217594703
45.757% accepted

energy = -79.07872261
energy/site = -1.098315592
45.6155% accepted

energy = -84.83797425
energy/site = -1.178305198
45.8739% accepted

energy = -73.86477539
energy/site = -1.025899658
45.7266% accepted

energy = -79.42288636
energy/site = -1.103095644
45.7111% accepted

energy = -86.948325
energy/site = -1.207615625
45.7169% accepted

energy = -66.50230502
energy/site = -0.9236431253
45.7156% accepted

energy = -86.59911532
energy/site = -1.202765491
45.6523% accepted

energy = -81.18734747
energy/site = -1.127602048
45.5827% accepted

energy = -94.52439804
energy/site = -1.312838862
45.619% accepted

energy = -72.63633551
energy/site = -1.008837993
45.7814% accepted

energy = -70.84082941
energy/site = -0.9839004085
45.7982% accepted

energy = -72.01059663
energy/site = -1.000147175
45.639% accepted

energy = -76.29407114
energy/site = -1.059639877
45.7474% accepted

energy = -79.09285589
energy/site = -1.098511887
45.7602% accepted

energy = -87.84540874
energy/site = -1.220075121
45.7029% accepted

energy = -91.32499905
energy/site = -1.268402765
45.82% accepted

energy = -83.47746164
energy/site = -1.159409189
45.6672% accepted

energy = -83.5040107
energy/site = -1.159777926
45.6884% accepted

energy = -86.29107691
energy/site = -1.198487179
45.7908% accepted

energy = -74.37259852
energy/site = -1.032952757
45.9606% accepted

energy = -77.17936568
energy/site = -1.071935634
45.6581% accepted

energy = -86.73665569
energy/site = -1.204675773
45.6773% accepted

energy = -71.9010368
energy/site = -0.9986255111
45.845% accepted

energy = -76.7536692
energy/site = -1.066023183
45.7786% accepted

energy = -81.67926666
energy/site = -1.134434259
45.6829% accepted

energy = -81.5813546
energy/site = -1.133074369
45.6153% accepted

energy = -71.55285546
energy/site = -0.9937896592
45.5507% accepted

energy = -79.47856458
energy/site = -1.103868952
45.569% accepted

energy = -88.7489647
energy/site = -1.23262451
45.7549% accepted

energy = -80.77386684
energy/site = -1.121859262
45.5959% accepted

energy = -89.1905933
energy/site = -1.23875824
45.6954% accepted

energy = -80.3491987
energy/site = -1.115961093
45.6528% accepted

energy = -95.84528327
energy/site = -1.33118449
45.7794% accepted

energy = -65.22418763
energy/site = -0.9058914948
45.6804% accepted

energy = -84.43050642
energy/site = -1.172645923
45.8171% accepted

energy = -92.33945611
energy/site = -1.282492446
45.8335% accepted

energy = -77.34383916
energy/site = -1.074219988
45.7057% accepted

energy = -82.60663568
energy/site = -1.147314384
45.6851% accepted

energy = -73.37384848
energy/site = -1.019081229
45.8155% accepted

energy = -72.21184329
energy/site = -1.002942268
45.7803% accepted

energy = -95.47823149
energy/site = -1.326086549
45.8093% accepted

energy = -90.51122367
energy/site = -1.257100329
45.8351% accepted

energy = -73.86195757
energy/site = -1.025860522
45.7553% accepted

energy = -82.60033545
energy/site = -1.147226881
45.7671% accepted

energy = -90.10300882
energy/site = -1.251430678
45.8217% accepted

energy = -83.23361344
energy/site = -1.156022409
45.88% accepted

energy = -79.4280904
energy/site = -1.103167922
45.8037% accepted

energy = -76.83045105
energy/site = -1.067089598
45.6699% accepted

energy = -79.749684
energy/site = -1.1076345
45.7745% accepted

energy = -75.09860944
energy/site = -1.043036242
45.7504% accepted

energy = -77.79135696
energy/site = -1.080435513
45.7449% accepted

energy = -94.44109235
energy/site = -1.311681838
45.6201% accepted

energy = -96.40595723
energy/site = -1.338971628
45.8522% accepted

energy = -82.57925745
energy/site = -1.146934131
45.8704% accepted

energy = -65.02377047
energy/site = -0.9031079232
45.7847% accepted

energy = -72.05007473
energy/site = -1.000695482
45.601% accepted

energy = -97.63569839
energy/site = -1.356051367
45.7192% accepted

energy = -86.55505221
energy/site = -1.202153503
45.5782% accepted

energy = -81.31326588
energy/site = -1.129350915
45.7297% accepted

energy = -86.76622605
energy/site = -1.205086473
45.7008% accepted

energy = -72.92663341
energy/site = -1.012869909
45.658% accepted

energy = -85.3380649
energy/site = -1.185250901
45.604% accepted

energy = -84.51379427
energy/site = -1.173802698
45.6971% accepted

energy = -75.19030615
energy/site = -1.044309808
45.7323% accepted

energy = -76.59598725
energy/site = -1.063833156
45.6362% accepted

energy = -73.67318107
energy/site = -1.023238626
45.6986% accepted

energy = -83.37473585
energy/site = -1.157982442
45.5934% accepted

energy = -95.83532944
energy/site = -1.331046242
45.7774% accepted

energy = -92.14891188
energy/site = -1.279845998
45.6086% accepted

energy = -81.24048234
energy/site = -1.128340033
45.6073% accepted

energy = -81.55207418
energy/site = -1.132667697
45.9043% accepted

energy = -75.50670612
energy/site = -1.048704252
45.771% accepted

energy = -83.59943105
energy/site = -1.161103209
45.7659% accepted

energy = -84.62961499
energy/site = -1.175411319
45.6895% accepted

energy = -82.31318438
energy/site = -1.143238672
45.7449% accepted

energy = -74.39162536
energy/site = -1.033217019
45.8303% accepted

energy = -81.31826318
energy/site = -1.129420322
45.8835% accepted

energy = -90.3254812
energy/site = -1.254520572
45.6716% accepted

energy = -87.3229017
energy/site = -1.212818079
45.6507% accepted

energy = -71.4478357
energy/site = -0.9923310514
45.859% accepted

energy = -82.1073413
energy/site = -1.14037974
45.6951% accepted

energy = -83.75721593
energy/site = -1.163294666
45.8318% accepted

energy = -78.02419073
energy/site = -1.083669316
45.8461% accepted

energy = -86.24301947
energy/site = -1.197819715
45.7803% accepted

energy = -76.48556892
energy/site = -1.062299568
45.6636% accepted

energy = -91.46670394
energy/site = -1.270370888
45.6993% accepted

energy = -88.79307527
energy/site = -1.233237157
45.6388% accepted

energy = -80.57681027
energy/site = -1.119122365
45.7013% accepted

energy = -78.32521003
energy/site = -1.087850139
45.7848% accepted

energy = -78.13757667
energy/site = -1.08524412
45.7675% accepted

energy = -83.28073216
energy/site = -1.156676836
45.673% accepted

energy = -92.91771998
energy/site = -1.290523889
45.537% accepted

energy = -82.32817076
energy/site = -1.143446816
45.7753% accepted

energy = -87.31813462
energy/site = -1.21275187
45.6451% accepted

energy = -98.07544976
energy/site = -1.362159024
45.8519% accepted

energy = -82.4501403
energy/site = -1.145140838
45.6489% accepted

energy = -76.28979323
energy/site = -1.059580462
45.6754% accepted

energy = -73.16580696
energy/site = -1.016191763
45.5607% accepted

energy = -73.68316873
energy/site = -1.023377343
45.7558% accepted

energy = -76.58577912
energy/site = -1.063691377
45.9752% accepted

energy = -66.80727443
energy/site = -0.9278788115
45.6195% accepted

energy = -74.73517498
energy/site = -1.037988541
45.6839% accepted

energy = -75.34141088
energy/site = -1.046408484
45.7211% accepted

energy = -79.70032212
energy/site = -1.106948918
45.6796% accepted

energy = -105.885031
energy/site = -1.47062543
45.8465% accepted

energy = -81.03636834
energy/site = -1.125505116
45.6644% accepted

energy = -72.94706459
energy/site = -1.013153675
45.6984% accepted

energy = -82.63171409
energy/site = -1.147662696
45.7198% accepted

energy = -86.73023327
energy/site = -1.204586573
45.6234% accepted

energy = -86.53069908
energy/site = -1.201815265
45.5401% accepted

energy = -86.79866637
energy/site = -1.205537033
45.7115% accepted

energy = -75.45008116
energy/site = -1.047917794
45.7771% accepted

energy = -81.17896966
energy/site = -1.12748569
45.7211% accepted

energy = -72.1869777
energy/site = -1.002596912
45.7667% accepted

energy = -82.27071645
energy/site = -1.14264884
45.5328% accepted

energy = -87.29183456
energy/site = -1.212386591
45.5132% accepted

energy = -74.35727831
energy/site = -1.032739977
45.6066% accepted

energy = -85.66760487
energy/site = -1.189827845
45.7007% accepted

energy = -80.58207462
energy/site = -1.119195481
45.7533% accepted

energy = -67.70446835
energy/site = -0.9403398382
45.7147% accepted

energy = -84.03542955
energy/site = -1.167158744
45.6692% accepted

energy = -80.70702846
energy/site = -1.120930951
45.8009% accepted

energy = -87.24616495
energy/site = -1.211752291
45.7848% accepted

energy = -75.57272873
energy/site = -1.049621232
45.7732% accepted

energy = -90.74447323
energy/site = -1.260339906
45.6973% accepted

energy = -70.46355443
energy/site = -0.9786604782
45.6741% accepted

energy = -98.31505706
energy/site = -1.365486904
45.83% accepted

energy = -83.4686655
energy/site = -1.159287021
45.6924% accepted

energy = -89.86442904
energy/site = -1.24811707
45.8016% accepted

energy = -81.52882296
energy/site = -1.132344763
45.7917% accepted

energy = -84.64942777
energy/site = -1.175686497
45.8302% accepted

energy = -88.16566315
energy/site = -1.224523099
45.7337% accepted

energy = -78.90886671
energy/site = -1.095956482
45.7603% accepted

energy = -82.76177794
energy/site = -1.149469138
45.8312% accepted

energy = -79.57944471
energy/site = -1.105270065
45.6645% accepted

energy = -94.9976253
energy/site = -1.319411463
45.6214% accepted

energy = -77.9350818
energy/site = -1.082431692
45.7202% accepted

energy = -74.26605195
energy/site = -1.031472944
45.7162% accepted

energy = -70.61214492
energy/site = -0.980724235
45.6964% accepted

energy = -88.08085912
energy/site = -1.223345266
45.6581% accepted

energy = -81.84227738
energy/site = -1.136698297
45.6645% accepted

energy = -87.40130559
energy/site = -1.213907022
45.6607% accepted

energy = -71.21869163
energy/site = -0.9891484948
45.5733% accepted

energy = -79.83815105
energy/site = -1.108863209
45.6423% accepted

energy = -73.10282871
energy/site = -1.015317065
45.7493% accepted

energy = -84.90338714
energy/site = -1.17921371
45.6899% accepted

energy = -90.4117143
energy/site = -1.255718254
45.7953% accepted

energy = -79.50783637
energy/site = -1.104275505
45.6129% accepted

energy = -80.89291753
energy/site = -1.123512743
45.6592% accepted

energy = -96.2611913
energy/site = -1.33696099
45.6551% accepted

energy = -80.93688846
energy/site = -1.124123451
45.7857% accepted

energy = -97.39125919
energy/site = -1.352656378
45.7041% accepted

energy = -77.22714659
energy/site = -1.072599258
45.6976% accepted

energy = -74.33016623
energy/site = -1.03236342
45.6798% accepted

energy = -78.1207743
energy/site = -1.085010754
45.6157% accepted

energy = -76.31206205
energy/site = -1.059889751
45.7685% accepted

energy = -91.96898627
energy/site = -1.277347032
45.4376% accepted

energy = -82.47122773
energy/site = -1.145433718
45.7442% accepted

energy = -78.40542445
energy/site = -1.088964229
45.8353% accepted

energy = -82.30507495
energy/site = -1.143126041
45.7931% accepted

energy = -89.95156685
energy/site = -1.249327317
45.7781% accepted

energy = -77.51145277
energy/site = -1.076547955
45.6867% accepted

energy = -83.98777259
energy/site = -1.166496841
45.7491% accepted

energy = -77.11059919
energy/site = -1.070980544
45.7081% accepted

energy = -90.64866164
energy/site = -1.259009189
45.6605% accepted

energy = -78.34109128
energy/site = -1.088070712
45.7688% accepted

energy = -88.91060168
energy/site = -1.234869468
45.7202% accepted

energy = -111.3038403
energy/site = -1.54588667
45.7791% accepted

energy = -75.9343136
energy/site = -1.054643244
45.6541% accepted

energy = -94.12757395
energy/site = -1.307327416
45.8335% accepted

energy = -88.14377065
energy/site = -1.224219037
45.6609% accepted

energy = -90.10600066
energy/site = -1.251472231
45.7518% accepted

energy = -74.47643618
energy/site = -1.034394947
45.6531% accepted

energy = -77.45184855
energy/site = -1.075720119
45.7505% accepted

energy = -79.88175054
energy/site = -1.109468757
45.8185% accepted

energy = -82.15062284
energy/site = -1.140980873
45.7054% accepted

energy = -88.42271899
energy/site = -1.228093319
45.6471% accepted

energy = -90.75601303
energy/site = -1.260500181
45.6737% accepted

energy = -100.1275862
energy/site = -1.39066092
45.6134% accepted

energy = -90.30823755
energy/site = -1.254281077
45.7394% accepted

energy = -70.52018911
energy/site = -0.979447071
45.6182% accepted

energy = -82.57506413
energy/site = -1.146875891
45.5522% accepted

energy = -85.78472037
energy/site = -1.19145445
45.685% accepted

energy = -76.56244451
energy/site = -1.063367285
45.7848% accepted

energy = -66.87081717
energy/site = -0.9287613496
45.7639% accepted

energy = -102.8334341
energy/site = -1.428242141
45.6574% accepted

energy = -78.14332125
energy/site = -1.085323906
45.6306% accepted

energy = -92.85598226
energy/site = -1.28966642
45.7459% accepted

energy = -95.73164611
energy/site = -1.329606196
45.6545% accepted

energy = -104.1621202
energy/site = -1.446696113
45.657% accepted

energy = -74.24053322
energy/site = -1.031118517
45.7341% accepted

energy = -78.81790343
energy/site = -1.094693103
45.7857% accepted

energy = -91.2952815
energy/site = -1.267990021
45.6625% accepted

energy = -74.81836861
energy/site = -1.039144008
45.7515% accepted

energy = -81.32867311
energy/site = -1.129564904
45.6678% accepted

energy = -78.78387855
energy/site = -1.094220535
45.8245% accepted

energy = -80.54933203
energy/site = -1.118740723
45.7814% accepted

energy = -73.22440083
energy/site = -1.017005567
45.751% accepted

energy = -99.00622838
energy/site = -1.375086505
45.6882% accepted

energy = -79.40609142
energy/site = -1.102862381
45.7527% accepted

energy = -100.109347
energy/site = -1.390407597
45.6382% accepted

energy = -80.05986738
energy/site = -1.111942603
45.7106% accepted

energy = -99.44020896
energy/site = -1.381114013
45.8243% accepted

energy = -91.99217866
energy/site = -1.277669148
45.7337% accepted

energy = -80.10737027
energy/site = -1.112602365
45.8071% accepted

energy = -81.56624979
energy/site = -1.13286458
45.8525% accepted

energy = -85.20705042
energy/site = -1.183431256
45.6673% accepted

energy = -78.95263198
energy/site = -1.096564333
45.5578% accepted

energy = -87.80655605
energy/site = -1.219535501
45.7369% accepted

energy = -78.03810204
energy/site = -1.083862528
45.6581% accepted

energy = -93.73222041
energy/site = -1.301836395
45.7219% accepted

energy = -73.46609091
energy/site = -1.020362374
45.7246% accepted

energy = -84.48856338
energy/site = -1.173452269
45.807% accepted

energy = -85.75672066
energy/site = -1.191065565
45.8641% accepted

energy = -77.42199635
energy/site = -1.075305505
45.6802% accepted

energy = -93.64083731
energy/site = -1.300567185
45.7704% accepted

energy = -80.76282173
energy/site = -1.121705857
45.7222% accepted

energy = -74.56850142
energy/site = -1.035673631
45.7732% accepted

energy = -73.06565149
energy/site = -1.014800715
45.8622% accepted

energy = -80.11966866
energy/site = -1.112773176
45.6949% accepted

energy = -71.3050545
energy/site = -0.9903479792
45.7621% accepted

energy = -83.27174909
energy/site = -1.156552071
45.7368% accepted

energy = -81.00005055
energy/site = -1.125000702
45.6746% accepted

energy = -82.13745209
energy/site = -1.140797946
45.7104% accepted

energy = -77.06219278
energy/site = -1.070308233
45.6393% accepted

energy = -87.47550827
energy/site = -1.214937615
45.6411% accepted

energy = -93.95579852
energy/site = -1.304941646
45.735% accepted

energy = -81.64753772
energy/site = -1.133993579
45.8171% accepted

energy = -88.91626296
energy/site = -1.234948097
45.8026% accepted

energy = -81.05914542
energy/site = -1.125821464
45.8476% accepted

energy = -88.60875638
energy/site = -1.230677172
45.5855% accepted

energy = -86.34670151
energy/site = -1.199259743
45.7432% accepted

energy = -82.69346187
energy/site = -1.148520304
45.6366% accepted

energy = -80.46261162
energy/site = -1.117536272
45.9158% accepted

energy = -86.76636359
energy/site = -1.205088383
45.6588% accepted

energy = -89.29942052
energy/site = -1.240269729
45.7562% accepted

energy = -88.85824898
energy/site = -1.234142347
45.6173% accepted

energy = -72.86344622
energy/site = -1.011992309
45.8198% accepted

energy = -91.97559105
energy/site = -1.277438765
45.7465% accepted

energy = -96.21334106
energy/site = -1.336296404
45.6473% accepted

energy = -70.560915
energy/site = -0.9800127083
45.6685% accepted

energy = -68.94001198
energy/site = -0.9575001663
45.803% accepted

energy = -92.55402373
energy/site = -1.285472552
45.7559% accepted

energy = -82.3502962
energy/site = -1.143754114
45.7186% accepted

energy = -85.65418737
energy/site = -1.189641491
45.559% accepted

energy = -72.62833195
energy/site = -1.008726833
45.6198% accepted

energy = -81.94375866
energy/site = -1.138107759
45.8198% accepted

energy = -92.29150097
energy/site = -1.281826402
45.7851% accepted

energy = -86.4060678
energy/site = -1.200084275
45.8564% accepted

energy = -83.35579713
energy/site = -1.157719405
45.7155% accepted

energy = -81.07799405
energy/site = -1.126083251
45.7368% accepted

energy = -78.55223137
energy/site = -1.091003214
45.6552% accepted

energy = -93.91741807
energy/site = -1.304408584
45.6823% accepted

energy = -78.32962859
energy/site = -1.087911508
45.6346% accepted

energy = -84.14033869
energy/site = -1.168615815
45.6815% accepted

energy = -83.26509879
energy/site = -1.156459705
45.6615% accepted

energy = -77.79648307
energy/site = -1.080506709
45.6835% accepted

energy = -71.65371731
energy/site = -0.9951905182
45.7782% accepted

energy = -68.57378592
energy/site = -0.9524136934
45.8632% accepted

energy = -84.12350993
energy/site = -1.168382082
45.529% accepted

energy = -73.7997814
energy/site = -1.024996964
45.6746% accepted

energy = -71.48332041
energy/site = -0.9928238945
45.7803% accepted

energy = -97.22619891
energy/site = -1.350363874
45.7652% accepted

energy = -85.36482368
energy/site = -1.185622551
45.63% accepted

energy = -100.9536825
energy/site = -1.402134479
45.5504% accepted

energy = -82.82655954
energy/site = -1.150368882
45.6577% accepted

energy = -78.0191111
energy/site = -1.083598765
45.7421% accepted

energy = -81.86757832
energy/site = -1.137049699
45.6372% accepted

energy = -81.07691489
energy/site = -1.126068262
45.7158% accepted

energy = -79.40609808
energy/site = -1.102862473
45.8004% accepted

energy = -95.1986081
energy/site = -1.32220289
45.6467% accepted

energy = -85.07653894
energy/site = -1.181618596
45.7232% accepted

energy = -85.09759448
energy/site = -1.181911035
45.6775% accepted

energy = -80.01180485
energy/site = -1.111275067
45.7204% accepted

energy = -86.51399034
energy/site = -1.201583199
45.629% accepted

energy = -75.34704448
energy/site = -1.046486729
45.6276% accepted

energy = -86.7172695
energy/site = -1.204406521
45.7488% accepted

energy = -85.92056182
energy/site = -1.193341136
45.6946% accepted

energy = -74.16699881
energy/site = -1.030097206
45.7455% accepted

energy = -80.78358143
energy/site = -1.121994187
45.634% accepted

energy = -87.4966527
energy/site = -1.215231287
45.6989% accepted

energy = -77.48267077
energy/site = -1.076148205
45.7471% accepted

energy = -78.71316098
energy/site = -1.093238347
45.5961% accepted

energy = -74.5511797
energy/site = -1.035433051
45.8165% accepted

energy = -81.42504743
energy/site = -1.130903437
45.8433% accepted

energy = -96.88504505
energy/site = -1.345625626
45.8001% accepted

energy = -86.53789078
energy/site = -1.20191515
45.7754% accepted

energy = -83.56695005
energy/site = -1.160652084
45.6333% accepted

energy = -89.91067837
energy/site = -1.248759422
45.6402% accepted

energy = -79.37709366
energy/site = -1.102459634
45.8775% accepted

energy = -82.98365857
energy/site = -1.152550813
45.7373% accepted

energy = -93.60061826
energy/site = -1.300008587
45.7416% accepted

energy = -82.1758672
energy/site = -1.141331489
45.8428% accepted

energy = -81.08227854
energy/site = -1.126142757
45.8097% accepted

energy = -87.10439566
energy/site = -1.209783273
45.7548% accepted

energy = -75.92096623
energy/site = -1.054457864
45.6659% accepted

energy = -81.50058396
energy/site = -1.131952555
45.8008% accepted

energy = -80.42327332
energy/site = -1.116989907
45.7715% accepted

energy = -71.37897809
energy/site = -0.9913746956
45.6769% accepted

energy = -76.1862266
energy/site = -1.058142036
45.8668% accepted

energy = -88.73384979
energy/site = -1.23241458
45.8352% accepted

energy = -85.31602373
energy/site = -1.184944774
45.7876% accepted

energy = -82.48702645
energy/site = -1.145653145
45.813% accepted

energy = -97.5414252
energy/site = -1.354742017
45.6593% accepted

energy = -68.50917098
energy/site = -0.9515162637
45.6719% accepted

energy = -92.09164664
energy/site = -1.279050648
45.688% accepted

energy = -78.28845403
energy/site = -1.087339639
45.7855% accepted

energy = -76.46998317
energy/site = -1.0620831
45.6493% accepted

energy = -76.18308087
energy/site = -1.058098345
45.681% accepted

energy = -92.42432323
energy/site = -1.283671156
45.7135% accepted

energy = -80.54017109
energy/site = -1.118613487
45.8518% accepted

energy = -70.70108353
energy/site = -0.9819594935
45.7295% accepted

energy = -68.28157957
energy/site = -0.9483552718
45.7471% accepted

energy = -98.35177052
energy/site = -1.365996813
45.557% accepted

energy = -90.0684596
energy/site = -1.250950828
45.5688% accepted

energy = -68.88654176
energy/site = -0.9567575244
45.7493% accepted

energy = -75.10623143
energy/site = -1.043142103
45.5619% accepted

energy = -79.23015588
energy/site = -1.100418832
45.7001% accepted

energy = -91.64666058
energy/site = -1.272870286
45.8037% accepted

energy = -78.39155913
energy/site = -1.088771655
45.6084% accepted

energy = -84.20886769
energy/site = -1.169567607
45.645% accepted

energy = -87.26635959
energy/site = -1.212032772
45.7066% accepted

energy = -91.48237399
energy/site = -1.270588528
45.6604% accepted

energy = -69.37584405
energy/site = -0.9635533896
45.7666% accepted

energy = -87.37487641
energy/site = -1.21353995
45.7411% accepted

energy = -83.02006596
energy/site = -1.153056472
45.6488% accepted

energy = -77.25305435
energy/site = -1.072959088
45.6261% accepted

energy = -82.3438848
energy/site = -1.143665067
45.7682% accepted

energy = -89.44543179
energy/site = -1.242297664
45.7738% accepted

energy = -90.00674341
energy/site = -1.250093659
45.5556% accepted

energy = -73.966254
energy/site = -1.027309083
45.7461% accepted

energy = -78.06317477
energy/site = -1.084210761
45.6598% accepted

energy = -72.42780309
energy/site = -1.00594171
45.6216% accepted

energy = -75.21859167
energy/site = -1.044702662
45.698% accepted

energy = -84.56991602
energy/site = -1.174582167
45.7025% accepted

energy = -83.76583545
energy/site = -1.163414381
45.7275% accepted

energy = -81.44835818
energy/site = -1.131227197
45.6807% accepted

energy = -100.8437274
energy/site = -1.400607325
45.8177% accepted

energy = -76.64850818
energy/site = -1.064562614
45.7592% accepted

energy = -87.48153138
energy/site = -1.215021269
45.6602% accepted

energy = -66.31651216
energy/site = -0.9210626689
45.7906% accepted

energy = -83.43457495
energy/site = -1.158813541
45.6384% accepted

energy = -76.88234133
energy/site = -1.067810296
45.818% accepted

energy = -77.80714502
energy/site = -1.080654792
45.8392% accepted

energy = -67.9765803
energy/site = -0.9441191709
45.8603% accepted

energy = -77.79599166
energy/site = -1.080499884
45.8421% accepted

energy = -80.14989452
energy/site = -1.113192979
45.758% accepted

energy = -82.1478612
energy/site = -1.140942517
45.8145% accepted

energy = -70.9899158
energy/site = -0.9859710527
45.5781% accepted

energy = -93.23011418
energy/site = -1.294862697
45.8142% accepted

energy = -89.22778385
energy/site = -1.239274776
45.6836% accepted

energy = -88.4417347
energy/site = -1.228357426
45.7921% accepted

energy = -87.33932498
energy/site = -1.21304618
45.5773% accepted

energy = -86.22541242
energy/site = -1.197575173
45.7143% accepted

energy = -75.53110235
energy/site = -1.049043088
45.6058% accepted

energy = -103.5306263
energy/site = -1.437925365
45.6619% accepted

energy = -88.30728363
energy/site = -1.22649005
45.7287% accepted

energy = -80.05422942
energy/site = -1.111864298
45.6539% accepted

energy = -105.040577
energy/site = -1.458896903
45.5434% accepted

energy = -88.44787111
energy/site = -1.228442654
45.6845% accepted

energy = -73.5916312
energy/site = -1.022105989
45.7487% accepted

energy = -91.08202791
energy/site = -1.265028165
45.8169% accepted

energy = -78.61772271
energy/site = -1.091912815
45.689% accepted

energy = -82.39839291
energy/site = -1.144422124
45.6225% accepted

energy = -65.0709952
energy/site = -0.9037638223
45.5875% accepted

energy = -76.95426469
energy/site = -1.068809232
45.6926% accepted

energy = -80.92784133
energy/site = -1.123997796
45.8311% accepted

energy = -95.66953057
energy/site = -1.32874348
45.5416% accepted

energy = -80.33248418
energy/site = -1.115728947
45.5819% accepted

energy = -81.97351805
energy/site = -1.138521084
45.7532% accepted

energy = -67.21388721
energy/site = -0.9335262113
45.761% accepted

energy = -86.4208863
energy/site = -1.200290088
45.8106% accepted

energy = -93.90509796
energy/site = -1.304237472
45.6284% accepted

energy = -72.69408042
energy/site = -1.009640006
45.7408% accepted

energy = -84.41927213
energy/site = -1.172489891
45.6154% accepted

energy = -79.1770867
energy/site = -1.09968176
45.6262% accepted

energy = -76.94854226
energy/site = -1.068729754
45.7428% accepted

energy = -96.20101228
energy/site = -1.336125171
45.8326% accepted

energy = -76.3870812
energy/site = -1.060931683
45.7328% accepted

energy = -85.1441497
energy/site = -1.182557635
45.8237% accepted

energy = -84.97490147
energy/site = -1.180206965
45.6548% accepted

energy = -83.81151776
energy/site = -1.164048858
45.9178% accepted

energy = -78.15454308
energy/site = -1.085479765
45.6401% accepted

energy = -80.63598548
energy/site = -1.119944243
45.6661% accepted

energy = -78.37350441
energy/site = -1.088520895
45.6567% accepted

energy = -79.47881665
energy/site = -1.103872453
45.8875% accepted

energy = -79.47845114
energy/site = -1.103867377
45.5945% accepted

energy = -82.2231142
energy/site = -1.141987697
45.5614% accepted

energy = -74.3642029
energy/site = -1.032836151
45.722% accepted

energy = -89.6041568
energy/site = -1.244502178
45.8197% accepted

energy = -87.1159031
energy/site = -1.209943099
45.6238% accepted

energy = -83.20408507
energy/site = -1.155612293
45.7093% accepted

energy = -81.43389771
energy/site = -1.131026357
45.6975% accepted

energy = -82.25203512
energy/site = -1.142389377
45.7161% accepted

energy = -75.80579297
energy/site = -1.052858236
45.6506% accepted

energy = -78.06578086
energy/site = -1.084246956
45.8844% accepted

energy = -71.27538914
energy/site = -0.9899359603
45.6373% accepted

energy = -97.29352702
energy/site = -1.351298986
45.7377% accepted

energy = -77.8448036
energy/site = -1.081177828
45.6275% accepted

energy = -82.1415648
energy/site = -1.140855067
45.6057% accepted

energy = -87.64553456
energy/site = -1.217299091
45.7303% accepted

energy = -76.4132043
energy/site = -1.061294504
45.8047% accepted

energy = -77.88355291
energy/site = -1.081716013
45.5968% accepted

energy = -71.81307136
energy/site = -0.9974037689
45.6016% accepted

energy = -79.05134831
energy/site = -1.097935393
45.636% accepted

energy = -90.39975105
energy/site = -1.255552098
45.7806% accepted

energy = -74.64354579
energy/site = -1.036715914
45.7442% accepted

energy = -80.34680252
energy/site = -1.115927813
45.7589% accepted

energy = -73.7039002
energy/site = -1.023665281
45.73% accepted

energy = -95.1216742
energy/site = -1.321134364
45.8313% accepted

energy = -74.98099934
energy/site = -1.041402769
45.7158% accepted

energy = -95.92511876
energy/site = -1.332293316
45.688% accepted

energy = -86.10672874
energy/site = -1.195926788
45.7071% accepted

energy = -97.04508005
energy/site = -1.347848334
45.6546% accepted

energy = -81.57381914
energy/site = -1.13296971
45.8735% accepted

energy = -87.96642586
energy/site = -1.221755915
45.7149% accepted

energy = -82.33032387
energy/site = -1.14347672
45.6804% accepted

energy = -68.71239722
energy/site = -0.9543388503
45.7024% accepted

energy = -77.87907412
energy/site = -1.081653807
45.7025% accepted

energy = -73.78939598
energy/site = -1.024852722
45.6462% accepted

energy = -76.29805617
energy/site = -1.059695225
45.6715% accepted

energy = -84.8571881
energy/site = -1.178572057
45.8032% accepted

energy = -73.42531554
energy/site = -1.019796049
45.5263% accepted

energy = -86.04391387
energy/site = -1.195054359
45.8169% accepted

energy = -87.57167367
energy/site = -1.216273245
45.7041% accepted

energy = -92.43116892
energy/site = -1.283766235
45.7576% accepted

energy = -84.01774317
energy/site = -1.1669131
45.738% accepted

energy = -92.94769071
energy/site = -1.290940149
45.5246% accepted

energy = -79.81295203
energy/site = -1.108513223
45.6844% accepted

energy = -86.94737559
energy/site = -1.207602439
45.7551% accepted

energy = -74.53243659
energy/site = -1.03517273
45.7071% accepted

energy = -77.19649242
energy/site = -1.072173506
45.6085% accepted

energy = -85.45347839
energy/site = -1.186853867
45.7764% accepted

energy = -81.84846117
energy/site = -1.136784183
45.7049% accepted

energy = -72.21706099
energy/site = -1.003014736
45.6806% accepted

energy = -96.90765757
energy/site = -1.345939688
45.8187% accepted

energy = -76.66282008
energy/site = -1.06476139
45.8415% accepted

energy = -83.08592217
energy/site = -1.153971141
45.7456% accepted

energy = -78.42442336
energy/site = -1.089228102
45.6898% accepted

energy = -99.05747407
energy/site = -1.375798251
45.8163% accepted

energy = -81.4664921
energy/site = -1.131479057
45.8248% accepted

energy = -82.93362523
energy/site = -1.151855906
45.6632% accepted

energy = -79.05348398
energy/site = -1.097965055
45.6961% accepted

energy = -75.95790279
energy/site = -1.054970872
45.6727% accepted

energy = -70.85099941
energy/site = -0.9840416585
45.583% accepted

energy = -90.10544468
energy/site = -1.251464509
45.7556% accepted

energy = -77.44266537
energy/site = -1.075592575
45.8543% accepted

energy = -99.31448585
energy/site = -1.379367859
45.7325% accepted

energy = -79.7516933
energy/site = -1.107662407
45.5783% accepted

energy = -90.16429383
energy/site = -1.252281859
45.6213% accepted

energy = -76.2470167
energy/site = -1.058986343
45.7249% accepted

energy = -85.43593486
energy/site = -1.186610206
45.8027% accepted

energy = -82.50010073
energy/site = -1.145834732
45.8009% accepted

energy = -77.55096595
energy/site = -1.077096749
45.7181% accepted

energy = -81.08701467
energy/site = -1.126208537
45.7977% accepted

energy = -77.79729919
energy/site = -1.080518044
45.6592% accepted

energy = -84.3392194
energy/site = -1.171378047
45.5062% accepted

energy = -88.47478446
energy/site = -1.228816451
45.6934% accepted

energy = -77.03382792
energy/site = -1.069914277
45.7326% accepted

energy = -78.17397152
energy/site = -1.085749604
45.6209% accepted

energy = -84.33808673
energy/site = -1.171362316
45.6828% accepted

energy = -97.25227995
energy/site = -1.35072611
45.842% accepted

energy = -103.1396788
energy/site = -1.432495539
45.6656% accepted

energy = -74.53287923
energy/site = -1.035178878
45.728% accepted

energy = -88.8428933
energy/site = -1.233929074
45.8258% accepted

energy = -97.21081605
energy/site = -1.350150223
45.6846% accepted

energy = -87.49557947
energy/site = -1.215216382
45.7755% accepted

energy = -73.10572177
energy/site = -1.015357247
45.8388% accepted

energy = -81.40782464
energy/site = -1.130664231
45.7456% accepted

energy = -85.95591267
energy/site = -1.19383212
45.8246% accepted

energy = -86.25444155
energy/site = -1.197978355
45.6215% accepted

energy = -91.30952691
energy/site = -1.268187874
45.7299% accepted

energy = -82.93815326
energy/site = -1.151918795
45.6776% accepted

energy = -79.02156504
energy/site = -1.097521737
45.6851% accepted

energy = -73.8341347
energy/site = -1.025474093
45.6674% accepted

energy = -70.63151686
energy/site = -0.9809932897
45.7384% accepted

energy = -80.37324377
energy/site = -1.116295052
45.6858% accepted

energy = -82.12517044
energy/site = -1.140627367
45.8419% accepted

energy = -87.54710719
energy/site = -1.215932044
45.6299% accepted

energy = -87.86004417
energy/site = -1.220278391
45.7194% accepted

energy = -75.13237228
energy/site = -1.043505171
45.7174% accepted

energy = -89.05110042
energy/site = -1.236820839
45.6086% accepted

energy = -81.70681978
energy/site = -1.134816941
45.6259% accepted

energy = -89.42538666
energy/site = -1.242019259
45.6821% accepted

energy = -87.89501466
energy/site = -1.220764092
45.5913% accepted

energy = -72.34816601
energy/site = -1.004835639
45.7595% accepted

energy = -89.46241261
energy/site = -1.242533508
45.6325% accepted

energy = -75.36537007
energy/site = -1.046741251
45.7031% accepted

energy = -82.13394523
energy/site = -1.140749239
45.6923% accepted

energy = -73.97635659
energy/site = -1.027449397
45.7531% accepted

energy = -80.71948732
energy/site = -1.121103991
45.6559% accepted

energy = -102.7736815
energy/site = -1.427412243
45.8083% accepted

energy = -93.24635548
energy/site = -1.295088271
45.7042% accepted

energy = -80.5609609
energy/site = -1.118902235
45.6211% accepted

energy = -88.9636249
energy/site = -1.235605901
45.6947% accepted

energy = -70.91634884
energy/site = -0.9849492894
45.57% accepted

energy = -82.99661074
energy/site = -1.152730705
45.6706% accepted

energy = -88.90610379
energy/site = -1.234806997
45.8963% accepted

energy = -82.95239991
energy/site = -1.152116665
45.8184% accepted

energy = -90.91364152
energy/site = -1.262689465
45.6285% accepted

energy = -80.1045477
energy/site = -1.112563162
45.9566% accepted

energy = -80.02136269
energy/site = -1.111407815
45.8303% accepted

energy = -80.11681195
energy/site = -1.112733499
45.5479% accepted

energy = -83.90690468
energy/site = -1.165373676
45.5717% accepted

energy = -81.17588086
energy/site = -1.12744279
45.6616% accepted

energy = -65.26661965
energy/site = -0.9064808285
45.6782% accepted

energy = -73.57322107
energy/site = -1.021850293
45.6949% accepted

energy = -87.30673252
energy/site = -1.212593507
45.7749% accepted

energy = -86.31569306
energy/site = -1.19882907
45.8609% accepted

energy = -91.80274685
energy/site = -1.275038151
45.8154% accepted

energy = -85.73754333
energy/site = -1.190799213
45.6585% accepted

energy = -88.53890965
energy/site = -1.229707078
45.7057% accepted

energy = -83.48141259
energy/site = -1.159464064
45.7751% accepted

energy = -79.49337518
energy/site = -1.104074655
45.7559% accepted

energy = -84.74103619
energy/site = -1.176958836
45.6056% accepted

energy = -74.49508952
energy/site = -1.034654021
45.7472% accepted

energy = -56.95418044
energy/site = -0.7910302839
45.802% accepted

energy = -74.50673407
energy/site = -1.034815751
45.7305% accepted

energy = -85.63328538
energy/site = -1.189351186
45.7471% accepted

energy = -79.75699116
energy/site = -1.107735988
45.6207% accepted

energy = -73.35781498
energy/site = -1.018858541
45.6593% accepted

energy = -81.02377263
energy/site = -1.125330175
45.7731% accepted

energy = -83.96217054
energy/site = -1.166141257
45.6645% accepted

energy = -79.9528028
energy/site = -1.110455594
45.6714% accepted

energy = -78.13851431
energy/site = -1.085257143
45.7239% accepted

energy = -97.13373035
energy/site = -1.349079588
45.6827% accepted

energy = -74.26899945
energy/site = -1.031513881
45.8602% accepted

energy = -82.05291523
energy/site = -1.139623823
45.7683% accepted

energy = -75.33612047
energy/site = -1.046335007
45.7263% accepted

energy = -78.62624948
energy/site = -1.092031243
45.7478% accepted

energy = -71.40345968
energy/site = -0.9917147178
45.7315% accepted

energy = -74.95991752
energy/site = -1.041109965
45.7501% accepted

energy = -78.39526615
energy/site = -1.088823141
45.6116% accepted

energy = -76.94848638
energy/site = -1.068728978
45.7119% accepted

energy = -82.52494289
energy/site = -1.146179762
45.7628% accepted

energy = -71.59096097
energy/site = -0.9943189023
45.7776% accepted

energy = -79.66472934
energy/site = -1.106454574
45.7373% accepted

energy = -76.52821493
energy/site = -1.062891874
45.6666% accepted

energy = -83.43637233
energy/site = -1.158838505
45.7904% accepted

energy = -76.5764464
energy/site = -1.063561756
45.7468% accepted

energy = -91.33411917
energy/site = -1.268529433
45.8644% accepted

energy = -66.02338673
energy/site = -0.9169914824
45.7035% accepted

energy = -75.56235382
energy/site = -1.049477136
45.6152% accepted

energy = -74.89340152
energy/site = -1.040186132
45.67% accepted

energy = -76.85752223
energy/site = -1.067465587
45.7938% accepted

energy = -77.82558813
energy/site = -1.080910946
45.6605% accepted

energy = -80.31119887
energy/site = -1.115433318
45.6635% accepted

energy = -79.50353002
energy/site = -1.104215695
45.5304% accepted

energy = -80.76701339
energy/site = -1.121764075
45.7566% accepted

energy = -68.7895042
energy/site = -0.9554097806
45.6951% accepted

energy = -71.36104399
energy/site = -0.991125611
45.6344% accepted

energy = -89.78471595
energy/site = -1.247009944
45.7357% accepted

energy = -82.40969203
energy/site = -1.144579056
45.6423% accepted

energy = -83.72872746
energy/site = -1.162898993
45.7659% accepted

energy = -94.93349662
energy/site = -1.318520786
45.7941% accepted

energy = -80.91637198
energy/site = -1.1238385
45.8188% accepted

energy = -80.56940459
energy/site = -1.119019508
45.5965% accepted

energy = -88.22139
energy/site = -1.225297083
45.7309% accepted

energy = -68.50550093
energy/site = -0.9514652907
45.7269% accepted

energy = -69.43127937
energy/site = -0.9643233245
45.5637% accepted

energy = -77.5346643
energy/site = -1.076870338
45.7203% accepted

energy = -86.45459072
energy/site = -1.200758204
45.7434% accepted

energy = -97.3539907
energy/site = -1.35213876
45.6043% accepted

energy = -93.35490298
energy/site = -1.296595875
45.7584% accepted

energy = -89.20946602
energy/site = -1.239020361
45.8033% accepted

energy = -87.23455547
energy/site = -1.211591048
45.7427% accepted

energy = -82.26243825
energy/site = -1.142533865
45.7127% accepted

energy = -77.48554341
energy/site = -1.076188103
45.6702% accepted

energy = -83.84789904
energy/site = -1.164554153
45.7747% accepted

energy = -82.06835332
energy/site = -1.139838241
45.622% accepted

energy = -73.90109859
energy/site = -1.026404147
45.6392% accepted

energy = -85.72823177
energy/site = -1.190669886
45.8421% accepted

energy = -81.32917123
energy/site = -1.129571823
45.6568% accepted

energy = -83.11175543
energy/site = -1.154329937
45.5485% accepted

energy = -88.77608634
energy/site = -1.233001199
45.8181% accepted

energy = -90.46707356
energy/site = -1.256487133
45.8478% accepted

energy = -86.31554543
energy/site = -1.19882702
45.6639% accepted

energy = -87.53922872
energy/site = -1.215822621
45.7981% accepted

energy = -85.66352953
energy/site = -1.189771243
45.7427% accepted

energy = -88.80080813
energy/site = -1.233344557
45.7944% accepted

energy = -76.67060946
energy/site = -1.064869576
45.5726% accepted

energy = -83.29085876
energy/site = -1.156817483
45.7469% accepted

energy = -83.33854589
energy/site = -1.157479804
45.6331% accepted

energy = -87.82005216
energy/site = -1.219722947
45.8164% accepted

energy = -88.00015613
energy/site = -1.222224391
45.8148% accepted

energy = -74.42151584
energy/site = -1.033632164
45.8422% accepted

energy = -80.47326577
energy/site = -1.117684247
45.8833% accepted

energy = -78.75464625
energy/site = -1.093814531
45.6846% accepted

energy = -79.8746888
energy/site = -1.109370678
45.8037% accepted

energy = -95.42181855
energy/site = -1.325303035
45.7989% accepted

energy = -88.38580352
energy/site = -1.227580604
45.7849% accepted

energy = -79.86777797
energy/site = -1.109274694
45.8284% accepted

energy = -76.24007402
energy/site = -1.058889917
45.752% accepted

energy = -78.48760418
energy/site = -1.090105614
45.5926% accepted

energy = -71.39084449
energy/site = -0.9915395068
45.8713% accepted

energy = -92.79421814
energy/site = -1.288808585
45.6236% accepted

energy = -83.98528582
energy/site = -1.166462303
45.6884% accepted

energy = -88.22140092
energy/site = -1.225297235
45.717% accepted

energy = -91.78053865
energy/site = -1.274729703
45.5742% accepted

energy = -86.21319689
energy/site = -1.197405512
45.7997% accepted

energy = -89.95925423
energy/site = -1.249434087
45.6337% accepted

energy = -92.43921171
energy/site = -1.28387794
45.6491% accepted

energy = -97.17662937
energy/site = -1.349675408
45.7006% accepted

energy = -89.94769434
energy/site = -1.249273533
45.8739% accepted

energy = -84.18663949
energy/site = -1.169258882
45.6904% accepted

energy = -90.20414065
energy/site = -1.252835287
45.5647% accepted

energy = -82.24464246
energy/site = -1.142286701
45.8067% accepted

energy = -82.11551845
energy/site = -1.140493312
45.5636% accepted

energy = -77.72687145
energy/site = -1.079539881
45.6505% accepted

energy = -74.01637395
energy/site = -1.028005194
45.686% accepted

energy = -87.2453651
energy/site = -1.211741182
45.7181% accepted

energy = -87.27315933
energy/site = -1.212127213
45.717% accepted

energy = -88.61455301
energy/site = -1.230757681
45.6634% accepted

energy = -78.19007677
energy/site = -1.085973288
45.7593% accepted

energy = -71.98094573
energy/site = -0.9997353574
45.6403% accepted

energy = -92.53431466
energy/site = -1.285198815
45.766% accepted

energy = -82.31034731
energy/site = -1.143199268
45.6036% accepted

energy = -84.20021838
energy/site = -1.169447478
45.6795% accepted

energy = -75.77902467
energy/site = -1.052486454
45.85% accepted

energy = -73.77279766
energy/site = -1.02462219
45.6946% accepted

energy = -96.0938299
energy/site = -1.334636526
45.6467% accepted

energy = -95.12884687
energy/site = -1.321233984
45.8406% accepted

energy = -76.17037226
energy/site = -1.057921837
45.6413% accepted

energy = -84.17821643
energy/site = -1.169141895
45.6762% accepted

energy = -88.44182883
energy/site = -1.228358734
45.6858% accepted

energy = -83.34148486
energy/site = -1.157520623
45.684% accepted

energy = -82.35064399
energy/site = -1.143758944
45.5704% accepted

energy = -91.42760159
energy/site = -1.2698278
45.6979% accepted

energy = -74.0500807
energy/site = -1.028473343
45.799% accepted

energy = -84.11860669
energy/site = -1.168313982
45.7727% accepted

energy = -88.28926655
energy/site = -1.226239813
45.6645% accepted

energy = -78.27652399
energy/site = -1.087173944
45.7213% accepted

energy = -89.32160116
energy/site = -1.240577794
45.824% accepted

energy = -82.53140142
energy/site = -1.146269464
45.6708% accepted

energy = -83.04759068
energy/site = -1.153438759
45.6945% accepted

energy = -87.69837919
energy/site = -1.218033044
45.7037% accepted

energy = -92.46803791
energy/site = -1.284278304
45.6719% accepted

energy = -71.00623066
energy/site = -0.9861976481
45.7021% accepted

energy = -78.00308674
energy/site = -1.083376205
45.7646% accepted

energy = -75.5949757
energy/site = -1.049930218
45.7082% accepted

energy = -92.12518491
energy/site = -1.279516457
45.7281% accepted

energy = -88.16780808
energy/site = -1.22455289
45.8644% accepted

energy = -77.11654713
energy/site = -1.071063155
45.8909% accepted

energy = -80.08187234
energy/site = -1.112248227
45.6023% accepted

energy = -69.00977023
energy/site = -0.9584690309
45.7174% accepted

energy = -75.0807858
energy/site = -1.042788692
45.5826% accepted

energy = -94.92899048
energy/site = -1.318458201
45.6427% accepted

energy = -69.12088315
energy/site = -0.960012266
45.725% accepted

energy = -84.8532368
energy/site = -1.178517178
45.593% accepted

energy = -75.37920787
energy/site = -1.046933443
45.6583% accepted

energy = -75.12582766
energy/site = -1.043414273
45.6667% accepted

energy = -75.84595329
energy/site = -1.053416018
45.6132% accepted

energy = -86.1737212
energy/site = -1.196857239
45.6184% accepted

energy = -80.27919893
energy/site = -1.114988874
45.5993% accepted

energy = -83.78464437
energy/site = -1.163675616
45.7209% accepted

energy = -78.19623776
energy/site = -1.086058858
45.8882% accepted

energy = -88.39364313
energy/site = -1.227689488
45.7924% accepted

energy = -93.16886213
energy/site = -1.294011974
45.7846% accepted

energy = -78.84339237
energy/site = -1.095047116
45.6005% accepted

energy = -63.96551309
energy/site = -0.888409904
45.6526% accepted

energy = -73.82691136
energy/site = -1.025373769
45.7754% accepted

energy = -68.10652891
energy/site = -0.9459240127
45.6825% accepted

energy = -80.34231497
energy/site = -1.115865486
45.7229% accepted

energy = -69.33789825
energy/site = -0.9630263646
45.6126% accepted

energy = -86.14532845
energy/site = -1.196462895
45.7973% accepted

energy = -80.1683696
energy/site = -1.113449578
45.6491% accepted

energy = -99.21290292
energy/site = -1.377956985
45.7676% accepted

energy = -81.1615863
energy/site = -1.127244254
45.8444% accepted

energy = -81.54528021
energy/site = -1.132573336
45.5867% accepted

energy = -86.62691991
energy/site = -1.203151665
45.7366% accepted

energy = -81.11967384
energy/site = -1.126662137
45.7981% accepted

energy = -88.62707552
energy/site = -1.230931604
45.6432% accepted

energy = -80.7168757
energy/site = -1.121067718
45.6972% accepted

energy = -76.03301595
energy/site = -1.05601411
45.7993% accepted

energy = -73.74678771
energy/site = -1.02426094
45.6808% accepted

energy = -102.9548713
energy/site = -1.429928769
45.7178% accepted

energy = -82.54243341
energy/site = -1.146422686
45.792% accepted

energy = -77.8974357
energy/site = -1.081908829
45.5767% accepted

energy = -81.65141775
energy/site = -1.134047469
45.6489% accepted

energy = -86.38523538
energy/site = -1.199794936
45.6656% accepted

energy = -77.79404126
energy/site = -1.080472795
45.6% accepted

energy = -97.83086963
energy/site = -1.358762078
45.6202% accepted

energy = -82.30148855
energy/site = -1.14307623
45.8448% accepted

energy = -87.04880866
energy/site = -1.209011231
45.8302% accepted

energy = -86.18308666
energy/site = -1.196987315
45.7253% accepted

energy = -91.13538312
energy/site = -1.26576921
45.685% accepted

energy = -97.77025666
energy/site = -1.357920231
45.6242% accepted

energy = -71.0510505
energy/site = -0.9868201458
45.7346% accepted

energy = -85.07802942
energy/site = -1.181639298
45.534% accepted

energy = -94.66720399
energy/site = -1.314822278
45.6813% accepted

energy = -79.78932874
energy/site = -1.108185121
45.5992% accepted

energy = -91.65223127
energy/site = -1.272947657
45.8401% accepted

energy = -99.43545298
energy/site = -1.381047958
45.8253% accepted

energy = -86.27011308
energy/site = -1.198196015
45.7663% accepted

energy = -83.38259705
energy/site = -1.158091626
45.7593% accepted

energy = -83.67100441
energy/site = -1.162097284
45.6922% accepted

energy = -95.76147234
energy/site = -1.330020449
45.7052% accepted

energy = -68.0075483
energy/site = -0.9445492819
45.7052% accepted

energy = -91.6171594
energy/site = -1.272460547
45.7116% accepted

energy = -75.58624802
energy/site = -1.049809
45.7298% accepted

energy = -74.80041141
energy/site = -1.038894603
45.6761% accepted

energy = -85.87107141
energy/site = -1.19265377
45.8547% accepted

energy = -80.97795832
energy/site = -1.124693866
45.8578% accepted

energy = -83.67803452
energy/site = -1.162194924
45.6563% accepted

energy = -89.93845941
energy/site = -1.24914527
45.8237% accepted

energy = -79.37036313
energy/site = -1.102366155
45.6053% accepted

energy = -84.19181531
energy/site = -1.169330768
45.6738% accepted

energy = -78.48450755
energy/site = -1.090062605
45.6703% accepted

energy = -91.19394155
energy/site = -1.266582521
45.7376% accepted

energy = -91.5821329
energy/site = -1.271974068
45.6993% accepted

energy = -81.35286963
energy/site = -1.129900967
45.636% accepted

energy = -80.19854053
energy/site = -1.113868618
45.7706% accepted

energy = -69.69460336
energy/site = -0.9679806022
45.6741% accepted

energy = -84.86642374
energy/site = -1.17870033
45.7285% accepted

energy = -82.56933677
energy/site = -1.146796344
45.6229% accepted

energy = -85.94209838
energy/site = -1.193640255
45.6553% accepted

energy = -82.67467259
energy/site = -1.148259341
45.6721% accepted

energy = -76.33441277
energy/site = -1.060200177
45.6713% accepted

energy = -82.95255389
energy/site = -1.152118804
45.7205% accepted

energy = -83.63283466
energy/site = -1.161567148
45.7742% accepted

energy = -74.35951071
energy/site = -1.032770982
45.8628% accepted

energy = -86.60007295
energy/site = -1.202778791
45.7132% accepted

energy = -85.71499451
energy/site = -1.190486035
45.6974% accepted

energy = -71.71849076
energy/site = -0.9960901494
45.7682% accepted

energy = -68.76582136
energy/site = -0.9550808522
45.6821% accepted

energy = -91.47568896
energy/site = -1.27049568
45.8412% accepted

energy = -69.56268741
energy/site = -0.9661484362
45.6846% accepted

energy = -87.157626
energy/site = -1.210522583
45.6321% accepted

energy = -91.24160222
energy/site = -1.267244475
45.7029% accepted

energy = -92.29371211
energy/site = -1.281857113
45.6884% accepted

energy = -72.95183304
energy/site = -1.013219903
45.6288% accepted

energy = -79.80303853
energy/site = -1.108375535
45.7219% accepted

energy = -64.1562068
energy/site = -0.8910584277
45.8332% accepted

energy = -76.75717116
energy/site = -1.066071822
45.8029% accepted

energy = -69.0719254
energy/site = -0.9593322972
45.6206% accepted

energy = -82.13863985
energy/site = -1.140814442
45.7886% accepted

energy = -72.94570566
energy/site = -1.013134801
45.5247% accepted

energy = -75.65540951
energy/site = -1.050769576
45.6035% accepted

energy = -84.42557421
energy/site = -1.17257742
45.7881% accepted

energy = -87.85504155
energy/site = -1.22020891
45.6675% accepted

energy = -95.15487977
energy/site = -1.321595552
45.6692% accepted

energy = -78.13197731
energy/site = -1.085166352
45.7835% accepted

energy = -77.49611468
energy/site = -1.076334926
45.6458% accepted

energy = -82.31567121
energy/site = -1.143273211
45.6883% accepted

energy = -79.44317892
energy/site = -1.103377485
45.7847% accepted

energy = -78.55349684
energy/site = -1.091020789
45.7677% accepted

energy = -85.7578526
energy/site = -1.191081286
45.7024% accepted

energy = -85.68678323
energy/site = -1.190094212
45.6803% accepted

energy = -75.64192805
energy/site = -1.050582334
45.6987% accepted

energy = -78.66165417
energy/site = -1.092522975
45.5999% accepted

energy = -57.57454833
energy/site = -0.7996465046
45.6767% accepted

energy = -71.78731052
energy/site = -0.9970459795
45.7762% accepted

energy = -83.71249287
energy/site = -1.162673512
45.6124% accepted

energy = -71.43627715
energy/site = -0.992170516
45.6841% accepted

energy = -93.8200167
energy/site = -1.303055787
45.7862% accepted

energy = -76.456965
energy/site = -1.061902292
45.6516% accepted

energy = -86.65917755
energy/site = -1.203599688
45.6122% accepted

energy = -75.90153952
energy/site = -1.054188049
45.7917% accepted

energy = -78.10051158
energy/site = -1.084729327
45.7223% accepted

energy = -80.14367766
energy/site = -1.113106634
45.8579% accepted

energy = -81.20359474
energy/site = -1.127827705
45.7123% accepted

energy = -73.78920316
energy/site = -1.024850044
45.634% accepted

energy = -68.77745951
energy/site = -0.9552424932
45.783% accepted

energy = -72.78795042
energy/site = -1.010943756
45.7162% accepted

energy = -79.35195389
energy/site = -1.102110471
45.538% accepted

energy = -93.90726469
energy/site = -1.304267565
45.7711% accepted

energy = -81.63310845
energy/site = -1.133793173
45.6229% accepted

energy = -79.33708202
energy/site = -1.101903917
45.7409% accepted

energy = -72.22807141
energy/site = -1.003167659
45.6331% accepted

energy = -99.54951762
energy/site = -1.382632189
45.7061% accepted

energy = -104.2695233
energy/site = -1.448187824
45.6818% accepted

energy = -93.64454768
energy/site = -1.300618718
45.6092% accepted

energy = -69.88042842
energy/site = -0.9705615059
45.6391% accepted

energy = -82.43232942
energy/site = -1.144893464
45.7801% accepted

energy = -88.79107423
energy/site = -1.233209364
45.7459% accepted

energy = -72.01736145
energy/site = -1.000241131
45.8168% accepted

energy = -77.82962473
energy/site = -1.08096701
45.6997% accepted

energy = -77.77136196
energy/site = -1.080157805
45.6878% accepted

energy = -98.74267591
energy/site = -1.371426054
45.8829% accepted

energy = -82.16265642
energy/site = -1.141148006
45.5964% accepted

energy = -78.57148992
energy/site = -1.091270693
45.6246% accepted

energy = -83.01930014
energy/site = -1.153045835
45.8139% accepted

energy = -102.4260577
energy/site = -1.422584135
45.734% accepted

energy = -73.57030847
energy/site = -1.02180984
45.6212% accepted

energy = -73.16860669
energy/site = -1.016230648
45.6244% accepted

energy = -89.98630699
energy/site = -1.249809819
45.7137% accepted

energy = -75.05479535
energy/site = -1.042427713
45.7016% accepted

energy = -73.80426525
energy/site = -1.02505924
45.5824% accepted

energy = -89.75161261
energy/site = -1.246550175
45.5816% accepted

energy = -70.59867724
energy/site = -0.9805371839
45.7539% accepted

energy = -76.43082087
energy/site = -1.061539179
45.5385% accepted

energy = -73.67800488
energy/site = -1.023305623
45.7251% accepted

energy = -88.21503797
energy/site = -1.225208861
45.7422% accepted

energy = -87.36229313
energy/site = -1.213365182
45.7313% accepted

energy = -77.4522792
energy/site = -1.0757261
45.7144% accepted

energy = -68.62665375
energy/site = -0.9531479688
45.7713% accepted

energy = -70.54756608
energy/site = -0.9798273066
45.6898% accepted

energy = -80.96296657
energy/site = -1.124485647
45.8343% accepted

energy = -84.97189852
energy/site = -1.180165257
45.7437% accepted

energy = -85.85341378
energy/site = -1.192408525
45.7408% accepted

energy = -102.0269174
energy/site = -1.41704052
45.7544% accepted

energy = -82.51777709
energy/site = -1.146080237
45.7558% accepted

energy = -80.27845402
energy/site = -1.114978528
45.7389% accepted

energy = -84.79994234
energy/site = -1.177776977
45.8123% accepted

energy = -74.43320334
energy/site = -1.033794491
45.6688% accepted

energy = -85.81905237
energy/site = -1.191931283
45.8234% accepted

energy = -75.04059795
energy/site = -1.042230527
45.7066% accepted

energy = -65.68415355
energy/site = -0.9122799105
45.7499% accepted

energy = -85.55270548
energy/site = -1.188232021
45.689% accepted

energy = -86.27139513
energy/site = -1.198213821
45.7686% accepted

energy = -74.7553902
energy/site = -1.038269308
45.7215% accepted

energy = -69.42093532
energy/site = -0.9641796572
45.6918% accepted

energy = -75.39203738
energy/site = -1.04711163
45.6351% accepted

energy = -80.65522395
energy/site = -1.120211444
45.7605% accepted

energy = -86.16871688
energy/site = -1.196787734
45.8273% accepted

energy = -75.40710553
energy/site = -1.04732091
45.9269% accepted

energy = -88.57548361
energy/site = -1.23021505
45.7709% accepted

energy = -86.46648902
energy/site = -1.200923459
45.5627% accepted

energy = -77.33543243
energy/site = -1.074103228
45.6531% accepted

energy = -83.89850105
energy/site = -1.165256959
45.6689% accepted

energy = -78.30291834
energy/site = -1.087540533
45.666% accepted

energy = -75.20717224
energy/site = -1.044544059
45.6422% accepted

energy = -88.22682424
energy/site = -1.225372559
45.696% accepted

energy = -90.12258112
energy/site = -1.251702516
45.6888% accepted

energy = -83.84283087
energy/site = -1.164483762
45.8665% accepted

energy = -82.90096444
energy/site = -1.151402284
45.5879% accepted

energy = -88.16246555
energy/site = -1.224478688
45.6803% accepted

energy = -81.86033667
energy/site = -1.13694912
45.6689% accepted

energy = -76.5740141
energy/site = -1.063527974
45.5695% accepted

energy = -77.79340519
energy/site = -1.080463961
45.6253% accepted

energy = -77.69125523
energy/site = -1.079045212
45.82% accepted

energy = -68.40627401
energy/site = -0.950087139
45.7315% accepted

energy = -85.70786484
energy/site = -1.190387012
45.7614% accepted

energy = -88.35484537
energy/site = -1.22715063
45.7688% accepted

energy = -77.22432708
energy/site = -1.072560098
45.7158% accepted

energy = -97.31226056
energy/site = -1.351559174
45.633% accepted

energy = -80.23726678
energy/site = -1.114406483
45.7403% accepted

energy = -81.26538539
energy/site = -1.128685908
45.8289% accepted

energy = -92.80891542
energy/site = -1.289012714
45.66% accepted

energy = -77.70280887
energy/site = -1.079205679
45.8388% accepted

energy = -80.96018428
energy/site = -1.124447004
45.754% accepted

energy = -81.86629329
energy/site = -1.137031851
45.57% accepted

energy = -84.61228838
energy/site = -1.175170672
45.4643% accepted

energy = -72.19191216
energy/site = -1.002665447
45.6634% accepted

energy = -82.63326145
energy/site = -1.147684187
45.6929% accepted

energy = -105.8352655
energy/site = -1.469934243
45.8587% accepted

energy = -82.32475432
energy/site = -1.143399366
45.6643% accepted

energy = -82.41604146
energy/site = -1.144667243
45.7204% accepted

energy = -77.89352067
energy/site = -1.081854454
45.6793% accepted

energy = -75.11791927
energy/site = -1.043304434
45.7748% accepted

energy = -84.88953363
energy/site = -1.1790213
45.7164% accepted

energy = -74.45609742
energy/site = -1.034112464
45.7367% accepted

energy = -77.9829656
energy/site = -1.083096744
45.6991% accepted

energy = -92.6173309
energy/site = -1.286351818
45.6311% accepted

energy = -85.58136164
energy/site = -1.188630023
45.7667% accepted

energy = -82.24845136
energy/site = -1.142339602
45.7103% accepted

energy = -77.10033811
energy/site = -1.070838029
45.8644% accepted

energy = -77.27861937
energy/site = -1.073314158
45.8951% accepted

energy = -83.37503011
energy/site = -1.157986529
45.6703% accepted

energy = -81.45294314
energy/site = -1.131290877
45.713% accepted

energy = -79.17619931
energy/site = -1.099669435
45.6929% accepted

energy = -74.98656785
energy/site = -1.041480109
45.6715% accepted

energy = -81.23909709
energy/site = -1.128320793
45.6055% accepted

energy = -72.37179164
energy/site = -1.005163773
45.6854% accepted

energy = -79.03341314
energy/site = -1.097686294
45.6254% accepted

energy = -90.38424258
energy/site = -1.255336702
45.7731% accepted

energy = -73.32308848
energy/site = -1.018376229
45.6887% accepted

energy = -75.38558855
energy/site = -1.047022063
45.5869% accepted

energy = -80.45270473
energy/site = -1.117398677
45.7406% accepted

energy = -77.40037148
energy/site = -1.07500516
45.6634% accepted

energy = -86.92416764
energy/site = -1.207280106
45.7414% accepted

energy = -73.73079532
energy/site = -1.024038824
45.6546% accepted

energy = -76.81891723
energy/site = -1.066929406
45.7683% accepted

energy = -68.28126607
energy/site = -0.9483509176
45.7637% accepted

energy = -72.08777079
energy/site = -1.001219039
45.7311% accepted

energy = -90.57153952
energy/site = -1.257938049
45.7834% accepted

energy = -77.01131184
energy/site = -1.069601553
45.7457% accepted

energy = -78.80589752
energy/site = -1.094526354
45.7243% accepted

energy = -84.49502777
energy/site = -1.173542052
45.768% accepted

energy = -84.08546121
energy/site = -1.167853628
45.8155% accepted

energy = -73.65811629
energy/site = -1.023029393
45.7567% accepted

energy = -105.6834291
energy/site = -1.467825404
45.7002% accepted

energy = -77.11358013
energy/site = -1.071021946
45.8711% accepted

energy = -74.90387859
energy/site = -1.040331647
45.6249% accepted

energy = -84.38425793
energy/site = -1.172003582
45.6136% accepted

energy = -80.2363691
energy/site = -1.114394015
45.8294% accepted

energy = -87.06597762
energy/site = -1.209249689
45.7143% accepted

energy = -85.4839538
energy/site = -1.187277136
45.7482% accepted

energy = -85.61033834
energy/site = -1.189032477
45.8776% accepted

energy = -85.23303729
energy/site = -1.183792185
45.7389% accepted

energy = -86.98447069
energy/site = -1.208117648
45.7125% accepted

energy = -87.77372517
energy/site = -1.219079516
45.8237% accepted

energy = -90.51304294
energy/site = -1.257125596
45.7647% accepted

energy = -78.74693876
energy/site = -1.093707483
45.6677% accepted

energy = -75.39941027
energy/site = -1.047214032
45.6665% accepted

energy = -86.47535449
energy/site = -1.20104659
45.8311% accepted

energy = -90.79553571
energy/site = -1.261049107
45.7665% accepted

energy = -77.19202877
energy/site = -1.072111511
45.6527% accepted

energy = -93.44870053
energy/site = -1.297898618
45.7037% accepted

energy = -71.18068598
energy/site = -0.9886206387
45.7113% accepted

energy = -92.36444229
energy/site = -1.282839476
45.7075% accepted

energy = -96.49076665
energy/site = -1.340149537
45.6957% accepted

energy = -92.22978087
energy/site = -1.280969179
45.7636% accepted

energy = -82.41975105
energy/site = -1.144718765
45.6663% accepted

energy = -89.49917009
energy/site = -1.243044029
45.9301% accepted

energy = -87.73371349
energy/site = -1.218523799
45.5642% accepted

energy = -86.50413712
energy/site = -1.201446349
45.7542% accepted

energy = -74.27226841
energy/site = -1.031559284
45.6381% accepted

energy = -78.82882612
energy/site = -1.094844807
45.7972% accepted

energy = -79.38624155
energy/site = -1.102586688
45.8433% accepted

energy = -80.11290457
energy/site = -1.11267923
45.6705% accepted

energy = -65.07254684
energy/site = -0.9037853727
45.6385% accepted

energy = -75.52582964
energy/site = -1.048969856
45.7163% accepted

energy = -85.17313943
energy/site = -1.18296027
45.7408% accepted

energy = -81.08798423
energy/site = -1.126222003
45.7289% accepted

energy = -77.18124176
energy/site = -1.071961691
45.7099% accepted

energy = -82.55948259
energy/site = -1.14665948
45.752% accepted

energy = -84.32965092
energy/site = -1.171245152
45.6636% accepted

energy = -89.66266125
energy/site = -1.24531474
45.7377% accepted

energy = -95.23810453
energy/site = -1.322751452
45.9061% accepted

energy = -75.26951081
energy/site = -1.045409872
45.6103% accepted

energy = -85.42251141
energy/site = -1.18642377
45.6537% accepted

energy = -88.15229316
energy/site = -1.224337405
45.6403% accepted

energy = -83.36921238
energy/site = -1.157905728
45.5813% accepted

energy = -81.14276655
energy/site = -1.126982869
45.6716% accepted

energy = -71.13463273
energy/site = -0.9879810101
45.7268% accepted

energy = -79.91133888
energy/site = -1.109879707
45.6513% accepted

energy = -112.5655549
energy/site = -1.563410484
45.6507% accepted

energy = -86.73382605
energy/site = -1.204636473
45.7136% accepted

energy = -69.67815759
energy/site = -0.9677521888
45.6606% accepted

energy = -76.97180473
energy/site = -1.069052843
45.721% accepted

energy = -88.19050371
energy/site = -1.224868107
45.7417% accepted

energy = -73.63743157
energy/site = -1.022742105
45.6791% accepted

energy = -82.27234373
energy/site = -1.142671441
45.5915% accepted

energy = -67.46330834
energy/site = -0.9369903936
45.6006% accepted

energy = -85.48745377
energy/site = -1.187325747
45.6316% accepted

energy = -81.58141392
energy/site = -1.133075193
45.6872% accepted

energy = -79.07399962
energy/site = -1.098249995
45.5893% accepted

energy = -67.5670736
energy/site = -0.9384315778
45.7669% accepted

energy = -83.91797412
energy/site = -1.165527418
45.9575% accepted

energy = -82.22639201
energy/site = -1.142033222
45.7867% accepted

energy = -84.93732539
energy/site = -1.179685075
45.6514% accepted

energy = -79.03648657
energy/site = -1.09772898
45.6682% accepted

energy = -82.70375716
energy/site = -1.148663294
45.6768% accepted

energy = -97.49604666
energy/site = -1.354111759
45.6242% accepted

energy = -83.8920157
energy/site = -1.165166885
45.6586% accepted

energy = -97.50309783
energy/site = -1.354209692
45.718% accepted

energy = -64.24605968
energy/site = -0.8923063844
45.775% accepted

energy = -72.36824487
energy/site = -1.005114512
45.6685% accepted

energy = -84.26129463
energy/site = -1.170295759
45.6927% accepted

energy = -81.10339488
energy/site = -1.12643604
45.7018% accepted

energy = -77.5662765
energy/site = -1.077309396
45.8544% accepted

energy = -88.98061083
energy/site = -1.235841817
45.6994% accepted

energy = -73.03635717
energy/site = -1.01439385
45.7862% accepted

energy = -82.40026455
energy/site = -1.144448119
45.737% accepted

energy = -73.15662286
energy/site = -1.016064206
45.6449% accepted

energy = -82.72434949
energy/site = -1.148949299
45.6855% accepted

energy = -80.8692957
energy/site = -1.123184662
45.7543% accepted

energy = -78.72278189
energy/site = -1.093371971
45.75% accepted

energy = -77.56227054
energy/site = -1.077253757
45.7752% accepted

energy = -77.02419445
energy/site = -1.069780479
45.6763% accepted

energy = -86.2709359
energy/site = -1.198207443
45.7377% accepted

energy = -87.23835551
energy/site = -1.211643826
45.7371% accepted

energy = -86.56024725
energy/site = -1.202225656
45.7189% accepted

energy = -83.75899849
energy/site = -1.163319424
45.6622% accepted

energy = -75.81720579
energy/site = -1.053016747
45.6619% accepted

energy = -91.30234751
energy/site = -1.26808816
45.7415% accepted

energy = -93.21151699
energy/site = -1.294604403
45.6595% accepted

energy = -97.77843652
energy/site = -1.35803384
45.6445% accepted

energy = -92.41365745
energy/site = -1.28352302
45.8634% accepted

energy = -85.62514165
energy/site = -1.189238078
45.7215% accepted

energy = -70.07199183
energy/site = -0.9732221087
45.791% accepted

energy = -98.6147928
energy/site = -1.3696499
45.7144% accepted

energy = -85.7933523
energy/site = -1.191574338
45.7178% accepted

energy = -64.97339918
energy/site = -0.9024083219
45.7513% accepted

energy = -82.00251307
energy/site = -1.138923793
45.7563% accepted

energy = -82.81186233
energy/site = -1.150164755
45.7848% accepted

energy = -67.33556313
energy/site = -0.9352161546
45.6546% accepted

energy = -83.26447976
energy/site = -1.156451108
45.7385% accepted

energy = -83.47911984
energy/site = -1.15943222
45.6923% accepted

energy = -92.53742613
energy/site = -1.28524203
45.5737% accepted

energy = -78.3651866
energy/site = -1.088405369
45.8076% accepted

energy = -85.31427764
energy/site = -1.184920523
45.652% accepted

energy = -73.5621544
energy/site = -1.021696589
45.7157% accepted

energy = -78.2839668
energy/site = -1.087277317
45.8385% accepted

energy = -72.64347321
energy/site = -1.008937128
45.7936% accepted

energy = -88.2849312
energy/site = -1.2261796
45.7268% accepted

energy = -82.80359229
energy/site = -1.150049893
45.7801% accepted

energy = -95.54024437
energy/site = -1.326947839
45.6178% accepted

energy = -73.9837998
energy/site = -1.027552775
45.6596% accepted

energy = -68.45071627
energy/site = -0.9507043926
45.5655% accepted

energy = -93.7888077
energy/site = -1.302622329
45.6778% accepted

energy = -72.36699302
energy/site = -1.005097125
45.909% accepted

energy = -73.43688075
energy/site = -1.019956677
45.6976% accepted

energy = -74.16042063
energy/site = -1.030005842
45.7826% accepted

energy = -90.30019078
energy/site = -1.254169316
45.7501% accepted

energy = -79.1737733
energy/site = -1.09963574
45.9039% accepted

energy = -84.66237642
energy/site = -1.175866339
45.609% accepted

energy = -74.03226998
energy/site = -1.028225972
45.7616% accepted

energy = -75.32680109
energy/site = -1.046205571
45.6777% accepted

energy = -84.58102343
energy/site = -1.174736437
45.716% accepted

energy = -83.47296537
energy/site = -1.159346741
45.7304% accepted

energy = -85.05136598
energy/site = -1.181268972
45.7094% accepted

energy = -86.57908774
energy/site = -1.20248733
45.7446% accepted

energy = -81.10279076
energy/site = -1.126427649
45.6293% accepted

energy = -82.55715916
energy/site = -1.146627211
45.6793% accepted

energy = -86.36956498
energy/site = -1.199577291
45.811% accepted

energy = -96.10580808
energy/site = -1.33480289
45.787% accepted

energy = -73.09593326
energy/site = -1.015221295
45.6848% accepted

energy = -82.88452943
energy/site = -1.15117402
45.8686% accepted

energy = -90.44609212
energy/site = -1.256195724
45.5385% accepted

energy = -88.13777072
energy/site = -1.224135704
45.6844% accepted

energy = -88.2638313
energy/site = -1.225886546
45.7002% accepted

energy = -66.67973482
energy/site = -0.9261074281
45.6779% accepted

energy = -78.51222637
energy/site = -1.090447589
45.7102% accepted

energy = -65.94113707
energy/site = -0.915849126
45.6272% accepted

energy = -89.64025598
energy/site = -1.245003555
45.707% accepted

energy = -88.59131025
energy/site = -1.230434865
45.6482% accepted

energy = -81.14414365
energy/site = -1.127001995
45.6585% accepted

energy = -83.50676002
energy/site = -1.159816111
45.7468% accepted

energy = -63.29113177
energy/site = -0.8790434967
45.6461% accepted

energy = -75.92675484
energy/site = -1.054538262
45.6756% accepted

energy = -89.91001983
energy/site = -1.248750275
45.8786% accepted

energy = -88.63937313
energy/site = -1.231102405
45.7756% accepted

energy = -97.07981126
energy/site = -1.348330712
45.616% accepted

energy = -78.92965153
energy/site = -1.09624516
45.6671% accepted

energy = -84.34647112
energy/site = -1.171478766
45.6577% accepted

energy = -77.79372291
energy/site = -1.080468374
45.8233% accepted

energy = -91.27122382
energy/site = -1.267655886
45.8141% accepted

energy = -70.76147065
energy/site = -0.9827982035
45.6093% accepted

energy = -77.64610629
energy/site = -1.078418143
45.9589% accepted

energy = -78.35709609
energy/site = -1.088293001
45.6387% accepted

energy = -95.57746538
energy/site = -1.327464797
45.7296% accepted

energy = -71.41328995
energy/site = -0.9918512493
45.6301% accepted

energy = -83.80905113
energy/site = -1.164014599
45.7713% accepted

energy = -73.06076402
energy/site = -1.014732834
45.7547% accepted

energy = -89.00416327
energy/site = -1.236168934
45.841% accepted

energy = -97.46061952
energy/site = -1.353619715
45.4734% accepted

energy = -73.10947842
energy/site = -1.015409423
45.7372% accepted

energy = -80.88352533
energy/site = -1.123382296
45.6681% accepted

energy = -69.06012288
energy/site = -0.9591683734
45.7702% accepted

energy = -87.20647463
energy/site = -1.211201036
45.7369% accepted

energy = -94.4997262
energy/site = -1.312496197
45.8003% accepted

energy = -76.43842577
energy/site = -1.061644802
45.7209% accepted

energy = -73.7920162
energy/site = -1.024889114
45.6381% accepted

energy = -80.47599108
energy/site = -1.117722098
45.692% accepted

energy = -87.62453646
energy/site = -1.217007451
45.7221% accepted

energy = -77.03213341
energy/site = -1.069890742
45.7417% accepted

energy = -78.73753711
energy/site = -1.093576904
45.6635% accepted

energy = -91.09505288
energy/site = -1.265209068
45.7142% accepted

energy = -78.73484067
energy/site = -1.093539454
45.8313% accepted

energy = -78.90837389
energy/site = -1.095949637
45.8505% accepted

energy = -79.456248
energy/site = -1.103559
45.7571% accepted

energy = -67.95763552
energy/site = -0.9438560488
45.7988% accepted

energy = -89.83643794
energy/site = -1.247728305
45.895% accepted

energy = -91.49811504
energy/site = -1.270807153
45.6944% accepted

energy = -91.32352615
energy/site = -1.268382308
45.7181% accepted

energy = -91.58322926
energy/site = -1.271989295
45.8726% accepted

energy = -76.0150245
energy/site = -1.055764229
45.6165% accepted

energy = -83.09140697
energy/site = -1.154047319
45.7539% accepted

energy = -81.71321721
energy/site = -1.134905795
45.6206% accepted

energy = -87.78305913
energy/site = -1.219209155
45.8553% accepted

energy = -87.56212962
energy/site = -1.216140689
45.7064% accepted

energy = -84.58152621
energy/site = -1.17474342
45.7528% accepted

energy = -84.1015905
energy/site = -1.168077646
45.7362% accepted

energy = -80.68246338
energy/site = -1.120589769
45.7403% accepted

energy = -79.44842658
energy/site = -1.103450369
45.784% accepted

energy = -76.325559
energy/site = -1.060077208
45.7416% accepted

energy = -93.80404847
energy/site = -1.302834007
45.6424% accepted

energy = -73.14758768
energy/site = -1.015938718
45.9256% accepted

energy = -83.95974105
energy/site = -1.166107515
45.7308% accepted

energy = -83.8657323
energy/site = -1.164801838
45.7296% accepted

energy = -87.28939507
energy/site = -1.212352709
45.7347% accepted

energy = -82.24636545
energy/site = -1.142310631
45.735% accepted

energy = -86.18885454
energy/site = -1.197067424
45.6786% accepted

energy = -67.81081842
energy/site = -0.9418169225
45.6328% accepted

energy = -68.16715753
energy/site = -0.9467660768
45.5834% accepted

energy = -98.23640906
energy/site = -1.36439457
45.6751% accepted

energy = -65.53356609
energy/site = -0.910188418
45.6588% accepted

energy = -73.23376223
energy/site = -1.017135587
45.753% accepted

energy = -80.98514081
energy/site = -1.124793622
45.6728% accepted

energy = -78.86201775
energy/site = -1.095305802
45.7302% accepted

energy = -81.608424
energy/site = -1.133450333
45.6871% accepted

energy = -91.78367048
energy/site = -1.274773201
45.7988% accepted

energy = -80.90307178
energy/site = -1.123653775
45.6% accepted

energy = -88.97609817
energy/site = -1.235779141
45.8456% accepted

energy = -77.58861698
energy/site = -1.07761968
45.6979% accepted

energy = -86.98346121
energy/site = -1.208103628
45.7048% accepted

energy = -80.14320764
energy/site = -1.113100106
45.5268% accepted

energy = -92.82174082
energy/site = -1.289190845
45.7387% accepted

energy = -90.21537448
energy/site = -1.252991312
45.5873% accepted

energy = -75.34862712
energy/site = -1.04650871
45.6674% accepted

energy = -89.92513983
energy/site = -1.248960275
45.766% accepted

energy = -83.93282965
energy/site = -1.165733745
45.9524% accepted

energy = -89.38199534
energy/site = -1.241416602
45.7746% accepted

energy = -73.36109709
energy/site = -1.018904126
45.9462% accepted

energy = -69.72767325
energy/site = -0.9684399063
45.7021% accepted

energy = -78.40781773
energy/site = -1.088997468
45.7322% accepted

energy = -86.69230985
energy/site = -1.204059859
45.776% accepted

energy = -103.7494696
energy/site = -1.440964855
45.7342% accepted

energy = -82.83424573
energy/site = -1.150475635
45.6577% accepted

energy = -92.08134759
energy/site = -1.278907605
45.6575% accepted

energy = -103.1585476
energy/site = -1.432757606
45.6284% accepted

energy = -75.65841963
energy/site = -1.050811384
45.8759% accepted

energy = -70.85656383
energy/site = -0.9841189421
45.7771% accepted

energy = -76.77159916
energy/site = -1.066272211
45.6759% accepted

energy = -80.92699988
energy/site = -1.123986109
45.766% accepted

energy = -78.45390417
energy/site = -1.089637558
45.6389% accepted

energy = -86.00142103
energy/site = -1.194464181
45.7189% accepted

energy = -83.81872966
energy/site = -1.164149023
45.738% accepted

energy = -80.4295497
energy/site = -1.117077079
45.6986% accepted

energy = -88.35320496
energy/site = -1.227127847
45.5702% accepted

energy = -82.55619771
energy/site = -1.146613857
45.7238% accepted

energy = -73.5560838
energy/site = -1.021612275
45.6946% accepted

energy = -73.24661564
energy/site = -1.017314106
45.7474% accepted

energy = -84.31288041
energy/site = -1.171012228
45.9384% accepted

energy = -73.37399388
energy/site = -1.019083248
45.8503% accepted

energy = -82.33671387
energy/site = -1.14356547
45.7135% accepted

energy = -70.76505877
energy/site = -0.9828480384
45.749% accepted

energy = -71.50298023
energy/site = -0.9930969476
45.7125% accepted

energy = -93.62940359
energy/site = -1.300408383
45.7949% accepted

energy = -86.44921781
energy/site = -1.200683581
45.7269% accepted

energy = -92.30657252
energy/site = -1.282035729
45.5642% accepted

energy = -85.9943827
energy/site = -1.194366426
45.9513% accepted

energy = -65.06314552
energy/site = -0.9036547988
45.7912% accepted

energy = -80.07218004
energy/site = -1.112113612
45.6525% accepted

energy = -75.61519198
energy/site = -1.050211
45.7039% accepted

energy = -78.3484474
energy/site = -1.088172881
45.8284% accepted

energy = -81.84805718
energy/site = -1.136778572
45.6135% accepted

energy = -75.30650119
energy/site = -1.045923628
45.6273% accepted

energy = -76.40142912
energy/site = -1.06113096
45.6992% accepted

energy = -77.09794298
energy/site = -1.070804764
45.6448% accepted

energy = -95.60663112
energy/site = -1.327869877
45.8742% accepted

energy = -94.43441805
energy/site = -1.31158914
45.6881% accepted

energy = -84.94624973
energy/site = -1.179809024
45.7482% accepted

energy = -72.82421618
energy/site = -1.011447447
45.7216% accepted

energy = -87.92801695
energy/site = -1.221222458
45.8885% accepted

energy = -83.91958687
energy/site = -1.165549818
45.5935% accepted

energy = -83.4010023
energy/site = -1.158347254
45.7261% accepted

energy = -69.46172231
energy/site = -0.9647461432
45.659% accepted

energy = -69.50238424
energy/site = -0.9653108923
45.5203% accepted

energy = -98.67467948
energy/site = -1.37048166
45.7195% accepted

energy = -82.22386109
energy/site = -1.141998071
45.7044% accepted

energy = -89.82153101
energy/site = -1.247521264
45.599% accepted

energy = -84.73699685
energy/site = -1.176902734
45.6351% accepted

energy = -77.71696066
energy/site = -1.079402231
45.7872% accepted

energy = -97.05842241
energy/site = -1.348033645
45.8635% accepted

energy = -87.3604024
energy/site = -1.213338922
45.6996% accepted

energy = -83.99264965
energy/site = -1.166564578
45.6735% accepted

energy = -76.65605925
energy/site = -1.06466749
45.6778% accepted

energy = -84.69145495
energy/site = -1.176270208
45.7259% accepted

energy = -72.44929043
energy/site = -1.006240145
45.7359% accepted

energy = -75.41776922
energy/site = -1.047469017
45.8817% accepted

energy = -71.60785884
energy/site = -0.9945535951
45.5503% accepted

energy = -78.10588753
energy/site = -1.084803993
45.6162% accepted

energy = -81.34320394
energy/site = -1.129766721
45.6706% accepted

energy = -102.6574223
energy/site = -1.425797532
45.6815% accepted

energy = -84.16115742
energy/site = -1.168904964
45.7606% accepted

energy = -84.15011859
energy/site = -1.168751647
45.7083% accepted

energy = -64.81204659
energy/site = -0.9001673138
45.7428% accepted

energy = -87.97157039
energy/site = -1.221827367
45.7165% accepted

energy = -69.75114637
energy/site = -0.9687659219
45.6569% accepted

energy = -84.46533991
energy/site = -1.173129721
45.7303% accepted

energy = -67.51055738
energy/site = -0.9376466302
45.6682% accepted

energy = -80.71486495
energy/site = -1.121039791
45.7579% accepted

energy = -79.00198685
energy/site = -1.097249817
45.8516% accepted

energy = -80.06880199
energy/site = -1.112066694
45.6969% accepted

energy = -73.82749927
energy/site = -1.025381934
45.8233% accepted

energy = -79.29721891
energy/site = -1.101350263
45.7323% accepted

energy = -80.75686627
energy/site = -1.121623143
45.8301% accepted

energy = -90.63973132
energy/site = -1.258885157
45.5914% accepted

energy = -86.53128352
energy/site = -1.201823382
45.7138% accepted

energy = -87.40978723
energy/site = -1.214024823
45.765% accepted

energy = -78.46038368
energy/site = -1.089727551
45.7796% accepted

energy = -90.04930355
energy/site = -1.250684771
45.7835% accepted

energy = -72.33701927
energy/site = -1.004680823
45.7551% accepted

energy = -78.16336158
energy/site = -1.085602244
45.7778% accepted

energy = -81.58775494
energy/site = -1.133163263
45.7531% accepted

energy = -99.50141733
energy/site = -1.38196413
45.7361% accepted

energy = -81.66995913
energy/site = -1.134304988
45.6145% accepted

energy = -83.84973909
energy/site = -1.16457971
45.5837% accepted

energy = -96.72131508
energy/site = -1.343351598
45.7894% accepted

energy = -72.16646766
energy/site = -1.002312051
45.6768% accepted

energy = -84.6249663
energy/site = -1.175346754
45.8317% accepted

energy = -68.5244003
energy/site = -0.9517277819
45.7408% accepted

energy = -74.16411427
energy/site = -1.030057143
45.7664% accepted

energy = -90.42425937
energy/site = -1.255892491
45.7056% accepted

energy = -82.49872559
energy/site = -1.145815633
45.808% accepted

energy = -82.93671295
energy/site = -1.151898791
45.6525% accepted

energy = -85.875594
energy/site = -1.192716583
45.7077% accepted

energy = -84.06288923
energy/site = -1.167540128
45.6422% accepted

energy = -83.35472292
energy/site = -1.157704485
45.6046% accepted

energy = -86.67803222
energy/site = -1.203861559
45.7233% accepted

energy = -90.61733784
energy/site = -1.258574137
45.6386% accepted

energy = -85.82407399
energy/site = -1.192001028
45.8111% accepted

energy = -70.0964993
energy/site = -0.9735624902
45.6069% accepted

energy = -88.87233164
energy/site = -1.234337939
45.8052% accepted

energy = -80.45996859
energy/site = -1.117499564
45.8395% accepted

energy = -83.34150792
energy/site = -1.157520943
45.5417% accepted

energy = -79.06200363
energy/site = -1.098083384
45.5932% accepted

energy = -95.79510223
energy/site = -1.330487531
45.865% accepted

energy = -83.76572341
energy/site = -1.163412825
45.7346% accepted

energy = -88.84841245
energy/site = -1.234005729
45.7304% accepted

energy = -73.80572362
energy/site = -1.025079495
45.5496% accepted

energy = -78.59604787
energy/site = -1.091611776
45.7151% accepted

energy = -78.83972332
energy/site = -1.094996157
45.6518% accepted

energy = -80.94003942
energy/site = -1.124167214
45.6178% accepted

energy = -69.36163034
energy/site = -0.9633559769
45.5923% accepted

energy = -83.00352783
energy/site = -1.152826775
45.7594% accepted

energy = -82.63740077
energy/site = -1.147741677
45.6287% accepted

energy = -67.59168895
energy/site = -0.9387734577
45.6602% accepted

energy = -91.03406461
energy/site = -1.264362008
45.9418% accepted

energy = -93.40803279
energy/site = -1.297333789
45.7786% accepted

energy = -76.75664691
energy/site = -1.06606454
45.7828% accepted

energy = -70.71117909
energy/site = -0.9820997096
45.6013% accepted

energy = -84.82033999
energy/site = -1.178060278
45.7208% accepted

energy = -81.26914216
energy/site = -1.128738086
45.8393% accepted

energy = -87.06596616
energy/site = -1.20924953
45.7259% accepted

energy = -85.05127976
energy/site = -1.181267774
45.5594% accepted

energy = -74.98461551
energy/site = -1.041452993
45.7524% accepted

energy = -70.50509374
energy/site = -0.9792374131
45.7639% accepted

energy = -87.88009013
energy/site = -1.220556807
45.5887% accepted

energy = -100.1460431
energy/site = -1.390917265
45.6754% accepted

energy = -81.79125907
energy/site = -1.135989709
45.6573% accepted

energy = -73.20639478
energy/site = -1.016755483
45.7389% accepted

energy = -81.83583602
energy/site = -1.136608834
45.7097% accepted

energy = -87.97110087
energy/site = -1.221820845
45.6572% accepted

energy = -76.66492537
energy/site = -1.06479063
45.8123% accepted

energy = -64.59388566
energy/site = -0.8971373008
45.7151% accepted

energy = -72.06912598
energy/site = -1.000960083
45.7485% accepted

energy = -69.81117255
energy/site = -0.9695996188
45.6607% accepted

energy = -78.35306091
energy/site = -1.088236957
45.5641% accepted

energy = -81.08996691
energy/site = -1.12624954
45.9274% accepted

energy = -70.63210509
energy/site = -0.9810014596
45.6205% accepted

energy = -67.25948632
energy/site = -0.9341595322
45.6869% accepted

energy = -78.8351122
energy/site = -1.094932114
45.8535% accepted

energy = -76.3530814
energy/site = -1.060459464
45.5831% accepted

energy = -88.34219681
energy/site = -1.226974956
45.7037% accepted

energy = -71.87507081
energy/site = -0.9982648724
45.7394% accepted

energy = -70.80271073
energy/site = -0.9833709824
45.745% accepted

energy = -80.66577762
energy/site = -1.120358022
45.6571% accepted

energy = -69.94379032
energy/site = -0.9714415322
45.6644% accepted

energy = -65.31126251
energy/site = -0.9071008682
45.5993% accepted

energy = -77.7731921
energy/site = -1.080183224
45.652% accepted

energy = -87.77421255
energy/site = -1.219086285
45.5371% accepted

energy = -82.82580743
energy/site = -1.150358437
45.6997% accepted

energy = -99.72723621
energy/site = -1.385100503
45.765% accepted

