
weighting by <swap_x> where x = 4
4 x 16 x 1 system
r   = 3  bondops changed per step 
n/N = 80  bond operators / site
its = 1000000  iterations/loop for 10000 loops

energy = -176.4414632
energy/site = -1.378448931
44.2239% accepted

energy = -216.4725264
energy/site = -1.691191613
44.1812% accepted

energy = -111.4108123
energy/site = -0.8703969708
44.1161% accepted

energy = -241.3061445
energy/site = -1.885204254
44.0214% accepted

energy = -121.3536228
energy/site = -0.9480751778
44.0305% accepted

energy = -132.3928055
energy/site = -1.034318793
44.0903% accepted

energy = -153.975628
energy/site = -1.202934594
44.4015% accepted

energy = -147.5129716
energy/site = -1.152445091
43.9528% accepted

energy = -123.5267941
energy/site = -0.9650530788
44.1563% accepted

energy = -180.8837114
energy/site = -1.413153996
43.9843% accepted

energy = -103.2095005
energy/site = -0.8063242223
43.9762% accepted

energy = -217.3470223
energy/site = -1.698023612
44.085% accepted

energy = -133.9529491
energy/site = -1.046507415
43.9814% accepted

energy = -170.1565884
energy/site = -1.329348347
43.9737% accepted

energy = -158.209127
energy/site = -1.236008805
43.9888% accepted

energy = -127.7960358
energy/site = -0.9984065298
44.0196% accepted

energy = -228.4072626
energy/site = -1.784431739
44.0333% accepted

energy = -150.820133
energy/site = -1.178282289
44.2399% accepted

energy = -245.4763679
energy/site = -1.917784124
44.0022% accepted

energy = -118.9692591
energy/site = -0.9294473367
44.084% accepted

energy = -106.6249189
energy/site = -0.8330071789
44.1895% accepted

energy = -103.7222513
energy/site = -0.8103300885
44.0151% accepted

energy = -163.8247355
energy/site = -1.279880746
44.054% accepted

energy = -94.7608541
energy/site = -0.7403191727
44.0856% accepted

energy = -118.1156592
energy/site = -0.9227785871
44.0874% accepted

energy = -193.9386377
energy/site = -1.515145607
43.9699% accepted

energy = -119.6178388
energy/site = -0.9345143657
44.1846% accepted

energy = -156.6329776
energy/site = -1.223695137
43.9549% accepted

energy = -160.5640471
energy/site = -1.254406618
44.1587% accepted

energy = -133.8687242
energy/site = -1.045849408
43.9842% accepted

energy = -106.653904
energy/site = -0.8332336247
44.2322% accepted

energy = -108.6306315
energy/site = -0.8486768086
44.0384% accepted

energy = -111.3549631
energy/site = -0.8699606491
44.0521% accepted

energy = -102.0004563
energy/site = -0.7968785648
44.0839% accepted

energy = -110.6365071
energy/site = -0.8643477117
44.1042% accepted

energy = -140.0964569
energy/site = -1.09450357
44.0792% accepted

energy = -120.3272715
energy/site = -0.9400568083
44.0493% accepted

energy = -305.9817947
energy/site = -2.390482771
43.8986% accepted

energy = -165.8010353
energy/site = -1.295320588
44.176% accepted

energy = -207.9647867
energy/site = -1.624724896
44.1019% accepted

energy = -161.731834
energy/site = -1.263529953
44.0872% accepted

energy = -115.4285367
energy/site = -0.9017854426
44.0492% accepted

energy = -171.4030236
energy/site = -1.339086122
44.0576% accepted

energy = -157.1367274
energy/site = -1.227630683
43.9695% accepted

energy = -333.7641182
energy/site = -2.607532173
44.079% accepted

energy = -103.8828286
energy/site = -0.8115845985
43.9553% accepted

energy = -126.1024154
energy/site = -0.9851751201
43.9622% accepted

energy = -173.689579
energy/site = -1.356949836
44.1012% accepted

energy = -126.3936607
energy/site = -0.9874504743
44.0483% accepted

energy = -184.5210014
energy/site = -1.441570324
44.0677% accepted

energy = -102.0040916
energy/site = -0.796906966
44.1367% accepted

energy = -122.4117208
energy/site = -0.9563415686
44.0741% accepted

energy = -108.7221571
energy/site = -0.8493918521
43.9727% accepted

energy = -112.9912926
energy/site = -0.8827444735
43.9183% accepted

energy = -161.4965189
energy/site = -1.261691554
44.0367% accepted

energy = -128.7822406
energy/site = -1.006111255
44.0214% accepted

energy = -123.9649833
energy/site = -0.9684764319
44.1092% accepted

energy = -117.9368845
energy/site = -0.9213819099
44.0225% accepted

energy = -164.7519001
energy/site = -1.28712422
44.1404% accepted

energy = -122.4711369
energy/site = -0.956805757
44.0987% accepted

energy = -142.4498563
energy/site = -1.112889503
44.1184% accepted

energy = -143.4351028
energy/site = -1.120586741
44.1485% accepted

energy = -87.82773235
energy/site = -0.686154159
44.0404% accepted

energy = -128.8226766
energy/site = -1.006427161
44.0301% accepted

energy = -170.9845333
energy/site = -1.335816666
44.2424% accepted

energy = -63.58292236
energy/site = -0.4967415809
44.0452% accepted

energy = -138.2750294
energy/site = -1.080273667
44.1049% accepted

energy = -118.9135671
energy/site = -0.929012243
44.0981% accepted

energy = -423.1179699
energy/site = -3.30560914
44.0957% accepted

energy = -239.1051416
energy/site = -1.868008919
44.1393% accepted

energy = -136.5083464
energy/site = -1.066471456
44.0935% accepted

energy = -158.4203736
energy/site = -1.237659169
44.2115% accepted

energy = -214.8761379
energy/site = -1.678719827
44.1467% accepted

energy = -85.45875973
energy/site = -0.6676465604
44.0777% accepted

energy = -136.539087
energy/site = -1.066711617
44.1652% accepted

energy = -113.3121937
energy/site = -0.885251513
44.0118% accepted

energy = -116.2304371
energy/site = -0.9080502898
44.0913% accepted

energy = -158.6042521
energy/site = -1.23909572
44.1972% accepted

energy = -239.8934339
energy/site = -1.874167452
44.0834% accepted

energy = -134.4391049
energy/site = -1.050305507
44.1696% accepted

energy = -84.10442136
energy/site = -0.6570657919
44.1072% accepted

energy = -181.0560123
energy/site = -1.414500096
44.2474% accepted

energy = -111.8026527
energy/site = -0.8734582244
44.108% accepted

energy = -99.12251619
energy/site = -0.7743946578
44.0346% accepted

energy = -175.4349012
energy/site = -1.370585166
44.0798% accepted

energy = -113.2768936
energy/site = -0.8849757313
44.0675% accepted

energy = -108.9919259
energy/site = -0.8514994207
44.0355% accepted

energy = -179.1802052
energy/site = -1.399845353
44.0183% accepted

energy = -183.2407318
energy/site = -1.431568217
43.9725% accepted

energy = -143.9278844
energy/site = -1.124436597
44.0646% accepted

energy = -109.4472897
energy/site = -0.8550569508
44.0987% accepted

energy = -93.77591411
energy/site = -0.732624329
44.2274% accepted

energy = -111.945829
energy/site = -0.8745767889
44.0781% accepted

energy = -140.2532152
energy/site = -1.095728244
44.1647% accepted

energy = -131.7338124
energy/site = -1.029170409
44.1193% accepted

energy = -140.6062654
energy/site = -1.098486449
44.1591% accepted

energy = -175.2134591
energy/site = -1.368855149
44.0959% accepted

energy = -162.6876169
energy/site = -1.270997007
44.0593% accepted

energy = -145.8827963
energy/site = -1.139709346
44.0854% accepted

energy = -128.5777089
energy/site = -1.004513351
44.1557% accepted

energy = -166.5636409
energy/site = -1.301278445
44.0915% accepted

energy = -109.9759138
energy/site = -0.8591868266
44.0881% accepted

energy = -146.0189315
energy/site = -1.140772902
44.2731% accepted

energy = -200.7759778
energy/site = -1.568562327
44.1518% accepted

energy = -189.0371288
energy/site = -1.476852569
43.9854% accepted

energy = -160.4892485
energy/site = -1.253822254
44.0027% accepted

energy = -135.7247415
energy/site = -1.060349543
43.99% accepted

energy = -146.3149561
energy/site = -1.143085594
44.0331% accepted

energy = -177.5970371
energy/site = -1.387476852
43.9507% accepted

energy = -207.1334193
energy/site = -1.618229838
43.9602% accepted

energy = -194.7939135
energy/site = -1.521827449
44.024% accepted

energy = -132.2814134
energy/site = -1.033448542
44.0659% accepted

energy = -130.4853192
energy/site = -1.019416556
44.055% accepted

energy = -183.5045778
energy/site = -1.433629514
44.0343% accepted

energy = -174.9072742
energy/site = -1.36646308
44.0355% accepted

energy = -136.0387469
energy/site = -1.06280271
44.0906% accepted

energy = -121.1161862
energy/site = -0.9462202046
43.9207% accepted

energy = -181.292751
energy/site = -1.416349617
44.0515% accepted

energy = -147.2110831
energy/site = -1.150086587
44.0426% accepted

energy = -185.8275901
energy/site = -1.451778047
44.1516% accepted

energy = -141.8599444
energy/site = -1.108280816
44.1136% accepted

energy = -152.7715698
energy/site = -1.193527889
44.058% accepted

energy = -111.7016714
energy/site = -0.872669308
44.1782% accepted

energy = -136.2241135
energy/site = -1.064250887
44.0184% accepted

energy = -118.7526427
energy/site = -0.9277550214
44.0785% accepted

energy = -117.5149912
energy/site = -0.9180858685
44.102% accepted

energy = -185.6395366
energy/site = -1.45030888
44.1152% accepted

energy = -167.1908273
energy/site = -1.306178339
44.1059% accepted

energy = -99.57419626
energy/site = -0.7779234083
43.9182% accepted

energy = -123.3981134
energy/site = -0.964047761
44.1603% accepted

energy = -101.2462713
energy/site = -0.7909864947
44.0109% accepted

energy = -140.5494596
energy/site = -1.098042653
44.1176% accepted

energy = -178.5812445
energy/site = -1.395165972
43.9484% accepted

energy = -91.29076249
energy/site = -0.7132090819
44.1689% accepted

energy = -123.1876726
energy/site = -0.962403692
44.0358% accepted

energy = -153.499768
energy/site = -1.199216937
44.1706% accepted

energy = -165.0284265
energy/site = -1.289284582
44.0738% accepted

energy = -129.3305122
energy/site = -1.010394627
44.1971% accepted

energy = -158.5493462
energy/site = -1.238666767
43.8996% accepted

energy = -144.0287808
energy/site = -1.12522485
44.1198% accepted

energy = -173.0997506
energy/site = -1.352341802
44.0253% accepted

energy = -126.0555288
energy/site = -0.9848088187
44.0813% accepted

energy = -137.9768095
energy/site = -1.077943824
44.2063% accepted

energy = -144.3931087
energy/site = -1.128071161
44.2008% accepted

energy = -99.71540599
energy/site = -0.7790266093
44.0754% accepted

energy = -102.0153177
energy/site = -0.7969946693
44.0433% accepted

energy = -125.928754
energy/site = -0.9838183907
44.1382% accepted

energy = -99.70831827
energy/site = -0.7789712365
44.0914% accepted

energy = -228.2484513
energy/site = -1.783191026
44.1626% accepted

energy = -133.0606578
energy/site = -1.039536389
44.1491% accepted

energy = -112.1860264
energy/site = -0.8764533312
44.3027% accepted

energy = -135.2551011
energy/site = -1.056680478
44.0896% accepted

energy = -147.0894401
energy/site = -1.149136251
44.1214% accepted

energy = -90.12059336
energy/site = -0.7040671356
43.9913% accepted

energy = -155.0890698
energy/site = -1.211633358
44.0168% accepted

energy = -158.2241294
energy/site = -1.236126011
43.8876% accepted

energy = -130.1514827
energy/site = -1.016808459
44.1643% accepted

energy = -112.0711012
energy/site = -0.8755554784
44.1117% accepted

energy = -162.0162942
energy/site = -1.265752298
44.0841% accepted

energy = -110.4614039
energy/site = -0.8629797184
44.1403% accepted

energy = -163.9800137
energy/site = -1.281093857
43.9298% accepted

energy = -129.0405149
energy/site = -1.008129023
44.1152% accepted

energy = -252.7564812
energy/site = -1.97466001
44.1248% accepted

energy = -155.8966598
energy/site = -1.217942655
44.089% accepted

energy = -199.9334338
energy/site = -1.561979952
44.1178% accepted

energy = -116.1244024
energy/site = -0.9072218939
44.1454% accepted

energy = -218.3435315
energy/site = -1.70580884
44.1721% accepted

energy = -120.7592191
energy/site = -0.9434313994
44.1187% accepted

energy = -148.8664413
energy/site = -1.163019073
44.0016% accepted

energy = -122.6474464
energy/site = -0.958183175
44.0909% accepted

energy = -131.3414052
energy/site = -1.026104728
43.921% accepted

energy = -166.3280522
energy/site = -1.299437907
44.1% accepted

energy = -127.0975474
energy/site = -0.9929495891
44.1531% accepted

energy = -116.9131446
energy/site = -0.9133839418
44.1359% accepted

energy = -110.7720703
energy/site = -0.8654067995
44.0591% accepted

energy = -157.1583047
energy/site = -1.227799255
44.183% accepted

energy = -139.0019523
energy/site = -1.085952753
44.02% accepted

energy = -153.0029723
energy/site = -1.195335721
44.136% accepted

energy = -147.6893691
energy/site = -1.153823196
44.0537% accepted

energy = -160.2931236
energy/site = -1.252290028
44.1468% accepted

energy = -75.25215702
energy/site = -0.5879074767
44.1151% accepted

energy = -111.0965583
energy/site = -0.8679418621
44.0841% accepted

energy = -122.8804879
energy/site = -0.9600038118
44.0869% accepted

energy = -119.1871122
energy/site = -0.9311493138
44.0835% accepted

energy = -112.2864768
energy/site = -0.8772381001
43.969% accepted

energy = -142.92485
energy/site = -1.11660039
44.0555% accepted

energy = -121.182691
energy/site = -0.9467397732
44.0502% accepted

energy = -160.6087624
energy/site = -1.254755956
44.1496% accepted

energy = -120.4022786
energy/site = -0.9406428019
44.0723% accepted

energy = -122.3252639
energy/site = -0.9556661239
44.1542% accepted

energy = -136.9326798
energy/site = -1.069786561
44.1142% accepted

energy = -121.0722457
energy/site = -0.9458769193
44.0404% accepted

energy = -88.58330262
energy/site = -0.6920570518
43.9918% accepted

energy = -128.5603893
energy/site = -1.004378041
44.034% accepted

energy = -168.1824509
energy/site = -1.313925398
44.0656% accepted

energy = -149.9793481
energy/site = -1.171713657
44.1389% accepted

energy = -94.71858532
energy/site = -0.7399889478
44.0274% accepted

energy = -166.7880792
energy/site = -1.303031869
44.1552% accepted

energy = -219.1909188
energy/site = -1.712429053
44.1533% accepted

energy = -163.1139436
energy/site = -1.274327684
44.1015% accepted

energy = -59.16386211
energy/site = -0.4622176727
44.1136% accepted

energy = -159.2210757
energy/site = -1.243914654
44.0867% accepted

energy = -141.7991317
energy/site = -1.107805716
44.1188% accepted

energy = -194.0062071
energy/site = -1.515673493
44.0476% accepted

energy = -211.6260972
energy/site = -1.653328884
44.2274% accepted

energy = -136.3678834
energy/site = -1.065374089
44.1193% accepted

energy = -125.0844927
energy/site = -0.9772225996
44.106% accepted

energy = -81.13574559
energy/site = -0.6338730124
44.1004% accepted

energy = -176.6397827
energy/site = -1.379998302
43.8372% accepted

energy = -137.1303971
energy/site = -1.071331227
44.0595% accepted

energy = -178.7606551
energy/site = -1.396567618
44.2559% accepted

energy = -255.2275859
energy/site = -1.993965514
43.9831% accepted

energy = -205.2797279
energy/site = -1.603747874
44.203% accepted

energy = -127.2107992
energy/site = -0.9938343684
44.1723% accepted

energy = -213.1933382
energy/site = -1.665572955
44.0933% accepted

energy = -178.3820372
energy/site = -1.393609665
44.1763% accepted

energy = -197.9335971
energy/site = -1.546356227
44.1442% accepted

energy = -113.992426
energy/site = -0.890565828
44.2047% accepted

energy = -139.2462142
energy/site = -1.087861048
44.1112% accepted

energy = -114.3077948
energy/site = -0.8930296467
44.0723% accepted

energy = -173.003772
energy/site = -1.351591969
44.1875% accepted

energy = -125.0198644
energy/site = -0.9767176905
44.0341% accepted

energy = -115.0407286
energy/site = -0.8987556921
44.2684% accepted

energy = -176.5997408
energy/site = -1.379685475
44.22% accepted

energy = -204.4877155
energy/site = -1.597560277
44.1844% accepted

energy = -114.9622796
energy/site = -0.8981428092
43.955% accepted

energy = -129.5640897
energy/site = -1.012219451
44.0511% accepted

energy = -207.3736773
energy/site = -1.620106854
44.0974% accepted

energy = -129.2990042
energy/site = -1.010148471
43.9894% accepted

energy = -212.1141848
energy/site = -1.657142069
44.0258% accepted

energy = -116.4208869
energy/site = -0.9095381791
44.1393% accepted

energy = -191.4904468
energy/site = -1.496019116
43.9782% accepted

energy = -125.5510584
energy/site = -0.980867644
44.1321% accepted

energy = -123.5421027
energy/site = -0.9651726773
44.1279% accepted

energy = -219.7862349
energy/site = -1.71707996
44.0161% accepted

energy = -148.0076962
energy/site = -1.156310127
44.0322% accepted

energy = -142.07451
energy/site = -1.10995711
44.13% accepted

energy = -177.1227
energy/site = -1.383771094
43.9697% accepted

energy = -103.9396484
energy/site = -0.8120285028
44.0782% accepted

energy = -168.6546945
energy/site = -1.3176148
44.16% accepted

energy = -112.9341947
energy/site = -0.8822983964
44.0119% accepted

energy = -132.5053978
energy/site = -1.03519842
44.2133% accepted

energy = -137.3740282
energy/site = -1.073234596
44.007% accepted

energy = -172.635385
energy/site = -1.348713945
44.0835% accepted

energy = -122.2428585
energy/site = -0.9550223319
44.0031% accepted

energy = -108.3792362
energy/site = -0.8467127826
43.9567% accepted

energy = -112.7980897
energy/site = -0.8812350761
44.1278% accepted

energy = -137.3933345
energy/site = -1.073385426
44.046% accepted

energy = -203.1950898
energy/site = -1.587461639
43.9874% accepted

energy = -121.4139652
energy/site = -0.9485466033
44.2522% accepted

energy = -113.3615736
energy/site = -0.8856372939
44.1799% accepted

energy = -151.2120377
energy/site = -1.181344045
44.078% accepted

energy = -170.2722916
energy/site = -1.330252278
44.0826% accepted

energy = -242.7905406
energy/site = -1.896801099
44.1801% accepted

energy = -128.9236615
energy/site = -1.007216106
44.1462% accepted

energy = -151.4143532
energy/site = -1.182924635
44.0296% accepted

energy = -141.6230654
energy/site = -1.106430198
44.0004% accepted

energy = -141.2320308
energy/site = -1.10337524
44.0179% accepted

energy = -202.2250452
energy/site = -1.579883165
44.1244% accepted

energy = -110.1673165
energy/site = -0.8606821603
44.0681% accepted

energy = -96.20545445
energy/site = -0.7516051129
44.2097% accepted

energy = -117.325506
energy/site = -0.9166055156
44.0687% accepted

energy = -147.0159562
energy/site = -1.148562158
43.9929% accepted

energy = -122.8242524
energy/site = -0.959564472
44.0643% accepted

energy = -124.5869811
energy/site = -0.9733357898
43.9278% accepted

energy = -128.6154286
energy/site = -1.004808036
44.0709% accepted

energy = -125.1439889
energy/site = -0.9776874135
44.0402% accepted

energy = -197.0686299
energy/site = -1.539598671
44.2132% accepted

energy = -140.2230768
energy/site = -1.095492787
44.2054% accepted

energy = -153.4073492
energy/site = -1.198494916
44.0305% accepted

energy = -114.6223178
energy/site = -0.8954868578
44.046% accepted

energy = -130.9562303
energy/site = -1.02309555
44.0139% accepted

energy = -125.6435833
energy/site = -0.9815904947
44.002% accepted

energy = -128.8017577
energy/site = -1.006263732
44.2594% accepted

energy = -131.2203815
energy/site = -1.02515923
44.1147% accepted

energy = -197.0386648
energy/site = -1.539364569
44.0421% accepted

energy = -108.2084439
energy/site = -0.8453784682
44.1104% accepted

energy = -131.0308667
energy/site = -1.023678646
44.1598% accepted

energy = -113.6719374
energy/site = -0.8880620107
44.0783% accepted

energy = -121.7640577
energy/site = -0.9512817007
44.2307% accepted

energy = -164.6375965
energy/site = -1.286231223
44.1191% accepted

energy = -100.5421481
energy/site = -0.7854855321
44.0085% accepted

energy = -250.8631237
energy/site = -1.959868154
44.0749% accepted

energy = -152.6736326
energy/site = -1.192762755
43.9052% accepted

energy = -137.8590296
energy/site = -1.077023669
43.9575% accepted

energy = -141.8699854
energy/site = -1.108359261
44.1484% accepted

energy = -118.7174705
energy/site = -0.9274802382
43.9142% accepted

energy = -196.5151587
energy/site = -1.535274677
44.032% accepted

energy = -108.7235116
energy/site = -0.8494024347
44.0465% accepted

energy = -161.1652904
energy/site = -1.259103832
44.0549% accepted

energy = -177.2505752
energy/site = -1.384770119
44.0743% accepted

energy = -249.5185503
energy/site = -1.949363674
43.9793% accepted

energy = -140.4826335
energy/site = -1.097520575
44.0311% accepted

energy = -130.2653012
energy/site = -1.017697665
44.1042% accepted

energy = -151.9277098
energy/site = -1.186935233
44.0832% accepted

energy = -176.3299014
energy/site = -1.377577354
44.0849% accepted

energy = -91.14463179
energy/site = -0.7120674359
43.9798% accepted

energy = -162.8665819
energy/site = -1.272395171
43.9993% accepted

energy = -121.2081341
energy/site = -0.9469385474
43.9622% accepted

energy = -118.5028345
energy/site = -0.9258033945
44.0332% accepted

energy = -123.3098626
energy/site = -0.9633583012
44.1059% accepted

energy = -173.3006372
energy/site = -1.353911228
44.103% accepted

energy = -81.54913463
energy/site = -0.6371026143
44.1346% accepted

energy = -276.5418725
energy/site = -2.160483379
43.9815% accepted

energy = -153.9541277
energy/site = -1.202766623
44.0273% accepted

energy = -121.225692
energy/site = -0.9470757189
43.9984% accepted

energy = -179.5270202
energy/site = -1.402554845
44.0069% accepted

energy = -258.6872311
energy/site = -2.020993993
44.0493% accepted

energy = -170.4655016
energy/site = -1.331761731
44.2004% accepted

energy = -104.2843951
energy/site = -0.8147218366
43.9746% accepted

energy = -132.2114471
energy/site = -1.032901931
44.0451% accepted

energy = -142.8563401
energy/site = -1.116065157
44.201% accepted

energy = -165.5637703
energy/site = -1.293466956
43.9988% accepted

energy = -128.5137178
energy/site = -1.00401342
44.0252% accepted

energy = -97.76743329
energy/site = -0.7638080726
44.1137% accepted

energy = -158.0533893
energy/site = -1.234792104
44.2003% accepted

energy = -218.4232807
energy/site = -1.706431881
44.0534% accepted

energy = -136.8732971
energy/site = -1.069322633
44.0878% accepted

energy = -157.9399995
energy/site = -1.233906246
44.0915% accepted

energy = -200.3138468
energy/site = -1.564951928
43.9394% accepted

energy = -112.1138518
energy/site = -0.8758894671
43.9861% accepted

energy = -98.92175404
energy/site = -0.7728262034
44.1757% accepted

energy = -125.8563311
energy/site = -0.9832525864
43.9788% accepted

energy = -223.0077666
energy/site = -1.742248177
43.9443% accepted

energy = -186.2117511
energy/site = -1.454779306
44.1651% accepted

energy = -152.0527215
energy/site = -1.187911887
44.233% accepted

energy = -158.394955
energy/site = -1.237460586
44.194% accepted

energy = -177.7507149
energy/site = -1.38867746
44.0851% accepted

energy = -107.8352733
energy/site = -0.8424630728
44.127% accepted

energy = -133.4362453
energy/site = -1.042470666
44.0073% accepted

energy = -171.7207033
energy/site = -1.341567995
44.1314% accepted

energy = -164.3829767
energy/site = -1.284242006
44.09% accepted

energy = -126.3956176
energy/site = -0.9874657626
44.2741% accepted

energy = -123.5968263
energy/site = -0.9656002051
44.0831% accepted

energy = -212.7833429
energy/site = -1.662369867
44.2122% accepted

energy = -110.3808579
energy/site = -0.8623504523
43.981% accepted

energy = -187.4964641
energy/site = -1.464816125
44.0021% accepted

energy = -137.4197689
energy/site = -1.073591944
44.1958% accepted

energy = -200.5343214
energy/site = -1.566674386
44.1042% accepted

energy = -172.0138762
energy/site = -1.343858408
44.1063% accepted

energy = -119.8977273
energy/site = -0.9367009945
43.9346% accepted

energy = -181.550553
energy/site = -1.418363696
44.14% accepted

energy = -104.4919758
energy/site = -0.8163435612
44.1474% accepted

energy = -134.2248127
energy/site = -1.048631349
44.009% accepted

energy = -124.0713117
energy/site = -0.9693071223
43.9964% accepted

energy = -140.8958636
energy/site = -1.100748934
44.1642% accepted

energy = -230.0235971
energy/site = -1.797059353
44.144% accepted

energy = -85.17595586
energy/site = -0.6654371552
44.0934% accepted

energy = -137.4472916
energy/site = -1.073806966
44.0284% accepted

energy = -175.6730539
energy/site = -1.372445734
44.185% accepted

energy = -115.910194
energy/site = -0.9055483904
44.0867% accepted

energy = -172.6139676
energy/site = -1.348546622
43.9621% accepted

energy = -156.0605179
energy/site = -1.219222796
44.0699% accepted

energy = -111.8505974
energy/site = -0.8738327922
44.2335% accepted

energy = -139.8908997
energy/site = -1.092897654
44.1522% accepted

energy = -128.7452884
energy/site = -1.005822566
44.1894% accepted

energy = -143.0032116
energy/site = -1.11721259
44.1389% accepted

energy = -140.627574
energy/site = -1.098652922
44.2431% accepted

energy = -182.9297283
energy/site = -1.429138502
44.0107% accepted

energy = -97.41270537
energy/site = -0.7610367607
44.0457% accepted

energy = -190.9826877
energy/site = -1.492052248
43.9532% accepted

energy = -163.1300498
energy/site = -1.274453514
44.2094% accepted

energy = -155.3800507
energy/site = -1.213906646
44.221% accepted

energy = -251.3393719
energy/site = -1.963588843
44.1451% accepted

energy = -174.3193343
energy/site = -1.3618698
43.9329% accepted

energy = -228.3811521
energy/site = -1.784227751
44.1228% accepted

energy = -155.9354985
energy/site = -1.218246082
44.1333% accepted

energy = -135.5978971
energy/site = -1.059358571
44.1156% accepted

energy = -113.1262053
energy/site = -0.8837984791
44.0016% accepted

energy = -98.306969
energy/site = -0.7680231953
44.093% accepted

energy = -135.4866108
energy/site = -1.058489147
44.1919% accepted

energy = -128.4694976
energy/site = -1.00366795
43.9599% accepted

energy = -120.2902373
energy/site = -0.9397674788
44.0684% accepted

energy = -124.5536269
energy/site = -0.9730752105
44.0891% accepted

energy = -100.7657
energy/site = -0.7872320315
44.1631% accepted

energy = -104.5388067
energy/site = -0.8167094275
44.1172% accepted

energy = -104.2674833
energy/site = -0.8145897131
44.298% accepted

energy = -190.1951592
energy/site = -1.485899681
44.0325% accepted

energy = -103.4106373
energy/site = -0.8078956041
44.0695% accepted

energy = -129.3278273
energy/site = -1.010373651
44.0272% accepted

energy = -93.55368827
energy/site = -0.7308881896
44.0992% accepted

energy = -162.2154494
energy/site = -1.267308199
43.9886% accepted

energy = -126.5467932
energy/site = -0.9886468222
44.0994% accepted

energy = -147.8368352
energy/site = -1.154975275
44.1417% accepted

energy = -187.3591742
energy/site = -1.463743549
44.0926% accepted

energy = -145.743066
energy/site = -1.138617703
43.9235% accepted

energy = -130.3536339
energy/site = -1.018387765
44.2289% accepted

energy = -184.3792463
energy/site = -1.440462861
44.2271% accepted

energy = -186.2861005
energy/site = -1.455360161
43.9798% accepted

energy = -202.8878689
energy/site = -1.585061476
44.1549% accepted

energy = -98.93937285
energy/site = -0.7729638504
44.1934% accepted

energy = -97.16554085
energy/site = -0.7591057879
43.8778% accepted

energy = -99.89454842
energy/site = -0.7804261596
44.0364% accepted

energy = -84.85655585
energy/site = -0.6629418426
44.3171% accepted

energy = -171.8424526
energy/site = -1.342519161
43.9895% accepted

energy = -124.119339
energy/site = -0.9696823362
44.1212% accepted

energy = -171.2080372
energy/site = -1.337562791
44.1242% accepted

energy = -141.9401448
energy/site = -1.108907381
44.0342% accepted

energy = -94.81029154
energy/site = -0.7407054027
44.0462% accepted

energy = -119.5963971
energy/site = -0.9343468525
44.0901% accepted

energy = -279.6218571
energy/site = -2.184545759
44.0933% accepted

energy = -167.2762223
energy/site = -1.306845486
44.1008% accepted

energy = -131.7567801
energy/site = -1.029349845
43.9825% accepted

energy = -102.8476178
energy/site = -0.8034970137
43.9942% accepted

energy = -174.5409659
energy/site = -1.363601296
44.1203% accepted

energy = -111.9797141
energy/site = -0.8748415161
43.9923% accepted

energy = -160.0115625
energy/site = -1.250090332
44.1659% accepted

energy = -192.2281701
energy/site = -1.501782579
44.0354% accepted

energy = -117.6402013
energy/site = -0.9190640727
44.1091% accepted

energy = -199.5409706
energy/site = -1.558913833
44.2065% accepted

energy = -119.1661187
energy/site = -0.930985302
44.0384% accepted

energy = -126.6747496
energy/site = -0.9896464812
44.0383% accepted

energy = -129.8769811
energy/site = -1.014663915
44.0743% accepted

energy = -101.1787193
energy/site = -0.7904587446
44.1031% accepted

energy = -153.9152531
energy/site = -1.202462915
44.1167% accepted

energy = -166.3526736
energy/site = -1.299630262
44.1229% accepted

energy = -181.1845551
energy/site = -1.415504337
44.1544% accepted

energy = -117.8041628
energy/site = -0.9203450219
44.2445% accepted

energy = -153.9778064
energy/site = -1.202951612
44.1419% accepted

energy = -173.9723824
energy/site = -1.359159238
44.1056% accepted

energy = -146.7215349
energy/site = -1.146261991
43.9914% accepted

energy = -196.7995772
energy/site = -1.537496697
43.9613% accepted

energy = -120.3924993
energy/site = -0.9405664011
44.1493% accepted

energy = -135.6426449
energy/site = -1.059708163
44.172% accepted

energy = -126.6153724
energy/site = -0.9891825966
44.3513% accepted

energy = -160.8764113
energy/site = -1.256846963
44.2235% accepted

energy = -244.3878377
energy/site = -1.909279982
44.101% accepted

energy = -219.7896536
energy/site = -1.717106669
44.1746% accepted

energy = -119.7798056
energy/site = -0.9357797315
44.1427% accepted

energy = -190.498243
energy/site = -1.488267523
44.0914% accepted

energy = -143.3650989
energy/site = -1.120039835
44.1033% accepted

energy = -142.4740066
energy/site = -1.113078177
44.0465% accepted

energy = -103.2551949
energy/site = -0.8066812101
43.933% accepted

energy = -198.0108854
energy/site = -1.546960042
44.0423% accepted

energy = -98.85348791
energy/site = -0.7722928743
44.073% accepted

energy = -179.6563298
energy/site = -1.403565077
44.0142% accepted

energy = -114.3400781
energy/site = -0.8932818605
44.0075% accepted

energy = -114.0802504
energy/site = -0.8912519559
44.0344% accepted

energy = -142.8047896
energy/site = -1.115662419
44.0399% accepted

energy = -128.526898
energy/site = -1.004116391
44.1227% accepted

energy = -116.6155811
energy/site = -0.9110592276
44.2578% accepted

energy = -105.7108862
energy/site = -0.8258662984
44.0261% accepted

energy = -129.6916895
energy/site = -1.013216324
44.0277% accepted

energy = -136.9391549
energy/site = -1.069837147
44.0897% accepted

energy = -166.9398653
energy/site = -1.304217698
44.1428% accepted

energy = -107.3814318
energy/site = -0.8389174361
44.102% accepted

energy = -158.0644652
energy/site = -1.234878634
44.1692% accepted

energy = -86.12320226
energy/site = -0.6728375176
44.056% accepted

energy = -127.0915044
energy/site = -0.9929023778
44.0497% accepted

energy = -108.2698975
energy/site = -0.8458585739
44.096% accepted

energy = -109.8408663
energy/site = -0.8581317684
44.0436% accepted

energy = -112.9273134
energy/site = -0.8822446362
43.9021% accepted

energy = -144.9084655
energy/site = -1.132097386
44.0152% accepted

energy = -123.2170252
energy/site = -0.9626330092
44.1089% accepted

energy = -217.8408787
energy/site = -1.701881865
44.0896% accepted

energy = -164.5059907
energy/site = -1.285203052
44.0802% accepted

energy = -136.7244949
energy/site = -1.068160116
44.134% accepted

energy = -179.2379701
energy/site = -1.400296641
44.1599% accepted

energy = -113.49486
energy/site = -0.8866785938
43.9428% accepted

energy = -125.5148715
energy/site = -0.9805849336
44.1082% accepted

energy = -113.1362361
energy/site = -0.8838768445
43.9955% accepted

energy = -138.9576015
energy/site = -1.085606262
44.0471% accepted

energy = -138.4776334
energy/site = -1.081856511
44.0543% accepted

energy = -114.7454803
energy/site = -0.8964490652
43.984% accepted

energy = -131.2837867
energy/site = -1.025654584
44.0205% accepted

energy = -113.4201354
energy/site = -0.8860948076
44.0231% accepted

energy = -139.9212504
energy/site = -1.093134768
44.172% accepted

energy = -176.533741
energy/site = -1.379169851
44.1477% accepted

energy = -297.3538658
energy/site = -2.323077076
44.0383% accepted

energy = -205.9131418
energy/site = -1.60869642
44.0903% accepted

energy = -117.825864
energy/site = -0.9205145624
44.154% accepted

energy = -123.0610323
energy/site = -0.9614143152
44.1535% accepted

energy = -168.3689989
energy/site = -1.315382804
44.142% accepted

energy = -134.6344319
energy/site = -1.051831499
44.1972% accepted

energy = -163.8219317
energy/site = -1.279858841
44.1248% accepted

energy = -178.3657888
energy/site = -1.393482725
43.9714% accepted

energy = -126.0960498
energy/site = -0.9851253894
44.0105% accepted

energy = -112.7764943
energy/site = -0.8810663621
44.1218% accepted

energy = -166.3538785
energy/site = -1.299639676
44.1597% accepted

energy = -93.97508482
energy/site = -0.7341803502
44.0555% accepted

energy = -68.3101483
energy/site = -0.5336730336
43.9686% accepted

energy = -137.2639416
energy/site = -1.072374544
44.109% accepted

energy = -139.6731761
energy/site = -1.091196688
44.1197% accepted

energy = -155.8714422
energy/site = -1.217745642
43.8857% accepted

energy = -117.6346495
energy/site = -0.9190206993
44.0786% accepted

energy = -193.4106783
energy/site = -1.511020924
44.0245% accepted

energy = -130.1219336
energy/site = -1.016577606
44.1246% accepted

energy = -103.1465494
energy/site = -0.8058324171
44.0705% accepted

energy = -127.4552252
energy/site = -0.9957439467
44.0558% accepted

energy = -126.300377
energy/site = -0.986721695
44.058% accepted

energy = -112.5806676
energy/site = -0.8795364653
44.089% accepted

energy = -232.3923013
energy/site = -1.815564854
44.0656% accepted

energy = -182.3646087
energy/site = -1.424723506
44.1251% accepted

energy = -155.5798253
energy/site = -1.215467385
43.9942% accepted

energy = -148.2082273
energy/site = -1.157876775
44.0272% accepted

energy = -135.9041669
energy/site = -1.061751304
43.987% accepted

energy = -183.2696619
energy/site = -1.431794234
44.0308% accepted

energy = -95.14490825
energy/site = -0.7433195957
44.2291% accepted

energy = -174.5081846
energy/site = -1.363345192
43.9858% accepted

energy = -141.328607
energy/site = -1.104129742
44.1761% accepted

energy = -316.4539862
energy/site = -2.472296767
44.0901% accepted

energy = -173.4972929
energy/site = -1.355447601
44.0317% accepted

energy = -137.3949012
energy/site = -1.073397666
43.9915% accepted

energy = -123.1043713
energy/site = -0.9617529012
44.1688% accepted

energy = -114.303242
energy/site = -0.8929940784
44.0464% accepted

energy = -182.0728374
energy/site = -1.422444042
43.9803% accepted

energy = -139.9129123
energy/site = -1.093069628
43.9824% accepted

energy = -248.7877793
energy/site = -1.943654526
43.9992% accepted

energy = -96.45004034
energy/site = -0.7535159402
44.0707% accepted

energy = -147.3167628
energy/site = -1.150912209
44.2324% accepted

energy = -172.0925511
energy/site = -1.344473055
44.0285% accepted

energy = -127.7519326
energy/site = -0.9980619735
44.0804% accepted

energy = -176.3723403
energy/site = -1.377908909
44.1793% accepted

energy = -175.6504072
energy/site = -1.372268806
44.1284% accepted

energy = -134.4073089
energy/site = -1.050057101
44.054% accepted

energy = -138.2370824
energy/site = -1.079977207
43.9814% accepted

energy = -139.3049358
energy/site = -1.088319811
44.1287% accepted

energy = -158.4497908
energy/site = -1.23788899
44.0869% accepted

energy = -158.5955161
energy/site = -1.239027469
43.9936% accepted

energy = -119.3420074
energy/site = -0.932359433
44.1703% accepted

energy = -144.8785792
energy/site = -1.1318639
44.0666% accepted

energy = -167.5038994
energy/site = -1.308624214
44.1203% accepted

energy = -145.7563454
energy/site = -1.138721449
44.0934% accepted

energy = -129.6586628
energy/site = -1.012958303
44.1355% accepted

energy = -98.97844465
energy/site = -0.7732690988
43.9853% accepted

energy = -134.9020243
energy/site = -1.053922065
44.175% accepted

energy = -137.4247015
energy/site = -1.073630481
44.0263% accepted

energy = -175.1736755
energy/site = -1.36854434
44.1054% accepted

energy = -210.2472554
energy/site = -1.642556683
44.1637% accepted

energy = -134.6474379
energy/site = -1.051933109
43.9399% accepted

energy = -154.9030197
energy/site = -1.210179842
44.108% accepted

energy = -141.8995459
energy/site = -1.108590202
43.999% accepted

energy = -113.2356256
energy/site = -0.8846533251
44.1443% accepted

energy = -130.7067932
energy/site = -1.021146822
44.016% accepted

energy = -152.2122324
energy/site = -1.189158066
44.0489% accepted

energy = -176.6234384
energy/site = -1.379870613
44.1798% accepted

energy = -219.687416
energy/site = -1.716307937
44.1521% accepted

energy = -132.2166515
energy/site = -1.03294259
44.1179% accepted

energy = -137.2319588
energy/site = -1.072124678
43.9817% accepted

energy = -184.9272353
energy/site = -1.444744026
44.0168% accepted

energy = -194.8518971
energy/site = -1.522280446
44.1134% accepted

energy = -117.5462628
energy/site = -0.9183301777
44.0282% accepted

energy = -138.4821693
energy/site = -1.081891948
44.2238% accepted

energy = -98.83751571
energy/site = -0.7721680915
44.0639% accepted

energy = -134.9259568
energy/site = -1.054109037
43.9857% accepted

energy = -89.93015043
energy/site = -0.7025793002
44.1032% accepted

energy = -193.3611285
energy/site = -1.510633817
44.1212% accepted

energy = -156.7126187
energy/site = -1.224317333
44.1618% accepted

energy = -198.2993962
energy/site = -1.549214033
44.2297% accepted

energy = -148.9607708
energy/site = -1.163756022
44.1248% accepted

energy = -229.489545
energy/site = -1.79288707
44.0371% accepted

energy = -180.7334327
energy/site = -1.411979943
44.1365% accepted

energy = -80.27838401
energy/site = -0.6271748751
44.1477% accepted

energy = -234.4264397
energy/site = -1.831456561
44.1111% accepted

energy = -140.4348728
energy/site = -1.097147444
44.1016% accepted

energy = -270.973387
energy/site = -2.116979586
43.9446% accepted

energy = -142.8192409
energy/site = -1.115775319
43.9007% accepted

energy = -148.1227319
energy/site = -1.157208843
44.2206% accepted

energy = -123.4474008
energy/site = -0.9644328187
44.1578% accepted

energy = -134.4404727
energy/site = -1.050316193
44.0824% accepted

energy = -174.245662
energy/site = -1.361294234
44.1099% accepted

energy = -149.1381013
energy/site = -1.165141417
43.9784% accepted

energy = -182.9701215
energy/site = -1.429454074
44.0605% accepted

energy = -166.3291262
energy/site = -1.299446298
44.1797% accepted

energy = -204.1524377
energy/site = -1.594940919
44.1748% accepted

energy = -150.4911472
energy/site = -1.175712087
44.1551% accepted

energy = -118.5986097
energy/site = -0.9265516379
44.0623% accepted

energy = -84.89131902
energy/site = -0.6632134298
44.0651% accepted

energy = -195.9389087
energy/site = -1.530772724
43.9424% accepted

energy = -189.9263173
energy/site = -1.483799354
44.0837% accepted

energy = -157.2873094
energy/site = -1.228807105
43.9637% accepted

energy = -129.5695115
energy/site = -1.012261809
44.0867% accepted

energy = -164.3950832
energy/site = -1.284336587
44.0442% accepted

energy = -118.3753771
energy/site = -0.9248076337
44.0965% accepted

energy = -161.8409363
energy/site = -1.264382315
44.1331% accepted

energy = -189.3698951
energy/site = -1.479452306
44.0036% accepted

energy = -184.928951
energy/site = -1.44475743
44.1246% accepted

energy = -161.9140616
energy/site = -1.264953606
44.0642% accepted

energy = -131.5248945
energy/site = -1.027538238
44.1235% accepted

energy = -157.0280326
energy/site = -1.226781505
44.1235% accepted

energy = -110.7208561
energy/site = -0.8650066883
44.0176% accepted

energy = -146.4562782
energy/site = -1.144189673
43.9299% accepted

energy = -84.969955
energy/site = -0.6638277734
44.145% accepted

energy = -157.3126786
energy/site = -1.229005302
44.0351% accepted

energy = -134.5941688
energy/site = -1.051516944
44.0979% accepted

energy = -117.4452574
energy/site = -0.9175410732
44.1746% accepted

energy = -140.5941254
energy/site = -1.098391605
44.0884% accepted

energy = -125.1426691
energy/site = -0.9776771026
44.1437% accepted

energy = -180.7869661
energy/site = -1.412398172
44.0909% accepted

energy = -108.6848775
energy/site = -0.8491006057
44.1134% accepted

energy = -113.4194412
energy/site = -0.8860893842
44.0173% accepted

energy = -106.3093924
energy/site = -0.8305421284
44.1566% accepted

energy = -237.0670138
energy/site = -1.852086045
44.2593% accepted

energy = -150.1018633
energy/site = -1.172670807
44.0099% accepted

energy = -136.8602841
energy/site = -1.06922097
44.1244% accepted

energy = -126.6724102
energy/site = -0.9896282048
44.0845% accepted

energy = -154.0129915
energy/site = -1.203226496
44.0227% accepted

energy = -142.7649436
energy/site = -1.115351122
44.148% accepted

energy = -198.1711558
energy/site = -1.548212155
44.1458% accepted

energy = -94.15642051
energy/site = -0.7355970352
44.2048% accepted

energy = -136.6199971
energy/site = -1.067343727
44.1747% accepted

energy = -104.5544242
energy/site = -0.816831439
44.0831% accepted

energy = -276.3410077
energy/site = -2.158914123
43.9312% accepted

energy = -180.4381856
energy/site = -1.409673325
44.1537% accepted

energy = -232.5119927
energy/site = -1.816499943
44.0755% accepted

energy = -157.7855089
energy/site = -1.232699288
44.1509% accepted

energy = -109.8969173
energy/site = -0.8585696662
43.9053% accepted

energy = -83.18475013
energy/site = -0.6498808604
44.0664% accepted

energy = -182.2894617
energy/site = -1.42413642
44.1268% accepted

energy = -112.9515328
energy/site = -0.8824338497
44.0088% accepted

energy = -121.9835779
energy/site = -0.9529967023
44.1937% accepted

energy = -202.7654371
energy/site = -1.584104978
44.0998% accepted

energy = -151.1188596
energy/site = -1.180616091
44.0473% accepted

energy = -145.6290336
energy/site = -1.137726825
44.1604% accepted

energy = -153.9629698
energy/site = -1.202835702
44.0419% accepted

energy = -161.0172868
energy/site = -1.257947553
44.2412% accepted

energy = -206.1901975
energy/site = -1.610860918
44.1606% accepted

energy = -145.9784009
energy/site = -1.140456257
44.0892% accepted

energy = -158.9252011
energy/site = -1.241603133
44.0833% accepted

energy = -132.9091954
energy/site = -1.038353089
44.0346% accepted

energy = -77.66116178
energy/site = -0.6067278264
44.0799% accepted

energy = -134.0740006
energy/site = -1.04745313
44.1646% accepted

energy = -120.9953556
energy/site = -0.9452762157
44.0291% accepted

energy = -137.0509531
energy/site = -1.070710571
44.1834% accepted

energy = -151.3505735
energy/site = -1.182426355
43.8331% accepted

energy = -127.6300186
energy/site = -0.9971095203
43.9535% accepted

energy = -176.3732348
energy/site = -1.377915897
43.974% accepted

energy = -164.7915008
energy/site = -1.2874336
44.0518% accepted

energy = -97.08934461
energy/site = -0.7585105048
44.1012% accepted

energy = -143.7846599
energy/site = -1.123317656
44.2418% accepted

energy = -146.8461304
energy/site = -1.147235394
44.1558% accepted

energy = -105.7882338
energy/site = -0.8264705768
44.0288% accepted

energy = -161.326601
energy/site = -1.26036407
44.1221% accepted

energy = -114.7166318
energy/site = -0.8962236863
44% accepted

energy = -195.4961558
energy/site = -1.527313717
43.9031% accepted

energy = -173.2381045
energy/site = -1.353422692
44.0341% accepted

energy = -143.4907094
energy/site = -1.121021167
44.0276% accepted

energy = -139.1086769
energy/site = -1.086786538
44.3925% accepted

energy = -143.439652
energy/site = -1.120622281
44.088% accepted

energy = -111.2550943
energy/site = -0.869180424
44.1729% accepted

energy = -128.5015243
energy/site = -1.003918159
44.1883% accepted

energy = -102.2027752
energy/site = -0.7984591812
44.0757% accepted

energy = -163.8080636
energy/site = -1.279750497
44.15% accepted

energy = -187.94904
energy/site = -1.468351875
43.9861% accepted

energy = -139.9921322
energy/site = -1.093688533
44.2405% accepted

energy = -155.0300475
energy/site = -1.211172246
44.2569% accepted

energy = -166.0881698
energy/site = -1.297563827
44.1217% accepted

energy = -109.0825163
energy/site = -0.8522071587
44.0298% accepted

energy = -175.9211416
energy/site = -1.374383919
44.1445% accepted

energy = -123.025522
energy/site = -0.9611368904
44.102% accepted

energy = -161.8987298
energy/site = -1.264833826
44.0795% accepted

energy = -145.7278194
energy/site = -1.138498589
44.0584% accepted

energy = -126.6792956
energy/site = -0.9896819972
44.0989% accepted

energy = -105.1968779
energy/site = -0.8218506083
44.0311% accepted

energy = -175.9375713
energy/site = -1.374512276
44.2851% accepted

energy = -166.0081009
energy/site = -1.296938288
44.1707% accepted

energy = -148.5275643
energy/site = -1.160371596
44.0016% accepted

energy = -173.557087
energy/site = -1.355914742
44.0405% accepted

energy = -120.0179392
energy/site = -0.9376401496
44.1276% accepted

energy = -131.5074406
energy/site = -1.02740188
44.1226% accepted

energy = -112.5907429
energy/site = -0.8796151789
44.147% accepted

energy = -198.7960968
energy/site = -1.553094506
44.0087% accepted

energy = -153.905947
energy/site = -1.202390211
44.0263% accepted

energy = -140.6759958
energy/site = -1.099031217
44.0966% accepted

energy = -165.4039451
energy/site = -1.292218321
44.1182% accepted

energy = -162.0582224
energy/site = -1.266079863
44.0408% accepted

energy = -132.570691
energy/site = -1.035708523
44.1351% accepted

energy = -174.117922
energy/site = -1.360296266
44.0103% accepted

energy = -104.2457005
energy/site = -0.8144195353
44.1837% accepted

energy = -166.5258734
energy/site = -1.300983386
44.1338% accepted

energy = -172.0287043
energy/site = -1.343974252
43.9472% accepted

energy = -112.7121521
energy/site = -0.8805636882
44.1633% accepted

energy = -82.93379839
energy/site = -0.6479202999
44.3373% accepted

energy = -341.2081982
energy/site = -2.665689049
44.1364% accepted

energy = -117.5863599
energy/site = -0.9186434371
44.0455% accepted

energy = -136.5376837
energy/site = -1.066700654
44.0745% accepted

energy = -150.0119551
energy/site = -1.171968399
44.1968% accepted

energy = -176.5103291
energy/site = -1.378986946
44.0385% accepted

energy = -190.8229029
energy/site = -1.490803929
43.877% accepted

energy = -104.1757549
energy/site = -0.8138730852
44.1389% accepted

energy = -137.222001
energy/site = -1.072046883
43.9203% accepted

energy = -134.1112482
energy/site = -1.047744126
44.0894% accepted

energy = -198.9424473
energy/site = -1.554237869
44.3149% accepted

energy = -134.3517979
energy/site = -1.049623421
44.0999% accepted

energy = -127.0302873
energy/site = -0.9924241195
44.1198% accepted

energy = -157.6109068
energy/site = -1.231335209
44.0353% accepted

energy = -156.1569227
energy/site = -1.219975959
43.9708% accepted

energy = -135.0798341
energy/site = -1.055311204
44.06% accepted

energy = -108.9463038
energy/site = -0.8511429981
43.998% accepted

energy = -294.1864472
energy/site = -2.298331618
44.1663% accepted

energy = -213.4844334
energy/site = -1.667847136
43.9105% accepted

energy = -136.1369704
energy/site = -1.063570081
44.0591% accepted

energy = -164.5576981
energy/site = -1.285607016
44.0925% accepted

energy = -162.592646
energy/site = -1.270255047
43.9634% accepted

energy = -160.6385389
energy/site = -1.254988585
44.0208% accepted

energy = -226.487179
energy/site = -1.769431086
44.0259% accepted

energy = -349.7720144
energy/site = -2.732593863
44.077% accepted

energy = -200.5658083
energy/site = -1.566920377
43.9837% accepted

energy = -125.5030309
energy/site = -0.980492429
44.0282% accepted

energy = -208.3393628
energy/site = -1.627651272
44.3244% accepted

energy = -156.3408875
energy/site = -1.221413184
44.1755% accepted

energy = -126.5363923
energy/site = -0.988565565
44.0946% accepted

energy = -159.2284626
energy/site = -1.243972364
44.0617% accepted

energy = -188.1743597
energy/site = -1.470112185
44.289% accepted

energy = -145.3506068
energy/site = -1.135551616
44.0107% accepted

energy = -178.11119
energy/site = -1.391493672
43.9742% accepted

energy = -98.08194843
energy/site = -0.7662652221
44.1741% accepted

energy = -71.23729074
energy/site = -0.5565413339
44.185% accepted

energy = -96.74285214
energy/site = -0.7558035323
44.0379% accepted

energy = -108.1166568
energy/site = -0.8446613816
44.1902% accepted

energy = -136.7821494
energy/site = -1.068610542
44.0621% accepted

energy = -164.9140289
energy/site = -1.288390851
44.1097% accepted

