
weighting by <swap_x> where x = 6
11 x 40 x 1 system
r   = 3  bondops changed per step 
n/N = 80  bond operators / site
its = 1000000  iterations/loop for 100000 loops

energy = -227.1730758
energy/site = -0.2581512225
44.9038% accepted

energy = -64.58016615
energy/site = -0.07338655245
43.7271% accepted

energy = -364.5547901
energy/site = -0.4142668069
43.8046% accepted

energy = -200.6850024
energy/site = -0.2280511391
43.944% accepted

energy = -2542.820075
energy/site = -2.889568267
43.6722% accepted

energy = -3081.138833
energy/site = -3.501294128
43.8144% accepted

energy = -4183.974876
energy/site = -4.754516905
43.8349% accepted

energy = -925.8636068
energy/site = -1.052117735
43.7793% accepted

energy = -68.38612561
energy/site = -0.07771150638
43.741% accepted

energy = -282.49771
energy/site = -0.321020125
43.7865% accepted

energy = -11097.89451
energy/site = -12.61124376
43.8779% accepted

energy = -1900.412247
energy/site = -2.159559371
44.0198% accepted

energy = -1108.124058
energy/site = -1.259231884
43.7761% accepted

energy = -2707.98828
energy/site = -3.077259409
43.8067% accepted

energy = -161.4444261
energy/site = -0.1834595751
43.7997% accepted

energy = -1822.865608
energy/site = -2.071438191
43.8699% accepted

energy = -2780.21076
energy/site = -3.159330409
43.8313% accepted

energy = -812.2038133
energy/site = -0.9229588787
43.8032% accepted

energy = -1171.133013
energy/site = -1.330832969
44.0066% accepted

energy = -1048.94758
energy/site = -1.191985887
43.78% accepted

energy = -3194.272316
energy/site = -3.629854904
43.7666% accepted

energy = -4697.285999
energy/site = -5.337824999
43.8397% accepted

energy = -550.1421527
energy/site = -0.6251615371
43.8736% accepted

energy = -42171.32984
energy/site = -47.92196573
43.9413% accepted

energy = -105.9141854
energy/site = -0.1203570288
43.9767% accepted

energy = -1216.326551
energy/site = -1.382189262
43.8894% accepted

energy = -503.5479013
energy/site = -0.5722135242
43.73% accepted

energy = -1268.01318
energy/site = -1.440924068
43.9999% accepted

energy = -4063.869327
energy/site = -4.618033326
43.9386% accepted

energy = -358.0539863
energy/site = -0.4068795299
43.9246% accepted

energy = -2166.779894
energy/site = -2.462249879
43.8634% accepted

energy = -177.8737457
energy/site = -0.2021292565
43.7255% accepted

energy = -387.2561133
energy/site = -0.4400637651
43.8849% accepted

energy = -688.3047466
energy/site = -0.7821644847
43.9584% accepted

energy = -686.7847835
energy/site = -0.7804372539
43.8708% accepted

energy = -1323.00349
energy/site = -1.503413057
43.815% accepted

energy = -193.6446423
energy/site = -0.2200507298
43.8456% accepted

energy = -356.9623327
energy/site = -0.4056390144
43.8517% accepted

energy = -155.413285
energy/site = -0.1766060057
43.7976% accepted

energy = -304.5418123
energy/site = -0.3460702412
43.8423% accepted

energy = -1419.149041
energy/site = -1.612669365
43.7619% accepted

energy = -44.80770946
energy/site = -0.05091785166
43.9374% accepted

energy = -715.9046437
energy/site = -0.8135280042
43.9306% accepted

energy = -137.6421005
energy/site = -0.1564114778
43.8477% accepted

energy = -3043.860816
energy/site = -3.458932745
43.892% accepted

energy = -1790.48263
energy/site = -2.034639353
44.0389% accepted

energy = -183.4903857
energy/site = -0.208511802
43.7125% accepted

energy = -421.0246102
energy/site = -0.4784370571
43.8376% accepted

energy = -13218.75156
energy/site = -15.02130859
43.943% accepted

energy = -592.6593469
energy/site = -0.6734765305
43.8958% accepted

energy = -2306.429173
energy/site = -2.620942242
43.9458% accepted

energy = -317.0038224
energy/site = -0.3602316163
43.8586% accepted

energy = -284.032687
energy/site = -0.322764417
43.8167% accepted

energy = -393.3855727
energy/site = -0.4470290599
43.8687% accepted

energy = -667.0116394
energy/site = -0.7579677721
43.9042% accepted

energy = -542.7817038
energy/site = -0.6167973907
43.8104% accepted

energy = -3733.666367
energy/site = -4.242802689
43.9809% accepted

energy = -5838.296304
energy/site = -6.634427618
43.7338% accepted

energy = -93.76395639
energy/site = -0.1065499504
44.0099% accepted

energy = -4234.621723
energy/site = -4.812070139
43.8852% accepted

energy = -557.3443381
energy/site = -0.6333458387
43.7738% accepted

energy = -660.70487
energy/site = -0.7508009886
43.7645% accepted

energy = -775.6195573
energy/site = -0.8813858606
43.9202% accepted

energy = -1915.146583
energy/site = -2.176302935
43.8919% accepted

energy = -111.362541
energy/site = -0.126548342
43.9083% accepted

energy = -1186.283772
energy/site = -1.34804974
43.9504% accepted

energy = -136.6670347
energy/site = -0.1553034485
43.8527% accepted

energy = -1849.328192
energy/site = -2.101509309
43.9159% accepted

energy = -307.9611411
energy/site = -0.3499558422
43.8293% accepted

energy = -275.6238297
energy/site = -0.3132088974
43.8152% accepted

energy = -256.1485961
energy/site = -0.2910779502
43.9414% accepted

energy = -290.6761591
energy/site = -0.3303138172
43.8593% accepted

energy = -612.519699
energy/site = -0.6960451125
43.8001% accepted

energy = -2397.281288
energy/site = -2.724183281
43.9569% accepted

energy = -2654.644342
energy/site = -3.016641297
43.9109% accepted

energy = -2688.518382
energy/site = -3.055134525
43.881% accepted

energy = -2133.154898
energy/site = -2.424039656
43.8689% accepted

energy = -3538.848269
energy/site = -4.021418487
43.817% accepted

energy = -653.4731729
energy/site = -0.7425831511
43.8054% accepted

energy = -2834.319911
energy/site = -3.220818081
43.8927% accepted

energy = -724.7911271
energy/site = -0.8236262808
43.7117% accepted

energy = -437.8877033
energy/site = -0.4975996629
43.7706% accepted

energy = -3433.844124
energy/site = -3.902095596
44.0085% accepted

energy = -46.2770484
energy/site = -0.052587555
43.9712% accepted

energy = -710.040609
energy/site = -0.8068643284
43.7812% accepted

energy = -3712.681693
energy/site = -4.21895647
43.9323% accepted

energy = -559.8034593
energy/site = -0.6361402946
43.9125% accepted

energy = -262.6885837
energy/site = -0.2985097542
43.8192% accepted

energy = -66.320749
energy/site = -0.0753644875
43.8801% accepted

energy = -391.2426885
energy/site = -0.4445939642
44.0053% accepted

energy = -418.7641758
energy/site = -0.4758683816
43.9691% accepted

energy = -110.8102684
energy/site = -0.1259207595
43.8558% accepted

energy = -43922.0842
energy/site = -49.91145932
43.7427% accepted

energy = -684.7334329
energy/site = -0.7781061737
43.9253% accepted

energy = -1064.548141
energy/site = -1.209713797
43.8737% accepted

energy = -220.7859326
energy/site = -0.2508931053
43.85% accepted

energy = -989.3130376
energy/site = -1.124219361
43.9312% accepted

energy = -504.7449366
energy/site = -0.5735737916
44.1115% accepted

energy = -252.7884645
energy/site = -0.2872596187
43.9303% accepted

energy = -1374.302422
energy/site = -1.561707298
43.7927% accepted

energy = -1533.676839
energy/site = -1.74281459
43.7566% accepted

energy = -557.592055
energy/site = -0.6336273353
43.8355% accepted

energy = -992.4975805
energy/site = -1.12783816
43.8559% accepted

energy = -1344.760461
energy/site = -1.528136888
43.835% accepted

energy = -137.8331188
energy/site = -0.1566285441
43.7514% accepted

energy = -117.2409165
energy/site = -0.1332283143
43.9331% accepted

energy = -2158.656165
energy/site = -2.453018369
43.815% accepted

energy = -801.8186822
energy/site = -0.9111575934
43.8906% accepted

energy = -363.8548355
energy/site = -0.413471404
43.9456% accepted

energy = -155.8076049
energy/site = -0.1770540965
43.9291% accepted

energy = -85.30465413
energy/site = -0.09693710696
43.881% accepted

energy = -97.5898415
energy/site = -0.1108975472
43.846% accepted

energy = -2027.377443
energy/site = -2.303838003
43.9612% accepted

energy = -500.7457588
energy/site = -0.5690292714
43.8757% accepted

energy = -483.8450096
energy/site = -0.5498238745
43.8115% accepted

energy = -5287.540855
energy/site = -6.008569153
43.8149% accepted

energy = -97.47911828
energy/site = -0.1107717253
43.8039% accepted

energy = -354.9138005
energy/site = -0.403311137
43.8965% accepted

energy = -538.5164829
energy/site = -0.6119505487
43.8432% accepted

energy = -1719.527479
energy/site = -1.954008499
43.9908% accepted

energy = -74.97344522
energy/site = -0.08519709685
43.9108% accepted

energy = -2129.130343
energy/site = -2.419466299
43.8777% accepted

energy = -1177.391599
energy/site = -1.337944998
43.865% accepted

energy = -112.0418045
energy/site = -0.1273202324
43.8943% accepted

energy = -1145.210744
energy/site = -1.301375845
43.8586% accepted

energy = -19150.24962
energy/site = -21.7616473
43.8812% accepted

energy = -648.58544
energy/site = -0.7370289091
44.0653% accepted

energy = -1366.227983
energy/site = -1.552531799
43.869% accepted

energy = -229.9935868
energy/site = -0.2613563487
43.8379% accepted

energy = -365.0461856
energy/site = -0.4148252109
43.8802% accepted

energy = -520.5680553
energy/site = -0.5915546083
43.9048% accepted

energy = -114.2731246
energy/site = -0.1298558235
43.921% accepted

energy = -187.5905276
energy/site = -0.2131710541
43.797% accepted

energy = -469.4169164
energy/site = -0.5334283141
43.9671% accepted

energy = -282.9966519
energy/site = -0.3215871045
43.8814% accepted

energy = -261.5829547
energy/site = -0.2972533576
43.9107% accepted

energy = -1351.388351
energy/site = -1.53566858
43.8837% accepted

energy = -842.245053
energy/site = -0.9570966511
43.9368% accepted

energy = -117.9360932
energy/site = -0.1340182878
43.9092% accepted

energy = -368608.162
energy/site = -418.8729114
43.8534% accepted

energy = -505.8510239
energy/site = -0.574830709
44.0348% accepted

energy = -169.8524497
energy/site = -0.1930141473
43.8516% accepted

energy = -496.5261615
energy/site = -0.5642342744
43.8751% accepted

energy = -207.5501922
energy/site = -0.2358524911
43.7575% accepted

energy = -208.1295696
energy/site = -0.2365108745
43.7632% accepted

energy = -385.5443942
energy/site = -0.4381186297
43.8786% accepted

energy = -88.32191927
energy/site = -0.1003658174
43.8404% accepted

energy = -2122.099443
energy/site = -2.41147664
43.8818% accepted

energy = -1907.691166
energy/site = -2.167830871
43.859% accepted

energy = -232.1098696
energy/site = -0.2637612155
43.769% accepted

energy = -92.01256506
energy/site = -0.104559733
43.6672% accepted

energy = -731.8985033
energy/site = -0.8317028446
43.9621% accepted

energy = -18.30490154
energy/site = -0.02080102447
43.7891% accepted

energy = -13098.62384
energy/site = -14.88479981
43.7883% accepted

energy = -1788.568417
energy/site = -2.03246411
43.8807% accepted

energy = -2869.48364
energy/site = -3.260776863
43.8107% accepted

energy = -475.4511008
energy/site = -0.5402853418
43.9955% accepted

energy = -404.7668294
energy/site = -0.4599623061
43.8923% accepted

energy = -142.5688393
energy/site = -0.1620100447
43.7272% accepted

energy = -532.5654908
energy/site = -0.6051880577
43.9321% accepted

energy = -1060.717802
energy/site = -1.205361138
44.0072% accepted

energy = -5029.480388
energy/site = -5.715318622
43.9448% accepted

energy = -210.8132273
energy/site = -0.2395604856
43.867% accepted

energy = -2120.147082
energy/site = -2.409258048
43.8826% accepted

energy = -11181.90759
energy/site = -12.70671317
43.9482% accepted

energy = -270.9466622
energy/site = -0.3078939344
43.7454% accepted

energy = -384.2994844
energy/site = -0.4367039595
43.8149% accepted

energy = -1395.089361
energy/site = -1.58532882
43.923% accepted

energy = -574.6233365
energy/site = -0.6529810642
43.8688% accepted

energy = -874.6435607
energy/site = -0.9939131372
43.9359% accepted

energy = -5126.824468
energy/site = -5.825936896
43.7581% accepted

energy = -546.6182986
energy/site = -0.6211571575
43.8831% accepted

energy = -174.7507655
energy/site = -0.1985804153
43.8908% accepted

energy = -625.6380466
energy/site = -0.7109523257
43.7741% accepted

energy = -560.5239327
energy/site = -0.6369590145
43.9699% accepted

energy = -4876.610508
energy/site = -5.54160285
43.9194% accepted

energy = -1196.989797
energy/site = -1.360215678
43.9664% accepted

energy = -230.7198533
energy/site = -0.2621816515
43.8561% accepted

energy = -689.1482416
energy/site = -0.7831230019
43.719% accepted

energy = -1792.026641
energy/site = -2.03639391
43.8016% accepted

energy = -7529.549967
energy/site = -8.556306781
43.8087% accepted

energy = -3836.578508
energy/site = -4.359748305
43.9235% accepted

energy = -504.2243512
energy/site = -0.5729822173
43.9718% accepted

energy = -530.4476667
energy/site = -0.6027814395
43.6838% accepted

energy = -224.5198088
energy/site = -0.2551361464
43.8867% accepted

energy = -683.9864308
energy/site = -0.7772573078
44.0168% accepted

energy = -501.2156209
energy/site = -0.5695632056
43.8284% accepted

energy = -457.7772969
energy/site = -0.5202014738
43.7711% accepted

energy = -840.0577278
energy/site = -0.9546110543
43.7651% accepted

energy = -570.2788431
energy/site = -0.6480441399
43.7649% accepted

energy = -781.14278
energy/site = -0.8876622501
43.8765% accepted

energy = -197.2499756
energy/site = -0.2241476995
43.949% accepted

energy = -1340.510508
energy/site = -1.523307395
43.9679% accepted

energy = -478.9353956
energy/site = -0.5442447677
43.8656% accepted

energy = -9486.503239
energy/site = -10.78011732
43.8622% accepted

energy = -3068.112807
energy/site = -3.486491826
43.956% accepted

energy = -1675.839196
energy/site = -1.904362723
43.7559% accepted

energy = -12507.42274
energy/site = -14.21298039
43.8656% accepted

energy = -935.7837109
energy/site = -1.063390581
43.8729% accepted

energy = -506.4593224
energy/site = -0.5755219573
43.8974% accepted

energy = -101.4258461
energy/site = -0.1152566433
43.8737% accepted

energy = -52.38734108
energy/site = -0.05953106941
43.7356% accepted

energy = -271.6058319
energy/site = -0.3086429908
43.8982% accepted

energy = -823.8527106
energy/site = -0.9361962621
43.8354% accepted

energy = -721.4344164
energy/site = -0.8198118368
43.902% accepted

energy = -260.8205067
energy/site = -0.2963869394
43.9427% accepted

energy = -277.1743723
energy/site = -0.3149708776
43.9104% accepted

energy = -41.96457757
energy/site = -0.04768701997
43.8413% accepted

energy = -207.6842381
energy/site = -0.236004816
43.9336% accepted

energy = -277.1443737
energy/site = -0.3149367883
43.9022% accepted

energy = -444.1274141
energy/site = -0.5046902433
43.8835% accepted

energy = -135.6219018
energy/site = -0.1541157975
43.8489% accepted

energy = -3113.176283
energy/site = -3.537700321
43.7478% accepted

energy = -1313.208782
energy/site = -1.492282707
43.8719% accepted

energy = -430.6247347
energy/site = -0.4893462894
43.8982% accepted

energy = -759.7322823
energy/site = -0.863332139
43.9473% accepted

energy = -342.8452747
energy/site = -0.3895969031
43.9444% accepted

energy = -326.1975297
energy/site = -0.370679011
43.9381% accepted

User defined signal 2

------------------------------------------------------------
Sender: LSF System <lsfadmin@wha705>
Subject: Job 3908574: <./torus06> Exited

Job <./torus06> was submitted from host <wha780> by user <akallin>.
Job was executed on host(s) <wha705>, in queue <serial>, as user <akallin>.
</home/akallin> was used as the home directory.
</work/akallin/TORUS/OBC/11leg/06> was used as the working directory.
Started at Sat Jun 26 17:02:10 2010
Results reported at Sat Jul  3 16:40:12 2010

Your job looked like:

------------------------------------------------------------
# LSBATCH: User input
./torus06
------------------------------------------------------------

TERM_RUNLIMIT: job killed after reaching LSF run time limit.
Exited with exit code 140.

Resource usage summary:

    CPU time   : 412768.00 sec.
    Max Memory :         6 MB
    Max Swap   :       124 MB

    Max Processes  :         4
    Max Threads    :         4

The output (if any) is above this job summary.


weighting by <swap_x> where x = 6
11 x 40 x 1 system
r   = 3  bondops changed per step 
n/N = 80  bond operators / site
its = 1000000  iterations/loop for 100000 loops

energy = -4909.139751
energy/site = -5.578567899
43.746% accepted

energy = -649.0979315
energy/site = -0.7376112858
43.8415% accepted

energy = -315.8397861
energy/site = -0.3589088478
44.0159% accepted

energy = -1430.34399
energy/site = -1.625390898
43.901% accepted

energy = -809.1155152
energy/site = -0.919449449
43.9159% accepted

energy = -290.3688728
energy/site = -0.3299646282
43.8006% accepted

energy = -269.1562715
energy/site = -0.3058593995
43.8673% accepted

energy = -6982.533661
energy/site = -7.934697342
43.8391% accepted

energy = -1124.220896
energy/site = -1.277523746
43.8925% accepted

energy = -131.3485552
energy/site = -0.1492597219
43.9432% accepted

energy = -38.24075614
energy/site = -0.04345540471
43.7521% accepted

energy = -90.00327474
energy/site = -0.1022764486
43.868% accepted

energy = -4936.170038
energy/site = -5.609284134
43.9162% accepted

energy = -529.6005154
energy/site = -0.6018187675
44.0002% accepted

energy = -1705.987484
energy/site = -1.938622141
43.7081% accepted

energy = -112.2070923
energy/site = -0.1275080594
43.7906% accepted

energy = -152.511046
energy/site = -0.1733080068
43.8231% accepted

energy = -246.9352877
energy/site = -0.2806082815
43.9818% accepted

energy = -537.0278499
energy/site = -0.6102589203
43.8999% accepted

energy = -7264.967049
energy/site = -8.255644374
43.7517% accepted

energy = -210.9647346
energy/site = -0.239732653
43.8365% accepted

energy = -1390.92504
energy/site = -1.580596637
43.8846% accepted

energy = -2483.755812
energy/site = -2.822449786
43.8682% accepted

energy = -140.2329961
energy/site = -0.1593556774
43.8346% accepted

energy = -138.3840552
energy/site = -0.1572546082
43.9009% accepted

energy = -5226.809806
energy/site = -5.939556598
43.9234% accepted

energy = -145.0010784
energy/site = -0.1647739527
43.9419% accepted

energy = -777.7386547
energy/site = -0.8837939258
43.8197% accepted

energy = -1117.975326
energy/site = -1.270426506
43.9269% accepted

energy = -374.0432343
energy/site = -0.4250491299
43.9332% accepted

energy = -635.256196
energy/site = -0.721882041
43.8215% accepted

energy = -120.7690457
energy/site = -0.137237552
43.8994% accepted

energy = -522.9335194
energy/site = -0.5942426357
44.0447% accepted

energy = -302.7861138
energy/site = -0.3440751293
43.8798% accepted

energy = -685.4177801
energy/site = -0.778883841
43.9587% accepted

energy = -885.6014273
energy/site = -1.006365258
43.9752% accepted

energy = -68638.61247
energy/site = -77.99842326
43.6434% accepted

energy = -4696.076857
energy/site = -5.336450974
43.914% accepted

energy = -1034.920585
energy/site = -1.176046119
43.9535% accepted

energy = -357.7795732
energy/site = -0.4065676968
43.7576% accepted

energy = -495.4620075
energy/site = -0.5630250085
43.8772% accepted

energy = -2140.049996
energy/site = -2.431874996
43.8257% accepted

energy = -293.4169666
energy/site = -0.3334283711
43.8466% accepted

energy = -720.9700301
energy/site = -0.8192841252
43.6573% accepted

energy = -115.6643408
energy/site = -0.1314367509
43.748% accepted

energy = -4244.172047
energy/site = -4.822922781
43.8165% accepted

energy = -1073.767411
energy/site = -1.22019024
43.7795% accepted

energy = -341.1716763
energy/site = -0.3876950867
43.8503% accepted

energy = -614.7738051
energy/site = -0.6986065967
43.8976% accepted

energy = -93.93347581
energy/site = -0.1067425861
43.8259% accepted

energy = -175.8614132
energy/site = -0.199842515
43.8615% accepted

energy = -390.1233238
energy/site = -0.4433219588
43.7818% accepted

energy = -187.6244224
energy/site = -0.213209571
43.8171% accepted

energy = -510.5803264
energy/site = -0.5802049164
43.8682% accepted

energy = -94.20950922
energy/site = -0.1070562605
43.8522% accepted

energy = -1066.672056
energy/site = -1.212127336
43.7319% accepted

energy = -257.7802952
energy/site = -0.2929321536
43.9475% accepted

energy = -46.10037499
energy/site = -0.05238678977
43.7608% accepted

energy = -1627.026256
energy/site = -1.848893473
43.8034% accepted

energy = -370.2935205
energy/site = -0.4207880915
43.9731% accepted

energy = -124.5773097
energy/site = -0.1415651247
43.8028% accepted

energy = -1657.332246
energy/site = -1.883332098
43.8844% accepted

energy = -335.9482108
energy/site = -0.3817593304
43.906% accepted

energy = -732.8828031
energy/site = -0.8328213671
43.8063% accepted

energy = -2985.99586
energy/site = -3.393177113
43.718% accepted

energy = -50.56010874
energy/site = -0.05745466902
43.8007% accepted

energy = -402.8127881
energy/site = -0.4577418047
43.7824% accepted

energy = -3315.135634
energy/site = -3.767199584
43.9533% accepted

energy = -447.381278
energy/site = -0.5083878159
43.9635% accepted

energy = -566.1888375
energy/site = -0.6433964063
43.8478% accepted

energy = -233.3499259
energy/site = -0.2651703704
43.9612% accepted

energy = -2356.680285
energy/site = -2.678045778
43.8378% accepted

energy = -223.918928
energy/site = -0.2544533273
43.8847% accepted

energy = -2332.96697
energy/site = -2.65109883
43.9015% accepted

energy = -7456.312733
energy/site = -8.473082651
43.8225% accepted

energy = -186.4022671
energy/site = -0.2118207581
43.879% accepted

energy = -100.605908
energy/site = -0.1143248955
43.8905% accepted

energy = -10103.22815
energy/site = -11.48094108
43.886% accepted

energy = -1286.576143
energy/site = -1.462018344
43.7354% accepted

energy = -1879.356341
energy/site = -2.135632206
43.9118% accepted

energy = -790.9379608
energy/site = -0.8987931373
43.8833% accepted

energy = -693.5282229
energy/site = -0.7881002533
43.8206% accepted

energy = -568.8362345
energy/site = -0.646404812
43.8222% accepted

energy = -440.5021665
energy/site = -0.5005706437
43.9286% accepted

energy = -1403.584204
energy/site = -1.59498205
43.8714% accepted

energy = -354.1997512
energy/site = -0.4024997173
43.8904% accepted

energy = -294.2888389
energy/site = -0.3344191351
43.8512% accepted

energy = -857.4730818
energy/site = -0.9744012293
43.9535% accepted

energy = -93.59106049
energy/site = -0.1063534778
43.7571% accepted

energy = -755.7469389
energy/site = -0.8588033396
43.8731% accepted

energy = -714.0985947
energy/site = -0.8114756758
43.805% accepted

energy = -645.2473762
energy/site = -0.7332356548
43.7824% accepted

energy = -471.6695693
energy/site = -0.5359881469
43.789% accepted

energy = -334.8362631
energy/site = -0.3804957536
43.8353% accepted

energy = -1339.462552
energy/site = -1.522116536
43.9815% accepted

energy = -322.1911593
energy/site = -0.3661263174
43.8678% accepted

energy = -13178.49407
energy/site = -14.97556144
43.8552% accepted

energy = -1359.976256
energy/site = -1.545427564
43.8384% accepted

energy = -18703.69058
energy/site = -21.25419384
43.9282% accepted

energy = -483.1106723
energy/site = -0.5489894004
43.9039% accepted

energy = -455.6783002
energy/site = -0.5178162503
43.8819% accepted

energy = -6620.788361
energy/site = -7.523623137
43.9756% accepted

energy = -754.7171876
energy/site = -0.8576331677
43.8815% accepted

energy = -28.61306588
energy/site = -0.03251484759
43.8991% accepted

energy = -15.48480479
energy/site = -0.01759636908
43.7862% accepted

energy = -1602.30044
energy/site = -1.820795955
43.7366% accepted

energy = -105.5187644
energy/site = -0.1199076868
43.8533% accepted

energy = -45.05851711
energy/site = -0.05120286035
43.7896% accepted

energy = -115.7203565
energy/site = -0.1315004051
44.0052% accepted

energy = -2966.108133
energy/site = -3.370577423
43.9634% accepted

energy = -1342.781182
energy/site = -1.525887707
43.8166% accepted

energy = -295.6682099
energy/site = -0.3359866022
43.8684% accepted

energy = -145.6536502
energy/site = -0.1655155116
43.8507% accepted

energy = -886.7245063
energy/site = -1.007641484
43.9287% accepted

energy = -318.3079795
energy/site = -0.3617136131
43.8933% accepted

energy = -552.4437963
energy/site = -0.6277770412
43.8346% accepted

energy = -20232.3323
energy/site = -22.9912867
43.8237% accepted

energy = -125.8082744
energy/site = -0.1429639482
43.9345% accepted

energy = -1498.137372
energy/site = -1.702428832
43.8871% accepted

energy = -1483.258642
energy/site = -1.685521184
43.7724% accepted

energy = -138.8691904
energy/site = -0.1578058982
43.892% accepted

energy = -247.7472994
energy/site = -0.2815310221
43.791% accepted

energy = -105.4566532
energy/site = -0.1198371059
43.802% accepted

energy = -171.0498742
energy/site = -0.194374857
43.9112% accepted

energy = -1960.369815
energy/site = -2.227692972
43.9229% accepted

energy = -1038.956588
energy/site = -1.180632487
44.033% accepted

energy = -286.5374113
energy/site = -0.3256106946
43.8081% accepted

energy = -257.3505698
energy/site = -0.2924438294
43.8134% accepted

energy = -3739.226215
energy/site = -4.249120699
43.9035% accepted

energy = -3097.230262
energy/site = -3.519579843
43.8561% accepted

energy = -11057.24004
energy/site = -12.5650455
43.8477% accepted

energy = -422.249096
energy/site = -0.4798285182
43.8214% accepted

energy = -52.64634934
energy/site = -0.05982539697
43.6533% accepted

energy = -1464.689485
energy/site = -1.66441987
43.7739% accepted

energy = -571.1632661
energy/site = -0.6490491661
43.96% accepted

energy = -25.95652095
energy/site = -0.02949604654
44.0148% accepted

energy = -766.885318
energy/site = -0.8714605886
43.7985% accepted

energy = -421.1661692
energy/site = -0.4785979195
43.7802% accepted

energy = -284.8800363
energy/site = -0.3237273139
43.9438% accepted

energy = -1296.083841
energy/site = -1.472822547
43.8935% accepted

energy = -103.4391179
energy/site = -0.1175444521
43.7818% accepted

energy = -1174.301274
energy/site = -1.334433266
43.8891% accepted

energy = -24728.34522
energy/site = -28.10039229
43.8275% accepted

energy = -947.960349
energy/site = -1.077227669
43.8227% accepted

energy = -1191.652481
energy/site = -1.354150547
43.7275% accepted

energy = -532.4431263
energy/site = -0.6050490072
43.7345% accepted

energy = -1432.94249
energy/site = -1.628343739
43.8411% accepted

energy = -879.5699039
energy/site = -0.9995112544
43.8417% accepted

energy = -2553.479634
energy/site = -2.901681403
43.907% accepted

energy = -192.4059861
energy/site = -0.218643166
43.7605% accepted

energy = -173.4222348
energy/site = -0.1970707214
43.861% accepted

energy = -5844.855237
energy/site = -6.641880951
43.876% accepted

energy = -455.4842324
energy/site = -0.5175957187
43.7283% accepted

energy = -227.0022798
energy/site = -0.2579571361
43.8363% accepted

energy = -32.90748664
energy/site = -0.03739487118
43.9719% accepted

energy = -529.4174974
energy/site = -0.6016107925
43.9073% accepted

energy = -741.121236
energy/site = -0.8421832227
43.8909% accepted

energy = -608.6803981
energy/site = -0.6916822705
44.0293% accepted

energy = -1447.395224
energy/site = -1.644767299
43.8583% accepted

energy = -1496.656967
energy/site = -1.700746554
43.9856% accepted

energy = -367.6211422
energy/site = -0.4177512979
43.9243% accepted

energy = -1835.01152
energy/site = -2.085240363
43.8623% accepted

energy = -8212.742894
energy/site = -9.33266238
43.9577% accepted

energy = -187.8631845
energy/site = -0.2134808915
43.9882% accepted

energy = -154.833318
energy/site = -0.1759469523
43.7459% accepted

energy = -148.6011342
energy/site = -0.1688649252
43.9471% accepted

energy = -172.899601
energy/site = -0.1964768193
43.923% accepted

energy = -1374.115395
energy/site = -1.561494767
43.729% accepted

energy = -1168.351752
energy/site = -1.327672446
43.8063% accepted

energy = -137.0979739
energy/site = -0.1557931522
43.8294% accepted

energy = -927.4083722
energy/site = -1.05387315
43.7742% accepted

energy = -753.3875269
energy/site = -0.8561221896
43.8444% accepted

energy = -1399.631037
energy/site = -1.590489815
43.7085% accepted

energy = -188.1266006
energy/site = -0.2137802279
43.8331% accepted

energy = -565.480451
energy/site = -0.6425914216
43.8402% accepted

energy = -1737.243169
energy/site = -1.974139965
43.7647% accepted

energy = -410.5525756
energy/site = -0.4665370177
43.8462% accepted

energy = -3884.712547
energy/site = -4.414446076
43.877% accepted

energy = -4680.027468
energy/site = -5.318213032
44.0129% accepted

energy = -1115.146272
energy/site = -1.267211672
43.8289% accepted

energy = -2976.996475
energy/site = -3.38295054
43.9365% accepted

energy = -1521.371066
energy/site = -1.728830756
43.9361% accepted

energy = -13040.90503
energy/site = -14.81921026
43.9839% accepted

energy = -604.6471838
energy/site = -0.6870990725
43.8514% accepted

energy = -2513.51216
energy/site = -2.856263819
43.9032% accepted

energy = -168.0576917
energy/site = -0.1909746496
43.9455% accepted

energy = -22917.78433
energy/site = -26.04293674
44.1201% accepted

energy = -968.6111668
energy/site = -1.100694508
43.7206% accepted

energy = -368.4276785
energy/site = -0.4186678165
43.8046% accepted

energy = -745.0812973
energy/site = -0.8466832924
43.834% accepted

energy = -751.0849507
energy/site = -0.8535056258
43.8363% accepted

energy = -462.6904651
energy/site = -0.5257846195
43.9215% accepted

energy = -8382.7972
energy/site = -9.52590591
43.8922% accepted

energy = -6635.446802
energy/site = -7.540280456
43.6578% accepted

energy = -7981.360089
energy/site = -9.069727374
43.8887% accepted

energy = -1541.477594
energy/site = -1.751679084
43.902% accepted

energy = -1038.110604
energy/site = -1.179671141
43.9013% accepted

energy = -379.3036459
energy/site = -0.4310268704
43.9657% accepted

energy = -162.9574303
energy/site = -0.185178898
43.835% accepted

energy = -226.7588353
energy/site = -0.2576804947
43.8296% accepted

energy = -1605.626681
energy/site = -1.824575774
43.8729% accepted

energy = -83.30410547
energy/site = -0.09466375622
43.8381% accepted

energy = -2643.440207
energy/site = -3.003909327
43.8296% accepted

energy = -253.1031038
energy/site = -0.2876171634
43.8002% accepted

energy = -3752.856971
energy/site = -4.264610194
43.8353% accepted

energy = -56.11909261
energy/site = -0.06377169615
43.868% accepted

energy = -10428.96995
energy/site = -11.85110221
43.8378% accepted

energy = -628.4886018
energy/site = -0.714191593
43.8419% accepted

energy = -181.0340943
energy/site = -0.2057205617
43.8286% accepted

energy = -686.7106783
energy/site = -0.7803530435
43.8819% accepted

energy = -220.7780986
energy/site = -0.250884203
43.8038% accepted

energy = -195.4291977
energy/site = -0.2220786337
43.8521% accepted

energy = -351.1158531
energy/site = -0.3989952876
43.8881% accepted

energy = -983.9520646
energy/site = -1.118127346
43.7307% accepted

energy = -213.7130417
energy/site = -0.2428557292
43.8752% accepted

energy = -1706.717301
energy/site = -1.939451478
43.6715% accepted

energy = -823.3059362
energy/site = -0.9355749275
43.8417% accepted

energy = -291.7922209
energy/site = -0.3315820692
43.8259% accepted

energy = -455.954282
energy/site = -0.518129866
43.7793% accepted

energy = -75.53908171
energy/site = -0.08583986558
43.8938% accepted

energy = -7942.125563
energy/site = -9.025142685
43.7745% accepted

energy = -4296.712637
energy/site = -4.882627996
43.8534% accepted

energy = -44.17198249
energy/site = -0.05019543464
43.7963% accepted

energy = -2391.462626
energy/site = -2.717571166
43.9154% accepted

energy = -68.66983039
energy/site = -0.07803389817
43.7306% accepted

energy = -408.2455515
energy/site = -0.4639153994
43.9349% accepted

energy = -740.0170624
energy/site = -0.84092848
43.8953% accepted

energy = -3685.253841
energy/site = -4.187788455
43.8373% accepted

energy = -602.0201938
energy/site = -0.6841138566
43.7497% accepted

energy = -1074.700777
energy/site = -1.221250883
43.8052% accepted

energy = -128.7440207
energy/site = -0.1463000236
44.0313% accepted

energy = -915.576095
energy/site = -1.040427381
43.8613% accepted

energy = -208.2720805
energy/site = -0.2366728187
43.8258% accepted

energy = -365.6842729
energy/site = -0.4155503101
43.8175% accepted

energy = -236.4211919
energy/site = -0.2686604454
43.9867% accepted

energy = -909.6170048
energy/site = -1.033655687
43.8397% accepted

energy = -313.316913
energy/site = -0.3560419466
43.8801% accepted

energy = -870.4450367
energy/site = -0.9891420871
43.8597% accepted

energy = -735.0049163
energy/site = -0.8352328594
43.7961% accepted

energy = -224.2135775
energy/site = -0.2547881562
43.8467% accepted

energy = -284.6612655
energy/site = -0.3234787108
43.9092% accepted

energy = -1320.02471
energy/site = -1.500028079
43.7974% accepted

energy = -2714.973747
energy/site = -3.085197439
43.9307% accepted

energy = -1113.245336
energy/site = -1.265051518
43.9787% accepted

energy = -606.1308071
energy/site = -0.6887850081
43.8361% accepted

energy = -292.5044425
energy/site = -0.3323914119
43.8523% accepted

energy = -19948.4243
energy/site = -22.66866398
43.6898% accepted

energy = -170.8068579
energy/site = -0.1940987022
43.6406% accepted

energy = -74.33280254
energy/site = -0.0844690938
43.9235% accepted

energy = -229.132996
energy/site = -0.2603784045
43.8513% accepted

energy = -167.7065836
energy/site = -0.1905756632
43.7323% accepted

energy = -333.3349921
energy/site = -0.3787897638
43.877% accepted

energy = -3286.818516
energy/site = -3.735021041
43.8699% accepted

energy = -491.8507098
energy/site = -0.5589212612
43.8067% accepted

energy = -354.9855325
energy/site = -0.4033926506
43.8772% accepted

energy = -308.7153921
energy/site = -0.3508129456
43.9965% accepted

energy = -18.36876809
energy/site = -0.0208736001
43.7592% accepted

energy = -1743.468718
energy/site = -1.981214452
43.8688% accepted

energy = -76.67029345
energy/site = -0.08712533346
44.0098% accepted

energy = -457.5451234
energy/site = -0.5199376402
43.8532% accepted

energy = -178.0043011
energy/site = -0.2022776148
43.8143% accepted

energy = -118.4879062
energy/site = -0.1346453479
43.8184% accepted

energy = -315.5101494
energy/site = -0.3585342606
43.9215% accepted

energy = -409.3747139
energy/site = -0.4651985385
43.9222% accepted

energy = -1176.193834
energy/site = -1.336583902
43.8649% accepted

energy = -184.8500141
energy/site = -0.2100568342
44.0927% accepted

energy = -962.8008677
energy/site = -1.094091895
43.7885% accepted

energy = -270.0471955
energy/site = -0.3068718131
43.7569% accepted

energy = -133882.9058
energy/site = -152.1396657
44.0391% accepted

energy = -185.2929535
energy/site = -0.2105601744
43.7384% accepted

energy = -8039.791812
energy/site = -9.136127059
43.9377% accepted

energy = -2850.930096
energy/site = -3.23969329
43.8561% accepted

energy = -341.5190073
energy/site = -0.388089781
43.8658% accepted

energy = -3321.797156
energy/site = -3.774769495
43.8719% accepted

energy = -5182.535411
energy/site = -5.889244785
43.9193% accepted

energy = -290.0030954
energy/site = -0.329548972
43.9297% accepted

energy = -135.2588199
energy/site = -0.1537032044
43.8746% accepted

energy = -1066.864189
energy/site = -1.212345669
43.8405% accepted

energy = -499.4933988
energy/site = -0.567606135
43.7452% accepted

energy = -1017.515498
energy/site = -1.156267611
43.9308% accepted

energy = -586.7658893
energy/site = -0.6667794197
43.9599% accepted

energy = -126.3439561
energy/site = -0.1435726774
43.8902% accepted

energy = -10569.79802
energy/site = -12.01113412
43.8184% accepted

energy = -751.3475108
energy/site = -0.8538039895
43.8254% accepted

energy = -191.1106447
energy/site = -0.2171711872
43.7705% accepted

energy = -66.11433313
energy/site = -0.07512992401
43.8289% accepted

energy = -285.9828344
energy/site = -0.3249804936
43.8746% accepted

energy = -790.4743861
energy/site = -0.8982663478
43.8038% accepted

energy = -340.2890489
energy/site = -0.386692101
43.8417% accepted

energy = -196.4210113
energy/site = -0.2232056947
43.761% accepted

energy = -2780.569519
energy/site = -3.15973809
44.0281% accepted

User defined signal 2

------------------------------------------------------------
Sender: LSF System <lsfadmin@wha291>
Subject: Job 5120769: <./torus06> Exited

Job <./torus06> was submitted from host <wha780> by user <akallin>.
Job was executed on host(s) <wha291>, in queue <serial>, as user <akallin>.
</home/akallin> was used as the home directory.
</work/akallin/TORUS/OBC/11leg/06> was used as the working directory.
Started at Wed Jul 21 18:01:18 2010
Results reported at Wed Jul 28 18:28:00 2010

Your job looked like:

------------------------------------------------------------
# LSBATCH: User input
./torus06
------------------------------------------------------------

TERM_RUNLIMIT: job killed after reaching LSF run time limit.
Exited with exit code 140.

Resource usage summary:

    CPU time   : 551923.00 sec.
    Max Memory :         6 MB
    Max Swap   :       122 MB

    Max Processes  :         4
    Max Threads    :         4

The output (if any) is above this job summary.


weighting by <swap_x> where x = 6
11 x 40 x 1 system
r   = 3  bondops changed per step 
n/N = 80  bond operators / site
its = 1000000  iterations/loop for 100000 loops

energy = -172.4601961
energy/site = -0.1959774956
43.8111% accepted

energy = -1475.36744
energy/site = -1.676553909
43.7982% accepted

energy = -229.9805531
energy/site = -0.2613415376
43.902% accepted

energy = -2756.647491
energy/site = -3.132553967
43.8606% accepted

energy = -147.5063555
energy/site = -0.1676208585
43.8623% accepted

energy = -533.0509253
energy/site = -0.6057396878
43.7168% accepted

energy = -1789.517403
energy/site = -2.033542503
43.9254% accepted

energy = -470.8277491
energy/site = -0.5350315331
43.7498% accepted

energy = -966.6918292
energy/site = -1.098513442
43.7999% accepted

energy = -336.6334352
energy/site = -0.3825379946
43.7058% accepted

energy = -72.10336973
energy/site = -0.08193564742
43.9166% accepted

energy = -101.9438062
energy/site = -0.1158452343
43.9016% accepted

energy = -248.6084648
energy/site = -0.2825096191
43.9337% accepted

energy = -57.63346353
energy/site = -0.0654925722
43.9289% accepted

energy = -2104.977327
energy/site = -2.39201969
43.8456% accepted

energy = -2419.715483
energy/site = -2.749676685
43.7761% accepted

energy = -1103.264703
energy/site = -1.25370989
43.732% accepted

energy = -480.5256799
energy/site = -0.5460519089
43.9006% accepted

energy = -1147.370828
energy/site = -1.303830487
43.8286% accepted

energy = -5653.531504
energy/site = -6.424467618
43.8785% accepted

energy = -261.7646031
energy/site = -0.2974597763
43.6577% accepted

energy = -163.1280552
energy/site = -0.18537279
43.8659% accepted

energy = -8832.005574
energy/site = -10.03636997
43.8429% accepted

energy = -92.78472415
energy/site = -0.1054371865
43.7621% accepted

energy = -339.5255687
energy/site = -0.3858245099
44.035% accepted

energy = -1086.591857
energy/site = -1.234763474
43.8464% accepted

energy = -114.0693545
energy/site = -0.1296242665
44.0372% accepted

energy = -375.104365
energy/site = -0.4262549602
43.8293% accepted

energy = -2925.436913
energy/site = -3.324360129
43.931% accepted

energy = -922.5377448
energy/site = -1.048338346
43.9573% accepted

energy = -87.87470411
energy/site = -0.09985761831
43.8896% accepted

energy = -1041.361531
energy/site = -1.183365376
43.8209% accepted

energy = -375.5940847
energy/site = -0.4268114599
44.0068% accepted

energy = -1781.355296
energy/site = -2.024267382
43.7839% accepted

energy = -3902.062775
energy/site = -4.434162245
43.9317% accepted

energy = -1274.254674
energy/site = -1.448016675
43.8604% accepted

energy = -544.1464569
energy/site = -0.6183482465
43.7463% accepted

energy = -2371.545317
energy/site = -2.69493786
43.9767% accepted

energy = -10993.83747
energy/site = -12.49299713
43.8474% accepted

energy = -1047.836531
energy/site = -1.19072333
43.9527% accepted

energy = -1953.962338
energy/site = -2.220411748
43.9046% accepted

energy = -804.1254198
energy/site = -0.9137788861
43.7424% accepted

energy = -1958.402425
energy/site = -2.225457301
43.8994% accepted

energy = -512.9917481
energy/site = -0.5829451683
43.7459% accepted

energy = -325.775156
energy/site = -0.3701990409
43.7423% accepted

energy = -408.2036392
energy/site = -0.4638677719
43.7695% accepted

energy = -371.2295976
energy/site = -0.4218518155
43.7976% accepted

energy = -1109.180974
energy/site = -1.260432924
43.7486% accepted

energy = -307.548386
energy/site = -0.3494868022
43.8923% accepted

energy = -289.8084469
energy/site = -0.3293277806
43.8534% accepted

energy = -3073.143335
energy/site = -3.492208335
43.9287% accepted

energy = -357.4638437
energy/site = -0.4062089133
43.7334% accepted

energy = -2040.659142
energy/site = -2.318930843
43.7281% accepted

energy = -802.545874
energy/site = -0.9119839477
43.9223% accepted

energy = -871.7074653
energy/site = -0.9905766652
43.8939% accepted

energy = -81.92328406
energy/site = -0.09309464098
43.7827% accepted

energy = -202.5785929
energy/site = -0.2302029465
43.7998% accepted

energy = -225.3457246
energy/site = -0.2560746871
43.7774% accepted

energy = -1992.193992
energy/site = -2.263856809
43.7961% accepted

energy = -4958.814655
energy/site = -5.635016654
43.8958% accepted

energy = -183.5788039
energy/site = -0.2086122772
43.8916% accepted

energy = -176.9449815
energy/site = -0.2010738427
43.8377% accepted

energy = -1848.084785
energy/site = -2.100096346
43.834% accepted

energy = -752.165514
energy/site = -0.8547335386
43.6749% accepted

energy = -462.4711089
energy/site = -0.525535351
43.6922% accepted

energy = -240.0995803
energy/site = -0.2728404322
43.902% accepted

energy = -390.2378504
energy/site = -0.4434521027
43.6779% accepted

energy = -685.5513316
energy/site = -0.7790356041
43.8734% accepted

energy = -4060.231246
energy/site = -4.613899143
43.9537% accepted

energy = -109.297402
energy/site = -0.1242015932
43.8222% accepted

energy = -440.1768633
energy/site = -0.500200981
43.8539% accepted

energy = -211.2347503
energy/site = -0.2400394889
43.8077% accepted

energy = -71.16763606
energy/site = -0.0808723137
43.8543% accepted

energy = -5432.12126
energy/site = -6.172865068
43.9584% accepted

energy = -1124.755968
energy/site = -1.278131782
43.7258% accepted

energy = -1295.613214
energy/site = -1.472287743
43.9213% accepted

energy = -3441.988674
energy/site = -3.911350766
43.7453% accepted

energy = -242.2791359
energy/site = -0.2753171998
43.8835% accepted

energy = -788.8956853
energy/site = -0.8964723697
43.7438% accepted

energy = -1104.999299
energy/site = -1.255681022
43.8497% accepted

energy = -8724.140831
energy/site = -9.913796399
43.8547% accepted

energy = -2552.585425
energy/site = -2.900665256
43.8473% accepted

energy = -369.0840382
energy/site = -0.4194136798
44.0051% accepted

energy = -1020.532647
energy/site = -1.15969619
43.8372% accepted

energy = -565.3726916
energy/site = -0.6424689677
43.9161% accepted

energy = -279.0472214
energy/site = -0.3170991152
43.9104% accepted

energy = -167.6494208
energy/site = -0.1905107055
43.9444% accepted

energy = -685.2276017
energy/site = -0.7786677292
43.8173% accepted

energy = -981.3592512
energy/site = -1.115180967
43.8282% accepted

energy = -223.7420607
energy/site = -0.2542523417
43.8908% accepted

energy = -684.3820747
energy/site = -0.777706903
43.8117% accepted

energy = -1309.427941
energy/site = -1.487986296
43.8029% accepted

energy = -1175.316734
energy/site = -1.335587198
43.8382% accepted

energy = -1008.265879
energy/site = -1.145756681
43.9466% accepted

energy = -185.7181158
energy/site = -0.2110433134
43.7481% accepted

energy = -1640.921847
energy/site = -1.864683918
43.7057% accepted

energy = -622.6027331
energy/site = -0.7075031058
43.8747% accepted

energy = -371.3290155
energy/site = -0.4219647904
43.7122% accepted

energy = -232.5224774
energy/site = -0.2642300879
43.9016% accepted

energy = -3891.595676
energy/site = -4.422267813
43.9118% accepted

energy = -3424.304764
energy/site = -3.891255413
43.9963% accepted

energy = -3033.254296
energy/site = -3.446879881
43.8704% accepted

energy = -308.1147866
energy/site = -0.3501304393
43.9787% accepted

energy = -1269.227738
energy/site = -1.442304248
43.784% accepted

energy = -3818.725788
energy/site = -4.339461123
43.9029% accepted

energy = -316.3910465
energy/site = -0.3595352801
43.9813% accepted

energy = -2991.831562
energy/site = -3.399808593
43.9195% accepted

energy = -288.7800256
energy/site = -0.32815912
43.8894% accepted

energy = -1249.933531
energy/site = -1.420379012
43.8322% accepted

energy = -941.993615
energy/site = -1.07044729
43.8611% accepted

energy = -338.7310684
energy/site = -0.3849216687
43.7643% accepted

energy = -1340.451355
energy/site = -1.523240176
43.9031% accepted

energy = -454.5066815
energy/site = -0.5164848653
43.6686% accepted

energy = -1071.165051
energy/site = -1.217233013
43.9214% accepted

energy = -7102.790877
energy/site = -8.071353269
43.8216% accepted

energy = -72.1059455
energy/site = -0.08193857443
43.6602% accepted

energy = -162.5761858
energy/site = -0.1847456657
43.9718% accepted

energy = -1391.120779
energy/site = -1.580819067
43.8758% accepted

energy = -1145.035674
energy/site = -1.301176902
43.6891% accepted

energy = -642.0355421
energy/site = -0.7295858433
43.909% accepted

energy = -6402.256724
energy/site = -7.275291731
43.8315% accepted

energy = -115.5005315
energy/site = -0.131250604
43.8543% accepted

energy = -184.8589111
energy/site = -0.2100669444
43.8616% accepted

energy = -201.8247694
energy/site = -0.2293463289
43.8376% accepted

energy = -642.6559379
energy/site = -0.7302908385
43.8617% accepted

energy = -158.194098
energy/site = -0.1797660205
43.8593% accepted

energy = -2007.797641
energy/site = -2.281588228
43.7296% accepted

energy = -1878.575693
energy/site = -2.134745106
43.8778% accepted

energy = -686.6275613
energy/site = -0.7802585924
43.8373% accepted

energy = -448.7467773
energy/site = -0.5099395196
43.7781% accepted

energy = -218.412687
energy/site = -0.2481962352
43.875% accepted

energy = -2151.394276
energy/site = -2.444766223
43.7751% accepted

energy = -30.5529963
energy/site = -0.03471931397
43.7956% accepted

energy = -592.6256366
energy/site = -0.6734382234
43.852% accepted

energy = -163.2059464
energy/site = -0.1854613027
43.819% accepted

energy = -2596.453623
energy/site = -2.950515481
43.8325% accepted

energy = -318951.8301
energy/site = -362.4452615
43.8046% accepted

energy = -200.6285158
energy/site = -0.2279869497
43.8253% accepted

energy = -775.065341
energy/site = -0.8807560693
43.9439% accepted

energy = -590.483306
energy/site = -0.6710037569
43.8392% accepted

energy = -556.6083075
energy/site = -0.6325094403
43.8341% accepted

energy = -525.7789441
energy/site = -0.5974760729
43.8989% accepted

energy = -553.5630651
energy/site = -0.6290489376
43.925% accepted

energy = -549.9157976
energy/site = -0.6249043155
43.8775% accepted

energy = -3745.383406
energy/site = -4.256117507
43.9907% accepted

energy = -1732.911247
energy/site = -1.969217326
43.8662% accepted

energy = -8239.619384
energy/site = -9.363203845
43.688% accepted

energy = -204.2946698
energy/site = -0.2321530339
43.7751% accepted

energy = -329.1421022
energy/site = -0.3740251162
43.8237% accepted

energy = -262.8260441
energy/site = -0.2986659592
43.8613% accepted

energy = -1279.131628
energy/site = -1.453558669
43.8277% accepted

energy = -678.2186134
energy/site = -0.7707029698
43.777% accepted

energy = -74.19505787
energy/site = -0.08431256577
43.8217% accepted

energy = -731.8608053
energy/site = -0.831660006
43.7389% accepted

energy = -294.6373732
energy/site = -0.3348151968
43.8954% accepted

energy = -427.7808977
energy/site = -0.4861146565
43.8111% accepted

energy = -2537.702804
energy/site = -2.883753186
43.8906% accepted

energy = -217.969992
energy/site = -0.2476931727
43.8317% accepted

energy = -32326.25753
energy/site = -36.73438355
43.7604% accepted

energy = -82.73173546
energy/site = -0.09401333575
43.9933% accepted

energy = -87.79137839
energy/site = -0.09976292999
43.9703% accepted

energy = -449.2888265
energy/site = -0.5105554847
43.9106% accepted

energy = -517.326424
energy/site = -0.5878709363
43.7832% accepted

energy = -198.0565446
energy/site = -0.2250642553
43.8762% accepted

energy = -476.5381796
energy/site = -0.5415206587
43.932% accepted

energy = -481.4267967
energy/site = -0.5470759053
44.0491% accepted

energy = -854.5224941
energy/site = -0.9710482887
43.89% accepted

energy = -10312.52979
energy/site = -11.71878386
43.9187% accepted

energy = -2268.426266
energy/site = -2.57775712
43.8045% accepted

energy = -1340.934572
energy/site = -1.523789286
43.8054% accepted

energy = -62.6654836
energy/site = -0.07121077682
43.8166% accepted

energy = -1450.445258
energy/site = -1.648233247
43.8835% accepted

energy = -2673.556246
energy/site = -3.038132098
43.7982% accepted

energy = -929.6873745
energy/site = -1.056462926
43.8603% accepted

energy = -8832.240414
energy/site = -10.03663683
43.8262% accepted

energy = -21322.81249
energy/site = -24.23046874
43.8885% accepted

energy = -466.3043967
energy/site = -0.5298913598
43.7953% accepted

energy = -585.6991929
energy/site = -0.6655672647
43.7891% accepted

energy = -1793.632637
energy/site = -2.038218906
43.8718% accepted

energy = -326.9491602
energy/site = -0.3715331366
43.8857% accepted

energy = -698.4843974
energy/site = -0.7937322697
43.8825% accepted

energy = -506.0564177
energy/site = -0.575064111
43.8995% accepted

energy = -254.6888659
energy/site = -0.2894191658
43.9741% accepted

energy = -993.94711
energy/site = -1.129485352
43.8535% accepted

energy = -3308.481318
energy/site = -3.759637862
43.9668% accepted

energy = -139.5828498
energy/site = -0.1586168747
43.9056% accepted

energy = -505.388808
energy/site = -0.5743054636
43.9414% accepted

energy = -3884.441112
energy/site = -4.414137627
43.7187% accepted

energy = -123.3438596
energy/site = -0.1401634768
43.7976% accepted

energy = -3281.593239
energy/site = -3.729083226
43.7991% accepted

energy = -275.6623131
energy/site = -0.3132526285
43.7131% accepted

energy = -9200.34907
energy/site = -10.45494212
44.0028% accepted

energy = -20.9350955
energy/site = -0.02378988125
43.9123% accepted

energy = -1240.410486
energy/site = -1.40955737
43.743% accepted

energy = -1134.221919
energy/site = -1.288888544
44.0132% accepted

energy = -1906.496186
energy/site = -2.166472939
43.8502% accepted

energy = -326.733249
energy/site = -0.371287783
43.9389% accepted

energy = -992.362192
energy/site = -1.127684309
43.9492% accepted

energy = -279.3143624
energy/site = -0.3174026846
43.8681% accepted

energy = -435.5321102
energy/site = -0.4949228525
43.9179% accepted

energy = -2217.146319
energy/site = -2.519484453
43.8069% accepted

energy = -2775.887989
energy/site = -3.154418169
43.8862% accepted

energy = -317.131162
energy/site = -0.3603763205
43.9032% accepted

energy = -192.6886191
energy/site = -0.2189643399
43.8539% accepted

energy = -101079.8126
energy/site = -114.8634234
43.7944% accepted

energy = -1259.963274
energy/site = -1.431776448
43.9056% accepted

energy = -2360.253936
energy/site = -2.682106745
43.7694% accepted

energy = -802.0326259
energy/site = -0.9114007113
43.8061% accepted

energy = -168.9460391
energy/site = -0.1919841353
43.9735% accepted

energy = -2881.382433
energy/site = -3.274298219
43.8275% accepted

energy = -4030.97283
energy/site = -4.580650943
43.767% accepted

energy = -450.2996678
energy/site = -0.511704168
44.057% accepted

energy = -39.63618496
energy/site = -0.04504111927
43.914% accepted

energy = -8439.848404
energy/site = -9.590736822
43.9343% accepted

energy = -206281.1346
energy/site = -234.4103802
43.9129% accepted

User defined signal 2

------------------------------------------------------------
Sender: LSF System <lsfadmin@wha416>
Subject: Job 5493583: <./torus06> Exited

Job <./torus06> was submitted from host <wha781> by user <akallin>.
Job was executed on host(s) <wha416>, in queue <serial>, as user <akallin>.
</home/akallin> was used as the home directory.
</work/akallin/TORUS/OBC/11leg/06> was used as the working directory.
Started at Wed Aug 11 14:43:13 2010
Results reported at Wed Aug 18 15:01:37 2010

Your job looked like:

------------------------------------------------------------
# LSBATCH: User input
./torus06
------------------------------------------------------------

TERM_RUNLIMIT: job killed after reaching LSF run time limit.
Exited with exit code 140.

Resource usage summary:

    CPU time   : 396137.00 sec.
    Max Memory :         6 MB
    Max Swap   :       122 MB

    Max Processes  :         4
    Max Threads    :         4

The output (if any) is above this job summary.


weighting by <swap_x> where x = 6
11 x 40 x 1 system
r   = 3  bondops changed per step 
n/N = 80  bond operators / site
its = 1000000  iterations/loop for 100000 loops

