
weighting by <swap_x> where x = 5
5 x 20 x 1 system
r   = 3  bondops changed per step 
n/N = 80  bond operators / site
its = 1000000  iterations/loop for 10000 loops

energy = -549.346721
energy/site = -2.746733605
44.9644% accepted

energy = -390.0628331
energy/site = -1.950314165
44.5266% accepted

energy = -448.6736412
energy/site = -2.243368206
44.6578% accepted

energy = -615.3265259
energy/site = -3.07663263
44.6421% accepted

energy = -1120.160835
energy/site = -5.600804175
44.4886% accepted

energy = -480.9872939
energy/site = -2.40493647
44.5663% accepted

energy = -591.8396837
energy/site = -2.959198419
44.6694% accepted

energy = -572.1899097
energy/site = -2.860949548
44.7141% accepted

energy = -347.02427
energy/site = -1.73512135
44.617% accepted

energy = -184.7285814
energy/site = -0.9236429072
44.7063% accepted

energy = -453.7903255
energy/site = -2.268951628
44.6505% accepted

energy = -593.1675267
energy/site = -2.965837634
44.6325% accepted

energy = -359.890286
energy/site = -1.79945143
44.6979% accepted

energy = -361.6839361
energy/site = -1.808419681
44.4523% accepted

energy = -541.0882092
energy/site = -2.705441046
44.6876% accepted

energy = -317.130493
energy/site = -1.585652465
44.6818% accepted

energy = -1601.524601
energy/site = -8.007623004
44.6249% accepted

energy = -274.3774579
energy/site = -1.37188729
44.6762% accepted

energy = -436.5765487
energy/site = -2.182882744
44.658% accepted

energy = -277.1805529
energy/site = -1.385902765
44.5462% accepted

energy = -749.8336589
energy/site = -3.749168295
44.5883% accepted

energy = -329.3227206
energy/site = -1.646613603
44.8979% accepted

energy = -525.088038
energy/site = -2.62544019
44.5435% accepted

energy = -439.3131536
energy/site = -2.196565768
44.5959% accepted

energy = -726.8892781
energy/site = -3.634446391
44.7662% accepted

energy = -219.5708604
energy/site = -1.097854302
44.8045% accepted

energy = -319.2652416
energy/site = -1.596326208
44.678% accepted

energy = -235.5105128
energy/site = -1.177552564
44.5844% accepted

energy = -616.1349476
energy/site = -3.080674738
44.6322% accepted

energy = -398.4059683
energy/site = -1.992029841
44.7403% accepted

energy = -338.23264
energy/site = -1.6911632
44.5903% accepted

energy = -312.3293868
energy/site = -1.561646934
44.6844% accepted

energy = -992.5157635
energy/site = -4.962578817
44.5731% accepted

energy = -351.2333068
energy/site = -1.756166534
44.5695% accepted

energy = -481.8259462
energy/site = -2.409129731
44.5492% accepted

energy = -371.8144096
energy/site = -1.859072048
44.5787% accepted

energy = -550.4194424
energy/site = -2.752097212
44.8425% accepted

energy = -355.6393487
energy/site = -1.778196743
44.5523% accepted

energy = -308.0356799
energy/site = -1.540178399
44.5014% accepted

energy = -483.1486529
energy/site = -2.415743265
44.6654% accepted

energy = -526.7442457
energy/site = -2.633721228
44.5284% accepted

energy = -664.4979557
energy/site = -3.322489779
44.5879% accepted

energy = -561.2804271
energy/site = -2.806402136
44.6876% accepted

energy = -270.7697243
energy/site = -1.353848621
44.561% accepted

energy = -326.7872968
energy/site = -1.633936484
44.5902% accepted

energy = -575.127747
energy/site = -2.875638735
44.6414% accepted

energy = -281.7725183
energy/site = -1.408862592
44.6507% accepted

energy = -273.7327999
energy/site = -1.368664
44.4993% accepted

energy = -289.1886514
energy/site = -1.445943257
44.7631% accepted

energy = -664.7603183
energy/site = -3.323801592
44.5595% accepted

energy = -406.1172305
energy/site = -2.030586152
44.6448% accepted

energy = -548.7703937
energy/site = -2.743851969
44.4591% accepted

energy = -374.8942593
energy/site = -1.874471297
44.6041% accepted

energy = -706.8632523
energy/site = -3.534316262
44.7102% accepted

energy = -301.9065937
energy/site = -1.509532969
44.655% accepted

energy = -476.2847651
energy/site = -2.381423826
44.5084% accepted

energy = -124.771565
energy/site = -0.6238578248
44.6444% accepted

energy = -277.4934537
energy/site = -1.387467268
44.6679% accepted

energy = -239.5837253
energy/site = -1.197918627
44.7102% accepted

energy = -400.0475026
energy/site = -2.000237513
44.7292% accepted

energy = -212.4460182
energy/site = -1.062230091
44.6473% accepted

energy = -266.6644218
energy/site = -1.333322109
44.5756% accepted

energy = -341.2569434
energy/site = -1.706284717
44.676% accepted

energy = -657.9041549
energy/site = -3.289520774
44.6632% accepted

energy = -373.2836177
energy/site = -1.866418089
44.6618% accepted

energy = -200.2626768
energy/site = -1.001313384
44.7137% accepted

energy = -720.3173646
energy/site = -3.601586823
44.6006% accepted

energy = -227.7318458
energy/site = -1.138659229
44.7227% accepted

energy = -550.6066119
energy/site = -2.753033059
44.5954% accepted

energy = -449.3856314
energy/site = -2.246928157
44.5761% accepted

energy = -211.1111182
energy/site = -1.055555591
44.6974% accepted

energy = -711.7338131
energy/site = -3.558669065
44.6254% accepted

energy = -413.4027353
energy/site = -2.067013676
44.5962% accepted

energy = -183.2469111
energy/site = -0.9162345555
44.4996% accepted

energy = -406.864035
energy/site = -2.034320175
44.631% accepted

energy = -250.6684716
energy/site = -1.253342358
44.6966% accepted

energy = -243.6119173
energy/site = -1.218059587
44.6836% accepted

energy = -366.1492779
energy/site = -1.83074639
44.5489% accepted

energy = -319.5022192
energy/site = -1.597511096
44.5086% accepted

energy = -534.1351322
energy/site = -2.670675661
44.6838% accepted

energy = -930.9280179
energy/site = -4.654640089
44.7369% accepted

energy = -448.6391869
energy/site = -2.243195934
44.6783% accepted

energy = -2152.770605
energy/site = -10.76385302
44.5232% accepted

energy = -458.5922619
energy/site = -2.292961309
44.5983% accepted

energy = -253.9875837
energy/site = -1.269937918
44.5831% accepted

energy = -354.8267016
energy/site = -1.774133508
44.5877% accepted

energy = -360.1202533
energy/site = -1.800601267
44.6172% accepted

energy = -186.3535837
energy/site = -0.9317679183
44.6258% accepted

energy = -302.6534089
energy/site = -1.513267044
44.6375% accepted

energy = -438.269248
energy/site = -2.19134624
44.7001% accepted

energy = -286.9659729
energy/site = -1.434829864
44.5975% accepted

energy = -501.3367821
energy/site = -2.506683911
44.5925% accepted

energy = -661.5572883
energy/site = -3.307786441
44.698% accepted

energy = -237.3785663
energy/site = -1.186892832
44.7276% accepted

energy = -871.6013815
energy/site = -4.358006908
44.4808% accepted

energy = -432.7810234
energy/site = -2.163905117
44.6424% accepted

energy = -484.4573354
energy/site = -2.422286677
44.7466% accepted

energy = -338.1353797
energy/site = -1.690676898
44.6361% accepted

energy = -453.314336
energy/site = -2.26657168
44.5117% accepted

energy = -405.7784665
energy/site = -2.028892332
44.495% accepted

energy = -407.6665163
energy/site = -2.038332582
44.5577% accepted

energy = -266.4661102
energy/site = -1.332330551
44.67% accepted

energy = -272.0460208
energy/site = -1.360230104
44.6488% accepted

energy = -290.2235956
energy/site = -1.451117978
44.6799% accepted

energy = -408.2278675
energy/site = -2.041139338
44.6721% accepted

energy = -331.5891633
energy/site = -1.657945816
44.6328% accepted

energy = -346.0796159
energy/site = -1.730398079
44.7194% accepted

energy = -707.743057
energy/site = -3.538715285
44.6095% accepted

energy = -534.6275988
energy/site = -2.673137994
44.7245% accepted

energy = -454.2789184
energy/site = -2.271394592
44.8081% accepted

energy = -448.6393538
energy/site = -2.243196769
44.7% accepted

energy = -312.5102015
energy/site = -1.562551008
44.7395% accepted

energy = -250.1063777
energy/site = -1.250531888
44.6425% accepted

energy = -558.2001639
energy/site = -2.79100082
44.651% accepted

energy = -310.4248371
energy/site = -1.552124185
44.4317% accepted

energy = -477.7461964
energy/site = -2.388730982
44.7318% accepted

energy = -629.7099443
energy/site = -3.148549721
44.5129% accepted

energy = -818.3261734
energy/site = -4.091630867
44.7261% accepted

energy = -593.6581079
energy/site = -2.96829054
44.7021% accepted

energy = -293.1349544
energy/site = -1.465674772
44.6595% accepted

energy = -360.3875662
energy/site = -1.801937831
44.6927% accepted

energy = -328.3100402
energy/site = -1.641550201
44.6312% accepted

energy = -619.6879624
energy/site = -3.098439812
44.7227% accepted

energy = -520.6782837
energy/site = -2.603391419
44.5901% accepted

energy = -300.3779616
energy/site = -1.501889808
44.639% accepted

energy = -317.1038854
energy/site = -1.585519427
44.5768% accepted

energy = -424.0298035
energy/site = -2.120149017
44.6784% accepted

energy = -310.9992903
energy/site = -1.554996452
44.476% accepted

energy = -197.5320354
energy/site = -0.9876601772
44.57% accepted

energy = -760.7092366
energy/site = -3.803546183
44.6652% accepted

energy = -691.7374693
energy/site = -3.458687347
44.5478% accepted

energy = -762.7629564
energy/site = -3.813814782
44.6018% accepted

energy = -270.0445442
energy/site = -1.350222721
44.5576% accepted

energy = -731.1301973
energy/site = -3.655650987
44.5491% accepted

energy = -403.8491263
energy/site = -2.019245631
44.6937% accepted

energy = -495.4355089
energy/site = -2.477177545
44.5464% accepted

energy = -429.6214751
energy/site = -2.148107376
44.5721% accepted

energy = -276.1109355
energy/site = -1.380554677
44.6611% accepted

energy = -252.2498986
energy/site = -1.261249493
44.7031% accepted

energy = -473.4259973
energy/site = -2.367129987
44.4809% accepted

energy = -666.7078872
energy/site = -3.333539436
44.5523% accepted

energy = -509.1480582
energy/site = -2.545740291
44.7259% accepted

energy = -289.7346779
energy/site = -1.44867339
44.6588% accepted

energy = -359.2198801
energy/site = -1.7960994
44.675% accepted

energy = -356.238075
energy/site = -1.781190375
44.5974% accepted

energy = -386.005238
energy/site = -1.93002619
44.5858% accepted

energy = -432.2348308
energy/site = -2.161174154
44.6066% accepted

energy = -318.6689944
energy/site = -1.593344972
44.525% accepted

energy = -447.0971961
energy/site = -2.235485981
44.7036% accepted

energy = -429.4718914
energy/site = -2.147359457
44.5859% accepted

energy = -507.7238075
energy/site = -2.538619037
44.7238% accepted

energy = -316.3707455
energy/site = -1.581853727
44.5471% accepted

energy = -578.0937701
energy/site = -2.890468851
44.5764% accepted

energy = -503.3229386
energy/site = -2.516614693
44.6466% accepted

energy = -405.5951932
energy/site = -2.027975966
44.7082% accepted

energy = -595.2060615
energy/site = -2.976030307
44.5968% accepted

energy = -437.2459822
energy/site = -2.186229911
44.7964% accepted

energy = -350.5189466
energy/site = -1.752594733
44.7448% accepted

energy = -414.5009924
energy/site = -2.072504962
44.609% accepted

energy = -280.2113522
energy/site = -1.401056761
44.7165% accepted

energy = -405.151329
energy/site = -2.025756645
44.606% accepted

energy = -336.2253207
energy/site = -1.681126603
44.6998% accepted

energy = -416.9861515
energy/site = -2.084930757
44.6726% accepted

energy = -354.62207
energy/site = -1.77311035
44.5918% accepted

energy = -751.3007751
energy/site = -3.756503875
44.7955% accepted

energy = -659.7750454
energy/site = -3.298875227
44.7398% accepted

energy = -273.0320266
energy/site = -1.365160133
44.7217% accepted

energy = -248.7654432
energy/site = -1.243827216
44.7856% accepted

energy = -488.5630113
energy/site = -2.442815056
44.7828% accepted

energy = -276.7122141
energy/site = -1.38356107
44.692% accepted

energy = -326.4845348
energy/site = -1.632422674
44.7369% accepted

energy = -401.1373325
energy/site = -2.005686662
44.6644% accepted

energy = -271.7606593
energy/site = -1.358803297
44.5933% accepted

energy = -436.4656268
energy/site = -2.182328134
44.564% accepted

energy = -295.4126309
energy/site = -1.477063154
44.6479% accepted

energy = -805.2636592
energy/site = -4.026318296
44.8325% accepted

energy = -376.7618143
energy/site = -1.883809071
44.8017% accepted

energy = -203.4244772
energy/site = -1.017122386
44.6022% accepted

energy = -379.2207208
energy/site = -1.896103604
44.5905% accepted

energy = -362.4462172
energy/site = -1.812231086
44.5774% accepted

energy = -335.8085433
energy/site = -1.679042717
44.6476% accepted

energy = -653.7117926
energy/site = -3.268558963
44.6776% accepted

energy = -274.5582837
energy/site = -1.372791418
44.6459% accepted

energy = -617.1186959
energy/site = -3.085593479
44.6717% accepted

energy = -537.1316796
energy/site = -2.685658398
44.6257% accepted

energy = -324.9002065
energy/site = -1.624501033
44.7438% accepted

energy = -577.1584486
energy/site = -2.885792243
44.542% accepted

energy = -345.7920938
energy/site = -1.728960469
44.6974% accepted

energy = -540.2025341
energy/site = -2.70101267
44.5768% accepted

energy = -557.0352131
energy/site = -2.785176065
44.5882% accepted

energy = -302.417853
energy/site = -1.512089265
44.7442% accepted

energy = -747.1797419
energy/site = -3.73589871
44.6232% accepted

energy = -317.0041215
energy/site = -1.585020607
44.5806% accepted

energy = -539.2688849
energy/site = -2.696344424
44.627% accepted

energy = -328.9059087
energy/site = -1.644529544
44.5716% accepted

energy = -391.7942103
energy/site = -1.958971051
44.8177% accepted

energy = -250.5472284
energy/site = -1.252736142
44.7424% accepted

energy = -439.0449614
energy/site = -2.195224807
44.5583% accepted

energy = -529.3518841
energy/site = -2.64675942
44.6847% accepted

energy = -330.566459
energy/site = -1.652832295
44.6447% accepted

energy = -247.3151878
energy/site = -1.236575939
44.6937% accepted

energy = -285.1653324
energy/site = -1.425826662
44.6212% accepted

energy = -174.2282826
energy/site = -0.8711414129
44.6291% accepted

energy = -445.0155014
energy/site = -2.225077507
44.6398% accepted

energy = -470.5185284
energy/site = -2.352592642
44.7252% accepted

energy = -230.3418136
energy/site = -1.151709068
44.766% accepted

energy = -269.3232986
energy/site = -1.346616493
44.6313% accepted

energy = -272.4274933
energy/site = -1.362137467
44.5597% accepted

energy = -1455.909714
energy/site = -7.279548568
44.6535% accepted

energy = -362.5237015
energy/site = -1.812618508
44.5414% accepted

energy = -432.5598737
energy/site = -2.162799368
44.6243% accepted

energy = -620.6924002
energy/site = -3.103462001
44.7833% accepted

energy = -471.158011
energy/site = -2.355790055
44.7057% accepted

energy = -586.5331776
energy/site = -2.932665888
44.7593% accepted

energy = -201.0659969
energy/site = -1.005329984
44.677% accepted

energy = -381.3916711
energy/site = -1.906958356
44.7778% accepted

energy = -520.7981957
energy/site = -2.603990979
44.7317% accepted

energy = -502.1821549
energy/site = -2.510910775
44.5149% accepted

energy = -256.819182
energy/site = -1.28409591
44.6169% accepted

energy = -361.2935396
energy/site = -1.806467698
44.7774% accepted

energy = -315.6314137
energy/site = -1.578157069
44.7508% accepted

energy = -439.7911436
energy/site = -2.198955718
44.5543% accepted

energy = -485.2529226
energy/site = -2.426264613
44.5878% accepted

energy = -470.2870818
energy/site = -2.351435409
44.6259% accepted

energy = -649.1458509
energy/site = -3.245729254
44.5566% accepted

energy = -343.8260624
energy/site = -1.719130312
44.6978% accepted

energy = -408.3723517
energy/site = -2.041861759
44.5878% accepted

energy = -239.5998171
energy/site = -1.197999086
44.7175% accepted

energy = -827.5576329
energy/site = -4.137788164
44.6359% accepted

energy = -462.7732954
energy/site = -2.313866477
44.7446% accepted

energy = -202.2201225
energy/site = -1.011100612
44.5835% accepted

energy = -553.5912092
energy/site = -2.767956046
44.6231% accepted

energy = -294.2919798
energy/site = -1.471459899
44.6452% accepted

energy = -337.5022264
energy/site = -1.687511132
44.7059% accepted

energy = -335.0563395
energy/site = -1.675281697
44.8563% accepted

energy = -272.3231174
energy/site = -1.361615587
44.786% accepted

energy = -419.2455286
energy/site = -2.096227643
44.6649% accepted

energy = -332.5026361
energy/site = -1.662513181
44.6296% accepted

energy = -430.8134708
energy/site = -2.154067354
44.6318% accepted

energy = -250.5231184
energy/site = -1.252615592
44.7333% accepted

energy = -390.841881
energy/site = -1.954209405
44.715% accepted

energy = -370.1298982
energy/site = -1.850649491
44.5294% accepted

energy = -379.8074107
energy/site = -1.899037053
44.6708% accepted

energy = -256.0005482
energy/site = -1.280002741
44.7672% accepted

energy = -501.2479054
energy/site = -2.506239527
44.7748% accepted

energy = -307.0043786
energy/site = -1.535021893
44.7989% accepted

energy = -308.1901967
energy/site = -1.540950984
44.6126% accepted

energy = -434.3308545
energy/site = -2.171654272
44.7744% accepted

energy = -502.8104834
energy/site = -2.514052417
44.8217% accepted

energy = -451.7797965
energy/site = -2.258898982
44.5106% accepted

energy = -420.6255276
energy/site = -2.103127638
44.5367% accepted

energy = -417.1976977
energy/site = -2.085988489
44.7711% accepted

energy = -653.8568193
energy/site = -3.269284097
44.684% accepted

energy = -330.9854478
energy/site = -1.654927239
44.5572% accepted

energy = -289.8524148
energy/site = -1.449262074
44.7432% accepted

energy = -460.7792352
energy/site = -2.303896176
44.8797% accepted

energy = -600.6842178
energy/site = -3.003421089
44.6673% accepted

energy = -444.6319403
energy/site = -2.223159702
44.668% accepted

energy = -338.3216127
energy/site = -1.691608064
44.6558% accepted

energy = -392.9686476
energy/site = -1.964843238
44.6472% accepted

energy = -805.1169586
energy/site = -4.025584793
44.6862% accepted

energy = -278.1149669
energy/site = -1.390574835
44.7162% accepted

energy = -372.1344264
energy/site = -1.860672132
44.5744% accepted

energy = -511.1039237
energy/site = -2.555519618
44.7316% accepted

energy = -356.4586528
energy/site = -1.782293264
44.6516% accepted

energy = -201.3414702
energy/site = -1.006707351
44.505% accepted

energy = -360.7573734
energy/site = -1.803786867
44.569% accepted

energy = -331.8969832
energy/site = -1.659484916
44.5963% accepted

energy = -310.6211953
energy/site = -1.553105976
44.7836% accepted

energy = -357.2987621
energy/site = -1.78649381
44.6084% accepted

energy = -460.7962475
energy/site = -2.303981237
44.6259% accepted

energy = -440.8965616
energy/site = -2.204482808
44.7455% accepted

energy = -209.2190353
energy/site = -1.046095177
44.6181% accepted

energy = -155.7677411
energy/site = -0.7788387053
44.6065% accepted

energy = -385.5916454
energy/site = -1.927958227
44.6888% accepted

energy = -851.2114845
energy/site = -4.256057422
44.5874% accepted

energy = -313.1535092
energy/site = -1.565767546
44.6756% accepted

energy = -501.1250869
energy/site = -2.505625434
44.5758% accepted

energy = -229.6923623
energy/site = -1.148461812
44.7233% accepted

energy = -231.1811741
energy/site = -1.155905871
44.6489% accepted

energy = -260.3645555
energy/site = -1.301822778
44.6344% accepted

energy = -529.5249254
energy/site = -2.647624627
44.592% accepted

energy = -550.8150847
energy/site = -2.754075423
44.6406% accepted

energy = -298.7908224
energy/site = -1.493954112
44.7102% accepted

energy = -365.8889943
energy/site = -1.829444971
44.7387% accepted

energy = -323.7984306
energy/site = -1.618992153
44.6215% accepted

energy = -428.0061744
energy/site = -2.140030872
44.6673% accepted

energy = -310.8937003
energy/site = -1.554468501
44.6406% accepted

energy = -682.5596754
energy/site = -3.412798377
44.5779% accepted

energy = -345.6114038
energy/site = -1.728057019
44.7085% accepted

energy = -265.6299704
energy/site = -1.328149852
44.7481% accepted

energy = -585.5435355
energy/site = -2.927717677
44.6019% accepted

energy = -415.5250135
energy/site = -2.077625068
44.6639% accepted

energy = -238.4771357
energy/site = -1.192385678
44.7128% accepted

energy = -284.0581774
energy/site = -1.420290887
44.5844% accepted

energy = -364.3902113
energy/site = -1.821951057
44.6661% accepted

energy = -272.2448681
energy/site = -1.361224341
44.6507% accepted

energy = -366.2599138
energy/site = -1.831299569
44.6958% accepted

energy = -318.5839799
energy/site = -1.592919899
44.4903% accepted

energy = -502.8016617
energy/site = -2.514008308
44.7346% accepted

energy = -283.3303951
energy/site = -1.416651976
44.6413% accepted

energy = -225.3768243
energy/site = -1.126884122
44.6316% accepted

energy = -222.5710795
energy/site = -1.112855397
44.582% accepted

energy = -684.7843158
energy/site = -3.423921579
44.7192% accepted

energy = -244.5212369
energy/site = -1.222606184
44.6122% accepted

energy = -289.6778387
energy/site = -1.448389194
44.6019% accepted

energy = -232.1097344
energy/site = -1.160548672
44.7197% accepted

energy = -482.0444971
energy/site = -2.410222485
44.7028% accepted

energy = -591.7414137
energy/site = -2.958707069
44.5634% accepted

energy = -581.7295877
energy/site = -2.908647939
44.6444% accepted

energy = -291.1522132
energy/site = -1.455761066
44.6746% accepted

energy = -367.059127
energy/site = -1.835295635
44.7104% accepted

energy = -245.3060491
energy/site = -1.226530245
44.7135% accepted

energy = -576.476243
energy/site = -2.882381215
44.8341% accepted

energy = -570.2037589
energy/site = -2.851018795
44.6462% accepted

energy = -175.0168361
energy/site = -0.8750841804
44.6341% accepted

energy = -443.2744152
energy/site = -2.216372076
44.6342% accepted

energy = -395.7889255
energy/site = -1.978944627
44.5733% accepted

energy = -366.470172
energy/site = -1.83235086
44.7667% accepted

energy = -334.5026037
energy/site = -1.672513019
44.6372% accepted

energy = -423.16838
energy/site = -2.1158419
44.5973% accepted

energy = -269.9437181
energy/site = -1.349718591
44.6923% accepted

energy = -585.8750303
energy/site = -2.929375151
44.689% accepted

energy = -390.1461282
energy/site = -1.950730641
44.6381% accepted

energy = -569.0645316
energy/site = -2.845322658
44.4775% accepted

energy = -517.4514976
energy/site = -2.587257488
44.9639% accepted

energy = -305.8594527
energy/site = -1.529297264
44.5647% accepted

energy = -1052.59103
energy/site = -5.262955149
44.71% accepted

energy = -506.3658884
energy/site = -2.531829442
44.7061% accepted

energy = -314.8034651
energy/site = -1.574017326
44.6266% accepted

energy = -270.9130465
energy/site = -1.354565232
44.6196% accepted

energy = -415.6055993
energy/site = -2.078027996
44.4674% accepted

energy = -410.1073473
energy/site = -2.050536737
44.6212% accepted

energy = -506.8522226
energy/site = -2.534261113
44.7835% accepted

energy = -614.8180141
energy/site = -3.07409007
44.6945% accepted

energy = -210.6298819
energy/site = -1.053149409
44.6014% accepted

energy = -846.4564001
energy/site = -4.232282001
44.5538% accepted

energy = -285.5516055
energy/site = -1.427758027
44.6457% accepted

energy = -526.8257028
energy/site = -2.634128514
44.6262% accepted

energy = -323.4170756
energy/site = -1.617085378
44.7293% accepted

energy = -514.7097284
energy/site = -2.573548642
44.5541% accepted

energy = -316.2679653
energy/site = -1.581339826
44.7124% accepted

energy = -500.1900684
energy/site = -2.500950342
44.7124% accepted

energy = -261.773408
energy/site = -1.30886704
44.6201% accepted

energy = -310.1173569
energy/site = -1.550586785
44.6893% accepted

energy = -275.8366678
energy/site = -1.379183339
44.7269% accepted

energy = -613.132228
energy/site = -3.06566114
44.5498% accepted

energy = -214.1742304
energy/site = -1.070871152
44.515% accepted

energy = -359.5393692
energy/site = -1.797696846
44.7132% accepted

energy = -421.3191874
energy/site = -2.106595937
44.5827% accepted

energy = -544.3877895
energy/site = -2.721938948
44.6347% accepted

energy = -326.2848716
energy/site = -1.631424358
44.8269% accepted

energy = -554.7858504
energy/site = -2.773929252
44.5985% accepted

energy = -233.1316583
energy/site = -1.165658291
44.6182% accepted

energy = -650.6235202
energy/site = -3.253117601
44.6806% accepted

energy = -489.2362321
energy/site = -2.446181161
44.6277% accepted

energy = -335.2495874
energy/site = -1.676247937
44.5894% accepted

energy = -267.4366077
energy/site = -1.337183039
44.5497% accepted

energy = -375.7409499
energy/site = -1.878704749
44.5718% accepted

energy = -282.9026084
energy/site = -1.414513042
44.7119% accepted

energy = -456.1736677
energy/site = -2.280868339
44.6482% accepted

energy = -440.8388805
energy/site = -2.204194402
44.6391% accepted

energy = -277.4710853
energy/site = -1.387355427
44.7253% accepted

energy = -373.4495922
energy/site = -1.867247961
44.7084% accepted

energy = -421.9046444
energy/site = -2.109523222
44.6316% accepted

energy = -578.5430595
energy/site = -2.892715298
44.7001% accepted

energy = -329.8051817
energy/site = -1.649025908
44.6609% accepted

energy = -367.8143144
energy/site = -1.839071572
44.6298% accepted

energy = -420.7664348
energy/site = -2.103832174
44.6275% accepted

energy = -402.7426619
energy/site = -2.013713309
44.6457% accepted

energy = -255.069381
energy/site = -1.275346905
44.7348% accepted

energy = -329.5053661
energy/site = -1.64752683
44.6092% accepted

energy = -295.552849
energy/site = -1.477764245
44.6651% accepted

energy = -902.6879852
energy/site = -4.513439926
44.5712% accepted

energy = -315.9743196
energy/site = -1.579871598
44.6631% accepted

energy = -582.1407669
energy/site = -2.910703835
44.628% accepted

energy = -272.0991322
energy/site = -1.360495661
44.773% accepted

energy = -687.4375394
energy/site = -3.437187697
44.5395% accepted

energy = -615.6256369
energy/site = -3.078128185
44.6978% accepted

energy = -261.2982602
energy/site = -1.306491301
44.6295% accepted

energy = -417.3646705
energy/site = -2.086823353
44.7663% accepted

energy = -542.6113205
energy/site = -2.713056602
44.613% accepted

energy = -175.7840336
energy/site = -0.8789201682
44.4176% accepted

energy = -253.1355096
energy/site = -1.265677548
44.5596% accepted

energy = -933.7971386
energy/site = -4.668985693
44.7546% accepted

energy = -426.906063
energy/site = -2.134530315
44.6994% accepted

energy = -610.0892732
energy/site = -3.050446366
44.647% accepted

energy = -342.5109962
energy/site = -1.712554981
44.6769% accepted

energy = -696.2288666
energy/site = -3.481144333
44.5868% accepted

energy = -439.2216417
energy/site = -2.196108208
44.5652% accepted

energy = -298.4990933
energy/site = -1.492495466
44.6876% accepted

energy = -798.1785265
energy/site = -3.990892633
44.6505% accepted

energy = -669.5664326
energy/site = -3.347832163
44.7785% accepted

energy = -337.3622645
energy/site = -1.686811322
44.6755% accepted

energy = -227.1732139
energy/site = -1.135866069
44.5153% accepted

energy = -228.9529631
energy/site = -1.144764815
44.7078% accepted

energy = -472.6810547
energy/site = -2.363405273
44.6386% accepted

energy = -486.7660087
energy/site = -2.433830044
44.6413% accepted

energy = -329.5507961
energy/site = -1.647753981
44.8073% accepted

energy = -279.7213039
energy/site = -1.39860652
44.5781% accepted

energy = -532.5743561
energy/site = -2.66287178
44.6964% accepted

energy = -730.3219467
energy/site = -3.651609734
44.8709% accepted

energy = -288.9949128
energy/site = -1.444974564
44.6829% accepted

energy = -671.8579114
energy/site = -3.359289557
44.6103% accepted

energy = -537.9915655
energy/site = -2.689957827
44.5543% accepted

energy = -494.286356
energy/site = -2.47143178
44.6112% accepted

energy = -222.634457
energy/site = -1.113172285
44.7656% accepted

energy = -417.8756587
energy/site = -2.089378293
44.6668% accepted

energy = -390.2788904
energy/site = -1.951394452
44.7434% accepted

energy = -409.6599869
energy/site = -2.048299935
44.71% accepted

energy = -572.7344319
energy/site = -2.863672159
44.5299% accepted

energy = -464.3351407
energy/site = -2.321675704
44.4548% accepted

energy = -548.2252503
energy/site = -2.741126251
44.6223% accepted

energy = -494.5617525
energy/site = -2.472808762
44.5647% accepted

energy = -423.6694017
energy/site = -2.118347009
44.6315% accepted

energy = -235.4751359
energy/site = -1.177375679
44.7741% accepted

energy = -424.244542
energy/site = -2.12122271
44.6076% accepted

energy = -411.4102227
energy/site = -2.057051114
44.7315% accepted

energy = -324.7420033
energy/site = -1.623710016
44.7284% accepted

energy = -370.5552448
energy/site = -1.852776224
44.7901% accepted

energy = -469.8614377
energy/site = -2.349307189
44.6118% accepted

energy = -440.0122442
energy/site = -2.200061221
44.6686% accepted

energy = -169.6118473
energy/site = -0.8480592367
44.6371% accepted

energy = -185.836036
energy/site = -0.9291801799
44.5238% accepted

energy = -331.6891285
energy/site = -1.658445643
44.6704% accepted

energy = -487.2427708
energy/site = -2.436213854
44.5682% accepted

energy = -289.4642977
energy/site = -1.447321488
44.6641% accepted

energy = -316.582508
energy/site = -1.58291254
44.5547% accepted

energy = -253.2761678
energy/site = -1.266380839
44.6006% accepted

energy = -395.9349665
energy/site = -1.979674832
44.6132% accepted

energy = -567.4313099
energy/site = -2.837156549
44.3819% accepted

energy = -1243.944407
energy/site = -6.219722037
44.518% accepted

energy = -682.1494359
energy/site = -3.41074718
44.7069% accepted

energy = -256.5442019
energy/site = -1.28272101
44.5868% accepted

energy = -623.5683929
energy/site = -3.117841965
44.6426% accepted

energy = -396.0243149
energy/site = -1.980121575
44.7164% accepted

energy = -438.5056126
energy/site = -2.192528063
44.6213% accepted

energy = -953.5344243
energy/site = -4.767672121
44.7525% accepted

energy = -239.8911534
energy/site = -1.199455767
44.7442% accepted

energy = -296.3097159
energy/site = -1.48154858
44.548% accepted

energy = -391.8249034
energy/site = -1.959124517
44.5804% accepted

energy = -527.7304822
energy/site = -2.638652411
44.692% accepted

energy = -258.5053681
energy/site = -1.292526841
44.6461% accepted

energy = -360.5084525
energy/site = -1.802542262
44.6921% accepted

energy = -410.4451628
energy/site = -2.052225814
44.642% accepted

energy = -231.7076977
energy/site = -1.158538489
44.6163% accepted

energy = -424.9844444
energy/site = -2.124922222
44.6595% accepted

energy = -161.2210265
energy/site = -0.8061051324
44.6439% accepted

energy = -273.4011448
energy/site = -1.367005724
44.4985% accepted

energy = -315.7025632
energy/site = -1.578512816
44.6843% accepted

energy = -439.7726189
energy/site = -2.198863095
44.6491% accepted

energy = -245.0654026
energy/site = -1.225327013
44.798% accepted

energy = -531.9257588
energy/site = -2.659628794
44.7861% accepted

energy = -403.6673747
energy/site = -2.018336873
44.6337% accepted

energy = -455.6592232
energy/site = -2.278296116
44.7574% accepted

energy = -444.9139967
energy/site = -2.224569984
44.6372% accepted

energy = -259.0583206
energy/site = -1.295291603
44.4238% accepted

energy = -447.2096876
energy/site = -2.236048438
44.5777% accepted

energy = -363.7470556
energy/site = -1.818735278
44.619% accepted

energy = -526.8831201
energy/site = -2.634415601
44.6575% accepted

energy = -1144.7442
energy/site = -5.723721002
44.6698% accepted

