
weighting by <swap_x> where x = 7
6 x 24 x 1 system
r   = 3  bondops changed per step 
n/N = 80  bond operators / site
its = 1000000  iterations/loop for 10000 loops

energy = -508.694104
energy/site = -1.766298972
44.2752% accepted

energy = -327.6598481
energy/site = -1.137707806
43.9226% accepted

energy = -585.8366989
energy/site = -2.034155205
43.7876% accepted

energy = -823.8735695
energy/site = -2.860672116
43.7973% accepted

energy = -2040.307452
energy/site = -7.084400875
43.7397% accepted

energy = -1124.916741
energy/site = -3.905960907
43.5696% accepted

energy = -366.7607477
energy/site = -1.273474818
43.8175% accepted

energy = -983.9161176
energy/site = -3.416375408
43.724% accepted

energy = -380.237397
energy/site = -1.32026874
43.8179% accepted

energy = -453.3323516
energy/site = -1.574070665
43.9965% accepted

energy = -546.1424238
energy/site = -1.89632786
43.6759% accepted

energy = -1399.089987
energy/site = -4.857951344
43.8431% accepted

energy = -839.1999375
energy/site = -2.913888672
43.7135% accepted

energy = -2268.59619
energy/site = -7.877070103
43.7118% accepted

energy = -197.7255114
energy/site = -0.6865469146
43.7615% accepted

energy = -275.2044895
energy/site = -0.9555711441
43.821% accepted

energy = -4533.855603
energy/site = -15.74255418
43.7793% accepted

energy = -461.2415539
energy/site = -1.601533173
43.7212% accepted

energy = -433.2430527
energy/site = -1.504316155
43.8022% accepted

energy = -1728.606318
energy/site = -6.002105271
43.8096% accepted

energy = -334.571516
energy/site = -1.161706653
43.7373% accepted

energy = -2175.402198
energy/site = -7.553479855
43.7662% accepted

energy = -292.0817801
energy/site = -1.014172848
43.6435% accepted

energy = -1091.63199
energy/site = -3.790388855
43.8101% accepted

energy = -523.5345144
energy/site = -1.817828175
43.7728% accepted

energy = -324.1794868
energy/site = -1.125623218
43.6656% accepted

energy = -425.9951545
energy/site = -1.479149842
43.7346% accepted

energy = -197.2017042
energy/site = -0.6847281396
43.8448% accepted

energy = -1082.507345
energy/site = -3.758706059
43.873% accepted

energy = -437.4188583
energy/site = -1.51881548
43.7861% accepted

energy = -415.0169962
energy/site = -1.441031237
43.7244% accepted

energy = -580.3092662
energy/site = -2.01496273
43.8213% accepted

energy = -348.9763077
energy/site = -1.21172329
43.7129% accepted

energy = -767.2838471
energy/site = -2.664180025
43.7634% accepted

energy = -2422.331593
energy/site = -8.410873588
43.6722% accepted

energy = -443.9637392
energy/site = -1.541540761
43.857% accepted

energy = -701.3859819
energy/site = -2.435367993
43.7207% accepted

energy = -583.5402516
energy/site = -2.026181429
43.7277% accepted

energy = -519.803455
energy/site = -1.804873108
43.6651% accepted

energy = -415.3107731
energy/site = -1.442051295
43.7626% accepted

energy = -1643.259584
energy/site = -5.705762444
43.8334% accepted

energy = -503.8351252
energy/site = -1.749427518
43.9463% accepted

energy = -1104.818241
energy/site = -3.836174447
43.7286% accepted

energy = -271.0384404
energy/site = -0.9411056958
43.7741% accepted

energy = -958.6040659
energy/site = -3.32848634
43.7121% accepted

energy = -241.7949081
energy/site = -0.8395656532
43.7641% accepted

energy = -755.9303069
energy/site = -2.62475801
43.8599% accepted

energy = -234.9960232
energy/site = -0.8159584139
43.8045% accepted

energy = -1708.265689
energy/site = -5.931478088
43.8353% accepted

energy = -338.531021
energy/site = -1.175454934
43.7454% accepted

energy = -670.2190153
energy/site = -2.327149359
43.6519% accepted

energy = -174.4288045
energy/site = -0.6056555712
43.8969% accepted

energy = -271.6189255
energy/site = -0.943121269
43.848% accepted

energy = -2258.73701
energy/site = -7.84283684
43.6951% accepted

energy = -301.2493929
energy/site = -1.046004836
43.7442% accepted

energy = -666.1161462
energy/site = -2.312903285
43.8183% accepted

energy = -1184.73786
energy/site = -4.113673125
43.6798% accepted

energy = -540.9477002
energy/site = -1.878290626
43.8999% accepted

energy = -881.0780507
energy/site = -3.059298787
43.8372% accepted

energy = -783.0966281
energy/site = -2.719085514
43.7672% accepted

energy = -165.3931835
energy/site = -0.5742818872
43.8069% accepted

energy = -231.9728782
energy/site = -0.8054613826
43.708% accepted

energy = -269.7128165
energy/site = -0.9365028351
43.7508% accepted

energy = -554.665092
energy/site = -1.925920458
43.8039% accepted

energy = -8513.457866
energy/site = -29.56061759
43.7501% accepted

energy = -1944.346404
energy/site = -6.751202791
43.857% accepted

energy = -1035.881419
energy/site = -3.596810482
43.7013% accepted

energy = -296.1484399
energy/site = -1.028293194
43.7554% accepted

energy = -305.205144
energy/site = -1.059740083
43.7627% accepted

energy = -351.7840938
energy/site = -1.221472548
43.797% accepted

energy = -661.0838236
energy/site = -2.295429943
43.897% accepted

energy = -791.6220005
energy/site = -2.748687502
43.8806% accepted

energy = -281.762777
energy/site = -0.9783429756
43.8051% accepted

energy = -561.6034361
energy/site = -1.950011931
43.7812% accepted

energy = -840.1846903
energy/site = -2.917307952
43.7741% accepted

energy = -247.2985145
energy/site = -0.8586753976
43.7703% accepted

energy = -377.2998779
energy/site = -1.31006902
43.6756% accepted

energy = -981.5133502
energy/site = -3.408032466
43.91% accepted

energy = -302.31381
energy/site = -1.049700729
43.8432% accepted

energy = -1030.971702
energy/site = -3.579762856
43.821% accepted

energy = -320.7679586
energy/site = -1.113777634
43.7264% accepted

energy = -505.0288271
energy/site = -1.753572316
43.7858% accepted

energy = -206.2023743
energy/site = -0.7159804665
43.8014% accepted

energy = -652.5663483
energy/site = -2.265855376
43.7598% accepted

energy = -168.6204722
energy/site = -0.5854877508
43.7296% accepted

energy = -798.5687029
energy/site = -2.772807996
43.7913% accepted

energy = -514.4052614
energy/site = -1.78612938
43.8425% accepted

energy = -86.5058115
energy/site = -0.300367401
43.7934% accepted

energy = -873.7236493
energy/site = -3.033762671
43.8712% accepted

energy = -2795.731968
energy/site = -9.707402666
43.8126% accepted

energy = -1780.481326
energy/site = -6.182226827
43.8721% accepted

energy = -2655.98685
energy/site = -9.222176564
43.8616% accepted

energy = -608.0297438
energy/site = -2.111214388
43.7806% accepted

energy = -1641.570943
energy/site = -5.699899108
43.7486% accepted

energy = -1303.818484
energy/site = -4.527147512
43.8221% accepted

energy = -527.8744048
energy/site = -1.832897239
43.8354% accepted

energy = -701.6995644
energy/site = -2.436456821
43.8619% accepted

energy = -400.1235583
energy/site = -1.389317911
43.8065% accepted

energy = -286.2880934
energy/site = -0.99405588
43.6857% accepted

energy = -255.9288388
energy/site = -0.8886418015
43.8023% accepted

energy = -432.9816641
energy/site = -1.503408556
43.7547% accepted

energy = -639.0471339
energy/site = -2.218913659
43.7293% accepted

energy = -791.1771652
energy/site = -2.747142935
43.8068% accepted

energy = -575.0671431
energy/site = -1.996760914
43.7547% accepted

energy = -419.9634281
energy/site = -1.458206347
43.7528% accepted

energy = -747.714765
energy/site = -2.596231823
43.7809% accepted

energy = -469.4550635
energy/site = -1.630052304
43.7263% accepted

energy = -380.5115261
energy/site = -1.321220577
43.9291% accepted

energy = -256.2874233
energy/site = -0.8898868866
43.7484% accepted

energy = -266.8279157
energy/site = -0.9264858184
43.7379% accepted

energy = -832.5284058
energy/site = -2.890723631
43.8877% accepted

energy = -644.2436106
energy/site = -2.236956981
43.828% accepted

energy = -273.6138299
energy/site = -0.9500480205
43.763% accepted

energy = -265.4885173
energy/site = -0.9218351296
43.8009% accepted

energy = -362.1582964
energy/site = -1.257494085
43.7402% accepted

energy = -636.229457
energy/site = -2.209130059
43.7438% accepted

energy = -991.8891169
energy/site = -3.444059434
43.7105% accepted

energy = -227.4022128
energy/site = -0.7895910167
43.7471% accepted

energy = -760.205509
energy/site = -2.639602462
43.8545% accepted

energy = -1038.704416
energy/site = -3.606612556
43.8224% accepted

energy = -397.3124239
energy/site = -1.379557028
43.8203% accepted

energy = -684.2150514
energy/site = -2.375746706
43.7634% accepted

energy = -452.5936894
energy/site = -1.571505866
43.7327% accepted

energy = -1778.892223
energy/site = -6.176709109
43.7308% accepted

energy = -765.07628
energy/site = -2.656514861
43.7384% accepted

energy = -629.2248721
energy/site = -2.184808584
43.6262% accepted

energy = -201.3318902
energy/site = -0.6990690633
43.8083% accepted

energy = -430.7857326
energy/site = -1.495783794
43.8483% accepted

energy = -219.1580887
energy/site = -0.7609655859
43.8314% accepted

energy = -613.9983541
energy/site = -2.13193873
43.8641% accepted

energy = -233.1847247
energy/site = -0.809669183
43.7976% accepted

energy = -296.3097746
energy/site = -1.028853384
43.7818% accepted

energy = -865.2518515
energy/site = -3.004346707
43.9355% accepted

energy = -655.1715803
energy/site = -2.27490132
43.7548% accepted

energy = -434.7588108
energy/site = -1.509579204
43.7195% accepted

energy = -355.4904486
energy/site = -1.234341836
43.7803% accepted

energy = -1038.847583
energy/site = -3.607109662
43.897% accepted

energy = -2317.538994
energy/site = -8.047010396
43.6873% accepted

energy = -491.8334346
energy/site = -1.707754981
43.7611% accepted

energy = -367.2040257
energy/site = -1.275013978
43.7244% accepted

energy = -902.2606842
energy/site = -3.132849598
43.6669% accepted

energy = -763.6111204
energy/site = -2.651427501
43.8433% accepted

energy = -270.6732748
energy/site = -0.9398377598
43.9557% accepted

energy = -452.1287978
energy/site = -1.569891659
43.7384% accepted

energy = -3629.910008
energy/site = -12.60385419
43.8718% accepted

energy = -413.329092
energy/site = -1.435170458
43.6955% accepted

energy = -359.2946974
energy/site = -1.247551033
43.9437% accepted

energy = -623.6262414
energy/site = -2.165368894
43.7637% accepted

energy = -1748.967104
energy/site = -6.072802445
43.87% accepted

energy = -373.1052512
energy/site = -1.295504344
43.8347% accepted

energy = -556.6767528
energy/site = -1.932905392
43.6651% accepted

energy = -18319.30571
energy/site = -63.60870037
43.7316% accepted

energy = -332.7483307
energy/site = -1.155376148
43.6997% accepted

energy = -551.9053428
energy/site = -1.916337996
43.8295% accepted

energy = -1132.692827
energy/site = -3.932961204
43.8723% accepted

energy = -491.2905638
energy/site = -1.705870013
43.8726% accepted

energy = -479.2134404
energy/site = -1.663935557
43.8032% accepted

energy = -645.4864964
energy/site = -2.241272557
43.7493% accepted

energy = -402.4165666
energy/site = -1.397279745
43.6885% accepted

energy = -412.8165069
energy/site = -1.433390649
43.6797% accepted

energy = -2129.694533
energy/site = -7.394772685
43.5799% accepted

energy = -462.1057976
energy/site = -1.604534019
43.801% accepted

energy = -661.0309955
energy/site = -2.295246512
43.8576% accepted

energy = -286.210982
energy/site = -0.9937881321
43.6924% accepted

energy = -1929.26152
energy/site = -6.698824722
43.9098% accepted

energy = -151.1179898
energy/site = -0.5247152423
43.6611% accepted

energy = -374.5013094
energy/site = -1.300351769
43.801% accepted

energy = -275.6061048
energy/site = -0.9569656418
43.9414% accepted

energy = -486.1791131
energy/site = -1.688121921
43.8368% accepted

energy = -630.9744393
energy/site = -2.19088347
43.6443% accepted

energy = -209.4596611
energy/site = -0.7272904899
43.781% accepted

energy = -310.6313538
energy/site = -1.07858109
43.8596% accepted

energy = -877.838611
energy/site = -3.048050733
43.74% accepted

energy = -437.7331441
energy/site = -1.51990675
43.7986% accepted

energy = -1030.12118
energy/site = -3.576809654
43.7047% accepted

energy = -2013.989429
energy/site = -6.99301885
43.6721% accepted

energy = -960.3117505
energy/site = -3.3344158
43.8031% accepted

energy = -185.7718526
energy/site = -0.6450411549
43.9113% accepted

energy = -317.3297846
energy/site = -1.10183953
43.946% accepted

energy = -265.2748265
energy/site = -0.9210931474
43.7582% accepted

energy = -319.9515645
energy/site = -1.110942932
43.7012% accepted

energy = -4604.001978
energy/site = -15.98611798
43.7978% accepted

energy = -552.0081857
energy/site = -1.916695089
43.704% accepted

energy = -838.3205793
energy/site = -2.910835345
43.7543% accepted

energy = -384.3823259
energy/site = -1.334660854
43.8464% accepted

energy = -420.9336291
energy/site = -1.461575101
43.8315% accepted

energy = -283.2067543
energy/site = -0.9833567856
43.6811% accepted

energy = -284.8661855
energy/site = -0.9891186997
43.9106% accepted

energy = -923.0655488
energy/site = -3.205088711
43.8495% accepted

energy = -260.7465133
energy/site = -0.905369838
43.9687% accepted

energy = -330.9246638
energy/site = -1.149043971
43.8445% accepted

energy = -2623.818809
energy/site = -9.110481977
43.7259% accepted

energy = -650.9225258
energy/site = -2.260147659
43.8986% accepted

energy = -491.3086643
energy/site = -1.705932862
43.8161% accepted

energy = -352.6023023
energy/site = -1.22431355
43.7054% accepted

energy = -217.9489492
energy/site = -0.7567671847
43.6453% accepted

energy = -989.618529
energy/site = -3.436175448
43.7506% accepted

energy = -2967.989615
energy/site = -10.3055195
43.8159% accepted

energy = -355.7319638
energy/site = -1.23518043
43.7058% accepted

energy = -253.2687257
energy/site = -0.8794052974
43.7529% accepted

energy = -2460.767906
energy/site = -8.544333008
43.8649% accepted

energy = -1808.557269
energy/site = -6.279712739
43.7571% accepted

energy = -688.0763554
energy/site = -2.389154012
43.8027% accepted

energy = -308.0748292
energy/site = -1.069704268
43.8365% accepted

energy = -1031.648132
energy/site = -3.582111571
43.6655% accepted

energy = -815.3786213
energy/site = -2.831175769
43.7366% accepted

energy = -1676.384835
energy/site = -5.820780676
43.7085% accepted

energy = -149.0293955
energy/site = -0.5174631786
43.6127% accepted

energy = -213.4310841
energy/site = -0.741080153
43.8998% accepted

energy = -447.3614134
energy/site = -1.553338241
43.7462% accepted

energy = -905.3982951
energy/site = -3.14374408
43.687% accepted

energy = -735.1476122
energy/site = -2.552595876
43.9245% accepted

energy = -605.5747571
energy/site = -2.102690129
43.7108% accepted

energy = -365.8820444
energy/site = -1.270423765
43.8126% accepted

energy = -1902.270681
energy/site = -6.605106533
43.7002% accepted

energy = -252.9427078
energy/site = -0.878273291
43.8436% accepted

energy = -462.9471073
energy/site = -1.607455234
43.8125% accepted

energy = -1024.246333
energy/site = -3.556410879
43.8444% accepted

energy = -735.0414005
energy/site = -2.552227085
43.6703% accepted

energy = -864.869582
energy/site = -3.003019382
43.9444% accepted

energy = -898.1975577
energy/site = -3.11874152
43.9297% accepted

energy = -398.4587489
energy/site = -1.383537323
43.6228% accepted

energy = -406.5096478
energy/site = -1.411491833
43.6498% accepted

energy = -553.1506046
energy/site = -1.920661822
43.7159% accepted

energy = -1828.055526
energy/site = -6.347415021
43.8845% accepted

energy = -500.3856255
energy/site = -1.737450089
43.8267% accepted

energy = -2191.1776
energy/site = -7.608255556
43.7066% accepted

energy = -204.3022945
energy/site = -0.7093829671
43.6123% accepted

energy = -347.9457495
energy/site = -1.208144963
43.8243% accepted

energy = -376.1774012
energy/site = -1.306171532
43.9587% accepted

energy = -659.2090585
energy/site = -2.288920342
43.8351% accepted

energy = -555.4906187
energy/site = -1.92878687
43.7175% accepted

energy = -342.6525826
energy/site = -1.189765912
43.8134% accepted

energy = -622.320361
energy/site = -2.160834587
43.7914% accepted

energy = -485.6043152
energy/site = -1.686126094
43.7697% accepted

energy = -526.2088194
energy/site = -1.827113956
43.8698% accepted

energy = -1325.722185
energy/site = -4.603202033
43.7711% accepted

energy = -1094.913487
energy/site = -3.801782941
43.648% accepted

energy = -687.5703886
energy/site = -2.387397183
43.7968% accepted

energy = -704.9321475
energy/site = -2.447681068
43.9096% accepted

energy = -447.7647718
energy/site = -1.554738791
43.6424% accepted

energy = -387.3353297
energy/site = -1.344914339
43.713% accepted

energy = -1002.79349
energy/site = -3.48192184
43.7215% accepted

energy = -439.4381709
energy/site = -1.525826982
43.7729% accepted

energy = -412.3959265
energy/site = -1.4319303
43.6803% accepted

energy = -424.8871454
energy/site = -1.475302588
43.6105% accepted

energy = -290.8295443
energy/site = -1.009824806
43.7685% accepted

energy = -282.026775
energy/site = -0.9792596354
43.7023% accepted

energy = -100.1334906
energy/site = -0.3476857312
43.9136% accepted

energy = -249.5940638
energy/site = -0.8666460549
43.7175% accepted

energy = -670.8238835
energy/site = -2.329249595
43.9481% accepted

energy = -429.6042018
energy/site = -1.491681256
43.8488% accepted

energy = -505.3871968
energy/site = -1.754816656
43.891% accepted

energy = -315.2804983
energy/site = -1.094723952
43.7914% accepted

energy = -607.4786281
energy/site = -2.109300792
43.7891% accepted

energy = -1924.614139
energy/site = -6.682687981
43.9196% accepted

energy = -467.1069276
energy/site = -1.621899054
43.7386% accepted

energy = -1056.360959
energy/site = -3.667919996
43.6256% accepted

energy = -156.3730566
energy/site = -0.5429620022
43.6715% accepted

energy = -417.3987617
energy/site = -1.449301256
43.7309% accepted

energy = -363.0745793
energy/site = -1.260675623
43.7309% accepted

energy = -360.7740135
energy/site = -1.252687547
43.7769% accepted

energy = -570.679841
energy/site = -1.981527226
43.767% accepted

energy = -2515.682854
energy/site = -8.735009911
43.7667% accepted

energy = -351.7016633
energy/site = -1.221186331
43.8075% accepted

energy = -790.9176233
energy/site = -2.746241747
43.8592% accepted

energy = -426.0777309
energy/site = -1.479436566
43.881% accepted

energy = -1247.408963
energy/site = -4.331281123
43.5472% accepted

energy = -1764.861228
energy/site = -6.127990377
43.7127% accepted

energy = -1079.835702
energy/site = -3.749429522
43.8922% accepted

energy = -427.2839928
energy/site = -1.483624975
43.7772% accepted

energy = -746.2304604
energy/site = -2.591077987
43.913% accepted

energy = -568.580898
energy/site = -1.974239229
43.9054% accepted

energy = -117.6738613
energy/site = -0.4085897962
43.9458% accepted

energy = -909.338225
energy/site = -3.157424393
43.7247% accepted

energy = -1347.322453
energy/site = -4.678202963
43.8889% accepted

energy = -316.8088277
energy/site = -1.100030652
43.7165% accepted

energy = -501.9373022
energy/site = -1.742837855
43.7328% accepted

energy = -619.2487961
energy/site = -2.150169431
43.6273% accepted

energy = -454.0874945
energy/site = -1.576692689
43.8336% accepted

energy = -950.9437852
energy/site = -3.301888143
43.7528% accepted

energy = -699.5180295
energy/site = -2.428882047
43.697% accepted

energy = -2156.869249
energy/site = -7.489129336
43.9014% accepted

energy = -2854.822594
energy/site = -9.91257845
43.8319% accepted

energy = -787.6024782
energy/site = -2.734730827
43.878% accepted

energy = -1027.504961
energy/site = -3.567725559
43.8758% accepted

energy = -374.2633193
energy/site = -1.299525414
43.8288% accepted

energy = -1676.095942
energy/site = -5.819777575
43.7651% accepted

energy = -1680.11578
energy/site = -5.833735348
43.8192% accepted

energy = -556.7770426
energy/site = -1.93325362
43.7935% accepted

energy = -528.5904527
energy/site = -1.835383516
43.7494% accepted

energy = -635.1218209
energy/site = -2.2052841
43.7468% accepted

energy = -416.1160415
energy/site = -1.444847366
43.8348% accepted

energy = -212.1080786
energy/site = -0.7364863839
43.9731% accepted

energy = -717.2237899
energy/site = -2.490360382
43.7167% accepted

energy = -335.2955351
energy/site = -1.164220608
43.8436% accepted

energy = -779.6038781
energy/site = -2.70695791
43.9217% accepted

energy = -467.7282911
energy/site = -1.624056566
43.6884% accepted

energy = -757.1166467
energy/site = -2.628877246
43.6683% accepted

energy = -203.7002959
energy/site = -0.7072926942
43.7705% accepted

energy = -394.1297055
energy/site = -1.368505922
43.8297% accepted

energy = -1260.206135
energy/site = -4.375715747
43.7842% accepted

energy = -862.9304562
energy/site = -2.996286306
43.63% accepted

energy = -993.0398311
energy/site = -3.448054969
43.6661% accepted

energy = -299.4165373
energy/site = -1.039640755
43.7592% accepted

