
weighting by <swap_x> where x = 4
3 x 12 x 1 system
r   = 3  bondops changed per step 
n/N = 80  bond operators / site
its = 1000000  iterations/loop for 10000 loops

energy = -94.83051693
energy/site = -1.317090513
45.7348% accepted

energy = -96.00362928
energy/site = -1.33338374
45.6509% accepted

energy = -97.85414882
energy/site = -1.3590854
45.705% accepted

energy = -97.21375835
energy/site = -1.350191088
45.6819% accepted

energy = -88.16647995
energy/site = -1.224534444
45.8076% accepted

energy = -115.750169
energy/site = -1.607641236
45.7879% accepted

energy = -103.3026959
energy/site = -1.434759666
45.6377% accepted

energy = -97.62735406
energy/site = -1.355935473
45.6134% accepted

energy = -93.96865129
energy/site = -1.305120157
45.6802% accepted

energy = -93.17410033
energy/site = -1.294084727
45.7852% accepted

energy = -117.8114199
energy/site = -1.636269721
45.5617% accepted

energy = -80.25944913
energy/site = -1.114714571
45.8763% accepted

energy = -100.118938
energy/site = -1.390540806
45.6692% accepted

energy = -116.287996
energy/site = -1.615111056
45.6134% accepted

energy = -106.4899815
energy/site = -1.479027521
45.5668% accepted

energy = -78.09876517
energy/site = -1.084705072
45.7584% accepted

energy = -94.78319055
energy/site = -1.316433202
45.7528% accepted

energy = -112.9188907
energy/site = -1.568317926
45.6459% accepted

energy = -90.69078872
energy/site = -1.259594288
45.7107% accepted

energy = -108.7546074
energy/site = -1.510480658
45.7244% accepted

energy = -86.02159072
energy/site = -1.194744316
45.7976% accepted

energy = -79.53873262
energy/site = -1.10470462
45.6263% accepted

energy = -99.56513098
energy/site = -1.382849041
45.6514% accepted

energy = -115.4831155
energy/site = -1.60393216
45.6617% accepted

energy = -94.69688729
energy/site = -1.315234546
45.8369% accepted

energy = -77.92176416
energy/site = -1.082246724
45.6323% accepted

energy = -117.1474783
energy/site = -1.62704831
45.8168% accepted

energy = -96.20238297
energy/site = -1.336144208
45.6794% accepted

energy = -110.5073255
energy/site = -1.534823965
45.8007% accepted

energy = -100.5841121
energy/site = -1.397001557
45.6383% accepted

energy = -91.22874172
energy/site = -1.267065857
45.7838% accepted

energy = -106.3298476
energy/site = -1.476803439
45.7237% accepted

energy = -103.836238
energy/site = -1.442169973
45.6335% accepted

energy = -65.96133393
energy/site = -0.9161296379
45.7775% accepted

energy = -109.9431919
energy/site = -1.526988776
45.7165% accepted

energy = -101.8025655
energy/site = -1.41392452
45.8291% accepted

energy = -81.51200604
energy/site = -1.132111195
45.7663% accepted

energy = -62.62198421
energy/site = -0.8697497807
45.5395% accepted

energy = -86.26603725
energy/site = -1.198139406
45.6936% accepted

energy = -97.93321635
energy/site = -1.36018356
45.7407% accepted

energy = -94.93026656
energy/site = -1.318475924
45.5087% accepted

energy = -114.4698021
energy/site = -1.589858363
45.7021% accepted

energy = -99.4288669
energy/site = -1.380956485
45.7838% accepted

energy = -99.40244592
energy/site = -1.380589527
45.784% accepted

energy = -104.6761026
energy/site = -1.453834758
45.8938% accepted

energy = -74.61784559
energy/site = -1.036358967
45.6973% accepted

energy = -90.0128612
energy/site = -1.250178628
45.6361% accepted

energy = -79.46582079
energy/site = -1.103691955
45.6005% accepted

energy = -91.96925415
energy/site = -1.277350752
45.7402% accepted

energy = -87.76647909
energy/site = -1.218978876
45.8068% accepted

energy = -88.94057869
energy/site = -1.235285815
45.6638% accepted

energy = -85.04844615
energy/site = -1.181228419
45.7873% accepted

energy = -100.5234831
energy/site = -1.396159487
45.6204% accepted

energy = -83.08382105
energy/site = -1.153941959
45.6272% accepted

energy = -103.6931639
energy/site = -1.440182831
45.667% accepted

energy = -82.55165829
energy/site = -1.14655081
45.6871% accepted

energy = -86.29757076
energy/site = -1.198577372
45.6759% accepted

energy = -85.12345859
energy/site = -1.182270258
45.6012% accepted

energy = -84.68175025
energy/site = -1.17613542
45.7144% accepted

energy = -92.5121559
energy/site = -1.284891054
45.6845% accepted

energy = -101.0708362
energy/site = -1.403761615
45.8871% accepted

energy = -97.34077869
energy/site = -1.35195526
45.8162% accepted

energy = -95.85143677
energy/site = -1.331269955
45.827% accepted

energy = -92.19088185
energy/site = -1.280428915
45.6674% accepted

energy = -98.57093361
energy/site = -1.369040745
45.6781% accepted

energy = -80.82958801
energy/site = -1.122633167
45.8633% accepted

energy = -124.3377333
energy/site = -1.726912963
45.8907% accepted

energy = -85.45117899
energy/site = -1.18682193
45.8055% accepted

energy = -110.7361109
energy/site = -1.538001541
45.6431% accepted

energy = -98.19959698
energy/site = -1.363883291
45.7717% accepted

energy = -91.14191242
energy/site = -1.265859895
45.7362% accepted

energy = -75.35575617
energy/site = -1.046607725
45.6898% accepted

energy = -75.60470896
energy/site = -1.050065402
45.8094% accepted

energy = -85.64192744
energy/site = -1.189471214
45.6781% accepted

energy = -79.62290268
energy/site = -1.105873648
45.8027% accepted

energy = -100.3732973
energy/site = -1.394073573
45.5829% accepted

energy = -86.01683196
energy/site = -1.194678222
45.7862% accepted

energy = -94.29430095
energy/site = -1.309643069
45.772% accepted

energy = -73.05687126
energy/site = -1.014678768
45.7889% accepted

energy = -83.52019793
energy/site = -1.160002749
45.7158% accepted

energy = -86.85381426
energy/site = -1.206302976
45.7349% accepted

energy = -83.91087694
energy/site = -1.165428846
45.6776% accepted

energy = -87.15987065
energy/site = -1.210553759
45.6995% accepted

energy = -96.25485604
energy/site = -1.336873
45.7477% accepted

energy = -91.80642533
energy/site = -1.275089241
45.6341% accepted

energy = -95.51921797
energy/site = -1.326655805
45.8129% accepted

energy = -92.72390719
energy/site = -1.287832044
45.6991% accepted

energy = -89.86368161
energy/site = -1.248106689
45.6959% accepted

energy = -97.65395899
energy/site = -1.356304986
45.8634% accepted

energy = -104.2860504
energy/site = -1.448417367
45.6109% accepted

energy = -96.24906124
energy/site = -1.336792517
45.7818% accepted

energy = -85.39801231
energy/site = -1.186083504
45.6228% accepted

energy = -86.60430128
energy/site = -1.202837518
45.766% accepted

energy = -111.1017365
energy/site = -1.543079673
45.7235% accepted

energy = -106.1763055
energy/site = -1.47467091
45.7232% accepted

energy = -110.8803884
energy/site = -1.540005395
45.6194% accepted

energy = -84.73573921
energy/site = -1.176885267
45.6873% accepted

energy = -77.49965034
energy/site = -1.076384033
45.6034% accepted

energy = -110.3186635
energy/site = -1.53220366
45.7393% accepted

energy = -96.33955028
energy/site = -1.338049309
45.7446% accepted

energy = -103.9601244
energy/site = -1.443890617
45.6647% accepted

energy = -86.22428297
energy/site = -1.197559486
45.7422% accepted

energy = -88.83677107
energy/site = -1.233844043
45.8288% accepted

energy = -108.7505988
energy/site = -1.510424984
45.7276% accepted

energy = -87.73778444
energy/site = -1.218580339
45.6473% accepted

energy = -70.05974896
energy/site = -0.9730520688
45.848% accepted

energy = -116.6906489
energy/site = -1.620703457
45.556% accepted

energy = -92.75840826
energy/site = -1.288311226
45.7591% accepted

energy = -104.6105807
energy/site = -1.452924732
45.6542% accepted

energy = -95.80380258
energy/site = -1.330608369
45.6263% accepted

energy = -88.74897909
energy/site = -1.23262471
45.6837% accepted

energy = -116.8107717
energy/site = -1.622371829
45.7724% accepted

energy = -81.23837471
energy/site = -1.12831076
45.7134% accepted

energy = -104.3600241
energy/site = -1.449444779
45.7758% accepted

energy = -99.07080718
energy/site = -1.375983433
45.7693% accepted

energy = -91.82030906
energy/site = -1.27528207
45.7834% accepted

energy = -93.9643656
energy/site = -1.305060633
45.7029% accepted

energy = -83.73520202
energy/site = -1.162988917
45.6347% accepted

energy = -89.84299496
energy/site = -1.247819374
45.8513% accepted

energy = -75.4851666
energy/site = -1.048405092
45.7035% accepted

energy = -133.4661438
energy/site = -1.853696442
45.7124% accepted

energy = -81.69428041
energy/site = -1.134642783
45.6697% accepted

energy = -119.1447552
energy/site = -1.654788267
45.7792% accepted

energy = -86.44608478
energy/site = -1.200640066
45.754% accepted

energy = -89.11057194
energy/site = -1.237646833
45.7565% accepted

energy = -81.05195297
energy/site = -1.125721569
45.7805% accepted

energy = -97.14950603
energy/site = -1.349298695
45.6198% accepted

energy = -85.5243106
energy/site = -1.187837647
45.5929% accepted

energy = -103.9169406
energy/site = -1.443290842
45.7733% accepted

energy = -67.4822793
energy/site = -0.9372538792
45.8683% accepted

energy = -106.1662792
energy/site = -1.474531655
45.8631% accepted

energy = -102.5823482
energy/site = -1.424754836
45.7572% accepted

energy = -107.1372206
energy/site = -1.488016953
45.7148% accepted

energy = -72.3796959
energy/site = -1.005273554
45.7307% accepted

energy = -70.90642926
energy/site = -0.9848115175
45.7691% accepted

energy = -87.52499635
energy/site = -1.215624949
45.7121% accepted

energy = -98.92661901
energy/site = -1.37398082
45.7167% accepted

energy = -89.56984347
energy/site = -1.244025604
45.8748% accepted

energy = -104.959783
energy/site = -1.457774763
45.7053% accepted

energy = -96.10300725
energy/site = -1.33476399
45.7018% accepted

energy = -97.42393321
energy/site = -1.353110184
45.7186% accepted

energy = -86.28292577
energy/site = -1.198373969
45.6519% accepted

energy = -87.31268261
energy/site = -1.212676147
45.7113% accepted

energy = -104.7275349
energy/site = -1.454549096
45.686% accepted

energy = -90.66623657
energy/site = -1.259253286
45.6594% accepted

energy = -91.29419633
energy/site = -1.267974949
45.6249% accepted

energy = -94.08118443
energy/site = -1.306683117
45.7623% accepted

energy = -115.2198484
energy/site = -1.600275673
45.6414% accepted

energy = -86.32957409
energy/site = -1.199021862
45.7764% accepted

energy = -85.88409426
energy/site = -1.192834643
45.6137% accepted

energy = -92.76751577
energy/site = -1.288437719
45.8471% accepted

energy = -113.6046943
energy/site = -1.577842976
45.5848% accepted

energy = -102.7345208
energy/site = -1.426868344
45.8286% accepted

energy = -91.68878752
energy/site = -1.273455382
45.535% accepted

energy = -82.24550284
energy/site = -1.142298651
45.7178% accepted

energy = -95.28501856
energy/site = -1.323403036
45.7329% accepted

energy = -82.05161277
energy/site = -1.139605733
45.7721% accepted

energy = -96.10420122
energy/site = -1.334780573
45.5789% accepted

energy = -95.07436492
energy/site = -1.320477291
45.5683% accepted

energy = -92.40561475
energy/site = -1.283411316
45.757% accepted

energy = -89.23254901
energy/site = -1.239340959
45.6912% accepted

energy = -90.94250712
energy/site = -1.263090377
45.7737% accepted

energy = -125.2958007
energy/site = -1.740219455
45.7964% accepted

energy = -80.47351933
energy/site = -1.117687768
45.6433% accepted

energy = -108.7758647
energy/site = -1.510775899
45.6367% accepted

energy = -83.52940383
energy/site = -1.160130609
45.6667% accepted

energy = -92.09647017
energy/site = -1.279117641
45.8165% accepted

energy = -82.15222097
energy/site = -1.141003069
45.7081% accepted

energy = -107.8235389
energy/site = -1.497549152
45.6521% accepted

energy = -103.6997348
energy/site = -1.440274094
45.65% accepted

energy = -97.1821844
energy/site = -1.349752561
45.6067% accepted

energy = -114.5082797
energy/site = -1.590392774
45.681% accepted

energy = -87.49234626
energy/site = -1.215171476
45.7552% accepted

energy = -102.1087489
energy/site = -1.418177068
45.7192% accepted

energy = -113.3596217
energy/site = -1.574439191
45.7155% accepted

energy = -84.44544504
energy/site = -1.172853403
45.8013% accepted

energy = -105.5260357
energy/site = -1.465639385
45.696% accepted

energy = -90.16763238
energy/site = -1.252328228
45.749% accepted

energy = -85.87294154
energy/site = -1.192679744
45.6096% accepted

energy = -88.80638809
energy/site = -1.233422057
45.689% accepted

energy = -99.39764522
energy/site = -1.38052285
45.8268% accepted

energy = -111.459657
energy/site = -1.548050792
45.7263% accepted

energy = -94.262143
energy/site = -1.309196431
45.845% accepted

energy = -131.3409099
energy/site = -1.824179304
45.6963% accepted

energy = -92.22725206
energy/site = -1.280934056
45.6006% accepted

energy = -91.46736126
energy/site = -1.270380018
45.5977% accepted

energy = -91.18651291
energy/site = -1.266479346
45.8217% accepted

energy = -88.29657486
energy/site = -1.226341317
45.657% accepted

energy = -115.6627744
energy/site = -1.606427423
45.8063% accepted

energy = -90.93387434
energy/site = -1.262970477
45.7237% accepted

energy = -87.65270219
energy/site = -1.217398642
45.761% accepted

energy = -83.4373064
energy/site = -1.158851478
45.6284% accepted

energy = -77.99419959
energy/site = -1.083252772
45.6751% accepted

energy = -73.82708209
energy/site = -1.02537614
45.6677% accepted

energy = -92.43843354
energy/site = -1.283867132
45.67% accepted

energy = -107.4998791
energy/site = -1.493053876
45.7878% accepted

energy = -87.6769174
energy/site = -1.217734964
45.6283% accepted

energy = -99.86075142
energy/site = -1.386954881
45.5984% accepted

energy = -79.39009145
energy/site = -1.102640159
45.7899% accepted

energy = -89.07116314
energy/site = -1.237099488
45.6476% accepted

energy = -95.93284606
energy/site = -1.33240064
45.6916% accepted

energy = -92.16136789
energy/site = -1.280018998
45.6832% accepted

energy = -91.26271152
energy/site = -1.26753766
45.7914% accepted

energy = -69.25066112
energy/site = -0.9618147378
45.9107% accepted

energy = -88.26738218
energy/site = -1.225935864
45.7496% accepted

energy = -86.9865116
energy/site = -1.208145995
45.7344% accepted

energy = -117.3290194
energy/site = -1.629569713
45.6645% accepted

energy = -102.7829346
energy/site = -1.427540758
45.8502% accepted

energy = -80.04035584
energy/site = -1.111671609
45.7073% accepted

energy = -81.39632892
energy/site = -1.130504568
45.7416% accepted

energy = -109.0287717
energy/site = -1.514288496
45.7836% accepted

energy = -93.12490738
energy/site = -1.293401491
45.6275% accepted

energy = -93.89291406
energy/site = -1.304068251
45.78% accepted

energy = -93.15803037
energy/site = -1.293861533
45.6587% accepted

energy = -86.69672337
energy/site = -1.204121158
45.7789% accepted

energy = -89.46492963
energy/site = -1.242568467
45.6709% accepted

energy = -82.99647173
energy/site = -1.152728774
45.7298% accepted

energy = -85.62256901
energy/site = -1.189202347
45.6999% accepted

energy = -73.85314941
energy/site = -1.025738186
45.597% accepted

energy = -82.36592443
energy/site = -1.143971173
45.6514% accepted

energy = -79.33034821
energy/site = -1.101810392
45.7419% accepted

energy = -91.51852024
energy/site = -1.271090559
45.6715% accepted

energy = -110.1450011
energy/site = -1.529791681
45.7699% accepted

energy = -101.315032
energy/site = -1.407153222
45.6474% accepted

energy = -78.03853131
energy/site = -1.08386849
45.8113% accepted

energy = -113.9667599
energy/site = -1.582871666
45.7564% accepted

energy = -110.2162202
energy/site = -1.530780836
45.7434% accepted

energy = -95.36709587
energy/site = -1.324542998
45.7223% accepted

energy = -101.089939
energy/site = -1.40402693
45.7832% accepted

energy = -78.79122623
energy/site = -1.094322587
45.6541% accepted

energy = -84.19230275
energy/site = -1.169337538
45.6677% accepted

energy = -85.48158735
energy/site = -1.187244269
45.5967% accepted

energy = -106.9362859
energy/site = -1.485226193
45.7882% accepted

energy = -102.6710296
energy/site = -1.425986522
45.7142% accepted

energy = -94.244725
energy/site = -1.308954514
45.6892% accepted

energy = -111.5953687
energy/site = -1.549935676
45.7045% accepted

energy = -97.34654534
energy/site = -1.352035352
45.7594% accepted

energy = -110.1283449
energy/site = -1.529560346
45.644% accepted

energy = -89.92831181
energy/site = -1.249004331
45.6315% accepted

energy = -115.7874298
energy/site = -1.608158748
45.8281% accepted

energy = -81.3675583
energy/site = -1.130104976
45.6439% accepted

energy = -75.71601649
energy/site = -1.05161134
45.7012% accepted

energy = -92.83134094
energy/site = -1.28932418
45.5255% accepted

energy = -102.3597097
energy/site = -1.421662634
45.5543% accepted

energy = -90.10802098
energy/site = -1.251500291
45.6142% accepted

energy = -112.69987
energy/site = -1.565275972
45.739% accepted

energy = -84.13632139
energy/site = -1.168560019
45.7946% accepted

energy = -78.94964405
energy/site = -1.096522834
45.6951% accepted

energy = -97.18389645
energy/site = -1.34977634
45.659% accepted

energy = -119.4844898
energy/site = -1.659506802
45.9118% accepted

energy = -108.0219928
energy/site = -1.500305456
45.8864% accepted

energy = -98.13690731
energy/site = -1.363012602
45.6904% accepted

energy = -111.715892
energy/site = -1.551609611
45.7784% accepted

energy = -119.8211192
energy/site = -1.664182211
45.7657% accepted

energy = -104.6997336
energy/site = -1.454162967
45.6531% accepted

energy = -99.86421052
energy/site = -1.387002924
45.7506% accepted

energy = -94.69459931
energy/site = -1.315202768
45.665% accepted

energy = -97.40018402
energy/site = -1.352780334
45.7535% accepted

energy = -104.9394492
energy/site = -1.45749235
45.6627% accepted

energy = -107.2413006
energy/site = -1.489462509
45.6589% accepted

energy = -93.72802964
energy/site = -1.301778189
45.807% accepted

energy = -120.8632082
energy/site = -1.67865567
45.6976% accepted

energy = -86.69094516
energy/site = -1.204040905
45.7216% accepted

energy = -111.7520376
energy/site = -1.552111633
45.7639% accepted

energy = -79.16724852
energy/site = -1.099545118
45.5224% accepted

energy = -100.5765292
energy/site = -1.396896239
45.7788% accepted

energy = -105.7725421
energy/site = -1.469063085
45.7642% accepted

energy = -98.15363286
energy/site = -1.363244901
45.7635% accepted

energy = -96.30913947
energy/site = -1.337626937
45.7544% accepted

energy = -106.1845852
energy/site = -1.474785905
45.7869% accepted

energy = -76.74693004
energy/site = -1.065929584
45.6172% accepted

energy = -104.1325754
energy/site = -1.446285769
45.607% accepted

energy = -98.38791716
energy/site = -1.366498849
45.5995% accepted

energy = -113.8098979
energy/site = -1.580693026
45.7148% accepted

energy = -111.2854198
energy/site = -1.545630831
45.8628% accepted

energy = -106.447038
energy/site = -1.478431084
45.7192% accepted

energy = -75.41097889
energy/site = -1.047374707
45.7951% accepted

energy = -93.53746937
energy/site = -1.299131519
45.8573% accepted

energy = -94.55893585
energy/site = -1.313318553
45.7614% accepted

energy = -100.769743
energy/site = -1.399579764
45.7602% accepted

energy = -100.7086855
energy/site = -1.398731742
45.7868% accepted

energy = -117.8280513
energy/site = -1.636500712
45.7071% accepted

energy = -94.82034543
energy/site = -1.316949242
45.7037% accepted

energy = -67.07575543
energy/site = -0.9316077143
45.6195% accepted

energy = -95.60908777
energy/site = -1.327903997
45.5864% accepted

energy = -83.50892323
energy/site = -1.159846156
45.7422% accepted

energy = -84.93591148
energy/site = -1.179665437
45.706% accepted

energy = -88.94118932
energy/site = -1.235294296
45.7481% accepted

energy = -97.79868349
energy/site = -1.358315048
45.6793% accepted

energy = -80.60598642
energy/site = -1.119527589
45.6097% accepted

energy = -82.40794363
energy/site = -1.144554773
45.7482% accepted

energy = -74.45980551
energy/site = -1.034163965
45.6658% accepted

energy = -104.25363
energy/site = -1.447967083
45.6834% accepted

energy = -87.7762555
energy/site = -1.21911466
45.7732% accepted

energy = -88.24155648
energy/site = -1.225577173
45.7064% accepted

energy = -137.0416687
energy/site = -1.903356509
45.6797% accepted

energy = -91.0437942
energy/site = -1.264497142
45.6463% accepted

energy = -88.85805225
energy/site = -1.234139615
45.786% accepted

energy = -120.3774021
energy/site = -1.671908362
45.8011% accepted

energy = -104.5439634
energy/site = -1.451999492
45.6107% accepted

energy = -75.77991899
energy/site = -1.052498875
45.7016% accepted

energy = -115.6805019
energy/site = -1.606673637
45.6162% accepted

energy = -101.5464902
energy/site = -1.410367919
45.7371% accepted

energy = -96.05537128
energy/site = -1.334102379
45.7392% accepted

energy = -88.74751952
energy/site = -1.232604438
45.7057% accepted

energy = -116.7557388
energy/site = -1.621607483
45.7095% accepted

energy = -86.19504029
energy/site = -1.197153337
45.7043% accepted

energy = -76.57835914
energy/site = -1.063588321
45.6202% accepted

energy = -76.33618608
energy/site = -1.060224807
45.8654% accepted

energy = -86.10677389
energy/site = -1.195927415
45.4992% accepted

energy = -111.7786508
energy/site = -1.552481261
45.714% accepted

energy = -99.08879258
energy/site = -1.37623323
45.7448% accepted

energy = -98.68562592
energy/site = -1.370633693
45.8099% accepted

energy = -111.8029886
energy/site = -1.552819287
45.6909% accepted

energy = -97.83377163
energy/site = -1.358802384
45.6445% accepted

energy = -86.45117326
energy/site = -1.20071074
45.7601% accepted

energy = -92.08433198
energy/site = -1.278949055
45.7111% accepted

energy = -96.23439705
energy/site = -1.336588848
45.7195% accepted

energy = -94.72743274
energy/site = -1.315658788
45.5794% accepted

energy = -90.11828648
energy/site = -1.251642868
45.6757% accepted

energy = -79.23529867
energy/site = -1.100490259
45.7422% accepted

energy = -84.80756531
energy/site = -1.177882852
45.7626% accepted

energy = -116.7584655
energy/site = -1.621645354
45.7742% accepted

energy = -82.43973914
energy/site = -1.144996377
45.7639% accepted

energy = -132.0538719
energy/site = -1.834081554
45.748% accepted

energy = -102.3444394
energy/site = -1.421450547
45.8767% accepted

energy = -118.2199735
energy/site = -1.641944077
45.7457% accepted

energy = -96.86530252
energy/site = -1.345351424
45.665% accepted

energy = -85.51572596
energy/site = -1.187718416
45.721% accepted

energy = -94.49678006
energy/site = -1.312455279
45.6809% accepted

energy = -98.02091372
energy/site = -1.361401579
45.6184% accepted

energy = -99.87785912
energy/site = -1.387192488
45.735% accepted

energy = -102.5227447
energy/site = -1.42392701
45.8363% accepted

energy = -80.02583995
energy/site = -1.111469999
45.7443% accepted

energy = -103.9637566
energy/site = -1.443941064
45.6456% accepted

energy = -80.65881497
energy/site = -1.120261319
45.6158% accepted

energy = -85.10692005
energy/site = -1.182040556
45.6583% accepted

energy = -94.60332869
energy/site = -1.313935121
45.7722% accepted

energy = -129.204185
energy/site = -1.794502569
45.7479% accepted

energy = -106.5805479
energy/site = -1.480285387
45.6867% accepted

energy = -88.75976046
energy/site = -1.232774451
45.5754% accepted

energy = -115.4772818
energy/site = -1.603851136
45.805% accepted

energy = -98.69299626
energy/site = -1.370736059
45.6403% accepted

energy = -86.22769688
energy/site = -1.197606901
45.641% accepted

energy = -77.15866557
energy/site = -1.071648133
45.6637% accepted

energy = -88.21760844
energy/site = -1.225244562
45.7309% accepted

energy = -92.63176939
energy/site = -1.286552353
45.6999% accepted

energy = -83.84130711
energy/site = -1.164462599
45.8012% accepted

energy = -100.010366
energy/site = -1.389032862
45.714% accepted

energy = -90.56508511
energy/site = -1.257848404
45.73% accepted

energy = -94.33724517
energy/site = -1.310239516
45.72% accepted

energy = -97.42107072
energy/site = -1.353070427
45.689% accepted

energy = -101.6348145
energy/site = -1.411594646
45.674% accepted

energy = -101.2946964
energy/site = -1.406870783
45.7606% accepted

energy = -105.7034182
energy/site = -1.468103031
45.8049% accepted

energy = -112.3135397
energy/site = -1.559910273
45.7101% accepted

energy = -101.228927
energy/site = -1.40595732
45.7795% accepted

energy = -102.8162342
energy/site = -1.428003252
45.9017% accepted

energy = -98.89650159
energy/site = -1.373562522
45.816% accepted

energy = -88.72138388
energy/site = -1.232241443
45.7443% accepted

energy = -93.04124035
energy/site = -1.292239449
45.7109% accepted

energy = -98.42332507
energy/site = -1.366990626
45.8272% accepted

energy = -109.8066085
energy/site = -1.525091785
45.8116% accepted

energy = -102.4494603
energy/site = -1.42290917
45.7174% accepted

energy = -109.3976355
energy/site = -1.519411604
45.696% accepted

energy = -103.1364789
energy/site = -1.432451096
45.8651% accepted

energy = -97.39391807
energy/site = -1.352693307
45.757% accepted

energy = -92.41494768
energy/site = -1.28354094
45.7233% accepted

energy = -121.1629532
energy/site = -1.682818795
45.6017% accepted

energy = -76.30237757
energy/site = -1.059755244
45.7171% accepted

energy = -92.40267078
energy/site = -1.283370427
45.8207% accepted

energy = -116.7506031
energy/site = -1.621536154
45.6726% accepted

energy = -77.65646581
energy/site = -1.078562025
45.6377% accepted

energy = -99.31106163
energy/site = -1.3793203
45.8497% accepted

energy = -75.35190885
energy/site = -1.04655429
45.7526% accepted

energy = -107.5446205
energy/site = -1.493675284
45.779% accepted

energy = -93.23484511
energy/site = -1.294928404
45.8654% accepted

energy = -86.86544448
energy/site = -1.206464507
45.7333% accepted

energy = -77.88995013
energy/site = -1.081804863
45.7284% accepted

energy = -78.1800704
energy/site = -1.085834311
45.7378% accepted

energy = -74.28693071
energy/site = -1.031762927
45.7277% accepted

energy = -102.1870546
energy/site = -1.419264648
45.872% accepted

energy = -169.2007355
energy/site = -2.350010215
45.685% accepted

energy = -79.31460251
energy/site = -1.101591702
45.6397% accepted

energy = -89.04126061
energy/site = -1.236684175
45.7821% accepted

energy = -109.6289922
energy/site = -1.522624891
45.7433% accepted

energy = -95.04822043
energy/site = -1.320114173
45.809% accepted

energy = -85.17165934
energy/site = -1.182939713
45.6767% accepted

energy = -98.65731695
energy/site = -1.370240513
45.6427% accepted

energy = -78.81762245
energy/site = -1.094689201
45.7619% accepted

energy = -82.55660367
energy/site = -1.146619495
45.6082% accepted

energy = -91.32525832
energy/site = -1.268406366
45.6957% accepted

energy = -101.476895
energy/site = -1.40940132
45.5832% accepted

energy = -111.703494
energy/site = -1.551437417
45.9181% accepted

energy = -113.647861
energy/site = -1.578442514
45.6639% accepted

energy = -85.66105143
energy/site = -1.189736825
45.7294% accepted

energy = -105.7128335
energy/site = -1.468233798
45.7406% accepted

energy = -100.295229
energy/site = -1.392989292
45.7383% accepted

energy = -103.2308117
energy/site = -1.433761274
45.547% accepted

energy = -99.89822908
energy/site = -1.387475404
45.7306% accepted

energy = -108.7936844
energy/site = -1.511023395
45.6708% accepted

energy = -92.78871562
energy/site = -1.288732161
45.7294% accepted

energy = -97.79959389
energy/site = -1.358327693
45.5352% accepted

energy = -112.6112403
energy/site = -1.564045004
45.6714% accepted

energy = -108.1019705
energy/site = -1.501416258
45.7302% accepted

energy = -115.7720349
energy/site = -1.607944929
45.7232% accepted

energy = -76.73414591
energy/site = -1.065752026
45.8157% accepted

energy = -90.56936605
energy/site = -1.257907862
45.6737% accepted

energy = -95.09053104
energy/site = -1.32070182
45.8541% accepted

energy = -89.88628006
energy/site = -1.248420556
45.5543% accepted

energy = -108.061888
energy/site = -1.500859555
45.5702% accepted

energy = -116.9159265
energy/site = -1.623832313
45.8804% accepted

energy = -87.74374489
energy/site = -1.218663123
45.6714% accepted

energy = -105.3252369
energy/site = -1.462850513
45.7475% accepted

energy = -88.55496445
energy/site = -1.229930062
45.652% accepted

energy = -88.43230084
energy/site = -1.228226401
45.8339% accepted

energy = -92.14752578
energy/site = -1.279826747
45.7077% accepted

energy = -96.84932463
energy/site = -1.345129509
45.8101% accepted

energy = -115.7834138
energy/site = -1.608102969
45.7458% accepted

energy = -95.91744896
energy/site = -1.332186791
45.651% accepted

energy = -81.98176991
energy/site = -1.138635693
45.7611% accepted

energy = -99.10368195
energy/site = -1.376440027
45.7949% accepted

energy = -87.80090511
energy/site = -1.219457015
45.5544% accepted

energy = -101.1214307
energy/site = -1.404464315
45.7175% accepted

energy = -108.1737955
energy/site = -1.502413826
45.6991% accepted

energy = -116.375184
energy/site = -1.616322
45.8211% accepted

energy = -73.44953755
energy/site = -1.020132466
45.8388% accepted

energy = -83.38125401
energy/site = -1.158072972
45.7194% accepted

energy = -72.33640307
energy/site = -1.004672265
45.733% accepted

energy = -126.7296709
energy/site = -1.760134318
45.6546% accepted

energy = -98.49813867
energy/site = -1.368029704
45.7262% accepted

energy = -109.839565
energy/site = -1.525549515
45.7189% accepted

energy = -91.35747339
energy/site = -1.268853797
45.6318% accepted

energy = -117.0448893
energy/site = -1.625623463
45.7605% accepted

energy = -93.98539083
energy/site = -1.30535265
45.7285% accepted

energy = -100.5544707
energy/site = -1.396589871
45.6862% accepted

energy = -118.0502335
energy/site = -1.639586576
45.736% accepted

energy = -87.77821362
energy/site = -1.219141856
45.7512% accepted

energy = -71.80684562
energy/site = -0.9973173003
45.7276% accepted

energy = -91.19422192
energy/site = -1.266586415
45.6667% accepted

energy = -87.5167237
energy/site = -1.215510051
45.8267% accepted

energy = -95.30564643
energy/site = -1.323689534
45.6803% accepted

energy = -99.69493071
energy/site = -1.384651815
45.6806% accepted

energy = -82.04407469
energy/site = -1.139501037
45.7286% accepted

energy = -81.89595879
energy/site = -1.137443872
45.5792% accepted

energy = -100.9587477
energy/site = -1.402204829
45.5489% accepted

energy = -78.43196046
energy/site = -1.089332784
45.8676% accepted

energy = -86.5259645
energy/site = -1.201749507
45.7108% accepted

energy = -78.14678047
energy/site = -1.085371951
45.6015% accepted

energy = -88.69542821
energy/site = -1.231880947
45.7132% accepted

energy = -86.49131474
energy/site = -1.20126826
45.6333% accepted

energy = -83.47239035
energy/site = -1.159338755
45.7544% accepted

energy = -100.2386216
energy/site = -1.392203078
45.6721% accepted

energy = -106.0476575
energy/site = -1.472884132
45.72% accepted

energy = -98.22677579
energy/site = -1.364260775
45.7074% accepted

energy = -85.78793817
energy/site = -1.191499141
45.6767% accepted

energy = -93.69087674
energy/site = -1.301262177
45.6375% accepted

energy = -103.6364704
energy/site = -1.439395422
45.6368% accepted

energy = -68.47787753
energy/site = -0.9510816324
45.6129% accepted

energy = -90.4415903
energy/site = -1.256133199
45.6415% accepted

energy = -102.0686548
energy/site = -1.417620205
45.5832% accepted

energy = -88.63058318
energy/site = -1.230980322
45.562% accepted

energy = -98.44300445
energy/site = -1.367263951
45.7073% accepted

energy = -89.23440771
energy/site = -1.239366774
45.712% accepted

energy = -109.3367167
energy/site = -1.51856551
45.6783% accepted

energy = -74.98140993
energy/site = -1.041408471
45.7297% accepted

energy = -103.1535126
energy/site = -1.432687675
45.6558% accepted

energy = -100.5815916
energy/site = -1.39696655
45.634% accepted

energy = -117.7201711
energy/site = -1.635002377
45.624% accepted

energy = -105.3689913
energy/site = -1.463458212
45.8236% accepted

energy = -87.98531655
energy/site = -1.222018285
45.8766% accepted

energy = -110.8408202
energy/site = -1.539455836
45.7552% accepted

energy = -88.3312366
energy/site = -1.226822731
45.6716% accepted

energy = -80.45523261
energy/site = -1.117433786
45.76% accepted

energy = -76.56095853
energy/site = -1.063346646
45.7348% accepted

energy = -89.61453991
energy/site = -1.244646388
45.7901% accepted

energy = -91.29011751
energy/site = -1.267918299
45.7616% accepted

energy = -106.6108058
energy/site = -1.480705636
45.5453% accepted

energy = -89.35977532
energy/site = -1.241107991
45.6442% accepted

energy = -98.49516819
energy/site = -1.367988447
45.7514% accepted

energy = -87.70246657
energy/site = -1.218089814
45.6622% accepted

energy = -102.9027444
energy/site = -1.429204784
45.7613% accepted

energy = -109.0810214
energy/site = -1.515014186
45.6511% accepted

energy = -108.6689754
energy/site = -1.509291325
45.7262% accepted

energy = -85.45747792
energy/site = -1.186909416
45.672% accepted

energy = -75.57390721
energy/site = -1.0496376
45.7505% accepted

energy = -90.10358792
energy/site = -1.251438721
45.6972% accepted

energy = -90.41335709
energy/site = -1.255741071
45.6545% accepted

energy = -103.3629685
energy/site = -1.435596785
45.588% accepted

energy = -87.08673084
energy/site = -1.209537928
45.8234% accepted

energy = -101.8665839
energy/site = -1.414813665
45.8157% accepted

energy = -91.29524675
energy/site = -1.267989538
45.6769% accepted

energy = -102.8841065
energy/site = -1.428945924
45.6658% accepted

energy = -80.0776137
energy/site = -1.112189079
45.7242% accepted

energy = -79.57538517
energy/site = -1.105213683
45.673% accepted

energy = -104.5179383
energy/site = -1.451638033
45.6564% accepted

energy = -103.0993661
energy/site = -1.43193564
45.5759% accepted

energy = -89.58998411
energy/site = -1.244305335
45.739% accepted

energy = -106.8097261
energy/site = -1.483468417
45.6373% accepted

energy = -88.55980101
energy/site = -1.229997236
45.5617% accepted

energy = -70.88684181
energy/site = -0.9845394696
45.8829% accepted

energy = -94.95282909
energy/site = -1.318789293
45.7491% accepted

energy = -105.5060668
energy/site = -1.465362038
45.6567% accepted

energy = -81.37972109
energy/site = -1.130273904
45.7165% accepted

energy = -109.2336476
energy/site = -1.517133994
45.8075% accepted

energy = -79.03093031
energy/site = -1.09765181
45.7975% accepted

energy = -89.42528667
energy/site = -1.24201787
45.8323% accepted

energy = -89.20734139
energy/site = -1.238990853
45.759% accepted

energy = -101.6563665
energy/site = -1.411893979
45.717% accepted

energy = -98.67571314
energy/site = -1.370496016
45.7342% accepted

energy = -84.47309704
energy/site = -1.173237459
45.8256% accepted

energy = -106.90631
energy/site = -1.484809861
45.717% accepted

energy = -91.05695867
energy/site = -1.264679982
45.5878% accepted

energy = -113.250674
energy/site = -1.572926027
45.6713% accepted

energy = -97.38977752
energy/site = -1.352635799
45.6479% accepted

energy = -83.92678672
energy/site = -1.165649815
45.6125% accepted

energy = -88.49185665
energy/site = -1.229053565
45.6611% accepted

energy = -97.67953694
energy/site = -1.356660235
45.7349% accepted

energy = -94.31928844
energy/site = -1.309990117
45.6751% accepted

energy = -105.4700632
energy/site = -1.464861989
45.8094% accepted

energy = -88.29844793
energy/site = -1.226367332
45.7161% accepted

energy = -87.09940668
energy/site = -1.209713982
45.6853% accepted

energy = -84.4389732
energy/site = -1.172763517
45.6305% accepted

energy = -100.967132
energy/site = -1.402321277
45.7949% accepted

energy = -97.22831586
energy/site = -1.350393276
45.6507% accepted

energy = -84.64842076
energy/site = -1.175672511
45.7835% accepted

energy = -105.1815951
energy/site = -1.460855487
45.6541% accepted

energy = -79.15852155
energy/site = -1.09942391
45.6623% accepted

energy = -92.68577978
energy/site = -1.287302497
45.718% accepted

energy = -100.4380623
energy/site = -1.394973087
45.7575% accepted

energy = -93.04206748
energy/site = -1.292250937
45.7547% accepted

energy = -128.922902
energy/site = -1.790595861
45.6394% accepted

energy = -99.28470998
energy/site = -1.378954305
45.7517% accepted

energy = -96.11546061
energy/site = -1.334936953
45.85% accepted

energy = -104.2944844
energy/site = -1.448534506
45.6092% accepted

energy = -97.3805482
energy/site = -1.352507614
45.5732% accepted

energy = -95.05904014
energy/site = -1.320264446
45.7271% accepted

energy = -107.829577
energy/site = -1.497633014
45.6974% accepted

energy = -85.59902669
energy/site = -1.188875371
45.7742% accepted

energy = -100.4273888
energy/site = -1.394824844
45.7482% accepted

energy = -105.5029731
energy/site = -1.46531907
45.8171% accepted

energy = -84.61392908
energy/site = -1.175193459
45.6866% accepted

energy = -87.80663471
energy/site = -1.219536593
45.8223% accepted

energy = -91.62289489
energy/site = -1.272540207
45.5478% accepted

energy = -101.2394082
energy/site = -1.406102892
45.5888% accepted

energy = -101.3320511
energy/site = -1.407389599
45.7297% accepted

energy = -98.9584359
energy/site = -1.374422721
45.8641% accepted

energy = -99.81194932
energy/site = -1.386277074
45.8604% accepted

energy = -99.95081171
energy/site = -1.388205718
45.8366% accepted

energy = -93.15959047
energy/site = -1.293883201
45.89% accepted

energy = -84.37220882
energy/site = -1.171836234
45.6239% accepted

energy = -79.28405044
energy/site = -1.101167367
45.8954% accepted

energy = -94.5709854
energy/site = -1.313485908
45.721% accepted

energy = -104.9861725
energy/site = -1.458141285
45.7125% accepted

energy = -98.29769004
energy/site = -1.365245695
45.6584% accepted

energy = -69.60150039
energy/site = -0.9666875054
45.5786% accepted

energy = -94.18375917
energy/site = -1.308107766
45.4951% accepted

energy = -95.41989081
energy/site = -1.325276261
45.7108% accepted

energy = -81.79004894
energy/site = -1.135972902
45.6072% accepted

energy = -92.60507034
energy/site = -1.286181533
45.705% accepted

energy = -80.11563683
energy/site = -1.112717178
45.7025% accepted

energy = -90.52242762
energy/site = -1.257255939
45.605% accepted

energy = -72.26011512
energy/site = -1.00361271
45.6232% accepted

energy = -88.61816227
energy/site = -1.230807809
45.7345% accepted

energy = -86.29079076
energy/site = -1.198483205
45.7288% accepted

energy = -90.29011928
energy/site = -1.254029434
45.8295% accepted

energy = -115.0235737
energy/site = -1.597549634
45.7675% accepted

energy = -86.37136407
energy/site = -1.199602279
45.7175% accepted

energy = -91.6898753
energy/site = -1.27347049
45.7744% accepted

energy = -83.8262
energy/site = -1.164252778
45.7153% accepted

energy = -95.3827038
energy/site = -1.324759775
45.6301% accepted

energy = -111.6780585
energy/site = -1.551084146
45.6991% accepted

energy = -103.1185152
energy/site = -1.432201601
45.7865% accepted

energy = -104.9275668
energy/site = -1.457327317
45.7659% accepted

energy = -93.60370224
energy/site = -1.30005142
45.813% accepted

energy = -73.5157404
energy/site = -1.02105195
45.7144% accepted

energy = -113.3743783
energy/site = -1.574644143
45.6265% accepted

energy = -95.34552656
energy/site = -1.324243424
45.6548% accepted

energy = -97.28247274
energy/site = -1.351145455
45.7724% accepted

energy = -93.50130601
energy/site = -1.29862925
45.7997% accepted

energy = -94.85845403
energy/site = -1.317478528
45.6625% accepted

energy = -90.47638038
energy/site = -1.256616394
45.6958% accepted

energy = -97.37235565
energy/site = -1.352393828
45.7925% accepted

energy = -71.5236787
energy/site = -0.9933844264
45.5939% accepted

energy = -81.92436069
energy/site = -1.137838343
45.7572% accepted

energy = -87.93302124
energy/site = -1.221291962
45.8052% accepted

energy = -84.11039059
energy/site = -1.168199869
45.5598% accepted

energy = -96.17663099
energy/site = -1.335786542
45.6002% accepted

energy = -103.0743766
energy/site = -1.431588565
45.7471% accepted

energy = -90.9094733
energy/site = -1.262631574
45.76% accepted

energy = -95.76552206
energy/site = -1.330076695
45.7165% accepted

energy = -121.8217585
energy/site = -1.691968868
45.6949% accepted

energy = -81.15656827
energy/site = -1.127174559
45.7301% accepted

energy = -90.64797193
energy/site = -1.25899961
45.7064% accepted

energy = -115.7193638
energy/site = -1.607213387
45.7721% accepted

energy = -87.90611543
energy/site = -1.22091827
45.6907% accepted

energy = -88.90547045
energy/site = -1.234798201
45.6507% accepted

energy = -94.6894699
energy/site = -1.315131526
45.7125% accepted

energy = -96.57030991
energy/site = -1.341254304
45.7712% accepted

energy = -99.57509418
energy/site = -1.382987419
45.8574% accepted

energy = -105.6306496
energy/site = -1.467092356
45.7393% accepted

energy = -89.30575049
energy/site = -1.240357646
45.7138% accepted

energy = -91.56713406
energy/site = -1.271765751
45.627% accepted

energy = -105.6503497
energy/site = -1.467365968
45.7516% accepted

energy = -83.28169758
energy/site = -1.156690244
45.7659% accepted

energy = -87.5977833
energy/site = -1.216635879
45.794% accepted

energy = -87.35610443
energy/site = -1.213279228
45.6368% accepted

energy = -98.8166317
energy/site = -1.372453218
45.6855% accepted

energy = -100.0588585
energy/site = -1.389706369
45.6532% accepted

energy = -104.4087464
energy/site = -1.450121477
45.6039% accepted

energy = -80.30119141
energy/site = -1.115294325
45.7212% accepted

energy = -76.38041338
energy/site = -1.060839075
45.8037% accepted

energy = -101.5620929
energy/site = -1.410584624
45.735% accepted

energy = -96.18581839
energy/site = -1.335914144
45.8003% accepted

energy = -115.2732512
energy/site = -1.601017378
45.7458% accepted

energy = -95.7051052
energy/site = -1.329237572
45.7191% accepted

energy = -109.979061
energy/site = -1.527486958
45.6372% accepted

energy = -92.40479327
energy/site = -1.283399907
45.6758% accepted

energy = -108.056254
energy/site = -1.500781305
45.7886% accepted

energy = -80.04627185
energy/site = -1.111753776
45.6738% accepted

energy = -87.28874043
energy/site = -1.212343617
45.5608% accepted

energy = -101.7457802
energy/site = -1.413135836
45.6522% accepted

energy = -105.4052679
energy/site = -1.463962055
45.7634% accepted

energy = -80.32747131
energy/site = -1.115659324
45.6423% accepted

energy = -81.70027718
energy/site = -1.134726072
45.6605% accepted

energy = -94.09729586
energy/site = -1.306906887
45.6266% accepted

energy = -99.10217797
energy/site = -1.376419138
45.7512% accepted

energy = -98.06458966
energy/site = -1.36200819
45.6663% accepted

energy = -99.93662841
energy/site = -1.388008728
45.8187% accepted

energy = -116.1824958
energy/site = -1.613645775
45.7156% accepted

energy = -106.0928207
energy/site = -1.473511399
45.6944% accepted

energy = -102.5367238
energy/site = -1.424121163
45.7554% accepted

energy = -84.09398673
energy/site = -1.167972038
45.8255% accepted

energy = -97.95331887
energy/site = -1.360462762
45.6475% accepted

energy = -113.8471543
energy/site = -1.581210477
45.7504% accepted

energy = -79.61907236
energy/site = -1.105820449
45.7121% accepted

energy = -114.7729252
energy/site = -1.594068406
45.6879% accepted

energy = -100.061296
energy/site = -1.389740222
45.73% accepted

energy = -91.94711211
energy/site = -1.277043224
45.6108% accepted

energy = -90.20329031
energy/site = -1.252823477
45.8995% accepted

energy = -69.11918753
energy/site = -0.9599887156
45.74% accepted

energy = -114.9503568
energy/site = -1.596532733
45.6314% accepted

energy = -97.84913724
energy/site = -1.359015795
45.6518% accepted

energy = -89.05124716
energy/site = -1.236822877
45.7737% accepted

energy = -76.9056963
energy/site = -1.068134671
45.6645% accepted

energy = -103.6149051
energy/site = -1.439095904
45.7232% accepted

energy = -72.33488242
energy/site = -1.004651145
45.698% accepted

energy = -112.1119658
energy/site = -1.557110636
45.9282% accepted

energy = -85.54343137
energy/site = -1.188103213
45.6318% accepted

energy = -102.3730709
energy/site = -1.421848207
45.8008% accepted

energy = -74.35615631
energy/site = -1.032724393
45.7307% accepted

energy = -86.77804464
energy/site = -1.20525062
45.6502% accepted

energy = -81.39868795
energy/site = -1.130537333
45.7597% accepted

energy = -96.63110522
energy/site = -1.342098684
45.6928% accepted

energy = -92.4109943
energy/site = -1.283486032
45.7612% accepted

energy = -108.6126032
energy/site = -1.508508378
45.7901% accepted

energy = -92.9545811
energy/site = -1.291035849
45.5825% accepted

energy = -86.39681931
energy/site = -1.199955824
45.6309% accepted

energy = -86.36677659
energy/site = -1.199538564
45.7367% accepted

energy = -100.6884067
energy/site = -1.398450094
45.7604% accepted

energy = -89.05837254
energy/site = -1.236921841
45.7431% accepted

energy = -87.60018065
energy/site = -1.216669176
45.7091% accepted

energy = -90.44652903
energy/site = -1.256201792
45.7207% accepted

energy = -93.42919902
energy/site = -1.297627764
45.6741% accepted

energy = -92.42868065
energy/site = -1.283731676
45.7157% accepted

energy = -77.12252686
energy/site = -1.071146206
45.6824% accepted

energy = -103.1528375
energy/site = -1.432678298
45.7321% accepted

energy = -79.52260064
energy/site = -1.104480564
45.6747% accepted

energy = -120.5820014
energy/site = -1.67475002
45.8487% accepted

energy = -93.6179399
energy/site = -1.300249165
45.8401% accepted

energy = -86.08787923
energy/site = -1.195664989
45.7771% accepted

energy = -77.20408241
energy/site = -1.072278922
45.839% accepted

energy = -91.63533903
energy/site = -1.272713042
45.8042% accepted

energy = -82.44132879
energy/site = -1.145018455
45.6892% accepted

energy = -82.09027538
energy/site = -1.140142714
45.807% accepted

energy = -94.98570386
energy/site = -1.319245887
45.742% accepted

energy = -74.20759874
energy/site = -1.030661094
45.6296% accepted

energy = -93.92835304
energy/site = -1.304560459
45.6779% accepted

energy = -91.94424149
energy/site = -1.277003354
45.6548% accepted

energy = -87.52581749
energy/site = -1.215636354
45.5229% accepted

energy = -115.3926382
energy/site = -1.60267553
45.6503% accepted

energy = -90.81296592
energy/site = -1.261291193
45.6694% accepted

energy = -107.8012583
energy/site = -1.497239699
45.8748% accepted

energy = -75.36155107
energy/site = -1.046688209
45.7233% accepted

energy = -106.5590902
energy/site = -1.479987364
45.7524% accepted

energy = -84.27719274
energy/site = -1.170516566
45.5461% accepted

energy = -91.41146005
energy/site = -1.269603612
45.5949% accepted

energy = -86.99725546
energy/site = -1.208295215
45.624% accepted

energy = -102.3329686
energy/site = -1.421291231
45.7706% accepted

energy = -90.8643071
energy/site = -1.262004265
45.925% accepted

energy = -85.61544308
energy/site = -1.189103376
45.7286% accepted

energy = -93.84775387
energy/site = -1.303441026
45.8812% accepted

energy = -91.00551086
energy/site = -1.263965429
45.7335% accepted

energy = -89.6357725
energy/site = -1.244941285
45.5899% accepted

energy = -103.5845659
energy/site = -1.438674527
45.7635% accepted

energy = -82.08922908
energy/site = -1.140128182
45.7021% accepted

energy = -95.43342248
energy/site = -1.325464201
45.6891% accepted

energy = -83.95947435
energy/site = -1.16610381
45.8327% accepted

energy = -100.8439394
energy/site = -1.40061027
45.4496% accepted

energy = -101.9566864
energy/site = -1.416065088
45.8377% accepted

energy = -110.41888
energy/site = -1.533595556
45.8006% accepted

energy = -109.114667
energy/site = -1.515481486
45.833% accepted

energy = -101.333864
energy/site = -1.407414778
45.6142% accepted

energy = -117.1468869
energy/site = -1.627040095
45.8249% accepted

energy = -85.37170974
energy/site = -1.185718191
45.7888% accepted

energy = -101.0146379
energy/site = -1.402981082
45.5116% accepted

energy = -77.89286777
energy/site = -1.081845386
45.764% accepted

energy = -75.1202582
energy/site = -1.043336919
45.7849% accepted

energy = -87.53983521
energy/site = -1.215831045
45.6236% accepted

energy = -103.0820226
energy/site = -1.431694759
45.7425% accepted

energy = -89.6049969
energy/site = -1.244513846
45.7174% accepted

energy = -98.136127
energy/site = -1.363001764
45.7234% accepted

energy = -56.43522417
energy/site = -0.783822558
45.6818% accepted

energy = -89.26696806
energy/site = -1.239819001
45.7811% accepted

energy = -86.90165299
energy/site = -1.206967403
45.8957% accepted

energy = -82.7707732
energy/site = -1.149594072
45.5987% accepted

energy = -97.5164366
energy/site = -1.354394953
45.6354% accepted

energy = -105.9104732
energy/site = -1.470978794
45.8641% accepted

energy = -97.53301152
energy/site = -1.35462516
45.8209% accepted

energy = -80.34086344
energy/site = -1.115845326
45.6784% accepted

energy = -97.10258977
energy/site = -1.34864708
45.5591% accepted

energy = -114.5221686
energy/site = -1.590585675
45.5574% accepted

energy = -89.46247533
energy/site = -1.24253438
45.869% accepted

energy = -88.91793508
energy/site = -1.234971321
45.83% accepted

energy = -118.6859781
energy/site = -1.648416363
45.6523% accepted

energy = -90.61723095
energy/site = -1.258572652
45.7159% accepted

energy = -105.801811
energy/site = -1.469469598
45.7702% accepted

energy = -104.5341752
energy/site = -1.451863544
45.8394% accepted

energy = -107.4906692
energy/site = -1.492925961
45.7169% accepted

energy = -124.6559762
energy/site = -1.731333002
45.6883% accepted

energy = -86.7643174
energy/site = -1.205059964
45.7041% accepted

energy = -115.7078439
energy/site = -1.607053388
45.7878% accepted

energy = -112.7031841
energy/site = -1.565322002
45.6058% accepted

energy = -91.90248296
energy/site = -1.276423374
45.6517% accepted

energy = -96.38176449
energy/site = -1.338635618
45.5914% accepted

energy = -86.67935847
energy/site = -1.203879979
45.7464% accepted

energy = -89.60508553
energy/site = -1.244515077
45.6966% accepted

energy = -103.8850834
energy/site = -1.44284838
45.7575% accepted

energy = -98.58759043
energy/site = -1.369272089
45.7299% accepted

energy = -94.09154569
energy/site = -1.306827023
45.8441% accepted

energy = -93.21175431
energy/site = -1.294607699
45.7309% accepted

energy = -78.8214893
energy/site = -1.094742907
45.691% accepted

energy = -86.93281882
energy/site = -1.207400261
45.8324% accepted

energy = -79.28021488
energy/site = -1.101114096
45.827% accepted

energy = -111.8628212
energy/site = -1.553650295
45.7749% accepted

energy = -93.72269421
energy/site = -1.301704086
45.6922% accepted

energy = -99.52030968
energy/site = -1.382226523
45.8255% accepted

energy = -89.79379082
energy/site = -1.247135984
45.6158% accepted

energy = -122.5414358
energy/site = -1.701964387
45.5855% accepted

energy = -127.3229307
energy/site = -1.768374038
45.7553% accepted

energy = -101.34189
energy/site = -1.40752625
45.7004% accepted

energy = -74.61078356
energy/site = -1.036260883
45.6491% accepted

energy = -90.16062304
energy/site = -1.252230876
45.7889% accepted

energy = -86.65226177
energy/site = -1.203503636
45.6262% accepted

energy = -82.14464967
energy/site = -1.140897912
45.6% accepted

energy = -107.2296996
energy/site = -1.489301384
45.8082% accepted

energy = -104.9333489
energy/site = -1.457407623
45.6362% accepted

energy = -112.2202814
energy/site = -1.55861502
45.7957% accepted

energy = -83.71197102
energy/site = -1.162666264
45.8086% accepted

energy = -112.500471
energy/site = -1.562506542
45.8821% accepted

energy = -95.17755998
energy/site = -1.321910555
45.6922% accepted

energy = -91.873659
energy/site = -1.276023042
45.7269% accepted

energy = -94.01534143
energy/site = -1.305768631
45.6444% accepted

energy = -94.68936573
energy/site = -1.31513008
45.8014% accepted

energy = -112.2471444
energy/site = -1.558988117
45.6239% accepted

energy = -88.18290102
energy/site = -1.224762514
45.7098% accepted

energy = -139.8217988
energy/site = -1.941969428
45.8159% accepted

energy = -78.1568908
energy/site = -1.085512372
45.7984% accepted

energy = -116.0307874
energy/site = -1.611538714
45.845% accepted

energy = -85.36951091
energy/site = -1.185687652
45.873% accepted

energy = -84.19758994
energy/site = -1.169410971
45.6834% accepted

energy = -100.6695666
energy/site = -1.398188425
45.8142% accepted

energy = -98.56529579
energy/site = -1.368962442
45.6706% accepted

energy = -115.5566809
energy/site = -1.604953901
45.7457% accepted

energy = -88.25708731
energy/site = -1.225792879
45.5814% accepted

energy = -96.45337677
energy/site = -1.339630233
45.7733% accepted

energy = -104.4407628
energy/site = -1.450566151
45.7029% accepted

energy = -107.8178435
energy/site = -1.497470049
45.5974% accepted

energy = -84.54781289
energy/site = -1.174275179
45.7435% accepted

energy = -103.4758319
energy/site = -1.437164332
45.6556% accepted

energy = -93.51698011
energy/site = -1.298846946
45.4822% accepted

energy = -94.27398442
energy/site = -1.309360895
45.7746% accepted

energy = -104.3102174
energy/site = -1.44875302
45.9246% accepted

energy = -88.52118736
energy/site = -1.229460936
45.7672% accepted

energy = -94.04105996
energy/site = -1.306125833
45.8492% accepted

energy = -77.43538668
energy/site = -1.075491482
45.731% accepted

energy = -122.2172821
energy/site = -1.697462251
45.6474% accepted

energy = -91.68653539
energy/site = -1.273424103
45.652% accepted

energy = -126.7479138
energy/site = -1.760387692
45.7322% accepted

energy = -94.69318907
energy/site = -1.315183181
45.6347% accepted

energy = -97.30503823
energy/site = -1.351458864
45.6236% accepted

energy = -95.57588072
energy/site = -1.327442788
45.474% accepted

energy = -97.25071509
energy/site = -1.350704376
45.6872% accepted

energy = -78.5519636
energy/site = -1.090999494
45.6556% accepted

energy = -82.38130988
energy/site = -1.144184859
45.7418% accepted

energy = -91.18720156
energy/site = -1.266488911
45.7995% accepted

energy = -124.3546102
energy/site = -1.727147363
45.7536% accepted

energy = -86.42807198
energy/site = -1.200389889
45.6323% accepted

energy = -99.15796495
energy/site = -1.377193958
45.7333% accepted

energy = -119.5698628
energy/site = -1.660692538
45.7574% accepted

energy = -94.0010936
energy/site = -1.305570744
45.8031% accepted

energy = -88.22093134
energy/site = -1.225290713
45.7045% accepted

energy = -111.5051125
energy/site = -1.548682118
45.9134% accepted

energy = -85.63941494
energy/site = -1.189436319
45.7834% accepted

energy = -90.0564004
energy/site = -1.250783339
45.6483% accepted

energy = -107.6772744
energy/site = -1.4955177
45.6348% accepted

energy = -94.79696062
energy/site = -1.316624453
45.8085% accepted

energy = -96.01998688
energy/site = -1.333610929
45.8507% accepted

energy = -80.14041438
energy/site = -1.113061311
45.7318% accepted

energy = -82.00200774
energy/site = -1.138916774
45.7225% accepted

energy = -99.98288014
energy/site = -1.388651113
45.7672% accepted

energy = -94.54152311
energy/site = -1.31307671
45.7444% accepted

energy = -102.6836842
energy/site = -1.426162281
45.8352% accepted

energy = -83.83175209
energy/site = -1.16432989
45.6681% accepted

energy = -92.98942071
energy/site = -1.291519732
45.6721% accepted

energy = -91.57180995
energy/site = -1.271830694
45.7567% accepted

energy = -91.97649728
energy/site = -1.277451351
45.549% accepted

energy = -88.28429302
energy/site = -1.226170736
45.6784% accepted

energy = -97.25065335
energy/site = -1.350703519
45.5061% accepted

energy = -109.4672752
energy/site = -1.520378822
45.6799% accepted

energy = -89.67002616
energy/site = -1.24541703
45.6795% accepted

energy = -86.69589057
energy/site = -1.204109591
45.6448% accepted

energy = -102.6288331
energy/site = -1.42540046
45.714% accepted

energy = -84.53932242
energy/site = -1.174157256
45.7258% accepted

energy = -87.34034716
energy/site = -1.213060377
45.5616% accepted

energy = -98.16773845
energy/site = -1.363440812
45.6256% accepted

energy = -100.4114678
energy/site = -1.394603719
45.7376% accepted

energy = -80.30523396
energy/site = -1.115350472
45.7338% accepted

energy = -71.24759254
energy/site = -0.9895498964
45.8725% accepted

energy = -94.29131892
energy/site = -1.309601652
45.7989% accepted

energy = -72.69786741
energy/site = -1.009692603
45.8158% accepted

energy = -89.95750589
energy/site = -1.249409804
45.7023% accepted

energy = -85.65697544
energy/site = -1.189680214
45.7317% accepted

energy = -100.609906
energy/site = -1.397359805
45.7154% accepted

energy = -103.2060971
energy/site = -1.433418015
45.5574% accepted

energy = -113.5857477
energy/site = -1.577579829
45.8442% accepted

energy = -110.6185746
energy/site = -1.536369092
45.853% accepted

energy = -112.7810758
energy/site = -1.56640383
45.6332% accepted

energy = -99.83306181
energy/site = -1.386570303
45.687% accepted

energy = -92.77472729
energy/site = -1.288537879
45.6577% accepted

energy = -74.35821006
energy/site = -1.032752917
45.5347% accepted

energy = -119.2738427
energy/site = -1.656581148
45.6591% accepted

energy = -105.9609658
energy/site = -1.471680081
45.6913% accepted

energy = -98.23416176
energy/site = -1.364363358
45.5811% accepted

energy = -99.03150455
energy/site = -1.375437563
45.6534% accepted

energy = -94.66697487
energy/site = -1.314819095
45.6821% accepted

energy = -98.68805538
energy/site = -1.370667436
45.6206% accepted

energy = -88.32381022
energy/site = -1.226719586
45.686% accepted

energy = -92.84460851
energy/site = -1.289508452
45.8352% accepted

energy = -80.15219084
energy/site = -1.113224873
45.6834% accepted

energy = -83.42961414
energy/site = -1.158744641
45.7414% accepted

energy = -93.51430955
energy/site = -1.298809855
45.7214% accepted

energy = -98.83863162
energy/site = -1.372758773
45.7715% accepted

energy = -89.0743469
energy/site = -1.237143707
45.7309% accepted

energy = -90.3102386
energy/site = -1.254308869
45.8389% accepted

energy = -94.46697212
energy/site = -1.312041279
45.6636% accepted

energy = -94.10088707
energy/site = -1.306956765
45.7753% accepted

energy = -111.0497251
energy/site = -1.542357293
45.7331% accepted

energy = -88.79881539
energy/site = -1.23331688
45.6507% accepted

energy = -89.13730553
energy/site = -1.238018132
45.7474% accepted

energy = -81.39886992
energy/site = -1.13053986
45.9252% accepted

energy = -78.43908154
energy/site = -1.089431688
45.8971% accepted

energy = -91.31080614
energy/site = -1.268205641
45.6437% accepted

energy = -110.7726466
energy/site = -1.538508981
45.7587% accepted

energy = -94.39265894
energy/site = -1.311009152
45.5998% accepted

energy = -87.78986685
energy/site = -1.219303706
45.608% accepted

energy = -77.92482537
energy/site = -1.082289241
45.5888% accepted

energy = -105.4337475
energy/site = -1.464357604
45.7723% accepted

energy = -90.32616153
energy/site = -1.254530021
45.7203% accepted

energy = -92.82605202
energy/site = -1.289250723
45.8739% accepted

energy = -82.76131444
energy/site = -1.149462701
45.8065% accepted

energy = -99.56550368
energy/site = -1.382854218
45.7037% accepted

energy = -67.21794635
energy/site = -0.9335825882
45.5669% accepted

energy = -95.25106219
energy/site = -1.322931419
45.8024% accepted

energy = -92.53409741
energy/site = -1.285195797
45.6221% accepted

energy = -93.7252074
energy/site = -1.301738992
45.7475% accepted

energy = -98.32816194
energy/site = -1.365668916
45.721% accepted

energy = -92.93643599
energy/site = -1.290783833
45.6279% accepted

energy = -76.01467625
energy/site = -1.055759392
45.6656% accepted

energy = -100.8842557
energy/site = -1.401170218
45.6511% accepted

energy = -75.52360158
energy/site = -1.048938911
45.8177% accepted

energy = -85.02056985
energy/site = -1.180841248
45.6783% accepted

energy = -88.30848365
energy/site = -1.226506717
45.7295% accepted

energy = -92.14658903
energy/site = -1.279813737
45.6314% accepted

energy = -78.5231863
energy/site = -1.09059981
45.5268% accepted

energy = -75.39172716
energy/site = -1.047107322
45.6634% accepted

energy = -122.0077152
energy/site = -1.694551601
45.6455% accepted

energy = -84.43397933
energy/site = -1.172694157
45.6781% accepted

energy = -98.67773297
energy/site = -1.370524069
45.6666% accepted

energy = -69.16648717
energy/site = -0.9606456552
45.7445% accepted

energy = -93.30482103
energy/site = -1.295900292
45.5579% accepted

energy = -75.60251266
energy/site = -1.050034898
45.571% accepted

energy = -83.76770357
energy/site = -1.163440327
45.7415% accepted

energy = -90.45100764
energy/site = -1.256263995
45.7789% accepted

energy = -97.53622164
energy/site = -1.354669745
45.6383% accepted

energy = -87.09522595
energy/site = -1.209655916
45.8808% accepted

energy = -113.5649816
energy/site = -1.577291411
45.5549% accepted

energy = -76.07685642
energy/site = -1.056623006
45.7626% accepted

energy = -89.49865055
energy/site = -1.243036813
45.8902% accepted

energy = -105.019809
energy/site = -1.458608458
45.6834% accepted

energy = -98.90003642
energy/site = -1.373611617
45.6549% accepted

energy = -103.0074903
energy/site = -1.430659588
45.7504% accepted

energy = -100.0396548
energy/site = -1.389439651
45.798% accepted

energy = -82.91862285
energy/site = -1.15164754
45.6799% accepted

energy = -122.6528114
energy/site = -1.703511269
45.91% accepted

energy = -105.9056225
energy/site = -1.470911423
45.6349% accepted

energy = -88.77025904
energy/site = -1.232920264
45.8279% accepted

energy = -92.14314907
energy/site = -1.279765959
45.7255% accepted

energy = -127.6546921
energy/site = -1.772981835
45.6989% accepted

energy = -92.96719859
energy/site = -1.291211092
45.7862% accepted

energy = -98.63066524
energy/site = -1.369870351
45.801% accepted

energy = -108.3819389
energy/site = -1.505304707
45.8032% accepted

energy = -82.35600447
energy/site = -1.143833395
45.6184% accepted

energy = -117.6586283
energy/site = -1.634147616
45.8589% accepted

energy = -99.33779669
energy/site = -1.379691621
45.7487% accepted

energy = -85.15505924
energy/site = -1.182709156
45.5368% accepted

energy = -90.60105353
energy/site = -1.258347966
45.7094% accepted

energy = -84.27940891
energy/site = -1.170547346
45.7859% accepted

energy = -93.08634948
energy/site = -1.292865965
45.6966% accepted

energy = -102.4063538
energy/site = -1.42231047
45.8351% accepted

energy = -116.7824086
energy/site = -1.621977897
45.6959% accepted

energy = -108.7998342
energy/site = -1.511108808
45.7851% accepted

energy = -74.94742166
energy/site = -1.040936412
45.8355% accepted

energy = -93.39996135
energy/site = -1.297221685
45.653% accepted

energy = -84.80931184
energy/site = -1.177907109
45.8832% accepted

energy = -81.16546004
energy/site = -1.127298056
45.7438% accepted

energy = -84.57764888
energy/site = -1.174689568
45.6544% accepted

energy = -102.6678603
energy/site = -1.425942504
45.8484% accepted

energy = -76.74687539
energy/site = -1.065928825
45.5455% accepted

energy = -96.26045199
energy/site = -1.336950722
45.7078% accepted

energy = -103.8047973
energy/site = -1.441733296
45.7379% accepted

energy = -83.13976845
energy/site = -1.154719006
45.8192% accepted

energy = -73.56356669
energy/site = -1.021716204
45.7232% accepted

energy = -98.26670568
energy/site = -1.364815357
45.675% accepted

energy = -96.42279533
energy/site = -1.339205491
45.6121% accepted

energy = -77.11841613
energy/site = -1.071089113
45.7284% accepted

energy = -77.33343816
energy/site = -1.07407553
45.6822% accepted

energy = -86.0083058
energy/site = -1.194559803
45.7627% accepted

energy = -95.77971992
energy/site = -1.330273888
45.9674% accepted

energy = -107.4780053
energy/site = -1.492750074
45.7864% accepted

energy = -103.6056341
energy/site = -1.43896714
45.8201% accepted

energy = -77.59798575
energy/site = -1.077749802
45.8738% accepted

energy = -107.9941639
energy/site = -1.499918943
45.7932% accepted

energy = -95.31255694
energy/site = -1.323785513
45.6961% accepted

energy = -85.1622138
energy/site = -1.182808525
45.7645% accepted

energy = -112.5159784
energy/site = -1.562721922
45.8321% accepted

energy = -103.4300245
energy/site = -1.436528118
45.6305% accepted

energy = -78.67267211
energy/site = -1.092676002
45.7426% accepted

energy = -105.8495363
energy/site = -1.470132449
45.6833% accepted

energy = -90.43393086
energy/site = -1.256026818
45.6438% accepted

energy = -80.58886368
energy/site = -1.119289773
45.668% accepted

energy = -88.60939316
energy/site = -1.230686016
45.6713% accepted

energy = -100.7757184
energy/site = -1.399662756
45.6529% accepted

energy = -96.54492679
energy/site = -1.340901761
45.6065% accepted

energy = -88.73308863
energy/site = -1.232404009
45.6017% accepted

energy = -107.5170717
energy/site = -1.493292662
45.6683% accepted

energy = -107.9635563
energy/site = -1.499493838
45.7771% accepted

energy = -83.78264561
energy/site = -1.163647856
45.671% accepted

energy = -107.668564
energy/site = -1.495396722
45.7058% accepted

energy = -91.75937041
energy/site = -1.2744357
45.6922% accepted

energy = -83.51406695
energy/site = -1.159917596
45.7215% accepted

energy = -86.17230076
energy/site = -1.196837511
45.7469% accepted

energy = -109.9828449
energy/site = -1.527539513
45.7178% accepted

energy = -88.41051067
energy/site = -1.227923759
45.6886% accepted

energy = -76.45043551
energy/site = -1.061811604
45.7508% accepted

energy = -108.2832985
energy/site = -1.503934701
45.7243% accepted

energy = -91.55211708
energy/site = -1.271557182
45.7904% accepted

energy = -84.75475756
energy/site = -1.177149411
45.7607% accepted

energy = -85.51226875
energy/site = -1.187670399
45.6611% accepted

energy = -67.92317937
energy/site = -0.9433774912
45.5455% accepted

energy = -96.18043179
energy/site = -1.33583933
45.7471% accepted

energy = -83.03802906
energy/site = -1.153305959
45.7364% accepted

energy = -112.7766086
energy/site = -1.566341786
45.7773% accepted

energy = -111.4083417
energy/site = -1.54733808
45.6837% accepted

energy = -93.35656965
energy/site = -1.296619023
45.8144% accepted

energy = -79.03314274
energy/site = -1.097682538
45.6657% accepted

energy = -78.81656925
energy/site = -1.094674573
45.6456% accepted

energy = -97.30754302
energy/site = -1.351493653
45.5369% accepted

energy = -110.1186526
energy/site = -1.529425731
45.8474% accepted

energy = -103.1919747
energy/site = -1.43322187
45.6526% accepted

energy = -107.9284023
energy/site = -1.499005588
45.7473% accepted

energy = -84.54404456
energy/site = -1.174222841
45.6619% accepted

energy = -91.32897756
energy/site = -1.268458022
45.6705% accepted

energy = -109.3364245
energy/site = -1.518561452
45.7265% accepted

energy = -107.7586018
energy/site = -1.496647247
45.8555% accepted

energy = -75.8373431
energy/site = -1.053296432
45.8713% accepted

energy = -98.56944671
energy/site = -1.369020093
45.8153% accepted

energy = -87.21771231
energy/site = -1.211357115
45.7993% accepted

energy = -126.4817412
energy/site = -1.75669085
45.602% accepted

energy = -81.24762197
energy/site = -1.128439194
45.6293% accepted

energy = -83.22889823
energy/site = -1.15595692
45.5729% accepted

energy = -87.18169757
energy/site = -1.210856911
45.7737% accepted

energy = -87.1080169
energy/site = -1.209833568
45.6993% accepted

energy = -79.70994739
energy/site = -1.107082603
45.7492% accepted

energy = -92.60927078
energy/site = -1.286239872
45.7136% accepted

energy = -90.21663546
energy/site = -1.253008826
45.6183% accepted

energy = -92.18818581
energy/site = -1.28039147
45.7683% accepted

energy = -109.6788514
energy/site = -1.523317381
45.9204% accepted

energy = -98.49881687
energy/site = -1.368039123
45.7308% accepted

energy = -82.78242449
energy/site = -1.149755896
45.6379% accepted

energy = -99.55259857
energy/site = -1.38267498
45.655% accepted

energy = -86.50100595
energy/site = -1.20140286
45.7713% accepted

energy = -84.49759439
energy/site = -1.1735777
45.819% accepted

energy = -107.5220671
energy/site = -1.493362043
45.6897% accepted

energy = -93.03575225
energy/site = -1.292163226
45.6011% accepted

energy = -71.66511069
energy/site = -0.9953487595
45.756% accepted

energy = -102.7632626
energy/site = -1.427267536
45.7775% accepted

energy = -90.69294815
energy/site = -1.25962428
45.8073% accepted

energy = -100.7013286
energy/site = -1.398629563
45.8891% accepted

energy = -97.85819213
energy/site = -1.359141557
45.802% accepted

energy = -94.31854247
energy/site = -1.309979756
45.674% accepted

energy = -99.70905317
energy/site = -1.384847961
45.5575% accepted

energy = -98.42819089
energy/site = -1.367058207
45.6783% accepted

energy = -111.523005
energy/site = -1.548930625
45.7768% accepted

energy = -95.5324842
energy/site = -1.326840058
45.8087% accepted

energy = -88.71193401
energy/site = -1.232110195
45.7131% accepted

energy = -96.26944575
energy/site = -1.337075635
45.6713% accepted

energy = -102.3687763
energy/site = -1.42178856
45.7223% accepted

energy = -108.9705941
energy/site = -1.513480474
45.7003% accepted

energy = -81.21367366
energy/site = -1.12796769
45.718% accepted

energy = -108.8070752
energy/site = -1.511209377
45.6796% accepted

energy = -68.80538118
energy/site = -0.9556302942
45.716% accepted

energy = -85.20004114
energy/site = -1.183333905
45.8462% accepted

energy = -120.5043432
energy/site = -1.673671433
45.834% accepted

energy = -97.92030214
energy/site = -1.360004196
45.6991% accepted

energy = -91.48670442
energy/site = -1.270648672
45.6876% accepted

energy = -90.61529487
energy/site = -1.258545762
45.7937% accepted

energy = -79.44265002
energy/site = -1.103370139
45.7485% accepted

energy = -85.33302463
energy/site = -1.185180898
45.721% accepted

energy = -88.77600305
energy/site = -1.233000042
45.9184% accepted

energy = -77.32733634
energy/site = -1.073990783
45.7961% accepted

energy = -87.93083644
energy/site = -1.221261617
45.7416% accepted

energy = -94.57433433
energy/site = -1.313532421
45.6753% accepted

energy = -89.47059463
energy/site = -1.242647148
45.6116% accepted

energy = -92.20605143
energy/site = -1.280639603
45.7113% accepted

energy = -99.51139484
energy/site = -1.382102706
45.8128% accepted

energy = -125.8627344
energy/site = -1.748093533
45.8211% accepted

energy = -76.39270107
energy/site = -1.061009737
45.6877% accepted

energy = -91.91895215
energy/site = -1.276652113
45.6902% accepted

energy = -93.11072566
energy/site = -1.293204523
45.8232% accepted

energy = -86.91824199
energy/site = -1.207197805
45.736% accepted

energy = -115.3744593
energy/site = -1.602423046
45.7309% accepted

energy = -84.8263208
energy/site = -1.178143344
45.6086% accepted

energy = -117.5944244
energy/site = -1.633255894
45.7464% accepted

energy = -84.56172479
energy/site = -1.1744684
45.6283% accepted

energy = -115.7151893
energy/site = -1.607155406
45.6183% accepted

energy = -93.82834969
energy/site = -1.303171523
45.6543% accepted

energy = -84.47876241
energy/site = -1.173316145
45.741% accepted

energy = -84.10663518
energy/site = -1.168147711
45.7215% accepted

energy = -106.4666717
energy/site = -1.478703774
45.6503% accepted

energy = -90.65265883
energy/site = -1.259064706
45.5961% accepted

energy = -114.1228742
energy/site = -1.585039919
45.713% accepted

energy = -83.58212574
energy/site = -1.160862857
45.7216% accepted

energy = -76.50988676
energy/site = -1.062637316
45.8421% accepted

energy = -103.0968151
energy/site = -1.431900209
45.8159% accepted

energy = -103.3137667
energy/site = -1.434913427
45.598% accepted

energy = -87.08327108
energy/site = -1.209489876
45.7853% accepted

energy = -87.66548082
energy/site = -1.217576123
45.7661% accepted

energy = -94.18928517
energy/site = -1.308184516
45.7171% accepted

energy = -159.8244551
energy/site = -2.219784099
45.7749% accepted

energy = -74.69766454
energy/site = -1.037467563
45.6396% accepted

energy = -139.5793083
energy/site = -1.938601504
45.7115% accepted

energy = -93.19678994
energy/site = -1.29439986
45.6594% accepted

energy = -81.38576312
energy/site = -1.130357821
45.6339% accepted

energy = -92.39375441
energy/site = -1.283246589
45.7835% accepted

energy = -79.05162588
energy/site = -1.097939248
45.7694% accepted

energy = -69.04090552
energy/site = -0.9589014655
45.8015% accepted

energy = -123.9998274
energy/site = -1.722219825
45.7638% accepted

energy = -112.5362719
energy/site = -1.563003777
45.779% accepted

energy = -95.13876989
energy/site = -1.321371804
45.8765% accepted

energy = -91.59448772
energy/site = -1.272145663
45.7933% accepted

energy = -108.310089
energy/site = -1.504306792
45.697% accepted

energy = -90.95719326
energy/site = -1.263294351
45.4726% accepted

energy = -84.9623576
energy/site = -1.180032744
45.7196% accepted

energy = -75.28965915
energy/site = -1.04568971
45.5902% accepted

energy = -83.3386398
energy/site = -1.157481108
45.8733% accepted

energy = -99.98984584
energy/site = -1.388747859
45.7107% accepted

energy = -88.42623325
energy/site = -1.228142128
45.7759% accepted

energy = -99.47692551
energy/site = -1.381623965
45.5851% accepted

energy = -106.7426546
energy/site = -1.482536869
45.915% accepted

energy = -77.49644791
energy/site = -1.076339554
45.7462% accepted

energy = -94.27016761
energy/site = -1.309307883
45.6819% accepted

energy = -100.5572449
energy/site = -1.396628401
45.8447% accepted

energy = -92.86703906
energy/site = -1.289819987
45.6995% accepted

energy = -109.440889
energy/site = -1.520012348
45.7478% accepted

energy = -99.15826257
energy/site = -1.377198091
45.6845% accepted

energy = -108.9383376
energy/site = -1.513032467
45.5992% accepted

energy = -107.2327221
energy/site = -1.489343363
45.7824% accepted

energy = -92.37019972
energy/site = -1.282919441
45.9591% accepted

energy = -86.28137022
energy/site = -1.198352364
45.7197% accepted

energy = -97.67086569
energy/site = -1.356539801
45.7131% accepted

energy = -83.36773103
energy/site = -1.157885153
45.717% accepted

energy = -83.04348289
energy/site = -1.153381707
45.7211% accepted

energy = -95.71476497
energy/site = -1.329371736
45.732% accepted

energy = -98.56908939
energy/site = -1.36901513
45.6475% accepted

energy = -101.3153224
energy/site = -1.407157256
45.6234% accepted

energy = -124.7696579
energy/site = -1.732911915
45.6867% accepted

energy = -101.2589537
energy/site = -1.406374357
45.7307% accepted

energy = -86.85069213
energy/site = -1.206259613
45.6389% accepted

energy = -89.03752498
energy/site = -1.236632291
45.6623% accepted

energy = -130.2929222
energy/site = -1.80962392
45.5746% accepted

energy = -91.2611282
energy/site = -1.267515669
45.591% accepted

energy = -93.24207088
energy/site = -1.295028762
45.6963% accepted

energy = -90.59129413
energy/site = -1.258212418
45.7818% accepted

energy = -106.4958267
energy/site = -1.479108704
45.7952% accepted

energy = -87.33676266
energy/site = -1.213010592
45.6167% accepted

energy = -100.7388036
energy/site = -1.39915005
45.7486% accepted

energy = -106.103285
energy/site = -1.473656737
45.7992% accepted

energy = -107.5180592
energy/site = -1.493306378
45.7398% accepted

energy = -102.5557892
energy/site = -1.424385961
45.8073% accepted

energy = -106.162247
energy/site = -1.474475652
45.8527% accepted

energy = -90.25209572
energy/site = -1.253501329
45.6906% accepted

energy = -73.99893042
energy/site = -1.027762923
45.7594% accepted

energy = -104.3005159
energy/site = -1.448618277
45.807% accepted

energy = -82.0396269
energy/site = -1.139439262
45.7238% accepted

energy = -101.7269385
energy/site = -1.412874147
45.6666% accepted

energy = -105.250687
energy/site = -1.461815097
45.7222% accepted

energy = -89.45682078
energy/site = -1.242455844
45.6002% accepted

energy = -93.25941919
energy/site = -1.295269711
45.595% accepted

energy = -111.1356054
energy/site = -1.543550075
45.7462% accepted

energy = -73.03770661
energy/site = -1.014412592
45.6731% accepted

energy = -85.92122127
energy/site = -1.193350295
45.7726% accepted

energy = -123.0282456
energy/site = -1.708725633
45.5627% accepted

energy = -89.65063871
energy/site = -1.24514776
45.787% accepted

energy = -84.25293795
energy/site = -1.170179694
45.6751% accepted

energy = -88.24679077
energy/site = -1.225649872
45.7428% accepted

energy = -126.5903081
energy/site = -1.758198724
45.6345% accepted

energy = -96.66313718
energy/site = -1.342543572
45.7843% accepted

energy = -98.00354556
energy/site = -1.361160355
45.6997% accepted

energy = -81.05701125
energy/site = -1.125791823
45.5912% accepted

energy = -91.88835814
energy/site = -1.276227196
45.7408% accepted

energy = -131.13275
energy/site = -1.821288194
45.7006% accepted

energy = -91.18835153
energy/site = -1.266504882
45.6606% accepted

energy = -118.6125603
energy/site = -1.64739667
45.7548% accepted

energy = -116.7370872
energy/site = -1.621348433
45.8615% accepted

energy = -96.27837896
energy/site = -1.337199708
45.6649% accepted

energy = -98.39316623
energy/site = -1.366571753
45.7601% accepted

energy = -76.70588752
energy/site = -1.065359549
45.8527% accepted

energy = -100.2611201
energy/site = -1.392515556
45.6122% accepted

energy = -94.84949499
energy/site = -1.317354097
45.6506% accepted

energy = -101.0986259
energy/site = -1.404147582
45.7306% accepted

energy = -91.90353216
energy/site = -1.276437947
45.6894% accepted

energy = -114.0502954
energy/site = -1.584031881
45.716% accepted

energy = -69.88543655
energy/site = -0.9706310633
45.7486% accepted

energy = -98.04759293
energy/site = -1.361772124
45.6417% accepted

energy = -102.6798751
energy/site = -1.426109377
45.6471% accepted

energy = -91.99188579
energy/site = -1.27766508
45.6325% accepted

energy = -135.7105934
energy/site = -1.884869353
45.8082% accepted

energy = -74.50239882
energy/site = -1.034755539
45.6926% accepted

energy = -92.10206668
energy/site = -1.279195371
45.6889% accepted

energy = -92.52559387
energy/site = -1.285077693
45.7929% accepted

energy = -122.1287039
energy/site = -1.696231998
45.7332% accepted

energy = -115.0645097
energy/site = -1.59811819
45.7% accepted

energy = -86.11237079
energy/site = -1.19600515
45.7226% accepted

energy = -71.0640112
energy/site = -0.9870001556
45.7684% accepted

energy = -93.25513581
energy/site = -1.29521022
45.8341% accepted

energy = -101.3414439
energy/site = -1.407520054
45.6893% accepted

energy = -102.2289631
energy/site = -1.41984671
45.7125% accepted

energy = -91.00820616
energy/site = -1.264002863
45.837% accepted

energy = -125.3552315
energy/site = -1.741044882
45.7328% accepted

energy = -93.55224567
energy/site = -1.299336745
45.6081% accepted

energy = -97.90111558
energy/site = -1.359737716
45.5992% accepted

energy = -106.9602477
energy/site = -1.485558996
45.6677% accepted

energy = -75.98256964
energy/site = -1.055313467
45.7703% accepted

energy = -94.14374655
energy/site = -1.307552035
45.8545% accepted

energy = -71.98168062
energy/site = -0.9997455641
45.6756% accepted

energy = -108.5332783
energy/site = -1.507406643
45.687% accepted

energy = -83.96483408
energy/site = -1.166178251
45.7322% accepted

energy = -103.533916
energy/site = -1.437971055
45.6204% accepted

energy = -106.3353271
energy/site = -1.476879544
45.6341% accepted

energy = -83.18307603
energy/site = -1.1553205
45.782% accepted

energy = -91.79387709
energy/site = -1.27491496
45.7158% accepted

energy = -132.7446694
energy/site = -1.843675964
45.757% accepted

energy = -90.35911284
energy/site = -1.254987678
45.6589% accepted

energy = -114.287827
energy/site = -1.587330931
45.6544% accepted

energy = -109.5091936
energy/site = -1.520961022
45.6975% accepted

energy = -85.72802258
energy/site = -1.19066698
45.7855% accepted

energy = -89.80434219
energy/site = -1.24728253
45.8518% accepted

energy = -109.6913265
energy/site = -1.523490645
45.9117% accepted

energy = -91.05220982
energy/site = -1.264614025
45.7895% accepted

energy = -117.8513033
energy/site = -1.636823657
45.7576% accepted

energy = -89.43272045
energy/site = -1.242121117
45.8586% accepted

energy = -101.1149733
energy/site = -1.40437463
45.8004% accepted

energy = -91.06621551
energy/site = -1.264808549
45.7066% accepted

energy = -112.8221871
energy/site = -1.566974821
45.7731% accepted

energy = -126.4018693
energy/site = -1.755581518
45.6413% accepted

energy = -89.42687035
energy/site = -1.242039866
45.7009% accepted

energy = -83.11122222
energy/site = -1.154322531
45.8078% accepted

energy = -100.1737044
energy/site = -1.39130145
45.5989% accepted

energy = -98.8796309
energy/site = -1.373328207
45.8445% accepted

energy = -86.94665036
energy/site = -1.207592366
45.7401% accepted

energy = -80.44039316
energy/site = -1.117227683
45.758% accepted

energy = -122.5206353
energy/site = -1.70167549
45.8047% accepted

energy = -89.82208683
energy/site = -1.247528984
45.8476% accepted

energy = -78.98348285
energy/site = -1.096992817
45.6752% accepted

energy = -69.01794813
energy/site = -0.9585826129
45.7643% accepted

energy = -86.02544277
energy/site = -1.194797816
45.6445% accepted

energy = -98.40642586
energy/site = -1.366755915
45.9194% accepted

energy = -85.71567934
energy/site = -1.190495546
45.804% accepted

energy = -92.68438994
energy/site = -1.287283194
45.7305% accepted

energy = -96.00669179
energy/site = -1.333426275
45.7134% accepted

energy = -126.7029756
energy/site = -1.75976355
45.6953% accepted

energy = -89.88180488
energy/site = -1.248358401
45.7501% accepted

energy = -87.93078118
energy/site = -1.22126085
45.732% accepted

energy = -89.05234495
energy/site = -1.236838124
45.5501% accepted

energy = -92.82792108
energy/site = -1.289276682
45.7288% accepted

energy = -89.59942451
energy/site = -1.244436451
45.7597% accepted

energy = -108.9716347
energy/site = -1.513494927
45.6294% accepted

energy = -89.54140802
energy/site = -1.243630667
45.7747% accepted

energy = -109.576854
energy/site = -1.521900749
45.8633% accepted

energy = -91.01930456
energy/site = -1.264157008
45.6469% accepted

energy = -115.9202455
energy/site = -1.61000341
45.6435% accepted

energy = -77.11873932
energy/site = -1.071093602
45.6934% accepted

energy = -114.3799096
energy/site = -1.588609856
45.7075% accepted

energy = -106.5953527
energy/site = -1.480491009
45.6413% accepted

energy = -89.51840126
energy/site = -1.243311129
45.8485% accepted

energy = -79.01874611
energy/site = -1.097482585
45.7597% accepted

energy = -111.200433
energy/site = -1.544450458
45.8024% accepted

energy = -96.30395571
energy/site = -1.33755494
45.7378% accepted

energy = -111.9478808
energy/site = -1.554831678
45.7309% accepted

energy = -96.33668922
energy/site = -1.338009573
45.724% accepted

energy = -105.9727912
energy/site = -1.471844323
45.7502% accepted

energy = -87.55863369
energy/site = -1.216092135
45.7734% accepted

energy = -97.05574528
energy/site = -1.347996462
45.6468% accepted

energy = -100.2376549
energy/site = -1.392189652
45.6483% accepted

energy = -85.80409946
energy/site = -1.191723604
45.6499% accepted

energy = -96.25190766
energy/site = -1.336832051
45.848% accepted

energy = -90.11265025
energy/site = -1.251564587
45.5975% accepted

energy = -99.27697114
energy/site = -1.378846821
45.7588% accepted

energy = -94.58324776
energy/site = -1.313656219
45.7112% accepted

energy = -100.49441
energy/site = -1.395755695
45.7692% accepted

energy = -104.6470441
energy/site = -1.453431168
45.7572% accepted

energy = -100.847075
energy/site = -1.400653819
45.6553% accepted

energy = -87.28342752
energy/site = -1.212269827
45.8099% accepted

energy = -89.9102908
energy/site = -1.248754039
45.8079% accepted

energy = -100.8124628
energy/site = -1.400173094
45.6901% accepted

energy = -128.0512155
energy/site = -1.778489104
45.7228% accepted

energy = -130.3281673
energy/site = -1.810113435
45.7688% accepted

energy = -77.75806454
energy/site = -1.079973119
45.7438% accepted

energy = -104.936148
energy/site = -1.4574465
45.6493% accepted

energy = -98.36469913
energy/site = -1.366176377
45.8425% accepted

energy = -96.86829771
energy/site = -1.345393024
45.792% accepted

energy = -90.95920529
energy/site = -1.263322296
45.6707% accepted

energy = -82.35003585
energy/site = -1.143750498
45.8556% accepted

energy = -100.9839853
energy/site = -1.402555351
45.7071% accepted

energy = -116.8396211
energy/site = -1.622772516
45.6478% accepted

energy = -96.76048214
energy/site = -1.343895585
45.5967% accepted

energy = -84.09632683
energy/site = -1.168004539
45.7294% accepted

energy = -99.90019972
energy/site = -1.387502774
45.8893% accepted

energy = -81.44954219
energy/site = -1.131243642
45.6916% accepted

energy = -105.4847849
energy/site = -1.465066456
45.7612% accepted

energy = -100.4561288
energy/site = -1.395224011
45.7691% accepted

energy = -92.21779121
energy/site = -1.280802656
45.7097% accepted

energy = -93.2271535
energy/site = -1.294821576
45.6073% accepted

energy = -87.29377861
energy/site = -1.212413592
45.7225% accepted

energy = -107.6672933
energy/site = -1.495379074
45.7277% accepted

energy = -83.16578445
energy/site = -1.15508034
45.7292% accepted

energy = -99.92472458
energy/site = -1.387843397
45.6113% accepted

energy = -109.9819428
energy/site = -1.527526983
45.8027% accepted

energy = -139.8745969
energy/site = -1.942702735
45.7724% accepted

energy = -110.6937976
energy/site = -1.537413855
45.6921% accepted

energy = -95.85712005
energy/site = -1.33134889
45.6472% accepted

energy = -129.6236277
energy/site = -1.800328163
45.765% accepted

energy = -92.36379298
energy/site = -1.282830458
45.7407% accepted

energy = -96.17422335
energy/site = -1.335753102
45.7172% accepted

energy = -89.97786633
energy/site = -1.249692588
45.5915% accepted

energy = -76.19435527
energy/site = -1.058254934
45.7975% accepted

energy = -98.20180292
energy/site = -1.363913929
45.6777% accepted

energy = -81.39712798
energy/site = -1.130515666
45.6883% accepted

energy = -93.63869077
energy/site = -1.300537372
45.641% accepted

energy = -89.5359336
energy/site = -1.243554633
45.6535% accepted

energy = -102.9161948
energy/site = -1.429391595
45.5458% accepted

energy = -118.079428
energy/site = -1.639992055
45.7208% accepted

energy = -89.44773159
energy/site = -1.242329605
45.7717% accepted

energy = -71.98251343
energy/site = -0.999757131
45.8268% accepted

energy = -83.83320458
energy/site = -1.164350064
45.5606% accepted

energy = -98.46301537
energy/site = -1.36754188
45.6585% accepted

energy = -102.8296457
energy/site = -1.428189523
45.826% accepted

energy = -101.3850456
energy/site = -1.408125634
45.8931% accepted

energy = -80.69026298
energy/site = -1.120698097
45.8496% accepted

energy = -109.2710581
energy/site = -1.517653585
45.6858% accepted

energy = -79.22316665
energy/site = -1.100321759
45.6167% accepted

energy = -121.3201244
energy/site = -1.685001728
45.5795% accepted

energy = -89.132333
energy/site = -1.237949069
45.638% accepted

energy = -85.53694872
energy/site = -1.188013177
45.6388% accepted

energy = -134.9002677
energy/site = -1.873614829
45.7933% accepted

energy = -74.31385514
energy/site = -1.032136877
45.7727% accepted

energy = -99.00277993
energy/site = -1.37503861
45.714% accepted

energy = -83.43488847
energy/site = -1.158817895
45.5741% accepted

energy = -132.4268321
energy/site = -1.839261556
45.8074% accepted

energy = -95.8872551
energy/site = -1.331767432
45.7621% accepted

energy = -78.19946626
energy/site = -1.086103698
45.7274% accepted

energy = -81.0989299
energy/site = -1.126374026
45.7031% accepted

energy = -94.36437113
energy/site = -1.310616266
45.6983% accepted

energy = -87.68595783
energy/site = -1.217860525
45.6907% accepted

energy = -92.8646665
energy/site = -1.289787035
45.7624% accepted

energy = -76.87797152
energy/site = -1.067749604
45.759% accepted

energy = -111.4702931
energy/site = -1.548198515
45.7581% accepted

energy = -75.01404544
energy/site = -1.041861742
45.6195% accepted

energy = -102.5363871
energy/site = -1.424116488
45.8032% accepted

energy = -74.38080504
energy/site = -1.033066737
45.5906% accepted

energy = -103.4490353
energy/site = -1.436792157
45.7055% accepted

energy = -102.9553564
energy/site = -1.429935506
45.5423% accepted

energy = -83.08276879
energy/site = -1.153927344
45.6571% accepted

energy = -93.74903236
energy/site = -1.302069894
45.8862% accepted

energy = -91.29300981
energy/site = -1.26795847
45.625% accepted

energy = -81.03509384
energy/site = -1.125487414
45.7309% accepted

energy = -103.941758
energy/site = -1.443635528
45.6731% accepted

energy = -99.33585358
energy/site = -1.379664633
45.7134% accepted

energy = -94.25110092
energy/site = -1.309043068
45.799% accepted

energy = -85.53530506
energy/site = -1.187990348
45.7115% accepted

energy = -111.5540231
energy/site = -1.549361432
45.8867% accepted

energy = -95.51739486
energy/site = -1.326630484
45.741% accepted

energy = -119.0341796
energy/site = -1.653252495
45.6819% accepted

energy = -76.56664466
energy/site = -1.06342562
45.7852% accepted

energy = -101.7455413
energy/site = -1.413132519
45.8626% accepted

energy = -103.3006441
energy/site = -1.434731167
45.6894% accepted

energy = -104.9361392
energy/site = -1.457446378
45.8263% accepted

energy = -108.6086189
energy/site = -1.50845304
45.6253% accepted

energy = -107.4283683
energy/site = -1.492060671
45.666% accepted

energy = -100.9851158
energy/site = -1.402571053
45.8075% accepted

energy = -100.3462405
energy/site = -1.393697785
45.7081% accepted

energy = -92.5657871
energy/site = -1.285635932
45.6948% accepted

energy = -77.69245978
energy/site = -1.079061941
45.6186% accepted

energy = -83.25618297
energy/site = -1.156335875
45.8558% accepted

energy = -101.3851419
energy/site = -1.408126971
45.8059% accepted

energy = -94.19641755
energy/site = -1.308283577
45.6137% accepted

energy = -70.61390607
energy/site = -0.9807486955
45.6213% accepted

energy = -89.41613817
energy/site = -1.241890808
45.6459% accepted

energy = -101.0064702
energy/site = -1.402867641
45.6422% accepted

energy = -81.83865244
energy/site = -1.136647951
45.6665% accepted

energy = -98.83741244
energy/site = -1.372741839
45.7233% accepted

energy = -86.77351813
energy/site = -1.205187752
45.544% accepted

energy = -102.5226558
energy/site = -1.423925775
45.872% accepted

energy = -121.4432164
energy/site = -1.686711339
45.5982% accepted

energy = -92.3698659
energy/site = -1.282914804
45.6913% accepted

energy = -98.69554867
energy/site = -1.370771509
45.7006% accepted

energy = -97.78084461
energy/site = -1.358067286
45.6277% accepted

energy = -94.76190753
energy/site = -1.316137605
45.7116% accepted

energy = -90.04933751
energy/site = -1.250685243
45.82% accepted

energy = -86.4126056
energy/site = -1.200175078
45.7338% accepted

energy = -89.19210583
energy/site = -1.238779248
45.6521% accepted

energy = -98.06272551
energy/site = -1.361982299
45.7506% accepted

energy = -84.55002602
energy/site = -1.174305917
45.6602% accepted

energy = -73.97345435
energy/site = -1.027409088
45.7364% accepted

energy = -86.52727122
energy/site = -1.201767656
45.593% accepted

energy = -111.9833152
energy/site = -1.555323822
45.7103% accepted

energy = -90.89936679
energy/site = -1.262491205
45.6155% accepted

energy = -99.93573265
energy/site = -1.387996287
45.7415% accepted

energy = -108.4242705
energy/site = -1.505892646
45.7421% accepted

energy = -78.46857003
energy/site = -1.08984125
45.7068% accepted

energy = -90.03117679
energy/site = -1.250433011
45.6436% accepted

energy = -94.60241273
energy/site = -1.313922399
45.6326% accepted

energy = -83.16161661
energy/site = -1.155022453
45.6433% accepted

energy = -82.88957113
energy/site = -1.151244043
45.5155% accepted

energy = -99.92886053
energy/site = -1.387900841
45.7832% accepted

energy = -95.01700241
energy/site = -1.319680589
45.8012% accepted

energy = -78.67446891
energy/site = -1.092700957
45.5753% accepted

energy = -120.8214465
energy/site = -1.678075646
45.6454% accepted

energy = -113.0502296
energy/site = -1.570142078
45.7439% accepted

energy = -105.7379524
energy/site = -1.468582672
45.8144% accepted

energy = -99.80389323
energy/site = -1.386165184
45.6673% accepted

energy = -89.1989555
energy/site = -1.238874382
45.6675% accepted

energy = -77.9032621
energy/site = -1.081989751
45.8039% accepted

energy = -88.25419111
energy/site = -1.225752654
45.7059% accepted

energy = -86.42950824
energy/site = -1.200409837
45.6403% accepted

energy = -75.81729426
energy/site = -1.053017976
45.8009% accepted

energy = -98.61657774
energy/site = -1.369674691
45.7402% accepted

energy = -109.1927983
energy/site = -1.516566642
45.6007% accepted

energy = -110.9283226
energy/site = -1.540671147
45.8833% accepted

energy = -97.39446122
energy/site = -1.35270085
45.8381% accepted

energy = -76.01644758
energy/site = -1.055783994
45.7992% accepted

energy = -107.2970472
energy/site = -1.490236766
45.7336% accepted

energy = -91.64877083
energy/site = -1.272899595
45.6786% accepted

energy = -106.9378925
energy/site = -1.485248507
45.9079% accepted

energy = -124.1017061
energy/site = -1.723634807
45.7308% accepted

energy = -107.8362782
energy/site = -1.497726086
45.5998% accepted

energy = -90.33132669
energy/site = -1.25460176
45.7666% accepted

energy = -97.17504275
energy/site = -1.349653371
45.6904% accepted

energy = -85.56869492
energy/site = -1.188454096
45.7201% accepted

energy = -80.23280545
energy/site = -1.11434452
45.7919% accepted

energy = -121.0150943
energy/site = -1.680765199
45.765% accepted

energy = -95.96894412
energy/site = -1.332902002
45.6075% accepted

energy = -76.90096206
energy/site = -1.068068917
45.703% accepted

energy = -114.0763994
energy/site = -1.584394435
45.6523% accepted

energy = -112.3489603
energy/site = -1.560402226
45.761% accepted

