
weighting by <swap_x> where x = 4
4 x 16 x 1 system
r   = 3  bondops changed per step 
n/N = 80  bond operators / site
its = 1000000  iterations/loop for 10000 loops

energy = -176.4414632
energy/site = -1.378448931
44.2239% accepted

energy = -216.4725264
energy/site = -1.691191613
44.1812% accepted

energy = -111.4108123
energy/site = -0.8703969708
44.1161% accepted

energy = -241.3061445
energy/site = -1.885204254
44.0214% accepted

energy = -121.3536228
energy/site = -0.9480751778
44.0305% accepted

energy = -132.3928055
energy/site = -1.034318793
44.0903% accepted

energy = -153.975628
energy/site = -1.202934594
44.4015% accepted

energy = -147.5129716
energy/site = -1.152445091
43.9528% accepted

energy = -123.5267941
energy/site = -0.9650530788
44.1563% accepted

energy = -180.8837114
energy/site = -1.413153996
43.9843% accepted

energy = -103.2095005
energy/site = -0.8063242223
43.9762% accepted

energy = -217.3470223
energy/site = -1.698023612
44.085% accepted

energy = -133.9529491
energy/site = -1.046507415
43.9814% accepted

energy = -170.1565884
energy/site = -1.329348347
43.9737% accepted

energy = -158.209127
energy/site = -1.236008805
43.9888% accepted

energy = -127.7960358
energy/site = -0.9984065298
44.0196% accepted

energy = -228.4072626
energy/site = -1.784431739
44.0333% accepted

energy = -150.820133
energy/site = -1.178282289
44.2399% accepted

energy = -245.4763679
energy/site = -1.917784124
44.0022% accepted

energy = -118.9692591
energy/site = -0.9294473367
44.084% accepted

energy = -106.6249189
energy/site = -0.8330071789
44.1895% accepted

energy = -103.7222513
energy/site = -0.8103300885
44.0151% accepted

energy = -163.8247355
energy/site = -1.279880746
44.054% accepted

energy = -94.7608541
energy/site = -0.7403191727
44.0856% accepted

energy = -118.1156592
energy/site = -0.9227785871
44.0874% accepted

energy = -193.9386377
energy/site = -1.515145607
43.9699% accepted

energy = -119.6178388
energy/site = -0.9345143657
44.1846% accepted

energy = -156.6329776
energy/site = -1.223695137
43.9549% accepted

energy = -160.5640471
energy/site = -1.254406618
44.1587% accepted

energy = -133.8687242
energy/site = -1.045849408
43.9842% accepted

energy = -106.653904
energy/site = -0.8332336247
44.2322% accepted

energy = -108.6306315
energy/site = -0.8486768086
44.0384% accepted

energy = -111.3549631
energy/site = -0.8699606491
44.0521% accepted

energy = -102.0004563
energy/site = -0.7968785648
44.0839% accepted

energy = -110.6365071
energy/site = -0.8643477117
44.1042% accepted

energy = -140.0964569
energy/site = -1.09450357
44.0792% accepted

energy = -120.3272715
energy/site = -0.9400568083
44.0493% accepted

energy = -305.9817947
energy/site = -2.390482771
43.8986% accepted

energy = -165.8010353
energy/site = -1.295320588
44.176% accepted

energy = -207.9647867
energy/site = -1.624724896
44.1019% accepted

energy = -161.731834
energy/site = -1.263529953
44.0872% accepted

energy = -115.4285367
energy/site = -0.9017854426
44.0492% accepted

energy = -171.4030236
energy/site = -1.339086122
44.0576% accepted

energy = -157.1367274
energy/site = -1.227630683
43.9695% accepted

energy = -333.7641182
energy/site = -2.607532173
44.079% accepted

energy = -103.8828286
energy/site = -0.8115845985
43.9553% accepted

energy = -126.1024154
energy/site = -0.9851751201
43.9622% accepted

energy = -173.689579
energy/site = -1.356949836
44.1012% accepted

energy = -126.3936607
energy/site = -0.9874504743
44.0483% accepted

energy = -184.5210014
energy/site = -1.441570324
44.0677% accepted

energy = -102.0040916
energy/site = -0.796906966
44.1367% accepted

energy = -122.4117208
energy/site = -0.9563415686
44.0741% accepted

energy = -108.7221571
energy/site = -0.8493918521
43.9727% accepted

energy = -112.9912926
energy/site = -0.8827444735
43.9183% accepted

energy = -161.4965189
energy/site = -1.261691554
44.0367% accepted

energy = -128.7822406
energy/site = -1.006111255
44.0214% accepted

energy = -123.9649833
energy/site = -0.9684764319
44.1092% accepted

energy = -117.9368845
energy/site = -0.9213819099
44.0225% accepted

energy = -164.7519001
energy/site = -1.28712422
44.1404% accepted

energy = -122.4711369
energy/site = -0.956805757
44.0987% accepted

energy = -142.4498563
energy/site = -1.112889503
44.1184% accepted

energy = -143.4351028
energy/site = -1.120586741
44.1485% accepted

energy = -87.82773235
energy/site = -0.686154159
44.0404% accepted

energy = -128.8226766
energy/site = -1.006427161
44.0301% accepted

energy = -170.9845333
energy/site = -1.335816666
44.2424% accepted

energy = -63.58292236
energy/site = -0.4967415809
44.0452% accepted

energy = -138.2750294
energy/site = -1.080273667
44.1049% accepted

energy = -118.9135671
energy/site = -0.929012243
44.0981% accepted

energy = -423.1179699
energy/site = -3.30560914
44.0957% accepted

energy = -239.1051416
energy/site = -1.868008919
44.1393% accepted

energy = -136.5083464
energy/site = -1.066471456
44.0935% accepted

energy = -158.4203736
energy/site = -1.237659169
44.2115% accepted

energy = -214.8761379
energy/site = -1.678719827
44.1467% accepted

energy = -85.45875973
energy/site = -0.6676465604
44.0777% accepted

energy = -136.539087
energy/site = -1.066711617
44.1652% accepted

energy = -113.3121937
energy/site = -0.885251513
44.0118% accepted

energy = -116.2304371
energy/site = -0.9080502898
44.0913% accepted

energy = -158.6042521
energy/site = -1.23909572
44.1972% accepted

energy = -239.8934339
energy/site = -1.874167452
44.0834% accepted

energy = -134.4391049
energy/site = -1.050305507
44.1696% accepted

energy = -84.10442136
energy/site = -0.6570657919
44.1072% accepted

energy = -181.0560123
energy/site = -1.414500096
44.2474% accepted

energy = -111.8026527
energy/site = -0.8734582244
44.108% accepted

energy = -99.12251619
energy/site = -0.7743946578
44.0346% accepted

energy = -175.4349012
energy/site = -1.370585166
44.0798% accepted

energy = -113.2768936
energy/site = -0.8849757313
44.0675% accepted

energy = -108.9919259
energy/site = -0.8514994207
44.0355% accepted

energy = -179.1802052
energy/site = -1.399845353
44.0183% accepted

energy = -183.2407318
energy/site = -1.431568217
43.9725% accepted

energy = -143.9278844
energy/site = -1.124436597
44.0646% accepted

energy = -109.4472897
energy/site = -0.8550569508
44.0987% accepted

energy = -93.77591411
energy/site = -0.732624329
44.2274% accepted

energy = -111.945829
energy/site = -0.8745767889
44.0781% accepted

energy = -140.2532152
energy/site = -1.095728244
44.1647% accepted

energy = -131.7338124
energy/site = -1.029170409
44.1193% accepted

energy = -140.6062654
energy/site = -1.098486449
44.1591% accepted

energy = -175.2134591
energy/site = -1.368855149
44.0959% accepted

energy = -162.6876169
energy/site = -1.270997007
44.0593% accepted

energy = -145.8827963
energy/site = -1.139709346
44.0854% accepted

energy = -128.5777089
energy/site = -1.004513351
44.1557% accepted

energy = -166.5636409
energy/site = -1.301278445
44.0915% accepted

energy = -109.9759138
energy/site = -0.8591868266
44.0881% accepted

energy = -146.0189315
energy/site = -1.140772902
44.2731% accepted

energy = -200.7759778
energy/site = -1.568562327
44.1518% accepted

energy = -189.0371288
energy/site = -1.476852569
43.9854% accepted

energy = -160.4892485
energy/site = -1.253822254
44.0027% accepted

energy = -135.7247415
energy/site = -1.060349543
43.99% accepted

energy = -146.3149561
energy/site = -1.143085594
44.0331% accepted

energy = -177.5970371
energy/site = -1.387476852
43.9507% accepted

energy = -207.1334193
energy/site = -1.618229838
43.9602% accepted

energy = -194.7939135
energy/site = -1.521827449
44.024% accepted

energy = -132.2814134
energy/site = -1.033448542
44.0659% accepted

energy = -130.4853192
energy/site = -1.019416556
44.055% accepted

energy = -183.5045778
energy/site = -1.433629514
44.0343% accepted

energy = -174.9072742
energy/site = -1.36646308
44.0355% accepted

energy = -136.0387469
energy/site = -1.06280271
44.0906% accepted

energy = -121.1161862
energy/site = -0.9462202046
43.9207% accepted

energy = -181.292751
energy/site = -1.416349617
44.0515% accepted

energy = -147.2110831
energy/site = -1.150086587
44.0426% accepted

energy = -185.8275901
energy/site = -1.451778047
44.1516% accepted

energy = -141.8599444
energy/site = -1.108280816
44.1136% accepted

energy = -152.7715698
energy/site = -1.193527889
44.058% accepted

energy = -111.7016714
energy/site = -0.872669308
44.1782% accepted

energy = -136.2241135
energy/site = -1.064250887
44.0184% accepted

energy = -118.7526427
energy/site = -0.9277550214
44.0785% accepted

energy = -117.5149912
energy/site = -0.9180858685
44.102% accepted

energy = -185.6395366
energy/site = -1.45030888
44.1152% accepted

energy = -167.1908273
energy/site = -1.306178339
44.1059% accepted

energy = -99.57419626
energy/site = -0.7779234083
43.9182% accepted

energy = -123.3981134
energy/site = -0.964047761
44.1603% accepted

energy = -101.2462713
energy/site = -0.7909864947
44.0109% accepted

energy = -140.5494596
energy/site = -1.098042653
44.1176% accepted

energy = -178.5812445
energy/site = -1.395165972
43.9484% accepted

energy = -91.29076249
energy/site = -0.7132090819
44.1689% accepted

energy = -123.1876726
energy/site = -0.962403692
44.0358% accepted

energy = -153.499768
energy/site = -1.199216937
44.1706% accepted

energy = -165.0284265
energy/site = -1.289284582
44.0738% accepted

energy = -129.3305122
energy/site = -1.010394627
44.1971% accepted

energy = -158.5493462
energy/site = -1.238666767
43.8996% accepted

energy = -144.0287808
energy/site = -1.12522485
44.1198% accepted

energy = -173.0997506
energy/site = -1.352341802
44.0253% accepted

energy = -126.0555288
energy/site = -0.9848088187
44.0813% accepted

energy = -137.9768095
energy/site = -1.077943824
44.2063% accepted

energy = -144.3931087
energy/site = -1.128071161
44.2008% accepted

energy = -99.71540599
energy/site = -0.7790266093
44.0754% accepted

energy = -102.0153177
energy/site = -0.7969946693
44.0433% accepted

energy = -125.928754
energy/site = -0.9838183907
44.1382% accepted

energy = -99.70831827
energy/site = -0.7789712365
44.0914% accepted

energy = -228.2484513
energy/site = -1.783191026
44.1626% accepted

energy = -133.0606578
energy/site = -1.039536389
44.1491% accepted

energy = -112.1860264
energy/site = -0.8764533312
44.3027% accepted

energy = -135.2551011
energy/site = -1.056680478
44.0896% accepted

energy = -147.0894401
energy/site = -1.149136251
44.1214% accepted

energy = -90.12059336
energy/site = -0.7040671356
43.9913% accepted

energy = -155.0890698
energy/site = -1.211633358
44.0168% accepted

energy = -158.2241294
energy/site = -1.236126011
43.8876% accepted

energy = -130.1514827
energy/site = -1.016808459
44.1643% accepted

energy = -112.0711012
energy/site = -0.8755554784
44.1117% accepted

energy = -162.0162942
energy/site = -1.265752298
44.0841% accepted

energy = -110.4614039
energy/site = -0.8629797184
44.1403% accepted

energy = -163.9800137
energy/site = -1.281093857
43.9298% accepted

energy = -129.0405149
energy/site = -1.008129023
44.1152% accepted

energy = -252.7564812
energy/site = -1.97466001
44.1248% accepted

energy = -155.8966598
energy/site = -1.217942655
44.089% accepted

energy = -199.9334338
energy/site = -1.561979952
44.1178% accepted

energy = -116.1244024
energy/site = -0.9072218939
44.1454% accepted

energy = -218.3435315
energy/site = -1.70580884
44.1721% accepted

energy = -120.7592191
energy/site = -0.9434313994
44.1187% accepted

energy = -148.8664413
energy/site = -1.163019073
44.0016% accepted

energy = -122.6474464
energy/site = -0.958183175
44.0909% accepted

energy = -131.3414052
energy/site = -1.026104728
43.921% accepted

energy = -166.3280522
energy/site = -1.299437907
44.1% accepted

energy = -127.0975474
energy/site = -0.9929495891
44.1531% accepted

energy = -116.9131446
energy/site = -0.9133839418
44.1359% accepted

energy = -110.7720703
energy/site = -0.8654067995
44.0591% accepted

energy = -157.1583047
energy/site = -1.227799255
44.183% accepted

energy = -139.0019523
energy/site = -1.085952753
44.02% accepted

energy = -153.0029723
energy/site = -1.195335721
44.136% accepted

energy = -147.6893691
energy/site = -1.153823196
44.0537% accepted

energy = -160.2931236
energy/site = -1.252290028
44.1468% accepted

energy = -75.25215702
energy/site = -0.5879074767
44.1151% accepted

energy = -111.0965583
energy/site = -0.8679418621
44.0841% accepted

energy = -122.8804879
energy/site = -0.9600038118
44.0869% accepted

energy = -119.1871122
energy/site = -0.9311493138
44.0835% accepted

energy = -112.2864768
energy/site = -0.8772381001
43.969% accepted

energy = -142.92485
energy/site = -1.11660039
44.0555% accepted

energy = -121.182691
energy/site = -0.9467397732
44.0502% accepted

energy = -160.6087624
energy/site = -1.254755956
44.1496% accepted

energy = -120.4022786
energy/site = -0.9406428019
44.0723% accepted

energy = -122.3252639
energy/site = -0.9556661239
44.1542% accepted

energy = -136.9326798
energy/site = -1.069786561
44.1142% accepted

energy = -121.0722457
energy/site = -0.9458769193
44.0404% accepted

energy = -88.58330262
energy/site = -0.6920570518
43.9918% accepted

energy = -128.5603893
energy/site = -1.004378041
44.034% accepted

energy = -168.1824509
energy/site = -1.313925398
44.0656% accepted

energy = -149.9793481
energy/site = -1.171713657
44.1389% accepted

energy = -94.71858532
energy/site = -0.7399889478
44.0274% accepted

energy = -166.7880792
energy/site = -1.303031869
44.1552% accepted

energy = -219.1909188
energy/site = -1.712429053
44.1533% accepted

energy = -163.1139436
energy/site = -1.274327684
44.1015% accepted

energy = -59.16386211
energy/site = -0.4622176727
44.1136% accepted

energy = -159.2210757
energy/site = -1.243914654
44.0867% accepted

energy = -141.7991317
energy/site = -1.107805716
44.1188% accepted

energy = -194.0062071
energy/site = -1.515673493
44.0476% accepted

energy = -211.6260972
energy/site = -1.653328884
44.2274% accepted

energy = -136.3678834
energy/site = -1.065374089
44.1193% accepted

energy = -125.0844927
energy/site = -0.9772225996
44.106% accepted

energy = -81.13574559
energy/site = -0.6338730124
44.1004% accepted

energy = -176.6397827
energy/site = -1.379998302
43.8372% accepted

energy = -137.1303971
energy/site = -1.071331227
44.0595% accepted

energy = -178.7606551
energy/site = -1.396567618
44.2559% accepted

energy = -255.2275859
energy/site = -1.993965514
43.9831% accepted

energy = -205.2797279
energy/site = -1.603747874
44.203% accepted

energy = -127.2107992
energy/site = -0.9938343684
44.1723% accepted

energy = -213.1933382
energy/site = -1.665572955
44.0933% accepted

energy = -178.3820372
energy/site = -1.393609665
44.1763% accepted

energy = -197.9335971
energy/site = -1.546356227
44.1442% accepted

energy = -113.992426
energy/site = -0.890565828
44.2047% accepted

energy = -139.2462142
energy/site = -1.087861048
44.1112% accepted

energy = -114.3077948
energy/site = -0.8930296467
44.0723% accepted

