
weighting by <swap_x> where x = 4
11 x 40 x 1 system
r   = 3  bondops changed per step 
n/N = 80  bond operators / site
its = 1000000  iterations/loop for 100000 loops

energy = -4739.043141
energy/site = -5.385276297
44.8499% accepted

energy = -8808.354966
energy/site = -10.00949428
43.8043% accepted

energy = -1042.015382
energy/site = -1.184108389
43.8455% accepted

energy = -4158.820679
energy/site = -4.725932589
43.9136% accepted

energy = -420.2349412
energy/site = -0.4775397059
43.8132% accepted

energy = -1609.450689
energy/site = -1.828921237
43.7832% accepted

energy = -5174.884664
energy/site = -5.880550755
43.672% accepted

energy = -458.4366112
energy/site = -0.5209506945
43.7928% accepted

energy = -1326.597429
energy/site = -1.507497079
43.8218% accepted

energy = -2314.781723
energy/site = -2.630433776
43.8506% accepted

energy = -2433.578661
energy/site = -2.765430296
43.8286% accepted

energy = -456.2610919
energy/site = -0.5184785136
43.8709% accepted

energy = -2154.357566
energy/site = -2.448133597
44.0772% accepted

energy = -916.1329315
energy/site = -1.041060149
43.8503% accepted

energy = -533.5220384
energy/site = -0.6062750436
43.9609% accepted

energy = -6986.884851
energy/site = -7.939641877
43.8468% accepted

energy = -737.6970587
energy/site = -0.8382921122
43.7145% accepted

energy = -261.9898946
energy/site = -0.2977157893
43.7259% accepted

energy = -731.9486398
energy/site = -0.831759818
43.879% accepted

energy = -759.1237468
energy/site = -0.8626406213
43.906% accepted

energy = -448.259675
energy/site = -0.5093859943
43.8302% accepted

energy = -744.6172269
energy/site = -0.8461559397
43.742% accepted

energy = -2813.883119
energy/site = -3.197594453
43.8503% accepted

energy = -7226.72624
energy/site = -8.212188909
43.8159% accepted

energy = -542.9985194
energy/site = -0.617043772
43.953% accepted

energy = -4509.273792
energy/site = -5.124174764
43.8277% accepted

energy = -2155.89979
energy/site = -2.449886124
43.8188% accepted

energy = -2777.946479
energy/site = -3.156757362
43.9046% accepted

energy = -2075.323443
energy/site = -2.358322094
43.9509% accepted

energy = -1249.007517
energy/site = -1.419326724
43.8032% accepted

energy = -4501.566339
energy/site = -5.115416294
43.8638% accepted

energy = -864.4356543
energy/site = -0.9823132435
43.7847% accepted

energy = -1956.657897
energy/site = -2.223474883
43.8754% accepted

energy = -1455.491857
energy/site = -1.653968019
43.8843% accepted

energy = -3668.889141
energy/site = -4.169192206
43.934% accepted

energy = -268.0342413
energy/site = -0.3045843651
43.847% accepted

energy = -333.4070736
energy/site = -0.3788716745
43.9102% accepted

energy = -1530.077196
energy/site = -1.738724087
43.8438% accepted

energy = -216.0207163
energy/site = -0.2454780867
43.9218% accepted

energy = -1778.354354
energy/site = -2.020857221
43.8479% accepted

energy = -409.4564099
energy/site = -0.4652913749
43.7266% accepted

energy = -5578.385857
energy/site = -6.339074837
43.7085% accepted

energy = -5514.601751
energy/site = -6.266592898
43.9117% accepted

energy = -420.8007548
energy/site = -0.4781826759
43.8517% accepted

energy = -1322.834794
energy/site = -1.503221357
43.8081% accepted

energy = -1725.30559
energy/site = -1.960574534
43.8191% accepted

energy = -1041.213791
energy/site = -1.18319749
43.7651% accepted

energy = -515.1261486
energy/site = -0.5853706235
43.7633% accepted

energy = -522.935178
energy/site = -0.5942445204
43.868% accepted

energy = -1622.544797
energy/site = -1.843800905
43.7411% accepted

energy = -1734.503818
energy/site = -1.971027066
43.7524% accepted

energy = -684.771242
energy/site = -0.7781491386
43.8599% accepted

energy = -2129.821471
energy/site = -2.420251672
43.8855% accepted

energy = -10568.0616
energy/site = -12.00916091
43.8336% accepted

energy = -798.0471159
energy/site = -0.9068717227
43.9337% accepted

energy = -2974.045623
energy/site = -3.379597299
43.7845% accepted

energy = -506.3995422
energy/site = -0.5754540253
43.9012% accepted

energy = -4185.985177
energy/site = -4.756801337
43.9332% accepted

energy = -278.3572413
energy/site = -0.3163150469
43.9031% accepted

energy = -3925.074258
energy/site = -4.460311656
43.8976% accepted

energy = -421.3190742
energy/site = -0.4787716752
43.9289% accepted

energy = -1292.126137
energy/site = -1.468325156
43.9573% accepted

energy = -82884.39341
energy/site = -94.1868107
43.8713% accepted

energy = -6022.151941
energy/site = -6.843354478
43.867% accepted

energy = -115.6101727
energy/site = -0.1313751962
43.9233% accepted

energy = -2413.178266
energy/site = -2.74224803
43.9959% accepted

energy = -3755.386901
energy/site = -4.267485115
43.6502% accepted

energy = -846.7692495
energy/site = -0.9622377836
43.8627% accepted

energy = -52.03993649
energy/site = -0.05913629146
44.0094% accepted

energy = -819.8600239
energy/site = -0.931659118
43.7332% accepted

energy = -12891.30921
energy/site = -14.64921501
43.8475% accepted

energy = -780.4257599
energy/site = -0.8868474545
43.8644% accepted

energy = -1274.131172
energy/site = -1.447876332
43.889% accepted

energy = -2616.899822
energy/site = -2.973749798
43.8922% accepted

energy = -307.0371898
energy/site = -0.3489058975
43.8798% accepted

energy = -1231.336758
energy/site = -1.399246316
43.8874% accepted

energy = -2774.126509
energy/site = -3.152416487
43.8677% accepted

energy = -522.7950043
energy/site = -0.5940852322
43.8019% accepted

energy = -4503.788574
energy/site = -5.117941562
43.9549% accepted

energy = -2373.400998
energy/site = -2.697046588
43.8528% accepted

energy = -849.8171447
energy/site = -0.9657013008
43.8589% accepted

energy = -57187.69353
energy/site = -64.98601538
43.8568% accepted

energy = -232.6368972
energy/site = -0.2643601105
43.8216% accepted

energy = -233.8435131
energy/site = -0.2657312649
43.8238% accepted

energy = -5013.800104
energy/site = -5.697500118
43.9085% accepted

energy = -1224.933442
energy/site = -1.391969821
43.8472% accepted

energy = -578.3950129
energy/site = -0.6572670601
44.1193% accepted

energy = -725.7778303
energy/site = -0.8247475345
43.8313% accepted

energy = -863.2653506
energy/site = -0.9809833529
43.8272% accepted

energy = -983.3970694
energy/site = -1.11749667
43.903% accepted

energy = -2626.380603
energy/site = -2.984523412
43.9782% accepted

energy = -2398.503728
energy/site = -2.725572418
43.9726% accepted

energy = -166.0694319
energy/site = -0.1887152636
43.7818% accepted

energy = -988.5553434
energy/site = -1.123358345
43.9388% accepted

energy = -483.142907
energy/site = -0.5490260307
43.9204% accepted

energy = -1883.658075
energy/site = -2.140520539
43.8009% accepted

energy = -498.3950949
energy/site = -0.5663580624
43.9105% accepted

energy = -1072.571151
energy/site = -1.218830854
43.8286% accepted

energy = -3085.379703
energy/site = -3.506113299
43.8351% accepted

energy = -858.9586967
energy/site = -0.976089428
43.7639% accepted

energy = -627.5135848
energy/site = -0.7130836191
43.9477% accepted

energy = -6455.861731
energy/site = -7.336206513
43.8686% accepted

energy = -835.8802631
energy/site = -0.9498639354
43.8847% accepted

energy = -1826.800312
energy/site = -2.075909446
43.9505% accepted

energy = -843.5143107
energy/site = -0.9585389894
43.6695% accepted

energy = -2341.15629
energy/site = -2.660404875
43.7952% accepted

energy = -6561.203359
energy/site = -7.455912908
43.8503% accepted

energy = -965.6814976
energy/site = -1.097365338
43.8805% accepted

energy = -5438.803381
energy/site = -6.180458388
43.8954% accepted

energy = -1457.346145
energy/site = -1.656075165
43.9856% accepted

energy = -3920.225208
energy/site = -4.454801373
43.8967% accepted

energy = -463.5871237
energy/site = -0.5268035496
43.8297% accepted

energy = -163.9768287
energy/site = -0.1863373053
43.9297% accepted

energy = -1756.201723
energy/site = -1.995683776
43.851% accepted

energy = -21385.16986
energy/site = -24.30132938
43.8337% accepted

energy = -1930.58087
energy/site = -2.193841898
43.8543% accepted

energy = -603.5637266
energy/site = -0.6858678712
43.8206% accepted

energy = -796.2310403
energy/site = -0.9048080003
43.8547% accepted

energy = -839.5167064
energy/site = -0.9539962573
43.9185% accepted

energy = -288.8069131
energy/site = -0.328189674
43.8779% accepted

energy = -2311.084926
energy/site = -2.626232871
44.0071% accepted

energy = -445.1199582
energy/site = -0.5058181343
43.9062% accepted

energy = -433.7662282
energy/site = -0.4929161684
43.8271% accepted

energy = -4425.236344
energy/site = -5.028677663
43.8392% accepted

energy = -559.4210889
energy/site = -0.6357057828
43.749% accepted

energy = -241.4207311
energy/site = -0.2743417399
43.904% accepted

energy = -527.603341
energy/site = -0.5995492511
44.0048% accepted

energy = -119.6647361
energy/site = -0.1359826547
43.7876% accepted

energy = -1503.864116
energy/site = -1.708936496
43.8587% accepted

energy = -266.8849113
energy/site = -0.3032783083
43.9043% accepted

energy = -874.9272467
energy/site = -0.9942355076
43.9533% accepted

energy = -514.4423649
energy/site = -0.5845935964
43.9154% accepted

energy = -643.79127
energy/site = -0.7315809886
43.8055% accepted

energy = -502.2027473
energy/site = -0.5706849401
43.8762% accepted

energy = -116.5827495
energy/site = -0.1324803971
43.8599% accepted

energy = -346.7428091
energy/site = -0.3940259194
43.86% accepted

energy = -231.5617088
energy/site = -0.2631383054
43.8457% accepted

energy = -1887.538247
energy/site = -2.144929826
43.7597% accepted

energy = -954.7226235
energy/site = -1.084912072
43.8792% accepted

energy = -1058.961278
energy/site = -1.203365088
43.8271% accepted

energy = -698.6572457
energy/site = -0.7939286883
43.8357% accepted

energy = -1587.141403
energy/site = -1.803569776
43.8521% accepted

energy = -985.1511815
energy/site = -1.119489979
43.8556% accepted

energy = -6331.431057
energy/site = -7.194808019
43.7688% accepted

energy = -440.7590493
energy/site = -0.500862556
43.8082% accepted

energy = -84.16105666
energy/site = -0.09563756438
43.7749% accepted

energy = -929.9223871
energy/site = -1.056729985
43.918% accepted

energy = -1567.391128
energy/site = -1.781126281
43.9719% accepted

energy = -860.441796
energy/site = -0.9777747682
43.8614% accepted

energy = -669.2338979
energy/site = -0.7604930658
43.8767% accepted

energy = -2119.175036
energy/site = -2.40815345
43.784% accepted

energy = -261.9302826
energy/site = -0.2976480484
43.9488% accepted

energy = -934.435215
energy/site = -1.061858199
43.9141% accepted

energy = -272.3202543
energy/site = -0.3094548344
43.745% accepted

energy = -1251.25588
energy/site = -1.421881682
44.0141% accepted

energy = -94.87537301
energy/site = -0.1078129239
44.0027% accepted

energy = -1297.133699
energy/site = -1.474015567
43.8962% accepted

energy = -863.4612544
energy/site = -0.9812059709
43.7893% accepted

energy = -1484.540214
energy/site = -1.686977516
43.7649% accepted

energy = -1629.311393
energy/site = -1.85149022
43.6515% accepted

energy = -950.464178
energy/site = -1.08007293
43.9261% accepted

energy = -577.2196122
energy/site = -0.6559313775
43.8325% accepted

energy = -2973.917878
energy/site = -3.379452134
43.938% accepted

energy = -2431.572436
energy/site = -2.763150496
43.9115% accepted

energy = -250.6035501
energy/site = -0.2847767615
43.9766% accepted

energy = -690.7563315
energy/site = -0.7849503767
44.0081% accepted

energy = -331.9913113
energy/site = -0.3772628537
43.7425% accepted

energy = -510.1536922
energy/site = -0.5797201048
43.8363% accepted

energy = -3815.629586
energy/site = -4.335942711
43.8011% accepted

energy = -6753.65942
energy/site = -7.674612977
43.8933% accepted

energy = -184.5447506
energy/site = -0.2097099438
43.8817% accepted

energy = -91.13974835
energy/site = -0.1035678959
43.8775% accepted

energy = -1093.532799
energy/site = -1.242650908
43.8691% accepted

energy = -1527.901414
energy/site = -1.736251607
43.8684% accepted

energy = -1257.669096
energy/site = -1.429169427
43.8483% accepted

energy = -1777.88377
energy/site = -2.020322466
43.8127% accepted

energy = -825.8311928
energy/site = -0.9384445373
44.0598% accepted

energy = -6568.331192
energy/site = -7.464012719
43.8245% accepted

energy = -1357.99525
energy/site = -1.54317642
43.6521% accepted

energy = -681.2736372
energy/site = -0.7741745878
43.8608% accepted

energy = -1501.779102
energy/site = -1.706567162
43.7846% accepted

energy = -2917.53449
energy/site = -3.315380102
43.9655% accepted

energy = -2436.361749
energy/site = -2.768592897
44.0026% accepted

energy = -2126.238442
energy/site = -2.416180048
43.8354% accepted

energy = -570.0352588
energy/site = -0.6477673396
43.8737% accepted

energy = -271.3846041
energy/site = -0.3083915956
43.8824% accepted

energy = -1238.39351
energy/site = -1.407265352
43.8259% accepted

energy = -551.0399461
energy/site = -0.626181757
43.8511% accepted

energy = -438.5283865
energy/site = -0.4983277119
43.939% accepted

energy = -1489.443402
energy/site = -1.69254932
43.7789% accepted

energy = -945.612552
energy/site = -1.074559718
43.8214% accepted

energy = -891.4309085
energy/site = -1.012989669
43.8939% accepted

energy = -240.9206223
energy/site = -0.2737734344
44.0428% accepted

energy = -5453.347447
energy/site = -6.196985735
43.8225% accepted

energy = -8076.014089
energy/site = -9.177288737
43.7658% accepted

energy = -29210.52366
energy/site = -33.19377689
44.1147% accepted

energy = -973.8067676
energy/site = -1.1065986
43.7803% accepted

energy = -1054.386363
energy/site = -1.198166321
43.8531% accepted

energy = -584.1403971
energy/site = -0.6637959057
43.7226% accepted

energy = -2873.871783
energy/site = -3.265763389
43.9281% accepted

energy = -2432.009211
energy/site = -2.763646831
43.8723% accepted

energy = -1539.333068
energy/site = -1.749242123
43.7233% accepted

energy = -5268.571509
energy/site = -5.987013078
43.935% accepted

energy = -642.2249494
energy/site = -0.7298010789
43.8827% accepted

energy = -556.9968224
energy/site = -0.6329509345
44.0377% accepted

energy = -1110.37859
energy/site = -1.261793852
43.9169% accepted

energy = -3156.737274
energy/site = -3.587201448
43.8885% accepted

energy = -872.022164
energy/site = -0.9909342772
43.8939% accepted

energy = -4288.177356
energy/site = -4.872928813
44.0325% accepted

energy = -604.1887446
energy/site = -0.6865781189
43.8204% accepted

energy = -377.5357977
energy/site = -0.4290179519
43.8055% accepted

energy = -110.7614092
energy/site = -0.1258652378
43.7928% accepted

energy = -963.673304
energy/site = -1.0950833
43.6783% accepted

energy = -230.1418279
energy/site = -0.2615248044
43.9359% accepted

energy = -4993.725294
energy/site = -5.674687835
43.9589% accepted

energy = -7811.8681
energy/site = -8.877122841
43.8594% accepted

energy = -738.3950149
energy/site = -0.8390852442
43.7668% accepted

energy = -486.9686542
energy/site = -0.5533734707
43.7608% accepted

energy = -1967.930231
energy/site = -2.236284353
43.8302% accepted

energy = -855.3031427
energy/site = -0.9719353895
43.898% accepted

energy = -8098.20947
energy/site = -9.202510762
43.8259% accepted

energy = -223.5344131
energy/site = -0.2540163785
43.7332% accepted

energy = -4619.203594
energy/site = -5.249094993
43.8587% accepted

energy = -667.8323919
energy/site = -0.7589004454
43.866% accepted

energy = -1402.801481
energy/site = -1.594092592
43.8247% accepted

energy = -864.2192076
energy/site = -0.9820672814
43.9244% accepted

energy = -662.4641444
energy/site = -0.7528001641
43.916% accepted

energy = -3839.584558
energy/site = -4.36316427
43.9152% accepted

User defined signal 2

------------------------------------------------------------
Sender: LSF System <lsfadmin@wha596>
Subject: Job 3908572: <./torus04> Exited

Job <./torus04> was submitted from host <wha780> by user <akallin>.
Job was executed on host(s) <wha596>, in queue <serial>, as user <akallin>.
</home/akallin> was used as the home directory.
</work/akallin/TORUS/OBC/11leg/04> was used as the working directory.
Started at Sat Jun 26 17:02:04 2010
Results reported at Sat Jul  3 16:40:52 2010

Your job looked like:

------------------------------------------------------------
# LSBATCH: User input
./torus04
------------------------------------------------------------

TERM_RUNLIMIT: job killed after reaching LSF run time limit.
Exited with exit code 140.

Resource usage summary:

    CPU time   : 426940.00 sec.
    Max Memory :         6 MB
    Max Swap   :       124 MB

    Max Processes  :         4
    Max Threads    :         4

The output (if any) is above this job summary.


weighting by <swap_x> where x = 4
11 x 40 x 1 system
r   = 3  bondops changed per step 
n/N = 80  bond operators / site
its = 1000000  iterations/loop for 100000 loops

energy = -2848.069582
energy/site = -3.236442707
43.8399% accepted

energy = -151405.3999
energy/site = -172.0515908
43.7808% accepted

energy = -2511.707802
energy/site = -2.854213411
43.9155% accepted

energy = -2299.309503
energy/site = -2.612851708
43.7806% accepted

energy = -520.8514319
energy/site = -0.5918766272
43.9408% accepted

energy = -1075.266664
energy/site = -1.221893936
43.822% accepted

energy = -427.3975991
energy/site = -0.4856790898
43.725% accepted

energy = -974.9154427
energy/site = -1.107858458
43.8045% accepted

energy = -320.6811912
energy/site = -0.3644104445
43.8557% accepted

energy = -821.5649745
energy/site = -0.9335965619
43.6847% accepted

energy = -243.8453558
energy/site = -0.2770969952
43.7611% accepted

energy = -18528.164
energy/site = -21.05473181
43.9134% accepted

energy = -669.8743516
energy/site = -0.7612208541
43.9812% accepted

energy = -615.9550719
energy/site = -0.6999489453
43.8288% accepted

energy = -783.0894929
energy/site = -0.8898744237
43.8611% accepted

energy = -1022.888766
energy/site = -1.162373598
43.7199% accepted

energy = -875.1060535
energy/site = -0.9944386972
43.8621% accepted

energy = -1747.128434
energy/site = -1.985373221
43.962% accepted

energy = -1070.435314
energy/site = -1.216403765
43.8509% accepted

energy = -587.0744837
energy/site = -0.6671300951
43.8017% accepted

energy = -995.1476675
energy/site = -1.130849622
43.7623% accepted

energy = -1673.678634
energy/site = -1.901907539
43.7946% accepted

energy = -733.1218646
energy/site = -0.833093028
43.8543% accepted

energy = -417.3048027
energy/site = -0.4742100031
43.9323% accepted

energy = -452.8936013
energy/site = -0.5146518197
43.9135% accepted

energy = -856.8125076
energy/site = -0.9736505769
43.791% accepted

energy = -1567.649113
energy/site = -1.781419447
44.0114% accepted

energy = -850.9236931
energy/site = -0.9669587421
43.9013% accepted

energy = -2020.702394
energy/site = -2.296252721
44.0003% accepted

energy = -2425.813414
energy/site = -2.756606152
43.7945% accepted

energy = -1523.029228
energy/site = -1.730715032
43.8352% accepted

energy = -3704.873304
energy/site = -4.2100833
43.8862% accepted

energy = -658.9250372
energy/site = -0.7487784513
43.8724% accepted

energy = -579.4500744
energy/site = -0.6584659936
43.8097% accepted

energy = -4229.280752
energy/site = -4.806000855
44.0378% accepted

energy = -497.3878915
energy/site = -0.5652135131
43.9521% accepted

energy = -1172.339359
energy/site = -1.332203817
43.7754% accepted

energy = -71262.35292
energy/site = -80.9799465
43.8067% accepted

energy = -2008.050964
energy/site = -2.281876095
43.793% accepted

energy = -893.7752541
energy/site = -1.015653698
43.821% accepted

energy = -2946.410064
energy/site = -3.348193254
43.8508% accepted

energy = -2339.584912
energy/site = -2.658619218
43.8889% accepted

energy = -3633.280096
energy/site = -4.128727381
43.861% accepted

energy = -755.414421
energy/site = -0.8584254784
43.6268% accepted

energy = -684.1293389
energy/site = -0.7774197033
43.9314% accepted

energy = -494.301453
energy/site = -0.5617061966
43.7157% accepted

energy = -1549.317495
energy/site = -1.760588062
43.8032% accepted

energy = -669.1890055
energy/site = -0.7604420517
43.8235% accepted

energy = -4717.347951
energy/site = -5.360622672
43.7634% accepted

energy = -1688.861233
energy/site = -1.919160492
43.975% accepted

energy = -416.6211265
energy/site = -0.4734330983
43.8957% accepted

energy = -349.32042
energy/site = -0.3969550227
43.911% accepted

energy = -206.5435491
energy/site = -0.2347085785
43.8394% accepted

energy = -440.5917563
energy/site = -0.5006724504
43.7357% accepted

energy = -3397.921849
energy/site = -3.861274828
43.7217% accepted

energy = -1480.183119
energy/site = -1.682026271
43.7852% accepted

energy = -527.3926275
energy/site = -0.599309804
43.851% accepted

energy = -616.4562085
energy/site = -0.7005184188
43.7859% accepted

energy = -7990.325331
energy/site = -9.079915148
43.9389% accepted

energy = -178.1552357
energy/site = -0.2024491314
43.878% accepted

energy = -29776.76065
energy/site = -33.83722801
43.6675% accepted

energy = -693.8572163
energy/site = -0.7884741095
43.782% accepted

energy = -2676.745722
energy/site = -3.041756502
43.8034% accepted

energy = -3011.926773
energy/site = -3.42264406
43.7581% accepted

energy = -302.6021684
energy/site = -0.3438661005
43.8426% accepted

energy = -1961.677124
energy/site = -2.22917855
43.8389% accepted

energy = -727.3987489
energy/site = -0.8265894873
43.7424% accepted

energy = -1728.480966
energy/site = -1.964182916
44.016% accepted

energy = -186.5991394
energy/site = -0.2120444766
43.9081% accepted

energy = -302.081151
energy/site = -0.3432740352
43.7848% accepted

energy = -914.0228521
energy/site = -1.038662332
44.0423% accepted

energy = -10379.84701
energy/site = -11.79528069
43.8651% accepted

energy = -634.3722665
energy/site = -0.7208775756
43.8853% accepted

energy = -2571.776024
energy/site = -2.922472754
43.7155% accepted

energy = -7916.406429
energy/site = -8.995916397
43.8106% accepted

energy = -3028.160243
energy/site = -3.441091185
43.951% accepted

energy = -240.8572299
energy/site = -0.2737013977
43.7807% accepted

energy = -446.3674545
energy/site = -0.5072357438
43.8687% accepted

energy = -749.8754515
energy/site = -0.8521311949
43.8309% accepted

energy = -2134.857728
energy/site = -2.425974691
43.7637% accepted

energy = -661.6563454
energy/site = -0.7518822107
43.7615% accepted

energy = -512.0669549
energy/site = -0.5818942669
43.871% accepted

energy = -3825.466713
energy/site = -4.347121265
43.7928% accepted

energy = -788.0908979
energy/site = -0.8955578385
43.8627% accepted

energy = -1177.804001
energy/site = -1.338413637
43.937% accepted

energy = -11636.21532
energy/site = -13.22297195
43.8898% accepted

energy = -563.3448958
energy/site = -0.6401646543
43.9259% accepted

energy = -149.0225079
energy/site = -0.169343759
44.0525% accepted

energy = -741.5578837
energy/site = -0.8426794133
43.7364% accepted

energy = -986.2176163
energy/site = -1.120701837
43.8803% accepted

energy = -1138.761756
energy/site = -1.29404745
43.981% accepted

energy = -13425.15015
energy/site = -15.25585244
43.7874% accepted

energy = -9236.533592
energy/site = -10.4960609
43.801% accepted

energy = -636.3370057
energy/site = -0.7231102338
43.8884% accepted

energy = -474.157497
energy/site = -0.5388153375
43.8739% accepted

energy = -5693.892263
energy/site = -6.470332117
43.8643% accepted

energy = -1226.107071
energy/site = -1.393303489
43.8618% accepted

energy = -808.9877245
energy/site = -0.9193042323
43.7481% accepted

energy = -1308.040073
energy/site = -1.486409174
43.7645% accepted

energy = -19063.79089
energy/site = -21.66339873
43.772% accepted

energy = -1389.145603
energy/site = -1.578574549
43.8124% accepted

energy = -903.7099922
energy/site = -1.026943173
43.8332% accepted

energy = -688.4235369
energy/site = -0.7822994737
43.9675% accepted

energy = -1828.207156
energy/site = -2.077508132
43.7999% accepted

energy = -151.4771232
energy/site = -0.1721330946
43.8527% accepted

energy = -236.618366
energy/site = -0.2688845068
43.8816% accepted

energy = -837.099655
energy/site = -0.9512496079
43.8853% accepted

energy = -612.6397393
energy/site = -0.6961815219
43.8289% accepted

energy = -1498.649826
energy/site = -1.703011166
43.8128% accepted

energy = -1527.950143
energy/site = -1.73630698
43.9228% accepted

energy = -2014.402649
energy/site = -2.289093919
43.7401% accepted

energy = -365.7414353
energy/site = -0.4156152674
43.8855% accepted

energy = -7653.55154
energy/site = -8.697217659
43.822% accepted

energy = -1602.768521
energy/site = -1.821327865
43.7836% accepted

energy = -3727.036772
energy/site = -4.235269059
43.8929% accepted

energy = -376.2648135
energy/site = -0.4275736518
43.7711% accepted

energy = -16636.98821
energy/site = -18.90566842
43.7685% accepted

energy = -495.8010469
energy/site = -0.5634102806
43.8544% accepted

energy = -671.7906312
energy/site = -0.7633984445
43.8846% accepted

energy = -3445.98539
energy/site = -3.915892489
43.9301% accepted

energy = -1186.971476
energy/site = -1.348831223
43.9625% accepted

energy = -437.0616281
energy/site = -0.4966609411
43.8989% accepted

energy = -732.7612343
energy/site = -0.8326832208
43.8453% accepted

energy = -981.4768466
energy/site = -1.115314598
43.8728% accepted

energy = -1025.618956
energy/site = -1.165476087
43.9322% accepted

energy = -600.0628679
energy/site = -0.6818896226
43.9252% accepted

energy = -2029.533999
energy/site = -2.306288635
43.8341% accepted

energy = -19154.89659
energy/site = -21.76692795
43.8522% accepted

energy = -2510.48424
energy/site = -2.852823
43.8536% accepted

energy = -793.6346075
energy/site = -0.9018575085
43.7595% accepted

energy = -596.1708438
energy/site = -0.6774668679
43.8242% accepted

energy = -250.0968788
energy/site = -0.2842009987
43.8351% accepted

energy = -476.0634055
energy/site = -0.5409811426
43.6503% accepted

energy = -404.6624612
energy/site = -0.4598437059
43.7445% accepted

energy = -4793.05748
energy/site = -5.446656228
43.967% accepted

energy = -6608.272562
energy/site = -7.509400639
43.9204% accepted

energy = -305.541049
energy/site = -0.3472057375
43.9211% accepted

energy = -528.2702492
energy/site = -0.6003071013
43.7952% accepted

energy = -1199.99113
energy/site = -1.363626284
44.0082% accepted

energy = -705.9652442
energy/site = -0.8022332321
43.9801% accepted

energy = -796.0407095
energy/site = -0.9045917154
43.8034% accepted

energy = -1522.462542
energy/site = -1.73007107
43.8418% accepted

energy = -3889.566829
energy/site = -4.419962305
43.8854% accepted

energy = -769.2819624
energy/site = -0.8741840482
43.7672% accepted

energy = -1277.030087
energy/site = -1.451170553
43.7872% accepted

energy = -2758.650706
energy/site = -3.134830348
43.7686% accepted

energy = -521.8798436
energy/site = -0.5930452768
43.7168% accepted

energy = -2853.919276
energy/site = -3.243090086
43.8596% accepted

energy = -877.1916086
energy/site = -0.9968086461
43.7926% accepted

energy = -4365.863681
energy/site = -4.961208728
43.8599% accepted

energy = -599.0073789
energy/site = -0.6806902033
43.8166% accepted

energy = -697.7521887
energy/site = -0.7929002144
43.7643% accepted

energy = -2686.294649
energy/site = -3.052607555
43.8345% accepted

energy = -1288.300857
energy/site = -1.463978246
43.831% accepted

energy = -1828.138578
energy/site = -2.077430202
43.8268% accepted

energy = -23033.96276
energy/site = -26.17495768
43.8347% accepted

energy = -291.857908
energy/site = -0.3316567136
43.9474% accepted

energy = -500.789686
energy/site = -0.5690791886
43.7812% accepted

energy = -604.1756237
energy/site = -0.6865632088
43.8085% accepted

energy = -744.185195
energy/site = -0.8456649943
44.1416% accepted

energy = -633.874582
energy/site = -0.720312025
43.8783% accepted

energy = -497.0769694
energy/site = -0.5648601925
43.9662% accepted

energy = -4219.731484
energy/site = -4.795149414
43.8729% accepted

energy = -6334.873092
energy/site = -7.198719422
43.899% accepted

energy = -409.3903376
energy/site = -0.4652162927
43.9525% accepted

energy = -1221.829842
energy/site = -1.388443002
43.9853% accepted

energy = -1802.620487
energy/site = -2.048432371
43.8951% accepted

energy = -801.0584787
energy/site = -0.9102937258
43.7588% accepted

energy = -2846.476084
energy/site = -3.234631913
43.8621% accepted

energy = -4137.954069
energy/site = -4.702220533
43.9355% accepted

energy = -595.3536091
energy/site = -0.6765381921
43.7451% accepted

energy = -49159.8556
energy/site = -55.86347227
43.7657% accepted

energy = -2937.146142
energy/site = -3.337666071
43.7556% accepted

energy = -2630.572842
energy/site = -2.98928732
43.8325% accepted

energy = -5007.946791
energy/site = -5.690848626
43.7517% accepted

energy = -6059.175115
energy/site = -6.885426267
43.8403% accepted

energy = -495.0309828
energy/site = -0.5625352077
43.7436% accepted

energy = -2273.423622
energy/site = -2.583435934
43.9055% accepted

energy = -1500.051877
energy/site = -1.704604406
43.9203% accepted

energy = -678.0587536
energy/site = -0.7705213109
44.0014% accepted

energy = -1448.95881
energy/site = -1.646544102
43.8954% accepted

energy = -1323.87432
energy/site = -1.504402636
43.7628% accepted

energy = -841.0897511
energy/site = -0.9557838081
43.8598% accepted

energy = -1988.929385
energy/site = -2.260147028
43.9168% accepted

energy = -2897.964777
energy/site = -3.293141791
43.9038% accepted

energy = -2431.31923
energy/site = -2.762862761
43.8402% accepted

energy = -1049.360896
energy/site = -1.192455564
43.8997% accepted

energy = -238.3181052
energy/site = -0.2708160287
43.8077% accepted

energy = -478.8328668
energy/site = -0.5441282577
43.8997% accepted

energy = -1719.629148
energy/site = -1.954124032
43.7625% accepted

energy = -18363.75769
energy/site = -20.86790647
43.789% accepted

energy = -933.3901931
energy/site = -1.060670674
43.8936% accepted

energy = -81.43155834
energy/site = -0.09253586175
43.9769% accepted

energy = -1944.224534
energy/site = -2.209346061
43.8069% accepted

energy = -1255.443188
energy/site = -1.426639987
44.0069% accepted

energy = -914.0471664
energy/site = -1.038689962
43.7999% accepted

energy = -1527.69544
energy/site = -1.736017545
43.9559% accepted

energy = -1511.709237
energy/site = -1.717851405
43.7681% accepted

energy = -186.7644064
energy/site = -0.21223228
43.8848% accepted

energy = -203.7410546
energy/site = -0.2315239257
43.8596% accepted

energy = -439.2102008
energy/site = -0.4991025009
43.7757% accepted

energy = -244.451036
energy/site = -0.2777852681
43.7538% accepted

energy = -2914.354542
energy/site = -3.311766525
43.8465% accepted

energy = -1698.579284
energy/site = -1.930203732
43.8749% accepted

energy = -1229.760771
energy/site = -1.397455421
43.9331% accepted

energy = -1098.20229
energy/site = -1.247957148
43.9282% accepted

energy = -1564.878616
energy/site = -1.778271154
43.861% accepted

energy = -5675.996151
energy/site = -6.449995626
43.9319% accepted

energy = -479.5661142
energy/site = -0.5449614934
43.928% accepted

energy = -1320.696419
energy/site = -1.500791386
43.7792% accepted

energy = -1993.41955
energy/site = -2.265249489
43.7181% accepted

energy = -1927.382004
energy/site = -2.190206823
43.9347% accepted

energy = -11856.23934
energy/site = -13.47299924
43.8751% accepted

energy = -2021.685367
energy/site = -2.297369735
43.813% accepted

energy = -1441.973334
energy/site = -1.638606061
43.8404% accepted

energy = -4739.093857
energy/site = -5.385333929
43.8186% accepted

energy = -954.7162659
energy/site = -1.084904848
43.7136% accepted

energy = -2881.260914
energy/site = -3.274160129
43.6655% accepted

energy = -1302.642261
energy/site = -1.480275297
43.7766% accepted

energy = -1103.013674
energy/site = -1.25342463
43.8456% accepted

energy = -258.0067817
energy/site = -0.2931895247
43.8175% accepted

energy = -2032.5575
energy/site = -2.309724432
43.8977% accepted

energy = -6489.498285
energy/site = -7.37442987
43.8533% accepted

energy = -2145.1204
energy/site = -2.437636818
43.8626% accepted

energy = -982.2158841
energy/site = -1.116154414
43.6967% accepted

energy = -5893.085551
energy/site = -6.696688126
43.9661% accepted

energy = -611.7361246
energy/site = -0.695154687
43.9376% accepted

energy = -443.4778316
energy/site = -0.5039520813
43.8939% accepted

energy = -7369.485855
energy/site = -8.374415744
43.7115% accepted

energy = -324.1948204
energy/site = -0.368403205
43.9318% accepted

energy = -629.2930844
energy/site = -0.7151057777
43.9318% accepted

energy = -709.4731853
energy/site = -0.8062195288
43.8955% accepted

energy = -580.276736
energy/site = -0.6594053818
43.8606% accepted

energy = -1529.733323
energy/site = -1.738333322
43.8203% accepted

energy = -697.9679771
energy/site = -0.7931454286
43.9572% accepted

energy = -1946.420479
energy/site = -2.211841453
43.818% accepted

energy = -4004.684296
energy/site = -4.550777609
43.8897% accepted

energy = -1078.079681
energy/site = -1.225090546
43.8908% accepted

energy = -893.0950968
energy/site = -1.014880792
43.7797% accepted

energy = -200.7489173
energy/site = -0.2281237697
43.7511% accepted

energy = -893.8969016
energy/site = -1.015791934
43.8678% accepted

energy = -1284.458538
energy/site = -1.459611975
43.8809% accepted

energy = -3726.934328
energy/site = -4.235152645
43.7905% accepted

energy = -578.5581937
energy/site = -0.6574524928
43.7709% accepted

energy = -1662.97248
energy/site = -1.889741455
43.8522% accepted

energy = -746.2499301
energy/site = -0.8480112842
43.8649% accepted

energy = -1208.574824
energy/site = -1.373380481
43.7277% accepted

energy = -638.7832586
energy/site = -0.7258900666
43.6912% accepted

energy = -800.5664481
energy/site = -0.9097346001
43.814% accepted

energy = -1942.22165
energy/site = -2.207070057
43.8408% accepted

energy = -669.4766404
energy/site = -0.7607689096
43.8559% accepted

energy = -2739.977564
energy/site = -3.113610868
43.8375% accepted

energy = -2067.482593
energy/site = -2.349412037
43.8912% accepted

energy = -46511.91608
energy/site = -52.85445009
43.8323% accepted

energy = -10759.42649
energy/site = -12.22662101
43.7923% accepted

energy = -210.5051925
energy/site = -0.239210446
43.8945% accepted

energy = -3848.923167
energy/site = -4.373776326
43.8714% accepted

energy = -2166.210584
energy/site = -2.461602936
43.7653% accepted

energy = -722.4525351
energy/site = -0.8209687899
43.931% accepted

energy = -194.6747932
energy/site = -0.2212213559
43.7489% accepted

energy = -5952.255866
energy/site = -6.763927121
43.8802% accepted

energy = -2141.616725
energy/site = -2.433655369
43.8299% accepted

energy = -4084.599502
energy/site = -4.641590343
43.9468% accepted

energy = -1396.498691
energy/site = -1.58693033
43.8959% accepted

energy = -3095.267051
energy/site = -3.517348921
43.8855% accepted

energy = -850.3410289
energy/site = -0.9662966238
43.8531% accepted

energy = -424.8744728
energy/site = -0.4828119009
43.8573% accepted

energy = -1001.912702
energy/site = -1.138537161
43.8311% accepted

energy = -1634.194442
energy/site = -1.857039139
44.0786% accepted

energy = -812.0639037
energy/site = -0.9227998906
43.8028% accepted

energy = -612.7281665
energy/site = -0.6962820074
43.8778% accepted

energy = -1107.837654
energy/site = -1.258906425
43.9776% accepted

energy = -230.5076593
energy/site = -0.2619405219
43.8752% accepted

energy = -2291.468228
energy/site = -2.603941168
43.8455% accepted

energy = -491.4421193
energy/site = -0.5584569537
43.9382% accepted

energy = -1158.028241
energy/site = -1.315941183
43.764% accepted

energy = -384.7207206
energy/site = -0.4371826371
43.93% accepted

energy = -1481.536948
energy/site = -1.683564714
43.9086% accepted

energy = -632.6426165
energy/site = -0.7189120642
43.7255% accepted

energy = -371.1065032
energy/site = -0.4217119354
43.7906% accepted

energy = -511.4791044
energy/site = -0.581226255
43.9739% accepted

energy = -801.199787
energy/site = -0.9104543034
43.9201% accepted

energy = -393.027366
energy/site = -0.4466220068
43.8771% accepted

energy = -415.8611941
energy/site = -0.4725695387
43.8618% accepted

energy = -2318.647619
energy/site = -2.63482684
43.8168% accepted

energy = -3732.166447
energy/site = -4.241098235
43.8289% accepted

energy = -295.5601122
energy/site = -0.3358637638
43.925% accepted

energy = -513.9953689
energy/site = -0.5840856464
43.917% accepted

energy = -376.5606302
energy/site = -0.4279098071
43.7575% accepted

energy = -3098.234893
energy/site = -3.520721469
43.9302% accepted

energy = -311.1591121
energy/site = -0.3535899002
43.9266% accepted

energy = -1634.261001
energy/site = -1.857114774
43.7773% accepted

energy = -49083.56724
energy/site = -55.77678095
43.8599% accepted

energy = -393.7171506
energy/site = -0.4474058529
43.9272% accepted

energy = -936.4228117
energy/site = -1.064116831
43.7948% accepted

energy = -635.5821976
energy/site = -0.7222524972
43.8554% accepted

energy = -1546.344402
energy/site = -1.757209548
43.9037% accepted

energy = -416.820792
energy/site = -0.4736599909
43.9429% accepted

energy = -2047.575922
energy/site = -2.326790821
43.8662% accepted

energy = -892.915268
energy/site = -1.014676441
43.7649% accepted

energy = -2463.249573
energy/site = -2.799147242
43.7713% accepted

User defined signal 2

------------------------------------------------------------
Sender: LSF System <lsfadmin@wha735>
Subject: Job 5120765: <./torus04> Exited

Job <./torus04> was submitted from host <wha780> by user <akallin>.
Job was executed on host(s) <wha735>, in queue <serial>, as user <akallin>.
</home/akallin> was used as the home directory.
</work/akallin/TORUS/OBC/11leg/04> was used as the working directory.
Started at Wed Jul 21 18:01:18 2010
Results reported at Wed Jul 28 18:27:32 2010

Your job looked like:

------------------------------------------------------------
# LSBATCH: User input
./torus04
------------------------------------------------------------

TERM_RUNLIMIT: job killed after reaching LSF run time limit.
Exited with exit code 140.

Resource usage summary:

    CPU time   : 562002.00 sec.
    Max Memory :         6 MB
    Max Swap   :       122 MB

    Max Processes  :         4
    Max Threads    :         4

The output (if any) is above this job summary.


weighting by <swap_x> where x = 4
11 x 40 x 1 system
r   = 3  bondops changed per step 
n/N = 80  bond operators / site
its = 1000000  iterations/loop for 100000 loops

energy = -15784.22591
energy/site = -17.93662035
43.7664% accepted

energy = -62.66200925
energy/site = -0.0712068287
43.875% accepted

energy = -1038.032604
energy/site = -1.179582505
43.9527% accepted

energy = -564.4454485
energy/site = -0.6414152824
43.6939% accepted

energy = -2970.030136
energy/site = -3.375034245
43.9428% accepted

energy = -1273.594152
energy/site = -1.447266081
43.8132% accepted

energy = -309.2692055
energy/site = -0.351442279
43.9155% accepted

energy = -890.5461781
energy/site = -1.011984293
43.946% accepted

energy = -663.0297572
energy/site = -0.7534429059
43.87% accepted

energy = -820.8290904
energy/site = -0.93276033
43.7497% accepted

energy = -904.7082139
energy/site = -1.028077516
43.9516% accepted

energy = -4423.548275
energy/site = -5.026759403
43.844% accepted

energy = -392.5903816
energy/site = -0.4461254336
43.8291% accepted

energy = -298.4718379
energy/site = -0.3391725431
43.8899% accepted

energy = -267.5403076
energy/site = -0.3040230768
43.7904% accepted

energy = -1091.999483
energy/site = -1.240908504
43.9416% accepted

energy = -178.1567357
energy/site = -0.2024508361
43.8141% accepted

energy = -887.7278729
energy/site = -1.008781674
43.8317% accepted

energy = -4806.561755
energy/site = -5.462001994
43.7272% accepted

energy = -2018.670896
energy/site = -2.2939442
43.8637% accepted

energy = -275.2578827
energy/site = -0.3127930485
43.805% accepted

energy = -1880.57251
energy/site = -2.137014216
43.7614% accepted

energy = -941.0966279
energy/site = -1.069427986
43.7746% accepted

energy = -910.9133038
energy/site = -1.035128754
43.8728% accepted

energy = -371.5814406
energy/site = -0.4222516371
43.8472% accepted

energy = -1885.04926
energy/site = -2.142101432
43.8541% accepted

energy = -670.4730605
energy/site = -0.7619012052
43.7808% accepted

energy = -1648.806921
energy/site = -1.873644229
43.8082% accepted

energy = -1245.32467
energy/site = -1.415141671
43.9431% accepted

energy = -1506.068045
energy/site = -1.71144096
43.902% accepted

energy = -220.1760773
energy/site = -0.2502000878
43.8997% accepted

energy = -171.4497322
energy/site = -0.1948292412
43.8536% accepted

energy = -840.0432334
energy/site = -0.9545945834
43.8336% accepted

energy = -1184.744739
energy/site = -1.34630084
43.8591% accepted

energy = -1343.659742
energy/site = -1.52688607
44.0742% accepted

energy = -234.4626546
energy/site = -0.2664348348
43.9285% accepted

energy = -448.8192212
energy/site = -0.5100218422
43.7065% accepted

energy = -2300.36067
energy/site = -2.614046216
43.9579% accepted

energy = -865.5305006
energy/site = -0.983557387
43.9007% accepted

energy = -4474.578263
energy/site = -5.084748026
43.9626% accepted

energy = -144.8298079
energy/site = -0.1645793272
43.8221% accepted

energy = -10118.25804
energy/site = -11.4980205
43.8406% accepted

energy = -207.998854
energy/site = -0.2363623341
43.8514% accepted

energy = -8821.265355
energy/site = -10.02416518
43.7837% accepted

energy = -4235.726692
energy/site = -4.813325787
43.8019% accepted

energy = -1509.671201
energy/site = -1.715535456
43.756% accepted

energy = -1465.620098
energy/site = -1.665477384
43.8978% accepted

energy = -11573.31022
energy/site = -13.15148888
43.773% accepted

energy = -515.2970689
energy/site = -0.585564851
43.8546% accepted

energy = -727.089421
energy/site = -0.8262379784
43.8156% accepted

energy = -411.2240229
energy/site = -0.4673000261
44.0391% accepted

energy = -1323.997617
energy/site = -1.504542746
43.8319% accepted

energy = -10391.24666
energy/site = -11.80823484
43.7836% accepted

energy = -992.7207975
energy/site = -1.128091815
43.7242% accepted

energy = -274.6973385
energy/site = -0.3121560665
43.7025% accepted

energy = -6023.91249
energy/site = -6.845355102
43.815% accepted

energy = -434.0306411
energy/site = -0.4932166376
43.7583% accepted

energy = -1096.315485
energy/site = -1.245813052
43.7962% accepted

energy = -723.3705368
energy/site = -0.8220119736
43.9277% accepted

energy = -639.6105669
energy/site = -0.7268301897
43.9799% accepted

energy = -763.752259
energy/site = -0.8679002944
43.8113% accepted

energy = -12413.89923
energy/site = -14.10670367
43.7493% accepted

energy = -5679.852784
energy/site = -6.454378164
43.8989% accepted

energy = -294.0064021
energy/site = -0.3340981842
43.766% accepted

energy = -2910.186895
energy/site = -3.307030562
43.8492% accepted

energy = -1272.951729
energy/site = -1.446536055
43.9534% accepted

energy = -637.7936036
energy/site = -0.7247654586
43.7158% accepted

energy = -27253.11136
energy/site = -30.96944472
43.9274% accepted

energy = -8666.834876
energy/site = -9.848675996
43.8095% accepted

energy = -3344.123478
energy/site = -3.800140316
43.9892% accepted

energy = -95.04195394
energy/site = -0.1080022204
43.809% accepted

energy = -376.2553165
energy/site = -0.4275628597
43.7938% accepted

energy = -320.7385103
energy/site = -0.3644755799
43.8864% accepted

energy = -3696.258328
energy/site = -4.200293554
43.8888% accepted

energy = -716.8020635
energy/site = -0.8145477995
43.8053% accepted

energy = -7607.073579
energy/site = -8.644401794
43.9371% accepted

energy = -680.3537975
energy/site = -0.7731293154
43.7718% accepted

energy = -532.8722724
energy/site = -0.6055366732
43.8469% accepted

energy = -2687.539822
energy/site = -3.054022525
43.6748% accepted

energy = -355.2266828
energy/site = -0.403666685
43.6697% accepted

energy = -1359.143924
energy/site = -1.544481732
43.8631% accepted

energy = -1567.502954
energy/site = -1.781253357
43.8942% accepted

energy = -1537.97396
energy/site = -1.747697682
43.8717% accepted

energy = -543.9804639
energy/site = -0.6181596181
43.8054% accepted

energy = -596.966036
energy/site = -0.6783704955
44.0384% accepted

energy = -423.4416387
energy/site = -0.4811836804
43.8061% accepted

energy = -928.4163477
energy/site = -1.055018577
43.8031% accepted

energy = -3379.52211
energy/site = -3.840366034
43.8808% accepted

energy = -3810.555317
energy/site = -4.330176496
43.7693% accepted

energy = -2105.33544
energy/site = -2.392426636
43.8337% accepted

energy = -214.6327681
energy/site = -0.2439008729
44.0227% accepted

energy = -1044.651866
energy/site = -1.187104393
43.8447% accepted

energy = -161.5708468
energy/site = -0.183603235
43.8013% accepted

energy = -923.3557105
energy/site = -1.049267853
43.8795% accepted

energy = -767.5289463
energy/site = -0.8721919844
43.8641% accepted

energy = -3513.928653
energy/site = -3.993100742
43.9112% accepted

energy = -4482.843748
energy/site = -5.094140623
43.889% accepted

energy = -855.0000798
energy/site = -0.9715909998
43.7613% accepted

energy = -1704.568676
energy/site = -1.937009859
43.8968% accepted

energy = -1580.696064
energy/site = -1.796245527
43.847% accepted

energy = -495.8784616
energy/site = -0.5634982518
43.9326% accepted

energy = -15156.53262
energy/site = -17.22333252
43.8858% accepted

energy = -3468.551037
energy/site = -3.941535269
43.8664% accepted

energy = -667.4737634
energy/site = -0.758492913
43.9388% accepted

energy = -2001.388397
energy/site = -2.274304997
43.9147% accepted

energy = -923.0228242
energy/site = -1.048889573
43.8509% accepted

energy = -520.6755818
energy/site = -0.5916767975
43.9627% accepted

energy = -523.2861739
energy/site = -0.5946433795
43.9072% accepted

energy = -730.6403164
energy/site = -0.8302730868
43.7668% accepted

energy = -2506.562428
energy/site = -2.848366395
43.8748% accepted

energy = -306.9709123
energy/site = -0.3488305822
43.7937% accepted

energy = -666.741834
energy/site = -0.757661175
43.9045% accepted

energy = -650.632312
energy/site = -0.7393549
43.8909% accepted

energy = -357.6390279
energy/site = -0.4064079862
43.6874% accepted

energy = -3379.99234
energy/site = -3.840900386
43.9827% accepted

energy = -561.6928343
energy/site = -0.6382873117
43.6411% accepted

energy = -1017.839001
energy/site = -1.156635229
43.6905% accepted

energy = -1506.947841
energy/site = -1.712440729
43.9305% accepted

energy = -541.2003971
energy/site = -0.6150004513
43.8829% accepted

energy = -1605.700821
energy/site = -1.824660024
43.8812% accepted

energy = -2578.081365
energy/site = -2.929637915
43.9041% accepted

energy = -687.2828251
energy/site = -0.7810032103
43.9876% accepted

energy = -176.8323699
energy/site = -0.2009458749
43.8821% accepted

energy = -2090.308049
energy/site = -2.375350056
43.8674% accepted

energy = -984.5055512
energy/site = -1.118756308
43.7782% accepted

energy = -1648.337897
energy/site = -1.873111246
43.8248% accepted

energy = -30944.05644
energy/site = -35.1637005
43.6862% accepted

energy = -430.1121242
energy/site = -0.4887637775
43.7651% accepted

energy = -1842.846286
energy/site = -2.094143507
43.8176% accepted

energy = -2855.330734
energy/site = -3.244694016
43.798% accepted

energy = -732.94065
energy/site = -0.8328871022
43.7659% accepted

energy = -113.3655018
energy/site = -0.1288244338
43.7746% accepted

energy = -1103.886852
energy/site = -1.254416878
43.7723% accepted

energy = -718.2505455
energy/site = -0.8161938017
43.8242% accepted

energy = -4632.36653
energy/site = -5.264052875
43.915% accepted

energy = -950.0514506
energy/site = -1.079603921
43.8548% accepted

energy = -752.4978082
energy/site = -0.8551111456
43.8938% accepted

energy = -238.7300296
energy/site = -0.2712841246
43.8977% accepted

energy = -317.470248
energy/site = -0.3607616454
43.9064% accepted

energy = -7011.941947
energy/site = -7.968115848
43.7456% accepted

energy = -3398.79436
energy/site = -3.862266318
43.8523% accepted

energy = -1367.171807
energy/site = -1.553604326
43.9323% accepted

energy = -539.1175029
energy/site = -0.6126335261
43.8196% accepted

energy = -358.9211791
energy/site = -0.4078649763
43.7866% accepted

energy = -3048.57113
energy/site = -3.464285375
43.8395% accepted

energy = -235.8801016
energy/site = -0.26804557
43.8307% accepted

energy = -142.2851594
energy/site = -0.1616876811
43.8116% accepted

energy = -446.7334713
energy/site = -0.507651672
43.7798% accepted

energy = -4522.419014
energy/site = -5.139112516
43.8501% accepted

energy = -441.0313805
energy/site = -0.5011720233
43.7669% accepted

energy = -458.1763705
energy/site = -0.5206549665
43.8828% accepted

energy = -220.371721
energy/site = -0.2504224103
43.8917% accepted

energy = -2137.940282
energy/site = -2.429477593
43.8238% accepted

energy = -3697.201718
energy/site = -4.201365589
43.7289% accepted

energy = -904.0598075
energy/site = -1.02734069
43.7263% accepted

energy = -2361.742837
energy/site = -2.683798679
43.8214% accepted

energy = -1865.461654
energy/site = -2.119842788
43.9618% accepted

energy = -4417.049687
energy/site = -5.019374644
43.7961% accepted

energy = -429.8710109
energy/site = -0.4884897851
43.8432% accepted

energy = -7838.297231
energy/site = -8.907155944
44.008% accepted

energy = -4878.743441
energy/site = -5.544026637
43.7636% accepted

energy = -229.8036791
energy/site = -0.2611405444
43.9311% accepted

energy = -23184.64369
energy/site = -26.34618601
43.8795% accepted

energy = -322.7941007
energy/site = -0.366811478
43.8306% accepted

energy = -543.9696045
energy/site = -0.6181472778
43.9696% accepted

energy = -372.8298035
energy/site = -0.4236702312
43.8888% accepted

energy = -769.0470964
energy/site = -0.8739171549
43.8716% accepted

energy = -216.2432651
energy/site = -0.2457309831
43.7771% accepted

energy = -713.2704823
energy/site = -0.810534639
43.8057% accepted

energy = -1226.33391
energy/site = -1.393561262
43.9052% accepted

energy = -22382.13685
energy/site = -25.43424642
43.903% accepted

energy = -534.1953678
energy/site = -0.6070401907
43.8703% accepted

energy = -2276.916675
energy/site = -2.587405312
43.8263% accepted

energy = -139.4002374
energy/site = -0.1584093607
43.8486% accepted

energy = -431.056694
energy/site = -0.4898371523
43.6427% accepted

energy = -743.1430263
energy/site = -0.8444807117
43.808% accepted

energy = -2006.086525
energy/site = -2.279643778
43.7932% accepted

energy = -3474.173241
energy/site = -3.947924138
43.94% accepted

energy = -233.6810568
energy/site = -0.2655466555
43.8377% accepted

energy = -848.9030951
energy/site = -0.964662608
43.821% accepted

energy = -804.3009102
energy/site = -0.913978307
43.8338% accepted

energy = -1891.02774
energy/site = -2.148895159
44.013% accepted

energy = -13767.35316
energy/site = -15.6447195
43.9041% accepted

energy = -720.6124203
energy/site = -0.8188777503
43.8329% accepted

energy = -2128.20323
energy/site = -2.418412761
43.937% accepted

energy = -1119.684895
energy/site = -1.272369199
43.8714% accepted

energy = -147.9586431
energy/site = -0.1681348217
44.0534% accepted

energy = -156.1885677
energy/site = -0.1774870087
43.726% accepted

energy = -5059.687096
energy/site = -5.749644427
43.8555% accepted

energy = -710.0398446
energy/site = -0.8068634598
43.8727% accepted

energy = -1572.688002
energy/site = -1.787145457
43.8528% accepted

energy = -1015.371873
energy/site = -1.153831674
43.9831% accepted

energy = -1172.143566
energy/site = -1.331981325
43.9158% accepted

energy = -220.2693998
energy/site = -0.2503061361
43.6702% accepted

energy = -1056.497031
energy/site = -1.200564807
43.9149% accepted

energy = -965.4868672
energy/site = -1.097144167
43.7103% accepted

energy = -440.9025811
energy/site = -0.5010256603
43.9304% accepted

energy = -3681.787346
energy/site = -4.183849257
43.8411% accepted

energy = -759.461768
energy/site = -0.8630247364
43.827% accepted

energy = -501.6698434
energy/site = -0.5700793675
43.9042% accepted

energy = -1683.7477
energy/site = -1.91334966
43.8699% accepted

energy = -2591.290947
energy/site = -2.944648803
43.884% accepted

energy = -737.8938326
energy/site = -0.8385157188
43.8786% accepted

energy = -1495.684848
energy/site = -1.699641873
43.8837% accepted

energy = -3361.910772
energy/site = -3.82035315
43.7776% accepted

energy = -448.6122376
energy/site = -0.5097866336
43.9724% accepted

energy = -1207.965912
energy/site = -1.372688536
43.8129% accepted

energy = -675.0974554
energy/site = -0.7671561993
43.9114% accepted

energy = -754.2407721
energy/site = -0.8570917864
43.8274% accepted

energy = -1046.945513
energy/site = -1.18971081
43.9388% accepted

User defined signal 2

------------------------------------------------------------
Sender: LSF System <lsfadmin@wha117>
Subject: Job 5493577: <./torus04> Exited

Job <./torus04> was submitted from host <wha781> by user <akallin>.
Job was executed on host(s) <wha117>, in queue <serial>, as user <akallin>.
</home/akallin> was used as the home directory.
</work/akallin/TORUS/OBC/11leg/04> was used as the working directory.
Started at Wed Aug 11 14:43:09 2010
Results reported at Wed Aug 18 15:01:48 2010

Your job looked like:

------------------------------------------------------------
# LSBATCH: User input
./torus04
------------------------------------------------------------

TERM_RUNLIMIT: job killed after reaching LSF run time limit.
Exited with exit code 140.

Resource usage summary:

    CPU time   : 396321.00 sec.
    Max Memory :         6 MB
    Max Swap   :       122 MB

    Max Processes  :         4
    Max Threads    :         4

The output (if any) is above this job summary.


weighting by <swap_x> where x = 4
11 x 40 x 1 system
r   = 3  bondops changed per step 
n/N = 80  bond operators / site
its = 1000000  iterations/loop for 100000 loops

