
weighting by <swap_x> where x = 10
11 x 40 x 1 system
r   = 3  bondops changed per step 
n/N = 80  bond operators / site
its = 1000000  iterations/loop for 100000 loops

energy = -345.9050382
energy/site = -0.393073907
44.9132% accepted

energy = -115.3606288
energy/site = -0.1310916236
43.6807% accepted

energy = -402.810647
energy/site = -0.4577393716
43.8727% accepted

energy = -429.7419557
energy/site = -0.4883431315
43.8996% accepted

energy = -304.4010451
energy/site = -0.3459102785
43.7111% accepted

energy = -3.068936974
energy/site = -0.00348742838
43.7738% accepted

energy = -501.3364217
energy/site = -0.5697004792
43.8937% accepted

energy = -493.5448432
energy/site = -0.5608464128
43.9575% accepted

energy = -194.9782336
energy/site = -0.2215661746
43.7884% accepted

energy = -116.4849241
energy/site = -0.1323692319
43.8004% accepted

energy = -4033.810553
energy/site = -4.583875629
43.8098% accepted

energy = -3.532156064
energy/site = -0.004013813709
43.8075% accepted

energy = -108.3600398
energy/site = -0.1231364089
43.7735% accepted

energy = -427.6551813
energy/site = -0.4859717969
43.88% accepted

energy = -201.9704697
energy/site = -0.2295118974
43.9362% accepted

energy = -44.69633138
energy/site = -0.05079128566
43.9217% accepted

energy = -16.55598723
energy/site = -0.01881362185
43.7824% accepted

energy = -346.4218888
energy/site = -0.3936612373
43.7569% accepted

energy = -3308.786054
energy/site = -3.759984153
43.8971% accepted

energy = -4837.341423
energy/site = -5.49697889
43.8351% accepted

energy = -43.39858694
energy/site = -0.04931657607
43.8682% accepted

energy = -2817.527999
energy/site = -3.201736363
43.8919% accepted

energy = -18.60343376
energy/site = -0.02114026563
43.903% accepted

energy = -62.13787547
energy/site = -0.07061122213
44.0141% accepted

energy = -1277.239619
energy/site = -1.451408658
43.9009% accepted

energy = -1319.51095
energy/site = -1.499444262
43.8653% accepted

energy = -456.9728767
energy/site = -0.5192873599
43.7403% accepted

energy = -24.5544448
energy/site = -0.02790277818
43.8882% accepted

energy = -80.60814495
energy/site = -0.09160016471
43.9961% accepted

energy = -894.1100471
energy/site = -1.016034144
43.8843% accepted

energy = -166.4820018
energy/site = -0.189184093
43.8068% accepted

energy = -355.5773558
energy/site = -0.4040651771
43.9769% accepted

energy = -212.8276296
energy/site = -0.2418495791
43.7897% accepted

energy = -124.5830989
energy/site = -0.1415717033
43.7877% accepted

energy = -169.564325
energy/site = -0.1926867329
43.8719% accepted

energy = -207.5981504
energy/site = -0.2359069891
43.7497% accepted

energy = -784.2755271
energy/site = -0.8912221899
43.7805% accepted

energy = -9272.714463
energy/site = -10.53717553
43.8003% accepted

energy = -601.261067
energy/site = -0.6832512125
43.8895% accepted

energy = -294.9242634
energy/site = -0.3351412084
43.743% accepted

energy = -2199.308562
energy/site = -2.499214275
43.8236% accepted

energy = -804.1891119
energy/site = -0.9138512635
43.6828% accepted

energy = -204.6666114
energy/site = -0.2325756947
43.7608% accepted

energy = -231.2524593
energy/site = -0.2627868855
43.7987% accepted

energy = -463.8768636
energy/site = -0.5271327996
43.8779% accepted

energy = -6935.667965
energy/site = -7.88144087
43.8599% accepted

energy = -50622.01777
energy/site = -57.52502019
43.837% accepted

energy = -23.17828328
energy/site = -0.02633895827
43.8896% accepted

energy = -37.82103362
energy/site = -0.0429784473
43.8081% accepted

energy = -1275.596498
energy/site = -1.449541475
43.8163% accepted

energy = -51.71864485
energy/site = -0.05877118733
43.7905% accepted

energy = -46.5086239
energy/site = -0.05285070898
43.9565% accepted

energy = -49.85424635
energy/site = -0.05665255266
43.8946% accepted

energy = -172.4798431
energy/site = -0.1959998217
43.8564% accepted

energy = -9.088121521
energy/site = -0.01032741082
43.8522% accepted

energy = -21.08540226
energy/site = -0.02396068438
43.8568% accepted

energy = -187.2218737
energy/site = -0.2127521292
43.8206% accepted

energy = -171.0602481
energy/site = -0.1943866456
43.9533% accepted

energy = -607.3590171
energy/site = -0.6901807013
43.9033% accepted

energy = -10.68395806
energy/site = -0.01214086144
43.7001% accepted

energy = -80.57342693
energy/site = -0.09156071242
43.8624% accepted

energy = -456.9217067
energy/site = -0.5192292122
43.8636% accepted

energy = -167.6023442
energy/site = -0.1904572093
43.8762% accepted

energy = -1058.683008
energy/site = -1.203048872
43.8385% accepted

energy = -70.10629396
energy/site = -0.07966624314
43.8619% accepted

energy = -734.7344871
energy/site = -0.8349255536
43.9352% accepted

energy = -628.8403459
energy/site = -0.7145913022
43.8264% accepted

energy = -1130.048809
energy/site = -1.284146374
43.7242% accepted

energy = -542.4400072
energy/site = -0.6164090991
43.9025% accepted

energy = -676.2465979
energy/site = -0.7684620431
43.9052% accepted

energy = -459.6388897
energy/site = -0.5223169201
43.7317% accepted

energy = -190.2248658
energy/site = -0.2161646202
43.8298% accepted

energy = -176.5268286
energy/site = -0.2005986689
43.8404% accepted

energy = -72.54875445
energy/site = -0.08244176642
43.952% accepted

energy = -13.62351386
energy/site = -0.01548126575
43.8438% accepted

energy = -48.9148987
energy/site = -0.05558511216
43.9112% accepted

energy = -163.2452897
energy/site = -0.185506011
44.02% accepted

energy = -219.915307
energy/site = -0.249903758
43.8304% accepted

energy = -94.730821
energy/site = -0.1076486602
43.8944% accepted

energy = -102.6888996
energy/site = -0.1166919313
43.9361% accepted

energy = -411.4567215
energy/site = -0.4675644563
43.9168% accepted

energy = -33.92377193
energy/site = -0.03854974083
43.8419% accepted

energy = -594.7617208
energy/site = -0.6758655918
43.8749% accepted

energy = -9.031563364
energy/site = -0.01026314019
43.8321% accepted

energy = -76.14133003
energy/site = -0.08652423867
43.8927% accepted

energy = -1562.698422
energy/site = -1.775793662
44.026% accepted

energy = -21.71889458
energy/site = -0.02468056202
43.9403% accepted

energy = -45.98806119
energy/site = -0.05225916044
43.8849% accepted

energy = -22.63261635
energy/site = -0.02571888222
43.8324% accepted

energy = -1130.006046
energy/site = -1.284097779
43.7819% accepted

energy = -33.43011832
energy/site = -0.03798877081
43.8406% accepted

energy = -62.4306003
energy/site = -0.07094386398
43.9089% accepted

energy = -138.3542208
energy/site = -0.1572207055
43.6728% accepted

energy = -1491.874962
energy/site = -1.695312457
44.0526% accepted

energy = -12.50454621
energy/site = -0.0142097116
43.993% accepted

energy = -38.30923468
energy/site = -0.04353322122
43.8116% accepted

energy = -3255.04078
energy/site = -3.698909978
43.8175% accepted

energy = -122.6289818
energy/site = -0.1393511157
43.9348% accepted

energy = -160.1771221
energy/site = -0.1820194569
43.8229% accepted

energy = -786.5537936
energy/site = -0.8938111291
43.6405% accepted

energy = -1608.183707
energy/site = -1.827481485
44.0173% accepted

energy = -2061.115105
energy/site = -2.342176256
43.844% accepted

energy = -590.944608
energy/site = -0.6715279636
43.9475% accepted

energy = -397.1811746
energy/site = -0.4513422438
43.8627% accepted

energy = -262.58465
energy/site = -0.2983916477
43.8253% accepted

energy = -15.39200321
energy/site = -0.01749091274
43.8656% accepted

energy = -612.2696717
energy/site = -0.6957609905
43.8344% accepted

energy = -19.86964305
energy/site = -0.02257913983
43.7024% accepted

energy = -32.51119524
energy/site = -0.03694454005
43.9067% accepted

energy = -42.3916298
energy/site = -0.04817230659
43.8172% accepted

energy = -109.5293908
energy/site = -0.1244652168
43.9703% accepted

energy = -159.3041682
energy/site = -0.1810274638
43.8766% accepted

energy = -173.1733485
energy/site = -0.196787896
43.9014% accepted

energy = -129.3160621
energy/site = -0.1469500705
43.9315% accepted

energy = -51.90449606
energy/site = -0.05898238188
43.8339% accepted

energy = -322.9885288
energy/site = -0.3670324191
43.7311% accepted

energy = -572.3118751
energy/site = -0.6503544036
43.8521% accepted

energy = -398.3224154
energy/site = -0.4526391084
43.7639% accepted

energy = -123.8629604
energy/site = -0.1407533641
43.9261% accepted

energy = -187.9797343
energy/site = -0.2136133344
43.9967% accepted

energy = -137.9971977
energy/site = -0.1568149974
43.9174% accepted

energy = -60.37069315
energy/site = -0.0686030604
43.8225% accepted

energy = -209.8237133
energy/site = -0.2384360379
43.7217% accepted

energy = -51.37184916
energy/site = -0.05837710131
43.7721% accepted

energy = -774.8124168
energy/site = -0.8804686555
43.8593% accepted

energy = -1224.911021
energy/site = -1.391944343
43.8784% accepted

energy = -255.8020146
energy/site = -0.2906841075
43.8977% accepted

energy = -4.376641374
energy/site = -0.004973456106
43.8043% accepted

energy = -4081.226803
energy/site = -4.637757731
43.8971% accepted

energy = -30.4171027
energy/site = -0.03456488943
43.9269% accepted

energy = -124.7706637
energy/site = -0.1417848451
43.9427% accepted

energy = -28.0232238
energy/site = -0.0318445725
43.8407% accepted

energy = -815.8659689
energy/site = -0.9271204191
43.7622% accepted

energy = -165.3466856
energy/site = -0.187893961
43.8142% accepted

energy = -5440.322549
energy/site = -6.182184715
43.7564% accepted

energy = -18.17680041
energy/site = -0.02065545501
43.7804% accepted

energy = -61.27641226
energy/site = -0.06963228665
43.9529% accepted

energy = -22.97174794
energy/site = -0.02610425902
43.8715% accepted

energy = -40.65256914
energy/site = -0.0461961013
43.9699% accepted

energy = -14099.59785
energy/site = -16.02227028
43.8177% accepted

energy = -134.4118638
energy/site = -0.1527407544
43.9771% accepted

energy = -5304.19241
energy/site = -6.027491375
43.8935% accepted

energy = -215.5584076
energy/site = -0.2449527359
43.8944% accepted

energy = -17.14509624
energy/site = -0.01948306391
43.8512% accepted

energy = -35.29635211
energy/site = -0.04010949104
43.7724% accepted

energy = -84.63730391
energy/site = -0.09617875445
43.9119% accepted

energy = -174.0226046
energy/site = -0.1977529598
43.8519% accepted

energy = -3321.2154
energy/site = -3.774108409
43.7907% accepted

energy = -88.1013298
energy/site = -0.1001151475
43.8477% accepted

energy = -296.3834251
energy/site = -0.3367993467
43.778% accepted

energy = -374.7747294
energy/site = -0.4258803743
43.7146% accepted

energy = -66.23646887
energy/site = -0.07526871462
43.765% accepted

energy = -11.73711702
energy/site = -0.01333763298
43.7965% accepted

energy = -62.2878297
energy/site = -0.07078162466
43.8485% accepted

energy = -575.0733893
energy/site = -0.6534924878
43.9682% accepted

energy = -80.98860663
energy/site = -0.09203250754
43.8551% accepted

energy = -235.1540424
energy/site = -0.2672205028
43.8389% accepted

energy = -41.13805557
energy/site = -0.04674779042
43.714% accepted

energy = -108.8397299
energy/site = -0.1236815113
43.7959% accepted

energy = -2.367547827
energy/site = -0.002690395258
43.7335% accepted

energy = -851.242425
energy/site = -0.9673209376
43.956% accepted

energy = -85.13479331
energy/site = -0.09674408331
43.8816% accepted

energy = -531.0910226
energy/site = -0.6035125257
43.8724% accepted

energy = -678.5606096
energy/site = -0.7710916019
43.8363% accepted

energy = -59.77899093
energy/site = -0.06793067151
43.9386% accepted

energy = -19.36568699
energy/site = -0.02200646249
43.7669% accepted

energy = -99.69182414
energy/site = -0.1132861638
43.7828% accepted

energy = -42.03567254
energy/site = -0.04776780971
43.7552% accepted

energy = -336.4367464
energy/site = -0.3823144846
43.864% accepted

energy = -341.046608
energy/site = -0.3875529636
43.9421% accepted

energy = -1708.550429
energy/site = -1.941534578
43.9606% accepted

energy = -69.9605378
energy/site = -0.07950061114
44.0724% accepted

energy = -235.7648297
energy/site = -0.2679145792
43.899% accepted

energy = -174.1857808
energy/site = -0.1979383872
43.9064% accepted

energy = -110.7261317
energy/site = -0.1258251496
43.9281% accepted

energy = -2.540320843
energy/site = -0.002886728231
43.8603% accepted

energy = -129.5840499
energy/site = -0.1472546022
43.991% accepted

energy = -2770.877594
energy/site = -3.148724539
43.8845% accepted

energy = -145.9147718
energy/site = -0.1658122407
43.686% accepted

energy = -4.360754157
energy/site = -0.004955402452
43.8014% accepted

energy = -71.63291735
energy/site = -0.08140104244
43.7543% accepted

energy = -355.3221402
energy/site = -0.4037751593
43.8679% accepted

energy = -12.75979653
energy/site = -0.01449976879
43.8812% accepted

energy = -20.12066505
energy/site = -0.0228643921
43.7392% accepted

energy = -87.55756247
energy/site = -0.09949723008
43.8835% accepted

energy = -2865.779517
energy/site = -3.256567633
43.8851% accepted

energy = -302.2051194
energy/site = -0.3434149084
43.8104% accepted

energy = -132.2946292
energy/site = -0.1503348059
43.8413% accepted

energy = -110.5129092
energy/site = -0.1255828513
43.7715% accepted

energy = -721.8154022
energy/site = -0.8202447752
43.7555% accepted

energy = -69.49089897
energy/site = -0.07896693064
43.7955% accepted

energy = -19.64832263
energy/site = -0.02232763935
43.8978% accepted

energy = -36.31659534
energy/site = -0.04126885834
43.9109% accepted

energy = -220.1838334
energy/site = -0.2502089016
43.8308% accepted

energy = -3451.915432
energy/site = -3.922631173
43.8268% accepted

energy = -66.46689187
energy/site = -0.07553055894
43.8884% accepted

energy = -7.656006911
energy/site = -0.008700007854
43.8463% accepted

energy = -52.70110758
energy/site = -0.05988762225
43.7277% accepted

energy = -300.5955898
energy/site = -0.3415858974
43.879% accepted

energy = -198.2595146
energy/site = -0.225294903
43.9041% accepted

energy = -1245.532239
energy/site = -1.415377545
43.7967% accepted

energy = -156.5674379
energy/site = -0.177917543
43.8801% accepted

energy = -100.1111489
energy/site = -0.1137626692
43.9232% accepted

energy = -4791.854057
energy/site = -5.445288701
43.868% accepted

energy = -272.3561163
energy/site = -0.3094955868
43.9187% accepted

energy = -109.2443161
energy/site = -0.1241412683
44.0487% accepted

energy = -115.9606432
energy/site = -0.1317734582
43.7469% accepted

energy = -489.7157402
energy/site = -0.5564951593
43.8877% accepted

energy = -4214.383115
energy/site = -4.789071721
43.958% accepted

energy = -49.43048185
energy/site = -0.0561710021
43.9115% accepted

energy = -611.7991014
energy/site = -0.6952262516
43.808% accepted

energy = -52.3172388
energy/site = -0.05945140773
43.9093% accepted

energy = -181.6645256
energy/site = -0.206436961
43.8144% accepted

energy = -537.671945
energy/site = -0.6109908466
43.8512% accepted

energy = -40.20562764
energy/site = -0.04568821323
43.7202% accepted

energy = -573.0698481
energy/site = -0.6512157364
43.8891% accepted

energy = -1061.400078
energy/site = -1.206136452
43.9146% accepted

energy = -90.26199386
energy/site = -0.1025704476
43.8917% accepted

energy = -1735.617631
energy/site = -1.972292763
43.8406% accepted

energy = -14.77954921
energy/site = -0.01679494229
43.7254% accepted

User defined signal 2

------------------------------------------------------------
Sender: LSF System <lsfadmin@wha673>
Subject: Job 3908578: <./torus10> Exited

Job <./torus10> was submitted from host <wha780> by user <akallin>.
Job was executed on host(s) <wha673>, in queue <serial>, as user <akallin>.
</home/akallin> was used as the home directory.
</work/akallin/TORUS/OBC/11leg/10> was used as the working directory.
Started at Sat Jun 26 17:02:10 2010
Results reported at Sat Jul  3 16:39:44 2010

Your job looked like:

------------------------------------------------------------
# LSBATCH: User input
./torus10
------------------------------------------------------------

TERM_RUNLIMIT: job killed after reaching LSF run time limit.
Exited with exit code 140.

Resource usage summary:

    CPU time   : 416529.00 sec.
    Max Memory :         6 MB
    Max Swap   :       122 MB

    Max Processes  :         4
    Max Threads    :         4

The output (if any) is above this job summary.


weighting by <swap_x> where x = 10
11 x 40 x 1 system
r   = 3  bondops changed per step 
n/N = 80  bond operators / site
its = 1000000  iterations/loop for 100000 loops

energy = -58.26532915
energy/site = -0.06621060131
43.8297% accepted

energy = -19.16536835
energy/site = -0.02177882767
43.9011% accepted

energy = -1007.142382
energy/site = -1.144479979
43.8588% accepted

energy = -488.7211988
energy/site = -0.5553649987
43.9375% accepted

energy = -47.24205508
energy/site = -0.0536841535
43.8371% accepted

energy = -65.52971899
energy/site = -0.07446558976
43.6751% accepted

energy = -892.5729654
energy/site = -1.014287461
43.7919% accepted

energy = -287.6956054
energy/site = -0.3269268243
43.8622% accepted

energy = -93.02749955
energy/site = -0.1057130677
43.8134% accepted

energy = -8.231345657
energy/site = -0.009353801883
43.7897% accepted

energy = -13.83426891
energy/site = -0.01572076013
43.8742% accepted

energy = -579.5113667
energy/site = -0.658535644
43.7984% accepted

energy = -289.456017
energy/site = -0.3289272921
43.9643% accepted

energy = -779.0125036
energy/site = -0.8852414813
43.9416% accepted

energy = -234.4129964
energy/site = -0.266378405
43.8511% accepted

energy = -64.1127687
energy/site = -0.07285541897
44.0095% accepted

energy = -110.8742892
energy/site = -0.1259935104
43.7652% accepted

energy = -89.64844156
energy/site = -0.101873229
43.8595% accepted

energy = -18.95123021
energy/site = -0.02153548887
43.9006% accepted

energy = -3.812567017
energy/site = -0.00433246252
43.9584% accepted

energy = -570.0052388
energy/site = -0.6477332259
43.7786% accepted

energy = -40667.1889
energy/site = -46.21271466
43.9212% accepted

energy = -83.39875987
energy/site = -0.09477131803
43.832% accepted

energy = -4770.825041
energy/site = -5.421392092
43.8966% accepted

energy = -44.94428228
energy/site = -0.05107304805
43.918% accepted

energy = -1303.560723
energy/site = -1.481319003
43.7976% accepted

energy = -139.8979279
energy/site = -0.158974918
43.9486% accepted

energy = -232.4666605
energy/site = -0.2641666597
43.8483% accepted

energy = -2074.574752
energy/site = -2.357471309
43.8439% accepted

energy = -4362.422477
energy/site = -4.957298269
43.8835% accepted

energy = -237.1890919
energy/site = -0.269533059
43.8907% accepted

energy = -22.39764525
energy/site = -0.0254518696
43.7662% accepted

energy = -86.25491386
energy/site = -0.09801694757
43.8282% accepted

energy = -386.2854324
energy/site = -0.4389607187
43.7378% accepted

energy = -61.1049794
energy/site = -0.06943747659
43.9246% accepted

energy = -98.63895436
energy/site = -0.1120897209
43.9686% accepted

energy = -172.5418842
energy/site = -0.1960703229
43.7754% accepted

energy = -1509.711357
energy/site = -1.715581088
43.8454% accepted

energy = -149.5017864
energy/site = -0.1698883937
43.7841% accepted

energy = -261.7789067
energy/site = -0.2974760303
43.9484% accepted

energy = -45.50297399
energy/site = -0.05170792499
43.8888% accepted

energy = -166.4857009
energy/site = -0.1891882964
43.8432% accepted

energy = -1253.171014
energy/site = -1.424057971
43.9588% accepted

energy = -252.6115403
energy/site = -0.2870585685
43.7424% accepted

energy = -40.1204855
energy/site = -0.0455914608
43.8551% accepted

energy = -955.9959204
energy/site = -1.086359
43.8359% accepted

energy = -7711.93639
energy/site = -8.76356408
43.8172% accepted

energy = -173.2346704
energy/site = -0.1968575801
43.849% accepted

energy = -6.373060942
energy/site = -0.007242114706
43.9126% accepted

energy = -24.68893309
energy/site = -0.02805560578
43.8852% accepted

energy = -906.540353
energy/site = -1.030159492
43.8893% accepted

energy = -121.4850793
energy/site = -0.1380512265
43.868% accepted

energy = -13.13017882
energy/site = -0.01492065775
43.8856% accepted

energy = -12.44565572
energy/site = -0.01414279059
43.9263% accepted

energy = -3.293217293
energy/site = -0.003742292378
43.79% accepted

energy = -5.992677759
energy/site = -0.00680986109
43.7644% accepted

energy = -20.0148634
energy/site = -0.02274416295
43.8351% accepted

energy = -724.6384844
energy/site = -0.8234528232
43.7157% accepted

energy = -271.2621027
energy/site = -0.3082523895
43.6929% accepted

energy = -29.29942569
energy/site = -0.03329480192
43.9019% accepted

energy = -82.84995868
energy/site = -0.09414768031
43.8696% accepted

energy = -329.1666639
energy/site = -0.3740530271
43.767% accepted

energy = -1475.997918
energy/site = -1.677270361
43.8863% accepted

energy = -68.27875156
energy/site = -0.07758949041
43.8724% accepted

energy = -6.392406794
energy/site = -0.00726409863
43.7908% accepted

energy = -256.5422355
energy/site = -0.2915252676
43.921% accepted

energy = -10.40291206
energy/site = -0.01182149097
43.7121% accepted

energy = -59.93690148
energy/site = -0.06811011531
43.929% accepted

energy = -93.09775663
energy/site = -0.1057929053
43.8855% accepted

energy = -223.829296
energy/site = -0.2543514727
43.8962% accepted

energy = -196.3566279
energy/site = -0.2231325317
43.9381% accepted

energy = -301.9233711
energy/site = -0.3430947399
43.7949% accepted

energy = -656.1256589
energy/site = -0.7455973397
44.0643% accepted

energy = -66.152484
energy/site = -0.07517327727
43.8932% accepted

energy = -5674.339036
energy/site = -6.448112541
43.8612% accepted

energy = -138.43148
energy/site = -0.1573085
43.8367% accepted

energy = -14.76437957
energy/site = -0.01677770406
43.8832% accepted

energy = -409.8845122
energy/site = -0.4657778547
44.0064% accepted

energy = -1983.399688
energy/site = -2.253863282
43.7388% accepted

energy = -35755.43411
energy/site = -40.63117512
43.8916% accepted

energy = -11.72084863
energy/site = -0.01331914618
43.7715% accepted

energy = -248.8730468
energy/site = -0.2828102805
43.859% accepted

energy = -188.2090674
energy/site = -0.2138739402
43.8811% accepted

energy = -149.3329918
energy/site = -0.1696965816
43.8796% accepted

energy = -622.4120368
energy/site = -0.7072864054
43.9412% accepted

energy = -76.96404415
energy/site = -0.08745914108
43.7826% accepted

energy = -55.86389264
energy/site = -0.06348169618
43.6816% accepted

energy = -25.31781606
energy/site = -0.02877024552
43.8817% accepted

energy = -1005.428366
energy/site = -1.142532234
43.8365% accepted

energy = -1199.767112
energy/site = -1.363371719
43.8633% accepted

energy = -745.8775939
energy/site = -0.8475881749
43.7533% accepted

energy = -1396.36992
energy/site = -1.586784
43.764% accepted

energy = -38.55521076
energy/site = -0.0438127395
43.8182% accepted

energy = -159.2939902
energy/site = -0.1810158979
43.9102% accepted

energy = -24.58320594
energy/site = -0.0279354613
43.8682% accepted

energy = -8.769520609
energy/site = -0.009965364328
43.8415% accepted

energy = -39.96546702
energy/site = -0.04541530343
43.897% accepted

energy = -167.8600301
energy/site = -0.1907500343
43.7359% accepted

energy = -68.40655317
energy/site = -0.07773471951
43.8546% accepted

energy = -398.6608692
energy/site = -0.453023715
43.8813% accepted

energy = -56.94441353
energy/site = -0.06470956083
43.8803% accepted

energy = -105.6227847
energy/site = -0.1200258917
43.9459% accepted

energy = -56.21188986
energy/site = -0.06387714756
43.936% accepted

energy = -1452.172307
energy/site = -1.650195803
43.8084% accepted

energy = -704.5944917
energy/site = -0.8006755587
43.9086% accepted

energy = -1089.514626
energy/site = -1.238084802
43.9857% accepted

energy = -105.310668
energy/site = -0.1196712136
43.9241% accepted

energy = -25.56491106
energy/site = -0.02905103529
43.8976% accepted

energy = -32.2366736
energy/site = -0.03663258364
43.9509% accepted

energy = -129.3135939
energy/site = -0.1469472659
43.8765% accepted

energy = -72.14611391
energy/site = -0.08198422036
43.7494% accepted

energy = -6.389964208
energy/site = -0.007261322964
43.8754% accepted

energy = -1104.278532
energy/site = -1.254861969
43.8321% accepted

energy = -217.9736928
energy/site = -0.2476973781
43.8302% accepted

energy = -144.5746045
energy/site = -0.1642893233
43.8363% accepted

energy = -1789.793054
energy/site = -2.033855743
43.7365% accepted

energy = -11.11428994
energy/site = -0.01262987494
43.7939% accepted

energy = -3.182335452
energy/site = -0.003616290287
44.0441% accepted

energy = -348.7138304
energy/site = -0.3962657164
43.8156% accepted

energy = -6130.108444
energy/site = -6.966032323
43.9124% accepted

energy = -624.7719495
energy/site = -0.7099681244
43.8864% accepted

energy = -218.2509557
energy/site = -0.2480124497
43.9046% accepted

energy = -31423.39041
energy/site = -35.7083982
43.7345% accepted

energy = -173.5507381
energy/site = -0.1972167479
43.8132% accepted

energy = -110.3388522
energy/site = -0.1253850593
43.9186% accepted

energy = -30.69488833
energy/site = -0.03488055492
43.9287% accepted

energy = -92.31478171
energy/site = -0.104903161
43.9168% accepted

energy = -347.6951217
energy/site = -0.3951080928
44.0211% accepted

energy = -44.82843788
energy/site = -0.05094140669
43.8938% accepted

energy = -379.9535401
energy/site = -0.4317653865
43.739% accepted

energy = -461.5650782
energy/site = -0.5245057707
43.8227% accepted

energy = -429.5249448
energy/site = -0.4880965281
43.7215% accepted

energy = -21.51918561
energy/site = -0.02445362001
43.752% accepted

energy = -94.53256228
energy/site = -0.1074233662
43.8017% accepted

energy = -5246.913401
energy/site = -5.962401592
43.8027% accepted

energy = -247.5524405
energy/site = -0.2813095915
43.9193% accepted

energy = -33.34222421
energy/site = -0.03788889114
43.8327% accepted

energy = -635.5353026
energy/site = -0.7221992075
43.9138% accepted

energy = -62.44076385
energy/site = -0.07095541346
43.9757% accepted

energy = -206.0383701
energy/site = -0.2341345114
43.8804% accepted

energy = -623.5135106
energy/site = -0.7085380802
43.8279% accepted

energy = -27.99071513
energy/site = -0.03180763083
43.8556% accepted

energy = -63.9429906
energy/site = -0.07266248932
43.8379% accepted

energy = -836.8142035
energy/site = -0.9509252312
43.9221% accepted

energy = -17.61440428
energy/site = -0.0200163685
43.7772% accepted

energy = -458.4058537
energy/site = -0.5209157428
43.7768% accepted

energy = -487.0179506
energy/site = -0.5534294893
43.9119% accepted

energy = -810.0629766
energy/site = -0.9205261097
43.8142% accepted

energy = -790.5586975
energy/site = -0.8983621562
43.8939% accepted

energy = -32.15032024
energy/site = -0.03653445482
43.8588% accepted

energy = -14.22514764
energy/site = -0.0161649405
43.7771% accepted

energy = -388.1825376
energy/site = -0.44111652
43.6516% accepted

energy = -102.8066565
energy/site = -0.116825746
43.8161% accepted

energy = -2476.77971
energy/site = -2.814522397
43.8446% accepted

energy = -1.409585524
energy/site = -0.001601801732
43.7083% accepted

energy = -606.5123044
energy/site = -0.6892185277
43.8196% accepted

energy = -143.7801802
energy/site = -0.1633865684
43.9052% accepted

energy = -219.0474094
energy/site = -0.2489175107
43.8914% accepted

energy = -94.3517394
energy/site = -0.1072178857
43.9404% accepted

energy = -121.2096065
energy/site = -0.1377381892
43.9325% accepted

energy = -2527.238952
energy/site = -2.871862446
43.9004% accepted

energy = -19.77739914
energy/site = -0.02247431721
43.8288% accepted

energy = -27.96073573
energy/site = -0.03177356333
43.7161% accepted

energy = -63.29189458
energy/site = -0.07192260748
43.8464% accepted

energy = -455.168089
energy/site = -0.5172364648
43.8542% accepted

energy = -81.90530656
energy/site = -0.093074212
43.8656% accepted

energy = -430.8098344
energy/site = -0.48955663
43.9194% accepted

energy = -18.15972905
energy/site = -0.02063605574
43.7882% accepted

energy = -212.9526687
energy/site = -0.241991669
43.9422% accepted

energy = -3648.194244
energy/site = -4.145675277
43.8148% accepted

energy = -319.6072105
energy/site = -0.3631900119
43.8013% accepted

energy = -78944.67322
energy/site = -89.70985593
43.8374% accepted

energy = -287.5853492
energy/site = -0.3268015332
43.8376% accepted

energy = -99518.88505
energy/site = -113.0896421
43.7231% accepted

energy = -15.87938603
energy/site = -0.01804475685
43.7833% accepted

energy = -14.90086084
energy/site = -0.01693279641
43.9339% accepted

energy = -181.1243466
energy/site = -0.2058231211
43.7713% accepted

energy = -5.646497111
energy/site = -0.00641647399
44.1077% accepted

energy = -103.1044697
energy/site = -0.1171641701
43.8751% accepted

energy = -240.3995702
energy/site = -0.2731813297
43.7692% accepted

energy = -297.4433065
energy/site = -0.3380037574
44.0035% accepted

energy = -1458.686547
energy/site = -1.657598348
43.8993% accepted

energy = -1722.101269
energy/site = -1.95693326
43.8323% accepted

energy = -27.74502181
energy/site = -0.03152843387
43.7525% accepted

energy = -1136.315796
energy/site = -1.29126795
43.9208% accepted

energy = -103.9700723
energy/site = -0.1181478095
43.852% accepted

energy = -3622.1146
energy/site = -4.116039318
44.0051% accepted

energy = -106.9247894
energy/site = -0.1215054425
43.8446% accepted

energy = -132.1209386
energy/site = -0.1501374303
43.7372% accepted

energy = -95.01857787
energy/site = -0.1079756567
43.7833% accepted

energy = -714.1493981
energy/site = -0.811533407
43.7803% accepted

energy = -64.24972718
energy/site = -0.07301105361
43.9179% accepted

User defined signal 2

------------------------------------------------------------
Sender: LSF System <lsfadmin@wha247>
Subject: Job 5120776: <./torus10> Exited

Job <./torus10> was submitted from host <wha780> by user <akallin>.
Job was executed on host(s) <wha247>, in queue <serial>, as user <akallin>.
</home/akallin> was used as the home directory.
</work/akallin/TORUS/OBC/11leg/10> was used as the working directory.
Started at Wed Jul 21 18:01:18 2010
Results reported at Wed Jul 28 18:27:55 2010

Your job looked like:

------------------------------------------------------------
# LSBATCH: User input
./torus10
------------------------------------------------------------

TERM_RUNLIMIT: job killed after reaching LSF run time limit.
Exited with exit code 140.

Resource usage summary:

    CPU time   : 359262.00 sec.
    Max Memory :         6 MB
    Max Swap   :       122 MB

    Max Processes  :         4
    Max Threads    :         4

The output (if any) is above this job summary.


weighting by <swap_x> where x = 10
11 x 40 x 1 system
r   = 3  bondops changed per step 
n/N = 80  bond operators / site
its = 1000000  iterations/loop for 100000 loops

energy = -227.4020573
energy/site = -0.2584114288
43.8203% accepted

energy = -253.868034
energy/site = -0.2884864023
43.8868% accepted

energy = -32.71147835
energy/site = -0.03717213449
44.0309% accepted

energy = -47.10782497
energy/site = -0.05353161929
43.8641% accepted

energy = -449.5049959
energy/site = -0.5108011317
43.9579% accepted

energy = -236.4447564
energy/site = -0.2686872232
43.7211% accepted

energy = -43.32828084
energy/site = -0.04923668278
43.9412% accepted

energy = -46.03345847
energy/site = -0.05231074826
43.8445% accepted

energy = -189.3353153
energy/site = -0.2151537674
43.7378% accepted

energy = -238.8369083
energy/site = -0.2714055776
43.7974% accepted

energy = -57.84534399
energy/site = -0.06573334544
43.8981% accepted

energy = -16.91965843
energy/site = -0.01922688457
43.8497% accepted

energy = -21.26832854
energy/site = -0.02416855516
43.866% accepted

energy = -15092.11096
energy/site = -17.15012609
43.8972% accepted

energy = -352.5834349
energy/site = -0.4006629942
43.8731% accepted

energy = -1004.851815
energy/site = -1.141877062
43.8163% accepted

energy = -147.782872
energy/site = -0.1679350818
43.8469% accepted

energy = -76.33181177
energy/site = -0.08674069519
43.9871% accepted

energy = -679.0304456
energy/site = -0.7716255063
43.9206% accepted

energy = -271.2035901
energy/site = -0.3081858979
43.9054% accepted

energy = -313.8164386
energy/site = -0.3566095893
43.7942% accepted

energy = -60.65568486
energy/site = -0.06892691462
43.8816% accepted

energy = -118014.6493
energy/site = -134.1075561
43.6898% accepted

energy = -84.86768271
energy/site = -0.09644054853
43.8938% accepted

energy = -580.8918465
energy/site = -0.660104371
43.8461% accepted

energy = -377.3157829
energy/site = -0.4287679351
43.7397% accepted

energy = -5042.649672
energy/site = -5.730283718
44.0178% accepted

energy = -112.2905154
energy/site = -0.1276028584
43.817% accepted

energy = -54.77420526
energy/site = -0.06224341507
44.0374% accepted

energy = -5823.055703
energy/site = -6.617108753
43.9762% accepted

energy = -830.7943035
energy/site = -0.9440844358
43.8461% accepted

energy = -88145.99927
energy/site = -100.1659083
43.7809% accepted

energy = -171.9775164
energy/site = -0.1954289959
43.877% accepted

energy = -21.10114561
energy/site = -0.02397857456
43.8754% accepted

energy = -53.61437485
energy/site = -0.06092542597
43.9432% accepted

energy = -17.40260902
energy/site = -0.01977569206
43.916% accepted

energy = -49.08792003
energy/site = -0.05578172731
43.7684% accepted

energy = -43.14481635
energy/site = -0.0490282004
43.764% accepted

energy = -29.85054261
energy/site = -0.03392107115
43.7442% accepted

energy = -1134.494019
energy/site = -1.289197749
43.916% accepted

energy = -7.814986375
energy/site = -0.008880666335
43.9287% accepted

energy = -601.7196766
energy/site = -0.6837723597
43.776% accepted

energy = -240.2172865
energy/site = -0.2729741892
43.855% accepted

energy = -12550.1143
energy/site = -14.26149353
43.6741% accepted

energy = -2675.832048
energy/site = -3.040718236
43.8716% accepted

energy = -65.04633598
energy/site = -0.07391629089
43.9522% accepted

energy = -1515.874298
energy/site = -1.72258443
43.7581% accepted

energy = -465.9822328
energy/site = -0.5295252646
43.8389% accepted

energy = -84.01335477
energy/site = -0.09546972133
43.8634% accepted

energy = -229.0508881
energy/site = -0.2602851001
44% accepted

energy = -42.91116798
energy/site = -0.04876269089
44.026% accepted

energy = -0.7208573122
energy/site = -0.0008191560366
43.9422% accepted

energy = -33.30838262
energy/site = -0.03785043479
43.7923% accepted

energy = -77.63134652
energy/site = -0.08821743923
43.8455% accepted

energy = -4.646192184
energy/site = -0.005279763845
43.7502% accepted

energy = -124.5415718
energy/site = -0.1415245134
43.8398% accepted

energy = -839.5200541
energy/site = -0.9540000615
43.8157% accepted

energy = -1093.343672
energy/site = -1.242435991
43.8651% accepted

energy = -50.86794439
energy/site = -0.05780448226
43.8799% accepted

energy = -346.7739259
energy/site = -0.3940612794
43.9042% accepted

energy = -34470.95792
energy/site = -39.1715431
43.8275% accepted

energy = -65.03820666
energy/site = -0.07390705303
43.824% accepted

energy = -357.7733544
energy/site = -0.40656063
43.9072% accepted

energy = -155.6941916
energy/site = -0.1769252178
43.8652% accepted

energy = -253.0249107
energy/site = -0.2875283076
43.6807% accepted

energy = -1228.540642
energy/site = -1.396068911
43.9922% accepted

energy = -474.1569144
energy/site = -0.5388146755
43.8388% accepted

energy = -69.56738497
energy/site = -0.07905384656
43.9616% accepted

energy = -158.7024481
energy/site = -0.180343691
43.8186% accepted

energy = -335.2018852
energy/site = -0.3809112332
43.7725% accepted

energy = -17.15160972
energy/site = -0.01949046559
43.8775% accepted

energy = -2698.84911
energy/site = -3.066873989
43.8137% accepted

energy = -682.4341624
energy/site = -0.7754933664
43.9454% accepted

energy = -24.2004192
energy/site = -0.02750047636
43.9489% accepted

energy = -54.59939789
energy/site = -0.06204477033
43.8022% accepted

energy = -59.55739423
energy/site = -0.06767885708
43.9499% accepted

energy = -284.4559838
energy/site = -0.3232454361
43.72% accepted

energy = -31.68361089
energy/site = -0.03600410328
43.8521% accepted

energy = -113.6855868
energy/site = -0.1291881668
43.7698% accepted

energy = -93.33222223
energy/site = -0.1060593434
43.8147% accepted

energy = -206.6193675
energy/site = -0.2347947358
43.8755% accepted

energy = -13.47209855
energy/site = -0.0153092029
43.9032% accepted

energy = -11.6928935
energy/site = -0.01328737898
43.9425% accepted

energy = -15.30847113
energy/site = -0.01739598992
43.8736% accepted

energy = -329.3092474
energy/site = -0.3742150539
43.8444% accepted

energy = -2131.491826
energy/site = -2.422149803
43.9719% accepted

energy = -18.95706819
energy/site = -0.02154212294
43.8913% accepted

energy = -2882.785069
energy/site = -3.275892124
43.7721% accepted

energy = -32.4434257
energy/site = -0.03686752921
43.888% accepted

energy = -237.0280361
energy/site = -0.269350041
43.7876% accepted

energy = -34.24629918
energy/site = -0.03891624907
43.9609% accepted

energy = -476.0658567
energy/site = -0.5409839281
43.8354% accepted

energy = -1264.230425
energy/site = -1.436625482
43.7942% accepted

energy = -94.34538874
energy/site = -0.107210669
43.8366% accepted

energy = -15.99206711
energy/site = -0.01817280354
43.7184% accepted

energy = -159.8023256
energy/site = -0.1815935519
43.8477% accepted

energy = -8.352528019
energy/site = -0.009491509112
43.6951% accepted

energy = -451.526043
energy/site = -0.5130977761
43.7291% accepted

energy = -590.1894005
energy/site = -0.6706697733
43.8831% accepted

energy = -260.2341393
energy/site = -0.2957206128
43.8291% accepted

energy = -5.901028672
energy/site = -0.0067057144
43.9145% accepted

energy = -580.6362902
energy/site = -0.6598139661
43.7883% accepted

energy = -852.0756949
energy/site = -0.9682678352
43.8626% accepted

energy = -102.3662536
energy/site = -0.1163252881
43.7558% accepted

energy = -25.05212885
energy/site = -0.02846832824
43.8219% accepted

energy = -19.81265779
energy/site = -0.02251438385
43.8957% accepted

energy = -21.95387099
energy/site = -0.02494758067
43.8157% accepted

energy = -20.64477323
energy/site = -0.02345996958
43.9565% accepted

energy = -16.54026792
energy/site = -0.018795759
43.8641% accepted

energy = -98.75548602
energy/site = -0.1122221432
43.8671% accepted

energy = -1342.87514
energy/site = -1.525994477
43.7576% accepted

energy = -157.7977055
energy/site = -0.1793155744
43.9868% accepted

energy = -16.11543251
energy/site = -0.01831299149
43.8993% accepted

energy = -87.86980207
energy/site = -0.09985204781
43.7357% accepted

energy = -48.78101197
energy/site = -0.05543296815
43.9097% accepted

energy = -31.35621302
energy/site = -0.03563206025
43.7413% accepted

energy = -252.0965668
energy/site = -0.2864733714
43.9508% accepted

energy = -29.1676952
energy/site = -0.03314510818
44.0016% accepted

energy = -87.44241365
energy/site = -0.09936637915
43.731% accepted

energy = -30.02620658
energy/site = -0.03412068929
43.7711% accepted

energy = -363.7601423
energy/site = -0.4133637981
43.9314% accepted

energy = -132.2726438
energy/site = -0.1503098225
43.7593% accepted

energy = -50.74174873
energy/site = -0.0576610781
43.6796% accepted

energy = -61.54973527
energy/site = -0.06994288099
43.8629% accepted

energy = -88.97778233
energy/site = -0.1011111163
43.8941% accepted

energy = -1098.219883
energy/site = -1.24797714
44.0521% accepted

energy = -50.11099508
energy/site = -0.05694431259
43.899% accepted

energy = -43.74397885
energy/site = -0.04970906687
43.8164% accepted

energy = -163.9982939
energy/site = -0.1863616976
43.834% accepted

energy = -79.25072817
energy/site = -0.09005764565
43.852% accepted

energy = -459.1012856
energy/site = -0.5217060063
43.8469% accepted

energy = -5.718158448
energy/site = -0.006497907327
43.7569% accepted

energy = -370.8369699
energy/site = -0.4214056476
43.6462% accepted

energy = -81.49502182
energy/site = -0.09260797934
43.704% accepted

energy = -155.1720307
energy/site = -0.1763318531
43.8825% accepted

energy = -3410.885844
energy/site = -3.876006641
43.737% accepted

energy = -5633.507607
energy/site = -6.401713189
43.9461% accepted

energy = -82.54283834
energy/site = -0.09379867994
43.7573% accepted

energy = -4.295850277
energy/site = -0.004881648042
43.9097% accepted

energy = -614.2532521
energy/site = -0.6980150592
43.849% accepted

energy = -1102.764157
energy/site = -1.253141088
43.7767% accepted

energy = -101541.7413
energy/site = -115.3883424
43.9476% accepted

energy = -51.19694634
energy/site = -0.05817834811
44.0139% accepted

energy = -518.841817
energy/site = -0.5895929738
43.8186% accepted

energy = -3412.038583
energy/site = -3.877316572
43.8537% accepted

energy = -105.9006066
energy/site = -0.1203415984
43.7416% accepted

energy = -83.93747672
energy/site = -0.09538349627
43.7068% accepted

energy = -12.3175578
energy/site = -0.01399722478
43.8667% accepted

energy = -205.9214298
energy/site = -0.2340016247
43.8787% accepted

energy = -285.6841195
energy/site = -0.3246410449
43.8292% accepted

energy = -2449.270615
energy/site = -2.783262062
43.799% accepted

energy = -286.9531277
energy/site = -0.3260830997
43.8869% accepted

energy = -11.13495668
energy/site = -0.01265335986
43.7701% accepted

energy = -23.10479564
energy/site = -0.02625544959
43.923% accepted

energy = -99.66240302
energy/site = -0.1132527307
43.8553% accepted

energy = -106.2756896
energy/site = -0.1207678291
43.8687% accepted

energy = -389.4572267
energy/site = -0.4425650303
43.9105% accepted

energy = -147.1227909
energy/site = -0.1671849897
43.9495% accepted

energy = -26.11567587
energy/site = -0.02967690439
43.8884% accepted

energy = -140.7955976
energy/site = -0.1599949972
43.8766% accepted

energy = -565.2027886
energy/site = -0.6422758962
43.8114% accepted

energy = -34.53264002
energy/site = -0.03924163639
43.8164% accepted

energy = -69.34061156
energy/site = -0.0787961495
43.8307% accepted

energy = -76276.7212
energy/site = -86.67809227
43.9056% accepted

energy = -6.337498079
energy/site = -0.007201702362
43.8571% accepted

energy = -1515.732154
energy/site = -1.722422902
43.9298% accepted

energy = -69.35516273
energy/site = -0.07881268493
43.8947% accepted

energy = -372.5843557
energy/site = -0.4233913132
43.916% accepted

energy = -1589.11004
energy/site = -1.805806864
43.8807% accepted

energy = -312.7495422
energy/site = -0.355397207
43.9405% accepted

energy = -2374.293571
energy/site = -2.698060876
43.7403% accepted

energy = -19.49239488
energy/site = -0.02215044872
43.9639% accepted

energy = -81.15889052
energy/site = -0.09222601195
43.8775% accepted

energy = -1409.988416
energy/site = -1.602259563
43.8288% accepted

energy = -1848.632168
energy/site = -2.100718373
43.8402% accepted

energy = -100.7513496
energy/site = -0.11449017
43.8585% accepted

energy = -128.1925935
energy/site = -0.1456734017
43.7769% accepted

energy = -1606.309187
energy/site = -1.825351349
43.9357% accepted

energy = -703.4470777
energy/site = -0.7993716793
43.9349% accepted

energy = -879.6016433
energy/site = -0.9995473219
43.8323% accepted

energy = -263.1296807
energy/site = -0.2990110009
43.8439% accepted

energy = -489.56257
energy/site = -0.5563211023
43.7799% accepted

energy = -133.0589628
energy/site = -0.1512033668
43.8255% accepted

energy = -86.78128416
energy/site = -0.09861509564
43.928% accepted

energy = -38.70229696
energy/site = -0.04397988291
44.0497% accepted

energy = -210.6829948
energy/site = -0.2394124941
43.8516% accepted

energy = -39.15659525
energy/site = -0.04449613097
44.0843% accepted

energy = -414.4417377
energy/site = -0.4709565201
43.8801% accepted

energy = -85.0717655
energy/site = -0.0966724608
43.7834% accepted

energy = -164.2611739
energy/site = -0.1866604249
43.7515% accepted

energy = -137.4757405
energy/site = -0.1562224324
43.7766% accepted

energy = -962.3281633
energy/site = -1.093554731
44.0116% accepted

energy = -8448.837991
energy/site = -9.600952263
43.9756% accepted

energy = -831.9032827
energy/site = -0.9453446395
43.7204% accepted

energy = -338.7947211
energy/site = -0.3849940013
43.8406% accepted

energy = -48.41839976
energy/site = -0.05502090881
43.8556% accepted

energy = -511.8930838
energy/site = -0.5816966861
44.056% accepted

energy = -893.7192824
energy/site = -1.015590094
43.9523% accepted

energy = -283.6066307
energy/site = -0.3222802621
43.9284% accepted

energy = -59.58347918
energy/site = -0.06770849906
43.8111% accepted

energy = -2220.388002
energy/site = -2.523168184
43.8608% accepted

energy = -161.8732182
energy/site = -0.1839468389
43.7873% accepted

energy = -99.90202675
energy/site = -0.1135250304
43.7505% accepted

energy = -230.4552763
energy/site = -0.2618809958
43.9431% accepted

energy = -139.4398257
energy/site = -0.1584543474
43.8862% accepted

energy = -517.7152726
energy/site = -0.5883128098
43.8693% accepted

energy = -18.40302929
energy/site = -0.02091253328
43.9045% accepted

energy = -42.14727287
energy/site = -0.04789462826
43.8825% accepted

energy = -69.37797313
energy/site = -0.07883860583
43.926% accepted

energy = -112.4665685
energy/site = -0.1278029187
43.8317% accepted

energy = -140.0927163
energy/site = -0.1591962685
43.7628% accepted

energy = -48.90820879
energy/site = -0.05557750999
43.9241% accepted

energy = -32.48914908
energy/site = -0.03691948759
43.9048% accepted

energy = -1434.528645
energy/site = -1.630146187
43.8097% accepted

energy = -34.71893376
energy/site = -0.03945333382
43.6979% accepted

energy = -1511.996686
energy/site = -1.718178053
43.778% accepted

energy = -57.7750258
energy/site = -0.06565343841
43.9536% accepted

energy = -1003.692837
energy/site = -1.140560042
43.7477% accepted

energy = -18.05381308
energy/site = -0.02051569668
43.87% accepted

energy = -580.9811018
energy/site = -0.6602057975
43.8414% accepted

energy = -8.930243147
energy/site = -0.01014800358
43.879% accepted

energy = -4322.118195
energy/site = -4.911497948
43.9184% accepted

energy = -147.0636078
energy/site = -0.1671177361
43.8158% accepted

energy = -685.3387733
energy/site = -0.7787940605
43.8384% accepted

energy = -6.052583122
energy/site = -0.006877935366
43.8244% accepted

energy = -1512.624351
energy/site = -1.718891308
43.8558% accepted

energy = -30.20673343
energy/site = -0.03432583344
43.6929% accepted

energy = -77.83939532
energy/site = -0.08845385832
43.9607% accepted

energy = -31.21140525
energy/site = -0.03546750596
43.7285% accepted

energy = -45357.79813
energy/site = -51.54295242
43.8781% accepted

energy = -1873.821583
energy/site = -2.129342708
43.8331% accepted

User defined signal 2

------------------------------------------------------------
Sender: LSF System <lsfadmin@wha206>
Subject: Job 5493598: <./torus10> Exited

Job <./torus10> was submitted from host <wha781> by user <akallin>.
Job was executed on host(s) <wha206>, in queue <serial>, as user <akallin>.
</home/akallin> was used as the home directory.
</work/akallin/TORUS/OBC/11leg/10> was used as the working directory.
Started at Wed Aug 11 14:43:24 2010
Results reported at Wed Aug 18 14:43:49 2010

Your job looked like:

------------------------------------------------------------
# LSBATCH: User input
./torus10
------------------------------------------------------------

TERM_RUNLIMIT: job killed after reaching LSF run time limit.
Exited with exit code 140.

Resource usage summary:

    CPU time   : 434450.00 sec.
    Max Memory :         6 MB
    Max Swap   :       124 MB

    Max Processes  :         4
    Max Threads    :         4

The output (if any) is above this job summary.


weighting by <swap_x> where x = 10
11 x 40 x 1 system
r   = 3  bondops changed per step 
n/N = 80  bond operators / site
its = 1000000  iterations/loop for 100000 loops

